#
# A fatal error has been detected by the Java Runtime Environment:
#
#  EXCEPTION_ACCESS_VIOLATION (0xc0000005) at pc=0x0000020d0f604795, pid=13524, tid=23220
#
# JRE version: OpenJDK Runtime Environment Temurin-17.0.2+8 (17.0.2+8) (build 17.0.2+8)
# Java VM: OpenJDK 64-Bit Server VM Temurin-17.0.2+8 (17.0.2+8, mixed mode, sharing, tiered, compressed oops, compressed class ptrs, g1 gc, windows-amd64)
# Problematic frame:
# J 1141 c2 summit.gfx.Renderer.render(Ljava/lang/String;FFILsummit/gfx/ColorFilter;)V (282 bytes) @ 0x0000020d0f604795 [0x0000020d0f603b20+0x0000000000000c75]
#
# No core dump will be written. Minidumps are not enabled by default on client versions of Windows
#
# If you would like to submit a bug report, please visit:
#   https://github.com/adoptium/adoptium-support/issues
#

---------------  S U M M A R Y ------------

Command Line: -XX:+ShowCodeDetailsInExceptionMessages summit.Main

Host: AMD Ryzen 9 5900HS with Radeon Graphics        , 16 cores, 15G,  Windows 10 , 64 bit Build 19041 (10.0.19041.2251)
Time: Tue Nov 15 17:41:42 2022 Central Standard Time elapsed time: 1.092475 seconds (0d 0h 0m 1s)

---------------  T H R E A D  ---------------

Current thread (0x0000020d21e7cd40):  JavaThread "Thread-2" [_thread_in_Java, id=23220, stack(0x000000a5ec500000,0x000000a5ec600000)]

Stack: [0x000000a5ec500000,0x000000a5ec600000],  sp=0x000000a5ec5fee80,  free space=1019k
Native frames: (J=compiled Java code, j=interpreted, Vv=VM code, C=native code)
C  0x0000020d0f604795


siginfo: EXCEPTION_ACCESS_VIOLATION (0xc0000005), reading address 0x0000000b17611a38


Register to memory mapping:

RIP=0x0000020d0f604795 is at entry_point+3189 in (nmethod*)0x0000020d0f603910
RAX=0x0 is NULL
RBX=0x0000000718682c98 is an oop: [[I 
{0x0000000718682c98} - klass: {type array int}[]
 - length: 16
RCX=0x00000000fffffff0 is an unknown value
RDX=0x0 is NULL
RSP=0x000000a5ec5fee80 is pointing into the stack for thread: 0x0000020d21e7cd40
RBP=0x0000000000000090 is an unknown value
RSI=0x0000000000000039 is an unknown value
RDI=3807126349 is a compressed pointer to object: [[I 
{0x0000000717611a68} - klass: {type array int}[]
 - length: 144
R8 =0x00000000fffffff0 is an unknown value
R9 =0x0000000717611cb8 is an oop: summit.gfx.Renderer 
{0x0000000717611cb8} - klass: 'summit/gfx/Renderer'
 - ---- fields (total size 2 words):
 - private 'frame' '[[I' @12  a {type array int}[144] {0x0000000717611a68} (e2ec234d)
R10=0x0000000717611a68 is an oop: [[I 
{0x0000000717611a68} - klass: {type array int}[]
 - length: 144
R11=0x0000000000000010 is an unknown value
R12=0x0 is NULL
R13=0x0000000000000002 is an unknown value
R14=0x0000000000000010 is an unknown value
R15=0x0000020d21e7cd40 is a thread


Registers:
RAX=0x0000000000000000, RBX=0x0000000718682c98, RCX=0x00000000fffffff0, RDX=0x0000000000000000
RSP=0x000000a5ec5fee80, RBP=0x0000000000000090, RSI=0x0000000000000039, RDI=0x00000000e2ec234d
R8 =0x00000000fffffff0, R9 =0x0000000717611cb8, R10=0x0000000717611a68, R11=0x0000000000000010
R12=0x0000000000000000, R13=0x0000000000000002, R14=0x0000000000000010, R15=0x0000020d21e7cd40
RIP=0x0000020d0f604795, EFLAGS=0x0000000000010287

Top of Stack: (sp=0x000000a5ec5fee80)
0x000000a5ec5fee80:   0000010000000000 0000000000000048
0x000000a5ec5fee90:   fffffff000000038 0000000000000000
0x000000a5ec5feea0:   0000001000000010 0000002000000010
0x000000a5ec5feeb0:   0000003000000040 000000000000000f
0x000000a5ec5feec0:   0000000000000002 0000020d42600000
0x000000a5ec5feed0:   0000000742800000 00000007176008b0
0x000000a5ec5feee0:   000000a5ec5ff188 0000020d082ca994
0x000000a5ec5feef0:   000000a5ec5fef50 0000020d20c2fb48
0x000000a5ec5fef00:   0000020d20d90fe0 00000007175ed7b8
0x000000a5ec5fef10:   00000007186534e8 0000000000000028
0x000000a5ec5fef20:   0000000717676518 0000000717611cb8
0x000000a5ec5fef30:   00000007176008b0 0000000700000002
0x000000a5ec5fef40:   0000000000000000 0000000000000033
0x000000a5ec5fef50:   000000a5ec5ff188 0000020d082cbc6c
0x000000a5ec5fef60:   01d8f94bd0762885 00000007176e8f20
0x000000a5ec5fef70:   000000a5ec5fef70 0000020d20ddd2b6 

Instructions: (pc=0x0000020d0f604795)
0x0000020d0f604695:   00 c4 e1 f9 7e ca e9 61 01 00 00 44 2b 4c 24 10
0x0000020d0f6046a5:   45 8b d1 41 ff c2 45 8b c8 45 3b d3 0f 83 b9 08
0x0000020d0f6046b5:   00 00 45 8b 44 fc 10 47 8b 44 c4 0c 45 3b c8 0f
0x0000020d0f6046c5:   83 73 01 00 00 c4 c1 f9 7e d0 45 8b 44 80 10 43
0x0000020d0f6046d5:   8b 54 c4 0c 49 c1 e0 03 44 3b d2 0f 83 b2 08 00
0x0000020d0f6046e5:   00 47 8b 54 90 10 41 83 fa ff 0f 84 3e 01 00 00
0x0000020d0f6046f5:   45 8b 44 dc 0c 45 3b c8 0f 83 b1 08 00 00 47 89
0x0000020d0f604705:   54 8d 10 33 d2 c4 c1 f9 7e d2 45 8b 42 10 47 8b
0x0000020d0f604715:   54 c4 0c 44 03 54 24 10 4d 8b b7 48 03 00 00 45
0x0000020d0f604725:   8b c1 41 ff c0 41 85 06 45 3b c2 0f 8c 6a ff ff
0x0000020d0f604735:   ff 4d 8b 97 48 03 00 00 ff c1 41 85 02 3b 0c 24
0x0000020d0f604745:   0f 8d 68 01 00 00 c4 c1 f9 7e c1 c4 e1 f9 7e c8
0x0000020d0f604755:   c5 f9 7e da c4 e1 f9 7e d3 44 8b 54 24 10 44 8b
0x0000020d0f604765:   44 24 14 44 3b 54 24 08 0f 8d 56 01 00 00 44 89
0x0000020d0f604775:   44 24 14 44 89 54 24 10 c4 e1 f9 6e d3 c5 f9 6e
0x0000020d0f604785:   da c4 e1 f9 6e c8 c4 c1 f9 6e c1 c4 c1 f9 7e e2
0x0000020d0f604795:   41 8b 5c 8a 10 8b c1 41 2b c0 3b cd 0f 83 ef fe
0x0000020d0f6047a5:   ff ff 44 8b 54 24 10 44 3b 54 24 04 0f 83 df fe
0x0000020d0f6047b5:   ff ff c4 c1 f9 7e d2 45 8b 54 82 10 47 8b 4c d4
0x0000020d0f6047c5:   0c 45 85 c9 0f 86 29 09 00 00 47 8b 54 d4 10 41
0x0000020d0f6047d5:   83 fa ff 0f 84 a8 03 00 00 45 8b 44 dc 0c 44 8b
0x0000020d0f6047e5:   4c 24 10 45 3b c8 0f 83 c8 07 00 00 4d 8d 0c dc
0x0000020d0f6047f5:   44 8b 44 24 10 47 89 54 81 10 33 d2 c4 c1 f9 7e
0x0000020d0f604805:   d2 45 8b 42 10 47 8b 54 c4 0c 44 03 54 24 10 41
0x0000020d0f604815:   3b f2 0f 8d 19 ff ff ff 3b cd 73 26 4d 8d 2c dc
0x0000020d0f604825:   44 8b ce 41 ba 01 00 00 00 e9 7b fe ff ff c4 e1
0x0000020d0f604835:   f9 7e ca e9 cd fe ff ff c4 e1 f9 7e ca e9 c3 fe
0x0000020d0f604845:   ff ff 44 8b ce 41 ba 01 00 00 00 eb 1c 0f 1f 80
0x0000020d0f604855:   00 00 00 00 0f 1f 80 00 00 00 00 44 2b 4c 24 10
0x0000020d0f604865:   45 8b d1 41 ff c2 44 8b cb 45 3b d3 0f 83 f9 06
0x0000020d0f604875:   00 00 45 3b 64 fc 10 0f 84 66 08 00 00 c4 c1 f9
0x0000020d0f604885:   7e d2 45 8b 42 10 47 8b 54 c4 0c 44 03 54 24 10 


Stack slot to memory mapping:
stack at sp + 0 slots: 0x0000010000000000 is an unknown value
stack at sp + 1 slots: 0x0000000000000048 is an unknown value
stack at sp + 2 slots: 0xfffffff000000038 is an unknown value
stack at sp + 3 slots: 0x0 is NULL
stack at sp + 4 slots: 0x0000001000000010 is an unknown value
stack at sp + 5 slots: 0x0000002000000010 is an unknown value
stack at sp + 6 slots: 0x0000003000000040 is an unknown value
stack at sp + 7 slots: 0x000000000000000f is an unknown value

--------------------------------------------------------------------------------
[Constant Pool (empty)]

--------------------------------------------------------------------------------

[MachCode]
  0x0000020d0f603b20: 448b 5208 | 49bb 0000 | 0000 0800 | 0000 4d03 | d349 3bc2 | 0f85 468f | 43f8 6690 | 0f1f 4000 
  0x0000020d0f603b40: 8984 2400 | 90ff ff55 | 4883 ec60 | c4c1 f96e | d848 897c | 2418 c4c1 | 796e d148 | 8914 2449 
  0x0000020d0f603b60: ba00 4963 | 1707 0000 | 0041 8b6a | 7045 8b5c | ec08 4181 | fbe0 ad0b | 000f 85ec | 1500 004d 
  0x0000020d0f603b80: 8d14 ec45 | 8b5a 2447 | 8b4c dc0c | 4585 c90f | 8679 1600 | 004f 8d34 | dc4d 85c0 | 0f84 c113 
  0x0000020d0f603ba0: 0000 458b | 400c 41ff | c945 85c0 | 7576 c4c1 | f97e da45 | 0fb6 5211 | 4585 d20f | 8553 1300 
  0x0000020d0f603bc0: 00c4 c1f9 | 7eda 450f | be52 1045 | 85d2 0f85 | 5019 0000 | c4c1 f97e | da41 8b6a | 1441 8b4c 
  0x0000020d0f603be0: ec0c 85c9 | 0f86 4713 | 0000 448b | c141 ffc8 | 443b c10f | 8308 1800 | 0045 0fb6 | 44ec 108b 
  0x0000020d0f603c00: d983 c3fd | 418b f8c1 | e705 412b | f84d 8d1c | ec83 fb01 | 0f8e 1a18 | 0000 b801 | 0000 0045 
  0x0000020d0f603c20: 33c0 eb3b | 458b d041 | c1ea 1045 | 33d0 4523 | ca33 d2e9 | e800 0000 | 450f b644 | 0310 4103 
  0x0000020d0f603c40: f8ff c03b | c10f 8db7 | 0000 0044 | 8bc7 41c1 | e005 442b | c741 8bf8 | ebde c4c1 | 797e e08b 
  0x0000020d0f603c60: d12b d083 | c2fd 3bd8 | 410f 4cd0 | 81fa a00f | 0000 41ba | a00f 0000 | 410f 47d2 | 03d0 c4c1 
  0x0000020d0f603c80: 796e e00f | 1f80 0000 | 0000 660f | 1f44 0000 | 4863 e845 | 0fb6 542b | 1041 0fb6 | 742b 1345 
  0x0000020d0f603ca0: 0fb6 442b | 1145 0fb6 | 6c2b 1241 | 03fa 8bef | c1e5 052b | ef41 03e8 | 448b d541 | c1e2 0544 
  0x0000020d0f603cc0: 2bd5 4503 | d545 8bc2 | 41c1 e005 | 452b c244 | 03c6 418b | f8c1 e705 | 412b f883 | c004 3bc2 
  0x0000020d0f603ce0: 7cae 498b | b748 0300 | 0085 063b | c30f 8c67 | ffff ffc5 | f97e e23b | c10f 8c39 | ffff ff41 
  0x0000020d0f603d00: 8bf8 85ff | 0f84 2912 | 0000 c4c1 | f97e da41 | 897a 0c44 | 8bd7 41c1 | ea10 4433 | d745 23ca 
  0x0000020d0f603d20: 478b 448e | 1047 8b4c | c40c 453b | ca0f 84a9 | 0100 0043 | 8b6c c418 | 85ed 0f84 | 0b17 0000 
  0x0000020d0f603d40: 478b 4cc4 | 0841 81f9 | 98b0 1400 | 0f84 1e17 | 0000 4d8d | 1cec 458b | 430c 453b | c20f 8539 
  0x0000020d0f603d60: 1100 0045 | 8b4b 104d | 8bc1 49c1 | e003 c4e1 | f97e d94c | 3bc1 0f84 | a502 0000 | 0fbe 5910 
  0x0000020d0f603d80: 493b c80f | 8498 0200 | 0047 8b44 | cc08 4181 | f870 e900 | 000f 8529 | 1800 004f | 8d04 cc41 
  0x0000020d0f603da0: 0fbe 6810 | 3bdd 0f85 | c017 0000 | 418b 5814 | 448b 4914 | 458b 44dc | 0c43 8b4c | cc0c 413b 
  0x0000020d0f603dc0: c80f 85d8 | 0000 004d | 8d04 dc49 | 8d74 dc10 | 4f8d 04cc | 4b8d 7ccc | 1085 c90f | 84a5 0000 
  0x0000020d0f603de0: 008b c183 | e01f 83e1 | e00f 844b | 0000 0048 | 8d3c 0f48 | 8d34 0e48 | f7d9 c5fe | 6f2c 0fc5 
  0x0000020d0f603e00: fe6f 240e | c5d5 efec | c4e2 7d17 | ed0f 857a | 0000 0048 | 83c1 2075 | e185 c00f | 8465 0000 
  0x0000020d0f603e20: 00c5 fe6f | 6c07 e0c5 | fe6f 6406 | e0c5 d5ef | ecc4 e27d | 17ed 7555 | eb4c 8bc8 | 83e1 fc74 
  0x0000020d0f603e40: 1948 8d3c | 0f48 8d34 | 0e48 f7d9 | 8b1c 0f3b | 1c0e 7539 | 4883 c104 | 75f2 f7c0 | 0200 0000 
  0x0000020d0f603e60: 7412 0fb7 | 1f0f b70e | 3bd9 7521 | 488d 7f02 | 488d 7602 | f7c0 0100 | 0000 740a | 0fb6 1f0f 
  0x0000020d0f603e80: b60e 3bd9 | 7507 b801 | 0000 00eb | 0233 c0c5 | d5ef edc5 | ddef e485 | c00f 8582 | 0100 00ba 
  0x0000020d0f603ea0: 45ff ffff | 488b 2c24 | c5fa 1104 | 24c5 fa11 | 4c24 04c5 | fa11 5424 | 084c 8b44 | 2418 4c89 
  0x0000020d0f603ec0: 4424 10c5 | fb11 5c24 | 184c 895c | 2420 4489 | 5424 0c90 | c5f8 77e8 | 24e4 43f8 | 478b 4cc4 
  0x0000020d0f603ee0: 104d 8bd9 | 49c1 e303 | c4e1 f97e | d94c 3bd9 | 0f84 2701 | 0000 0fbe | 4910 c4e1 | f97e db49 
  0x0000020d0f603f00: 3bdb 0f84 | 1501 0000 | 478b 5ccc | 0841 81fb | 70e9 0000 | 0f85 ee16 | 0000 4f8d | 1ccc 410f 
  0x0000020d0f603f20: be6b 103b | cd0f 85c1 | 1500 0045 | 8b5b 148b | 5b14 478b | 4cdc 0c41 | 8b4c dc0c | 413b c90f 
  0x0000020d0f603f40: 85df 1300 | 004f 8d0c | dc4b 8d74 | dc10 4d8d | 1cdc 498d | 7cdc 1085 | c90f 84a5 | 0000 008b 
  0x0000020d0f603f60: c183 e01f | 83e1 e00f | 844b 0000 | 0048 8d3c | 0f48 8d34 | 0e48 f7d9 | c5fe 6f24 | 0fc5 fe6f 
  0x0000020d0f603f80: 2c0e c5dd | efe5 c4e2 | 7d17 e40f | 857a 0000 | 0048 83c1 | 2075 e185 | c00f 8465 | 0000 00c5 
  0x0000020d0f603fa0: fe6f 6407 | e0c5 fe6f | 6c06 e0c5 | ddef e5c4 | e27d 17e4 | 7555 eb4c | 8bc8 83e1 | fc74 1948 
  0x0000020d0f603fc0: 8d3c 0f48 | 8d34 0e48 | f7d9 8b1c | 0f3b 1c0e | 7539 4883 | c104 75f2 | f7c0 0200 | 0000 7412 
  0x0000020d0f603fe0: 0fb7 1f0f | b70e 3bd9 | 7521 488d | 7f02 488d | 7602 f7c0 | 0100 0000 | 740a 0fb6 | 1f0f b60e 
  0x0000020d0f604000: 3bd9 7507 | b801 0000 | 00eb 0233 | c0c5 ddef | e4c5 d5ef | ed85 c00f | 8407 1300 | 004f 8d1c 
  0x0000020d0f604020: c441 8b6b | 1445 8b5c | ec08 4181 | fb08 6d00 | 000f 856d | 1500 0049 | 8d1c ec8b | 7b0c 85ff 
  0x0000020d0f604040: 0f86 4a11 | 0000 448b | 5b10 478b | 5cdc 0c41 | d1fb c4c1 | 796e e3c5 | f85b e4c5 | fa5c c4c4 
  0x0000020d0f604060: c179 7ec0 | 458b d041 | c1ea 1745 | 0fb6 d2b9 | 9500 0000 | 412b caf7 | c1e0 ffff | ff0f 85d5 
  0x0000020d0f604080: 0d00 0045 | 8bd0 4181 | e2ff ff7f | 0041 81ca | 0000 8000 | 4585 c00f | 8c84 0e00 | 0041 d3fa 
  0x0000020d0f6040a0: 41ff c241 | d1fa 448b | df41 d1fb | c4c1 796e | c3c5 f85b | c0c5 f25c | c8c4 c179 | 7ecb 458b 
  0x0000020d0f6040c0: cb41 c1e9 | 1745 0fb6 | c9b9 9500 | 0000 412b | c9f7 c1e0 | ffff ff0f | 859d 0d00 | 0045 8bc3 
  0x0000020d0f6040e0: 4181 e0ff | ff7f 0041 | 81c8 0000 | 8000 4585 | db0f 8c32 | 0e00 0041 | d3f8 41ff | c041 d1f8 
  0x0000020d0f604100: c4c1 797e | d545 85ed | 0f85 d700 | 0000 4533 | edeb 168b | 5424 0c49 | 8bd8 448b | 5424 1044 
  0x0000020d0f604120: 8b44 2414 | 448b 6c24 | 0841 8bed | c1fd 0385 | ed0f 8559 | 1100 0044 | 8b5b 0c41 | 8bc8 4103 
  0x0000020d0f604140: cb44 3bc1 | 0f8d 6907 | 0000 4d63 | cb49 63f8 | 418b f0f7 | de48 63f6 | 4803 fe49 | 3bf9 0f83 
  0x0000020d0f604160: 6010 0000 | 4863 f948 | 03fe 48ff | cf49 3bf9 | 0f83 8610 | 0000 4c8b | 0c24 418b | 790c 418b 
  0x0000020d0f604180: 6cfc 0c85 | ed0f 867c | 1000 0041 | 8b74 fc10 | 418b 74f4 | 0c48 8b44 | 2418 4885 | c00f 852a 
  0x0000020d0f6041a0: 1000 0045 | 85db 0f86 | 2110 0000 | 448b 5b10 | 478b 5cdc | 0c45 85db | 0f86 0f10 | 0000 8974 
  0x0000020d0f6041c0: 2404 890c | 2441 8bcb | 4103 ca89 | 4c24 0841 | 8bf2 ffc6 | 498d 0cfc | c4e1 f96e | e141 8bc8 
  0x0000020d0f6041e0: e983 0500 | 0041 f7c5 | 0400 0000 | 0f84 e203 | 0000 448b | 4b10 478b | 4ccc 0c44 | 8944 242c 
  0x0000020d0f604200: 4489 5424 | 2889 7c24 | 1448 895c | 2420 8954 | 240c 4489 | 6c24 0848 | ba08 6d00 | 0008 0000 
  0x0000020d0f604220: 0044 8bc7 | c5f8 77e8 | d4c6 4ef8 | 448b 5c24 | 1441 ffcb | 443b 5c24 | 140f 8377 | 1200 008b 
  0x0000020d0f604240: 480c 85c9 | 0f86 6c12 | 0000 4c63 | c145 33c9 | eb30 c5f9 | 7ed1 c4c1 | f97e d8c4 | e1f9 7ec3 
  0x0000020d0f604260: 448b 4c24 | 384d 8b97 | 4803 0000 | 41ff c141 | 8502 443b | 4c24 140f | 8dcb 0c00 | 0048 895c 
  0x0000020d0f604280: 2420 488b | 5c24 2044 | 8b5b 1047 | 8b54 dc0c | 4585 d276 | d041 8bf2 | 4489 4c24 | 38c5 fb10 
  0x0000020d0f6042a0: 4424 2049 | 63d1 448b | 5493 10c4 | c179 6eca | 478b 74d4 | 0c85 c90f | 86cc 0200 | 008b 6810 
  0x0000020d0f6042c0: 448b ce44 | 2b4c 2438 | 41ff c945 | 85f6 0f86 | 700f 0000 | 438b 5cd4 | 1045 8b54 | ec0c 4d8d 
  0x0000020d0f6042e0: 1cec 453b | ca0f 83ed | 1000 004c | 63d6 4c2b | d243 895c | 930c 83fe | 010f 8e5c | ffff ff4d 
  0x0000020d0f604300: 63d6 4d3b | c244 8bd1 | 450f 4fd6 | c4c1 797e | cb4f 8d2c | dc41 8bea | ffcd 443b | d541 ba00 
  0x0000020d0f604320: 0000 8041 | 0f4c ea83 | fd01 0f8e | b010 0000 | 4c8b 5424 | 2045 8b5a | 1043 8b74 | dc0c c4c1 
  0x0000020d0f604340: 797e ca43 | 8b5c d414 | 8b78 1444 | 8bce 442b | 4c24 3841 | ffc9 458b | 54fc 0c4d | 8d1c fc45 
  0x0000020d0f604360: 3bca 0f83 | 8310 0000 | 4889 5424 | 20c4 c1f9 | 6ed8 c5f9 | 6ed1 4c63 | c649 8bc8 | 482b ca41 
  0x0000020d0f604380: 895c 8b0c | 83fe 020f | 8ec5 feff | ffc4 c179 | 7eca 438b | 5cd4 188b | 7818 458b | 54fc 0c4d 
  0x0000020d0f6043a0: 8d1c fc45 | 3bca 0f83 | 4a10 0000 | 4189 5c8b | 0c83 fe03 | 0f8e 98fe | ffff 41ba | 0300 0000 
  0x0000020d0f6043c0: 443b d50f | 8d4a 0100 | 00c4 c179 | 7eca 438b | 5cd4 1c8b | 781c 458b | 54fc 0c4d | 8d1c fc45 
  0x0000020d0f6043e0: 3bca 0f83 | 5810 0000 | 4189 5c8b | 0c83 fe04 | 0f8e 5cfe | ffff c4c1 | 797e ca43 | 8b5c d420 
  0x0000020d0f604400: 448b 5020 | 438b 7cd4 | 0c4f 8d1c | d444 3bcf | 0f83 8a10 | 0000 4189 | 5c8b 0c83 | fe05 0f8e 
  0x0000020d0f604420: 2efe ffff | 4d8b d049 | 83c2 fe4c | 63dd 418b | da49 ffc8 | 418b f84d | 3bd8 448b | c544 0f4f 
  0x0000020d0f604440: c74d 63d8 | 4d3b da44 | 0f4f c341 | 83f8 050f | 8e56 1000 | 0041 ba05 | 0000 000f | 1f44 0000 
  0x0000020d0f604460: 438b 5c95 | 1042 8b54 | 9010 418b | 7cd4 0c4d | 8d1c d444 | 3bcf 0f83 | 430a 0000 | 4189 5c8b 
  0x0000020d0f604480: 0c42 8b54 | 9014 438b | 5c95 1441 | 8b7c d40c | 4d8d 1cd4 | 443b cf0f | 831f 0a00 | 0041 895c 
  0x0000020d0f6044a0: 8b0c 4183 | c202 453b | d07c b544 | 3bd5 7d63 | 438b 5c95 | 1046 8b44 | 9010 438b | 7cc4 0c4f 
  0x0000020d0f6044c0: 8d1c c444 | 3bcf 0f83 | f309 0000 | 4189 5c8b | 0c45 8bc2 | 41ff c044 | 3bc6 0f8d | 72fd ffff 
  0x0000020d0f6044e0: 438b 5c95 | 1442 8b54 | 9014 418b | 7cd4 0c4d | 8d1c d444 | 3bcf 0f83 | 6810 0000 | 4189 5c8b 
  0x0000020d0f604500: 0c41 83c2 | 0244 3bd6 | 0f8d 44fd | ffff 443b | d57c 9dc5 | f97e d1c4 | c1f9 7ed8 | 488b 5424 
  0x0000020d0f604520: 2044 3bd1 | 7d66 6690 | 443b d173 | 5fc4 c1f9 | 7ec3 458b | 5b10 438b | 7cdc 0c42 | 8b6c 9010 
  0x0000020d0f604540: 448b cf44 | 2b4c 2438 | 41ff c945 | 3bd6 0f83 | f30c 0000 | 438b 5c95 | 1041 8b74 | ec0c 4d8d 
  0x0000020d0f604560: 1cec 443b | ce0f 8354 | 0900 004c | 63cf 4c2b | ca43 895c | 8b0c 41ff | c244 3bd7 | 0f8d d9fc 
  0x0000020d0f604580: ffff 443b | d17c a1eb | 0345 33d2 | bae4 ffff | ff48 8b2c | 2444 8b5c | 2408 4489 | 1c24 4c8b 
  0x0000020d0f6045a0: 5c24 184c | 895c 2408 | 448b 4424 | 2844 8944 | 2404 448b | 4424 2c44 | 8944 2410 | c5fb 1144 
  0x0000020d0f6045c0: 2418 4889 | 4424 2844 | 8954 2430 | c5f8 77e8 | 2cdd 43f8 | 41f7 c501 | 0000 000f | 84de 0400 
  0x0000020d0f6045e0: 0044 8b5b | 0c45 85db | 0f86 020d | 0000 448b | 4b10 438b | 4ccc 0c89 | 4c24 1044 | 895c 2414 
  0x0000020d0f604600: 4489 4424 | 2c44 8954 | 2428 4889 | 5c24 2089 | 5424 0c44 | 896c 2408 | 48ba 086d | 0000 0800 
  0x0000020d0f604620: 0000 458b | c344 8bc9 | c5f8 77e8 | d0c2 4ef8 | 448b 5c24 | 1441 ffcb | 443b 5c24 | 140f 8379 
  0x0000020d0f604640: 0c00 0044 | 8b50 0c45 | 85d2 0f86 | 6c0c 0000 | 453b da0f | 8363 0c00 | 008b 6c24 | 10ff cd8b 
  0x0000020d0f604660: 4c24 10d1 | f94c 634c | 2410 448b | e941 83c5 | fe41 3bcd | 41ba 0000 | 0080 450f | 4cea 4c63 
  0x0000020d0f604680: d149 8bd1 | 492b d28b | f1ff c648 | ffca 4533 | f6e9 5803 | 0000 c4e1 | f97e cae9 | 6101 0000 
  0x0000020d0f6046a0: 442b 4c24 | 1045 8bd1 | 41ff c245 | 8bc8 453b | d30f 83b9 | 0800 0045 | 8b44 fc10 | 478b 44c4 
  0x0000020d0f6046c0: 0c45 3bc8 | 0f83 7301 | 0000 c4c1 | f97e d045 | 8b44 8010 | 438b 54c4 | 0c49 c1e0 | 0344 3bd2 
  0x0000020d0f6046e0: 0f83 b208 | 0000 478b | 5490 1041 | 83fa ff0f | 843e 0100 | 0045 8b44 | dc0c 453b | c80f 83b1 
  0x0000020d0f604700: 0800 0047 | 8954 8d10 | 33d2 c4c1 | f97e d245 | 8b42 1047 | 8b54 c40c | 4403 5424 | 104d 8bb7 
  0x0000020d0f604720: 4803 0000 | 458b c141 | ffc0 4185 | 0645 3bc2 | 0f8c 6aff | ffff 4d8b | 9748 0300 | 00ff c141 
  0x0000020d0f604740: 8502 3b0c | 240f 8d68 | 0100 00c4 | c1f9 7ec1 | c4e1 f97e | c8c5 f97e | dac4 e1f9 | 7ed3 448b 
  0x0000020d0f604760: 5424 1044 | 8b44 2414 | 443b 5424 | 080f 8d56 | 0100 0044 | 8944 2414 | 4489 5424 | 10c4 e1f9 
  0x0000020d0f604780: 6ed3 c5f9 | 6eda c4e1 | f96e c8c4 | c1f9 6ec1 | c4c1 f97e | e241 8b5c | 8a10 8bc1 | 412b c03b 
  0x0000020d0f6047a0: cd0f 83ef | feff ff44 | 8b54 2410 | 443b 5424 | 040f 83df | feff ffc4 | c1f9 7ed2 | 458b 5482 
  0x0000020d0f6047c0: 1047 8b4c | d40c 4585 | c90f 8629 | 0900 0047 | 8b54 d410 | 4183 faff | 0f84 a803 | 0000 458b 
  0x0000020d0f6047e0: 44dc 0c44 | 8b4c 2410 | 453b c80f | 83c8 0700 | 004d 8d0c | dc44 8b44 | 2410 4789 | 5481 1033 
  0x0000020d0f604800: d2c4 c1f9 | 7ed2 458b | 4210 478b | 54c4 0c44 | 0354 2410 | 413b f20f | 8d19 ffff | ff3b cd73 
  0x0000020d0f604820: 264d 8d2c | dc44 8bce | 41ba 0100 | 0000 e97b | feff ffc4 | e1f9 7eca | e9cd feff | ffc4 e1f9 
  0x0000020d0f604840: 7eca e9c3 | feff ff44 | 8bce 41ba | 0100 0000 | eb1c 0f1f | 8000 0000 | 000f 1f80 | 0000 0000 
  0x0000020d0f604860: 442b 4c24 | 1045 8bd1 | 41ff c244 | 8bcb 453b | d30f 83f9 | 0600 0045 | 3b64 fc10 | 0f84 6608 
  0x0000020d0f604880: 0000 c4c1 | f97e d245 | 8b42 1047 | 8b54 c40c | 4403 5424 | 104d 8b87 | 4803 0000 | 418b d9ff 
  0x0000020d0f6048a0: c341 8500 | 413b da7c | b7c4 e1f9 | 7eca e983 | feff ffc5 | f877 4883 | c460 5d49 | 3ba7 4003 
  0x0000020d0f6048c0: 0000 0f87 | c40f 0000 | c344 8944 | 2414 4489 | 5424 10c4 | e1f9 6ed3 | c5f9 6eda | c4e1 f96e 
  0x0000020d0f6048e0: c8c4 c1f9 | 6ec1 488b | d0e9 48fe | ffff 6690 | 448b c342 | 8b4c 870c | 8b5c 2410 | 412b db49 
  0x0000020d0f604900: 63d3 894c | 9010 8b4c | 9710 4289 | 4c80 0c49 | 8bc9 482b | ca44 8b44 | 8f08 4489 | 4490 1444 
  0x0000020d0f604920: 8b44 9714 | 4489 4488 | 0844 8b44 | 8f04 4489 | 4490 1844 | 8b44 9718 | 4489 4488 | 0444 8b04 
  0x0000020d0f604940: 8f44 8944 | 901c 448b | 4497 1c44 | 8904 8883 | c3fc 4183 | c304 453b | da7c 954d | 8b97 4803 
  0x0000020d0f604960: 0000 4185 | 0245 3bdd | 7d2a 448b | c345 8bd5 | 452b d345 | 3beb 440f | 4c54 240c | 4181 faa0 
  0x0000020d0f604980: 0f00 00b9 | a00f 0000 | 440f 47d1 | 4503 d3e9 | 5fff ffff | c5f9 7ec1 | c4e1 f97e | ca44 3b5c 
  0x0000020d0f6049a0: 2430 7d2b | 448b 549f | 0c46 8954 | 9810 468b | 549f 1044 | 8954 980c | 458b d341 | ffc2 443b 
  0x0000020d0f6049c0: 5424 307d | 0a8b dd41 | 2bdb 458b | daeb d54d | 8b97 4803 | 0000 41ff | c641 8502 | 443b 7424 
  0x0000020d0f6049e0: 140f 8dc2 | 0000 0048 | 8bc6 8b74 | 2430 4c8b | 5424 2041 | 8b7a 1085 | ff0f 8402 | 0700 0047 
  0x0000020d0f604a00: 8b5c b210 | 478b 54dc | 0c42 8b5c | b010 458b | 44dc 0c89 | 7424 30c5 | f96e c148 | 8bf0 4963 
  0x0000020d0f604a20: ca48 3bd1 | 0f83 e606 | 0000 413b | ea0f 83dd | 0600 0045 | 85c0 0f86 | d406 0000 | c5f9 7ec1 
  0x0000020d0f604a40: 413b c80f | 83c7 0600 | 0045 85d2 | 0f86 be06 | 0000 413b | ca0f 83b5 | 0600 004d | 63d0 493b 
  0x0000020d0f604a60: d20f 83a9 | 0600 0041 | 3be8 0f83 | a006 0000 | 498d 04dc | 4b8d 3cdc | 468b 548f | 0c45 8954 
  0x0000020d0f604a80: dc10 478b | 5cdc 1046 | 895c 880c | 4183 fd01 | 0f8e ba06 | 0000 448b | c541 bb01 | 0000 00c4 
  0x0000020d0f604aa0: e1f9 6eca | e9c4 feff | ff44 8b6c | 2408 8b54 | 240c 488b | de44 8b54 | 2428 448b | 4424 2c41 
  0x0000020d0f604ac0: f7c5 0200 | 0000 0f84 | 5df6 ffff | 8b6b 0c85 | ed0f 86d5 | 0800 0044 | 8b5b 1047 | 8b4c dc0c 
  0x0000020d0f604ae0: 896c 2428 | 4489 4424 | 1444 8954 | 2410 4889 | 5c24 2089 | 5424 0c44 | 896c 2408 | 48ba 086d 
  0x0000020d0f604b00: 0000 0800 | 0000 448b | c566 6690 | c5f8 77e8 | ecbd 4ef8 | 4c8b c045 | 8b58 0c44 | 8bcd 41d1 
  0x0000020d0f604b20: f945 8bd1 | 41ff c245 | 85db 0f86 | 3008 0000 | 453b cb0f | 8327 0800 | 0048 63ed | 4963 d948 
  0x0000020d0f604b40: 8bcd 482b | cb48 ffc9 | 483b cd0f | 830f 0800 | 008b 5c24 | 28ff cb3b | 5c24 280f | 83ff 0700 
  0x0000020d0f604b60: 0049 63fb | 483b cf0f | 83f3 0700 | 0041 3bdb | 0f83 ea07 | 0000 443b | 4c24 280f | 83df 0700 
  0x0000020d0f604b80: 0045 33db | eb3d c4e1 | f97e cae9 | 71fc ffff | c4c1 f97e | c1c4 c1f9 | 7ec8 c4c1 | 797e dac4 
  0x0000020d0f604ba0: c179 7ee3 | c4e1 f97e | ed49 8b8f | 4803 0000 | 41ff c385 | 0145 3bda | 0f8d 55f5 | ffff 4c89 
  0x0000020d0f604bc0: 4c24 204c | 8b4c 2420 | 418b 4910 | 418b 4ccc | 0c85 c976 | d4c4 c179 | 6eda c4c1 | f96e c8c5 
  0x0000020d0f604be0: fb10 4424 | 20c4 c179 | 6ee3 4d63 | c34c 8bdd | 4d2b d847 | 8b54 990c | c4c1 796e | d247 8b6c 
  0x0000020d0f604c00: d40c c4c1 | f97e ca47 | 8b54 8210 | c4c1 796e | f243 8b54 | d40c 478b | 5481 10c4 | c179 6efa 
  0x0000020d0f604c20: 438b 74d4 | 0cc4 c1f9 | 7eca 438b | 5c9a 0c45 | 8b74 dc0c | 4585 ed0f | 8620 0500 | 0041 ba01 
  0x0000020d0f604c40: 0000 0045 | 3bd5 450f | 4fd5 c4c1 | 797e f349 | c1e3 03c4 | c179 7ed0 | 49c1 e003 | 418b fb4d 
  0x0000020d0f604c60: 8d0c dcc1 | ef02 c5f9 | 7ef9 498d | 04cc 83e7 | 0341 03fa | f7df 83e7 | 0341 03fa | 413b fd41 
  0x0000020d0f604c80: 0f4f fd33 | c9eb 0790 | 8bca 8b54 | 2420 413b | cd0f 8360 | 0100 0045 | 8b54 8810 | 3bca 0f83 
  0x0000020d0f604ca0: 2c03 0000 | 4589 548b | 103b ce0f | 837f 0300 | 0044 8b54 | 8810 413b | ce0f 83d1 | 0300 0045 
  0x0000020d0f604cc0: 8954 8910 | c4c1 f97e | c245 8b52 | 1047 8b54 | d40c c579 | 6ec3 8974 | 2424 8954 | 2420 c4e1 
  0x0000020d0f604ce0: f96e ed8b | d1ff c241 | 3bd2 0f8d | a0fe ffff | 3bd7 7c94 | 4963 dd49 | 63f6 4863 | 6c24 2448 
  0x0000020d0f604d00: 637c 2420 | 483b df41 | 8bfd 0f4f | 7c24 2049 | 63da 4c63 | d74c 3bd5 | 0f4f 7c24 | 2448 ffcb 
  0x0000020d0f604d20: 4c63 d74c | 3bd6 410f | 4ffe 448b | d348 63f7 | 483b f341 | 0f4f fa44 | 8bd7 4183 | c2f9 413b 
  0x0000020d0f604d40: fabf 0000 | 0080 440f | 4cd7 413b | d20f 8d11 | 0400 00ff | c166 6666 | 0f1f 8400 | 0000 0000 
  0x0000020d0f604d60: c441 7a6f | 4c88 10c4 | 417a 7f4c | 8b10 c57a | 6f4c 8810 | c441 7a7f | 4c89 10c4 | 417a 6f4c 
  0x0000020d0f604d80: 8820 c441 | 7a7f 4c8b | 20c5 7a6f | 4c88 20c4 | 417a 7f4c | 8920 83c1 | 0841 3bca | 7cc2 413b 
  0x0000020d0f604da0: cd7d 5490 | 413b cd73 | 4e45 8b54 | 8810 3b4c | 2420 0f83 | 1802 0000 | 4589 548b | 103b 4c24 
  0x0000020d0f604dc0: 240f 8365 | 0200 0044 | 8b54 8810 | 413b ce0f | 83b7 0200 | 0045 8954 | 8910 c4c1 | f97e c245 
  0x0000020d0f604de0: 8b52 1043 | 8b5c d40c | ffc1 3bcb | 0f8d 9efd | ffff 413b | cd7c adba | e4ff ffff | 488b 2c24 
  0x0000020d0f604e00: 448b 5424 | 0844 8914 | 244c 8b54 | 2418 4c89 | 5424 0844 | 8b5c 2410 | 4489 5c24 | 0444 8b54 
  0x0000020d0f604e20: 2414 4489 | 5424 10c5 | fb11 4424 | 1889 4c24 | 2089 4c24 | 24c5 fb11 | 4c24 28c5 | fa11 6424 
  0x0000020d0f604e40: 30c5 fa11 | 7424 34c5 | fa11 5424 | 3866 6690 | c5f8 77e8 | a8d4 43f8 | c57a 2cd0 | 4181 fa00 
  0x0000020d0f604e60: 0000 8075 | 1048 83ec | 08c5 fa11 | 0424 e880 | c23e f841 | 5ae9 2cf2 | ffff c57a | 2cc1 4181 
  0x0000020d0f604e80: f800 0000 | 8075 1048 | 83ec 08c5 | fa11 0c24 | e85e c23e | f841 58e9 | 64f2 ffff | 458b 5b18 
  0x0000020d0f604ea0: 4d8b 8748 | 0300 0041 | 8500 4585 | db0f 8498 | 0500 0049 | c1e3 03e9 | 9aee ffff | 41ff c2ba 
  0x0000020d0f604ec0: e4ff ffff | 488b 2c24 | 448b 4424 | 0844 8904 | 244c 8b44 | 2418 4c89 | 4424 0844 | 8b44 2428 
  0x0000020d0f604ee0: 4489 4424 | 048b 4c24 | 2c89 4c24 | 10c5 fb11 | 4424 1848 | 8944 2420 | 4489 5424 | 144c 895c 
  0x0000020d0f604f00: 2428 4489 | 4c24 3089 | 5c24 3490 | c5f8 77e8 | ecd3 43f8 | 4533 c933 | d245 33d2 | e9ff edff 
  0x0000020d0f604f20: ff41 f7da | e974 f1ff | ff41 f7d8 | e9c6 f1ff | ff33 d2c4 | c1f9 7eda | 41c6 4211 | 0145 33c9 
  0x0000020d0f604f40: 4533 d2e9 | d8ed ffff | 448b 6c24 | 088b 5424 | 0c48 8bd8 | 448b 5424 | 2844 8b44 | 242c e971 
  0x0000020d0f604f60: f6ff ff45 | 33c9 33d2 | 4533 d2e9 | b0ed ffff | ba45 ffff | ffc4 e1f9 | 7ec5 c5fb | 110c 24c5 
  0x0000020d0f604f80: fb11 5424 | 0889 4c24 | 1844 894c | 241c 6690 | c5f8 77e8 | 68d3 43f8 | c4c1 796e | daba e6ff 
  0x0000020d0f604fa0: ffff 498b | e8c5 fa11 | 1c24 6690 | c5f8 77e8 | 4cd3 43f8 | 4489 4c24 | 10ba e6ff | ffff 8beb 
  0x0000020d0f604fc0: 4489 5424 | 0466 6690 | c5f8 77e8 | 30d3 43f8 | bae4 ffff | ff48 8b2c | 2444 8b44 | 2408 4489 
  0x0000020d0f604fe0: 0424 4c8b | 5c24 184c | 895c 2408 | 448b 4424 | 1044 8944 | 2404 448b | 5c24 1444 | 895c 2410 
  0x0000020d0f605000: c5fb 1144 | 2418 894c | 2420 4489 | 5424 24c5 | fb11 4c24 | 28c5 fa11 | 6424 30c5 | fa11 7424 
  0x0000020d0f605020: 3466 6690 | c5f8 77e8 | d4d2 43f8 | c579 7ec3 | bae4 ffff | ff48 8b2c | 2444 8b54 | 2408 4489 
  0x0000020d0f605040: 1424 4c8b | 5424 184c | 8954 2408 | 448b 5c24 | 1044 895c | 2404 448b | 5424 1444 | 8954 2410 
  0x0000020d0f605060: c5fb 1144 | 2418 894c | 2420 894c | 2424 c5fb | 114c 2428 | c5fa 1164 | 2430 c5fa | 117c 2434 
  0x0000020d0f605080: 895c 2438 | c5f8 77e8 | 74d2 43f8 | c579 7ec3 | bae4 ffff | ff48 8b2c | 2444 8b5c | 2408 4489 
  0x0000020d0f6050a0: 1c24 4c8b | 5c24 184c | 895c 2408 | 448b 4424 | 1044 8944 | 2404 448b | 5c24 1444 | 895c 2410 
  0x0000020d0f6050c0: c5fb 1144 | 2418 894c | 2420 4489 | 5424 24c5 | fb11 4c24 | 28c5 fa11 | 6424 3089 | 5c24 3490 
  0x0000020d0f6050e0: c5f8 77e8 | 18d2 43f8 | baf6 ffff | ff66 6690 | c5f8 77e8 | 08d2 43f8 | 4f8d 04d4 | e99c feff 
  0x0000020d0f605100: ffba f6ff | ffff 6690 | c5f8 77e8 | f0d1 43f8 | 418b 6cfc | 0cd1 fdff | c5ba 76ff | ffff 4c8b 
  0x0000020d0f605120: 5424 184c | 8954 2410 | 448b 5c24 | 2844 895c | 240c 448b | 5424 2c44 | 8954 2418 | 4889 4424 
  0x0000020d0f605140: 2844 8974 | 241c 6690 | c5f8 77e8 | b0d1 43f8 | 8bdd 41bb | 0100 0000 | e940 f8ff | ff33 c9e9 
  0x0000020d0f605160: 93fc ffff | 8bca e933 | fcff ffba | deff ffff | c5fa 1144 | 2408 c5fa | 114c 240c | 4489 4c24 
  0x0000020d0f605180: 104c 8944 | 2420 6690 | c5f8 77e8 | 70d1 43f8 | bae4 ffff | ff48 8b2c | 24c5 fa11 | 0c24 c5fa 
  0x0000020d0f6051a0: 1154 2404 | 4c8b 5424 | 184c 8954 | 2408 c5fa | 1144 2418 | 4889 5c24 | 2066 6690 | c5f8 77e8 
  0x0000020d0f6051c0: 3cd1 43f8 | 4c8b 0c24 | 488b 4424 | 18ba beff | ffff 498b | e948 8904 | 2448 895c | 2408 4489 
  0x0000020d0f6051e0: 5424 1044 | 8944 2418 | 4489 4424 | 1c89 4c24 | 2066 6690 | c5f8 77e8 | 04d1 43f8 | 4c8b 0c24 
  0x0000020d0f605200: 488b 4424 | 18eb c648 | 8b44 2418 | ebbf ba45 | ffff ff48 | 8b2c 24c5 | fa11 0424 | c5fa 114c 
  0x0000020d0f605220: 2404 c5fa | 1154 2408 | 4889 7c24 | 104c 8944 | 2418 4489 | 4c24 2044 | 895c 2424 | c5f8 77e8 
  0x0000020d0f605240: bcd0 43f8 | 4533 d2ba | e4ff ffff | 4c8b 5c24 | 184c 895c | 2410 448b | 5c24 2844 | 895c 240c 
  0x0000020d0f605260: 448b 4424 | 2c44 8944 | 2418 c5fb | 1144 2420 | 4889 4424 | 2844 894c | 2430 4489 | 5424 34c5 
  0x0000020d0f605280: fa11 4c24 | 3c66 6690 | c5f8 77e8 | 70d0 43f8 | ba45 ffff | ff4c 8b5c | 2418 4c89 | 5c24 0848 
  0x0000020d0f6052a0: 895c 2410 | 4489 5424 | 1844 8944 | 241c 4489 | 6c24 2090 | c5f8 77e8 | 44d0 43f8 | babe ffff 
  0x0000020d0f6052c0: ff48 8b2c | 2444 8b5c | 2408 4489 | 1c24 4c8b | 5424 184c | 8954 2408 | 4c8b 5424 | 204c 8954 
  0x0000020d0f6052e0: 2418 4889 | 4424 2090 | c5f8 77e8 | 10d0 43f8 | bae4 ffff | ff48 8b2c | 2444 892c | 244c 8b4c 
  0x0000020d0f605300: 2418 4c89 | 4c24 0844 | 8954 2404 | 4489 4424 | 1048 895c | 2420 4489 | 5c24 1490 | c5f8 77e8 
  0x0000020d0f605320: dccf 43f8 | ba45 ffff | ff48 8b2c | 24c5 fa11 | 0424 c5fa | 114c 2404 | c5fa 1154 | 2408 4c8b 
  0x0000020d0f605340: 5c24 184c | 895c 2410 | c5fb 115c | 2418 4489 | 4424 0c44 | 8954 2420 | c5f8 77e8 | a0cf 43f8 
  0x0000020d0f605360: babe ffff | ff48 8b2c | 2444 8b4c | 2408 4489 | 0c24 4c8b | 5c24 184c | 895c 2408 | 448b 5c24 
  0x0000020d0f605380: 1044 895c | 2404 448b | 4c24 1444 | 894c 2410 | 4c8b 5c24 | 204c 895c | 2418 4c89 | 4424 2044 
  0x0000020d0f6053a0: 8954 2414 | c5f8 77e8 | 54cf 43f8 | bae4 ffff | ff44 896c | 2408 4c8b | 5c24 184c | 895c 2410 
  0x0000020d0f6053c0: 4489 5424 | 0c44 8944 | 2418 4889 | 5c24 2890 | c5f8 77e8 | 28cf 43f8 | 4533 d2e9 | dffa ffff 
  0x0000020d0f6053e0: 41ba 0100 | 0000 e936 | f1ff ff41 | ba01 0000 | 00e9 c9fa | ffff 41ba | 0200 0000 | e9be faff 
  0x0000020d0f605400: ffba 76ff | ffff c5fa | 1144 2408 | c5fa 114c | 240c c5fa | 1154 2410 | 4489 4c24 | 144c 8954 
  0x0000020d0f605420: 2428 894c | 2434 4489 | 5c24 3890 | c5f8 77e8 | ccce 43f8 | b801 0000 | 0033 d2e9 | b7e8 ffff 
  0x0000020d0f605440: 41ba 0300 | 0000 e974 | faff ffba | f4ff ffff | 488b 2c24 | c5fa 1104 | 24c5 fa11 | 4c24 04c5 
  0x0000020d0f605460: fa11 5424 | 0866 6690 | c5f8 77e8 | 90ce 43f8 | ba45 ffff | ffc5 fa11 | 4424 08c5 | fa11 4c24 
  0x0000020d0f605480: 0cc5 fa11 | 5424 10c5 | fb11 5c24 | 2044 8944 | 2414 4489 | 5424 2890 | c5f8 77e8 | 60ce 43f8 
  0x0000020d0f6054a0: 41ba 0400 | 0000 e914 | faff ff41 | ba05 0000 | 00e9 f5ef | ffff babe | ffff ff48 | 8b2c 2444 
  0x0000020d0f6054c0: 8b54 2408 | 4489 1424 | 4c8b 5424 | 184c 8954 | 2408 4c8b | 5424 204c | 8954 2418 | 4889 4424 
  0x0000020d0f6054e0: 2066 6690 | c5f8 77e8 | 14ce 43f8 | ba45 ffff | ffc5 fa11 | 4424 08c5 | fa11 4c24 | 0cc5 fa11 
  0x0000020d0f605500: 5424 10c5 | fb11 5c24 | 2844 8944 | 2414 4489 | 5424 304c | 895c 2438 | 894c 2434 | c5f8 77e8 
  0x0000020d0f605520: dccd 43f8 | 4585 d240 | 0f95 c540 | 0fb6 ed83 | f501 ba45 | ffff ffc5 | fa11 4424 | 08c5 fa11 
  0x0000020d0f605540: 4c24 0cc5 | fa11 5424 | 1044 894c | 2414 c5fb | 115c 2428 | 4489 5c24 | 3066 6690 | c5f8 77e8 
  0x0000020d0f605560: 9ccd 43f8 | 458b d0e9 | 53f9 ffff | ba45 ffff | ffc5 fa11 | 4424 08c5 | fa11 4c24 | 0cc5 fa11 
  0x0000020d0f605580: 5424 10c5 | fb11 5c24 | 284c 895c | 2430 4489 | 5424 144c | 8944 2438 | 895c 2440 | c5f8 77e8 
  0x0000020d0f6055a0: 5ccd 43f8 | bade ffff | ffc5 fa11 | 4424 08c5 | fa11 4c24 | 0cc5 fa11 | 5424 1090 | c5f8 77e8 
  0x0000020d0f6055c0: 3ccd 43f8 | bade ffff | ff48 8b2c | 24c5 fa11 | 0424 c5fa | 114c 2404 | c5fa 1154 | 2408 4c8b 
  0x0000020d0f6055e0: 4424 184c | 8944 2410 | c5fb 115c | 2420 4c89 | 5c24 2844 | 8954 240c | 4489 4c24 | 3466 6690 
  0x0000020d0f605600: c5f8 77e8 | f8cc 43f8 | bade ffff | ff48 8b2c | 24c5 fa11 | 0424 c5fa | 114c 2404 | c5fa 1154 
  0x0000020d0f605620: 2408 4c8b | 5c24 184c | 895c 2410 | c5fb 115c | 2420 4489 | 4424 0c44 | 8954 2428 | 4489 4c24 
  0x0000020d0f605640: 3066 6690 | c5f8 77e8 | b4cc 43f8 | baf6 ffff | ff41 8be9 | 891c 2490 | c5f8 77e8 | a0cc 43f8 
  0x0000020d0f605660: baf6 ffff | ff66 6690 | c5f8 77e8 | 90cc 43f8 | c4c1 796e | daba f6ff | ffff c5f9 | 7edd 6690 
  0x0000020d0f605680: c5f8 77e8 | 78cc 43f8 | 4489 4c24 | 10ba f6ff | ffff 4489 | 1424 6690 | c5f8 77e8 | 60cc 43f8 
  0x0000020d0f6056a0: baf6 ffff | ff66 6690 | c5f8 77e8 | 50cc 43f8 | ba76 ffff | ff48 8b2c | 2444 8b54 | 2408 4489 
  0x0000020d0f6056c0: 1424 4c8b | 5424 184c | 8954 2408 | 448b 5424 | 1044 8954 | 2404 448b | 5c24 1444 | 895c 2410 
  0x0000020d0f6056e0: 48ff 7424 | 2048 8f44 | 2418 c5fb | 114c 2420 | c5fa 1164 | 2414 894c | 2428 6690 | c5f8 77e8 
  0x0000020d0f605700: fccb 43f8 | 488b d0eb | 0848 8bd0 | eb03 488b | d0c5 f877 | 4883 c460 | 5de9 e2d6 | 4ef8 baf6 
  0x0000020d0f605720: ffff ff90 | c5f8 77e8 | d4cb 43f8 | baf6 ffff | ff49 8be8 | c5f8 77e8 | c4cb 43f8 | baf6 ffff 
  0x0000020d0f605740: ff66 6690 | c5f8 77e8 | b4cb 43f8 | 488b 4424 | 18e9 77fa | ffff 488b | 4424 18e9 | 6dfa ffff 
  0x0000020d0f605760: baf6 ffff | ff66 6690 | c5f8 77e8 | 90cb 43f8 | baf6 ffff | ff66 6690 | c5f8 77e8 | 80cb 43f8 
  0x0000020d0f605780: baf6 ffff | ff66 6690 | c5f8 77e8 | 70cb 43f8 | baf6 ffff | ff66 6690 | c5f8 77e8 | 60cb 43f8 
  0x0000020d0f6057a0: ba45 ffff | ff48 8b2c | 24c5 fa11 | 0424 c5fa | 114c 2404 | c5fa 1154 | 2408 4c8b | 5c24 184c 
  0x0000020d0f6057c0: 895c 2410 | c5fb 115c | 2420 4489 | 4424 0c44 | 8954 2428 | 4489 4c24 | 2c66 6690 | c5f8 77e8 
  0x0000020d0f6057e0: 1ccb 43f8 | ba76 ffff | ff48 8b2c | 2444 8b54 | 2408 4489 | 1424 4c8b | 5424 184c | 8954 2408 
  0x0000020d0f605800: 448b 5c24 | 2844 895c | 2404 48ff | 7424 2048 | 8f44 2418 | 4889 4424 | 2089 7424 | 2866 6690 
  0x0000020d0f605820: c5f8 77e8 | d8ca 43f8 | baf6 ffff | ff66 6690 | c5f8 77e8 | c8ca 43f8 | baf6 ffff | ff66 6690 
  0x0000020d0f605840: c5f8 77e8 | b8ca 43f8 | ba45 ffff | ff48 8b2c | 24c5 fa11 | 0424 c5fa | 114c 2404 | c5fa 1154 
  0x0000020d0f605860: 2408 4c8b | 4424 184c | 8944 2410 | c5fb 115c | 2420 4c89 | 5c24 2844 | 8954 240c | 4489 4c24 
  0x0000020d0f605880: 3066 6690 | c5f8 77e8 | 74ca 43f8 | 49ba bb48 | 600f 0d02 | 0000 4d89 | 9758 0300 | 00e9 5edb 
  0x0000020d0f6058a0: 43f8 f4f4 | f4f4 f4f4 | f4f4 f4f4 | f4f4 f4f4 | f4f4 f4f4 | f4f4 f4f4 | f4f4 f4f4 | f4f4 f4f4 
  0x0000020d0f6058c0: e9bb f24d | f8e8 0000 | 0000 4883 | 2c24 05e9 | cccd 43f8 | f4f4 f4f4 
[/MachCode]
--------------------------------------------------------------------------------


---------------  P R O C E S S  ---------------

Threads class SMR info:
_java_thread_list=0x0000020d21f24ed0, length=24, elements={
0x0000020d2092c270, 0x0000020d2092cee0, 0x0000020d20946af0, 0x0000020d209484c0,
0x0000020d20948e70, 0x0000020d2094a040, 0x0000020d2094ecd0, 0x0000020d21420090,
0x0000020d21421170, 0x0000020d215328f0, 0x0000020d21535220, 0x0000020d2156c5b0,
0x0000020d215750e0, 0x0000020d7d2cdf40, 0x0000020d21721fb0, 0x0000020d217cc2d0,
0x0000020d21753850, 0x0000020d21e255a0, 0x0000020d21e7cd40, 0x0000020d21e76820,
0x0000020d21e76cf0, 0x0000020d21ef7700, 0x0000020d21ef7c10, 0x0000020d21e75e80
}

Java Threads: ( => current thread )
  0x0000020d2092c270 JavaThread "Reference Handler" daemon [_thread_blocked, id=19800, stack(0x000000a5ea500000,0x000000a5ea600000)]
  0x0000020d2092cee0 JavaThread "Finalizer" daemon [_thread_blocked, id=2060, stack(0x000000a5ea600000,0x000000a5ea700000)]
  0x0000020d20946af0 JavaThread "Signal Dispatcher" daemon [_thread_blocked, id=8496, stack(0x000000a5ea700000,0x000000a5ea800000)]
  0x0000020d209484c0 JavaThread "Attach Listener" daemon [_thread_blocked, id=14060, stack(0x000000a5ea800000,0x000000a5ea900000)]
  0x0000020d20948e70 JavaThread "Service Thread" daemon [_thread_blocked, id=14352, stack(0x000000a5ea900000,0x000000a5eaa00000)]
  0x0000020d2094a040 JavaThread "Monitor Deflation Thread" daemon [_thread_blocked, id=11044, stack(0x000000a5eaa00000,0x000000a5eab00000)]
  0x0000020d2094ecd0 JavaThread "C2 CompilerThread0" daemon [_thread_blocked, id=10696, stack(0x000000a5eab00000,0x000000a5eac00000)]
  0x0000020d21420090 JavaThread "C1 CompilerThread0" daemon [_thread_blocked, id=24036, stack(0x000000a5eac00000,0x000000a5ead00000)]
  0x0000020d21421170 JavaThread "Sweeper thread" daemon [_thread_blocked, id=2876, stack(0x000000a5ead00000,0x000000a5eae00000)]
  0x0000020d215328f0 JavaThread "C1 CompilerThread1" daemon [_thread_blocked, id=17332, stack(0x000000a5eae00000,0x000000a5eaf00000)]
  0x0000020d21535220 JavaThread "C1 CompilerThread2" daemon [_thread_blocked, id=20164, stack(0x000000a5eaf00000,0x000000a5eb000000)]
  0x0000020d2156c5b0 JavaThread "Notification Thread" daemon [_thread_blocked, id=24276, stack(0x000000a5eb000000,0x000000a5eb100000)]
  0x0000020d215750e0 JavaThread "Common-Cleaner" daemon [_thread_blocked, id=23616, stack(0x000000a5eb200000,0x000000a5eb300000)]
  0x0000020d7d2cdf40 JavaThread "DestroyJavaVM" [_thread_blocked, id=7728, stack(0x000000a5e9e00000,0x000000a5e9f00000)]
  0x0000020d21721fb0 JavaThread "Java2D Disposer" daemon [_thread_blocked, id=7672, stack(0x000000a5eb400000,0x000000a5eb500000)]
  0x0000020d217cc2d0 JavaThread "AWT-Shutdown" [_thread_blocked, id=8396, stack(0x000000a5eb600000,0x000000a5eb700000)]
  0x0000020d21753850 JavaThread "AWT-Windows" daemon [_thread_in_native, id=25000, stack(0x000000a5eb700000,0x000000a5eb800000)]
  0x0000020d21e255a0 JavaThread "AWT-EventQueue-0" [_thread_blocked, id=25928, stack(0x000000a5ec400000,0x000000a5ec500000)]
=>0x0000020d21e7cd40 JavaThread "Thread-2" [_thread_in_Java, id=23220, stack(0x000000a5ec500000,0x000000a5ec600000)]
  0x0000020d21e76820 JavaThread "Thread-1" [_thread_in_Java, id=24400, stack(0x000000a5ec600000,0x000000a5ec700000)]
  0x0000020d21e76cf0 JavaThread "D3D Screen Updater" daemon [_thread_blocked, id=17780, stack(0x000000a5eb300000,0x000000a5eb400000)]
  0x0000020d21ef7700 JavaThread "C2 CompilerThread1" daemon [_thread_blocked, id=20552, stack(0x000000a5eb500000,0x000000a5eb600000)]
  0x0000020d21ef7c10 JavaThread "C2 CompilerThread2" daemon [_thread_blocked, id=4500, stack(0x000000a5ec700000,0x000000a5ec800000)]
  0x0000020d21e75e80 JavaThread "Thread-3" [_thread_in_Java, id=19752, stack(0x000000a5ec800000,0x000000a5ec900000)]

Other Threads:
  0x0000020d20924ea0 VMThread "VM Thread" [stack: 0x000000a5ea400000,0x000000a5ea500000] [id=22584]
  0x0000020d21574aa0 WatcherThread [stack: 0x000000a5eb100000,0x000000a5eb200000] [id=20960]
  0x0000020d7d31dd20 GCTaskThread "GC Thread#0" [stack: 0x000000a5e9f00000,0x000000a5ea000000] [id=26144]
  0x0000020d21f56ff0 GCTaskThread "GC Thread#1" [stack: 0x000000a5ec900000,0x000000a5eca00000] [id=1516]
  0x0000020d21f572a0 GCTaskThread "GC Thread#2" [stack: 0x000000a5eca00000,0x000000a5ecb00000] [id=24684]
  0x0000020d21e4efa0 GCTaskThread "GC Thread#3" [stack: 0x000000a5ecb00000,0x000000a5ecc00000] [id=20824]
  0x0000020d21e4f250 GCTaskThread "GC Thread#4" [stack: 0x000000a5ecc00000,0x000000a5ecd00000] [id=11560]
  0x0000020d21e4fd10 GCTaskThread "GC Thread#5" [stack: 0x000000a5ecd00000,0x000000a5ece00000] [id=1884]
  0x0000020d21f57ea0 GCTaskThread "GC Thread#6" [stack: 0x000000a5ece00000,0x000000a5ecf00000] [id=1968]
  0x0000020d21f58550 GCTaskThread "GC Thread#7" [stack: 0x000000a5ecf00000,0x000000a5ed000000] [id=17660]
  0x0000020d21f58800 GCTaskThread "GC Thread#8" [stack: 0x000000a5ed000000,0x000000a5ed100000] [id=7252]
  0x0000020d21f58ab0 GCTaskThread "GC Thread#9" [stack: 0x000000a5ed100000,0x000000a5ed200000] [id=19256]
  0x0000020d21f58d60 GCTaskThread "GC Thread#10" [stack: 0x000000a5ed200000,0x000000a5ed300000] [id=6072]
  0x0000020d22030bf0 GCTaskThread "GC Thread#11" [stack: 0x000000a5ed300000,0x000000a5ed400000] [id=21880]
  0x0000020d7d32e2f0 ConcurrentGCThread "G1 Main Marker" [stack: 0x000000a5ea000000,0x000000a5ea100000] [id=300]
  0x0000020d7d3304b0 ConcurrentGCThread "G1 Conc#0" [stack: 0x000000a5ea100000,0x000000a5ea200000] [id=23216]
  0x0000020d7d39e650 ConcurrentGCThread "G1 Refine#0" [stack: 0x000000a5ea200000,0x000000a5ea300000] [id=6124]
  0x0000020d2206fc00 ConcurrentGCThread "G1 Refine#1" [stack: 0x000000a5ed400000,0x000000a5ed500000] [id=20520]
  0x0000020d7d39ef70 ConcurrentGCThread "G1 Service" [stack: 0x000000a5ea300000,0x000000a5ea400000] [id=2764]

Threads with active compile tasks:

VM state: not at safepoint (normal execution)

VM Mutex/Monitor currently owned by a thread: None

Heap address: 0x0000000709600000, size: 3946 MB, Compressed Oops mode: Zero based, Oop shift amount: 3

CDS archive(s) mapped at: [0x0000000800000000-0x0000000800bc0000-0x0000000800bc0000), size 12320768, SharedBaseAddress: 0x0000000800000000, ArchiveRelocationMode: 0.
Compressed class space mapped at: 0x0000000800c00000-0x0000000840c00000, reserved size: 1073741824
Narrow klass base: 0x0000000800000000, Narrow klass shift: 0, Narrow klass range: 0x100000000

GC Precious Log:
 CPUs: 16 total, 16 available
 Memory: 15776M
 Large Page Support: Disabled
 NUMA Support: Disabled
 Compressed Oops: Enabled (Zero based)
 Heap Region Size: 2M
 Heap Min Capacity: 8M
 Heap Initial Capacity: 248M
 Heap Max Capacity: 3946M
 Pre-touch: Disabled
 Parallel Workers: 13
 Concurrent Workers: 3
 Concurrent Refinement Workers: 13
 Periodic GC: Disabled

Heap:
 garbage-first heap   total 253952K, used 16561K [0x0000000709600000, 0x0000000800000000)
  region size 2048K, 6 young (12288K), 2 survivors (4096K)
 Metaspace       used 6978K, committed 7168K, reserved 1056768K
  class space    used 752K, committed 832K, reserved 1048576K

Heap Regions: E=young(eden), S=young(survivor), O=old, HS=humongous(starts), HC=humongous(continues), CS=collection set, F=free, OA=open archive, CA=closed archive, TAMS=top-at-mark-start (previous, next)
|   0|0x0000000709600000, 0x0000000709800000, 0x0000000709800000|100%|HS|  |TAMS 0x0000000709600000, 0x0000000709600000| Complete 
|   1|0x0000000709800000, 0x0000000709a00000, 0x0000000709a00000|100%|HC|  |TAMS 0x0000000709800000, 0x0000000709800000| Complete 
|   2|0x0000000709a00000, 0x0000000709c00000, 0x0000000709c00000|100%| O|  |TAMS 0x0000000709a00000, 0x0000000709a00000| Untracked 
|   3|0x0000000709c00000, 0x0000000709c2c400, 0x0000000709e00000|  8%| O|  |TAMS 0x0000000709c00000, 0x0000000709c00000| Untracked 
|   4|0x0000000709e00000, 0x0000000709e00000, 0x000000070a000000|  0%| F|  |TAMS 0x0000000709e00000, 0x0000000709e00000| Untracked 
|   5|0x000000070a000000, 0x000000070a000000, 0x000000070a200000|  0%| F|  |TAMS 0x000000070a000000, 0x000000070a000000| Untracked 
|   6|0x000000070a200000, 0x000000070a200000, 0x000000070a400000|  0%| F|  |TAMS 0x000000070a200000, 0x000000070a200000| Untracked 
|   7|0x000000070a400000, 0x000000070a400000, 0x000000070a600000|  0%| F|  |TAMS 0x000000070a400000, 0x000000070a400000| Untracked 
|   8|0x000000070a600000, 0x000000070a600000, 0x000000070a800000|  0%| F|  |TAMS 0x000000070a600000, 0x000000070a600000| Untracked 
|   9|0x000000070a800000, 0x000000070a800000, 0x000000070aa00000|  0%| F|  |TAMS 0x000000070a800000, 0x000000070a800000| Untracked 
|  10|0x000000070aa00000, 0x000000070aa00000, 0x000000070ac00000|  0%| F|  |TAMS 0x000000070aa00000, 0x000000070aa00000| Untracked 
|  11|0x000000070ac00000, 0x000000070ac00000, 0x000000070ae00000|  0%| F|  |TAMS 0x000000070ac00000, 0x000000070ac00000| Untracked 
|  12|0x000000070ae00000, 0x000000070ae00000, 0x000000070b000000|  0%| F|  |TAMS 0x000000070ae00000, 0x000000070ae00000| Untracked 
|  13|0x000000070b000000, 0x000000070b000000, 0x000000070b200000|  0%| F|  |TAMS 0x000000070b000000, 0x000000070b000000| Untracked 
|  14|0x000000070b200000, 0x000000070b200000, 0x000000070b400000|  0%| F|  |TAMS 0x000000070b200000, 0x000000070b200000| Untracked 
|  15|0x000000070b400000, 0x000000070b400000, 0x000000070b600000|  0%| F|  |TAMS 0x000000070b400000, 0x000000070b400000| Untracked 
|  16|0x000000070b600000, 0x000000070b600000, 0x000000070b800000|  0%| F|  |TAMS 0x000000070b600000, 0x000000070b600000| Untracked 
|  17|0x000000070b800000, 0x000000070b800000, 0x000000070ba00000|  0%| F|  |TAMS 0x000000070b800000, 0x000000070b800000| Untracked 
|  18|0x000000070ba00000, 0x000000070ba00000, 0x000000070bc00000|  0%| F|  |TAMS 0x000000070ba00000, 0x000000070ba00000| Untracked 
|  19|0x000000070bc00000, 0x000000070bc00000, 0x000000070be00000|  0%| F|  |TAMS 0x000000070bc00000, 0x000000070bc00000| Untracked 
|  20|0x000000070be00000, 0x000000070be00000, 0x000000070c000000|  0%| F|  |TAMS 0x000000070be00000, 0x000000070be00000| Untracked 
|  21|0x000000070c000000, 0x000000070c000000, 0x000000070c200000|  0%| F|  |TAMS 0x000000070c000000, 0x000000070c000000| Untracked 
|  22|0x000000070c200000, 0x000000070c200000, 0x000000070c400000|  0%| F|  |TAMS 0x000000070c200000, 0x000000070c200000| Untracked 
|  23|0x000000070c400000, 0x000000070c400000, 0x000000070c600000|  0%| F|  |TAMS 0x000000070c400000, 0x000000070c400000| Untracked 
|  24|0x000000070c600000, 0x000000070c600000, 0x000000070c800000|  0%| F|  |TAMS 0x000000070c600000, 0x000000070c600000| Untracked 
|  25|0x000000070c800000, 0x000000070c800000, 0x000000070ca00000|  0%| F|  |TAMS 0x000000070c800000, 0x000000070c800000| Untracked 
|  26|0x000000070ca00000, 0x000000070ca00000, 0x000000070cc00000|  0%| F|  |TAMS 0x000000070ca00000, 0x000000070ca00000| Untracked 
|  27|0x000000070cc00000, 0x000000070cc00000, 0x000000070ce00000|  0%| F|  |TAMS 0x000000070cc00000, 0x000000070cc00000| Untracked 
|  28|0x000000070ce00000, 0x000000070ce00000, 0x000000070d000000|  0%| F|  |TAMS 0x000000070ce00000, 0x000000070ce00000| Untracked 
|  29|0x000000070d000000, 0x000000070d000000, 0x000000070d200000|  0%| F|  |TAMS 0x000000070d000000, 0x000000070d000000| Untracked 
|  30|0x000000070d200000, 0x000000070d200000, 0x000000070d400000|  0%| F|  |TAMS 0x000000070d200000, 0x000000070d200000| Untracked 
|  31|0x000000070d400000, 0x000000070d400000, 0x000000070d600000|  0%| F|  |TAMS 0x000000070d400000, 0x000000070d400000| Untracked 
|  32|0x000000070d600000, 0x000000070d600000, 0x000000070d800000|  0%| F|  |TAMS 0x000000070d600000, 0x000000070d600000| Untracked 
|  33|0x000000070d800000, 0x000000070d800000, 0x000000070da00000|  0%| F|  |TAMS 0x000000070d800000, 0x000000070d800000| Untracked 
|  34|0x000000070da00000, 0x000000070da00000, 0x000000070dc00000|  0%| F|  |TAMS 0x000000070da00000, 0x000000070da00000| Untracked 
|  35|0x000000070dc00000, 0x000000070dc00000, 0x000000070de00000|  0%| F|  |TAMS 0x000000070dc00000, 0x000000070dc00000| Untracked 
|  36|0x000000070de00000, 0x000000070de00000, 0x000000070e000000|  0%| F|  |TAMS 0x000000070de00000, 0x000000070de00000| Untracked 
|  37|0x000000070e000000, 0x000000070e000000, 0x000000070e200000|  0%| F|  |TAMS 0x000000070e000000, 0x000000070e000000| Untracked 
|  38|0x000000070e200000, 0x000000070e200000, 0x000000070e400000|  0%| F|  |TAMS 0x000000070e200000, 0x000000070e200000| Untracked 
|  39|0x000000070e400000, 0x000000070e400000, 0x000000070e600000|  0%| F|  |TAMS 0x000000070e400000, 0x000000070e400000| Untracked 
|  40|0x000000070e600000, 0x000000070e600000, 0x000000070e800000|  0%| F|  |TAMS 0x000000070e600000, 0x000000070e600000| Untracked 
|  41|0x000000070e800000, 0x000000070e800000, 0x000000070ea00000|  0%| F|  |TAMS 0x000000070e800000, 0x000000070e800000| Untracked 
|  42|0x000000070ea00000, 0x000000070ea00000, 0x000000070ec00000|  0%| F|  |TAMS 0x000000070ea00000, 0x000000070ea00000| Untracked 
|  43|0x000000070ec00000, 0x000000070ec00000, 0x000000070ee00000|  0%| F|  |TAMS 0x000000070ec00000, 0x000000070ec00000| Untracked 
|  44|0x000000070ee00000, 0x000000070ee00000, 0x000000070f000000|  0%| F|  |TAMS 0x000000070ee00000, 0x000000070ee00000| Untracked 
|  45|0x000000070f000000, 0x000000070f000000, 0x000000070f200000|  0%| F|  |TAMS 0x000000070f000000, 0x000000070f000000| Untracked 
|  46|0x000000070f200000, 0x000000070f200000, 0x000000070f400000|  0%| F|  |TAMS 0x000000070f200000, 0x000000070f200000| Untracked 
|  47|0x000000070f400000, 0x000000070f400000, 0x000000070f600000|  0%| F|  |TAMS 0x000000070f400000, 0x000000070f400000| Untracked 
|  48|0x000000070f600000, 0x000000070f600000, 0x000000070f800000|  0%| F|  |TAMS 0x000000070f600000, 0x000000070f600000| Untracked 
|  49|0x000000070f800000, 0x000000070f800000, 0x000000070fa00000|  0%| F|  |TAMS 0x000000070f800000, 0x000000070f800000| Untracked 
|  50|0x000000070fa00000, 0x000000070fa00000, 0x000000070fc00000|  0%| F|  |TAMS 0x000000070fa00000, 0x000000070fa00000| Untracked 
|  51|0x000000070fc00000, 0x000000070fc00000, 0x000000070fe00000|  0%| F|  |TAMS 0x000000070fc00000, 0x000000070fc00000| Untracked 
|  52|0x000000070fe00000, 0x000000070fe00000, 0x0000000710000000|  0%| F|  |TAMS 0x000000070fe00000, 0x000000070fe00000| Untracked 
|  53|0x0000000710000000, 0x0000000710000000, 0x0000000710200000|  0%| F|  |TAMS 0x0000000710000000, 0x0000000710000000| Untracked 
|  54|0x0000000710200000, 0x0000000710200000, 0x0000000710400000|  0%| F|  |TAMS 0x0000000710200000, 0x0000000710200000| Untracked 
|  55|0x0000000710400000, 0x0000000710400000, 0x0000000710600000|  0%| F|  |TAMS 0x0000000710400000, 0x0000000710400000| Untracked 
|  56|0x0000000710600000, 0x0000000710600000, 0x0000000710800000|  0%| F|  |TAMS 0x0000000710600000, 0x0000000710600000| Untracked 
|  57|0x0000000710800000, 0x0000000710800000, 0x0000000710a00000|  0%| F|  |TAMS 0x0000000710800000, 0x0000000710800000| Untracked 
|  58|0x0000000710a00000, 0x0000000710a00000, 0x0000000710c00000|  0%| F|  |TAMS 0x0000000710a00000, 0x0000000710a00000| Untracked 
|  59|0x0000000710c00000, 0x0000000710c00000, 0x0000000710e00000|  0%| F|  |TAMS 0x0000000710c00000, 0x0000000710c00000| Untracked 
|  60|0x0000000710e00000, 0x0000000710e00000, 0x0000000711000000|  0%| F|  |TAMS 0x0000000710e00000, 0x0000000710e00000| Untracked 
|  61|0x0000000711000000, 0x0000000711000000, 0x0000000711200000|  0%| F|  |TAMS 0x0000000711000000, 0x0000000711000000| Untracked 
|  62|0x0000000711200000, 0x0000000711200000, 0x0000000711400000|  0%| F|  |TAMS 0x0000000711200000, 0x0000000711200000| Untracked 
|  63|0x0000000711400000, 0x0000000711400000, 0x0000000711600000|  0%| F|  |TAMS 0x0000000711400000, 0x0000000711400000| Untracked 
|  64|0x0000000711600000, 0x0000000711600000, 0x0000000711800000|  0%| F|  |TAMS 0x0000000711600000, 0x0000000711600000| Untracked 
|  65|0x0000000711800000, 0x0000000711800000, 0x0000000711a00000|  0%| F|  |TAMS 0x0000000711800000, 0x0000000711800000| Untracked 
|  66|0x0000000711a00000, 0x0000000711a00000, 0x0000000711c00000|  0%| F|  |TAMS 0x0000000711a00000, 0x0000000711a00000| Untracked 
|  67|0x0000000711c00000, 0x0000000711c00000, 0x0000000711e00000|  0%| F|  |TAMS 0x0000000711c00000, 0x0000000711c00000| Untracked 
|  68|0x0000000711e00000, 0x0000000711e00000, 0x0000000712000000|  0%| F|  |TAMS 0x0000000711e00000, 0x0000000711e00000| Untracked 
|  69|0x0000000712000000, 0x0000000712000000, 0x0000000712200000|  0%| F|  |TAMS 0x0000000712000000, 0x0000000712000000| Untracked 
|  70|0x0000000712200000, 0x0000000712200000, 0x0000000712400000|  0%| F|  |TAMS 0x0000000712200000, 0x0000000712200000| Untracked 
|  71|0x0000000712400000, 0x0000000712400000, 0x0000000712600000|  0%| F|  |TAMS 0x0000000712400000, 0x0000000712400000| Untracked 
|  72|0x0000000712600000, 0x0000000712600000, 0x0000000712800000|  0%| F|  |TAMS 0x0000000712600000, 0x0000000712600000| Untracked 
|  73|0x0000000712800000, 0x0000000712800000, 0x0000000712a00000|  0%| F|  |TAMS 0x0000000712800000, 0x0000000712800000| Untracked 
|  74|0x0000000712a00000, 0x0000000712a00000, 0x0000000712c00000|  0%| F|  |TAMS 0x0000000712a00000, 0x0000000712a00000| Untracked 
|  75|0x0000000712c00000, 0x0000000712c00000, 0x0000000712e00000|  0%| F|  |TAMS 0x0000000712c00000, 0x0000000712c00000| Untracked 
|  76|0x0000000712e00000, 0x0000000712e00000, 0x0000000713000000|  0%| F|  |TAMS 0x0000000712e00000, 0x0000000712e00000| Untracked 
|  77|0x0000000713000000, 0x0000000713000000, 0x0000000713200000|  0%| F|  |TAMS 0x0000000713000000, 0x0000000713000000| Untracked 
|  78|0x0000000713200000, 0x0000000713200000, 0x0000000713400000|  0%| F|  |TAMS 0x0000000713200000, 0x0000000713200000| Untracked 
|  79|0x0000000713400000, 0x0000000713400000, 0x0000000713600000|  0%| F|  |TAMS 0x0000000713400000, 0x0000000713400000| Untracked 
|  80|0x0000000713600000, 0x0000000713600000, 0x0000000713800000|  0%| F|  |TAMS 0x0000000713600000, 0x0000000713600000| Untracked 
|  81|0x0000000713800000, 0x0000000713800000, 0x0000000713a00000|  0%| F|  |TAMS 0x0000000713800000, 0x0000000713800000| Untracked 
|  82|0x0000000713a00000, 0x0000000713a00000, 0x0000000713c00000|  0%| F|  |TAMS 0x0000000713a00000, 0x0000000713a00000| Untracked 
|  83|0x0000000713c00000, 0x0000000713c00000, 0x0000000713e00000|  0%| F|  |TAMS 0x0000000713c00000, 0x0000000713c00000| Untracked 
|  84|0x0000000713e00000, 0x0000000713e00000, 0x0000000714000000|  0%| F|  |TAMS 0x0000000713e00000, 0x0000000713e00000| Untracked 
|  85|0x0000000714000000, 0x0000000714000000, 0x0000000714200000|  0%| F|  |TAMS 0x0000000714000000, 0x0000000714000000| Untracked 
|  86|0x0000000714200000, 0x0000000714200000, 0x0000000714400000|  0%| F|  |TAMS 0x0000000714200000, 0x0000000714200000| Untracked 
|  87|0x0000000714400000, 0x0000000714400000, 0x0000000714600000|  0%| F|  |TAMS 0x0000000714400000, 0x0000000714400000| Untracked 
|  88|0x0000000714600000, 0x0000000714600000, 0x0000000714800000|  0%| F|  |TAMS 0x0000000714600000, 0x0000000714600000| Untracked 
|  89|0x0000000714800000, 0x0000000714800000, 0x0000000714a00000|  0%| F|  |TAMS 0x0000000714800000, 0x0000000714800000| Untracked 
|  90|0x0000000714a00000, 0x0000000714a00000, 0x0000000714c00000|  0%| F|  |TAMS 0x0000000714a00000, 0x0000000714a00000| Untracked 
|  91|0x0000000714c00000, 0x0000000714c00000, 0x0000000714e00000|  0%| F|  |TAMS 0x0000000714c00000, 0x0000000714c00000| Untracked 
|  92|0x0000000714e00000, 0x0000000714e00000, 0x0000000715000000|  0%| F|  |TAMS 0x0000000714e00000, 0x0000000714e00000| Untracked 
|  93|0x0000000715000000, 0x0000000715000000, 0x0000000715200000|  0%| F|  |TAMS 0x0000000715000000, 0x0000000715000000| Untracked 
|  94|0x0000000715200000, 0x0000000715200000, 0x0000000715400000|  0%| F|  |TAMS 0x0000000715200000, 0x0000000715200000| Untracked 
|  95|0x0000000715400000, 0x0000000715400000, 0x0000000715600000|  0%| F|  |TAMS 0x0000000715400000, 0x0000000715400000| Untracked 
|  96|0x0000000715600000, 0x0000000715600000, 0x0000000715800000|  0%| F|  |TAMS 0x0000000715600000, 0x0000000715600000| Untracked 
|  97|0x0000000715800000, 0x0000000715800000, 0x0000000715a00000|  0%| F|  |TAMS 0x0000000715800000, 0x0000000715800000| Untracked 
|  98|0x0000000715a00000, 0x0000000715a00000, 0x0000000715c00000|  0%| F|  |TAMS 0x0000000715a00000, 0x0000000715a00000| Untracked 
|  99|0x0000000715c00000, 0x0000000715c00000, 0x0000000715e00000|  0%| F|  |TAMS 0x0000000715c00000, 0x0000000715c00000| Untracked 
| 100|0x0000000715e00000, 0x0000000715e00000, 0x0000000716000000|  0%| F|  |TAMS 0x0000000715e00000, 0x0000000715e00000| Untracked 
| 101|0x0000000716000000, 0x0000000716000000, 0x0000000716200000|  0%| F|  |TAMS 0x0000000716000000, 0x0000000716000000| Untracked 
| 102|0x0000000716200000, 0x0000000716200000, 0x0000000716400000|  0%| F|  |TAMS 0x0000000716200000, 0x0000000716200000| Untracked 
| 103|0x0000000716400000, 0x0000000716400000, 0x0000000716600000|  0%| F|  |TAMS 0x0000000716400000, 0x0000000716400000| Untracked 
| 104|0x0000000716600000, 0x0000000716600000, 0x0000000716800000|  0%| F|  |TAMS 0x0000000716600000, 0x0000000716600000| Untracked 
| 105|0x0000000716800000, 0x0000000716800000, 0x0000000716a00000|  0%| F|  |TAMS 0x0000000716800000, 0x0000000716800000| Untracked 
| 106|0x0000000716a00000, 0x0000000716a00000, 0x0000000716c00000|  0%| F|  |TAMS 0x0000000716a00000, 0x0000000716a00000| Untracked 
| 107|0x0000000716c00000, 0x0000000716c00000, 0x0000000716e00000|  0%| F|  |TAMS 0x0000000716c00000, 0x0000000716c00000| Untracked 
| 108|0x0000000716e00000, 0x0000000716e00000, 0x0000000717000000|  0%| F|  |TAMS 0x0000000716e00000, 0x0000000716e00000| Untracked 
| 109|0x0000000717000000, 0x0000000717000000, 0x0000000717200000|  0%| F|  |TAMS 0x0000000717000000, 0x0000000717000000| Untracked 
| 110|0x0000000717200000, 0x0000000717200000, 0x0000000717400000|  0%| F|  |TAMS 0x0000000717200000, 0x0000000717200000| Untracked 
| 111|0x0000000717400000, 0x0000000717600000, 0x0000000717600000|100%| S|CS|TAMS 0x0000000717400000, 0x0000000717400000| Complete 
| 112|0x0000000717600000, 0x0000000717800000, 0x0000000717800000|100%| S|CS|TAMS 0x0000000717600000, 0x0000000717600000| Complete 
| 113|0x0000000717800000, 0x0000000717800000, 0x0000000717a00000|  0%| F|  |TAMS 0x0000000717800000, 0x0000000717800000| Untracked 
| 114|0x0000000717a00000, 0x0000000717a00000, 0x0000000717c00000|  0%| F|  |TAMS 0x0000000717a00000, 0x0000000717a00000| Untracked 
| 115|0x0000000717c00000, 0x0000000717c00000, 0x0000000717e00000|  0%| F|  |TAMS 0x0000000717c00000, 0x0000000717c00000| Untracked 
| 116|0x0000000717e00000, 0x0000000717e00000, 0x0000000718000000|  0%| F|  |TAMS 0x0000000717e00000, 0x0000000717e00000| Untracked 
| 117|0x0000000718000000, 0x0000000718000000, 0x0000000718200000|  0%| F|  |TAMS 0x0000000718000000, 0x0000000718000000| Untracked 
| 118|0x0000000718200000, 0x0000000718200000, 0x0000000718400000|  0%| F|  |TAMS 0x0000000718200000, 0x0000000718200000| Untracked 
| 119|0x0000000718400000, 0x0000000718400000, 0x0000000718600000|  0%| F|  |TAMS 0x0000000718400000, 0x0000000718400000| Untracked 
| 120|0x0000000718600000, 0x0000000718700278, 0x0000000718800000| 50%| E|  |TAMS 0x0000000718600000, 0x0000000718600000| Complete 
| 121|0x0000000718800000, 0x0000000718a00000, 0x0000000718a00000|100%| E|CS|TAMS 0x0000000718800000, 0x0000000718800000| Complete 
| 122|0x0000000718a00000, 0x0000000718c00000, 0x0000000718c00000|100%| E|CS|TAMS 0x0000000718a00000, 0x0000000718a00000| Complete 
| 123|0x0000000718c00000, 0x0000000718e00000, 0x0000000718e00000|100%| E|CS|TAMS 0x0000000718c00000, 0x0000000718c00000| Complete 

Card table byte_map: [0x0000020d7e3f0000,0x0000020d7ebb0000] _byte_map_base: 0x0000020d7aba5000

Marking Bits (Prev, Next): (CMBitMap*) 0x0000020d7d31e330, (CMBitMap*) 0x0000020d7d31e370
 Prev Bits: [0x0000020d169f0000, 0x0000020d1a798000)
 Next Bits: [0x0000020d1a7a0000, 0x0000020d1e548000)

Polling page: 0x0000020d7cab0000

Metaspace:

Usage:
  Non-class:      6.08 MB used.
      Class:    752.12 KB used.
       Both:      6.82 MB used.

Virtual space:
  Non-class space:        8.00 MB reserved,       6.19 MB ( 77%) committed,  1 nodes.
      Class space:        1.00 GB reserved,     832.00 KB ( <1%) committed,  1 nodes.
             Both:        1.01 GB reserved,       7.00 MB ( <1%) committed. 

Chunk freelists:
   Non-Class:  912.00 KB
       Class:  3.22 MB
        Both:  4.12 MB

MaxMetaspaceSize: unlimited
CompressedClassSpaceSize: 1.00 GB
Initial GC threshold: 21.00 MB
Current GC threshold: 21.00 MB
CDS: on
MetaspaceReclaimPolicy: balanced
 - commit_granule_bytes: 65536.
 - commit_granule_words: 8192.
 - virtual_space_node_default_size: 1048576.
 - enlarge_chunks_in_place: 1.
 - new_chunks_are_fully_committed: 0.
 - uncommit_free_chunks: 1.
 - use_allocation_guard: 0.
 - handle_deallocations: 1.


Internal statistics:

num_allocs_failed_limit: 0.
num_arena_births: 128.
num_arena_deaths: 0.
num_vsnodes_births: 2.
num_vsnodes_deaths: 0.
num_space_committed: 112.
num_space_uncommitted: 0.
num_chunks_returned_to_freelist: 0.
num_chunks_taken_from_freelist: 178.
num_chunk_merges: 0.
num_chunk_splits: 106.
num_chunks_enlarged: 52.
num_purges: 0.
num_inconsistent_stats: 0.

CodeHeap 'non-profiled nmethods': size=119168Kb used=474Kb max_used=474Kb free=118694Kb
 bounds [0x0000020d0f590000, 0x0000020d0f800000, 0x0000020d169f0000]
CodeHeap 'profiled nmethods': size=119104Kb used=1636Kb max_used=1636Kb free=117467Kb
 bounds [0x0000020d08140000, 0x0000020d083b0000, 0x0000020d0f590000]
CodeHeap 'non-nmethods': size=7488Kb used=2383Kb max_used=2414Kb free=5104Kb
 bounds [0x0000020d079f0000, 0x0000020d07c60000, 0x0000020d08140000]
 total_blobs=1747 nmethods=1167 adapters=491
 compilation: enabled
              stopped_count=0, restarted_count=0
 full_count=0

Compilation events (20 events):
Event: 1.080 Thread 0x0000020d2094ecd0 1158       4       summit.gfx.Renderer::filterFrame (57 bytes)
Event: 1.083 Thread 0x0000020d21535220 1159       1       summit.game.entity.Entity::getHealth (5 bytes)
Event: 1.083 Thread 0x0000020d215328f0 1160       1       summit.game.entity.Entity::getLight (5 bytes)
Event: 1.083 Thread 0x0000020d215328f0 nmethod 1160 0x0000020d0f601790 code [0x0000020d0f601920, 0x0000020d0f6019f8]
Event: 1.083 Thread 0x0000020d21535220 nmethod 1159 0x0000020d0f601a90 code [0x0000020d0f601c20, 0x0000020d0f601cf8]
Event: 1.084 Thread 0x0000020d2094ecd0 nmethod 1158 0x0000020d0f601d90 code [0x0000020d0f601f20, 0x0000020d0f602198]
Event: 1.086 Thread 0x0000020d21535220 1161       1       summit.game.GameUpdateEvent::getMap (5 bytes)
Event: 1.086 Thread 0x0000020d215328f0 1163       1       summit.game.entity.Entity::setInWater (6 bytes)
Event: 1.086 Thread 0x0000020d21420090 1162       1       summit.game.tile.Tile::getName (5 bytes)
Event: 1.086 Thread 0x0000020d21535220 nmethod 1161 0x0000020d0f602410 code [0x0000020d0f6025a0, 0x0000020d0f602678]
Event: 1.086 Thread 0x0000020d215328f0 nmethod 1163 0x0000020d0f602710 code [0x0000020d0f6028a0, 0x0000020d0f602978]
Event: 1.086 Thread 0x0000020d21420090 nmethod 1162 0x0000020d0f602a10 code [0x0000020d0f602ba0, 0x0000020d0f602c78]
Event: 1.086 Thread 0x0000020d215328f0 1164       1       summit.game.entity.Entity::getDx (5 bytes)
Event: 1.086 Thread 0x0000020d21535220 1165       1       summit.game.entity.Entity::getDy (5 bytes)
Event: 1.086 Thread 0x0000020d21420090 1166       1       summit.gfx.Camera::setX (6 bytes)
Event: 1.086 Thread 0x0000020d21535220 nmethod 1165 0x0000020d0f602d10 code [0x0000020d0f602ea0, 0x0000020d0f602f78]
Event: 1.086 Thread 0x0000020d215328f0 nmethod 1164 0x0000020d0f603010 code [0x0000020d0f6031a0, 0x0000020d0f603278]
Event: 1.086 Thread 0x0000020d21420090 nmethod 1166 0x0000020d0f603310 code [0x0000020d0f6034a0, 0x0000020d0f603578]
Event: 1.086 Thread 0x0000020d215328f0 1167       1       summit.gfx.Camera::setY (6 bytes)
Event: 1.086 Thread 0x0000020d215328f0 nmethod 1167 0x0000020d0f603610 code [0x0000020d0f6037a0, 0x0000020d0f603878]

GC Heap History (2 events):
Event: 1.014 GC heap before
{Heap before GC invocations=0 (full 0):
 garbage-first heap   total 253952K, used 26624K [0x0000000709600000, 0x0000000800000000)
  region size 2048K, 11 young (22528K), 0 survivors (0K)
 Metaspace       used 6966K, committed 7104K, reserved 1056768K
  class space    used 752K, committed 832K, reserved 1048576K
}
Event: 1.017 GC heap after
{Heap after GC invocations=1 (full 0):
 garbage-first heap   total 253952K, used 10417K [0x0000000709600000, 0x0000000800000000)
  region size 2048K, 2 young (4096K), 2 survivors (4096K)
 Metaspace       used 6966K, committed 7104K, reserved 1056768K
  class space    used 752K, committed 832K, reserved 1048576K
}

Deoptimization events (20 events):
Event: 1.042 Thread 0x0000020d21e7cd40 DEOPT PACKING pc=0x0000020d082d0222 sp=0x000000a5ec5ff0a0
Event: 1.042 Thread 0x0000020d21e7cd40 DEOPT UNPACKING pc=0x0000020d07a42b43 sp=0x000000a5ec5fe548 mode 0
Event: 1.042 Thread 0x0000020d21e7cd40 DEOPT PACKING pc=0x0000020d082d0222 sp=0x000000a5ec5ff0a0
Event: 1.042 Thread 0x0000020d21e7cd40 DEOPT UNPACKING pc=0x0000020d07a42b43 sp=0x000000a5ec5fe548 mode 0
Event: 1.042 Thread 0x0000020d21e7cd40 DEOPT PACKING pc=0x0000020d082d0222 sp=0x000000a5ec5ff0a0
Event: 1.042 Thread 0x0000020d21e7cd40 DEOPT UNPACKING pc=0x0000020d07a42b43 sp=0x000000a5ec5fe548 mode 0
Event: 1.042 Thread 0x0000020d21e7cd40 DEOPT PACKING pc=0x0000020d082d0222 sp=0x000000a5ec5ff0a0
Event: 1.042 Thread 0x0000020d21e7cd40 DEOPT UNPACKING pc=0x0000020d07a42b43 sp=0x000000a5ec5fe548 mode 0
Event: 1.043 Thread 0x0000020d21e7cd40 DEOPT PACKING pc=0x0000020d082d0222 sp=0x000000a5ec5ff0a0
Event: 1.043 Thread 0x0000020d21e7cd40 DEOPT UNPACKING pc=0x0000020d07a42b43 sp=0x000000a5ec5fe548 mode 0
Event: 1.043 Thread 0x0000020d21e7cd40 DEOPT PACKING pc=0x0000020d082d0222 sp=0x000000a5ec5ff0a0
Event: 1.043 Thread 0x0000020d21e7cd40 DEOPT UNPACKING pc=0x0000020d07a42b43 sp=0x000000a5ec5fe548 mode 0
Event: 1.043 Thread 0x0000020d21e7cd40 DEOPT PACKING pc=0x0000020d082d0222 sp=0x000000a5ec5ff0a0
Event: 1.043 Thread 0x0000020d21e7cd40 DEOPT UNPACKING pc=0x0000020d07a42b43 sp=0x000000a5ec5fe548 mode 0
Event: 1.053 Thread 0x0000020d21e7cd40 DEOPT PACKING pc=0x0000020d082d2c9d sp=0x000000a5ec5fed40
Event: 1.053 Thread 0x0000020d21e7cd40 DEOPT UNPACKING pc=0x0000020d07a42b43 sp=0x000000a5ec5fe1d0 mode 0
Event: 1.058 Thread 0x0000020d21e7cd40 DEOPT PACKING pc=0x0000020d082d2c9d sp=0x000000a5ec5fedd0
Event: 1.058 Thread 0x0000020d21e7cd40 DEOPT UNPACKING pc=0x0000020d07a42b43 sp=0x000000a5ec5fe260 mode 0
Event: 1.080 Thread 0x0000020d21e7cd40 DEOPT PACKING pc=0x0000020d082d55d7 sp=0x000000a5ec5ff160
Event: 1.080 Thread 0x0000020d21e7cd40 DEOPT UNPACKING pc=0x0000020d07a42b43 sp=0x000000a5ec5fe608 mode 0

Classes unloaded (0 events):
No events

Classes redefined (0 events):
No events

Internal exceptions (13 events):
Event: 0.051 Thread 0x0000020d215775c0 Exception <a 'java/lang/ClassNotFoundException'{0x0000000718a2b1e8}: sun/awt/resources/spi/awtProvider> (0x0000000718a2b1e8) 
thrown [e:\jenkins\tmp\workspace\build\src\src\hotspot\share\classfile\systemDictionary.cpp, line 256]
Event: 0.070 Thread 0x0000020d215775c0 Exception <a 'java/io/FileNotFoundException'{0x0000000718b656f8}> (0x0000000718b656f8) 
thrown [e:\jenkins\tmp\workspace\build\src\src\hotspot\share\prims\jni.cpp, line 516]
Event: 0.076 Thread 0x0000020d215775c0 Exception <a 'java/io/FileNotFoundException'{0x0000000718b92650}> (0x0000000718b92650) 
thrown [e:\jenkins\tmp\workspace\build\src\src\hotspot\share\prims\jni.cpp, line 516]
Event: 0.089 Thread 0x0000020d215775c0 Exception <a 'java/lang/NoSuchMethodError'{0x0000000718bc7e78}: 'java.lang.Object java.lang.invoke.DirectMethodHandle$Holder.invokeStaticInit(java.lang.Object)'> (0x0000000718bc7e78) 
thrown [e:\jenkins\tmp\workspace\build\src\src\hotspot\share\interpreter\linkResolver.cpp, line 766]
Event: 0.230 Thread 0x0000020d215775c0 Exception <a 'java/lang/NoSuchMethodError'{0x0000000718764418}: 'void java.lang.invoke.DirectMethodHandle$Holder.invokeSpecial(java.lang.Object, java.lang.Object, java.lang.Object)'> (0x0000000718764418) 
thrown [e:\jenkins\tmp\workspace\build\src\src\hotspot\share\interpreter\linkResolver.cpp, line 766]
Event: 0.237 Thread 0x0000020d215775c0 Exception <a 'java/lang/NoSuchMethodError'{0x000000071878e6b0}: 'java.lang.Object java.lang.invoke.DirectMethodHandle$Holder.newInvokeSpecial(java.lang.Object, java.lang.Object, java.lang.Object, java.lang.Object, java.lang.Object)'> (0x000000071878e6b0) 
thrown [e:\jenkins\tmp\workspace\build\src\src\hotspot\share\interpreter\linkResolver.cpp, line 766]
Event: 0.238 Thread 0x0000020d215775c0 Exception <a 'java/lang/NoSuchMethodError'{0x000000071879a078}: 'java.lang.Object java.lang.invoke.DirectMethodHandle$Holder.invokeStatic(java.lang.Object, int, java.lang.Object, java.lang.Object, java.lang.Object, java.lang.Object)'> (0x000000071879a078) 
thrown [e:\jenkins\tmp\workspace\build\src\src\hotspot\share\interpreter\linkResolver.cpp, line 766]
Event: 0.241 Thread 0x0000020d215775c0 Exception <a 'java/lang/NoSuchMethodError'{0x00000007187bf798}: 'java.lang.Object java.lang.invoke.DirectMethodHandle$Holder.invokeStatic(java.lang.Object, int, java.lang.Object)'> (0x00000007187bf798) 
thrown [e:\jenkins\tmp\workspace\build\src\src\hotspot\share\interpreter\linkResolver.cpp, line 766]
Event: 0.259 Thread 0x0000020d215775c0 Exception <a 'java/lang/ClassNotFoundException'{0x0000000718477be8}: com/sun/swing/internal/plaf/metal/resources/spi/metalProvider> (0x0000000718477be8) 
thrown [e:\jenkins\tmp\workspace\build\src\src\hotspot\share\classfile\systemDictionary.cpp, line 256]
Event: 0.260 Thread 0x0000020d215775c0 Exception <a 'java/lang/ClassNotFoundException'{0x000000071847bac0}: com/sun/swing/internal/plaf/basic/resources/spi/basicProvider> (0x000000071847bac0) 
thrown [e:\jenkins\tmp\workspace\build\src\src\hotspot\share\classfile\systemDictionary.cpp, line 256]
Event: 0.272 Thread 0x0000020d21753850 Exception <a 'java/lang/NoSuchMethodError'{0x0000000718680998}: 'void java.lang.invoke.DirectMethodHandle$Holder.invokeVirtual(java.lang.Object, java.lang.Object)'> (0x0000000718680998) 
thrown [e:\jenkins\tmp\workspace\build\src\src\hotspot\share\interpreter\linkResolver.cpp, line 766]
Event: 0.282 Thread 0x0000020d215775c0 Exception <a 'java/lang/NoSuchMethodError'{0x00000007184b99f0}: 'void java.lang.invoke.DirectMethodHandle$Holder.invokeStaticInit(java.lang.Object)'> (0x00000007184b99f0) 
thrown [e:\jenkins\tmp\workspace\build\src\src\hotspot\share\interpreter\linkResolver.cpp, line 766]
Event: 0.966 Thread 0x0000020d21e255a0 Implicit null exception at 0x0000020d0f5e5c8b to 0x0000020d0f5e5ee4

VM Operations (16 events):
Event: 0.037 Executing VM operation: HandshakeAllThreads
Event: 0.037 Executing VM operation: HandshakeAllThreads done
Event: 0.259 Executing VM operation: HandshakeAllThreads
Event: 0.259 Executing VM operation: HandshakeAllThreads done
Event: 0.299 Executing VM operation: HandshakeAllThreads
Event: 0.299 Executing VM operation: HandshakeAllThreads done
Event: 0.324 Executing VM operation: HandshakeAllThreads
Event: 0.324 Executing VM operation: HandshakeAllThreads done
Event: 0.949 Executing VM operation: HandshakeAllThreads
Event: 0.949 Executing VM operation: HandshakeAllThreads done
Event: 0.976 Executing VM operation: HandshakeAllThreads
Event: 0.976 Executing VM operation: HandshakeAllThreads done
Event: 0.978 Executing VM operation: HandshakeAllThreads
Event: 0.978 Executing VM operation: HandshakeAllThreads done
Event: 1.014 Executing VM operation: G1CollectForAllocation
Event: 1.017 Executing VM operation: G1CollectForAllocation done

Events (20 events):
Event: 0.346 loading class java/text/AttributedString
Event: 0.346 loading class java/text/AttributedString done
Event: 0.346 loading class java/text/AttributedString$AttributedStringIterator
Event: 0.346 loading class java/text/AttributedCharacterIterator
Event: 0.346 loading class java/text/CharacterIterator
Event: 0.346 loading class java/text/CharacterIterator done
Event: 0.346 loading class java/text/AttributedCharacterIterator done
Event: 0.346 loading class java/text/AttributedString$AttributedStringIterator done
Event: 0.355 loading class sun/awt/image/BufImgSurfaceManager
Event: 0.355 loading class sun/awt/image/BufImgSurfaceManager done
Event: 0.355 loading class sun/awt/image/BufImgSurfaceData
Event: 0.356 loading class sun/awt/image/BufImgSurfaceData done
Event: 0.356 loading class sun/awt/image/BufImgSurfaceData$ICMColorData
Event: 0.356 loading class sun/awt/image/BufImgSurfaceData$ICMColorData done
Event: 0.674 Thread 0x0000020d21729dc0 Thread exited: 0x0000020d21729dc0
Event: 0.947 loading class java/lang/Math$RandomNumberGeneratorHolder
Event: 0.947 loading class java/lang/Math$RandomNumberGeneratorHolder done
Event: 0.961 Thread 0x0000020d21ef7700 Thread added: 0x0000020d21ef7700
Event: 0.962 Thread 0x0000020d21ef7c10 Thread added: 0x0000020d21ef7c10
Event: 0.980 Thread 0x0000020d21e75e80 Thread added: 0x0000020d21e75e80


Dynamic libraries:
0x00007ff7039e0000 - 0x00007ff7039ee000 	C:\Users\aadiu\AppData\Local\Programs\Eclipse Adoptium\jdk-17.0.2.8-hotspot\bin\java.exe
0x00007ffb36970000 - 0x00007ffb36b68000 	C:\Windows\SYSTEM32\ntdll.dll
0x00007ffb352a0000 - 0x00007ffb3535f000 	C:\Windows\System32\KERNEL32.DLL
0x00007ffb34310000 - 0x00007ffb345e2000 	C:\Windows\System32\KERNELBASE.dll
0x00007ffb34110000 - 0x00007ffb34210000 	C:\Windows\System32\ucrtbase.dll
0x00007ffb1dfe0000 - 0x00007ffb1dff8000 	C:\Users\aadiu\AppData\Local\Programs\Eclipse Adoptium\jdk-17.0.2.8-hotspot\bin\jli.dll
0x00007ffb1dfc0000 - 0x00007ffb1dfd9000 	C:\Users\aadiu\AppData\Local\Programs\Eclipse Adoptium\jdk-17.0.2.8-hotspot\bin\VCRUNTIME140.dll
0x00007ffb35530000 - 0x00007ffb356cd000 	C:\Windows\System32\USER32.dll
0x00007ffb20b10000 - 0x00007ffb20daa000 	C:\Windows\WinSxS\amd64_microsoft.windows.common-controls_6595b64144ccf1df_6.0.19041.1110_none_60b5254171f9507e\COMCTL32.dll
0x00007ffb34720000 - 0x00007ffb34742000 	C:\Windows\System32\win32u.dll
0x00007ffb35fa0000 - 0x00007ffb35fcb000 	C:\Windows\System32\GDI32.dll
0x00007ffb35f00000 - 0x00007ffb35f9e000 	C:\Windows\System32\msvcrt.dll
0x00007ffb34750000 - 0x00007ffb3485f000 	C:\Windows\System32\gdi32full.dll
0x00007ffb345f0000 - 0x00007ffb3468d000 	C:\Windows\System32\msvcp_win.dll
0x00007ffb356f0000 - 0x00007ffb35722000 	C:\Windows\System32\IMM32.DLL
0x00007ffb2e4e0000 - 0x00007ffb2e4ec000 	C:\Users\aadiu\AppData\Local\Programs\Eclipse Adoptium\jdk-17.0.2.8-hotspot\bin\vcruntime140_1.dll
0x00007ffb0af30000 - 0x00007ffb0afc1000 	C:\Users\aadiu\AppData\Local\Programs\Eclipse Adoptium\jdk-17.0.2.8-hotspot\bin\msvcp140.dll
0x00007ffabe360000 - 0x00007ffabefa7000 	C:\Users\aadiu\AppData\Local\Programs\Eclipse Adoptium\jdk-17.0.2.8-hotspot\bin\server\jvm.dll
0x00007ffb34ec0000 - 0x00007ffb34f6e000 	C:\Windows\System32\ADVAPI32.dll
0x00007ffb35e60000 - 0x00007ffb35efc000 	C:\Windows\System32\sechost.dll
0x00007ffb35ba0000 - 0x00007ffb35cc5000 	C:\Windows\System32\RPCRT4.dll
0x00007ffb34eb0000 - 0x00007ffb34eb8000 	C:\Windows\System32\PSAPI.DLL
0x00007ffb31d40000 - 0x00007ffb31d67000 	C:\Windows\SYSTEM32\WINMM.dll
0x00007ffb1d990000 - 0x00007ffb1d999000 	C:\Windows\SYSTEM32\WSOCK32.dll
0x00007ffb2d720000 - 0x00007ffb2d72a000 	C:\Windows\SYSTEM32\VERSION.dll
0x00007ffb35160000 - 0x00007ffb351cb000 	C:\Windows\System32\WS2_32.dll
0x00007ffb31fa0000 - 0x00007ffb31fb2000 	C:\Windows\SYSTEM32\kernel.appcore.dll
0x00007ffb2a2a0000 - 0x00007ffb2a2aa000 	C:\Users\aadiu\AppData\Local\Programs\Eclipse Adoptium\jdk-17.0.2.8-hotspot\bin\jimage.dll
0x00007ffb31b50000 - 0x00007ffb31d34000 	C:\Windows\SYSTEM32\DBGHELP.DLL
0x00007ffb31b20000 - 0x00007ffb31b4c000 	C:\Windows\SYSTEM32\dbgcore.DLL
0x00007ffb34690000 - 0x00007ffb34712000 	C:\Windows\System32\bcryptPrimitives.dll
0x00007ffb19cd0000 - 0x00007ffb19cf5000 	C:\Users\aadiu\AppData\Local\Programs\Eclipse Adoptium\jdk-17.0.2.8-hotspot\bin\java.dll
0x00007ffafa4c0000 - 0x00007ffafa596000 	C:\Users\aadiu\AppData\Local\Programs\Eclipse Adoptium\jdk-17.0.2.8-hotspot\bin\jsvml.dll
0x00007ffb35fd0000 - 0x00007ffb36713000 	C:\Windows\System32\SHELL32.dll
0x00007ffb32130000 - 0x00007ffb328c2000 	C:\Windows\SYSTEM32\windows.storage.dll
0x00007ffb34ad0000 - 0x00007ffb34e24000 	C:\Windows\System32\combase.dll
0x00007ffb33a60000 - 0x00007ffb33a90000 	C:\Windows\SYSTEM32\Wldp.dll
0x00007ffb349c0000 - 0x00007ffb34a6d000 	C:\Windows\System32\SHCORE.dll
0x00007ffb35020000 - 0x00007ffb35075000 	C:\Windows\System32\shlwapi.dll
0x00007ffb33fb0000 - 0x00007ffb33fcf000 	C:\Windows\SYSTEM32\profapi.dll
0x00007ffaecfe0000 - 0x00007ffaed16e000 	C:\Users\aadiu\AppData\Local\Programs\Eclipse Adoptium\jdk-17.0.2.8-hotspot\bin\awt.dll
0x00007ffb351d0000 - 0x00007ffb3529d000 	C:\Windows\System32\OLEAUT32.dll
0x00007ffb31300000 - 0x00007ffb31391000 	C:\Windows\SYSTEM32\apphelp.dll
0x00007ffb1b800000 - 0x00007ffb1b818000 	C:\Users\aadiu\AppData\Local\Programs\Eclipse Adoptium\jdk-17.0.2.8-hotspot\bin\zip.dll
0x00007ffb31410000 - 0x00007ffb314ae000 	C:\Windows\system32\uxtheme.dll
0x00007ffb353f0000 - 0x00007ffb35505000 	C:\Windows\System32\MSCTF.dll
0x00007ffb35cd0000 - 0x00007ffb35dfa000 	C:\Windows\System32\ole32.dll
0x00007ffb31590000 - 0x00007ffb315bf000 	C:\Windows\system32\DWMAPI.DLL
0x00007ffadadb0000 - 0x00007ffadaed5000 	C:\Windows\system32\opengl32.dll
0x00007ffada100000 - 0x00007ffada12c000 	C:\Windows\SYSTEM32\GLU32.dll
0x00007ffb269b0000 - 0x00007ffb26b7f000 	C:\Windows\system32\d3d9.dll
0x00007ffb28d70000 - 0x00007ffb28f28000 	C:\Windows\System32\DriverStore\FileRepository\u0370468.inf_amd64_5e4260b11257b6e9\B370372\aticfx64.dll
0x00007ffb17fc0000 - 0x00007ffb17ff4000 	C:\Windows\System32\DriverStore\FileRepository\u0370468.inf_amd64_5e4260b11257b6e9\B370372\atiu9p64.dll
0x00007ffabbff0000 - 0x00007ffabcd44000 	C:\Windows\System32\DriverStore\FileRepository\u0370468.inf_amd64_5e4260b11257b6e9\B370372\atiumd64.dll
0x000000006c4b0000 - 0x000000006d324000 	C:\Windows\System32\DriverStore\FileRepository\u0370468.inf_amd64_5e4260b11257b6e9\B370372\atiumd6a.dll
0x00007ffb35730000 - 0x00007ffb35b98000 	C:\Windows\System32\SETUPAPI.dll
0x00007ffb34210000 - 0x00007ffb3425e000 	C:\Windows\System32\cfgmgr32.dll
0x00007ffb33e30000 - 0x00007ffb33e7b000 	C:\Windows\SYSTEM32\POWRPROF.dll
0x00007ffb34070000 - 0x00007ffb34097000 	C:\Windows\System32\bcrypt.dll
0x00007ffb33e10000 - 0x00007ffb33e22000 	C:\Windows\SYSTEM32\UMPDC.dll
0x00007ffb29180000 - 0x00007ffb291b0000 	C:\Windows\SYSTEM32\amdihk64.dll
0x00007ffb29960000 - 0x00007ffb2999b000 	C:\Windows\SYSTEM32\dxcore.dll
0x00007ffaf9990000 - 0x00007ffaf9a19000 	C:\Users\aadiu\AppData\Local\Programs\Eclipse Adoptium\jdk-17.0.2.8-hotspot\bin\freetype.dll
0x00007ffaf93d0000 - 0x00007ffaf9478000 	C:\Users\aadiu\AppData\Local\Programs\Eclipse Adoptium\jdk-17.0.2.8-hotspot\bin\fontmanager.dll
0x00007ffb28f30000 - 0x00007ffb29029000 	C:\Windows\SYSTEM32\textinputframework.dll
0x00007ffb30e70000 - 0x00007ffb311ce000 	C:\Windows\System32\CoreUIComponents.dll
0x00007ffb309d0000 - 0x00007ffb30ac2000 	C:\Windows\System32\CoreMessaging.dll
0x00007ffb33190000 - 0x00007ffb331c3000 	C:\Windows\SYSTEM32\ntmarta.dll
0x00007ffb30200000 - 0x00007ffb30354000 	C:\Windows\SYSTEM32\wintypes.dll

dbghelp: loaded successfully - version: 4.0.5 - missing functions: none
symbol engine: initialized successfully - sym options: 0x614 - pdb path: .;C:\Users\aadiu\AppData\Local\Programs\Eclipse Adoptium\jdk-17.0.2.8-hotspot\bin;C:\Windows\SYSTEM32;C:\Windows\WinSxS\amd64_microsoft.windows.common-controls_6595b64144ccf1df_6.0.19041.1110_none_60b5254171f9507e;C:\Users\aadiu\AppData\Local\Programs\Eclipse Adoptium\jdk-17.0.2.8-hotspot\bin\server;C:\Windows\System32\DriverStore\FileRepository\u0370468.inf_amd64_5e4260b11257b6e9\B370372

VM Arguments:
jvm_args: -XX:+ShowCodeDetailsInExceptionMessages 
java_command: summit.Main
java_class_path (initial): C:\Users\aadiu\AppData\Roaming\Code\User\workspaceStorage\1c2e286de9ea8afffefde57d2c4cc9eb\redhat.java\jdt_ws\Summit_aca78153\bin
Launcher Type: SUN_STANDARD

[Global flags]
     intx CICompilerCount                          = 12                                        {product} {ergonomic}
     uint ConcGCThreads                            = 3                                         {product} {ergonomic}
     uint G1ConcRefinementThreads                  = 13                                        {product} {ergonomic}
   size_t G1HeapRegionSize                         = 2097152                                   {product} {ergonomic}
    uintx GCDrainStackTargetSize                   = 64                                        {product} {ergonomic}
   size_t InitialHeapSize                          = 260046848                                 {product} {ergonomic}
   size_t MarkStackSize                            = 4194304                                   {product} {ergonomic}
   size_t MaxHeapSize                              = 4137680896                                {product} {ergonomic}
   size_t MaxNewSize                               = 2480930816                                {product} {ergonomic}
   size_t MinHeapDeltaBytes                        = 2097152                                   {product} {ergonomic}
   size_t MinHeapSize                              = 8388608                                   {product} {ergonomic}
    uintx NonNMethodCodeHeapSize                   = 7602480                                {pd product} {ergonomic}
    uintx NonProfiledCodeHeapSize                  = 122027880                              {pd product} {ergonomic}
    uintx ProfiledCodeHeapSize                     = 122027880                              {pd product} {ergonomic}
    uintx ReservedCodeCacheSize                    = 251658240                              {pd product} {ergonomic}
     bool SegmentedCodeCache                       = true                                      {product} {ergonomic}
     bool ShowCodeDetailsInExceptionMessages       = true                                   {manageable} {command line}
   size_t SoftMaxHeapSize                          = 4137680896                             {manageable} {ergonomic}
     bool UseCompressedClassPointers               = true                           {product lp64_product} {ergonomic}
     bool UseCompressedOops                        = true                           {product lp64_product} {ergonomic}
     bool UseG1GC                                  = true                                      {product} {ergonomic}
     bool UseLargePagesIndividualAllocation        = false                                  {pd product} {ergonomic}

Logging:
Log output configuration:
 #0: stdout all=warning uptime,level,tags
 #1: stderr all=off uptime,level,tags

Environment Variables:
JAVA_HOME=C:\Users\aadiu\AppData\Local\Programs\Eclipse Adoptium\jdk-17.0.2.8-hotspot\
PATH=C:\Program Files (x86)\Razer Chroma SDK\bin;C:\Program Files\Razer Chroma SDK\bin;C:\Program Files (x86)\Razer\ChromaBroadcast\bin;C:\Program Files\Razer\ChromaBroadcast\bin;C:\Program Files (x86)\Common Files\Oracle\Java\javapath;C:\Program Files\Python38\Scripts\;C:\Program Files\Python38\;C:\Windows\system32;C:\Windows;C:\Windows\System32\Wbem;C:\Windows\System32\WindowsPowerShell\v1.0\;C:\Windows\System32\OpenSSH\;C:\Program Files (x86)\NVIDIA Corporation\PhysX\Common;C:\Program Files\NVIDIA Corporation\NVIDIA NvDLISR;C:\Users\aadiu\AppData\Local\Microsoft\WindowsApps;C:\Users\aadiu\AppData\Local\Programs\Microsoft VS Code\bin;C:\Windows\system32\config\systemprofile\AppData\Local\Microsoft\WindowsApps;C:\Program Files\dotnet\;C:\Program Files\Git\cmd;C:\MinGW\bin\;C:\Program Files (x86)\Windows Kits\10\Windows Performance Toolkit\;C:\Users\aadiu\AppData\Local\Programs\Eclipse Adoptium\jdk-17.0.2.8-hotspot\bin;C:\Users\aadiu\AppData\Local\Microsoft\WindowsApps;C:\Users\aadiu\AppData\Local\Programs\Microsoft VS Code\bin;C:\Users\aadiu\AppData\Local\GitHubDesktop\bin
USERNAME=aadiu
LANG=en_US.UTF-8
OS=Windows_NT
PROCESSOR_IDENTIFIER=AMD64 Family 25 Model 80 Stepping 0, AuthenticAMD



---------------  S Y S T E M  ---------------

OS:
 Windows 10 , 64 bit Build 19041 (10.0.19041.2251)
OS uptime: 2 days 7:08 hours

CPU: total 16 (initial active 16) (16 cores per cpu, 2 threads per core) family 25 model 80 stepping 0 microcode 0x0, cx8, cmov, fxsr, ht, mmx, 3dnowpref, sse, sse2, sse3, ssse3, sse4a, sse4.1, sse4.2, popcnt, lzcnt, tsc, tscinvbit, avx, avx2, aes, erms, clmul, bmi1, bmi2, adx, sha, fma, vzeroupper, clflush, clflushopt

Memory: 4k page, system-wide physical 15776M (8897M free)
TotalPageFile size 20128M (AvailPageFile size 9639M)
current process WorkingSet (physical memory assigned to process): 120M, peak: 122M
current process commit charge ("private bytes"): 428M, peak: 431M

vm_info: OpenJDK 64-Bit Server VM (17.0.2+8) for windows-amd64 JRE (17.0.2+8), built on Jan 20 2022 04:52:34 by "" with MS VC++ 16.7 (VS2019)

END.
