#
# A fatal error has been detected by the Java Runtime Environment:
#
#  EXCEPTION_ACCESS_VIOLATION (0xc0000005) at pc=0x000002b7e1fbc9ca, pid=17840, tid=15412
#
# JRE version: OpenJDK Runtime Environment Temurin-17.0.2+8 (17.0.2+8) (build 17.0.2+8)
# Java VM: OpenJDK 64-Bit Server VM Temurin-17.0.2+8 (17.0.2+8, mixed mode, sharing, tiered, compressed oops, compressed class ptrs, g1 gc, windows-amd64)
# Problematic frame:
# J 1133 c2 summit.gfx.Renderer.render(Ljava/lang/String;FFILsummit/gfx/ColorFilter;)V (287 bytes) @ 0x000002b7e1fbc9ca [0x000002b7e1fbbd20+0x0000000000000caa]
#
# No core dump will be written. Minidumps are not enabled by default on client versions of Windows
#
# If you would like to submit a bug report, please visit:
#   https://github.com/adoptium/adoptium-support/issues
#

---------------  S U M M A R Y ------------

Command Line: -XX:+ShowCodeDetailsInExceptionMessages summit.Main

Host: AMD Ryzen 9 5900HS with Radeon Graphics        , 16 cores, 15G,  Windows 10 , 64 bit Build 19041 (10.0.19041.2251)
Time: Mon Nov 14 20:10:46 2022 Central Standard Time elapsed time: 1.199804 seconds (0d 0h 0m 1s)

---------------  T H R E A D  ---------------

Current thread (0x000002b7f732e850):  JavaThread "graphicsthread" [_thread_in_Java, id=15412, stack(0x000000fa96400000,0x000000fa96500000)]

Stack: [0x000000fa96400000,0x000000fa96500000],  sp=0x000000fa964ff320,  free space=1020k
Native frames: (J=compiled Java code, j=interpreted, Vv=VM code, C=native code)
C  0x000002b7e1fbc9ca


siginfo: EXCEPTION_ACCESS_VIOLATION (0xc0000005), reading address 0x0000000b1761bc08


Register to memory mapping:

RIP=0x000002b7e1fbc9ca is at entry_point+3242 in (nmethod*)0x000002b7e1fbbb10
RAX=0x0000000718c45b00 is an oop: [[I 
{0x0000000718c45b00} - klass: {type array int}[]
 - length: 16
RBX=0x00000000ffffffe9 is an unknown value
RCX=3807131527 is a compressed pointer to object: [[I 
{0x000000071761bc38} - klass: {type array int}[]
 - length: 144
RDX=0x0 is NULL
RSP=0x000000fa964ff320 is pointing into the stack for thread: 0x000002b7f732e850
RBP=0x0 is NULL
RSI=0x0 is NULL
RDI=0x00000000fffffff0 is an unknown value
R8 =0x00000000fffffff0 is an unknown value
R9 =0x000000071761a510 is an oop: summit.gfx.Renderer 
{0x000000071761a510} - klass: 'summit/gfx/Renderer'
 - ---- fields (total size 2 words):
 - private 'frame' '[[I' @12  a {type array int}[144] {0x000000071761bc38} (e2ec3787)
R10=0x0000000000000010 is an unknown value
R11=0x000000071761bc38 is an oop: [[I 
{0x000000071761bc38} - klass: {type array int}[]
 - length: 144
R12=0x0 is NULL
R13=0x0000000000000090 is an unknown value
R14=0x0000000000000010 is an unknown value
R15=0x000002b7f732e850 is a thread


Registers:
RAX=0x0000000718c45b00, RBX=0x00000000ffffffe9, RCX=0x00000000e2ec3787, RDX=0x0000000000000000
RSP=0x000000fa964ff320, RBP=0x0000000000000000, RSI=0x0000000000000000, RDI=0x00000000fffffff0
R8 =0x00000000fffffff0, R9 =0x000000071761a510, R10=0x0000000000000010, R11=0x000000071761bc38
R12=0x0000000000000000, R13=0x0000000000000090, R14=0x0000000000000010, R15=0x000002b7f732e850
RIP=0x000002b7e1fbc9ca, EFLAGS=0x0000000000010287

Top of Stack: (sp=0x000000fa964ff320)
0x000000fa964ff320:   0000010000000000 00000000fffffff8
0x000000fa964ff330:   fffffff0ffffffe8 0000000000000000
0x000000fa964ff340:   0000001000000010 0000000900000010
0x000000fa964ff350:   000000fa00000009 000002b7f69dff0e
0x000000fa964ff360:   000000fa964ff478 000002b7f69e05e8
0x000000fa964ff370:   0000000000000000 0000000709a7f548
0x000000fa964ff380:   000000fa964ff560 000002b7dac89b94
0x000000fa964ff390:   000000fa964ff430 000000fa964ff4c8
0x000000fa964ff3a0:   000002b7da3b94fe 0000000000000000
0x000000fa964ff3b0:   0000000000000000 0000000000000000
0x000000fa964ff3c0:   0000000000000000 000000071761a510
0x000000fa964ff3d0:   000000071762b9f0 0000000000000003
0x000000fa964ff3e0:   0000000000000000 0000000000000000
0x000000fa964ff3f0:   000000fa964ff560 000002b7dac8a2ec
0x000000fa964ff400:   409e000000000000 0000000000000000
0x000000fa964ff410:   0000000000000000 0000000000000000 

Instructions: (pc=0x000002b7e1fbc9ca)
0x000002b7e1fbc8ca:   e1 f9 6e e3 41 8b db ff c3 41 8b f8 e9 c7 00 00
0x000002b7e1fbc8da:   00 0f 1f 44 00 00 44 2b 5c 24 10 41 8b d3 ff c2
0x000002b7e1fbc8ea:   45 8b d8 41 3b d2 0f 83 72 04 00 00 45 8b 4c cc
0x000002b7e1fbc8fa:   10 47 8b 4c cc 0c 45 3b d9 0f 83 65 01 00 00 c4
0x000002b7e1fbc90a:   c1 f9 7e d0 45 8b 4c 80 10 47 8b 44 cc 0c 49 c1
0x000002b7e1fbc91a:   e1 03 41 3b d0 0f 83 6b 04 00 00 45 8b 44 91 10
0x000002b7e1fbc92a:   41 83 f8 ff 0f 84 30 01 00 00 41 8b 54 f4 0c 44
0x000002b7e1fbc93a:   3b da 0f 83 6a 04 00 00 46 89 44 9d 10 33 d2 c4
0x000002b7e1fbc94a:   c1 f9 7e d0 45 8b 48 10 47 8b 4c cc 0c 44 03 4c
0x000002b7e1fbc95a:   24 10 4d 8b b7 48 03 00 00 45 8b c3 41 ff c0 41
0x000002b7e1fbc96a:   85 06 45 3b c1 0f 8c 6b ff ff ff 4d 8b 9f 48 03
0x000002b7e1fbc97a:   00 00 ff c7 41 85 03 3b 3c 24 0f 8d ee 00 00 00
0x000002b7e1fbc98a:   c4 c1 f9 7e c1 c4 e1 f9 7e ce c5 f9 7e da 44 8b
0x000002b7e1fbc99a:   5c 24 10 44 8b 44 24 14 44 3b 5c 24 08 0f 8d e1
0x000002b7e1fbc9aa:   00 00 00 44 89 44 24 14 44 89 5c 24 10 c5 f9 6e
0x000002b7e1fbc9ba:   da c4 e1 f9 6e ce c4 c1 f9 6e c1 c4 c1 f9 7e e3
0x000002b7e1fbc9ca:   41 8b 74 bb 10 8b c7 41 2b c0 41 3b fd 0f 83 1f
0x000002b7e1fbc9da:   fe ff ff 44 8b 5c 24 10 44 3b 5c 24 04 0f 83 0f
0x000002b7e1fbc9ea:   fe ff ff c4 c1 f9 7e d3 45 8b 5c 83 10 47 8b 4c
0x000002b7e1fbc9fa:   dc 0c 45 85 c9 0f 86 db 04 00 00 47 8b 44 dc 10
0x000002b7e1fbca0a:   41 83 f8 ff 0f 84 9a 00 00 00 45 8b 4c f4 0c 44
0x000002b7e1fbca1a:   8b 5c 24 10 45 3b d9 0f 83 8a 03 00 00 4d 8d 0c
0x000002b7e1fbca2a:   f4 47 89 44 99 10 33 d2 c4 c1 f9 7e d3 45 8b 5b
0x000002b7e1fbca3a:   10 47 8b 44 dc 0c 44 03 44 24 10 41 3b d8 0f 8d
0x000002b7e1fbca4a:   27 ff ff ff 41 3b fd 73 65 49 8d 2c f4 44 8b db
0x000002b7e1fbca5a:   ba 01 00 00 00 e9 89 fe ff ff c4 e1 f9 7e ca e9
0x000002b7e1fbca6a:   db fe ff ff c4 e1 f9 7e ca e9 d1 fe ff ff c5 f8
0x000002b7e1fbca7a:   77 48 83 c4 60 5d 49 3b a7 40 03 00 00 0f 87 a7
0x000002b7e1fbca8a:   0a 00 00 c3 44 89 44 24 14 44 89 5c 24 10 c5 f9
0x000002b7e1fbca9a:   6e da c4 e1 f9 6e ce c4 c1 f9 6e c1 48 8b d6 e9
0x000002b7e1fbcaaa:   c7 fe ff ff c4 e1 f9 7e ca e9 7a ff ff ff 44 8b
0x000002b7e1fbcaba:   db 41 b8 01 00 00 00 eb 1b 0f 1f 80 00 00 00 00 


Stack slot to memory mapping:
stack at sp + 0 slots: 0x0000010000000000 is an unknown value
stack at sp + 1 slots: 0x00000000fffffff8 is an unknown value
stack at sp + 2 slots: 0xfffffff0ffffffe8 is an unknown value
stack at sp + 3 slots: 0x0 is NULL
stack at sp + 4 slots: 0x0000001000000010 is an unknown value
stack at sp + 5 slots: 0x0000000900000010 is an unknown value
stack at sp + 6 slots: 0x000000fa00000009 is an unknown value
stack at sp + 7 slots: 0x000002b7f69dff0e is pointing into metadata

--------------------------------------------------------------------------------
[Constant Pool (empty)]

--------------------------------------------------------------------------------

[MachCode]
  0x000002b7e1fbbd20: 448b 5208 | 49bb 0000 | 0000 0800 | 0000 4d03 | d349 3bc2 | 0f85 460d | 44f8 6690 | 0f1f 4000 
  0x000002b7e1fbbd40: 8984 2400 | 90ff ff55 | 4883 ec60 | 4889 7c24 | 18c4 c179 | 6ed9 4889 | 1424 49ba | 6818 6117 
  0x000002b7e1fbbd60: 0700 0000 | 418b 6a70 | 458b 5cec | 0841 81fb | e0ad 0b00 | 0f85 f211 | 0000 4d8d | 14ec 458b 
  0x000002b7e1fbbd80: 5a24 478b | 4cdc 0c45 | 85c9 0f86 | 7e12 0000 | 4f8d 2cdc | 4d85 c00f | 84be 0f00 | 0041 8b48 
  0x000002b7e1fbbda0: 0c41 ffc9 | 85c9 7571 | 450f b650 | 1145 85d2 | 0f85 760f | 0000 450f | be50 1045 | 85d2 0f85 
  0x000002b7e1fbbdc0: 7814 0000 | 418b 6814 | 458b 74ec | 0c45 85f6 | 0f86 630f | 0000 418b | deff cb41 | 3bde 0f83 
  0x000002b7e1fbbde0: 8c13 0000 | 450f b654 | ec10 418b | fe83 c7fd | 3bdf b900 | 0000 800f | 4cf9 418b | cac1 e105 
  0x000002b7e1fbbe00: 412b ca4d | 8d1c ec83 | ff01 0f8e | 9413 0000 | bd01 0000 | 0033 d2eb | 3644 8bd1 | 41c1 ea10 
  0x000002b7e1fbbe20: 4433 d145 | 23ca 33d2 | e9d0 0000 | 0041 0fb6 | 5c2b 1003 | cbff c541 | 3bee 0f8d | a400 0000 
  0x000002b7e1fbbe40: 8bd9 c1e3 | 052b d98b | cbeb e2c5 | f97e e28b | df2b dd3b | fd0f 4cda | 81fb a00f | 0000 41ba 
  0x000002b7e1fbbe60: a00f 0000 | 410f 47da | 03dd c5f9 | 6ee2 6690 | 4863 f545 | 0fb6 5433 | 1041 0fb6 | 4433 1341 
  0x000002b7e1fbbe80: 0fb6 5433 | 1141 0fb6 | 7433 1241 | 03ca 448b | d141 c1e2 | 0544 2bd1 | 4403 d241 | 8bca c1e1 
  0x000002b7e1fbbea0: 0541 2bca | 03ce 448b | d141 c1e2 | 0544 2bd1 | 4403 d041 | 8bca c1e1 | 0541 2bca | 83c5 043b 
  0x000002b7e1fbbec0: eb7c ad49 | 8b9f 4803 | 0000 8503 | 3bef 0f8c | 77ff ffff | c5f9 7ee2 | 413b ee0f | 8c4c ffff 
  0x000002b7e1fbbee0: ff41 8bca | 85c9 0f84 | 4f0e 0000 | 4189 480c | 448b d141 | c1ea 1044 | 33d1 4523 | ca47 8b5c 
  0x000002b7e1fbbf00: 8d10 438b | 4cdc 0c41 | 3bca 0f85 | 130c 0000 | 478b 4cdc | 1049 8bc9 | 48c1 e103 | 493b c80f 
  0x000002b7e1fbbf20: 845b 0100 | 0041 0fbe | 5810 4c3b | c10f 844d | 0100 0043 | 8b4c cc08 | 81f9 70e9 | 0000 0f85 
  0x000002b7e1fbbf40: 8c13 0000 | 49c1 e103 | 410f be69 | 103b dd0f | 85af 1200 | 0045 8b49 | 1441 8b68 | 1443 8b7c 
  0x000002b7e1fbbf60: cc0c 418b | 4cec 0c3b | cf0f 85d4 | 0000 004b | 8d1c cc4b | 8d74 cc10 | 4d8d 0cec | 498d 7cec 
  0x000002b7e1fbbf80: 1085 c90f | 84a5 0000 | 008b c183 | e01f 83e1 | e00f 844b | 0000 0048 | 8d3c 0f48 | 8d34 0e48 
  0x000002b7e1fbbfa0: f7d9 c5fe | 6f24 0fc5 | fe6f 140e | c5dd efe2 | c4e2 7d17 | e40f 857a | 0000 0048 | 83c1 2075 
  0x000002b7e1fbbfc0: e185 c00f | 8465 0000 | 00c5 fe6f | 6407 e0c5 | fe6f 5406 | e0c5 ddef | e2c4 e27d | 17e4 7555 
  0x000002b7e1fbbfe0: eb4c 8bc8 | 83e1 fc74 | 1948 8d3c | 0f48 8d34 | 0e48 f7d9 | 8b1c 0f3b | 1c0e 7539 | 4883 c104 
  0x000002b7e1fbc000: 75f2 f7c0 | 0200 0000 | 7412 0fb7 | 1f0f b70e | 3bd9 7521 | 488d 7f02 | 488d 7602 | f7c0 0100 
  0x000002b7e1fbc020: 0000 740a | 0fb6 1f0f | b60e 3bd9 | 7507 b801 | 0000 00eb | 0233 c0c5 | ddef e4c5 | edef d285 
  0x000002b7e1fbc040: c075 3dba | 45ff ffff | 488b 2c24 | c5fa 1104 | 24c5 fa11 | 4c24 04c5 | fa11 5c24 | 084c 8b4c 
  0x000002b7e1fbc060: 2418 4c89 | 4c24 104c | 8944 2418 | 4489 5c24 | 0c44 8954 | 2420 6690 | c5f8 77e8 | 8062 44f8 
  0x000002b7e1fbc080: 49c1 e303 | 418b 6b14 | 458b 54ec | 0841 81fa | 086d 0000 | 0f85 1612 | 0000 498d | 04ec 448b 
  0x000002b7e1fbc0a0: 400c 4585 | c00f 86e5 | 0e00 0044 | 8b58 1047 | 8b54 dc0c | 41d1 fac4 | c179 6ed2 | c5f8 5bd2 
  0x000002b7e1fbc0c0: c5fa 5cd2 | c4c1 797e | d245 8bca | 41c1 e917 | 450f b6c9 | b995 0000 | 0041 2bc9 | f7c1 e0ff 
  0x000002b7e1fbc0e0: ffff 0f85 | 020c 0000 | 458b da41 | 81e3 ffff | 7f00 4181 | cb00 0080 | 0045 85d2 | 0f8c 490c 
  0x000002b7e1fbc100: 0000 41d3 | fb41 ffc3 | 41d1 fb41 | d1f8 c4c1 | 796e c0c5 | f85b c0c5 | f25c c8c4 | c179 7eca 
  0x000002b7e1fbc120: 458b ca41 | c1e9 1745 | 0fb6 c9b9 | 9500 0000 | 412b c9f7 | c1e0 ffff | ff0f 8589 | 0b00 0045 
  0x000002b7e1fbc140: 8bc2 4181 | e0ff ff7f | 0041 81c8 | 0000 8000 | 4585 d20f | 8cfa 0b00 | 0041 d3f8 | 41ff c041 
  0x000002b7e1fbc160: d1f8 c4c1 | 797e da45 | 85d2 7508 | 4533 d2e9 | a506 0000 | 41f7 c204 | 0000 0074 | 3044 8944 
  0x000002b7e1fbc180: 2410 4489 | 5c24 0c89 | 5424 0841 | 8bea 488b | d066 6690 | c5f8 77e8 | 04f1 ffff | 448b d58b 
  0x000002b7e1fbc1a0: 5424 0844 | 8b5c 240c | 448b 4424 | 1041 f7c2 | 0100 0000 | 0f84 8d02 | 0000 8b68 | 0c85 ed0f 
  0x000002b7e1fbc1c0: 867f 0f00 | 008b 4810 | 418b 4ccc | 0c89 4c24 | 1089 6c24 | 1448 8944 | 2428 4489 | 4424 2444 
  0x000002b7e1fbc1e0: 895c 2420 | 8954 240c | 4489 5424 | 0848 ba08 | 6d00 0008 | 0000 0044 | 8bc5 448b | c966 6690 
  0x000002b7e1fbc200: c5f8 77e8 | 7802 4ff8 | 448b d541 | ffca 443b | d50f 83ed | 0e00 0044 | 8b40 0c45 | 85c0 0f86 
  0x000002b7e1fbc220: e00e 0000 | 453b d00f | 83d7 0e00 | 0044 8b74 | 2410 41ff | ce8b 5c24 | 10d1 fb4c | 6344 2410 
  0x000002b7e1fbc240: 8beb 83c5 | fe3b dd41 | ba00 0000 | 8041 0f4c | ea4c 63d3 | 498b d049 | 2bd2 8bfb | ffc7 48ff 
  0x000002b7e1fbc260: ca45 33ed | e904 0100 | 000f 1f80 | 0000 0000 | 448b d942 | 8b5c 9f0c | 8b4c 2410 | 412b c949 
  0x000002b7e1fbc280: 63d1 895c | 9010 8b5c | 9710 4289 | 5c98 0c49 | 8bd8 482b | da44 8b5c | 9f08 4489 | 5c90 1444 
  0x000002b7e1fbc2a0: 8b5c 9714 | 4489 5c98 | 0844 8b5c | 9f04 4489 | 5c90 1844 | 8b5c 9718 | 4489 5c98 | 0444 8b1c 
  0x000002b7e1fbc2c0: 9f44 895c | 901c 8b74 | 971c 8934 | 9883 c1fc | 4183 c104 | 453b ca7c | 974d 8b97 | 4803 0000 
  0x000002b7e1fbc2e0: 4185 0244 | 3bcd 7d2a | 448b d944 | 8bd5 452b | d141 3be9 | 440f 4c54 | 240c 4181 | faa0 0f00 
  0x000002b7e1fbc300: 00b9 a00f | 0000 440f | 47d1 4503 | d1e9 61ff | ffff c5f9 | 7ecb c4e1 | f97e d244 | 3b4c 2430 
  0x000002b7e1fbc320: 7d2a 6690 | 8b74 8f0c | 4289 7488 | 1042 8b74 | 8f10 8974 | 880c 418b | f1ff c63b | 7424 307d 
  0x000002b7e1fbc340: 0b41 8bce | 412b c944 | 8bce ebd8 | 4d8b 9748 | 0300 0041 | ffc5 4185 | 0244 3b6c | 2414 0f8d 
  0x000002b7e1fbc360: cb00 0000 | c4e1 f97e | c08b 7c24 | 304c 8b54 | 2428 418b | 7210 85f6 | 0f84 6b0b | 0000 478b 
  0x000002b7e1fbc380: 4caa 1047 | 8b54 cc0c | 428b 4ca8 | 1045 8b5c | cc0c 897c | 2430 488b | fa8b d3c4 | e1f9 6ec0 
  0x000002b7e1fbc3a0: 4963 da48 | 3bfb 0f83 | 4c0b 0000 | 453b f20f | 8343 0b00 | 0045 85db | 0f86 3a0b | 0000 8bda 
  0x000002b7e1fbc3c0: 413b db0f | 832f 0b00 | 0045 85d2 | 0f86 260b | 0000 413b | da0f 831d | 0b00 004d | 63d3 488b 
  0x000002b7e1fbc3e0: d749 3bd2 | 0f83 0e0b | 0000 453b | f30f 8305 | 0b00 0049 | 8d04 cc4b | 8d3c cc42 | 8b74 870c 
  0x000002b7e1fbc400: 4189 74cc | 1047 8b54 | cc10 4689 | 5480 0c83 | fd01 0f8e | 280b 0000 | 458b de41 | b901 0000 
  0x000002b7e1fbc420: 00c5 f96e | cbc4 e1f9 | 6ed2 e9bc | feff ffc4 | e1f9 7ec0 | 448b 5424 | 088b 5424 | 0c44 8b5c 
  0x000002b7e1fbc440: 2420 448b | 4424 2441 | f7c2 0200 | 0000 0f84 | c503 0000 | 8b58 0c85 | db0f 8673 | 0c00 0044 
  0x000002b7e1fbc460: 8b48 1047 | 8b4c cc0c | 895c 2428 | 4889 4424 | 2044 8944 | 2414 4489 | 5c24 1089 | 5424 0c44 
  0x000002b7e1fbc480: 8954 2408 | 48ba 086d | 0000 0800 | 0000 448b | c366 6690 | c5f8 77e8 | e4ff 4ef8 | 448b 500c 
  0x000002b7e1fbc4a0: 448b 5c24 | 2841 d1fb | 458b c341 | ffc0 4585 | d20f 86be | 0b00 0045 | 3bda 0f83 | b50b 0000 
  0x000002b7e1fbc4c0: 4863 6c24 | 284d 63cb | 488b cd49 | 2bc9 48ff | c948 3bcd | 0f83 9b0b | 0000 448b | 4c24 2841 
  0x000002b7e1fbc4e0: ffc9 443b | 4c24 280f | 8388 0b00 | 0044 8944 | 242c 4d63 | c249 3bc8 | 0f83 720b | 0000 453b 
  0x000002b7e1fbc500: ca0f 83bd | 0b00 0044 | 3b5c 2428 | 0f83 b90b | 0000 4533 | d2eb 31c4 | c1f9 7ec3 | c4c1 797e 
  0x000002b7e1fbc520: d2c4 e1f9 | 7ee8 c4e1 | f97e f54d | 8b87 4803 | 0000 41ff | c241 8500 | 443b 5424 | 2c0f 8dc3 
  0x000002b7e1fbc540: 0200 004c | 895c 2420 | 4c8b 5c24 | 2045 8b43 | 1043 8b5c | c40c 85db | 76d1 c5fb | 1044 2420 
  0x000002b7e1fbc560: c4c1 796e | d24d 63c2 | 4c8b dd4d | 2bd8 4c8b | 5424 2047 | 8b54 9a0c | c4c1 796e | da47 8b74 
  0x000002b7e1fbc580: d40c 468b | 5480 10c4 | c179 6ee2 | 478b 4cd4 | 0c4c 8b54 | 2420 478b | 5482 10c4 | c179 6eca 
  0x000002b7e1fbc5a0: 438b 4cd4 | 0c42 8b7c | 980c 458b | 6cfc 0c45 | 85f6 0f86 | a409 0000 | 41ba 0100 | 0000 453b 
  0x000002b7e1fbc5c0: d645 0f4f | d6c4 c179 | 7ee3 4f8d | 04dc c4c1 | 797e db4b | 8d14 dc41 | 8bd8 498d | 34fc c1eb 
  0x000002b7e1fbc5e0: 02c4 c179 | 7ecb 49c1 | e303 83e3 | 0341 03da | f7db 83e3 | 0341 03da | 413b de41 | 0f4f de45 
  0x000002b7e1fbc600: 33d2 eb0c | 448b d144 | 8b4c 2420 | 8b4c 2424 | 453b d60f | 8382 0100 | 00c5 f96e | ff89 4c24 
  0x000002b7e1fbc620: 2444 894c | 2420 c4e1 | f96e f5c4 | e1f9 6ee8 | 468b 4c92 | 1044 3b54 | 2420 0f83 | 8807 0000 
  0x000002b7e1fbc640: 4789 4c90 | 1044 3bd1 | 0f83 d607 | 0000 478b | 4c93 1045 | 3bd5 0f83 | 2808 0000 | 4689 4c96 
  0x000002b7e1fbc660: 10c4 c1f9 | 7ec1 458b | 4910 478b | 4ccc 0c41 | 8bca ffc1 | 413b c90f | 8d9a feff | ff3b cb0f 
  0x000002b7e1fbc680: 8c7f ffff | ff49 63de | 4963 fd48 | 6344 2424 | 4863 6c24 | 2048 3bdd | 418b de0f | 4f5c 2420 
  0x000002b7e1fbc6a0: 4963 e94c | 63cb 4c3b | c80f 4f5c | 2424 48ff | cd4c 63cb | 4c3b cf41 | 0f4f dd44 | 8bcd 4863 
  0x000002b7e1fbc6c0: fb48 3bfd | 410f 4fd9 | 448b cb41 | 83c1 f941 | 3bd9 bb00 | 0000 8044 | 0f4c cb41 | 3bc9 0f8d 
  0x000002b7e1fbc6e0: 8008 0000 | 41ff c266 | 0f1f 8400 | 0000 0000 | c421 7a6f | 4492 10c4 | 017a 7f44 | 9010 c401 
  0x000002b7e1fbc700: 7a6f 4493 | 10c4 217a | 7f44 9610 | c421 7a6f | 4492 20c4 | 017a 7f44 | 9020 c401 | 7a6f 4493 
  0x000002b7e1fbc720: 20c4 217a | 7f44 9620 | 4183 c208 | 453b d17c | bf45 3bd6 | 7d59 6690 | 453b d673 | 5946 8b4c 
  0x000002b7e1fbc740: 9210 443b | 5424 200f | 837b 0600 | 0047 894c | 9010 443b | 5424 240f | 83c7 0600 | 0047 8b4c 
  0x000002b7e1fbc760: 9310 453b | d50f 8319 | 0700 0046 | 894c 9610 | c4c1 f97e | c145 8b49 | 1043 8b4c | cc0c 41ff 
  0x000002b7e1fbc780: c244 3bd1 | 0f8d 8dfd | ffff 453b | d67c a9c4 | e1f9 7ee8 | eb05 c4e1 | f97e e8ba | e4ff ffff 
  0x000002b7e1fbc7a0: 488b 2c24 | 448b 5c24 | 0844 891c | 244c 8b5c | 2418 4c89 | 5c24 0844 | 8b44 2410 | 4489 4424 
  0x000002b7e1fbc7c0: 0444 8b5c | 2414 4489 | 5c24 10c5 | fb11 4424 | 1848 8944 | 2420 4489 | 5424 2844 | 8954 242c 
  0x000002b7e1fbc7e0: c5fa 1154 | 2430 c5fa | 1164 2434 | c5fa 115c | 2438 6690 | c5f8 77e8 | 045b 44f8 | c4e1 f97e 
  0x000002b7e1fbc800: cae9 2c02 | 0000 8b54 | 240c 448b | 5c24 1044 | 8b44 2414 | 448b 5424 | 0841 8bea | c1fd 0385 
  0x000002b7e1fbc820: ed0f 851d | 0800 0044 | 8b50 0c41 | 8bd8 4103 | da44 3bc3 | 0f8d 3e02 | 0000 4d63 | ca49 63c8 
  0x000002b7e1fbc840: 418b f0f7 | de48 63fe | 4803 cf49 | 3bc9 0f83 | 7007 0000 | 4863 cb48 | 03cf 48ff | c949 3bc9 
  0x000002b7e1fbc860: 0f83 9607 | 0000 4c8b | 0c24 418b | 490c 458b | 6ccc 0c45 | 85ed 0f86 | 8b07 0000 | 418b 74cc 
  0x000002b7e1fbc880: 1041 8b7c | f40c 488b | 7424 1848 | 85f6 0f85 | 3907 0000 | 4585 d20f | 8630 0700 | 0044 8b50 
  0x000002b7e1fbc8a0: 1047 8b54 | d40c 4585 | d20f 861e | 0700 0089 | 7c24 0489 | 1c24 c4e1 | f96e d041 | 8bda 4103 
  0x000002b7e1fbc8c0: db89 5c24 | 0849 8d1c | ccc4 e1f9 | 6ee3 418b | dbff c341 | 8bf8 e9c7 | 0000 000f | 1f44 0000 
  0x000002b7e1fbc8e0: 442b 5c24 | 1041 8bd3 | ffc2 458b | d841 3bd2 | 0f83 7204 | 0000 458b | 4ccc 1047 | 8b4c cc0c 
  0x000002b7e1fbc900: 453b d90f | 8365 0100 | 00c4 c1f9 | 7ed0 458b | 4c80 1047 | 8b44 cc0c | 49c1 e103 | 413b d00f 
  0x000002b7e1fbc920: 836b 0400 | 0045 8b44 | 9110 4183 | f8ff 0f84 | 3001 0000 | 418b 54f4 | 0c44 3bda | 0f83 6a04 
  0x000002b7e1fbc940: 0000 4689 | 449d 1033 | d2c4 c1f9 | 7ed0 458b | 4810 478b | 4ccc 0c44 | 034c 2410 | 4d8b b748 
  0x000002b7e1fbc960: 0300 0045 | 8bc3 41ff | c041 8506 | 453b c10f | 8c6b ffff | ff4d 8b9f | 4803 0000 | ffc7 4185 
  0x000002b7e1fbc980: 033b 3c24 | 0f8d ee00 | 0000 c4c1 | f97e c1c4 | e1f9 7ece | c5f9 7eda | 448b 5c24 | 1044 8b44 
  0x000002b7e1fbc9a0: 2414 443b | 5c24 080f | 8de1 0000 | 0044 8944 | 2414 4489 | 5c24 10c5 | f96e dac4 | e1f9 6ece 
  0x000002b7e1fbc9c0: c4c1 f96e | c1c4 c1f9 | 7ee3 418b | 74bb 108b | c741 2bc0 | 413b fd0f | 831f feff | ff44 8b5c 
  0x000002b7e1fbc9e0: 2410 443b | 5c24 040f | 830f feff | ffc4 c1f9 | 7ed3 458b | 5c83 1047 | 8b4c dc0c | 4585 c90f 
  0x000002b7e1fbca00: 86db 0400 | 0047 8b44 | dc10 4183 | f8ff 0f84 | 9a00 0000 | 458b 4cf4 | 0c44 8b5c | 2410 453b 
  0x000002b7e1fbca20: d90f 838a | 0300 004d | 8d0c f447 | 8944 9910 | 33d2 c4c1 | f97e d345 | 8b5b 1047 | 8b44 dc0c 
  0x000002b7e1fbca40: 4403 4424 | 1041 3bd8 | 0f8d 27ff | ffff 413b | fd73 6549 | 8d2c f444 | 8bdb ba01 | 0000 00e9 
  0x000002b7e1fbca60: 89fe ffff | c4e1 f97e | cae9 dbfe | ffff c4e1 | f97e cae9 | d1fe ffff | c5f8 7748 | 83c4 605d 
  0x000002b7e1fbca80: 493b a740 | 0300 000f | 87a7 0a00 | 00c3 4489 | 4424 1444 | 895c 2410 | c5f9 6eda | c4e1 f96e 
  0x000002b7e1fbcaa0: cec4 c1f9 | 6ec1 488b | d6e9 c7fe | ffff c4e1 | f97e cae9 | 7aff ffff | 448b db41 | b801 0000 
  0x000002b7e1fbcac0: 00eb 1b0f | 1f80 0000 | 0000 660f | 1f44 0000 | 442b 5c24 | 1045 8bc3 | 41ff c044 | 8bda 453b 
  0x000002b7e1fbcae0: c20f 8381 | 0200 0045 | 3b64 cc10 | 0f84 5c04 | 0000 c4e1 | f97e d244 | 8b4a 1047 | 8b44 cc0c 
  0x000002b7e1fbcb00: 4403 4424 | 104d 8b8f | 4803 0000 | 418b d3ff | c241 8501 | 413b d07c | b7c4 e1f9 | 7eca e952 
  0x000002b7e1fbcb20: feff ff43 | 8b6c dc18 | 85ed 0f84 | 8006 0000 | 478b 4cdc | 0841 81f9 | 98b0 1400 | 0f84 9206 
  0x000002b7e1fbcb40: 0000 4d8d | 1cec 418b | 4b0c 413b | ca0f 85b9 | 0100 0041 | 8b4b 104c | 8bc9 49c1 | e103 4d3b 
  0x000002b7e1fbcb60: c80f 841d | f5ff ff41 | 0fbe 5810 | 4d3b c10f | 840f f5ff | ff41 8b7c | cc08 81ff | 70e9 0000 
  0x000002b7e1fbcb80: 0f85 8a07 | 0000 4d8d | 0ccc 410f | be69 103b | dd0f 85e1 | 0600 0041 | 8b79 1441 | 8b58 1445 
  0x000002b7e1fbcba0: 8b4c fc0c | 418b 4cdc | 0c41 3bc9 | 0f85 d800 | 0000 4d8d | 0cfc 498d | 74fc 104d | 8d0c dc49 
  0x000002b7e1fbcbc0: 8d7c dc10 | 85c9 0f84 | a500 0000 | 8bc1 83e0 | 1f83 e1e0 | 0f84 4b00 | 0000 488d | 3c0f 488d 
  0x000002b7e1fbcbe0: 340e 48f7 | d9c5 fe6f | 140f c5fe | 6f24 0ec5 | edef d4c4 | e27d 17d2 | 0f85 7a00 | 0000 4883 
  0x000002b7e1fbcc00: c120 75e1 | 85c0 0f84 | 6500 0000 | c5fe 6f54 | 07e0 c5fe | 6f64 06e0 | c5ed efd4 | c4e2 7d17 
  0x000002b7e1fbcc20: d275 55eb | 4c8b c883 | e1fc 7419 | 488d 3c0f | 488d 340e | 48f7 d98b | 1c0f 3b1c | 0e75 3948 
  0x000002b7e1fbcc40: 83c1 0475 | f2f7 c002 | 0000 0074 | 120f b71f | 0fb7 0e3b | d975 2148 | 8d7f 0248 | 8d76 02f7 
  0x000002b7e1fbcc60: c001 0000 | 0074 0a0f | b61f 0fb6 | 0e3b d975 | 07b8 0100 | 0000 eb02 | 33c0 c5ed | efd2 c5dd 
  0x000002b7e1fbcc80: efe4 85c0 | 0f85 faf3 | ffff ba45 | ffff ff48 | 8b2c 24c5 | fa11 0424 | c5fa 114c | 2404 c5fa 
  0x000002b7e1fbcca0: 115c 2408 | 4c8b 4c24 | 184c 894c | 2410 4c89 | 4424 184c | 895c 2420 | 4489 5424 | 0c66 6690 
  0x000002b7e1fbccc0: c5f8 77e8 | 3856 44f8 | c57a 2cc1 | 4181 f800 | 0000 8075 | 1048 83ec | 08c5 fa11 | 0c24 e810 
  0x000002b7e1fbcce0: 443f f841 | 58e9 78f4 | ffff c57a | 2cda 4181 | fb00 0000 | 8075 1048 | 83ec 08c5 | fa11 1424 
  0x000002b7e1fbcd00: e8ee 433f | f841 5be9 | fff3 ffff | 458b 5b18 | 4d8b 8f48 | 0300 0041 | 8501 4585 | db0f 848d 
  0x000002b7e1fbcd20: 0400 0049 | c1e3 03e9 | 1afe ffff | 4533 c933 | d245 33d2 | e9c4 f1ff | ff33 d241 | c640 1101 
  0x000002b7e1fbcd40: 4533 c945 | 33d2 e9b2 | f1ff ff41 | f7db e9af | f3ff ff41 | f7d8 e9fe | f3ff ff45 | 33c9 33d2 
  0x000002b7e1fbcd60: 4533 d2e9 | 95f1 ffff | ba45 ffff | ffc4 e1f9 | 7ec5 c5fb | 110c 24c5 | fb11 5424 | 0889 7c24 
  0x000002b7e1fbcd80: 1844 895c | 241c 6690 | c5f8 77e8 | 7055 44f8 | c5f9 6eda | bae6 ffff | ff49 8be9 | c5fa 111c 
  0x000002b7e1fbcda0: 2466 6690 | c5f8 77e8 | 5455 44f8 | 4489 5c24 | 10ba e6ff | ffff 8bee | 4489 4424 | 0466 6690 
  0x000002b7e1fbcdc0: c5f8 77e8 | 3855 44f8 | bae4 ffff | ff48 8b2c | 2444 8b44 | 2408 4489 | 0424 4c8b | 5c24 184c 
  0x000002b7e1fbcde0: 895c 2408 | 448b 5c24 | 1044 895c | 2404 448b | 4424 1444 | 8944 2410 | c5fb 1144 | 2418 c5fb 
  0x000002b7e1fbce00: 116c 2420 | 4489 5424 | 2844 894c | 242c c5fa | 1154 2430 | c5fa 1164 | 2434 6690 | c5f8 77e8 
  0x000002b7e1fbce20: dc54 44f8 | bae4 ffff | ff48 8b2c | 2444 8b44 | 2408 4489 | 0424 4c8b | 5c24 184c | 895c 2408 
  0x000002b7e1fbce40: 448b 5c24 | 1044 895c | 2404 448b | 4424 1444 | 8944 2410 | c5fb 1144 | 2418 c5fb | 116c 2420 
  0x000002b7e1fbce60: 4489 5424 | 2844 8954 | 242c c5fa | 1154 2430 | c5fa 114c | 2434 c5fa | 117c 2438 | c5f8 77e8 
  0x000002b7e1fbce80: 7c54 44f8 | bae4 ffff | ff48 8b2c | 2444 8b5c | 2408 4489 | 1c24 4c8b | 5c24 184c | 895c 2408 
  0x000002b7e1fbcea0: 448b 5c24 | 1044 895c | 2404 448b | 4424 1444 | 8944 2410 | c5fb 1144 | 2418 c5fb | 116c 2420 
  0x000002b7e1fbcec0: 4489 5424 | 2844 894c | 242c c5fa | 1154 2430 | c5fa 117c | 2434 6690 | c5f8 77e8 | 2054 44f8 
  0x000002b7e1fbcee0: 4f8d 0cdc | e9ab feff | ffba f6ff | ffff 6690 | c5f8 77e8 | 0854 44f8 | 418b 6cf4 | 0cd1 fdff 
  0x000002b7e1fbcf00: c5ba 76ff | ffff 4c8b | 5424 184c | 8954 2410 | 448b 5c24 | 2044 895c | 240c 448b | 5424 2444 
  0x000002b7e1fbcf20: 8954 2418 | 4c8b 5424 | 284c 8954 | 2420 4889 | 4424 2844 | 896c 241c | c5f8 77e8 | c053 44f8 
  0x000002b7e1fbcf40: 418b ce41 | b901 0000 | 00e9 cdf3 | ffff baf6 | ffff ff90 | c5f8 77e8 | a453 44f8 | 4533 d2e9 
  0x000002b7e1fbcf60: 37f8 ffff | 448b d1e9 | c5f7 ffff | bade ffff | ffc5 fa11 | 4424 08c5 | fa11 4c24 | 0c44 894c 
  0x000002b7e1fbcf80: 2410 4c89 | 4424 2090 | c5f8 77e8 | 7053 44f8 | bae4 ffff | ff48 8b2c | 24c5 fa11 | 0c24 c5fa 
  0x000002b7e1fbcfa0: 115c 2404 | 4c8b 5424 | 184c 8954 | 2408 c5fa | 1144 2410 | 4889 4424 | 2066 6690 | c5f8 77e8 
  0x000002b7e1fbcfc0: 3c53 44f8 | 4c8b 0c24 | 488b 7424 | 18ba beff | ffff 498b | e948 8934 | 2448 8944 | 2408 4489 
  0x000002b7e1fbcfe0: 5c24 1044 | 8944 2418 | 4489 4424 | 1c89 5c24 | 2066 6690 | c5f8 77e8 | 0453 44f8 | 4c8b 0c24 
  0x000002b7e1fbd000: 488b 7424 | 18eb c648 | 8b74 2418 | ebbf ba45 | ffff ff48 | 8b2c 24c5 | fa11 0424 | c5fa 114c 
  0x000002b7e1fbd020: 2404 c5fa | 115c 2408 | 4889 7c24 | 104c 8944 | 2418 4489 | 4c24 2044 | 895c 2424 | c5f8 77e8 
  0x000002b7e1fbd040: bc52 44f8 | ba45 ffff | ff4c 8b4c | 2418 4c89 | 4c24 0848 | 8944 2410 | 4489 5c24 | 1844 8944 
  0x000002b7e1fbd060: 241c 4489 | 5424 2090 | c5f8 77e8 | 9052 44f8 | 448b 4424 | 2cba beff | ffff 488b | 2c24 448b 
  0x000002b7e1fbd080: 5424 0844 | 8914 244c | 8b54 2418 | 4c89 5424 | 0844 8b5c | 2410 4489 | 5c24 0444 | 8b54 2414 
  0x000002b7e1fbd0a0: 4489 5424 | 104c 8b54 | 2420 4c89 | 5424 1848 | 8944 2420 | 4489 4424 | 1466 6690 | c5f8 77e8 
  0x000002b7e1fbd0c0: 3c52 44f8 | 448b 4424 | 2ceb aa44 | 8b44 242c | eba3 bae4 | ffff ff48 | 8b2c 2444 | 8914 244c 
  0x000002b7e1fbd0e0: 8b54 2418 | 4c89 5424 | 0844 895c | 2404 4489 | 4424 1048 | 8944 2420 | 895c 2414 | c5f8 77e8 
  0x000002b7e1fbd100: fc51 44f8 | babe ffff | ff48 8b2c | 2444 8b54 | 2408 4489 | 1424 4c8b | 5424 184c | 8954 2408 
  0x000002b7e1fbd120: 448b 5c24 | 2044 895c | 2404 448b | 5424 2444 | 8954 2410 | 4889 4424 | 2066 6690 | c5f8 77e8 
  0x000002b7e1fbd140: bc51 44f8 | bae4 ffff | ff44 8954 | 2408 4c8b | 5424 184c | 8954 2410 | 4489 5c24 | 0c44 8944 
  0x000002b7e1fbd160: 2418 4889 | 4424 2890 | c5f8 77e8 | 9051 44f8 | ba76 ffff | ffc5 fa11 | 4424 08c5 | fa11 4c24 
  0x000002b7e1fbd180: 0cc5 fa11 | 5c24 1044 | 894c 2414 | 4c89 4424 | 2844 8974 | 2434 4489 | 5c24 3890 | c5f8 77e8 
  0x000002b7e1fbd1a0: 5c51 44f8 | bd01 0000 | 0033 d2e9 | 28ed ffff | baf4 ffff | ff48 8b2c | 24c5 fa11 | 0424 c5fa 
  0x000002b7e1fbd1c0: 114c 2404 | c5fa 115c | 2408 6690 | c5f8 77e8 | 2c51 44f8 | ba45 ffff | ffc5 fa11 | 4424 08c5 
  0x000002b7e1fbd1e0: fa11 4c24 | 0cc5 fa11 | 5c24 104c | 8944 2420 | 4489 5c24 | 1444 8954 | 2428 6690 | c5f8 77e8 
  0x000002b7e1fbd200: fc50 44f8 | ba45 ffff | ffc5 fa11 | 4424 08c5 | fa11 4c24 | 0cc5 fa11 | 5c24 104c | 8944 2428 
  0x000002b7e1fbd220: 4489 5c24 | 1444 8954 | 2430 4c89 | 4c24 3889 | 5c24 3490 | c5f8 77e8 | c450 44f8 | 4585 d240 
  0x000002b7e1fbd240: 0f95 c540 | 0fb6 ed83 | f501 ba45 | ffff ffc5 | fa11 4424 | 08c5 fa11 | 4c24 0cc5 | fa11 5c24 
  0x000002b7e1fbd260: 1044 894c | 2414 4c89 | 4424 2844 | 895c 2430 | c5f8 77e8 | 8850 44f8 | ba45 ffff | ffc5 fa11 
  0x000002b7e1fbd280: 4424 08c5 | fa11 4c24 | 0cc5 fa11 | 5c24 104c | 8944 2428 | 4c89 5c24 | 3044 8954 | 2414 4c89 
  0x000002b7e1fbd2a0: 4c24 3889 | 5c24 4090 | c5f8 77e8 | 5050 44f8 | bade ffff | ffc5 fa11 | 4424 08c5 | fa11 4c24 
  0x000002b7e1fbd2c0: 0cc5 fa11 | 5c24 1090 | c5f8 77e8 | 3050 44f8 | bade ffff | ff48 8b2c | 24c5 fa11 | 0424 c5fa 
  0x000002b7e1fbd2e0: 114c 2404 | c5fa 115c | 2408 488b | 4c24 1848 | 894c 2410 | 4c89 4424 | 2044 895c | 240c 4489 
  0x000002b7e1fbd300: 5424 2844 | 894c 2430 | c5f8 77e8 | f04f 44f8 | bade ffff | ff48 8b2c | 24c5 fa11 | 0424 c5fa 
  0x000002b7e1fbd320: 114c 2404 | c5fa 115c | 2408 4c8b | 4c24 184c | 894c 2410 | 4c89 4424 | 204c 895c | 2428 4489 
  0x000002b7e1fbd340: 5424 0c89 | 4c24 3490 | c5f8 77e8 | b04f 44f8 | baf6 ffff | ff66 6690 | c5f8 77e8 | a04f 44f8 
  0x000002b7e1fbd360: c5f9 6eda | baf6 ffff | ffc5 f97e | dd66 6690 | c5f8 77e8 | 884f 44f8 | 4489 5c24 | 10ba f6ff 
  0x000002b7e1fbd380: ffff 4489 | 0424 6690 | c5f8 77e8 | 704f 44f8 | baf6 ffff | ff66 6690 | c5f8 77e8 | 604f 44f8 
  0x000002b7e1fbd3a0: ba76 ffff | ff48 8b2c | 2444 8b5c | 2408 4489 | 1c24 4c8b | 5424 184c | 8954 2408 | 448b 5c24 
  0x000002b7e1fbd3c0: 1044 895c | 2404 448b | 5424 1444 | 8954 2410 | 48ff 7424 | 2048 8f44 | 2418 4889 | 4424 20c5 
  0x000002b7e1fbd3e0: fa11 5424 | 1489 5c24 | 2866 6690 | c5f8 77e8 | 0c4f 44f8 | baf6 ffff | ff66 6690 | c5f8 77e8 
  0x000002b7e1fbd400: fc4e 44f8 | 488b d0eb | 0848 8bd0 | eb03 488b | d0c5 f877 | 4883 c460 | 5de9 e258 | 4ff8 baf6 
  0x000002b7e1fbd420: ffff ff49 | 8be8 6690 | c5f8 77e8 | d04e 44f8 | baf6 ffff | ff66 6690 | c5f8 77e8 | c04e 44f8 
  0x000002b7e1fbd440: baf6 ffff | ff66 6690 | c5f8 77e8 | b04e 44f8 | 488b 7424 | 18e9 73fb | ffff 488b | 7424 18e9 
  0x000002b7e1fbd460: 69fb ffff | baf6 ffff | ff66 6690 | c5f8 77e8 | 8c4e 44f8 | baf6 ffff | ff66 6690 | c5f8 77e8 
  0x000002b7e1fbd480: 7c4e 44f8 | baf6 ffff | ff66 6690 | c5f8 77e8 | 6c4e 44f8 | baf6 ffff | ff66 6690 | c5f8 77e8 
  0x000002b7e1fbd4a0: 5c4e 44f8 | ba45 ffff | ff48 8b2c | 24c5 fa11 | 0424 c5fa | 114c 2404 | c5fa 115c | 2408 488b 
  0x000002b7e1fbd4c0: 4c24 1848 | 894c 2410 | 4c89 4424 | 2044 895c | 240c 4489 | 5424 2844 | 894c 242c | c5f8 77e8 
  0x000002b7e1fbd4e0: 1c4e 44f8 | baf6 ffff | ff66 6690 | c5f8 77e8 | 0c4e 44f8 | ba45 ffff | ff48 8b2c | 24c5 fa11 
  0x000002b7e1fbd500: 0424 c5fa | 114c 2404 | c5fa 115c | 2408 4c8b | 4c24 184c | 894c 2410 | 4c89 4424 | 204c 895c 
  0x000002b7e1fbd520: 2428 4489 | 5424 0c89 | 4c24 3090 | c5f8 77e8 | cc4d 44f8 | 49ba 80ca | fbe1 b702 | 0000 4d89 
  0x000002b7e1fbd540: 9758 0300 | 00e9 b65e | 44f8 f4f4 | f4f4 f4f4 | f4f4 f4f4 | f4f4 f4f4 | f4f4 f4f4 | f4f4 f4f4 
  0x000002b7e1fbd560: 48bb 0000 | 0000 0000 | 0000 e9fb | ffff ffe9 | 0c6a 4ef8 | e800 0000 | 0048 832c | 2405 e91d 
  0x000002b7e1fbd580: 5144 f8f4 | f4f4 f4f4 
[/MachCode]
--------------------------------------------------------------------------------


---------------  P R O C E S S  ---------------

Threads class SMR info:
_java_thread_list=0x000002b7f7b22a90, length=25, elements={
0x000002b7d10cef10, 0x000002b7f665f6e0, 0x000002b7f6675bc0, 0x000002b7f6676570,
0x000002b7f6676f20, 0x000002b7f66778d0, 0x000002b7f667dac0, 0x000002b7f6686570,
0x000002b7f6690650, 0x000002b7f7125d90, 0x000002b7f71326f0, 0x000002b7f7153660,
0x000002b7f715c0f0, 0x000002b7d10bed70, 0x000002b7f732ed20, 0x000002b7f732fb90,
0x000002b7f7331870, 0x000002b7f7330530, 0x000002b7f732e850, 0x000002b7f7330ed0,
0x000002b7f73313a0, 0x000002b7f73afd20, 0x000002b7f7b64dc0, 0x000002b7f7bcc810,
0x000002b7f7330a00
}

Java Threads: ( => current thread )
  0x000002b7d10cef10 JavaThread "Reference Handler" daemon [_thread_blocked, id=22156, stack(0x000000fa94400000,0x000000fa94500000)]
  0x000002b7f665f6e0 JavaThread "Finalizer" daemon [_thread_blocked, id=20908, stack(0x000000fa94500000,0x000000fa94600000)]
  0x000002b7f6675bc0 JavaThread "Signal Dispatcher" daemon [_thread_blocked, id=23916, stack(0x000000fa94600000,0x000000fa94700000)]
  0x000002b7f6676570 JavaThread "Attach Listener" daemon [_thread_blocked, id=21156, stack(0x000000fa94700000,0x000000fa94800000)]
  0x000002b7f6676f20 JavaThread "Service Thread" daemon [_thread_blocked, id=23864, stack(0x000000fa94800000,0x000000fa94900000)]
  0x000002b7f66778d0 JavaThread "Monitor Deflation Thread" daemon [_thread_blocked, id=3888, stack(0x000000fa94900000,0x000000fa94a00000)]
  0x000002b7f667dac0 JavaThread "C2 CompilerThread0" daemon [_thread_blocked, id=16856, stack(0x000000fa94a00000,0x000000fa94b00000)]
  0x000002b7f6686570 JavaThread "C1 CompilerThread0" daemon [_thread_blocked, id=2636, stack(0x000000fa94b00000,0x000000fa94c00000)]
  0x000002b7f6690650 JavaThread "Sweeper thread" daemon [_thread_blocked, id=5684, stack(0x000000fa94c00000,0x000000fa94d00000)]
  0x000002b7f7125d90 JavaThread "C1 CompilerThread1" daemon [_thread_blocked, id=19496, stack(0x000000fa94d00000,0x000000fa94e00000)]
  0x000002b7f71326f0 JavaThread "C1 CompilerThread2" daemon [_thread_blocked, id=22196, stack(0x000000fa94e00000,0x000000fa94f00000)]
  0x000002b7f7153660 JavaThread "Notification Thread" daemon [_thread_blocked, id=3852, stack(0x000000fa94f00000,0x000000fa95000000)]
  0x000002b7f715c0f0 JavaThread "Common-Cleaner" daemon [_thread_blocked, id=16936, stack(0x000000fa95100000,0x000000fa95200000)]
  0x000002b7d10bed70 JavaThread "DestroyJavaVM" [_thread_blocked, id=5072, stack(0x000000fa93d00000,0x000000fa93e00000)]
  0x000002b7f732ed20 JavaThread "Java2D Disposer" daemon [_thread_blocked, id=5744, stack(0x000000fa95300000,0x000000fa95400000)]
  0x000002b7f732fb90 JavaThread "AWT-Shutdown" [_thread_blocked, id=8472, stack(0x000000fa95500000,0x000000fa95600000)]
  0x000002b7f7331870 JavaThread "AWT-Windows" daemon [_thread_in_native, id=20316, stack(0x000000fa95600000,0x000000fa95700000)]
  0x000002b7f7330530 JavaThread "AWT-EventQueue-0" [_thread_blocked, id=14968, stack(0x000000fa96300000,0x000000fa96400000)]
=>0x000002b7f732e850 JavaThread "graphicsthread" [_thread_in_Java, id=15412, stack(0x000000fa96400000,0x000000fa96500000)]
  0x000002b7f7330ed0 JavaThread "Thread-1" [_thread_in_Java, id=1652, stack(0x000000fa96500000,0x000000fa96600000)]
  0x000002b7f73313a0 JavaThread "D3D Screen Updater" daemon [_thread_blocked, id=20460, stack(0x000000fa95200000,0x000000fa95300000)]
  0x000002b7f73afd20 JavaThread "C2 CompilerThread1" daemon [_thread_blocked, id=14352, stack(0x000000fa95400000,0x000000fa95500000)]
  0x000002b7f7b64dc0 JavaThread "C2 CompilerThread2" daemon [_thread_blocked, id=20884, stack(0x000000fa96600000,0x000000fa96700000)]
  0x000002b7f7bcc810 JavaThread "C2 CompilerThread3" daemon [_thread_blocked, id=21992, stack(0x000000fa96700000,0x000000fa96800000)]
  0x000002b7f7330a00 JavaThread "gameupdatethread" [_thread_in_Java, id=14632, stack(0x000000fa96800000,0x000000fa96900000)]

Other Threads:
  0x000002b7d10ce440 VMThread "VM Thread" [stack: 0x000000fa94300000,0x000000fa94400000] [id=16476]
  0x000002b7d1133a10 WatcherThread [stack: 0x000000fa95000000,0x000000fa95100000] [id=7260]
  0x000002b7d110d8c0 GCTaskThread "GC Thread#0" [stack: 0x000000fa93e00000,0x000000fa93f00000] [id=19904]
  0x000002b7f7ce71b0 GCTaskThread "GC Thread#1" [stack: 0x000000fa96900000,0x000000fa96a00000] [id=12764]
  0x000002b7f7ce7460 GCTaskThread "GC Thread#2" [stack: 0x000000fa96a00000,0x000000fa96b00000] [id=21132]
  0x000002b7f7ce7710 GCTaskThread "GC Thread#3" [stack: 0x000000fa96b00000,0x000000fa96c00000] [id=3632]
  0x000002b7f7c19bb0 GCTaskThread "GC Thread#4" [stack: 0x000000fa96c00000,0x000000fa96d00000] [id=8428]
  0x000002b7f7c19e60 GCTaskThread "GC Thread#5" [stack: 0x000000fa96d00000,0x000000fa96e00000] [id=3180]
  0x000002b7f7c2a6c0 GCTaskThread "GC Thread#6" [stack: 0x000000fa96e00000,0x000000fa96f00000] [id=18892]
  0x000002b7f7c2a970 GCTaskThread "GC Thread#7" [stack: 0x000000fa96f00000,0x000000fa97000000] [id=6508]
  0x000002b7f7b58a80 GCTaskThread "GC Thread#8" [stack: 0x000000fa97000000,0x000000fa97100000] [id=19936]
  0x000002b7f7b59130 GCTaskThread "GC Thread#9" [stack: 0x000000fa97100000,0x000000fa97200000] [id=8136]
  0x000002b7f7d068d0 GCTaskThread "GC Thread#10" [stack: 0x000000fa97200000,0x000000fa97300000] [id=22776]
  0x000002b7f7dbff10 GCTaskThread "GC Thread#11" [stack: 0x000000fa97300000,0x000000fa97400000] [id=19040]
  0x000002b7d111de90 ConcurrentGCThread "G1 Main Marker" [stack: 0x000000fa93f00000,0x000000fa94000000] [id=4164]
  0x000002b7d1120050 ConcurrentGCThread "G1 Conc#0" [stack: 0x000000fa94000000,0x000000fa94100000] [id=8788]
  0x000002b7d118e860 ConcurrentGCThread "G1 Refine#0" [stack: 0x000000fa94100000,0x000000fa94200000] [id=1528]
  0x000002b7f6523730 ConcurrentGCThread "G1 Service" [stack: 0x000000fa94200000,0x000000fa94300000] [id=7204]

Threads with active compile tasks:

VM state: not at safepoint (normal execution)

VM Mutex/Monitor currently owned by a thread: None

Heap address: 0x0000000709600000, size: 3946 MB, Compressed Oops mode: Zero based, Oop shift amount: 3

CDS archive(s) mapped at: [0x0000000800000000-0x0000000800bc0000-0x0000000800bc0000), size 12320768, SharedBaseAddress: 0x0000000800000000, ArchiveRelocationMode: 0.
Compressed class space mapped at: 0x0000000800c00000-0x0000000840c00000, reserved size: 1073741824
Narrow klass base: 0x0000000800000000, Narrow klass shift: 0, Narrow klass range: 0x100000000

GC Precious Log:
 CPUs: 16 total, 16 available
 Memory: 15776M
 Large Page Support: Disabled
 NUMA Support: Disabled
 Compressed Oops: Enabled (Zero based)
 Heap Region Size: 2M
 Heap Min Capacity: 8M
 Heap Initial Capacity: 248M
 Heap Max Capacity: 3946M
 Pre-touch: Disabled
 Parallel Workers: 13
 Concurrent Workers: 3
 Concurrent Refinement Workers: 13
 Periodic GC: Disabled

Heap:
 garbage-first heap   total 253952K, used 9755K [0x0000000709600000, 0x0000000800000000)
  region size 2048K, 3 young (6144K), 2 survivors (4096K)
 Metaspace       used 6981K, committed 7168K, reserved 1056768K
  class space    used 751K, committed 832K, reserved 1048576K

Heap Regions: E=young(eden), S=young(survivor), O=old, HS=humongous(starts), HC=humongous(continues), CS=collection set, F=free, OA=open archive, CA=closed archive, TAMS=top-at-mark-start (previous, next)
|   0|0x0000000709600000, 0x0000000709800000, 0x0000000709800000|100%|HS|  |TAMS 0x0000000709600000, 0x0000000709600000| Complete 
|   1|0x0000000709800000, 0x0000000709a00000, 0x0000000709a00000|100%|HC|  |TAMS 0x0000000709800000, 0x0000000709800000| Complete 
|   2|0x0000000709a00000, 0x0000000709b86c00, 0x0000000709c00000| 76%| O|  |TAMS 0x0000000709a00000, 0x0000000709a00000| Untracked 
|   3|0x0000000709c00000, 0x0000000709c00000, 0x0000000709e00000|  0%| F|  |TAMS 0x0000000709c00000, 0x0000000709c00000| Untracked 
|   4|0x0000000709e00000, 0x0000000709e00000, 0x000000070a000000|  0%| F|  |TAMS 0x0000000709e00000, 0x0000000709e00000| Untracked 
|   5|0x000000070a000000, 0x000000070a000000, 0x000000070a200000|  0%| F|  |TAMS 0x000000070a000000, 0x000000070a000000| Untracked 
|   6|0x000000070a200000, 0x000000070a200000, 0x000000070a400000|  0%| F|  |TAMS 0x000000070a200000, 0x000000070a200000| Untracked 
|   7|0x000000070a400000, 0x000000070a400000, 0x000000070a600000|  0%| F|  |TAMS 0x000000070a400000, 0x000000070a400000| Untracked 
|   8|0x000000070a600000, 0x000000070a600000, 0x000000070a800000|  0%| F|  |TAMS 0x000000070a600000, 0x000000070a600000| Untracked 
|   9|0x000000070a800000, 0x000000070a800000, 0x000000070aa00000|  0%| F|  |TAMS 0x000000070a800000, 0x000000070a800000| Untracked 
|  10|0x000000070aa00000, 0x000000070aa00000, 0x000000070ac00000|  0%| F|  |TAMS 0x000000070aa00000, 0x000000070aa00000| Untracked 
|  11|0x000000070ac00000, 0x000000070ac00000, 0x000000070ae00000|  0%| F|  |TAMS 0x000000070ac00000, 0x000000070ac00000| Untracked 
|  12|0x000000070ae00000, 0x000000070ae00000, 0x000000070b000000|  0%| F|  |TAMS 0x000000070ae00000, 0x000000070ae00000| Untracked 
|  13|0x000000070b000000, 0x000000070b000000, 0x000000070b200000|  0%| F|  |TAMS 0x000000070b000000, 0x000000070b000000| Untracked 
|  14|0x000000070b200000, 0x000000070b200000, 0x000000070b400000|  0%| F|  |TAMS 0x000000070b200000, 0x000000070b200000| Untracked 
|  15|0x000000070b400000, 0x000000070b400000, 0x000000070b600000|  0%| F|  |TAMS 0x000000070b400000, 0x000000070b400000| Untracked 
|  16|0x000000070b600000, 0x000000070b600000, 0x000000070b800000|  0%| F|  |TAMS 0x000000070b600000, 0x000000070b600000| Untracked 
|  17|0x000000070b800000, 0x000000070b800000, 0x000000070ba00000|  0%| F|  |TAMS 0x000000070b800000, 0x000000070b800000| Untracked 
|  18|0x000000070ba00000, 0x000000070ba00000, 0x000000070bc00000|  0%| F|  |TAMS 0x000000070ba00000, 0x000000070ba00000| Untracked 
|  19|0x000000070bc00000, 0x000000070bc00000, 0x000000070be00000|  0%| F|  |TAMS 0x000000070bc00000, 0x000000070bc00000| Untracked 
|  20|0x000000070be00000, 0x000000070be00000, 0x000000070c000000|  0%| F|  |TAMS 0x000000070be00000, 0x000000070be00000| Untracked 
|  21|0x000000070c000000, 0x000000070c000000, 0x000000070c200000|  0%| F|  |TAMS 0x000000070c000000, 0x000000070c000000| Untracked 
|  22|0x000000070c200000, 0x000000070c200000, 0x000000070c400000|  0%| F|  |TAMS 0x000000070c200000, 0x000000070c200000| Untracked 
|  23|0x000000070c400000, 0x000000070c400000, 0x000000070c600000|  0%| F|  |TAMS 0x000000070c400000, 0x000000070c400000| Untracked 
|  24|0x000000070c600000, 0x000000070c600000, 0x000000070c800000|  0%| F|  |TAMS 0x000000070c600000, 0x000000070c600000| Untracked 
|  25|0x000000070c800000, 0x000000070c800000, 0x000000070ca00000|  0%| F|  |TAMS 0x000000070c800000, 0x000000070c800000| Untracked 
|  26|0x000000070ca00000, 0x000000070ca00000, 0x000000070cc00000|  0%| F|  |TAMS 0x000000070ca00000, 0x000000070ca00000| Untracked 
|  27|0x000000070cc00000, 0x000000070cc00000, 0x000000070ce00000|  0%| F|  |TAMS 0x000000070cc00000, 0x000000070cc00000| Untracked 
|  28|0x000000070ce00000, 0x000000070ce00000, 0x000000070d000000|  0%| F|  |TAMS 0x000000070ce00000, 0x000000070ce00000| Untracked 
|  29|0x000000070d000000, 0x000000070d000000, 0x000000070d200000|  0%| F|  |TAMS 0x000000070d000000, 0x000000070d000000| Untracked 
|  30|0x000000070d200000, 0x000000070d200000, 0x000000070d400000|  0%| F|  |TAMS 0x000000070d200000, 0x000000070d200000| Untracked 
|  31|0x000000070d400000, 0x000000070d400000, 0x000000070d600000|  0%| F|  |TAMS 0x000000070d400000, 0x000000070d400000| Untracked 
|  32|0x000000070d600000, 0x000000070d600000, 0x000000070d800000|  0%| F|  |TAMS 0x000000070d600000, 0x000000070d600000| Untracked 
|  33|0x000000070d800000, 0x000000070d800000, 0x000000070da00000|  0%| F|  |TAMS 0x000000070d800000, 0x000000070d800000| Untracked 
|  34|0x000000070da00000, 0x000000070da00000, 0x000000070dc00000|  0%| F|  |TAMS 0x000000070da00000, 0x000000070da00000| Untracked 
|  35|0x000000070dc00000, 0x000000070dc00000, 0x000000070de00000|  0%| F|  |TAMS 0x000000070dc00000, 0x000000070dc00000| Untracked 
|  36|0x000000070de00000, 0x000000070de00000, 0x000000070e000000|  0%| F|  |TAMS 0x000000070de00000, 0x000000070de00000| Untracked 
|  37|0x000000070e000000, 0x000000070e000000, 0x000000070e200000|  0%| F|  |TAMS 0x000000070e000000, 0x000000070e000000| Untracked 
|  38|0x000000070e200000, 0x000000070e200000, 0x000000070e400000|  0%| F|  |TAMS 0x000000070e200000, 0x000000070e200000| Untracked 
|  39|0x000000070e400000, 0x000000070e400000, 0x000000070e600000|  0%| F|  |TAMS 0x000000070e400000, 0x000000070e400000| Untracked 
|  40|0x000000070e600000, 0x000000070e600000, 0x000000070e800000|  0%| F|  |TAMS 0x000000070e600000, 0x000000070e600000| Untracked 
|  41|0x000000070e800000, 0x000000070e800000, 0x000000070ea00000|  0%| F|  |TAMS 0x000000070e800000, 0x000000070e800000| Untracked 
|  42|0x000000070ea00000, 0x000000070ea00000, 0x000000070ec00000|  0%| F|  |TAMS 0x000000070ea00000, 0x000000070ea00000| Untracked 
|  43|0x000000070ec00000, 0x000000070ec00000, 0x000000070ee00000|  0%| F|  |TAMS 0x000000070ec00000, 0x000000070ec00000| Untracked 
|  44|0x000000070ee00000, 0x000000070ee00000, 0x000000070f000000|  0%| F|  |TAMS 0x000000070ee00000, 0x000000070ee00000| Untracked 
|  45|0x000000070f000000, 0x000000070f000000, 0x000000070f200000|  0%| F|  |TAMS 0x000000070f000000, 0x000000070f000000| Untracked 
|  46|0x000000070f200000, 0x000000070f200000, 0x000000070f400000|  0%| F|  |TAMS 0x000000070f200000, 0x000000070f200000| Untracked 
|  47|0x000000070f400000, 0x000000070f400000, 0x000000070f600000|  0%| F|  |TAMS 0x000000070f400000, 0x000000070f400000| Untracked 
|  48|0x000000070f600000, 0x000000070f600000, 0x000000070f800000|  0%| F|  |TAMS 0x000000070f600000, 0x000000070f600000| Untracked 
|  49|0x000000070f800000, 0x000000070f800000, 0x000000070fa00000|  0%| F|  |TAMS 0x000000070f800000, 0x000000070f800000| Untracked 
|  50|0x000000070fa00000, 0x000000070fa00000, 0x000000070fc00000|  0%| F|  |TAMS 0x000000070fa00000, 0x000000070fa00000| Untracked 
|  51|0x000000070fc00000, 0x000000070fc00000, 0x000000070fe00000|  0%| F|  |TAMS 0x000000070fc00000, 0x000000070fc00000| Untracked 
|  52|0x000000070fe00000, 0x000000070fe00000, 0x0000000710000000|  0%| F|  |TAMS 0x000000070fe00000, 0x000000070fe00000| Untracked 
|  53|0x0000000710000000, 0x0000000710000000, 0x0000000710200000|  0%| F|  |TAMS 0x0000000710000000, 0x0000000710000000| Untracked 
|  54|0x0000000710200000, 0x0000000710200000, 0x0000000710400000|  0%| F|  |TAMS 0x0000000710200000, 0x0000000710200000| Untracked 
|  55|0x0000000710400000, 0x0000000710400000, 0x0000000710600000|  0%| F|  |TAMS 0x0000000710400000, 0x0000000710400000| Untracked 
|  56|0x0000000710600000, 0x0000000710600000, 0x0000000710800000|  0%| F|  |TAMS 0x0000000710600000, 0x0000000710600000| Untracked 
|  57|0x0000000710800000, 0x0000000710800000, 0x0000000710a00000|  0%| F|  |TAMS 0x0000000710800000, 0x0000000710800000| Untracked 
|  58|0x0000000710a00000, 0x0000000710a00000, 0x0000000710c00000|  0%| F|  |TAMS 0x0000000710a00000, 0x0000000710a00000| Untracked 
|  59|0x0000000710c00000, 0x0000000710c00000, 0x0000000710e00000|  0%| F|  |TAMS 0x0000000710c00000, 0x0000000710c00000| Untracked 
|  60|0x0000000710e00000, 0x0000000710e00000, 0x0000000711000000|  0%| F|  |TAMS 0x0000000710e00000, 0x0000000710e00000| Untracked 
|  61|0x0000000711000000, 0x0000000711000000, 0x0000000711200000|  0%| F|  |TAMS 0x0000000711000000, 0x0000000711000000| Untracked 
|  62|0x0000000711200000, 0x0000000711200000, 0x0000000711400000|  0%| F|  |TAMS 0x0000000711200000, 0x0000000711200000| Untracked 
|  63|0x0000000711400000, 0x0000000711400000, 0x0000000711600000|  0%| F|  |TAMS 0x0000000711400000, 0x0000000711400000| Untracked 
|  64|0x0000000711600000, 0x0000000711600000, 0x0000000711800000|  0%| F|  |TAMS 0x0000000711600000, 0x0000000711600000| Untracked 
|  65|0x0000000711800000, 0x0000000711800000, 0x0000000711a00000|  0%| F|  |TAMS 0x0000000711800000, 0x0000000711800000| Untracked 
|  66|0x0000000711a00000, 0x0000000711a00000, 0x0000000711c00000|  0%| F|  |TAMS 0x0000000711a00000, 0x0000000711a00000| Untracked 
|  67|0x0000000711c00000, 0x0000000711c00000, 0x0000000711e00000|  0%| F|  |TAMS 0x0000000711c00000, 0x0000000711c00000| Untracked 
|  68|0x0000000711e00000, 0x0000000711e00000, 0x0000000712000000|  0%| F|  |TAMS 0x0000000711e00000, 0x0000000711e00000| Untracked 
|  69|0x0000000712000000, 0x0000000712000000, 0x0000000712200000|  0%| F|  |TAMS 0x0000000712000000, 0x0000000712000000| Untracked 
|  70|0x0000000712200000, 0x0000000712200000, 0x0000000712400000|  0%| F|  |TAMS 0x0000000712200000, 0x0000000712200000| Untracked 
|  71|0x0000000712400000, 0x0000000712400000, 0x0000000712600000|  0%| F|  |TAMS 0x0000000712400000, 0x0000000712400000| Untracked 
|  72|0x0000000712600000, 0x0000000712600000, 0x0000000712800000|  0%| F|  |TAMS 0x0000000712600000, 0x0000000712600000| Untracked 
|  73|0x0000000712800000, 0x0000000712800000, 0x0000000712a00000|  0%| F|  |TAMS 0x0000000712800000, 0x0000000712800000| Untracked 
|  74|0x0000000712a00000, 0x0000000712a00000, 0x0000000712c00000|  0%| F|  |TAMS 0x0000000712a00000, 0x0000000712a00000| Untracked 
|  75|0x0000000712c00000, 0x0000000712c00000, 0x0000000712e00000|  0%| F|  |TAMS 0x0000000712c00000, 0x0000000712c00000| Untracked 
|  76|0x0000000712e00000, 0x0000000712e00000, 0x0000000713000000|  0%| F|  |TAMS 0x0000000712e00000, 0x0000000712e00000| Untracked 
|  77|0x0000000713000000, 0x0000000713000000, 0x0000000713200000|  0%| F|  |TAMS 0x0000000713000000, 0x0000000713000000| Untracked 
|  78|0x0000000713200000, 0x0000000713200000, 0x0000000713400000|  0%| F|  |TAMS 0x0000000713200000, 0x0000000713200000| Untracked 
|  79|0x0000000713400000, 0x0000000713400000, 0x0000000713600000|  0%| F|  |TAMS 0x0000000713400000, 0x0000000713400000| Untracked 
|  80|0x0000000713600000, 0x0000000713600000, 0x0000000713800000|  0%| F|  |TAMS 0x0000000713600000, 0x0000000713600000| Untracked 
|  81|0x0000000713800000, 0x0000000713800000, 0x0000000713a00000|  0%| F|  |TAMS 0x0000000713800000, 0x0000000713800000| Untracked 
|  82|0x0000000713a00000, 0x0000000713a00000, 0x0000000713c00000|  0%| F|  |TAMS 0x0000000713a00000, 0x0000000713a00000| Untracked 
|  83|0x0000000713c00000, 0x0000000713c00000, 0x0000000713e00000|  0%| F|  |TAMS 0x0000000713c00000, 0x0000000713c00000| Untracked 
|  84|0x0000000713e00000, 0x0000000713e00000, 0x0000000714000000|  0%| F|  |TAMS 0x0000000713e00000, 0x0000000713e00000| Untracked 
|  85|0x0000000714000000, 0x0000000714000000, 0x0000000714200000|  0%| F|  |TAMS 0x0000000714000000, 0x0000000714000000| Untracked 
|  86|0x0000000714200000, 0x0000000714200000, 0x0000000714400000|  0%| F|  |TAMS 0x0000000714200000, 0x0000000714200000| Untracked 
|  87|0x0000000714400000, 0x0000000714400000, 0x0000000714600000|  0%| F|  |TAMS 0x0000000714400000, 0x0000000714400000| Untracked 
|  88|0x0000000714600000, 0x0000000714600000, 0x0000000714800000|  0%| F|  |TAMS 0x0000000714600000, 0x0000000714600000| Untracked 
|  89|0x0000000714800000, 0x0000000714800000, 0x0000000714a00000|  0%| F|  |TAMS 0x0000000714800000, 0x0000000714800000| Untracked 
|  90|0x0000000714a00000, 0x0000000714a00000, 0x0000000714c00000|  0%| F|  |TAMS 0x0000000714a00000, 0x0000000714a00000| Untracked 
|  91|0x0000000714c00000, 0x0000000714c00000, 0x0000000714e00000|  0%| F|  |TAMS 0x0000000714c00000, 0x0000000714c00000| Untracked 
|  92|0x0000000714e00000, 0x0000000714e00000, 0x0000000715000000|  0%| F|  |TAMS 0x0000000714e00000, 0x0000000714e00000| Untracked 
|  93|0x0000000715000000, 0x0000000715000000, 0x0000000715200000|  0%| F|  |TAMS 0x0000000715000000, 0x0000000715000000| Untracked 
|  94|0x0000000715200000, 0x0000000715200000, 0x0000000715400000|  0%| F|  |TAMS 0x0000000715200000, 0x0000000715200000| Untracked 
|  95|0x0000000715400000, 0x0000000715400000, 0x0000000715600000|  0%| F|  |TAMS 0x0000000715400000, 0x0000000715400000| Untracked 
|  96|0x0000000715600000, 0x0000000715600000, 0x0000000715800000|  0%| F|  |TAMS 0x0000000715600000, 0x0000000715600000| Untracked 
|  97|0x0000000715800000, 0x0000000715800000, 0x0000000715a00000|  0%| F|  |TAMS 0x0000000715800000, 0x0000000715800000| Untracked 
|  98|0x0000000715a00000, 0x0000000715a00000, 0x0000000715c00000|  0%| F|  |TAMS 0x0000000715a00000, 0x0000000715a00000| Untracked 
|  99|0x0000000715c00000, 0x0000000715c00000, 0x0000000715e00000|  0%| F|  |TAMS 0x0000000715c00000, 0x0000000715c00000| Untracked 
| 100|0x0000000715e00000, 0x0000000715e00000, 0x0000000716000000|  0%| F|  |TAMS 0x0000000715e00000, 0x0000000715e00000| Untracked 
| 101|0x0000000716000000, 0x0000000716000000, 0x0000000716200000|  0%| F|  |TAMS 0x0000000716000000, 0x0000000716000000| Untracked 
| 102|0x0000000716200000, 0x0000000716200000, 0x0000000716400000|  0%| F|  |TAMS 0x0000000716200000, 0x0000000716200000| Untracked 
| 103|0x0000000716400000, 0x0000000716400000, 0x0000000716600000|  0%| F|  |TAMS 0x0000000716400000, 0x0000000716400000| Untracked 
| 104|0x0000000716600000, 0x0000000716600000, 0x0000000716800000|  0%| F|  |TAMS 0x0000000716600000, 0x0000000716600000| Untracked 
| 105|0x0000000716800000, 0x0000000716800000, 0x0000000716a00000|  0%| F|  |TAMS 0x0000000716800000, 0x0000000716800000| Untracked 
| 106|0x0000000716a00000, 0x0000000716a00000, 0x0000000716c00000|  0%| F|  |TAMS 0x0000000716a00000, 0x0000000716a00000| Untracked 
| 107|0x0000000716c00000, 0x0000000716c00000, 0x0000000716e00000|  0%| F|  |TAMS 0x0000000716c00000, 0x0000000716c00000| Untracked 
| 108|0x0000000716e00000, 0x0000000716e00000, 0x0000000717000000|  0%| F|  |TAMS 0x0000000716e00000, 0x0000000716e00000| Untracked 
| 109|0x0000000717000000, 0x0000000717000000, 0x0000000717200000|  0%| F|  |TAMS 0x0000000717000000, 0x0000000717000000| Untracked 
| 110|0x0000000717200000, 0x0000000717200000, 0x0000000717400000|  0%| F|  |TAMS 0x0000000717200000, 0x0000000717200000| Untracked 
| 111|0x0000000717400000, 0x0000000717600000, 0x0000000717600000|100%| S|CS|TAMS 0x0000000717400000, 0x0000000717400000| Complete 
| 112|0x0000000717600000, 0x0000000717800000, 0x0000000717800000|100%| S|CS|TAMS 0x0000000717600000, 0x0000000717600000| Complete 
| 113|0x0000000717800000, 0x0000000717800000, 0x0000000717a00000|  0%| F|  |TAMS 0x0000000717800000, 0x0000000717800000| Untracked 
| 114|0x0000000717a00000, 0x0000000717a00000, 0x0000000717c00000|  0%| F|  |TAMS 0x0000000717a00000, 0x0000000717a00000| Untracked 
| 115|0x0000000717c00000, 0x0000000717c00000, 0x0000000717e00000|  0%| F|  |TAMS 0x0000000717c00000, 0x0000000717c00000| Untracked 
| 116|0x0000000717e00000, 0x0000000717e00000, 0x0000000718000000|  0%| F|  |TAMS 0x0000000717e00000, 0x0000000717e00000| Untracked 
| 117|0x0000000718000000, 0x0000000718000000, 0x0000000718200000|  0%| F|  |TAMS 0x0000000718000000, 0x0000000718000000| Untracked 
| 118|0x0000000718200000, 0x0000000718200000, 0x0000000718400000|  0%| F|  |TAMS 0x0000000718200000, 0x0000000718200000| Untracked 
| 119|0x0000000718400000, 0x0000000718400000, 0x0000000718600000|  0%| F|  |TAMS 0x0000000718400000, 0x0000000718400000| Untracked 
| 120|0x0000000718600000, 0x0000000718600000, 0x0000000718800000|  0%| F|  |TAMS 0x0000000718600000, 0x0000000718600000| Untracked 
| 121|0x0000000718800000, 0x0000000718800000, 0x0000000718a00000|  0%| F|  |TAMS 0x0000000718800000, 0x0000000718800000| Untracked 
| 122|0x0000000718a00000, 0x0000000718a00000, 0x0000000718c00000|  0%| F|  |TAMS 0x0000000718a00000, 0x0000000718a00000| Untracked 
| 123|0x0000000718c00000, 0x0000000718e00000, 0x0000000718e00000|100%| E|  |TAMS 0x0000000718c00000, 0x0000000718c00000| Complete 

Card table byte_map: [0x000002b7eab20000,0x000002b7eb2e0000] _byte_map_base: 0x000002b7e72d5000

Marking Bits (Prev, Next): (CMBitMap*) 0x000002b7d110ded0, (CMBitMap*) 0x000002b7d110df10
 Prev Bits: [0x000002b7ebaa0000, 0x000002b7ef848000)
 Next Bits: [0x000002b7ef850000, 0x000002b7f35f8000)

Polling page: 0x000002b7d0de0000

Metaspace:

Usage:
  Non-class:      6.08 MB used.
      Class:    751.62 KB used.
       Both:      6.82 MB used.

Virtual space:
  Non-class space:        8.00 MB reserved,       6.19 MB ( 77%) committed,  1 nodes.
      Class space:        1.00 GB reserved,     832.00 KB ( <1%) committed,  1 nodes.
             Both:        1.01 GB reserved,       7.00 MB ( <1%) committed. 

Chunk freelists:
   Non-Class:  1.86 MB
       Class:  3.22 MB
        Both:  5.08 MB

MaxMetaspaceSize: unlimited
CompressedClassSpaceSize: 1.00 GB
Initial GC threshold: 21.00 MB
Current GC threshold: 21.00 MB
CDS: on
MetaspaceReclaimPolicy: balanced
 - commit_granule_bytes: 65536.
 - commit_granule_words: 8192.
 - virtual_space_node_default_size: 1048576.
 - enlarge_chunks_in_place: 1.
 - new_chunks_are_fully_committed: 0.
 - uncommit_free_chunks: 1.
 - use_allocation_guard: 0.
 - handle_deallocations: 1.


Internal statistics:

num_allocs_failed_limit: 0.
num_arena_births: 128.
num_arena_deaths: 0.
num_vsnodes_births: 2.
num_vsnodes_deaths: 0.
num_space_committed: 112.
num_space_uncommitted: 0.
num_chunks_returned_to_freelist: 0.
num_chunks_taken_from_freelist: 178.
num_chunk_merges: 0.
num_chunk_splits: 106.
num_chunks_enlarged: 52.
num_purges: 0.
num_inconsistent_stats: 0.

CodeHeap 'non-profiled nmethods': size=119168Kb used=450Kb max_used=450Kb free=118717Kb
 bounds [0x000002b7e1f50000, 0x000002b7e21c0000, 0x000002b7e93b0000]
CodeHeap 'profiled nmethods': size=119104Kb used=1606Kb max_used=1606Kb free=117497Kb
 bounds [0x000002b7dab00000, 0x000002b7dad70000, 0x000002b7e1f50000]
CodeHeap 'non-nmethods': size=7488Kb used=2385Kb max_used=2414Kb free=5102Kb
 bounds [0x000002b7da3b0000, 0x000002b7da620000, 0x000002b7dab00000]
 total_blobs=1737 nmethods=1157 adapters=491
 compilation: enabled
              stopped_count=0, restarted_count=0
 full_count=0

Compilation events (20 events):
Event: 1.169 Thread 0x000002b7f7125d90 1139 %     3       summit.gfx.Renderer::filterFrame @ 10 (57 bytes)
Event: 1.169 Thread 0x000002b7f7125d90 nmethod 1139% 0x000002b7dac8ed90 code [0x000002b7dac8ef60, 0x000002b7dac8f3c8]
Event: 1.169 Thread 0x000002b7f71326f0 1140       3       summit.gfx.Renderer::filterFrame (57 bytes)
Event: 1.169 Thread 0x000002b7f71326f0 nmethod 1140 0x000002b7dac8f690 code [0x000002b7dac8f860, 0x000002b7dac8fc28]
Event: 1.176 Thread 0x000002b7f7bcc810 1141       4       summit.gfx.Renderer::rotate (62 bytes)
Event: 1.182 Thread 0x000002b7f7125d90 1142       1       summit.game.entity.Entity::inWater (5 bytes)
Event: 1.182 Thread 0x000002b7f6686570 1143       1       summit.game.GameUpdateEvent::getDeltaTime (5 bytes)
Event: 1.182 Thread 0x000002b7f6686570 nmethod 1143 0x000002b7e1fbab10 code [0x000002b7e1fbaca0, 0x000002b7e1fbad78]
Event: 1.182 Thread 0x000002b7f7125d90 nmethod 1142 0x000002b7e1fbae10 code [0x000002b7e1fbafa0, 0x000002b7e1fbb078]
Event: 1.183 Thread 0x000002b7f7bcc810 nmethod 1141 0x000002b7e1fbb110 code [0x000002b7e1fbb2a0, 0x000002b7e1fbb818]
Event: 1.190 Thread 0x000002b7f73afd20 nmethod 1133 0x000002b7e1fbbb10 code [0x000002b7e1fbbd20, 0x000002b7e1fbd588]
Event: 1.190 Thread 0x000002b7f71326f0 1145       3       java.lang.ref.Reference::enqueueFromPending (19 bytes)
Event: 1.190 Thread 0x000002b7f7125d90 1146   !   3       java.lang.ref.ReferenceQueue::enqueue (119 bytes)
Event: 1.190 Thread 0x000002b7f71326f0 nmethod 1145 0x000002b7dac8fe90 code [0x000002b7dac90040, 0x000002b7dac90268]
Event: 1.190 Thread 0x000002b7f71326f0 1148       3       java.awt.EventQueue::getNextEventPrivate (76 bytes)
Event: 1.190 Thread 0x000002b7f7125d90 nmethod 1146 0x000002b7dac90310 code [0x000002b7dac90500, 0x000002b7dac90c08]
Event: 1.190 Thread 0x000002b7f7125d90 1149       3       java.lang.ref.Reference::clear (5 bytes)
Event: 1.190 Thread 0x000002b7f71326f0 nmethod 1148 0x000002b7dac90e10 code [0x000002b7dac90fe0, 0x000002b7dac91368]
Event: 1.190 Thread 0x000002b7f7125d90 nmethod 1149 0x000002b7dac91510 code [0x000002b7dac916a0, 0x000002b7dac917e8]
Event: 1.192 Thread 0x000002b7f73afd20 1151 %     4       summit.gfx.Renderer::filterFrame @ 10 (57 bytes)

GC Heap History (2 events):
Event: 1.187 GC heap before
{Heap before GC invocations=0 (full 0):
 garbage-first heap   total 253952K, used 26624K [0x0000000709600000, 0x0000000800000000)
  region size 2048K, 11 young (22528K), 0 survivors (0K)
 Metaspace       used 6977K, committed 7168K, reserved 1056768K
  class space    used 751K, committed 832K, reserved 1048576K
}
Event: 1.189 GC heap after
{Heap after GC invocations=1 (full 0):
 garbage-first heap   total 253952K, used 9755K [0x0000000709600000, 0x0000000800000000)
  region size 2048K, 2 young (4096K), 2 survivors (4096K)
 Metaspace       used 6977K, committed 7168K, reserved 1056768K
  class space    used 751K, committed 832K, reserved 1048576K
}

Deoptimization events (20 events):
Event: 1.146 Thread 0x000002b7f7330a00 DEOPT PACKING pc=0x000002b7dac88579 sp=0x000000fa968ff410
Event: 1.146 Thread 0x000002b7f7330a00 DEOPT UNPACKING pc=0x000002b7da402b43 sp=0x000000fa968fe8b8 mode 0
Event: 1.146 Thread 0x000002b7f732e850 Uncommon trap: trap_request=0xffffff45 fr.pc=0x000002b7e1fb8bf4 relative=0x00000000000000f4
Event: 1.146 Thread 0x000002b7f732e850 Uncommon trap: reason=unstable_if action=reinterpret pc=0x000002b7e1fb8bf4 method=summit.gfx.ColorFilter.filterColor(I)I @ 117 c2
Event: 1.146 Thread 0x000002b7f732e850 DEOPT PACKING pc=0x000002b7e1fb8bf4 sp=0x000000fa964ff4d0
Event: 1.146 Thread 0x000002b7f732e850 DEOPT UNPACKING pc=0x000002b7da4023a3 sp=0x000000fa964ff450 mode 2
Event: 1.146 Thread 0x000002b7f7330a00 DEOPT PACKING pc=0x000002b7dac88579 sp=0x000000fa968ff410
Event: 1.146 Thread 0x000002b7f7330a00 DEOPT UNPACKING pc=0x000002b7da402b43 sp=0x000000fa968fe8b8 mode 0
Event: 1.147 Thread 0x000002b7f7330a00 DEOPT PACKING pc=0x000002b7dac88579 sp=0x000000fa968ff410
Event: 1.147 Thread 0x000002b7f7330a00 DEOPT UNPACKING pc=0x000002b7da402b43 sp=0x000000fa968fe8b8 mode 0
Event: 1.148 Thread 0x000002b7f7330a00 DEOPT PACKING pc=0x000002b7dac88579 sp=0x000000fa968ff410
Event: 1.148 Thread 0x000002b7f7330a00 DEOPT UNPACKING pc=0x000002b7da402b43 sp=0x000000fa968fe8b8 mode 0
Event: 1.149 Thread 0x000002b7f7330a00 DEOPT PACKING pc=0x000002b7dac88579 sp=0x000000fa968ff410
Event: 1.149 Thread 0x000002b7f7330a00 DEOPT UNPACKING pc=0x000002b7da402b43 sp=0x000000fa968fe8b8 mode 0
Event: 1.150 Thread 0x000002b7f7330a00 DEOPT PACKING pc=0x000002b7dac88579 sp=0x000000fa968ff410
Event: 1.150 Thread 0x000002b7f7330a00 DEOPT UNPACKING pc=0x000002b7da402b43 sp=0x000000fa968fe8b8 mode 0
Event: 1.176 Thread 0x000002b7f732e850 DEOPT PACKING pc=0x000002b7dac8dd9d sp=0x000000fa964ff270
Event: 1.176 Thread 0x000002b7f732e850 DEOPT UNPACKING pc=0x000002b7da402b43 sp=0x000000fa964fe700 mode 0
Event: 1.181 Thread 0x000002b7f732e850 DEOPT PACKING pc=0x000002b7dac8dd9d sp=0x000000fa964ff270
Event: 1.181 Thread 0x000002b7f732e850 DEOPT UNPACKING pc=0x000002b7da402b43 sp=0x000000fa964fe700 mode 0

Classes unloaded (0 events):
No events

Classes redefined (0 events):
No events

Internal exceptions (15 events):
Event: 0.050 Thread 0x000002b7f715e120 Exception <a 'java/lang/ClassNotFoundException'{0x0000000718a2c1c8}: sun/awt/resources/spi/awtProvider> (0x0000000718a2c1c8) 
thrown [e:\jenkins\tmp\workspace\build\src\src\hotspot\share\classfile\systemDictionary.cpp, line 256]
Event: 0.069 Thread 0x000002b7f715e120 Exception <a 'java/io/FileNotFoundException'{0x0000000718b666c8}> (0x0000000718b666c8) 
thrown [e:\jenkins\tmp\workspace\build\src\src\hotspot\share\prims\jni.cpp, line 516]
Event: 0.075 Thread 0x000002b7f715e120 Exception <a 'java/io/FileNotFoundException'{0x0000000718b93620}> (0x0000000718b93620) 
thrown [e:\jenkins\tmp\workspace\build\src\src\hotspot\share\prims\jni.cpp, line 516]
Event: 0.088 Thread 0x000002b7f715e120 Exception <a 'java/lang/NoSuchMethodError'{0x0000000718bc8fd0}: 'java.lang.Object java.lang.invoke.DirectMethodHandle$Holder.invokeStaticInit(java.lang.Object)'> (0x0000000718bc8fd0) 
thrown [e:\jenkins\tmp\workspace\build\src\src\hotspot\share\interpreter\linkResolver.cpp, line 766]
Event: 0.226 Thread 0x000002b7f715e120 Exception <a 'java/lang/NoSuchMethodError'{0x0000000718762a58}: 'void java.lang.invoke.DirectMethodHandle$Holder.invokeSpecial(java.lang.Object, java.lang.Object, java.lang.Object)'> (0x0000000718762a58) 
thrown [e:\jenkins\tmp\workspace\build\src\src\hotspot\share\interpreter\linkResolver.cpp, line 766]
Event: 0.232 Thread 0x000002b7f715e120 Exception <a 'java/lang/NoSuchMethodError'{0x000000071878ccf0}: 'java.lang.Object java.lang.invoke.DirectMethodHandle$Holder.newInvokeSpecial(java.lang.Object, java.lang.Object, java.lang.Object, java.lang.Object, java.lang.Object)'> (0x000000071878ccf0) 
thrown [e:\jenkins\tmp\workspace\build\src\src\hotspot\share\interpreter\linkResolver.cpp, line 766]
Event: 0.233 Thread 0x000002b7f715e120 Exception <a 'java/lang/NoSuchMethodError'{0x00000007187986b8}: 'java.lang.Object java.lang.invoke.DirectMethodHandle$Holder.invokeStatic(java.lang.Object, int, java.lang.Object, java.lang.Object, java.lang.Object, java.lang.Object)'> (0x00000007187986b8) 
thrown [e:\jenkins\tmp\workspace\build\src\src\hotspot\share\interpreter\linkResolver.cpp, line 766]
Event: 0.236 Thread 0x000002b7f715e120 Exception <a 'java/lang/NoSuchMethodError'{0x00000007187bddd8}: 'java.lang.Object java.lang.invoke.DirectMethodHandle$Holder.invokeStatic(java.lang.Object, int, java.lang.Object)'> (0x00000007187bddd8) 
thrown [e:\jenkins\tmp\workspace\build\src\src\hotspot\share\interpreter\linkResolver.cpp, line 766]
Event: 0.254 Thread 0x000002b7f715e120 Exception <a 'java/lang/ClassNotFoundException'{0x0000000718476168}: com/sun/swing/internal/plaf/metal/resources/spi/metalProvider> (0x0000000718476168) 
thrown [e:\jenkins\tmp\workspace\build\src\src\hotspot\share\classfile\systemDictionary.cpp, line 256]
Event: 0.255 Thread 0x000002b7f715e120 Exception <a 'java/lang/ClassNotFoundException'{0x000000071847a040}: com/sun/swing/internal/plaf/basic/resources/spi/basicProvider> (0x000000071847a040) 
thrown [e:\jenkins\tmp\workspace\build\src\src\hotspot\share\classfile\systemDictionary.cpp, line 256]
Event: 0.267 Thread 0x000002b7f7331870 Exception <a 'java/lang/NoSuchMethodError'{0x0000000718680998}: 'void java.lang.invoke.DirectMethodHandle$Holder.invokeVirtual(java.lang.Object, java.lang.Object)'> (0x0000000718680998) 
thrown [e:\jenkins\tmp\workspace\build\src\src\hotspot\share\interpreter\linkResolver.cpp, line 766]
Event: 0.277 Thread 0x000002b7f715e120 Exception <a 'java/lang/NoSuchMethodError'{0x00000007184b8050}: 'void java.lang.invoke.DirectMethodHandle$Holder.invokeStaticInit(java.lang.Object)'> (0x00000007184b8050) 
thrown [e:\jenkins\tmp\workspace\build\src\src\hotspot\share\interpreter\linkResolver.cpp, line 766]
Event: 1.112 Thread 0x000002b7f7330530 Implicit null exception at 0x000002b7e1fa8573 to 0x000002b7e1fa8828
Event: 1.112 Thread 0x000002b7f7330530 Implicit null exception at 0x000002b7e1fa75d5 to 0x000002b7e1fa76f8
Event: 1.112 Thread 0x000002b7f7330530 Implicit null exception at 0x000002b7e1fa7ad6 to 0x000002b7e1fa7bd4

VM Operations (14 events):
Event: 0.038 Executing VM operation: HandshakeAllThreads
Event: 0.038 Executing VM operation: HandshakeAllThreads done
Event: 0.254 Executing VM operation: HandshakeAllThreads
Event: 0.254 Executing VM operation: HandshakeAllThreads done
Event: 0.293 Executing VM operation: HandshakeAllThreads
Event: 0.293 Executing VM operation: HandshakeAllThreads done
Event: 0.319 Executing VM operation: HandshakeAllThreads
Event: 0.319 Executing VM operation: HandshakeAllThreads done
Event: 1.096 Executing VM operation: HandshakeAllThreads
Event: 1.096 Executing VM operation: HandshakeAllThreads done
Event: 1.096 Executing VM operation: Cleanup
Event: 1.097 Executing VM operation: Cleanup done
Event: 1.187 Executing VM operation: G1CollectForAllocation
Event: 1.189 Executing VM operation: G1CollectForAllocation done

Events (20 events):
Event: 0.339 loading class java/awt/TextComponent done
Event: 0.339 loading class javax/swing/text/JTextComponent
Event: 0.340 loading class javax/swing/Scrollable
Event: 0.340 loading class javax/swing/Scrollable done
Event: 0.340 loading class javax/swing/text/JTextComponent done
Event: 0.342 loading class java/awt/event/MouseWheelEvent
Event: 0.342 loading class java/awt/event/MouseWheelEvent done
Event: 0.359 loading class sun/awt/image/BufImgSurfaceManager
Event: 0.359 loading class sun/awt/image/BufImgSurfaceManager done
Event: 0.359 loading class sun/awt/image/BufImgSurfaceData
Event: 0.360 loading class sun/awt/image/BufImgSurfaceData done
Event: 0.360 loading class sun/awt/image/BufImgSurfaceData$ICMColorData
Event: 0.360 loading class sun/awt/image/BufImgSurfaceData$ICMColorData done
Event: 0.737 Thread 0x000002b7f73619b0 Thread exited: 0x000002b7f73619b0
Event: 1.094 loading class java/lang/Math$RandomNumberGeneratorHolder
Event: 1.094 loading class java/lang/Math$RandomNumberGeneratorHolder done
Event: 1.106 Thread 0x000002b7f73afd20 Thread added: 0x000002b7f73afd20
Event: 1.107 Thread 0x000002b7f7b64dc0 Thread added: 0x000002b7f7b64dc0
Event: 1.108 Thread 0x000002b7f7bcc810 Thread added: 0x000002b7f7bcc810
Event: 1.123 Thread 0x000002b7f7330a00 Thread added: 0x000002b7f7330a00


Dynamic libraries:
0x00007ff7039e0000 - 0x00007ff7039ee000 	C:\Users\aadiu\AppData\Local\Programs\Eclipse Adoptium\jdk-17.0.2.8-hotspot\bin\java.exe
0x00007ffb36970000 - 0x00007ffb36b68000 	C:\Windows\SYSTEM32\ntdll.dll
0x00007ffb352a0000 - 0x00007ffb3535f000 	C:\Windows\System32\KERNEL32.DLL
0x00007ffb34310000 - 0x00007ffb345e2000 	C:\Windows\System32\KERNELBASE.dll
0x00007ffb34110000 - 0x00007ffb34210000 	C:\Windows\System32\ucrtbase.dll
0x00007ffb31dc0000 - 0x00007ffb31dd8000 	C:\Users\aadiu\AppData\Local\Programs\Eclipse Adoptium\jdk-17.0.2.8-hotspot\bin\jli.dll
0x00007ffb1e3d0000 - 0x00007ffb1e3e9000 	C:\Users\aadiu\AppData\Local\Programs\Eclipse Adoptium\jdk-17.0.2.8-hotspot\bin\VCRUNTIME140.dll
0x00007ffb35530000 - 0x00007ffb356cd000 	C:\Windows\System32\USER32.dll
0x00007ffb34720000 - 0x00007ffb34742000 	C:\Windows\System32\win32u.dll
0x00007ffb20b10000 - 0x00007ffb20daa000 	C:\Windows\WinSxS\amd64_microsoft.windows.common-controls_6595b64144ccf1df_6.0.19041.1110_none_60b5254171f9507e\COMCTL32.dll
0x00007ffb35fa0000 - 0x00007ffb35fcb000 	C:\Windows\System32\GDI32.dll
0x00007ffb35f00000 - 0x00007ffb35f9e000 	C:\Windows\System32\msvcrt.dll
0x00007ffb34750000 - 0x00007ffb3485f000 	C:\Windows\System32\gdi32full.dll
0x00007ffb345f0000 - 0x00007ffb3468d000 	C:\Windows\System32\msvcp_win.dll
0x00007ffb356f0000 - 0x00007ffb35722000 	C:\Windows\System32\IMM32.DLL
0x00007ffb2a2a0000 - 0x00007ffb2a2ac000 	C:\Users\aadiu\AppData\Local\Programs\Eclipse Adoptium\jdk-17.0.2.8-hotspot\bin\vcruntime140_1.dll
0x00007ffb0bbf0000 - 0x00007ffb0bc81000 	C:\Users\aadiu\AppData\Local\Programs\Eclipse Adoptium\jdk-17.0.2.8-hotspot\bin\msvcp140.dll
0x00007ffabf480000 - 0x00007ffac00c7000 	C:\Users\aadiu\AppData\Local\Programs\Eclipse Adoptium\jdk-17.0.2.8-hotspot\bin\server\jvm.dll
0x00007ffb34ec0000 - 0x00007ffb34f6e000 	C:\Windows\System32\ADVAPI32.dll
0x00007ffb35e60000 - 0x00007ffb35efc000 	C:\Windows\System32\sechost.dll
0x00007ffb35ba0000 - 0x00007ffb35cc5000 	C:\Windows\System32\RPCRT4.dll
0x00007ffb34eb0000 - 0x00007ffb34eb8000 	C:\Windows\System32\PSAPI.DLL
0x00007ffb1d990000 - 0x00007ffb1d999000 	C:\Windows\SYSTEM32\WSOCK32.dll
0x00007ffb31d40000 - 0x00007ffb31d67000 	C:\Windows\SYSTEM32\WINMM.dll
0x00007ffb2d720000 - 0x00007ffb2d72a000 	C:\Windows\SYSTEM32\VERSION.dll
0x00007ffb35160000 - 0x00007ffb351cb000 	C:\Windows\System32\WS2_32.dll
0x00007ffb31fa0000 - 0x00007ffb31fb2000 	C:\Windows\SYSTEM32\kernel.appcore.dll
0x00007ffb25f70000 - 0x00007ffb25f7a000 	C:\Users\aadiu\AppData\Local\Programs\Eclipse Adoptium\jdk-17.0.2.8-hotspot\bin\jimage.dll
0x00007ffb31b50000 - 0x00007ffb31d34000 	C:\Windows\SYSTEM32\DBGHELP.DLL
0x00007ffb31b20000 - 0x00007ffb31b4c000 	C:\Windows\SYSTEM32\dbgcore.DLL
0x00007ffb34690000 - 0x00007ffb34712000 	C:\Windows\System32\bcryptPrimitives.dll
0x00007ffb1dfb0000 - 0x00007ffb1dfd5000 	C:\Users\aadiu\AppData\Local\Programs\Eclipse Adoptium\jdk-17.0.2.8-hotspot\bin\java.dll
0x00007ffafa4c0000 - 0x00007ffafa596000 	C:\Users\aadiu\AppData\Local\Programs\Eclipse Adoptium\jdk-17.0.2.8-hotspot\bin\jsvml.dll
0x00007ffb35fd0000 - 0x00007ffb36713000 	C:\Windows\System32\SHELL32.dll
0x00007ffb32130000 - 0x00007ffb328c2000 	C:\Windows\SYSTEM32\windows.storage.dll
0x00007ffb34ad0000 - 0x00007ffb34e24000 	C:\Windows\System32\combase.dll
0x00007ffb33a60000 - 0x00007ffb33a90000 	C:\Windows\SYSTEM32\Wldp.dll
0x00007ffb349c0000 - 0x00007ffb34a6d000 	C:\Windows\System32\SHCORE.dll
0x00007ffb35020000 - 0x00007ffb35075000 	C:\Windows\System32\shlwapi.dll
0x00007ffb33fb0000 - 0x00007ffb33fcf000 	C:\Windows\SYSTEM32\profapi.dll
0x00007ffaf82d0000 - 0x00007ffaf845e000 	C:\Users\aadiu\AppData\Local\Programs\Eclipse Adoptium\jdk-17.0.2.8-hotspot\bin\awt.dll
0x00007ffb351d0000 - 0x00007ffb3529d000 	C:\Windows\System32\OLEAUT32.dll
0x00007ffb31300000 - 0x00007ffb31391000 	C:\Windows\SYSTEM32\apphelp.dll
0x00007ffb1e3b0000 - 0x00007ffb1e3c8000 	C:\Users\aadiu\AppData\Local\Programs\Eclipse Adoptium\jdk-17.0.2.8-hotspot\bin\zip.dll
0x00007ffb31410000 - 0x00007ffb314ae000 	C:\Windows\system32\uxtheme.dll
0x00007ffb353f0000 - 0x00007ffb35505000 	C:\Windows\System32\MSCTF.dll
0x00007ffb35cd0000 - 0x00007ffb35dfa000 	C:\Windows\System32\ole32.dll
0x00007ffb31590000 - 0x00007ffb315bf000 	C:\Windows\system32\DWMAPI.DLL
0x00007ffadadb0000 - 0x00007ffadaed5000 	C:\Windows\system32\opengl32.dll
0x00007ffada100000 - 0x00007ffada12c000 	C:\Windows\SYSTEM32\GLU32.dll
0x00007ffb269b0000 - 0x00007ffb26b7f000 	C:\Windows\system32\d3d9.dll
0x00007ffb28d70000 - 0x00007ffb28f28000 	C:\Windows\System32\DriverStore\FileRepository\u0370468.inf_amd64_5e4260b11257b6e9\B370372\aticfx64.dll
0x00007ffb1cbe0000 - 0x00007ffb1cc14000 	C:\Windows\System32\DriverStore\FileRepository\u0370468.inf_amd64_5e4260b11257b6e9\B370372\atiu9p64.dll
0x00007ffabe720000 - 0x00007ffabf474000 	C:\Windows\System32\DriverStore\FileRepository\u0370468.inf_amd64_5e4260b11257b6e9\B370372\atiumd64.dll
0x000000006c4b0000 - 0x000000006d324000 	C:\Windows\System32\DriverStore\FileRepository\u0370468.inf_amd64_5e4260b11257b6e9\B370372\atiumd6a.dll
0x00007ffb35730000 - 0x00007ffb35b98000 	C:\Windows\System32\SETUPAPI.dll
0x00007ffb34210000 - 0x00007ffb3425e000 	C:\Windows\System32\cfgmgr32.dll
0x00007ffb33e30000 - 0x00007ffb33e7b000 	C:\Windows\SYSTEM32\POWRPROF.dll
0x00007ffb34070000 - 0x00007ffb34097000 	C:\Windows\System32\bcrypt.dll
0x00007ffb33e10000 - 0x00007ffb33e22000 	C:\Windows\SYSTEM32\UMPDC.dll
0x00007ffb29180000 - 0x00007ffb291b0000 	C:\Windows\SYSTEM32\amdihk64.dll
0x00007ffb29960000 - 0x00007ffb2999b000 	C:\Windows\SYSTEM32\dxcore.dll
0x00007ffb0d970000 - 0x00007ffb0d9f9000 	C:\Users\aadiu\AppData\Local\Programs\Eclipse Adoptium\jdk-17.0.2.8-hotspot\bin\freetype.dll
0x00007ffb0bb40000 - 0x00007ffb0bbe8000 	C:\Users\aadiu\AppData\Local\Programs\Eclipse Adoptium\jdk-17.0.2.8-hotspot\bin\fontmanager.dll
0x00007ffb28f30000 - 0x00007ffb29029000 	C:\Windows\SYSTEM32\textinputframework.dll
0x00007ffb30e70000 - 0x00007ffb311ce000 	C:\Windows\System32\CoreUIComponents.dll
0x00007ffb309d0000 - 0x00007ffb30ac2000 	C:\Windows\System32\CoreMessaging.dll
0x00007ffb33190000 - 0x00007ffb331c3000 	C:\Windows\SYSTEM32\ntmarta.dll
0x00007ffb30200000 - 0x00007ffb30354000 	C:\Windows\SYSTEM32\wintypes.dll

dbghelp: loaded successfully - version: 4.0.5 - missing functions: none
symbol engine: initialized successfully - sym options: 0x614 - pdb path: .;C:\Users\aadiu\AppData\Local\Programs\Eclipse Adoptium\jdk-17.0.2.8-hotspot\bin;C:\Windows\SYSTEM32;C:\Windows\WinSxS\amd64_microsoft.windows.common-controls_6595b64144ccf1df_6.0.19041.1110_none_60b5254171f9507e;C:\Users\aadiu\AppData\Local\Programs\Eclipse Adoptium\jdk-17.0.2.8-hotspot\bin\server;C:\Windows\System32\DriverStore\FileRepository\u0370468.inf_amd64_5e4260b11257b6e9\B370372

VM Arguments:
jvm_args: -XX:+ShowCodeDetailsInExceptionMessages 
java_command: summit.Main
java_class_path (initial): C:\Users\aadiu\AppData\Roaming\Code\User\workspaceStorage\929b6f7fce9865a60d0bbe8b6a275a21\redhat.java\jdt_ws\Summit Game_948de7c9\bin
Launcher Type: SUN_STANDARD

[Global flags]
     intx CICompilerCount                          = 12                                        {product} {ergonomic}
     uint ConcGCThreads                            = 3                                         {product} {ergonomic}
     uint G1ConcRefinementThreads                  = 13                                        {product} {ergonomic}
   size_t G1HeapRegionSize                         = 2097152                                   {product} {ergonomic}
    uintx GCDrainStackTargetSize                   = 64                                        {product} {ergonomic}
   size_t InitialHeapSize                          = 260046848                                 {product} {ergonomic}
   size_t MarkStackSize                            = 4194304                                   {product} {ergonomic}
   size_t MaxHeapSize                              = 4137680896                                {product} {ergonomic}
   size_t MaxNewSize                               = 2480930816                                {product} {ergonomic}
   size_t MinHeapDeltaBytes                        = 2097152                                   {product} {ergonomic}
   size_t MinHeapSize                              = 8388608                                   {product} {ergonomic}
    uintx NonNMethodCodeHeapSize                   = 7602480                                {pd product} {ergonomic}
    uintx NonProfiledCodeHeapSize                  = 122027880                              {pd product} {ergonomic}
    uintx ProfiledCodeHeapSize                     = 122027880                              {pd product} {ergonomic}
    uintx ReservedCodeCacheSize                    = 251658240                              {pd product} {ergonomic}
     bool SegmentedCodeCache                       = true                                      {product} {ergonomic}
     bool ShowCodeDetailsInExceptionMessages       = true                                   {manageable} {command line}
   size_t SoftMaxHeapSize                          = 4137680896                             {manageable} {ergonomic}
     bool UseCompressedClassPointers               = true                           {product lp64_product} {ergonomic}
     bool UseCompressedOops                        = true                           {product lp64_product} {ergonomic}
     bool UseG1GC                                  = true                                      {product} {ergonomic}
     bool UseLargePagesIndividualAllocation        = false                                  {pd product} {ergonomic}

Logging:
Log output configuration:
 #0: stdout all=warning uptime,level,tags
 #1: stderr all=off uptime,level,tags

Environment Variables:
JAVA_HOME=C:\Users\aadiu\AppData\Local\Programs\Eclipse Adoptium\jdk-17.0.2.8-hotspot\
PATH=C:\Program Files (x86)\Razer Chroma SDK\bin;C:\Program Files\Razer Chroma SDK\bin;C:\Program Files (x86)\Razer\ChromaBroadcast\bin;C:\Program Files\Razer\ChromaBroadcast\bin;C:\Program Files (x86)\Common Files\Oracle\Java\javapath;C:\Program Files\Python38\Scripts\;C:\Program Files\Python38\;C:\Windows\system32;C:\Windows;C:\Windows\System32\Wbem;C:\Windows\System32\WindowsPowerShell\v1.0\;C:\Windows\System32\OpenSSH\;C:\Program Files (x86)\NVIDIA Corporation\PhysX\Common;C:\Program Files\NVIDIA Corporation\NVIDIA NvDLISR;C:\Users\aadiu\AppData\Local\Microsoft\WindowsApps;C:\Users\aadiu\AppData\Local\Programs\Microsoft VS Code\bin;C:\Windows\system32\config\systemprofile\AppData\Local\Microsoft\WindowsApps;C:\Program Files\dotnet\;C:\Program Files\Git\cmd;C:\MinGW\bin\;C:\Program Files (x86)\Windows Kits\10\Windows Performance Toolkit\;C:\Users\aadiu\AppData\Local\Programs\Eclipse Adoptium\jdk-17.0.2.8-hotspot\bin;C:\Users\aadiu\AppData\Local\Microsoft\WindowsApps;C:\Users\aadiu\AppData\Local\Programs\Microsoft VS Code\bin;C:\Users\aadiu\AppData\Local\GitHubDesktop\bin
USERNAME=aadiu
LANG=en_US.UTF-8
OS=Windows_NT
PROCESSOR_IDENTIFIER=AMD64 Family 25 Model 80 Stepping 0, AuthenticAMD



---------------  S Y S T E M  ---------------

OS:
 Windows 10 , 64 bit Build 19041 (10.0.19041.2251)
OS uptime: 1 days 9:37 hours

CPU: total 16 (initial active 16) (16 cores per cpu, 2 threads per core) family 25 model 80 stepping 0 microcode 0x0, cx8, cmov, fxsr, ht, mmx, 3dnowpref, sse, sse2, sse3, ssse3, sse4a, sse4.1, sse4.2, popcnt, lzcnt, tsc, tscinvbit, avx, avx2, aes, erms, clmul, bmi1, bmi2, adx, sha, fma, vzeroupper, clflush, clflushopt

Memory: 4k page, system-wide physical 15776M (6836M free)
TotalPageFile size 20128M (AvailPageFile size 6388M)
current process WorkingSet (physical memory assigned to process): 118M, peak: 118M
current process commit charge ("private bytes"): 428M, peak: 428M

vm_info: OpenJDK 64-Bit Server VM (17.0.2+8) for windows-amd64 JRE (17.0.2+8), built on Jan 20 2022 04:52:34 by "" with MS VC++ 16.7 (VS2019)

END.
