#
# A fatal error has been detected by the Java Runtime Environment:
#
#  EXCEPTION_ACCESS_VIOLATION (0xc0000005) at pc=0x0000025d8f61ce03, pid=26472, tid=21372
#
# JRE version: OpenJDK Runtime Environment Temurin-17.0.4.1+1 (17.0.4.1+1) (build 17.0.4.1+1)
# Java VM: OpenJDK 64-Bit Server VM Temurin-17.0.4.1+1 (17.0.4.1+1, mixed mode, sharing, tiered, compressed oops, compressed class ptrs, g1 gc, windows-amd64)
# Problematic frame:
# J 1267 c2 summit.gfx.Renderer.render(Ljava/lang/String;FFILsummit/gfx/ColorFilter;)V (282 bytes) @ 0x0000025d8f61ce03 [0x0000025d8f61c620+0x00000000000007e3]
#
# No core dump will be written. Minidumps are not enabled by default on client versions of Windows
#
# If you would like to submit a bug report, please visit:
#   https://github.com/adoptium/adoptium-support/issues
#

---------------  S U M M A R Y ------------

Command Line: -XX:+ShowCodeDetailsInExceptionMessages summit.Main

Host: AMD Ryzen 9 5900HS with Radeon Graphics        , 16 cores, 15G,  Windows 10 , 64 bit Build 19041 (10.0.19041.2251)
Time: Tue Nov 15 18:42:59 2022 Central Standard Time elapsed time: 1.838278 seconds (0d 0h 0m 1s)

---------------  T H R E A D  ---------------

Current thread (0x0000025da1a42e40):  JavaThread "Thread-2" [_thread_in_Java, id=21372, stack(0x000000a9a8f00000,0x000000a9a9000000)]

Stack: [0x000000a9a8f00000,0x000000a9a9000000],  sp=0x000000a9a8ffec90,  free space=1019k
Native frames: (J=compiled Java code, j=interpreted, Vv=VM code, C=native code)
C  0x0000025d8f61ce03


siginfo: EXCEPTION_ACCESS_VIOLATION (0xc0000005), reading address 0x0000000b175a4b18


Register to memory mapping:

RIP=0x0000025d8f61ce03 is at entry_point+2019 in (nmethod*)0x0000025d8f61c410
RAX=0x00000000ffffffe9 is an unknown value
RBX=0x00000000fffffff0 is an unknown value
RCX=3807070569 is a compressed pointer to object: [[I 
{0x00000007175a4b48} - klass: {type array int}[]
 - length: 144
RDX=0x0 is NULL
RSP=0x000000a9a8ffec90 is pointing into the stack for thread: 0x0000025da1a42e40
RBP=0x0 is NULL
RSI=0x0 is NULL
RDI=0x0000000000000100 is an unknown value
R8 =0x00000000fffffff0 is an unknown value
R9 =0x00000007175a4b38 is an oop: summit.gfx.Renderer 
{0x00000007175a4b38} - klass: 'summit/gfx/Renderer'
 - ---- fields (total size 2 words):
 - private 'frame' '[[I' @12  a {type array int}[144] {0x00000007175a4b48} (e2eb4969)
R10=0x0000000000000010 is an unknown value
R11=0x00000007175a4b48 is an oop: [[I 
{0x00000007175a4b48} - klass: {type array int}[]
 - length: 144
R12=0x0 is NULL
R13=0x0000000000000090 is an unknown value
R14=0x0000000000000010 is an unknown value
R15=0x0000025da1a42e40 is a thread


Registers:
RAX=0x00000000ffffffe9, RBX=0x00000000fffffff0, RCX=0x00000000e2eb4969, RDX=0x0000000000000000
RSP=0x000000a9a8ffec90, RBP=0x0000000000000000, RSI=0x0000000000000000, RDI=0x0000000000000100
R8 =0x00000000fffffff0, R9 =0x00000007175a4b38, R10=0x0000000000000010, R11=0x00000007175a4b48
R12=0x0000000000000000, R13=0x0000000000000090, R14=0x0000000000000010, R15=0x0000025da1a42e40
RIP=0x0000025d8f61ce03, EFLAGS=0x0000000000010287

Top of Stack: (sp=0x000000a9a8ffec90)
0x000000a9a8ffec90:   0000010000000000 ffffffe8fffffff8
0x000000a9a8ffeca0:   fffffff0ffffffe8 00000010fffffff0
0x000000a9a8ffecb0:   0000000717591a38 0000001000000010
0x000000a9a8ffecc0:   0000001000000009 000000b000000100
0x000000a9a8ffecd0:   000000a000000000 0000025d43280000
0x000000a9a8ffece0:   00000007c1800000 0000000717429ee0
0x000000a9a8ffecf0:   000000a9a8ffef98 0000025d8833ed94
0x000000a9a8ffed00:   000000a9a8ffed60 409e000000000000
0x000000a9a8ffed10:   0000000000000030 0000000000000000
0x000000a9a8ffed20:   000000a9a8ffee78 0000000000000000
0x000000a9a8ffed30:   000000071749e110 00000007175a4b38
0x000000a9a8ffed40:   0000000717429ee0 4094000000000004
0x000000a9a8ffed50:   0000000000000000 000000071823b644
0x000000a9a8ffed60:   000000a9a8ffef98 0000025d88340aec
0x000000a9a8ffed70:   000000071823b644 000000071823b3e0
0x000000a9a8ffed80:   000000071749e0a0 000000a9a8ffed88 

Instructions: (pc=0x0000025d8f61ce03)
0x0000025d8f61cd03:   d8 48 8b cb 49 2b cb 48 ff c9 48 3b cb 0f 83 d7
0x0000025d8f61cd13:   0c 00 00 44 8b dd 41 ff cb 44 3b dd 0f 83 c8 0c
0x0000025d8f61cd23:   00 00 44 89 4c 24 28 4d 63 ca 49 3b c9 0f 83 b2
0x0000025d8f61cd33:   0c 00 00 45 3b da 0f 83 fd 0c 00 00 44 3b c5 0f
0x0000025d8f61cd43:   83 fb 0c 00 00 b9 40 1f 00 00 45 33 c0 e9 96 02
0x0000025d8f61cd53:   00 00 c4 e1 f9 7e cd e9 11 01 00 00 90 44 2b 4c
0x0000025d8f61cd63:   24 10 45 8b c1 41 ff c0 45 8b cb 45 3b c2 0f 83
0x0000025d8f61cd73:   99 09 00 00 45 3b 64 cc 10 0f 84 ea 0a 00 00 c4
0x0000025d8f61cd83:   c1 f9 7e d8 45 8b 58 10 43 8b 7c dc 0c 03 7c 24
0x0000025d8f61cd93:   10 4d 8b 87 48 03 00 00 45 8b d9 41 ff c3 41 85
0x0000025d8f61cda3:   00 44 3b df 7c b7 c4 e1 f9 7e cd 4d 8b 9f 48 03
0x0000025d8f61cdb3:   00 00 ff c3 41 85 03 3b 1c 24 0f 8d a9 01 00 00
0x0000025d8f61cdc3:   c4 c1 f9 7e c1 c4 e1 f9 7e ce c5 f9 7e d2 44 8b
0x0000025d8f61cdd3:   5c 24 10 44 8b 44 24 14 44 3b 5c 24 08 0f 8d aa
0x0000025d8f61cde3:   01 00 00 44 89 44 24 14 44 89 5c 24 10 c5 f9 6e
0x0000025d8f61cdf3:   d2 c4 e1 f9 6e ce c4 c1 f9 6e c1 c4 c1 f9 7e e3
0x0000025d8f61ce03:   41 8b 74 9b 10 8b fb 41 2b f8 41 3b dd 0f 83 3f
0x0000025d8f61ce13:   ff ff ff 44 8b 44 24 10 44 3b 44 24 04 0f 83 2f
0x0000025d8f61ce23:   ff ff ff c4 c1 f9 7e db 45 8b 44 bb 10 47 8b 5c
0x0000025d8f61ce33:   c4 0c 45 85 db 0f 86 3e 0a 00 00 47 8b 5c c4 10
0x0000025d8f61ce43:   41 83 fb ff 0f 84 63 01 00 00 45 8b 44 f4 0c 44
0x0000025d8f61ce53:   8b 4c 24 10 45 3b c8 0f 83 e2 00 00 00 4d 8d 0c
0x0000025d8f61ce63:   f4 44 8b 44 24 10 47 89 5c 81 10 33 ed c4 c1 f9
0x0000025d8f61ce73:   7e db 45 8b 43 10 47 8b 5c c4 0c 44 03 5c 24 10
0x0000025d8f61ce83:   41 3b c3 0f 8d 22 ff ff ff 41 3b dd 0f 83 ed 00
0x0000025d8f61ce93:   00 00 4d 8d 04 f4 44 8b c8 41 be 01 00 00 00 eb
0x0000025d8f61cea3:   4c 66 0f 1f 44 00 00 66 0f 1f 44 00 00 47 89 5c
0x0000025d8f61ceb3:   88 10 33 ed c4 c1 f9 7e db 45 8b 5b 10 47 8b 5c
0x0000025d8f61cec3:   dc 0c 44 03 5c 24 10 4d 8b b7 48 03 00 00 41 8b
0x0000025d8f61ced3:   d1 ff c2 41 85 06 41 3b d3 0f 8d cc fe ff ff 44
0x0000025d8f61cee3:   2b 4c 24 10 45 8b f1 41 ff c6 44 8b ca 45 3b f2
0x0000025d8f61cef3:   0f 83 17 08 00 00 45 8b 5c cc 10 47 8b 5c dc 0c 


Stack slot to memory mapping:
stack at sp + 0 slots: 0x0000010000000000 is an unknown value
stack at sp + 1 slots: 0xffffffe8fffffff8 is an unknown value
stack at sp + 2 slots: 0xfffffff0ffffffe8 is an unknown value
stack at sp + 3 slots: 0x00000010fffffff0 is an unknown value
stack at sp + 4 slots: 0x0000000717591a38 is an oop: [[I 
{0x0000000717591a38} - klass: {type array int}[]
 - length: 16
stack at sp + 5 slots: 0x0000001000000010 is an unknown value
stack at sp + 6 slots: 0x0000001000000009 is an unknown value
stack at sp + 7 slots: 0x000000b000000100 is an unknown value

--------------------------------------------------------------------------------
[Constant Pool (empty)]

--------------------------------------------------------------------------------

[MachCode]
  0x0000025d8f61c620: 448b 5208 | 49bb 0000 | 0000 0800 | 0000 4d03 | d349 3bc2 | 0f85 4604 | 44f8 6690 | 0f1f 4000 
  0x0000025d8f61c640: 8984 2400 | 90ff ff55 | 4883 ec60 | 4889 7c24 | 1045 8bf1 | c5f8 28e9 | 4889 1424 | 4d8b d049 
  0x0000025d8f61c660: bb90 3445 | 1707 0000 | 0041 8b6b | 7045 8b5c | ec08 4181 | fbe0 ad0b | 000f 8567 | 1200 004d 
  0x0000025d8f61c680: 8d1c ec45 | 8b5b 2447 | 8b44 dc0c | 4585 c00f | 86f1 1200 | 004b 8d1c | dc4d 85d2 | 0f84 6110 
  0x0000025d8f61c6a0: 0000 418b | 4a0c 41ff | c885 c975 | 6c41 0fb6 | 4a11 85c9 | 0f85 1a10 | 0000 410f | be4a 1085 
  0x0000025d8f61c6c0: c90f 8509 | 1500 0045 | 8b4a 1443 | 8b6c cc0c | 85ed 0f86 | 0910 0000 | 8bd5 ffca | 3bd5 0f83 
  0x0000025d8f61c6e0: 1814 0000 | 470f b65c | cc10 8bcd | 83c1 fd3b | d1ba 0000 | 0080 0f4c | ca41 8bfb | c1e7 0541 
  0x0000025d8f61c700: 2bfb 4b8d | 34cc 83f9 | 010f 8e21 | 1400 00b8 | 0100 0000 | 4533 c9eb | 4544 8bd9 | 41c1 eb10 
  0x0000025d8f61c720: 4433 d945 | 23c3 33d2 | e9fc 0000 | 0044 0fb6 | 4c06 1041 | 03f9 ffc0 | 3bc5 0f8d | d000 0000 
  0x0000025d8f61c740: 448b cf41 | c1e1 0544 | 2bcf 418b | f9eb dec4 | c1f9 7eca | c4c1 797e | d0c4 c179 | 7ee1 8bd1 
  0x0000025d8f61c760: 2bd0 3bc8 | 410f 4cd1 | 81fa a00f | 0000 41bb | a00f 0000 | 410f 47d3 | 03d0 c4c1 | f96e cac4 
  0x0000025d8f61c780: c179 6ed0 | c4c1 796e | e10f 1f80 | 0000 0000 | 4c63 c046 | 0fb6 5c06 | 1046 0fb6 | 4c06 1346 
  0x0000025d8f61c7a0: 0fb6 5406 | 1146 0fb6 | 4406 1241 | 03fb 448b | ef41 c1e5 | 0544 2bef | 4503 ea45 | 8bd5 41c1 
  0x0000025d8f61c7c0: e205 452b | d545 03d0 | 458b da41 | c1e3 0545 | 2bda 4503 | d941 8bfb | c1e7 0541 | 2bfb 83c0 
  0x0000025d8f61c7e0: 043b c27c | ab4d 8b97 | 4803 0000 | 4185 023b | c10f 8c58 | ffff ffc4 | c1f9 7eca | c4c1 797e 
  0x0000025d8f61c800: d0c5 f97e | e23b c50f | 8c20 ffff | ff41 8bfb | 85ff 0f84 | cb0e 0000 | 4189 7a0c | 448b df41 
  0x0000025d8f61c820: c1eb 1044 | 33df 4523 | c346 8b4c | 8310 438b | 4ccc 0c41 | 3bcb 0f85 | 930c 0000 | 438b 4ccc 
  0x0000025d8f61c840: 104c 8bc1 | 49c1 e003 | 4d3b c20f | 845b 0100 | 0041 0fbe | 5a10 4d3b | d00f 844d | 0100 0045 
  0x0000025d8f61c860: 8b44 cc08 | 4181 f870 | e900 000f | 85f3 1300 | 004d 8d04 | cc41 0fbe | 6810 3bdd | 0f85 1613 
  0x0000025d8f61c880: 0000 458b | 4014 418b | 6a14 438b | 7cc4 0c41 | 8b4c ec0c | 3bcf 0f85 | d400 0000 | 4b8d 1cc4 
  0x0000025d8f61c8a0: 4b8d 74c4 | 104d 8d04 | ec49 8d7c | ec10 85c9 | 0f84 a500 | 0000 8bc1 | 83e0 1f83 | e1e0 0f84 
  0x0000025d8f61c8c0: 4b00 0000 | 488d 3c0f | 488d 340e | 48f7 d9c5 | fe6f 140f | c5fe 6f0c | 0ec5 edef | d1c4 e27d 
  0x0000025d8f61c8e0: 17d2 0f85 | 7a00 0000 | 4883 c120 | 75e1 85c0 | 0f84 6500 | 0000 c5fe | 6f54 07e0 | c5fe 6f4c 
  0x0000025d8f61c900: 06e0 c5ed | efd1 c4e2 | 7d17 d275 | 55eb 4c8b | c883 e1fc | 7419 488d | 3c0f 488d | 340e 48f7 
  0x0000025d8f61c920: d98b 1c0f | 3b1c 0e75 | 3948 83c1 | 0475 f2f7 | c002 0000 | 0074 120f | b71f 0fb7 | 0e3b d975 
  0x0000025d8f61c940: 2148 8d7f | 0248 8d76 | 02f7 c001 | 0000 0074 | 0a0f b61f | 0fb6 0e3b | d975 07b8 | 0100 0000 
  0x0000025d8f61c960: eb02 33c0 | c5ed efd2 | c5f5 efc9 | 85c0 753c | ba45 ffff | ff48 8b2c | 2444 8934 | 244c 8b44 
  0x0000025d8f61c980: 2410 4c89 | 4424 08c5 | fa11 4424 | 04c5 fa11 | 6c24 104c | 8954 2418 | 4489 4c24 | 1444 895c 
  0x0000025d8f61c9a0: 2420 6690 | c5f8 77e8 | 5459 44f8 | 4f8d 04cc | 418b 6814 | 458b 5cec | 0841 81fb | 086d 0000 
  0x0000025d8f61c9c0: 0f85 7e12 | 0000 498d | 04ec 448b | 500c 4585 | d20f 8635 | 0f00 0044 | 8b58 1047 | 8b44 dc0c 
  0x0000025d8f61c9e0: 41d1 fa41 | d1f8 c4c1 | 796e cac5 | f85b c9c4 | c179 6ed8 | c5f8 5bdb | c5d2 5cc9 | c5fa 5cd3 
  0x0000025d8f61ca00: c4c1 797e | d2c5 f97e | cb45 8bda | 41c1 eb17 | 448b c341 | c1e8 1745 | 0fb6 dbb9 | 9500 0000 
  0x0000025d8f61ca20: 412b cb45 | 0fb6 c041 | b995 0000 | 0045 2bc8 | f7c1 e0ff | ffff 0f85 | 340c 0000 | 458b da41 
  0x0000025d8f61ca40: 81e3 ffff | 7f00 4181 | cb00 0080 | 0045 85d2 | 0f8c a50c | 0000 41d3 | fb41 ffc3 | 41d1 fb41 
  0x0000025d8f61ca60: f7c1 e0ff | ffff 0f85 | 260c 0000 | 448b c341 | 81e0 ffff | 7f00 4181 | c800 0080 | 0085 db0f 
  0x0000025d8f61ca80: 8c6e 0c00 | 0041 8bc9 | 41d3 f841 | ffc0 41d1 | f845 8bee | 4585 ed0f | 85da 0000 | 0045 33ed 
  0x0000025d8f61caa0: eb13 8b54 | 240c 448b | 5c24 1844 | 8b44 241c | 448b 6c24 | 0841 8bed | c1fd 0385 | ed0f 85f9 
  0x0000025d8f61cac0: 0e00 0044 | 8b50 0c41 | 8bd8 4103 | da44 3bc3 | 0f8d 9604 | 0000 4d63 | ca49 63c8 | 418b f0f7 
  0x0000025d8f61cae0: de48 63fe | 4803 cf49 | 3bc9 0f83 | 4c0e 0000 | 4863 cb48 | 03cf 48ff | c949 3bc9 | 0f83 720e 
  0x0000025d8f61cb00: 0000 4c8b | 0c24 418b | 490c 458b | 6ccc 0c45 | 85ed 0f86 | 670e 0000 | 418b 74cc | 1041 8b7c 
  0x0000025d8f61cb20: f40c 488b | 7424 1048 | 85f6 0f85 | 150e 0000 | 4585 d20f | 860c 0e00 | 0044 8b50 | 1047 8b54 
  0x0000025d8f61cb40: d40c 4585 | d20f 86fa | 0d00 0089 | 7c24 0489 | 1c24 c4e1 | f96e d841 | 8bda 4103 | db89 5c24 
  0x0000025d8f61cb60: 0849 8d1c | ccc4 e1f9 | 6ee3 418b | c3ff c041 | 8bd8 e964 | 0200 0041 | f7c5 0400 | 0000 742d 
  0x0000025d8f61cb80: 4489 4424 | 1844 895c | 240c 8954 | 2408 418b | ed48 8bd0 | c5f8 77e8 | 04f0 ffff | 448b ed8b 
  0x0000025d8f61cba0: 5424 0844 | 8b5c 240c | 448b 4424 | 1841 f7c5 | 0100 0000 | 0f84 cf00 | 0000 448b | 480c 4585 
  0x0000025d8f61cbc0: c90f 8601 | 0f00 0044 | 8b50 1043 | 8b4c d40c | 894c 242c | 4489 4c24 | 2848 8944 | 2420 4489 
  0x0000025d8f61cbe0: 4424 1c44 | 895c 2418 | 8954 240c | 4489 6c24 | 0848 ba08 | 6d00 0008 | 0000 0045 | 8bc1 448b 
  0x0000025d8f61cc00: c966 6690 | c5f8 77e8 | 74fe 4ef8 | 448b 5c24 | 2841 ffcb | 443b 5c24 | 280f 8361 | 0e00 0044 
  0x0000025d8f61cc20: 8b50 0c45 | 85d2 0f86 | 540e 0000 | 453b da0f | 834b 0e00 | 0044 8b74 | 242c 41ff | ce8b 5c24 
  0x0000025d8f61cc40: 2cd1 fb4c | 6344 242c | 8beb 83c5 | fe3b dd41 | bb00 0000 | 8041 0f4c | eb4c 63d3 | 498b d049 
  0x0000025d8f61cc60: 2bd2 8bfb | ffc7 48ff | ca45 33ed | e99c 0700 | 00c4 e1f9 | 7ec0 448b | 6c24 088b | 5424 0c44 
  0x0000025d8f61cc80: 8b5c 2418 | 448b 4424 | 1c41 f7c5 | 0200 0000 | 0f84 1ffe | ffff 448b | 500c 4585 | d20f 86a7 
  0x0000025d8f61cca0: 0d00 0044 | 8b48 1047 | 8b4c cc0c | 418b ea48 | 8944 2420 | 4489 4424 | 1c44 895c | 2418 8954 
  0x0000025d8f61ccc0: 240c 4489 | 6c24 0848 | ba08 6d00 | 0008 0000 | 0045 8bc2 | c5f8 77e8 | a4fd 4ef8 | 448b 500c 
  0x0000025d8f61cce0: 448b c541 | d1f8 458b | c841 ffc1 | 4585 d20f | 86f8 0c00 | 0045 3bc2 | 0f83 ef0c | 0000 4863 
  0x0000025d8f61cd00: dd4d 63d8 | 488b cb49 | 2bcb 48ff | c948 3bcb | 0f83 d70c | 0000 448b | dd41 ffcb | 443b dd0f 
  0x0000025d8f61cd20: 83c8 0c00 | 0044 894c | 2428 4d63 | ca49 3bc9 | 0f83 b20c | 0000 453b | da0f 83fd | 0c00 0044 
  0x0000025d8f61cd40: 3bc5 0f83 | fb0c 0000 | b940 1f00 | 0045 33c0 | e996 0200 | 00c4 e1f9 | 7ecd e911 | 0100 0090 
  0x0000025d8f61cd60: 442b 4c24 | 1045 8bc1 | 41ff c045 | 8bcb 453b | c20f 8399 | 0900 0045 | 3b64 cc10 | 0f84 ea0a 
  0x0000025d8f61cd80: 0000 c4c1 | f97e d845 | 8b58 1043 | 8b7c dc0c | 037c 2410 | 4d8b 8748 | 0300 0045 | 8bd9 41ff 
  0x0000025d8f61cda0: c341 8500 | 443b df7c | b7c4 e1f9 | 7ecd 4d8b | 9f48 0300 | 00ff c341 | 8503 3b1c | 240f 8da9 
  0x0000025d8f61cdc0: 0100 00c4 | c1f9 7ec1 | c4e1 f97e | cec5 f97e | d244 8b5c | 2410 448b | 4424 1444 | 3b5c 2408 
  0x0000025d8f61cde0: 0f8d aa01 | 0000 4489 | 4424 1444 | 895c 2410 | c5f9 6ed2 | c4e1 f96e | cec4 c1f9 | 6ec1 c4c1 
  0x0000025d8f61ce00: f97e e341 | 8b74 9b10 | 8bfb 412b | f841 3bdd | 0f83 3fff | ffff 448b | 4424 1044 | 3b44 2404 
  0x0000025d8f61ce20: 0f83 2fff | ffff c4c1 | f97e db45 | 8b44 bb10 | 478b 5cc4 | 0c45 85db | 0f86 3e0a | 0000 478b 
  0x0000025d8f61ce40: 5cc4 1041 | 83fb ff0f | 8463 0100 | 0045 8b44 | f40c 448b | 4c24 1045 | 3bc8 0f83 | e200 0000 
  0x0000025d8f61ce60: 4d8d 0cf4 | 448b 4424 | 1047 895c | 8110 33ed | c4c1 f97e | db45 8b43 | 1047 8b5c | c40c 4403 
  0x0000025d8f61ce80: 5c24 1041 | 3bc3 0f8d | 22ff ffff | 413b dd0f | 83ed 0000 | 004d 8d04 | f444 8bc8 | 41be 0100 
  0x0000025d8f61cea0: 0000 eb4c | 660f 1f44 | 0000 660f | 1f44 0000 | 4789 5c88 | 1033 edc4 | c1f9 7edb | 458b 5b10 
  0x0000025d8f61cec0: 478b 5cdc | 0c44 035c | 2410 4d8b | b748 0300 | 0041 8bd1 | ffc2 4185 | 0641 3bd3 | 0f8d ccfe 
  0x0000025d8f61cee0: ffff 442b | 4c24 1045 | 8bf1 41ff | c644 8bca | 453b f20f | 8317 0800 | 0045 8b5c | cc10 478b 
  0x0000025d8f61cf00: 5cdc 0c45 | 3bcb 735a | c4c1 f97e | db41 8b6c | bb10 418b | 54ec 0c4d | 8d1c ec44 | 3bf2 0f83 
  0x0000025d8f61cf20: 1408 0000 | 478b 5cb3 | 1041 83fb | ff74 2941 | 8b54 f40c | 443b ca0f | 8273 ffff | ff44 894c 
  0x0000025d8f61cf40: 2410 bae6 | ffff ff8b | ee44 895c | 2404 6690 | c5f8 77e8 | a853 44f8 | c4e1 f97e | cde9 55ff 
  0x0000025d8f61cf60: ffff c4e1 | f97e cde9 | 4bff ffff | c5f8 7748 | 83c4 605d | 493b a740 | 0300 000f | 8747 0f00 
  0x0000025d8f61cf80: 00c3 448b | c841 b801 | 0000 00e9 | defd ffff | 4489 4424 | 1444 895c | 2410 c5f9 | 6ed2 c4e1 
  0x0000025d8f61cfa0: f96e cec4 | c1f9 6ec1 | 488b eee9 | fefd ffff | c4e1 f97e | cde9 b6fe | ffff c4c1 | f97e c1c4 
  0x0000025d8f61cfc0: e1f9 7ee0 | c4e1 f97e | ebc4 c179 | 7ef0 4d8b | 9748 0300 | 0041 ffc0 | 4185 0244 | 3b44 2428 
  0x0000025d8f61cfe0: 0f8d bcfa | ffff 4c89 | 4c24 204c | 8b4c 2420 | 458b 5910 | 478b 54dc | 0c45 85d2 | 76d0 458b 
  0x0000025d8f61d000: eac5 fb10 | 4424 2049 | 63d0 4c8b | cb4c 2bca | 4c8b 5424 | 2047 8b54 | 8a0c c4c1 | 796e ca47 
  0x0000025d8f61d020: 8b5c d40c | 448b 5490 | 10c4 c179 | 6ed2 438b | 7cd4 0c4c | 8b54 2420 | 458b 5492 | 10c4 c179 
  0x0000025d8f61d040: 6eda 478b | 54d4 0c46 | 8b4c 880c | 438b 54cc | 0c45 85db | 0f86 7c08 | 0000 8954 | 2430 c4c1 
  0x0000025d8f61d060: 796e f944 | 8954 242c | 897c 2424 | c4c1 796e | f0c4 e1f9 | 6eeb c4e1 | f96e e041 | ba01 0000 
  0x0000025d8f61d080: 0045 3bd3 | 41b8 0100 | 0000 450f | 4fc3 4489 | 5c24 20c4 | c179 7ed2 | 4b8d 1cd4 | c4c1 797e 
  0x0000025d8f61d0a0: cb4b 8d3c | dc44 8bd3 | 4b8d 14cc | 41c1 ea02 | c4c1 797e | db4b 8d34 | dc41 83e2 | 0345 03d0 
  0x0000025d8f61d0c0: 41f7 da41 | 83e2 0345 | 03d0 443b | 5424 2044 | 8b5c 2420 | 450f 4fd3 | 4533 c9eb | 12c4 e1f9 
  0x0000025d8f61d0e0: 7ee0 c4c1 | 797e f0e9 | b701 0000 | 458b c844 | 3b4c 2420 | 73e7 468b | 448f 1044 | 3b4c 2424 
  0x0000025d8f61d100: 0f83 4e06 | 0000 4689 | 448b 1044 | 3b4c 242c | 0f83 9a06 | 0000 468b | 448e 1044 | 3b4c 2430 
  0x0000025d8f61d120: 0f83 ea06 | 0000 4689 | 448a 10c4 | c1f9 7ec3 | 458b 5b10 | 478b 5cdc | 0c44 895c | 2434 458b 
  0x0000025d8f61d140: c141 ffc0 | 453b c30f | 8d6d feff | ff45 3bc2 | 7c9a 4963 | eb4c 636c | 2430 48ff | cd4c 6374 
  0x0000025d8f61d160: 242c 448b | d54c 635c | 2424 4863 | 4424 2049 | 3bc3 8b44 | 2420 0f4f | 4424 244c | 63d8 4d3b 
  0x0000025d8f61d180: de0f 4f44 | 242c 4c63 | d84d 3bdd | 0f4f 4424 | 304c 63d8 | 4c3b dd41 | 0f4f c244 | 8bd0 4183 
  0x0000025d8f61d1a0: c2f9 413b | c2b8 0000 | 0080 440f | 4cd0 453b | c20f 8d27 | 0700 0041 | ffc1 458b | c245 2bc1 
  0x0000025d8f61d1c0: 453b d144 | 0f4c 4424 | 0c41 81f8 | 401f 0000 | 440f 47c1 | 4503 c166 | 0f1f 8400 | 0000 0000 
  0x0000025d8f61d1e0: c421 7a6f | 448f 10c4 | 217a 7f44 | 8b10 c421 | 7a6f 448e | 10c4 217a | 7f44 8a10 | c421 7a6f 
  0x0000025d8f61d200: 448f 20c4 | 217a 7f44 | 8b20 c421 | 7a6f 448e | 20c4 217a | 7f44 8a20 | 4183 c108 | 453b c87c 
  0x0000025d8f61d220: bf4d 8b9f | 4803 0000 | 4185 0345 | 3bca 7c8a | 443b 4c24 | 207d 6290 | 443b 4c24 | 200f 839a 
  0x0000025d8f61d240: feff ff46 | 8b44 8f10 | 443b 4c24 | 240f 8301 | 0500 0046 | 8944 8b10 | 443b 4c24 | 2c0f 834d 
  0x0000025d8f61d260: 0500 0046 | 8b44 8e10 | 443b 4c24 | 300f 839d | 0500 0046 | 8944 8a10 | c4c1 f97e | c245 8b5a 
  0x0000025d8f61d280: 1047 8b54 | dc0c 41ff | c145 3bca | 0f8d 28fd | ffff 443b | 4c24 207c | 9fc4 e1f9 | 7ee0 c4c1 
  0x0000025d8f61d2a0: 797e f0ba | e4ff ffff | 488b 2c24 | 448b 5c24 | 0844 891c | 244c 8b54 | 2410 4c89 | 5424 0844 
  0x0000025d8f61d2c0: 8b5c 2418 | 4489 5c24 | 0444 8b54 | 241c 4489 | 5424 10c5 | fb11 4424 | 1848 8944 | 2420 4489 
  0x0000025d8f61d2e0: 4424 1444 | 894c 242c | 4489 4c24 | 30c5 fa11 | 5424 34c5 | fa11 4c24 | 3866 6690 | c5f8 77e8 
  0x0000025d8f61d300: fc4f 44f8 | 660f 1f44 | 0000 660f | 1f44 0000 | 448b d942 | 8b5c 9f0c | 8b4c 242c | 412b c949 
  0x0000025d8f61d320: 63d1 895c | 9010 8b5c | 9710 4289 | 5c98 0c49 | 8bd8 482b | da44 8b5c | 9f08 4489 | 5c90 1444 
  0x0000025d8f61d340: 8b5c 9714 | 4489 5c98 | 0844 8b5c | 9f04 4489 | 5c90 1844 | 8b5c 9718 | 4489 5c98 | 0444 8b1c 
  0x0000025d8f61d360: 9f44 895c | 901c 8b74 | 971c 8934 | 9883 c1fc | 4183 c104 | 453b ca7c | 974d 8b97 | 4803 0000 
  0x0000025d8f61d380: 4185 0244 | 3bcd 7d2a | 448b d944 | 8bd5 452b | d141 3be9 | 440f 4c54 | 240c 4181 | faa0 0f00 
  0x0000025d8f61d3a0: 00b9 a00f | 0000 440f | 47d1 4503 | d1e9 61ff | ffff c5f9 | 7ed3 c4e1 | f97e ca44 | 3b4c 2430 
  0x0000025d8f61d3c0: 7d2a 6690 | 8b74 8f0c | 4289 7488 | 1042 8b74 | 8f10 8974 | 880c 418b | f1ff c63b | 7424 307d 
  0x0000025d8f61d3e0: 0b41 8bce | 412b c944 | 8bce ebd8 | 4d8b 9748 | 0300 0041 | ffc5 4185 | 0244 3b6c | 2428 0f8d 
  0x0000025d8f61d400: 6df8 ffff | c4e1 f97e | c08b 7c24 | 304c 8b54 | 2420 418b | 7210 85f6 | 0f84 6704 | 0000 478b 
  0x0000025d8f61d420: 4caa 1047 | 8b54 cc0c | 428b 4ca8 | 1045 8b5c | cc0c 897c | 2430 488b | fa8b d3c4 | e1f9 6ec0 
  0x0000025d8f61d440: 4963 da48 | 3bfb 0f83 | 4804 0000 | 453b f20f | 833f 0400 | 0045 85db | 0f86 3604 | 0000 8bda 
  0x0000025d8f61d460: 413b db0f | 832b 0400 | 0045 85d2 | 0f86 2204 | 0000 413b | da0f 8319 | 0400 004d | 63d3 488b 
  0x0000025d8f61d480: d749 3bd2 | 0f83 0a04 | 0000 453b | f30f 8301 | 0400 0049 | 8d04 cc4b | 8d3c cc42 | 8b74 870c 
  0x0000025d8f61d4a0: 4189 74cc | 1047 8b54 | cc10 4689 | 5480 0c83 | fd01 0f8e | 1004 0000 | 458b de41 | b901 0000 
  0x0000025d8f61d4c0: 00c5 f96e | d3c4 e1f9 | 6eca e9bc | feff ff43 | 8b6c cc18 | 85ed 0f84 | 6006 0000 | 438b 4ccc 
  0x0000025d8f61d4e0: 0881 f9e0 | b114 000f | 847b 0600 | 004d 8d04 | ec45 8b48 | 0c45 3bcb | 0f85 b601 | 0000 458b 
  0x0000025d8f61d500: 4810 498b | c948 c1e1 | 0349 3bca | 0f84 9ef4 | ffff 410f | be7a 104c | 3bd1 0f84 | 90f4 ffff 
  0x0000025d8f61d520: 438b 4ccc | 0881 f970 | e900 000f | 8573 0700 | 0049 c1e1 | 0341 0fbe | 6910 3bfd | 0f85 ca06 
  0x0000025d8f61d540: 0000 418b | 5914 458b | 4a14 418b | 74dc 0c43 | 8b4c cc0c | 3bce 0f85 | d800 0000 | 498d 3cdc 
  0x0000025d8f61d560: 498d 74dc | 104b 8d1c | cc4b 8d7c | cc10 85c9 | 0f84 a500 | 0000 8bc1 | 83e0 1f83 | e1e0 0f84 
  0x0000025d8f61d580: 4b00 0000 | 488d 3c0f | 488d 340e | 48f7 d9c5 | fe6f 140f | c5fe 6f0c | 0ec5 edef | d1c4 e27d 
  0x0000025d8f61d5a0: 17d2 0f85 | 7a00 0000 | 4883 c120 | 75e1 85c0 | 0f84 6500 | 0000 c5fe | 6f54 07e0 | c5fe 6f4c 
  0x0000025d8f61d5c0: 06e0 c5ed | efd1 c4e2 | 7d17 d275 | 55eb 4c8b | c883 e1fc | 7419 488d | 3c0f 488d | 340e 48f7 
  0x0000025d8f61d5e0: d98b 1c0f | 3b1c 0e75 | 3948 83c1 | 0475 f2f7 | c002 0000 | 0074 120f | b71f 0fb7 | 0e3b d975 
  0x0000025d8f61d600: 2148 8d7f | 0248 8d76 | 02f7 c001 | 0000 0074 | 0a0f b61f | 0fb6 0e3b | d975 07b8 | 0100 0000 
  0x0000025d8f61d620: eb02 33c0 | c5ed efd2 | c5f5 efc9 | 85c0 0f85 | 7cf3 ffff | ba45 ffff | ff48 8b2c | 2444 8934 
  0x0000025d8f61d640: 244c 8b4c | 2410 4c89 | 4c24 08c5 | fa11 4424 | 04c5 fa11 | 6c24 104c | 8954 2418 | 4c89 4424 
  0x0000025d8f61d660: 2044 895c | 2414 6690 | c5f8 77e8 | 904c 44f8 | c57a 2cda | 4181 fb00 | 0000 8075 | 1048 83ec 
  0x0000025d8f61d680: 08c5 fa11 | 1424 e868 | 3a3f f841 | 5be9 cdf3 | ffff c57a | 2cc1 4181 | f800 0000 | 8075 1048 
  0x0000025d8f61d6a0: 83ec 08c5 | fa11 0c24 | e846 3a3f | f841 58e9 | ddf3 ffff | 458b 4018 | 4d8b 8f48 | 0300 0041 
  0x0000025d8f61d6c0: 8501 4585 | c00f 8471 | 0400 0049 | c1e0 03e9 | 1dfe ffff | 4533 c033 | d245 33db | e948 f1ff 
  0x0000025d8f61d6e0: ff33 d241 | c642 1101 | 4533 c045 | 33db e936 | f1ff ff41 | f7d8 e98a | f3ff ff41 | f7db e953 
  0x0000025d8f61d700: f3ff ff45 | 33c0 33d2 | 4533 dbe9 | 19f1 ffff | ba45 ffff | ffc4 e1f9 | 7ec5 c5fb | 110c 24c5 
  0x0000025d8f61d720: fb11 5c24 | 0889 5c24 | 1844 894c | 241c 6690 | c5f8 77e8 | c84b 44f8 | c4c1 796e | d6ba e6ff 
  0x0000025d8f61d740: ffff 498b | ebc5 fa11 | 1424 6690 | c5f8 77e8 | ac4b 44f8 | bae4 ffff | ff48 8b2c | 2444 8b5c 
  0x0000025d8f61d760: 2408 4489 | 1c24 4c8b | 5424 104c | 8954 2408 | 448b 5c24 | 1844 895c | 2404 448b | 5424 1c44 
  0x0000025d8f61d780: 8954 2410 | c5fb 1144 | 2418 c5fb | 1164 2420 | c5fa 1174 | 2414 4489 | 4c24 2c44 | 8944 2430 
  0x0000025d8f61d7a0: c5fa 1154 | 2434 6690 | c5f8 77e8 | 504b 44f8 | bae4 ffff | ff48 8b2c | 2444 8b5c | 2408 4489 
  0x0000025d8f61d7c0: 1c24 4c8b | 5424 104c | 8954 2408 | 448b 5c24 | 1844 895c | 2404 448b | 5424 1c44 | 8954 2410 
  0x0000025d8f61d7e0: c5fb 1144 | 2418 c5fb | 1164 2420 | c5fa 1174 | 2414 4489 | 4c24 2c44 | 894c 2430 | c5fa 115c 
  0x0000025d8f61d800: 2434 c5fa | 117c 2438 | c5f8 77e8 | f04a 44f8 | bae4 ffff | ff48 8b2c | 2444 8b54 | 2408 4489 
  0x0000025d8f61d820: 1424 4c8b | 5424 104c | 8954 2408 | 448b 5424 | 1844 8954 | 2404 448b | 5c24 1c44 | 895c 2410 
  0x0000025d8f61d840: c5fb 1144 | 2418 c5fb | 1164 2420 | c5fa 1174 | 2414 4489 | 4c24 2c44 | 8944 2430 | c5fa 117c 
  0x0000025d8f61d860: 2434 6690 | c5f8 77e8 | 944a 44f8 | baf6 ffff | ff66 6690 | c5f8 77e8 | 844a 44f8 | 4f8d 1cc4 
  0x0000025d8f61d880: e9b8 feff | ffba f6ff | ffff 6690 | c5f8 77e8 | 6c4a 44f8 | 418b 6cf4 | 0cd1 fdff | c5ba 76ff 
  0x0000025d8f61d8a0: ffff 448b | 5424 1844 | 8954 240c | 448b 5c24 | 1c44 895c | 2418 4889 | 4424 2844 | 896c 241c 
  0x0000025d8f61d8c0: c5f8 77e8 | 384a 44f8 | 418b ce41 | b901 0000 | 00e9 e5fa | ffff 4533 | c9e9 c5f9 | ffff 458b 
  0x0000025d8f61d8e0: c8e9 4af9 | ffff bade | ffff ff44 | 894c 2408 | c5fa 1144 | 240c c5fa | 114c 2418 | 4c89 4424 
  0x0000025d8f61d900: 2066 6690 | c5f8 77e8 | f449 44f8 | bae4 ffff | ff48 8b2c | 2444 8934 | 244c 8b54 | 2410 4c89 
  0x0000025d8f61d920: 5424 08c5 | fa11 6c24 | 04c5 fa11 | 4424 1848 | 8944 2420 | c5f8 77e8 | c449 44f8 | 4c8b 0c24 
  0x0000025d8f61d940: 488b 7424 | 10ba beff | ffff 498b | e948 8934 | 2448 8944 | 2408 4489 | 5c24 1044 | 8944 2418 
  0x0000025d8f61d960: 4489 4424 | 1c89 5c24 | 2066 6690 | c5f8 77e8 | 8c49 44f8 | 4c8b 0c24 | 488b 7424 | 10eb c648 
  0x0000025d8f61d980: 8b74 2410 | ebbf ba45 | ffff ff48 | 8b2c 2444 | 890c 2448 | 897c 2408 | c5fa 1144 | 2404 c5fa 
  0x0000025d8f61d9a0: 114c 2410 | 4c89 5424 | 1844 895c | 2414 4489 | 4424 2490 | c5f8 77e8 | 4449 44f8 | ba45 ffff 
  0x0000025d8f61d9c0: ff4c 8b54 | 2410 4c89 | 5424 0848 | 8944 2410 | 4489 5c24 | 1844 8944 | 241c 4489 | 6c24 2090 
  0x0000025d8f61d9e0: c5f8 77e8 | 1849 44f8 | 448b 4c24 | 28ba beff | ffff 488b | 2c24 448b | 5424 0844 | 8914 244c 
  0x0000025d8f61da00: 8b54 2410 | 4c89 5424 | 0844 8b5c | 2418 4489 | 5c24 0444 | 8b54 241c | 4489 5424 | 104c 8b54 
  0x0000025d8f61da20: 2420 4c89 | 5424 1848 | 8944 2420 | 4489 4c24 | 1466 6690 | c5f8 77e8 | c448 44f8 | 448b 4c24 
  0x0000025d8f61da40: 28eb aa44 | 8b4c 2428 | eba3 bae4 | ffff ff48 | 8b2c 2444 | 892c 244c | 8b4c 2410 | 4c89 4c24 
  0x0000025d8f61da60: 0844 895c | 2404 4489 | 4424 1048 | 8944 2420 | 4489 5424 | 1466 6690 | c5f8 77e8 | 8048 44f8 
  0x0000025d8f61da80: babe ffff | ff48 8b2c | 2444 8b54 | 2408 4489 | 1424 4c8b | 5424 104c | 8954 2408 | 448b 5c24 
  0x0000025d8f61daa0: 1844 895c | 2404 448b | 5424 1c44 | 8954 2410 | 4c8b 5424 | 204c 8954 | 2418 4889 | 4424 2090 
  0x0000025d8f61dac0: c5f8 77e8 | 3848 44f8 | bae4 ffff | ff48 8b2c | 2444 892c | 244c 8b54 | 2410 4c89 | 5424 0844 
  0x0000025d8f61dae0: 895c 2404 | 4489 4424 | 1048 8944 | 2420 4489 | 4c24 1490 | c5f8 77e8 | 0448 44f8 | ba76 ffff 
  0x0000025d8f61db00: ff44 8974 | 2408 c5fa | 1144 240c | c5fa 114c | 2418 4489 | 5c24 1c44 | 8944 2428 | 4c89 5424 
  0x0000025d8f61db20: 3044 894c | 242c 6690 | c5f8 77e8 | d047 44f8 | b801 0000 | 0033 d2e9 | c9ec ffff | baf4 ffff 
  0x0000025d8f61db40: ff48 8b2c | 2444 8934 | 244c 8b54 | 2410 4c89 | 5424 08c5 | fa11 4424 | 04c5 fa11 | 6c24 1090 
  0x0000025d8f61db60: c5f8 77e8 | 9847 44f8 | ba45 ffff | ff44 8974 | 2408 c5fa | 1144 240c | c5fa 116c | 2418 4c89 
  0x0000025d8f61db80: 5424 2044 | 894c 241c | 4489 5c24 | 2866 6690 | c5f8 77e8 | 6847 44f8 | ba45 ffff | ff44 8974 
  0x0000025d8f61dba0: 2408 c5fa | 1144 240c | c5fa 116c | 2418 4489 | 4c24 1c44 | 895c 2428 | 4c89 5424 | 304c 8944 
  0x0000025d8f61dbc0: 2438 895c | 242c 6690 | c5f8 77e8 | 3047 44f8 | 85c9 400f | 95c5 400f | b6ed 83f5 | 01ba 45ff 
  0x0000025d8f61dbe0: ffff 4489 | 4c24 08c5 | fa11 4424 | 0cc5 fa11 | 4c24 1844 | 895c 241c | 4489 4424 | 284c 8954 
  0x0000025d8f61dc00: 2430 6690 | c5f8 77e8 | f446 44f8 | ba45 ffff | ff44 8974 | 2408 c5fa | 1144 240c | c5fa 116c 
  0x0000025d8f61dc20: 2418 4c89 | 4424 2844 | 895c 241c | 4c89 5424 | 304c 894c | 2438 897c | 2440 6690 | c5f8 77e8 
  0x0000025d8f61dc40: bc46 44f8 | bade ffff | ff44 8974 | 2408 c5fa | 1144 240c | c5fa 116c | 2418 6690 | c5f8 77e8 
  0x0000025d8f61dc60: 9c46 44f8 | bade ffff | ff48 8b2c | 2444 8934 | 244c 8b44 | 2410 4c89 | 4424 08c5 | fa11 4424 
  0x0000025d8f61dc80: 04c5 fa11 | 6c24 1044 | 894c 2414 | 4489 5c24 | 204c 8954 | 2428 894c | 2430 6690 | c5f8 77e8 
  0x0000025d8f61dca0: 5c46 44f8 | bade ffff | ff48 8b2c | 2444 8934 | 2448 8b4c | 2410 4889 | 4c24 08c5 | fa11 4424 
  0x0000025d8f61dcc0: 04c5 fa11 | 6c24 104c | 8944 2420 | 4489 5c24 | 144c 8954 | 2428 4489 | 4c24 3490 | c5f8 77e8 
  0x0000025d8f61dce0: 1c46 44f8 | baf6 ffff | ff66 6690 | c5f8 77e8 | 0c46 44f8 | c4c1 796e | d6ba f6ff | ffff c5f9 
  0x0000025d8f61dd00: 7ed5 6690 | c5f8 77e8 | f445 44f8 | 4489 4c24 | 10ba f6ff | ffff 4489 | 1c24 6690 | c5f8 77e8 
  0x0000025d8f61dd20: dc45 44f8 | baf6 ffff | ff66 6690 | c5f8 77e8 | cc45 44f8 | ba76 ffff | ff48 8b2c | 2444 8b5c 
  0x0000025d8f61dd40: 2408 4489 | 1c24 4c8b | 5424 104c | 8954 2408 | 448b 5c24 | 1844 895c | 2404 448b | 5424 1c44 
  0x0000025d8f61dd60: 8954 2410 | 48ff 7424 | 2048 8f44 | 2418 4889 | 4424 2044 | 8944 2414 | 4489 6c24 | 2866 6690 
  0x0000025d8f61dd80: c5f8 77e8 | 7845 44f8 | baf6 ffff | ff66 6690 | c5f8 77e8 | 6845 44f8 | 488b d0eb | 0848 8bd0 
  0x0000025d8f61dda0: eb03 488b | d0c5 f877 | 4883 c460 | 5de9 4ef6 | 4ef8 baf6 | ffff ff49 | 8be8 6690 | c5f8 77e8 
  0x0000025d8f61ddc0: 3c45 44f8 | baf6 ffff | ff66 6690 | c5f8 77e8 | 2c45 44f8 | baf6 ffff | ff66 6690 | c5f8 77e8 
  0x0000025d8f61dde0: 1c45 44f8 | 488b 7424 | 10e9 57fb | ffff 488b | 7424 10e9 | 4dfb ffff | baf6 ffff | ff66 6690 
  0x0000025d8f61de00: c5f8 77e8 | f844 44f8 | baf6 ffff | ff66 6690 | c5f8 77e8 | e844 44f8 | baf6 ffff | ff66 6690 
  0x0000025d8f61de20: c5f8 77e8 | d844 44f8 | baf6 ffff | ff66 6690 | c5f8 77e8 | c844 44f8 | ba45 ffff | ff48 8b2c 
  0x0000025d8f61de40: 2444 8934 | 244c 8b44 | 2410 4c89 | 4424 08c5 | fa11 4424 | 04c5 fa11 | 6c24 1044 | 894c 2414 
  0x0000025d8f61de60: 4489 5c24 | 2089 4c24 | 244c 8954 | 2428 6690 | c5f8 77e8 | 8844 44f8 | baf6 ffff | ff66 6690 
  0x0000025d8f61de80: c5f8 77e8 | 7844 44f8 | ba45 ffff | ff48 8b2c | 2444 8934 | 2448 8b4c | 2410 4889 | 4c24 08c5 
  0x0000025d8f61dea0: fa11 4424 | 04c5 fa11 | 6c24 104c | 8944 2420 | 4489 5c24 | 1444 894c | 2428 4c89 | 5424 3090 
  0x0000025d8f61dec0: c5f8 77e8 | 3844 44f8 | 49ba 74cf | 618f 5d02 | 0000 4d89 | 9758 0300 | 00e9 2255 | 44f8 f4f4 
  0x0000025d8f61dee0: 48bb 0000 | 0000 0000 | 0000 e9fb | ffff ffe9 | 8c6c 4ef8 | e800 0000 | 0048 832c | 2405 e99d 
  0x0000025d8f61df00: 4744 f8f4 | f4f4 f4f4 
[/MachCode]
--------------------------------------------------------------------------------


---------------  P R O C E S S  ---------------

Threads class SMR info:
_java_thread_list=0x0000025da1ac1ac0, length=24, elements={
0x0000025dffc76510, 0x0000025dffc77920, 0x0000025dffc91530, 0x0000025dffc91ee0,
0x0000025dffc93030, 0x0000025dffc94180, 0x0000025dffc96660, 0x0000025dffc9e5c0,
0x0000025da100c090, 0x0000025da111e660, 0x0000025da1122f90, 0x0000025da112db60,
0x0000025da113a2f0, 0x0000025dfcc2e000, 0x0000025da132d150, 0x0000025da13707d0,
0x0000025da137fd20, 0x0000025da19f2500, 0x0000025da1a42e40, 0x0000025da1a43310,
0x0000025da1a52dd0, 0x0000025da1ab3540, 0x0000025da1ab3a50, 0x0000025da1ab2b20
}

Java Threads: ( => current thread )
  0x0000025dffc76510 JavaThread "Reference Handler" daemon [_thread_blocked, id=12892, stack(0x000000a9a6f00000,0x000000a9a7000000)]
  0x0000025dffc77920 JavaThread "Finalizer" daemon [_thread_blocked, id=14048, stack(0x000000a9a7000000,0x000000a9a7100000)]
  0x0000025dffc91530 JavaThread "Signal Dispatcher" daemon [_thread_blocked, id=8684, stack(0x000000a9a7100000,0x000000a9a7200000)]
  0x0000025dffc91ee0 JavaThread "Attach Listener" daemon [_thread_blocked, id=6632, stack(0x000000a9a7200000,0x000000a9a7300000)]
  0x0000025dffc93030 JavaThread "Service Thread" daemon [_thread_blocked, id=4656, stack(0x000000a9a7300000,0x000000a9a7400000)]
  0x0000025dffc94180 JavaThread "Monitor Deflation Thread" daemon [_thread_blocked, id=5624, stack(0x000000a9a7400000,0x000000a9a7500000)]
  0x0000025dffc96660 JavaThread "C2 CompilerThread0" daemon [_thread_blocked, id=22488, stack(0x000000a9a7500000,0x000000a9a7600000)]
  0x0000025dffc9e5c0 JavaThread "C1 CompilerThread0" daemon [_thread_blocked, id=11016, stack(0x000000a9a7600000,0x000000a9a7700000)]
  0x0000025da100c090 JavaThread "Sweeper thread" daemon [_thread_blocked, id=21196, stack(0x000000a9a7700000,0x000000a9a7800000)]
  0x0000025da111e660 JavaThread "C1 CompilerThread1" daemon [_thread_blocked, id=4644, stack(0x000000a9a7800000,0x000000a9a7900000)]
  0x0000025da1122f90 JavaThread "C1 CompilerThread2" daemon [_thread_blocked, id=18212, stack(0x000000a9a7900000,0x000000a9a7a00000)]
  0x0000025da112db60 JavaThread "Notification Thread" daemon [_thread_blocked, id=20168, stack(0x000000a9a7a00000,0x000000a9a7b00000)]
  0x0000025da113a2f0 JavaThread "Common-Cleaner" daemon [_thread_blocked, id=4212, stack(0x000000a9a7c00000,0x000000a9a7d00000)]
  0x0000025dfcc2e000 JavaThread "DestroyJavaVM" [_thread_blocked, id=6692, stack(0x000000a9a6800000,0x000000a9a6900000)]
  0x0000025da132d150 JavaThread "Java2D Disposer" daemon [_thread_blocked, id=19556, stack(0x000000a9a7e00000,0x000000a9a7f00000)]
  0x0000025da13707d0 JavaThread "AWT-Shutdown" [_thread_blocked, id=14240, stack(0x000000a9a8000000,0x000000a9a8100000)]
  0x0000025da137fd20 JavaThread "AWT-Windows" daemon [_thread_in_native, id=11184, stack(0x000000a9a8100000,0x000000a9a8200000)]
  0x0000025da19f2500 JavaThread "AWT-EventQueue-0" [_thread_blocked, id=21484, stack(0x000000a9a8e00000,0x000000a9a8f00000)]
=>0x0000025da1a42e40 JavaThread "Thread-2" [_thread_in_Java, id=21372, stack(0x000000a9a8f00000,0x000000a9a9000000)]
  0x0000025da1a43310 JavaThread "Thread-1" [_thread_in_Java, id=12488, stack(0x000000a9a9000000,0x000000a9a9100000)]
  0x0000025da1a52dd0 JavaThread "D3D Screen Updater" daemon [_thread_blocked, id=25352, stack(0x000000a9a7d00000,0x000000a9a7e00000)]
  0x0000025da1ab3540 JavaThread "C2 CompilerThread1" daemon [_thread_blocked, id=24892, stack(0x000000a9a7f00000,0x000000a9a8000000)]
  0x0000025da1ab3a50 JavaThread "C2 CompilerThread2" daemon [_thread_blocked, id=8944, stack(0x000000a9a9100000,0x000000a9a9200000)]
  0x0000025da1ab2b20 JavaThread "C2 CompilerThread3" daemon [_thread_blocked, id=3168, stack(0x000000a9a9200000,0x000000a9a9300000)]

Other Threads:
  0x0000025dffc70270 VMThread "VM Thread" [stack: 0x000000a9a6e00000,0x000000a9a6f00000] [id=11828]
  0x0000025da1136050 WatcherThread [stack: 0x000000a9a7b00000,0x000000a9a7c00000] [id=26340]
  0x0000025dfcc97d60 GCTaskThread "GC Thread#0" [stack: 0x000000a9a6900000,0x000000a9a6a00000] [id=8436]
  0x0000025da1aa0710 GCTaskThread "GC Thread#1" [stack: 0x000000a9a9300000,0x000000a9a9400000] [id=23640]
  0x0000025da1aa09c0 GCTaskThread "GC Thread#2" [stack: 0x000000a9a9400000,0x000000a9a9500000] [id=26396]
  0x0000025da1ae6120 GCTaskThread "GC Thread#3" [stack: 0x000000a9a9500000,0x000000a9a9600000] [id=23356]
  0x0000025da1ae67d0 GCTaskThread "GC Thread#4" [stack: 0x000000a9a9600000,0x000000a9a9700000] [id=13260]
  0x0000025da1ae9860 GCTaskThread "GC Thread#5" [stack: 0x000000a9a9700000,0x000000a9a9800000] [id=25280]
  0x0000025da1ae9b10 GCTaskThread "GC Thread#6" [stack: 0x000000a9a9800000,0x000000a9a9900000] [id=1108]
  0x0000025da1aea5d0 GCTaskThread "GC Thread#7" [stack: 0x000000a9a9900000,0x000000a9a9a00000] [id=3112]
  0x0000025da1aea880 GCTaskThread "GC Thread#8" [stack: 0x000000a9a9a00000,0x000000a9a9b00000] [id=20104]
  0x0000025da1ae9dc0 GCTaskThread "GC Thread#9" [stack: 0x000000a9a9b00000,0x000000a9a9c00000] [id=2612]
  0x0000025dfcca9340 ConcurrentGCThread "G1 Main Marker" [stack: 0x000000a9a6a00000,0x000000a9a6b00000] [id=24400]
  0x0000025dfccab500 ConcurrentGCThread "G1 Conc#0" [stack: 0x000000a9a6b00000,0x000000a9a6c00000] [id=15716]
  0x0000025dffb2b520 ConcurrentGCThread "G1 Refine#0" [stack: 0x000000a9a6c00000,0x000000a9a6d00000] [id=14040]
  0x0000025dffb2bbf0 ConcurrentGCThread "G1 Service" [stack: 0x000000a9a6d00000,0x000000a9a6e00000] [id=16396]

Threads with active compile tasks:

VM state: not at safepoint (normal execution)

VM Mutex/Monitor currently owned by a thread: None

Heap address: 0x0000000709600000, size: 3946 MB, Compressed Oops mode: Zero based, Oop shift amount: 3

CDS archive(s) mapped at: [0x0000000800000000-0x0000000800bc0000-0x0000000800bc0000), size 12320768, SharedBaseAddress: 0x0000000800000000, ArchiveRelocationMode: 0.
Compressed class space mapped at: 0x0000000800c00000-0x0000000840c00000, reserved size: 1073741824
Narrow klass base: 0x0000000800000000, Narrow klass shift: 0, Narrow klass range: 0x100000000

GC Precious Log:
 CPUs: 16 total, 16 available
 Memory: 15776M
 Large Page Support: Disabled
 NUMA Support: Disabled
 Compressed Oops: Enabled (Zero based)
 Heap Region Size: 2M
 Heap Min Capacity: 8M
 Heap Initial Capacity: 248M
 Heap Max Capacity: 3946M
 Pre-touch: Disabled
 Parallel Workers: 13
 Concurrent Workers: 3
 Concurrent Refinement Workers: 13
 Periodic GC: Disabled

Heap:
 garbage-first heap   total 253952K, used 18866K [0x0000000709600000, 0x0000000800000000)
  region size 2048K, 8 young (16384K), 2 survivors (4096K)
 Metaspace       used 7217K, committed 7488K, reserved 1056768K
  class space    used 772K, committed 896K, reserved 1048576K

Heap Regions: E=young(eden), S=young(survivor), O=old, HS=humongous(starts), HC=humongous(continues), CS=collection set, F=free, OA=open archive, CA=closed archive, TAMS=top-at-mark-start (previous, next)
|   0|0x0000000709600000, 0x0000000709800000, 0x0000000709800000|100%|HS|  |TAMS 0x0000000709600000, 0x0000000709600000| Complete 
|   1|0x0000000709800000, 0x0000000709a00000, 0x0000000709a00000|100%|HC|  |TAMS 0x0000000709800000, 0x0000000709800000| Complete 
|   2|0x0000000709a00000, 0x0000000709a6ca00, 0x0000000709c00000| 21%| O|  |TAMS 0x0000000709a00000, 0x0000000709a00000| Untracked 
|   3|0x0000000709c00000, 0x0000000709c00000, 0x0000000709e00000|  0%| F|  |TAMS 0x0000000709c00000, 0x0000000709c00000| Untracked 
|   4|0x0000000709e00000, 0x0000000709e00000, 0x000000070a000000|  0%| F|  |TAMS 0x0000000709e00000, 0x0000000709e00000| Untracked 
|   5|0x000000070a000000, 0x000000070a000000, 0x000000070a200000|  0%| F|  |TAMS 0x000000070a000000, 0x000000070a000000| Untracked 
|   6|0x000000070a200000, 0x000000070a200000, 0x000000070a400000|  0%| F|  |TAMS 0x000000070a200000, 0x000000070a200000| Untracked 
|   7|0x000000070a400000, 0x000000070a400000, 0x000000070a600000|  0%| F|  |TAMS 0x000000070a400000, 0x000000070a400000| Untracked 
|   8|0x000000070a600000, 0x000000070a600000, 0x000000070a800000|  0%| F|  |TAMS 0x000000070a600000, 0x000000070a600000| Untracked 
|   9|0x000000070a800000, 0x000000070a800000, 0x000000070aa00000|  0%| F|  |TAMS 0x000000070a800000, 0x000000070a800000| Untracked 
|  10|0x000000070aa00000, 0x000000070aa00000, 0x000000070ac00000|  0%| F|  |TAMS 0x000000070aa00000, 0x000000070aa00000| Untracked 
|  11|0x000000070ac00000, 0x000000070ac00000, 0x000000070ae00000|  0%| F|  |TAMS 0x000000070ac00000, 0x000000070ac00000| Untracked 
|  12|0x000000070ae00000, 0x000000070ae00000, 0x000000070b000000|  0%| F|  |TAMS 0x000000070ae00000, 0x000000070ae00000| Untracked 
|  13|0x000000070b000000, 0x000000070b000000, 0x000000070b200000|  0%| F|  |TAMS 0x000000070b000000, 0x000000070b000000| Untracked 
|  14|0x000000070b200000, 0x000000070b200000, 0x000000070b400000|  0%| F|  |TAMS 0x000000070b200000, 0x000000070b200000| Untracked 
|  15|0x000000070b400000, 0x000000070b400000, 0x000000070b600000|  0%| F|  |TAMS 0x000000070b400000, 0x000000070b400000| Untracked 
|  16|0x000000070b600000, 0x000000070b600000, 0x000000070b800000|  0%| F|  |TAMS 0x000000070b600000, 0x000000070b600000| Untracked 
|  17|0x000000070b800000, 0x000000070b800000, 0x000000070ba00000|  0%| F|  |TAMS 0x000000070b800000, 0x000000070b800000| Untracked 
|  18|0x000000070ba00000, 0x000000070ba00000, 0x000000070bc00000|  0%| F|  |TAMS 0x000000070ba00000, 0x000000070ba00000| Untracked 
|  19|0x000000070bc00000, 0x000000070bc00000, 0x000000070be00000|  0%| F|  |TAMS 0x000000070bc00000, 0x000000070bc00000| Untracked 
|  20|0x000000070be00000, 0x000000070be00000, 0x000000070c000000|  0%| F|  |TAMS 0x000000070be00000, 0x000000070be00000| Untracked 
|  21|0x000000070c000000, 0x000000070c000000, 0x000000070c200000|  0%| F|  |TAMS 0x000000070c000000, 0x000000070c000000| Untracked 
|  22|0x000000070c200000, 0x000000070c200000, 0x000000070c400000|  0%| F|  |TAMS 0x000000070c200000, 0x000000070c200000| Untracked 
|  23|0x000000070c400000, 0x000000070c400000, 0x000000070c600000|  0%| F|  |TAMS 0x000000070c400000, 0x000000070c400000| Untracked 
|  24|0x000000070c600000, 0x000000070c600000, 0x000000070c800000|  0%| F|  |TAMS 0x000000070c600000, 0x000000070c600000| Untracked 
|  25|0x000000070c800000, 0x000000070c800000, 0x000000070ca00000|  0%| F|  |TAMS 0x000000070c800000, 0x000000070c800000| Untracked 
|  26|0x000000070ca00000, 0x000000070ca00000, 0x000000070cc00000|  0%| F|  |TAMS 0x000000070ca00000, 0x000000070ca00000| Untracked 
|  27|0x000000070cc00000, 0x000000070cc00000, 0x000000070ce00000|  0%| F|  |TAMS 0x000000070cc00000, 0x000000070cc00000| Untracked 
|  28|0x000000070ce00000, 0x000000070ce00000, 0x000000070d000000|  0%| F|  |TAMS 0x000000070ce00000, 0x000000070ce00000| Untracked 
|  29|0x000000070d000000, 0x000000070d000000, 0x000000070d200000|  0%| F|  |TAMS 0x000000070d000000, 0x000000070d000000| Untracked 
|  30|0x000000070d200000, 0x000000070d200000, 0x000000070d400000|  0%| F|  |TAMS 0x000000070d200000, 0x000000070d200000| Untracked 
|  31|0x000000070d400000, 0x000000070d400000, 0x000000070d600000|  0%| F|  |TAMS 0x000000070d400000, 0x000000070d400000| Untracked 
|  32|0x000000070d600000, 0x000000070d600000, 0x000000070d800000|  0%| F|  |TAMS 0x000000070d600000, 0x000000070d600000| Untracked 
|  33|0x000000070d800000, 0x000000070d800000, 0x000000070da00000|  0%| F|  |TAMS 0x000000070d800000, 0x000000070d800000| Untracked 
|  34|0x000000070da00000, 0x000000070da00000, 0x000000070dc00000|  0%| F|  |TAMS 0x000000070da00000, 0x000000070da00000| Untracked 
|  35|0x000000070dc00000, 0x000000070dc00000, 0x000000070de00000|  0%| F|  |TAMS 0x000000070dc00000, 0x000000070dc00000| Untracked 
|  36|0x000000070de00000, 0x000000070de00000, 0x000000070e000000|  0%| F|  |TAMS 0x000000070de00000, 0x000000070de00000| Untracked 
|  37|0x000000070e000000, 0x000000070e000000, 0x000000070e200000|  0%| F|  |TAMS 0x000000070e000000, 0x000000070e000000| Untracked 
|  38|0x000000070e200000, 0x000000070e200000, 0x000000070e400000|  0%| F|  |TAMS 0x000000070e200000, 0x000000070e200000| Untracked 
|  39|0x000000070e400000, 0x000000070e400000, 0x000000070e600000|  0%| F|  |TAMS 0x000000070e400000, 0x000000070e400000| Untracked 
|  40|0x000000070e600000, 0x000000070e600000, 0x000000070e800000|  0%| F|  |TAMS 0x000000070e600000, 0x000000070e600000| Untracked 
|  41|0x000000070e800000, 0x000000070e800000, 0x000000070ea00000|  0%| F|  |TAMS 0x000000070e800000, 0x000000070e800000| Untracked 
|  42|0x000000070ea00000, 0x000000070ea00000, 0x000000070ec00000|  0%| F|  |TAMS 0x000000070ea00000, 0x000000070ea00000| Untracked 
|  43|0x000000070ec00000, 0x000000070ec00000, 0x000000070ee00000|  0%| F|  |TAMS 0x000000070ec00000, 0x000000070ec00000| Untracked 
|  44|0x000000070ee00000, 0x000000070ee00000, 0x000000070f000000|  0%| F|  |TAMS 0x000000070ee00000, 0x000000070ee00000| Untracked 
|  45|0x000000070f000000, 0x000000070f000000, 0x000000070f200000|  0%| F|  |TAMS 0x000000070f000000, 0x000000070f000000| Untracked 
|  46|0x000000070f200000, 0x000000070f200000, 0x000000070f400000|  0%| F|  |TAMS 0x000000070f200000, 0x000000070f200000| Untracked 
|  47|0x000000070f400000, 0x000000070f400000, 0x000000070f600000|  0%| F|  |TAMS 0x000000070f400000, 0x000000070f400000| Untracked 
|  48|0x000000070f600000, 0x000000070f600000, 0x000000070f800000|  0%| F|  |TAMS 0x000000070f600000, 0x000000070f600000| Untracked 
|  49|0x000000070f800000, 0x000000070f800000, 0x000000070fa00000|  0%| F|  |TAMS 0x000000070f800000, 0x000000070f800000| Untracked 
|  50|0x000000070fa00000, 0x000000070fa00000, 0x000000070fc00000|  0%| F|  |TAMS 0x000000070fa00000, 0x000000070fa00000| Untracked 
|  51|0x000000070fc00000, 0x000000070fc00000, 0x000000070fe00000|  0%| F|  |TAMS 0x000000070fc00000, 0x000000070fc00000| Untracked 
|  52|0x000000070fe00000, 0x000000070fe00000, 0x0000000710000000|  0%| F|  |TAMS 0x000000070fe00000, 0x000000070fe00000| Untracked 
|  53|0x0000000710000000, 0x0000000710000000, 0x0000000710200000|  0%| F|  |TAMS 0x0000000710000000, 0x0000000710000000| Untracked 
|  54|0x0000000710200000, 0x0000000710200000, 0x0000000710400000|  0%| F|  |TAMS 0x0000000710200000, 0x0000000710200000| Untracked 
|  55|0x0000000710400000, 0x0000000710400000, 0x0000000710600000|  0%| F|  |TAMS 0x0000000710400000, 0x0000000710400000| Untracked 
|  56|0x0000000710600000, 0x0000000710600000, 0x0000000710800000|  0%| F|  |TAMS 0x0000000710600000, 0x0000000710600000| Untracked 
|  57|0x0000000710800000, 0x0000000710800000, 0x0000000710a00000|  0%| F|  |TAMS 0x0000000710800000, 0x0000000710800000| Untracked 
|  58|0x0000000710a00000, 0x0000000710a00000, 0x0000000710c00000|  0%| F|  |TAMS 0x0000000710a00000, 0x0000000710a00000| Untracked 
|  59|0x0000000710c00000, 0x0000000710c00000, 0x0000000710e00000|  0%| F|  |TAMS 0x0000000710c00000, 0x0000000710c00000| Untracked 
|  60|0x0000000710e00000, 0x0000000710e00000, 0x0000000711000000|  0%| F|  |TAMS 0x0000000710e00000, 0x0000000710e00000| Untracked 
|  61|0x0000000711000000, 0x0000000711000000, 0x0000000711200000|  0%| F|  |TAMS 0x0000000711000000, 0x0000000711000000| Untracked 
|  62|0x0000000711200000, 0x0000000711200000, 0x0000000711400000|  0%| F|  |TAMS 0x0000000711200000, 0x0000000711200000| Untracked 
|  63|0x0000000711400000, 0x0000000711400000, 0x0000000711600000|  0%| F|  |TAMS 0x0000000711400000, 0x0000000711400000| Untracked 
|  64|0x0000000711600000, 0x0000000711600000, 0x0000000711800000|  0%| F|  |TAMS 0x0000000711600000, 0x0000000711600000| Untracked 
|  65|0x0000000711800000, 0x0000000711800000, 0x0000000711a00000|  0%| F|  |TAMS 0x0000000711800000, 0x0000000711800000| Untracked 
|  66|0x0000000711a00000, 0x0000000711a00000, 0x0000000711c00000|  0%| F|  |TAMS 0x0000000711a00000, 0x0000000711a00000| Untracked 
|  67|0x0000000711c00000, 0x0000000711c00000, 0x0000000711e00000|  0%| F|  |TAMS 0x0000000711c00000, 0x0000000711c00000| Untracked 
|  68|0x0000000711e00000, 0x0000000711e00000, 0x0000000712000000|  0%| F|  |TAMS 0x0000000711e00000, 0x0000000711e00000| Untracked 
|  69|0x0000000712000000, 0x0000000712000000, 0x0000000712200000|  0%| F|  |TAMS 0x0000000712000000, 0x0000000712000000| Untracked 
|  70|0x0000000712200000, 0x0000000712200000, 0x0000000712400000|  0%| F|  |TAMS 0x0000000712200000, 0x0000000712200000| Untracked 
|  71|0x0000000712400000, 0x0000000712400000, 0x0000000712600000|  0%| F|  |TAMS 0x0000000712400000, 0x0000000712400000| Untracked 
|  72|0x0000000712600000, 0x0000000712600000, 0x0000000712800000|  0%| F|  |TAMS 0x0000000712600000, 0x0000000712600000| Untracked 
|  73|0x0000000712800000, 0x0000000712800000, 0x0000000712a00000|  0%| F|  |TAMS 0x0000000712800000, 0x0000000712800000| Untracked 
|  74|0x0000000712a00000, 0x0000000712a00000, 0x0000000712c00000|  0%| F|  |TAMS 0x0000000712a00000, 0x0000000712a00000| Untracked 
|  75|0x0000000712c00000, 0x0000000712c00000, 0x0000000712e00000|  0%| F|  |TAMS 0x0000000712c00000, 0x0000000712c00000| Untracked 
|  76|0x0000000712e00000, 0x0000000712e00000, 0x0000000713000000|  0%| F|  |TAMS 0x0000000712e00000, 0x0000000712e00000| Untracked 
|  77|0x0000000713000000, 0x0000000713000000, 0x0000000713200000|  0%| F|  |TAMS 0x0000000713000000, 0x0000000713000000| Untracked 
|  78|0x0000000713200000, 0x0000000713200000, 0x0000000713400000|  0%| F|  |TAMS 0x0000000713200000, 0x0000000713200000| Untracked 
|  79|0x0000000713400000, 0x0000000713400000, 0x0000000713600000|  0%| F|  |TAMS 0x0000000713400000, 0x0000000713400000| Untracked 
|  80|0x0000000713600000, 0x0000000713600000, 0x0000000713800000|  0%| F|  |TAMS 0x0000000713600000, 0x0000000713600000| Untracked 
|  81|0x0000000713800000, 0x0000000713800000, 0x0000000713a00000|  0%| F|  |TAMS 0x0000000713800000, 0x0000000713800000| Untracked 
|  82|0x0000000713a00000, 0x0000000713a00000, 0x0000000713c00000|  0%| F|  |TAMS 0x0000000713a00000, 0x0000000713a00000| Untracked 
|  83|0x0000000713c00000, 0x0000000713c00000, 0x0000000713e00000|  0%| F|  |TAMS 0x0000000713c00000, 0x0000000713c00000| Untracked 
|  84|0x0000000713e00000, 0x0000000713e00000, 0x0000000714000000|  0%| F|  |TAMS 0x0000000713e00000, 0x0000000713e00000| Untracked 
|  85|0x0000000714000000, 0x0000000714000000, 0x0000000714200000|  0%| F|  |TAMS 0x0000000714000000, 0x0000000714000000| Untracked 
|  86|0x0000000714200000, 0x0000000714200000, 0x0000000714400000|  0%| F|  |TAMS 0x0000000714200000, 0x0000000714200000| Untracked 
|  87|0x0000000714400000, 0x0000000714400000, 0x0000000714600000|  0%| F|  |TAMS 0x0000000714400000, 0x0000000714400000| Untracked 
|  88|0x0000000714600000, 0x0000000714600000, 0x0000000714800000|  0%| F|  |TAMS 0x0000000714600000, 0x0000000714600000| Untracked 
|  89|0x0000000714800000, 0x0000000714800000, 0x0000000714a00000|  0%| F|  |TAMS 0x0000000714800000, 0x0000000714800000| Untracked 
|  90|0x0000000714a00000, 0x0000000714a00000, 0x0000000714c00000|  0%| F|  |TAMS 0x0000000714a00000, 0x0000000714a00000| Untracked 
|  91|0x0000000714c00000, 0x0000000714c00000, 0x0000000714e00000|  0%| F|  |TAMS 0x0000000714c00000, 0x0000000714c00000| Untracked 
|  92|0x0000000714e00000, 0x0000000714e00000, 0x0000000715000000|  0%| F|  |TAMS 0x0000000714e00000, 0x0000000714e00000| Untracked 
|  93|0x0000000715000000, 0x0000000715000000, 0x0000000715200000|  0%| F|  |TAMS 0x0000000715000000, 0x0000000715000000| Untracked 
|  94|0x0000000715200000, 0x0000000715200000, 0x0000000715400000|  0%| F|  |TAMS 0x0000000715200000, 0x0000000715200000| Untracked 
|  95|0x0000000715400000, 0x0000000715400000, 0x0000000715600000|  0%| F|  |TAMS 0x0000000715400000, 0x0000000715400000| Untracked 
|  96|0x0000000715600000, 0x0000000715600000, 0x0000000715800000|  0%| F|  |TAMS 0x0000000715600000, 0x0000000715600000| Untracked 
|  97|0x0000000715800000, 0x0000000715800000, 0x0000000715a00000|  0%| F|  |TAMS 0x0000000715800000, 0x0000000715800000| Untracked 
|  98|0x0000000715a00000, 0x0000000715a00000, 0x0000000715c00000|  0%| F|  |TAMS 0x0000000715a00000, 0x0000000715a00000| Untracked 
|  99|0x0000000715c00000, 0x0000000715c00000, 0x0000000715e00000|  0%| F|  |TAMS 0x0000000715c00000, 0x0000000715c00000| Untracked 
| 100|0x0000000715e00000, 0x0000000715e00000, 0x0000000716000000|  0%| F|  |TAMS 0x0000000715e00000, 0x0000000715e00000| Untracked 
| 101|0x0000000716000000, 0x0000000716000000, 0x0000000716200000|  0%| F|  |TAMS 0x0000000716000000, 0x0000000716000000| Untracked 
| 102|0x0000000716200000, 0x0000000716200000, 0x0000000716400000|  0%| F|  |TAMS 0x0000000716200000, 0x0000000716200000| Untracked 
| 103|0x0000000716400000, 0x0000000716400000, 0x0000000716600000|  0%| F|  |TAMS 0x0000000716400000, 0x0000000716400000| Untracked 
| 104|0x0000000716600000, 0x0000000716600000, 0x0000000716800000|  0%| F|  |TAMS 0x0000000716600000, 0x0000000716600000| Untracked 
| 105|0x0000000716800000, 0x0000000716800000, 0x0000000716a00000|  0%| F|  |TAMS 0x0000000716800000, 0x0000000716800000| Untracked 
| 106|0x0000000716a00000, 0x0000000716a00000, 0x0000000716c00000|  0%| F|  |TAMS 0x0000000716a00000, 0x0000000716a00000| Untracked 
| 107|0x0000000716c00000, 0x0000000716c00000, 0x0000000716e00000|  0%| F|  |TAMS 0x0000000716c00000, 0x0000000716c00000| Untracked 
| 108|0x0000000716e00000, 0x0000000716e00000, 0x0000000717000000|  0%| F|  |TAMS 0x0000000716e00000, 0x0000000716e00000| Untracked 
| 109|0x0000000717000000, 0x0000000717000000, 0x0000000717200000|  0%| F|  |TAMS 0x0000000717000000, 0x0000000717000000| Untracked 
| 110|0x0000000717200000, 0x0000000717400000, 0x0000000717400000|100%| S|CS|TAMS 0x0000000717200000, 0x0000000717200000| Complete 
| 111|0x0000000717400000, 0x0000000717600000, 0x0000000717600000|100%| S|CS|TAMS 0x0000000717400000, 0x0000000717400000| Complete 
| 112|0x0000000717600000, 0x0000000717600000, 0x0000000717800000|  0%| F|  |TAMS 0x0000000717600000, 0x0000000717600000| Untracked 
| 113|0x0000000717800000, 0x0000000717800000, 0x0000000717a00000|  0%| F|  |TAMS 0x0000000717800000, 0x0000000717800000| Untracked 
| 114|0x0000000717a00000, 0x0000000717a00000, 0x0000000717c00000|  0%| F|  |TAMS 0x0000000717a00000, 0x0000000717a00000| Untracked 
| 115|0x0000000717c00000, 0x0000000717c00000, 0x0000000717e00000|  0%| F|  |TAMS 0x0000000717c00000, 0x0000000717c00000| Untracked 
| 116|0x0000000717e00000, 0x0000000717e00000, 0x0000000718000000|  0%| F|  |TAMS 0x0000000717e00000, 0x0000000717e00000| Untracked 
| 117|0x0000000718000000, 0x0000000718000000, 0x0000000718200000|  0%| F|  |TAMS 0x0000000718000000, 0x0000000718000000| Untracked 
| 118|0x0000000718200000, 0x000000071827df10, 0x0000000718400000| 24%| E|  |TAMS 0x0000000718200000, 0x0000000718200000| Complete 
| 119|0x0000000718400000, 0x0000000718600000, 0x0000000718600000|100%| E|CS|TAMS 0x0000000718400000, 0x0000000718400000| Complete 
| 120|0x0000000718600000, 0x0000000718800000, 0x0000000718800000|100%| E|CS|TAMS 0x0000000718600000, 0x0000000718600000| Complete 
| 121|0x0000000718800000, 0x0000000718a00000, 0x0000000718a00000|100%| E|CS|TAMS 0x0000000718800000, 0x0000000718800000| Complete 
| 122|0x0000000718a00000, 0x0000000718c00000, 0x0000000718c00000|100%| E|CS|TAMS 0x0000000718a00000, 0x0000000718a00000| Complete 
| 123|0x0000000718c00000, 0x0000000718e00000, 0x0000000718e00000|100%| E|CS|TAMS 0x0000000718c00000, 0x0000000718c00000| Complete 

Card table byte_map: [0x0000025dfdd50000,0x0000025dfe510000] _byte_map_base: 0x0000025dfa505000

Marking Bits (Prev, Next): (CMBitMap*) 0x0000025dfcc99380, (CMBitMap*) 0x0000025dfcc993c0
 Prev Bits: [0x0000025d96a10000, 0x0000025d9a7b8000)
 Next Bits: [0x0000025d9a7c0000, 0x0000025d9e568000)

Polling page: 0x0000025dfac30000

Metaspace:

Usage:
  Non-class:      6.29 MB used.
      Class:    772.71 KB used.
       Both:      7.05 MB used.

Virtual space:
  Non-class space:        8.00 MB reserved,       6.44 MB ( 80%) committed,  1 nodes.
      Class space:        1.00 GB reserved,     896.00 KB ( <1%) committed,  1 nodes.
             Both:        1.01 GB reserved,       7.31 MB ( <1%) committed. 

Chunk freelists:
   Non-Class:  880.00 KB
       Class:  3.10 MB
        Both:  3.96 MB

MaxMetaspaceSize: unlimited
CompressedClassSpaceSize: 1.00 GB
Initial GC threshold: 21.00 MB
Current GC threshold: 21.00 MB
CDS: on
MetaspaceReclaimPolicy: balanced
 - commit_granule_bytes: 65536.
 - commit_granule_words: 8192.
 - virtual_space_node_default_size: 1048576.
 - enlarge_chunks_in_place: 1.
 - new_chunks_are_fully_committed: 0.
 - uncommit_free_chunks: 1.
 - use_allocation_guard: 0.
 - handle_deallocations: 1.


Internal statistics:

num_allocs_failed_limit: 0.
num_arena_births: 128.
num_arena_deaths: 0.
num_vsnodes_births: 2.
num_vsnodes_deaths: 0.
num_space_committed: 117.
num_space_uncommitted: 0.
num_chunks_returned_to_freelist: 0.
num_chunks_taken_from_freelist: 180.
num_chunk_merges: 0.
num_chunk_splits: 107.
num_chunks_enlarged: 52.
num_purges: 0.
num_inconsistent_stats: 0.

CodeHeap 'non-profiled nmethods': size=119168Kb used=445Kb max_used=445Kb free=118722Kb
 bounds [0x0000025d8f5b0000, 0x0000025d8f820000, 0x0000025d96a10000]
CodeHeap 'profiled nmethods': size=119104Kb used=1963Kb max_used=1963Kb free=117140Kb
 bounds [0x0000025d88160000, 0x0000025d883d0000, 0x0000025d8f5b0000]
CodeHeap 'non-nmethods': size=7488Kb used=2383Kb max_used=2413Kb free=5104Kb
 bounds [0x0000025d87a10000, 0x0000025d87c80000, 0x0000025d88160000]
 total_blobs=1862 nmethods=1282 adapters=491
 compilation: enabled
              stopped_count=0, restarted_count=0
 full_count=0

Compilation events (20 events):
Event: 1.801 Thread 0x0000025dffc9e5c0 1273       1       summit.game.tile.Tile::getLight (5 bytes)
Event: 1.801 Thread 0x0000025dffc9e5c0 nmethod 1273 0x0000025d8f61a590 code [0x0000025d8f61a720, 0x0000025d8f61a7f8]
Event: 1.805 Thread 0x0000025da1ab3a50 1274 %     4       summit.gfx.Renderer::rotate @ 21 (62 bytes)
Event: 1.805 Thread 0x0000025da111e660 1275   !   3       sun.awt.AWTAutoShutdown::notifyThreadBusy (88 bytes)
Event: 1.806 Thread 0x0000025da111e660 nmethod 1275 0x0000025d88348190 code [0x0000025d88348380, 0x0000025d88348918]
Event: 1.809 Thread 0x0000025da111e660 1276 %     3       summit.gfx.Renderer::filterFrame @ 10 (57 bytes)
Event: 1.809 Thread 0x0000025da111e660 nmethod 1276% 0x0000025d88348c10 code [0x0000025d88348de0, 0x0000025d88349228]
Event: 1.809 Thread 0x0000025da1122f90 1277       3       summit.gfx.Renderer::filterFrame (57 bytes)
Event: 1.809 Thread 0x0000025dffc96660 1278       4       summit.gfx.Renderer::renderLight (229 bytes)
Event: 1.809 Thread 0x0000025da1122f90 nmethod 1277 0x0000025d88349510 code [0x0000025d883496e0, 0x0000025d88349aa8]
Event: 1.810 Thread 0x0000025da1122f90 1279       3       summit.gfx.Light::paint (21 bytes)
Event: 1.810 Thread 0x0000025da1122f90 nmethod 1279 0x0000025d88349d10 code [0x0000025d88349ec0, 0x0000025d8834a088]
Event: 1.811 Thread 0x0000025da1ab3a50 nmethod 1274% 0x0000025d8f61a890 code [0x0000025d8f61aa20, 0x0000025d8f61ae58]
Event: 1.814 Thread 0x0000025dffc96660 nmethod 1278 0x0000025d8f61b090 code [0x0000025d8f61b260, 0x0000025d8f61b6d8]
Event: 1.818 Thread 0x0000025da111e660 1280       3       java.awt.geom.AffineTransform::updateState (230 bytes)
Event: 1.818 Thread 0x0000025da111e660 nmethod 1280 0x0000025d8834a190 code [0x0000025d8834a3a0, 0x0000025d8834ac58]
Event: 1.819 Thread 0x0000025da1ab2b20 1281       4       summit.gfx.Renderer::rotate (62 bytes)
Event: 1.829 Thread 0x0000025da1ab2b20 nmethod 1281 0x0000025d8f61ba10 code [0x0000025d8f61bba0, 0x0000025d8f61c118]
Event: 1.830 Thread 0x0000025dffc96660 1282 %     4       summit.gfx.Renderer::filterFrame @ 10 (57 bytes)
Event: 1.831 Thread 0x0000025da1ab3540 nmethod 1267 0x0000025d8f61c410 code [0x0000025d8f61c620, 0x0000025d8f61df08]

GC Heap History (2 events):
Event: 1.746 GC heap before
{Heap before GC invocations=0 (full 0):
 garbage-first heap   total 253952K, used 26624K [0x0000000709600000, 0x0000000800000000)
  region size 2048K, 12 young (24576K), 0 survivors (0K)
 Metaspace       used 7159K, committed 7424K, reserved 1056768K
  class space    used 764K, committed 896K, reserved 1048576K
}
Event: 1.749 GC heap after
{Heap after GC invocations=1 (full 0):
 garbage-first heap   total 253952K, used 8626K [0x0000000709600000, 0x0000000800000000)
  region size 2048K, 2 young (4096K), 2 survivors (4096K)
 Metaspace       used 7159K, committed 7424K, reserved 1056768K
  class space    used 764K, committed 896K, reserved 1048576K
}

Deoptimization events (20 events):
Event: 1.812 Thread 0x0000025da1a42e40 DEOPT PACKING pc=0x0000025d883450a2 sp=0x000000a9a8ffeeb0
Event: 1.812 Thread 0x0000025da1a42e40 DEOPT UNPACKING pc=0x0000025d87a62b43 sp=0x000000a9a8ffe358 mode 0
Event: 1.812 Thread 0x0000025da1a42e40 DEOPT PACKING pc=0x0000025d883450a2 sp=0x000000a9a8ffeeb0
Event: 1.812 Thread 0x0000025da1a42e40 DEOPT UNPACKING pc=0x0000025d87a62b43 sp=0x000000a9a8ffe358 mode 0
Event: 1.813 Thread 0x0000025da1a42e40 DEOPT PACKING pc=0x0000025d883450a2 sp=0x000000a9a8ffeeb0
Event: 1.813 Thread 0x0000025da1a42e40 DEOPT UNPACKING pc=0x0000025d87a62b43 sp=0x000000a9a8ffe358 mode 0
Event: 1.813 Thread 0x0000025da1a42e40 DEOPT PACKING pc=0x0000025d883450a2 sp=0x000000a9a8ffeeb0
Event: 1.813 Thread 0x0000025da1a42e40 DEOPT UNPACKING pc=0x0000025d87a62b43 sp=0x000000a9a8ffe358 mode 0
Event: 1.813 Thread 0x0000025da1a42e40 DEOPT PACKING pc=0x0000025d883450a2 sp=0x000000a9a8ffeeb0
Event: 1.813 Thread 0x0000025da1a42e40 DEOPT UNPACKING pc=0x0000025d87a62b43 sp=0x000000a9a8ffe358 mode 0
Event: 1.813 Thread 0x0000025da1a42e40 DEOPT PACKING pc=0x0000025d883450a2 sp=0x000000a9a8ffeeb0
Event: 1.813 Thread 0x0000025da1a42e40 DEOPT UNPACKING pc=0x0000025d87a62b43 sp=0x000000a9a8ffe358 mode 0
Event: 1.819 Thread 0x0000025da1a42e40 DEOPT PACKING pc=0x0000025d8834661d sp=0x000000a9a8ffebe0
Event: 1.819 Thread 0x0000025da1a42e40 DEOPT UNPACKING pc=0x0000025d87a62b43 sp=0x000000a9a8ffe070 mode 0
Event: 1.823 Thread 0x0000025da1a42e40 DEOPT PACKING pc=0x0000025d8834661d sp=0x000000a9a8ffeb50
Event: 1.823 Thread 0x0000025da1a42e40 DEOPT UNPACKING pc=0x0000025d87a62b43 sp=0x000000a9a8ffdfe0 mode 0
Event: 1.824 Thread 0x0000025da19f2500 Uncommon trap: trap_request=0xffffffde fr.pc=0x0000025d8f605ac0 relative=0x0000000000000500
Event: 1.824 Thread 0x0000025da19f2500 Uncommon trap: reason=class_check action=maybe_recompile pc=0x0000025d8f605ac0 method=java.util.HashMap.getNode(Ljava/lang/Object;)Ljava/util/HashMap$Node; @ 63 c2
Event: 1.824 Thread 0x0000025da19f2500 DEOPT PACKING pc=0x0000025d8f605ac0 sp=0x000000a9a8efe9d0
Event: 1.824 Thread 0x0000025da19f2500 DEOPT UNPACKING pc=0x0000025d87a623a3 sp=0x000000a9a8efe8e8 mode 2

Classes unloaded (0 events):
No events

Classes redefined (0 events):
No events

Internal exceptions (12 events):
Event: 0.061 Thread 0x0000025da1142920 Exception <a 'java/lang/ClassNotFoundException'{0x0000000718a2b390}: sun/awt/resources/spi/awtProvider> (0x0000000718a2b390) 
thrown [s\src\hotspot\share\classfile\systemDictionary.cpp, line 256]
Event: 0.080 Thread 0x0000025da1142920 Exception <a 'java/io/FileNotFoundException'{0x0000000718b65908}> (0x0000000718b65908) 
thrown [s\src\hotspot\share\prims\jni.cpp, line 516]
Event: 0.086 Thread 0x0000025da1142920 Exception <a 'java/io/FileNotFoundException'{0x0000000718b92860}> (0x0000000718b92860) 
thrown [s\src\hotspot\share\prims\jni.cpp, line 516]
Event: 0.099 Thread 0x0000025da1142920 Exception <a 'java/lang/NoSuchMethodError'{0x0000000718bc8238}: 'java.lang.Object java.lang.invoke.DirectMethodHandle$Holder.invokeStaticInit(java.lang.Object)'> (0x0000000718bc8238) 
thrown [s\src\hotspot\share\interpreter\linkResolver.cpp, line 759]
Event: 0.241 Thread 0x0000025da1142920 Exception <a 'java/lang/NoSuchMethodError'{0x0000000718766b80}: 'void java.lang.invoke.DirectMethodHandle$Holder.invokeSpecial(java.lang.Object, java.lang.Object, java.lang.Object)'> (0x0000000718766b80) 
thrown [s\src\hotspot\share\interpreter\linkResolver.cpp, line 759]
Event: 0.247 Thread 0x0000025da1142920 Exception <a 'java/lang/NoSuchMethodError'{0x0000000718790e18}: 'java.lang.Object java.lang.invoke.DirectMethodHandle$Holder.newInvokeSpecial(java.lang.Object, java.lang.Object, java.lang.Object, java.lang.Object, java.lang.Object)'> (0x0000000718790e18) 
thrown [s\src\hotspot\share\interpreter\linkResolver.cpp, line 759]
Event: 0.248 Thread 0x0000025da1142920 Exception <a 'java/lang/NoSuchMethodError'{0x000000071879c7e0}: 'java.lang.Object java.lang.invoke.DirectMethodHandle$Holder.invokeStatic(java.lang.Object, int, java.lang.Object, java.lang.Object, java.lang.Object, java.lang.Object)'> (0x000000071879c7e0) 
thrown [s\src\hotspot\share\interpreter\linkResolver.cpp, line 759]
Event: 0.251 Thread 0x0000025da1142920 Exception <a 'java/lang/NoSuchMethodError'{0x00000007187c1f00}: 'java.lang.Object java.lang.invoke.DirectMethodHandle$Holder.invokeStatic(java.lang.Object, int, java.lang.Object)'> (0x00000007187c1f00) 
thrown [s\src\hotspot\share\interpreter\linkResolver.cpp, line 759]
Event: 0.270 Thread 0x0000025da1142920 Exception <a 'java/lang/ClassNotFoundException'{0x000000071847a288}: com/sun/swing/internal/plaf/metal/resources/spi/metalProvider> (0x000000071847a288) 
thrown [s\src\hotspot\share\classfile\systemDictionary.cpp, line 256]
Event: 0.270 Thread 0x0000025da1142920 Exception <a 'java/lang/ClassNotFoundException'{0x000000071847e110}: com/sun/swing/internal/plaf/basic/resources/spi/basicProvider> (0x000000071847e110) 
thrown [s\src\hotspot\share\classfile\systemDictionary.cpp, line 256]
Event: 0.282 Thread 0x0000025da137fd20 Exception <a 'java/lang/NoSuchMethodError'{0x0000000718680998}: 'void java.lang.invoke.DirectMethodHandle$Holder.invokeVirtual(java.lang.Object, java.lang.Object)'> (0x0000000718680998) 
thrown [s\src\hotspot\share\interpreter\linkResolver.cpp, line 759]
Event: 0.292 Thread 0x0000025da1142920 Exception <a 'java/lang/NoSuchMethodError'{0x00000007184bc138}: 'void java.lang.invoke.DirectMethodHandle$Holder.invokeStaticInit(java.lang.Object)'> (0x00000007184bc138) 
thrown [s\src\hotspot\share\interpreter\linkResolver.cpp, line 759]

VM Operations (16 events):
Event: 0.047 Executing VM operation: HandshakeAllThreads
Event: 0.047 Executing VM operation: HandshakeAllThreads done
Event: 0.269 Executing VM operation: HandshakeAllThreads
Event: 0.269 Executing VM operation: HandshakeAllThreads done
Event: 0.309 Executing VM operation: HandshakeAllThreads
Event: 0.309 Executing VM operation: HandshakeAllThreads done
Event: 0.334 Executing VM operation: HandshakeAllThreads
Event: 0.334 Executing VM operation: HandshakeAllThreads done
Event: 1.346 Executing VM operation: Cleanup
Event: 1.346 Executing VM operation: Cleanup done
Event: 1.733 Executing VM operation: HandshakeAllThreads
Event: 1.733 Executing VM operation: HandshakeAllThreads done
Event: 1.746 Executing VM operation: G1CollectForAllocation
Event: 1.746 Executing VM operation: G1CollectForAllocation done
Event: 1.746 Executing VM operation: G1CollectForAllocation
Event: 1.749 Executing VM operation: G1CollectForAllocation done

Events (20 events):
Event: 1.286 loading class javax/swing/JComponent$IntVector done
Event: 1.286 loading class java/applet/Applet
Event: 1.286 loading class java/awt/Panel
Event: 1.286 loading class java/awt/Panel done
Event: 1.286 loading class java/applet/Applet done
Event: 1.287 loading class javax/swing/JInternalFrame
Event: 1.287 loading class javax/swing/JInternalFrame done
Event: 1.287 loading class javax/swing/KeyboardManager
Event: 1.287 loading class javax/swing/KeyboardManager done
Event: 1.287 loading class javax/swing/Popup$HeavyWeightWindow
Event: 1.287 loading class sun/awt/ModalExclude
Event: 1.287 loading class sun/awt/ModalExclude done
Event: 1.287 loading class javax/swing/JWindow
Event: 1.287 loading class javax/swing/JWindow done
Event: 1.287 loading class javax/swing/Popup$HeavyWeightWindow done
Event: 1.740 loading class java/lang/Math$RandomNumberGeneratorHolder
Event: 1.740 loading class java/lang/Math$RandomNumberGeneratorHolder done
Event: 1.745 Thread 0x0000025da1ab3540 Thread added: 0x0000025da1ab3540
Event: 1.745 Thread 0x0000025da1ab3a50 Thread added: 0x0000025da1ab3a50
Event: 1.745 Thread 0x0000025da1ab2b20 Thread added: 0x0000025da1ab2b20


Dynamic libraries:
0x00007ff796dc0000 - 0x00007ff796dce000 	C:\Users\aadiu\AppData\Local\Programs\Eclipse Adoptium\jdk-17.0.4.101-hotspot\bin\java.exe
0x00007ffb36970000 - 0x00007ffb36b68000 	C:\Windows\SYSTEM32\ntdll.dll
0x00007ffb352a0000 - 0x00007ffb3535f000 	C:\Windows\System32\KERNEL32.DLL
0x00007ffb34310000 - 0x00007ffb345e2000 	C:\Windows\System32\KERNELBASE.dll
0x00007ffb34110000 - 0x00007ffb34210000 	C:\Windows\System32\ucrtbase.dll
0x00007ffb1b800000 - 0x00007ffb1b818000 	C:\Users\aadiu\AppData\Local\Programs\Eclipse Adoptium\jdk-17.0.4.101-hotspot\bin\jli.dll
0x00007ffb1cbe0000 - 0x00007ffb1cbf9000 	C:\Users\aadiu\AppData\Local\Programs\Eclipse Adoptium\jdk-17.0.4.101-hotspot\bin\VCRUNTIME140.dll
0x00007ffb35530000 - 0x00007ffb356cd000 	C:\Windows\System32\USER32.dll
0x00007ffb34720000 - 0x00007ffb34742000 	C:\Windows\System32\win32u.dll
0x00007ffb20b10000 - 0x00007ffb20daa000 	C:\Windows\WinSxS\amd64_microsoft.windows.common-controls_6595b64144ccf1df_6.0.19041.1110_none_60b5254171f9507e\COMCTL32.dll
0x00007ffb35fa0000 - 0x00007ffb35fcb000 	C:\Windows\System32\GDI32.dll
0x00007ffb35f00000 - 0x00007ffb35f9e000 	C:\Windows\System32\msvcrt.dll
0x00007ffb34750000 - 0x00007ffb3485f000 	C:\Windows\System32\gdi32full.dll
0x00007ffb345f0000 - 0x00007ffb3468d000 	C:\Windows\System32\msvcp_win.dll
0x00007ffb356f0000 - 0x00007ffb35722000 	C:\Windows\System32\IMM32.DLL
0x00007ffb25ee0000 - 0x00007ffb25eec000 	C:\Users\aadiu\AppData\Local\Programs\Eclipse Adoptium\jdk-17.0.4.101-hotspot\bin\vcruntime140_1.dll
0x00007ffb0acc0000 - 0x00007ffb0ad51000 	C:\Users\aadiu\AppData\Local\Programs\Eclipse Adoptium\jdk-17.0.4.101-hotspot\bin\msvcp140.dll
0x00007ffab94f0000 - 0x00007ffaba136000 	C:\Users\aadiu\AppData\Local\Programs\Eclipse Adoptium\jdk-17.0.4.101-hotspot\bin\server\jvm.dll
0x00007ffb34ec0000 - 0x00007ffb34f6e000 	C:\Windows\System32\ADVAPI32.dll
0x00007ffb35e60000 - 0x00007ffb35efc000 	C:\Windows\System32\sechost.dll
0x00007ffb35ba0000 - 0x00007ffb35cc5000 	C:\Windows\System32\RPCRT4.dll
0x00007ffb34eb0000 - 0x00007ffb34eb8000 	C:\Windows\System32\PSAPI.DLL
0x00007ffb1d990000 - 0x00007ffb1d999000 	C:\Windows\SYSTEM32\WSOCK32.dll
0x00007ffb2d720000 - 0x00007ffb2d72a000 	C:\Windows\SYSTEM32\VERSION.dll
0x00007ffb31d40000 - 0x00007ffb31d67000 	C:\Windows\SYSTEM32\WINMM.dll
0x00007ffb35160000 - 0x00007ffb351cb000 	C:\Windows\System32\WS2_32.dll
0x00007ffb31fa0000 - 0x00007ffb31fb2000 	C:\Windows\SYSTEM32\kernel.appcore.dll
0x00007ffb25e20000 - 0x00007ffb25e2a000 	C:\Users\aadiu\AppData\Local\Programs\Eclipse Adoptium\jdk-17.0.4.101-hotspot\bin\jimage.dll
0x00007ffb31b50000 - 0x00007ffb31d34000 	C:\Windows\SYSTEM32\DBGHELP.DLL
0x00007ffb31b20000 - 0x00007ffb31b4c000 	C:\Windows\SYSTEM32\dbgcore.DLL
0x00007ffb34690000 - 0x00007ffb34712000 	C:\Windows\System32\bcryptPrimitives.dll
0x00007ffb182c0000 - 0x00007ffb182e5000 	C:\Users\aadiu\AppData\Local\Programs\Eclipse Adoptium\jdk-17.0.4.101-hotspot\bin\java.dll
0x00007ffafa4c0000 - 0x00007ffafa596000 	C:\Users\aadiu\AppData\Local\Programs\Eclipse Adoptium\jdk-17.0.4.101-hotspot\bin\jsvml.dll
0x00007ffb35fd0000 - 0x00007ffb36713000 	C:\Windows\System32\SHELL32.dll
0x00007ffb32130000 - 0x00007ffb328c2000 	C:\Windows\SYSTEM32\windows.storage.dll
0x00007ffb34ad0000 - 0x00007ffb34e24000 	C:\Windows\System32\combase.dll
0x00007ffb33a60000 - 0x00007ffb33a90000 	C:\Windows\SYSTEM32\Wldp.dll
0x00007ffb349c0000 - 0x00007ffb34a6d000 	C:\Windows\System32\SHCORE.dll
0x00007ffb35020000 - 0x00007ffb35075000 	C:\Windows\System32\shlwapi.dll
0x00007ffb33fb0000 - 0x00007ffb33fcf000 	C:\Windows\SYSTEM32\profapi.dll
0x00007ffaf7000000 - 0x00007ffaf718e000 	C:\Users\aadiu\AppData\Local\Programs\Eclipse Adoptium\jdk-17.0.4.101-hotspot\bin\awt.dll
0x00007ffb351d0000 - 0x00007ffb3529d000 	C:\Windows\System32\OLEAUT32.dll
0x00007ffb31300000 - 0x00007ffb31391000 	C:\Windows\SYSTEM32\apphelp.dll
0x00007ffb17aa0000 - 0x00007ffb17ab8000 	C:\Users\aadiu\AppData\Local\Programs\Eclipse Adoptium\jdk-17.0.4.101-hotspot\bin\zip.dll
0x00007ffb31410000 - 0x00007ffb314ae000 	C:\Windows\system32\uxtheme.dll
0x00007ffb353f0000 - 0x00007ffb35505000 	C:\Windows\System32\MSCTF.dll
0x00007ffb35cd0000 - 0x00007ffb35dfa000 	C:\Windows\System32\ole32.dll
0x00007ffb31590000 - 0x00007ffb315bf000 	C:\Windows\system32\DWMAPI.DLL
0x00007ffadadb0000 - 0x00007ffadaed5000 	C:\Windows\system32\opengl32.dll
0x00007ffada100000 - 0x00007ffada12c000 	C:\Windows\SYSTEM32\GLU32.dll
0x00007ffb269b0000 - 0x00007ffb26b7f000 	C:\Windows\system32\d3d9.dll
0x00007ffb28d70000 - 0x00007ffb28f28000 	C:\Windows\System32\DriverStore\FileRepository\u0370468.inf_amd64_5e4260b11257b6e9\B370372\aticfx64.dll
0x00007ffb13650000 - 0x00007ffb13684000 	C:\Windows\System32\DriverStore\FileRepository\u0370468.inf_amd64_5e4260b11257b6e9\B370372\atiu9p64.dll
0x00007ffab8790000 - 0x00007ffab94e4000 	C:\Windows\System32\DriverStore\FileRepository\u0370468.inf_amd64_5e4260b11257b6e9\B370372\atiumd64.dll
0x000000006c4b0000 - 0x000000006d324000 	C:\Windows\System32\DriverStore\FileRepository\u0370468.inf_amd64_5e4260b11257b6e9\B370372\atiumd6a.dll
0x00007ffb35730000 - 0x00007ffb35b98000 	C:\Windows\System32\SETUPAPI.dll
0x00007ffb34210000 - 0x00007ffb3425e000 	C:\Windows\System32\cfgmgr32.dll
0x00007ffb33e30000 - 0x00007ffb33e7b000 	C:\Windows\SYSTEM32\POWRPROF.dll
0x00007ffb34070000 - 0x00007ffb34097000 	C:\Windows\System32\bcrypt.dll
0x00007ffb33e10000 - 0x00007ffb33e22000 	C:\Windows\SYSTEM32\UMPDC.dll
0x00007ffb29180000 - 0x00007ffb291b0000 	C:\Windows\SYSTEM32\amdihk64.dll
0x00007ffb29960000 - 0x00007ffb2999b000 	C:\Windows\SYSTEM32\dxcore.dll
0x00007ffaf9990000 - 0x00007ffaf9a16000 	C:\Users\aadiu\AppData\Local\Programs\Eclipse Adoptium\jdk-17.0.4.101-hotspot\bin\freetype.dll
0x00007ffaf93d0000 - 0x00007ffaf9478000 	C:\Users\aadiu\AppData\Local\Programs\Eclipse Adoptium\jdk-17.0.4.101-hotspot\bin\fontmanager.dll
0x00007ffb28f30000 - 0x00007ffb29029000 	C:\Windows\SYSTEM32\textinputframework.dll
0x00007ffb30e70000 - 0x00007ffb311ce000 	C:\Windows\System32\CoreUIComponents.dll
0x00007ffb309d0000 - 0x00007ffb30ac2000 	C:\Windows\System32\CoreMessaging.dll
0x00007ffb33190000 - 0x00007ffb331c3000 	C:\Windows\SYSTEM32\ntmarta.dll
0x00007ffb30200000 - 0x00007ffb30354000 	C:\Windows\SYSTEM32\wintypes.dll

dbghelp: loaded successfully - version: 4.0.5 - missing functions: none
symbol engine: initialized successfully - sym options: 0x614 - pdb path: .;C:\Users\aadiu\AppData\Local\Programs\Eclipse Adoptium\jdk-17.0.4.101-hotspot\bin;C:\Windows\SYSTEM32;C:\Windows\WinSxS\amd64_microsoft.windows.common-controls_6595b64144ccf1df_6.0.19041.1110_none_60b5254171f9507e;C:\Users\aadiu\AppData\Local\Programs\Eclipse Adoptium\jdk-17.0.4.101-hotspot\bin\server;C:\Windows\System32\DriverStore\FileRepository\u0370468.inf_amd64_5e4260b11257b6e9\B370372

VM Arguments:
jvm_args: -XX:+ShowCodeDetailsInExceptionMessages 
java_command: summit.Main
java_class_path (initial): C:\Users\aadiu\AppData\Roaming\Code\User\workspaceStorage\929b6f7fce9865a60d0bbe8b6a275a21\redhat.java\jdt_ws\Summit Game_948de7c9\bin
Launcher Type: SUN_STANDARD

[Global flags]
     intx CICompilerCount                          = 12                                        {product} {ergonomic}
     uint ConcGCThreads                            = 3                                         {product} {ergonomic}
     uint G1ConcRefinementThreads                  = 13                                        {product} {ergonomic}
   size_t G1HeapRegionSize                         = 2097152                                   {product} {ergonomic}
    uintx GCDrainStackTargetSize                   = 64                                        {product} {ergonomic}
   size_t InitialHeapSize                          = 260046848                                 {product} {ergonomic}
   size_t MarkStackSize                            = 4194304                                   {product} {ergonomic}
   size_t MaxHeapSize                              = 4137680896                                {product} {ergonomic}
   size_t MaxNewSize                               = 2480930816                                {product} {ergonomic}
   size_t MinHeapDeltaBytes                        = 2097152                                   {product} {ergonomic}
   size_t MinHeapSize                              = 8388608                                   {product} {ergonomic}
    uintx NonNMethodCodeHeapSize                   = 7602480                                {pd product} {ergonomic}
    uintx NonProfiledCodeHeapSize                  = 122027880                              {pd product} {ergonomic}
    uintx ProfiledCodeHeapSize                     = 122027880                              {pd product} {ergonomic}
    uintx ReservedCodeCacheSize                    = 251658240                              {pd product} {ergonomic}
     bool SegmentedCodeCache                       = true                                      {product} {ergonomic}
     bool ShowCodeDetailsInExceptionMessages       = true                                   {manageable} {command line}
   size_t SoftMaxHeapSize                          = 4137680896                             {manageable} {ergonomic}
     bool UseCompressedClassPointers               = true                           {product lp64_product} {ergonomic}
     bool UseCompressedOops                        = true                           {product lp64_product} {ergonomic}
     bool UseG1GC                                  = true                                      {product} {ergonomic}
     bool UseLargePagesIndividualAllocation        = false                                  {pd product} {ergonomic}

Logging:
Log output configuration:
 #0: stdout all=warning uptime,level,tags
 #1: stderr all=off uptime,level,tags

Environment Variables:
JAVA_HOME=C:\Users\aadiu\AppData\Local\Programs\Eclipse Adoptium\jdk-17.0.4.101-hotspot\
PATH=C:\Program Files (x86)\Razer Chroma SDK\bin;C:\Program Files\Razer Chroma SDK\bin;C:\Program Files (x86)\Razer\ChromaBroadcast\bin;C:\Program Files\Razer\ChromaBroadcast\bin;C:\Program Files (x86)\Common Files\Oracle\Java\javapath;C:\Program Files\Python38\Scripts\;C:\Program Files\Python38\;C:\Windows\system32;C:\Windows;C:\Windows\System32\Wbem;C:\Windows\System32\WindowsPowerShell\v1.0\;C:\Windows\System32\OpenSSH\;C:\Program Files (x86)\NVIDIA Corporation\PhysX\Common;C:\Program Files\NVIDIA Corporation\NVIDIA NvDLISR;C:\Users\aadiu\AppData\Local\Microsoft\WindowsApps;C:\Users\aadiu\AppData\Local\Programs\Microsoft VS Code\bin;C:\Windows\system32\config\systemprofile\AppData\Local\Microsoft\WindowsApps;C:\Program Files\dotnet\;C:\Program Files\Git\cmd;C:\MinGW\bin\;C:\Program Files (x86)\Windows Kits\10\Windows Performance Toolkit\;C:\Users\aadiu\AppData\Local\Programs\Eclipse Adoptium\jdk-17.0.4.101-hotspot\bin;C:\Users\aadiu\AppData\Local\Microsoft\WindowsApps;C:\Users\aadiu\AppData\Local\Programs\Microsoft VS Code\bin;C:\Users\aadiu\AppData\Local\GitHubDesktop\bin
USERNAME=aadiu
LANG=en_US.UTF-8
OS=Windows_NT
PROCESSOR_IDENTIFIER=AMD64 Family 25 Model 80 Stepping 0, AuthenticAMD
TMP=C:\Users\aadiu\AppData\Local\Temp
TEMP=C:\Users\aadiu\AppData\Local\Temp



---------------  S Y S T E M  ---------------

OS:
 Windows 10 , 64 bit Build 19041 (10.0.19041.2251)
OS uptime: 2 days 8:09 hours

CPU: total 16 (initial active 16) (16 cores per cpu, 2 threads per core) family 25 model 80 stepping 0 microcode 0x0, cx8, cmov, fxsr, ht, mmx, 3dnowpref, sse, sse2, sse3, ssse3, sse4a, sse4.1, sse4.2, popcnt, lzcnt, tsc, tscinvbit, avx, avx2, aes, erms, clmul, bmi1, bmi2, adx, sha, fma, vzeroupper, clflush, clflushopt

Memory: 4k page, system-wide physical 15776M (8113M free)
TotalPageFile size 20128M (AvailPageFile size 9134M)
current process WorkingSet (physical memory assigned to process): 121M, peak: 122M
current process commit charge ("private bytes"): 429M, peak: 429M

vm_info: OpenJDK 64-Bit Server VM (17.0.4.1+1) for windows-amd64 JRE (17.0.4.1+1), built on Aug 17 2022 07:42:43 by "temurin" with MS VC++ 16.7 (VS2019)

END.
