#
# A fatal error has been detected by the Java Runtime Environment:
#
#  EXCEPTION_ACCESS_VIOLATION (0xc0000005) at pc=0x000002089f58a78a, pid=12364, tid=16860
#
# JRE version: OpenJDK Runtime Environment Temurin-17.0.2+8 (17.0.2+8) (build 17.0.2+8)
# Java VM: OpenJDK 64-Bit Server VM Temurin-17.0.2+8 (17.0.2+8, mixed mode, sharing, tiered, compressed oops, compressed class ptrs, g1 gc, windows-amd64)
# Problematic frame:
# J 1113 c2 summit.gfx.Renderer.render(Ljava/lang/String;FFILsummit/gfx/ColorFilter;)V (287 bytes) @ 0x000002089f58a78a [0x000002089f589ca0+0x0000000000000aea]
#
# No core dump will be written. Minidumps are not enabled by default on client versions of Windows
#
# If you would like to submit a bug report, please visit:
#   https://github.com/adoptium/adoptium-support/issues
#

---------------  S U M M A R Y ------------

Command Line: -XX:+ShowCodeDetailsInExceptionMessages summit.Main

Host: AMD Ryzen 9 5900HS with Radeon Graphics        , 16 cores, 15G,  Windows 10 , 64 bit Build 19041 (10.0.19041.2251)
Time: Mon Nov 14 22:01:57 2022 Central Standard Time elapsed time: 1.154514 seconds (0d 0h 0m 1s)

---------------  T H R E A D  ---------------

Current thread (0x00000208b48abc10):  JavaThread "graphicsthread" [_thread_in_Java, id=16860, stack(0x000000dc42c00000,0x000000dc42d00000)]

Stack: [0x000000dc42c00000,0x000000dc42d00000],  sp=0x000000dc42cfee20,  free space=1019k
Native frames: (J=compiled Java code, j=interpreted, Vv=VM code, C=native code)
C  0x000002089f58a78a


siginfo: EXCEPTION_ACCESS_VIOLATION (0xc0000005), reading address 0x0000000b186e44b8


Register to memory mapping:

RIP=0x000002089f58a78a is at entry_point+2794 in (nmethod*)0x000002089f589a90
RAX=0x00000007179e2980 is an oop: [[I 
{0x00000007179e2980} - klass: {type array int}[]
 - length: 16
RBX=3809331357 is a compressed pointer to object: [[I 
{0x00000007186e44e8} - klass: {type array int}[]
 - length: 144
RCX=0x00000000ffffffe9 is an unknown value
RDX=0x0 is NULL
RSP=0x000000dc42cfee20 is pointing into the stack for thread: 0x00000208b48abc10
RBP=0x0000000000000090 is an unknown value
RSI=0x0 is NULL
RDI=0x00000000fffffff0 is an unknown value
R8 =0x00000000fffffff0 is an unknown value
R9 =0x00000007186e44d8 is an oop: summit.gfx.Renderer 
{0x00000007186e44d8} - klass: 'summit/gfx/Renderer'
 - ---- fields (total size 2 words):
 - private 'frame' '[[I' @12  a {type array int}[144] {0x00000007186e44e8} (e30dc89d)
R10=0x0000000000000010 is an unknown value
R11=0x00000007186e44e8 is an oop: [[I 
{0x00000007186e44e8} - klass: {type array int}[]
 - length: 144
R12=0x0 is NULL
R13=0x0000000000000004 is an unknown value
R14=0x0000000000000010 is an unknown value
R15=0x00000208b48abc10 is a thread


Registers:
RAX=0x00000007179e2980, RBX=0x00000000e30dc89d, RCX=0x00000000ffffffe9, RDX=0x0000000000000000
RSP=0x000000dc42cfee20, RBP=0x0000000000000090, RSI=0x0000000000000000, RDI=0x00000000fffffff0
R8 =0x00000000fffffff0, R9 =0x00000007186e44d8, R10=0x0000000000000010, R11=0x00000007186e44e8
R12=0x0000000000000000, R13=0x0000000000000004, R14=0x0000000000000010, R15=0x00000208b48abc10
RIP=0x000002089f58a78a, EFLAGS=0x0000000000010287

Top of Stack: (sp=0x000000dc42cfee20)
0x000000dc42cfee20:   0000010000000000 ffffffe8fffffff8
0x000000dc42cfee30:   fffffff0ffffffe8 0000000000000000
0x000000dc42cfee40:   0000001000000010 0000000900000010
0x000000dc42cfee50:   0000000700000009 0000000000000000
0x000000dc42cfee60:   0000000000000003 0000020842b00000
0x000000dc42cfee70:   00000000c1800000 0000000717dfb608
0x000000dc42cfee80:   000000dc42cff060 0000020898259894
0x000000dc42cfee90:   000000dc42cfef30 000000dc42cfefc8
0x000000dc42cfeea0:   00000208979894fe 0000000000000000
0x000000dc42cfeeb0:   0000000000000000 0000000000000000
0x000000dc42cfeec0:   0000000000000000 00000007186e44d8
0x000000dc42cfeed0:   0000000717f096b8 0000000000000004
0x000000dc42cfeee0:   0000000000000000 0000000000000000
0x000000dc42cfeef0:   000000dc42cff060 0000020898259fec
0x000000dc42cfef00:   409e000000000000 0000000000000000
0x000000dc42cfef10:   0000000000000000 0000000000000000 

Instructions: (pc=0x000002089f58a78a)
0x000002089f58a68a:   f9 6e e1 41 8b cb ff c1 41 8b f8 e9 c8 00 00 00
0x000002089f58a69a:   66 0f 1f 44 00 00 44 2b 5c 24 10 41 8b d3 ff c2
0x000002089f58a6aa:   45 8b d8 41 3b d2 0f 83 22 06 00 00 45 8b 4c dc
0x000002089f58a6ba:   10 47 8b 4c cc 0c 45 3b d9 0f 83 67 01 00 00 c4
0x000002089f58a6ca:   c1 f9 7e d0 45 8b 4c 80 10 47 8b 44 cc 0c 49 c1
0x000002089f58a6da:   e1 03 41 3b d0 0f 83 1b 06 00 00 45 8b 44 91 10
0x000002089f58a6ea:   41 83 f8 ff 0f 84 32 01 00 00 41 8b 54 f4 0c 44
0x000002089f58a6fa:   3b da 0f 83 1a 06 00 00 47 89 44 9d 10 33 d2 c4
0x000002089f58a70a:   c1 f9 7e d0 45 8b 48 10 47 8b 4c cc 0c 44 03 4c
0x000002089f58a71a:   24 10 4d 8b b7 48 03 00 00 45 8b c3 41 ff c0 41
0x000002089f58a72a:   85 06 45 3b c1 0f 8c 6b ff ff ff 4d 8b 9f 48 03
0x000002089f58a73a:   00 00 ff c7 41 85 03 3b 3c 24 0f 8d f0 00 00 00
0x000002089f58a74a:   c4 c1 f9 7e c1 c4 e1 f9 7e ce c5 f9 7e da 44 8b
0x000002089f58a75a:   5c 24 10 44 8b 44 24 14 44 3b 5c 24 08 0f 8d e3
0x000002089f58a76a:   00 00 00 44 89 44 24 14 44 89 5c 24 10 c5 f9 6e
0x000002089f58a77a:   da c4 e1 f9 6e ce c4 c1 f9 6e c1 c4 c1 f9 7e e3
0x000002089f58a78a:   41 8b 74 bb 10 8b c7 41 2b c0 3b fd 0f 83 20 fe
0x000002089f58a79a:   ff ff 44 8b 5c 24 10 44 3b 5c 24 04 0f 83 10 fe
0x000002089f58a7aa:   ff ff c4 c1 f9 7e d3 45 8b 5c 83 10 47 8b 4c dc
0x000002089f58a7ba:   0c 45 85 c9 0f 86 8c 06 00 00 47 8b 44 dc 10 41
0x000002089f58a7ca:   83 f8 ff 0f 84 9d 00 00 00 45 8b 4c f4 0c 44 8b
0x000002089f58a7da:   5c 24 10 45 3b d9 0f 83 3b 05 00 00 4d 8d 0c f4
0x000002089f58a7ea:   47 89 44 99 10 33 d2 c4 c1 f9 7e d3 45 8b 5b 10
0x000002089f58a7fa:   47 8b 44 dc 0c 44 03 44 24 10 41 3b c8 0f 8d 28
0x000002089f58a80a:   ff ff ff 3b fd 0f 83 14 02 00 00 4d 8d 2c f4 44
0x000002089f58a81a:   8b d9 ba 01 00 00 00 e9 87 fe ff ff c4 e1 f9 7e
0x000002089f58a82a:   ca e9 d9 fe ff ff c4 e1 f9 7e ca e9 cf fe ff ff
0x000002089f58a83a:   c5 f8 77 48 83 c4 60 5d 49 3b a7 40 03 00 00 0f
0x000002089f58a84a:   87 61 0c 00 00 c3 44 89 44 24 14 44 89 5c 24 10
0x000002089f58a85a:   c5 f9 6e da c4 e1 f9 6e ce c4 c1 f9 6e c1 48 8b
0x000002089f58a86a:   d6 e9 c5 fe ff ff c4 e1 f9 7e ca e9 77 ff ff ff
0x000002089f58a87a:   66 0f 1f 44 00 00 8b d7 44 8b 54 90 0c 8b 7c 24 


Stack slot to memory mapping:
stack at sp + 0 slots: 0x0000010000000000 is an unknown value
stack at sp + 1 slots: 0xffffffe8fffffff8 is an unknown value
stack at sp + 2 slots: 0xfffffff0ffffffe8 is an unknown value
stack at sp + 3 slots: 0x0 is NULL
stack at sp + 4 slots: 0x0000001000000010 is an unknown value
stack at sp + 5 slots: 0x0000000900000010 is an unknown value
stack at sp + 6 slots: 0x0000000700000009 is an unknown value
stack at sp + 7 slots: 0x0 is NULL

--------------------------------------------------------------------------------
[Constant Pool (empty)]

--------------------------------------------------------------------------------

[MachCode]
  0x000002089f589ca0: 448b 5208 | 49bb 0000 | 0000 0800 | 0000 4d03 | d349 3bc2 | 0f85 c62d | 44f8 6690 | 0f1f 4000 
  0x000002089f589cc0: 8984 2400 | 90ff ff55 | 4883 ec60 | 4889 7c24 | 18c4 c179 | 6ed1 4889 | 1424 49ba | 0830 a018 
  0x000002089f589ce0: 0700 0000 | 418b 6a70 | 458b 5cec | 0841 81fb | e0ad 0b00 | 0f85 e311 | 0000 4d8d | 14ec 458b 
  0x000002089f589d00: 5a24 478b | 4cdc 0c45 | 85c9 0f86 | 6e12 0000 | 4f8d 2cdc | 4d85 c00f | 84ae 0f00 | 0041 8b48 
  0x000002089f589d20: 0c41 ffc9 | 85c9 7571 | 450f b650 | 1145 85d2 | 0f85 660f | 0000 450f | be50 1045 | 85d2 0f85 
  0x000002089f589d40: 7414 0000 | 418b 6814 | 458b 74ec | 0c45 85f6 | 0f86 530f | 0000 418b | deff cb41 | 3bde 0f83 
  0x000002089f589d60: 8813 0000 | 450f b654 | ec10 418b | fe83 c7fd | 3bdf b900 | 0000 800f | 4cf9 418b | cac1 e105 
  0x000002089f589d80: 412b ca4d | 8d1c ec83 | ff01 0f8e | 9013 0000 | bd01 0000 | 0033 d2eb | 3644 8bd1 | 41c1 ea10 
  0x000002089f589da0: 4433 d145 | 23ca 33d2 | e9d0 0000 | 0041 0fb6 | 5c2b 1003 | cbff c541 | 3bee 0f8d | a400 0000 
  0x000002089f589dc0: 8bd9 c1e3 | 052b d98b | cbeb e2c5 | f97e e28b | df2b dd3b | fd0f 4cda | 81fb a00f | 0000 41ba 
  0x000002089f589de0: a00f 0000 | 410f 47da | 03dd c5f9 | 6ee2 6690 | 4863 f545 | 0fb6 5433 | 1041 0fb6 | 4433 1341 
  0x000002089f589e00: 0fb6 5433 | 1141 0fb6 | 7433 1241 | 03ca 448b | d141 c1e2 | 0544 2bd1 | 4403 d241 | 8bca c1e1 
  0x000002089f589e20: 0541 2bca | 03ce 448b | d141 c1e2 | 0544 2bd1 | 4403 d041 | 8bca c1e1 | 0541 2bca | 83c5 043b 
  0x000002089f589e40: eb7c ad49 | 8b9f 4803 | 0000 8503 | 3bef 0f8c | 77ff ffff | c5f9 7ee2 | 413b ee0f | 8c4c ffff 
  0x000002089f589e60: ff41 8bca | 85c9 0f84 | 3f0e 0000 | 4189 480c | 448b d141 | c1ea 1044 | 33d1 4523 | ca47 8b5c 
  0x000002089f589e80: 8d10 438b | 4cdc 0c41 | 3bca 0f85 | 030c 0000 | 478b 4cdc | 1049 8bc9 | 48c1 e103 | 493b c80f 
  0x000002089f589ea0: 845b 0100 | 0041 0fbe | 5810 4c3b | c10f 844d | 0100 0043 | 8b4c cc08 | 81f9 70e9 | 0000 0f85 
  0x000002089f589ec0: 8813 0000 | 49c1 e103 | 410f be69 | 103b dd0f | 85ab 1200 | 0045 8b49 | 1441 8b68 | 1443 8b7c 
  0x000002089f589ee0: cc0c 418b | 4cec 0c3b | cf0f 85d4 | 0000 004b | 8d1c cc4b | 8d74 cc10 | 4d8d 0cec | 498d 7cec 
  0x000002089f589f00: 1085 c90f | 84a5 0000 | 008b c183 | e01f 83e1 | e00f 844b | 0000 0048 | 8d3c 0f48 | 8d34 0e48 
  0x000002089f589f20: f7d9 c5fe | 6f24 0fc5 | fe6f 1c0e | c5dd efe3 | c4e2 7d17 | e40f 857a | 0000 0048 | 83c1 2075 
  0x000002089f589f40: e185 c00f | 8465 0000 | 00c5 fe6f | 6407 e0c5 | fe6f 5c06 | e0c5 ddef | e3c4 e27d | 17e4 7555 
  0x000002089f589f60: eb4c 8bc8 | 83e1 fc74 | 1948 8d3c | 0f48 8d34 | 0e48 f7d9 | 8b1c 0f3b | 1c0e 7539 | 4883 c104 
  0x000002089f589f80: 75f2 f7c0 | 0200 0000 | 7412 0fb7 | 1f0f b70e | 3bd9 7521 | 488d 7f02 | 488d 7602 | f7c0 0100 
  0x000002089f589fa0: 0000 740a | 0fb6 1f0f | b60e 3bd9 | 7507 b801 | 0000 00eb | 0233 c0c5 | ddef e4c5 | e5ef db85 
  0x000002089f589fc0: c075 3dba | 45ff ffff | 488b 2c24 | c5fa 1104 | 24c5 fa11 | 4c24 04c5 | fa11 5424 | 084c 8b4c 
  0x000002089f589fe0: 2418 4c89 | 4c24 104c | 8944 2418 | 4489 5c24 | 0c44 8954 | 2420 6690 | c5f8 77e8 | 0083 44f8 
  0x000002089f58a000: 49c1 e303 | 418b 6b14 | 458b 54ec | 0841 81fa | 086d 0000 | 0f85 1212 | 0000 498d | 04ec 448b 
  0x000002089f58a020: 400c 4585 | c00f 86d5 | 0e00 0044 | 8b58 1047 | 8b54 dc0c | 41d1 fac4 | c179 6eda | c5f8 5bdb 
  0x000002089f58a040: c5fa 5cdb | c4c1 797e | da45 8bca | 41c1 e917 | 450f b6c9 | b995 0000 | 0041 2bc9 | f7c1 e0ff 
  0x000002089f58a060: ffff 0f85 | d00b 0000 | 458b da41 | 81e3 ffff | 7f00 4181 | cb00 0080 | 0045 85d2 | 0f8c 410c 
  0x000002089f58a080: 0000 41d3 | fb41 ffc3 | 41d1 fb41 | d1f8 c4c1 | 796e c0c5 | f85b c0c5 | f25c c8c4 | c179 7eca 
  0x000002089f58a0a0: 458b ca41 | c1e9 1745 | 0fb6 c9b9 | 9500 0000 | 412b c9f7 | c1e0 ffff | ff0f 859b | 0b00 0045 
  0x000002089f58a0c0: 8bc2 4181 | e0ff ff7f | 0041 81c8 | 0000 8000 | 4585 d20f | 8ce2 0b00 | 0041 d3f8 | 41ff c041 
  0x000002089f58a0e0: d1f8 c4c1 | 797e d545 | 85ed 7508 | 4533 ede9 | e504 0000 | 41f7 c504 | 0000 0074 | 3044 8944 
  0x000002089f58a100: 2410 4489 | 5c24 0c89 | 5424 0841 | 8bed 488b | d066 6690 | c5f8 77e8 | 04f1 ffff | 448b ed8b 
  0x000002089f58a120: 5424 0844 | 8b5c 240c | 448b 4424 | 1041 f7c5 | 0100 0000 | 0f84 d000 | 0000 448b | 480c 4585 
  0x000002089f58a140: c90f 8671 | 0f00 008b | 4810 418b | 4ccc 0c89 | 4c24 1044 | 894c 2414 | 4889 4424 | 2844 8944 
  0x000002089f58a160: 2424 4489 | 5c24 2089 | 5424 0c44 | 896c 2408 | 48ba 086d | 0000 0800 | 0000 458b | c144 8bc9 
  0x000002089f58a180: c5f8 77e8 | f822 4ff8 | 448b 5424 | 1441 ffca | 443b 5424 | 140f 83dd | 0e00 0044 | 8b40 0c45 
  0x000002089f58a1a0: 85c0 0f86 | d00e 0000 | 453b d00f | 83c7 0e00 | 0044 8b74 | 2410 41ff | ce44 8b6c | 2410 41d1 
  0x000002089f58a1c0: fd4c 6344 | 2410 418b | ed83 c5fe | 443b ed41 | ba00 0000 | 8041 0f4c | ea4d 63d5 | 498b d849 
  0x000002089f58a1e0: 2bda 458b | dd41 ffc3 | 48ff cb33 | f6e9 8507 | 0000 c4e1 | f97e c044 | 8b6c 2408 | 8b54 240c 
  0x000002089f58a200: 448b 5c24 | 2044 8b44 | 2424 41f7 | c502 0000 | 000f 84c2 | 0300 0044 | 8b50 0c45 | 85d2 0f86 
  0x000002089f58a220: 1e0e 0000 | 8b48 1045 | 8b4c cc0c | 4489 5424 | 2848 8944 | 2420 4489 | 4424 1444 | 895c 2410 
  0x000002089f58a240: 8954 240c | 4489 6c24 | 0848 ba08 | 6d00 0008 | 0000 0045 | 8bc2 6690 | c5f8 77e8 | 2022 4ff8 
  0x000002089f58a260: 448b 500c | 448b 5c24 | 2841 d1fb | 458b c341 | ffc0 4585 | d20f 866a | 0d00 0045 | 3bda 0f83 
  0x000002089f58a280: 610d 0000 | 4863 6c24 | 284d 63cb | 488b cd49 | 2bc9 48ff | c948 3bcd | 0f83 470d | 0000 448b 
  0x000002089f58a2a0: 4c24 2841 | ffc9 443b | 4c24 280f | 8334 0d00 | 0044 8944 | 242c 4d63 | c249 3bc8 | 0f83 1e0d 
  0x000002089f58a2c0: 0000 453b | ca0f 8369 | 0d00 0044 | 3b5c 2428 | 0f83 650d | 0000 4533 | d2eb 31c4 | c1f9 7ec3 
  0x000002089f58a2e0: c4c1 797e | d2c4 e1f9 | 7ee8 c4e1 | f97e f54d | 8b87 4803 | 0000 41ff | c241 8500 | 443b 5424 
  0x000002089f58a300: 2c0f 8dbf | 0200 004c | 895c 2420 | 4c8b 5c24 | 2045 8b4b | 1043 8b5c | cc0c 85db | 76d1 c5fb 
  0x000002089f58a320: 1044 2420 | c4c1 796e | d24d 63c2 | 4c8b dd4d | 2bd8 4c8b | 5424 2047 | 8b54 9a0c | c4c1 796e 
  0x000002089f58a340: da47 8b74 | d40c 468b | 5480 10c4 | c179 6ee2 | 478b 4cd4 | 0c4c 8b54 | 2420 478b | 5482 10c4 
  0x000002089f58a360: c179 6eca | 438b 4cd4 | 0c42 8b7c | 980c 458b | 6cfc 0c45 | 85f6 0f86 | 510b 0000 | 41ba 0100 
  0x000002089f58a380: 0000 453b | d645 0f4f | d6c4 c179 | 7ee3 4f8d | 04dc c4c1 | 797e db4b | 8d14 dc41 | 8bd8 498d 
  0x000002089f58a3a0: 34fc c1eb | 02c4 c179 | 7ecb 49c1 | e303 83e3 | 0341 03da | f7db 83e3 | 0341 03da | 413b de41 
  0x000002089f58a3c0: 0f4f de45 | 33d2 eb0c | 448b d144 | 8b4c 2420 | 8b4c 2424 | 453b d60f | 837e 0100 | 00c5 796e 
  0x000002089f58a3e0: c789 4c24 | 2444 894c | 2420 c4e1 | f96e f5c4 | e1f9 6ee8 | 468b 4c92 | 1044 3b54 | 2420 0f83 
  0x000002089f58a400: 3409 0000 | 4789 4c90 | 1044 3bd1 | 0f83 8209 | 0000 478b | 4c93 1045 | 3bd5 0f83 | d409 0000 
  0x000002089f58a420: 4689 4c96 | 10c4 c1f9 | 7ec1 458b | 4910 478b | 4ccc 0c41 | 8bca ffc1 | 413b c90f | 8d9a feff 
  0x000002089f58a440: ff3b cb0f | 8c7f ffff | ff49 63de | 4963 fd48 | 6344 2424 | 4863 6c24 | 2048 3bdd | 418b de0f 
  0x000002089f58a460: 4f5c 2420 | 4963 e94c | 63cb 4c3b | c80f 4f5c | 2424 48ff | cd4c 63cb | 4c3b cf41 | 0f4f dd44 
  0x000002089f58a480: 8bcd 4863 | fb48 3bfd | 410f 4fd9 | 448b cb41 | 83c1 f941 | 3bd9 bb00 | 0000 8044 | 0f4c cb41 
  0x000002089f58a4a0: 3bc9 0f8d | 2d0a 0000 | 41ff c20f | 1f44 0000 | c4a1 7a6f | 7c92 10c4 | 817a 7f7c | 9010 c481 
  0x000002089f58a4c0: 7a6f 7c93 | 10c4 a17a | 7f7c 9610 | c4a1 7a6f | 7c92 20c4 | 817a 7f7c | 9020 c481 | 7a6f 7c93 
  0x000002089f58a4e0: 20c4 a17a | 7f7c 9620 | 4183 c208 | 453b d17c | bf45 3bd6 | 7d59 6690 | 453b d673 | 5946 8b4c 
  0x000002089f58a500: 9210 443b | 5424 200f | 832b 0800 | 0047 894c | 9010 443b | 5424 240f | 8377 0800 | 0047 8b4c 
  0x000002089f58a520: 9310 453b | d50f 83c9 | 0800 0046 | 894c 9610 | c4c1 f97e | c145 8b49 | 1043 8b4c | cc0c 41ff 
  0x000002089f58a540: c244 3bd1 | 0f8d 91fd | ffff 453b | d67c a9c4 | e1f9 7ee8 | eb05 c4e1 | f97e e8ba | e4ff ffff 
  0x000002089f58a560: 488b 2c24 | 448b 5c24 | 0844 891c | 244c 8b5c | 2418 4c89 | 5c24 0844 | 8b44 2410 | 4489 4424 
  0x000002089f58a580: 0444 8b5c | 2414 4489 | 5c24 10c5 | fb11 4424 | 1848 8944 | 2420 4489 | 5424 2844 | 8954 242c 
  0x000002089f58a5a0: c5fa 1154 | 2430 c5fa | 1164 2434 | c5fa 115c | 2438 6690 | c5f8 77e8 | 447d 44f8 | c4e1 f97e 
  0x000002089f58a5c0: cae9 2b02 | 0000 8b54 | 240c 448b | 5c24 1044 | 8b44 2414 | 448b 6c24 | 0841 8bed | c1fd 0385 
  0x000002089f58a5e0: ed0f 85cd | 0900 0044 | 8b50 0c41 | 8bc8 4103 | ca44 3bc1 | 0f8d 4002 | 0000 4d63 | ca49 63d8 
  0x000002089f58a600: 418b f0f7 | de48 63fe | 4803 df49 | 3bd9 0f83 | 2009 0000 | 4863 d948 | 03df 48ff | cb49 3bd9 
  0x000002089f58a620: 0f83 4609 | 0000 4c8b | 0c24 418b | 590c 418b | 6cdc 0c85 | ed0f 863c | 0900 0041 | 8b74 dc10 
  0x000002089f58a640: 418b 7cf4 | 0c48 8b74 | 2418 4885 | f60f 85ea | 0800 0045 | 85d2 0f86 | e108 0000 | 448b 5010 
  0x000002089f58a660: 478b 54d4 | 0c45 85d2 | 0f86 cf08 | 0000 897c | 2404 890c | 24c4 e1f9 | 6ed0 418b | ca41 03cb 
  0x000002089f58a680: 894c 2408 | 498d 0cdc | c4e1 f96e | e141 8bcb | ffc1 418b | f8e9 c800 | 0000 660f | 1f44 0000 
  0x000002089f58a6a0: 442b 5c24 | 1041 8bd3 | ffc2 458b | d841 3bd2 | 0f83 2206 | 0000 458b | 4cdc 1047 | 8b4c cc0c 
  0x000002089f58a6c0: 453b d90f | 8367 0100 | 00c4 c1f9 | 7ed0 458b | 4c80 1047 | 8b44 cc0c | 49c1 e103 | 413b d00f 
  0x000002089f58a6e0: 831b 0600 | 0045 8b44 | 9110 4183 | f8ff 0f84 | 3201 0000 | 418b 54f4 | 0c44 3bda | 0f83 1a06 
  0x000002089f58a700: 0000 4789 | 449d 1033 | d2c4 c1f9 | 7ed0 458b | 4810 478b | 4ccc 0c44 | 034c 2410 | 4d8b b748 
  0x000002089f58a720: 0300 0045 | 8bc3 41ff | c041 8506 | 453b c10f | 8c6b ffff | ff4d 8b9f | 4803 0000 | ffc7 4185 
  0x000002089f58a740: 033b 3c24 | 0f8d f000 | 0000 c4c1 | f97e c1c4 | e1f9 7ece | c5f9 7eda | 448b 5c24 | 1044 8b44 
  0x000002089f58a760: 2414 443b | 5c24 080f | 8de3 0000 | 0044 8944 | 2414 4489 | 5c24 10c5 | f96e dac4 | e1f9 6ece 
  0x000002089f58a780: c4c1 f96e | c1c4 c1f9 | 7ee3 418b | 74bb 108b | c741 2bc0 | 3bfd 0f83 | 20fe ffff | 448b 5c24 
  0x000002089f58a7a0: 1044 3b5c | 2404 0f83 | 10fe ffff | c4c1 f97e | d345 8b5c | 8310 478b | 4cdc 0c45 | 85c9 0f86 
  0x000002089f58a7c0: 8c06 0000 | 478b 44dc | 1041 83f8 | ff0f 849d | 0000 0045 | 8b4c f40c | 448b 5c24 | 1045 3bd9 
  0x000002089f58a7e0: 0f83 3b05 | 0000 4d8d | 0cf4 4789 | 4499 1033 | d2c4 c1f9 | 7ed3 458b | 5b10 478b | 44dc 0c44 
  0x000002089f58a800: 0344 2410 | 413b c80f | 8d28 ffff | ff3b fd0f | 8314 0200 | 004d 8d2c | f444 8bd9 | ba01 0000 
  0x000002089f58a820: 00e9 87fe | ffff c4e1 | f97e cae9 | d9fe ffff | c4e1 f97e | cae9 cffe | ffff c5f8 | 7748 83c4 
  0x000002089f58a840: 605d 493b | a740 0300 | 000f 8761 | 0c00 00c3 | 4489 4424 | 1444 895c | 2410 c5f9 | 6eda c4e1 
  0x000002089f58a860: f96e cec4 | c1f9 6ec1 | 488b d6e9 | c5fe ffff | c4e1 f97e | cae9 77ff | ffff 660f | 1f44 0000 
  0x000002089f58a880: 8bd7 448b | 5490 0c8b | 7c24 102b | f948 63d9 | 4589 549b | 1044 8b54 | 9810 4589 | 5493 0c49 
  0x000002089f58a8a0: 8bd0 482b | d344 8b54 | 9008 4589 | 549b 1444 | 8b54 9814 | 4589 5493 | 0844 8b54 | 9004 4589 
  0x000002089f58a8c0: 549b 1844 | 8b54 9818 | 4589 5493 | 0444 8b14 | 9045 8954 | 9b1c 448b | 5498 1c45 | 8914 9383 
  0x000002089f58a8e0: c7fc 83c1 | 0441 3bc9 | 7c96 4d8b | 9748 0300 | 0041 8502 | 3bcd 7d28 | 8bd7 448b | cd44 2bc9 
  0x000002089f58a900: 3be9 440f | 4c4c 240c | 4181 f9a0 | 0f00 00bf | a00f 0000 | 440f 47cf | 4403 c9e9 | 62ff ffff 
  0x000002089f58a920: c4e1 f97e | cb3b 4c24 | 307d 2c90 | 448b 54b8 | 0c45 8954 | 8b10 448b | 5488 1045 | 8954 bb0c 
  0x000002089f58a940: 448b d141 | ffc2 443b | 5424 307d | 0a41 8bfe | 2bf9 418b | caeb d54d | 8b97 4803 | 0000 ffc6 
  0x000002089f58a960: 4185 023b | 7424 140f | 8d85 f8ff | ffc4 e1f9 | 7ec0 448b | 5c24 304c | 8b54 2428 | 418b 7a10 
  0x000002089f58a980: 85ff 0f84 | e004 0000 | 458b 54b2 | 1043 8b54 | d40c 8b4c | b010 458b | 4ccc 0c44 | 895c 2430 
  0x000002089f58a9a0: c4e1 f96e | c04c 63da | 493b db0f | 83c7 0400 | 0044 3bf2 | 0f83 be04 | 0000 4585 | c90f 86b5 
  0x000002089f58a9c0: 0400 0045 | 3be9 0f83 | ac04 0000 | 85d2 0f86 | a404 0000 | 443b ea0f | 839b 0400 | 004d 63d9 
  0x000002089f58a9e0: 493b db0f | 838f 0400 | 0045 3bf1 | 0f83 8604 | 0000 4d8d | 1ccc 4b8d | 04d4 428b | 7c80 0c41 
  0x000002089f58aa00: 897c cc10 | 478b 4cd4 | 1047 894c | 830c 83fd | 010f 8ea9 | 0400 0041 | 8bd6 b901 | 0000 00c4 
  0x000002089f58aa20: e1f9 6ecb | e9d1 feff | ff44 8bd9 | 41b8 0100 | 0000 eb1a | 660f 1f44 | 0000 660f | 1f44 0000 
  0x000002089f58aa40: 442b 5c24 | 1045 8bc3 | 41ff c044 | 8bda 453b | c20f 8381 | 0200 0045 | 3b64 dc10 | 0f84 f703 
  0x000002089f58aa60: 0000 c4e1 | f97e d244 | 8b4a 1047 | 8b44 cc0c | 4403 4424 | 104d 8b8f | 4803 0000 | 418b d3ff 
  0x000002089f58aa80: c241 8501 | 413b d07c | b7c4 e1f9 | 7eca e9a2 | fcff ff43 | 8b6c dc18 | 85ed 0f84 | 8c06 0000 
  0x000002089f58aaa0: 478b 4cdc | 0841 81f9 | 98b0 1400 | 0f84 9e06 | 0000 4d8d | 1cec 418b | 4b0c 413b | ca0f 85b9 
  0x000002089f58aac0: 0100 0041 | 8b4b 104c | 8bc9 49c1 | e103 4d3b | c80f 842d | f5ff ff41 | 0fbe 5810 | 4d3b c10f 
  0x000002089f58aae0: 841f f5ff | ff41 8b7c | cc08 81ff | 70e9 0000 | 0f85 9607 | 0000 4d8d | 0ccc 410f | be69 103b 
  0x000002089f58ab00: dd0f 85ed | 0600 0041 | 8b79 1441 | 8b58 1445 | 8b4c fc0c | 418b 4cdc | 0c41 3bc9 | 0f85 d800 
  0x000002089f58ab20: 0000 4d8d | 0cfc 498d | 74fc 104d | 8d0c dc49 | 8d7c dc10 | 85c9 0f84 | a500 0000 | 8bc1 83e0 
  0x000002089f58ab40: 1f83 e1e0 | 0f84 4b00 | 0000 488d | 3c0f 488d | 340e 48f7 | d9c5 fe6f | 1c0f c5fe | 6f24 0ec5 
  0x000002089f58ab60: e5ef dcc4 | e27d 17db | 0f85 7a00 | 0000 4883 | c120 75e1 | 85c0 0f84 | 6500 0000 | c5fe 6f5c 
  0x000002089f58ab80: 07e0 c5fe | 6f64 06e0 | c5e5 efdc | c4e2 7d17 | db75 55eb | 4c8b c883 | e1fc 7419 | 488d 3c0f 
  0x000002089f58aba0: 488d 340e | 48f7 d98b | 1c0f 3b1c | 0e75 3948 | 83c1 0475 | f2f7 c002 | 0000 0074 | 120f b71f 
  0x000002089f58abc0: 0fb7 0e3b | d975 2148 | 8d7f 0248 | 8d76 02f7 | c001 0000 | 0074 0a0f | b61f 0fb6 | 0e3b d975 
  0x000002089f58abe0: 07b8 0100 | 0000 eb02 | 33c0 c5e5 | efdb c5dd | efe4 85c0 | 0f85 0af4 | ffff ba45 | ffff ff48 
  0x000002089f58ac00: 8b2c 24c5 | fa11 0424 | c5fa 114c | 2404 c5fa | 1154 2408 | 4c8b 4c24 | 184c 894c | 2410 4c89 
  0x000002089f58ac20: 4424 184c | 895c 2420 | 4489 5424 | 0c66 6690 | c5f8 77e8 | c876 44f8 | c57a 2cdb | 4181 fb00 
  0x000002089f58ac40: 0000 8075 | 1048 83ec | 08c5 fa11 | 1c24 e8a0 | 643f f841 | 5be9 31f4 | ffff c57a | 2cc1 4181 
  0x000002089f58ac60: f800 0000 | 8075 1048 | 83ec 08c5 | fa11 0c24 | e87e 643f | f841 58e9 | 66f4 ffff | 458b 5b18 
  0x000002089f58ac80: 4d8b 8f48 | 0300 0041 | 8501 4585 | db0f 8499 | 0400 0049 | c1e3 03e9 | 1afe ffff | 4533 c933 
  0x000002089f58aca0: d245 33d2 | e9d4 f1ff | ff33 d241 | c640 1101 | 4533 c945 | 33d2 e9c2 | f1ff ff41 | f7d8 e916 
  0x000002089f58acc0: f4ff ff41 | f7db e9b7 | f3ff ff45 | 33c9 33d2 | 4533 d2e9 | a5f1 ffff | ba45 ffff | ffc4 e1f9 
  0x000002089f58ace0: 7ec5 c5fb | 110c 24c5 | fb11 5424 | 0889 7c24 | 1844 895c | 241c 6690 | c5f8 77e8 | 0076 44f8 
  0x000002089f58ad00: c5f9 6eda | bae6 ffff | ff49 8be9 | c5fa 111c | 2466 6690 | c5f8 77e8 | e475 44f8 | 4489 5c24 
  0x000002089f58ad20: 10ba e6ff | ffff 8bee | 4489 4424 | 0466 6690 | c5f8 77e8 | c875 44f8 | bae4 ffff | ff48 8b2c 
  0x000002089f58ad40: 2444 8b5c | 2408 4489 | 1c24 4c8b | 5c24 184c | 895c 2408 | 448b 5c24 | 1044 895c | 2404 448b 
  0x000002089f58ad60: 4424 1444 | 8944 2410 | c5fb 1144 | 2418 c5fb | 116c 2420 | 4489 5424 | 2844 894c | 242c c5fa 
  0x000002089f58ad80: 1154 2430 | c5fa 1164 | 2434 6690 | c5f8 77e8 | 6c75 44f8 | bae4 ffff | ff48 8b2c | 2444 8b5c 
  0x000002089f58ada0: 2408 4489 | 1c24 4c8b | 5c24 184c | 895c 2408 | 448b 4424 | 1044 8944 | 2404 448b | 5c24 1444 
  0x000002089f58adc0: 895c 2410 | c5fb 1144 | 2418 c5fb | 116c 2420 | 4489 5424 | 2844 8954 | 242c c5fa | 1154 2430 
  0x000002089f58ade0: c5fa 114c | 2434 c57a | 1144 2438 | c5f8 77e8 | 0c75 44f8 | bae4 ffff | ff48 8b2c | 2444 8b44 
  0x000002089f58ae00: 2408 4489 | 0424 4c8b | 5c24 184c | 895c 2408 | 448b 4424 | 1044 8944 | 2404 448b | 5c24 1444 
  0x000002089f58ae20: 895c 2410 | c5fb 1144 | 2418 c5fb | 116c 2420 | 4489 5424 | 2844 894c | 242c c5fa | 1154 2430 
  0x000002089f58ae40: c57a 1144 | 2434 6690 | c5f8 77e8 | b074 44f8 | 4f8d 0cdc | e9ab feff | ffba f6ff | ffff 6690 
  0x000002089f58ae60: c5f8 77e8 | 9874 44f8 | baf6 ffff | ff66 6690 | c5f8 77e8 | 8874 44f8 | 418b 6cfc | 0cd1 fdff 
  0x000002089f58ae80: c5ba 76ff | ffff 4c8b | 5424 184c | 8954 2410 | 448b 5424 | 2044 8954 | 240c 448b | 5c24 2444 
  0x000002089f58aea0: 895c 2418 | 4c8b 5424 | 284c 8954 | 2420 4889 | 4424 2889 | 7424 1c90 | c5f8 77e8 | 4074 44f8 
  0x000002089f58aec0: 418b feb9 | 0100 0000 | e958 faff | ff45 33d2 | e986 f6ff | ff44 8bd1 | e914 f6ff | ffba deff 
  0x000002089f58aee0: ffff c5fa | 1144 2408 | c5fa 114c | 240c 4489 | 4c24 104c | 8944 2420 | c5f8 77e8 | 0074 44f8 
  0x000002089f58af00: bae4 ffff | ff48 8b2c | 24c5 fa11 | 0c24 c5fa | 1154 2404 | 4c8b 5424 | 184c 8954 | 2408 c5fa 
  0x000002089f58af20: 1144 2410 | 4889 4424 | 2066 6690 | c5f8 77e8 | cc73 44f8 | 4c8b 0c24 | 488b 7424 | 18ba beff 
  0x000002089f58af40: ffff 498b | e948 8934 | 2448 8944 | 2408 4489 | 5c24 1044 | 8944 2418 | 4489 4424 | 1c89 4c24 
  0x000002089f58af60: 2066 6690 | c5f8 77e8 | 9473 44f8 | 4c8b 0c24 | 488b 7424 | 18eb c648 | 8b74 2418 | ebbf ba45 
  0x000002089f58af80: ffff ff48 | 8b2c 24c5 | fa11 0424 | c5fa 114c | 2404 c5fa | 1154 2408 | 4889 7c24 | 104c 8944 
  0x000002089f58afa0: 2418 4489 | 4c24 2044 | 895c 2424 | c5f8 77e8 | 4c73 44f8 | ba45 ffff | ff4c 8b54 | 2418 4c89 
  0x000002089f58afc0: 5424 0848 | 8944 2410 | 4489 5c24 | 1844 8944 | 241c 4489 | 6c24 2090 | c5f8 77e8 | 2073 44f8 
  0x000002089f58afe0: 448b 4424 | 2cba beff | ffff 488b | 2c24 448b | 5424 0844 | 8914 244c | 8b54 2418 | 4c89 5424 
  0x000002089f58b000: 0844 8b5c | 2410 4489 | 5c24 0444 | 8b54 2414 | 4489 5424 | 104c 8b54 | 2420 4c89 | 5424 1848 
  0x000002089f58b020: 8944 2420 | 4489 4424 | 1466 6690 | c5f8 77e8 | cc72 44f8 | 448b 4424 | 2ceb aa44 | 8b44 242c 
  0x000002089f58b040: eba3 bae4 | ffff ff48 | 8b2c 2444 | 892c 244c | 8b4c 2418 | 4c89 4c24 | 0844 895c | 2404 4489 
  0x000002089f58b060: 4424 1048 | 8944 2420 | 4489 5424 | 1466 6690 | c5f8 77e8 | 8872 44f8 | babe ffff | ff48 8b2c 
  0x000002089f58b080: 2444 8b54 | 2408 4489 | 1424 4c8b | 5424 184c | 8954 2408 | 448b 5c24 | 2044 895c | 2404 448b 
  0x000002089f58b0a0: 5424 2444 | 8954 2410 | 4889 4424 | 2066 6690 | c5f8 77e8 | 4872 44f8 | bae4 ffff | ff48 8b2c 
  0x000002089f58b0c0: 2444 892c | 244c 8b54 | 2418 4c89 | 5424 0844 | 895c 2404 | 4489 4424 | 1048 8944 | 2420 4489 
  0x000002089f58b0e0: 4c24 1490 | c5f8 77e8 | 1472 44f8 | ba76 ffff | ffc5 fa11 | 4424 08c5 | fa11 4c24 | 0cc5 fa11 
  0x000002089f58b100: 5424 1044 | 894c 2414 | 4c89 4424 | 2844 8974 | 2434 4489 | 5c24 3890 | c5f8 77e8 | e071 44f8 
  0x000002089f58b120: bd01 0000 | 0033 d2e9 | 2ced ffff | baf4 ffff | ff48 8b2c | 24c5 fa11 | 0424 c5fa | 114c 2404 
  0x000002089f58b140: c5fa 1154 | 2408 6690 | c5f8 77e8 | b071 44f8 | ba45 ffff | ffc5 fa11 | 4424 08c5 | fa11 4c24 
  0x000002089f58b160: 0cc5 fa11 | 5424 104c | 8944 2420 | 4489 5c24 | 1444 8954 | 2428 6690 | c5f8 77e8 | 8071 44f8 
  0x000002089f58b180: ba45 ffff | ffc5 fa11 | 4424 08c5 | fa11 4c24 | 0cc5 fa11 | 5424 104c | 8944 2428 | 4489 5c24 
  0x000002089f58b1a0: 1444 8954 | 2430 4c89 | 4c24 3889 | 5c24 3490 | c5f8 77e8 | 4871 44f8 | 4585 d240 | 0f95 c540 
  0x000002089f58b1c0: 0fb6 ed83 | f501 ba45 | ffff ffc5 | fa11 4424 | 08c5 fa11 | 4c24 0cc5 | fa11 5424 | 1044 894c 
  0x000002089f58b1e0: 2414 4c89 | 4424 2844 | 895c 2430 | c5f8 77e8 | 0c71 44f8 | ba45 ffff | ffc5 fa11 | 4424 08c5 
  0x000002089f58b200: fa11 4c24 | 0cc5 fa11 | 5424 104c | 8944 2428 | 4c89 5c24 | 3044 8954 | 2414 4c89 | 4c24 3889 
  0x000002089f58b220: 5c24 4090 | c5f8 77e8 | d470 44f8 | bade ffff | ffc5 fa11 | 4424 08c5 | fa11 4c24 | 0cc5 fa11 
  0x000002089f58b240: 5424 1090 | c5f8 77e8 | b470 44f8 | bade ffff | ff48 8b2c | 24c5 fa11 | 0424 c5fa | 114c 2404 
  0x000002089f58b260: c5fa 1154 | 2408 488b | 4c24 1848 | 894c 2410 | 4c89 4424 | 2044 895c | 240c 4489 | 5424 2844 
  0x000002089f58b280: 894c 2430 | c5f8 77e8 | 7470 44f8 | bade ffff | ff48 8b2c | 24c5 fa11 | 0424 c5fa | 114c 2404 
  0x000002089f58b2a0: c5fa 1154 | 2408 4c8b | 4c24 184c | 894c 2410 | 4c89 4424 | 204c 895c | 2428 4489 | 5424 0c89 
  0x000002089f58b2c0: 4c24 3490 | c5f8 77e8 | 3470 44f8 | baf6 ffff | ff66 6690 | c5f8 77e8 | 2470 44f8 | c5f9 6eda 
  0x000002089f58b2e0: baf6 ffff | ffc5 f97e | dd66 6690 | c5f8 77e8 | 0c70 44f8 | 4489 5c24 | 10ba f6ff | ffff 4489 
  0x000002089f58b300: 0424 6690 | c5f8 77e8 | f46f 44f8 | baf6 ffff | ff66 6690 | c5f8 77e8 | e46f 44f8 | ba76 ffff 
  0x000002089f58b320: ff48 8b2c | 2444 8b5c | 2408 4489 | 1c24 4c8b | 5424 184c | 8954 2408 | 448b 5c24 | 1044 895c 
  0x000002089f58b340: 2404 448b | 5424 1444 | 8954 2410 | 48ff 7424 | 2048 8f44 | 2418 4889 | 4424 20c5 | fa11 5424 
  0x000002089f58b360: 1489 5c24 | 2866 6690 | c5f8 77e8 | 906f 44f8 | baf6 ffff | ff66 6690 | c5f8 77e8 | 806f 44f8 
  0x000002089f58b380: 488b d0eb | 0848 8bd0 | eb03 488b | d0c5 f877 | 4883 c460 | 5de9 667b | 4ff8 baf6 | ffff ff49 
  0x000002089f58b3a0: 8be8 6690 | c5f8 77e8 | 546f 44f8 | baf6 ffff | ff66 6690 | c5f8 77e8 | 446f 44f8 | baf6 ffff 
  0x000002089f58b3c0: ff66 6690 | c5f8 77e8 | 346f 44f8 | 488b 7424 | 18e9 67fb | ffff 488b | 7424 18e9 | 5dfb ffff 
  0x000002089f58b3e0: baf6 ffff | ff66 6690 | c5f8 77e8 | 106f 44f8 | baf6 ffff | ff66 6690 | c5f8 77e8 | 006f 44f8 
  0x000002089f58b400: baf6 ffff | ff66 6690 | c5f8 77e8 | f06e 44f8 | baf6 ffff | ff66 6690 | c5f8 77e8 | e06e 44f8 
  0x000002089f58b420: ba45 ffff | ff48 8b2c | 24c5 fa11 | 0424 c5fa | 114c 2404 | c5fa 1154 | 2408 488b | 4c24 1848 
  0x000002089f58b440: 894c 2410 | 4c89 4424 | 2044 895c | 240c 4489 | 5424 2844 | 894c 242c | c5f8 77e8 | a06e 44f8 
  0x000002089f58b460: baf6 ffff | ff66 6690 | c5f8 77e8 | 906e 44f8 | ba45 ffff | ff48 8b2c | 24c5 fa11 | 0424 c5fa 
  0x000002089f58b480: 114c 2404 | c5fa 1154 | 2408 4c8b | 4c24 184c | 894c 2410 | 4c89 4424 | 204c 895c | 2428 4489 
  0x000002089f58b4a0: 5424 0c89 | 4c24 3090 | c5f8 77e8 | 506e 44f8 | 49ba 42a8 | 589f 0802 | 0000 4d89 | 9758 0300 
  0x000002089f58b4c0: 00e9 3a7f | 44f8 f4f4 | f4f4 f4f4 | f4f4 f4f4 | f4f4 f4f4 | f4f4 f4f4 | f4f4 f4f4 | f4f4 f4f4 
  0x000002089f58b4e0: 48bb 0000 | 0000 0000 | 0000 e9fb | ffff ffe9 | 0cc3 45f8 | e800 0000 | 0048 832c | 2405 e99d 
  0x000002089f58b500: 7144 f8f4 | f4f4 f4f4 
[/MachCode]
--------------------------------------------------------------------------------


---------------  P R O C E S S  ---------------

Threads class SMR info:
_java_thread_list=0x00000208b48a86f0, length=25, elements={
0x00000208b344ceb0, 0x00000208b344eb30, 0x00000208b3465530, 0x00000208b34672f0,
0x00000208b34684b0, 0x00000208b3468e60, 0x00000208b346d040, 0x00000208b3475af0,
0x00000208b3488cb0, 0x00000208b4107850, 0x00000208b410e180, 0x00000208b41434f0,
0x00000208b414bbf0, 0x000002088feacd60, 0x00000208b4300b60, 0x00000208b433f6b0,
0x00000208b4340930, 0x00000208b4850de0, 0x00000208b48abc10, 0x00000208b48aff00,
0x00000208b48acee0, 0x00000208b4860c20, 0x00000208b4861130, 0x00000208b4861640,
0x00000208b48ad880
}

Java Threads: ( => current thread )
  0x00000208b344ceb0 JavaThread "Reference Handler" daemon [_thread_blocked, id=14224, stack(0x000000dc40c00000,0x000000dc40d00000)]
  0x00000208b344eb30 JavaThread "Finalizer" daemon [_thread_blocked, id=22556, stack(0x000000dc40d00000,0x000000dc40e00000)]
  0x00000208b3465530 JavaThread "Signal Dispatcher" daemon [_thread_blocked, id=22860, stack(0x000000dc40e00000,0x000000dc40f00000)]
  0x00000208b34672f0 JavaThread "Attach Listener" daemon [_thread_blocked, id=22960, stack(0x000000dc40f00000,0x000000dc41000000)]
  0x00000208b34684b0 JavaThread "Service Thread" daemon [_thread_blocked, id=9184, stack(0x000000dc41000000,0x000000dc41100000)]
  0x00000208b3468e60 JavaThread "Monitor Deflation Thread" daemon [_thread_blocked, id=20336, stack(0x000000dc41100000,0x000000dc41200000)]
  0x00000208b346d040 JavaThread "C2 CompilerThread0" daemon [_thread_blocked, id=16832, stack(0x000000dc41200000,0x000000dc41300000)]
  0x00000208b3475af0 JavaThread "C1 CompilerThread0" daemon [_thread_blocked, id=13480, stack(0x000000dc41300000,0x000000dc41400000)]
  0x00000208b3488cb0 JavaThread "Sweeper thread" daemon [_thread_blocked, id=5932, stack(0x000000dc41400000,0x000000dc41500000)]
  0x00000208b4107850 JavaThread "C1 CompilerThread1" daemon [_thread_blocked, id=5812, stack(0x000000dc41500000,0x000000dc41600000)]
  0x00000208b410e180 JavaThread "C1 CompilerThread2" daemon [_thread_blocked, id=4404, stack(0x000000dc41600000,0x000000dc41700000)]
  0x00000208b41434f0 JavaThread "Notification Thread" daemon [_thread_blocked, id=8208, stack(0x000000dc41700000,0x000000dc41800000)]
  0x00000208b414bbf0 JavaThread "Common-Cleaner" daemon [_thread_blocked, id=2072, stack(0x000000dc41900000,0x000000dc41a00000)]
  0x000002088feacd60 JavaThread "DestroyJavaVM" [_thread_blocked, id=3948, stack(0x000000dc40500000,0x000000dc40600000)]
  0x00000208b4300b60 JavaThread "Java2D Disposer" daemon [_thread_blocked, id=12192, stack(0x000000dc41b00000,0x000000dc41c00000)]
  0x00000208b433f6b0 JavaThread "AWT-Shutdown" [_thread_blocked, id=10880, stack(0x000000dc41d00000,0x000000dc41e00000)]
  0x00000208b4340930 JavaThread "AWT-Windows" daemon [_thread_in_native, id=2672, stack(0x000000dc41e00000,0x000000dc41f00000)]
  0x00000208b4850de0 JavaThread "AWT-EventQueue-0" [_thread_blocked, id=3884, stack(0x000000dc42b00000,0x000000dc42c00000)]
=>0x00000208b48abc10 JavaThread "graphicsthread" [_thread_in_Java, id=16860, stack(0x000000dc42c00000,0x000000dc42d00000)]
  0x00000208b48aff00 JavaThread "Thread-1" [_thread_in_Java, id=10796, stack(0x000000dc42d00000,0x000000dc42e00000)]
  0x00000208b48acee0 JavaThread "D3D Screen Updater" daemon [_thread_blocked, id=17704, stack(0x000000dc41a00000,0x000000dc41b00000)]
  0x00000208b4860c20 JavaThread "C2 CompilerThread1" daemon [_thread_blocked, id=10120, stack(0x000000dc41c00000,0x000000dc41d00000)]
  0x00000208b4861130 JavaThread "C2 CompilerThread2" daemon [_thread_blocked, id=11788, stack(0x000000dc42e00000,0x000000dc42f00000)]
  0x00000208b4861640 JavaThread "C2 CompilerThread3" daemon [_thread_blocked, id=7744, stack(0x000000dc42f00000,0x000000dc43000000)]
  0x00000208b48ad880 JavaThread "gameupdatethread" [_thread_in_Java, id=17168, stack(0x000000dc43000000,0x000000dc43100000)]

Other Threads:
  0x00000208b3446fb0 VMThread "VM Thread" [stack: 0x000000dc40b00000,0x000000dc40c00000] [id=14600]
  0x000002088ff216d0 WatcherThread [stack: 0x000000dc41800000,0x000000dc41900000] [id=23052]
  0x000002088fefb040 GCTaskThread "GC Thread#0" [stack: 0x000000dc40600000,0x000000dc40700000] [id=17320]
  0x000002088ff0da30 ConcurrentGCThread "G1 Main Marker" [stack: 0x000000dc40700000,0x000000dc40800000] [id=21784]
  0x000002088ff0ebe0 ConcurrentGCThread "G1 Conc#0" [stack: 0x000000dc40800000,0x000000dc40900000] [id=24096]
  0x000002088ff7b170 ConcurrentGCThread "G1 Refine#0" [stack: 0x000000dc40900000,0x000000dc40a00000] [id=22352]
  0x000002088ff7ba90 ConcurrentGCThread "G1 Service" [stack: 0x000000dc40a00000,0x000000dc40b00000] [id=22884]

Threads with active compile tasks:

VM state: not at safepoint (normal execution)

VM Mutex/Monitor currently owned by a thread: None

Heap address: 0x0000000709600000, size: 3946 MB, Compressed Oops mode: Zero based, Oop shift amount: 3

CDS archive(s) mapped at: [0x0000000800000000-0x0000000800bc0000-0x0000000800bc0000), size 12320768, SharedBaseAddress: 0x0000000800000000, ArchiveRelocationMode: 0.
Compressed class space mapped at: 0x0000000800c00000-0x0000000840c00000, reserved size: 1073741824
Narrow klass base: 0x0000000800000000, Narrow klass shift: 0, Narrow klass range: 0x100000000

GC Precious Log:
 CPUs: 16 total, 16 available
 Memory: 15776M
 Large Page Support: Disabled
 NUMA Support: Disabled
 Compressed Oops: Enabled (Zero based)
 Heap Region Size: 2M
 Heap Min Capacity: 8M
 Heap Initial Capacity: 248M
 Heap Max Capacity: 3946M
 Pre-touch: Disabled
 Parallel Workers: 13
 Concurrent Workers: 3
 Concurrent Refinement Workers: 13
 Periodic GC: Disabled

Heap:
 garbage-first heap   total 253952K, used 24576K [0x0000000709600000, 0x0000000800000000)
  region size 2048K, 11 young (22528K), 0 survivors (0K)
 Metaspace       used 6975K, committed 7104K, reserved 1056768K
  class space    used 751K, committed 832K, reserved 1048576K

Heap Regions: E=young(eden), S=young(survivor), O=old, HS=humongous(starts), HC=humongous(continues), CS=collection set, F=free, OA=open archive, CA=closed archive, TAMS=top-at-mark-start (previous, next)
|   0|0x0000000709600000, 0x0000000709800000, 0x0000000709800000|100%|HS|  |TAMS 0x0000000709600000, 0x0000000709600000| Complete 
|   1|0x0000000709800000, 0x0000000709a00000, 0x0000000709a00000|100%|HC|  |TAMS 0x0000000709800000, 0x0000000709800000| Complete 
|   2|0x0000000709a00000, 0x0000000709a00000, 0x0000000709c00000|  0%| F|  |TAMS 0x0000000709a00000, 0x0000000709a00000| Untracked 
|   3|0x0000000709c00000, 0x0000000709c00000, 0x0000000709e00000|  0%| F|  |TAMS 0x0000000709c00000, 0x0000000709c00000| Untracked 
|   4|0x0000000709e00000, 0x0000000709e00000, 0x000000070a000000|  0%| F|  |TAMS 0x0000000709e00000, 0x0000000709e00000| Untracked 
|   5|0x000000070a000000, 0x000000070a000000, 0x000000070a200000|  0%| F|  |TAMS 0x000000070a000000, 0x000000070a000000| Untracked 
|   6|0x000000070a200000, 0x000000070a200000, 0x000000070a400000|  0%| F|  |TAMS 0x000000070a200000, 0x000000070a200000| Untracked 
|   7|0x000000070a400000, 0x000000070a400000, 0x000000070a600000|  0%| F|  |TAMS 0x000000070a400000, 0x000000070a400000| Untracked 
|   8|0x000000070a600000, 0x000000070a600000, 0x000000070a800000|  0%| F|  |TAMS 0x000000070a600000, 0x000000070a600000| Untracked 
|   9|0x000000070a800000, 0x000000070a800000, 0x000000070aa00000|  0%| F|  |TAMS 0x000000070a800000, 0x000000070a800000| Untracked 
|  10|0x000000070aa00000, 0x000000070aa00000, 0x000000070ac00000|  0%| F|  |TAMS 0x000000070aa00000, 0x000000070aa00000| Untracked 
|  11|0x000000070ac00000, 0x000000070ac00000, 0x000000070ae00000|  0%| F|  |TAMS 0x000000070ac00000, 0x000000070ac00000| Untracked 
|  12|0x000000070ae00000, 0x000000070ae00000, 0x000000070b000000|  0%| F|  |TAMS 0x000000070ae00000, 0x000000070ae00000| Untracked 
|  13|0x000000070b000000, 0x000000070b000000, 0x000000070b200000|  0%| F|  |TAMS 0x000000070b000000, 0x000000070b000000| Untracked 
|  14|0x000000070b200000, 0x000000070b200000, 0x000000070b400000|  0%| F|  |TAMS 0x000000070b200000, 0x000000070b200000| Untracked 
|  15|0x000000070b400000, 0x000000070b400000, 0x000000070b600000|  0%| F|  |TAMS 0x000000070b400000, 0x000000070b400000| Untracked 
|  16|0x000000070b600000, 0x000000070b600000, 0x000000070b800000|  0%| F|  |TAMS 0x000000070b600000, 0x000000070b600000| Untracked 
|  17|0x000000070b800000, 0x000000070b800000, 0x000000070ba00000|  0%| F|  |TAMS 0x000000070b800000, 0x000000070b800000| Untracked 
|  18|0x000000070ba00000, 0x000000070ba00000, 0x000000070bc00000|  0%| F|  |TAMS 0x000000070ba00000, 0x000000070ba00000| Untracked 
|  19|0x000000070bc00000, 0x000000070bc00000, 0x000000070be00000|  0%| F|  |TAMS 0x000000070bc00000, 0x000000070bc00000| Untracked 
|  20|0x000000070be00000, 0x000000070be00000, 0x000000070c000000|  0%| F|  |TAMS 0x000000070be00000, 0x000000070be00000| Untracked 
|  21|0x000000070c000000, 0x000000070c000000, 0x000000070c200000|  0%| F|  |TAMS 0x000000070c000000, 0x000000070c000000| Untracked 
|  22|0x000000070c200000, 0x000000070c200000, 0x000000070c400000|  0%| F|  |TAMS 0x000000070c200000, 0x000000070c200000| Untracked 
|  23|0x000000070c400000, 0x000000070c400000, 0x000000070c600000|  0%| F|  |TAMS 0x000000070c400000, 0x000000070c400000| Untracked 
|  24|0x000000070c600000, 0x000000070c600000, 0x000000070c800000|  0%| F|  |TAMS 0x000000070c600000, 0x000000070c600000| Untracked 
|  25|0x000000070c800000, 0x000000070c800000, 0x000000070ca00000|  0%| F|  |TAMS 0x000000070c800000, 0x000000070c800000| Untracked 
|  26|0x000000070ca00000, 0x000000070ca00000, 0x000000070cc00000|  0%| F|  |TAMS 0x000000070ca00000, 0x000000070ca00000| Untracked 
|  27|0x000000070cc00000, 0x000000070cc00000, 0x000000070ce00000|  0%| F|  |TAMS 0x000000070cc00000, 0x000000070cc00000| Untracked 
|  28|0x000000070ce00000, 0x000000070ce00000, 0x000000070d000000|  0%| F|  |TAMS 0x000000070ce00000, 0x000000070ce00000| Untracked 
|  29|0x000000070d000000, 0x000000070d000000, 0x000000070d200000|  0%| F|  |TAMS 0x000000070d000000, 0x000000070d000000| Untracked 
|  30|0x000000070d200000, 0x000000070d200000, 0x000000070d400000|  0%| F|  |TAMS 0x000000070d200000, 0x000000070d200000| Untracked 
|  31|0x000000070d400000, 0x000000070d400000, 0x000000070d600000|  0%| F|  |TAMS 0x000000070d400000, 0x000000070d400000| Untracked 
|  32|0x000000070d600000, 0x000000070d600000, 0x000000070d800000|  0%| F|  |TAMS 0x000000070d600000, 0x000000070d600000| Untracked 
|  33|0x000000070d800000, 0x000000070d800000, 0x000000070da00000|  0%| F|  |TAMS 0x000000070d800000, 0x000000070d800000| Untracked 
|  34|0x000000070da00000, 0x000000070da00000, 0x000000070dc00000|  0%| F|  |TAMS 0x000000070da00000, 0x000000070da00000| Untracked 
|  35|0x000000070dc00000, 0x000000070dc00000, 0x000000070de00000|  0%| F|  |TAMS 0x000000070dc00000, 0x000000070dc00000| Untracked 
|  36|0x000000070de00000, 0x000000070de00000, 0x000000070e000000|  0%| F|  |TAMS 0x000000070de00000, 0x000000070de00000| Untracked 
|  37|0x000000070e000000, 0x000000070e000000, 0x000000070e200000|  0%| F|  |TAMS 0x000000070e000000, 0x000000070e000000| Untracked 
|  38|0x000000070e200000, 0x000000070e200000, 0x000000070e400000|  0%| F|  |TAMS 0x000000070e200000, 0x000000070e200000| Untracked 
|  39|0x000000070e400000, 0x000000070e400000, 0x000000070e600000|  0%| F|  |TAMS 0x000000070e400000, 0x000000070e400000| Untracked 
|  40|0x000000070e600000, 0x000000070e600000, 0x000000070e800000|  0%| F|  |TAMS 0x000000070e600000, 0x000000070e600000| Untracked 
|  41|0x000000070e800000, 0x000000070e800000, 0x000000070ea00000|  0%| F|  |TAMS 0x000000070e800000, 0x000000070e800000| Untracked 
|  42|0x000000070ea00000, 0x000000070ea00000, 0x000000070ec00000|  0%| F|  |TAMS 0x000000070ea00000, 0x000000070ea00000| Untracked 
|  43|0x000000070ec00000, 0x000000070ec00000, 0x000000070ee00000|  0%| F|  |TAMS 0x000000070ec00000, 0x000000070ec00000| Untracked 
|  44|0x000000070ee00000, 0x000000070ee00000, 0x000000070f000000|  0%| F|  |TAMS 0x000000070ee00000, 0x000000070ee00000| Untracked 
|  45|0x000000070f000000, 0x000000070f000000, 0x000000070f200000|  0%| F|  |TAMS 0x000000070f000000, 0x000000070f000000| Untracked 
|  46|0x000000070f200000, 0x000000070f200000, 0x000000070f400000|  0%| F|  |TAMS 0x000000070f200000, 0x000000070f200000| Untracked 
|  47|0x000000070f400000, 0x000000070f400000, 0x000000070f600000|  0%| F|  |TAMS 0x000000070f400000, 0x000000070f400000| Untracked 
|  48|0x000000070f600000, 0x000000070f600000, 0x000000070f800000|  0%| F|  |TAMS 0x000000070f600000, 0x000000070f600000| Untracked 
|  49|0x000000070f800000, 0x000000070f800000, 0x000000070fa00000|  0%| F|  |TAMS 0x000000070f800000, 0x000000070f800000| Untracked 
|  50|0x000000070fa00000, 0x000000070fa00000, 0x000000070fc00000|  0%| F|  |TAMS 0x000000070fa00000, 0x000000070fa00000| Untracked 
|  51|0x000000070fc00000, 0x000000070fc00000, 0x000000070fe00000|  0%| F|  |TAMS 0x000000070fc00000, 0x000000070fc00000| Untracked 
|  52|0x000000070fe00000, 0x000000070fe00000, 0x0000000710000000|  0%| F|  |TAMS 0x000000070fe00000, 0x000000070fe00000| Untracked 
|  53|0x0000000710000000, 0x0000000710000000, 0x0000000710200000|  0%| F|  |TAMS 0x0000000710000000, 0x0000000710000000| Untracked 
|  54|0x0000000710200000, 0x0000000710200000, 0x0000000710400000|  0%| F|  |TAMS 0x0000000710200000, 0x0000000710200000| Untracked 
|  55|0x0000000710400000, 0x0000000710400000, 0x0000000710600000|  0%| F|  |TAMS 0x0000000710400000, 0x0000000710400000| Untracked 
|  56|0x0000000710600000, 0x0000000710600000, 0x0000000710800000|  0%| F|  |TAMS 0x0000000710600000, 0x0000000710600000| Untracked 
|  57|0x0000000710800000, 0x0000000710800000, 0x0000000710a00000|  0%| F|  |TAMS 0x0000000710800000, 0x0000000710800000| Untracked 
|  58|0x0000000710a00000, 0x0000000710a00000, 0x0000000710c00000|  0%| F|  |TAMS 0x0000000710a00000, 0x0000000710a00000| Untracked 
|  59|0x0000000710c00000, 0x0000000710c00000, 0x0000000710e00000|  0%| F|  |TAMS 0x0000000710c00000, 0x0000000710c00000| Untracked 
|  60|0x0000000710e00000, 0x0000000710e00000, 0x0000000711000000|  0%| F|  |TAMS 0x0000000710e00000, 0x0000000710e00000| Untracked 
|  61|0x0000000711000000, 0x0000000711000000, 0x0000000711200000|  0%| F|  |TAMS 0x0000000711000000, 0x0000000711000000| Untracked 
|  62|0x0000000711200000, 0x0000000711200000, 0x0000000711400000|  0%| F|  |TAMS 0x0000000711200000, 0x0000000711200000| Untracked 
|  63|0x0000000711400000, 0x0000000711400000, 0x0000000711600000|  0%| F|  |TAMS 0x0000000711400000, 0x0000000711400000| Untracked 
|  64|0x0000000711600000, 0x0000000711600000, 0x0000000711800000|  0%| F|  |TAMS 0x0000000711600000, 0x0000000711600000| Untracked 
|  65|0x0000000711800000, 0x0000000711800000, 0x0000000711a00000|  0%| F|  |TAMS 0x0000000711800000, 0x0000000711800000| Untracked 
|  66|0x0000000711a00000, 0x0000000711a00000, 0x0000000711c00000|  0%| F|  |TAMS 0x0000000711a00000, 0x0000000711a00000| Untracked 
|  67|0x0000000711c00000, 0x0000000711c00000, 0x0000000711e00000|  0%| F|  |TAMS 0x0000000711c00000, 0x0000000711c00000| Untracked 
|  68|0x0000000711e00000, 0x0000000711e00000, 0x0000000712000000|  0%| F|  |TAMS 0x0000000711e00000, 0x0000000711e00000| Untracked 
|  69|0x0000000712000000, 0x0000000712000000, 0x0000000712200000|  0%| F|  |TAMS 0x0000000712000000, 0x0000000712000000| Untracked 
|  70|0x0000000712200000, 0x0000000712200000, 0x0000000712400000|  0%| F|  |TAMS 0x0000000712200000, 0x0000000712200000| Untracked 
|  71|0x0000000712400000, 0x0000000712400000, 0x0000000712600000|  0%| F|  |TAMS 0x0000000712400000, 0x0000000712400000| Untracked 
|  72|0x0000000712600000, 0x0000000712600000, 0x0000000712800000|  0%| F|  |TAMS 0x0000000712600000, 0x0000000712600000| Untracked 
|  73|0x0000000712800000, 0x0000000712800000, 0x0000000712a00000|  0%| F|  |TAMS 0x0000000712800000, 0x0000000712800000| Untracked 
|  74|0x0000000712a00000, 0x0000000712a00000, 0x0000000712c00000|  0%| F|  |TAMS 0x0000000712a00000, 0x0000000712a00000| Untracked 
|  75|0x0000000712c00000, 0x0000000712c00000, 0x0000000712e00000|  0%| F|  |TAMS 0x0000000712c00000, 0x0000000712c00000| Untracked 
|  76|0x0000000712e00000, 0x0000000712e00000, 0x0000000713000000|  0%| F|  |TAMS 0x0000000712e00000, 0x0000000712e00000| Untracked 
|  77|0x0000000713000000, 0x0000000713000000, 0x0000000713200000|  0%| F|  |TAMS 0x0000000713000000, 0x0000000713000000| Untracked 
|  78|0x0000000713200000, 0x0000000713200000, 0x0000000713400000|  0%| F|  |TAMS 0x0000000713200000, 0x0000000713200000| Untracked 
|  79|0x0000000713400000, 0x0000000713400000, 0x0000000713600000|  0%| F|  |TAMS 0x0000000713400000, 0x0000000713400000| Untracked 
|  80|0x0000000713600000, 0x0000000713600000, 0x0000000713800000|  0%| F|  |TAMS 0x0000000713600000, 0x0000000713600000| Untracked 
|  81|0x0000000713800000, 0x0000000713800000, 0x0000000713a00000|  0%| F|  |TAMS 0x0000000713800000, 0x0000000713800000| Untracked 
|  82|0x0000000713a00000, 0x0000000713a00000, 0x0000000713c00000|  0%| F|  |TAMS 0x0000000713a00000, 0x0000000713a00000| Untracked 
|  83|0x0000000713c00000, 0x0000000713c00000, 0x0000000713e00000|  0%| F|  |TAMS 0x0000000713c00000, 0x0000000713c00000| Untracked 
|  84|0x0000000713e00000, 0x0000000713e00000, 0x0000000714000000|  0%| F|  |TAMS 0x0000000713e00000, 0x0000000713e00000| Untracked 
|  85|0x0000000714000000, 0x0000000714000000, 0x0000000714200000|  0%| F|  |TAMS 0x0000000714000000, 0x0000000714000000| Untracked 
|  86|0x0000000714200000, 0x0000000714200000, 0x0000000714400000|  0%| F|  |TAMS 0x0000000714200000, 0x0000000714200000| Untracked 
|  87|0x0000000714400000, 0x0000000714400000, 0x0000000714600000|  0%| F|  |TAMS 0x0000000714400000, 0x0000000714400000| Untracked 
|  88|0x0000000714600000, 0x0000000714600000, 0x0000000714800000|  0%| F|  |TAMS 0x0000000714600000, 0x0000000714600000| Untracked 
|  89|0x0000000714800000, 0x0000000714800000, 0x0000000714a00000|  0%| F|  |TAMS 0x0000000714800000, 0x0000000714800000| Untracked 
|  90|0x0000000714a00000, 0x0000000714a00000, 0x0000000714c00000|  0%| F|  |TAMS 0x0000000714a00000, 0x0000000714a00000| Untracked 
|  91|0x0000000714c00000, 0x0000000714c00000, 0x0000000714e00000|  0%| F|  |TAMS 0x0000000714c00000, 0x0000000714c00000| Untracked 
|  92|0x0000000714e00000, 0x0000000714e00000, 0x0000000715000000|  0%| F|  |TAMS 0x0000000714e00000, 0x0000000714e00000| Untracked 
|  93|0x0000000715000000, 0x0000000715000000, 0x0000000715200000|  0%| F|  |TAMS 0x0000000715000000, 0x0000000715000000| Untracked 
|  94|0x0000000715200000, 0x0000000715200000, 0x0000000715400000|  0%| F|  |TAMS 0x0000000715200000, 0x0000000715200000| Untracked 
|  95|0x0000000715400000, 0x0000000715400000, 0x0000000715600000|  0%| F|  |TAMS 0x0000000715400000, 0x0000000715400000| Untracked 
|  96|0x0000000715600000, 0x0000000715600000, 0x0000000715800000|  0%| F|  |TAMS 0x0000000715600000, 0x0000000715600000| Untracked 
|  97|0x0000000715800000, 0x0000000715800000, 0x0000000715a00000|  0%| F|  |TAMS 0x0000000715800000, 0x0000000715800000| Untracked 
|  98|0x0000000715a00000, 0x0000000715a00000, 0x0000000715c00000|  0%| F|  |TAMS 0x0000000715a00000, 0x0000000715a00000| Untracked 
|  99|0x0000000715c00000, 0x0000000715c00000, 0x0000000715e00000|  0%| F|  |TAMS 0x0000000715c00000, 0x0000000715c00000| Untracked 
| 100|0x0000000715e00000, 0x0000000715e00000, 0x0000000716000000|  0%| F|  |TAMS 0x0000000715e00000, 0x0000000715e00000| Untracked 
| 101|0x0000000716000000, 0x0000000716000000, 0x0000000716200000|  0%| F|  |TAMS 0x0000000716000000, 0x0000000716000000| Untracked 
| 102|0x0000000716200000, 0x0000000716200000, 0x0000000716400000|  0%| F|  |TAMS 0x0000000716200000, 0x0000000716200000| Untracked 
| 103|0x0000000716400000, 0x0000000716400000, 0x0000000716600000|  0%| F|  |TAMS 0x0000000716400000, 0x0000000716400000| Untracked 
| 104|0x0000000716600000, 0x0000000716600000, 0x0000000716800000|  0%| F|  |TAMS 0x0000000716600000, 0x0000000716600000| Untracked 
| 105|0x0000000716800000, 0x0000000716800000, 0x0000000716a00000|  0%| F|  |TAMS 0x0000000716800000, 0x0000000716800000| Untracked 
| 106|0x0000000716a00000, 0x0000000716a00000, 0x0000000716c00000|  0%| F|  |TAMS 0x0000000716a00000, 0x0000000716a00000| Untracked 
| 107|0x0000000716c00000, 0x0000000716c00000, 0x0000000716e00000|  0%| F|  |TAMS 0x0000000716c00000, 0x0000000716c00000| Untracked 
| 108|0x0000000716e00000, 0x0000000716e00000, 0x0000000717000000|  0%| F|  |TAMS 0x0000000716e00000, 0x0000000716e00000| Untracked 
| 109|0x0000000717000000, 0x0000000717000000, 0x0000000717200000|  0%| F|  |TAMS 0x0000000717000000, 0x0000000717000000| Untracked 
| 110|0x0000000717200000, 0x0000000717200000, 0x0000000717400000|  0%| F|  |TAMS 0x0000000717200000, 0x0000000717200000| Untracked 
| 111|0x0000000717400000, 0x0000000717400000, 0x0000000717600000|  0%| F|  |TAMS 0x0000000717400000, 0x0000000717400000| Untracked 
| 112|0x0000000717600000, 0x0000000717600000, 0x0000000717800000|  0%| F|  |TAMS 0x0000000717600000, 0x0000000717600000| Untracked 
| 113|0x0000000717800000, 0x0000000717a00000, 0x0000000717a00000|100%| E|  |TAMS 0x0000000717800000, 0x0000000717800000| Complete 
| 114|0x0000000717a00000, 0x0000000717c00000, 0x0000000717c00000|100%| E|CS|TAMS 0x0000000717a00000, 0x0000000717a00000| Complete 
| 115|0x0000000717c00000, 0x0000000717e00000, 0x0000000717e00000|100%| E|CS|TAMS 0x0000000717c00000, 0x0000000717c00000| Complete 
| 116|0x0000000717e00000, 0x0000000718000000, 0x0000000718000000|100%| E|CS|TAMS 0x0000000717e00000, 0x0000000717e00000| Complete 
| 117|0x0000000718000000, 0x0000000718200000, 0x0000000718200000|100%| E|CS|TAMS 0x0000000718000000, 0x0000000718000000| Complete 
| 118|0x0000000718200000, 0x0000000718400000, 0x0000000718400000|100%| E|CS|TAMS 0x0000000718200000, 0x0000000718200000| Complete 
| 119|0x0000000718400000, 0x0000000718600000, 0x0000000718600000|100%| E|CS|TAMS 0x0000000718400000, 0x0000000718400000| Complete 
| 120|0x0000000718600000, 0x0000000718800000, 0x0000000718800000|100%| E|CS|TAMS 0x0000000718600000, 0x0000000718600000| Complete 
| 121|0x0000000718800000, 0x0000000718a00000, 0x0000000718a00000|100%| E|CS|TAMS 0x0000000718800000, 0x0000000718800000| Complete 
| 122|0x0000000718a00000, 0x0000000718c00000, 0x0000000718c00000|100%| E|CS|TAMS 0x0000000718a00000, 0x0000000718a00000| Complete 
| 123|0x0000000718c00000, 0x0000000718e00000, 0x0000000718e00000|100%| E|CS|TAMS 0x0000000718c00000, 0x0000000718c00000| Complete 

Card table byte_map: [0x00000208a79d0000,0x00000208a8190000] _byte_map_base: 0x00000208a4185000

Marking Bits (Prev, Next): (CMBitMap*) 0x000002088fefda70, (CMBitMap*) 0x000002088fefdab0
 Prev Bits: [0x00000208a8950000, 0x00000208ac6f8000)
 Next Bits: [0x00000208ac700000, 0x00000208b04a8000)

Polling page: 0x000002088de70000

Metaspace:

Usage:
  Non-class:      6.08 MB used.
      Class:    751.62 KB used.
       Both:      6.81 MB used.

Virtual space:
  Non-class space:        8.00 MB reserved,       6.12 MB ( 77%) committed,  1 nodes.
      Class space:        1.00 GB reserved,     832.00 KB ( <1%) committed,  1 nodes.
             Both:        1.01 GB reserved,       6.94 MB ( <1%) committed. 

Chunk freelists:
   Non-Class:  1.88 MB
       Class:  3.22 MB
        Both:  5.10 MB

MaxMetaspaceSize: unlimited
CompressedClassSpaceSize: 1.00 GB
Initial GC threshold: 21.00 MB
Current GC threshold: 21.00 MB
CDS: on
MetaspaceReclaimPolicy: balanced
 - commit_granule_bytes: 65536.
 - commit_granule_words: 8192.
 - virtual_space_node_default_size: 1048576.
 - enlarge_chunks_in_place: 1.
 - new_chunks_are_fully_committed: 0.
 - uncommit_free_chunks: 1.
 - use_allocation_guard: 0.
 - handle_deallocations: 1.


Internal statistics:

num_allocs_failed_limit: 0.
num_arena_births: 128.
num_arena_deaths: 0.
num_vsnodes_births: 2.
num_vsnodes_deaths: 0.
num_space_committed: 111.
num_space_uncommitted: 0.
num_chunks_returned_to_freelist: 0.
num_chunks_taken_from_freelist: 178.
num_chunk_merges: 0.
num_chunk_splits: 105.
num_chunks_enlarged: 51.
num_purges: 0.
num_inconsistent_stats: 0.

CodeHeap 'non-profiled nmethods': size=119168Kb used=439Kb max_used=439Kb free=118728Kb
 bounds [0x000002089f520000, 0x000002089f790000, 0x00000208a6980000]
CodeHeap 'profiled nmethods': size=119104Kb used=1598Kb max_used=1598Kb free=117505Kb
 bounds [0x00000208980d0000, 0x0000020898340000, 0x000002089f520000]
CodeHeap 'non-nmethods': size=7488Kb used=2384Kb max_used=2411Kb free=5103Kb
 bounds [0x0000020897980000, 0x0000020897bf0000, 0x00000208980d0000]
 total_blobs=1710 nmethods=1130 adapters=491
 compilation: enabled
              stopped_count=0, restarted_count=0
 full_count=0

Compilation events (20 events):
Event: 1.108 Thread 0x00000208b410e180 1115       3       summit.game.tile.TileStack::paint (40 bytes)
Event: 1.109 Thread 0x00000208b410e180 nmethod 1115 0x000002089825d090 code [0x000002089825d2a0, 0x000002089825daf8]
Event: 1.117 Thread 0x00000208b346d040 1116 %     4       summit.gfx.Renderer::rotate @ 21 (62 bytes)
Event: 1.122 Thread 0x00000208b410e180 1117       3       summit.gfx.Renderer::toIntRGB (51 bytes)
Event: 1.122 Thread 0x00000208b3475af0 1118       3       summit.gfx.Renderer::fillRect (70 bytes)
Event: 1.122 Thread 0x00000208b410e180 nmethod 1117 0x000002089825dd90 code [0x000002089825df20, 0x000002089825e118]
Event: 1.122 Thread 0x00000208b3475af0 nmethod 1118 0x000002089825e190 code [0x000002089825e360, 0x000002089825e858]
Event: 1.123 Thread 0x00000208b346d040 nmethod 1116% 0x000002089f588290 code [0x000002089f588420, 0x000002089f588858]
Event: 1.123 Thread 0x00000208b3475af0 1119 %     3       summit.gfx.Renderer::filterFrame @ 10 (57 bytes)
Event: 1.124 Thread 0x00000208b3475af0 nmethod 1119% 0x000002089825ea90 code [0x000002089825ec60, 0x000002089825f0c8]
Event: 1.124 Thread 0x00000208b3475af0 1120       3       summit.gfx.Renderer::filterFrame (57 bytes)
Event: 1.124 Thread 0x00000208b3475af0 nmethod 1120 0x000002089825f390 code [0x000002089825f560, 0x000002089825f928]
Event: 1.130 Thread 0x00000208b346d040 1121       4       summit.gfx.Renderer::rotate (62 bytes)
Event: 1.134 Thread 0x00000208b3475af0 1122       1       summit.game.entity.Entity::inWater (5 bytes)
Event: 1.134 Thread 0x00000208b4107850 1123       1       summit.game.GameUpdateEvent::getDeltaTime (5 bytes)
Event: 1.134 Thread 0x00000208b3475af0 nmethod 1122 0x000002089f588a90 code [0x000002089f588c20, 0x000002089f588cf8]
Event: 1.134 Thread 0x00000208b4107850 nmethod 1123 0x000002089f588d90 code [0x000002089f588f20, 0x000002089f588ff8]
Event: 1.138 Thread 0x00000208b346d040 nmethod 1121 0x000002089f589090 code [0x000002089f589220, 0x000002089f589798]
Event: 1.145 Thread 0x00000208b4861130 1124 %     4       summit.gfx.Renderer::filterFrame @ 10 (57 bytes)
Event: 1.151 Thread 0x00000208b4860c20 nmethod 1113 0x000002089f589a90 code [0x000002089f589ca0, 0x000002089f58b508]

GC Heap History (0 events):
No events

Deoptimization events (20 events):
Event: 1.101 Thread 0x00000208b48ad880 DEOPT PACKING pc=0x00000208982577f9 sp=0x000000dc430fef50
Event: 1.101 Thread 0x00000208b48ad880 DEOPT UNPACKING pc=0x00000208979d2b43 sp=0x000000dc430fe3f8 mode 0
Event: 1.102 Thread 0x00000208b48ad880 DEOPT PACKING pc=0x00000208982577f9 sp=0x000000dc430fef50
Event: 1.102 Thread 0x00000208b48ad880 DEOPT UNPACKING pc=0x00000208979d2b43 sp=0x000000dc430fe3f8 mode 0
Event: 1.103 Thread 0x00000208b48ad880 DEOPT PACKING pc=0x00000208982577f9 sp=0x000000dc430fef50
Event: 1.103 Thread 0x00000208b48ad880 DEOPT UNPACKING pc=0x00000208979d2b43 sp=0x000000dc430fe3f8 mode 0
Event: 1.103 Thread 0x00000208b48ad880 DEOPT PACKING pc=0x00000208982577f9 sp=0x000000dc430fef50
Event: 1.103 Thread 0x00000208b48ad880 DEOPT UNPACKING pc=0x00000208979d2b43 sp=0x000000dc430fe3f8 mode 0
Event: 1.104 Thread 0x00000208b48ad880 DEOPT PACKING pc=0x00000208982577f9 sp=0x000000dc430fef50
Event: 1.104 Thread 0x00000208b48ad880 DEOPT UNPACKING pc=0x00000208979d2b43 sp=0x000000dc430fe3f8 mode 0
Event: 1.105 Thread 0x00000208b48ad880 DEOPT PACKING pc=0x00000208982577f9 sp=0x000000dc430fef50
Event: 1.105 Thread 0x00000208b48ad880 DEOPT UNPACKING pc=0x00000208979d2b43 sp=0x000000dc430fe3f8 mode 0
Event: 1.118 Thread 0x00000208b48abc10 Uncommon trap: trap_request=0xffffff45 fr.pc=0x000002089f5864d0 relative=0x00000000000003b0
Event: 1.118 Thread 0x00000208b48abc10 Uncommon trap: reason=unstable_if action=reinterpret pc=0x000002089f5864d0 method=summit.gfx.Renderer.inArrBounds(IIII)Z @ 15 c2
Event: 1.118 Thread 0x00000208b48abc10 DEOPT PACKING pc=0x000002089f5864d0 sp=0x000000dc42cfee20
Event: 1.118 Thread 0x00000208b48abc10 DEOPT UNPACKING pc=0x00000208979d23a3 sp=0x000000dc42cfed28 mode 2
Event: 1.130 Thread 0x00000208b48abc10 DEOPT PACKING pc=0x000002089825cd9d sp=0x000000dc42cfed70
Event: 1.130 Thread 0x00000208b48abc10 DEOPT UNPACKING pc=0x00000208979d2b43 sp=0x000000dc42cfe200 mode 0
Event: 1.135 Thread 0x00000208b48abc10 DEOPT PACKING pc=0x000002089825cd9d sp=0x000000dc42cfece0
Event: 1.135 Thread 0x00000208b48abc10 DEOPT UNPACKING pc=0x00000208979d2b43 sp=0x000000dc42cfe170 mode 0

Classes unloaded (0 events):
No events

Classes redefined (0 events):
No events

Internal exceptions (13 events):
Event: 0.051 Thread 0x00000208b414c8d0 Exception <a 'java/lang/ClassNotFoundException'{0x0000000718a2c1c8}: sun/awt/resources/spi/awtProvider> (0x0000000718a2c1c8) 
thrown [e:\jenkins\tmp\workspace\build\src\src\hotspot\share\classfile\systemDictionary.cpp, line 256]
Event: 0.071 Thread 0x00000208b414c8d0 Exception <a 'java/io/FileNotFoundException'{0x0000000718b666c8}> (0x0000000718b666c8) 
thrown [e:\jenkins\tmp\workspace\build\src\src\hotspot\share\prims\jni.cpp, line 516]
Event: 0.076 Thread 0x00000208b414c8d0 Exception <a 'java/io/FileNotFoundException'{0x0000000718b93620}> (0x0000000718b93620) 
thrown [e:\jenkins\tmp\workspace\build\src\src\hotspot\share\prims\jni.cpp, line 516]
Event: 0.089 Thread 0x00000208b414c8d0 Exception <a 'java/lang/NoSuchMethodError'{0x0000000718bc8fd0}: 'java.lang.Object java.lang.invoke.DirectMethodHandle$Holder.invokeStaticInit(java.lang.Object)'> (0x0000000718bc8fd0) 
thrown [e:\jenkins\tmp\workspace\build\src\src\hotspot\share\interpreter\linkResolver.cpp, line 766]
Event: 0.237 Thread 0x00000208b414c8d0 Exception <a 'java/lang/NoSuchMethodError'{0x0000000718762a58}: 'void java.lang.invoke.DirectMethodHandle$Holder.invokeSpecial(java.lang.Object, java.lang.Object, java.lang.Object)'> (0x0000000718762a58) 
thrown [e:\jenkins\tmp\workspace\build\src\src\hotspot\share\interpreter\linkResolver.cpp, line 766]
Event: 0.243 Thread 0x00000208b414c8d0 Exception <a 'java/lang/NoSuchMethodError'{0x000000071878ccf0}: 'java.lang.Object java.lang.invoke.DirectMethodHandle$Holder.newInvokeSpecial(java.lang.Object, java.lang.Object, java.lang.Object, java.lang.Object, java.lang.Object)'> (0x000000071878ccf0) 
thrown [e:\jenkins\tmp\workspace\build\src\src\hotspot\share\interpreter\linkResolver.cpp, line 766]
Event: 0.244 Thread 0x00000208b414c8d0 Exception <a 'java/lang/NoSuchMethodError'{0x00000007187986b8}: 'java.lang.Object java.lang.invoke.DirectMethodHandle$Holder.invokeStatic(java.lang.Object, int, java.lang.Object, java.lang.Object, java.lang.Object, java.lang.Object)'> (0x00000007187986b8) 
thrown [e:\jenkins\tmp\workspace\build\src\src\hotspot\share\interpreter\linkResolver.cpp, line 766]
Event: 0.247 Thread 0x00000208b414c8d0 Exception <a 'java/lang/NoSuchMethodError'{0x00000007187bddd8}: 'java.lang.Object java.lang.invoke.DirectMethodHandle$Holder.invokeStatic(java.lang.Object, int, java.lang.Object)'> (0x00000007187bddd8) 
thrown [e:\jenkins\tmp\workspace\build\src\src\hotspot\share\interpreter\linkResolver.cpp, line 766]
Event: 0.265 Thread 0x00000208b414c8d0 Exception <a 'java/lang/ClassNotFoundException'{0x0000000718476168}: com/sun/swing/internal/plaf/metal/resources/spi/metalProvider> (0x0000000718476168) 
thrown [e:\jenkins\tmp\workspace\build\src\src\hotspot\share\classfile\systemDictionary.cpp, line 256]
Event: 0.266 Thread 0x00000208b414c8d0 Exception <a 'java/lang/ClassNotFoundException'{0x000000071847a040}: com/sun/swing/internal/plaf/basic/resources/spi/basicProvider> (0x000000071847a040) 
thrown [e:\jenkins\tmp\workspace\build\src\src\hotspot\share\classfile\systemDictionary.cpp, line 256]
Event: 0.279 Thread 0x00000208b4340930 Exception <a 'java/lang/NoSuchMethodError'{0x0000000718680998}: 'void java.lang.invoke.DirectMethodHandle$Holder.invokeVirtual(java.lang.Object, java.lang.Object)'> (0x0000000718680998) 
thrown [e:\jenkins\tmp\workspace\build\src\src\hotspot\share\interpreter\linkResolver.cpp, line 766]
Event: 0.290 Thread 0x00000208b414c8d0 Exception <a 'java/lang/NoSuchMethodError'{0x00000007184b8050}: 'void java.lang.invoke.DirectMethodHandle$Holder.invokeStaticInit(java.lang.Object)'> (0x00000007184b8050) 
thrown [e:\jenkins\tmp\workspace\build\src\src\hotspot\share\interpreter\linkResolver.cpp, line 766]
Event: 1.067 Thread 0x00000208b4850de0 Implicit null exception at 0x000002089f577f8b to 0x000002089f5781e4

VM Operations (12 events):
Event: 0.038 Executing VM operation: HandshakeAllThreads
Event: 0.038 Executing VM operation: HandshakeAllThreads done
Event: 0.265 Executing VM operation: HandshakeAllThreads
Event: 0.265 Executing VM operation: HandshakeAllThreads done
Event: 0.307 Executing VM operation: HandshakeAllThreads
Event: 0.307 Executing VM operation: HandshakeAllThreads done
Event: 0.334 Executing VM operation: HandshakeAllThreads
Event: 0.334 Executing VM operation: HandshakeAllThreads done
Event: 1.030 Executing VM operation: HandshakeAllThreads
Event: 1.030 Executing VM operation: HandshakeAllThreads done
Event: 1.030 Executing VM operation: Cleanup
Event: 1.030 Executing VM operation: Cleanup done

Events (20 events):
Event: 0.357 loading class java/awt/TextComponent done
Event: 0.357 loading class javax/swing/text/JTextComponent
Event: 0.357 loading class javax/swing/Scrollable
Event: 0.357 loading class javax/swing/Scrollable done
Event: 0.358 loading class javax/swing/text/JTextComponent done
Event: 0.360 loading class java/awt/event/MouseWheelEvent
Event: 0.360 loading class java/awt/event/MouseWheelEvent done
Event: 0.368 loading class sun/awt/image/BufImgSurfaceManager
Event: 0.368 loading class sun/awt/image/BufImgSurfaceManager done
Event: 0.368 loading class sun/awt/image/BufImgSurfaceData
Event: 0.368 loading class sun/awt/image/BufImgSurfaceData done
Event: 0.369 loading class sun/awt/image/BufImgSurfaceData$ICMColorData
Event: 0.369 loading class sun/awt/image/BufImgSurfaceData$ICMColorData done
Event: 0.686 Thread 0x00000208b43055b0 Thread exited: 0x00000208b43055b0
Event: 1.028 loading class java/lang/Math$RandomNumberGeneratorHolder
Event: 1.028 loading class java/lang/Math$RandomNumberGeneratorHolder done
Event: 1.064 Thread 0x00000208b4860c20 Thread added: 0x00000208b4860c20
Event: 1.064 Thread 0x00000208b4861130 Thread added: 0x00000208b4861130
Event: 1.064 Thread 0x00000208b4861640 Thread added: 0x00000208b4861640
Event: 1.077 Thread 0x00000208b48ad880 Thread added: 0x00000208b48ad880


Dynamic libraries:
0x00007ff7039e0000 - 0x00007ff7039ee000 	C:\Users\aadiu\AppData\Local\Programs\Eclipse Adoptium\jdk-17.0.2.8-hotspot\bin\java.exe
0x00007ffb36970000 - 0x00007ffb36b68000 	C:\Windows\SYSTEM32\ntdll.dll
0x00007ffb352a0000 - 0x00007ffb3535f000 	C:\Windows\System32\KERNEL32.DLL
0x00007ffb34310000 - 0x00007ffb345e2000 	C:\Windows\System32\KERNELBASE.dll
0x00007ffb34110000 - 0x00007ffb34210000 	C:\Windows\System32\ucrtbase.dll
0x00007ffb19810000 - 0x00007ffb19829000 	C:\Users\aadiu\AppData\Local\Programs\Eclipse Adoptium\jdk-17.0.2.8-hotspot\bin\VCRUNTIME140.dll
0x00007ffb18720000 - 0x00007ffb18738000 	C:\Users\aadiu\AppData\Local\Programs\Eclipse Adoptium\jdk-17.0.2.8-hotspot\bin\jli.dll
0x00007ffb35530000 - 0x00007ffb356cd000 	C:\Windows\System32\USER32.dll
0x00007ffb34720000 - 0x00007ffb34742000 	C:\Windows\System32\win32u.dll
0x00007ffb20b10000 - 0x00007ffb20daa000 	C:\Windows\WinSxS\amd64_microsoft.windows.common-controls_6595b64144ccf1df_6.0.19041.1110_none_60b5254171f9507e\COMCTL32.dll
0x00007ffb35fa0000 - 0x00007ffb35fcb000 	C:\Windows\System32\GDI32.dll
0x00007ffb35f00000 - 0x00007ffb35f9e000 	C:\Windows\System32\msvcrt.dll
0x00007ffb34750000 - 0x00007ffb3485f000 	C:\Windows\System32\gdi32full.dll
0x00007ffb345f0000 - 0x00007ffb3468d000 	C:\Windows\System32\msvcp_win.dll
0x00007ffb356f0000 - 0x00007ffb35722000 	C:\Windows\System32\IMM32.DLL
0x00007ffb30c00000 - 0x00007ffb30c0c000 	C:\Users\aadiu\AppData\Local\Programs\Eclipse Adoptium\jdk-17.0.2.8-hotspot\bin\vcruntime140_1.dll
0x00007ffb0bbf0000 - 0x00007ffb0bc81000 	C:\Users\aadiu\AppData\Local\Programs\Eclipse Adoptium\jdk-17.0.2.8-hotspot\bin\msvcp140.dll
0x00007ffabe380000 - 0x00007ffabefc7000 	C:\Users\aadiu\AppData\Local\Programs\Eclipse Adoptium\jdk-17.0.2.8-hotspot\bin\server\jvm.dll
0x00007ffb34ec0000 - 0x00007ffb34f6e000 	C:\Windows\System32\ADVAPI32.dll
0x00007ffb35e60000 - 0x00007ffb35efc000 	C:\Windows\System32\sechost.dll
0x00007ffb35ba0000 - 0x00007ffb35cc5000 	C:\Windows\System32\RPCRT4.dll
0x00007ffb34eb0000 - 0x00007ffb34eb8000 	C:\Windows\System32\PSAPI.DLL
0x00007ffb1d990000 - 0x00007ffb1d999000 	C:\Windows\SYSTEM32\WSOCK32.dll
0x00007ffb31d40000 - 0x00007ffb31d67000 	C:\Windows\SYSTEM32\WINMM.dll
0x00007ffb2d720000 - 0x00007ffb2d72a000 	C:\Windows\SYSTEM32\VERSION.dll
0x00007ffb35160000 - 0x00007ffb351cb000 	C:\Windows\System32\WS2_32.dll
0x00007ffb31fa0000 - 0x00007ffb31fb2000 	C:\Windows\SYSTEM32\kernel.appcore.dll
0x00007ffb2e4e0000 - 0x00007ffb2e4ea000 	C:\Users\aadiu\AppData\Local\Programs\Eclipse Adoptium\jdk-17.0.2.8-hotspot\bin\jimage.dll
0x00007ffb31b50000 - 0x00007ffb31d34000 	C:\Windows\SYSTEM32\DBGHELP.DLL
0x00007ffb31b20000 - 0x00007ffb31b4c000 	C:\Windows\SYSTEM32\dbgcore.DLL
0x00007ffb34690000 - 0x00007ffb34712000 	C:\Windows\System32\bcryptPrimitives.dll
0x00007ffb18360000 - 0x00007ffb18385000 	C:\Users\aadiu\AppData\Local\Programs\Eclipse Adoptium\jdk-17.0.2.8-hotspot\bin\java.dll
0x00007ffaec690000 - 0x00007ffaec766000 	C:\Users\aadiu\AppData\Local\Programs\Eclipse Adoptium\jdk-17.0.2.8-hotspot\bin\jsvml.dll
0x00007ffb35fd0000 - 0x00007ffb36713000 	C:\Windows\System32\SHELL32.dll
0x00007ffb32130000 - 0x00007ffb328c2000 	C:\Windows\SYSTEM32\windows.storage.dll
0x00007ffb34ad0000 - 0x00007ffb34e24000 	C:\Windows\System32\combase.dll
0x00007ffb33a60000 - 0x00007ffb33a90000 	C:\Windows\SYSTEM32\Wldp.dll
0x00007ffb349c0000 - 0x00007ffb34a6d000 	C:\Windows\System32\SHCORE.dll
0x00007ffb35020000 - 0x00007ffb35075000 	C:\Windows\System32\shlwapi.dll
0x00007ffb33fb0000 - 0x00007ffb33fcf000 	C:\Windows\SYSTEM32\profapi.dll
0x00007ffae9d80000 - 0x00007ffae9f0e000 	C:\Users\aadiu\AppData\Local\Programs\Eclipse Adoptium\jdk-17.0.2.8-hotspot\bin\awt.dll
0x00007ffb351d0000 - 0x00007ffb3529d000 	C:\Windows\System32\OLEAUT32.dll
0x00007ffb31300000 - 0x00007ffb31391000 	C:\Windows\SYSTEM32\apphelp.dll
0x00007ffb18260000 - 0x00007ffb18278000 	C:\Users\aadiu\AppData\Local\Programs\Eclipse Adoptium\jdk-17.0.2.8-hotspot\bin\zip.dll
0x00007ffb31410000 - 0x00007ffb314ae000 	C:\Windows\system32\uxtheme.dll
0x00007ffb353f0000 - 0x00007ffb35505000 	C:\Windows\System32\MSCTF.dll
0x00007ffb35cd0000 - 0x00007ffb35dfa000 	C:\Windows\System32\ole32.dll
0x00007ffb31590000 - 0x00007ffb315bf000 	C:\Windows\system32\DWMAPI.DLL
0x00007ffadadb0000 - 0x00007ffadaed5000 	C:\Windows\system32\opengl32.dll
0x00007ffada100000 - 0x00007ffada12c000 	C:\Windows\SYSTEM32\GLU32.dll
0x00007ffb269b0000 - 0x00007ffb26b7f000 	C:\Windows\system32\d3d9.dll
0x00007ffb28d70000 - 0x00007ffb28f28000 	C:\Windows\System32\DriverStore\FileRepository\u0370468.inf_amd64_5e4260b11257b6e9\B370372\aticfx64.dll
0x00007ffb17fb0000 - 0x00007ffb17fe4000 	C:\Windows\System32\DriverStore\FileRepository\u0370468.inf_amd64_5e4260b11257b6e9\B370372\atiu9p64.dll
0x00007ffabd620000 - 0x00007ffabe374000 	C:\Windows\System32\DriverStore\FileRepository\u0370468.inf_amd64_5e4260b11257b6e9\B370372\atiumd64.dll
0x000000006c4b0000 - 0x000000006d324000 	C:\Windows\System32\DriverStore\FileRepository\u0370468.inf_amd64_5e4260b11257b6e9\B370372\atiumd6a.dll
0x00007ffb35730000 - 0x00007ffb35b98000 	C:\Windows\System32\SETUPAPI.dll
0x00007ffb34210000 - 0x00007ffb3425e000 	C:\Windows\System32\cfgmgr32.dll
0x00007ffb33e30000 - 0x00007ffb33e7b000 	C:\Windows\SYSTEM32\POWRPROF.dll
0x00007ffb34070000 - 0x00007ffb34097000 	C:\Windows\System32\bcrypt.dll
0x00007ffb33e10000 - 0x00007ffb33e22000 	C:\Windows\SYSTEM32\UMPDC.dll
0x00007ffb29180000 - 0x00007ffb291b0000 	C:\Windows\SYSTEM32\amdihk64.dll
0x00007ffb29960000 - 0x00007ffb2999b000 	C:\Windows\SYSTEM32\dxcore.dll
0x00007ffb0d970000 - 0x00007ffb0d9f9000 	C:\Users\aadiu\AppData\Local\Programs\Eclipse Adoptium\jdk-17.0.2.8-hotspot\bin\freetype.dll
0x00007ffb0bb40000 - 0x00007ffb0bbe8000 	C:\Users\aadiu\AppData\Local\Programs\Eclipse Adoptium\jdk-17.0.2.8-hotspot\bin\fontmanager.dll
0x00007ffb28f30000 - 0x00007ffb29029000 	C:\Windows\SYSTEM32\textinputframework.dll
0x00007ffb30e70000 - 0x00007ffb311ce000 	C:\Windows\System32\CoreUIComponents.dll
0x00007ffb309d0000 - 0x00007ffb30ac2000 	C:\Windows\System32\CoreMessaging.dll
0x00007ffb33190000 - 0x00007ffb331c3000 	C:\Windows\SYSTEM32\ntmarta.dll
0x00007ffb30200000 - 0x00007ffb30354000 	C:\Windows\SYSTEM32\wintypes.dll

dbghelp: loaded successfully - version: 4.0.5 - missing functions: none
symbol engine: initialized successfully - sym options: 0x614 - pdb path: .;C:\Users\aadiu\AppData\Local\Programs\Eclipse Adoptium\jdk-17.0.2.8-hotspot\bin;C:\Windows\SYSTEM32;C:\Windows\WinSxS\amd64_microsoft.windows.common-controls_6595b64144ccf1df_6.0.19041.1110_none_60b5254171f9507e;C:\Users\aadiu\AppData\Local\Programs\Eclipse Adoptium\jdk-17.0.2.8-hotspot\bin\server;C:\Windows\System32\DriverStore\FileRepository\u0370468.inf_amd64_5e4260b11257b6e9\B370372

VM Arguments:
jvm_args: -XX:+ShowCodeDetailsInExceptionMessages 
java_command: summit.Main
java_class_path (initial): C:\Users\aadiu\AppData\Roaming\Code\User\workspaceStorage\929b6f7fce9865a60d0bbe8b6a275a21\redhat.java\jdt_ws\Summit Game_948de7c9\bin
Launcher Type: SUN_STANDARD

[Global flags]
     intx CICompilerCount                          = 12                                        {product} {ergonomic}
     uint ConcGCThreads                            = 3                                         {product} {ergonomic}
     uint G1ConcRefinementThreads                  = 13                                        {product} {ergonomic}
   size_t G1HeapRegionSize                         = 2097152                                   {product} {ergonomic}
    uintx GCDrainStackTargetSize                   = 64                                        {product} {ergonomic}
   size_t InitialHeapSize                          = 260046848                                 {product} {ergonomic}
   size_t MarkStackSize                            = 4194304                                   {product} {ergonomic}
   size_t MaxHeapSize                              = 4137680896                                {product} {ergonomic}
   size_t MaxNewSize                               = 2480930816                                {product} {ergonomic}
   size_t MinHeapDeltaBytes                        = 2097152                                   {product} {ergonomic}
   size_t MinHeapSize                              = 8388608                                   {product} {ergonomic}
    uintx NonNMethodCodeHeapSize                   = 7602480                                {pd product} {ergonomic}
    uintx NonProfiledCodeHeapSize                  = 122027880                              {pd product} {ergonomic}
    uintx ProfiledCodeHeapSize                     = 122027880                              {pd product} {ergonomic}
    uintx ReservedCodeCacheSize                    = 251658240                              {pd product} {ergonomic}
     bool SegmentedCodeCache                       = true                                      {product} {ergonomic}
     bool ShowCodeDetailsInExceptionMessages       = true                                   {manageable} {command line}
   size_t SoftMaxHeapSize                          = 4137680896                             {manageable} {ergonomic}
     bool UseCompressedClassPointers               = true                           {product lp64_product} {ergonomic}
     bool UseCompressedOops                        = true                           {product lp64_product} {ergonomic}
     bool UseG1GC                                  = true                                      {product} {ergonomic}
     bool UseLargePagesIndividualAllocation        = false                                  {pd product} {ergonomic}

Logging:
Log output configuration:
 #0: stdout all=warning uptime,level,tags
 #1: stderr all=off uptime,level,tags

Environment Variables:
JAVA_HOME=C:\Users\aadiu\AppData\Local\Programs\Eclipse Adoptium\jdk-17.0.2.8-hotspot\
PATH=C:\Program Files (x86)\Razer Chroma SDK\bin;C:\Program Files\Razer Chroma SDK\bin;C:\Program Files (x86)\Razer\ChromaBroadcast\bin;C:\Program Files\Razer\ChromaBroadcast\bin;C:\Program Files (x86)\Common Files\Oracle\Java\javapath;C:\Program Files\Python38\Scripts\;C:\Program Files\Python38\;C:\Windows\system32;C:\Windows;C:\Windows\System32\Wbem;C:\Windows\System32\WindowsPowerShell\v1.0\;C:\Windows\System32\OpenSSH\;C:\Program Files (x86)\NVIDIA Corporation\PhysX\Common;C:\Program Files\NVIDIA Corporation\NVIDIA NvDLISR;C:\Users\aadiu\AppData\Local\Microsoft\WindowsApps;C:\Users\aadiu\AppData\Local\Programs\Microsoft VS Code\bin;C:\Windows\system32\config\systemprofile\AppData\Local\Microsoft\WindowsApps;C:\Program Files\dotnet\;C:\Program Files\Git\cmd;C:\MinGW\bin\;C:\Program Files (x86)\Windows Kits\10\Windows Performance Toolkit\;C:\Users\aadiu\AppData\Local\Programs\Eclipse Adoptium\jdk-17.0.2.8-hotspot\bin;C:\Users\aadiu\AppData\Local\Microsoft\WindowsApps;C:\Users\aadiu\AppData\Local\Programs\Microsoft VS Code\bin;C:\Users\aadiu\AppData\Local\GitHubDesktop\bin
USERNAME=aadiu
LANG=en_US.UTF-8
OS=Windows_NT
PROCESSOR_IDENTIFIER=AMD64 Family 25 Model 80 Stepping 0, AuthenticAMD



---------------  S Y S T E M  ---------------

OS:
 Windows 10 , 64 bit Build 19041 (10.0.19041.2251)
OS uptime: 1 days 11:28 hours

CPU: total 16 (initial active 16) (16 cores per cpu, 2 threads per core) family 25 model 80 stepping 0 microcode 0x0, cx8, cmov, fxsr, ht, mmx, 3dnowpref, sse, sse2, sse3, ssse3, sse4a, sse4.1, sse4.2, popcnt, lzcnt, tsc, tscinvbit, avx, avx2, aes, erms, clmul, bmi1, bmi2, adx, sha, fma, vzeroupper, clflush, clflushopt

Memory: 4k page, system-wide physical 15776M (7112M free)
TotalPageFile size 20128M (AvailPageFile size 6771M)
current process WorkingSet (physical memory assigned to process): 111M, peak: 112M
current process commit charge ("private bytes"): 427M, peak: 428M

vm_info: OpenJDK 64-Bit Server VM (17.0.2+8) for windows-amd64 JRE (17.0.2+8), built on Jan 20 2022 04:52:34 by "" with MS VC++ 16.7 (VS2019)

END.
