#
# A fatal error has been detected by the Java Runtime Environment:
#
#  EXCEPTION_ACCESS_VIOLATION (0xc0000005) at pc=0x0000020834a1ee4b, pid=22092, tid=2540
#
# JRE version: OpenJDK Runtime Environment Temurin-17.0.2+8 (17.0.2+8) (build 17.0.2+8)
# Java VM: OpenJDK 64-Bit Server VM Temurin-17.0.2+8 (17.0.2+8, mixed mode, sharing, tiered, compressed oops, compressed class ptrs, g1 gc, windows-amd64)
# Problematic frame:
# J 1278 c2 summit.gfx.Renderer.render(Ljava/lang/String;FFILsummit/gfx/ColorFilter;)V (276 bytes) @ 0x0000020834a1ee4b [0x0000020834a1e1a0+0x0000000000000cab]
#
# No core dump will be written. Minidumps are not enabled by default on client versions of Windows
#
# If you would like to submit a bug report, please visit:
#   https://github.com/adoptium/adoptium-support/issues
#

---------------  S U M M A R Y ------------

Command Line: -XX:+ShowCodeDetailsInExceptionMessages summit.Main

Host: AMD Ryzen 9 5900HS with Radeon Graphics        , 16 cores, 15G,  Windows 10 , 64 bit Build 19041 (10.0.19041.2251)
Time: Mon Nov 14 19:23:18 2022 Central Standard Time elapsed time: 12.900418 seconds (0d 0h 0m 12s)

---------------  T H R E A D  ---------------

Current thread (0x000002084a480f20):  JavaThread "Thread-2" [_thread_in_Java, id=2540, stack(0x0000008310600000,0x0000008310700000)]

Stack: [0x0000008310600000,0x0000008310700000],  sp=0x00000083106fef40,  free space=1019k
Native frames: (J=compiled Java code, j=interpreted, Vv=VM code, C=native code)
C  0x0000020834a1ee4b


siginfo: EXCEPTION_ACCESS_VIOLATION (0xc0000005), reading address 0x0000000b1763ea2c


Register to memory mapping:

RIP=0x0000020834a1ee4b is at entry_point+3243 in (nmethod*)0x0000020834a1df90
RAX=0x00000000ffffffec is an unknown value
RBX=3807149384 is a compressed pointer to object: [[I 
{0x000000071763ea40} - klass: {type array int}[]
 - length: 144
RCX=0x00000000fffffff7 is an unknown value
RDX=0x0 is NULL
RSP=0x00000083106fef40 is pointing into the stack for thread: 0x000002084a480f20
RBP=0x0000000000000090 is an unknown value
RSI=0x0 is NULL
RDI=0x0000000000000100 is an unknown value
R8 =0x0000000000000010 is an unknown value
R9 =0x000000071763cd80 is an oop: summit.gfx.Renderer 
{0x000000071763cd80} - klass: 'summit/gfx/Renderer'
 - ---- fields (total size 2 words):
 - private 'frame' '[[I' @12  a {type array int}[144] {0x000000071763ea40} (e2ec7d48)
R10=0x000000071763ea40 is an oop: [[I 
{0x000000071763ea40} - klass: {type array int}[]
 - length: 144
R11=0x00000000fffffff7 is an unknown value
R12=0x0 is NULL
R13=0x0000000000000004 is an unknown value
R14=0x0000000000000010 is an unknown value
R15=0x000002084a480f20 is a thread


Registers:
RAX=0x00000000ffffffec, RBX=0x00000000e2ec7d48, RCX=0x00000000fffffff7, RDX=0x0000000000000000
RSP=0x00000083106fef40, RBP=0x0000000000000090, RSI=0x0000000000000000, RDI=0x0000000000000100
R8 =0x0000000000000010, R9 =0x000000071763cd80, R10=0x000000071763ea40, R11=0x00000000fffffff7
R12=0x0000000000000000, R13=0x0000000000000004, R14=0x0000000000000010, R15=0x000002084a480f20
RIP=0x0000020834a1ee4b, EFLAGS=0x0000000000010287

Top of Stack: (sp=0x00000083106fef40)
0x00000083106fef40:   0000010000000007 00000000fffffffb
0x00000083106fef50:   fffffff7ffffffeb 0000000000000000
0x00000083106fef60:   000000000000000f fffffff7ffffffeb
0x00000083106fef70:   0000020800000009 000000070000000f
0x00000083106fef80:   0000000000000000 0000020834a1e1c0
0x00000083106fef90:   0000000000000000 0000000000000206
0x00000083106fefa0:   00000083106ff180 000002082d6c2204
0x00000083106fefb0:   00000083106ff050 00000083106ff0e8
0x00000083106fefc0:   000002082cdf94fe 0000000000000000
0x00000083106fefd0:   0000000000000000 0000000000000000
0x00000083106fefe0:   0000000000000000 000000071763cd80
0x00000083106feff0:   0000000717600700 0000000000000004
0x00000083106ff000:   0000000000000000 0000000000000000
0x00000083106ff010:   00000083106ff180 000002082d6c1d6c
0x00000083106ff020:   409e000000000000 0000000000000000
0x00000083106ff030:   0000000000000000 0000000000000000 

Instructions: (pc=0x0000020834a1ee4b)
0x0000020834a1ed4b:   e9 d3 00 00 00 c4 e1 f9 7e ca e9 5d 01 00 00 66
0x0000020834a1ed5b:   0f 1f 44 00 00 44 2b 4c 24 10 45 8b d1 41 ff c2
0x0000020834a1ed6b:   45 8b cb 45 3b d0 0f 83 d5 08 00 00 45 8b 5c dc
0x0000020834a1ed7b:   10 47 8b 5c dc 0c 45 3b cb 0f 83 69 01 00 00 c4
0x0000020834a1ed8b:   c1 f9 7e d3 45 8b 5c b3 10 43 8b 54 dc 0c 49 c1
0x0000020834a1ed9b:   e3 03 44 3b d2 0f 83 ce 08 00 00 47 8b 54 93 10
0x0000020834a1edab:   41 83 fa ff 0f 84 34 01 00 00 45 8b 5c fc 0c 45
0x0000020834a1edbb:   3b cb 0f 83 cd 08 00 00 47 89 54 8d 10 33 d2 c4
0x0000020834a1edcb:   c1 f9 7e d2 45 8b 5a 10 47 8b 54 dc 0c 44 03 54
0x0000020834a1eddb:   24 10 4d 8b b7 48 03 00 00 45 8b d9 41 ff c3 41
0x0000020834a1edeb:   85 06 45 3b da 0f 8c 6a ff ff ff 4d 8b 97 48 03
0x0000020834a1edfb:   00 00 ff c1 41 85 02 3b 0c 24 0f 8d 58 01 00 00
0x0000020834a1ee0b:   c4 c1 f9 7e c1 c4 e1 f9 7e ce c5 f9 7e da 44 8b
0x0000020834a1ee1b:   54 24 10 44 8b 5c 24 14 44 3b 54 24 08 0f 8d 4b
0x0000020834a1ee2b:   01 00 00 44 89 5c 24 14 44 89 54 24 10 c5 f9 6e
0x0000020834a1ee3b:   da c4 e1 f9 6e ce c4 c1 f9 6e c1 c4 c1 f9 7e e2
0x0000020834a1ee4b:   41 8b 7c 8a 10 8b f1 41 2b f3 3b cd 0f 83 f3 fe
0x0000020834a1ee5b:   ff ff 44 8b 54 24 10 44 3b 54 24 04 0f 83 e3 fe
0x0000020834a1ee6b:   ff ff c4 c1 f9 7e d2 45 8b 54 b2 10 47 8b 4c d4
0x0000020834a1ee7b:   0c 45 85 c9 0f 86 4f 09 00 00 47 8b 54 d4 10 41
0x0000020834a1ee8b:   83 fa ff 0f 84 05 01 00 00 45 8b 5c fc 0c 44 8b
0x0000020834a1ee9b:   4c 24 10 45 3b cb 0f 83 ee 07 00 00 4d 8d 0c fc
0x0000020834a1eeab:   44 8b 5c 24 10 47 89 54 99 10 33 d2 c4 c1 f9 7e
0x0000020834a1eebb:   d2 45 8b 5a 10 47 8b 54 dc 0c 44 03 54 24 10 41
0x0000020834a1eecb:   3b c2 0f 8d 23 ff ff ff 3b cd 73 26 4d 8d 2c fc
0x0000020834a1eedb:   44 8b c8 41 ba 01 00 00 00 e9 85 fe ff ff c4 e1
0x0000020834a1eeeb:   f9 7e ca e9 d7 fe ff ff c4 e1 f9 7e ca e9 cd fe
0x0000020834a1eefb:   ff ff 44 8b c8 41 ba 01 00 00 00 eb 16 0f 1f 84
0x0000020834a1ef0b:   00 00 00 00 00 44 2b 4c 24 10 45 8b d1 41 ff c2
0x0000020834a1ef1b:   44 8b cf 45 3b d0 0f 83 25 07 00 00 45 3b 64 dc
0x0000020834a1ef2b:   10 0f 84 92 08 00 00 c4 e1 f9 7e d7 44 8b 5f 10
0x0000020834a1ef3b:   47 8b 54 dc 0c 44 03 54 24 10 4d 8b 9f 48 03 00 


Stack slot to memory mapping:
stack at sp + 0 slots: 0x0000010000000007 is an unknown value
stack at sp + 1 slots: 0x00000000fffffffb is an unknown value
stack at sp + 2 slots: 0xfffffff7ffffffeb is an unknown value
stack at sp + 3 slots: 0x0 is NULL
stack at sp + 4 slots: 0x000000000000000f is an unknown value
stack at sp + 5 slots: 0xfffffff7ffffffeb is an unknown value
stack at sp + 6 slots: 0x0000020800000009 is an unknown value
stack at sp + 7 slots: 0x000000070000000f is an unknown value

--------------------------------------------------------------------------------
[Constant Pool (empty)]

--------------------------------------------------------------------------------

[MachCode]
  0x0000020834a1e1a0: 448b 5208 | 49bb 0000 | 0000 0800 | 0000 4d03 | d349 3bc2 | 0f85 c6e8 | 41f8 6690 | 0f1f 4000 
  0x0000020834a1e1c0: 8984 2400 | 90ff ff55 | 4883 ec60 | c4c1 f96e | d848 897c | 2418 c4c1 | 796e d148 | 8914 2449 
  0x0000020834a1e1e0: ba28 2f62 | 1707 0000 | 0041 8b6a | 7045 8b5c | ec08 4181 | fbe0 ad0b | 000f 854a | 1600 004d 
  0x0000020834a1e200: 8d14 ec45 | 8b5a 2447 | 8b4c dc0c | 4585 c90f | 86d5 1600 | 004f 8d34 | dc4d 85c0 | 0f84 1d14 
  0x0000020834a1e220: 0000 458b | 400c 41ff | c945 85c0 | 7576 c4c1 | f97e da45 | 0fb6 5211 | 4585 d20f | 85af 1300 
  0x0000020834a1e240: 00c4 c1f9 | 7eda 450f | be52 1045 | 85d2 0f85 | 8419 0000 | c4c1 f97e | da41 8b6a | 1441 8b4c 
  0x0000020834a1e260: ec0c 85c9 | 0f86 9313 | 0000 448b | c141 ffc8 | 443b c10f | 8317 1800 | 0045 0fb6 | 44ec 108b 
  0x0000020834a1e280: d983 c3fd | 418b f8c1 | e705 412b | f84d 8d1c | ec83 fb01 | 0f8e 2a18 | 0000 b801 | 0000 0045 
  0x0000020834a1e2a0: 33c0 eb3b | 458b d041 | c1ea 1045 | 33d0 4523 | ca33 d2e9 | e800 0000 | 450f b644 | 0310 4103 
  0x0000020834a1e2c0: f8ff c03b | c10f 8db7 | 0000 0044 | 8bc7 41c1 | e005 442b | c741 8bf8 | ebde c4c1 | 797e e08b 
  0x0000020834a1e2e0: d12b d083 | c2fd 3bd8 | 410f 4cd0 | 81fa a00f | 0000 41ba | a00f 0000 | 410f 47d2 | 03d0 c4c1 
  0x0000020834a1e300: 796e e00f | 1f80 0000 | 0000 660f | 1f44 0000 | 4863 e845 | 0fb6 542b | 1041 0fb6 | 742b 1345 
  0x0000020834a1e320: 0fb6 442b | 1145 0fb6 | 6c2b 1241 | 03fa 8bef | c1e5 052b | ef41 03e8 | 448b d541 | c1e2 0544 
  0x0000020834a1e340: 2bd5 4503 | d545 8bc2 | 41c1 e005 | 452b c244 | 03c6 418b | f8c1 e705 | 412b f883 | c004 3bc2 
  0x0000020834a1e360: 7cae 498b | b748 0300 | 0085 063b | c30f 8c67 | ffff ffc5 | f97e e23b | c10f 8c39 | ffff ff41 
  0x0000020834a1e380: 8bf8 85ff | 0f84 7512 | 0000 c4c1 | f97e da41 | 897a 0c44 | 8bd7 41c1 | ea10 4433 | d745 23ca 
  0x0000020834a1e3a0: 478b 448e | 1047 8b4c | c40c 453b | ca0f 85f0 | 0b00 0047 | 8b4c c410 | 4d8b d949 | c1e3 03c4 
  0x0000020834a1e3c0: e1f9 7ed9 | 4c3b d90f | 845f 0100 | 000f be49 | 10c4 e1f9 | 7edb 493b | db0f 844d | 0100 0047 
  0x0000020834a1e3e0: 8b5c cc08 | 4181 fb70 | e900 000f | 85cb 1800 | 004f 8d1c | cc41 0fbe | 6b10 3bcd | 0f85 6a17 
  0x0000020834a1e400: 0000 458b | 4b14 8b5b | 1447 8b5c | cc0c 418b | 4cdc 0c41 | 3bcb 0f85 | d400 0000 | 4f8d 1ccc 
  0x0000020834a1e420: 4b8d 74cc | 104d 8d1c | dc49 8d7c | dc10 85c9 | 0f84 a500 | 0000 8bc1 | 83e0 1f83 | e1e0 0f84 
  0x0000020834a1e440: 4b00 0000 | 488d 3c0f | 488d 340e | 48f7 d9c5 | fe6f 2c0f | c5fe 6f24 | 0ec5 d5ef | ecc4 e27d 
  0x0000020834a1e460: 17ed 0f85 | 7a00 0000 | 4883 c120 | 75e1 85c0 | 0f84 6500 | 0000 c5fe | 6f6c 07e0 | c5fe 6f64 
  0x0000020834a1e480: 06e0 c5d5 | efec c4e2 | 7d17 ed75 | 55eb 4c8b | c883 e1fc | 7419 488d | 3c0f 488d | 340e 48f7 
  0x0000020834a1e4a0: d98b 1c0f | 3b1c 0e75 | 3948 83c1 | 0475 f2f7 | c002 0000 | 0074 120f | b71f 0fb7 | 0e3b d975 
  0x0000020834a1e4c0: 2148 8d7f | 0248 8d76 | 02f7 c001 | 0000 0074 | 0a0f b61f | 0fb6 0e3b | d975 07b8 | 0100 0000 
  0x0000020834a1e4e0: eb02 33c0 | c5d5 efed | c5dd efe4 | 85c0 753c | ba45 ffff | ff48 8b2c | 24c5 fa11 | 0424 c5fa 
  0x0000020834a1e500: 114c 2404 | c5fa 1154 | 2408 4c8b | 5c24 184c | 895c 2410 | c5fb 115c | 2418 4489 | 4424 0c44 
  0x0000020834a1e520: 8954 2420 | c5f8 77e8 | d43d 42f8 | 4f8d 1cc4 | 418b 6b14 | 458b 5cec | 0841 81fb | 086d 0000 
  0x0000020834a1e540: 0f85 5617 | 0000 4d8d | 04ec 418b | 580c 85db | 0f86 1613 | 0000 458b | 5810 478b | 5cdc 0c44 
  0x0000020834a1e560: 8bd3 41d1 | fa41 d1fb | c4c1 796e | e2c5 f85b | e4c5 f25c | ccc4 c179 | 6ee3 c5f8 | 5be4 c5fa 
  0x0000020834a1e580: 5cc4 c4c1 | 797e c1c5 | f97e cf45 | 8bd1 41c1 | ea17 448b | df41 c1eb | 1745 0fb6 | d2b9 9500 
  0x0000020834a1e5a0: 0000 412b | ca45 0fb6 | dbb8 9500 | 0000 412b | c3f7 c1e0 | ffff ff0f | 8577 0f00 | 0045 8bd1 
  0x0000020834a1e5c0: 4181 e2ff | ff7f 0041 | 81ca 0000 | 8000 4585 | c90f 8c60 | 1000 0041 | d3fa 41ff | c241 d1fa 
  0x0000020834a1e5e0: f7c0 e0ff | ffff 0f85 | 6a0f 0000 | 448b df41 | 81e3 ffff | 7f00 4181 | cb00 0080 | 0085 ff0f 
  0x0000020834a1e600: 8c2a 1000 | 008b c841 | d3fb 41ff | c341 d1fb | c4c1 797e | d545 85ed | 750b 4533 | ed49 8bc0 
  0x0000020834a1e620: e96a 0600 | 0041 f7c5 | 0400 0000 | 0f85 1a0b | 0000 41f7 | c501 0000 | 000f 8490 | 0200 0041 
  0x0000020834a1e640: 8b48 0c85 | c90f 8611 | 1400 0041 | 8b58 1041 | 8b5c dc0c | 895c 2410 | 894c 2414 | 4489 5c24 
  0x0000020834a1e660: 2c44 8954 | 2428 4c89 | 4424 2089 | 5424 0c44 | 896c 2408 | 48ba 086d | 0000 0800 | 0000 448b 
  0x0000020834a1e680: c144 8bcb | c5f8 77e8 | f4dd 4cf8 | 448b 5424 | 1441 ffca | 443b 5424 | 140f 8389 | 1300 0044 
  0x0000020834a1e6a0: 8b40 0c45 | 85c0 0f86 | 7c13 0000 | 453b d00f | 8373 1300 | 008b 6c24 | 10ff cd8b | 4c24 10d1 
  0x0000020834a1e6c0: f94c 634c | 2410 448b | e941 83c5 | fe41 3bcd | 41ba 0000 | 0080 450f | 4cea 4c63 | d149 8bd1 
  0x0000020834a1e6e0: 492b d28b | f1ff c648 | ffca 4533 | f6e9 0c01 | 0000 0f1f | 8000 0000 | 000f 1f80 | 0000 0000 
  0x0000020834a1e700: 448b c342 | 8b4c 870c | 8b5c 2410 | 412b db49 | 63d3 894c | 9010 8b4c | 9710 4289 | 4c80 0c49 
  0x0000020834a1e720: 8bc9 482b | ca44 8b44 | 8f08 4489 | 4490 1444 | 8b44 9714 | 4489 4488 | 0844 8b44 | 8f04 4489 
  0x0000020834a1e740: 4490 1844 | 8b44 9718 | 4489 4488 | 0444 8b04 | 8f44 8944 | 901c 448b | 4497 1c44 | 8904 8883 
  0x0000020834a1e760: c3fc 4183 | c304 453b | da7c 954d | 8b97 4803 | 0000 4185 | 0245 3bdd | 7d2a 448b | c345 8bd5 
  0x0000020834a1e780: 452b d345 | 3beb 440f | 4c54 240c | 4181 faa0 | 0f00 00b9 | a00f 0000 | 440f 47d1 | 4503 d3e9 
  0x0000020834a1e7a0: 5fff ffff | c5f9 7ec1 | c4e1 f97e | ca44 3b5c | 2430 7d2b | 448b 549f | 0c46 8954 | 9810 468b 
  0x0000020834a1e7c0: 549f 1044 | 8954 980c | 458b d341 | ffc2 443b | 5424 307d | 0a8b dd41 | 2bdb 458b | daeb d54d 
  0x0000020834a1e7e0: 8b97 4803 | 0000 41ff | c641 8502 | 443b 7424 | 140f 8dc2 | 0000 0048 | 8bc6 8b74 | 2430 4c8b 
  0x0000020834a1e800: 5424 2041 | 8b7a 1085 | ff0f 84ce | 0f00 0047 | 8b5c b210 | 478b 54dc | 0c42 8b5c | b010 458b 
  0x0000020834a1e820: 44dc 0c89 | 7424 30c5 | f96e c148 | 8bf0 4963 | ca48 3bd1 | 0f83 b20f | 0000 413b | ea0f 83a9 
  0x0000020834a1e840: 0f00 0045 | 85c0 0f86 | a00f 0000 | c5f9 7ec1 | 413b c80f | 8393 0f00 | 0045 85d2 | 0f86 8a0f 
  0x0000020834a1e860: 0000 413b | ca0f 8381 | 0f00 004d | 63d0 493b | d20f 8375 | 0f00 0041 | 3be8 0f83 | 6c0f 0000 
  0x0000020834a1e880: 498d 04dc | 4b8d 3cdc | 468b 548f | 0c45 8954 | dc10 478b | 5cdc 1046 | 895c 880c | 4183 fd01 
  0x0000020834a1e8a0: 0f8e 860f | 0000 448b | c541 bb01 | 0000 00c4 | e1f9 6eca | e9c4 feff | ff44 8b6c | 2408 8b54 
  0x0000020834a1e8c0: 240c 4c8b | c644 8b54 | 2428 448b | 5c24 2c41 | f7c5 0200 | 0000 7508 | 498b c0e9 | af03 0000 
  0x0000020834a1e8e0: 418b 680c | 85ed 0f86 | 0e11 0000 | 418b 4810 | 458b 4ccc | 0c89 6c24 | 2844 895c | 2414 4489 
  0x0000020834a1e900: 5424 104c | 8944 2420 | 8954 240c | 4489 6c24 | 0848 ba08 | 6d00 0008 | 0000 0044 | 8bc5 6690 
  0x0000020834a1e920: c5f8 77e8 | 58db 4cf8 | 448b 400c | 448b dd41 | d1fb 458b | d341 ffc2 | 4585 c00f | 865c 1000 
  0x0000020834a1e940: 0045 3bd8 | 0f83 5310 | 0000 4863 | ed49 63cb | 4c8b cd4c | 2bc9 49ff | c94c 3bcd | 0f83 3b10 
  0x0000020834a1e960: 0000 8b4c | 2428 ffc9 | 3b4c 2428 | 0f83 2b10 | 0000 4489 | 5424 2c4d | 63d0 4d3b | ca0f 8315 
  0x0000020834a1e980: 1000 0041 | 3bc8 0f83 | 6010 0000 | 443b 5c24 | 280f 835c | 1000 0045 | 33d2 eb31 | c4c1 f97e 
  0x0000020834a1e9a0: c3c4 c179 | 7ed2 c4e1 | f97e e0c4 | e1f9 7ef5 | 4d8b 8748 | 0300 0041 | ffc2 4185 | 0044 3b54 
  0x0000020834a1e9c0: 242c 0f8d | b402 0000 | 4c89 5c24 | 204c 8b5c | 2420 458b | 4b10 438b | 5ccc 0c85 | db76 d1c5 
  0x0000020834a1e9e0: fb10 4424 | 20c4 c179 | 6ed2 4d63 | c24c 8bdd | 4d2b d84c | 8b54 2420 | 478b 549a | 0cc4 c179 
  0x0000020834a1ea00: 6eca 478b | 74d4 0c46 | 8b54 8010 | c4c1 796e | da47 8b4c | d40c 4c8b | 5424 2047 | 8b54 8210 
  0x0000020834a1ea20: c4c1 796e | ea43 8b4c | d40c 428b | 7c98 0c45 | 8b6c fc0c | 4585 f60f | 86fc 0d00 | 0041 ba01 
  0x0000020834a1ea40: 0000 0045 | 3bd6 450f | 4fd6 c4c1 | 797e db4f | 8d04 dcc4 | c179 7ecb | 4b8d 14dc | 418b d849 
  0x0000020834a1ea60: 8d34 fcc1 | eb02 c4c1 | 797e eb49 | c1e3 0383 | e303 4103 | daf7 db83 | e303 4103 | da41 3bde 
  0x0000020834a1ea80: 410f 4fde | 4533 d2eb | 0f66 6690 | 448b d144 | 8b4c 2420 | 8b4c 2424 | 453b d60f | 837a 0100 
  0x0000020834a1eaa0: 00c5 f96e | ff89 4c24 | 2444 894c | 2420 c4e1 | f96e f5c4 | e1f9 6ee0 | 468b 4c92 | 1044 3b54 
  0x0000020834a1eac0: 2420 0f83 | e40b 0000 | 4789 4c90 | 1044 3bd1 | 0f83 320c | 0000 478b | 4c93 1045 | 3bd5 0f83 
  0x0000020834a1eae0: 840c 0000 | 4689 4c96 | 10c4 c1f9 | 7ec1 418b | 4910 458b | 4ccc 0c41 | 8bca ffc1 | 413b c90f 
  0x0000020834a1eb00: 8d97 feff | ff3b cb0f | 8c7f ffff | ff49 63de | 4963 fd48 | 6344 2424 | 4863 6c24 | 2048 3bdd 
  0x0000020834a1eb20: 418b de0f | 4f5c 2420 | 4963 e94c | 63cb 4c3b | c80f 4f5c | 2424 48ff | cd4c 63cb | 4c3b cf41 
  0x0000020834a1eb40: 0f4f dd44 | 8bcd 4863 | fb48 3bfd | 410f 4fd9 | 448b cb41 | 83c1 f941 | 3bd9 bb00 | 0000 8044 
  0x0000020834a1eb60: 0f4c cb41 | 3bc9 0f8d | d50c 0000 | 41ff c290 | c421 7a6f | 4492 10c4 | 017a 7f44 | 9010 c401 
  0x0000020834a1eb80: 7a6f 4493 | 10c4 217a | 7f44 9610 | c421 7a6f | 4492 20c4 | 017a 7f44 | 9020 c401 | 7a6f 4493 
  0x0000020834a1eba0: 20c4 217a | 7f44 9620 | 4183 c208 | 453b d17c | bf45 3bd6 | 7d59 6690 | 453b d673 | 5946 8b4c 
  0x0000020834a1ebc0: 9210 443b | 5424 200f | 83df 0a00 | 0047 894c | 9010 443b | 5424 240f | 832b 0b00 | 0047 8b4c 
  0x0000020834a1ebe0: 9310 453b | d50f 837d | 0b00 0046 | 894c 9610 | c4c1 f97e | c141 8b49 | 1045 8b4c | cc0c 41ff 
  0x0000020834a1ec00: c245 3bd1 | 0f8d 92fd | ffff 453b | d67c a9c4 | e1f9 7ee0 | eb05 c4e1 | f97e e0ba | e4ff ffff 
  0x0000020834a1ec20: 488b 2c24 | 448b 4424 | 0844 8904 | 244c 8b5c | 2418 4c89 | 5c24 0844 | 8b44 2410 | 4489 4424 
  0x0000020834a1ec40: 0444 8b5c | 2414 4489 | 5c24 10c5 | fb11 4424 | 1848 8944 | 2420 4489 | 5424 2844 | 8954 242c 
  0x0000020834a1ec60: c5fa 1154 | 2430 c5fa | 115c 2434 | c5fa 114c | 2438 6690 | c5f8 77e8 | 8436 42f8 | 8b54 240c 
  0x0000020834a1ec80: 448b 5424 | 1044 8b5c | 2414 448b | 6c24 0841 | 8bed c1fd | 0385 ed0f | 8583 0c00 | 0044 8b40 
  0x0000020834a1eca0: 0c41 8bcb | 4103 c844 | 3bd9 0f8d | b302 0000 | 4d63 c849 | 63db 418b | f3f7 de48 | 63fe 4803 
  0x0000020834a1ecc0: df49 3bd9 | 0f83 d60b | 0000 4863 | d948 03df | 48ff cb49 | 3bd9 0f83 | fc0b 0000 | 4c8b 0c24 
  0x0000020834a1ece0: 418b 590c | 418b 6cdc | 0c85 ed0f | 86f2 0b00 | 0041 8b74 | dc10 418b | 7cf4 0c48 | 8b74 2418 
  0x0000020834a1ed00: 4885 f60f | 85a0 0b00 | 0045 85c0 | 0f86 970b | 0000 448b | 4010 478b | 44c4 0c45 | 85c0 0f86 
  0x0000020834a1ed20: 850b 0000 | 897c 2404 | 890c 24c4 | e1f9 6ed0 | 418b c841 | 03ca 894c | 2408 418b | c2ff c049 
  0x0000020834a1ed40: 8d0c dcc4 | e1f9 6ee1 | 418b cbe9 | d300 0000 | c4e1 f97e | cae9 5d01 | 0000 660f | 1f44 0000 
  0x0000020834a1ed60: 442b 4c24 | 1045 8bd1 | 41ff c245 | 8bcb 453b | d00f 83d5 | 0800 0045 | 8b5c dc10 | 478b 5cdc 
  0x0000020834a1ed80: 0c45 3bcb | 0f83 6901 | 0000 c4c1 | f97e d345 | 8b5c b310 | 438b 54dc | 0c49 c1e3 | 0344 3bd2 
  0x0000020834a1eda0: 0f83 ce08 | 0000 478b | 5493 1041 | 83fa ff0f | 8434 0100 | 0045 8b5c | fc0c 453b | cb0f 83cd 
  0x0000020834a1edc0: 0800 0047 | 8954 8d10 | 33d2 c4c1 | f97e d245 | 8b5a 1047 | 8b54 dc0c | 4403 5424 | 104d 8bb7 
  0x0000020834a1ede0: 4803 0000 | 458b d941 | ffc3 4185 | 0645 3bda | 0f8c 6aff | ffff 4d8b | 9748 0300 | 00ff c141 
  0x0000020834a1ee00: 8502 3b0c | 240f 8d58 | 0100 00c4 | c1f9 7ec1 | c4e1 f97e | cec5 f97e | da44 8b54 | 2410 448b 
  0x0000020834a1ee20: 5c24 1444 | 3b54 2408 | 0f8d 4b01 | 0000 4489 | 5c24 1444 | 8954 2410 | c5f9 6eda | c4e1 f96e 
  0x0000020834a1ee40: cec4 c1f9 | 6ec1 c4c1 | f97e e241 | 8b7c 8a10 | 8bf1 412b | f33b cd0f | 83f3 feff | ff44 8b54 
  0x0000020834a1ee60: 2410 443b | 5424 040f | 83e3 feff | ffc4 c1f9 | 7ed2 458b | 54b2 1047 | 8b4c d40c | 4585 c90f 
  0x0000020834a1ee80: 864f 0900 | 0047 8b54 | d410 4183 | faff 0f84 | 0501 0000 | 458b 5cfc | 0c44 8b4c | 2410 453b 
  0x0000020834a1eea0: cb0f 83ee | 0700 004d | 8d0c fc44 | 8b5c 2410 | 4789 5499 | 1033 d2c4 | c1f9 7ed2 | 458b 5a10 
  0x0000020834a1eec0: 478b 54dc | 0c44 0354 | 2410 413b | c20f 8d23 | ffff ff3b | cd73 264d | 8d2c fc44 | 8bc8 41ba 
  0x0000020834a1eee0: 0100 0000 | e985 feff | ffc4 e1f9 | 7eca e9d7 | feff ffc4 | e1f9 7eca | e9cd feff | ff44 8bc8 
  0x0000020834a1ef00: 41ba 0100 | 0000 eb16 | 0f1f 8400 | 0000 0000 | 442b 4c24 | 1045 8bd1 | 41ff c244 | 8bcf 453b 
  0x0000020834a1ef20: d00f 8325 | 0700 0045 | 3b64 dc10 | 0f84 9208 | 0000 c4e1 | f97e d744 | 8b5f 1047 | 8b54 dc0c 
  0x0000020834a1ef40: 4403 5424 | 104d 8b9f | 4803 0000 | 418b f9ff | c741 8503 | 413b fa7c | b7c4 e1f9 | 7eca e993 
  0x0000020834a1ef60: feff ffc5 | f877 4883 | c460 5d49 | 3ba7 4003 | 0000 0f87 | cc0f 0000 | c344 895c | 2414 4489 
  0x0000020834a1ef80: 5424 10c5 | f96e dac4 | e1f9 6ece | c4c1 f96e | c148 8bd6 | e95d feff | ffc4 e1f9 | 7eca e914 
  0x0000020834a1efa0: ffff ff43 | 8b6c c418 | 85ed 0f84 | 3e0b 0000 | 478b 4cc4 | 0841 81f9 | 98b0 1400 | 0f84 4e0b 
  0x0000020834a1efc0: 0000 4d8d | 1cec 458b | 430c 453b | c20f 85a5 | 0500 0045 | 8b43 104d | 8bc8 49c1 | e103 c4e1 
  0x0000020834a1efe0: f97e d94c | 3bc9 0f84 | 44f5 ffff | 0fbe 5910 | 493b c90f | 8437 f5ff | ff47 8b4c | c408 4181 
  0x0000020834a1f000: f970 e900 | 000f 854d | 0c00 0049 | c1e0 0341 | 0fbe 6810 | 3bdd 0f85 | 040c 0000 | 418b 5814 
  0x0000020834a1f020: 448b 4914 | 458b 44dc | 0c43 8b4c | cc0c 413b | c80f 85d8 | 0000 004d | 8d04 dc49 | 8d74 dc10 
  0x0000020834a1f040: 4f8d 04cc | 4b8d 7ccc | 1085 c90f | 84a5 0000 | 008b c183 | e01f 83e1 | e00f 844b | 0000 0048 
  0x0000020834a1f060: 8d3c 0f48 | 8d34 0e48 | f7d9 c5fe | 6f2c 0fc5 | fe6f 240e | c5d5 efec | c4e2 7d17 | ed0f 857a 
  0x0000020834a1f080: 0000 0048 | 83c1 2075 | e185 c00f | 8465 0000 | 00c5 fe6f | 6c07 e0c5 | fe6f 6406 | e0c5 d5ef 
  0x0000020834a1f0a0: ecc4 e27d | 17ed 7555 | eb4c 8bc8 | 83e1 fc74 | 1948 8d3c | 0f48 8d34 | 0e48 f7d9 | 8b1c 0f3b 
  0x0000020834a1f0c0: 1c0e 7539 | 4883 c104 | 75f2 f7c0 | 0200 0000 | 7412 0fb7 | 1f0f b70e | 3bd9 7521 | 488d 7f02 
  0x0000020834a1f0e0: 488d 7602 | f7c0 0100 | 0000 740a | 0fb6 1f0f | b60e 3bd9 | 7507 b801 | 0000 00eb | 0233 c0c5 
  0x0000020834a1f100: d5ef edc5 | ddef e485 | c00f 8521 | f4ff ffba | 45ff ffff | 488b 2c24 | c5fa 1104 | 24c5 fa11 
  0x0000020834a1f120: 4c24 04c5 | fa11 5424 | 084c 8b44 | 2418 4c89 | 4424 10c5 | fb11 5c24 | 184c 895c | 2420 4489 
  0x0000020834a1f140: 5424 0c90 | c5f8 77e8 | b431 42f8 | 458b 4810 | 478b 4ccc | 0c44 895c | 242c 4489 | 5424 2889 
  0x0000020834a1f160: 5c24 144c | 8944 2420 | 8954 240c | 4489 6c24 | 0848 ba08 | 6d00 0008 | 0000 0044 | 8bc3 6690 
  0x0000020834a1f180: c5f8 77e8 | f8d2 4cf8 | 448b 5424 | 1441 ffca | 443b 5424 | 140f 8309 | 0a00 008b | 480c 85c9 
  0x0000020834a1f1a0: 0f86 fe09 | 0000 4c63 | c145 33db | eb2f c5f9 | 7ed1 c4c1 | f97e d8c4 | c1f9 7ec1 | 448b 5c24 
  0x0000020834a1f1c0: 3849 8bbf | 4803 0000 | 41ff c385 | 0744 3b5c | 2414 0f8d | 3c04 0000 | 4c89 4c24 | 204c 8b4c 
  0x0000020834a1f1e0: 2420 458b | 5110 478b | 54d4 0c45 | 85d2 76d1 | 418b f244 | 895c 2438 | c5fb 1044 | 2420 4963 
  0x0000020834a1f200: d345 8b54 | 9110 c4c1 | 796e ca47 | 8b74 d40c | 85c9 0f86 | d102 0000 | 8b68 1044 | 8bce 452b 
  0x0000020834a1f220: cb41 ffc9 | 4585 f60f | 861f 0700 | 0043 8b5c | d410 458b | 54ec 0c4d | 8d1c ec45 | 3bca 0f83 
  0x0000020834a1f240: 8c08 0000 | 4c63 d64c | 2bd2 4389 | 5c93 0c83 | fe01 0f8e | 5fff ffff | 4d63 d64d | 3bc2 448b 
  0x0000020834a1f260: d945 0f4f | dec4 c179 | 7eca 4f8d | 2cd4 418b | ebff cd44 | 3bdd 41bb | 0000 0080 | 410f 4ceb 
  0x0000020834a1f280: 83fd 010f | 8e4f 0800 | 004c 8b54 | 2420 458b | 5210 438b | 74d4 0cc4 | c179 7eca | 438b 5cd4 
  0x0000020834a1f2a0: 148b 7814 | 448b ce44 | 2b4c 2438 | 41ff c945 | 8b54 fc0c | 4d8d 1cfc | 453b ca0f | 8322 0800 
  0x0000020834a1f2c0: 0048 8954 | 2420 c4c1 | f96e d8c5 | f96e d14c | 63c6 498b | c848 2bca | 4189 5c8b | 0c83 fe02 
  0x0000020834a1f2e0: 0f8e c8fe | ffff c4c1 | 797e ca43 | 8b5c d418 | 8b78 1845 | 8b54 fc0c | 4d8d 1cfc | 453b ca0f 
  0x0000020834a1f300: 833b 0800 | 0041 895c | 8b0c 83fe | 030f 8e9b | feff ff41 | ba03 0000 | 0044 3bd5 | 0f8d 5101 
  0x0000020834a1f320: 0000 c4c1 | 797e ca43 | 8b5c d41c | 8b78 1c45 | 8b54 fc0c | 4d8d 1cfc | 453b ca0f | 830a 0800 
  0x0000020834a1f340: 0041 895c | 8b0c 83fe | 040f 8e5f | feff ffc4 | c179 7eca | 438b 5cd4 | 2044 8b50 | 2043 8b7c 
  0x0000020834a1f360: d40c 4f8d | 1cd4 443b | cf0f 83e7 | 0700 0041 | 895c 8b0c | 83fe 050f | 8e31 feff | ff4d 8bd0 
  0x0000020834a1f380: 4983 c2fe | 4c63 dd41 | 8bda 49ff | c841 8bf8 | 4d3b d844 | 8bc5 440f | 4fc7 4d63 | d84d 3bda 
  0x0000020834a1f3a0: 440f 4fc3 | 4183 f805 | 0f8e b307 | 0000 41ba | 0500 0000 | 660f 1f44 | 0000 660f | 1f44 0000 
  0x0000020834a1f3c0: 438b 5c95 | 1042 8b54 | 9010 418b | 7cd4 0c4d | 8d1c d444 | 3bcf 0f83 | bf01 0000 | 4189 5c8b 
  0x0000020834a1f3e0: 0c42 8b54 | 9014 438b | 5c95 1441 | 8b7c d40c | 4d8d 1cd4 | 443b cf0f | 839b 0100 | 0041 895c 
  0x0000020834a1f400: 8b0c 4183 | c202 453b | d07c b544 | 3bd5 7d63 | 438b 5c95 | 1046 8b44 | 9010 438b | 7cc4 0c4f 
  0x0000020834a1f420: 8d1c c444 | 3bcf 0f83 | 6f01 0000 | 4189 5c8b | 0c45 8bc2 | 41ff c044 | 3bc6 0f8d | 6efd ffff 
  0x0000020834a1f440: 438b 5c95 | 1442 8b54 | 9014 418b | 7cd4 0c4d | 8d1c d444 | 3bcf 0f83 | bc07 0000 | 4189 5c8b 
  0x0000020834a1f460: 0c41 83c2 | 0244 3bd6 | 0f8d 40fd | ffff 443b | d57c 9dc5 | f97e d1c4 | c1f9 7ed8 | 488b 5424 
  0x0000020834a1f480: 2044 3bd1 | 7d66 6690 | 443b d173 | 5fc4 c1f9 | 7ec3 458b | 4b10 438b | 7ccc 0c42 | 8b6c 9010 
  0x0000020834a1f4a0: 448b cf44 | 2b4c 2438 | 41ff c945 | 3bd6 0f83 | 9b04 0000 | 438b 5c95 | 1041 8b74 | ec0c 4d8d 
  0x0000020834a1f4c0: 1cec 443b | ce0f 83d0 | 0000 004c | 63cf 4c2b | ca43 895c | 8b0c 41ff | c244 3bd7 | 0f8d d5fc 
  0x0000020834a1f4e0: ffff 443b | d17c a1eb | 0345 33d2 | bae4 ffff | ff48 8b2c | 2444 8b5c | 2408 4489 | 1c24 4c8b 
  0x0000020834a1f500: 5c24 184c | 895c 2408 | 448b 4424 | 2844 8944 | 2404 448b | 4424 2c44 | 8944 2410 | c5fb 1144 
  0x0000020834a1f520: 2418 4889 | 4424 2844 | 8954 2430 | c5f8 77e8 | cc2d 42f8 | c57a 2cd0 | 4181 fa00 | 0000 8075 
  0x0000020834a1f540: 1048 83ec | 08c5 fa11 | 0424 e8a4 | 1b3d f841 | 5ae9 8af0 | ffff c57a | 2cd9 4181 | fb00 0000 
  0x0000020834a1f560: 8075 1048 | 83ec 08c5 | fa11 0c24 | e882 1b3d | f841 5be9 | 98f0 ffff | 458b 4318 | 4d8b 9f48 
  0x0000020834a1f580: 0300 0041 | 8503 4585 | c00f 845f | 0500 004f | 8d1c c4e9 | 2efa ffff | 41ff c2ba | e4ff ffff 
  0x0000020834a1f5a0: 488b 2c24 | 448b 4424 | 0844 8904 | 244c 8b44 | 2418 4c89 | 4424 088b | 4c24 2889 | 4c24 0444 
  0x0000020834a1f5c0: 8b44 242c | 4489 4424 | 10c5 fb11 | 4424 1848 | 8944 2420 | 4489 5424 | 144c 895c | 2428 4489 
  0x0000020834a1f5e0: 4c24 3089 | 5c24 3490 | c5f8 77e8 | 102d 42f8 | 4533 c933 | d245 33d2 | e9a3 edff | ff33 d2c4 
  0x0000020834a1f600: c1f9 7eda | 41c6 4211 | 0145 33c9 | 4533 d2e9 | 8ced ffff | 448b 6c24 | 088b 5424 | 0c4c 8bc0 
  0x0000020834a1f620: 448b 5424 | 2844 8b5c | 242c e903 | f0ff ff41 | f7db e9ce | efff ff41 | f7da e998 | efff ff45 
  0x0000020834a1f640: 33c9 33d2 | 4533 d2e9 | 54ed ffff | ba45 ffff | ffc4 e1f9 | 7ec5 c5fb | 110c 24c5 | fb11 5424 
  0x0000020834a1f660: 0889 4c24 | 1844 894c | 241c 6690 | c5f8 77e8 | 8c2c 42f8 | c4c1 796e | daba e6ff | ffff 498b 
  0x0000020834a1f680: ebc5 fa11 | 1c24 6690 | c5f8 77e8 | 702c 42f8 | 4489 4c24 | 10ba e6ff | ffff 8bef | 4489 5424 
  0x0000020834a1f6a0: 0466 6690 | c5f8 77e8 | 542c 42f8 | bae4 ffff | ff48 8b2c | 2444 8b5c | 2408 4489 | 1c24 4c8b 
  0x0000020834a1f6c0: 5c24 184c | 895c 2408 | 448b 4424 | 1044 8944 | 2404 448b | 5c24 1444 | 895c 2410 | c5fb 1144 
  0x0000020834a1f6e0: 2418 c5fb | 1164 2420 | 4489 5424 | 2844 894c | 242c c5fa | 1154 2430 | c5fa 115c | 2434 6690 
  0x0000020834a1f700: c5f8 77e8 | f82b 42f8 | bae4 ffff | ff48 8b2c | 2444 8b44 | 2408 4489 | 0424 4c8b | 5c24 184c 
  0x0000020834a1f720: 895c 2408 | 448b 5c24 | 1044 895c | 2404 448b | 4424 1444 | 8944 2410 | c5fb 1144 | 2418 c5fb 
  0x0000020834a1f740: 1164 2420 | 4489 5424 | 2844 8954 | 242c c5fa | 1154 2430 | c5fa 116c | 2434 c5fa | 117c 2438 
  0x0000020834a1f760: c5f8 77e8 | 982b 42f8 | bae4 ffff | ff48 8b2c | 2444 8b5c | 2408 4489 | 1c24 4c8b | 5c24 184c 
  0x0000020834a1f780: 895c 2408 | 448b 5c24 | 1044 895c | 2404 448b | 4424 1444 | 8944 2410 | c5fb 1144 | 2418 c5fb 
  0x0000020834a1f7a0: 1164 2420 | 4489 5424 | 2844 894c | 242c c5fa | 1154 2430 | c5fa 117c | 2434 6690 | c5f8 77e8 
  0x0000020834a1f7c0: 3c2b 42f8 | baf6 ffff | ff66 6690 | c5f8 77e8 | 2c2b 42f8 | 4f8d 1cd4 | e99c feff | ffba f6ff 
  0x0000020834a1f7e0: ffff 6690 | c5f8 77e8 | 142b 42f8 | 418b 6cfc | 0cd1 fdff | c5ba 76ff | ffff 4c8b | 5424 184c 
  0x0000020834a1f800: 8954 2410 | 448b 5c24 | 2844 895c | 240c 448b | 5c24 2c44 | 895c 2418 | 4889 4424 | 2844 8974 
  0x0000020834a1f820: 241c 6690 | c5f8 77e8 | d42a 42f8 | 8bdd 41bb | 0100 0000 | e974 efff | ff45 33d2 | e9da f3ff 
  0x0000020834a1f840: ff44 8bd1 | e968 f3ff | ffba deff | ffff c5fa | 1144 2408 | c5fa 114c | 240c 4489 | 4c24 104c 
  0x0000020834a1f860: 8944 2420 | c5f8 77e8 | 942a 42f8 | bae4 ffff | ff48 8b2c | 24c5 fa11 | 0c24 c5fa | 1154 2404 
  0x0000020834a1f880: 4c8b 5424 | 184c 8954 | 2408 c5fa | 1144 2418 | 4c89 4424 | 2066 6690 | c5f8 77e8 | 602a 42f8 
  0x0000020834a1f8a0: 4c8b 0c24 | 488b 7424 | 18ba beff | ffff 498b | e948 8934 | 2448 8944 | 2408 4489 | 5424 1044 
  0x0000020834a1f8c0: 895c 2418 | 4489 5c24 | 1c89 4c24 | 2066 6690 | c5f8 77e8 | 282a 42f8 | 4c8b 0c24 | 488b 7424 
  0x0000020834a1f8e0: 18eb c648 | 8b74 2418 | ebbf ba45 | ffff ff48 | 8b2c 24c5 | fa11 0424 | c5fa 114c | 2404 c5fa 
  0x0000020834a1f900: 1154 2408 | 4889 7c24 | 104c 8944 | 2418 4489 | 4c24 2044 | 895c 2424 | c5f8 77e8 | e029 42f8 
  0x0000020834a1f920: ba45 ffff | ff4c 8b44 | 2418 4c89 | 4424 0848 | 8944 2410 | 4489 5424 | 1844 895c | 241c 4489 
  0x0000020834a1f940: 6c24 2090 | c5f8 77e8 | b429 42f8 | 4533 d2ba | e4ff ffff | 4c8b 5c24 | 184c 895c | 2410 448b 
  0x0000020834a1f960: 4424 2844 | 8944 240c | 448b 4424 | 2c44 8944 | 2418 c5fb | 1144 2420 | 4889 4424 | 2844 894c 
  0x0000020834a1f980: 2430 4489 | 5424 34c5 | fa11 4c24 | 3c66 6690 | c5f8 77e8 | 6829 42f8 | 448b 5424 | 2cba beff 
  0x0000020834a1f9a0: ffff 488b | 2c24 448b | 4424 0844 | 8904 244c | 8b5c 2418 | 4c89 5c24 | 0844 8b5c | 2410 4489 
  0x0000020834a1f9c0: 5c24 0444 | 8b44 2414 | 4489 4424 | 104c 8b5c | 2420 4c89 | 5c24 1848 | 8944 2420 | 4489 5424 
  0x0000020834a1f9e0: 1466 6690 | c5f8 77e8 | 1429 42f8 | 448b 5424 | 2ceb aa44 | 8b54 242c | eba3 bae4 | ffff ff44 
  0x0000020834a1fa00: 896c 2408 | 4c8b 4c24 | 184c 894c | 2410 4489 | 5424 0c44 | 895c 2418 | 4c89 4424 | 2866 6690 
  0x0000020834a1fa20: c5f8 77e8 | d828 42f8 | babe ffff | ff48 8b2c | 2444 8b5c | 2408 4489 | 1c24 4c8b | 5424 184c 
  0x0000020834a1fa40: 8954 2408 | 4c8b 5424 | 204c 8954 | 2418 4889 | 4424 2090 | c5f8 77e8 | a428 42f8 | bae4 ffff 
  0x0000020834a1fa60: ff48 8b2c | 2444 892c | 244c 8b4c | 2418 4c89 | 4c24 0844 | 8954 2404 | 4489 5c24 | 104c 8944 
  0x0000020834a1fa80: 2420 894c | 2414 6690 | c5f8 77e8 | 7028 42f8 | ba76 ffff | ffc5 fa11 | 4424 08c5 | fa11 4c24 
  0x0000020834a1faa0: 0cc5 fa11 | 5424 1044 | 894c 2414 | 4c89 5424 | 2889 4c24 | 3444 895c | 2438 6690 | c5f8 77e8 
  0x0000020834a1fac0: 3c28 42f8 | b801 0000 | 0033 d2e9 | a7e8 ffff | 4533 d2e9 | c3fa ffff | 41ba 0100 | 0000 e99e 
  0x0000020834a1fae0: f9ff ff41 | ba01 0000 | 00e9 adfa | ffff baf4 | ffff ff48 | 8b2c 24c5 | fa11 0424 | c5fa 114c 
  0x0000020834a1fb00: 2404 c5fa | 1154 2408 | c5f8 77e8 | f027 42f8 | ba45 ffff | ffc5 fa11 | 4424 08c5 | fa11 4c24 
  0x0000020834a1fb20: 0cc5 fa11 | 5424 10c5 | fb11 5c24 | 2044 8944 | 2414 4489 | 5424 2890 | c5f8 77e8 | c027 42f8 
  0x0000020834a1fb40: 41ba 0200 | 0000 e950 | faff ff41 | ba03 0000 | 00e9 45fa | ffff 41ba | 0400 0000 | e93a faff 
  0x0000020834a1fb60: ff41 ba05 | 0000 00e9 | 9ff8 ffff | ba45 ffff | ffc5 fa11 | 4424 08c5 | fa11 4c24 | 0cc5 fa11 
  0x0000020834a1fb80: 5424 10c5 | fb11 5c24 | 2844 8944 | 2414 4489 | 5424 304c | 895c 2438 | 894c 2434 | c5f8 77e8 
  0x0000020834a1fba0: 5c27 42f8 | babe ffff | ff48 8b2c | 2444 8b54 | 2408 4489 | 1424 4c8b | 5424 184c | 8954 2408 
  0x0000020834a1fbc0: 4c8b 5424 | 204c 8954 | 2418 4889 | 4424 2090 | c5f8 77e8 | 2827 42f8 | 4585 d240 | 0f95 c540 
  0x0000020834a1fbe0: 0fb6 ed83 | f501 ba45 | ffff ffc5 | fa11 4424 | 08c5 fa11 | 4c24 0cc5 | fa11 5424 | 1044 894c 
  0x0000020834a1fc00: 2414 c5fb | 115c 2428 | 4489 5c24 | 3066 6690 | c5f8 77e8 | e826 42f8 | 458b d0e9 | 7bf9 ffff 
  0x0000020834a1fc20: ba45 ffff | ffc5 fa11 | 4424 08c5 | fa11 4c24 | 0cc5 fa11 | 5424 10c5 | fb11 5c24 | 284c 895c 
  0x0000020834a1fc40: 2430 4489 | 5424 144c | 8944 2438 | 895c 2440 | c5f8 77e8 | a826 42f8 | bade ffff | ff48 8b2c 
  0x0000020834a1fc60: 24c5 fa11 | 0424 c5fa | 114c 2404 | c5fa 1154 | 2408 4c8b | 4c24 184c | 894c 2410 | c5fb 115c 
  0x0000020834a1fc80: 2420 4c89 | 5c24 2844 | 8954 240c | 4489 4424 | 3466 6690 | c5f8 77e8 | 6426 42f8 | bade ffff 
  0x0000020834a1fca0: ffc5 fa11 | 4424 08c5 | fa11 4c24 | 0cc5 fa11 | 5424 1090 | c5f8 77e8 | 4426 42f8 | bade ffff 
  0x0000020834a1fcc0: ff48 8b2c | 24c5 fa11 | 0424 c5fa | 114c 2404 | c5fa 1154 | 2408 4c8b | 5c24 184c | 895c 2410 
  0x0000020834a1fce0: c5fb 115c | 2420 4489 | 4424 0c44 | 8954 2428 | 4489 4c24 | 3066 6690 | c5f8 77e8 | 0026 42f8 
  0x0000020834a1fd00: baf6 ffff | ff41 8be9 | 891c 2490 | c5f8 77e8 | ec25 42f8 | baf6 ffff | ff66 6690 | c5f8 77e8 
  0x0000020834a1fd20: dc25 42f8 | c4c1 796e | daba f6ff | ffff c5f9 | 7edd 6690 | c5f8 77e8 | c425 42f8 | 4489 4c24 
  0x0000020834a1fd40: 10ba f6ff | ffff 4489 | 1424 6690 | c5f8 77e8 | ac25 42f8 | baf6 ffff | ff66 6690 | c5f8 77e8 
  0x0000020834a1fd60: 9c25 42f8 | ba76 ffff | ff48 8b2c | 2444 8b54 | 2408 4489 | 1424 4c8b | 5424 184c | 8954 2408 
  0x0000020834a1fd80: 448b 5424 | 1044 8954 | 2404 448b | 5c24 1444 | 895c 2410 | 48ff 7424 | 2048 8f44 | 2418 4889 
  0x0000020834a1fda0: 4424 20c5 | fa11 5424 | 1489 5c24 | 2866 6690 | c5f8 77e8 | 4825 42f8 | baf6 ffff | ff66 6690 
  0x0000020834a1fdc0: c5f8 77e8 | 3825 42f8 | 488b d0eb | 0848 8bd0 | eb03 488b | d0c5 f877 | 4883 c460 | 5de9 9ecf 
  0x0000020834a1fde0: 4cf8 baf6 | ffff ff49 | 8be8 6690 | c5f8 77e8 | 0c25 42f8 | baf6 ffff | ff66 6690 | c5f8 77e8 
  0x0000020834a1fe00: fc24 42f8 | 488b 7424 | 18e9 9bfa | ffff 488b | 7424 18e9 | 91fa ffff | baf6 ffff | ff66 6690 
  0x0000020834a1fe20: c5f8 77e8 | d824 42f8 | baf6 ffff | ff66 6690 | c5f8 77e8 | c824 42f8 | baf6 ffff | ff66 6690 
  0x0000020834a1fe40: c5f8 77e8 | b824 42f8 | ba45 ffff | ff48 8b2c | 24c5 fa11 | 0424 c5fa | 114c 2404 | c5fa 1154 
  0x0000020834a1fe60: 2408 4c8b | 5c24 184c | 895c 2410 | c5fb 115c | 2420 4489 | 4424 0c44 | 8954 2428 | 4489 4c24 
  0x0000020834a1fe80: 2c66 6690 | c5f8 77e8 | 7424 42f8 | baf6 ffff | ff66 6690 | c5f8 77e8 | 6424 42f8 | baf6 ffff 
  0x0000020834a1fea0: ff66 6690 | c5f8 77e8 | 5424 42f8 | ba76 ffff | ff48 8b2c | 2444 8b54 | 2408 4489 | 1424 4c8b 
  0x0000020834a1fec0: 5424 184c | 8954 2408 | 448b 5c24 | 2844 895c | 2404 48ff | 7424 2048 | 8f44 2418 | 4889 4424 
  0x0000020834a1fee0: 2089 7424 | 2866 6690 | c5f8 77e8 | 1024 42f8 | baf6 ffff | ff66 6690 | c5f8 77e8 | 0024 42f8 
  0x0000020834a1ff00: ba45 ffff | ff48 8b2c | 24c5 fa11 | 0424 c5fa | 114c 2404 | c5fa 1154 | 2408 4c8b | 4c24 184c 
  0x0000020834a1ff20: 894c 2410 | c5fb 115c | 2420 4c89 | 5c24 2844 | 8954 240c | 4489 4424 | 3066 6690 | c5f8 77e8 
  0x0000020834a1ff40: bc23 42f8 | 49ba 6bef | a134 0802 | 0000 4d89 | 9758 0300 | 00e9 a634 | 42f8 f4f4 | f4f4 f4f4 
  0x0000020834a1ff60: e91b 464c | f8e8 0000 | 0000 4883 | 2c24 05e9 | 2c27 42f8 | f4f4 f4f4 
[/MachCode]
--------------------------------------------------------------------------------


---------------  P R O C E S S  ---------------

Threads class SMR info:
_java_thread_list=0x000002084a5c7420, length=20, elements={
0x000002084908e9e0, 0x0000020849090660, 0x00000208490a8890, 0x00000208490a9240,
0x00000208490a9bf0, 0x00000208490aa5a0, 0x00000208490ab330, 0x00000208490af2d0,
0x00000208490bd4f0, 0x0000020849d30760, 0x0000020849d3d080, 0x0000020823afddb0,
0x0000020849f07740, 0x0000020849f39480, 0x0000020849f3a6f0, 0x000002084a40df00,
0x000002084a480f20, 0x000002084a48daf0, 0x000002084a48cc80, 0x000002084a48d150
}

Java Threads: ( => current thread )
  0x000002084908e9e0 JavaThread "Reference Handler" daemon [_thread_blocked, id=9976, stack(0x000000830e700000,0x000000830e800000)]
  0x0000020849090660 JavaThread "Finalizer" daemon [_thread_blocked, id=15480, stack(0x000000830e800000,0x000000830e900000)]
  0x00000208490a8890 JavaThread "Signal Dispatcher" daemon [_thread_blocked, id=17040, stack(0x000000830e900000,0x000000830ea00000)]
  0x00000208490a9240 JavaThread "Attach Listener" daemon [_thread_blocked, id=12044, stack(0x000000830ea00000,0x000000830eb00000)]
  0x00000208490a9bf0 JavaThread "Service Thread" daemon [_thread_blocked, id=15216, stack(0x000000830eb00000,0x000000830ec00000)]
  0x00000208490aa5a0 JavaThread "Monitor Deflation Thread" daemon [_thread_blocked, id=19768, stack(0x000000830ec00000,0x000000830ed00000)]
  0x00000208490ab330 JavaThread "C2 CompilerThread0" daemon [_thread_blocked, id=13520, stack(0x000000830ed00000,0x000000830ee00000)]
  0x00000208490af2d0 JavaThread "C1 CompilerThread0" daemon [_thread_blocked, id=15300, stack(0x000000830ee00000,0x000000830ef00000)]
  0x00000208490bd4f0 JavaThread "Sweeper thread" daemon [_thread_blocked, id=17576, stack(0x000000830ef00000,0x000000830f000000)]
  0x0000020849d30760 JavaThread "Notification Thread" daemon [_thread_blocked, id=11064, stack(0x000000830f100000,0x000000830f200000)]
  0x0000020849d3d080 JavaThread "Common-Cleaner" daemon [_thread_blocked, id=16696, stack(0x000000830f300000,0x000000830f400000)]
  0x0000020823afddb0 JavaThread "DestroyJavaVM" [_thread_blocked, id=23280, stack(0x000000830e000000,0x000000830e100000)]
  0x0000020849f07740 JavaThread "Java2D Disposer" daemon [_thread_blocked, id=9660, stack(0x000000830f500000,0x000000830f600000)]
  0x0000020849f39480 JavaThread "AWT-Shutdown" [_thread_blocked, id=10200, stack(0x000000830f700000,0x000000830f800000)]
  0x0000020849f3a6f0 JavaThread "AWT-Windows" daemon [_thread_in_native, id=16632, stack(0x000000830f800000,0x000000830f900000)]
  0x000002084a40df00 JavaThread "AWT-EventQueue-0" [_thread_blocked, id=24524, stack(0x0000008310500000,0x0000008310600000)]
=>0x000002084a480f20 JavaThread "Thread-2" [_thread_in_Java, id=2540, stack(0x0000008310600000,0x0000008310700000)]
  0x000002084a48daf0 JavaThread "Thread-1" [_thread_in_Java, id=19516, stack(0x0000008310700000,0x0000008310800000)]
  0x000002084a48cc80 JavaThread "D3D Screen Updater" daemon [_thread_blocked, id=20580, stack(0x000000830f400000,0x000000830f500000)]
  0x000002084a48d150 JavaThread "Thread-3" [_thread_in_Java, id=14204, stack(0x0000008310a00000,0x0000008310b00000)]

Other Threads:
  0x0000020849085690 VMThread "VM Thread" [stack: 0x000000830e600000,0x000000830e700000] [id=15768]
  0x0000020849d30c30 WatcherThread [stack: 0x000000830f200000,0x000000830f300000] [id=13452]
  0x0000020823b4a870 GCTaskThread "GC Thread#0" [stack: 0x000000830e100000,0x000000830e200000] [id=9924]
  0x000002084a4f3c80 GCTaskThread "GC Thread#1" [stack: 0x000000830f600000,0x000000830f700000] [id=9136]
  0x000002084a6d8ca0 GCTaskThread "GC Thread#2" [stack: 0x0000008310800000,0x0000008310900000] [id=520]
  0x000002084a77af80 GCTaskThread "GC Thread#3" [stack: 0x0000008310900000,0x0000008310a00000] [id=11304]
  0x000002084a5e0080 GCTaskThread "GC Thread#4" [stack: 0x0000008310c00000,0x0000008310d00000] [id=13060]
  0x000002084a4da6c0 GCTaskThread "GC Thread#5" [stack: 0x0000008310d00000,0x0000008310e00000] [id=22048]
  0x000002084a4da970 GCTaskThread "GC Thread#6" [stack: 0x0000008310e00000,0x0000008310f00000] [id=15772]
  0x000002084a56a390 GCTaskThread "GC Thread#7" [stack: 0x0000008310f00000,0x0000008311000000] [id=10664]
  0x000002084a947440 GCTaskThread "GC Thread#8" [stack: 0x0000008311000000,0x0000008311100000] [id=23148]
  0x000002084a9476f0 GCTaskThread "GC Thread#9" [stack: 0x0000008311100000,0x0000008311200000] [id=23844]
  0x000002084a9466d0 GCTaskThread "GC Thread#10" [stack: 0x0000008311200000,0x0000008311300000] [id=15624]
  0x000002084a945c10 GCTaskThread "GC Thread#11" [stack: 0x0000008311300000,0x0000008311400000] [id=6376]
  0x0000020823b5ae40 ConcurrentGCThread "G1 Main Marker" [stack: 0x000000830e200000,0x000000830e300000] [id=7712]
  0x0000020823b5d000 ConcurrentGCThread "G1 Conc#0" [stack: 0x000000830e300000,0x000000830e400000] [id=5692]
  0x0000020848f534e0 ConcurrentGCThread "G1 Refine#0" [stack: 0x000000830e400000,0x000000830e500000] [id=15604]
  0x0000020848f53e00 ConcurrentGCThread "G1 Service" [stack: 0x000000830e500000,0x000000830e600000] [id=980]

Threads with active compile tasks:

VM state: not at safepoint (normal execution)

VM Mutex/Monitor currently owned by a thread: None

Heap address: 0x0000000709600000, size: 3946 MB, Compressed Oops mode: Zero based, Oop shift amount: 3

CDS archive(s) mapped at: [0x0000000800000000-0x0000000800bc0000-0x0000000800bc0000), size 12320768, SharedBaseAddress: 0x0000000800000000, ArchiveRelocationMode: 0.
Compressed class space mapped at: 0x0000000800c00000-0x0000000840c00000, reserved size: 1073741824
Narrow klass base: 0x0000000800000000, Narrow klass shift: 0, Narrow klass range: 0x100000000

GC Precious Log:
 CPUs: 16 total, 16 available
 Memory: 15776M
 Large Page Support: Disabled
 NUMA Support: Disabled
 Compressed Oops: Enabled (Zero based)
 Heap Region Size: 2M
 Heap Min Capacity: 8M
 Heap Initial Capacity: 248M
 Heap Max Capacity: 3946M
 Pre-touch: Disabled
 Parallel Workers: 13
 Concurrent Workers: 3
 Concurrent Refinement Workers: 13
 Periodic GC: Disabled

Heap:
 garbage-first heap   total 253952K, used 38411K [0x0000000709600000, 0x0000000800000000)
  region size 2048K, 17 young (34816K), 2 survivors (4096K)
 Metaspace       used 7167K, committed 7360K, reserved 1056768K
  class space    used 774K, committed 896K, reserved 1048576K

Heap Regions: E=young(eden), S=young(survivor), O=old, HS=humongous(starts), HC=humongous(continues), CS=collection set, F=free, OA=open archive, CA=closed archive, TAMS=top-at-mark-start (previous, next)
|   0|0x0000000709600000, 0x0000000709800000, 0x0000000709800000|100%|HS|  |TAMS 0x0000000709600000, 0x0000000709600000| Complete 
|   1|0x0000000709800000, 0x0000000709a00000, 0x0000000709a00000|100%|HC|  |TAMS 0x0000000709800000, 0x0000000709800000| Complete 
|   2|0x0000000709a00000, 0x0000000709b82c00, 0x0000000709c00000| 75%| O|  |TAMS 0x0000000709a00000, 0x0000000709a00000| Untracked 
|   3|0x0000000709c00000, 0x0000000709c00000, 0x0000000709e00000|  0%| F|  |TAMS 0x0000000709c00000, 0x0000000709c00000| Untracked 
|   4|0x0000000709e00000, 0x0000000709e00000, 0x000000070a000000|  0%| F|  |TAMS 0x0000000709e00000, 0x0000000709e00000| Untracked 
|   5|0x000000070a000000, 0x000000070a000000, 0x000000070a200000|  0%| F|  |TAMS 0x000000070a000000, 0x000000070a000000| Untracked 
|   6|0x000000070a200000, 0x000000070a200000, 0x000000070a400000|  0%| F|  |TAMS 0x000000070a200000, 0x000000070a200000| Untracked 
|   7|0x000000070a400000, 0x000000070a400000, 0x000000070a600000|  0%| F|  |TAMS 0x000000070a400000, 0x000000070a400000| Untracked 
|   8|0x000000070a600000, 0x000000070a600000, 0x000000070a800000|  0%| F|  |TAMS 0x000000070a600000, 0x000000070a600000| Untracked 
|   9|0x000000070a800000, 0x000000070a800000, 0x000000070aa00000|  0%| F|  |TAMS 0x000000070a800000, 0x000000070a800000| Untracked 
|  10|0x000000070aa00000, 0x000000070aa00000, 0x000000070ac00000|  0%| F|  |TAMS 0x000000070aa00000, 0x000000070aa00000| Untracked 
|  11|0x000000070ac00000, 0x000000070ac00000, 0x000000070ae00000|  0%| F|  |TAMS 0x000000070ac00000, 0x000000070ac00000| Untracked 
|  12|0x000000070ae00000, 0x000000070ae00000, 0x000000070b000000|  0%| F|  |TAMS 0x000000070ae00000, 0x000000070ae00000| Untracked 
|  13|0x000000070b000000, 0x000000070b000000, 0x000000070b200000|  0%| F|  |TAMS 0x000000070b000000, 0x000000070b000000| Untracked 
|  14|0x000000070b200000, 0x000000070b200000, 0x000000070b400000|  0%| F|  |TAMS 0x000000070b200000, 0x000000070b200000| Untracked 
|  15|0x000000070b400000, 0x000000070b400000, 0x000000070b600000|  0%| F|  |TAMS 0x000000070b400000, 0x000000070b400000| Untracked 
|  16|0x000000070b600000, 0x000000070b600000, 0x000000070b800000|  0%| F|  |TAMS 0x000000070b600000, 0x000000070b600000| Untracked 
|  17|0x000000070b800000, 0x000000070b800000, 0x000000070ba00000|  0%| F|  |TAMS 0x000000070b800000, 0x000000070b800000| Untracked 
|  18|0x000000070ba00000, 0x000000070ba00000, 0x000000070bc00000|  0%| F|  |TAMS 0x000000070ba00000, 0x000000070ba00000| Untracked 
|  19|0x000000070bc00000, 0x000000070bc00000, 0x000000070be00000|  0%| F|  |TAMS 0x000000070bc00000, 0x000000070bc00000| Untracked 
|  20|0x000000070be00000, 0x000000070be00000, 0x000000070c000000|  0%| F|  |TAMS 0x000000070be00000, 0x000000070be00000| Untracked 
|  21|0x000000070c000000, 0x000000070c000000, 0x000000070c200000|  0%| F|  |TAMS 0x000000070c000000, 0x000000070c000000| Untracked 
|  22|0x000000070c200000, 0x000000070c200000, 0x000000070c400000|  0%| F|  |TAMS 0x000000070c200000, 0x000000070c200000| Untracked 
|  23|0x000000070c400000, 0x000000070c400000, 0x000000070c600000|  0%| F|  |TAMS 0x000000070c400000, 0x000000070c400000| Untracked 
|  24|0x000000070c600000, 0x000000070c600000, 0x000000070c800000|  0%| F|  |TAMS 0x000000070c600000, 0x000000070c600000| Untracked 
|  25|0x000000070c800000, 0x000000070c800000, 0x000000070ca00000|  0%| F|  |TAMS 0x000000070c800000, 0x000000070c800000| Untracked 
|  26|0x000000070ca00000, 0x000000070ca00000, 0x000000070cc00000|  0%| F|  |TAMS 0x000000070ca00000, 0x000000070ca00000| Untracked 
|  27|0x000000070cc00000, 0x000000070cc00000, 0x000000070ce00000|  0%| F|  |TAMS 0x000000070cc00000, 0x000000070cc00000| Untracked 
|  28|0x000000070ce00000, 0x000000070ce00000, 0x000000070d000000|  0%| F|  |TAMS 0x000000070ce00000, 0x000000070ce00000| Untracked 
|  29|0x000000070d000000, 0x000000070d000000, 0x000000070d200000|  0%| F|  |TAMS 0x000000070d000000, 0x000000070d000000| Untracked 
|  30|0x000000070d200000, 0x000000070d200000, 0x000000070d400000|  0%| F|  |TAMS 0x000000070d200000, 0x000000070d200000| Untracked 
|  31|0x000000070d400000, 0x000000070d400000, 0x000000070d600000|  0%| F|  |TAMS 0x000000070d400000, 0x000000070d400000| Untracked 
|  32|0x000000070d600000, 0x000000070d600000, 0x000000070d800000|  0%| F|  |TAMS 0x000000070d600000, 0x000000070d600000| Untracked 
|  33|0x000000070d800000, 0x000000070d800000, 0x000000070da00000|  0%| F|  |TAMS 0x000000070d800000, 0x000000070d800000| Untracked 
|  34|0x000000070da00000, 0x000000070da00000, 0x000000070dc00000|  0%| F|  |TAMS 0x000000070da00000, 0x000000070da00000| Untracked 
|  35|0x000000070dc00000, 0x000000070dc00000, 0x000000070de00000|  0%| F|  |TAMS 0x000000070dc00000, 0x000000070dc00000| Untracked 
|  36|0x000000070de00000, 0x000000070de00000, 0x000000070e000000|  0%| F|  |TAMS 0x000000070de00000, 0x000000070de00000| Untracked 
|  37|0x000000070e000000, 0x000000070e000000, 0x000000070e200000|  0%| F|  |TAMS 0x000000070e000000, 0x000000070e000000| Untracked 
|  38|0x000000070e200000, 0x000000070e200000, 0x000000070e400000|  0%| F|  |TAMS 0x000000070e200000, 0x000000070e200000| Untracked 
|  39|0x000000070e400000, 0x000000070e400000, 0x000000070e600000|  0%| F|  |TAMS 0x000000070e400000, 0x000000070e400000| Untracked 
|  40|0x000000070e600000, 0x000000070e600000, 0x000000070e800000|  0%| F|  |TAMS 0x000000070e600000, 0x000000070e600000| Untracked 
|  41|0x000000070e800000, 0x000000070e800000, 0x000000070ea00000|  0%| F|  |TAMS 0x000000070e800000, 0x000000070e800000| Untracked 
|  42|0x000000070ea00000, 0x000000070ea00000, 0x000000070ec00000|  0%| F|  |TAMS 0x000000070ea00000, 0x000000070ea00000| Untracked 
|  43|0x000000070ec00000, 0x000000070ec00000, 0x000000070ee00000|  0%| F|  |TAMS 0x000000070ec00000, 0x000000070ec00000| Untracked 
|  44|0x000000070ee00000, 0x000000070ee00000, 0x000000070f000000|  0%| F|  |TAMS 0x000000070ee00000, 0x000000070ee00000| Untracked 
|  45|0x000000070f000000, 0x000000070f000000, 0x000000070f200000|  0%| F|  |TAMS 0x000000070f000000, 0x000000070f000000| Untracked 
|  46|0x000000070f200000, 0x000000070f200000, 0x000000070f400000|  0%| F|  |TAMS 0x000000070f200000, 0x000000070f200000| Untracked 
|  47|0x000000070f400000, 0x000000070f400000, 0x000000070f600000|  0%| F|  |TAMS 0x000000070f400000, 0x000000070f400000| Untracked 
|  48|0x000000070f600000, 0x000000070f600000, 0x000000070f800000|  0%| F|  |TAMS 0x000000070f600000, 0x000000070f600000| Untracked 
|  49|0x000000070f800000, 0x000000070f800000, 0x000000070fa00000|  0%| F|  |TAMS 0x000000070f800000, 0x000000070f800000| Untracked 
|  50|0x000000070fa00000, 0x000000070fa00000, 0x000000070fc00000|  0%| F|  |TAMS 0x000000070fa00000, 0x000000070fa00000| Untracked 
|  51|0x000000070fc00000, 0x000000070fc00000, 0x000000070fe00000|  0%| F|  |TAMS 0x000000070fc00000, 0x000000070fc00000| Untracked 
|  52|0x000000070fe00000, 0x000000070fe00000, 0x0000000710000000|  0%| F|  |TAMS 0x000000070fe00000, 0x000000070fe00000| Untracked 
|  53|0x0000000710000000, 0x0000000710000000, 0x0000000710200000|  0%| F|  |TAMS 0x0000000710000000, 0x0000000710000000| Untracked 
|  54|0x0000000710200000, 0x0000000710200000, 0x0000000710400000|  0%| F|  |TAMS 0x0000000710200000, 0x0000000710200000| Untracked 
|  55|0x0000000710400000, 0x0000000710400000, 0x0000000710600000|  0%| F|  |TAMS 0x0000000710400000, 0x0000000710400000| Untracked 
|  56|0x0000000710600000, 0x0000000710600000, 0x0000000710800000|  0%| F|  |TAMS 0x0000000710600000, 0x0000000710600000| Untracked 
|  57|0x0000000710800000, 0x0000000710800000, 0x0000000710a00000|  0%| F|  |TAMS 0x0000000710800000, 0x0000000710800000| Untracked 
|  58|0x0000000710a00000, 0x0000000710a00000, 0x0000000710c00000|  0%| F|  |TAMS 0x0000000710a00000, 0x0000000710a00000| Untracked 
|  59|0x0000000710c00000, 0x0000000710c00000, 0x0000000710e00000|  0%| F|  |TAMS 0x0000000710c00000, 0x0000000710c00000| Untracked 
|  60|0x0000000710e00000, 0x0000000710e00000, 0x0000000711000000|  0%| F|  |TAMS 0x0000000710e00000, 0x0000000710e00000| Untracked 
|  61|0x0000000711000000, 0x0000000711000000, 0x0000000711200000|  0%| F|  |TAMS 0x0000000711000000, 0x0000000711000000| Untracked 
|  62|0x0000000711200000, 0x0000000711200000, 0x0000000711400000|  0%| F|  |TAMS 0x0000000711200000, 0x0000000711200000| Untracked 
|  63|0x0000000711400000, 0x0000000711400000, 0x0000000711600000|  0%| F|  |TAMS 0x0000000711400000, 0x0000000711400000| Untracked 
|  64|0x0000000711600000, 0x0000000711600000, 0x0000000711800000|  0%| F|  |TAMS 0x0000000711600000, 0x0000000711600000| Untracked 
|  65|0x0000000711800000, 0x0000000711800000, 0x0000000711a00000|  0%| F|  |TAMS 0x0000000711800000, 0x0000000711800000| Untracked 
|  66|0x0000000711a00000, 0x0000000711a00000, 0x0000000711c00000|  0%| F|  |TAMS 0x0000000711a00000, 0x0000000711a00000| Untracked 
|  67|0x0000000711c00000, 0x0000000711c00000, 0x0000000711e00000|  0%| F|  |TAMS 0x0000000711c00000, 0x0000000711c00000| Untracked 
|  68|0x0000000711e00000, 0x0000000711e00000, 0x0000000712000000|  0%| F|  |TAMS 0x0000000711e00000, 0x0000000711e00000| Untracked 
|  69|0x0000000712000000, 0x0000000712000000, 0x0000000712200000|  0%| F|  |TAMS 0x0000000712000000, 0x0000000712000000| Untracked 
|  70|0x0000000712200000, 0x0000000712200000, 0x0000000712400000|  0%| F|  |TAMS 0x0000000712200000, 0x0000000712200000| Untracked 
|  71|0x0000000712400000, 0x0000000712400000, 0x0000000712600000|  0%| F|  |TAMS 0x0000000712400000, 0x0000000712400000| Untracked 
|  72|0x0000000712600000, 0x0000000712600000, 0x0000000712800000|  0%| F|  |TAMS 0x0000000712600000, 0x0000000712600000| Untracked 
|  73|0x0000000712800000, 0x0000000712800000, 0x0000000712a00000|  0%| F|  |TAMS 0x0000000712800000, 0x0000000712800000| Untracked 
|  74|0x0000000712a00000, 0x0000000712a00000, 0x0000000712c00000|  0%| F|  |TAMS 0x0000000712a00000, 0x0000000712a00000| Untracked 
|  75|0x0000000712c00000, 0x0000000712c00000, 0x0000000712e00000|  0%| F|  |TAMS 0x0000000712c00000, 0x0000000712c00000| Untracked 
|  76|0x0000000712e00000, 0x0000000712e00000, 0x0000000713000000|  0%| F|  |TAMS 0x0000000712e00000, 0x0000000712e00000| Untracked 
|  77|0x0000000713000000, 0x0000000713000000, 0x0000000713200000|  0%| F|  |TAMS 0x0000000713000000, 0x0000000713000000| Untracked 
|  78|0x0000000713200000, 0x0000000713200000, 0x0000000713400000|  0%| F|  |TAMS 0x0000000713200000, 0x0000000713200000| Untracked 
|  79|0x0000000713400000, 0x0000000713400000, 0x0000000713600000|  0%| F|  |TAMS 0x0000000713400000, 0x0000000713400000| Untracked 
|  80|0x0000000713600000, 0x0000000713600000, 0x0000000713800000|  0%| F|  |TAMS 0x0000000713600000, 0x0000000713600000| Untracked 
|  81|0x0000000713800000, 0x0000000713800000, 0x0000000713a00000|  0%| F|  |TAMS 0x0000000713800000, 0x0000000713800000| Untracked 
|  82|0x0000000713a00000, 0x0000000713a00000, 0x0000000713c00000|  0%| F|  |TAMS 0x0000000713a00000, 0x0000000713a00000| Untracked 
|  83|0x0000000713c00000, 0x0000000713c00000, 0x0000000713e00000|  0%| F|  |TAMS 0x0000000713c00000, 0x0000000713c00000| Untracked 
|  84|0x0000000713e00000, 0x0000000713e00000, 0x0000000714000000|  0%| F|  |TAMS 0x0000000713e00000, 0x0000000713e00000| Untracked 
|  85|0x0000000714000000, 0x0000000714000000, 0x0000000714200000|  0%| F|  |TAMS 0x0000000714000000, 0x0000000714000000| Untracked 
|  86|0x0000000714200000, 0x0000000714200000, 0x0000000714400000|  0%| F|  |TAMS 0x0000000714200000, 0x0000000714200000| Untracked 
|  87|0x0000000714400000, 0x0000000714400000, 0x0000000714600000|  0%| F|  |TAMS 0x0000000714400000, 0x0000000714400000| Untracked 
|  88|0x0000000714600000, 0x0000000714600000, 0x0000000714800000|  0%| F|  |TAMS 0x0000000714600000, 0x0000000714600000| Untracked 
|  89|0x0000000714800000, 0x0000000714800000, 0x0000000714a00000|  0%| F|  |TAMS 0x0000000714800000, 0x0000000714800000| Untracked 
|  90|0x0000000714a00000, 0x0000000714a00000, 0x0000000714c00000|  0%| F|  |TAMS 0x0000000714a00000, 0x0000000714a00000| Untracked 
|  91|0x0000000714c00000, 0x0000000714c00000, 0x0000000714e00000|  0%| F|  |TAMS 0x0000000714c00000, 0x0000000714c00000| Untracked 
|  92|0x0000000714e00000, 0x0000000714e00000, 0x0000000715000000|  0%| F|  |TAMS 0x0000000714e00000, 0x0000000714e00000| Untracked 
|  93|0x0000000715000000, 0x0000000715000000, 0x0000000715200000|  0%| F|  |TAMS 0x0000000715000000, 0x0000000715000000| Untracked 
|  94|0x0000000715200000, 0x0000000715200000, 0x0000000715400000|  0%| F|  |TAMS 0x0000000715200000, 0x0000000715200000| Untracked 
|  95|0x0000000715400000, 0x0000000715400000, 0x0000000715600000|  0%| F|  |TAMS 0x0000000715400000, 0x0000000715400000| Untracked 
|  96|0x0000000715600000, 0x0000000715600000, 0x0000000715800000|  0%| F|  |TAMS 0x0000000715600000, 0x0000000715600000| Untracked 
|  97|0x0000000715800000, 0x0000000715800000, 0x0000000715a00000|  0%| F|  |TAMS 0x0000000715800000, 0x0000000715800000| Untracked 
|  98|0x0000000715a00000, 0x0000000715a00000, 0x0000000715c00000|  0%| F|  |TAMS 0x0000000715a00000, 0x0000000715a00000| Untracked 
|  99|0x0000000715c00000, 0x0000000715c00000, 0x0000000715e00000|  0%| F|  |TAMS 0x0000000715c00000, 0x0000000715c00000| Untracked 
| 100|0x0000000715e00000, 0x0000000715e00000, 0x0000000716000000|  0%| F|  |TAMS 0x0000000715e00000, 0x0000000715e00000| Untracked 
| 101|0x0000000716000000, 0x0000000716000000, 0x0000000716200000|  0%| F|  |TAMS 0x0000000716000000, 0x0000000716000000| Untracked 
| 102|0x0000000716200000, 0x0000000716200000, 0x0000000716400000|  0%| F|  |TAMS 0x0000000716200000, 0x0000000716200000| Untracked 
| 103|0x0000000716400000, 0x0000000716400000, 0x0000000716600000|  0%| F|  |TAMS 0x0000000716400000, 0x0000000716400000| Untracked 
| 104|0x0000000716600000, 0x0000000716600000, 0x0000000716800000|  0%| F|  |TAMS 0x0000000716600000, 0x0000000716600000| Untracked 
| 105|0x0000000716800000, 0x0000000716800000, 0x0000000716a00000|  0%| F|  |TAMS 0x0000000716800000, 0x0000000716800000| Untracked 
| 106|0x0000000716a00000, 0x0000000716a00000, 0x0000000716c00000|  0%| F|  |TAMS 0x0000000716a00000, 0x0000000716a00000| Untracked 
| 107|0x0000000716c00000, 0x0000000716d3a8d0, 0x0000000716e00000| 61%| E|  |TAMS 0x0000000716c00000, 0x0000000716c00000| Complete 
| 108|0x0000000716e00000, 0x0000000717000000, 0x0000000717000000|100%| E|CS|TAMS 0x0000000716e00000, 0x0000000716e00000| Complete 
| 109|0x0000000717000000, 0x0000000717200000, 0x0000000717200000|100%| E|CS|TAMS 0x0000000717000000, 0x0000000717000000| Complete 
| 110|0x0000000717200000, 0x0000000717400000, 0x0000000717400000|100%| E|CS|TAMS 0x0000000717200000, 0x0000000717200000| Complete 
| 111|0x0000000717400000, 0x0000000717600000, 0x0000000717600000|100%| S|CS|TAMS 0x0000000717400000, 0x0000000717400000| Complete 
| 112|0x0000000717600000, 0x0000000717800000, 0x0000000717800000|100%| S|CS|TAMS 0x0000000717600000, 0x0000000717600000| Complete 
| 113|0x0000000717800000, 0x0000000717a00000, 0x0000000717a00000|100%| E|CS|TAMS 0x0000000717800000, 0x0000000717800000| Complete 
| 114|0x0000000717a00000, 0x0000000717c00000, 0x0000000717c00000|100%| E|CS|TAMS 0x0000000717a00000, 0x0000000717a00000| Complete 
| 115|0x0000000717c00000, 0x0000000717e00000, 0x0000000717e00000|100%| E|CS|TAMS 0x0000000717c00000, 0x0000000717c00000| Complete 
| 116|0x0000000717e00000, 0x0000000718000000, 0x0000000718000000|100%| E|CS|TAMS 0x0000000717e00000, 0x0000000717e00000| Complete 
| 117|0x0000000718000000, 0x0000000718200000, 0x0000000718200000|100%| E|CS|TAMS 0x0000000718000000, 0x0000000718000000| Complete 
| 118|0x0000000718200000, 0x0000000718400000, 0x0000000718400000|100%| E|CS|TAMS 0x0000000718200000, 0x0000000718200000| Complete 
| 119|0x0000000718400000, 0x0000000718600000, 0x0000000718600000|100%| E|CS|TAMS 0x0000000718400000, 0x0000000718400000| Complete 
| 120|0x0000000718600000, 0x0000000718800000, 0x0000000718800000|100%| E|CS|TAMS 0x0000000718600000, 0x0000000718600000| Complete 
| 121|0x0000000718800000, 0x0000000718a00000, 0x0000000718a00000|100%| E|CS|TAMS 0x0000000718800000, 0x0000000718800000| Complete 
| 122|0x0000000718a00000, 0x0000000718c00000, 0x0000000718c00000|100%| E|CS|TAMS 0x0000000718a00000, 0x0000000718a00000| Complete 
| 123|0x0000000718c00000, 0x0000000718e00000, 0x0000000718e00000|100%| E|CS|TAMS 0x0000000718c00000, 0x0000000718c00000| Complete 

Card table byte_map: [0x000002083d560000,0x000002083dd20000] _byte_map_base: 0x0000020839d15000

Marking Bits (Prev, Next): (CMBitMap*) 0x0000020823b4ae80, (CMBitMap*) 0x0000020823b4aec0
 Prev Bits: [0x000002083e4e0000, 0x0000020842288000)
 Next Bits: [0x0000020842290000, 0x0000020846038000)

Polling page: 0x0000020823820000

Metaspace:

Usage:
  Non-class:      6.24 MB used.
      Class:    774.91 KB used.
       Both:      7.00 MB used.

Virtual space:
  Non-class space:        8.00 MB reserved,       6.31 MB ( 79%) committed,  1 nodes.
      Class space:        1.00 GB reserved,     896.00 KB ( <1%) committed,  1 nodes.
             Both:        1.01 GB reserved,       7.19 MB ( <1%) committed. 

Chunk freelists:
   Non-Class:  912.00 KB
       Class:  3.10 MB
        Both:  3.99 MB

MaxMetaspaceSize: unlimited
CompressedClassSpaceSize: 1.00 GB
Initial GC threshold: 21.00 MB
Current GC threshold: 21.00 MB
CDS: on
MetaspaceReclaimPolicy: balanced
 - commit_granule_bytes: 65536.
 - commit_granule_words: 8192.
 - virtual_space_node_default_size: 1048576.
 - enlarge_chunks_in_place: 1.
 - new_chunks_are_fully_committed: 0.
 - uncommit_free_chunks: 1.
 - use_allocation_guard: 0.
 - handle_deallocations: 1.


Internal statistics:

num_allocs_failed_limit: 0.
num_arena_births: 128.
num_arena_deaths: 0.
num_vsnodes_births: 2.
num_vsnodes_deaths: 0.
num_space_committed: 115.
num_space_uncommitted: 0.
num_chunks_returned_to_freelist: 0.
num_chunks_taken_from_freelist: 179.
num_chunk_merges: 0.
num_chunk_splits: 106.
num_chunks_enlarged: 52.
num_purges: 0.
num_inconsistent_stats: 0.

CodeHeap 'non-profiled nmethods': size=119168Kb used=603Kb max_used=603Kb free=118565Kb
 bounds [0x0000020834990000, 0x0000020834c00000, 0x000002083bdf0000]
CodeHeap 'profiled nmethods': size=119104Kb used=1934Kb max_used=1934Kb free=117169Kb
 bounds [0x000002082d540000, 0x000002082d7b0000, 0x0000020834990000]
CodeHeap 'non-nmethods': size=7488Kb used=1259Kb max_used=2411Kb free=6228Kb
 bounds [0x000002082cdf0000, 0x000002082d060000, 0x000002082d540000]
 total_blobs=1882 nmethods=1304 adapters=491
 compilation: enabled
              stopped_count=0, restarted_count=0
 full_count=0

Compilation events (20 events):
Event: 10.344 Thread 0x00000208490af2d0 nmethod 1292 0x000002082d71c410 code [0x000002082d71c7e0, 0x000002082d71e7e8]
Event: 10.344 Thread 0x000002084a6ef090 nmethod 1294 0x000002082d71ef10 code [0x000002082d71f1a0, 0x000002082d71fbc8]
Event: 10.464 Thread 0x000002084a6ef090 1296       3       java.awt.Component::isEnabled (5 bytes)
Event: 10.464 Thread 0x000002084a6ef090 nmethod 1296 0x000002082d720290 code [0x000002082d720420, 0x000002082d720558]
Event: 11.495 Thread 0x000002084a6ef090 1297       3       java.lang.StringConcatHelper::newString (67 bytes)
Event: 11.496 Thread 0x000002084a6ef090 nmethod 1297 0x000002082d720610 code [0x000002082d720880, 0x000002082d721308]
Event: 11.598 Thread 0x000002084a6ef090 1298       3       summit.game.entity.Entity::update (140 bytes)
Event: 11.599 Thread 0x000002084a6ef090 nmethod 1298 0x000002082d721690 code [0x000002082d721920, 0x000002082d722af8]
Event: 11.627 Thread 0x000002084a6ef090 1299       3       java.awt.event.ComponentEvent::getComponent (22 bytes)
Event: 11.627 Thread 0x000002084a6ef090 nmethod 1299 0x000002082d722f10 code [0x000002082d7230c0, 0x000002082d723438]
Event: 12.146 Thread 0x00000208490ab330 1300 %     4       summit.gfx.Renderer::filterFrame @ 10 (57 bytes)
Event: 12.149 Thread 0x00000208490ab330 nmethod 1300% 0x0000020834a22910 code [0x0000020834a22ac0, 0x0000020834a22d48]
Event: 12.595 Thread 0x00000208490ab330 1301       4       summit.game.entity.mob.PlayerEntity::update (262 bytes)
Event: 12.616 Thread 0x00000208490ab330 nmethod 1301 0x0000020834a23010 code [0x0000020834a232a0, 0x0000020834a251b8]
Event: 12.781 Thread 0x00000208490ab330 1302       4       summit.gfx.Renderer::filterFrame (57 bytes)
Event: 12.783 Thread 0x00000208490ab330 nmethod 1302 0x0000020834a26210 code [0x0000020834a263c0, 0x0000020834a26668]
Event: 12.895 Thread 0x00000208490af2d0 1303       3       sun.java2d.d3d.D3DSurfaceData::getContext (5 bytes)
Event: 12.895 Thread 0x00000208490af2d0 nmethod 1303 0x000002082d723510 code [0x000002082d7236a0, 0x000002082d723838]
Event: 12.896 Thread 0x00000208490af2d0 1304       1       java.awt.BufferCapabilities::getFlipContents (5 bytes)
Event: 12.896 Thread 0x00000208490af2d0 nmethod 1304 0x0000020834a26910 code [0x0000020834a26aa0, 0x0000020834a26b78]

GC Heap History (2 events):
Event: 2.448 GC heap before
{Heap before GC invocations=0 (full 0):
 garbage-first heap   total 253952K, used 26624K [0x0000000709600000, 0x0000000800000000)
  region size 2048K, 11 young (22528K), 0 survivors (0K)
 Metaspace       used 6999K, committed 7168K, reserved 1056768K
  class space    used 752K, committed 832K, reserved 1048576K
}
Event: 2.451 GC heap after
{Heap after GC invocations=1 (full 0):
 garbage-first heap   total 253952K, used 9739K [0x0000000709600000, 0x0000000800000000)
  region size 2048K, 2 young (4096K), 2 survivors (4096K)
 Metaspace       used 6999K, committed 7168K, reserved 1056768K
  class space    used 752K, committed 832K, reserved 1048576K
}

Deoptimization events (20 events):
Event: 8.971 Thread 0x000002084a480f20 DEOPT PACKING pc=0x000002082d6c623a sp=0x00000083106fee70
Event: 8.971 Thread 0x000002084a480f20 DEOPT UNPACKING pc=0x000002082ce42b43 sp=0x00000083106fe320 mode 0
Event: 8.971 Thread 0x000002084a480f20 DEOPT PACKING pc=0x000002082d6c623a sp=0x00000083106fef00
Event: 8.971 Thread 0x000002084a480f20 DEOPT UNPACKING pc=0x000002082ce42b43 sp=0x00000083106fe3b0 mode 0
Event: 8.971 Thread 0x000002084a480f20 DEOPT PACKING pc=0x000002082d6c623a sp=0x00000083106fef00
Event: 8.971 Thread 0x000002084a480f20 DEOPT UNPACKING pc=0x000002082ce42b43 sp=0x00000083106fe3b0 mode 0
Event: 8.971 Thread 0x000002084a480f20 DEOPT PACKING pc=0x000002082d6c623a sp=0x00000083106fef00
Event: 8.971 Thread 0x000002084a480f20 DEOPT UNPACKING pc=0x000002082ce42b43 sp=0x00000083106fe3b0 mode 0
Event: 8.971 Thread 0x000002084a480f20 DEOPT PACKING pc=0x000002082d6c623a sp=0x00000083106fef00
Event: 8.971 Thread 0x000002084a480f20 DEOPT UNPACKING pc=0x000002082ce42b43 sp=0x00000083106fe3b0 mode 0
Event: 8.972 Thread 0x000002084a480f20 DEOPT PACKING pc=0x000002082d6c623a sp=0x00000083106fef00
Event: 8.972 Thread 0x000002084a480f20 DEOPT UNPACKING pc=0x000002082ce42b43 sp=0x00000083106fe3b0 mode 0
Event: 8.972 Thread 0x000002084a480f20 DEOPT PACKING pc=0x000002082d6c623a sp=0x00000083106fef00
Event: 8.972 Thread 0x000002084a480f20 DEOPT UNPACKING pc=0x000002082ce42b43 sp=0x00000083106fe3b0 mode 0
Event: 11.497 Thread 0x000002084a48d150 Uncommon trap: trap_request=0xffffff45 fr.pc=0x0000020834a1d2a8 relative=0x0000000000000828
Event: 11.497 Thread 0x000002084a48d150 Uncommon trap: reason=unstable_if action=reinterpret pc=0x0000020834a1d2a8 method=summit.game.entity.Entity.update(Lsummit/game/GameUpdateEvent;)V @ 65 c2
Event: 11.497 Thread 0x000002084a48d150 DEOPT PACKING pc=0x0000020834a1d2a8 sp=0x0000008310afefe0
Event: 11.497 Thread 0x000002084a48d150 DEOPT UNPACKING pc=0x000002082ce423a3 sp=0x0000008310afefc0 mode 2
Event: 12.781 Thread 0x000002084a480f20 DEOPT PACKING pc=0x000002082d70dbe4 sp=0x00000083106ff150
Event: 12.781 Thread 0x000002084a480f20 DEOPT UNPACKING pc=0x000002082ce42b43 sp=0x00000083106fe608 mode 0

Classes unloaded (0 events):
No events

Classes redefined (0 events):
No events

Internal exceptions (14 events):
Event: 0.053 Thread 0x0000020849d41560 Exception <a 'java/lang/ClassNotFoundException'{0x0000000718a2c768}: sun/awt/resources/spi/awtProvider> (0x0000000718a2c768) 
thrown [e:\jenkins\tmp\workspace\build\src\src\hotspot\share\classfile\systemDictionary.cpp, line 256]
Event: 0.072 Thread 0x0000020849d41560 Exception <a 'java/io/FileNotFoundException'{0x0000000718a857d0}> (0x0000000718a857d0) 
thrown [e:\jenkins\tmp\workspace\build\src\src\hotspot\share\prims\jni.cpp, line 516]
Event: 0.077 Thread 0x0000020849d41560 Exception <a 'java/io/FileNotFoundException'{0x0000000718ab2728}> (0x0000000718ab2728) 
thrown [e:\jenkins\tmp\workspace\build\src\src\hotspot\share\prims\jni.cpp, line 516]
Event: 0.090 Thread 0x0000020849d41560 Exception <a 'java/lang/NoSuchMethodError'{0x0000000718ae8120}: 'java.lang.Object java.lang.invoke.DirectMethodHandle$Holder.invokeStaticInit(java.lang.Object)'> (0x0000000718ae8120) 
thrown [e:\jenkins\tmp\workspace\build\src\src\hotspot\share\interpreter\linkResolver.cpp, line 766]
Event: 0.229 Thread 0x0000020849d41560 Exception <a 'java/lang/NoSuchMethodError'{0x0000000718682998}: 'void java.lang.invoke.DirectMethodHandle$Holder.invokeSpecial(java.lang.Object, java.lang.Object, java.lang.Object)'> (0x0000000718682998) 
thrown [e:\jenkins\tmp\workspace\build\src\src\hotspot\share\interpreter\linkResolver.cpp, line 766]
Event: 0.235 Thread 0x0000020849d41560 Exception <a 'java/lang/NoSuchMethodError'{0x00000007186acc30}: 'java.lang.Object java.lang.invoke.DirectMethodHandle$Holder.newInvokeSpecial(java.lang.Object, java.lang.Object, java.lang.Object, java.lang.Object, java.lang.Object)'> (0x00000007186acc30) 
thrown [e:\jenkins\tmp\workspace\build\src\src\hotspot\share\interpreter\linkResolver.cpp, line 766]
Event: 0.236 Thread 0x0000020849d41560 Exception <a 'java/lang/NoSuchMethodError'{0x00000007186b85f8}: 'java.lang.Object java.lang.invoke.DirectMethodHandle$Holder.invokeStatic(java.lang.Object, int, java.lang.Object, java.lang.Object, java.lang.Object, java.lang.Object)'> (0x00000007186b85f8) 
thrown [e:\jenkins\tmp\workspace\build\src\src\hotspot\share\interpreter\linkResolver.cpp, line 766]
Event: 0.239 Thread 0x0000020849d41560 Exception <a 'java/lang/NoSuchMethodError'{0x00000007186ddd18}: 'java.lang.Object java.lang.invoke.DirectMethodHandle$Holder.invokeStatic(java.lang.Object, int, java.lang.Object)'> (0x00000007186ddd18) 
thrown [e:\jenkins\tmp\workspace\build\src\src\hotspot\share\interpreter\linkResolver.cpp, line 766]
Event: 0.257 Thread 0x0000020849d41560 Exception <a 'java/lang/ClassNotFoundException'{0x0000000718795bc8}: com/sun/swing/internal/plaf/metal/resources/spi/metalProvider> (0x0000000718795bc8) 
thrown [e:\jenkins\tmp\workspace\build\src\src\hotspot\share\classfile\systemDictionary.cpp, line 256]
Event: 0.258 Thread 0x0000020849d41560 Exception <a 'java/lang/ClassNotFoundException'{0x0000000718799aa0}: com/sun/swing/internal/plaf/basic/resources/spi/basicProvider> (0x0000000718799aa0) 
thrown [e:\jenkins\tmp\workspace\build\src\src\hotspot\share\classfile\systemDictionary.cpp, line 256]
Event: 0.270 Thread 0x0000020849f3a6f0 Exception <a 'java/lang/NoSuchMethodError'{0x0000000718964028}: 'void java.lang.invoke.DirectMethodHandle$Holder.invokeVirtual(java.lang.Object, java.lang.Object)'> (0x0000000718964028) 
thrown [e:\jenkins\tmp\workspace\build\src\src\hotspot\share\interpreter\linkResolver.cpp, line 766]
Event: 0.280 Thread 0x0000020849d41560 Exception <a 'java/lang/NoSuchMethodError'{0x00000007184117d0}: 'void java.lang.invoke.DirectMethodHandle$Holder.invokeStaticInit(java.lang.Object)'> (0x00000007184117d0) 
thrown [e:\jenkins\tmp\workspace\build\src\src\hotspot\share\interpreter\linkResolver.cpp, line 766]
Event: 0.926 Thread 0x000002084a40df00 Implicit null exception at 0x00000208349e6855 to 0x00000208349e6978
Event: 0.926 Thread 0x000002084a40df00 Implicit null exception at 0x00000208349e60d6 to 0x00000208349e61d4

VM Operations (20 events):
Event: 0.257 Executing VM operation: HandshakeAllThreads
Event: 0.257 Executing VM operation: HandshakeAllThreads done
Event: 0.297 Executing VM operation: HandshakeAllThreads
Event: 0.297 Executing VM operation: HandshakeAllThreads done
Event: 0.323 Executing VM operation: HandshakeAllThreads
Event: 0.323 Executing VM operation: HandshakeAllThreads done
Event: 0.912 Executing VM operation: HandshakeAllThreads
Event: 0.912 Executing VM operation: HandshakeAllThreads done
Event: 1.911 Executing VM operation: Cleanup
Event: 1.911 Executing VM operation: Cleanup done
Event: 2.448 Executing VM operation: G1CollectForAllocation
Event: 2.451 Executing VM operation: G1CollectForAllocation done
Event: 6.464 Executing VM operation: Cleanup
Event: 6.464 Executing VM operation: Cleanup done
Event: 9.475 Executing VM operation: Cleanup
Event: 9.476 Executing VM operation: Cleanup done
Event: 10.477 Executing VM operation: Cleanup
Event: 10.477 Executing VM operation: Cleanup done
Event: 12.501 Executing VM operation: Cleanup
Event: 12.501 Executing VM operation: Cleanup done

Events (20 events):
Event: 8.518 loading class javax/swing/JComponent$KeyboardState
Event: 8.519 loading class javax/swing/JComponent$KeyboardState done
Event: 8.519 loading class javax/swing/JComponent$IntVector
Event: 8.519 loading class javax/swing/JComponent$IntVector done
Event: 8.519 loading class java/applet/Applet
Event: 8.519 loading class java/awt/Panel
Event: 8.519 loading class java/awt/Panel done
Event: 8.519 loading class java/applet/Applet done
Event: 8.519 loading class javax/swing/JInternalFrame
Event: 8.520 loading class javax/swing/JInternalFrame done
Event: 8.520 loading class javax/swing/KeyboardManager
Event: 8.520 loading class javax/swing/KeyboardManager done
Event: 8.520 loading class javax/swing/Popup$HeavyWeightWindow
Event: 8.520 loading class sun/awt/ModalExclude
Event: 8.520 loading class sun/awt/ModalExclude done
Event: 8.520 loading class javax/swing/JWindow
Event: 8.520 loading class javax/swing/JWindow done
Event: 8.520 loading class javax/swing/Popup$HeavyWeightWindow done
Event: 10.342 Thread 0x000002084a6ef090 Thread added: 0x000002084a6ef090
Event: 12.146 Thread 0x000002084a6ef090 Thread exited: 0x000002084a6ef090


Dynamic libraries:
0x00007ff7039e0000 - 0x00007ff7039ee000 	C:\Users\aadiu\AppData\Local\Programs\Eclipse Adoptium\jdk-17.0.2.8-hotspot\bin\java.exe
0x00007ffb36970000 - 0x00007ffb36b68000 	C:\Windows\SYSTEM32\ntdll.dll
0x00007ffb352a0000 - 0x00007ffb3535f000 	C:\Windows\System32\KERNEL32.DLL
0x00007ffb34310000 - 0x00007ffb345e2000 	C:\Windows\System32\KERNELBASE.dll
0x00007ffb34110000 - 0x00007ffb34210000 	C:\Windows\System32\ucrtbase.dll
0x00007ffb25f60000 - 0x00007ffb25f78000 	C:\Users\aadiu\AppData\Local\Programs\Eclipse Adoptium\jdk-17.0.2.8-hotspot\bin\jli.dll
0x00007ffb1dfa0000 - 0x00007ffb1dfb9000 	C:\Users\aadiu\AppData\Local\Programs\Eclipse Adoptium\jdk-17.0.2.8-hotspot\bin\VCRUNTIME140.dll
0x00007ffb35530000 - 0x00007ffb356cd000 	C:\Windows\System32\USER32.dll
0x00007ffb34720000 - 0x00007ffb34742000 	C:\Windows\System32\win32u.dll
0x00007ffb20b10000 - 0x00007ffb20daa000 	C:\Windows\WinSxS\amd64_microsoft.windows.common-controls_6595b64144ccf1df_6.0.19041.1110_none_60b5254171f9507e\COMCTL32.dll
0x00007ffb35fa0000 - 0x00007ffb35fcb000 	C:\Windows\System32\GDI32.dll
0x00007ffb35f00000 - 0x00007ffb35f9e000 	C:\Windows\System32\msvcrt.dll
0x00007ffb34750000 - 0x00007ffb3485f000 	C:\Windows\System32\gdi32full.dll
0x00007ffb345f0000 - 0x00007ffb3468d000 	C:\Windows\System32\msvcp_win.dll
0x00007ffb356f0000 - 0x00007ffb35722000 	C:\Windows\System32\IMM32.DLL
0x00007ffb2a2a0000 - 0x00007ffb2a2ac000 	C:\Users\aadiu\AppData\Local\Programs\Eclipse Adoptium\jdk-17.0.2.8-hotspot\bin\vcruntime140_1.dll
0x00007ffafab00000 - 0x00007ffafab91000 	C:\Users\aadiu\AppData\Local\Programs\Eclipse Adoptium\jdk-17.0.2.8-hotspot\bin\msvcp140.dll
0x00007ffabf480000 - 0x00007ffac00c7000 	C:\Users\aadiu\AppData\Local\Programs\Eclipse Adoptium\jdk-17.0.2.8-hotspot\bin\server\jvm.dll
0x00007ffb34ec0000 - 0x00007ffb34f6e000 	C:\Windows\System32\ADVAPI32.dll
0x00007ffb35e60000 - 0x00007ffb35efc000 	C:\Windows\System32\sechost.dll
0x00007ffb35ba0000 - 0x00007ffb35cc5000 	C:\Windows\System32\RPCRT4.dll
0x00007ffb34eb0000 - 0x00007ffb34eb8000 	C:\Windows\System32\PSAPI.DLL
0x00007ffb31d40000 - 0x00007ffb31d67000 	C:\Windows\SYSTEM32\WINMM.dll
0x00007ffb1d990000 - 0x00007ffb1d999000 	C:\Windows\SYSTEM32\WSOCK32.dll
0x00007ffb2d720000 - 0x00007ffb2d72a000 	C:\Windows\SYSTEM32\VERSION.dll
0x00007ffb35160000 - 0x00007ffb351cb000 	C:\Windows\System32\WS2_32.dll
0x00007ffb31fa0000 - 0x00007ffb31fb2000 	C:\Windows\SYSTEM32\kernel.appcore.dll
0x00007ffb25f50000 - 0x00007ffb25f5a000 	C:\Users\aadiu\AppData\Local\Programs\Eclipse Adoptium\jdk-17.0.2.8-hotspot\bin\jimage.dll
0x00007ffb31b50000 - 0x00007ffb31d34000 	C:\Windows\SYSTEM32\DBGHELP.DLL
0x00007ffb31b20000 - 0x00007ffb31b4c000 	C:\Windows\SYSTEM32\dbgcore.DLL
0x00007ffb34690000 - 0x00007ffb34712000 	C:\Windows\System32\bcryptPrimitives.dll
0x00007ffb1cb90000 - 0x00007ffb1cbb5000 	C:\Users\aadiu\AppData\Local\Programs\Eclipse Adoptium\jdk-17.0.2.8-hotspot\bin\java.dll
0x00007ffafa4c0000 - 0x00007ffafa596000 	C:\Users\aadiu\AppData\Local\Programs\Eclipse Adoptium\jdk-17.0.2.8-hotspot\bin\jsvml.dll
0x00007ffb35fd0000 - 0x00007ffb36713000 	C:\Windows\System32\SHELL32.dll
0x00007ffb32130000 - 0x00007ffb328c2000 	C:\Windows\SYSTEM32\windows.storage.dll
0x00007ffb34ad0000 - 0x00007ffb34e24000 	C:\Windows\System32\combase.dll
0x00007ffb33a60000 - 0x00007ffb33a90000 	C:\Windows\SYSTEM32\Wldp.dll
0x00007ffb349c0000 - 0x00007ffb34a6d000 	C:\Windows\System32\SHCORE.dll
0x00007ffb35020000 - 0x00007ffb35075000 	C:\Windows\System32\shlwapi.dll
0x00007ffb33fb0000 - 0x00007ffb33fcf000 	C:\Windows\SYSTEM32\profapi.dll
0x00007ffaf82d0000 - 0x00007ffaf845e000 	C:\Users\aadiu\AppData\Local\Programs\Eclipse Adoptium\jdk-17.0.2.8-hotspot\bin\awt.dll
0x00007ffb351d0000 - 0x00007ffb3529d000 	C:\Windows\System32\OLEAUT32.dll
0x00007ffb31300000 - 0x00007ffb31391000 	C:\Windows\SYSTEM32\apphelp.dll
0x00007ffb1cb70000 - 0x00007ffb1cb88000 	C:\Users\aadiu\AppData\Local\Programs\Eclipse Adoptium\jdk-17.0.2.8-hotspot\bin\zip.dll
0x00007ffb31410000 - 0x00007ffb314ae000 	C:\Windows\system32\uxtheme.dll
0x00007ffb353f0000 - 0x00007ffb35505000 	C:\Windows\System32\MSCTF.dll
0x00007ffb35cd0000 - 0x00007ffb35dfa000 	C:\Windows\System32\ole32.dll
0x00007ffb31590000 - 0x00007ffb315bf000 	C:\Windows\system32\DWMAPI.DLL
0x00007ffadadb0000 - 0x00007ffadaed5000 	C:\Windows\system32\opengl32.dll
0x00007ffada100000 - 0x00007ffada12c000 	C:\Windows\SYSTEM32\GLU32.dll
0x00007ffb269b0000 - 0x00007ffb26b7f000 	C:\Windows\system32\d3d9.dll
0x00007ffb28d70000 - 0x00007ffb28f28000 	C:\Windows\System32\DriverStore\FileRepository\u0370468.inf_amd64_5e4260b11257b6e9\B370372\aticfx64.dll
0x00007ffb17910000 - 0x00007ffb17944000 	C:\Windows\System32\DriverStore\FileRepository\u0370468.inf_amd64_5e4260b11257b6e9\B370372\atiu9p64.dll
0x00007ffabe720000 - 0x00007ffabf474000 	C:\Windows\System32\DriverStore\FileRepository\u0370468.inf_amd64_5e4260b11257b6e9\B370372\atiumd64.dll
0x000000006c4b0000 - 0x000000006d324000 	C:\Windows\System32\DriverStore\FileRepository\u0370468.inf_amd64_5e4260b11257b6e9\B370372\atiumd6a.dll
0x00007ffb35730000 - 0x00007ffb35b98000 	C:\Windows\System32\SETUPAPI.dll
0x00007ffb34210000 - 0x00007ffb3425e000 	C:\Windows\System32\cfgmgr32.dll
0x00007ffb33e30000 - 0x00007ffb33e7b000 	C:\Windows\SYSTEM32\POWRPROF.dll
0x00007ffb34070000 - 0x00007ffb34097000 	C:\Windows\System32\bcrypt.dll
0x00007ffb33e10000 - 0x00007ffb33e22000 	C:\Windows\SYSTEM32\UMPDC.dll
0x00007ffb29180000 - 0x00007ffb291b0000 	C:\Windows\SYSTEM32\amdihk64.dll
0x00007ffb29960000 - 0x00007ffb2999b000 	C:\Windows\SYSTEM32\dxcore.dll
0x00007ffb0d970000 - 0x00007ffb0d9f9000 	C:\Users\aadiu\AppData\Local\Programs\Eclipse Adoptium\jdk-17.0.2.8-hotspot\bin\freetype.dll
0x00007ffafa9f0000 - 0x00007ffafaa98000 	C:\Users\aadiu\AppData\Local\Programs\Eclipse Adoptium\jdk-17.0.2.8-hotspot\bin\fontmanager.dll
0x00007ffb28f30000 - 0x00007ffb29029000 	C:\Windows\SYSTEM32\textinputframework.dll
0x00007ffb30e70000 - 0x00007ffb311ce000 	C:\Windows\System32\CoreUIComponents.dll
0x00007ffb309d0000 - 0x00007ffb30ac2000 	C:\Windows\System32\CoreMessaging.dll
0x00007ffb33190000 - 0x00007ffb331c3000 	C:\Windows\SYSTEM32\ntmarta.dll
0x00007ffb30200000 - 0x00007ffb30354000 	C:\Windows\SYSTEM32\wintypes.dll

dbghelp: loaded successfully - version: 4.0.5 - missing functions: none
symbol engine: initialized successfully - sym options: 0x614 - pdb path: .;C:\Users\aadiu\AppData\Local\Programs\Eclipse Adoptium\jdk-17.0.2.8-hotspot\bin;C:\Windows\SYSTEM32;C:\Windows\WinSxS\amd64_microsoft.windows.common-controls_6595b64144ccf1df_6.0.19041.1110_none_60b5254171f9507e;C:\Users\aadiu\AppData\Local\Programs\Eclipse Adoptium\jdk-17.0.2.8-hotspot\bin\server;C:\Windows\System32\DriverStore\FileRepository\u0370468.inf_amd64_5e4260b11257b6e9\B370372

VM Arguments:
jvm_args: -XX:+ShowCodeDetailsInExceptionMessages 
java_command: summit.Main
java_class_path (initial): C:\Users\aadiu\AppData\Roaming\Code\User\workspaceStorage\929b6f7fce9865a60d0bbe8b6a275a21\redhat.java\jdt_ws\Summit Game_948de7c9\bin
Launcher Type: SUN_STANDARD

[Global flags]
     intx CICompilerCount                          = 12                                        {product} {ergonomic}
     uint ConcGCThreads                            = 3                                         {product} {ergonomic}
     uint G1ConcRefinementThreads                  = 13                                        {product} {ergonomic}
   size_t G1HeapRegionSize                         = 2097152                                   {product} {ergonomic}
    uintx GCDrainStackTargetSize                   = 64                                        {product} {ergonomic}
   size_t InitialHeapSize                          = 260046848                                 {product} {ergonomic}
   size_t MarkStackSize                            = 4194304                                   {product} {ergonomic}
   size_t MaxHeapSize                              = 4137680896                                {product} {ergonomic}
   size_t MaxNewSize                               = 2480930816                                {product} {ergonomic}
   size_t MinHeapDeltaBytes                        = 2097152                                   {product} {ergonomic}
   size_t MinHeapSize                              = 8388608                                   {product} {ergonomic}
    uintx NonNMethodCodeHeapSize                   = 7602480                                {pd product} {ergonomic}
    uintx NonProfiledCodeHeapSize                  = 122027880                              {pd product} {ergonomic}
    uintx ProfiledCodeHeapSize                     = 122027880                              {pd product} {ergonomic}
    uintx ReservedCodeCacheSize                    = 251658240                              {pd product} {ergonomic}
     bool SegmentedCodeCache                       = true                                      {product} {ergonomic}
     bool ShowCodeDetailsInExceptionMessages       = true                                   {manageable} {command line}
   size_t SoftMaxHeapSize                          = 4137680896                             {manageable} {ergonomic}
     bool UseCompressedClassPointers               = true                           {product lp64_product} {ergonomic}
     bool UseCompressedOops                        = true                           {product lp64_product} {ergonomic}
     bool UseG1GC                                  = true                                      {product} {ergonomic}
     bool UseLargePagesIndividualAllocation        = false                                  {pd product} {ergonomic}

Logging:
Log output configuration:
 #0: stdout all=warning uptime,level,tags
 #1: stderr all=off uptime,level,tags

Environment Variables:
JAVA_HOME=C:\Users\aadiu\AppData\Local\Programs\Eclipse Adoptium\jdk-17.0.2.8-hotspot\
PATH=C:\Program Files (x86)\Razer Chroma SDK\bin;C:\Program Files\Razer Chroma SDK\bin;C:\Program Files (x86)\Razer\ChromaBroadcast\bin;C:\Program Files\Razer\ChromaBroadcast\bin;C:\Program Files (x86)\Common Files\Oracle\Java\javapath;C:\Program Files\Python38\Scripts\;C:\Program Files\Python38\;C:\Windows\system32;C:\Windows;C:\Windows\System32\Wbem;C:\Windows\System32\WindowsPowerShell\v1.0\;C:\Windows\System32\OpenSSH\;C:\Program Files (x86)\NVIDIA Corporation\PhysX\Common;C:\Program Files\NVIDIA Corporation\NVIDIA NvDLISR;C:\Users\aadiu\AppData\Local\Microsoft\WindowsApps;C:\Users\aadiu\AppData\Local\Programs\Microsoft VS Code\bin;C:\Windows\system32\config\systemprofile\AppData\Local\Microsoft\WindowsApps;C:\Program Files\dotnet\;C:\Program Files\Git\cmd;C:\MinGW\bin\;C:\Program Files (x86)\Windows Kits\10\Windows Performance Toolkit\;C:\Users\aadiu\AppData\Local\Programs\Eclipse Adoptium\jdk-17.0.2.8-hotspot\bin;C:\Users\aadiu\AppData\Local\Microsoft\WindowsApps;C:\Users\aadiu\AppData\Local\Programs\Microsoft VS Code\bin;C:\Users\aadiu\AppData\Local\GitHubDesktop\bin
USERNAME=aadiu
LANG=en_US.UTF-8
OS=Windows_NT
PROCESSOR_IDENTIFIER=AMD64 Family 25 Model 80 Stepping 0, AuthenticAMD



---------------  S Y S T E M  ---------------

OS:
 Windows 10 , 64 bit Build 19041 (10.0.19041.2251)
OS uptime: 1 days 8:49 hours

CPU: total 16 (initial active 16) (16 cores per cpu, 2 threads per core) family 25 model 80 stepping 0 microcode 0x0, cx8, cmov, fxsr, ht, mmx, 3dnowpref, sse, sse2, sse3, ssse3, sse4a, sse4.1, sse4.2, popcnt, lzcnt, tsc, tscinvbit, avx, avx2, aes, erms, clmul, bmi1, bmi2, adx, sha, fma, vzeroupper, clflush, clflushopt

Memory: 4k page, system-wide physical 15776M (7384M free)
TotalPageFile size 20128M (AvailPageFile size 7149M)
current process WorkingSet (physical memory assigned to process): 128M, peak: 128M
current process commit charge ("private bytes"): 427M, peak: 431M

vm_info: OpenJDK 64-Bit Server VM (17.0.2+8) for windows-amd64 JRE (17.0.2+8), built on Jan 20 2022 04:52:34 by "" with MS VC++ 16.7 (VS2019)

END.
