#
# A fatal error has been detected by the Java Runtime Environment:
#
#  EXCEPTION_ACCESS_VIOLATION (0xc0000005) at pc=0x000001f59f48c45b, pid=11384, tid=2784
#
# JRE version: OpenJDK Runtime Environment Temurin-17.0.2+8 (17.0.2+8) (build 17.0.2+8)
# Java VM: OpenJDK 64-Bit Server VM Temurin-17.0.2+8 (17.0.2+8, mixed mode, sharing, tiered, compressed oops, compressed class ptrs, g1 gc, windows-amd64)
# Problematic frame:
# J 1116 c2 summit.gfx.Renderer.render(Ljava/lang/String;FFILsummit/gfx/ColorFilter;)V (276 bytes) @ 0x000001f59f48c45b [0x000001f59f48b8a0+0x0000000000000bbb]
#
# No core dump will be written. Minidumps are not enabled by default on client versions of Windows
#
# If you would like to submit a bug report, please visit:
#   https://github.com/adoptium/adoptium-support/issues
#

---------------  S U M M A R Y ------------

Command Line: -XX:+ShowCodeDetailsInExceptionMessages summit.Main

Host: AMD Ryzen 9 5900HS with Radeon Graphics        , 16 cores, 15G,  Windows 10 , 64 bit Build 19041 (10.0.19041.2251)
Time: Mon Nov 14 19:25:33 2022 Central Standard Time elapsed time: 1.183785 seconds (0d 0h 0m 1s)

---------------  T H R E A D  ---------------

Current thread (0x000001f5b474d5c0):  JavaThread "Thread-2" [_thread_in_Java, id=2784, stack(0x0000006dd7f00000,0x0000006dd8000000)]

Stack: [0x0000006dd7f00000,0x0000006dd8000000],  sp=0x0000006dd7ffeec0,  free space=1019k
Native frames: (J=compiled Java code, j=interpreted, Vv=VM code, C=native code)
C  0x000001f59f48c45b


siginfo: EXCEPTION_ACCESS_VIOLATION (0xc0000005), reading address 0x0000000b1760bca8


Register to memory mapping:

RIP=0x000001f59f48c45b is at entry_point+3003 in (nmethod*)0x000001f59f48b690
RAX=0x0000000718c3b1a8 is an oop: [[I 
{0x0000000718c3b1a8} - klass: {type array int}[]
 - length: 16
RBX=3807123355 is a compressed pointer to object: [[I 
{0x000000071760bcd8} - klass: {type array int}[]
 - length: 144
RCX=0x00000000ffffffe9 is an unknown value
RDX=0x0 is NULL
RSP=0x0000006dd7ffeec0 is pointing into the stack for thread: 0x000001f5b474d5c0
RBP=0x0000000000000090 is an unknown value
RSI=0x0 is NULL
RDI=0x00000000fffffff0 is an unknown value
R8 =0x0000000000000010 is an unknown value
R9 =0x0000000717608f08 is an oop: summit.gfx.Renderer 
{0x0000000717608f08} - klass: 'summit/gfx/Renderer'
 - ---- fields (total size 2 words):
 - private 'frame' '[[I' @12  a {type array int}[144] {0x000000071760bcd8} (e2ec179b)
R10=0x000000071760bcd8 is an oop: [[I 
{0x000000071760bcd8} - klass: {type array int}[]
 - length: 144
R11=0x00000000fffffff0 is an unknown value
R12=0x0 is NULL
R13=0x0000000000000003 is an unknown value
R14=0x0000000000000010 is an unknown value
R15=0x000001f5b474d5c0 is a thread


Registers:
RAX=0x0000000718c3b1a8, RBX=0x00000000e2ec179b, RCX=0x00000000ffffffe9, RDX=0x0000000000000000
RSP=0x0000006dd7ffeec0, RBP=0x0000000000000090, RSI=0x0000000000000000, RDI=0x00000000fffffff0
R8 =0x0000000000000010, R9 =0x0000000717608f08, R10=0x000000071760bcd8, R11=0x00000000fffffff0
R12=0x0000000000000000, R13=0x0000000000000003, R14=0x0000000000000010, R15=0x000001f5b474d5c0
RIP=0x000001f59f48c45b, EFLAGS=0x0000000000010287

Top of Stack: (sp=0x0000006dd7ffeec0)
0x0000006dd7ffeec0:   0000010000000000 00000000fffffff8
0x0000006dd7ffeed0:   fffffff0ffffffe8 0000000000000000
0x0000006dd7ffeee0:   0000001000000010 0000000900000010
0x0000006dd7ffeef0:   0000006d00000009 000001f50000000f
0x0000006dd7ffef00:   0000006dd7fff018 000001f5b3ddf468
0x0000006dd7ffef10:   0000000000000000 0000000709a60bd8
0x0000006dd7ffef20:   0000006dd7fff100 000001f598150294
0x0000006dd7ffef30:   0000006dd7ffefd0 0000006dd7fff068
0x0000006dd7ffef40:   000001f5978894fe 0000000000000000
0x0000006dd7ffef50:   0000000000000000 0000000000000000
0x0000006dd7ffef60:   0000000000000000 0000000717608f08
0x0000006dd7ffef70:   0000000717622fe0 0000000000000003
0x0000006dd7ffef80:   0000000000000000 0000000000000000
0x0000006dd7ffef90:   0000006dd7fff100 000001f59814fdec
0x0000006dd7ffefa0:   409e000000000000 0000000000000000
0x0000006dd7ffefb0:   0000000000000000 0000000000000000 

Instructions: (pc=0x000001f59f48c45b)
0x000001f59f48c35b:   28 0f 83 59 0d 00 00 45 33 d2 e9 0a 02 00 00 66
0x000001f59f48c36b:   0f 1f 44 00 00 44 2b 5c 24 10 45 8b f3 41 ff c6
0x000001f59f48c37b:   44 8b de 45 3b f0 0f 83 90 09 00 00 45 8b 54 dc
0x000001f59f48c38b:   10 47 8b 54 d4 0c 45 3b da 0f 83 69 01 00 00 c4
0x000001f59f48c39b:   c1 f9 7e da 41 8b 74 92 10 45 8b 4c f4 0c 4d 8d
0x000001f59f48c3ab:   14 f4 45 3b f1 0f 83 8a 09 00 00 47 8b 54 b2 10
0x000001f59f48c3bb:   41 83 fa ff 0f 84 34 01 00 00 45 8b 4c c4 0c 45
0x000001f59f48c3cb:   3b d9 0f 83 89 09 00 00 47 89 54 9d 10 45 33 c9
0x000001f59f48c3db:   c4 c1 f9 7e da 45 8b 52 10 47 8b 54 d4 0c 44 03
0x000001f59f48c3eb:   54 24 10 4d 8b b7 48 03 00 00 41 8b f3 ff c6 41
0x000001f59f48c3fb:   85 06 41 3b f2 0f 8c 6a ff ff ff 4d 8b 97 48 03
0x000001f59f48c40b:   00 00 ff c7 41 85 02 3b 3c 24 0f 8d f2 00 00 00
0x000001f59f48c41b:   c4 c1 f9 7e c1 c4 e1 f9 7e ce c5 f9 7e d2 44 8b
0x000001f59f48c42b:   54 24 10 44 8b 5c 24 14 44 3b 54 24 08 0f 8d e5
0x000001f59f48c43b:   00 00 00 44 89 5c 24 14 44 89 54 24 10 c5 f9 6e
0x000001f59f48c44b:   d2 c4 e1 f9 6e ce c4 c1 f9 6e c1 c4 c1 f9 7e e2
0x000001f59f48c45b:   41 8b 44 ba 10 8b d7 41 2b d3 3b fd 0f 83 80 05
0x000001f59f48c46b:   00 00 44 8b 5c 24 10 44 3b 5c 24 04 0f 83 70 05
0x000001f59f48c47b:   00 00 c4 c1 f9 7e da 45 8b 5c 92 10 47 8b 54 dc
0x000001f59f48c48b:   0c 45 85 d2 0f 86 fb 09 00 00 47 8b 54 dc 10 41
0x000001f59f48c49b:   83 fa ff 0f 84 88 03 00 00 45 8b 4c c4 0c 44 8b
0x000001f59f48c4ab:   5c 24 10 45 3b d9 0f 83 aa 08 00 00 4d 8d 0c c4
0x000001f59f48c4bb:   47 89 54 99 10 45 33 c9 c4 c1 f9 7e da 45 8b 52
0x000001f59f48c4cb:   10 47 8b 5c d4 0c 44 03 5c 24 10 41 3b cb 0f 8d
0x000001f59f48c4db:   27 ff ff ff 3b fd 0f 83 b1 06 00 00 4d 8d 2c c4
0x000001f59f48c4eb:   44 8b d9 41 be 01 00 00 00 e9 85 fe ff ff c4 c1
0x000001f59f48c4fb:   f9 7e c9 e9 d8 fe ff ff c4 c1 f9 7e c9 e9 ce fe
0x000001f59f48c50b:   ff ff c5 f8 77 48 83 c4 60 5d 49 3b a7 40 03 00
0x000001f59f48c51b:   00 0f 87 da 10 00 00 c3 44 89 5c 24 14 44 89 54
0x000001f59f48c52b:   24 10 c5 f9 6e d2 c4 e1 f9 6e ce c4 c1 f9 6e c1
0x000001f59f48c53b:   4c 8b ce e9 c3 fe ff ff c4 c1 f9 7e c3 c4 c1 79
0x000001f59f48c54b:   7e ca c4 e1 f9 7e e8 c4 e1 f9 7e f5 4d 8b 87 48 


Stack slot to memory mapping:
stack at sp + 0 slots: 0x0000010000000000 is an unknown value
stack at sp + 1 slots: 0x00000000fffffff8 is an unknown value
stack at sp + 2 slots: 0xfffffff0ffffffe8 is an unknown value
stack at sp + 3 slots: 0x0 is NULL
stack at sp + 4 slots: 0x0000001000000010 is an unknown value
stack at sp + 5 slots: 0x0000000900000010 is an unknown value
stack at sp + 6 slots: 0x0000006d00000009 is an unknown value
stack at sp + 7 slots: 0x000001f50000000f is an unknown value

--------------------------------------------------------------------------------
[Constant Pool (empty)]

--------------------------------------------------------------------------------

[MachCode]
  0x000001f59f48b8a0: 448b 5208 | 49bb 0000 | 0000 0800 | 0000 4d03 | d349 3bc2 | 0f85 c611 | 44f8 6690 | 0f1f 4000 
  0x000001f59f48b8c0: 8984 2400 | 90ff ff55 | 4883 ec60 | 4889 7c24 | 18c4 c179 | 6ed1 4889 | 1424 49ba | 3816 6117 
  0x000001f59f48b8e0: 0700 0000 | 418b 6a70 | 458b 54ec | 0841 81fa | e0ad 0b00 | 0f85 1a16 | 0000 4d8d | 14ec 458b 
  0x000001f59f48b900: 5224 478b | 74d4 0c45 | 85f6 0f86 | a616 0000 | 4b8d 34d4 | 4d85 c00f | 84ed 1300 | 0045 8b58 
  0x000001f59f48b920: 0c41 ffce | 4585 db75 | 6945 0fb6 | 4811 4585 | c90f 8589 | 1300 0045 | 0fbe 4810 | 4585 c90f 
  0x000001f59f48b940: 855f 1900 | 0041 8b68 | 1445 8b6c | ec0c 4585 | ed0f 8676 | 1300 0045 | 8bdd 41ff | cb45 3bdd 
  0x000001f59f48b960: 0f83 3318 | 0000 450f | b654 ec10 | 418b d583 | c2fd 418b | cac1 e105 | 412b ca4d | 8d1c ec83 
  0x000001f59f48b980: fa01 0f8e | 4418 0000 | bb01 0000 | 0045 33d2 | eb3c 458b | d341 c1ea | 1045 33d3 | 4523 f233 
  0x000001f59f48b9a0: d2e9 e300 | 0000 450f | b654 1b10 | 4103 caff | c341 3bdd | 0f8d b600 | 0000 448b | d141 c1e2 
  0x000001f59f48b9c0: 0544 2bd1 | 418b caeb | ddc4 c179 | 7eda 458b | cd44 2bcb | 4183 c1fd | 3bd3 450f | 4cca 4181 
  0x000001f59f48b9e0: f9a0 0f00 | 00bd a00f | 0000 440f | 47cd 4403 | cbc4 c179 | 6eda 6666 | 0f1f 8400 | 0000 0000 
  0x000001f59f48ba00: 4863 c341 | 0fb6 6c03 | 1041 0fb6 | 7c03 1345 | 0fb6 5403 | 1141 0fb6 | 4403 1203 | cd8b e9c1 
  0x000001f59f48ba20: e505 2be9 | 4103 ea8b | cdc1 e105 | 2bcd 03c8 | 448b d141 | c1e2 0544 | 2bd1 4403 | d741 8bca 
  0x000001f59f48ba40: c1e1 0541 | 2bca 83c3 | 0441 3bd9 | 7cb2 4d8b | 8f48 0300 | 0041 8501 | 3bda 0f8c | 69ff ffff 
  0x000001f59f48ba60: c5f9 7eda | 413b dd0f | 8c39 ffff | ff41 8bca | 85c9 0f84 | 5712 0000 | 4189 480c | 448b d141 
  0x000001f59f48ba80: c1ea 1044 | 33d1 4523 | f246 8b5c | b610 478b | 4cdc 0c45 | 3bca 0f85 | 590f 0000 | 478b 4cdc 
  0x000001f59f48baa0: 1049 8bc9 | 48c1 e103 | 493b c80f | 845b 0100 | 0041 0fbe | 7810 4c3b | c10f 844d | 0100 0043 
  0x000001f59f48bac0: 8b5c cc08 | 81fb 70e9 | 0000 0f85 | b018 0000 | 49c1 e103 | 410f be69 | 103b fd0f | 858b 1700 
  0x000001f59f48bae0: 0041 8b59 | 1441 8b78 | 1445 8b4c | dc0c 418b | 4cfc 0c41 | 3bc9 0f85 | d400 0000 | 4d8d 0cdc 
  0x000001f59f48bb00: 498d 74dc | 104d 8d0c | fc49 8d7c | fc10 85c9 | 0f84 a500 | 0000 8bc1 | 83e0 1f83 | e1e0 0f84 
  0x000001f59f48bb20: 4b00 0000 | 488d 3c0f | 488d 340e | 48f7 d9c5 | fe6f 240f | c5fe 6f1c | 0ec5 ddef | e3c4 e27d 
  0x000001f59f48bb40: 17e4 0f85 | 7a00 0000 | 4883 c120 | 75e1 85c0 | 0f84 6500 | 0000 c5fe | 6f64 07e0 | c5fe 6f5c 
  0x000001f59f48bb60: 06e0 c5dd | efe3 c4e2 | 7d17 e475 | 55eb 4c8b | c883 e1fc | 7419 488d | 3c0f 488d | 340e 48f7 
  0x000001f59f48bb80: d98b 1c0f | 3b1c 0e75 | 3948 83c1 | 0475 f2f7 | c002 0000 | 0074 120f | b71f 0fb7 | 0e3b d975 
  0x000001f59f48bba0: 2148 8d7f | 0248 8d76 | 02f7 c001 | 0000 0074 | 0a0f b61f | 0fb6 0e3b | d975 07b8 | 0100 0000 
  0x000001f59f48bbc0: eb02 33c0 | c5dd efe4 | c5e5 efdb | 85c0 753c | ba45 ffff | ff48 8b2c | 24c5 fa11 | 0424 c5fa 
  0x000001f59f48bbe0: 114c 2404 | c5fa 1154 | 2408 4c8b | 4c24 184c | 894c 2410 | 4c89 4424 | 1844 895c | 240c 4489 
  0x000001f59f48bc00: 5424 2090 | c5f8 77e8 | f466 44f8 | 49c1 e303 | 418b 6b14 | 458b 5cec | 0841 81fb | 086d 0000 
  0x000001f59f48bc20: 0f85 fa16 | 0000 4d8d | 04ec 418b | 580c 85db | 0f86 0213 | 0000 458b | 5810 478b | 5cdc 0c44 
  0x000001f59f48bc40: 8bd3 41d1 | fa41 d1fb | c4c1 796e | e2c5 f85b | e4c5 f25c | ccc4 c179 | 6ee3 c5f8 | 5be4 c5fa 
  0x000001f59f48bc60: 5cc4 c4c1 | 797e c1c5 | f97e ce45 | 8bd1 41c1 | ea17 448b | de41 c1eb | 1745 0fb6 | d2b9 9500 
  0x000001f59f48bc80: 0000 412b | ca45 0fb6 | dbbf 9500 | 0000 412b | fbf7 c1e0 | ffff ff0f | 8588 0f00 | 0045 8bd1 
  0x000001f59f48bca0: 4181 e2ff | ff7f 0041 | 81ca 0000 | 8000 4585 | c90f 8c28 | 1000 0041 | d3fa 41ff | c241 d1fa 
  0x000001f59f48bcc0: f7c7 e0ff | ffff 0f85 | 370f 0000 | 448b de41 | 81e3 ffff | 7f00 4181 | cb00 0080 | 0085 f60f 
  0x000001f59f48bce0: 8c02 1000 | 008b cf41 | d3fb 41ff | c341 d1fb | c4c1 797e | d545 85ed | 0f85 dc00 | 0000 4533 
  0x000001f59f48bd00: ed49 8bc0 | eb13 8b54 | 240c 448b | 5424 1044 | 8b5c 2414 | 448b 6c24 | 0841 8bed | c1fd 0385 
  0x000001f59f48bd20: ed0f 850d | 1300 0044 | 8b40 0c41 | 8bcb 4103 | c844 3bd9 | 0f8d d307 | 0000 4d63 | c849 63db 
  0x000001f59f48bd40: 418b f3f7 | de48 63fe | 4803 df49 | 3bd9 0f83 | 1812 0000 | 4863 d948 | 03df 48ff | cb49 3bd9 
  0x000001f59f48bd60: 0f83 3e12 | 0000 4c8b | 0c24 418b | 590c 418b | 6cdc 0c85 | ed0f 8634 | 1200 0041 | 8b74 dc10 
  0x000001f59f48bd80: 418b 7cf4 | 0c48 8b74 | 2418 4885 | f60f 85e2 | 1100 0045 | 85c0 0f86 | d911 0000 | 448b 4010 
  0x000001f59f48bda0: 478b 44c4 | 0c45 85c0 | 0f86 c711 | 0000 897c | 2404 890c | 24c4 e1f9 | 6ed8 418b | c841 03ca 
  0x000001f59f48bdc0: 894c 2408 | 418b caff | c149 8d3c | dcc4 e1f9 | 6ee7 418b | fbe9 5906 | 0000 41f7 | c504 0000 
  0x000001f59f48bde0: 000f 84d5 | 0300 0045 | 8b48 1047 | 8b4c cc0c | 4489 5c24 | 2c44 8954 | 2428 895c | 2414 4c89 
  0x000001f59f48be00: 4424 2089 | 5424 0c44 | 896c 2408 | 48ba 086d | 0000 0800 | 0000 448b | c366 6690 | c5f8 77e8 
  0x000001f59f48be20: 5c06 4ff8 | 448b 5424 | 1441 ffca | 443b 5424 | 140f 8301 | 1400 008b | 580c 85db | 0f86 f613 
  0x000001f59f48be40: 0000 4c63 | c345 33c9 | eb30 c5f9 | 7edb c4c1 | f97e d0c4 | e1f9 7ec1 | 448b 4c24 | 384d 8b97 
  0x000001f59f48be60: 4803 0000 | 41ff c141 | 8502 443b | 4c24 140f | 8d7a 0e00 | 0048 894c | 2420 488b | 4c24 2044 
  0x000001f59f48be80: 8b59 1047 | 8b54 dc0c | 4585 d276 | d045 8bea | 4489 4c24 | 38c5 fb10 | 4424 2049 | 63f1 448b 
  0x000001f59f48bea0: 54b1 10c4 | c179 6eca | 478b 74d4 | 0c85 db0f | 86bc 0200 | 008b 6810 | 418b cd41 | 2bc9 ffc9 
  0x000001f59f48bec0: 4585 f60f | 8623 1100 | 0047 8b4c | d410 458b | 54ec 0c4d | 8d1c ec41 | 3bca 0f83 | 1012 0000 
  0x000001f59f48bee0: 4d63 d54c | 2bd6 4789 | 4c93 0c41 | 83fd 010f | 8e5e ffff | ff4d 63d6 | 4d3b c244 | 8bd3 450f 
  0x000001f59f48bf00: 4fd6 c4c1 | 797e c94f | 8d2c cc41 | 8bfa ffcf | 443b d741 | bb00 0000 | 8041 0f4c | fb83 ff01 
  0x000001f59f48bf20: 0f8e d211 | 0000 4c8b | 5424 2045 | 8b5a 1043 | 8b6c dc0c | 458b d147 | 8b4c d414 | 8b50 148b 
  0x000001f59f48bf40: cd2b 4c24 | 38ff c945 | 8b54 d40c | 4d8d 1cd4 | 413b ca0f | 83aa 1100 | 0048 8974 | 2420 c4c1 
  0x000001f59f48bf60: f96e d0c5 | f96e db48 | 63f5 4c8b | c64c 2b44 | 2420 4789 | 4c83 0c83 | fd02 0f8e | cafe ffff 
  0x000001f59f48bf80: c4c1 797e | ca47 8b4c | d418 8b50 | 1845 8b54 | d40c 4d8d | 1cd4 413b | ca0f 83d9 | 1100 0047 
  0x000001f59f48bfa0: 894c 830c | 83fd 030f | 8e9d feff | ff41 ba03 | 0000 0044 | 3bd7 0f8d | 4301 0000 | c4c1 797e 
  0x000001f59f48bfc0: ca47 8b4c | d41c 8b50 | 1c45 8b54 | d40c 4d8d | 1cd4 413b | ca0f 83a8 | 1100 0047 | 894c 830c 
  0x000001f59f48bfe0: 83fd 040f | 8e61 feff | ffc4 c179 | 7eca 478b | 4cd4 2044 | 8b50 2043 | 8b54 d40c | 4f8d 1cd4 
  0x000001f59f48c000: 3bca 0f83 | 8611 0000 | 4789 4c83 | 0c83 fd05 | 0f8e 34fe | ffff 4c8b | d649 83c2 | fe4c 63df 
  0x000001f59f48c020: 458b ca48 | ffce 8bd6 | 4c3b de8b | df0f 4fda | 4c63 db4d | 3bda 410f | 4fd9 83fb | 050f 8e95 
  0x000001f59f48c040: 1100 0041 | ba05 0000 | 000f 1f80 | 0000 0000 | 478b 4c95 | 1046 8b5c | 9010 438b | 54dc 0c49 
  0x000001f59f48c060: c1e3 033b | ca0f 83df | 0b00 0047 | 894c 830c | 468b 5c90 | 1447 8b4c | 9514 438b | 54dc 0c49 
  0x000001f59f48c080: c1e3 033b | ca0f 83bc | 0b00 0047 | 894c 830c | 4183 c202 | 443b d37c | b744 3bd7 | 7d61 6690 
  0x000001f59f48c0a0: 478b 4c95 | 1042 8b5c | 9010 418b | 54dc 0c4d | 8d1c dc3b | ca0f 838f | 0b00 0047 | 894c 830c 
  0x000001f59f48c0c0: 418b daff | c33b dd0f | 8d7d fdff | ff47 8b4c | 9514 468b | 5c90 1443 | 8b54 dc0c | 49c1 e303 
  0x000001f59f48c0e0: 3bca 0f83 | f811 0000 | 4789 4c83 | 0c41 83c2 | 0244 3bd5 | 0f8d 50fd | ffff 443b | d77c a1c5 
  0x000001f59f48c100: f97e dbc4 | c1f9 7ed0 | 488b 7424 | 2044 3bd3 | 7d62 6690 | 443b d373 | 5bc4 c1f9 | 7ec3 458b 
  0x000001f59f48c120: 5b10 438b | 54dc 0c42 | 8b6c 9010 | 8bca 2b4c | 2438 ffc9 | 453b d60f | 83b2 0e00 | 0047 8b4c 
  0x000001f59f48c140: 9510 418b | 7cec 0c4d | 8d1c ec3b | cf0f 83f7 | 0a00 0048 | 63ca 482b | ce45 894c | 8b0c 41ff 
  0x000001f59f48c160: c244 3bd2 | 0f8d e9fc | ffff 443b | d37c a5eb | 0345 33d2 | bae4 ffff | ff48 8b2c | 2444 8b5c 
  0x000001f59f48c180: 2408 4489 | 1c24 4c8b | 5c24 184c | 895c 2408 | 448b 4424 | 2844 8944 | 2404 448b | 4424 2c44 
  0x000001f59f48c1a0: 8944 2410 | c5fb 1144 | 2418 4889 | 4424 2844 | 8954 2430 | c5f8 77e8 | 4461 44f8 | 41f7 c501 
  0x000001f59f48c1c0: 0000 000f | 84cf 0000 | 0041 8b48 | 0c85 c90f | 866f 0f00 | 0041 8b58 | 1041 8b5c | dc0c 895c 
  0x000001f59f48c1e0: 2410 894c | 2414 4489 | 5c24 2c44 | 8954 2428 | 4c89 4424 | 2089 5424 | 0c44 896c | 2408 48ba 
  0x000001f59f48c200: 086d 0000 | 0800 0000 | 448b c144 | 8bcb 6690 | c5f8 77e8 | 6802 4ff8 | 448b 5424 | 1441 ffca 
  0x000001f59f48c220: 443b 5424 | 140f 83e3 | 0e00 0044 | 8b40 0c45 | 85c0 0f86 | d60e 0000 | 453b d00f | 83cd 0e00 
  0x000001f59f48c240: 008b 6c24 | 10ff cd8b | 7424 10d1 | fe4c 6344 | 2410 448b | ee41 83c5 | fe41 3bf5 | 41bb 0000 
  0x000001f59f48c260: 0080 450f | 4ceb 4c63 | d649 8bd8 | 492b da44 | 8bde 41ff | c348 ffcb | 4533 f6e9 | bc06 0000 
  0x000001f59f48c280: 448b 6c24 | 088b 5424 | 0cc4 c1f9 | 7ec0 448b | 5424 2844 | 8b5c 242c | 41f7 c502 | 0000 0075 
  0x000001f59f48c2a0: 0849 8bc0 | e970 faff | ff41 8b68 | 0c85 ed0f | 860d 0e00 | 0041 8b48 | 1045 8b4c | cc0c 896c 
  0x000001f59f48c2c0: 2428 4489 | 5c24 1444 | 8954 2410 | 4c89 4424 | 2089 5424 | 0c44 896c | 2408 48ba | 086d 0000 
  0x000001f59f48c2e0: 0800 0000 | 448b c590 | c5f8 77e8 | 9001 4ff8 | 448b 580c | 448b cd41 | d1f9 458b | d141 ffc2 
  0x000001f59f48c300: 4585 db0f | 865c 0d00 | 0045 3bcb | 0f83 530d | 0000 4863 | ed4d 63c1 | 488b cd49 | 2bc8 48ff 
  0x000001f59f48c320: c948 3bcd | 0f83 3b0d | 0000 448b | 4424 2841 | ffc8 443b | 4424 280f | 8328 0d00 | 0044 8954 
  0x000001f59f48c340: 242c 4d63 | d349 3bca | 0f83 120d | 0000 453b | c30f 835d | 0d00 0044 | 3b4c 2428 | 0f83 590d 
  0x000001f59f48c360: 0000 4533 | d2e9 0a02 | 0000 660f | 1f44 0000 | 442b 5c24 | 1045 8bf3 | 41ff c644 | 8bde 453b 
  0x000001f59f48c380: f00f 8390 | 0900 0045 | 8b54 dc10 | 478b 54d4 | 0c45 3bda | 0f83 6901 | 0000 c4c1 | f97e da41 
  0x000001f59f48c3a0: 8b74 9210 | 458b 4cf4 | 0c4d 8d14 | f445 3bf1 | 0f83 8a09 | 0000 478b | 54b2 1041 | 83fa ff0f 
  0x000001f59f48c3c0: 8434 0100 | 0045 8b4c | c40c 453b | d90f 8389 | 0900 0047 | 8954 9d10 | 4533 c9c4 | c1f9 7eda 
  0x000001f59f48c3e0: 458b 5210 | 478b 54d4 | 0c44 0354 | 2410 4d8b | b748 0300 | 0041 8bf3 | ffc6 4185 | 0641 3bf2 
  0x000001f59f48c400: 0f8c 6aff | ffff 4d8b | 9748 0300 | 00ff c741 | 8502 3b3c | 240f 8df2 | 0000 00c4 | c1f9 7ec1 
  0x000001f59f48c420: c4e1 f97e | cec5 f97e | d244 8b54 | 2410 448b | 5c24 1444 | 3b54 2408 | 0f8d e500 | 0000 4489 
  0x000001f59f48c440: 5c24 1444 | 8954 2410 | c5f9 6ed2 | c4e1 f96e | cec4 c1f9 | 6ec1 c4c1 | f97e e241 | 8b44 ba10 
  0x000001f59f48c460: 8bd7 412b | d33b fd0f | 8380 0500 | 0044 8b5c | 2410 443b | 5c24 040f | 8370 0500 | 00c4 c1f9 
  0x000001f59f48c480: 7eda 458b | 5c92 1047 | 8b54 dc0c | 4585 d20f | 86fb 0900 | 0047 8b54 | dc10 4183 | faff 0f84 
  0x000001f59f48c4a0: 8803 0000 | 458b 4cc4 | 0c44 8b5c | 2410 453b | d90f 83aa | 0800 004d | 8d0c c447 | 8954 9910 
  0x000001f59f48c4c0: 4533 c9c4 | c1f9 7eda | 458b 5210 | 478b 5cd4 | 0c44 035c | 2410 413b | cb0f 8d27 | ffff ff3b 
  0x000001f59f48c4e0: fd0f 83b1 | 0600 004d | 8d2c c444 | 8bd9 41be | 0100 0000 | e985 feff | ffc4 c1f9 | 7ec9 e9d8 
  0x000001f59f48c500: feff ffc4 | c1f9 7ec9 | e9ce feff | ffc5 f877 | 4883 c460 | 5d49 3ba7 | 4003 0000 | 0f87 da10 
  0x000001f59f48c520: 0000 c344 | 895c 2414 | 4489 5424 | 10c5 f96e | d2c4 e1f9 | 6ece c4c1 | f96e c14c | 8bce e9c3 
  0x000001f59f48c540: feff ffc4 | c1f9 7ec3 | c4c1 797e | cac4 e1f9 | 7ee8 c4e1 | f97e f54d | 8b87 4803 | 0000 41ff 
  0x000001f59f48c560: c241 8500 | 443b 5424 | 2c0f 8d97 | f7ff ff4c | 895c 2420 | 4c8b 5c24 | 2045 8b4b | 1043 8b7c 
  0x000001f59f48c580: cc0c 85ff | 76d1 c5fb | 1044 2420 | c4c1 796e | ca4d 63c2 | 4c8b dd4d | 2bd8 4c8b | 5424 2047 
  0x000001f59f48c5a0: 8b54 9a0c | c4c1 796e | da47 8b6c | d40c 468b | 5480 10c4 | c179 6ee2 | 478b 4cd4 | 0c4c 8b54 
  0x000001f59f48c5c0: 2420 478b | 5482 10c4 | c179 6ed2 | 438b 4cd4 | 0c42 8b5c | 980c 458b | 74dc 0c45 | 85ed 0f86 
  0x000001f59f48c5e0: 2009 0000 | 41bb 0100 | 0000 453b | dd41 ba01 | 0000 0045 | 0f4f d5c4 | c179 7ee3 | 4f8d 04dc 
  0x000001f59f48c600: c4c1 797e | db4b 8d14 | dc41 8bf8 | 498d 34dc | c1ef 02c4 | c179 7ed3 | 49c1 e303 | 83e7 0341 
  0x000001f59f48c620: 03fa f7df | 83e7 0341 | 03fa 413b | fd41 0f4f | fd45 33d2 | eb0e 6690 | 448b d144 | 8b4c 2420 
  0x000001f59f48c640: 8b4c 2424 | 453b d50f | 837e 0100 | 00c5 f96e | fb89 4c24 | 2444 894c | 2420 c4e1 | f96e f5c4 
  0x000001f59f48c660: e1f9 6ee8 | 468b 4c92 | 1044 3b54 | 2420 0f83 | 0407 0000 | 4789 4c90 | 1044 3bd1 | 0f83 5207 
  0x000001f59f48c680: 0000 478b | 4c93 1045 | 3bd6 0f83 | a407 0000 | 4689 4c96 | 10c4 c1f9 | 7ec1 458b | 4910 478b 
  0x000001f59f48c6a0: 4ccc 0c41 | 8bca ffc1 | 413b c90f | 8d92 feff | ff3b cf0f | 8c7f ffff | ff49 63dd | 4963 c648 
  0x000001f59f48c6c0: 636c 2424 | 4863 7c24 | 2048 3bdf | 418b fd0f | 4f7c 2420 | 4963 d94c | 63cf 4c3b | cd0f 4f7c 
  0x000001f59f48c6e0: 2424 48ff | cb4c 63cf | 4c3b c841 | 0f4f fe44 | 8bcb 4863 | c748 3bc3 | 410f 4ff9 | 448b cf41 
  0x000001f59f48c700: 83c1 f941 | 3bf9 bf00 | 0000 8044 | 0f4c cf41 | 3bc9 0f8d | f407 0000 | 41ff c20f | 1f44 0000 
  0x000001f59f48c720: c421 7a6f | 4492 10c4 | 017a 7f44 | 9010 c401 | 7a6f 4493 | 10c4 217a | 7f44 9610 | c421 7a6f 
  0x000001f59f48c740: 4492 20c4 | 017a 7f44 | 9020 c401 | 7a6f 4493 | 20c4 217a | 7f44 9620 | 4183 c208 | 453b d17c 
  0x000001f59f48c760: bf45 3bd5 | 7d59 6690 | 453b d573 | 5946 8b4c | 9210 443b | 5424 200f | 83fb 0500 | 0047 894c 
  0x000001f59f48c780: 9010 443b | 5424 240f | 8347 0600 | 0047 8b4c | 9310 453b | d60f 8399 | 0600 0046 | 894c 9610 
  0x000001f59f48c7a0: c4c1 f97e | c145 8b49 | 1043 8b4c | cc0c 41ff | c244 3bd1 | 0f8d 89fd | ffff 453b | d57c a9c4 
  0x000001f59f48c7c0: e1f9 7ee8 | eb05 c4e1 | f97e e8ba | e4ff ffff | 488b 2c24 | 448b 5c24 | 0844 891c | 244c 8b5c 
  0x000001f59f48c7e0: 2418 4c89 | 5c24 0844 | 8b5c 2410 | 4489 5c24 | 0444 8b44 | 2414 4489 | 4424 10c5 | fb11 4424 
  0x000001f59f48c800: 1848 8944 | 2420 4489 | 5424 2844 | 8954 242c | c5fa 114c | 2430 c5fa | 1164 2434 | c5fa 115c 
  0x000001f59f48c820: 2438 6690 | c5f8 77e8 | d45a 44f8 | 4c8b cee9 | 8ffc ffff | 660f 1f44 | 0000 660f | 1f44 0000 
  0x000001f59f48c840: 8bd7 448b | 5490 0c8b | 7c24 102b | f948 63d9 | 4589 549b | 1044 8b54 | 9810 4589 | 5493 0c49 
  0x000001f59f48c860: 8bd0 482b | d344 8b54 | 9008 4589 | 549b 1444 | 8b54 9814 | 4589 5493 | 0844 8b54 | 9004 4589 
  0x000001f59f48c880: 549b 1844 | 8b54 9818 | 4589 5493 | 0444 8b14 | 9045 8954 | 9b1c 448b | 5498 1c45 | 8914 9383 
  0x000001f59f48c8a0: c7fc 83c1 | 0441 3bc9 | 7c96 4d8b | 9748 0300 | 0041 8502 | 413b cd7d | 298b d745 | 8bcd 442b 
  0x000001f59f48c8c0: c944 3be9 | 440f 4c4c | 240c 4181 | f9a0 0f00 | 00bf a00f | 0000 440f | 47cf 4403 | c9e9 60ff 
  0x000001f59f48c8e0: ffff c4e1 | f97e cb3b | 4c24 307d | 2d66 6690 | 448b 54b8 | 0c45 8954 | 8b10 448b | 5488 1045 
  0x000001f59f48c900: 8954 bb0c | 448b d141 | ffc2 443b | 5424 307d | 098b fd2b | f941 8bca | ebd6 4d8b | 9748 0300 
  0x000001f59f48c920: 0041 ffc6 | 4185 0244 | 3b74 2414 | 0f8d 4ef9 | ffff c4e1 | f97e c044 | 8b5c 2430 | 4c8b 5424 
  0x000001f59f48c940: 2041 8b7a | 1085 ff0f | 844c 0500 | 0047 8b54 | b210 438b | 54d4 0c42 | 8b4c b010 | 458b 4ccc 
  0x000001f59f48c960: 0c44 895c | 2430 c4e1 | f96e c04c | 63da 493b | db0f 8331 | 0500 003b | ea0f 8329 | 0500 0045 
  0x000001f59f48c980: 85c9 0f86 | 2005 0000 | 413b f10f | 8317 0500 | 0085 d20f | 860f 0500 | 003b f20f | 8307 0500 
  0x000001f59f48c9a0: 004d 63d9 | 493b db0f | 83fb 0400 | 0041 3be9 | 0f83 f204 | 0000 4d8d | 1ccc 4b8d | 04d4 428b 
  0x000001f59f48c9c0: 7c80 0c41 | 897c cc10 | 478b 4cd4 | 1047 894c | 830c 4183 | fd01 0f8e | 0c05 0000 | 8bd5 b901 
  0x000001f59f48c9e0: 0000 00c4 | e1f9 6ecb | e9ce feff | ff4c 8bce | e9ce faff | ff43 8b6c | dc18 85ed | 0f84 e107 
  0x000001f59f48ca00: 0000 438b | 4cdc 0881 | f998 b014 | 000f 84f5 | 0700 004d | 8d1c ec45 | 8b4b 0c45 | 3bca 0f85 
  0x000001f59f48ca20: 7c02 0000 | 418b 4b10 | 4c8b c949 | c1e1 034d | 3bc8 0f84 | d8f1 ffff | 410f be78 | 104d 3bc1 
  0x000001f59f48ca40: 0f84 caf1 | ffff 458b | 4ccc 0841 | 81f9 70e9 | 0000 0f85 | e808 0000 | 4d8d 0ccc | 410f be69 
  0x000001f59f48ca60: 103b fd0f | 857f 0800 | 0041 8b59 | 1445 8b48 | 1441 8b74 | dc0c 438b | 4ccc 0c3b | ce0f 85d8 
  0x000001f59f48ca80: 0000 0049 | 8d3c dc49 | 8d74 dc10 | 4b8d 1ccc | 4b8d 7ccc | 1085 c90f | 84a5 0000 | 008b c183 
  0x000001f59f48caa0: e01f 83e1 | e00f 844b | 0000 0048 | 8d3c 0f48 | 8d34 0e48 | f7d9 c5fe | 6f24 0fc5 | fe6f 1c0e 
  0x000001f59f48cac0: c5dd efe3 | c4e2 7d17 | e40f 857a | 0000 0048 | 83c1 2075 | e185 c00f | 8465 0000 | 00c5 fe6f 
  0x000001f59f48cae0: 6407 e0c5 | fe6f 5c06 | e0c5 ddef | e3c4 e27d | 17e4 7555 | eb4c 8bc8 | 83e1 fc74 | 1948 8d3c 
  0x000001f59f48cb00: 0f48 8d34 | 0e48 f7d9 | 8b1c 0f3b | 1c0e 7539 | 4883 c104 | 75f2 f7c0 | 0200 0000 | 7412 0fb7 
  0x000001f59f48cb20: 1f0f b70e | 3bd9 7521 | 488d 7f02 | 488d 7602 | f7c0 0100 | 0000 740a | 0fb6 1f0f | b60e 3bd9 
  0x000001f59f48cb40: 7507 b801 | 0000 00eb | 0233 c0c5 | ddef e4c5 | e5ef db85 | c00f 85b5 | f0ff ffba | 45ff ffff 
  0x000001f59f48cb60: 488b 2c24 | c5fa 1104 | 24c5 fa11 | 4c24 04c5 | fa11 5424 | 084c 8b4c | 2418 4c89 | 4c24 104c 
  0x000001f59f48cb80: 8944 2418 | 4c89 5c24 | 2044 8954 | 240c 6690 | c5f8 77e8 | 6857 44f8 | 448b d941 | b901 0000 
  0x000001f59f48cba0: 00eb 1b0f | 1f80 0000 | 0000 660f | 1f44 0000 | 442b 5c24 | 1045 8bcb | 41ff c145 | 8bda 453b 
  0x000001f59f48cbc0: c80f 8350 | 0100 0045 | 3b64 dc10 | 0f84 2203 | 0000 c4c1 | f97e d945 | 8b51 1043 | 8b54 d40c 
  0x000001f59f48cbe0: 0354 2410 | 4d8b 8f48 | 0300 0045 | 8bd3 41ff | c241 8501 | 443b d27c | b7c4 c1f9 | 7ec9 e903 
  0x000001f59f48cc00: f8ff ffc5 | 7a2c d941 | 81fb 0000 | 0080 7510 | 4883 ec08 | c5fa 110c | 24e8 d544 | 3ff8 415b 
  0x000001f59f48cc20: e9cb f0ff | ffc5 7a2c | d041 81fa | 0000 0080 | 7510 4883 | ec08 c5fa | 1104 24e8 | b344 3ff8 
  0x000001f59f48cc40: 415a e979 | f0ff ff41 | ffc2 bae4 | ffff ff48 | 8b2c 2444 | 8b44 2408 | 4489 0424 | 4c8b 4424 
  0x000001f59f48cc60: 184c 8944 | 2408 448b | 4424 2844 | 8944 2404 | 8b5c 242c | 895c 2410 | c5fb 1144 | 2418 4889 
  0x000001f59f48cc80: 4424 2044 | 8954 2414 | 4c89 5c24 | 2889 4c24 | 3044 894c | 2434 6690 | c5f8 77e8 | 6056 44f8 
  0x000001f59f48cca0: 458b 4b18 | 4d8b 9f48 | 0300 0041 | 8503 4585 | c90f 842c | 0500 004f | 8d1c cce9 | 57fd ffff 
  0x000001f59f48ccc0: 4533 f633 | d245 33d2 | e9bc edff | ff33 d241 | c640 1101 | 4533 f645 | 33d2 e9aa | edff ff41 
  0x000001f59f48cce0: f7da e9d0 | efff ff41 | f7db e9f6 | efff ff44 | 8b6c 2408 | 8b54 240c | 4c8b c044 | 8b54 2428 
  0x000001f59f48cd00: 448b 5c24 | 2ce9 b2f4 | ffff 4533 | f633 d245 | 33d2 e972 | edff ffba | 45ff ffff | c4e1 f97e 
  0x000001f59f48cd20: c5c5 fb11 | 0c24 c5fb | 115c 2408 | 897c 2418 | 4489 5c24 | 1c66 6690 | c5f8 77e8 | c055 44f8 
  0x000001f59f48cd40: c4c1 796e | d6ba e6ff | ffff 498b | eac5 fa11 | 1424 6690 | c5f8 77e8 | a455 44f8 | 4489 5c24 
  0x000001f59f48cd60: 10ba e6ff | ffff 8be8 | 4489 5424 | 0466 6690 | c5f8 77e8 | 8855 44f8 | bae4 ffff | ff48 8b2c 
  0x000001f59f48cd80: 2444 8b44 | 2408 4489 | 0424 4c8b | 5c24 184c | 895c 2408 | 448b 5c24 | 1044 895c | 2404 448b 
  0x000001f59f48cda0: 4424 1444 | 8944 2410 | c5fb 1144 | 2418 c5fb | 116c 2420 | 4489 5424 | 2844 894c | 242c c5fa 
  0x000001f59f48cdc0: 114c 2430 | c5fa 1164 | 2434 6690 | c5f8 77e8 | 2c55 44f8 | bae4 ffff | ff48 8b2c | 2444 8b44 
  0x000001f59f48cde0: 2408 4489 | 0424 4c8b | 5c24 184c | 895c 2408 | 448b 5c24 | 1044 895c | 2404 448b | 4424 1444 
  0x000001f59f48ce00: 8944 2410 | c5fb 1144 | 2418 c5fb | 116c 2420 | 4489 5424 | 2844 8954 | 242c c5fa | 114c 2430 
  0x000001f59f48ce20: c5fa 1154 | 2434 c5fa | 117c 2438 | c5f8 77e8 | cc54 44f8 | bae4 ffff | ff48 8b2c | 2444 8b5c 
  0x000001f59f48ce40: 2408 4489 | 1c24 4c8b | 5c24 184c | 895c 2408 | 448b 5c24 | 1044 895c | 2404 448b | 4424 1444 
  0x000001f59f48ce60: 8944 2410 | c5fb 1144 | 2418 c5fb | 116c 2420 | 4489 5424 | 2844 894c | 242c c5fa | 114c 2430 
  0x000001f59f48ce80: c5fa 117c | 2434 6690 | c5f8 77e8 | 7054 44f8 | 4f8d 14dc | e9ac feff | ffba f6ff | ffff 6690 
  0x000001f59f48cea0: c5f8 77e8 | 5854 44f8 | 418b 6cfc | 0cd1 fdff | c5ba 76ff | ffff 4c8b | 5424 184c | 8954 2410 
  0x000001f59f48cec0: 448b 5424 | 2844 8954 | 240c 448b | 5c24 2c44 | 895c 2418 | 4889 4424 | 2844 8974 | 241c 6690 
  0x000001f59f48cee0: c5f8 77e8 | 1854 44f8 | 8bfd b901 | 0000 00e9 | f3f9 ffff | baf6 ffff | ff66 6690 | c5f8 77e8 
  0x000001f59f48cf00: fc53 44f8 | 4533 d2e9 | bff8 ffff | 448b d1e9 | 4df8 ffff | bade ffff | ffc5 fa11 | 4424 08c5 
  0x000001f59f48cf20: fa11 4c24 | 0c44 894c | 2410 4c89 | 4424 2090 | c5f8 77e8 | c853 44f8 | bae4 ffff | ff48 8b2c 
  0x000001f59f48cf40: 24c5 fa11 | 0c24 c5fa | 1154 2404 | 4c8b 5424 | 184c 8954 | 2408 c5fa | 1144 2418 | 4c89 4424 
  0x000001f59f48cf60: 2066 6690 | c5f8 77e8 | 9453 44f8 | 4c8b 0c24 | 488b 7424 | 18ba beff | ffff 498b | e948 8934 
  0x000001f59f48cf80: 2448 8944 | 2408 4489 | 5424 1044 | 895c 2418 | 4489 5c24 | 1c89 4c24 | 2066 6690 | c5f8 77e8 
  0x000001f59f48cfa0: 5c53 44f8 | 4c8b 0c24 | 488b 7424 | 18eb c648 | 8b74 2418 | ebbf ba45 | ffff ff48 | 8b2c 24c5 
  0x000001f59f48cfc0: fa11 0424 | c5fa 114c | 2404 4489 | 4c24 0848 | 897c 2410 | 4c89 4424 | 1844 8974 | 2420 4489 
  0x000001f59f48cfe0: 5424 2490 | c5f8 77e8 | 1453 44f8 | 4533 d2ba | e4ff ffff | 4c8b 5c24 | 184c 895c | 2410 448b 
  0x000001f59f48d000: 5c24 2844 | 895c 240c | 448b 4424 | 2c44 8944 | 2418 c5fb | 1144 2420 | 4889 4424 | 2889 4c24 
  0x000001f59f48d020: 3044 8954 | 2434 c5fa | 114c 243c | c5f8 77e8 | cc52 44f8 | ba45 ffff | ff4c 8b44 | 2418 4c89 
  0x000001f59f48d040: 4424 0848 | 8944 2410 | 4489 5424 | 1844 895c | 241c 4489 | 6c24 2090 | c5f8 77e8 | a052 44f8 
  0x000001f59f48d060: 448b 5424 | 2cba beff | ffff 488b | 2c24 448b | 4424 0844 | 8904 244c | 8b5c 2418 | 4c89 5c24 
  0x000001f59f48d080: 0844 8b5c | 2410 4489 | 5c24 0444 | 8b44 2414 | 4489 4424 | 104c 8b5c | 2420 4c89 | 5c24 1848 
  0x000001f59f48d0a0: 8944 2420 | 4489 5424 | 1466 6690 | c5f8 77e8 | 4c52 44f8 | 448b 5424 | 2ceb aa44 | 8b54 242c 
  0x000001f59f48d0c0: eba3 bae4 | ffff ff44 | 896c 2408 | 4c8b 4c24 | 184c 894c | 2410 4489 | 5424 0c44 | 895c 2418 
  0x000001f59f48d0e0: 4c89 4424 | 2866 6690 | c5f8 77e8 | 1052 44f8 | 4533 d2e9 | 52fb ffff | 41ba 0100 | 0000 e90a 
  0x000001f59f48d100: f0ff ff41 | ba01 0000 | 00e9 3cfb | ffff babe | ffff ff48 | 8b2c 2444 | 8b5c 2408 | 4489 1c24 
  0x000001f59f48d120: 4c8b 5424 | 184c 8954 | 2408 4c8b | 5424 204c | 8954 2418 | 4889 4424 | 2066 6690 | c5f8 77e8 
  0x000001f59f48d140: bc51 44f8 | bae4 ffff | ff48 8b2c | 2444 892c | 244c 8b4c | 2418 4c89 | 4c24 0844 | 8954 2404 
  0x000001f59f48d160: 4489 5c24 | 104c 8944 | 2420 894c | 2414 6690 | c5f8 77e8 | 8851 44f8 | 41ba 0200 | 0000 e9c7 
  0x000001f59f48d180: faff ff41 | ba03 0000 | 00e9 bcfa | ffff 41ba | 0400 0000 | e9b1 faff | ffba 76ff | ffff c5fa 
  0x000001f59f48d1a0: 1144 2408 | c5fa 114c | 240c c5fa | 1154 2410 | 4489 7424 | 144c 8944 | 2428 4489 | 6c24 3444 
  0x000001f59f48d1c0: 8954 2438 | c5f8 77e8 | 3451 44f8 | bb01 0000 | 0033 d2e9 | 8ce8 ffff | 41ba 0500 | 0000 e9b6 
  0x000001f59f48d1e0: eeff ffba | f4ff ffff | 488b 2c24 | c5fa 1104 | 24c5 fa11 | 4c24 04c5 | fa11 5424 | 0866 6690 
  0x000001f59f48d200: c5f8 77e8 | f850 44f8 | ba45 ffff | ffc5 fa11 | 4424 08c5 | fa11 4c24 | 0cc5 fa11 | 5424 104c 
  0x000001f59f48d220: 8944 2420 | 4489 5c24 | 1444 8954 | 2428 6690 | c5f8 77e8 | c850 44f8 | babe ffff | ff48 8b2c 
  0x000001f59f48d240: 2444 8b54 | 2408 4489 | 1424 4c8b | 5424 184c | 8954 2408 | 4c8b 5424 | 204c 8954 | 2418 4889 
  0x000001f59f48d260: 4424 2090 | c5f8 77e8 | 9450 44f8 | ba45 ffff | ffc5 fa11 | 4424 08c5 | fa11 4c24 | 0cc5 fa11 
  0x000001f59f48d280: 5424 104c | 8944 2428 | 4489 5c24 | 1444 8954 | 2430 4c89 | 4c24 3889 | 7c24 3490 | c5f8 77e8 
  0x000001f59f48d2a0: 5c50 44f8 | 4585 c940 | 0f95 c540 | 0fb6 ed83 | f501 ba45 | ffff ffc5 | fa11 4424 | 08c5 fa11 
  0x000001f59f48d2c0: 4c24 0cc5 | fa11 5424 | 1044 8974 | 2414 4c89 | 4424 2844 | 8954 2430 | c5f8 77e8 | 2050 44f8 
  0x000001f59f48d2e0: 448b d3e9 | 62f9 ffff | ba45 ffff | ffc5 fa11 | 4424 08c5 | fa11 4c24 | 0cc5 fa11 | 5424 104c 
  0x000001f59f48d300: 8944 2428 | 4c89 5c24 | 3044 8954 | 2414 4c89 | 4c24 3889 | 7c24 4090 | c5f8 77e8 | e04f 44f8 
  0x000001f59f48d320: bade ffff | ffc5 fa11 | 4424 08c5 | fa11 4c24 | 0cc5 fa11 | 5424 1090 | c5f8 77e8 | c04f 44f8 
  0x000001f59f48d340: bade ffff | ff48 8b2c | 24c5 fa11 | 0424 c5fa | 114c 2404 | c5fa 1154 | 2408 4c8b | 4c24 184c 
  0x000001f59f48d360: 894c 2410 | 4c89 4424 | 204c 895c | 2428 4489 | 5424 0c89 | 4c24 3490 | c5f8 77e8 | 804f 44f8 
  0x000001f59f48d380: bade ffff | ff48 8b2c | 24c5 fa11 | 0424 c5fa | 114c 2404 | c5fa 1154 | 2408 488b | 4c24 1848 
  0x000001f59f48d3a0: 894c 2410 | 4c89 4424 | 2044 895c | 240c 4489 | 5424 2844 | 894c 2430 | c5f8 77e8 | 404f 44f8 
  0x000001f59f48d3c0: baf6 ffff | ff8b e944 | 890c 2490 | c5f8 77e8 | 2c4f 44f8 | baf6 ffff | ff66 6690 | c5f8 77e8 
  0x000001f59f48d3e0: 1c4f 44f8 | c4c1 796e | d6ba f6ff | ffff c5f9 | 7ed5 6690 | c5f8 77e8 | 044f 44f8 | 4489 5c24 
  0x000001f59f48d400: 10ba f6ff | ffff 4489 | 1424 6690 | c5f8 77e8 | ec4e 44f8 | baf6 ffff | ff66 6690 | c5f8 77e8 
  0x000001f59f48d420: dc4e 44f8 | ba76 ffff | ff48 8b2c | 2444 8b54 | 2408 4489 | 1424 4c8b | 5424 184c | 8954 2408 
  0x000001f59f48d440: 448b 5c24 | 1044 895c | 2404 448b | 5424 1444 | 8954 2410 | 48ff 7424 | 2048 8f44 | 2418 4889 
  0x000001f59f48d460: 4424 20c5 | fa11 4c24 | 1489 7c24 | 2866 6690 | c5f8 77e8 | 884e 44f8 | baf6 ffff | ff66 6690 
  0x000001f59f48d480: c5f8 77e8 | 784e 44f8 | 488b d0eb | 0848 8bd0 | eb03 488b | d0c5 f877 | 4883 c460 | 5de9 5e5a 
  0x000001f59f48d4a0: 4ff8 baf6 | ffff ff49 | 8be8 6690 | c5f8 77e8 | 4c4e 44f8 | baf6 ffff | ff66 6690 | c5f8 77e8 
  0x000001f59f48d4c0: 3c4e 44f8 | 488b 7424 | 18e9 a7fa | ffff 488b | 7424 18e9 | 9dfa ffff | baf6 ffff | ff66 6690 
  0x000001f59f48d4e0: c5f8 77e8 | 184e 44f8 | baf6 ffff | ff66 6690 | c5f8 77e8 | 084e 44f8 | baf6 ffff | ff66 6690 
  0x000001f59f48d500: c5f8 77e8 | f84d 44f8 | ba76 ffff | ff48 8b2c | 2444 8b54 | 2408 4489 | 1424 4c8b | 5424 184c 
  0x000001f59f48d520: 8954 2408 | 448b 5c24 | 2844 895c | 2404 48ff | 7424 2048 | 8f44 2418 | 4889 4424 | 2044 896c 
  0x000001f59f48d540: 2428 6690 | c5f8 77e8 | b44d 44f8 | ba45 ffff | ff48 8b2c | 24c5 fa11 | 0424 c5fa | 114c 2404 
  0x000001f59f48d560: c5fa 1154 | 2408 488b | 4c24 1848 | 894c 2410 | 4c89 4424 | 2044 895c | 240c 4489 | 5424 2844 
  0x000001f59f48d580: 894c 242c | c5f8 77e8 | 744d 44f8 | baf6 ffff | ff66 6690 | c5f8 77e8 | 644d 44f8 | baf6 ffff 
  0x000001f59f48d5a0: ff66 6690 | c5f8 77e8 | 544d 44f8 | baf6 ffff | ff66 6690 | c5f8 77e8 | 444d 44f8 | ba45 ffff 
  0x000001f59f48d5c0: ff48 8b2c | 24c5 fa11 | 0424 c5fa | 114c 2404 | c5fa 1154 | 2408 4c8b | 4c24 184c | 894c 2410 
  0x000001f59f48d5e0: 4c89 4424 | 204c 895c | 2428 4489 | 5424 0c89 | 4c24 3090 | c5f8 77e8 | 044d 44f8 | 49ba 15c5 
  0x000001f59f48d600: 489f f501 | 0000 4d89 | 9758 0300 | 00e9 ee5d | 44f8 f4f4 | f4f4 f4f4 | f4f4 f4f4 | f4f4 f4f4 
  0x000001f59f48d620: e95b 6f4e | f8e8 0000 | 0000 4883 | 2c24 05e9 | 6c50 44f8 | f4f4 f4f4 
[/MachCode]
--------------------------------------------------------------------------------


---------------  P R O C E S S  ---------------

Threads class SMR info:
_java_thread_list=0x000001f5b51e6b80, length=25, elements={
0x000001f5b3b56750, 0x000001f5b3b586e0, 0x000001f5b45008b0, 0x000001f5b4501170,
0x000001f5b4502240, 0x000001f5b4504b10, 0x000001f5b4509c10, 0x000001f5b452a520,
0x000001f5b453d5f0, 0x000001f5b4657300, 0x000001f5b4658020, 0x000001f5b4665e90,
0x000001f58e5bff70, 0x000001f5b474fc40, 0x000001f5b474f2a0, 0x000001f5b4750110,
0x000001f5b474edd0, 0x000001f5b474d5c0, 0x000001f5b474f770, 0x000001f5b474d0f0,
0x000001f5b5051a10, 0x000001f5b5051f20, 0x000001f5b50a75d0, 0x000001f5b50a7ae0,
0x000001f5b474da90
}

Java Threads: ( => current thread )
  0x000001f5b3b56750 JavaThread "Reference Handler" daemon [_thread_blocked, id=24116, stack(0x0000006dd6000000,0x0000006dd6100000)]
  0x000001f5b3b586e0 JavaThread "Finalizer" daemon [_thread_blocked, id=2892, stack(0x0000006dd6100000,0x0000006dd6200000)]
  0x000001f5b45008b0 JavaThread "Signal Dispatcher" daemon [_thread_blocked, id=24500, stack(0x0000006dd6200000,0x0000006dd6300000)]
  0x000001f5b4501170 JavaThread "Attach Listener" daemon [_thread_blocked, id=10292, stack(0x0000006dd6300000,0x0000006dd6400000)]
  0x000001f5b4502240 JavaThread "Service Thread" daemon [_thread_blocked, id=19724, stack(0x0000006dd6400000,0x0000006dd6500000)]
  0x000001f5b4504b10 JavaThread "Monitor Deflation Thread" daemon [_thread_blocked, id=18212, stack(0x0000006dd6500000,0x0000006dd6600000)]
  0x000001f5b4509c10 JavaThread "C2 CompilerThread0" daemon [_thread_blocked, id=12064, stack(0x0000006dd6600000,0x0000006dd6700000)]
  0x000001f5b452a520 JavaThread "C1 CompilerThread0" daemon [_thread_blocked, id=2184, stack(0x0000006dd6700000,0x0000006dd6800000)]
  0x000001f5b453d5f0 JavaThread "Sweeper thread" daemon [_thread_blocked, id=15780, stack(0x0000006dd6800000,0x0000006dd6900000)]
  0x000001f5b4657300 JavaThread "C1 CompilerThread1" daemon [_thread_blocked, id=22880, stack(0x0000006dd6900000,0x0000006dd6a00000)]
  0x000001f5b4658020 JavaThread "Notification Thread" daemon [_thread_blocked, id=13904, stack(0x0000006dd6a00000,0x0000006dd6b00000)]
  0x000001f5b4665e90 JavaThread "Common-Cleaner" daemon [_thread_blocked, id=18740, stack(0x0000006dd6c00000,0x0000006dd6d00000)]
  0x000001f58e5bff70 JavaThread "DestroyJavaVM" [_thread_blocked, id=9912, stack(0x0000006dd5900000,0x0000006dd5a00000)]
  0x000001f5b474fc40 JavaThread "Java2D Disposer" daemon [_thread_blocked, id=13528, stack(0x0000006dd6e00000,0x0000006dd6f00000)]
  0x000001f5b474f2a0 JavaThread "AWT-Shutdown" [_thread_blocked, id=24036, stack(0x0000006dd7000000,0x0000006dd7100000)]
  0x000001f5b4750110 JavaThread "AWT-Windows" daemon [_thread_in_native, id=15440, stack(0x0000006dd7100000,0x0000006dd7200000)]
  0x000001f5b474edd0 JavaThread "AWT-EventQueue-0" [_thread_blocked, id=5836, stack(0x0000006dd7e00000,0x0000006dd7f00000)]
=>0x000001f5b474d5c0 JavaThread "Thread-2" [_thread_in_Java, id=2784, stack(0x0000006dd7f00000,0x0000006dd8000000)]
  0x000001f5b474f770 JavaThread "Thread-1" [_thread_in_Java, id=12964, stack(0x0000006dd8000000,0x0000006dd8100000)]
  0x000001f5b474d0f0 JavaThread "D3D Screen Updater" daemon [_thread_blocked, id=10196, stack(0x0000006dd6d00000,0x0000006dd6e00000)]
  0x000001f5b5051a10 JavaThread "C2 CompilerThread1" daemon [_thread_blocked, id=9492, stack(0x0000006dd6f00000,0x0000006dd7000000)]
  0x000001f5b5051f20 JavaThread "C2 CompilerThread2" daemon [_thread_blocked, id=24396, stack(0x0000006dd8100000,0x0000006dd8200000)]
  0x000001f5b50a75d0 JavaThread "C2 CompilerThread3" daemon [_thread_blocked, id=9816, stack(0x0000006dd8200000,0x0000006dd8300000)]
  0x000001f5b50a7ae0 JavaThread "C2 CompilerThread4" daemon [_thread_blocked, id=20276, stack(0x0000006dd8300000,0x0000006dd8400000)]
  0x000001f5b474da90 JavaThread "Thread-3" [_thread_in_Java, id=19692, stack(0x0000006dd8400000,0x0000006dd8500000)]

Other Threads:
  0x000001f5b3b4ed30 VMThread "VM Thread" [stack: 0x0000006dd5f00000,0x0000006dd6000000] [id=22368]
  0x000001f5b465dd70 WatcherThread [stack: 0x0000006dd6b00000,0x0000006dd6c00000] [id=10752]
  0x000001f58e60cfb0 GCTaskThread "GC Thread#0" [stack: 0x0000006dd5a00000,0x0000006dd5b00000] [id=23196]
  0x000001f5b547c070 GCTaskThread "GC Thread#1" [stack: 0x0000006dd8500000,0x0000006dd8600000] [id=15612]
  0x000001f5b52335e0 GCTaskThread "GC Thread#2" [stack: 0x0000006dd8600000,0x0000006dd8700000] [id=9628]
  0x000001f5b542efd0 GCTaskThread "GC Thread#3" [stack: 0x0000006dd8700000,0x0000006dd8800000] [id=6416]
  0x000001f5b542f280 GCTaskThread "GC Thread#4" [stack: 0x0000006dd8800000,0x0000006dd8900000] [id=21232]
  0x000001f5b506e9f0 GCTaskThread "GC Thread#5" [stack: 0x0000006dd8900000,0x0000006dd8a00000] [id=7256]
  0x000001f5b5126f60 GCTaskThread "GC Thread#6" [stack: 0x0000006dd8a00000,0x0000006dd8b00000] [id=23508]
  0x000001f5b51287e0 GCTaskThread "GC Thread#7" [stack: 0x0000006dd8b00000,0x0000006dd8c00000] [id=14248]
  0x000001f5b5128a90 GCTaskThread "GC Thread#8" [stack: 0x0000006dd8c00000,0x0000006dd8d00000] [id=3440]
  0x000001f5b5128d40 GCTaskThread "GC Thread#9" [stack: 0x0000006dd8d00000,0x0000006dd8e00000] [id=10108]
  0x000001f5b5128280 GCTaskThread "GC Thread#10" [stack: 0x0000006dd8e00000,0x0000006dd8f00000] [id=10432]
  0x000001f5b5127260 GCTaskThread "GC Thread#11" [stack: 0x0000006dd8f00000,0x0000006dd9000000] [id=20492]
  0x000001f58e61d490 ConcurrentGCThread "G1 Main Marker" [stack: 0x0000006dd5b00000,0x0000006dd5c00000] [id=1476]
  0x000001f58e622480 ConcurrentGCThread "G1 Conc#0" [stack: 0x0000006dd5c00000,0x0000006dd5d00000] [id=23388]
  0x000001f5b3a0a530 ConcurrentGCThread "G1 Refine#0" [stack: 0x0000006dd5d00000,0x0000006dd5e00000] [id=20676]
  0x000001f5b3a0bc10 ConcurrentGCThread "G1 Service" [stack: 0x0000006dd5e00000,0x0000006dd5f00000] [id=15992]

Threads with active compile tasks:

VM state: not at safepoint (normal execution)

VM Mutex/Monitor currently owned by a thread: None

Heap address: 0x0000000709600000, size: 3946 MB, Compressed Oops mode: Zero based, Oop shift amount: 3

CDS archive(s) mapped at: [0x0000000800000000-0x0000000800bc0000-0x0000000800bc0000), size 12320768, SharedBaseAddress: 0x0000000800000000, ArchiveRelocationMode: 0.
Compressed class space mapped at: 0x0000000800c00000-0x0000000840c00000, reserved size: 1073741824
Narrow klass base: 0x0000000800000000, Narrow klass shift: 0, Narrow klass range: 0x100000000

GC Precious Log:
 CPUs: 16 total, 16 available
 Memory: 15776M
 Large Page Support: Disabled
 NUMA Support: Disabled
 Compressed Oops: Enabled (Zero based)
 Heap Region Size: 2M
 Heap Min Capacity: 8M
 Heap Initial Capacity: 248M
 Heap Max Capacity: 3946M
 Pre-touch: Disabled
 Parallel Workers: 13
 Concurrent Workers: 3
 Concurrent Refinement Workers: 13
 Periodic GC: Disabled

Heap:
 garbage-first heap   total 253952K, used 9744K [0x0000000709600000, 0x0000000800000000)
  region size 2048K, 3 young (6144K), 2 survivors (4096K)
 Metaspace       used 6972K, committed 7168K, reserved 1056768K
  class space    used 751K, committed 832K, reserved 1048576K

Heap Regions: E=young(eden), S=young(survivor), O=old, HS=humongous(starts), HC=humongous(continues), CS=collection set, F=free, OA=open archive, CA=closed archive, TAMS=top-at-mark-start (previous, next)
|   0|0x0000000709600000, 0x0000000709800000, 0x0000000709800000|100%|HS|  |TAMS 0x0000000709600000, 0x0000000709600000| Complete 
|   1|0x0000000709800000, 0x0000000709a00000, 0x0000000709a00000|100%|HC|  |TAMS 0x0000000709800000, 0x0000000709800000| Complete 
|   2|0x0000000709a00000, 0x0000000709b84200, 0x0000000709c00000| 75%| O|  |TAMS 0x0000000709a00000, 0x0000000709a00000| Untracked 
|   3|0x0000000709c00000, 0x0000000709c00000, 0x0000000709e00000|  0%| F|  |TAMS 0x0000000709c00000, 0x0000000709c00000| Untracked 
|   4|0x0000000709e00000, 0x0000000709e00000, 0x000000070a000000|  0%| F|  |TAMS 0x0000000709e00000, 0x0000000709e00000| Untracked 
|   5|0x000000070a000000, 0x000000070a000000, 0x000000070a200000|  0%| F|  |TAMS 0x000000070a000000, 0x000000070a000000| Untracked 
|   6|0x000000070a200000, 0x000000070a200000, 0x000000070a400000|  0%| F|  |TAMS 0x000000070a200000, 0x000000070a200000| Untracked 
|   7|0x000000070a400000, 0x000000070a400000, 0x000000070a600000|  0%| F|  |TAMS 0x000000070a400000, 0x000000070a400000| Untracked 
|   8|0x000000070a600000, 0x000000070a600000, 0x000000070a800000|  0%| F|  |TAMS 0x000000070a600000, 0x000000070a600000| Untracked 
|   9|0x000000070a800000, 0x000000070a800000, 0x000000070aa00000|  0%| F|  |TAMS 0x000000070a800000, 0x000000070a800000| Untracked 
|  10|0x000000070aa00000, 0x000000070aa00000, 0x000000070ac00000|  0%| F|  |TAMS 0x000000070aa00000, 0x000000070aa00000| Untracked 
|  11|0x000000070ac00000, 0x000000070ac00000, 0x000000070ae00000|  0%| F|  |TAMS 0x000000070ac00000, 0x000000070ac00000| Untracked 
|  12|0x000000070ae00000, 0x000000070ae00000, 0x000000070b000000|  0%| F|  |TAMS 0x000000070ae00000, 0x000000070ae00000| Untracked 
|  13|0x000000070b000000, 0x000000070b000000, 0x000000070b200000|  0%| F|  |TAMS 0x000000070b000000, 0x000000070b000000| Untracked 
|  14|0x000000070b200000, 0x000000070b200000, 0x000000070b400000|  0%| F|  |TAMS 0x000000070b200000, 0x000000070b200000| Untracked 
|  15|0x000000070b400000, 0x000000070b400000, 0x000000070b600000|  0%| F|  |TAMS 0x000000070b400000, 0x000000070b400000| Untracked 
|  16|0x000000070b600000, 0x000000070b600000, 0x000000070b800000|  0%| F|  |TAMS 0x000000070b600000, 0x000000070b600000| Untracked 
|  17|0x000000070b800000, 0x000000070b800000, 0x000000070ba00000|  0%| F|  |TAMS 0x000000070b800000, 0x000000070b800000| Untracked 
|  18|0x000000070ba00000, 0x000000070ba00000, 0x000000070bc00000|  0%| F|  |TAMS 0x000000070ba00000, 0x000000070ba00000| Untracked 
|  19|0x000000070bc00000, 0x000000070bc00000, 0x000000070be00000|  0%| F|  |TAMS 0x000000070bc00000, 0x000000070bc00000| Untracked 
|  20|0x000000070be00000, 0x000000070be00000, 0x000000070c000000|  0%| F|  |TAMS 0x000000070be00000, 0x000000070be00000| Untracked 
|  21|0x000000070c000000, 0x000000070c000000, 0x000000070c200000|  0%| F|  |TAMS 0x000000070c000000, 0x000000070c000000| Untracked 
|  22|0x000000070c200000, 0x000000070c200000, 0x000000070c400000|  0%| F|  |TAMS 0x000000070c200000, 0x000000070c200000| Untracked 
|  23|0x000000070c400000, 0x000000070c400000, 0x000000070c600000|  0%| F|  |TAMS 0x000000070c400000, 0x000000070c400000| Untracked 
|  24|0x000000070c600000, 0x000000070c600000, 0x000000070c800000|  0%| F|  |TAMS 0x000000070c600000, 0x000000070c600000| Untracked 
|  25|0x000000070c800000, 0x000000070c800000, 0x000000070ca00000|  0%| F|  |TAMS 0x000000070c800000, 0x000000070c800000| Untracked 
|  26|0x000000070ca00000, 0x000000070ca00000, 0x000000070cc00000|  0%| F|  |TAMS 0x000000070ca00000, 0x000000070ca00000| Untracked 
|  27|0x000000070cc00000, 0x000000070cc00000, 0x000000070ce00000|  0%| F|  |TAMS 0x000000070cc00000, 0x000000070cc00000| Untracked 
|  28|0x000000070ce00000, 0x000000070ce00000, 0x000000070d000000|  0%| F|  |TAMS 0x000000070ce00000, 0x000000070ce00000| Untracked 
|  29|0x000000070d000000, 0x000000070d000000, 0x000000070d200000|  0%| F|  |TAMS 0x000000070d000000, 0x000000070d000000| Untracked 
|  30|0x000000070d200000, 0x000000070d200000, 0x000000070d400000|  0%| F|  |TAMS 0x000000070d200000, 0x000000070d200000| Untracked 
|  31|0x000000070d400000, 0x000000070d400000, 0x000000070d600000|  0%| F|  |TAMS 0x000000070d400000, 0x000000070d400000| Untracked 
|  32|0x000000070d600000, 0x000000070d600000, 0x000000070d800000|  0%| F|  |TAMS 0x000000070d600000, 0x000000070d600000| Untracked 
|  33|0x000000070d800000, 0x000000070d800000, 0x000000070da00000|  0%| F|  |TAMS 0x000000070d800000, 0x000000070d800000| Untracked 
|  34|0x000000070da00000, 0x000000070da00000, 0x000000070dc00000|  0%| F|  |TAMS 0x000000070da00000, 0x000000070da00000| Untracked 
|  35|0x000000070dc00000, 0x000000070dc00000, 0x000000070de00000|  0%| F|  |TAMS 0x000000070dc00000, 0x000000070dc00000| Untracked 
|  36|0x000000070de00000, 0x000000070de00000, 0x000000070e000000|  0%| F|  |TAMS 0x000000070de00000, 0x000000070de00000| Untracked 
|  37|0x000000070e000000, 0x000000070e000000, 0x000000070e200000|  0%| F|  |TAMS 0x000000070e000000, 0x000000070e000000| Untracked 
|  38|0x000000070e200000, 0x000000070e200000, 0x000000070e400000|  0%| F|  |TAMS 0x000000070e200000, 0x000000070e200000| Untracked 
|  39|0x000000070e400000, 0x000000070e400000, 0x000000070e600000|  0%| F|  |TAMS 0x000000070e400000, 0x000000070e400000| Untracked 
|  40|0x000000070e600000, 0x000000070e600000, 0x000000070e800000|  0%| F|  |TAMS 0x000000070e600000, 0x000000070e600000| Untracked 
|  41|0x000000070e800000, 0x000000070e800000, 0x000000070ea00000|  0%| F|  |TAMS 0x000000070e800000, 0x000000070e800000| Untracked 
|  42|0x000000070ea00000, 0x000000070ea00000, 0x000000070ec00000|  0%| F|  |TAMS 0x000000070ea00000, 0x000000070ea00000| Untracked 
|  43|0x000000070ec00000, 0x000000070ec00000, 0x000000070ee00000|  0%| F|  |TAMS 0x000000070ec00000, 0x000000070ec00000| Untracked 
|  44|0x000000070ee00000, 0x000000070ee00000, 0x000000070f000000|  0%| F|  |TAMS 0x000000070ee00000, 0x000000070ee00000| Untracked 
|  45|0x000000070f000000, 0x000000070f000000, 0x000000070f200000|  0%| F|  |TAMS 0x000000070f000000, 0x000000070f000000| Untracked 
|  46|0x000000070f200000, 0x000000070f200000, 0x000000070f400000|  0%| F|  |TAMS 0x000000070f200000, 0x000000070f200000| Untracked 
|  47|0x000000070f400000, 0x000000070f400000, 0x000000070f600000|  0%| F|  |TAMS 0x000000070f400000, 0x000000070f400000| Untracked 
|  48|0x000000070f600000, 0x000000070f600000, 0x000000070f800000|  0%| F|  |TAMS 0x000000070f600000, 0x000000070f600000| Untracked 
|  49|0x000000070f800000, 0x000000070f800000, 0x000000070fa00000|  0%| F|  |TAMS 0x000000070f800000, 0x000000070f800000| Untracked 
|  50|0x000000070fa00000, 0x000000070fa00000, 0x000000070fc00000|  0%| F|  |TAMS 0x000000070fa00000, 0x000000070fa00000| Untracked 
|  51|0x000000070fc00000, 0x000000070fc00000, 0x000000070fe00000|  0%| F|  |TAMS 0x000000070fc00000, 0x000000070fc00000| Untracked 
|  52|0x000000070fe00000, 0x000000070fe00000, 0x0000000710000000|  0%| F|  |TAMS 0x000000070fe00000, 0x000000070fe00000| Untracked 
|  53|0x0000000710000000, 0x0000000710000000, 0x0000000710200000|  0%| F|  |TAMS 0x0000000710000000, 0x0000000710000000| Untracked 
|  54|0x0000000710200000, 0x0000000710200000, 0x0000000710400000|  0%| F|  |TAMS 0x0000000710200000, 0x0000000710200000| Untracked 
|  55|0x0000000710400000, 0x0000000710400000, 0x0000000710600000|  0%| F|  |TAMS 0x0000000710400000, 0x0000000710400000| Untracked 
|  56|0x0000000710600000, 0x0000000710600000, 0x0000000710800000|  0%| F|  |TAMS 0x0000000710600000, 0x0000000710600000| Untracked 
|  57|0x0000000710800000, 0x0000000710800000, 0x0000000710a00000|  0%| F|  |TAMS 0x0000000710800000, 0x0000000710800000| Untracked 
|  58|0x0000000710a00000, 0x0000000710a00000, 0x0000000710c00000|  0%| F|  |TAMS 0x0000000710a00000, 0x0000000710a00000| Untracked 
|  59|0x0000000710c00000, 0x0000000710c00000, 0x0000000710e00000|  0%| F|  |TAMS 0x0000000710c00000, 0x0000000710c00000| Untracked 
|  60|0x0000000710e00000, 0x0000000710e00000, 0x0000000711000000|  0%| F|  |TAMS 0x0000000710e00000, 0x0000000710e00000| Untracked 
|  61|0x0000000711000000, 0x0000000711000000, 0x0000000711200000|  0%| F|  |TAMS 0x0000000711000000, 0x0000000711000000| Untracked 
|  62|0x0000000711200000, 0x0000000711200000, 0x0000000711400000|  0%| F|  |TAMS 0x0000000711200000, 0x0000000711200000| Untracked 
|  63|0x0000000711400000, 0x0000000711400000, 0x0000000711600000|  0%| F|  |TAMS 0x0000000711400000, 0x0000000711400000| Untracked 
|  64|0x0000000711600000, 0x0000000711600000, 0x0000000711800000|  0%| F|  |TAMS 0x0000000711600000, 0x0000000711600000| Untracked 
|  65|0x0000000711800000, 0x0000000711800000, 0x0000000711a00000|  0%| F|  |TAMS 0x0000000711800000, 0x0000000711800000| Untracked 
|  66|0x0000000711a00000, 0x0000000711a00000, 0x0000000711c00000|  0%| F|  |TAMS 0x0000000711a00000, 0x0000000711a00000| Untracked 
|  67|0x0000000711c00000, 0x0000000711c00000, 0x0000000711e00000|  0%| F|  |TAMS 0x0000000711c00000, 0x0000000711c00000| Untracked 
|  68|0x0000000711e00000, 0x0000000711e00000, 0x0000000712000000|  0%| F|  |TAMS 0x0000000711e00000, 0x0000000711e00000| Untracked 
|  69|0x0000000712000000, 0x0000000712000000, 0x0000000712200000|  0%| F|  |TAMS 0x0000000712000000, 0x0000000712000000| Untracked 
|  70|0x0000000712200000, 0x0000000712200000, 0x0000000712400000|  0%| F|  |TAMS 0x0000000712200000, 0x0000000712200000| Untracked 
|  71|0x0000000712400000, 0x0000000712400000, 0x0000000712600000|  0%| F|  |TAMS 0x0000000712400000, 0x0000000712400000| Untracked 
|  72|0x0000000712600000, 0x0000000712600000, 0x0000000712800000|  0%| F|  |TAMS 0x0000000712600000, 0x0000000712600000| Untracked 
|  73|0x0000000712800000, 0x0000000712800000, 0x0000000712a00000|  0%| F|  |TAMS 0x0000000712800000, 0x0000000712800000| Untracked 
|  74|0x0000000712a00000, 0x0000000712a00000, 0x0000000712c00000|  0%| F|  |TAMS 0x0000000712a00000, 0x0000000712a00000| Untracked 
|  75|0x0000000712c00000, 0x0000000712c00000, 0x0000000712e00000|  0%| F|  |TAMS 0x0000000712c00000, 0x0000000712c00000| Untracked 
|  76|0x0000000712e00000, 0x0000000712e00000, 0x0000000713000000|  0%| F|  |TAMS 0x0000000712e00000, 0x0000000712e00000| Untracked 
|  77|0x0000000713000000, 0x0000000713000000, 0x0000000713200000|  0%| F|  |TAMS 0x0000000713000000, 0x0000000713000000| Untracked 
|  78|0x0000000713200000, 0x0000000713200000, 0x0000000713400000|  0%| F|  |TAMS 0x0000000713200000, 0x0000000713200000| Untracked 
|  79|0x0000000713400000, 0x0000000713400000, 0x0000000713600000|  0%| F|  |TAMS 0x0000000713400000, 0x0000000713400000| Untracked 
|  80|0x0000000713600000, 0x0000000713600000, 0x0000000713800000|  0%| F|  |TAMS 0x0000000713600000, 0x0000000713600000| Untracked 
|  81|0x0000000713800000, 0x0000000713800000, 0x0000000713a00000|  0%| F|  |TAMS 0x0000000713800000, 0x0000000713800000| Untracked 
|  82|0x0000000713a00000, 0x0000000713a00000, 0x0000000713c00000|  0%| F|  |TAMS 0x0000000713a00000, 0x0000000713a00000| Untracked 
|  83|0x0000000713c00000, 0x0000000713c00000, 0x0000000713e00000|  0%| F|  |TAMS 0x0000000713c00000, 0x0000000713c00000| Untracked 
|  84|0x0000000713e00000, 0x0000000713e00000, 0x0000000714000000|  0%| F|  |TAMS 0x0000000713e00000, 0x0000000713e00000| Untracked 
|  85|0x0000000714000000, 0x0000000714000000, 0x0000000714200000|  0%| F|  |TAMS 0x0000000714000000, 0x0000000714000000| Untracked 
|  86|0x0000000714200000, 0x0000000714200000, 0x0000000714400000|  0%| F|  |TAMS 0x0000000714200000, 0x0000000714200000| Untracked 
|  87|0x0000000714400000, 0x0000000714400000, 0x0000000714600000|  0%| F|  |TAMS 0x0000000714400000, 0x0000000714400000| Untracked 
|  88|0x0000000714600000, 0x0000000714600000, 0x0000000714800000|  0%| F|  |TAMS 0x0000000714600000, 0x0000000714600000| Untracked 
|  89|0x0000000714800000, 0x0000000714800000, 0x0000000714a00000|  0%| F|  |TAMS 0x0000000714800000, 0x0000000714800000| Untracked 
|  90|0x0000000714a00000, 0x0000000714a00000, 0x0000000714c00000|  0%| F|  |TAMS 0x0000000714a00000, 0x0000000714a00000| Untracked 
|  91|0x0000000714c00000, 0x0000000714c00000, 0x0000000714e00000|  0%| F|  |TAMS 0x0000000714c00000, 0x0000000714c00000| Untracked 
|  92|0x0000000714e00000, 0x0000000714e00000, 0x0000000715000000|  0%| F|  |TAMS 0x0000000714e00000, 0x0000000714e00000| Untracked 
|  93|0x0000000715000000, 0x0000000715000000, 0x0000000715200000|  0%| F|  |TAMS 0x0000000715000000, 0x0000000715000000| Untracked 
|  94|0x0000000715200000, 0x0000000715200000, 0x0000000715400000|  0%| F|  |TAMS 0x0000000715200000, 0x0000000715200000| Untracked 
|  95|0x0000000715400000, 0x0000000715400000, 0x0000000715600000|  0%| F|  |TAMS 0x0000000715400000, 0x0000000715400000| Untracked 
|  96|0x0000000715600000, 0x0000000715600000, 0x0000000715800000|  0%| F|  |TAMS 0x0000000715600000, 0x0000000715600000| Untracked 
|  97|0x0000000715800000, 0x0000000715800000, 0x0000000715a00000|  0%| F|  |TAMS 0x0000000715800000, 0x0000000715800000| Untracked 
|  98|0x0000000715a00000, 0x0000000715a00000, 0x0000000715c00000|  0%| F|  |TAMS 0x0000000715a00000, 0x0000000715a00000| Untracked 
|  99|0x0000000715c00000, 0x0000000715c00000, 0x0000000715e00000|  0%| F|  |TAMS 0x0000000715c00000, 0x0000000715c00000| Untracked 
| 100|0x0000000715e00000, 0x0000000715e00000, 0x0000000716000000|  0%| F|  |TAMS 0x0000000715e00000, 0x0000000715e00000| Untracked 
| 101|0x0000000716000000, 0x0000000716000000, 0x0000000716200000|  0%| F|  |TAMS 0x0000000716000000, 0x0000000716000000| Untracked 
| 102|0x0000000716200000, 0x0000000716200000, 0x0000000716400000|  0%| F|  |TAMS 0x0000000716200000, 0x0000000716200000| Untracked 
| 103|0x0000000716400000, 0x0000000716400000, 0x0000000716600000|  0%| F|  |TAMS 0x0000000716400000, 0x0000000716400000| Untracked 
| 104|0x0000000716600000, 0x0000000716600000, 0x0000000716800000|  0%| F|  |TAMS 0x0000000716600000, 0x0000000716600000| Untracked 
| 105|0x0000000716800000, 0x0000000716800000, 0x0000000716a00000|  0%| F|  |TAMS 0x0000000716800000, 0x0000000716800000| Untracked 
| 106|0x0000000716a00000, 0x0000000716a00000, 0x0000000716c00000|  0%| F|  |TAMS 0x0000000716a00000, 0x0000000716a00000| Untracked 
| 107|0x0000000716c00000, 0x0000000716c00000, 0x0000000716e00000|  0%| F|  |TAMS 0x0000000716c00000, 0x0000000716c00000| Untracked 
| 108|0x0000000716e00000, 0x0000000716e00000, 0x0000000717000000|  0%| F|  |TAMS 0x0000000716e00000, 0x0000000716e00000| Untracked 
| 109|0x0000000717000000, 0x0000000717000000, 0x0000000717200000|  0%| F|  |TAMS 0x0000000717000000, 0x0000000717000000| Untracked 
| 110|0x0000000717200000, 0x0000000717200000, 0x0000000717400000|  0%| F|  |TAMS 0x0000000717200000, 0x0000000717200000| Untracked 
| 111|0x0000000717400000, 0x0000000717600000, 0x0000000717600000|100%| S|CS|TAMS 0x0000000717400000, 0x0000000717400000| Complete 
| 112|0x0000000717600000, 0x0000000717800000, 0x0000000717800000|100%| S|CS|TAMS 0x0000000717600000, 0x0000000717600000| Complete 
| 113|0x0000000717800000, 0x0000000717800000, 0x0000000717a00000|  0%| F|  |TAMS 0x0000000717800000, 0x0000000717800000| Untracked 
| 114|0x0000000717a00000, 0x0000000717a00000, 0x0000000717c00000|  0%| F|  |TAMS 0x0000000717a00000, 0x0000000717a00000| Untracked 
| 115|0x0000000717c00000, 0x0000000717c00000, 0x0000000717e00000|  0%| F|  |TAMS 0x0000000717c00000, 0x0000000717c00000| Untracked 
| 116|0x0000000717e00000, 0x0000000717e00000, 0x0000000718000000|  0%| F|  |TAMS 0x0000000717e00000, 0x0000000717e00000| Untracked 
| 117|0x0000000718000000, 0x0000000718000000, 0x0000000718200000|  0%| F|  |TAMS 0x0000000718000000, 0x0000000718000000| Untracked 
| 118|0x0000000718200000, 0x0000000718200000, 0x0000000718400000|  0%| F|  |TAMS 0x0000000718200000, 0x0000000718200000| Untracked 
| 119|0x0000000718400000, 0x0000000718400000, 0x0000000718600000|  0%| F|  |TAMS 0x0000000718400000, 0x0000000718400000| Untracked 
| 120|0x0000000718600000, 0x0000000718600000, 0x0000000718800000|  0%| F|  |TAMS 0x0000000718600000, 0x0000000718600000| Untracked 
| 121|0x0000000718800000, 0x0000000718800000, 0x0000000718a00000|  0%| F|  |TAMS 0x0000000718800000, 0x0000000718800000| Untracked 
| 122|0x0000000718a00000, 0x0000000718a00000, 0x0000000718c00000|  0%| F|  |TAMS 0x0000000718a00000, 0x0000000718a00000| Untracked 
| 123|0x0000000718c00000, 0x0000000718e00000, 0x0000000718e00000|100%| E|  |TAMS 0x0000000718c00000, 0x0000000718c00000| Complete 

Card table byte_map: [0x000001f5a8000000,0x000001f5a87c0000] _byte_map_base: 0x000001f5a47b5000

Marking Bits (Prev, Next): (CMBitMap*) 0x000001f58e60d4d0, (CMBitMap*) 0x000001f58e60d510
 Prev Bits: [0x000001f5a8f80000, 0x000001f5acd28000)
 Next Bits: [0x000001f5acd30000, 0x000001f5b0ad8000)

Polling page: 0x000001f58e6a0000

Metaspace:

Usage:
  Non-class:      6.08 MB used.
      Class:    751.91 KB used.
       Both:      6.81 MB used.

Virtual space:
  Non-class space:        8.00 MB reserved,       6.19 MB ( 77%) committed,  1 nodes.
      Class space:        1.00 GB reserved,     832.00 KB ( <1%) committed,  1 nodes.
             Both:        1.01 GB reserved,       7.00 MB ( <1%) committed. 

Chunk freelists:
   Non-Class:  912.00 KB
       Class:  3.22 MB
        Both:  4.12 MB

MaxMetaspaceSize: unlimited
CompressedClassSpaceSize: 1.00 GB
Initial GC threshold: 21.00 MB
Current GC threshold: 21.00 MB
CDS: on
MetaspaceReclaimPolicy: balanced
 - commit_granule_bytes: 65536.
 - commit_granule_words: 8192.
 - virtual_space_node_default_size: 1048576.
 - enlarge_chunks_in_place: 1.
 - new_chunks_are_fully_committed: 0.
 - uncommit_free_chunks: 1.
 - use_allocation_guard: 0.
 - handle_deallocations: 1.


Internal statistics:

num_allocs_failed_limit: 0.
num_arena_births: 128.
num_arena_deaths: 0.
num_vsnodes_births: 2.
num_vsnodes_deaths: 0.
num_space_committed: 112.
num_space_uncommitted: 0.
num_chunks_returned_to_freelist: 0.
num_chunks_taken_from_freelist: 178.
num_chunk_merges: 0.
num_chunk_splits: 106.
num_chunks_enlarged: 52.
num_purges: 0.
num_inconsistent_stats: 0.

CodeHeap 'non-profiled nmethods': size=119168Kb used=449Kb max_used=449Kb free=118718Kb
 bounds [0x000001f59f420000, 0x000001f59f690000, 0x000001f5a6880000]
CodeHeap 'profiled nmethods': size=119104Kb used=1579Kb max_used=1579Kb free=117524Kb
 bounds [0x000001f597fd0000, 0x000001f598240000, 0x000001f59f420000]
CodeHeap 'non-nmethods': size=7488Kb used=1821Kb max_used=1848Kb free=5666Kb
 bounds [0x000001f597880000, 0x000001f597af0000, 0x000001f597fd0000]
 total_blobs=1722 nmethods=1143 adapters=491
 compilation: enabled
              stopped_count=0, restarted_count=0
 full_count=0

Compilation events (20 events):
Event: 1.139 Thread 0x000001f5b5051a10 1122       4       summit.gfx.Renderer::rotate (62 bytes)
Event: 1.148 Thread 0x000001f5b4657300 1123       1       summit.game.entity.Entity::inWater (5 bytes)
Event: 1.148 Thread 0x000001f5b452a520 1124       1       summit.game.GameUpdateEvent::getDeltaTime (5 bytes)
Event: 1.148 Thread 0x000001f5b5051a10 nmethod 1122 0x000001f59f489090 code [0x000001f59f489220, 0x000001f59f489798]
Event: 1.148 Thread 0x000001f5b4657300 nmethod 1123 0x000001f59f489a90 code [0x000001f59f489c20, 0x000001f59f489cf8]
Event: 1.148 Thread 0x000001f5b452a520 nmethod 1124 0x000001f59f489d90 code [0x000001f59f489f20, 0x000001f59f489ff8]
Event: 1.153 Thread 0x000001f5b5051f20 1125 %     4       summit.gfx.Renderer::filterFrame @ 10 (57 bytes)
Event: 1.160 Thread 0x000001f5b5051f20 nmethod 1125% 0x000001f59f48a090 code [0x000001f59f48a220, 0x000001f59f48a7b8]
Event: 1.160 Thread 0x000001f5b4657300 1126       3       summit.game.tile.WaterTile::paint (40 bytes)
Event: 1.161 Thread 0x000001f5b4657300 nmethod 1126 0x000001f598155e10 code [0x000001f598156020, 0x000001f598156508]
Event: 1.175 Thread 0x000001f5b452a520 1128       3       java.lang.ref.Reference::enqueueFromPending (19 bytes)
Event: 1.175 Thread 0x000001f5b4657300 1129   !   3       java.lang.ref.ReferenceQueue::enqueue (119 bytes)
Event: 1.175 Thread 0x000001f5b452a520 nmethod 1128 0x000001f598156690 code [0x000001f598156840, 0x000001f598156a68]
Event: 1.175 Thread 0x000001f5b452a520 1131       3       java.lang.ref.Reference::clear (5 bytes)
Event: 1.175 Thread 0x000001f5b4657300 nmethod 1129 0x000001f598156b10 code [0x000001f598156d00, 0x000001f598157408]
Event: 1.175 Thread 0x000001f5b452a520 nmethod 1131 0x000001f598157610 code [0x000001f5981577a0, 0x000001f5981578e8]
Event: 1.175 Thread 0x000001f5b452a520 1133 %     3       summit.gfx.Renderer::renderLight @ 64 (225 bytes)
Event: 1.176 Thread 0x000001f5b4509c10 nmethod 1116 0x000001f59f48b690 code [0x000001f59f48b8a0, 0x000001f59f48d638]
Event: 1.176 Thread 0x000001f5b452a520 nmethod 1133% 0x000001f598157990 code [0x000001f598157be0, 0x000001f598158738]
Event: 1.176 Thread 0x000001f5b5051a10 1134       4       summit.gfx.Renderer::filterFrame (57 bytes)

GC Heap History (2 events):
Event: 1.172 GC heap before
{Heap before GC invocations=0 (full 0):
 garbage-first heap   total 253952K, used 26624K [0x0000000709600000, 0x0000000800000000)
  region size 2048K, 11 young (22528K), 0 survivors (0K)
 Metaspace       used 6962K, committed 7104K, reserved 1056768K
  class space    used 751K, committed 832K, reserved 1048576K
}
Event: 1.175 GC heap after
{Heap after GC invocations=1 (full 0):
 garbage-first heap   total 253952K, used 9744K [0x0000000709600000, 0x0000000800000000)
  region size 2048K, 2 young (4096K), 2 survivors (4096K)
 Metaspace       used 6962K, committed 7104K, reserved 1056768K
  class space    used 751K, committed 832K, reserved 1048576K
}

Deoptimization events (20 events):
Event: 1.115 Thread 0x000001f5b474d5c0 DEOPT PACKING pc=0x000001f59f484628 sp=0x0000006dd7ffeed0
Event: 1.115 Thread 0x000001f5b474d5c0 DEOPT UNPACKING pc=0x000001f5978d23a3 sp=0x0000006dd7ffee50 mode 2
Event: 1.115 Thread 0x000001f5b474da90 DEOPT PACKING pc=0x000001f59814e4f9 sp=0x0000006dd84fef50
Event: 1.115 Thread 0x000001f5b474d5c0 Uncommon trap: trap_request=0xffffffbe fr.pc=0x000001f59f484628 relative=0x0000000000000a28
Event: 1.115 Thread 0x000001f5b474da90 DEOPT UNPACKING pc=0x000001f5978d2b43 sp=0x0000006dd84fe3f8 mode 0
Event: 1.115 Thread 0x000001f5b474d5c0 Uncommon trap: reason=profile_predicate action=maybe_recompile pc=0x000001f59f484628 method=summit.gfx.Renderer.render(Ljava/lang/String;FFILsummit/gfx/ColorFilter;)V @ 258 c2
Event: 1.115 Thread 0x000001f5b474d5c0 DEOPT PACKING pc=0x000001f59f484628 sp=0x0000006dd7ffeed0
Event: 1.115 Thread 0x000001f5b474d5c0 DEOPT UNPACKING pc=0x000001f5978d23a3 sp=0x0000006dd7ffee50 mode 2
Event: 1.115 Thread 0x000001f5b474d5c0 Uncommon trap: trap_request=0xffffffbe fr.pc=0x000001f59f484628 relative=0x0000000000000a28
Event: 1.115 Thread 0x000001f5b474d5c0 Uncommon trap: reason=profile_predicate action=maybe_recompile pc=0x000001f59f484628 method=summit.gfx.Renderer.render(Ljava/lang/String;FFILsummit/gfx/ColorFilter;)V @ 258 c2
Event: 1.115 Thread 0x000001f5b474d5c0 DEOPT PACKING pc=0x000001f59f484628 sp=0x0000006dd7ffeed0
Event: 1.115 Thread 0x000001f5b474d5c0 DEOPT UNPACKING pc=0x000001f5978d23a3 sp=0x0000006dd7ffee50 mode 2
Event: 1.116 Thread 0x000001f5b474da90 DEOPT PACKING pc=0x000001f59814e4f9 sp=0x0000006dd84fef50
Event: 1.116 Thread 0x000001f5b474da90 DEOPT UNPACKING pc=0x000001f5978d2b43 sp=0x0000006dd84fe3f8 mode 0
Event: 1.139 Thread 0x000001f5b474d5c0 DEOPT PACKING pc=0x000001f598153d1d sp=0x0000006dd7ffee10
Event: 1.139 Thread 0x000001f5b474d5c0 DEOPT UNPACKING pc=0x000001f5978d2b43 sp=0x0000006dd7ffe2a0 mode 0
Event: 1.143 Thread 0x000001f5b474d5c0 DEOPT PACKING pc=0x000001f598153d1d sp=0x0000006dd7ffed80
Event: 1.143 Thread 0x000001f5b474d5c0 DEOPT UNPACKING pc=0x000001f5978d2b43 sp=0x0000006dd7ffe210 mode 0
Event: 1.176 Thread 0x000001f5b474d5c0 DEOPT PACKING pc=0x000001f598155ae4 sp=0x0000006dd7fff0d0
Event: 1.176 Thread 0x000001f5b474d5c0 DEOPT UNPACKING pc=0x000001f5978d2b43 sp=0x0000006dd7ffe588 mode 0

Classes unloaded (0 events):
No events

Classes redefined (0 events):
No events

Internal exceptions (13 events):
Event: 0.053 Thread 0x000001f5b4670280 Exception <a 'java/lang/ClassNotFoundException'{0x0000000718a2c1c8}: sun/awt/resources/spi/awtProvider> (0x0000000718a2c1c8) 
thrown [e:\jenkins\tmp\workspace\build\src\src\hotspot\share\classfile\systemDictionary.cpp, line 256]
Event: 0.072 Thread 0x000001f5b4670280 Exception <a 'java/io/FileNotFoundException'{0x0000000718af5c78}> (0x0000000718af5c78) 
thrown [e:\jenkins\tmp\workspace\build\src\src\hotspot\share\prims\jni.cpp, line 516]
Event: 0.078 Thread 0x000001f5b4670280 Exception <a 'java/io/FileNotFoundException'{0x0000000718b22bd0}> (0x0000000718b22bd0) 
thrown [e:\jenkins\tmp\workspace\build\src\src\hotspot\share\prims\jni.cpp, line 516]
Event: 0.091 Thread 0x000001f5b4670280 Exception <a 'java/lang/NoSuchMethodError'{0x0000000718b585c0}: 'java.lang.Object java.lang.invoke.DirectMethodHandle$Holder.invokeStaticInit(java.lang.Object)'> (0x0000000718b585c0) 
thrown [e:\jenkins\tmp\workspace\build\src\src\hotspot\share\interpreter\linkResolver.cpp, line 766]
Event: 0.233 Thread 0x000001f5b4670280 Exception <a 'java/lang/NoSuchMethodError'{0x00000007186bce80}: 'void java.lang.invoke.DirectMethodHandle$Holder.invokeSpecial(java.lang.Object, java.lang.Object, java.lang.Object)'> (0x00000007186bce80) 
thrown [e:\jenkins\tmp\workspace\build\src\src\hotspot\share\interpreter\linkResolver.cpp, line 766]
Event: 0.239 Thread 0x000001f5b4670280 Exception <a 'java/lang/NoSuchMethodError'{0x00000007186e7388}: 'java.lang.Object java.lang.invoke.DirectMethodHandle$Holder.newInvokeSpecial(java.lang.Object, java.lang.Object, java.lang.Object, java.lang.Object, java.lang.Object)'> (0x00000007186e7388) 
thrown [e:\jenkins\tmp\workspace\build\src\src\hotspot\share\interpreter\linkResolver.cpp, line 766]
Event: 0.240 Thread 0x000001f5b4670280 Exception <a 'java/lang/NoSuchMethodError'{0x00000007186f2d50}: 'java.lang.Object java.lang.invoke.DirectMethodHandle$Holder.invokeStatic(java.lang.Object, int, java.lang.Object, java.lang.Object, java.lang.Object, java.lang.Object)'> (0x00000007186f2d50) 
thrown [e:\jenkins\tmp\workspace\build\src\src\hotspot\share\interpreter\linkResolver.cpp, line 766]
Event: 0.243 Thread 0x000001f5b4670280 Exception <a 'java/lang/NoSuchMethodError'{0x0000000718718470}: 'java.lang.Object java.lang.invoke.DirectMethodHandle$Holder.invokeStatic(java.lang.Object, int, java.lang.Object)'> (0x0000000718718470) 
thrown [e:\jenkins\tmp\workspace\build\src\src\hotspot\share\interpreter\linkResolver.cpp, line 766]
Event: 0.261 Thread 0x000001f5b4670280 Exception <a 'java/lang/ClassNotFoundException'{0x00000007187d0690}: com/sun/swing/internal/plaf/metal/resources/spi/metalProvider> (0x00000007187d0690) 
thrown [e:\jenkins\tmp\workspace\build\src\src\hotspot\share\classfile\systemDictionary.cpp, line 256]
Event: 0.262 Thread 0x000001f5b4670280 Exception <a 'java/lang/ClassNotFoundException'{0x00000007187d4568}: com/sun/swing/internal/plaf/basic/resources/spi/basicProvider> (0x00000007187d4568) 
thrown [e:\jenkins\tmp\workspace\build\src\src\hotspot\share\classfile\systemDictionary.cpp, line 256]
Event: 0.274 Thread 0x000001f5b4750110 Exception <a 'java/lang/NoSuchMethodError'{0x00000007189d4a78}: 'void java.lang.invoke.DirectMethodHandle$Holder.invokeVirtual(java.lang.Object, java.lang.Object)'> (0x00000007189d4a78) 
thrown [e:\jenkins\tmp\workspace\build\src\src\hotspot\share\interpreter\linkResolver.cpp, line 766]
Event: 0.285 Thread 0x000001f5b4670280 Exception <a 'java/lang/NoSuchMethodError'{0x0000000718483d18}: 'void java.lang.invoke.DirectMethodHandle$Holder.invokeStaticInit(java.lang.Object)'> (0x0000000718483d18) 
thrown [e:\jenkins\tmp\workspace\build\src\src\hotspot\share\interpreter\linkResolver.cpp, line 766]
Event: 1.078 Thread 0x000001f5b474edd0 Implicit null exception at 0x000001f59f477256 to 0x000001f59f477354

VM Operations (14 events):
Event: 0.040 Executing VM operation: HandshakeAllThreads
Event: 0.040 Executing VM operation: HandshakeAllThreads done
Event: 0.261 Executing VM operation: HandshakeAllThreads
Event: 0.261 Executing VM operation: HandshakeAllThreads done
Event: 0.301 Executing VM operation: HandshakeAllThreads
Event: 0.301 Executing VM operation: HandshakeAllThreads done
Event: 0.326 Executing VM operation: HandshakeAllThreads
Event: 0.326 Executing VM operation: HandshakeAllThreads done
Event: 1.064 Executing VM operation: HandshakeAllThreads
Event: 1.064 Executing VM operation: HandshakeAllThreads done
Event: 1.064 Executing VM operation: Cleanup
Event: 1.064 Executing VM operation: Cleanup done
Event: 1.172 Executing VM operation: G1CollectForAllocation
Event: 1.175 Executing VM operation: G1CollectForAllocation done

Events (20 events):
Event: 0.348 loading class javax/swing/text/JTextComponent
Event: 0.348 loading class javax/swing/Scrollable
Event: 0.348 loading class javax/swing/Scrollable done
Event: 0.348 loading class javax/swing/text/JTextComponent done
Event: 0.350 loading class java/awt/event/MouseWheelEvent
Event: 0.350 loading class java/awt/event/MouseWheelEvent done
Event: 0.356 loading class sun/awt/image/BufImgSurfaceManager
Event: 0.357 loading class sun/awt/image/BufImgSurfaceManager done
Event: 0.357 loading class sun/awt/image/BufImgSurfaceData
Event: 0.357 loading class sun/awt/image/BufImgSurfaceData done
Event: 0.357 loading class sun/awt/image/BufImgSurfaceData$ICMColorData
Event: 0.357 loading class sun/awt/image/BufImgSurfaceData$ICMColorData done
Event: 0.902 Thread 0x000001f5b4856050 Thread exited: 0x000001f5b4856050
Event: 1.062 loading class java/lang/Math$RandomNumberGeneratorHolder
Event: 1.062 loading class java/lang/Math$RandomNumberGeneratorHolder done
Event: 1.076 Thread 0x000001f5b5051a10 Thread added: 0x000001f5b5051a10
Event: 1.076 Thread 0x000001f5b5051f20 Thread added: 0x000001f5b5051f20
Event: 1.076 Thread 0x000001f5b50a75d0 Thread added: 0x000001f5b50a75d0
Event: 1.076 Thread 0x000001f5b50a7ae0 Thread added: 0x000001f5b50a7ae0
Event: 1.088 Thread 0x000001f5b474da90 Thread added: 0x000001f5b474da90


Dynamic libraries:
0x00007ff7039e0000 - 0x00007ff7039ee000 	C:\Users\aadiu\AppData\Local\Programs\Eclipse Adoptium\jdk-17.0.2.8-hotspot\bin\java.exe
0x00007ffb36970000 - 0x00007ffb36b68000 	C:\Windows\SYSTEM32\ntdll.dll
0x00007ffb352a0000 - 0x00007ffb3535f000 	C:\Windows\System32\KERNEL32.DLL
0x00007ffb34310000 - 0x00007ffb345e2000 	C:\Windows\System32\KERNELBASE.dll
0x00007ffb34110000 - 0x00007ffb34210000 	C:\Windows\System32\ucrtbase.dll
0x00007ffb25f60000 - 0x00007ffb25f78000 	C:\Users\aadiu\AppData\Local\Programs\Eclipse Adoptium\jdk-17.0.2.8-hotspot\bin\jli.dll
0x00007ffb1dfa0000 - 0x00007ffb1dfb9000 	C:\Users\aadiu\AppData\Local\Programs\Eclipse Adoptium\jdk-17.0.2.8-hotspot\bin\VCRUNTIME140.dll
0x00007ffb35530000 - 0x00007ffb356cd000 	C:\Windows\System32\USER32.dll
0x00007ffb34720000 - 0x00007ffb34742000 	C:\Windows\System32\win32u.dll
0x00007ffb20b10000 - 0x00007ffb20daa000 	C:\Windows\WinSxS\amd64_microsoft.windows.common-controls_6595b64144ccf1df_6.0.19041.1110_none_60b5254171f9507e\COMCTL32.dll
0x00007ffb35fa0000 - 0x00007ffb35fcb000 	C:\Windows\System32\GDI32.dll
0x00007ffb35f00000 - 0x00007ffb35f9e000 	C:\Windows\System32\msvcrt.dll
0x00007ffb34750000 - 0x00007ffb3485f000 	C:\Windows\System32\gdi32full.dll
0x00007ffb345f0000 - 0x00007ffb3468d000 	C:\Windows\System32\msvcp_win.dll
0x00007ffb356f0000 - 0x00007ffb35722000 	C:\Windows\System32\IMM32.DLL
0x00007ffb2a2a0000 - 0x00007ffb2a2ac000 	C:\Users\aadiu\AppData\Local\Programs\Eclipse Adoptium\jdk-17.0.2.8-hotspot\bin\vcruntime140_1.dll
0x00007ffafab00000 - 0x00007ffafab91000 	C:\Users\aadiu\AppData\Local\Programs\Eclipse Adoptium\jdk-17.0.2.8-hotspot\bin\msvcp140.dll
0x00007ffabf480000 - 0x00007ffac00c7000 	C:\Users\aadiu\AppData\Local\Programs\Eclipse Adoptium\jdk-17.0.2.8-hotspot\bin\server\jvm.dll
0x00007ffb34ec0000 - 0x00007ffb34f6e000 	C:\Windows\System32\ADVAPI32.dll
0x00007ffb35e60000 - 0x00007ffb35efc000 	C:\Windows\System32\sechost.dll
0x00007ffb35ba0000 - 0x00007ffb35cc5000 	C:\Windows\System32\RPCRT4.dll
0x00007ffb34eb0000 - 0x00007ffb34eb8000 	C:\Windows\System32\PSAPI.DLL
0x00007ffb1d990000 - 0x00007ffb1d999000 	C:\Windows\SYSTEM32\WSOCK32.dll
0x00007ffb31d40000 - 0x00007ffb31d67000 	C:\Windows\SYSTEM32\WINMM.dll
0x00007ffb2d720000 - 0x00007ffb2d72a000 	C:\Windows\SYSTEM32\VERSION.dll
0x00007ffb35160000 - 0x00007ffb351cb000 	C:\Windows\System32\WS2_32.dll
0x00007ffb31fa0000 - 0x00007ffb31fb2000 	C:\Windows\SYSTEM32\kernel.appcore.dll
0x00007ffb25f50000 - 0x00007ffb25f5a000 	C:\Users\aadiu\AppData\Local\Programs\Eclipse Adoptium\jdk-17.0.2.8-hotspot\bin\jimage.dll
0x00007ffb31b50000 - 0x00007ffb31d34000 	C:\Windows\SYSTEM32\DBGHELP.DLL
0x00007ffb31b20000 - 0x00007ffb31b4c000 	C:\Windows\SYSTEM32\dbgcore.DLL
0x00007ffb34690000 - 0x00007ffb34712000 	C:\Windows\System32\bcryptPrimitives.dll
0x00007ffb19800000 - 0x00007ffb19825000 	C:\Users\aadiu\AppData\Local\Programs\Eclipse Adoptium\jdk-17.0.2.8-hotspot\bin\java.dll
0x00007ffafa4c0000 - 0x00007ffafa596000 	C:\Users\aadiu\AppData\Local\Programs\Eclipse Adoptium\jdk-17.0.2.8-hotspot\bin\jsvml.dll
0x00007ffb35fd0000 - 0x00007ffb36713000 	C:\Windows\System32\SHELL32.dll
0x00007ffb32130000 - 0x00007ffb328c2000 	C:\Windows\SYSTEM32\windows.storage.dll
0x00007ffb34ad0000 - 0x00007ffb34e24000 	C:\Windows\System32\combase.dll
0x00007ffb33a60000 - 0x00007ffb33a90000 	C:\Windows\SYSTEM32\Wldp.dll
0x00007ffb349c0000 - 0x00007ffb34a6d000 	C:\Windows\System32\SHCORE.dll
0x00007ffb35020000 - 0x00007ffb35075000 	C:\Windows\System32\shlwapi.dll
0x00007ffb33fb0000 - 0x00007ffb33fcf000 	C:\Windows\SYSTEM32\profapi.dll
0x00007ffaf5980000 - 0x00007ffaf5b0e000 	C:\Users\aadiu\AppData\Local\Programs\Eclipse Adoptium\jdk-17.0.2.8-hotspot\bin\awt.dll
0x00007ffb351d0000 - 0x00007ffb3529d000 	C:\Windows\System32\OLEAUT32.dll
0x00007ffb31300000 - 0x00007ffb31391000 	C:\Windows\SYSTEM32\apphelp.dll
0x00007ffb18710000 - 0x00007ffb18728000 	C:\Users\aadiu\AppData\Local\Programs\Eclipse Adoptium\jdk-17.0.2.8-hotspot\bin\zip.dll
0x00007ffb31410000 - 0x00007ffb314ae000 	C:\Windows\system32\uxtheme.dll
0x00007ffb353f0000 - 0x00007ffb35505000 	C:\Windows\System32\MSCTF.dll
0x00007ffb35cd0000 - 0x00007ffb35dfa000 	C:\Windows\System32\ole32.dll
0x00007ffb31590000 - 0x00007ffb315bf000 	C:\Windows\system32\DWMAPI.DLL
0x00007ffadadb0000 - 0x00007ffadaed5000 	C:\Windows\system32\opengl32.dll
0x00007ffada100000 - 0x00007ffada12c000 	C:\Windows\SYSTEM32\GLU32.dll
0x00007ffb269b0000 - 0x00007ffb26b7f000 	C:\Windows\system32\d3d9.dll
0x00007ffb28d70000 - 0x00007ffb28f28000 	C:\Windows\System32\DriverStore\FileRepository\u0370468.inf_amd64_5e4260b11257b6e9\B370372\aticfx64.dll
0x00007ffb17910000 - 0x00007ffb17944000 	C:\Windows\System32\DriverStore\FileRepository\u0370468.inf_amd64_5e4260b11257b6e9\B370372\atiu9p64.dll
0x00007ffabe720000 - 0x00007ffabf474000 	C:\Windows\System32\DriverStore\FileRepository\u0370468.inf_amd64_5e4260b11257b6e9\B370372\atiumd64.dll
0x000000006c4b0000 - 0x000000006d324000 	C:\Windows\System32\DriverStore\FileRepository\u0370468.inf_amd64_5e4260b11257b6e9\B370372\atiumd6a.dll
0x00007ffb35730000 - 0x00007ffb35b98000 	C:\Windows\System32\SETUPAPI.dll
0x00007ffb34210000 - 0x00007ffb3425e000 	C:\Windows\System32\cfgmgr32.dll
0x00007ffb33e30000 - 0x00007ffb33e7b000 	C:\Windows\SYSTEM32\POWRPROF.dll
0x00007ffb34070000 - 0x00007ffb34097000 	C:\Windows\System32\bcrypt.dll
0x00007ffb33e10000 - 0x00007ffb33e22000 	C:\Windows\SYSTEM32\UMPDC.dll
0x00007ffb29180000 - 0x00007ffb291b0000 	C:\Windows\SYSTEM32\amdihk64.dll
0x00007ffb29960000 - 0x00007ffb2999b000 	C:\Windows\SYSTEM32\dxcore.dll
0x00007ffafaa10000 - 0x00007ffafaa99000 	C:\Users\aadiu\AppData\Local\Programs\Eclipse Adoptium\jdk-17.0.2.8-hotspot\bin\freetype.dll
0x00007ffaf9970000 - 0x00007ffaf9a18000 	C:\Users\aadiu\AppData\Local\Programs\Eclipse Adoptium\jdk-17.0.2.8-hotspot\bin\fontmanager.dll
0x00007ffb28f30000 - 0x00007ffb29029000 	C:\Windows\SYSTEM32\textinputframework.dll
0x00007ffb30e70000 - 0x00007ffb311ce000 	C:\Windows\System32\CoreUIComponents.dll
0x00007ffb309d0000 - 0x00007ffb30ac2000 	C:\Windows\System32\CoreMessaging.dll
0x00007ffb30200000 - 0x00007ffb30354000 	C:\Windows\SYSTEM32\wintypes.dll
0x00007ffb33190000 - 0x00007ffb331c3000 	C:\Windows\SYSTEM32\ntmarta.dll

dbghelp: loaded successfully - version: 4.0.5 - missing functions: none
symbol engine: initialized successfully - sym options: 0x614 - pdb path: .;C:\Users\aadiu\AppData\Local\Programs\Eclipse Adoptium\jdk-17.0.2.8-hotspot\bin;C:\Windows\SYSTEM32;C:\Windows\WinSxS\amd64_microsoft.windows.common-controls_6595b64144ccf1df_6.0.19041.1110_none_60b5254171f9507e;C:\Users\aadiu\AppData\Local\Programs\Eclipse Adoptium\jdk-17.0.2.8-hotspot\bin\server;C:\Windows\System32\DriverStore\FileRepository\u0370468.inf_amd64_5e4260b11257b6e9\B370372

VM Arguments:
jvm_args: -XX:+ShowCodeDetailsInExceptionMessages 
java_command: summit.Main
java_class_path (initial): C:\Users\aadiu\AppData\Roaming\Code\User\workspaceStorage\929b6f7fce9865a60d0bbe8b6a275a21\redhat.java\jdt_ws\Summit Game_948de7c9\bin
Launcher Type: SUN_STANDARD

[Global flags]
     intx CICompilerCount                          = 12                                        {product} {ergonomic}
     uint ConcGCThreads                            = 3                                         {product} {ergonomic}
     uint G1ConcRefinementThreads                  = 13                                        {product} {ergonomic}
   size_t G1HeapRegionSize                         = 2097152                                   {product} {ergonomic}
    uintx GCDrainStackTargetSize                   = 64                                        {product} {ergonomic}
   size_t InitialHeapSize                          = 260046848                                 {product} {ergonomic}
   size_t MarkStackSize                            = 4194304                                   {product} {ergonomic}
   size_t MaxHeapSize                              = 4137680896                                {product} {ergonomic}
   size_t MaxNewSize                               = 2480930816                                {product} {ergonomic}
   size_t MinHeapDeltaBytes                        = 2097152                                   {product} {ergonomic}
   size_t MinHeapSize                              = 8388608                                   {product} {ergonomic}
    uintx NonNMethodCodeHeapSize                   = 7602480                                {pd product} {ergonomic}
    uintx NonProfiledCodeHeapSize                  = 122027880                              {pd product} {ergonomic}
    uintx ProfiledCodeHeapSize                     = 122027880                              {pd product} {ergonomic}
    uintx ReservedCodeCacheSize                    = 251658240                              {pd product} {ergonomic}
     bool SegmentedCodeCache                       = true                                      {product} {ergonomic}
     bool ShowCodeDetailsInExceptionMessages       = true                                   {manageable} {command line}
   size_t SoftMaxHeapSize                          = 4137680896                             {manageable} {ergonomic}
     bool UseCompressedClassPointers               = true                           {product lp64_product} {ergonomic}
     bool UseCompressedOops                        = true                           {product lp64_product} {ergonomic}
     bool UseG1GC                                  = true                                      {product} {ergonomic}
     bool UseLargePagesIndividualAllocation        = false                                  {pd product} {ergonomic}

Logging:
Log output configuration:
 #0: stdout all=warning uptime,level,tags
 #1: stderr all=off uptime,level,tags

Environment Variables:
JAVA_HOME=C:\Users\aadiu\AppData\Local\Programs\Eclipse Adoptium\jdk-17.0.2.8-hotspot\
PATH=C:\Program Files (x86)\Razer Chroma SDK\bin;C:\Program Files\Razer Chroma SDK\bin;C:\Program Files (x86)\Razer\ChromaBroadcast\bin;C:\Program Files\Razer\ChromaBroadcast\bin;C:\Program Files (x86)\Common Files\Oracle\Java\javapath;C:\Program Files\Python38\Scripts\;C:\Program Files\Python38\;C:\Windows\system32;C:\Windows;C:\Windows\System32\Wbem;C:\Windows\System32\WindowsPowerShell\v1.0\;C:\Windows\System32\OpenSSH\;C:\Program Files (x86)\NVIDIA Corporation\PhysX\Common;C:\Program Files\NVIDIA Corporation\NVIDIA NvDLISR;C:\Users\aadiu\AppData\Local\Microsoft\WindowsApps;C:\Users\aadiu\AppData\Local\Programs\Microsoft VS Code\bin;C:\Windows\system32\config\systemprofile\AppData\Local\Microsoft\WindowsApps;C:\Program Files\dotnet\;C:\Program Files\Git\cmd;C:\MinGW\bin\;C:\Program Files (x86)\Windows Kits\10\Windows Performance Toolkit\;C:\Users\aadiu\AppData\Local\Programs\Eclipse Adoptium\jdk-17.0.2.8-hotspot\bin;C:\Users\aadiu\AppData\Local\Microsoft\WindowsApps;C:\Users\aadiu\AppData\Local\Programs\Microsoft VS Code\bin;C:\Users\aadiu\AppData\Local\GitHubDesktop\bin
USERNAME=aadiu
LANG=en_US.UTF-8
OS=Windows_NT
PROCESSOR_IDENTIFIER=AMD64 Family 25 Model 80 Stepping 0, AuthenticAMD



---------------  S Y S T E M  ---------------

OS:
 Windows 10 , 64 bit Build 19041 (10.0.19041.2251)
OS uptime: 1 days 8:52 hours

CPU: total 16 (initial active 16) (16 cores per cpu, 2 threads per core) family 25 model 80 stepping 0 microcode 0x0, cx8, cmov, fxsr, ht, mmx, 3dnowpref, sse, sse2, sse3, ssse3, sse4a, sse4.1, sse4.2, popcnt, lzcnt, tsc, tscinvbit, avx, avx2, aes, erms, clmul, bmi1, bmi2, adx, sha, fma, vzeroupper, clflush, clflushopt

Memory: 4k page, system-wide physical 15776M (7283M free)
TotalPageFile size 20128M (AvailPageFile size 7028M)
current process WorkingSet (physical memory assigned to process): 120M, peak: 121M
current process commit charge ("private bytes"): 430M, peak: 431M

vm_info: OpenJDK 64-Bit Server VM (17.0.2+8) for windows-amd64 JRE (17.0.2+8), built on Jan 20 2022 04:52:34 by "" with MS VC++ 16.7 (VS2019)

END.
