#
# A fatal error has been detected by the Java Runtime Environment:
#
#  EXCEPTION_ACCESS_VIOLATION (0xc0000005) at pc=0x0000024fca3fa8fa, pid=15812, tid=1512
#
# JRE version: OpenJDK Runtime Environment Temurin-17.0.2+8 (17.0.2+8) (build 17.0.2+8)
# Java VM: OpenJDK 64-Bit Server VM Temurin-17.0.2+8 (17.0.2+8, mixed mode, sharing, tiered, compressed oops, compressed class ptrs, g1 gc, windows-amd64)
# Problematic frame:
# J 1110 c2 summit.gfx.Renderer.render(Ljava/lang/String;FFILsummit/gfx/ColorFilter;)V (276 bytes) @ 0x0000024fca3fa8fa [0x0000024fca3f9e20+0x0000000000000ada]
#
# No core dump will be written. Minidumps are not enabled by default on client versions of Windows
#
# If you would like to submit a bug report, please visit:
#   https://github.com/adoptium/adoptium-support/issues
#

---------------  S U M M A R Y ------------

Command Line: -XX:+ShowCodeDetailsInExceptionMessages summit.Main

Host: AMD Ryzen 9 5900HS with Radeon Graphics        , 16 cores, 15G,  Windows 10 , 64 bit Build 19041 (10.0.19041.2251)
Time: Mon Nov 14 18:48:02 2022 Central Standard Time elapsed time: 1.148333 seconds (0d 0h 0m 1s)

---------------  T H R E A D  ---------------

Current thread (0x0000024fdf85d540):  JavaThread "Thread-2" [_thread_in_Java, id=1512, stack(0x000000949da00000,0x000000949db00000)]

Stack: [0x000000949da00000,0x000000949db00000],  sp=0x000000949dafeee0,  free space=1019k
Native frames: (J=compiled Java code, j=interpreted, Vv=VM code, C=native code)
C  0x0000024fca3fa8fa


siginfo: EXCEPTION_ACCESS_VIOLATION (0xc0000005), reading address 0x0000000b1863e8d8


Register to memory mapping:

RIP=0x0000024fca3fa8fa is at entry_point+2778 in (nmethod*)0x0000024fca3f9c10
RAX=0x00000007178b2470 is an oop: [[I 
{0x00000007178b2470} - klass: {type array int}[]
 - length: 16
RBX=0x0000000000000069 is an unknown value
RCX=3809246497 is a compressed pointer to object: [[I 
{0x000000071863e908} - klass: {type array int}[]
 - length: 144
RDX=0x0 is NULL
RSP=0x000000949dafeee0 is pointing into the stack for thread: 0x0000024fdf85d540
RBP=0x0 is NULL
RSI=0x0 is NULL
RDI=0x00000000fffffff0 is an unknown value
R8 =0x00000000fffffff0 is an unknown value
R9 =0x000000071863e8f8 is an oop: summit.gfx.Renderer 
{0x000000071863e8f8} - klass: 'summit/gfx/Renderer'
 - ---- fields (total size 2 words):
 - private 'frame' '[[I' @12  a {type array int}[144] {0x000000071863e908} (e30c7d21)
R10=0x0000000000000010 is an unknown value
R11=0x000000071863e908 is an oop: [[I 
{0x000000071863e908} - klass: {type array int}[]
 - length: 144
R12=0x0 is NULL
R13=0x0000000000000090 is an unknown value
R14=0x0000000000000010 is an unknown value
R15=0x0000024fdf85d540 is a thread


Registers:
RAX=0x00000007178b2470, RBX=0x0000000000000069, RCX=0x00000000e30c7d21, RDX=0x0000000000000000
RSP=0x000000949dafeee0, RBP=0x0000000000000000, RSI=0x0000000000000000, RDI=0x00000000fffffff0
R8 =0x00000000fffffff0, R9 =0x000000071863e8f8, R10=0x0000000000000010, R11=0x000000071863e908
R12=0x0000000000000000, R13=0x0000000000000090, R14=0x0000000000000010, R15=0x0000024fdf85d540
RIP=0x0000024fca3fa8fa, EFLAGS=0x0000000000010287

Top of Stack: (sp=0x000000949dafeee0)
0x000000949dafeee0:   0000010000000000 0000000000000078
0x000000949dafeef0:   fffffff000000068 fffffff000000068
0x000000949dafef00:   0000001000000010 0000000900000010
0x000000949dafef10:   0000024f00000009 0000024fba501000
0x000000949dafef20:   0000000000000090 0000000000000000
0x000000949dafef30:   0000024fba501000 0000000800c4e3f8
0x000000949dafef40:   000000949daff120 0000024fc30c8694
0x000000949dafef50:   000000949daff000 0000000717f66810
0x000000949dafef60:   000000949dafef90 0000000000000206
0x000000949dafef70:   000000949daff120 0000024fc30d0c04
0x000000949dafef80:   01d8f88bea88ba3a 000000071863e8f8
0x000000949dafef90:   0000000717e283b8 0000024f00000002
0x000000949dafefa0:   0000000000000000 0000000717f66810
0x000000949dafefb0:   000000949daff120 0000024fc30c8dec
0x000000949dafefc0:   000000949dafefc0 0000024fde83c554
0x000000949dafefd0:   000000949daff020 0000024fdea0e620 

Instructions: (pc=0x0000024fca3fa8fa)
0x0000024fca3fa7fa:   e1 f9 6e e3 41 8b db ff c3 41 8b f8 e9 c7 00 00
0x0000024fca3fa80a:   00 0f 1f 44 00 00 44 2b 5c 24 10 41 8b d3 ff c2
0x0000024fca3fa81a:   45 8b d8 41 3b d2 0f 83 2e 06 00 00 45 8b 4c cc
0x0000024fca3fa82a:   10 47 8b 4c cc 0c 45 3b d9 0f 83 69 01 00 00 c4
0x0000024fca3fa83a:   c1 f9 7e d0 45 8b 4c 80 10 47 8b 44 cc 0c 49 c1
0x0000024fca3fa84a:   e1 03 41 3b d0 0f 83 27 06 00 00 45 8b 44 91 10
0x0000024fca3fa85a:   41 83 f8 ff 0f 84 34 01 00 00 41 8b 54 f4 0c 44
0x0000024fca3fa86a:   3b da 0f 83 26 06 00 00 46 89 44 9d 10 33 d2 c4
0x0000024fca3fa87a:   c1 f9 7e d0 45 8b 48 10 47 8b 4c cc 0c 44 03 4c
0x0000024fca3fa88a:   24 10 4d 8b b7 48 03 00 00 45 8b c3 41 ff c0 41
0x0000024fca3fa89a:   85 06 45 3b c1 0f 8c 6b ff ff ff 4d 8b 9f 48 03
0x0000024fca3fa8aa:   00 00 ff c7 41 85 03 3b 3c 24 0f 8d f2 00 00 00
0x0000024fca3fa8ba:   c4 c1 f9 7e c1 c4 e1 f9 7e ce c5 f9 7e da 44 8b
0x0000024fca3fa8ca:   5c 24 10 44 8b 44 24 14 44 3b 5c 24 08 0f 8d e5
0x0000024fca3fa8da:   00 00 00 44 89 44 24 14 44 89 5c 24 10 c5 f9 6e
0x0000024fca3fa8ea:   da c4 e1 f9 6e ce c4 c1 f9 6e c1 c4 c1 f9 7e e3
0x0000024fca3fa8fa:   41 8b 74 bb 10 8b c7 41 2b c0 41 3b fd 0f 83 1f
0x0000024fca3fa90a:   fe ff ff 44 8b 5c 24 10 44 3b 5c 24 04 0f 83 0f
0x0000024fca3fa91a:   fe ff ff c4 c1 f9 7e d3 45 8b 5c 83 10 47 8b 4c
0x0000024fca3fa92a:   dc 0c 45 85 c9 0f 86 97 06 00 00 47 8b 44 dc 10
0x0000024fca3fa93a:   41 83 f8 ff 0f 84 9e 00 00 00 45 8b 4c f4 0c 44
0x0000024fca3fa94a:   8b 5c 24 10 45 3b d9 0f 83 46 05 00 00 4d 8d 0c
0x0000024fca3fa95a:   f4 47 89 44 99 10 33 d2 c4 c1 f9 7e d3 45 8b 5b
0x0000024fca3fa96a:   10 47 8b 44 dc 0c 44 03 44 24 10 41 3b d8 0f 8d
0x0000024fca3fa97a:   27 ff ff ff 41 3b fd 0f 83 26 02 00 00 49 8d 2c
0x0000024fca3fa98a:   f4 44 8b db ba 01 00 00 00 e9 85 fe ff ff c4 e1
0x0000024fca3fa99a:   f9 7e ca e9 d7 fe ff ff c4 e1 f9 7e ca e9 cd fe
0x0000024fca3fa9aa:   ff ff c5 f8 77 48 83 c4 60 5d 49 3b a7 40 03 00
0x0000024fca3fa9ba:   00 0f 87 9f 0c 00 00 c3 44 89 44 24 14 44 89 5c
0x0000024fca3fa9ca:   24 10 c5 f9 6e da c4 e1 f9 6e ce c4 c1 f9 6e c1
0x0000024fca3fa9da:   48 8b d6 e9 c3 fe ff ff c4 e1 f9 7e ca e9 76 ff
0x0000024fca3fa9ea:   ff ff 0f 1f 40 00 44 8b d9 42 8b 5c 9f 0c 8b 4c 


Stack slot to memory mapping:
stack at sp + 0 slots: 0x0000010000000000 is an unknown value
stack at sp + 1 slots: 0x0000000000000078 is an unknown value
stack at sp + 2 slots: 0xfffffff000000068 is an unknown value
stack at sp + 3 slots: 0xfffffff000000068 is an unknown value
stack at sp + 4 slots: 0x0000001000000010 is an unknown value
stack at sp + 5 slots: 0x0000000900000010 is an unknown value
stack at sp + 6 slots: 0x0000024f00000009 is an unknown value
stack at sp + 7 slots: 0x0000024fba501000 points into unknown readable memory: 0x0000000000000000 | 00 00 00 00 00 00 00 00

--------------------------------------------------------------------------------
[Constant Pool (empty)]

--------------------------------------------------------------------------------

[MachCode]
  0x0000024fca3f9e20: 448b 5208 | 49bb 0000 | 0000 0800 | 0000 4d03 | d349 3bc2 | 0f85 462c | 44f8 6690 | 0f1f 4000 
  0x0000024fca3f9e40: 8984 2400 | 90ff ff55 | 4883 ec60 | 4889 7c24 | 1045 8bf1 | c5f8 28e9 | 4889 1424 | 4d8b d049 
  0x0000024fca3f9e60: bb08 30a0 | 1807 0000 | 0041 8b6b | 7045 8b5c | ec08 4181 | fbe0 ad0b | 000f 85c5 | 1100 004d 
  0x0000024fca3f9e80: 8d1c ec45 | 8b5b 2447 | 8b44 dc0c | 4585 c00f | 864d 1200 | 004b 8d1c | dc4d 85d2 | 0f84 a50f 
  0x0000024fca3f9ea0: 0000 418b | 4a0c 41ff | c885 c975 | 6c41 0fb6 | 4a11 85c9 | 0f85 5e0f | 0000 410f | be4a 1085 
  0x0000024fca3f9ec0: c90f 85a1 | 1400 0045 | 8b4a 1443 | 8b6c cc0c | 85ed 0f86 | 4d0f 0000 | 8bd5 ffca | 3bd5 0f83 
  0x0000024fca3f9ee0: b013 0000 | 470f b65c | cc10 8bcd | 83c1 fd3b | d1bf 0000 | 0080 0f4c | cf41 8bfb | c1e7 0541 
  0x0000024fca3f9f00: 2bfb 4b8d | 34cc 83f9 | 010f 8eb9 | 1300 00b8 | 0100 0000 | 4533 c9eb | 4544 8bd9 | 41c1 eb10 
  0x0000024fca3f9f20: 4433 d945 | 23c3 33d2 | e9fc 0000 | 0044 0fb6 | 4c06 1041 | 03f9 ffc0 | 3bc5 0f8d | d000 0000 
  0x0000024fca3f9f40: 448b cf41 | c1e1 0544 | 2bcf 418b | f9eb dec4 | c1f9 7eca | c4c1 797e | d8c4 c179 | 7ed1 8bd1 
  0x0000024fca3f9f60: 2bd0 3bc8 | 410f 4cd1 | 81fa a00f | 0000 41bb | a00f 0000 | 410f 47d3 | 03d0 c4c1 | f96e cac4 
  0x0000024fca3f9f80: c179 6ed8 | c4c1 796e | d10f 1f80 | 0000 0000 | 4c63 c046 | 0fb6 5c06 | 1046 0fb6 | 4c06 1346 
  0x0000024fca3f9fa0: 0fb6 5406 | 1146 0fb6 | 4406 1241 | 03fb 448b | ef41 c1e5 | 0544 2bef | 4503 ea45 | 8bd5 41c1 
  0x0000024fca3f9fc0: e205 452b | d545 03d0 | 458b da41 | c1e3 0545 | 2bda 4503 | d941 8bfb | c1e7 0541 | 2bfb 83c0 
  0x0000024fca3f9fe0: 043b c27c | ab4d 8b97 | 4803 0000 | 4185 023b | c10f 8c58 | ffff ffc4 | c1f9 7eca | c4c1 797e 
  0x0000024fca3fa000: d8c5 f97e | d23b c50f | 8c20 ffff | ff41 8bfb | 85ff 0f84 | 0f0e 0000 | 4189 7a0c | 448b df41 
  0x0000024fca3fa020: c1eb 1044 | 33df 4523 | c346 8b4c | 8310 438b | 4ccc 0c41 | 3bcb 0f85 | d70b 0000 | 478b 44cc 
  0x0000024fca3fa040: 1049 8bc8 | 48c1 e103 | 493b ca0f | 8422 0100 | 0041 0fbe | 7a10 4c3b | d10f 8414 | 0100 0043 
  0x0000024fca3fa060: 8b4c c408 | 81f9 70e9 | 0000 0f85 | cc13 0000 | 49c1 e003 | 410f be68 | 103b fd0f | 85af 1200 
  0x0000024fca3fa080: 0045 8b40 | 1441 8b6a | 1443 8b7c | c40c 418b | 4cec 0c3b | cf0f 85bd | 1100 004b | 8d1c c44b 
  0x0000024fca3fa0a0: 8d74 c410 | 4d8d 04ec | 498d 7cec | 1085 c90f | 84a5 0000 | 008b c183 | e01f 83e1 | e00f 844b 
  0x0000024fca3fa0c0: 0000 0048 | 8d3c 0f48 | 8d34 0e48 | f7d9 c5fe | 6f14 0fc5 | fe6f 0c0e | c5ed efd1 | c4e2 7d17 
  0x0000024fca3fa0e0: d20f 857a | 0000 0048 | 83c1 2075 | e185 c00f | 8465 0000 | 00c5 fe6f | 5407 e0c5 | fe6f 4c06 
  0x0000024fca3fa100: e0c5 edef | d1c4 e27d | 17d2 7555 | eb4c 8bc8 | 83e1 fc74 | 1948 8d3c | 0f48 8d34 | 0e48 f7d9 
  0x0000024fca3fa120: 8b1c 0f3b | 1c0e 7539 | 4883 c104 | 75f2 f7c0 | 0200 0000 | 7412 0fb7 | 1f0f b70e | 3bd9 7521 
  0x0000024fca3fa140: 488d 7f02 | 488d 7602 | f7c0 0100 | 0000 740a | 0fb6 1f0f | b60e 3bd9 | 7507 b801 | 0000 00eb 
  0x0000024fca3fa160: 0233 c0c5 | edef d2c5 | f5ef c985 | c00f 84e5 | 1000 004f | 8d04 cc41 | 8b68 1445 | 8b5c ec08 
  0x0000024fca3fa180: 4181 fb08 | 6d00 000f | 854f 1200 | 0049 8d04 | ec44 8b50 | 0c45 85d2 | 0f86 ca0e | 0000 448b 
  0x0000024fca3fa1a0: 5810 478b | 44dc 0c41 | d1fa 41d1 | f8c4 c179 | 6eca c5f8 | 5bc9 c4c1 | 796e d8c5 | f85b dbc5 
  0x0000024fca3fa1c0: d25c c9c5 | fa5c d3c4 | c179 7ed2 | c5f9 7ecb | 458b da41 | c1eb 1744 | 8bc3 41c1 | e817 450f 
  0x0000024fca3fa1e0: b6db b995 | 0000 0041 | 2bcb 450f | b6c0 bf95 | 0000 0041 | 2bf8 f7c1 | e0ff ffff | 0f85 d40b 
  0x0000024fca3fa200: 0000 458b | da41 81e3 | ffff 7f00 | 4181 cb00 | 0080 0045 | 85d2 0f8c | 1b0c 0000 | 41d3 fb41 
  0x0000024fca3fa220: ffc3 41d1 | fbf7 c7e0 | ffff ff0f | 8583 0b00 | 0044 8bc3 | 4181 e0ff | ff7f 0041 | 81c8 0000 
  0x0000024fca3fa240: 8000 85db | 0f8c f50b | 0000 8bcf | 41d3 f841 | ffc0 41d1 | f845 8bee | 4585 ed75 | 0845 33ed 
  0x0000024fca3fa260: e9e4 0400 | 0041 f7c5 | 0400 0000 | 742f 4489 | 4424 1844 | 895c 240c | 8954 2408 | 418b ed48 
  0x0000024fca3fa280: 8bd0 6690 | c5f8 77e8 | 94e7 ffff | 448b ed8b | 5424 0844 | 8b5c 240c | 448b 4424 | 1841 f7c5 
  0x0000024fca3fa2a0: 0100 0000 | 0f84 cf00 | 0000 448b | 480c 4585 | c90f 866d | 0f00 0044 | 8b50 1047 | 8b54 d40c 
  0x0000024fca3fa2c0: 4489 5424 | 2c44 894c | 2428 4889 | 4424 2044 | 8944 241c | 4489 5c24 | 1889 5424 | 0c44 896c 
  0x0000024fca3fa2e0: 2408 48ba | 086d 0000 | 0800 0000 | 458b c145 | 8bca 6690 | c5f8 77e8 | 8421 4ff8 | 448b 5c24 
  0x0000024fca3fa300: 2841 ffcb | 443b 5c24 | 280f 83cd | 0e00 0044 | 8b50 0c45 | 85d2 0f86 | c00e 0000 | 453b da0f 
  0x0000024fca3fa320: 83b7 0e00 | 0044 8b74 | 242c 41ff | ce8b 5c24 | 2cd1 fb4c | 6344 242c | 8beb 83c5 | fe3b dd41 
  0x0000024fca3fa340: ba00 0000 | 8041 0f4c | ea4c 63d3 | 498b d049 | 2bd2 8bfb | ffc7 48ff | ca45 33ed | e98c 0700 
  0x0000024fca3fa360: 00c4 e1f9 | 7ec0 448b | 6c24 088b | 5424 0c44 | 8b5c 2418 | 448b 4424 | 1c41 f7c5 | 0200 0000 
  0x0000024fca3fa380: 0f84 c303 | 0000 448b | 500c 4585 | d20f 8613 | 0e00 0044 | 8b48 1047 | 8b4c cc0c | 4489 5424 
  0x0000024fca3fa3a0: 2848 8944 | 2420 4489 | 4424 1c44 | 895c 2418 | 8954 240c | 4489 6c24 | 0848 ba08 | 6d00 0008 
  0x0000024fca3fa3c0: 0000 0045 | 8bc2 6690 | c5f8 77e8 | b020 4ff8 | 448b 500c | 448b 5c24 | 2841 d1fb | 458b c341 
  0x0000024fca3fa3e0: ffc0 4585 | d20f 865e | 0d00 0045 | 3bda 0f83 | 550d 0000 | 4863 6c24 | 284d 63cb | 488b cd49 
  0x0000024fca3fa400: 2bc9 48ff | c948 3bcd | 0f83 3b0d | 0000 448b | 4c24 2841 | ffc9 443b | 4c24 280f | 8328 0d00 
  0x0000024fca3fa420: 0044 8944 | 242c 4d63 | c249 3bc8 | 0f83 120d | 0000 453b | ca0f 835d | 0d00 0044 | 3b5c 2428 
  0x0000024fca3fa440: 0f83 590d | 0000 4533 | d2eb 31c4 | c1f9 7ec3 | c4c1 797e | d2c4 e1f9 | 7ee8 c4e1 | f97e f54d 
  0x0000024fca3fa460: 8b87 4803 | 0000 41ff | c241 8500 | 443b 5424 | 2c0f 8dbf | 0200 004c | 895c 2420 | 4c8b 5c24 
  0x0000024fca3fa480: 2045 8b43 | 1043 8b5c | c40c 85db | 76d1 c5fb | 1044 2420 | c4c1 796e | d24d 63c2 | 4c8b dd4d 
  0x0000024fca3fa4a0: 2bd8 4c8b | 5424 2047 | 8b54 9a0c | c4c1 796e | da47 8b74 | d40c 468b | 5480 10c4 | c179 6ee2 
  0x0000024fca3fa4c0: 478b 4cd4 | 0c4c 8b54 | 2420 478b | 5482 10c4 | c179 6eca | 438b 4cd4 | 0c42 8b7c | 980c 458b 
  0x0000024fca3fa4e0: 6cfc 0c45 | 85f6 0f86 | 480b 0000 | 41ba 0100 | 0000 453b | d645 0f4f | d6c4 c179 | 7ee3 4f8d 
  0x0000024fca3fa500: 04dc c4c1 | 797e db4b | 8d14 dc41 | 8bd8 498d | 34fc c1eb | 02c4 c179 | 7ecb 49c1 | e303 83e3 
  0x0000024fca3fa520: 0341 03da | f7db 83e3 | 0341 03da | 413b de41 | 0f4f de45 | 33d2 eb0c | 448b d144 | 8b4c 2420 
  0x0000024fca3fa540: 8b4c 2424 | 453b d60f | 837e 0100 | 00c5 796e | c789 4c24 | 2444 894c | 2420 c4e1 | f96e f5c4 
  0x0000024fca3fa560: e1f9 6ee8 | 468b 4c92 | 1044 3b54 | 2420 0f83 | 4009 0000 | 4789 4c90 | 1044 3bd1 | 0f83 8e09 
  0x0000024fca3fa580: 0000 478b | 4c93 1045 | 3bd5 0f83 | e009 0000 | 4689 4c96 | 10c4 c1f9 | 7ec1 458b | 4910 478b 
  0x0000024fca3fa5a0: 4ccc 0c41 | 8bca ffc1 | 413b c90f | 8d9a feff | ff3b cb0f | 8c7f ffff | ff49 63de | 4963 fd48 
  0x0000024fca3fa5c0: 6344 2424 | 4863 6c24 | 2048 3bdd | 418b de0f | 4f5c 2420 | 4963 e94c | 63cb 4c3b | c80f 4f5c 
  0x0000024fca3fa5e0: 2424 48ff | cd4c 63cb | 4c3b cf41 | 0f4f dd44 | 8bcd 4863 | fb48 3bfd | 410f 4fd9 | 448b cb41 
  0x0000024fca3fa600: 83c1 f941 | 3bd9 bb00 | 0000 8044 | 0f4c cb41 | 3bc9 0f8d | 240a 0000 | 41ff c20f | 1f44 0000 
  0x0000024fca3fa620: c4a1 7a6f | 7c92 10c4 | 817a 7f7c | 9010 c481 | 7a6f 7c93 | 10c4 a17a | 7f7c 9610 | c4a1 7a6f 
  0x0000024fca3fa640: 7c92 20c4 | 817a 7f7c | 9020 c481 | 7a6f 7c93 | 20c4 a17a | 7f7c 9620 | 4183 c208 | 453b d17c 
  0x0000024fca3fa660: bf45 3bd6 | 7d59 6690 | 453b d673 | 5946 8b4c | 9210 443b | 5424 200f | 8337 0800 | 0047 894c 
  0x0000024fca3fa680: 9010 443b | 5424 240f | 8383 0800 | 0047 8b4c | 9310 453b | d50f 83d5 | 0800 0046 | 894c 9610 
  0x0000024fca3fa6a0: c4c1 f97e | c145 8b49 | 1043 8b4c | cc0c 41ff | c244 3bd1 | 0f8d 91fd | ffff 453b | d67c a9c4 
  0x0000024fca3fa6c0: e1f9 7ee8 | eb05 c4e1 | f97e e8ba | e4ff ffff | 488b 2c24 | 448b 5c24 | 0844 891c | 244c 8b5c 
  0x0000024fca3fa6e0: 2410 4c89 | 5c24 0844 | 8b44 2418 | 4489 4424 | 0444 8b5c | 241c 4489 | 5c24 10c5 | fb11 4424 
  0x0000024fca3fa700: 1848 8944 | 2420 4489 | 5424 2844 | 8954 242c | c5fa 1154 | 2430 c5fa | 1164 2434 | c5fa 115c 
  0x0000024fca3fa720: 2438 6690 | c5f8 77e8 | d47b 44f8 | c4e1 f97e | cae9 2c02 | 0000 8b54 | 240c 448b | 5c24 1844 
  0x0000024fca3fa740: 8b44 241c | 448b 6c24 | 0841 8bed | c1fd 0385 | ed0f 85c1 | 0900 0044 | 8b50 0c41 | 8bd8 4103 
  0x0000024fca3fa760: da44 3bc3 | 0f8d 4202 | 0000 4d63 | ca49 63c8 | 418b f8f7 | df48 63ff | 4803 cf49 | 3bc9 0f83 
  0x0000024fca3fa780: 1409 0000 | 4863 cb48 | 03cf 48ff | c949 3bc9 | 0f83 3a09 | 0000 4c8b | 0c24 418b | 490c 458b 
  0x0000024fca3fa7a0: 6ccc 0c45 | 85ed 0f86 | 2f09 0000 | 418b 7ccc | 1041 8b7c | fc0c 488b | 7424 1048 | 85f6 0f85 
  0x0000024fca3fa7c0: dd08 0000 | 4585 d20f | 86d4 0800 | 0044 8b50 | 1047 8b54 | d40c 4585 | d20f 86c2 | 0800 0089 
  0x0000024fca3fa7e0: 7c24 0489 | 1c24 c4e1 | f96e d041 | 8bda 4103 | db89 5c24 | 0849 8d1c | ccc4 e1f9 | 6ee3 418b 
  0x0000024fca3fa800: dbff c341 | 8bf8 e9c7 | 0000 000f | 1f44 0000 | 442b 5c24 | 1041 8bd3 | ffc2 458b | d841 3bd2 
  0x0000024fca3fa820: 0f83 2e06 | 0000 458b | 4ccc 1047 | 8b4c cc0c | 453b d90f | 8369 0100 | 00c4 c1f9 | 7ed0 458b 
  0x0000024fca3fa840: 4c80 1047 | 8b44 cc0c | 49c1 e103 | 413b d00f | 8327 0600 | 0045 8b44 | 9110 4183 | f8ff 0f84 
  0x0000024fca3fa860: 3401 0000 | 418b 54f4 | 0c44 3bda | 0f83 2606 | 0000 4689 | 449d 1033 | d2c4 c1f9 | 7ed0 458b 
  0x0000024fca3fa880: 4810 478b | 4ccc 0c44 | 034c 2410 | 4d8b b748 | 0300 0045 | 8bc3 41ff | c041 8506 | 453b c10f 
  0x0000024fca3fa8a0: 8c6b ffff | ff4d 8b9f | 4803 0000 | ffc7 4185 | 033b 3c24 | 0f8d f200 | 0000 c4c1 | f97e c1c4 
  0x0000024fca3fa8c0: e1f9 7ece | c5f9 7eda | 448b 5c24 | 1044 8b44 | 2414 443b | 5c24 080f | 8de5 0000 | 0044 8944 
  0x0000024fca3fa8e0: 2414 4489 | 5c24 10c5 | f96e dac4 | e1f9 6ece | c4c1 f96e | c1c4 c1f9 | 7ee3 418b | 74bb 108b 
  0x0000024fca3fa900: c741 2bc0 | 413b fd0f | 831f feff | ff44 8b5c | 2410 443b | 5c24 040f | 830f feff | ffc4 c1f9 
  0x0000024fca3fa920: 7ed3 458b | 5c83 1047 | 8b4c dc0c | 4585 c90f | 8697 0600 | 0047 8b44 | dc10 4183 | f8ff 0f84 
  0x0000024fca3fa940: 9e00 0000 | 458b 4cf4 | 0c44 8b5c | 2410 453b | d90f 8346 | 0500 004d | 8d0c f447 | 8944 9910 
  0x0000024fca3fa960: 33d2 c4c1 | f97e d345 | 8b5b 1047 | 8b44 dc0c | 4403 4424 | 1041 3bd8 | 0f8d 27ff | ffff 413b 
  0x0000024fca3fa980: fd0f 8326 | 0200 0049 | 8d2c f444 | 8bdb ba01 | 0000 00e9 | 85fe ffff | c4e1 f97e | cae9 d7fe 
  0x0000024fca3fa9a0: ffff c4e1 | f97e cae9 | cdfe ffff | c5f8 7748 | 83c4 605d | 493b a740 | 0300 000f | 879f 0c00 
  0x0000024fca3fa9c0: 00c3 4489 | 4424 1444 | 895c 2410 | c5f9 6eda | c4e1 f96e | cec4 c1f9 | 6ec1 488b | d6e9 c3fe 
  0x0000024fca3fa9e0: ffff c4e1 | f97e cae9 | 76ff ffff | 0f1f 4000 | 448b d942 | 8b5c 9f0c | 8b4c 242c | 412b c949 
  0x0000024fca3faa00: 63d1 895c | 9010 8b5c | 9710 4289 | 5c98 0c49 | 8bd8 482b | da44 8b5c | 9f08 4489 | 5c90 1444 
  0x0000024fca3faa20: 8b5c 9714 | 4489 5c98 | 0844 8b5c | 9f04 4489 | 5c90 1844 | 8b5c 9718 | 4489 5c98 | 0444 8b1c 
  0x0000024fca3faa40: 9f44 895c | 901c 8b74 | 971c 8934 | 9883 c1fc | 4183 c104 | 453b ca7c | 974d 8b97 | 4803 0000 
  0x0000024fca3faa60: 4185 0244 | 3bcd 7d2a | 448b d944 | 8bd5 452b | d141 3be9 | 440f 4c54 | 240c 4181 | faa0 0f00 
  0x0000024fca3faa80: 00b9 a00f | 0000 440f | 47d1 4503 | d1e9 61ff | ffff c5f9 | 7ed3 c4e1 | f97e ca44 | 3b4c 2430 
  0x0000024fca3faaa0: 7d2a 6690 | 8b74 8f0c | 4289 7488 | 1042 8b74 | 8f10 8974 | 880c 418b | f1ff c63b | 7424 307d 
  0x0000024fca3faac0: 0b41 8bce | 412b c944 | 8bce ebd8 | 4d8b 9748 | 0300 0041 | ffc5 4185 | 0244 3b6c | 2428 0f8d 
  0x0000024fca3faae0: 7df8 ffff | c4e1 f97e | c08b 7c24 | 304c 8b54 | 2420 418b | 7210 85f6 | 0f84 d704 | 0000 478b 
  0x0000024fca3fab00: 4caa 1047 | 8b54 cc0c | 428b 4ca8 | 1045 8b5c | cc0c 897c | 2430 c5f9 | 6ecb c4e1 | f96e c049 
  0x0000024fca3fab20: 63da 483b | d30f 83b9 | 0400 0045 | 3bf2 0f83 | b004 0000 | 4585 db0f | 86a7 0400 | 00c5 f97e 
  0x0000024fca3fab40: cb41 3bdb | 0f83 9a04 | 0000 4585 | d20f 8691 | 0400 0041 | 3bda 0f83 | 8804 0000 | 4d63 d349 
  0x0000024fca3fab60: 3bd2 0f83 | 7c04 0000 | 453b f30f | 8373 0400 | 0049 8d04 | cc4b 8d3c | cc42 8b74 | 870c 4189 
  0x0000024fca3fab80: 74cc 1047 | 8b54 cc10 | 4689 5480 | 0c83 fd01 | 0f8e 8204 | 0000 458b | de41 b901 | 0000 00c5 
  0x0000024fca3faba0: f96e d3c4 | e1f9 6eca | e9be feff | ff44 8bdb | 41b8 0100 | 0000 eb16 | 0f1f 8400 | 0000 0000 
  0x0000024fca3fabc0: 442b 5c24 | 1045 8bc3 | 41ff c044 | 8bda 453b | c20f 837d | 0200 0045 | 3b64 cc10 | 0f84 4404 
  0x0000024fca3fabe0: 0000 c4e1 | f97e d244 | 8b4a 1047 | 8b44 cc0c | 4403 4424 | 104d 8b8f | 4803 0000 | 418b d3ff 
  0x0000024fca3fac00: c241 8501 | 413b d07c | b7c4 e1f9 | 7eca e992 | fcff ff43 | 8b6c cc18 | 85ed 0f84 | b406 0000 
  0x0000024fca3fac20: 438b 4ccc | 0881 f998 | b014 000f | 84cf 0600 | 004d 8d04 | ec45 8b48 | 0c45 3bcb | 0f85 b601 
  0x0000024fca3fac40: 0000 458b | 4810 498b | c948 c1e1 | 0349 3bca | 0f84 21f5 | ffff 410f | be7a 104c | 3bd1 0f84 
  0x0000024fca3fac60: 13f5 ffff | 438b 4ccc | 0881 f970 | e900 000f | 8587 0700 | 0049 c1e1 | 0341 0fbe | 6910 3bfd 
  0x0000024fca3fac80: 0f85 1e07 | 0000 458b | 4914 418b | 5a14 438b | 74cc 0c41 | 8b4c dc0c | 3bce 0f85 | d800 0000 
  0x0000024fca3faca0: 4b8d 3ccc | 4b8d 74cc | 104d 8d0c | dc49 8d7c | dc10 85c9 | 0f84 a500 | 0000 8bc1 | 83e0 1f83 
  0x0000024fca3facc0: e1e0 0f84 | 4b00 0000 | 488d 3c0f | 488d 340e | 48f7 d9c5 | fe6f 0c0f | c5fe 6f14 | 0ec5 f5ef 
  0x0000024fca3face0: cac4 e27d | 17c9 0f85 | 7a00 0000 | 4883 c120 | 75e1 85c0 | 0f84 6500 | 0000 c5fe | 6f4c 07e0 
  0x0000024fca3fad00: c5fe 6f54 | 06e0 c5f5 | efca c4e2 | 7d17 c975 | 55eb 4c8b | c883 e1fc | 7419 488d | 3c0f 488d 
  0x0000024fca3fad20: 340e 48f7 | d98b 1c0f | 3b1c 0e75 | 3948 83c1 | 0475 f2f7 | c002 0000 | 0074 120f | b71f 0fb7 
  0x0000024fca3fad40: 0e3b d975 | 2148 8d7f | 0248 8d76 | 02f7 c001 | 0000 0074 | 0a0f b61f | 0fb6 0e3b | d975 07b8 
  0x0000024fca3fad60: 0100 0000 | eb02 33c0 | c5f5 efc9 | c5ed efd2 | 85c0 0f85 | fff3 ffff | ba45 ffff | ff48 8b2c 
  0x0000024fca3fad80: 2444 8934 | 244c 8b4c | 2410 4c89 | 4c24 08c5 | fa11 4424 | 04c5 fa11 | 6c24 104c | 8954 2418 
  0x0000024fca3fada0: 4c89 4424 | 2044 895c | 2414 6690 | c5f8 77e8 | 4c75 44f8 | c57a 2cc1 | 4181 f800 | 0000 8075 
  0x0000024fca3fadc0: 1048 83ec | 08c5 fa11 | 0c24 e824 | 633f f841 | 58e9 7ff4 | ffff c57a | 2cda 4181 | fb00 0000 
  0x0000024fca3fade0: 8075 1048 | 83ec 08c5 | fa11 1424 | e802 633f | f841 5be9 | 2df4 ffff | 458b 4818 | 4d8b 8748 
  0x0000024fca3fae00: 0300 0041 | 8500 4585 | c90f 84c5 | 0400 004f | 8d04 cce9 | 1dfe ffff | 4533 c033 | d245 33db 
  0x0000024fca3fae20: e904 f2ff | ff33 d241 | c642 1101 | 4533 c045 | 33db e9f2 | f1ff ff41 | f7db e9dd | f3ff ff41 
  0x0000024fca3fae40: f7d8 e903 | f4ff ff45 | 33c0 33d2 | 4533 dbe9 | d5f1 ffff | ba45 ffff | ffc4 e1f9 | 7ec5 c5fb 
  0x0000024fca3fae60: 110c 24c5 | fb11 5424 | 0889 7c24 | 1844 895c | 241c 6690 | c5f8 77e8 | 8474 44f8 | c5f9 6eda 
  0x0000024fca3fae80: bae6 ffff | ff49 8be9 | c5fa 111c | 2466 6690 | c5f8 77e8 | 6874 44f8 | 4489 5c24 | 10ba e6ff 
  0x0000024fca3faea0: ffff 8bee | 4489 4424 | 0466 6690 | c5f8 77e8 | 4c74 44f8 | bae4 ffff | ff48 8b2c | 2444 8b44 
  0x0000024fca3faec0: 2408 4489 | 0424 4c8b | 5c24 104c | 895c 2408 | 448b 5c24 | 1844 895c | 2404 448b | 4424 1c44 
  0x0000024fca3faee0: 8944 2410 | c5fb 1144 | 2418 c5fb | 116c 2420 | 4489 5424 | 2844 894c | 242c c5fa | 1154 2430 
  0x0000024fca3faf00: c5fa 1164 | 2434 6690 | c5f8 77e8 | f073 44f8 | bae4 ffff | ff48 8b2c | 2444 8b5c | 2408 4489 
  0x0000024fca3faf20: 1c24 4c8b | 5c24 104c | 895c 2408 | 448b 4424 | 1844 8944 | 2404 448b | 5c24 1c44 | 895c 2410 
  0x0000024fca3faf40: c5fb 1144 | 2418 c5fb | 116c 2420 | 4489 5424 | 2844 8954 | 242c c5fa | 1154 2430 | c5fa 114c 
  0x0000024fca3faf60: 2434 c57a | 1144 2438 | c5f8 77e8 | 9073 44f8 | bae4 ffff | ff48 8b2c | 2444 8b44 | 2408 4489 
  0x0000024fca3faf80: 0424 4c8b | 5c24 104c | 895c 2408 | 448b 4424 | 1844 8944 | 2404 448b | 5c24 1c44 | 895c 2410 
  0x0000024fca3fafa0: c5fb 1144 | 2418 c5fb | 116c 2420 | 4489 5424 | 2844 894c | 242c c5fa | 1154 2430 | c57a 1144 
  0x0000024fca3fafc0: 2434 6690 | c5f8 77e8 | 3473 44f8 | 4f8d 0cdc | e9ab feff | ffba f6ff | ffff 6690 | c5f8 77e8 
  0x0000024fca3fafe0: 1c73 44f8 | 418b 6cf4 | 0cd1 fdff | c5ba 76ff | ffff 448b | 5c24 1844 | 895c 240c | 448b 5424 
  0x0000024fca3fb000: 1c44 8954 | 2418 4889 | 4424 2844 | 896c 241c | c5f8 77e8 | e872 44f8 | 418b ce41 | b901 0000 
  0x0000024fca3fb020: 00e9 75fa | ffff baf6 | ffff ff90 | c5f8 77e8 | cc72 44f8 | 4533 d2e9 | 8ff6 ffff | 448b d1e9 
  0x0000024fca3fb040: 1df6 ffff | bade ffff | ff44 894c | 2408 c5fa | 1144 240c | c5fa 114c | 2418 4c89 | 4424 2090 
  0x0000024fca3fb060: c5f8 77e8 | 9872 44f8 | bae4 ffff | ff48 8b2c | 2444 8934 | 244c 8b54 | 2410 4c89 | 5424 08c5 
  0x0000024fca3fb080: fa11 6c24 | 04c5 fa11 | 4424 1848 | 8944 2420 | c5f8 77e8 | 6872 44f8 | 4c8b 0c24 | 488b 7424 
  0x0000024fca3fb0a0: 10ba beff | ffff 498b | e948 8934 | 2448 8944 | 2408 4489 | 5c24 1044 | 8944 2418 | 4489 4424 
  0x0000024fca3fb0c0: 1c89 5c24 | 2066 6690 | c5f8 77e8 | 3072 44f8 | 4c8b 0c24 | 488b 7424 | 10eb c648 | 8b74 2410 
  0x0000024fca3fb0e0: ebbf ba45 | ffff ff48 | 8b2c 2444 | 890c 2448 | 897c 2408 | c5fa 1144 | 2404 c5fa | 114c 2410 
  0x0000024fca3fb100: 4c89 5424 | 1844 895c | 2414 4489 | 4424 2490 | c5f8 77e8 | e871 44f8 | ba45 ffff | ff4c 8b54 
  0x0000024fca3fb120: 2410 4c89 | 5424 0848 | 8944 2410 | 4489 5c24 | 1844 8944 | 241c 4489 | 6c24 2090 | c5f8 77e8 
  0x0000024fca3fb140: bc71 44f8 | 448b 4424 | 2cba beff | ffff 488b | 2c24 448b | 5424 0844 | 8914 244c | 8b54 2410 
  0x0000024fca3fb160: 4c89 5424 | 0844 8b5c | 2418 4489 | 5c24 0444 | 8b54 241c | 4489 5424 | 104c 8b54 | 2420 4c89 
  0x0000024fca3fb180: 5424 1848 | 8944 2420 | 4489 4424 | 1466 6690 | c5f8 77e8 | 6871 44f8 | 448b 4424 | 2ceb aa44 
  0x0000024fca3fb1a0: 8b44 242c | eba3 bae4 | ffff ff48 | 8b2c 2444 | 892c 244c | 8b4c 2410 | 4c89 4c24 | 0844 895c 
  0x0000024fca3fb1c0: 2404 4489 | 4424 1048 | 8944 2420 | 4489 5424 | 1466 6690 | c5f8 77e8 | 2471 44f8 | babe ffff 
  0x0000024fca3fb1e0: ff48 8b2c | 2444 8b54 | 2408 4489 | 1424 4c8b | 5424 104c | 8954 2408 | 448b 5c24 | 1844 895c 
  0x0000024fca3fb200: 2404 448b | 5424 1c44 | 8954 2410 | 4c8b 5424 | 204c 8954 | 2418 4889 | 4424 2090 | c5f8 77e8 
  0x0000024fca3fb220: dc70 44f8 | bae4 ffff | ff48 8b2c | 2444 892c | 244c 8b54 | 2410 4c89 | 5424 0844 | 895c 2404 
  0x0000024fca3fb240: 4489 4424 | 1048 8944 | 2420 4489 | 4c24 1490 | c5f8 77e8 | a870 44f8 | ba45 ffff | ff48 8b2c 
  0x0000024fca3fb260: 2444 8934 | 244c 8b44 | 2410 4c89 | 4424 08c5 | fa11 4424 | 04c5 fa11 | 6c24 104c | 8954 2418 
  0x0000024fca3fb280: 4489 4c24 | 1444 895c | 2420 6690 | c5f8 77e8 | 6c70 44f8 | ba76 ffff | ff44 8974 | 2408 c5fa 
  0x0000024fca3fb2a0: 1144 240c | c5fa 114c | 2418 4489 | 5c24 1c44 | 8944 2428 | 4c89 5424 | 3044 894c | 242c 6690 
  0x0000024fca3fb2c0: c5f8 77e8 | 3870 44f8 | b801 0000 | 0033 d2e9 | 31ed ffff | baf4 ffff | ff48 8b2c | 2444 8934 
  0x0000024fca3fb2e0: 244c 8b54 | 2410 4c89 | 5424 08c5 | fa11 4424 | 04c5 fa11 | 6c24 1090 | c5f8 77e8 | 0070 44f8 
  0x0000024fca3fb300: ba45 ffff | ff44 8974 | 2408 c5fa | 1144 240c | c5fa 116c | 2418 4c89 | 5424 2044 | 894c 241c 
  0x0000024fca3fb320: 4489 5c24 | 2866 6690 | c5f8 77e8 | d06f 44f8 | ba45 ffff | ff44 8974 | 2408 c5fa | 1144 240c 
  0x0000024fca3fb340: c5fa 116c | 2418 4489 | 4c24 1c44 | 895c 2428 | 4c89 5424 | 304c 8944 | 2438 897c | 242c 6690 
  0x0000024fca3fb360: c5f8 77e8 | 986f 44f8 | 85c9 400f | 95c5 400f | b6ed 83f5 | 01ba 45ff | ffff 4489 | 4c24 08c5 
  0x0000024fca3fb380: fa11 4424 | 0cc5 fa11 | 4c24 1844 | 895c 241c | 4489 4424 | 284c 8954 | 2430 6690 | c5f8 77e8 
  0x0000024fca3fb3a0: 5c6f 44f8 | ba45 ffff | ff44 8974 | 2408 c5fa | 1144 240c | c5fa 116c | 2418 4c89 | 4424 2844 
  0x0000024fca3fb3c0: 895c 241c | 4c89 5424 | 304c 894c | 2438 897c | 2440 6690 | c5f8 77e8 | 246f 44f8 | bade ffff 
  0x0000024fca3fb3e0: ff44 8974 | 2408 c5fa | 1144 240c | c5fa 116c | 2418 6690 | c5f8 77e8 | 046f 44f8 | bade ffff 
  0x0000024fca3fb400: ff48 8b2c | 2444 8934 | 2448 8b4c | 2410 4889 | 4c24 08c5 | fa11 4424 | 04c5 fa11 | 6c24 104c 
  0x0000024fca3fb420: 8944 2420 | 4489 5c24 | 144c 8954 | 2428 4489 | 4c24 3490 | c5f8 77e8 | c46e 44f8 | bade ffff 
  0x0000024fca3fb440: ff48 8b2c | 2444 8934 | 2448 8b4c | 2410 4889 | 4c24 08c5 | fa11 4424 | 04c5 fa11 | 6c24 1044 
  0x0000024fca3fb460: 894c 2414 | 4489 5c24 | 204c 8954 | 2428 4489 | 4424 3090 | c5f8 77e8 | 846e 44f8 | baf6 ffff 
  0x0000024fca3fb480: ff66 6690 | c5f8 77e8 | 746e 44f8 | c5f9 6eda | baf6 ffff | ffc5 f97e | dd66 6690 | c5f8 77e8 
  0x0000024fca3fb4a0: 5c6e 44f8 | 4489 5c24 | 10ba f6ff | ffff 4489 | 0424 6690 | c5f8 77e8 | 446e 44f8 | baf6 ffff 
  0x0000024fca3fb4c0: ff66 6690 | c5f8 77e8 | 346e 44f8 | ba76 ffff | ff48 8b2c | 2444 8b5c | 2408 4489 | 1c24 4c8b 
  0x0000024fca3fb4e0: 5424 104c | 8954 2408 | 448b 5c24 | 1844 895c | 2404 448b | 5424 1c44 | 8954 2410 | 48ff 7424 
  0x0000024fca3fb500: 2048 8f44 | 2418 4889 | 4424 20c5 | fa11 5424 | 1489 5c24 | 2866 6690 | c5f8 77e8 | e06d 44f8 
  0x0000024fca3fb520: baf6 ffff | ff66 6690 | c5f8 77e8 | d06d 44f8 | 488b d0eb | 0848 8bd0 | eb03 488b | d0c5 f877 
  0x0000024fca3fb540: 4883 c460 | 5de9 b61b | 4ff8 baf6 | ffff ff49 | 8be8 6690 | c5f8 77e8 | a46d 44f8 | baf6 ffff 
  0x0000024fca3fb560: ff66 6690 | c5f8 77e8 | 946d 44f8 | baf6 ffff | ff66 6690 | c5f8 77e8 | 846d 44f8 | 488b 7424 
  0x0000024fca3fb580: 10e9 1bfb | ffff 488b | 7424 10e9 | 11fb ffff | baf6 ffff | ff66 6690 | c5f8 77e8 | 606d 44f8 
  0x0000024fca3fb5a0: baf6 ffff | ff66 6690 | c5f8 77e8 | 506d 44f8 | baf6 ffff | ff66 6690 | c5f8 77e8 | 406d 44f8 
  0x0000024fca3fb5c0: baf6 ffff | ff66 6690 | c5f8 77e8 | 306d 44f8 | ba45 ffff | ff48 8b2c | 2444 8934 | 2448 8b4c 
  0x0000024fca3fb5e0: 2410 4889 | 4c24 08c5 | fa11 4424 | 04c5 fa11 | 6c24 1044 | 894c 2414 | 4489 5c24 | 2044 8944 
  0x0000024fca3fb600: 2424 4c89 | 5424 2890 | c5f8 77e8 | f06c 44f8 | baf6 ffff | ff66 6690 | c5f8 77e8 | e06c 44f8 
  0x0000024fca3fb620: ba45 ffff | ff48 8b2c | 2444 8934 | 2448 8b4c | 2410 4889 | 4c24 08c5 | fa11 4424 | 04c5 fa11 
  0x0000024fca3fb640: 6c24 104c | 8944 2420 | 4489 5c24 | 1444 894c | 2428 4c89 | 5424 3090 | c5f8 77e8 | a06c 44f8 
  0x0000024fca3fb660: 49ba b4a9 | 3fca 4f02 | 0000 4d89 | 9758 0300 | 00e9 8a7d | 44f8 f4f4 | f4f4 f4f4 | f4f4 f4f4 
  0x0000024fca3fb680: 48bb 0000 | 0000 0000 | 0000 e9fb | ffff ffe9 | ec88 4ef8 | e800 0000 | 0048 832c | 2405 e9fd 
  0x0000024fca3fb6a0: 6f44 f8f4 | f4f4 f4f4 
[/MachCode]
--------------------------------------------------------------------------------


---------------  P R O C E S S  ---------------

Threads class SMR info:
_java_thread_list=0x0000024fdf934a50, length=25, elements={
0x0000024fde36d350, 0x0000024fde36efd0, 0x0000024fde389490, 0x0000024fde38ae50,
0x0000024fde38b800, 0x0000024fde38c1b0, 0x0000024fde38e1e0, 0x0000024fde396c90,
0x0000024fde399e70, 0x0000024fdee2b710, 0x0000024fdee44c90, 0x0000024fdee4a590,
0x0000024fbad1d940, 0x0000024fdf0205b0, 0x0000024fdf048f80, 0x0000024fdf049fb0,
0x0000024fdf7de3b0, 0x0000024fdf85d540, 0x0000024fdf861330, 0x0000024fdf861800,
0x0000024fdf89f900, 0x0000024fdf8737f0, 0x0000024fdf872850, 0x0000024fdf872d60,
0x0000024fdf861cd0
}

Java Threads: ( => current thread )
  0x0000024fde36d350 JavaThread "Reference Handler" daemon [_thread_blocked, id=14012, stack(0x000000949bb00000,0x000000949bc00000)]
  0x0000024fde36efd0 JavaThread "Finalizer" daemon [_thread_blocked, id=22228, stack(0x000000949bc00000,0x000000949bd00000)]
  0x0000024fde389490 JavaThread "Signal Dispatcher" daemon [_thread_blocked, id=21612, stack(0x000000949bd00000,0x000000949be00000)]
  0x0000024fde38ae50 JavaThread "Attach Listener" daemon [_thread_blocked, id=2396, stack(0x000000949be00000,0x000000949bf00000)]
  0x0000024fde38b800 JavaThread "Service Thread" daemon [_thread_blocked, id=20660, stack(0x000000949bf00000,0x000000949c000000)]
  0x0000024fde38c1b0 JavaThread "Monitor Deflation Thread" daemon [_thread_blocked, id=21948, stack(0x000000949c000000,0x000000949c100000)]
  0x0000024fde38e1e0 JavaThread "C2 CompilerThread0" daemon [_thread_blocked, id=12472, stack(0x000000949c100000,0x000000949c200000)]
  0x0000024fde396c90 JavaThread "C1 CompilerThread0" daemon [_thread_blocked, id=23056, stack(0x000000949c200000,0x000000949c300000)]
  0x0000024fde399e70 JavaThread "Sweeper thread" daemon [_thread_blocked, id=2696, stack(0x000000949c300000,0x000000949c400000)]
  0x0000024fdee2b710 JavaThread "C1 CompilerThread1" daemon [_thread_blocked, id=23704, stack(0x000000949c400000,0x000000949c500000)]
  0x0000024fdee44c90 JavaThread "Notification Thread" daemon [_thread_blocked, id=4124, stack(0x000000949c500000,0x000000949c600000)]
  0x0000024fdee4a590 JavaThread "Common-Cleaner" daemon [_thread_blocked, id=13520, stack(0x000000949c700000,0x000000949c800000)]
  0x0000024fbad1d940 JavaThread "DestroyJavaVM" [_thread_blocked, id=9556, stack(0x000000949b400000,0x000000949b500000)]
  0x0000024fdf0205b0 JavaThread "Java2D Disposer" daemon [_thread_blocked, id=3892, stack(0x000000949c900000,0x000000949ca00000)]
  0x0000024fdf048f80 JavaThread "AWT-Shutdown" [_thread_blocked, id=14860, stack(0x000000949cb00000,0x000000949cc00000)]
  0x0000024fdf049fb0 JavaThread "AWT-Windows" daemon [_thread_in_native, id=18056, stack(0x000000949cc00000,0x000000949cd00000)]
  0x0000024fdf7de3b0 JavaThread "AWT-EventQueue-0" [_thread_blocked, id=13400, stack(0x000000949d900000,0x000000949da00000)]
=>0x0000024fdf85d540 JavaThread "Thread-2" [_thread_in_Java, id=1512, stack(0x000000949da00000,0x000000949db00000)]
  0x0000024fdf861330 JavaThread "Thread-1" [_thread_in_Java, id=19020, stack(0x000000949db00000,0x000000949dc00000)]
  0x0000024fdf861800 JavaThread "D3D Screen Updater" daemon [_thread_blocked, id=23096, stack(0x000000949c800000,0x000000949c900000)]
  0x0000024fdf89f900 JavaThread "C2 CompilerThread1" daemon [_thread_blocked, id=24312, stack(0x000000949ca00000,0x000000949cb00000)]
  0x0000024fdf8737f0 JavaThread "C2 CompilerThread2" daemon [_thread_blocked, id=10932, stack(0x000000949dc00000,0x000000949dd00000)]
  0x0000024fdf872850 JavaThread "C2 CompilerThread3" daemon [_thread_blocked, id=1476, stack(0x000000949dd00000,0x000000949de00000)]
  0x0000024fdf872d60 JavaThread "C2 CompilerThread4" daemon [_thread_blocked, id=19812, stack(0x000000949de00000,0x000000949df00000)]
  0x0000024fdf861cd0 JavaThread "Thread-3" [_thread_in_Java, id=19916, stack(0x000000949df00000,0x000000949e000000)]

Other Threads:
  0x0000024fde366840 VMThread "VM Thread" [stack: 0x000000949ba00000,0x000000949bb00000] [id=22436]
  0x0000024fdee463a0 WatcherThread [stack: 0x000000949c600000,0x000000949c700000] [id=3432]
  0x0000024fbad6cb60 GCTaskThread "GC Thread#0" [stack: 0x000000949b500000,0x000000949b600000] [id=19792]
  0x0000024fbad7e140 ConcurrentGCThread "G1 Main Marker" [stack: 0x000000949b600000,0x000000949b700000] [id=9884]
  0x0000024fbad7f2f0 ConcurrentGCThread "G1 Conc#0" [stack: 0x000000949b700000,0x000000949b800000] [id=12728]
  0x0000024fde21e530 ConcurrentGCThread "G1 Refine#0" [stack: 0x000000949b800000,0x000000949b900000] [id=17332]
  0x0000024fde220d70 ConcurrentGCThread "G1 Service" [stack: 0x000000949b900000,0x000000949ba00000] [id=13936]

Threads with active compile tasks:

VM state: not at safepoint (normal execution)

VM Mutex/Monitor currently owned by a thread: None

Heap address: 0x0000000709600000, size: 3946 MB, Compressed Oops mode: Zero based, Oop shift amount: 3

CDS archive(s) mapped at: [0x0000000800000000-0x0000000800bc0000-0x0000000800bc0000), size 12320768, SharedBaseAddress: 0x0000000800000000, ArchiveRelocationMode: 0.
Compressed class space mapped at: 0x0000000800c00000-0x0000000840c00000, reserved size: 1073741824
Narrow klass base: 0x0000000800000000, Narrow klass shift: 0, Narrow klass range: 0x100000000

GC Precious Log:
 CPUs: 16 total, 16 available
 Memory: 15776M
 Large Page Support: Disabled
 NUMA Support: Disabled
 Compressed Oops: Enabled (Zero based)
 Heap Region Size: 2M
 Heap Min Capacity: 8M
 Heap Initial Capacity: 248M
 Heap Max Capacity: 3946M
 Pre-touch: Disabled
 Parallel Workers: 13
 Concurrent Workers: 3
 Concurrent Refinement Workers: 13
 Periodic GC: Disabled

Heap:
 garbage-first heap   total 253952K, used 24576K [0x0000000709600000, 0x0000000800000000)
  region size 2048K, 11 young (22528K), 0 survivors (0K)
 Metaspace       used 6970K, committed 7168K, reserved 1056768K
  class space    used 751K, committed 832K, reserved 1048576K

Heap Regions: E=young(eden), S=young(survivor), O=old, HS=humongous(starts), HC=humongous(continues), CS=collection set, F=free, OA=open archive, CA=closed archive, TAMS=top-at-mark-start (previous, next)
|   0|0x0000000709600000, 0x0000000709800000, 0x0000000709800000|100%|HS|  |TAMS 0x0000000709600000, 0x0000000709600000| Complete 
|   1|0x0000000709800000, 0x0000000709a00000, 0x0000000709a00000|100%|HC|  |TAMS 0x0000000709800000, 0x0000000709800000| Complete 
|   2|0x0000000709a00000, 0x0000000709a00000, 0x0000000709c00000|  0%| F|  |TAMS 0x0000000709a00000, 0x0000000709a00000| Untracked 
|   3|0x0000000709c00000, 0x0000000709c00000, 0x0000000709e00000|  0%| F|  |TAMS 0x0000000709c00000, 0x0000000709c00000| Untracked 
|   4|0x0000000709e00000, 0x0000000709e00000, 0x000000070a000000|  0%| F|  |TAMS 0x0000000709e00000, 0x0000000709e00000| Untracked 
|   5|0x000000070a000000, 0x000000070a000000, 0x000000070a200000|  0%| F|  |TAMS 0x000000070a000000, 0x000000070a000000| Untracked 
|   6|0x000000070a200000, 0x000000070a200000, 0x000000070a400000|  0%| F|  |TAMS 0x000000070a200000, 0x000000070a200000| Untracked 
|   7|0x000000070a400000, 0x000000070a400000, 0x000000070a600000|  0%| F|  |TAMS 0x000000070a400000, 0x000000070a400000| Untracked 
|   8|0x000000070a600000, 0x000000070a600000, 0x000000070a800000|  0%| F|  |TAMS 0x000000070a600000, 0x000000070a600000| Untracked 
|   9|0x000000070a800000, 0x000000070a800000, 0x000000070aa00000|  0%| F|  |TAMS 0x000000070a800000, 0x000000070a800000| Untracked 
|  10|0x000000070aa00000, 0x000000070aa00000, 0x000000070ac00000|  0%| F|  |TAMS 0x000000070aa00000, 0x000000070aa00000| Untracked 
|  11|0x000000070ac00000, 0x000000070ac00000, 0x000000070ae00000|  0%| F|  |TAMS 0x000000070ac00000, 0x000000070ac00000| Untracked 
|  12|0x000000070ae00000, 0x000000070ae00000, 0x000000070b000000|  0%| F|  |TAMS 0x000000070ae00000, 0x000000070ae00000| Untracked 
|  13|0x000000070b000000, 0x000000070b000000, 0x000000070b200000|  0%| F|  |TAMS 0x000000070b000000, 0x000000070b000000| Untracked 
|  14|0x000000070b200000, 0x000000070b200000, 0x000000070b400000|  0%| F|  |TAMS 0x000000070b200000, 0x000000070b200000| Untracked 
|  15|0x000000070b400000, 0x000000070b400000, 0x000000070b600000|  0%| F|  |TAMS 0x000000070b400000, 0x000000070b400000| Untracked 
|  16|0x000000070b600000, 0x000000070b600000, 0x000000070b800000|  0%| F|  |TAMS 0x000000070b600000, 0x000000070b600000| Untracked 
|  17|0x000000070b800000, 0x000000070b800000, 0x000000070ba00000|  0%| F|  |TAMS 0x000000070b800000, 0x000000070b800000| Untracked 
|  18|0x000000070ba00000, 0x000000070ba00000, 0x000000070bc00000|  0%| F|  |TAMS 0x000000070ba00000, 0x000000070ba00000| Untracked 
|  19|0x000000070bc00000, 0x000000070bc00000, 0x000000070be00000|  0%| F|  |TAMS 0x000000070bc00000, 0x000000070bc00000| Untracked 
|  20|0x000000070be00000, 0x000000070be00000, 0x000000070c000000|  0%| F|  |TAMS 0x000000070be00000, 0x000000070be00000| Untracked 
|  21|0x000000070c000000, 0x000000070c000000, 0x000000070c200000|  0%| F|  |TAMS 0x000000070c000000, 0x000000070c000000| Untracked 
|  22|0x000000070c200000, 0x000000070c200000, 0x000000070c400000|  0%| F|  |TAMS 0x000000070c200000, 0x000000070c200000| Untracked 
|  23|0x000000070c400000, 0x000000070c400000, 0x000000070c600000|  0%| F|  |TAMS 0x000000070c400000, 0x000000070c400000| Untracked 
|  24|0x000000070c600000, 0x000000070c600000, 0x000000070c800000|  0%| F|  |TAMS 0x000000070c600000, 0x000000070c600000| Untracked 
|  25|0x000000070c800000, 0x000000070c800000, 0x000000070ca00000|  0%| F|  |TAMS 0x000000070c800000, 0x000000070c800000| Untracked 
|  26|0x000000070ca00000, 0x000000070ca00000, 0x000000070cc00000|  0%| F|  |TAMS 0x000000070ca00000, 0x000000070ca00000| Untracked 
|  27|0x000000070cc00000, 0x000000070cc00000, 0x000000070ce00000|  0%| F|  |TAMS 0x000000070cc00000, 0x000000070cc00000| Untracked 
|  28|0x000000070ce00000, 0x000000070ce00000, 0x000000070d000000|  0%| F|  |TAMS 0x000000070ce00000, 0x000000070ce00000| Untracked 
|  29|0x000000070d000000, 0x000000070d000000, 0x000000070d200000|  0%| F|  |TAMS 0x000000070d000000, 0x000000070d000000| Untracked 
|  30|0x000000070d200000, 0x000000070d200000, 0x000000070d400000|  0%| F|  |TAMS 0x000000070d200000, 0x000000070d200000| Untracked 
|  31|0x000000070d400000, 0x000000070d400000, 0x000000070d600000|  0%| F|  |TAMS 0x000000070d400000, 0x000000070d400000| Untracked 
|  32|0x000000070d600000, 0x000000070d600000, 0x000000070d800000|  0%| F|  |TAMS 0x000000070d600000, 0x000000070d600000| Untracked 
|  33|0x000000070d800000, 0x000000070d800000, 0x000000070da00000|  0%| F|  |TAMS 0x000000070d800000, 0x000000070d800000| Untracked 
|  34|0x000000070da00000, 0x000000070da00000, 0x000000070dc00000|  0%| F|  |TAMS 0x000000070da00000, 0x000000070da00000| Untracked 
|  35|0x000000070dc00000, 0x000000070dc00000, 0x000000070de00000|  0%| F|  |TAMS 0x000000070dc00000, 0x000000070dc00000| Untracked 
|  36|0x000000070de00000, 0x000000070de00000, 0x000000070e000000|  0%| F|  |TAMS 0x000000070de00000, 0x000000070de00000| Untracked 
|  37|0x000000070e000000, 0x000000070e000000, 0x000000070e200000|  0%| F|  |TAMS 0x000000070e000000, 0x000000070e000000| Untracked 
|  38|0x000000070e200000, 0x000000070e200000, 0x000000070e400000|  0%| F|  |TAMS 0x000000070e200000, 0x000000070e200000| Untracked 
|  39|0x000000070e400000, 0x000000070e400000, 0x000000070e600000|  0%| F|  |TAMS 0x000000070e400000, 0x000000070e400000| Untracked 
|  40|0x000000070e600000, 0x000000070e600000, 0x000000070e800000|  0%| F|  |TAMS 0x000000070e600000, 0x000000070e600000| Untracked 
|  41|0x000000070e800000, 0x000000070e800000, 0x000000070ea00000|  0%| F|  |TAMS 0x000000070e800000, 0x000000070e800000| Untracked 
|  42|0x000000070ea00000, 0x000000070ea00000, 0x000000070ec00000|  0%| F|  |TAMS 0x000000070ea00000, 0x000000070ea00000| Untracked 
|  43|0x000000070ec00000, 0x000000070ec00000, 0x000000070ee00000|  0%| F|  |TAMS 0x000000070ec00000, 0x000000070ec00000| Untracked 
|  44|0x000000070ee00000, 0x000000070ee00000, 0x000000070f000000|  0%| F|  |TAMS 0x000000070ee00000, 0x000000070ee00000| Untracked 
|  45|0x000000070f000000, 0x000000070f000000, 0x000000070f200000|  0%| F|  |TAMS 0x000000070f000000, 0x000000070f000000| Untracked 
|  46|0x000000070f200000, 0x000000070f200000, 0x000000070f400000|  0%| F|  |TAMS 0x000000070f200000, 0x000000070f200000| Untracked 
|  47|0x000000070f400000, 0x000000070f400000, 0x000000070f600000|  0%| F|  |TAMS 0x000000070f400000, 0x000000070f400000| Untracked 
|  48|0x000000070f600000, 0x000000070f600000, 0x000000070f800000|  0%| F|  |TAMS 0x000000070f600000, 0x000000070f600000| Untracked 
|  49|0x000000070f800000, 0x000000070f800000, 0x000000070fa00000|  0%| F|  |TAMS 0x000000070f800000, 0x000000070f800000| Untracked 
|  50|0x000000070fa00000, 0x000000070fa00000, 0x000000070fc00000|  0%| F|  |TAMS 0x000000070fa00000, 0x000000070fa00000| Untracked 
|  51|0x000000070fc00000, 0x000000070fc00000, 0x000000070fe00000|  0%| F|  |TAMS 0x000000070fc00000, 0x000000070fc00000| Untracked 
|  52|0x000000070fe00000, 0x000000070fe00000, 0x0000000710000000|  0%| F|  |TAMS 0x000000070fe00000, 0x000000070fe00000| Untracked 
|  53|0x0000000710000000, 0x0000000710000000, 0x0000000710200000|  0%| F|  |TAMS 0x0000000710000000, 0x0000000710000000| Untracked 
|  54|0x0000000710200000, 0x0000000710200000, 0x0000000710400000|  0%| F|  |TAMS 0x0000000710200000, 0x0000000710200000| Untracked 
|  55|0x0000000710400000, 0x0000000710400000, 0x0000000710600000|  0%| F|  |TAMS 0x0000000710400000, 0x0000000710400000| Untracked 
|  56|0x0000000710600000, 0x0000000710600000, 0x0000000710800000|  0%| F|  |TAMS 0x0000000710600000, 0x0000000710600000| Untracked 
|  57|0x0000000710800000, 0x0000000710800000, 0x0000000710a00000|  0%| F|  |TAMS 0x0000000710800000, 0x0000000710800000| Untracked 
|  58|0x0000000710a00000, 0x0000000710a00000, 0x0000000710c00000|  0%| F|  |TAMS 0x0000000710a00000, 0x0000000710a00000| Untracked 
|  59|0x0000000710c00000, 0x0000000710c00000, 0x0000000710e00000|  0%| F|  |TAMS 0x0000000710c00000, 0x0000000710c00000| Untracked 
|  60|0x0000000710e00000, 0x0000000710e00000, 0x0000000711000000|  0%| F|  |TAMS 0x0000000710e00000, 0x0000000710e00000| Untracked 
|  61|0x0000000711000000, 0x0000000711000000, 0x0000000711200000|  0%| F|  |TAMS 0x0000000711000000, 0x0000000711000000| Untracked 
|  62|0x0000000711200000, 0x0000000711200000, 0x0000000711400000|  0%| F|  |TAMS 0x0000000711200000, 0x0000000711200000| Untracked 
|  63|0x0000000711400000, 0x0000000711400000, 0x0000000711600000|  0%| F|  |TAMS 0x0000000711400000, 0x0000000711400000| Untracked 
|  64|0x0000000711600000, 0x0000000711600000, 0x0000000711800000|  0%| F|  |TAMS 0x0000000711600000, 0x0000000711600000| Untracked 
|  65|0x0000000711800000, 0x0000000711800000, 0x0000000711a00000|  0%| F|  |TAMS 0x0000000711800000, 0x0000000711800000| Untracked 
|  66|0x0000000711a00000, 0x0000000711a00000, 0x0000000711c00000|  0%| F|  |TAMS 0x0000000711a00000, 0x0000000711a00000| Untracked 
|  67|0x0000000711c00000, 0x0000000711c00000, 0x0000000711e00000|  0%| F|  |TAMS 0x0000000711c00000, 0x0000000711c00000| Untracked 
|  68|0x0000000711e00000, 0x0000000711e00000, 0x0000000712000000|  0%| F|  |TAMS 0x0000000711e00000, 0x0000000711e00000| Untracked 
|  69|0x0000000712000000, 0x0000000712000000, 0x0000000712200000|  0%| F|  |TAMS 0x0000000712000000, 0x0000000712000000| Untracked 
|  70|0x0000000712200000, 0x0000000712200000, 0x0000000712400000|  0%| F|  |TAMS 0x0000000712200000, 0x0000000712200000| Untracked 
|  71|0x0000000712400000, 0x0000000712400000, 0x0000000712600000|  0%| F|  |TAMS 0x0000000712400000, 0x0000000712400000| Untracked 
|  72|0x0000000712600000, 0x0000000712600000, 0x0000000712800000|  0%| F|  |TAMS 0x0000000712600000, 0x0000000712600000| Untracked 
|  73|0x0000000712800000, 0x0000000712800000, 0x0000000712a00000|  0%| F|  |TAMS 0x0000000712800000, 0x0000000712800000| Untracked 
|  74|0x0000000712a00000, 0x0000000712a00000, 0x0000000712c00000|  0%| F|  |TAMS 0x0000000712a00000, 0x0000000712a00000| Untracked 
|  75|0x0000000712c00000, 0x0000000712c00000, 0x0000000712e00000|  0%| F|  |TAMS 0x0000000712c00000, 0x0000000712c00000| Untracked 
|  76|0x0000000712e00000, 0x0000000712e00000, 0x0000000713000000|  0%| F|  |TAMS 0x0000000712e00000, 0x0000000712e00000| Untracked 
|  77|0x0000000713000000, 0x0000000713000000, 0x0000000713200000|  0%| F|  |TAMS 0x0000000713000000, 0x0000000713000000| Untracked 
|  78|0x0000000713200000, 0x0000000713200000, 0x0000000713400000|  0%| F|  |TAMS 0x0000000713200000, 0x0000000713200000| Untracked 
|  79|0x0000000713400000, 0x0000000713400000, 0x0000000713600000|  0%| F|  |TAMS 0x0000000713400000, 0x0000000713400000| Untracked 
|  80|0x0000000713600000, 0x0000000713600000, 0x0000000713800000|  0%| F|  |TAMS 0x0000000713600000, 0x0000000713600000| Untracked 
|  81|0x0000000713800000, 0x0000000713800000, 0x0000000713a00000|  0%| F|  |TAMS 0x0000000713800000, 0x0000000713800000| Untracked 
|  82|0x0000000713a00000, 0x0000000713a00000, 0x0000000713c00000|  0%| F|  |TAMS 0x0000000713a00000, 0x0000000713a00000| Untracked 
|  83|0x0000000713c00000, 0x0000000713c00000, 0x0000000713e00000|  0%| F|  |TAMS 0x0000000713c00000, 0x0000000713c00000| Untracked 
|  84|0x0000000713e00000, 0x0000000713e00000, 0x0000000714000000|  0%| F|  |TAMS 0x0000000713e00000, 0x0000000713e00000| Untracked 
|  85|0x0000000714000000, 0x0000000714000000, 0x0000000714200000|  0%| F|  |TAMS 0x0000000714000000, 0x0000000714000000| Untracked 
|  86|0x0000000714200000, 0x0000000714200000, 0x0000000714400000|  0%| F|  |TAMS 0x0000000714200000, 0x0000000714200000| Untracked 
|  87|0x0000000714400000, 0x0000000714400000, 0x0000000714600000|  0%| F|  |TAMS 0x0000000714400000, 0x0000000714400000| Untracked 
|  88|0x0000000714600000, 0x0000000714600000, 0x0000000714800000|  0%| F|  |TAMS 0x0000000714600000, 0x0000000714600000| Untracked 
|  89|0x0000000714800000, 0x0000000714800000, 0x0000000714a00000|  0%| F|  |TAMS 0x0000000714800000, 0x0000000714800000| Untracked 
|  90|0x0000000714a00000, 0x0000000714a00000, 0x0000000714c00000|  0%| F|  |TAMS 0x0000000714a00000, 0x0000000714a00000| Untracked 
|  91|0x0000000714c00000, 0x0000000714c00000, 0x0000000714e00000|  0%| F|  |TAMS 0x0000000714c00000, 0x0000000714c00000| Untracked 
|  92|0x0000000714e00000, 0x0000000714e00000, 0x0000000715000000|  0%| F|  |TAMS 0x0000000714e00000, 0x0000000714e00000| Untracked 
|  93|0x0000000715000000, 0x0000000715000000, 0x0000000715200000|  0%| F|  |TAMS 0x0000000715000000, 0x0000000715000000| Untracked 
|  94|0x0000000715200000, 0x0000000715200000, 0x0000000715400000|  0%| F|  |TAMS 0x0000000715200000, 0x0000000715200000| Untracked 
|  95|0x0000000715400000, 0x0000000715400000, 0x0000000715600000|  0%| F|  |TAMS 0x0000000715400000, 0x0000000715400000| Untracked 
|  96|0x0000000715600000, 0x0000000715600000, 0x0000000715800000|  0%| F|  |TAMS 0x0000000715600000, 0x0000000715600000| Untracked 
|  97|0x0000000715800000, 0x0000000715800000, 0x0000000715a00000|  0%| F|  |TAMS 0x0000000715800000, 0x0000000715800000| Untracked 
|  98|0x0000000715a00000, 0x0000000715a00000, 0x0000000715c00000|  0%| F|  |TAMS 0x0000000715a00000, 0x0000000715a00000| Untracked 
|  99|0x0000000715c00000, 0x0000000715c00000, 0x0000000715e00000|  0%| F|  |TAMS 0x0000000715c00000, 0x0000000715c00000| Untracked 
| 100|0x0000000715e00000, 0x0000000715e00000, 0x0000000716000000|  0%| F|  |TAMS 0x0000000715e00000, 0x0000000715e00000| Untracked 
| 101|0x0000000716000000, 0x0000000716000000, 0x0000000716200000|  0%| F|  |TAMS 0x0000000716000000, 0x0000000716000000| Untracked 
| 102|0x0000000716200000, 0x0000000716200000, 0x0000000716400000|  0%| F|  |TAMS 0x0000000716200000, 0x0000000716200000| Untracked 
| 103|0x0000000716400000, 0x0000000716400000, 0x0000000716600000|  0%| F|  |TAMS 0x0000000716400000, 0x0000000716400000| Untracked 
| 104|0x0000000716600000, 0x0000000716600000, 0x0000000716800000|  0%| F|  |TAMS 0x0000000716600000, 0x0000000716600000| Untracked 
| 105|0x0000000716800000, 0x0000000716800000, 0x0000000716a00000|  0%| F|  |TAMS 0x0000000716800000, 0x0000000716800000| Untracked 
| 106|0x0000000716a00000, 0x0000000716a00000, 0x0000000716c00000|  0%| F|  |TAMS 0x0000000716a00000, 0x0000000716a00000| Untracked 
| 107|0x0000000716c00000, 0x0000000716c00000, 0x0000000716e00000|  0%| F|  |TAMS 0x0000000716c00000, 0x0000000716c00000| Untracked 
| 108|0x0000000716e00000, 0x0000000716e00000, 0x0000000717000000|  0%| F|  |TAMS 0x0000000716e00000, 0x0000000716e00000| Untracked 
| 109|0x0000000717000000, 0x0000000717000000, 0x0000000717200000|  0%| F|  |TAMS 0x0000000717000000, 0x0000000717000000| Untracked 
| 110|0x0000000717200000, 0x0000000717200000, 0x0000000717400000|  0%| F|  |TAMS 0x0000000717200000, 0x0000000717200000| Untracked 
| 111|0x0000000717400000, 0x0000000717400000, 0x0000000717600000|  0%| F|  |TAMS 0x0000000717400000, 0x0000000717400000| Untracked 
| 112|0x0000000717600000, 0x0000000717600000, 0x0000000717800000|  0%| F|  |TAMS 0x0000000717600000, 0x0000000717600000| Untracked 
| 113|0x0000000717800000, 0x00000007178e1d10, 0x0000000717a00000| 44%| E|  |TAMS 0x0000000717800000, 0x0000000717800000| Complete 
| 114|0x0000000717a00000, 0x0000000717c00000, 0x0000000717c00000|100%| E|CS|TAMS 0x0000000717a00000, 0x0000000717a00000| Complete 
| 115|0x0000000717c00000, 0x0000000717e00000, 0x0000000717e00000|100%| E|CS|TAMS 0x0000000717c00000, 0x0000000717c00000| Complete 
| 116|0x0000000717e00000, 0x0000000718000000, 0x0000000718000000|100%| E|CS|TAMS 0x0000000717e00000, 0x0000000717e00000| Complete 
| 117|0x0000000718000000, 0x0000000718200000, 0x0000000718200000|100%| E|CS|TAMS 0x0000000718000000, 0x0000000718000000| Complete 
| 118|0x0000000718200000, 0x0000000718400000, 0x0000000718400000|100%| E|CS|TAMS 0x0000000718200000, 0x0000000718200000| Complete 
| 119|0x0000000718400000, 0x0000000718600000, 0x0000000718600000|100%| E|CS|TAMS 0x0000000718400000, 0x0000000718400000| Complete 
| 120|0x0000000718600000, 0x0000000718800000, 0x0000000718800000|100%| E|CS|TAMS 0x0000000718600000, 0x0000000718600000| Complete 
| 121|0x0000000718800000, 0x0000000718a00000, 0x0000000718a00000|100%| E|CS|TAMS 0x0000000718800000, 0x0000000718800000| Complete 
| 122|0x0000000718a00000, 0x0000000718c00000, 0x0000000718c00000|100%| E|CS|TAMS 0x0000000718a00000, 0x0000000718a00000| Complete 
| 123|0x0000000718c00000, 0x0000000718e00000, 0x0000000718e00000|100%| E|CS|TAMS 0x0000000718c00000, 0x0000000718c00000| Complete 

Card table byte_map: [0x0000024fd2840000,0x0000024fd3000000] _byte_map_base: 0x0000024fceff5000

Marking Bits (Prev, Next): (CMBitMap*) 0x0000024fbad6e180, (CMBitMap*) 0x0000024fbad6e1c0
 Prev Bits: [0x0000024fd37c0000, 0x0000024fd7568000)
 Next Bits: [0x0000024fd7570000, 0x0000024fdb318000)

Polling page: 0x0000024fba500000

Metaspace:

Usage:
  Non-class:      6.07 MB used.
      Class:    751.91 KB used.
       Both:      6.81 MB used.

Virtual space:
  Non-class space:        8.00 MB reserved,       6.19 MB ( 77%) committed,  1 nodes.
      Class space:        1.00 GB reserved,     832.00 KB ( <1%) committed,  1 nodes.
             Both:        1.01 GB reserved,       7.00 MB ( <1%) committed. 

Chunk freelists:
   Non-Class:  912.00 KB
       Class:  3.22 MB
        Both:  4.12 MB

MaxMetaspaceSize: unlimited
CompressedClassSpaceSize: 1.00 GB
Initial GC threshold: 21.00 MB
Current GC threshold: 21.00 MB
CDS: on
MetaspaceReclaimPolicy: balanced
 - commit_granule_bytes: 65536.
 - commit_granule_words: 8192.
 - virtual_space_node_default_size: 1048576.
 - enlarge_chunks_in_place: 1.
 - new_chunks_are_fully_committed: 0.
 - uncommit_free_chunks: 1.
 - use_allocation_guard: 0.
 - handle_deallocations: 1.


Internal statistics:

num_allocs_failed_limit: 0.
num_arena_births: 128.
num_arena_deaths: 0.
num_vsnodes_births: 2.
num_vsnodes_deaths: 0.
num_space_committed: 112.
num_space_uncommitted: 0.
num_chunks_returned_to_freelist: 0.
num_chunks_taken_from_freelist: 178.
num_chunk_merges: 0.
num_chunk_splits: 106.
num_chunks_enlarged: 52.
num_purges: 0.
num_inconsistent_stats: 0.

CodeHeap 'non-profiled nmethods': size=119168Kb used=437Kb max_used=437Kb free=118730Kb
 bounds [0x0000024fca390000, 0x0000024fca600000, 0x0000024fd17f0000]
CodeHeap 'profiled nmethods': size=119104Kb used=1603Kb max_used=1603Kb free=117500Kb
 bounds [0x0000024fc2f40000, 0x0000024fc31b0000, 0x0000024fca390000]
CodeHeap 'non-nmethods': size=7488Kb used=1823Kb max_used=1850Kb free=5665Kb
 bounds [0x0000024fc27f0000, 0x0000024fc2a60000, 0x0000024fc2f40000]
 total_blobs=1709 nmethods=1130 adapters=491
 compilation: enabled
              stopped_count=0, restarted_count=0
 full_count=0

Compilation events (20 events):
Event: 1.113 Thread 0x0000024fdf872850 nmethod 1113% 0x0000024fca3f7a90 code [0x0000024fca3f7c20, 0x0000024fca3f8058]
Event: 1.114 Thread 0x0000024fde396c90 1116 %     3       summit.gfx.Renderer::filterFrame @ 10 (57 bytes)
Event: 1.114 Thread 0x0000024fde396c90 nmethod 1116% 0x0000024fc30cd890 code [0x0000024fc30cda60, 0x0000024fc30cdec8]
Event: 1.114 Thread 0x0000024fde396c90 1117       3       summit.gfx.Renderer::filterFrame (57 bytes)
Event: 1.115 Thread 0x0000024fde396c90 nmethod 1117 0x0000024fc30ce190 code [0x0000024fc30ce360, 0x0000024fc30ce728]
Event: 1.120 Thread 0x0000024fdf872850 1118       4       summit.gfx.Renderer::rotate (62 bytes)
Event: 1.125 Thread 0x0000024fde396c90 1119       1       summit.game.entity.Entity::inWater (5 bytes)
Event: 1.125 Thread 0x0000024fdee2b710 1120       1       summit.game.GameUpdateEvent::getDeltaTime (5 bytes)
Event: 1.125 Thread 0x0000024fde396c90 nmethod 1119 0x0000024fca3f8290 code [0x0000024fca3f8420, 0x0000024fca3f84f8]
Event: 1.125 Thread 0x0000024fdee2b710 nmethod 1120 0x0000024fca3f8590 code [0x0000024fca3f8720, 0x0000024fca3f87f8]
Event: 1.128 Thread 0x0000024fdf872850 nmethod 1118 0x0000024fca3f8890 code [0x0000024fca3f8a20, 0x0000024fca3f8f98]
Event: 1.135 Thread 0x0000024fdf872d60 1121 %     4       summit.gfx.Renderer::filterFrame @ 10 (57 bytes)
Event: 1.141 Thread 0x0000024fdee2b710 1122       3       sun.awt.SunToolkit::targetToAppContext (30 bytes)
Event: 1.141 Thread 0x0000024fde396c90 1123       3       sun.awt.SunToolkit::getAppContext (42 bytes)
Event: 1.142 Thread 0x0000024fdee2b710 nmethod 1122 0x0000024fc30ce990 code [0x0000024fc30ceb60, 0x0000024fc30cf078]
Event: 1.142 Thread 0x0000024fdee2b710 1124       3       summit.game.tile.WaterTile::paint (40 bytes)
Event: 1.142 Thread 0x0000024fde396c90 nmethod 1123 0x0000024fc30cf290 code [0x0000024fc30cf520, 0x0000024fc30d0228]
Event: 1.142 Thread 0x0000024fdee2b710 nmethod 1124 0x0000024fc30d0690 code [0x0000024fc30d08a0, 0x0000024fc30d0d88]
Event: 1.142 Thread 0x0000024fdf872d60 nmethod 1121% 0x0000024fca3f9290 code [0x0000024fca3f9420, 0x0000024fca3f99b8]
Event: 1.145 Thread 0x0000024fdf89f900 nmethod 1110 0x0000024fca3f9c10 code [0x0000024fca3f9e20, 0x0000024fca3fb6a8]

GC Heap History (0 events):
No events

Deoptimization events (20 events):
Event: 1.091 Thread 0x0000024fdf85d540 Uncommon trap: trap_request=0xffffff45 fr.pc=0x0000024fca3f6374 relative=0x00000000000000f4
Event: 1.091 Thread 0x0000024fdf85d540 Uncommon trap: reason=unstable_if action=reinterpret pc=0x0000024fca3f6374 method=summit.gfx.ColorFilter.filterColor(I)I @ 116 c2
Event: 1.091 Thread 0x0000024fdf85d540 DEOPT PACKING pc=0x0000024fca3f6374 sp=0x000000949daff090
Event: 1.091 Thread 0x0000024fdf85d540 DEOPT UNPACKING pc=0x0000024fc28423a3 sp=0x000000949daff028 mode 2
Event: 1.091 Thread 0x0000024fdf861cd0 DEOPT PACKING pc=0x0000024fc30c7079 sp=0x000000949dffef70
Event: 1.091 Thread 0x0000024fdf861cd0 DEOPT UNPACKING pc=0x0000024fc2842b43 sp=0x000000949dffe418 mode 0
Event: 1.092 Thread 0x0000024fdf861cd0 DEOPT PACKING pc=0x0000024fc30c7079 sp=0x000000949dffef70
Event: 1.092 Thread 0x0000024fdf861cd0 DEOPT UNPACKING pc=0x0000024fc2842b43 sp=0x000000949dffe418 mode 0
Event: 1.092 Thread 0x0000024fdf861cd0 DEOPT PACKING pc=0x0000024fc30c7079 sp=0x000000949dffef70
Event: 1.092 Thread 0x0000024fdf861cd0 DEOPT UNPACKING pc=0x0000024fc2842b43 sp=0x000000949dffe418 mode 0
Event: 1.093 Thread 0x0000024fdf861cd0 DEOPT PACKING pc=0x0000024fc30c7079 sp=0x000000949dffef70
Event: 1.093 Thread 0x0000024fdf861cd0 DEOPT UNPACKING pc=0x0000024fc2842b43 sp=0x000000949dffe418 mode 0
Event: 1.094 Thread 0x0000024fdf861cd0 DEOPT PACKING pc=0x0000024fc30c7079 sp=0x000000949dffef70
Event: 1.094 Thread 0x0000024fdf861cd0 DEOPT UNPACKING pc=0x0000024fc2842b43 sp=0x000000949dffe418 mode 0
Event: 1.095 Thread 0x0000024fdf861cd0 DEOPT PACKING pc=0x0000024fc30c7079 sp=0x000000949dffef70
Event: 1.095 Thread 0x0000024fdf861cd0 DEOPT UNPACKING pc=0x0000024fc2842b43 sp=0x000000949dffe418 mode 0
Event: 1.120 Thread 0x0000024fdf85d540 DEOPT PACKING pc=0x0000024fc30cbb9d sp=0x000000949dafee30
Event: 1.120 Thread 0x0000024fdf85d540 DEOPT UNPACKING pc=0x0000024fc2842b43 sp=0x000000949dafe2c0 mode 0
Event: 1.125 Thread 0x0000024fdf85d540 DEOPT PACKING pc=0x0000024fc30cbb9d sp=0x000000949dafeda0
Event: 1.125 Thread 0x0000024fdf85d540 DEOPT UNPACKING pc=0x0000024fc2842b43 sp=0x000000949dafe230 mode 0

Classes unloaded (0 events):
No events

Classes redefined (0 events):
No events

Internal exceptions (14 events):
Event: 0.051 Thread 0x0000024fdee4ec80 Exception <a 'java/lang/ClassNotFoundException'{0x0000000718a2c1c8}: sun/awt/resources/spi/awtProvider> (0x0000000718a2c1c8) 
thrown [e:\jenkins\tmp\workspace\build\src\src\hotspot\share\classfile\systemDictionary.cpp, line 256]
Event: 0.071 Thread 0x0000024fdee4ec80 Exception <a 'java/io/FileNotFoundException'{0x0000000718af5c78}> (0x0000000718af5c78) 
thrown [e:\jenkins\tmp\workspace\build\src\src\hotspot\share\prims\jni.cpp, line 516]
Event: 0.076 Thread 0x0000024fdee4ec80 Exception <a 'java/io/FileNotFoundException'{0x0000000718b22c38}> (0x0000000718b22c38) 
thrown [e:\jenkins\tmp\workspace\build\src\src\hotspot\share\prims\jni.cpp, line 516]
Event: 0.089 Thread 0x0000024fdee4ec80 Exception <a 'java/lang/NoSuchMethodError'{0x0000000718b58620}: 'java.lang.Object java.lang.invoke.DirectMethodHandle$Holder.invokeStaticInit(java.lang.Object)'> (0x0000000718b58620) 
thrown [e:\jenkins\tmp\workspace\build\src\src\hotspot\share\interpreter\linkResolver.cpp, line 766]
Event: 0.227 Thread 0x0000024fdee4ec80 Exception <a 'java/lang/NoSuchMethodError'{0x00000007186bce80}: 'void java.lang.invoke.DirectMethodHandle$Holder.invokeSpecial(java.lang.Object, java.lang.Object, java.lang.Object)'> (0x00000007186bce80) 
thrown [e:\jenkins\tmp\workspace\build\src\src\hotspot\share\interpreter\linkResolver.cpp, line 766]
Event: 0.233 Thread 0x0000024fdee4ec80 Exception <a 'java/lang/NoSuchMethodError'{0x00000007186e7388}: 'java.lang.Object java.lang.invoke.DirectMethodHandle$Holder.newInvokeSpecial(java.lang.Object, java.lang.Object, java.lang.Object, java.lang.Object, java.lang.Object)'> (0x00000007186e7388) 
thrown [e:\jenkins\tmp\workspace\build\src\src\hotspot\share\interpreter\linkResolver.cpp, line 766]
Event: 0.234 Thread 0x0000024fdee4ec80 Exception <a 'java/lang/NoSuchMethodError'{0x00000007186f2d50}: 'java.lang.Object java.lang.invoke.DirectMethodHandle$Holder.invokeStatic(java.lang.Object, int, java.lang.Object, java.lang.Object, java.lang.Object, java.lang.Object)'> (0x00000007186f2d50) 
thrown [e:\jenkins\tmp\workspace\build\src\src\hotspot\share\interpreter\linkResolver.cpp, line 766]
Event: 0.237 Thread 0x0000024fdee4ec80 Exception <a 'java/lang/NoSuchMethodError'{0x0000000718718470}: 'java.lang.Object java.lang.invoke.DirectMethodHandle$Holder.invokeStatic(java.lang.Object, int, java.lang.Object)'> (0x0000000718718470) 
thrown [e:\jenkins\tmp\workspace\build\src\src\hotspot\share\interpreter\linkResolver.cpp, line 766]
Event: 0.255 Thread 0x0000024fdee4ec80 Exception <a 'java/lang/ClassNotFoundException'{0x00000007187d0500}: com/sun/swing/internal/plaf/metal/resources/spi/metalProvider> (0x00000007187d0500) 
thrown [e:\jenkins\tmp\workspace\build\src\src\hotspot\share\classfile\systemDictionary.cpp, line 256]
Event: 0.256 Thread 0x0000024fdee4ec80 Exception <a 'java/lang/ClassNotFoundException'{0x00000007187d43d8}: com/sun/swing/internal/plaf/basic/resources/spi/basicProvider> (0x00000007187d43d8) 
thrown [e:\jenkins\tmp\workspace\build\src\src\hotspot\share\classfile\systemDictionary.cpp, line 256]
Event: 0.268 Thread 0x0000024fdf049fb0 Exception <a 'java/lang/NoSuchMethodError'{0x00000007189d4a78}: 'void java.lang.invoke.DirectMethodHandle$Holder.invokeVirtual(java.lang.Object, java.lang.Object)'> (0x00000007189d4a78) 
thrown [e:\jenkins\tmp\workspace\build\src\src\hotspot\share\interpreter\linkResolver.cpp, line 766]
Event: 0.278 Thread 0x0000024fdee4ec80 Exception <a 'java/lang/NoSuchMethodError'{0x0000000718483888}: 'void java.lang.invoke.DirectMethodHandle$Holder.invokeStaticInit(java.lang.Object)'> (0x0000000718483888) 
thrown [e:\jenkins\tmp\workspace\build\src\src\hotspot\share\interpreter\linkResolver.cpp, line 766]
Event: 1.059 Thread 0x0000024fdf7de3b0 Implicit null exception at 0x0000024fca3e8855 to 0x0000024fca3e8978
Event: 1.059 Thread 0x0000024fdf7de3b0 Implicit null exception at 0x0000024fca3e71d6 to 0x0000024fca3e72d4

VM Operations (12 events):
Event: 0.038 Executing VM operation: HandshakeAllThreads
Event: 0.038 Executing VM operation: HandshakeAllThreads done
Event: 0.255 Executing VM operation: HandshakeAllThreads
Event: 0.255 Executing VM operation: HandshakeAllThreads done
Event: 0.294 Executing VM operation: HandshakeAllThreads
Event: 0.294 Executing VM operation: HandshakeAllThreads done
Event: 0.320 Executing VM operation: HandshakeAllThreads
Event: 0.320 Executing VM operation: HandshakeAllThreads done
Event: 1.042 Executing VM operation: HandshakeAllThreads
Event: 1.042 Executing VM operation: HandshakeAllThreads done
Event: 1.042 Executing VM operation: Cleanup
Event: 1.042 Executing VM operation: Cleanup done

Events (20 events):
Event: 0.342 loading class java/text/AttributedString$AttributedStringIterator
Event: 0.342 loading class java/text/AttributedCharacterIterator
Event: 0.342 loading class java/text/CharacterIterator
Event: 0.342 loading class java/text/CharacterIterator done
Event: 0.342 loading class java/text/AttributedCharacterIterator done
Event: 0.342 loading class java/text/AttributedString$AttributedStringIterator done
Event: 0.352 loading class sun/awt/image/BufImgSurfaceManager
Event: 0.352 loading class sun/awt/image/BufImgSurfaceManager done
Event: 0.352 loading class sun/awt/image/BufImgSurfaceData
Event: 0.352 loading class sun/awt/image/BufImgSurfaceData done
Event: 0.352 loading class sun/awt/image/BufImgSurfaceData$ICMColorData
Event: 0.352 loading class sun/awt/image/BufImgSurfaceData$ICMColorData done
Event: 0.639 Thread 0x0000024fdf025420 Thread exited: 0x0000024fdf025420
Event: 1.040 loading class java/lang/Math$RandomNumberGeneratorHolder
Event: 1.040 loading class java/lang/Math$RandomNumberGeneratorHolder done
Event: 1.055 Thread 0x0000024fdf89f900 Thread added: 0x0000024fdf89f900
Event: 1.055 Thread 0x0000024fdf8737f0 Thread added: 0x0000024fdf8737f0
Event: 1.055 Thread 0x0000024fdf872850 Thread added: 0x0000024fdf872850
Event: 1.055 Thread 0x0000024fdf872d60 Thread added: 0x0000024fdf872d60
Event: 1.069 Thread 0x0000024fdf861cd0 Thread added: 0x0000024fdf861cd0


Dynamic libraries:
0x00007ff7039e0000 - 0x00007ff7039ee000 	C:\Users\aadiu\AppData\Local\Programs\Eclipse Adoptium\jdk-17.0.2.8-hotspot\bin\java.exe
0x00007ffb36970000 - 0x00007ffb36b68000 	C:\Windows\SYSTEM32\ntdll.dll
0x00007ffb352a0000 - 0x00007ffb3535f000 	C:\Windows\System32\KERNEL32.DLL
0x00007ffb34310000 - 0x00007ffb345e2000 	C:\Windows\System32\KERNELBASE.dll
0x00007ffb34110000 - 0x00007ffb34210000 	C:\Windows\System32\ucrtbase.dll
0x00007ffb31b00000 - 0x00007ffb31b19000 	C:\Users\aadiu\AppData\Local\Programs\Eclipse Adoptium\jdk-17.0.2.8-hotspot\bin\VCRUNTIME140.dll
0x00007ffb1e390000 - 0x00007ffb1e3a8000 	C:\Users\aadiu\AppData\Local\Programs\Eclipse Adoptium\jdk-17.0.2.8-hotspot\bin\jli.dll
0x00007ffb35530000 - 0x00007ffb356cd000 	C:\Windows\System32\USER32.dll
0x00007ffb20b10000 - 0x00007ffb20daa000 	C:\Windows\WinSxS\amd64_microsoft.windows.common-controls_6595b64144ccf1df_6.0.19041.1110_none_60b5254171f9507e\COMCTL32.dll
0x00007ffb34720000 - 0x00007ffb34742000 	C:\Windows\System32\win32u.dll
0x00007ffb35f00000 - 0x00007ffb35f9e000 	C:\Windows\System32\msvcrt.dll
0x00007ffb35fa0000 - 0x00007ffb35fcb000 	C:\Windows\System32\GDI32.dll
0x00007ffb34750000 - 0x00007ffb3485f000 	C:\Windows\System32\gdi32full.dll
0x00007ffb345f0000 - 0x00007ffb3468d000 	C:\Windows\System32\msvcp_win.dll
0x00007ffb356f0000 - 0x00007ffb35722000 	C:\Windows\System32\IMM32.DLL
0x00007ffb31f10000 - 0x00007ffb31f1c000 	C:\Users\aadiu\AppData\Local\Programs\Eclipse Adoptium\jdk-17.0.2.8-hotspot\bin\vcruntime140_1.dll
0x00007ffb0bb80000 - 0x00007ffb0bc11000 	C:\Users\aadiu\AppData\Local\Programs\Eclipse Adoptium\jdk-17.0.2.8-hotspot\bin\msvcp140.dll
0x00007ffabf480000 - 0x00007ffac00c7000 	C:\Users\aadiu\AppData\Local\Programs\Eclipse Adoptium\jdk-17.0.2.8-hotspot\bin\server\jvm.dll
0x00007ffb34ec0000 - 0x00007ffb34f6e000 	C:\Windows\System32\ADVAPI32.dll
0x00007ffb35e60000 - 0x00007ffb35efc000 	C:\Windows\System32\sechost.dll
0x00007ffb35ba0000 - 0x00007ffb35cc5000 	C:\Windows\System32\RPCRT4.dll
0x00007ffb34eb0000 - 0x00007ffb34eb8000 	C:\Windows\System32\PSAPI.DLL
0x00007ffb1d990000 - 0x00007ffb1d999000 	C:\Windows\SYSTEM32\WSOCK32.dll
0x00007ffb31d40000 - 0x00007ffb31d67000 	C:\Windows\SYSTEM32\WINMM.dll
0x00007ffb2d720000 - 0x00007ffb2d72a000 	C:\Windows\SYSTEM32\VERSION.dll
0x00007ffb35160000 - 0x00007ffb351cb000 	C:\Windows\System32\WS2_32.dll
0x00007ffb31fa0000 - 0x00007ffb31fb2000 	C:\Windows\SYSTEM32\kernel.appcore.dll
0x00007ffb31e90000 - 0x00007ffb31e9a000 	C:\Users\aadiu\AppData\Local\Programs\Eclipse Adoptium\jdk-17.0.2.8-hotspot\bin\jimage.dll
0x00007ffb31b50000 - 0x00007ffb31d34000 	C:\Windows\SYSTEM32\DBGHELP.DLL
0x00007ffb31b20000 - 0x00007ffb31b4c000 	C:\Windows\SYSTEM32\dbgcore.DLL
0x00007ffb34690000 - 0x00007ffb34712000 	C:\Windows\System32\bcryptPrimitives.dll
0x00007ffb1e360000 - 0x00007ffb1e385000 	C:\Users\aadiu\AppData\Local\Programs\Eclipse Adoptium\jdk-17.0.2.8-hotspot\bin\java.dll
0x00007ffb0baa0000 - 0x00007ffb0bb76000 	C:\Users\aadiu\AppData\Local\Programs\Eclipse Adoptium\jdk-17.0.2.8-hotspot\bin\jsvml.dll
0x00007ffb35fd0000 - 0x00007ffb36713000 	C:\Windows\System32\SHELL32.dll
0x00007ffb32130000 - 0x00007ffb328c2000 	C:\Windows\SYSTEM32\windows.storage.dll
0x00007ffb34ad0000 - 0x00007ffb34e24000 	C:\Windows\System32\combase.dll
0x00007ffb33a60000 - 0x00007ffb33a90000 	C:\Windows\SYSTEM32\Wldp.dll
0x00007ffb349c0000 - 0x00007ffb34a6d000 	C:\Windows\System32\SHCORE.dll
0x00007ffb35020000 - 0x00007ffb35075000 	C:\Windows\System32\shlwapi.dll
0x00007ffb33fb0000 - 0x00007ffb33fcf000 	C:\Windows\SYSTEM32\profapi.dll
0x00007ffb0b1f0000 - 0x00007ffb0b37e000 	C:\Users\aadiu\AppData\Local\Programs\Eclipse Adoptium\jdk-17.0.2.8-hotspot\bin\awt.dll
0x00007ffb351d0000 - 0x00007ffb3529d000 	C:\Windows\System32\OLEAUT32.dll
0x00007ffb31300000 - 0x00007ffb31391000 	C:\Windows\SYSTEM32\apphelp.dll
0x00007ffb1e340000 - 0x00007ffb1e358000 	C:\Users\aadiu\AppData\Local\Programs\Eclipse Adoptium\jdk-17.0.2.8-hotspot\bin\zip.dll
0x00007ffb31410000 - 0x00007ffb314ae000 	C:\Windows\system32\uxtheme.dll
0x00007ffb353f0000 - 0x00007ffb35505000 	C:\Windows\System32\MSCTF.dll
0x00007ffb35cd0000 - 0x00007ffb35dfa000 	C:\Windows\System32\ole32.dll
0x00007ffb31590000 - 0x00007ffb315bf000 	C:\Windows\system32\DWMAPI.DLL
0x00007ffadadb0000 - 0x00007ffadaed5000 	C:\Windows\system32\opengl32.dll
0x00007ffada100000 - 0x00007ffada12c000 	C:\Windows\SYSTEM32\GLU32.dll
0x00007ffb269b0000 - 0x00007ffb26b7f000 	C:\Windows\system32\d3d9.dll
0x00007ffb28d70000 - 0x00007ffb28f28000 	C:\Windows\System32\DriverStore\FileRepository\u0370468.inf_amd64_5e4260b11257b6e9\B370372\aticfx64.dll
0x00007ffb1dfb0000 - 0x00007ffb1dfe4000 	C:\Windows\System32\DriverStore\FileRepository\u0370468.inf_amd64_5e4260b11257b6e9\B370372\atiu9p64.dll
0x00007ffabe720000 - 0x00007ffabf474000 	C:\Windows\System32\DriverStore\FileRepository\u0370468.inf_amd64_5e4260b11257b6e9\B370372\atiumd64.dll
0x000000006c4b0000 - 0x000000006d324000 	C:\Windows\System32\DriverStore\FileRepository\u0370468.inf_amd64_5e4260b11257b6e9\B370372\atiumd6a.dll
0x00007ffb35730000 - 0x00007ffb35b98000 	C:\Windows\System32\SETUPAPI.dll
0x00007ffb34210000 - 0x00007ffb3425e000 	C:\Windows\System32\cfgmgr32.dll
0x00007ffb33e30000 - 0x00007ffb33e7b000 	C:\Windows\SYSTEM32\POWRPROF.dll
0x00007ffb34070000 - 0x00007ffb34097000 	C:\Windows\System32\bcrypt.dll
0x00007ffb33e10000 - 0x00007ffb33e22000 	C:\Windows\SYSTEM32\UMPDC.dll
0x00007ffb29180000 - 0x00007ffb291b0000 	C:\Windows\SYSTEM32\amdihk64.dll
0x00007ffb29960000 - 0x00007ffb2999b000 	C:\Windows\SYSTEM32\dxcore.dll
0x00007ffb0d970000 - 0x00007ffb0d9f9000 	C:\Users\aadiu\AppData\Local\Programs\Eclipse Adoptium\jdk-17.0.2.8-hotspot\bin\freetype.dll
0x00007ffb0b3e0000 - 0x00007ffb0b488000 	C:\Users\aadiu\AppData\Local\Programs\Eclipse Adoptium\jdk-17.0.2.8-hotspot\bin\fontmanager.dll
0x00007ffb28f30000 - 0x00007ffb29029000 	C:\Windows\SYSTEM32\textinputframework.dll
0x00007ffb30e70000 - 0x00007ffb311ce000 	C:\Windows\System32\CoreUIComponents.dll
0x00007ffb309d0000 - 0x00007ffb30ac2000 	C:\Windows\System32\CoreMessaging.dll
0x00007ffb33190000 - 0x00007ffb331c3000 	C:\Windows\SYSTEM32\ntmarta.dll
0x00007ffb30200000 - 0x00007ffb30354000 	C:\Windows\SYSTEM32\wintypes.dll

dbghelp: loaded successfully - version: 4.0.5 - missing functions: none
symbol engine: initialized successfully - sym options: 0x614 - pdb path: .;C:\Users\aadiu\AppData\Local\Programs\Eclipse Adoptium\jdk-17.0.2.8-hotspot\bin;C:\Windows\SYSTEM32;C:\Windows\WinSxS\amd64_microsoft.windows.common-controls_6595b64144ccf1df_6.0.19041.1110_none_60b5254171f9507e;C:\Users\aadiu\AppData\Local\Programs\Eclipse Adoptium\jdk-17.0.2.8-hotspot\bin\server;C:\Windows\System32\DriverStore\FileRepository\u0370468.inf_amd64_5e4260b11257b6e9\B370372

VM Arguments:
jvm_args: -XX:+ShowCodeDetailsInExceptionMessages 
java_command: summit.Main
java_class_path (initial): C:\Users\aadiu\AppData\Roaming\Code\User\workspaceStorage\929b6f7fce9865a60d0bbe8b6a275a21\redhat.java\jdt_ws\Summit Game_948de7c9\bin
Launcher Type: SUN_STANDARD

[Global flags]
     intx CICompilerCount                          = 12                                        {product} {ergonomic}
     uint ConcGCThreads                            = 3                                         {product} {ergonomic}
     uint G1ConcRefinementThreads                  = 13                                        {product} {ergonomic}
   size_t G1HeapRegionSize                         = 2097152                                   {product} {ergonomic}
    uintx GCDrainStackTargetSize                   = 64                                        {product} {ergonomic}
   size_t InitialHeapSize                          = 260046848                                 {product} {ergonomic}
   size_t MarkStackSize                            = 4194304                                   {product} {ergonomic}
   size_t MaxHeapSize                              = 4137680896                                {product} {ergonomic}
   size_t MaxNewSize                               = 2480930816                                {product} {ergonomic}
   size_t MinHeapDeltaBytes                        = 2097152                                   {product} {ergonomic}
   size_t MinHeapSize                              = 8388608                                   {product} {ergonomic}
    uintx NonNMethodCodeHeapSize                   = 7602480                                {pd product} {ergonomic}
    uintx NonProfiledCodeHeapSize                  = 122027880                              {pd product} {ergonomic}
    uintx ProfiledCodeHeapSize                     = 122027880                              {pd product} {ergonomic}
    uintx ReservedCodeCacheSize                    = 251658240                              {pd product} {ergonomic}
     bool SegmentedCodeCache                       = true                                      {product} {ergonomic}
     bool ShowCodeDetailsInExceptionMessages       = true                                   {manageable} {command line}
   size_t SoftMaxHeapSize                          = 4137680896                             {manageable} {ergonomic}
     bool UseCompressedClassPointers               = true                           {product lp64_product} {ergonomic}
     bool UseCompressedOops                        = true                           {product lp64_product} {ergonomic}
     bool UseG1GC                                  = true                                      {product} {ergonomic}
     bool UseLargePagesIndividualAllocation        = false                                  {pd product} {ergonomic}

Logging:
Log output configuration:
 #0: stdout all=warning uptime,level,tags
 #1: stderr all=off uptime,level,tags

Environment Variables:
JAVA_HOME=C:\Users\aadiu\AppData\Local\Programs\Eclipse Adoptium\jdk-17.0.2.8-hotspot\
PATH=C:\Program Files (x86)\Razer Chroma SDK\bin;C:\Program Files\Razer Chroma SDK\bin;C:\Program Files (x86)\Razer\ChromaBroadcast\bin;C:\Program Files\Razer\ChromaBroadcast\bin;C:\Program Files (x86)\Common Files\Oracle\Java\javapath;C:\Program Files\Python38\Scripts\;C:\Program Files\Python38\;C:\Windows\system32;C:\Windows;C:\Windows\System32\Wbem;C:\Windows\System32\WindowsPowerShell\v1.0\;C:\Windows\System32\OpenSSH\;C:\Program Files (x86)\NVIDIA Corporation\PhysX\Common;C:\Program Files\NVIDIA Corporation\NVIDIA NvDLISR;C:\Users\aadiu\AppData\Local\Microsoft\WindowsApps;C:\Users\aadiu\AppData\Local\Programs\Microsoft VS Code\bin;C:\Windows\system32\config\systemprofile\AppData\Local\Microsoft\WindowsApps;C:\Program Files\dotnet\;C:\Program Files\Git\cmd;C:\MinGW\bin\;C:\Program Files (x86)\Windows Kits\10\Windows Performance Toolkit\;C:\Users\aadiu\AppData\Local\Programs\Eclipse Adoptium\jdk-17.0.2.8-hotspot\bin;C:\Users\aadiu\AppData\Local\Microsoft\WindowsApps;C:\Users\aadiu\AppData\Local\Programs\Microsoft VS Code\bin;C:\Users\aadiu\AppData\Local\GitHubDesktop\bin
USERNAME=aadiu
LANG=en_US.UTF-8
OS=Windows_NT
PROCESSOR_IDENTIFIER=AMD64 Family 25 Model 80 Stepping 0, AuthenticAMD



---------------  S Y S T E M  ---------------

OS:
 Windows 10 , 64 bit Build 19041 (10.0.19041.2251)
OS uptime: 1 days 8:14 hours

CPU: total 16 (initial active 16) (16 cores per cpu, 2 threads per core) family 25 model 80 stepping 0 microcode 0x0, cx8, cmov, fxsr, ht, mmx, 3dnowpref, sse, sse2, sse3, ssse3, sse4a, sse4.1, sse4.2, popcnt, lzcnt, tsc, tscinvbit, avx, avx2, aes, erms, clmul, bmi1, bmi2, adx, sha, fma, vzeroupper, clflush, clflushopt

Memory: 4k page, system-wide physical 15776M (7643M free)
TotalPageFile size 20128M (AvailPageFile size 7065M)
current process WorkingSet (physical memory assigned to process): 112M, peak: 113M
current process commit charge ("private bytes"): 428M, peak: 428M

vm_info: OpenJDK 64-Bit Server VM (17.0.2+8) for windows-amd64 JRE (17.0.2+8), built on Jan 20 2022 04:52:34 by "" with MS VC++ 16.7 (VS2019)

END.
