#
# A fatal error has been detected by the Java Runtime Environment:
#
#  EXCEPTION_ACCESS_VIOLATION (0xc0000005) at pc=0x0000020bc67a4edb, pid=2688, tid=11592
#
# JRE version: OpenJDK Runtime Environment Temurin-17.0.2+8 (17.0.2+8) (build 17.0.2+8)
# Java VM: OpenJDK 64-Bit Server VM Temurin-17.0.2+8 (17.0.2+8, mixed mode, sharing, tiered, compressed oops, compressed class ptrs, g1 gc, windows-amd64)
# Problematic frame:
# J 1080 c2 summit.gfx.Renderer.render(Ljava/lang/String;FFILsummit/gfx/ColorFilter;)V (276 bytes) @ 0x0000020bc67a4edb [0x0000020bc67a4520+0x00000000000009bb]
#
# No core dump will be written. Minidumps are not enabled by default on client versions of Windows
#
# If you would like to submit a bug report, please visit:
#   https://github.com/adoptium/adoptium-support/issues
#

---------------  S U M M A R Y ------------

Command Line: -XX:+ShowCodeDetailsInExceptionMessages summit.Main

Host: AMD Ryzen 9 5900HS with Radeon Graphics        , 16 cores, 15G,  Windows 10 , 64 bit Build 19041 (10.0.19041.2251)
Time: Mon Nov 14 19:19:06 2022 Central Standard Time elapsed time: 0.948992 seconds (0d 0h 0m 0s)

---------------  T H R E A D  ---------------

Current thread (0x0000020bdb820460):  JavaThread "Thread-2" [_thread_in_Java, id=11592, stack(0x0000002963500000,0x0000002963600000)]

Stack: [0x0000002963500000,0x0000002963600000],  sp=0x00000029635feee0,  free space=1019k
Native frames: (J=compiled Java code, j=interpreted, Vv=VM code, C=native code)
C  0x0000020bc67a4edb


siginfo: EXCEPTION_ACCESS_VIOLATION (0xc0000005), reading address 0x0000000b186e4488


Register to memory mapping:

RIP=0x0000020bc67a4edb is at entry_point+2491 in (nmethod*)0x0000020bc67a4310
RAX=0x00000000ffffffe9 is an unknown value
RBX=3809331351 is a compressed pointer to object: [[I 
{0x00000007186e44b8} - klass: {type array int}[]
 - length: 144
RCX=0x00000000fffffff0 is an unknown value
RDX=0x0 is NULL
RSP=0x00000029635feee0 is pointing into the stack for thread: 0x0000020bdb820460
RBP=0x0000000000000090 is an unknown value
RSI=0x0 is NULL
RDI=0x0000000000000100 is an unknown value
R8 =0x00000000fffffff0 is an unknown value
R9 =0x00000007186e44a8 is an oop: summit.gfx.Renderer 
{0x00000007186e44a8} - klass: 'summit/gfx/Renderer'
 - ---- fields (total size 2 words):
 - private 'frame' '[[I' @12  a {type array int}[144] {0x00000007186e44b8} (e30dc897)
R10=0x0000000000000010 is an unknown value
R11=0x00000007186e44b8 is an oop: [[I 
{0x00000007186e44b8} - klass: {type array int}[]
 - length: 144
R12=0x0 is NULL
R13=0x00000029635ff0c8 is pointing into the stack for thread: 0x0000020bdb820460
R14=0x00000007189d8eb0 is an oop: [Ljava.util.HashMap$Node; 
{0x00000007189d8eb0} - klass: 'java/util/HashMap$Node'[]
 - length: 128
R15=0x0000020bdb820460 is a thread


Registers:
RAX=0x00000000ffffffe9, RBX=0x00000000e30dc897, RCX=0x00000000fffffff0, RDX=0x0000000000000000
RSP=0x00000029635feee0, RBP=0x0000000000000090, RSI=0x0000000000000000, RDI=0x0000000000000100
R8 =0x00000000fffffff0, R9 =0x00000007186e44a8, R10=0x0000000000000010, R11=0x00000007186e44b8
R12=0x0000000000000000, R13=0x00000029635ff0c8, R14=0x00000007189d8eb0, R15=0x0000020bdb820460
RIP=0x0000020bc67a4edb, EFLAGS=0x0000000000010287

Top of Stack: (sp=0x00000029635feee0)
0x00000029635feee0:   0000010000000000 00000000fffffff8
0x00000029635feef0:   fffffff0ffffffe8 0000000000000000
0x00000029635fef00:   0000001000000010 0000000900000010
0x00000029635fef10:   0000000700000009 0000000000000000
0x00000029635fef20:   0000000000000000 0000020b43280000
0x00000029635fef30:   00000000c1800000 00000007181ee350
0x00000029635fef40:   00000029635ff120 0000020bbf469c14
0x00000029635fef50:   00000029635feff0 00000029635ff088
0x00000029635fef60:   0000020bbeba94fe 0000000000000000
0x00000029635fef70:   0000000000000000 0000000000000000
0x00000029635fef80:   0000000000000000 00000007186e44a8
0x00000029635fef90:   00000007181ee350 0000000000000000
0x00000029635fefa0:   0000000000000000 0000000000000000
0x00000029635fefb0:   00000029635ff120 0000020bbf46ae6c
0x00000029635fefc0:   409e000000000000 0000000000000000
0x00000029635fefd0:   0000000000000000 0000000000000000 

Instructions: (pc=0x0000020bc67a4edb)
0x0000020bc67a4ddb:   6e e1 41 8b c3 ff c0 41 8b c8 e9 c9 00 00 00 66
0x0000020bc67a4deb:   0f 1f 44 00 00 44 2b 4c 24 10 45 8b f1 41 ff c6
0x0000020bc67a4dfb:   44 8b ca 45 3b f2 0f 83 b3 07 00 00 45 8b 5c dc
0x0000020bc67a4e0b:   10 47 8b 5c dc 0c 45 3b cb 0f 83 6e 01 00 00 c4
0x0000020bc67a4e1b:   c1 f9 7e db 45 8b 6c bb 10 43 8b 54 ec 0c 4f 8d
0x0000020bc67a4e2b:   1c ec 44 3b f2 0f 83 aa 07 00 00 47 8b 5c b3 10
0x0000020bc67a4e3b:   41 83 fb ff 0f 84 39 01 00 00 41 8b 54 f4 0c 44
0x0000020bc67a4e4b:   3b ca 0f 83 a9 07 00 00 47 89 5c 88 10 45 33 ed
0x0000020bc67a4e5b:   c4 c1 f9 7e db 45 8b 5b 10 47 8b 5c dc 0c 44 03
0x0000020bc67a4e6b:   5c 24 10 4d 8b b7 48 03 00 00 41 8b d1 ff c2 41
0x0000020bc67a4e7b:   85 06 41 3b d3 0f 8c 6a ff ff ff 4d 8b 9f 48 03
0x0000020bc67a4e8b:   00 00 ff c1 41 85 03 3b 0c 24 0f 8d f7 00 00 00
0x0000020bc67a4e9b:   c4 c1 f9 7e c1 c4 e1 f9 7e ce c5 f9 7e d2 44 8b
0x0000020bc67a4eab:   5c 24 10 44 8b 44 24 14 44 3b 5c 24 08 0f 8d ea
0x0000020bc67a4ebb:   00 00 00 44 89 44 24 14 44 89 5c 24 10 c5 f9 6e
0x0000020bc67a4ecb:   d2 c4 e1 f9 6e ce c4 c1 f9 6e c1 c4 c1 f9 7e e3
0x0000020bc67a4edb:   41 8b 74 8b 10 8b f9 41 2b f8 3b cd 0f 83 1f fe
0x0000020bc67a4eeb:   ff ff 44 8b 44 24 10 44 3b 44 24 04 0f 83 0f fe
0x0000020bc67a4efb:   ff ff c4 c1 f9 7e db 45 8b 44 bb 10 47 8b 5c c4
0x0000020bc67a4f0b:   0c 45 85 db 0f 86 1b 08 00 00 47 8b 5c c4 10 41
0x0000020bc67a4f1b:   83 fb ff 0f 84 a4 00 00 00 45 8b 44 f4 0c 44 8b
0x0000020bc67a4f2b:   4c 24 10 45 3b c8 0f 83 ca 06 00 00 4d 8d 0c f4
0x0000020bc67a4f3b:   44 8b 44 24 10 47 89 5c 81 10 45 33 ed c4 c1 f9
0x0000020bc67a4f4b:   7e db 45 8b 43 10 47 8b 5c c4 0c 44 03 5c 24 10
0x0000020bc67a4f5b:   41 3b c3 0f 8d 22 ff ff ff 3b cd 0f 83 2d 02 00
0x0000020bc67a4f6b:   00 4d 8d 04 f4 44 8b c8 41 be 01 00 00 00 e9 80
0x0000020bc67a4f7b:   fe ff ff c4 c1 f9 7e cd e9 d3 fe ff ff c4 c1 f9
0x0000020bc67a4f8b:   7e cd e9 c9 fe ff ff c5 f8 77 48 83 c4 60 5d 49
0x0000020bc67a4f9b:   3b a7 40 03 00 00 0f 87 f5 0d 00 00 c3 44 89 44
0x0000020bc67a4fab:   24 14 44 89 5c 24 10 c5 f9 6e d2 c4 e1 f9 6e ce
0x0000020bc67a4fbb:   c4 c1 f9 6e c1 4c 8b ee e9 be fe ff ff c4 c1 f9
0x0000020bc67a4fcb:   7e cd e9 76 ff ff ff 0f 1f 80 00 00 00 00 0f 1f 


Stack slot to memory mapping:
stack at sp + 0 slots: 0x0000010000000000 is an unknown value
stack at sp + 1 slots: 0x00000000fffffff8 is an unknown value
stack at sp + 2 slots: 0xfffffff0ffffffe8 is an unknown value
stack at sp + 3 slots: 0x0 is NULL
stack at sp + 4 slots: 0x0000001000000010 is an unknown value
stack at sp + 5 slots: 0x0000000900000010 is an unknown value
stack at sp + 6 slots: 0x0000000700000009 is an unknown value
stack at sp + 7 slots: 0x0 is NULL

--------------------------------------------------------------------------------
[Constant Pool (empty)]

--------------------------------------------------------------------------------

[MachCode]
  0x0000020bc67a4520: 448b 5208 | 49bb 0000 | 0000 0800 | 0000 4d03 | d349 3bc2 | 0f85 4685 | 44f8 6690 | 0f1f 4000 
  0x0000020bc67a4540: 8984 2400 | 90ff ff55 | 4883 ec60 | c4c1 f96e | e048 897c | 2418 c4c1 | 796e d948 | 8914 2449 
  0x0000020bc67a4560: ba08 30a0 | 1807 0000 | 0041 8b6a | 7045 8b54 | ec08 4181 | fae0 ad0b | 000f 853d | 1200 004d 
  0x0000020bc67a4580: 8d14 ec45 | 8b52 2447 | 8b4c d40c | 4585 c90f | 86c9 1200 | 004f 8d34 | d44d 85c0 | 0f84 0b10 
  0x0000020bc67a45a0: 0000 458b | 580c 41ff | c945 85db | 0f84 510c | 0000 458b | d341 c1ea | 1045 33d3 | 4523 ca33 
  0x0000020bc67a45c0: d247 8b44 | 8e10 478b | 5cc4 0c45 | 3bda 0f85 | ab0c 0000 | 478b 5cc4 | 104d 8bcb | 49c1 e103 
  0x0000020bc67a45e0: c4e1 f97e | e14c 3bc9 | 0f84 5e01 | 0000 0fbe | 5910 493b | c90f 8451 | 0100 0043 | 8b4c dc08 
  0x0000020bc67a4600: 81f9 70e9 | 0000 0f85 | 1c15 0000 | 49c1 e303 | 410f be6b | 103b dd0f | 853f 1400 | 0045 8b5b 
  0x0000020bc67a4620: 14c4 c1f9 | 7ee1 418b | 4114 438b | 5cdc 0c41 | 8b4c c40c | 3bcb 0f85 | d400 0000 | 4f8d 0cdc 
  0x0000020bc67a4640: 4b8d 74dc | 104d 8d1c | c449 8d7c | c410 85c9 | 0f84 a500 | 0000 8bc1 | 83e0 1f83 | e1e0 0f84 
  0x0000020bc67a4660: 4b00 0000 | 488d 3c0f | 488d 340e | 48f7 d9c5 | fe6f 2c0f | c5fe 6f14 | 0ec5 d5ef | eac4 e27d 
  0x0000020bc67a4680: 17ed 0f85 | 7a00 0000 | 4883 c120 | 75e1 85c0 | 0f84 6500 | 0000 c5fe | 6f6c 07e0 | c5fe 6f54 
  0x0000020bc67a46a0: 06e0 c5d5 | efea c4e2 | 7d17 ed75 | 55eb 4c8b | c883 e1fc | 7419 488d | 3c0f 488d | 340e 48f7 
  0x0000020bc67a46c0: d98b 1c0f | 3b1c 0e75 | 3948 83c1 | 0475 f2f7 | c002 0000 | 0074 120f | b71f 0fb7 | 0e3b d975 
  0x0000020bc67a46e0: 2148 8d7f | 0248 8d76 | 02f7 c001 | 0000 0074 | 0a0f b61f | 0fb6 0e3b | d975 07b8 | 0100 0000 
  0x0000020bc67a4700: eb02 33c0 | c5d5 efed | c5ed efd2 | 85c0 753c | ba45 ffff | ff48 8b2c | 24c5 fa11 | 0424 c5fa 
  0x0000020bc67a4720: 114c 2404 | c5fa 115c | 2408 4c8b | 5c24 184c | 895c 2410 | c5fb 1164 | 2418 4489 | 4424 0c44 
  0x0000020bc67a4740: 8954 2420 | c5f8 77e8 | b4db 44f8 | 4f8d 1cc4 | 418b 6b14 | 458b 54ec | 0841 81fa | 086d 0000 
  0x0000020bc67a4760: 0f85 a213 | 0000 498d | 04ec 448b | 580c 4585 | db0f 8669 | 1000 0044 | 8b40 1047 | 8b54 c40c 
  0x0000020bc67a4780: 41d1 fb41 | d1fa c4c1 | 796e e3c5 | f85b e4c4 | c179 6ed2 | c5f8 5bd2 | c5f2 5ce4 | c5fa 5cc2 
  0x0000020bc67a47a0: c4c1 797e | c0c4 c179 | 7ee2 458b | c841 c1e9 | 1741 8bca | c1e9 1745 | 0fb6 c9bf | 9500 0000 
  0x0000020bc67a47c0: 412b f90f | b6c9 41b9 | 9500 0000 | 442b c9f7 | c7e0 ffff | ff0f 853a | 0d00 0045 | 8bd8 4181 
  0x0000020bc67a47e0: e3ff ff7f | 0041 81cb | 0000 8000 | 4585 c00f | 8c99 0d00 | 008b cf41 | d3fb 41ff | c341 d1fb 
  0x0000020bc67a4800: 41f7 c1e0 | ffff ff0f | 852a 0d00 | 0045 8bc2 | 4181 e0ff | ff7f 0041 | 81c8 0000 | 8000 4585 
  0x0000020bc67a4820: d20f 8c5f | 0d00 0041 | 8bc9 41d3 | f841 ffc0 | 41d1 f8c4 | c179 7eda | 4585 d275 | 0845 33d2 
  0x0000020bc67a4840: e9e4 0400 | 0041 f7c2 | 0400 0000 | 742f 4489 | 4424 1044 | 895c 240c | 8954 2408 | 418b ea48 
  0x0000020bc67a4860: 8bd0 6690 | c5f8 77e8 | b424 0000 | 448b d58b | 5424 0844 | 8b5c 240c | 448b 4424 | 1041 f7c2 
  0x0000020bc67a4880: 0100 0000 | 0f84 ca00 | 0000 8b48 | 0c85 c90f | 86ff 1000 | 008b 5810 | 418b 5cdc | 0c89 5c24 
  0x0000020bc67a48a0: 1089 4c24 | 1448 8944 | 2428 4489 | 4424 2444 | 895c 2420 | 8954 240c | 4489 5424 | 0848 ba08 
  0x0000020bc67a48c0: 6d00 0008 | 0000 0044 | 8bc1 448b | cb66 6690 | c5f8 77e8 | 2883 4ff8 | 448b 5424 | 1441 ffca 
  0x0000020bc67a48e0: 443b 5424 | 140f 8369 | 1000 0044 | 8b40 0c45 | 85c0 0f86 | 5c10 0000 | 453b d00f | 8353 1000 
  0x0000020bc67a4900: 008b 6c24 | 10ff cd8b | 4c24 10d1 | f94c 634c | 2410 448b | e941 83c5 | fe41 3bcd | 41bb 0000 
  0x0000020bc67a4920: 0080 450f | 4ceb 4c63 | d149 8bd1 | 492b d28b | f1ff c648 | ffca 4533 | f6e9 a007 | 0000 488b 
  0x0000020bc67a4940: c644 8b54 | 2408 8b54 | 240c 448b | 5c24 2044 | 8b44 2424 | 41f7 c202 | 0000 000f | 84c8 0300 
  0x0000020bc67a4960: 008b 480c | 85c9 0f86 | b60f 0000 | 8b58 1045 | 8b4c dc0c | 894c 2428 | 4889 4424 | 2044 8944 
  0x0000020bc67a4980: 2414 4489 | 5c24 1089 | 5424 0c44 | 8954 2408 | 48ba 086d | 0000 0800 | 0000 448b | c166 6690 
  0x0000020bc67a49a0: c5f8 77e8 | 5882 4ff8 | 448b 500c | 448b 4424 | 2841 d1f8 | 458b c841 | ffc1 4585 | d20f 8602 
  0x0000020bc67a49c0: 0f00 0045 | 3bc2 0f83 | f90e 0000 | 4863 6c24 | 284d 63d8 | 488b cd49 | 2bcb 48ff | c948 3bcd 
  0x0000020bc67a49e0: 0f83 df0e | 0000 448b | 5c24 2841 | ffcb 443b | 5c24 280f | 83cc 0e00 | 0044 894c | 242c 4d63 
  0x0000020bc67a4a00: ca49 3bc9 | 0f83 b60e | 0000 453b | da0f 8301 | 0f00 0044 | 3b44 2428 | 0f83 fd0e | 0000 4533 
  0x0000020bc67a4a20: d2eb 31c4 | c1f9 7ec3 | c4c1 797e | d2c4 e1f9 | 7ee0 c4e1 | f97e f54d | 8b87 4803 | 0000 41ff 
  0x0000020bc67a4a40: c241 8500 | 443b 5424 | 2c0f 8dc7 | 0200 004c | 895c 2420 | 4c8b 5c24 | 2045 8b4b | 1043 8b7c 
  0x0000020bc67a4a60: cc0c 85ff | 76d1 c5fb | 1044 2420 | c4c1 796e | d24d 63c2 | 4c8b dd4d | 2bd8 4c8b | 5424 2047 
  0x0000020bc67a4a80: 8b54 9a0c | c4c1 796e | ca47 8b6c | d40c 468b | 5480 10c4 | c179 6eda | 478b 4cd4 | 0c4c 8b54 
  0x0000020bc67a4aa0: 2420 478b | 5482 10c4 | c179 6eea | 438b 4cd4 | 0c42 8b5c | 980c 458b | 74dc 0c45 | 85ed 0f86 
  0x0000020bc67a4ac0: e80c 0000 | 41ba 0100 | 0000 453b | d545 0f4f | d5c4 c179 | 7edb 4f8d | 04dc c4c1 | 797e cb4b 
  0x0000020bc67a4ae0: 8d14 dc41 | 8bf8 498d | 34dc c1ef | 02c4 c179 | 7eeb 49c1 | e303 83e7 | 0341 03fa | f7df 83e7 
  0x0000020bc67a4b00: 0341 03fa | 413b fd41 | 0f4f fd45 | 33d2 eb0c | 448b d144 | 8b4c 2420 | 8b4c 2424 | 453b d50f 
  0x0000020bc67a4b20: 8386 0100 | 00c5 796e | c389 4c24 | 2444 894c | 2420 c4e1 | f96e f5c4 | e1f9 6ee0 | 468b 4c92 
  0x0000020bc67a4b40: 1044 3b54 | 2420 0f83 | cc0a 0000 | 4789 4c90 | 1044 3bd1 | 0f83 1a0b | 0000 478b | 4c93 1045 
  0x0000020bc67a4b60: 3bd6 0f83 | 6c0b 0000 | 4689 4c96 | 10c4 c1f9 | 7ec1 458b | 4910 478b | 4ccc 0c41 | 8bca ffc1 
  0x0000020bc67a4b80: 413b c90f | 8d9a feff | ff3b cf0f | 8c7f ffff | ff49 63dd | 4963 c648 | 636c 2424 | 4863 7c24 
  0x0000020bc67a4ba0: 2048 3bdf | 418b fd0f | 4f7c 2420 | 4963 d94c | 63cf 4c3b | cd0f 4f7c | 2424 48ff | cb4c 63cf 
  0x0000020bc67a4bc0: 4c3b c841 | 0f4f fe44 | 8bcb 4863 | c748 3bc3 | 410f 4ff9 | 448b cf41 | 83c1 f941 | 3bf9 bf00 
  0x0000020bc67a4be0: 0000 8044 | 0f4c cf41 | 3bc9 0f8d | c40b 0000 | 41ff c20f | 1f80 0000 | 0000 660f | 1f44 0000 
  0x0000020bc67a4c00: c4a1 7a6f | 7c92 10c4 | 817a 7f7c | 9010 c481 | 7a6f 7c93 | 10c4 a17a | 7f7c 9610 | c4a1 7a6f 
  0x0000020bc67a4c20: 7c92 20c4 | 817a 7f7c | 9020 c481 | 7a6f 7c93 | 20c4 a17a | 7f7c 9620 | 4183 c208 | 453b d17c 
  0x0000020bc67a4c40: bf45 3bd5 | 7d59 6690 | 453b d573 | 5946 8b4c | 9210 443b | 5424 200f | 83bb 0900 | 0047 894c 
  0x0000020bc67a4c60: 9010 443b | 5424 240f | 8307 0a00 | 0047 8b4c | 9310 453b | d60f 8359 | 0a00 0046 | 894c 9610 
  0x0000020bc67a4c80: c4c1 f97e | c145 8b49 | 1043 8b4c | cc0c 41ff | c244 3bd1 | 0f8d 89fd | ffff 453b | d57c a9c4 
  0x0000020bc67a4ca0: e1f9 7ee0 | eb05 c4e1 | f97e e0ba | e4ff ffff | 488b 2c24 | 448b 4424 | 0844 8904 | 244c 8b5c 
  0x0000020bc67a4cc0: 2418 4c89 | 5c24 0844 | 8b44 2410 | 4489 4424 | 0444 8b5c | 2414 4489 | 5c24 10c5 | fb11 4424 
  0x0000020bc67a4ce0: 1848 8944 | 2420 4489 | 5424 2844 | 8954 242c | c5fa 1154 | 2430 c5fa | 115c 2434 | c5fa 114c 
  0x0000020bc67a4d00: 2438 6690 | c5f8 77e8 | f4d5 44f8 | c4c1 f97e | cde9 3202 | 0000 8b54 | 240c 448b | 5c24 1044 
  0x0000020bc67a4d20: 8b44 2414 | 448b 5424 | 0841 8bea | c1fd 0385 | ed0f 855d | 0b00 0044 | 8b50 0c41 | 8bc8 4103 
  0x0000020bc67a4d40: ca44 3bc1 | 0f8d 4802 | 0000 4d63 | ca49 63d8 | 418b f0f7 | de48 63fe | 4803 df49 | 3bd9 0f83 
  0x0000020bc67a4d60: b00a 0000 | 4863 d948 | 03df 48ff | cb49 3bd9 | 0f83 d60a | 0000 4c8b | 0c24 418b | 590c 418b 
  0x0000020bc67a4d80: 6cdc 0c85 | ed0f 86cc | 0a00 0041 | 8b74 dc10 | 418b 7cf4 | 0c48 8b74 | 2418 4885 | f60f 857a 
  0x0000020bc67a4da0: 0a00 0045 | 85d2 0f86 | 710a 0000 | 448b 5010 | 478b 54d4 | 0c45 85d2 | 0f86 5f0a | 0000 897c 
  0x0000020bc67a4dc0: 2404 890c | 24c4 e1f9 | 6ed8 418b | ca41 03cb | 894c 2408 | 498d 0cdc | c4e1 f96e | e141 8bc3 
  0x0000020bc67a4de0: ffc0 418b | c8e9 c900 | 0000 660f | 1f44 0000 | 442b 4c24 | 1045 8bf1 | 41ff c644 | 8bca 453b 
  0x0000020bc67a4e00: f20f 83b3 | 0700 0045 | 8b5c dc10 | 478b 5cdc | 0c45 3bcb | 0f83 6e01 | 0000 c4c1 | f97e db45 
  0x0000020bc67a4e20: 8b6c bb10 | 438b 54ec | 0c4f 8d1c | ec44 3bf2 | 0f83 aa07 | 0000 478b | 5cb3 1041 | 83fb ff0f 
  0x0000020bc67a4e40: 8439 0100 | 0041 8b54 | f40c 443b | ca0f 83a9 | 0700 0047 | 895c 8810 | 4533 edc4 | c1f9 7edb 
  0x0000020bc67a4e60: 458b 5b10 | 478b 5cdc | 0c44 035c | 2410 4d8b | b748 0300 | 0041 8bd1 | ffc2 4185 | 0641 3bd3 
  0x0000020bc67a4e80: 0f8c 6aff | ffff 4d8b | 9f48 0300 | 00ff c141 | 8503 3b0c | 240f 8df7 | 0000 00c4 | c1f9 7ec1 
  0x0000020bc67a4ea0: c4e1 f97e | cec5 f97e | d244 8b5c | 2410 448b | 4424 1444 | 3b5c 2408 | 0f8d ea00 | 0000 4489 
  0x0000020bc67a4ec0: 4424 1444 | 895c 2410 | c5f9 6ed2 | c4e1 f96e | cec4 c1f9 | 6ec1 c4c1 | f97e e341 | 8b74 8b10 
  0x0000020bc67a4ee0: 8bf9 412b | f83b cd0f | 831f feff | ff44 8b44 | 2410 443b | 4424 040f | 830f feff | ffc4 c1f9 
  0x0000020bc67a4f00: 7edb 458b | 44bb 1047 | 8b5c c40c | 4585 db0f | 861b 0800 | 0047 8b5c | c410 4183 | fbff 0f84 
  0x0000020bc67a4f20: a400 0000 | 458b 44f4 | 0c44 8b4c | 2410 453b | c80f 83ca | 0600 004d | 8d0c f444 | 8b44 2410 
  0x0000020bc67a4f40: 4789 5c81 | 1045 33ed | c4c1 f97e | db45 8b43 | 1047 8b5c | c40c 4403 | 5c24 1041 | 3bc3 0f8d 
  0x0000020bc67a4f60: 22ff ffff | 3bcd 0f83 | 2d02 0000 | 4d8d 04f4 | 448b c841 | be01 0000 | 00e9 80fe | ffff c4c1 
  0x0000020bc67a4f80: f97e cde9 | d3fe ffff | c4c1 f97e | cde9 c9fe | ffff c5f8 | 7748 83c4 | 605d 493b | a740 0300 
  0x0000020bc67a4fa0: 000f 87f5 | 0d00 00c3 | 4489 4424 | 1444 895c | 2410 c5f9 | 6ed2 c4e1 | f96e cec4 | c1f9 6ec1 
  0x0000020bc67a4fc0: 4c8b eee9 | befe ffff | c4c1 f97e | cde9 76ff | ffff 0f1f | 8000 0000 | 000f 1f80 | 0000 0000 
  0x0000020bc67a4fe0: 448b c342 | 8b4c 870c | 8b5c 2410 | 412b db49 | 63d3 894c | 9010 8b4c | 9710 4289 | 4c80 0c49 
  0x0000020bc67a5000: 8bc9 482b | ca44 8b44 | 8f08 4489 | 4490 1444 | 8b44 9714 | 4489 4488 | 0844 8b44 | 8f04 4489 
  0x0000020bc67a5020: 4490 1844 | 8b44 9718 | 4489 4488 | 0444 8b04 | 8f44 8944 | 901c 448b | 4497 1c44 | 8904 8883 
  0x0000020bc67a5040: c3fc 4183 | c304 453b | da7c 954d | 8b97 4803 | 0000 4185 | 0245 3bdd | 7d2a 448b | c345 8bd5 
  0x0000020bc67a5060: 452b d345 | 3beb 440f | 4c54 240c | 4181 faa0 | 0f00 00bb | a00f 0000 | 440f 47d3 | 4503 d3e9 
  0x0000020bc67a5080: 5fff ffff | c5f9 7ec9 | c4e1 f97e | c244 3b5c | 2430 7d2b | 448b 549f | 0c46 8954 | 9810 468b 
  0x0000020bc67a50a0: 549f 1044 | 8954 980c | 458b d341 | ffc2 443b | 5424 307d | 0a8b dd41 | 2bdb 458b | daeb d54d 
  0x0000020bc67a50c0: 8b97 4803 | 0000 41ff | c641 8502 | 443b 7424 | 140f 8d67 | f8ff ff48 | 8bc6 8b74 | 2430 4c8b 
  0x0000020bc67a50e0: 5424 2841 | 8b7a 1085 | ff0f 844a | 0600 0047 | 8b5c b210 | 478b 54dc | 0c42 8b5c | b010 458b 
  0x0000020bc67a5100: 44dc 0c89 | 7424 30c5 | f96e c948 | 8bf0 4963 | ca48 3bd1 | 0f83 2e06 | 0000 413b | ea0f 8325 
  0x0000020bc67a5120: 0600 0045 | 85c0 0f86 | 1c06 0000 | c5f9 7ec9 | 413b c80f | 830f 0600 | 0045 85d2 | 0f86 0606 
  0x0000020bc67a5140: 0000 413b | ca0f 83fd | 0500 004d | 63d0 493b | d20f 83f1 | 0500 0041 | 3be8 0f83 | e805 0000 
  0x0000020bc67a5160: 498d 04dc | 4b8d 3cdc | 468b 548f | 0c45 8954 | dc10 478b | 54dc 1046 | 8954 880c | 4183 fd01 
  0x0000020bc67a5180: 0f8e 0a06 | 0000 448b | c541 bb01 | 0000 00c4 | e1f9 6ec2 | e9c4 feff | ff44 8bc8 | 41b8 0100 
  0x0000020bc67a51a0: 0000 eb1a | 660f 1f44 | 0000 660f | 1f44 0000 | 442b 4c24 | 1045 8bc1 | 41ff c045 | 8bcb 453b 
  0x0000020bc67a51c0: c20f 83f3 | 0300 0045 | 3b64 dc10 | 0f84 cb05 | 0000 c4c1 | f97e d845 | 8b58 1043 | 8b7c dc0c 
  0x0000020bc67a51e0: 037c 2410 | 4d8b 8748 | 0300 0045 | 8bd9 41ff | c341 8500 | 443b df7c | b7c4 c1f9 | 7ecd e983 
  0x0000020bc67a5200: fcff ff45 | 0fb6 4011 | 4585 c00f | 8568 0300 | 00c4 c1f9 | 7ee3 450f | be43 1045 | 85c0 0f85 
  0x0000020bc67a5220: 7008 0000 | 418b 6b14 | 418b 4cec | 0c85 c90f | 8661 0300 | 0044 8bd9 | 41ff cb44 | 3bd9 0f83 
  0x0000020bc67a5240: d807 0000 | 450f b644 | ec10 8bd9 | 83c3 fd44 | 3bdb 41ba | 0000 0080 | 410f 4cda | 418b f8c1 
  0x0000020bc67a5260: e705 412b | f84d 8d1c | ec83 fb01 | 0f8e de07 | 0000 b801 | 0000 0045 | 33d2 e9d8 | 0100 0043 
  0x0000020bc67a5280: 8b6c c418 | 85ed 0f84 | 3c07 0000 | 478b 5cc4 | 0841 81fb | 98b0 1400 | 0f84 4e07 | 0000 4d8d 
  0x0000020bc67a52a0: 1cec 458b | 4b0c 453b | ca0f 85aa | 0200 0045 | 8b4b 104d | 8bc1 49c1 | e003 c4e1 | f97e e14c 
  0x0000020bc67a52c0: 3bc1 0f84 | 88f4 ffff | 0fbe 4910 | c4e1 f97e | e349 3bd8 | 0f84 76f4 | ffff 438b | 5ccc 0881 
  0x0000020bc67a52e0: fb70 e900 | 000f 8581 | 0800 004f | 8d04 cc41 | 0fbe 6810 | 3bcd 0f85 | d407 0000 | 418b 5814 
  0x0000020bc67a5300: c4c1 f97e | e041 8b78 | 1445 8b4c | dc0c 418b | 4cfc 0c41 | 3bc9 0f85 | d800 0000 | 4d8d 04dc 
  0x0000020bc67a5320: 498d 74dc | 104d 8d04 | fc49 8d7c | fc10 85c9 | 0f84 a500 | 0000 8bc1 | 83e0 1f83 | e1e0 0f84 
  0x0000020bc67a5340: 4b00 0000 | 488d 3c0f | 488d 340e | 48f7 d9c5 | fe6f 140f | c5fe 6f2c | 0ec5 edef | d5c4 e27d 
  0x0000020bc67a5360: 17d2 0f85 | 7a00 0000 | 4883 c120 | 75e1 85c0 | 0f84 6500 | 0000 c5fe | 6f54 07e0 | c5fe 6f6c 
  0x0000020bc67a5380: 06e0 c5ed | efd5 c4e2 | 7d17 d275 | 55eb 4c8b | c883 e1fc | 7419 488d | 3c0f 488d | 340e 48f7 
  0x0000020bc67a53a0: d98b 1c0f | 3b1c 0e75 | 3948 83c1 | 0475 f2f7 | c002 0000 | 0074 120f | b71f 0fb7 | 0e3b d975 
  0x0000020bc67a53c0: 2148 8d7f | 0248 8d76 | 02f7 c001 | 0000 0074 | 0a0f b61f | 0fb6 0e3b | d975 07b8 | 0100 0000 
  0x0000020bc67a53e0: eb02 33c0 | c5ed efd2 | c5d5 efed | 85c0 0f85 | 5cf3 ffff | ba45 ffff | ff48 8b2c | 24c5 fa11 
  0x0000020bc67a5400: 0424 c5fa | 114c 2404 | c5fa 115c | 2408 4c8b | 4424 184c | 8944 2410 | c5fb 1164 | 2418 4c89 
  0x0000020bc67a5420: 5c24 2044 | 8954 240c | c5f8 77e8 | d0ce 44f8 | 450f b654 | 0310 4103 | faff c03b | c10f 8daf 
  0x0000020bc67a5440: 0000 0044 | 8bd7 41c1 | e205 442b | d741 8bfa | ebde c4c1 | 797e d28b | d32b d03b | d841 0f4c 
  0x0000020bc67a5460: d281 faa0 | 0f00 00be | a00f 0000 | 0f47 d603 | d0c4 c179 | 6ed2 6666 | 0f1f 8400 | 0000 0000 
  0x0000020bc67a5480: 4863 e845 | 0fb6 542b | 1041 0fb6 | 742b 1345 | 0fb6 442b | 1145 0fb6 | 6c2b 1241 | 03fa 8bef 
  0x0000020bc67a54a0: c1e5 052b | ef41 03e8 | 448b d541 | c1e2 0544 | 2bd5 4503 | d545 8bc2 | 41c1 e005 | 452b c244 
  0x0000020bc67a54c0: 03c6 418b | f8c1 e705 | 412b f883 | c004 3bc2 | 7cae 498b | b748 0300 | 0085 063b | c30f 8c6f 
  0x0000020bc67a54e0: ffff ffc5 | f97e d23b | c10f 8c41 | ffff ff41 | 8bf8 85ff | 0f84 9e00 | 0000 c4c1 | f97e e241 
  0x0000020bc67a5500: 897a 0c44 | 8bd7 41c1 | ea10 4433 | d745 23ca | e9ac f0ff | ffc5 7a2c | d841 81fb | 0000 0080 
  0x0000020bc67a5520: 7510 4883 | ec08 c5fa | 1104 24e8 | c3bb 3ff8 | 415b e9c9 | f2ff ffc5 | 7a2c c441 | 81f8 0000 
  0x0000020bc67a5540: 0080 7510 | 4883 ec08 | c5fa 1124 | 24e8 a1bb | 3ff8 4158 | e9da f2ff | ff45 8b5b | 184d 8b87 
  0x0000020bc67a5560: 4803 0000 | 4185 0045 | 85db 0f84 | 5804 0000 | 49c1 e303 | e929 fdff | ff45 33c9 | 33d2 4533 
  0x0000020bc67a5580: d2e9 3bf0 | ffff 41f7 | d8e9 99f2 | ffff 41f7 | dbe9 5ff2 | ffff 33d2 | c4c1 f97e | e241 c642 
  0x0000020bc67a55a0: 1101 4533 | c945 33d2 | e914 f0ff | ff45 33c9 | 33d2 4533 | d2e9 07f0 | ffff ba45 | ffff ffc4 
  0x0000020bc67a55c0: e1f9 7ec5 | c5fb 110c | 24c5 fb11 | 5c24 0889 | 4c24 1844 | 894c 241c | c5f8 77e8 | 20cd 44f8 
  0x0000020bc67a55e0: c4c1 796e | d6ba e6ff | ffff 498b | ebc5 fa11 | 1424 6690 | c5f8 77e8 | 04cd 44f8 | 4489 4c24 
  0x0000020bc67a5600: 10ba e6ff | ffff 8bee | 4489 5c24 | 0466 6690 | c5f8 77e8 | e8cc 44f8 | bae4 ffff | ff48 8b2c 
  0x0000020bc67a5620: 2444 8b5c | 2408 4489 | 1c24 4c8b | 5c24 184c | 895c 2408 | 448b 4424 | 1044 8944 | 2404 448b 
  0x0000020bc67a5640: 5c24 1444 | 895c 2410 | c5fb 1144 | 2418 c5fb | 1164 2420 | 4489 5424 | 2844 894c | 242c c5fa 
  0x0000020bc67a5660: 1154 2430 | c5fa 115c | 2434 6690 | c5f8 77e8 | 8ccc 44f8 | bae4 ffff | ff48 8b2c | 2444 8b5c 
  0x0000020bc67a5680: 2408 4489 | 1c24 4c8b | 5c24 184c | 895c 2408 | 448b 4424 | 1044 8944 | 2404 448b | 5c24 1444 
  0x0000020bc67a56a0: 895c 2410 | c5fb 1144 | 2418 c5fb | 1164 2420 | 4489 5424 | 2844 8954 | 242c c5fa | 1154 2430 
  0x0000020bc67a56c0: c5fa 116c | 2434 c57a | 1144 2438 | c5f8 77e8 | 2ccc 44f8 | bae4 ffff | ff48 8b2c | 2444 8b44 
  0x0000020bc67a56e0: 2408 4489 | 0424 4c8b | 5c24 184c | 895c 2408 | 448b 4424 | 1044 8944 | 2404 448b | 5c24 1444 
  0x0000020bc67a5700: 895c 2410 | c5fb 1144 | 2418 c5fb | 1164 2420 | 4489 5424 | 2844 894c | 242c c5fa | 1154 2430 
  0x0000020bc67a5720: c57a 1144 | 2434 6690 | c5f8 77e8 | d0cb 44f8 | 4f8d 1cc4 | e9ac feff | ffba f6ff | ffff 6690 
  0x0000020bc67a5740: c5f8 77e8 | b8cb 44f8 | 418b 6cfc | 0cd1 fdff | c5ba 76ff | ffff 4c8b | 5424 184c | 8954 2410 
  0x0000020bc67a5760: 448b 5424 | 2044 8954 | 240c 448b | 5c24 2444 | 895c 2418 | 4c8b 5424 | 284c 8954 | 2420 4889 
  0x0000020bc67a5780: 4424 2844 | 8974 241c | c5f8 77e8 | 70cb 44f8 | 8bdd 41bb | 0100 0000 | e9f0 f8ff | ffba f6ff 
  0x0000020bc67a57a0: ffff 6690 | c5f8 77e8 | 54cb 44f8 | 4533 d2e9 | f7f4 ffff | 448b d1e9 | 85f4 ffff | bade ffff 
  0x0000020bc67a57c0: ffc5 fa11 | 4424 08c5 | fa11 4c24 | 0c44 894c | 2410 4c89 | 4424 2090 | c5f8 77e8 | 20cb 44f8 
  0x0000020bc67a57e0: bae4 ffff | ff48 8b2c | 24c5 fa11 | 0c24 c5fa | 115c 2404 | 4c8b 5424 | 184c 8954 | 2408 c5fa 
  0x0000020bc67a5800: 1144 2410 | 4889 4424 | 2066 6690 | c5f8 77e8 | ecca 44f8 | 4c8b 0c24 | 488b 7424 | 18ba beff 
  0x0000020bc67a5820: ffff 498b | e948 8934 | 2448 8944 | 2408 4489 | 5c24 1044 | 8944 2418 | 4489 4424 | 1c89 4c24 
  0x0000020bc67a5840: 2066 6690 | c5f8 77e8 | b4ca 44f8 | 4c8b 0c24 | 488b 7424 | 18eb c648 | 8b74 2418 | ebbf ba45 
  0x0000020bc67a5860: ffff ff48 | 8b2c 24c5 | fa11 0424 | c5fa 114c | 2404 c5fa | 115c 2408 | 4889 7c24 | 104c 8944 
  0x0000020bc67a5880: 2418 4489 | 4c24 2044 | 8954 2424 | c5f8 77e8 | 6cca 44f8 | ba45 ffff | ff4c 8b4c | 2418 4c89 
  0x0000020bc67a58a0: 4c24 0848 | 8944 2410 | 4489 5c24 | 1844 8944 | 241c 4489 | 5424 2090 | c5f8 77e8 | 40ca 44f8 
  0x0000020bc67a58c0: 448b 4c24 | 2cba beff | ffff 488b | 2c24 448b | 5424 0844 | 8914 244c | 8b54 2418 | 4c89 5424 
  0x0000020bc67a58e0: 0844 8b5c | 2410 4489 | 5c24 0444 | 8b54 2414 | 4489 5424 | 104c 8b54 | 2420 4c89 | 5424 1848 
  0x0000020bc67a5900: 8944 2420 | 4489 4c24 | 1466 6690 | c5f8 77e8 | ecc9 44f8 | 448b 4c24 | 2ceb aa44 | 8b4c 242c 
  0x0000020bc67a5920: eba3 bae4 | ffff ff48 | 8b2c 2444 | 8914 244c | 8b54 2418 | 4c89 5424 | 0844 895c | 2404 4489 
  0x0000020bc67a5940: 4424 1048 | 8944 2420 | 894c 2414 | c5f8 77e8 | acc9 44f8 | babe ffff | ff48 8b2c | 2444 8b54 
  0x0000020bc67a5960: 2408 4489 | 1424 4c8b | 5424 184c | 8954 2408 | 448b 5c24 | 2044 895c | 2404 448b | 5424 2444 
  0x0000020bc67a5980: 8954 2410 | 4889 4424 | 2066 6690 | c5f8 77e8 | 6cc9 44f8 | bae4 ffff | ff48 8b2c | 2444 8914 
  0x0000020bc67a59a0: 244c 8b54 | 2418 4c89 | 5424 0844 | 895c 2404 | 4489 4424 | 1089 4c24 | 1448 8944 | 2420 6690 
  0x0000020bc67a59c0: c5f8 77e8 | 38c9 44f8 | baf4 ffff | ff48 8b2c | 24c5 fa11 | 0424 c5fa | 114c 2404 | c5fa 115c 
  0x0000020bc67a59e0: 2408 6690 | c5f8 77e8 | 14c9 44f8 | ba45 ffff | ffc5 fa11 | 4424 08c5 | fa11 4c24 | 0cc5 fa11 
  0x0000020bc67a5a00: 5c24 10c5 | fb11 6424 | 2044 8944 | 2414 4489 | 5424 2890 | c5f8 77e8 | e4c8 44f8 | ba76 ffff 
  0x0000020bc67a5a20: ffc5 fa11 | 4424 08c5 | fa11 4c24 | 0cc5 fa11 | 5c24 1044 | 894c 2414 | c5fb 1164 | 2428 894c 
  0x0000020bc67a5a40: 2434 4489 | 5424 3890 | c5f8 77e8 | b0c8 44f8 | b801 0000 | 0033 d2e9 | 8bfa ffff | ba45 ffff 
  0x0000020bc67a5a60: ffc5 fa11 | 4424 08c5 | fa11 4c24 | 0cc5 fa11 | 5c24 10c5 | fb11 6424 | 2844 8944 | 2414 4489 
  0x0000020bc67a5a80: 5424 304c | 895c 2438 | 895c 2434 | c5f8 77e8 | 6cc8 44f8 | 4585 c040 | 0f95 c540 | 0fb6 ed83 
  0x0000020bc67a5aa0: f501 ba45 | ffff ffc5 | fa11 4424 | 08c5 fa11 | 4c24 0cc5 | fa11 5c24 | 1044 894c | 2414 4c89 
  0x0000020bc67a5ac0: 5c24 2844 | 8954 2430 | c5f8 77e8 | 30c8 44f8 | ba45 ffff | ffc5 fa11 | 4424 08c5 | fa11 4c24 
  0x0000020bc67a5ae0: 0cc5 fa11 | 5c24 10c5 | fb11 6424 | 284c 895c | 2430 4489 | 5424 144c | 8944 2438 | 894c 2440 
  0x0000020bc67a5b00: c5f8 77e8 | f8c7 44f8 | bade ffff | ffc5 fa11 | 4424 08c5 | fa11 4c24 | 0cc5 fa11 | 5c24 1090 
  0x0000020bc67a5b20: c5f8 77e8 | d8c7 44f8 | bade ffff | ff48 8b2c | 24c5 fa11 | 0424 c5fa | 114c 2404 | c5fa 115c 
  0x0000020bc67a5b40: 2408 4c8b | 4c24 184c | 894c 2410 | c5fb 1164 | 2420 4489 | 4424 0c44 | 8954 2428 | 4489 5c24 
  0x0000020bc67a5b60: 3066 6690 | c5f8 77e8 | 94c7 44f8 | bade ffff | ff48 8b2c | 24c5 fa11 | 0424 c5fa | 114c 2404 
  0x0000020bc67a5b80: c5fa 115c | 2408 4c8b | 4424 184c | 8944 2410 | c5fb 1164 | 2420 4c89 | 5c24 2844 | 8954 240c 
  0x0000020bc67a5ba0: 4489 4c24 | 3466 6690 | c5f8 77e8 | 50c7 44f8 | baf6 ffff | ff66 6690 | c5f8 77e8 | 40c7 44f8 
  0x0000020bc67a5bc0: c4c1 796e | d6ba f6ff | ffff c5f9 | 7ed5 6690 | c5f8 77e8 | 28c7 44f8 | 4489 4c24 | 10ba f6ff 
  0x0000020bc67a5be0: ffff 4489 | 1c24 6690 | c5f8 77e8 | 10c7 44f8 | baf6 ffff | ff66 6690 | c5f8 77e8 | 00c7 44f8 
  0x0000020bc67a5c00: ba76 ffff | ff48 8b2c | 2444 8b5c | 2408 4489 | 1c24 4c8b | 5424 184c | 8954 2408 | 448b 5424 
  0x0000020bc67a5c20: 1044 8954 | 2404 448b | 5c24 1444 | 895c 2410 | 48ff 7424 | 2048 8f44 | 2418 4889 | 4424 20c5 
  0x0000020bc67a5c40: fa11 5424 | 1489 7c24 | 2866 6690 | c5f8 77e8 | acc6 44f8 | baf6 ffff | ff66 6690 | c5f8 77e8 
  0x0000020bc67a5c60: 9cc6 44f8 | 488b d0eb | 0848 8bd0 | eb03 488b | d0c5 f877 | 4883 c460 | 5de9 8283 | 4ff8 baf6 
  0x0000020bc67a5c80: ffff ff49 | 8be8 6690 | c5f8 77e8 | 70c6 44f8 | baf6 ffff | ff66 6690 | c5f8 77e8 | 60c6 44f8 
  0x0000020bc67a5ca0: baf6 ffff | ff66 6690 | c5f8 77e8 | 50c6 44f8 | 488b 7424 | 18e9 63fb | ffff 488b | 7424 18e9 
  0x0000020bc67a5cc0: 59fb ffff | baf6 ffff | ff66 6690 | c5f8 77e8 | 2cc6 44f8 | baf6 ffff | ff66 6690 | c5f8 77e8 
  0x0000020bc67a5ce0: 1cc6 44f8 | baf6 ffff | ff66 6690 | c5f8 77e8 | 0cc6 44f8 | baf6 ffff | ff66 6690 | c5f8 77e8 
  0x0000020bc67a5d00: fcc5 44f8 | ba45 ffff | ff48 8b2c | 24c5 fa11 | 0424 c5fa | 114c 2404 | c5fa 115c | 2408 4c8b 
  0x0000020bc67a5d20: 4c24 184c | 894c 2410 | c5fb 1164 | 2420 4489 | 4424 0c44 | 8954 2428 | 4489 5c24 | 2c66 6690 
  0x0000020bc67a5d40: c5f8 77e8 | b8c5 44f8 | baf6 ffff | ff66 6690 | c5f8 77e8 | a8c5 44f8 | ba45 ffff | ff48 8b2c 
  0x0000020bc67a5d60: 24c5 fa11 | 0424 c5fa | 114c 2404 | c5fa 115c | 2408 4c8b | 4424 184c | 8944 2410 | c5fb 1164 
  0x0000020bc67a5d80: 2420 4c89 | 5c24 2844 | 8954 240c | 4489 4c24 | 3066 6690 | c5f8 77e8 | 64c5 44f8 | 49ba 9a4f 
  0x0000020bc67a5da0: 7ac6 0b02 | 0000 4d89 | 9758 0300 | 00e9 4ed6 | 44f8 f4f4 | f4f4 f4f4 | f4f4 f4f4 | f4f4 f4f4 
  0x0000020bc67a5dc0: 48bb 0000 | 0000 0000 | 0000 e9fb | ffff ffe9 | aced 4ef8 | e800 0000 | 0048 832c | 2405 e9bd 
  0x0000020bc67a5de0: c844 f8f4 | f4f4 f4f4 
[/MachCode]
--------------------------------------------------------------------------------


---------------  P R O C E S S  ---------------

Threads class SMR info:
_java_thread_list=0x0000020bdb8fcf70, length=26, elements={
0x0000020bda66eb60, 0x0000020bda66f7d0, 0x0000020bda685950, 0x0000020bda687710,
0x0000020bda6880c0, 0x0000020bda688a70, 0x0000020bda689800, 0x0000020bda68d7a0,
0x0000020bda699890, 0x0000020bdb0ff240, 0x0000020bdb107b80, 0x0000020bdb13e4b0,
0x0000020bdb14b1e0, 0x0000020bb70cda00, 0x0000020bdb2e8f30, 0x0000020bdb382350,
0x0000020bdb3969b0, 0x0000020bdb7f5560, 0x0000020bdb820460, 0x0000020bdb822f40,
0x0000020bdb824280, 0x0000020bdb8307c0, 0x0000020bdb830cd0, 0x0000020bdb8311e0,
0x0000020bdb86f470, 0x0000020bdb824750
}

Java Threads: ( => current thread )
  0x0000020bda66eb60 JavaThread "Reference Handler" daemon [_thread_blocked, id=1356, stack(0x0000002961500000,0x0000002961600000)]
  0x0000020bda66f7d0 JavaThread "Finalizer" daemon [_thread_blocked, id=16544, stack(0x0000002961600000,0x0000002961700000)]
  0x0000020bda685950 JavaThread "Signal Dispatcher" daemon [_thread_blocked, id=15476, stack(0x0000002961700000,0x0000002961800000)]
  0x0000020bda687710 JavaThread "Attach Listener" daemon [_thread_blocked, id=10088, stack(0x0000002961800000,0x0000002961900000)]
  0x0000020bda6880c0 JavaThread "Service Thread" daemon [_thread_blocked, id=18440, stack(0x0000002961900000,0x0000002961a00000)]
  0x0000020bda688a70 JavaThread "Monitor Deflation Thread" daemon [_thread_blocked, id=22968, stack(0x0000002961a00000,0x0000002961b00000)]
  0x0000020bda689800 JavaThread "C2 CompilerThread0" daemon [_thread_blocked, id=13436, stack(0x0000002961b00000,0x0000002961c00000)]
  0x0000020bda68d7a0 JavaThread "C1 CompilerThread0" daemon [_thread_blocked, id=10480, stack(0x0000002961c00000,0x0000002961d00000)]
  0x0000020bda699890 JavaThread "Sweeper thread" daemon [_thread_blocked, id=20216, stack(0x0000002961d00000,0x0000002961e00000)]
  0x0000020bdb0ff240 JavaThread "C1 CompilerThread1" daemon [_thread_blocked, id=24056, stack(0x0000002961e00000,0x0000002961f00000)]
  0x0000020bdb107b80 JavaThread "C1 CompilerThread2" daemon [_thread_blocked, id=12636, stack(0x0000002961f00000,0x0000002962000000)]
  0x0000020bdb13e4b0 JavaThread "Notification Thread" daemon [_thread_blocked, id=23000, stack(0x0000002962000000,0x0000002962100000)]
  0x0000020bdb14b1e0 JavaThread "Common-Cleaner" daemon [_thread_blocked, id=6136, stack(0x0000002962200000,0x0000002962300000)]
  0x0000020bb70cda00 JavaThread "DestroyJavaVM" [_thread_blocked, id=20224, stack(0x0000002960e00000,0x0000002960f00000)]
  0x0000020bdb2e8f30 JavaThread "Java2D Disposer" daemon [_thread_blocked, id=8848, stack(0x0000002962400000,0x0000002962500000)]
  0x0000020bdb382350 JavaThread "AWT-Shutdown" [_thread_blocked, id=13840, stack(0x0000002962600000,0x0000002962700000)]
  0x0000020bdb3969b0 JavaThread "AWT-Windows" daemon [_thread_in_native, id=15744, stack(0x0000002962700000,0x0000002962800000)]
  0x0000020bdb7f5560 JavaThread "AWT-EventQueue-0" [_thread_blocked, id=9236, stack(0x0000002963400000,0x0000002963500000)]
=>0x0000020bdb820460 JavaThread "Thread-2" [_thread_in_Java, id=11592, stack(0x0000002963500000,0x0000002963600000)]
  0x0000020bdb822f40 JavaThread "Thread-1" [_thread_in_Java, id=16164, stack(0x0000002963600000,0x0000002963700000)]
  0x0000020bdb824280 JavaThread "D3D Screen Updater" daemon [_thread_blocked, id=21312, stack(0x0000002962300000,0x0000002962400000)]
  0x0000020bdb8307c0 JavaThread "C2 CompilerThread1" daemon [_thread_blocked, id=19988, stack(0x0000002962500000,0x0000002962600000)]
  0x0000020bdb830cd0 JavaThread "C2 CompilerThread2" daemon [_thread_blocked, id=21244, stack(0x0000002963700000,0x0000002963800000)]
  0x0000020bdb8311e0 JavaThread "C2 CompilerThread3" daemon [_thread_blocked, id=20532, stack(0x0000002963800000,0x0000002963900000)]
  0x0000020bdb86f470 JavaThread "C2 CompilerThread4" daemon [_thread_blocked, id=20476, stack(0x0000002963900000,0x0000002963a00000)]
  0x0000020bdb824750 JavaThread "Thread-3" [_thread_in_Java, id=2244, stack(0x0000002963a00000,0x0000002963b00000)]

Other Threads:
  0x0000020bda664c50 VMThread "VM Thread" [stack: 0x0000002961400000,0x0000002961500000] [id=12368]
  0x0000020bdb14a9b0 WatcherThread [stack: 0x0000002962100000,0x0000002962200000] [id=19476]
  0x0000020bb711b3f0 GCTaskThread "GC Thread#0" [stack: 0x0000002960f00000,0x0000002961000000] [id=21016]
  0x0000020bb712b9c0 ConcurrentGCThread "G1 Main Marker" [stack: 0x0000002961000000,0x0000002961100000] [id=5348]
  0x0000020bb712db80 ConcurrentGCThread "G1 Conc#0" [stack: 0x0000002961100000,0x0000002961200000] [id=21456]
  0x0000020bb719bde0 ConcurrentGCThread "G1 Refine#0" [stack: 0x0000002961200000,0x0000002961300000] [id=11624]
  0x0000020bb719c700 ConcurrentGCThread "G1 Service" [stack: 0x0000002961300000,0x0000002961400000] [id=20408]

Threads with active compile tasks:

VM state: not at safepoint (normal execution)

VM Mutex/Monitor currently owned by a thread: None

Heap address: 0x0000000709600000, size: 3946 MB, Compressed Oops mode: Zero based, Oop shift amount: 3

CDS archive(s) mapped at: [0x0000000800000000-0x0000000800bc0000-0x0000000800bc0000), size 12320768, SharedBaseAddress: 0x0000000800000000, ArchiveRelocationMode: 0.
Compressed class space mapped at: 0x0000000800c00000-0x0000000840c00000, reserved size: 1073741824
Narrow klass base: 0x0000000800000000, Narrow klass shift: 0, Narrow klass range: 0x100000000

GC Precious Log:
 CPUs: 16 total, 16 available
 Memory: 15776M
 Large Page Support: Disabled
 NUMA Support: Disabled
 Compressed Oops: Enabled (Zero based)
 Heap Region Size: 2M
 Heap Min Capacity: 8M
 Heap Initial Capacity: 248M
 Heap Max Capacity: 3946M
 Pre-touch: Disabled
 Parallel Workers: 13
 Concurrent Workers: 3
 Concurrent Refinement Workers: 13
 Periodic GC: Disabled

Heap:
 garbage-first heap   total 253952K, used 24576K [0x0000000709600000, 0x0000000800000000)
  region size 2048K, 11 young (22528K), 0 survivors (0K)
 Metaspace       used 6948K, committed 7104K, reserved 1056768K
  class space    used 751K, committed 832K, reserved 1048576K

Heap Regions: E=young(eden), S=young(survivor), O=old, HS=humongous(starts), HC=humongous(continues), CS=collection set, F=free, OA=open archive, CA=closed archive, TAMS=top-at-mark-start (previous, next)
|   0|0x0000000709600000, 0x0000000709800000, 0x0000000709800000|100%|HS|  |TAMS 0x0000000709600000, 0x0000000709600000| Complete 
|   1|0x0000000709800000, 0x0000000709a00000, 0x0000000709a00000|100%|HC|  |TAMS 0x0000000709800000, 0x0000000709800000| Complete 
|   2|0x0000000709a00000, 0x0000000709a00000, 0x0000000709c00000|  0%| F|  |TAMS 0x0000000709a00000, 0x0000000709a00000| Untracked 
|   3|0x0000000709c00000, 0x0000000709c00000, 0x0000000709e00000|  0%| F|  |TAMS 0x0000000709c00000, 0x0000000709c00000| Untracked 
|   4|0x0000000709e00000, 0x0000000709e00000, 0x000000070a000000|  0%| F|  |TAMS 0x0000000709e00000, 0x0000000709e00000| Untracked 
|   5|0x000000070a000000, 0x000000070a000000, 0x000000070a200000|  0%| F|  |TAMS 0x000000070a000000, 0x000000070a000000| Untracked 
|   6|0x000000070a200000, 0x000000070a200000, 0x000000070a400000|  0%| F|  |TAMS 0x000000070a200000, 0x000000070a200000| Untracked 
|   7|0x000000070a400000, 0x000000070a400000, 0x000000070a600000|  0%| F|  |TAMS 0x000000070a400000, 0x000000070a400000| Untracked 
|   8|0x000000070a600000, 0x000000070a600000, 0x000000070a800000|  0%| F|  |TAMS 0x000000070a600000, 0x000000070a600000| Untracked 
|   9|0x000000070a800000, 0x000000070a800000, 0x000000070aa00000|  0%| F|  |TAMS 0x000000070a800000, 0x000000070a800000| Untracked 
|  10|0x000000070aa00000, 0x000000070aa00000, 0x000000070ac00000|  0%| F|  |TAMS 0x000000070aa00000, 0x000000070aa00000| Untracked 
|  11|0x000000070ac00000, 0x000000070ac00000, 0x000000070ae00000|  0%| F|  |TAMS 0x000000070ac00000, 0x000000070ac00000| Untracked 
|  12|0x000000070ae00000, 0x000000070ae00000, 0x000000070b000000|  0%| F|  |TAMS 0x000000070ae00000, 0x000000070ae00000| Untracked 
|  13|0x000000070b000000, 0x000000070b000000, 0x000000070b200000|  0%| F|  |TAMS 0x000000070b000000, 0x000000070b000000| Untracked 
|  14|0x000000070b200000, 0x000000070b200000, 0x000000070b400000|  0%| F|  |TAMS 0x000000070b200000, 0x000000070b200000| Untracked 
|  15|0x000000070b400000, 0x000000070b400000, 0x000000070b600000|  0%| F|  |TAMS 0x000000070b400000, 0x000000070b400000| Untracked 
|  16|0x000000070b600000, 0x000000070b600000, 0x000000070b800000|  0%| F|  |TAMS 0x000000070b600000, 0x000000070b600000| Untracked 
|  17|0x000000070b800000, 0x000000070b800000, 0x000000070ba00000|  0%| F|  |TAMS 0x000000070b800000, 0x000000070b800000| Untracked 
|  18|0x000000070ba00000, 0x000000070ba00000, 0x000000070bc00000|  0%| F|  |TAMS 0x000000070ba00000, 0x000000070ba00000| Untracked 
|  19|0x000000070bc00000, 0x000000070bc00000, 0x000000070be00000|  0%| F|  |TAMS 0x000000070bc00000, 0x000000070bc00000| Untracked 
|  20|0x000000070be00000, 0x000000070be00000, 0x000000070c000000|  0%| F|  |TAMS 0x000000070be00000, 0x000000070be00000| Untracked 
|  21|0x000000070c000000, 0x000000070c000000, 0x000000070c200000|  0%| F|  |TAMS 0x000000070c000000, 0x000000070c000000| Untracked 
|  22|0x000000070c200000, 0x000000070c200000, 0x000000070c400000|  0%| F|  |TAMS 0x000000070c200000, 0x000000070c200000| Untracked 
|  23|0x000000070c400000, 0x000000070c400000, 0x000000070c600000|  0%| F|  |TAMS 0x000000070c400000, 0x000000070c400000| Untracked 
|  24|0x000000070c600000, 0x000000070c600000, 0x000000070c800000|  0%| F|  |TAMS 0x000000070c600000, 0x000000070c600000| Untracked 
|  25|0x000000070c800000, 0x000000070c800000, 0x000000070ca00000|  0%| F|  |TAMS 0x000000070c800000, 0x000000070c800000| Untracked 
|  26|0x000000070ca00000, 0x000000070ca00000, 0x000000070cc00000|  0%| F|  |TAMS 0x000000070ca00000, 0x000000070ca00000| Untracked 
|  27|0x000000070cc00000, 0x000000070cc00000, 0x000000070ce00000|  0%| F|  |TAMS 0x000000070cc00000, 0x000000070cc00000| Untracked 
|  28|0x000000070ce00000, 0x000000070ce00000, 0x000000070d000000|  0%| F|  |TAMS 0x000000070ce00000, 0x000000070ce00000| Untracked 
|  29|0x000000070d000000, 0x000000070d000000, 0x000000070d200000|  0%| F|  |TAMS 0x000000070d000000, 0x000000070d000000| Untracked 
|  30|0x000000070d200000, 0x000000070d200000, 0x000000070d400000|  0%| F|  |TAMS 0x000000070d200000, 0x000000070d200000| Untracked 
|  31|0x000000070d400000, 0x000000070d400000, 0x000000070d600000|  0%| F|  |TAMS 0x000000070d400000, 0x000000070d400000| Untracked 
|  32|0x000000070d600000, 0x000000070d600000, 0x000000070d800000|  0%| F|  |TAMS 0x000000070d600000, 0x000000070d600000| Untracked 
|  33|0x000000070d800000, 0x000000070d800000, 0x000000070da00000|  0%| F|  |TAMS 0x000000070d800000, 0x000000070d800000| Untracked 
|  34|0x000000070da00000, 0x000000070da00000, 0x000000070dc00000|  0%| F|  |TAMS 0x000000070da00000, 0x000000070da00000| Untracked 
|  35|0x000000070dc00000, 0x000000070dc00000, 0x000000070de00000|  0%| F|  |TAMS 0x000000070dc00000, 0x000000070dc00000| Untracked 
|  36|0x000000070de00000, 0x000000070de00000, 0x000000070e000000|  0%| F|  |TAMS 0x000000070de00000, 0x000000070de00000| Untracked 
|  37|0x000000070e000000, 0x000000070e000000, 0x000000070e200000|  0%| F|  |TAMS 0x000000070e000000, 0x000000070e000000| Untracked 
|  38|0x000000070e200000, 0x000000070e200000, 0x000000070e400000|  0%| F|  |TAMS 0x000000070e200000, 0x000000070e200000| Untracked 
|  39|0x000000070e400000, 0x000000070e400000, 0x000000070e600000|  0%| F|  |TAMS 0x000000070e400000, 0x000000070e400000| Untracked 
|  40|0x000000070e600000, 0x000000070e600000, 0x000000070e800000|  0%| F|  |TAMS 0x000000070e600000, 0x000000070e600000| Untracked 
|  41|0x000000070e800000, 0x000000070e800000, 0x000000070ea00000|  0%| F|  |TAMS 0x000000070e800000, 0x000000070e800000| Untracked 
|  42|0x000000070ea00000, 0x000000070ea00000, 0x000000070ec00000|  0%| F|  |TAMS 0x000000070ea00000, 0x000000070ea00000| Untracked 
|  43|0x000000070ec00000, 0x000000070ec00000, 0x000000070ee00000|  0%| F|  |TAMS 0x000000070ec00000, 0x000000070ec00000| Untracked 
|  44|0x000000070ee00000, 0x000000070ee00000, 0x000000070f000000|  0%| F|  |TAMS 0x000000070ee00000, 0x000000070ee00000| Untracked 
|  45|0x000000070f000000, 0x000000070f000000, 0x000000070f200000|  0%| F|  |TAMS 0x000000070f000000, 0x000000070f000000| Untracked 
|  46|0x000000070f200000, 0x000000070f200000, 0x000000070f400000|  0%| F|  |TAMS 0x000000070f200000, 0x000000070f200000| Untracked 
|  47|0x000000070f400000, 0x000000070f400000, 0x000000070f600000|  0%| F|  |TAMS 0x000000070f400000, 0x000000070f400000| Untracked 
|  48|0x000000070f600000, 0x000000070f600000, 0x000000070f800000|  0%| F|  |TAMS 0x000000070f600000, 0x000000070f600000| Untracked 
|  49|0x000000070f800000, 0x000000070f800000, 0x000000070fa00000|  0%| F|  |TAMS 0x000000070f800000, 0x000000070f800000| Untracked 
|  50|0x000000070fa00000, 0x000000070fa00000, 0x000000070fc00000|  0%| F|  |TAMS 0x000000070fa00000, 0x000000070fa00000| Untracked 
|  51|0x000000070fc00000, 0x000000070fc00000, 0x000000070fe00000|  0%| F|  |TAMS 0x000000070fc00000, 0x000000070fc00000| Untracked 
|  52|0x000000070fe00000, 0x000000070fe00000, 0x0000000710000000|  0%| F|  |TAMS 0x000000070fe00000, 0x000000070fe00000| Untracked 
|  53|0x0000000710000000, 0x0000000710000000, 0x0000000710200000|  0%| F|  |TAMS 0x0000000710000000, 0x0000000710000000| Untracked 
|  54|0x0000000710200000, 0x0000000710200000, 0x0000000710400000|  0%| F|  |TAMS 0x0000000710200000, 0x0000000710200000| Untracked 
|  55|0x0000000710400000, 0x0000000710400000, 0x0000000710600000|  0%| F|  |TAMS 0x0000000710400000, 0x0000000710400000| Untracked 
|  56|0x0000000710600000, 0x0000000710600000, 0x0000000710800000|  0%| F|  |TAMS 0x0000000710600000, 0x0000000710600000| Untracked 
|  57|0x0000000710800000, 0x0000000710800000, 0x0000000710a00000|  0%| F|  |TAMS 0x0000000710800000, 0x0000000710800000| Untracked 
|  58|0x0000000710a00000, 0x0000000710a00000, 0x0000000710c00000|  0%| F|  |TAMS 0x0000000710a00000, 0x0000000710a00000| Untracked 
|  59|0x0000000710c00000, 0x0000000710c00000, 0x0000000710e00000|  0%| F|  |TAMS 0x0000000710c00000, 0x0000000710c00000| Untracked 
|  60|0x0000000710e00000, 0x0000000710e00000, 0x0000000711000000|  0%| F|  |TAMS 0x0000000710e00000, 0x0000000710e00000| Untracked 
|  61|0x0000000711000000, 0x0000000711000000, 0x0000000711200000|  0%| F|  |TAMS 0x0000000711000000, 0x0000000711000000| Untracked 
|  62|0x0000000711200000, 0x0000000711200000, 0x0000000711400000|  0%| F|  |TAMS 0x0000000711200000, 0x0000000711200000| Untracked 
|  63|0x0000000711400000, 0x0000000711400000, 0x0000000711600000|  0%| F|  |TAMS 0x0000000711400000, 0x0000000711400000| Untracked 
|  64|0x0000000711600000, 0x0000000711600000, 0x0000000711800000|  0%| F|  |TAMS 0x0000000711600000, 0x0000000711600000| Untracked 
|  65|0x0000000711800000, 0x0000000711800000, 0x0000000711a00000|  0%| F|  |TAMS 0x0000000711800000, 0x0000000711800000| Untracked 
|  66|0x0000000711a00000, 0x0000000711a00000, 0x0000000711c00000|  0%| F|  |TAMS 0x0000000711a00000, 0x0000000711a00000| Untracked 
|  67|0x0000000711c00000, 0x0000000711c00000, 0x0000000711e00000|  0%| F|  |TAMS 0x0000000711c00000, 0x0000000711c00000| Untracked 
|  68|0x0000000711e00000, 0x0000000711e00000, 0x0000000712000000|  0%| F|  |TAMS 0x0000000711e00000, 0x0000000711e00000| Untracked 
|  69|0x0000000712000000, 0x0000000712000000, 0x0000000712200000|  0%| F|  |TAMS 0x0000000712000000, 0x0000000712000000| Untracked 
|  70|0x0000000712200000, 0x0000000712200000, 0x0000000712400000|  0%| F|  |TAMS 0x0000000712200000, 0x0000000712200000| Untracked 
|  71|0x0000000712400000, 0x0000000712400000, 0x0000000712600000|  0%| F|  |TAMS 0x0000000712400000, 0x0000000712400000| Untracked 
|  72|0x0000000712600000, 0x0000000712600000, 0x0000000712800000|  0%| F|  |TAMS 0x0000000712600000, 0x0000000712600000| Untracked 
|  73|0x0000000712800000, 0x0000000712800000, 0x0000000712a00000|  0%| F|  |TAMS 0x0000000712800000, 0x0000000712800000| Untracked 
|  74|0x0000000712a00000, 0x0000000712a00000, 0x0000000712c00000|  0%| F|  |TAMS 0x0000000712a00000, 0x0000000712a00000| Untracked 
|  75|0x0000000712c00000, 0x0000000712c00000, 0x0000000712e00000|  0%| F|  |TAMS 0x0000000712c00000, 0x0000000712c00000| Untracked 
|  76|0x0000000712e00000, 0x0000000712e00000, 0x0000000713000000|  0%| F|  |TAMS 0x0000000712e00000, 0x0000000712e00000| Untracked 
|  77|0x0000000713000000, 0x0000000713000000, 0x0000000713200000|  0%| F|  |TAMS 0x0000000713000000, 0x0000000713000000| Untracked 
|  78|0x0000000713200000, 0x0000000713200000, 0x0000000713400000|  0%| F|  |TAMS 0x0000000713200000, 0x0000000713200000| Untracked 
|  79|0x0000000713400000, 0x0000000713400000, 0x0000000713600000|  0%| F|  |TAMS 0x0000000713400000, 0x0000000713400000| Untracked 
|  80|0x0000000713600000, 0x0000000713600000, 0x0000000713800000|  0%| F|  |TAMS 0x0000000713600000, 0x0000000713600000| Untracked 
|  81|0x0000000713800000, 0x0000000713800000, 0x0000000713a00000|  0%| F|  |TAMS 0x0000000713800000, 0x0000000713800000| Untracked 
|  82|0x0000000713a00000, 0x0000000713a00000, 0x0000000713c00000|  0%| F|  |TAMS 0x0000000713a00000, 0x0000000713a00000| Untracked 
|  83|0x0000000713c00000, 0x0000000713c00000, 0x0000000713e00000|  0%| F|  |TAMS 0x0000000713c00000, 0x0000000713c00000| Untracked 
|  84|0x0000000713e00000, 0x0000000713e00000, 0x0000000714000000|  0%| F|  |TAMS 0x0000000713e00000, 0x0000000713e00000| Untracked 
|  85|0x0000000714000000, 0x0000000714000000, 0x0000000714200000|  0%| F|  |TAMS 0x0000000714000000, 0x0000000714000000| Untracked 
|  86|0x0000000714200000, 0x0000000714200000, 0x0000000714400000|  0%| F|  |TAMS 0x0000000714200000, 0x0000000714200000| Untracked 
|  87|0x0000000714400000, 0x0000000714400000, 0x0000000714600000|  0%| F|  |TAMS 0x0000000714400000, 0x0000000714400000| Untracked 
|  88|0x0000000714600000, 0x0000000714600000, 0x0000000714800000|  0%| F|  |TAMS 0x0000000714600000, 0x0000000714600000| Untracked 
|  89|0x0000000714800000, 0x0000000714800000, 0x0000000714a00000|  0%| F|  |TAMS 0x0000000714800000, 0x0000000714800000| Untracked 
|  90|0x0000000714a00000, 0x0000000714a00000, 0x0000000714c00000|  0%| F|  |TAMS 0x0000000714a00000, 0x0000000714a00000| Untracked 
|  91|0x0000000714c00000, 0x0000000714c00000, 0x0000000714e00000|  0%| F|  |TAMS 0x0000000714c00000, 0x0000000714c00000| Untracked 
|  92|0x0000000714e00000, 0x0000000714e00000, 0x0000000715000000|  0%| F|  |TAMS 0x0000000714e00000, 0x0000000714e00000| Untracked 
|  93|0x0000000715000000, 0x0000000715000000, 0x0000000715200000|  0%| F|  |TAMS 0x0000000715000000, 0x0000000715000000| Untracked 
|  94|0x0000000715200000, 0x0000000715200000, 0x0000000715400000|  0%| F|  |TAMS 0x0000000715200000, 0x0000000715200000| Untracked 
|  95|0x0000000715400000, 0x0000000715400000, 0x0000000715600000|  0%| F|  |TAMS 0x0000000715400000, 0x0000000715400000| Untracked 
|  96|0x0000000715600000, 0x0000000715600000, 0x0000000715800000|  0%| F|  |TAMS 0x0000000715600000, 0x0000000715600000| Untracked 
|  97|0x0000000715800000, 0x0000000715800000, 0x0000000715a00000|  0%| F|  |TAMS 0x0000000715800000, 0x0000000715800000| Untracked 
|  98|0x0000000715a00000, 0x0000000715a00000, 0x0000000715c00000|  0%| F|  |TAMS 0x0000000715a00000, 0x0000000715a00000| Untracked 
|  99|0x0000000715c00000, 0x0000000715c00000, 0x0000000715e00000|  0%| F|  |TAMS 0x0000000715c00000, 0x0000000715c00000| Untracked 
| 100|0x0000000715e00000, 0x0000000715e00000, 0x0000000716000000|  0%| F|  |TAMS 0x0000000715e00000, 0x0000000715e00000| Untracked 
| 101|0x0000000716000000, 0x0000000716000000, 0x0000000716200000|  0%| F|  |TAMS 0x0000000716000000, 0x0000000716000000| Untracked 
| 102|0x0000000716200000, 0x0000000716200000, 0x0000000716400000|  0%| F|  |TAMS 0x0000000716200000, 0x0000000716200000| Untracked 
| 103|0x0000000716400000, 0x0000000716400000, 0x0000000716600000|  0%| F|  |TAMS 0x0000000716400000, 0x0000000716400000| Untracked 
| 104|0x0000000716600000, 0x0000000716600000, 0x0000000716800000|  0%| F|  |TAMS 0x0000000716600000, 0x0000000716600000| Untracked 
| 105|0x0000000716800000, 0x0000000716800000, 0x0000000716a00000|  0%| F|  |TAMS 0x0000000716800000, 0x0000000716800000| Untracked 
| 106|0x0000000716a00000, 0x0000000716a00000, 0x0000000716c00000|  0%| F|  |TAMS 0x0000000716a00000, 0x0000000716a00000| Untracked 
| 107|0x0000000716c00000, 0x0000000716c00000, 0x0000000716e00000|  0%| F|  |TAMS 0x0000000716c00000, 0x0000000716c00000| Untracked 
| 108|0x0000000716e00000, 0x0000000716e00000, 0x0000000717000000|  0%| F|  |TAMS 0x0000000716e00000, 0x0000000716e00000| Untracked 
| 109|0x0000000717000000, 0x0000000717000000, 0x0000000717200000|  0%| F|  |TAMS 0x0000000717000000, 0x0000000717000000| Untracked 
| 110|0x0000000717200000, 0x0000000717200000, 0x0000000717400000|  0%| F|  |TAMS 0x0000000717200000, 0x0000000717200000| Untracked 
| 111|0x0000000717400000, 0x0000000717400000, 0x0000000717600000|  0%| F|  |TAMS 0x0000000717400000, 0x0000000717400000| Untracked 
| 112|0x0000000717600000, 0x0000000717600000, 0x0000000717800000|  0%| F|  |TAMS 0x0000000717600000, 0x0000000717600000| Untracked 
| 113|0x0000000717800000, 0x0000000717871288, 0x0000000717a00000| 22%| E|  |TAMS 0x0000000717800000, 0x0000000717800000| Complete 
| 114|0x0000000717a00000, 0x0000000717c00000, 0x0000000717c00000|100%| E|CS|TAMS 0x0000000717a00000, 0x0000000717a00000| Complete 
| 115|0x0000000717c00000, 0x0000000717e00000, 0x0000000717e00000|100%| E|CS|TAMS 0x0000000717c00000, 0x0000000717c00000| Complete 
| 116|0x0000000717e00000, 0x0000000718000000, 0x0000000718000000|100%| E|CS|TAMS 0x0000000717e00000, 0x0000000717e00000| Complete 
| 117|0x0000000718000000, 0x0000000718200000, 0x0000000718200000|100%| E|CS|TAMS 0x0000000718000000, 0x0000000718000000| Complete 
| 118|0x0000000718200000, 0x0000000718400000, 0x0000000718400000|100%| E|CS|TAMS 0x0000000718200000, 0x0000000718200000| Complete 
| 119|0x0000000718400000, 0x0000000718600000, 0x0000000718600000|100%| E|CS|TAMS 0x0000000718400000, 0x0000000718400000| Complete 
| 120|0x0000000718600000, 0x0000000718800000, 0x0000000718800000|100%| E|CS|TAMS 0x0000000718600000, 0x0000000718600000| Complete 
| 121|0x0000000718800000, 0x0000000718a00000, 0x0000000718a00000|100%| E|CS|TAMS 0x0000000718800000, 0x0000000718800000| Complete 
| 122|0x0000000718a00000, 0x0000000718c00000, 0x0000000718c00000|100%| E|CS|TAMS 0x0000000718a00000, 0x0000000718a00000| Complete 
| 123|0x0000000718c00000, 0x0000000718e00000, 0x0000000718e00000|100%| E|CS|TAMS 0x0000000718c00000, 0x0000000718c00000| Complete 

Card table byte_map: [0x0000020bcebf0000,0x0000020bcf3b0000] _byte_map_base: 0x0000020bcb3a5000

Marking Bits (Prev, Next): (CMBitMap*) 0x0000020bb711ba00, (CMBitMap*) 0x0000020bb711ba40
 Prev Bits: [0x0000020bcfb70000, 0x0000020bd3918000)
 Next Bits: [0x0000020bd3920000, 0x0000020bd76c8000)

Polling page: 0x0000020bb4f70000

Metaspace:

Usage:
  Non-class:      6.05 MB used.
      Class:    751.91 KB used.
       Both:      6.79 MB used.

Virtual space:
  Non-class space:        8.00 MB reserved,       6.12 MB ( 77%) committed,  1 nodes.
      Class space:        1.00 GB reserved,     832.00 KB ( <1%) committed,  1 nodes.
             Both:        1.01 GB reserved,       6.94 MB ( <1%) committed. 

Chunk freelists:
   Non-Class:  1.89 MB
       Class:  3.22 MB
        Both:  5.12 MB

MaxMetaspaceSize: unlimited
CompressedClassSpaceSize: 1.00 GB
Initial GC threshold: 21.00 MB
Current GC threshold: 21.00 MB
CDS: on
MetaspaceReclaimPolicy: balanced
 - commit_granule_bytes: 65536.
 - commit_granule_words: 8192.
 - virtual_space_node_default_size: 1048576.
 - enlarge_chunks_in_place: 1.
 - new_chunks_are_fully_committed: 0.
 - uncommit_free_chunks: 1.
 - use_allocation_guard: 0.
 - handle_deallocations: 1.


Internal statistics:

num_allocs_failed_limit: 0.
num_arena_births: 128.
num_arena_deaths: 0.
num_vsnodes_births: 2.
num_vsnodes_deaths: 0.
num_space_committed: 111.
num_space_uncommitted: 0.
num_chunks_returned_to_freelist: 0.
num_chunks_taken_from_freelist: 177.
num_chunk_merges: 0.
num_chunk_splits: 106.
num_chunks_enlarged: 52.
num_purges: 0.
num_inconsistent_stats: 0.

CodeHeap 'non-profiled nmethods': size=119168Kb used=420Kb max_used=420Kb free=118747Kb
 bounds [0x0000020bc6740000, 0x0000020bc69b0000, 0x0000020bcdba0000]
CodeHeap 'profiled nmethods': size=119104Kb used=1543Kb max_used=1543Kb free=117560Kb
 bounds [0x0000020bbf2f0000, 0x0000020bbf560000, 0x0000020bc6740000]
CodeHeap 'non-nmethods': size=7488Kb used=2385Kb max_used=2415Kb free=5102Kb
 bounds [0x0000020bbeba0000, 0x0000020bbee10000, 0x0000020bbf2f0000]
 total_blobs=1682 nmethods=1102 adapters=491
 compilation: enabled
              stopped_count=0, restarted_count=0
 full_count=0

Compilation events (20 events):
Event: 0.917 Thread 0x0000020bda68d7a0 nmethod 1084 0x0000020bbf46ef90 code [0x0000020bbf46f160, 0x0000020bbf46f658]
Event: 0.918 Thread 0x0000020bdb0ff240 1085 %     3       summit.gfx.Renderer::filterFrame @ 10 (57 bytes)
Event: 0.919 Thread 0x0000020bdb0ff240 nmethod 1085% 0x0000020bbf46f890 code [0x0000020bbf46fa60, 0x0000020bbf46fec8]
Event: 0.919 Thread 0x0000020bdb0ff240 1086       3       summit.gfx.Renderer::filterFrame (57 bytes)
Event: 0.919 Thread 0x0000020bdb0ff240 nmethod 1086 0x0000020bbf470190 code [0x0000020bbf470360, 0x0000020bbf470728]
Event: 0.924 Thread 0x0000020bdb830cd0 1087 %     4       summit.gfx.Renderer::rotate @ 21 (62 bytes)
Event: 0.929 Thread 0x0000020bda68d7a0 1088       1       summit.game.entity.Entity::inWater (5 bytes)
Event: 0.929 Thread 0x0000020bdb0ff240 1089       1       summit.game.GameUpdateEvent::getDeltaTime (5 bytes)
Event: 0.929 Thread 0x0000020bda68d7a0 nmethod 1088 0x0000020bc67a2790 code [0x0000020bc67a2920, 0x0000020bc67a29f8]
Event: 0.929 Thread 0x0000020bdb0ff240 nmethod 1089 0x0000020bc67a2a90 code [0x0000020bc67a2c20, 0x0000020bc67a2cf8]
Event: 0.929 Thread 0x0000020bdb830cd0 nmethod 1087% 0x0000020bc67a2d90 code [0x0000020bc67a2f20, 0x0000020bc67a3358]
Event: 0.932 Thread 0x0000020bdb830cd0 1090       4       summit.gfx.BufferedSprites::getSprite (11 bytes)
Event: 0.935 Thread 0x0000020bdb8311e0 1091       4       summit.gfx.Renderer::rotate (62 bytes)
Event: 0.940 Thread 0x0000020bdb830cd0 nmethod 1090 0x0000020bc67a3590 code [0x0000020bc67a3740, 0x0000020bc67a3e18]
Event: 0.941 Thread 0x0000020bda689800 1092 %     4       summit.gfx.Renderer::filterFrame @ 10 (57 bytes)
Event: 0.941 Thread 0x0000020bdb86f470 nmethod 1080 0x0000020bc67a4310 code [0x0000020bc67a4520, 0x0000020bc67a5de8]
Event: 0.942 Thread 0x0000020bdb8311e0 nmethod 1091 0x0000020bc67a6b90 code [0x0000020bc67a6d20, 0x0000020bc67a7298]
Event: 0.945 Thread 0x0000020bdb0ff240 1093       3       sun.java2d.SunGraphics2D::validateColor (102 bytes)
Event: 0.945 Thread 0x0000020bdb107b80 1094       3       sun.java2d.SurfaceData::pixelFor (13 bytes)
Event: 0.945 Thread 0x0000020bda68d7a0 1095       3       sun.java2d.loops.SurfaceType::pixelFor (10 bytes)

GC Heap History (0 events):
No events

Deoptimization events (20 events):
Event: 0.895 Thread 0x0000020bdb824750 DEOPT PACKING pc=0x0000020bbf4685f9 sp=0x0000002963aff560
Event: 0.895 Thread 0x0000020bdb824750 DEOPT UNPACKING pc=0x0000020bbebf2b43 sp=0x0000002963afea08 mode 0
Event: 0.896 Thread 0x0000020bdb824750 DEOPT PACKING pc=0x0000020bbf4685f9 sp=0x0000002963aff560
Event: 0.896 Thread 0x0000020bdb824750 DEOPT UNPACKING pc=0x0000020bbebf2b43 sp=0x0000002963afea08 mode 0
Event: 0.897 Thread 0x0000020bdb824750 DEOPT PACKING pc=0x0000020bbf4685f9 sp=0x0000002963aff560
Event: 0.897 Thread 0x0000020bdb824750 DEOPT UNPACKING pc=0x0000020bbebf2b43 sp=0x0000002963afea08 mode 0
Event: 0.898 Thread 0x0000020bdb824750 DEOPT PACKING pc=0x0000020bbf4685f9 sp=0x0000002963aff560
Event: 0.898 Thread 0x0000020bdb824750 DEOPT UNPACKING pc=0x0000020bbebf2b43 sp=0x0000002963afea08 mode 0
Event: 0.899 Thread 0x0000020bdb824750 DEOPT PACKING pc=0x0000020bbf4685f9 sp=0x0000002963aff560
Event: 0.899 Thread 0x0000020bdb824750 DEOPT UNPACKING pc=0x0000020bbebf2b43 sp=0x0000002963afea08 mode 0
Event: 0.900 Thread 0x0000020bdb824750 DEOPT PACKING pc=0x0000020bbf4685f9 sp=0x0000002963aff560
Event: 0.900 Thread 0x0000020bdb824750 DEOPT UNPACKING pc=0x0000020bbebf2b43 sp=0x0000002963afea08 mode 0
Event: 0.900 Thread 0x0000020bdb824750 DEOPT PACKING pc=0x0000020bbf4685f9 sp=0x0000002963aff560
Event: 0.900 Thread 0x0000020bdb824750 DEOPT UNPACKING pc=0x0000020bbebf2b43 sp=0x0000002963afea08 mode 0
Event: 0.914 Thread 0x0000020bdb820460 Uncommon trap: trap_request=0xffffff45 fr.pc=0x0000020bc67a0ddc relative=0x00000000000003bc
Event: 0.914 Thread 0x0000020bdb820460 Uncommon trap: reason=unstable_if action=reinterpret pc=0x0000020bc67a0ddc method=summit.gfx.Renderer.inArrBounds(IIII)Z @ 15 c2
Event: 0.914 Thread 0x0000020bdb820460 DEOPT PACKING pc=0x0000020bc67a0ddc sp=0x00000029635feee0
Event: 0.914 Thread 0x0000020bdb820460 DEOPT UNPACKING pc=0x0000020bbebf23a3 sp=0x00000029635fede8 mode 2
Event: 0.935 Thread 0x0000020bdb820460 DEOPT PACKING pc=0x0000020bbf46e89d sp=0x00000029635fee30
Event: 0.935 Thread 0x0000020bdb820460 DEOPT UNPACKING pc=0x0000020bbebf2b43 sp=0x00000029635fe2c0 mode 0

Classes unloaded (0 events):
No events

Classes redefined (0 events):
No events

Internal exceptions (14 events):
Event: 0.056 Thread 0x0000020bdb14c6c0 Exception <a 'java/lang/ClassNotFoundException'{0x0000000718a2c1c8}: sun/awt/resources/spi/awtProvider> (0x0000000718a2c1c8) 
thrown [e:\jenkins\tmp\workspace\build\src\src\hotspot\share\classfile\systemDictionary.cpp, line 256]
Event: 0.077 Thread 0x0000020bdb14c6c0 Exception <a 'java/io/FileNotFoundException'{0x0000000718b666c8}> (0x0000000718b666c8) 
thrown [e:\jenkins\tmp\workspace\build\src\src\hotspot\share\prims\jni.cpp, line 516]
Event: 0.082 Thread 0x0000020bdb14c6c0 Exception <a 'java/io/FileNotFoundException'{0x0000000718b93620}> (0x0000000718b93620) 
thrown [e:\jenkins\tmp\workspace\build\src\src\hotspot\share\prims\jni.cpp, line 516]
Event: 0.096 Thread 0x0000020bdb14c6c0 Exception <a 'java/lang/NoSuchMethodError'{0x0000000718bc8fd0}: 'java.lang.Object java.lang.invoke.DirectMethodHandle$Holder.invokeStaticInit(java.lang.Object)'> (0x0000000718bc8fd0) 
thrown [e:\jenkins\tmp\workspace\build\src\src\hotspot\share\interpreter\linkResolver.cpp, line 766]
Event: 0.233 Thread 0x0000020bdb14c6c0 Exception <a 'java/lang/NoSuchMethodError'{0x0000000718762a28}: 'void java.lang.invoke.DirectMethodHandle$Holder.invokeSpecial(java.lang.Object, java.lang.Object, java.lang.Object)'> (0x0000000718762a28) 
thrown [e:\jenkins\tmp\workspace\build\src\src\hotspot\share\interpreter\linkResolver.cpp, line 766]
Event: 0.239 Thread 0x0000020bdb14c6c0 Exception <a 'java/lang/NoSuchMethodError'{0x000000071878ccc0}: 'java.lang.Object java.lang.invoke.DirectMethodHandle$Holder.newInvokeSpecial(java.lang.Object, java.lang.Object, java.lang.Object, java.lang.Object, java.lang.Object)'> (0x000000071878ccc0) 
thrown [e:\jenkins\tmp\workspace\build\src\src\hotspot\share\interpreter\linkResolver.cpp, line 766]
Event: 0.240 Thread 0x0000020bdb14c6c0 Exception <a 'java/lang/NoSuchMethodError'{0x0000000718798688}: 'java.lang.Object java.lang.invoke.DirectMethodHandle$Holder.invokeStatic(java.lang.Object, int, java.lang.Object, java.lang.Object, java.lang.Object, java.lang.Object)'> (0x0000000718798688) 
thrown [e:\jenkins\tmp\workspace\build\src\src\hotspot\share\interpreter\linkResolver.cpp, line 766]
Event: 0.243 Thread 0x0000020bdb14c6c0 Exception <a 'java/lang/NoSuchMethodError'{0x00000007187bdda8}: 'java.lang.Object java.lang.invoke.DirectMethodHandle$Holder.invokeStatic(java.lang.Object, int, java.lang.Object)'> (0x00000007187bdda8) 
thrown [e:\jenkins\tmp\workspace\build\src\src\hotspot\share\interpreter\linkResolver.cpp, line 766]
Event: 0.261 Thread 0x0000020bdb14c6c0 Exception <a 'java/lang/ClassNotFoundException'{0x0000000718476168}: com/sun/swing/internal/plaf/metal/resources/spi/metalProvider> (0x0000000718476168) 
thrown [e:\jenkins\tmp\workspace\build\src\src\hotspot\share\classfile\systemDictionary.cpp, line 256]
Event: 0.262 Thread 0x0000020bdb14c6c0 Exception <a 'java/lang/ClassNotFoundException'{0x000000071847a040}: com/sun/swing/internal/plaf/basic/resources/spi/basicProvider> (0x000000071847a040) 
thrown [e:\jenkins\tmp\workspace\build\src\src\hotspot\share\classfile\systemDictionary.cpp, line 256]
Event: 0.274 Thread 0x0000020bdb3969b0 Exception <a 'java/lang/NoSuchMethodError'{0x0000000718680998}: 'void java.lang.invoke.DirectMethodHandle$Holder.invokeVirtual(java.lang.Object, java.lang.Object)'> (0x0000000718680998) 
thrown [e:\jenkins\tmp\workspace\build\src\src\hotspot\share\interpreter\linkResolver.cpp, line 766]
Event: 0.284 Thread 0x0000020bdb14c6c0 Exception <a 'java/lang/NoSuchMethodError'{0x00000007184b8050}: 'void java.lang.invoke.DirectMethodHandle$Holder.invokeStaticInit(java.lang.Object)'> (0x00000007184b8050) 
thrown [e:\jenkins\tmp\workspace\build\src\src\hotspot\share\interpreter\linkResolver.cpp, line 766]
Event: 0.861 Thread 0x0000020bdb7f5560 Implicit null exception at 0x0000020bc67927d6 to 0x0000020bc67928d4
Event: 0.868 Thread 0x0000020bdb7f5560 Implicit null exception at 0x0000020bc6794155 to 0x0000020bc6794278

VM Operations (10 events):
Event: 0.039 Executing VM operation: HandshakeAllThreads
Event: 0.039 Executing VM operation: HandshakeAllThreads done
Event: 0.261 Executing VM operation: HandshakeAllThreads
Event: 0.261 Executing VM operation: HandshakeAllThreads done
Event: 0.301 Executing VM operation: HandshakeAllThreads
Event: 0.301 Executing VM operation: HandshakeAllThreads done
Event: 0.326 Executing VM operation: HandshakeAllThreads
Event: 0.326 Executing VM operation: HandshakeAllThreads done
Event: 0.845 Executing VM operation: HandshakeAllThreads
Event: 0.845 Executing VM operation: HandshakeAllThreads done

Events (20 events):
Event: 0.346 loading class javax/swing/text/JTextComponent
Event: 0.346 loading class javax/swing/Scrollable
Event: 0.346 loading class javax/swing/Scrollable done
Event: 0.347 loading class javax/swing/text/JTextComponent done
Event: 0.348 loading class java/awt/event/MouseWheelEvent
Event: 0.349 loading class java/awt/event/MouseWheelEvent done
Event: 0.357 loading class sun/awt/image/BufImgSurfaceManager
Event: 0.358 loading class sun/awt/image/BufImgSurfaceManager done
Event: 0.358 loading class sun/awt/image/BufImgSurfaceData
Event: 0.358 loading class sun/awt/image/BufImgSurfaceData done
Event: 0.358 loading class sun/awt/image/BufImgSurfaceData$ICMColorData
Event: 0.358 loading class sun/awt/image/BufImgSurfaceData$ICMColorData done
Event: 0.683 Thread 0x0000020bdb36edf0 Thread exited: 0x0000020bdb36edf0
Event: 0.842 loading class java/lang/Math$RandomNumberGeneratorHolder
Event: 0.842 loading class java/lang/Math$RandomNumberGeneratorHolder done
Event: 0.857 Thread 0x0000020bdb8307c0 Thread added: 0x0000020bdb8307c0
Event: 0.857 Thread 0x0000020bdb830cd0 Thread added: 0x0000020bdb830cd0
Event: 0.857 Thread 0x0000020bdb8311e0 Thread added: 0x0000020bdb8311e0
Event: 0.857 Thread 0x0000020bdb86f470 Thread added: 0x0000020bdb86f470
Event: 0.870 Thread 0x0000020bdb824750 Thread added: 0x0000020bdb824750


Dynamic libraries:
0x00007ff7039e0000 - 0x00007ff7039ee000 	C:\Users\aadiu\AppData\Local\Programs\Eclipse Adoptium\jdk-17.0.2.8-hotspot\bin\java.exe
0x00007ffb36970000 - 0x00007ffb36b68000 	C:\Windows\SYSTEM32\ntdll.dll
0x00007ffb352a0000 - 0x00007ffb3535f000 	C:\Windows\System32\KERNEL32.DLL
0x00007ffb34310000 - 0x00007ffb345e2000 	C:\Windows\System32\KERNELBASE.dll
0x00007ffb34110000 - 0x00007ffb34210000 	C:\Windows\System32\ucrtbase.dll
0x00007ffb1e010000 - 0x00007ffb1e028000 	C:\Users\aadiu\AppData\Local\Programs\Eclipse Adoptium\jdk-17.0.2.8-hotspot\bin\jli.dll
0x00007ffb1cc00000 - 0x00007ffb1cc19000 	C:\Users\aadiu\AppData\Local\Programs\Eclipse Adoptium\jdk-17.0.2.8-hotspot\bin\VCRUNTIME140.dll
0x00007ffb35530000 - 0x00007ffb356cd000 	C:\Windows\System32\USER32.dll
0x00007ffb34720000 - 0x00007ffb34742000 	C:\Windows\System32\win32u.dll
0x00007ffb20b10000 - 0x00007ffb20daa000 	C:\Windows\WinSxS\amd64_microsoft.windows.common-controls_6595b64144ccf1df_6.0.19041.1110_none_60b5254171f9507e\COMCTL32.dll
0x00007ffb35fa0000 - 0x00007ffb35fcb000 	C:\Windows\System32\GDI32.dll
0x00007ffb35f00000 - 0x00007ffb35f9e000 	C:\Windows\System32\msvcrt.dll
0x00007ffb34750000 - 0x00007ffb3485f000 	C:\Windows\System32\gdi32full.dll
0x00007ffb345f0000 - 0x00007ffb3468d000 	C:\Windows\System32\msvcp_win.dll
0x00007ffb356f0000 - 0x00007ffb35722000 	C:\Windows\System32\IMM32.DLL
0x00007ffb2a2a0000 - 0x00007ffb2a2ac000 	C:\Users\aadiu\AppData\Local\Programs\Eclipse Adoptium\jdk-17.0.2.8-hotspot\bin\vcruntime140_1.dll
0x00007ffafab00000 - 0x00007ffafab91000 	C:\Users\aadiu\AppData\Local\Programs\Eclipse Adoptium\jdk-17.0.2.8-hotspot\bin\msvcp140.dll
0x00007ffabf480000 - 0x00007ffac00c7000 	C:\Users\aadiu\AppData\Local\Programs\Eclipse Adoptium\jdk-17.0.2.8-hotspot\bin\server\jvm.dll
0x00007ffb34ec0000 - 0x00007ffb34f6e000 	C:\Windows\System32\ADVAPI32.dll
0x00007ffb35e60000 - 0x00007ffb35efc000 	C:\Windows\System32\sechost.dll
0x00007ffb35ba0000 - 0x00007ffb35cc5000 	C:\Windows\System32\RPCRT4.dll
0x00007ffb34eb0000 - 0x00007ffb34eb8000 	C:\Windows\System32\PSAPI.DLL
0x00007ffb1d990000 - 0x00007ffb1d999000 	C:\Windows\SYSTEM32\WSOCK32.dll
0x00007ffb2d720000 - 0x00007ffb2d72a000 	C:\Windows\SYSTEM32\VERSION.dll
0x00007ffb31d40000 - 0x00007ffb31d67000 	C:\Windows\SYSTEM32\WINMM.dll
0x00007ffb35160000 - 0x00007ffb351cb000 	C:\Windows\System32\WS2_32.dll
0x00007ffb31fa0000 - 0x00007ffb31fb2000 	C:\Windows\SYSTEM32\kernel.appcore.dll
0x00007ffb25f50000 - 0x00007ffb25f5a000 	C:\Users\aadiu\AppData\Local\Programs\Eclipse Adoptium\jdk-17.0.2.8-hotspot\bin\jimage.dll
0x00007ffb31b50000 - 0x00007ffb31d34000 	C:\Windows\SYSTEM32\DBGHELP.DLL
0x00007ffb31b20000 - 0x00007ffb31b4c000 	C:\Windows\SYSTEM32\dbgcore.DLL
0x00007ffb34690000 - 0x00007ffb34712000 	C:\Windows\System32\bcryptPrimitives.dll
0x00007ffb1cb90000 - 0x00007ffb1cbb5000 	C:\Users\aadiu\AppData\Local\Programs\Eclipse Adoptium\jdk-17.0.2.8-hotspot\bin\java.dll
0x00007ffafa4c0000 - 0x00007ffafa596000 	C:\Users\aadiu\AppData\Local\Programs\Eclipse Adoptium\jdk-17.0.2.8-hotspot\bin\jsvml.dll
0x00007ffb35fd0000 - 0x00007ffb36713000 	C:\Windows\System32\SHELL32.dll
0x00007ffb32130000 - 0x00007ffb328c2000 	C:\Windows\SYSTEM32\windows.storage.dll
0x00007ffb34ad0000 - 0x00007ffb34e24000 	C:\Windows\System32\combase.dll
0x00007ffb33a60000 - 0x00007ffb33a90000 	C:\Windows\SYSTEM32\Wldp.dll
0x00007ffb349c0000 - 0x00007ffb34a6d000 	C:\Windows\System32\SHCORE.dll
0x00007ffb35020000 - 0x00007ffb35075000 	C:\Windows\System32\shlwapi.dll
0x00007ffb33fb0000 - 0x00007ffb33fcf000 	C:\Windows\SYSTEM32\profapi.dll
0x00007ffaf82d0000 - 0x00007ffaf845e000 	C:\Users\aadiu\AppData\Local\Programs\Eclipse Adoptium\jdk-17.0.2.8-hotspot\bin\awt.dll
0x00007ffb351d0000 - 0x00007ffb3529d000 	C:\Windows\System32\OLEAUT32.dll
0x00007ffb31300000 - 0x00007ffb31391000 	C:\Windows\SYSTEM32\apphelp.dll
0x00007ffb1cbe0000 - 0x00007ffb1cbf8000 	C:\Users\aadiu\AppData\Local\Programs\Eclipse Adoptium\jdk-17.0.2.8-hotspot\bin\zip.dll
0x00007ffb31410000 - 0x00007ffb314ae000 	C:\Windows\system32\uxtheme.dll
0x00007ffb353f0000 - 0x00007ffb35505000 	C:\Windows\System32\MSCTF.dll
0x00007ffb35cd0000 - 0x00007ffb35dfa000 	C:\Windows\System32\ole32.dll
0x00007ffb31590000 - 0x00007ffb315bf000 	C:\Windows\system32\DWMAPI.DLL
0x00007ffadadb0000 - 0x00007ffadaed5000 	C:\Windows\system32\opengl32.dll
0x00007ffada100000 - 0x00007ffada12c000 	C:\Windows\SYSTEM32\GLU32.dll
0x00007ffb269b0000 - 0x00007ffb26b7f000 	C:\Windows\system32\d3d9.dll
0x00007ffb28d70000 - 0x00007ffb28f28000 	C:\Windows\System32\DriverStore\FileRepository\u0370468.inf_amd64_5e4260b11257b6e9\B370372\aticfx64.dll
0x00007ffb17910000 - 0x00007ffb17944000 	C:\Windows\System32\DriverStore\FileRepository\u0370468.inf_amd64_5e4260b11257b6e9\B370372\atiu9p64.dll
0x00007ffabe720000 - 0x00007ffabf474000 	C:\Windows\System32\DriverStore\FileRepository\u0370468.inf_amd64_5e4260b11257b6e9\B370372\atiumd64.dll
0x000000006c4b0000 - 0x000000006d324000 	C:\Windows\System32\DriverStore\FileRepository\u0370468.inf_amd64_5e4260b11257b6e9\B370372\atiumd6a.dll
0x00007ffb35730000 - 0x00007ffb35b98000 	C:\Windows\System32\SETUPAPI.dll
0x00007ffb34210000 - 0x00007ffb3425e000 	C:\Windows\System32\cfgmgr32.dll
0x00007ffb33e30000 - 0x00007ffb33e7b000 	C:\Windows\SYSTEM32\POWRPROF.dll
0x00007ffb34070000 - 0x00007ffb34097000 	C:\Windows\System32\bcrypt.dll
0x00007ffb33e10000 - 0x00007ffb33e22000 	C:\Windows\SYSTEM32\UMPDC.dll
0x00007ffb29180000 - 0x00007ffb291b0000 	C:\Windows\SYSTEM32\amdihk64.dll
0x00007ffb29960000 - 0x00007ffb2999b000 	C:\Windows\SYSTEM32\dxcore.dll
0x00007ffb0d970000 - 0x00007ffb0d9f9000 	C:\Users\aadiu\AppData\Local\Programs\Eclipse Adoptium\jdk-17.0.2.8-hotspot\bin\freetype.dll
0x00007ffafa9f0000 - 0x00007ffafaa98000 	C:\Users\aadiu\AppData\Local\Programs\Eclipse Adoptium\jdk-17.0.2.8-hotspot\bin\fontmanager.dll
0x00007ffb28f30000 - 0x00007ffb29029000 	C:\Windows\SYSTEM32\textinputframework.dll
0x00007ffb30e70000 - 0x00007ffb311ce000 	C:\Windows\System32\CoreUIComponents.dll
0x00007ffb309d0000 - 0x00007ffb30ac2000 	C:\Windows\System32\CoreMessaging.dll
0x00007ffb33190000 - 0x00007ffb331c3000 	C:\Windows\SYSTEM32\ntmarta.dll
0x00007ffb30200000 - 0x00007ffb30354000 	C:\Windows\SYSTEM32\wintypes.dll

dbghelp: loaded successfully - version: 4.0.5 - missing functions: none
symbol engine: initialized successfully - sym options: 0x614 - pdb path: .;C:\Users\aadiu\AppData\Local\Programs\Eclipse Adoptium\jdk-17.0.2.8-hotspot\bin;C:\Windows\SYSTEM32;C:\Windows\WinSxS\amd64_microsoft.windows.common-controls_6595b64144ccf1df_6.0.19041.1110_none_60b5254171f9507e;C:\Users\aadiu\AppData\Local\Programs\Eclipse Adoptium\jdk-17.0.2.8-hotspot\bin\server;C:\Windows\System32\DriverStore\FileRepository\u0370468.inf_amd64_5e4260b11257b6e9\B370372

VM Arguments:
jvm_args: -XX:+ShowCodeDetailsInExceptionMessages 
java_command: summit.Main
java_class_path (initial): C:\Users\aadiu\AppData\Roaming\Code\User\workspaceStorage\929b6f7fce9865a60d0bbe8b6a275a21\redhat.java\jdt_ws\Summit Game_948de7c9\bin
Launcher Type: SUN_STANDARD

[Global flags]
     intx CICompilerCount                          = 12                                        {product} {ergonomic}
     uint ConcGCThreads                            = 3                                         {product} {ergonomic}
     uint G1ConcRefinementThreads                  = 13                                        {product} {ergonomic}
   size_t G1HeapRegionSize                         = 2097152                                   {product} {ergonomic}
    uintx GCDrainStackTargetSize                   = 64                                        {product} {ergonomic}
   size_t InitialHeapSize                          = 260046848                                 {product} {ergonomic}
   size_t MarkStackSize                            = 4194304                                   {product} {ergonomic}
   size_t MaxHeapSize                              = 4137680896                                {product} {ergonomic}
   size_t MaxNewSize                               = 2480930816                                {product} {ergonomic}
   size_t MinHeapDeltaBytes                        = 2097152                                   {product} {ergonomic}
   size_t MinHeapSize                              = 8388608                                   {product} {ergonomic}
    uintx NonNMethodCodeHeapSize                   = 7602480                                {pd product} {ergonomic}
    uintx NonProfiledCodeHeapSize                  = 122027880                              {pd product} {ergonomic}
    uintx ProfiledCodeHeapSize                     = 122027880                              {pd product} {ergonomic}
    uintx ReservedCodeCacheSize                    = 251658240                              {pd product} {ergonomic}
     bool SegmentedCodeCache                       = true                                      {product} {ergonomic}
     bool ShowCodeDetailsInExceptionMessages       = true                                   {manageable} {command line}
   size_t SoftMaxHeapSize                          = 4137680896                             {manageable} {ergonomic}
     bool UseCompressedClassPointers               = true                           {product lp64_product} {ergonomic}
     bool UseCompressedOops                        = true                           {product lp64_product} {ergonomic}
     bool UseG1GC                                  = true                                      {product} {ergonomic}
     bool UseLargePagesIndividualAllocation        = false                                  {pd product} {ergonomic}

Logging:
Log output configuration:
 #0: stdout all=warning uptime,level,tags
 #1: stderr all=off uptime,level,tags

Environment Variables:
JAVA_HOME=C:\Users\aadiu\AppData\Local\Programs\Eclipse Adoptium\jdk-17.0.2.8-hotspot\
PATH=C:\Program Files (x86)\Razer Chroma SDK\bin;C:\Program Files\Razer Chroma SDK\bin;C:\Program Files (x86)\Razer\ChromaBroadcast\bin;C:\Program Files\Razer\ChromaBroadcast\bin;C:\Program Files (x86)\Common Files\Oracle\Java\javapath;C:\Program Files\Python38\Scripts\;C:\Program Files\Python38\;C:\Windows\system32;C:\Windows;C:\Windows\System32\Wbem;C:\Windows\System32\WindowsPowerShell\v1.0\;C:\Windows\System32\OpenSSH\;C:\Program Files (x86)\NVIDIA Corporation\PhysX\Common;C:\Program Files\NVIDIA Corporation\NVIDIA NvDLISR;C:\Users\aadiu\AppData\Local\Microsoft\WindowsApps;C:\Users\aadiu\AppData\Local\Programs\Microsoft VS Code\bin;C:\Windows\system32\config\systemprofile\AppData\Local\Microsoft\WindowsApps;C:\Program Files\dotnet\;C:\Program Files\Git\cmd;C:\MinGW\bin\;C:\Program Files (x86)\Windows Kits\10\Windows Performance Toolkit\;C:\Users\aadiu\AppData\Local\Programs\Eclipse Adoptium\jdk-17.0.2.8-hotspot\bin;C:\Users\aadiu\AppData\Local\Microsoft\WindowsApps;C:\Users\aadiu\AppData\Local\Programs\Microsoft VS Code\bin;C:\Users\aadiu\AppData\Local\GitHubDesktop\bin
USERNAME=aadiu
LANG=en_US.UTF-8
OS=Windows_NT
PROCESSOR_IDENTIFIER=AMD64 Family 25 Model 80 Stepping 0, AuthenticAMD



---------------  S Y S T E M  ---------------

OS:
 Windows 10 , 64 bit Build 19041 (10.0.19041.2251)
OS uptime: 1 days 8:45 hours

CPU: total 16 (initial active 16) (16 cores per cpu, 2 threads per core) family 25 model 80 stepping 0 microcode 0x0, cx8, cmov, fxsr, ht, mmx, 3dnowpref, sse, sse2, sse3, ssse3, sse4a, sse4.1, sse4.2, popcnt, lzcnt, tsc, tscinvbit, avx, avx2, aes, erms, clmul, bmi1, bmi2, adx, sha, fma, vzeroupper, clflush, clflushopt

Memory: 4k page, system-wide physical 15776M (7394M free)
TotalPageFile size 20128M (AvailPageFile size 7217M)
current process WorkingSet (physical memory assigned to process): 111M, peak: 112M
current process commit charge ("private bytes"): 428M, peak: 429M

vm_info: OpenJDK 64-Bit Server VM (17.0.2+8) for windows-amd64 JRE (17.0.2+8), built on Jan 20 2022 04:52:34 by "" with MS VC++ 16.7 (VS2019)

END.
