#
# A fatal error has been detected by the Java Runtime Environment:
#
#  EXCEPTION_ACCESS_VIOLATION (0xc0000005) at pc=0x0000020b87c0ed1b, pid=18464, tid=8944
#
# JRE version: OpenJDK Runtime Environment Temurin-17.0.2+8 (17.0.2+8) (build 17.0.2+8)
# Java VM: OpenJDK 64-Bit Server VM Temurin-17.0.2+8 (17.0.2+8, mixed mode, sharing, tiered, compressed oops, compressed class ptrs, g1 gc, windows-amd64)
# Problematic frame:
# J 1241 c2 summit.gfx.Renderer.render(Ljava/lang/String;FFILsummit/gfx/ColorFilter;)V (276 bytes) @ 0x0000020b87c0ed1b [0x0000020b87c0e620+0x00000000000006fb]
#
# No core dump will be written. Minidumps are not enabled by default on client versions of Windows
#
# If you would like to submit a bug report, please visit:
#   https://github.com/adoptium/adoptium-support/issues
#

---------------  S U M M A R Y ------------

Command Line: -XX:+ShowCodeDetailsInExceptionMessages summit.Main

Host: AMD Ryzen 9 5900HS with Radeon Graphics        , 16 cores, 15G,  Windows 10 , 64 bit Build 19041 (10.0.19041.2251)
Time: Mon Nov 14 19:05:08 2022 Central Standard Time elapsed time: 1.831097 seconds (0d 0h 0m 1s)

---------------  T H R E A D  ---------------

Current thread (0x0000020b9917a120):  JavaThread "Thread-2" [_thread_in_Java, id=8944, stack(0x0000002be2500000,0x0000002be2600000)]

Stack: [0x0000002be2500000,0x0000002be2600000],  sp=0x0000002be25ff300,  free space=1020k
Native frames: (J=compiled Java code, j=interpreted, Vv=VM code, C=native code)
C  0x0000020b87c0ed1b


siginfo: EXCEPTION_ACCESS_VIOLATION (0xc0000005), reading address 0x0000000b17634418


Register to memory mapping:

RIP=0x0000020b87c0ed1b is at entry_point+1787 in (nmethod*)0x0000020b87c0e410
RAX=0x0000000000000099 is an unknown value
RBX=3807144073 is a compressed pointer to object: [[I 
{0x0000000717634448} - klass: {type array int}[]
 - length: 144
RCX=0x00000000fffffff0 is an unknown value
RDX=0x0 is NULL
RSP=0x0000002be25ff300 is pointing into the stack for thread: 0x0000020b9917a120
RBP=0x0000000000000090 is an unknown value
RSI=0x0 is NULL
RDI=0x0000000000000100 is an unknown value
R8 =0x00000000fffffff0 is an unknown value
R9 =0x0000000717634438 is an oop: summit.gfx.Renderer 
{0x0000000717634438} - klass: 'summit/gfx/Renderer'
 - ---- fields (total size 2 words):
 - private 'frame' '[[I' @12  a {type array int}[144] {0x0000000717634448} (e2ec6889)
R10=0x0000000000000010 is an unknown value
R11=0x0000000717634448 is an oop: [[I 
{0x0000000717634448} - klass: {type array int}[]
 - length: 144
R12=0x0 is NULL
R13=0x0000000000000010 is an unknown value
R14=0x0000000000000010 is an unknown value
R15=0x0000020b9917a120 is a thread


Registers:
RAX=0x0000000000000099, RBX=0x00000000e2ec6889, RCX=0x00000000fffffff0, RDX=0x0000000000000000
RSP=0x0000002be25ff300, RBP=0x0000000000000090, RSI=0x0000000000000000, RDI=0x0000000000000100
R8 =0x00000000fffffff0, R9 =0x0000000717634438, R10=0x0000000000000010, R11=0x0000000717634448
R12=0x0000000000000000, R13=0x0000000000000010, R14=0x0000000000000010, R15=0x0000020b9917a120
RIP=0x0000020b87c0ed1b, EFLAGS=0x0000000000010287

Top of Stack: (sp=0x0000002be25ff300)
0x0000002be25ff300:   0000010000000000 00000000000000a8
0x0000002be25ff310:   fffffff000000098 fffffff000000098
0x0000002be25ff320:   0000001000000010 0000000900000010
0x0000002be25ff330:   0000001000000009 0000000000000100
0x0000002be25ff340:   fffffff000000000 00000007c1000000
0x0000002be25ff350:   0000002b43100000 00000007176348b8
0x0000002be25ff360:   0000002be25ff540 0000020b80919794
0x0000002be25ff370:   003b46af788b4906 0000020b80919b60
0x0000002be25ff380:   0000020bffb21b98 0000000000000202
0x0000002be25ff390:   0000002be25ff540 0000020b80920a84
0x0000002be25ff3a0:   01d8f88e4dca8c5f 0000000717634438
0x0000002be25ff3b0:   00000007176348b8 0000000700000003
0x0000002be25ff3c0:   0000000000000000 0000000800c0ee28
0x0000002be25ff3d0:   0000002be25ff540 0000020b80919eec
0x0000002be25ff3e0:   ffffffffffffffff 0000020bffb05678
0x0000002be25ff3f0:   0000002be25ff440 0000020bffb18740 

Instructions: (pc=0x0000020b87c0ed1b)
0x0000020b87c0ec1b:   8b f1 ff c6 48 ff ca 45 33 f6 e9 f4 02 00 00 66
0x0000020b87c0ec2b:   0f 1f 44 00 00 44 2b 4c 24 10 45 8b f1 41 ff c6
0x0000020b87c0ec3b:   44 8b ca 45 3b f2 0f 83 0d 0a 00 00 45 8b 5c dc
0x0000020b87c0ec4b:   10 47 8b 5c dc 0c 45 3b cb 0f 83 6e 01 00 00 c4
0x0000020b87c0ec5b:   c1 f9 7e d3 45 8b 5c bb 10 43 8b 54 dc 0c 49 c1
0x0000020b87c0ec6b:   e3 03 44 3b f2 0f 83 06 0a 00 00 47 8b 5c b3 10
0x0000020b87c0ec7b:   41 83 fb ff 0f 84 39 01 00 00 41 8b 54 f4 0c 44
0x0000020b87c0ec8b:   3b ca 0f 83 05 0a 00 00 47 89 5c 88 10 45 33 ed
0x0000020b87c0ec9b:   c4 c1 f9 7e d3 41 8b 53 10 45 8b 5c d4 0c 44 03
0x0000020b87c0ecab:   5c 24 10 4d 8b b7 48 03 00 00 41 8b d1 ff c2 41
0x0000020b87c0ecbb:   85 06 41 3b d3 0f 8c 6a ff ff ff 4d 8b 9f 48 03
0x0000020b87c0eccb:   00 00 ff c1 41 85 03 3b 0c 24 0f 8d f7 00 00 00
0x0000020b87c0ecdb:   c4 c1 f9 7e c1 c4 e1 f9 7e ce c5 f9 7e da 44 8b
0x0000020b87c0eceb:   5c 24 10 44 8b 44 24 14 44 3b 5c 24 08 0f 8d ea
0x0000020b87c0ecfb:   00 00 00 44 89 44 24 14 44 89 5c 24 10 c5 f9 6e
0x0000020b87c0ed0b:   da c4 e1 f9 6e ce c4 c1 f9 6e c1 c4 c1 f9 7e e3
0x0000020b87c0ed1b:   41 8b 74 8b 10 8b f9 41 2b f8 3b cd 0f 83 6f 06
0x0000020b87c0ed2b:   00 00 44 8b 5c 24 10 44 3b 5c 24 04 0f 83 5f 06
0x0000020b87c0ed3b:   00 00 c4 c1 f9 7e d3 45 8b 5c bb 10 47 8b 4c dc
0x0000020b87c0ed4b:   0c 45 85 c9 0f 86 77 0a 00 00 47 8b 5c dc 10 41
0x0000020b87c0ed5b:   83 fb ff 0f 84 a4 00 00 00 45 8b 44 f4 0c 44 8b
0x0000020b87c0ed6b:   4c 24 10 45 3b c8 0f 83 26 09 00 00 4d 8d 0c f4
0x0000020b87c0ed7b:   44 8b 44 24 10 47 89 5c 81 10 45 33 ed c4 c1 f9
0x0000020b87c0ed8b:   7e d3 45 8b 43 10 47 8b 5c c4 0c 44 03 5c 24 10
0x0000020b87c0ed9b:   41 3b c3 0f 8d 22 ff ff ff 3b cd 0f 83 fa 05 00
0x0000020b87c0edab:   00 4d 8d 04 f4 44 8b c8 41 be 01 00 00 00 e9 80
0x0000020b87c0edbb:   fe ff ff c4 c1 f9 7e cd e9 d3 fe ff ff c4 c1 f9
0x0000020b87c0edcb:   7e cd e9 c9 fe ff ff c5 f8 77 48 83 c4 60 5d 49
0x0000020b87c0eddb:   3b a7 40 03 00 00 0f 87 65 10 00 00 c3 44 89 44
0x0000020b87c0edeb:   24 14 44 89 5c 24 10 c5 f9 6e da c4 e1 f9 6e ce
0x0000020b87c0edfb:   c4 c1 f9 6e c1 4c 8b ee e9 be fe ff ff c4 c1 f9
0x0000020b87c0ee0b:   7e cd e9 76 ff ff ff 0f 1f 80 00 00 00 00 0f 1f 


Stack slot to memory mapping:
stack at sp + 0 slots: 0x0000010000000000 is an unknown value
stack at sp + 1 slots: 0x00000000000000a8 is an unknown value
stack at sp + 2 slots: 0xfffffff000000098 is an unknown value
stack at sp + 3 slots: 0xfffffff000000098 is an unknown value
stack at sp + 4 slots: 0x0000001000000010 is an unknown value
stack at sp + 5 slots: 0x0000000900000010 is an unknown value
stack at sp + 6 slots: 0x0000001000000009 is an unknown value
stack at sp + 7 slots: 0x0000000000000100 is an unknown value

--------------------------------------------------------------------------------
[Constant Pool (empty)]

--------------------------------------------------------------------------------

[MachCode]
  0x0000020b87c0e620: 448b 5208 | 49bb 0000 | 0000 0800 | 0000 4d03 | d349 3bc2 | 0f85 46e4 | 43f8 6690 | 0f1f 4000 
  0x0000020b87c0e640: 8984 2400 | 90ff ff55 | 4883 ec60 | 4889 7c24 | 1045 8bf1 | c5f8 28e9 | 4889 1424 | 4d8b d049 
  0x0000020b87c0e660: bb80 ff61 | 1707 0000 | 0041 8b6b | 7045 8b5c | ec08 4181 | fbe0 ad0b | 000f 85c5 | 1100 004d 
  0x0000020b87c0e680: 8d1c ec45 | 8b5b 2447 | 8b44 dc0c | 4585 c00f | 864d 1200 | 004b 8d1c | dc4d 85d2 | 0f84 a50f 
  0x0000020b87c0e6a0: 0000 418b | 4a0c 41ff | c885 c975 | 6c41 0fb6 | 4a11 85c9 | 0f85 5e0f | 0000 410f | be4a 1085 
  0x0000020b87c0e6c0: c90f 858d | 1400 0045 | 8b4a 1443 | 8b6c cc0c | 85ed 0f86 | 4d0f 0000 | 8bd5 ffca | 3bd5 0f83 
  0x0000020b87c0e6e0: 9c13 0000 | 470f b65c | cc10 8bcd | 83c1 fd3b | d1bf 0000 | 0080 0f4c | cf41 8bfb | c1e7 0541 
  0x0000020b87c0e700: 2bfb 4b8d | 34cc 83f9 | 010f 8ea5 | 1300 00b8 | 0100 0000 | 4533 c9eb | 4544 8bd9 | 41c1 eb10 
  0x0000020b87c0e720: 4433 d945 | 23c3 33d2 | e9fc 0000 | 0044 0fb6 | 4c06 1041 | 03f9 ffc0 | 3bc5 0f8d | d000 0000 
  0x0000020b87c0e740: 448b cf41 | c1e1 0544 | 2bcf 418b | f9eb dec4 | c1f9 7eca | c4c1 797e | d8c4 c179 | 7ed1 8bd1 
  0x0000020b87c0e760: 2bd0 3bc8 | 410f 4cd1 | 81fa a00f | 0000 41bb | a00f 0000 | 410f 47d3 | 03d0 c4c1 | f96e cac4 
  0x0000020b87c0e780: c179 6ed8 | c4c1 796e | d10f 1f80 | 0000 0000 | 4c63 c046 | 0fb6 5c06 | 1046 0fb6 | 4c06 1346 
  0x0000020b87c0e7a0: 0fb6 5406 | 1146 0fb6 | 4406 1241 | 03fb 448b | ef41 c1e5 | 0544 2bef | 4503 ea45 | 8bd5 41c1 
  0x0000020b87c0e7c0: e205 452b | d545 03d0 | 458b da41 | c1e3 0545 | 2bda 4503 | d941 8bfb | c1e7 0541 | 2bfb 83c0 
  0x0000020b87c0e7e0: 043b c27c | ab4d 8b97 | 4803 0000 | 4185 023b | c10f 8c58 | ffff ffc4 | c1f9 7eca | c4c1 797e 
  0x0000020b87c0e800: d8c5 f97e | d23b c50f | 8c20 ffff | ff41 8bfb | 85ff 0f84 | 0f0e 0000 | 4189 7a0c | 448b df41 
  0x0000020b87c0e820: c1eb 1044 | 33df 4523 | c346 8b44 | 8310 438b | 4cc4 0c41 | 3bcb 0f85 | d70b 0000 | 438b 4cc4 
  0x0000020b87c0e840: 104c 8bc9 | 49c1 e103 | 4d3b ca0f | 8423 0100 | 0041 0fbe | 7a10 4d3b | d10f 8415 | 0100 0045 
  0x0000020b87c0e860: 8b4c cc08 | 4181 f970 | e900 000f | 8577 1300 | 004d 8d0c | cc41 0fbe | 6910 3bfd | 0f85 9a12 
  0x0000020b87c0e880: 0000 458b | 4914 418b | 6a14 438b | 7ccc 0c41 | 8b4c ec0c | 3bcf 0f85 | a811 0000 | 4b8d 1ccc 
  0x0000020b87c0e8a0: 4b8d 74cc | 104d 8d0c | ec49 8d7c | ec10 85c9 | 0f84 a500 | 0000 8bc1 | 83e0 1f83 | e1e0 0f84 
  0x0000020b87c0e8c0: 4b00 0000 | 488d 3c0f | 488d 340e | 48f7 d9c5 | fe6f 140f | c5fe 6f0c | 0ec5 edef | d1c4 e27d 
  0x0000020b87c0e8e0: 17d2 0f85 | 7a00 0000 | 4883 c120 | 75e1 85c0 | 0f84 6500 | 0000 c5fe | 6f54 07e0 | c5fe 6f4c 
  0x0000020b87c0e900: 06e0 c5ed | efd1 c4e2 | 7d17 d275 | 55eb 4c8b | c883 e1fc | 7419 488d | 3c0f 488d | 340e 48f7 
  0x0000020b87c0e920: d98b 1c0f | 3b1c 0e75 | 3948 83c1 | 0475 f2f7 | c002 0000 | 0074 120f | b71f 0fb7 | 0e3b d975 
  0x0000020b87c0e940: 2148 8d7f | 0248 8d76 | 02f7 c001 | 0000 0074 | 0a0f b61f | 0fb6 0e3b | d975 07b8 | 0100 0000 
  0x0000020b87c0e960: eb02 33c0 | c5ed efd2 | c5f5 efc9 | 85c0 0f84 | d010 0000 | 49c1 e003 | 418b 6814 | 458b 5cec 
  0x0000020b87c0e980: 0841 81fb | 086d 0000 | 0f85 3a12 | 0000 498d | 04ec 448b | 500c 4585 | d20f 86c9 | 0e00 0044 
  0x0000020b87c0e9a0: 8b58 1047 | 8b44 dc0c | 41d1 f8c4 | c179 6ed0 | c5f8 5bd2 | c5fa 5cc2 | c4c1 797e | c145 8bd9 
  0x0000020b87c0e9c0: 41c1 eb17 | 450f b6db | b995 0000 | 0041 2bcb | f7c1 e0ff | ffff 0f85 | fa0b 0000 | 458b d941 
  0x0000020b87c0e9e0: 81e3 ffff | 7f00 4181 | cb00 0080 | 0045 85c9 | 0f8c 410c | 0000 41d3 | fb41 ffc3 | 41d1 fb41 
  0x0000020b87c0ea00: d1fa c4c1 | 796e cac5 | f85b c9c5 | d25c c1c4 | c179 7ec1 | 458b d141 | c1ea 1745 | 0fb6 d2b9 
  0x0000020b87c0ea20: 9500 0000 | 412b caf7 | c1e0 ffff | ff0f 8581 | 0b00 0045 | 8bc1 4181 | e0ff ff7f | 0041 81c8 
  0x0000020b87c0ea40: 0000 8000 | 4585 c90f | 8cf2 0b00 | 0041 d3f8 | 41ff c041 | d1f8 458b | d645 85d2 | 0f85 d900 
  0x0000020b87c0ea60: 0000 4533 | d2eb 138b | 5424 0c44 | 8b5c 2418 | 448b 4424 | 1c44 8b54 | 2408 418b | eac1 fd03 
  0x0000020b87c0ea80: 85ed 0f85 | 900e 0000 | 448b 500c | 418b c841 | 03ca 443b | c10f 8d37 | 0300 004d | 63ca 4963 
  0x0000020b87c0eaa0: d841 8bf8 | f7df 4863 | ff48 03df | 493b d90f | 83e3 0d00 | 0048 63d9 | 4803 df48 | ffcb 493b 
  0x0000020b87c0eac0: d90f 8309 | 0e00 004c | 8b0c 2441 | 8b59 0c41 | 8b6c dc0c | 85ed 0f86 | ff0d 0000 | 418b 7cdc 
  0x0000020b87c0eae0: 1041 8b7c | fc0c 488b | 7424 1048 | 85f6 0f85 | ad0d 0000 | 4585 d20f | 86a4 0d00 | 0044 8b50 
  0x0000020b87c0eb00: 1047 8b54 | d40c 4585 | d20f 8692 | 0d00 0089 | 7c24 0489 | 0c24 c4e1 | f96e d041 | 8bca 4103 
  0x0000020b87c0eb20: cb89 4c24 | 0849 8d0c | dcc4 e1f9 | 6ee1 418b | c3ff c041 | 8bc8 e9b8 | 0100 0041 | f7c2 0400 
  0x0000020b87c0eb40: 0000 742d | 4489 4424 | 1844 895c | 240c 8954 | 2408 418b | ea48 8bd0 | c5f8 77e8 | c0e6 ffff 
  0x0000020b87c0eb60: 448b d58b | 5424 0844 | 8b5c 240c | 448b 4424 | 1841 f7c2 | 0100 0000 | 0f84 7104 | 0000 8b68 
  0x0000020b87c0eb80: 0c85 ed0f | 8697 0e00 | 0044 8b48 | 1047 8b4c | cc0c 4489 | 4c24 2c89 | 6c24 2848 | 8944 2420 
  0x0000020b87c0eba0: 4489 4424 | 1c44 895c | 2418 8954 | 240c 4489 | 5424 0848 | ba08 6d00 | 0008 0000 | 0044 8bc5 
  0x0000020b87c0ebc0: c5f8 77e8 | b8d8 4ef8 | 448b dd41 | ffcb 443b | dd0f 8301 | 0e00 0044 | 8b50 0c45 | 85d2 0f86 
  0x0000020b87c0ebe0: f40d 0000 | 453b da0f | 83eb 0d00 | 008b 6c24 | 2cff cd8b | 4c24 2cd1 | f94c 634c | 242c 448b 
  0x0000020b87c0ec00: e941 83c5 | fe41 3bcd | 41bb 0000 | 0080 450f | 4ceb 4c63 | d149 8bd1 | 492b d28b | f1ff c648 
  0x0000020b87c0ec20: ffca 4533 | f6e9 f402 | 0000 660f | 1f44 0000 | 442b 4c24 | 1045 8bf1 | 41ff c644 | 8bca 453b 
  0x0000020b87c0ec40: f20f 830d | 0a00 0045 | 8b5c dc10 | 478b 5cdc | 0c45 3bcb | 0f83 6e01 | 0000 c4c1 | f97e d345 
  0x0000020b87c0ec60: 8b5c bb10 | 438b 54dc | 0c49 c1e3 | 0344 3bf2 | 0f83 060a | 0000 478b | 5cb3 1041 | 83fb ff0f 
  0x0000020b87c0ec80: 8439 0100 | 0041 8b54 | f40c 443b | ca0f 8305 | 0a00 0047 | 895c 8810 | 4533 edc4 | c1f9 7ed3 
  0x0000020b87c0eca0: 418b 5310 | 458b 5cd4 | 0c44 035c | 2410 4d8b | b748 0300 | 0041 8bd1 | ffc2 4185 | 0641 3bd3 
  0x0000020b87c0ecc0: 0f8c 6aff | ffff 4d8b | 9f48 0300 | 00ff c141 | 8503 3b0c | 240f 8df7 | 0000 00c4 | c1f9 7ec1 
  0x0000020b87c0ece0: c4e1 f97e | cec5 f97e | da44 8b5c | 2410 448b | 4424 1444 | 3b5c 2408 | 0f8d ea00 | 0000 4489 
  0x0000020b87c0ed00: 4424 1444 | 895c 2410 | c5f9 6eda | c4e1 f96e | cec4 c1f9 | 6ec1 c4c1 | f97e e341 | 8b74 8b10 
  0x0000020b87c0ed20: 8bf9 412b | f83b cd0f | 836f 0600 | 0044 8b5c | 2410 443b | 5c24 040f | 835f 0600 | 00c4 c1f9 
  0x0000020b87c0ed40: 7ed3 458b | 5cbb 1047 | 8b4c dc0c | 4585 c90f | 8677 0a00 | 0047 8b5c | dc10 4183 | fbff 0f84 
  0x0000020b87c0ed60: a400 0000 | 458b 44f4 | 0c44 8b4c | 2410 453b | c80f 8326 | 0900 004d | 8d0c f444 | 8b44 2410 
  0x0000020b87c0ed80: 4789 5c81 | 1045 33ed | c4c1 f97e | d345 8b43 | 1047 8b5c | c40c 4403 | 5c24 1041 | 3bc3 0f8d 
  0x0000020b87c0eda0: 22ff ffff | 3bcd 0f83 | fa05 0000 | 4d8d 04f4 | 448b c841 | be01 0000 | 00e9 80fe | ffff c4c1 
  0x0000020b87c0edc0: f97e cde9 | d3fe ffff | c4c1 f97e | cde9 c9fe | ffff c5f8 | 7748 83c4 | 605d 493b | a740 0300 
  0x0000020b87c0ede0: 000f 8765 | 1000 00c3 | 4489 4424 | 1444 895c | 2410 c5f9 | 6eda c4e1 | f96e cec4 | c1f9 6ec1 
  0x0000020b87c0ee00: 4c8b eee9 | befe ffff | c4c1 f97e | cde9 76ff | ffff 0f1f | 8000 0000 | 000f 1f80 | 0000 0000 
  0x0000020b87c0ee20: 448b c342 | 8b4c 870c | 8b5c 242c | 412b db49 | 63d3 894c | 9010 8b4c | 9710 4289 | 4c80 0c49 
  0x0000020b87c0ee40: 8bc9 482b | ca44 8b44 | 8f08 4489 | 4490 1444 | 8b44 9714 | 4489 4488 | 0844 8b44 | 8f04 4489 
  0x0000020b87c0ee60: 4490 1844 | 8b44 9718 | 4489 4488 | 0444 8b04 | 8f44 8944 | 901c 448b | 4497 1c44 | 8904 8883 
  0x0000020b87c0ee80: c3fc 4183 | c304 453b | da7c 954d | 8b97 4803 | 0000 4185 | 0245 3bdd | 7d2a 448b | c345 8bd5 
  0x0000020b87c0eea0: 452b d345 | 3beb 440f | 4c54 240c | 4181 faa0 | 0f00 00b9 | a00f 0000 | 440f 47d1 | 4503 d3e9 
  0x0000020b87c0eec0: 5fff ffff | c5f9 7ec9 | c4e1 f97e | c244 3b5c | 2430 7d2b | 448b 549f | 0c46 8954 | 9810 468b 
  0x0000020b87c0eee0: 549f 1044 | 8954 980c | 458b d341 | ffc2 443b | 5424 307d | 0a8b dd41 | 2bdb 458b | daeb d54d 
  0x0000020b87c0ef00: 8b97 4803 | 0000 41ff | c641 8502 | 443b 7424 | 280f 8dc2 | 0000 0048 | 8bc6 8b74 | 2430 4c8b 
  0x0000020b87c0ef20: 5424 2041 | 8b7a 1085 | ff0f 84a6 | 0800 0047 | 8b5c b210 | 478b 54dc | 0c42 8b5c | b010 458b 
  0x0000020b87c0ef40: 44dc 0c89 | 7424 30c5 | f96e c948 | 8bf0 4963 | ca48 3bd1 | 0f83 8a08 | 0000 413b | ea0f 8381 
  0x0000020b87c0ef60: 0800 0045 | 85c0 0f86 | 7808 0000 | c5f9 7ec9 | 413b c80f | 836b 0800 | 0045 85d2 | 0f86 6208 
  0x0000020b87c0ef80: 0000 413b | ca0f 8359 | 0800 004d | 63d0 493b | d20f 834d | 0800 0041 | 3be8 0f83 | 4408 0000 
  0x0000020b87c0efa0: 498d 04dc | 4b8d 3cdc | 468b 548f | 0c45 8954 | dc10 478b | 54dc 1046 | 8954 880c | 4183 fd01 
  0x0000020b87c0efc0: 0f8e 5208 | 0000 448b | c541 bb01 | 0000 00c4 | e1f9 6ec2 | e9c4 feff | ff48 8bc6 | 448b 5424 
  0x0000020b87c0efe0: 088b 5424 | 0c44 8b5c | 2418 448b | 4424 1c41 | f7c2 0200 | 0000 0f84 | 7efa ffff | 8b48 0c85 
  0x0000020b87c0f000: c90f 869f | 0900 008b | 5810 458b | 4cdc 0c89 | 4c24 2848 | 8944 2420 | 4489 4424 | 1c44 895c 
  0x0000020b87c0f020: 2418 8954 | 240c 4489 | 5424 0848 | ba08 6d00 | 0008 0000 | 0044 8bc1 | c5f8 77e8 | 40d4 4ef8 
  0x0000020b87c0f040: 448b 500c | 448b 4424 | 2841 d1f8 | 458b c841 | ffc1 4585 | d20f 86ee | 0800 0045 | 3bc2 0f83 
  0x0000020b87c0f060: e508 0000 | 4863 6c24 | 284d 63d8 | 488b cd49 | 2bcb 48ff | c948 3bcd | 0f83 cb08 | 0000 448b 
  0x0000020b87c0f080: 5c24 2841 | ffcb 443b | 5c24 280f | 83b8 0800 | 0044 894c | 242c 4d63 | ca49 3bc9 | 0f83 a208 
  0x0000020b87c0f0a0: 0000 453b | da0f 83ed | 0800 0044 | 3b44 2428 | 0f83 e908 | 0000 4533 | d2eb 31c4 | c1f9 7ec3 
  0x0000020b87c0f0c0: c4c1 797e | d2c4 e1f9 | 7ee8 c4e1 | f97e f54d | 8b87 4803 | 0000 41ff | c241 8500 | 443b 5424 
  0x0000020b87c0f0e0: 2c0f 8d80 | f9ff ff4c | 895c 2420 | 4c8b 5c24 | 2045 8b4b | 1043 8b7c | cc0c 85ff | 76d1 c5fb 
  0x0000020b87c0f100: 1044 2420 | c4c1 796e | d24d 63c2 | 4c8b dd4d | 2bd8 4c8b | 5424 2047 | 8b54 9a0c | c4c1 796e 
  0x0000020b87c0f120: da47 8b6c | d40c 468b | 5480 10c4 | c179 6ee2 | 478b 4cd4 | 0c4c 8b54 | 2420 478b | 5482 10c4 
  0x0000020b87c0f140: c179 6eca | 438b 4cd4 | 0c42 8b5c | 980c 458b | 74dc 0c45 | 85ed 0f86 | d806 0000 | 41ba 0100 
  0x0000020b87c0f160: 0000 453b | d545 0f4f | d5c4 c179 | 7ee3 4f8d | 04dc c4c1 | 797e db4b | 8d14 dc41 | 8bf8 498d 
  0x0000020b87c0f180: 34dc c1ef | 02c4 c179 | 7ecb 49c1 | e303 83e7 | 0341 03fa | f7df 83e7 | 0341 03fa | 413b fd41 
  0x0000020b87c0f1a0: 0f4f fd45 | 33d2 eb0c | 448b d144 | 8b4c 2420 | 8b4c 2424 | 453b d50f | 837e 0100 | 00c5 796e 
  0x0000020b87c0f1c0: c389 4c24 | 2444 894c | 2420 c4e1 | f96e f5c4 | e1f9 6ee8 | 468b 4c92 | 1044 3b54 | 2420 0f83 
  0x0000020b87c0f1e0: d004 0000 | 4789 4c90 | 1044 3bd1 | 0f83 1e05 | 0000 478b | 4c93 1045 | 3bd6 0f83 | 7005 0000 
  0x0000020b87c0f200: 4689 4c96 | 10c4 c1f9 | 7ec1 458b | 4910 478b | 4ccc 0c41 | 8bca ffc1 | 413b c90f | 8d9a feff 
  0x0000020b87c0f220: ff3b cf0f | 8c7f ffff | ff49 63dd | 4963 c648 | 636c 2424 | 4863 7c24 | 2048 3bdf | 418b fd0f 
  0x0000020b87c0f240: 4f7c 2420 | 4963 d94c | 63cf 4c3b | cd0f 4f7c | 2424 48ff | cb4c 63cf | 4c3b c841 | 0f4f fe44 
  0x0000020b87c0f260: 8bcb 4863 | c748 3bc3 | 410f 4ff9 | 448b cf41 | 83c1 f941 | 3bf9 bf00 | 0000 8044 | 0f4c cf41 
  0x0000020b87c0f280: 3bc9 0f8d | b405 0000 | 41ff c20f | 1f44 0000 | c4a1 7a6f | 7c92 10c4 | 817a 7f7c | 9010 c481 
  0x0000020b87c0f2a0: 7a6f 7c93 | 10c4 a17a | 7f7c 9610 | c4a1 7a6f | 7c92 20c4 | 817a 7f7c | 9020 c481 | 7a6f 7c93 
  0x0000020b87c0f2c0: 20c4 a17a | 7f7c 9620 | 4183 c208 | 453b d17c | bf45 3bd5 | 7d59 6690 | 453b d573 | 5946 8b4c 
  0x0000020b87c0f2e0: 9210 443b | 5424 200f | 83c7 0300 | 0047 894c | 9010 443b | 5424 240f | 8313 0400 | 0047 8b4c 
  0x0000020b87c0f300: 9310 453b | d60f 8365 | 0400 0046 | 894c 9610 | c4c1 f97e | c145 8b49 | 1043 8b4c | cc0c 41ff 
  0x0000020b87c0f320: c244 3bd1 | 0f8d 91fd | ffff 453b | d57c a9c4 | e1f9 7ee8 | eb05 c4e1 | f97e e8ba | e4ff ffff 
  0x0000020b87c0f340: 488b 2c24 | 448b 5c24 | 0844 891c | 244c 8b5c | 2410 4c89 | 5c24 0844 | 8b44 2418 | 4489 4424 
  0x0000020b87c0f360: 0444 8b5c | 241c 4489 | 5c24 10c5 | fb11 4424 | 1848 8944 | 2420 4489 | 5424 2844 | 8954 242c 
  0x0000020b87c0f380: c5fa 1154 | 2430 c5fa | 1164 2434 | c5fa 115c | 2438 6690 | c5f8 77e8 | 642f 44f8 | c4c1 f97e 
  0x0000020b87c0f3a0: cde9 e2f9 | ffff 448b | c841 bb01 | 0000 00eb | 1d0f 1f84 | 0000 0000 | 000f 1f80 | 0000 0000 
  0x0000020b87c0f3c0: 442b 4c24 | 1045 8bd9 | 41ff c344 | 8bcf 453b | da0f 837d | 0200 0045 | 3b64 dc10 | 0f84 4304 
  0x0000020b87c0f3e0: 0000 c4e1 | f97e d744 | 8b47 1047 | 8b5c c40c | 4403 5c24 | 104d 8b87 | 4803 0000 | 418b f9ff 
  0x0000020b87c0f400: c741 8500 | 413b fb7c | b7c4 c1f9 | 7ecd e9b3 | f8ff ff43 | 8b6c c418 | 85ed 0f84 | a006 0000 
  0x0000020b87c0f420: 438b 4cc4 | 0881 f998 | b014 000f | 84bb 0600 | 004d 8d04 | ec45 8b48 | 0c45 3bcb | 0f85 b601 
  0x0000020b87c0f440: 0000 418b | 4810 4c8b | c949 c1e1 | 034d 3bca | 0f84 22f5 | ffff 410f | be7a 104d | 3bd1 0f84 
  0x0000020b87c0f460: 14f5 ffff | 458b 4ccc | 0841 81f9 | 70e9 0000 | 0f85 b207 | 0000 4d8d | 0ccc 410f | be69 103b 
  0x0000020b87c0f480: fd0f 8509 | 0700 0041 | 8b59 1445 | 8b4a 1441 | 8b74 dc0c | 438b 4ccc | 0c3b ce0f | 85d8 0000 
  0x0000020b87c0f4a0: 0049 8d3c | dc49 8d74 | dc10 4b8d | 1ccc 4b8d | 7ccc 1085 | c90f 84a5 | 0000 008b | c183 e01f 
  0x0000020b87c0f4c0: 83e1 e00f | 844b 0000 | 0048 8d3c | 0f48 8d34 | 0e48 f7d9 | c5fe 6f0c | 0fc5 fe6f | 140e c5f5 
  0x0000020b87c0f4e0: efca c4e2 | 7d17 c90f | 857a 0000 | 0048 83c1 | 2075 e185 | c00f 8465 | 0000 00c5 | fe6f 4c07 
  0x0000020b87c0f500: e0c5 fe6f | 5406 e0c5 | f5ef cac4 | e27d 17c9 | 7555 eb4c | 8bc8 83e1 | fc74 1948 | 8d3c 0f48 
  0x0000020b87c0f520: 8d34 0e48 | f7d9 8b1c | 0f3b 1c0e | 7539 4883 | c104 75f2 | f7c0 0200 | 0000 7412 | 0fb7 1f0f 
  0x0000020b87c0f540: b70e 3bd9 | 7521 488d | 7f02 488d | 7602 f7c0 | 0100 0000 | 740a 0fb6 | 1f0f b60e | 3bd9 7507 
  0x0000020b87c0f560: b801 0000 | 00eb 0233 | c0c5 f5ef | c9c5 edef | d285 c00f | 85ff f3ff | ffba 45ff | ffff 488b 
  0x0000020b87c0f580: 2c24 4489 | 3424 4c8b | 4c24 104c | 894c 2408 | c5fa 1144 | 2404 c5fa | 116c 2410 | 4c89 5424 
  0x0000020b87c0f5a0: 184c 8944 | 2420 4489 | 5c24 1490 | c5f8 77e8 | 4c2d 44f8 | c57a 2cc0 | 4181 f800 | 0000 8075 
  0x0000020b87c0f5c0: 1048 83ec | 08c5 fa11 | 0424 e824 | 1b3f f841 | 58e9 80f4 | ffff c57a | 2cd8 4181 | fb00 0000 
  0x0000020b87c0f5e0: 8075 1048 | 83ec 08c5 | fa11 0424 | e802 1b3f | f841 5be9 | 07f4 ffff | 458b 4818 | 4d8b 8748 
  0x0000020b87c0f600: 0300 0041 | 8500 4585 | c90f 84b1 | 0400 004f | 8d04 cce9 | 1dfe ffff | 4533 c033 | d245 33db 
  0x0000020b87c0f620: e904 f2ff | ff33 d241 | c642 1101 | 4533 c045 | 33db e9f2 | f1ff ff41 | f7db e9b7 | f3ff ff41 
  0x0000020b87c0f640: f7d8 e906 | f4ff ff45 | 33c0 33d2 | 4533 dbe9 | d5f1 ffff | ba45 ffff | ffc4 e1f9 | 7ec5 c5fb 
  0x0000020b87c0f660: 110c 24c5 | fb11 5424 | 0889 4c24 | 1844 894c | 241c 6690 | c5f8 77e8 | 842c 44f8 | c4c1 796e 
  0x0000020b87c0f680: deba e6ff | ffff 498b | ebc5 fa11 | 1c24 6690 | c5f8 77e8 | 682c 44f8 | 4489 4c24 | 10ba e6ff 
  0x0000020b87c0f6a0: ffff 8bee | 4489 5c24 | 0466 6690 | c5f8 77e8 | 4c2c 44f8 | bae4 ffff | ff48 8b2c | 2444 8b44 
  0x0000020b87c0f6c0: 2408 4489 | 0424 4c8b | 5c24 104c | 895c 2408 | 448b 5c24 | 1844 895c | 2404 448b | 4424 1c44 
  0x0000020b87c0f6e0: 8944 2410 | c5fb 1144 | 2418 c5fb | 116c 2420 | 4489 5424 | 2844 894c | 242c c5fa | 1154 2430 
  0x0000020b87c0f700: c5fa 1164 | 2434 6690 | c5f8 77e8 | f02b 44f8 | bae4 ffff | ff48 8b2c | 2444 8b5c | 2408 4489 
  0x0000020b87c0f720: 1c24 4c8b | 5c24 104c | 895c 2408 | 448b 4424 | 1844 8944 | 2404 448b | 5c24 1c44 | 895c 2410 
  0x0000020b87c0f740: c5fb 1144 | 2418 c5fb | 116c 2420 | 4489 5424 | 2844 8954 | 242c c5fa | 1154 2430 | c5fa 114c 
  0x0000020b87c0f760: 2434 c57a | 1144 2438 | c5f8 77e8 | 902b 44f8 | bae4 ffff | ff48 8b2c | 2444 8b44 | 2408 4489 
  0x0000020b87c0f780: 0424 4c8b | 5c24 104c | 895c 2408 | 448b 4424 | 1844 8944 | 2404 448b | 5c24 1c44 | 895c 2410 
  0x0000020b87c0f7a0: c5fb 1144 | 2418 c5fb | 116c 2420 | 4489 5424 | 2844 894c | 242c c5fa | 1154 2430 | c57a 1144 
  0x0000020b87c0f7c0: 2434 6690 | c5f8 77e8 | 342b 44f8 | 49c1 e303 | e9ac feff | ffba f6ff | ffff 6690 | c5f8 77e8 
  0x0000020b87c0f7e0: 1c2b 44f8 | 418b 6cfc | 0cd1 fdff | c5ba 76ff | ffff 448b | 5c24 1844 | 895c 240c | 448b 5424 
  0x0000020b87c0f800: 1c44 8954 | 2418 4889 | 4424 2844 | 8974 241c | c5f8 77e8 | e82a 44f8 | 8bdd 41bb | 0100 0000 
  0x0000020b87c0f820: e9a8 f6ff | ffba f6ff | ffff 6690 | c5f8 77e8 | cc2a 44f8 | 4533 d2e9 | fffa ffff | 448b d1e9 
  0x0000020b87c0f840: 8dfa ffff | bade ffff | ff44 894c | 2408 c5fa | 1144 240c | c5fa 114c | 2418 4c89 | 4424 2090 
  0x0000020b87c0f860: c5f8 77e8 | 982a 44f8 | bae4 ffff | ff48 8b2c | 2444 8934 | 244c 8b54 | 2410 4c89 | 5424 08c5 
  0x0000020b87c0f880: fa11 6c24 | 04c5 fa11 | 4424 1848 | 8944 2420 | c5f8 77e8 | 682a 44f8 | 4c8b 0c24 | 488b 7424 
  0x0000020b87c0f8a0: 10ba beff | ffff 498b | e948 8934 | 2448 8944 | 2408 4489 | 5c24 1044 | 8944 2418 | 4489 4424 
  0x0000020b87c0f8c0: 1c89 4c24 | 2066 6690 | c5f8 77e8 | 302a 44f8 | 4c8b 0c24 | 488b 7424 | 10eb c648 | 8b74 2410 
  0x0000020b87c0f8e0: ebbf ba45 | ffff ff48 | 8b2c 2444 | 890c 2448 | 897c 2408 | c5fa 1144 | 2404 c5fa | 114c 2410 
  0x0000020b87c0f900: 4c89 5424 | 1844 895c | 2414 4489 | 4424 2490 | c5f8 77e8 | e829 44f8 | ba45 ffff | ff4c 8b4c 
  0x0000020b87c0f920: 2410 4c89 | 4c24 0848 | 8944 2410 | 4489 5c24 | 1844 8944 | 241c 4489 | 5424 2090 | c5f8 77e8 
  0x0000020b87c0f940: bc29 44f8 | 448b 4c24 | 2cba beff | ffff 488b | 2c24 448b | 5c24 0844 | 891c 244c | 8b54 2410 
  0x0000020b87c0f960: 4c89 5424 | 0844 8b54 | 2418 4489 | 5424 0444 | 8b5c 241c | 4489 5c24 | 104c 8b54 | 2420 4c89 
  0x0000020b87c0f980: 5424 1848 | 8944 2420 | 4489 4c24 | 1466 6690 | c5f8 77e8 | 6829 44f8 | 448b 4c24 | 2ceb aa44 
  0x0000020b87c0f9a0: 8b4c 242c | eba3 bae4 | ffff ff48 | 8b2c 2444 | 8914 244c | 8b54 2410 | 4c89 5424 | 0844 895c 
  0x0000020b87c0f9c0: 2404 4489 | 4424 1048 | 8944 2420 | 894c 2414 | c5f8 77e8 | 2829 44f8 | babe ffff | ff48 8b2c 
  0x0000020b87c0f9e0: 2444 8b54 | 2408 4489 | 1424 4c8b | 5424 104c | 8954 2408 | 448b 5c24 | 1844 895c | 2404 448b 
  0x0000020b87c0fa00: 5424 1c44 | 8954 2410 | 4c8b 5424 | 204c 8954 | 2418 4889 | 4424 2090 | c5f8 77e8 | e028 44f8 
  0x0000020b87c0fa20: bae4 ffff | ff44 8954 | 2408 4489 | 5c24 0c44 | 8944 2418 | 4889 4424 | 2866 6690 | c5f8 77e8 
  0x0000020b87c0fa40: bc28 44f8 | ba45 ffff | ff48 8b2c | 2444 8934 | 244c 8b4c | 2410 4c89 | 4c24 08c5 | fa11 4424 
  0x0000020b87c0fa60: 04c5 fa11 | 6c24 104c | 8954 2418 | 4489 4424 | 1444 895c | 2420 6690 | c5f8 77e8 | 8028 44f8 
  0x0000020b87c0fa80: ba76 ffff | ff44 8974 | 2408 c5fa | 1144 240c | c5fa 114c | 2418 4489 | 5c24 1c44 | 8944 2428 
  0x0000020b87c0faa0: 4c89 5424 | 3044 894c | 242c 6690 | c5f8 77e8 | 4c28 44f8 | b801 0000 | 0033 d2e9 | 45ed ffff 
  0x0000020b87c0fac0: baf4 ffff | ff48 8b2c | 2444 8934 | 244c 8b54 | 2410 4c89 | 5424 08c5 | fa11 4424 | 04c5 fa11 
  0x0000020b87c0fae0: 6c24 1090 | c5f8 77e8 | 1428 44f8 | ba45 ffff | ff44 8974 | 2408 c5fa | 1144 240c | c5fa 116c 
  0x0000020b87c0fb00: 2418 4c89 | 5424 2044 | 8944 241c | 4489 5c24 | 2866 6690 | c5f8 77e8 | e427 44f8 | ba45 ffff 
  0x0000020b87c0fb20: ff44 8974 | 2408 c5fa | 1144 240c | c5fa 116c | 2418 4489 | 4424 1c44 | 895c 2428 | 4c89 5424 
  0x0000020b87c0fb40: 304c 894c | 2438 897c | 242c 6690 | c5f8 77e8 | ac27 44f8 | 85c9 400f | 95c5 400f | b6ed 83f5 
  0x0000020b87c0fb60: 01ba 45ff | ffff 4489 | 4c24 08c5 | fa11 4424 | 0cc5 fa11 | 4c24 1844 | 895c 241c | 4489 4424 
  0x0000020b87c0fb80: 284c 8954 | 2430 6690 | c5f8 77e8 | 7027 44f8 | ba45 ffff | ff44 8974 | 2408 c5fa | 1144 240c 
  0x0000020b87c0fba0: c5fa 116c | 2418 4c89 | 4424 2844 | 895c 241c | 4c89 5424 | 304c 894c | 2438 897c | 2440 6690 
  0x0000020b87c0fbc0: c5f8 77e8 | 3827 44f8 | bade ffff | ff44 8974 | 2408 c5fa | 1144 240c | c5fa 116c | 2418 6690 
  0x0000020b87c0fbe0: c5f8 77e8 | 1827 44f8 | bade ffff | ff48 8b2c | 2444 8934 | 244c 8b4c | 2410 4c89 | 4c24 08c5 
  0x0000020b87c0fc00: fa11 4424 | 04c5 fa11 | 6c24 1044 | 8944 2414 | 4489 5c24 | 204c 8954 | 2428 894c | 2430 6690 
  0x0000020b87c0fc20: c5f8 77e8 | d826 44f8 | bade ffff | ff48 8b2c | 2444 8934 | 244c 8b4c | 2410 4c89 | 4c24 08c5 
  0x0000020b87c0fc40: fa11 4424 | 04c5 fa11 | 6c24 104c | 8944 2420 | 4489 5c24 | 144c 8954 | 2428 894c | 2434 6690 
  0x0000020b87c0fc60: c5f8 77e8 | 9826 44f8 | baf6 ffff | ff66 6690 | c5f8 77e8 | 8826 44f8 | c4c1 796e | deba f6ff 
  0x0000020b87c0fc80: ffff c5f9 | 7edd 6690 | c5f8 77e8 | 7026 44f8 | 4489 4c24 | 10ba f6ff | ffff 4489 | 1c24 6690 
  0x0000020b87c0fca0: c5f8 77e8 | 5826 44f8 | baf6 ffff | ff66 6690 | c5f8 77e8 | 4826 44f8 | ba76 ffff | ff48 8b2c 
  0x0000020b87c0fcc0: 2444 8b54 | 2408 4489 | 1424 4c8b | 5424 104c | 8954 2408 | 448b 5c24 | 1844 895c | 2404 448b 
  0x0000020b87c0fce0: 5424 1c44 | 8954 2410 | 48ff 7424 | 2048 8f44 | 2418 4889 | 4424 20c5 | fa11 5424 | 1489 7c24 
  0x0000020b87c0fd00: 2866 6690 | c5f8 77e8 | f425 44f8 | baf6 ffff | ff66 6690 | c5f8 77e8 | e425 44f8 | 488b d0eb 
  0x0000020b87c0fd20: 0848 8bd0 | eb03 488b | d0c5 f877 | 4883 c460 | 5de9 4ad0 | 4ef8 baf6 | ffff ff49 | 8be8 6690 
  0x0000020b87c0fd40: c5f8 77e8 | b825 44f8 | baf6 ffff | ff66 6690 | c5f8 77e8 | a825 44f8 | baf6 ffff | ff66 6690 
  0x0000020b87c0fd60: c5f8 77e8 | 9825 44f8 | 488b 7424 | 10e9 2ffb | ffff 488b | 7424 10e9 | 25fb ffff | baf6 ffff 
  0x0000020b87c0fd80: ff66 6690 | c5f8 77e8 | 7425 44f8 | baf6 ffff | ff66 6690 | c5f8 77e8 | 6425 44f8 | baf6 ffff 
  0x0000020b87c0fda0: ff66 6690 | c5f8 77e8 | 5425 44f8 | baf6 ffff | ff66 6690 | c5f8 77e8 | 4425 44f8 | ba45 ffff 
  0x0000020b87c0fdc0: ff48 8b2c | 2444 8934 | 244c 8b4c | 2410 4c89 | 4c24 08c5 | fa11 4424 | 04c5 fa11 | 6c24 1044 
  0x0000020b87c0fde0: 8944 2414 | 4489 5c24 | 2089 4c24 | 244c 8954 | 2428 6690 | c5f8 77e8 | 0425 44f8 | baf6 ffff 
  0x0000020b87c0fe00: ff66 6690 | c5f8 77e8 | f424 44f8 | ba45 ffff | ff48 8b2c | 2444 8934 | 244c 8b4c | 2410 4c89 
  0x0000020b87c0fe20: 4c24 08c5 | fa11 4424 | 04c5 fa11 | 6c24 104c | 8944 2420 | 4489 5c24 | 1489 4c24 | 284c 8954 
  0x0000020b87c0fe40: 2430 6690 | c5f8 77e8 | b424 44f8 | 49ba daed | c087 0b02 | 0000 4d89 | 9758 0300 | 00e9 9e35 
  0x0000020b87c0fe60: 44f8 f4f4 | f4f4 f4f4 | f4f4 f4f4 | f4f4 f4f4 | f4f4 f4f4 | f4f4 f4f4 | f4f4 f4f4 | f4f4 f4f4 
  0x0000020b87c0fe80: 48bb 0000 | 0000 0000 | 0000 e9fb | ffff ffe9 | ec4c 4ef8 | e800 0000 | 0048 832c | 2405 e9fd 
  0x0000020b87c0fea0: 2744 f8f4 | f4f4 f4f4 
[/MachCode]
--------------------------------------------------------------------------------


---------------  P R O C E S S  ---------------

Threads class SMR info:
_java_thread_list=0x0000020bfff61f50, length=26, elements={
0x0000020bff04d320, 0x0000020bff04f5b0, 0x0000020bff063de0, 0x0000020bff0657a0,
0x0000020bff066150, 0x0000020bff066b00, 0x0000020bff06ad90, 0x0000020bff073840,
0x0000020bff07ee10, 0x0000020bffd07760, 0x0000020bffd09c80, 0x0000020bffd3b430,
0x0000020bffd41720, 0x0000020bf462fc30, 0x0000020bfff06ae0, 0x0000020bfff3f6d0,
0x0000020bfff40940, 0x0000020b9912f960, 0x0000020b9917a120, 0x0000020b9917d410,
0x0000020b9917ddb0, 0x0000020b992104d0, 0x0000020b992109e0, 0x0000020b9926cea0,
0x0000020b9926d3b0, 0x0000020b9917ca70
}

Java Threads: ( => current thread )
  0x0000020bff04d320 JavaThread "Reference Handler" daemon [_thread_blocked, id=24392, stack(0x0000002be0500000,0x0000002be0600000)]
  0x0000020bff04f5b0 JavaThread "Finalizer" daemon [_thread_blocked, id=22348, stack(0x0000002be0600000,0x0000002be0700000)]
  0x0000020bff063de0 JavaThread "Signal Dispatcher" daemon [_thread_blocked, id=3736, stack(0x0000002be0700000,0x0000002be0800000)]
  0x0000020bff0657a0 JavaThread "Attach Listener" daemon [_thread_blocked, id=20228, stack(0x0000002be0800000,0x0000002be0900000)]
  0x0000020bff066150 JavaThread "Service Thread" daemon [_thread_blocked, id=7120, stack(0x0000002be0900000,0x0000002be0a00000)]
  0x0000020bff066b00 JavaThread "Monitor Deflation Thread" daemon [_thread_blocked, id=22236, stack(0x0000002be0a00000,0x0000002be0b00000)]
  0x0000020bff06ad90 JavaThread "C2 CompilerThread0" daemon [_thread_blocked, id=5564, stack(0x0000002be0b00000,0x0000002be0c00000)]
  0x0000020bff073840 JavaThread "C1 CompilerThread0" daemon [_thread_blocked, id=4656, stack(0x0000002be0c00000,0x0000002be0d00000)]
  0x0000020bff07ee10 JavaThread "Sweeper thread" daemon [_thread_blocked, id=24356, stack(0x0000002be0d00000,0x0000002be0e00000)]
  0x0000020bffd07760 JavaThread "C1 CompilerThread1" daemon [_thread_blocked, id=5032, stack(0x0000002be0e00000,0x0000002be0f00000)]
  0x0000020bffd09c80 JavaThread "C1 CompilerThread2" daemon [_thread_blocked, id=19060, stack(0x0000002be0f00000,0x0000002be1000000)]
  0x0000020bffd3b430 JavaThread "Notification Thread" daemon [_thread_blocked, id=9976, stack(0x0000002be1000000,0x0000002be1100000)]
  0x0000020bffd41720 JavaThread "Common-Cleaner" daemon [_thread_blocked, id=14752, stack(0x0000002be1200000,0x0000002be1300000)]
  0x0000020bf462fc30 JavaThread "DestroyJavaVM" [_thread_blocked, id=14832, stack(0x0000002bdfe00000,0x0000002bdff00000)]
  0x0000020bfff06ae0 JavaThread "Java2D Disposer" daemon [_thread_blocked, id=24288, stack(0x0000002be1400000,0x0000002be1500000)]
  0x0000020bfff3f6d0 JavaThread "AWT-Shutdown" [_thread_blocked, id=14272, stack(0x0000002be1600000,0x0000002be1700000)]
  0x0000020bfff40940 JavaThread "AWT-Windows" daemon [_thread_in_native, id=11388, stack(0x0000002be1700000,0x0000002be1800000)]
  0x0000020b9912f960 JavaThread "AWT-EventQueue-0" [_thread_blocked, id=21752, stack(0x0000002be2400000,0x0000002be2500000)]
=>0x0000020b9917a120 JavaThread "Thread-2" [_thread_in_Java, id=8944, stack(0x0000002be2500000,0x0000002be2600000)]
  0x0000020b9917d410 JavaThread "Thread-1" [_thread_in_Java, id=10300, stack(0x0000002be2600000,0x0000002be2700000)]
  0x0000020b9917ddb0 JavaThread "D3D Screen Updater" daemon [_thread_blocked, id=9680, stack(0x0000002be1300000,0x0000002be1400000)]
  0x0000020b992104d0 JavaThread "C2 CompilerThread1" daemon [_thread_blocked, id=22340, stack(0x0000002be2f00000,0x0000002be3000000)]
  0x0000020b992109e0 JavaThread "C2 CompilerThread2" daemon [_thread_blocked, id=21216, stack(0x0000002be3000000,0x0000002be3100000)]
  0x0000020b9926cea0 JavaThread "C2 CompilerThread3" daemon [_thread_blocked, id=16908, stack(0x0000002be3100000,0x0000002be3200000)]
  0x0000020b9926d3b0 JavaThread "C2 CompilerThread4" daemon [_thread_blocked, id=22484, stack(0x0000002be3200000,0x0000002be3300000)]
  0x0000020b9917ca70 JavaThread "Thread-3" [_thread_in_Java, id=22676, stack(0x0000002be3300000,0x0000002be3400000)]

Other Threads:
  0x0000020bff047190 VMThread "VM Thread" [stack: 0x0000002be0400000,0x0000002be0500000] [id=3916]
  0x0000020bf46a2d50 WatcherThread [stack: 0x0000002be1100000,0x0000002be1200000] [id=9788]
  0x0000020bf467d6d0 GCTaskThread "GC Thread#0" [stack: 0x0000002bdff00000,0x0000002be0000000] [id=20660]
  0x0000020b991b6fe0 GCTaskThread "GC Thread#1" [stack: 0x0000002be1500000,0x0000002be1600000] [id=11348]
  0x0000020b991b7290 GCTaskThread "GC Thread#2" [stack: 0x0000002be2700000,0x0000002be2800000] [id=15736]
  0x0000020b991b7540 GCTaskThread "GC Thread#3" [stack: 0x0000002be2800000,0x0000002be2900000] [id=12308]
  0x0000020b991fbef0 GCTaskThread "GC Thread#4" [stack: 0x0000002be2900000,0x0000002be2a00000] [id=596]
  0x0000020b991fc5b0 GCTaskThread "GC Thread#5" [stack: 0x0000002be2a00000,0x0000002be2b00000] [id=16784]
  0x0000020b99202860 GCTaskThread "GC Thread#6" [stack: 0x0000002be2b00000,0x0000002be2c00000] [id=19720]
  0x0000020b99202b10 GCTaskThread "GC Thread#7" [stack: 0x0000002be2c00000,0x0000002be2d00000] [id=20936]
  0x0000020b99237b20 GCTaskThread "GC Thread#8" [stack: 0x0000002be2d00000,0x0000002be2e00000] [id=3588]
  0x0000020b9920be10 GCTaskThread "GC Thread#9" [stack: 0x0000002be2e00000,0x0000002be2f00000] [id=19820]
  0x0000020bf468ecb0 ConcurrentGCThread "G1 Main Marker" [stack: 0x0000002be0000000,0x0000002be0100000] [id=5996]
  0x0000020bf468fe60 ConcurrentGCThread "G1 Conc#0" [stack: 0x0000002be0100000,0x0000002be0200000] [id=13320]
  0x0000020bfef134e0 ConcurrentGCThread "G1 Refine#0" [stack: 0x0000002be0200000,0x0000002be0300000] [id=6676]
  0x0000020bfef13e00 ConcurrentGCThread "G1 Service" [stack: 0x0000002be0300000,0x0000002be0400000] [id=8980]

Threads with active compile tasks:

VM state: not at safepoint (normal execution)

VM Mutex/Monitor currently owned by a thread: None

Heap address: 0x0000000709600000, size: 3946 MB, Compressed Oops mode: Zero based, Oop shift amount: 3

CDS archive(s) mapped at: [0x0000000800000000-0x0000000800bc0000-0x0000000800bc0000), size 12320768, SharedBaseAddress: 0x0000000800000000, ArchiveRelocationMode: 0.
Compressed class space mapped at: 0x0000000800c00000-0x0000000840c00000, reserved size: 1073741824
Narrow klass base: 0x0000000800000000, Narrow klass shift: 0, Narrow klass range: 0x100000000

GC Precious Log:
 CPUs: 16 total, 16 available
 Memory: 15776M
 Large Page Support: Disabled
 NUMA Support: Disabled
 Compressed Oops: Enabled (Zero based)
 Heap Region Size: 2M
 Heap Min Capacity: 8M
 Heap Initial Capacity: 248M
 Heap Max Capacity: 3946M
 Pre-touch: Disabled
 Parallel Workers: 13
 Concurrent Workers: 3
 Concurrent Refinement Workers: 13
 Periodic GC: Disabled

Heap:
 garbage-first heap   total 253952K, used 14483K [0x0000000709600000, 0x0000000800000000)
  region size 2048K, 6 young (12288K), 2 survivors (4096K)
 Metaspace       used 7084K, committed 7296K, reserved 1056768K
  class space    used 751K, committed 832K, reserved 1048576K

Heap Regions: E=young(eden), S=young(survivor), O=old, HS=humongous(starts), HC=humongous(continues), CS=collection set, F=free, OA=open archive, CA=closed archive, TAMS=top-at-mark-start (previous, next)
|   0|0x0000000709600000, 0x0000000709800000, 0x0000000709800000|100%|HS|  |TAMS 0x0000000709600000, 0x0000000709600000| Complete 
|   1|0x0000000709800000, 0x0000000709a00000, 0x0000000709a00000|100%|HC|  |TAMS 0x0000000709800000, 0x0000000709800000| Complete 
|   2|0x0000000709a00000, 0x0000000709a24e00, 0x0000000709c00000|  7%| O|  |TAMS 0x0000000709a00000, 0x0000000709a00000| Untracked 
|   3|0x0000000709c00000, 0x0000000709c00000, 0x0000000709e00000|  0%| F|  |TAMS 0x0000000709c00000, 0x0000000709c00000| Untracked 
|   4|0x0000000709e00000, 0x0000000709e00000, 0x000000070a000000|  0%| F|  |TAMS 0x0000000709e00000, 0x0000000709e00000| Untracked 
|   5|0x000000070a000000, 0x000000070a000000, 0x000000070a200000|  0%| F|  |TAMS 0x000000070a000000, 0x000000070a000000| Untracked 
|   6|0x000000070a200000, 0x000000070a200000, 0x000000070a400000|  0%| F|  |TAMS 0x000000070a200000, 0x000000070a200000| Untracked 
|   7|0x000000070a400000, 0x000000070a400000, 0x000000070a600000|  0%| F|  |TAMS 0x000000070a400000, 0x000000070a400000| Untracked 
|   8|0x000000070a600000, 0x000000070a600000, 0x000000070a800000|  0%| F|  |TAMS 0x000000070a600000, 0x000000070a600000| Untracked 
|   9|0x000000070a800000, 0x000000070a800000, 0x000000070aa00000|  0%| F|  |TAMS 0x000000070a800000, 0x000000070a800000| Untracked 
|  10|0x000000070aa00000, 0x000000070aa00000, 0x000000070ac00000|  0%| F|  |TAMS 0x000000070aa00000, 0x000000070aa00000| Untracked 
|  11|0x000000070ac00000, 0x000000070ac00000, 0x000000070ae00000|  0%| F|  |TAMS 0x000000070ac00000, 0x000000070ac00000| Untracked 
|  12|0x000000070ae00000, 0x000000070ae00000, 0x000000070b000000|  0%| F|  |TAMS 0x000000070ae00000, 0x000000070ae00000| Untracked 
|  13|0x000000070b000000, 0x000000070b000000, 0x000000070b200000|  0%| F|  |TAMS 0x000000070b000000, 0x000000070b000000| Untracked 
|  14|0x000000070b200000, 0x000000070b200000, 0x000000070b400000|  0%| F|  |TAMS 0x000000070b200000, 0x000000070b200000| Untracked 
|  15|0x000000070b400000, 0x000000070b400000, 0x000000070b600000|  0%| F|  |TAMS 0x000000070b400000, 0x000000070b400000| Untracked 
|  16|0x000000070b600000, 0x000000070b600000, 0x000000070b800000|  0%| F|  |TAMS 0x000000070b600000, 0x000000070b600000| Untracked 
|  17|0x000000070b800000, 0x000000070b800000, 0x000000070ba00000|  0%| F|  |TAMS 0x000000070b800000, 0x000000070b800000| Untracked 
|  18|0x000000070ba00000, 0x000000070ba00000, 0x000000070bc00000|  0%| F|  |TAMS 0x000000070ba00000, 0x000000070ba00000| Untracked 
|  19|0x000000070bc00000, 0x000000070bc00000, 0x000000070be00000|  0%| F|  |TAMS 0x000000070bc00000, 0x000000070bc00000| Untracked 
|  20|0x000000070be00000, 0x000000070be00000, 0x000000070c000000|  0%| F|  |TAMS 0x000000070be00000, 0x000000070be00000| Untracked 
|  21|0x000000070c000000, 0x000000070c000000, 0x000000070c200000|  0%| F|  |TAMS 0x000000070c000000, 0x000000070c000000| Untracked 
|  22|0x000000070c200000, 0x000000070c200000, 0x000000070c400000|  0%| F|  |TAMS 0x000000070c200000, 0x000000070c200000| Untracked 
|  23|0x000000070c400000, 0x000000070c400000, 0x000000070c600000|  0%| F|  |TAMS 0x000000070c400000, 0x000000070c400000| Untracked 
|  24|0x000000070c600000, 0x000000070c600000, 0x000000070c800000|  0%| F|  |TAMS 0x000000070c600000, 0x000000070c600000| Untracked 
|  25|0x000000070c800000, 0x000000070c800000, 0x000000070ca00000|  0%| F|  |TAMS 0x000000070c800000, 0x000000070c800000| Untracked 
|  26|0x000000070ca00000, 0x000000070ca00000, 0x000000070cc00000|  0%| F|  |TAMS 0x000000070ca00000, 0x000000070ca00000| Untracked 
|  27|0x000000070cc00000, 0x000000070cc00000, 0x000000070ce00000|  0%| F|  |TAMS 0x000000070cc00000, 0x000000070cc00000| Untracked 
|  28|0x000000070ce00000, 0x000000070ce00000, 0x000000070d000000|  0%| F|  |TAMS 0x000000070ce00000, 0x000000070ce00000| Untracked 
|  29|0x000000070d000000, 0x000000070d000000, 0x000000070d200000|  0%| F|  |TAMS 0x000000070d000000, 0x000000070d000000| Untracked 
|  30|0x000000070d200000, 0x000000070d200000, 0x000000070d400000|  0%| F|  |TAMS 0x000000070d200000, 0x000000070d200000| Untracked 
|  31|0x000000070d400000, 0x000000070d400000, 0x000000070d600000|  0%| F|  |TAMS 0x000000070d400000, 0x000000070d400000| Untracked 
|  32|0x000000070d600000, 0x000000070d600000, 0x000000070d800000|  0%| F|  |TAMS 0x000000070d600000, 0x000000070d600000| Untracked 
|  33|0x000000070d800000, 0x000000070d800000, 0x000000070da00000|  0%| F|  |TAMS 0x000000070d800000, 0x000000070d800000| Untracked 
|  34|0x000000070da00000, 0x000000070da00000, 0x000000070dc00000|  0%| F|  |TAMS 0x000000070da00000, 0x000000070da00000| Untracked 
|  35|0x000000070dc00000, 0x000000070dc00000, 0x000000070de00000|  0%| F|  |TAMS 0x000000070dc00000, 0x000000070dc00000| Untracked 
|  36|0x000000070de00000, 0x000000070de00000, 0x000000070e000000|  0%| F|  |TAMS 0x000000070de00000, 0x000000070de00000| Untracked 
|  37|0x000000070e000000, 0x000000070e000000, 0x000000070e200000|  0%| F|  |TAMS 0x000000070e000000, 0x000000070e000000| Untracked 
|  38|0x000000070e200000, 0x000000070e200000, 0x000000070e400000|  0%| F|  |TAMS 0x000000070e200000, 0x000000070e200000| Untracked 
|  39|0x000000070e400000, 0x000000070e400000, 0x000000070e600000|  0%| F|  |TAMS 0x000000070e400000, 0x000000070e400000| Untracked 
|  40|0x000000070e600000, 0x000000070e600000, 0x000000070e800000|  0%| F|  |TAMS 0x000000070e600000, 0x000000070e600000| Untracked 
|  41|0x000000070e800000, 0x000000070e800000, 0x000000070ea00000|  0%| F|  |TAMS 0x000000070e800000, 0x000000070e800000| Untracked 
|  42|0x000000070ea00000, 0x000000070ea00000, 0x000000070ec00000|  0%| F|  |TAMS 0x000000070ea00000, 0x000000070ea00000| Untracked 
|  43|0x000000070ec00000, 0x000000070ec00000, 0x000000070ee00000|  0%| F|  |TAMS 0x000000070ec00000, 0x000000070ec00000| Untracked 
|  44|0x000000070ee00000, 0x000000070ee00000, 0x000000070f000000|  0%| F|  |TAMS 0x000000070ee00000, 0x000000070ee00000| Untracked 
|  45|0x000000070f000000, 0x000000070f000000, 0x000000070f200000|  0%| F|  |TAMS 0x000000070f000000, 0x000000070f000000| Untracked 
|  46|0x000000070f200000, 0x000000070f200000, 0x000000070f400000|  0%| F|  |TAMS 0x000000070f200000, 0x000000070f200000| Untracked 
|  47|0x000000070f400000, 0x000000070f400000, 0x000000070f600000|  0%| F|  |TAMS 0x000000070f400000, 0x000000070f400000| Untracked 
|  48|0x000000070f600000, 0x000000070f600000, 0x000000070f800000|  0%| F|  |TAMS 0x000000070f600000, 0x000000070f600000| Untracked 
|  49|0x000000070f800000, 0x000000070f800000, 0x000000070fa00000|  0%| F|  |TAMS 0x000000070f800000, 0x000000070f800000| Untracked 
|  50|0x000000070fa00000, 0x000000070fa00000, 0x000000070fc00000|  0%| F|  |TAMS 0x000000070fa00000, 0x000000070fa00000| Untracked 
|  51|0x000000070fc00000, 0x000000070fc00000, 0x000000070fe00000|  0%| F|  |TAMS 0x000000070fc00000, 0x000000070fc00000| Untracked 
|  52|0x000000070fe00000, 0x000000070fe00000, 0x0000000710000000|  0%| F|  |TAMS 0x000000070fe00000, 0x000000070fe00000| Untracked 
|  53|0x0000000710000000, 0x0000000710000000, 0x0000000710200000|  0%| F|  |TAMS 0x0000000710000000, 0x0000000710000000| Untracked 
|  54|0x0000000710200000, 0x0000000710200000, 0x0000000710400000|  0%| F|  |TAMS 0x0000000710200000, 0x0000000710200000| Untracked 
|  55|0x0000000710400000, 0x0000000710400000, 0x0000000710600000|  0%| F|  |TAMS 0x0000000710400000, 0x0000000710400000| Untracked 
|  56|0x0000000710600000, 0x0000000710600000, 0x0000000710800000|  0%| F|  |TAMS 0x0000000710600000, 0x0000000710600000| Untracked 
|  57|0x0000000710800000, 0x0000000710800000, 0x0000000710a00000|  0%| F|  |TAMS 0x0000000710800000, 0x0000000710800000| Untracked 
|  58|0x0000000710a00000, 0x0000000710a00000, 0x0000000710c00000|  0%| F|  |TAMS 0x0000000710a00000, 0x0000000710a00000| Untracked 
|  59|0x0000000710c00000, 0x0000000710c00000, 0x0000000710e00000|  0%| F|  |TAMS 0x0000000710c00000, 0x0000000710c00000| Untracked 
|  60|0x0000000710e00000, 0x0000000710e00000, 0x0000000711000000|  0%| F|  |TAMS 0x0000000710e00000, 0x0000000710e00000| Untracked 
|  61|0x0000000711000000, 0x0000000711000000, 0x0000000711200000|  0%| F|  |TAMS 0x0000000711000000, 0x0000000711000000| Untracked 
|  62|0x0000000711200000, 0x0000000711200000, 0x0000000711400000|  0%| F|  |TAMS 0x0000000711200000, 0x0000000711200000| Untracked 
|  63|0x0000000711400000, 0x0000000711400000, 0x0000000711600000|  0%| F|  |TAMS 0x0000000711400000, 0x0000000711400000| Untracked 
|  64|0x0000000711600000, 0x0000000711600000, 0x0000000711800000|  0%| F|  |TAMS 0x0000000711600000, 0x0000000711600000| Untracked 
|  65|0x0000000711800000, 0x0000000711800000, 0x0000000711a00000|  0%| F|  |TAMS 0x0000000711800000, 0x0000000711800000| Untracked 
|  66|0x0000000711a00000, 0x0000000711a00000, 0x0000000711c00000|  0%| F|  |TAMS 0x0000000711a00000, 0x0000000711a00000| Untracked 
|  67|0x0000000711c00000, 0x0000000711c00000, 0x0000000711e00000|  0%| F|  |TAMS 0x0000000711c00000, 0x0000000711c00000| Untracked 
|  68|0x0000000711e00000, 0x0000000711e00000, 0x0000000712000000|  0%| F|  |TAMS 0x0000000711e00000, 0x0000000711e00000| Untracked 
|  69|0x0000000712000000, 0x0000000712000000, 0x0000000712200000|  0%| F|  |TAMS 0x0000000712000000, 0x0000000712000000| Untracked 
|  70|0x0000000712200000, 0x0000000712200000, 0x0000000712400000|  0%| F|  |TAMS 0x0000000712200000, 0x0000000712200000| Untracked 
|  71|0x0000000712400000, 0x0000000712400000, 0x0000000712600000|  0%| F|  |TAMS 0x0000000712400000, 0x0000000712400000| Untracked 
|  72|0x0000000712600000, 0x0000000712600000, 0x0000000712800000|  0%| F|  |TAMS 0x0000000712600000, 0x0000000712600000| Untracked 
|  73|0x0000000712800000, 0x0000000712800000, 0x0000000712a00000|  0%| F|  |TAMS 0x0000000712800000, 0x0000000712800000| Untracked 
|  74|0x0000000712a00000, 0x0000000712a00000, 0x0000000712c00000|  0%| F|  |TAMS 0x0000000712a00000, 0x0000000712a00000| Untracked 
|  75|0x0000000712c00000, 0x0000000712c00000, 0x0000000712e00000|  0%| F|  |TAMS 0x0000000712c00000, 0x0000000712c00000| Untracked 
|  76|0x0000000712e00000, 0x0000000712e00000, 0x0000000713000000|  0%| F|  |TAMS 0x0000000712e00000, 0x0000000712e00000| Untracked 
|  77|0x0000000713000000, 0x0000000713000000, 0x0000000713200000|  0%| F|  |TAMS 0x0000000713000000, 0x0000000713000000| Untracked 
|  78|0x0000000713200000, 0x0000000713200000, 0x0000000713400000|  0%| F|  |TAMS 0x0000000713200000, 0x0000000713200000| Untracked 
|  79|0x0000000713400000, 0x0000000713400000, 0x0000000713600000|  0%| F|  |TAMS 0x0000000713400000, 0x0000000713400000| Untracked 
|  80|0x0000000713600000, 0x0000000713600000, 0x0000000713800000|  0%| F|  |TAMS 0x0000000713600000, 0x0000000713600000| Untracked 
|  81|0x0000000713800000, 0x0000000713800000, 0x0000000713a00000|  0%| F|  |TAMS 0x0000000713800000, 0x0000000713800000| Untracked 
|  82|0x0000000713a00000, 0x0000000713a00000, 0x0000000713c00000|  0%| F|  |TAMS 0x0000000713a00000, 0x0000000713a00000| Untracked 
|  83|0x0000000713c00000, 0x0000000713c00000, 0x0000000713e00000|  0%| F|  |TAMS 0x0000000713c00000, 0x0000000713c00000| Untracked 
|  84|0x0000000713e00000, 0x0000000713e00000, 0x0000000714000000|  0%| F|  |TAMS 0x0000000713e00000, 0x0000000713e00000| Untracked 
|  85|0x0000000714000000, 0x0000000714000000, 0x0000000714200000|  0%| F|  |TAMS 0x0000000714000000, 0x0000000714000000| Untracked 
|  86|0x0000000714200000, 0x0000000714200000, 0x0000000714400000|  0%| F|  |TAMS 0x0000000714200000, 0x0000000714200000| Untracked 
|  87|0x0000000714400000, 0x0000000714400000, 0x0000000714600000|  0%| F|  |TAMS 0x0000000714400000, 0x0000000714400000| Untracked 
|  88|0x0000000714600000, 0x0000000714600000, 0x0000000714800000|  0%| F|  |TAMS 0x0000000714600000, 0x0000000714600000| Untracked 
|  89|0x0000000714800000, 0x0000000714800000, 0x0000000714a00000|  0%| F|  |TAMS 0x0000000714800000, 0x0000000714800000| Untracked 
|  90|0x0000000714a00000, 0x0000000714a00000, 0x0000000714c00000|  0%| F|  |TAMS 0x0000000714a00000, 0x0000000714a00000| Untracked 
|  91|0x0000000714c00000, 0x0000000714c00000, 0x0000000714e00000|  0%| F|  |TAMS 0x0000000714c00000, 0x0000000714c00000| Untracked 
|  92|0x0000000714e00000, 0x0000000714e00000, 0x0000000715000000|  0%| F|  |TAMS 0x0000000714e00000, 0x0000000714e00000| Untracked 
|  93|0x0000000715000000, 0x0000000715000000, 0x0000000715200000|  0%| F|  |TAMS 0x0000000715000000, 0x0000000715000000| Untracked 
|  94|0x0000000715200000, 0x0000000715200000, 0x0000000715400000|  0%| F|  |TAMS 0x0000000715200000, 0x0000000715200000| Untracked 
|  95|0x0000000715400000, 0x0000000715400000, 0x0000000715600000|  0%| F|  |TAMS 0x0000000715400000, 0x0000000715400000| Untracked 
|  96|0x0000000715600000, 0x0000000715600000, 0x0000000715800000|  0%| F|  |TAMS 0x0000000715600000, 0x0000000715600000| Untracked 
|  97|0x0000000715800000, 0x0000000715800000, 0x0000000715a00000|  0%| F|  |TAMS 0x0000000715800000, 0x0000000715800000| Untracked 
|  98|0x0000000715a00000, 0x0000000715a00000, 0x0000000715c00000|  0%| F|  |TAMS 0x0000000715a00000, 0x0000000715a00000| Untracked 
|  99|0x0000000715c00000, 0x0000000715c00000, 0x0000000715e00000|  0%| F|  |TAMS 0x0000000715c00000, 0x0000000715c00000| Untracked 
| 100|0x0000000715e00000, 0x0000000715e00000, 0x0000000716000000|  0%| F|  |TAMS 0x0000000715e00000, 0x0000000715e00000| Untracked 
| 101|0x0000000716000000, 0x0000000716000000, 0x0000000716200000|  0%| F|  |TAMS 0x0000000716000000, 0x0000000716000000| Untracked 
| 102|0x0000000716200000, 0x0000000716200000, 0x0000000716400000|  0%| F|  |TAMS 0x0000000716200000, 0x0000000716200000| Untracked 
| 103|0x0000000716400000, 0x0000000716400000, 0x0000000716600000|  0%| F|  |TAMS 0x0000000716400000, 0x0000000716400000| Untracked 
| 104|0x0000000716600000, 0x0000000716600000, 0x0000000716800000|  0%| F|  |TAMS 0x0000000716600000, 0x0000000716600000| Untracked 
| 105|0x0000000716800000, 0x0000000716800000, 0x0000000716a00000|  0%| F|  |TAMS 0x0000000716800000, 0x0000000716800000| Untracked 
| 106|0x0000000716a00000, 0x0000000716a00000, 0x0000000716c00000|  0%| F|  |TAMS 0x0000000716a00000, 0x0000000716a00000| Untracked 
| 107|0x0000000716c00000, 0x0000000716c00000, 0x0000000716e00000|  0%| F|  |TAMS 0x0000000716c00000, 0x0000000716c00000| Untracked 
| 108|0x0000000716e00000, 0x0000000716e00000, 0x0000000717000000|  0%| F|  |TAMS 0x0000000716e00000, 0x0000000716e00000| Untracked 
| 109|0x0000000717000000, 0x0000000717000000, 0x0000000717200000|  0%| F|  |TAMS 0x0000000717000000, 0x0000000717000000| Untracked 
| 110|0x0000000717200000, 0x0000000717200000, 0x0000000717400000|  0%| F|  |TAMS 0x0000000717200000, 0x0000000717200000| Untracked 
| 111|0x0000000717400000, 0x0000000717600000, 0x0000000717600000|100%| S|CS|TAMS 0x0000000717400000, 0x0000000717400000| Complete 
| 112|0x0000000717600000, 0x0000000717800000, 0x0000000717800000|100%| S|CS|TAMS 0x0000000717600000, 0x0000000717600000| Complete 
| 113|0x0000000717800000, 0x0000000717800000, 0x0000000717a00000|  0%| F|  |TAMS 0x0000000717800000, 0x0000000717800000| Untracked 
| 114|0x0000000717a00000, 0x0000000717a00000, 0x0000000717c00000|  0%| F|  |TAMS 0x0000000717a00000, 0x0000000717a00000| Untracked 
| 115|0x0000000717c00000, 0x0000000717c00000, 0x0000000717e00000|  0%| F|  |TAMS 0x0000000717c00000, 0x0000000717c00000| Untracked 
| 116|0x0000000717e00000, 0x0000000717e00000, 0x0000000718000000|  0%| F|  |TAMS 0x0000000717e00000, 0x0000000717e00000| Untracked 
| 117|0x0000000718000000, 0x0000000718000000, 0x0000000718200000|  0%| F|  |TAMS 0x0000000718000000, 0x0000000718000000| Untracked 
| 118|0x0000000718200000, 0x0000000718200000, 0x0000000718400000|  0%| F|  |TAMS 0x0000000718200000, 0x0000000718200000| Untracked 
| 119|0x0000000718400000, 0x0000000718400000, 0x0000000718600000|  0%| F|  |TAMS 0x0000000718400000, 0x0000000718400000| Untracked 
| 120|0x0000000718600000, 0x0000000718682ce8, 0x0000000718800000| 25%| E|  |TAMS 0x0000000718600000, 0x0000000718600000| Complete 
| 121|0x0000000718800000, 0x0000000718a00000, 0x0000000718a00000|100%| E|CS|TAMS 0x0000000718800000, 0x0000000718800000| Complete 
| 122|0x0000000718a00000, 0x0000000718c00000, 0x0000000718c00000|100%| E|CS|TAMS 0x0000000718a00000, 0x0000000718a00000| Complete 
| 123|0x0000000718c00000, 0x0000000718e00000, 0x0000000718e00000|100%| E|CS|TAMS 0x0000000718c00000, 0x0000000718c00000| Complete 

Card table byte_map: [0x0000020bfd140000,0x0000020bfd900000] _byte_map_base: 0x0000020bf98f5000

Marking Bits (Prev, Next): (CMBitMap*) 0x0000020bf467ecf0, (CMBitMap*) 0x0000020bf467ed30
 Prev Bits: [0x0000020b8f000000, 0x0000020b92da8000)
 Next Bits: [0x0000020b92db0000, 0x0000020b96b58000)

Polling page: 0x0000020bf2340000

Metaspace:

Usage:
  Non-class:      6.18 MB used.
      Class:    751.91 KB used.
       Both:      6.92 MB used.

Virtual space:
  Non-class space:        8.00 MB reserved,       6.31 MB ( 79%) committed,  1 nodes.
      Class space:        1.00 GB reserved,     832.00 KB ( <1%) committed,  1 nodes.
             Both:        1.01 GB reserved,       7.12 MB ( <1%) committed. 

Chunk freelists:
   Non-Class:  864.00 KB
       Class:  3.22 MB
        Both:  4.07 MB

MaxMetaspaceSize: unlimited
CompressedClassSpaceSize: 1.00 GB
Initial GC threshold: 21.00 MB
Current GC threshold: 21.00 MB
CDS: on
MetaspaceReclaimPolicy: balanced
 - commit_granule_bytes: 65536.
 - commit_granule_words: 8192.
 - virtual_space_node_default_size: 1048576.
 - enlarge_chunks_in_place: 1.
 - new_chunks_are_fully_committed: 0.
 - uncommit_free_chunks: 1.
 - use_allocation_guard: 0.
 - handle_deallocations: 1.


Internal statistics:

num_allocs_failed_limit: 0.
num_arena_births: 128.
num_arena_deaths: 0.
num_vsnodes_births: 2.
num_vsnodes_deaths: 0.
num_space_committed: 114.
num_space_uncommitted: 0.
num_chunks_returned_to_freelist: 0.
num_chunks_taken_from_freelist: 179.
num_chunk_merges: 0.
num_chunk_splits: 107.
num_chunks_enlarged: 52.
num_purges: 0.
num_inconsistent_stats: 0.

CodeHeap 'non-profiled nmethods': size=119168Kb used=455Kb max_used=455Kb free=118712Kb
 bounds [0x0000020b87ba0000, 0x0000020b87e10000, 0x0000020b8f000000]
CodeHeap 'profiled nmethods': size=119104Kb used=1859Kb max_used=1859Kb free=117244Kb
 bounds [0x0000020b80750000, 0x0000020b809c0000, 0x0000020b87ba0000]
CodeHeap 'non-nmethods': size=7488Kb used=2384Kb max_used=2413Kb free=5103Kb
 bounds [0x0000020b80000000, 0x0000020b80270000, 0x0000020b80750000]
 total_blobs=1839 nmethods=1259 adapters=491
 compilation: enabled
              stopped_count=0, restarted_count=0
 full_count=0

Compilation events (20 events):
Event: 1.796 Thread 0x0000020bffd09c80 1244       3       summit.gfx.Renderer::toIntRGB (51 bytes)
Event: 1.796 Thread 0x0000020bff073840 1245       3       summit.gfx.Renderer::fillRect (70 bytes)
Event: 1.796 Thread 0x0000020bffd09c80 nmethod 1244 0x0000020b8091e710 code [0x0000020b8091e8a0, 0x0000020b8091ea98]
Event: 1.797 Thread 0x0000020bff073840 nmethod 1245 0x0000020b8091eb10 code [0x0000020b8091ece0, 0x0000020b8091f1d8]
Event: 1.798 Thread 0x0000020bff073840 1246 %     3       summit.gfx.Renderer::filterFrame @ 10 (57 bytes)
Event: 1.798 Thread 0x0000020bff073840 nmethod 1246% 0x0000020b8091f410 code [0x0000020b8091f5e0, 0x0000020b8091fa48]
Event: 1.798 Thread 0x0000020bff073840 1247       3       summit.gfx.Renderer::filterFrame (57 bytes)
Event: 1.798 Thread 0x0000020bff073840 nmethod 1247 0x0000020b8091fd10 code [0x0000020b8091fee0, 0x0000020b809202a8]
Event: 1.803 Thread 0x0000020b9926cea0 1248 %     4       summit.gfx.Renderer::rotate @ 21 (62 bytes)
Event: 1.809 Thread 0x0000020b9926cea0 nmethod 1248% 0x0000020b87c0c290 code [0x0000020b87c0c420, 0x0000020b87c0c858]
Event: 1.811 Thread 0x0000020bffd09c80 1249       1       summit.game.entity.Entity::inWater (5 bytes)
Event: 1.811 Thread 0x0000020bffd07760 1250       1       summit.game.GameUpdateEvent::getDeltaTime (5 bytes)
Event: 1.811 Thread 0x0000020bffd07760 nmethod 1250 0x0000020b87c0ca90 code [0x0000020b87c0cc20, 0x0000020b87c0ccf8]
Event: 1.811 Thread 0x0000020bffd09c80 nmethod 1249 0x0000020b87c0cd90 code [0x0000020b87c0cf20, 0x0000020b87c0cff8]
Event: 1.812 Thread 0x0000020bff06ad90 1251       4       summit.gfx.Renderer::rotate (62 bytes)
Event: 1.816 Thread 0x0000020b9926cea0 1252 %     4       summit.gfx.Renderer::filterFrame @ 10 (57 bytes)
Event: 1.819 Thread 0x0000020bff06ad90 nmethod 1251 0x0000020b87c0d090 code [0x0000020b87c0d220, 0x0000020b87c0d778]
Event: 1.822 Thread 0x0000020bff073840 1253       3       summit.game.tile.WaterTile::paint (40 bytes)
Event: 1.823 Thread 0x0000020bff073840 nmethod 1253 0x0000020b80920510 code [0x0000020b80920720, 0x0000020b80920c08]
Event: 1.824 Thread 0x0000020b9926cea0 nmethod 1252% 0x0000020b87c0da90 code [0x0000020b87c0dc20, 0x0000020b87c0e1b8]

GC Heap History (2 events):
Event: 1.741 GC heap before
{Heap before GC invocations=0 (full 0):
 garbage-first heap   total 253952K, used 26624K [0x0000000709600000, 0x0000000800000000)
  region size 2048K, 11 young (22528K), 0 survivors (0K)
 Metaspace       used 7024K, committed 7232K, reserved 1056768K
  class space    used 744K, committed 832K, reserved 1048576K
}
Event: 1.743 GC heap after
{Heap after GC invocations=1 (full 0):
 garbage-first heap   total 253952K, used 8339K [0x0000000709600000, 0x0000000800000000)
  region size 2048K, 2 young (4096K), 2 survivors (4096K)
 Metaspace       used 7024K, committed 7232K, reserved 1056768K
  class space    used 744K, committed 832K, reserved 1048576K
}

Deoptimization events (20 events):
Event: 1.776 Thread 0x0000020b9917a120 DEOPT PACKING pc=0x0000020b87c0ab74 sp=0x0000002be25ff4b0
Event: 1.776 Thread 0x0000020b9917a120 DEOPT UNPACKING pc=0x0000020b800523a3 sp=0x0000002be25ff448 mode 2
Event: 1.777 Thread 0x0000020b9917ca70 DEOPT PACKING pc=0x0000020b80918bf9 sp=0x0000002be33ff3e0
Event: 1.777 Thread 0x0000020b9917ca70 DEOPT UNPACKING pc=0x0000020b80052b43 sp=0x0000002be33fe888 mode 0
Event: 1.778 Thread 0x0000020b9917ca70 DEOPT PACKING pc=0x0000020b80918bf9 sp=0x0000002be33ff3e0
Event: 1.778 Thread 0x0000020b9917ca70 DEOPT UNPACKING pc=0x0000020b80052b43 sp=0x0000002be33fe888 mode 0
Event: 1.778 Thread 0x0000020b9917ca70 DEOPT PACKING pc=0x0000020b80918bf9 sp=0x0000002be33ff3e0
Event: 1.778 Thread 0x0000020b9917ca70 DEOPT UNPACKING pc=0x0000020b80052b43 sp=0x0000002be33fe888 mode 0
Event: 1.779 Thread 0x0000020b9917ca70 DEOPT PACKING pc=0x0000020b80918bf9 sp=0x0000002be33ff3e0
Event: 1.779 Thread 0x0000020b9917ca70 DEOPT UNPACKING pc=0x0000020b80052b43 sp=0x0000002be33fe888 mode 0
Event: 1.780 Thread 0x0000020b9917ca70 DEOPT PACKING pc=0x0000020b80918bf9 sp=0x0000002be33ff3e0
Event: 1.780 Thread 0x0000020b9917ca70 DEOPT UNPACKING pc=0x0000020b80052b43 sp=0x0000002be33fe888 mode 0
Event: 1.781 Thread 0x0000020b9917ca70 DEOPT PACKING pc=0x0000020b80918bf9 sp=0x0000002be33ff3e0
Event: 1.781 Thread 0x0000020b9917ca70 DEOPT UNPACKING pc=0x0000020b80052b43 sp=0x0000002be33fe888 mode 0
Event: 1.781 Thread 0x0000020b9917ca70 DEOPT PACKING pc=0x0000020b80918bf9 sp=0x0000002be33ff3e0
Event: 1.781 Thread 0x0000020b9917ca70 DEOPT UNPACKING pc=0x0000020b80052b43 sp=0x0000002be33fe888 mode 0
Event: 1.782 Thread 0x0000020b9917ca70 DEOPT PACKING pc=0x0000020b80918bf9 sp=0x0000002be33ff3e0
Event: 1.782 Thread 0x0000020b9917ca70 DEOPT UNPACKING pc=0x0000020b80052b43 sp=0x0000002be33fe888 mode 0
Event: 1.812 Thread 0x0000020b9917a120 DEOPT PACKING pc=0x0000020b8091e41d sp=0x0000002be25ff250
Event: 1.812 Thread 0x0000020b9917a120 DEOPT UNPACKING pc=0x0000020b80052b43 sp=0x0000002be25fe6e0 mode 0

Classes unloaded (0 events):
No events

Classes redefined (0 events):
No events

Internal exceptions (13 events):
Event: 0.051 Thread 0x0000020bffd448c0 Exception <a 'java/lang/ClassNotFoundException'{0x0000000718a2c1c8}: sun/awt/resources/spi/awtProvider> (0x0000000718a2c1c8) 
thrown [e:\jenkins\tmp\workspace\build\src\src\hotspot\share\classfile\systemDictionary.cpp, line 256]
Event: 0.070 Thread 0x0000020bffd448c0 Exception <a 'java/io/FileNotFoundException'{0x0000000718af5c78}> (0x0000000718af5c78) 
thrown [e:\jenkins\tmp\workspace\build\src\src\hotspot\share\prims\jni.cpp, line 516]
Event: 0.075 Thread 0x0000020bffd448c0 Exception <a 'java/io/FileNotFoundException'{0x0000000718b22bd0}> (0x0000000718b22bd0) 
thrown [e:\jenkins\tmp\workspace\build\src\src\hotspot\share\prims\jni.cpp, line 516]
Event: 0.089 Thread 0x0000020bffd448c0 Exception <a 'java/lang/NoSuchMethodError'{0x0000000718bc8fd0}: 'java.lang.Object java.lang.invoke.DirectMethodHandle$Holder.invokeStaticInit(java.lang.Object)'> (0x0000000718bc8fd0) 
thrown [e:\jenkins\tmp\workspace\build\src\src\hotspot\share\interpreter\linkResolver.cpp, line 766]
Event: 0.229 Thread 0x0000020bffd448c0 Exception <a 'java/lang/NoSuchMethodError'{0x0000000718762a18}: 'void java.lang.invoke.DirectMethodHandle$Holder.invokeSpecial(java.lang.Object, java.lang.Object, java.lang.Object)'> (0x0000000718762a18) 
thrown [e:\jenkins\tmp\workspace\build\src\src\hotspot\share\interpreter\linkResolver.cpp, line 766]
Event: 0.235 Thread 0x0000020bffd448c0 Exception <a 'java/lang/NoSuchMethodError'{0x000000071878ccb0}: 'java.lang.Object java.lang.invoke.DirectMethodHandle$Holder.newInvokeSpecial(java.lang.Object, java.lang.Object, java.lang.Object, java.lang.Object, java.lang.Object)'> (0x000000071878ccb0) 
thrown [e:\jenkins\tmp\workspace\build\src\src\hotspot\share\interpreter\linkResolver.cpp, line 766]
Event: 0.237 Thread 0x0000020bffd448c0 Exception <a 'java/lang/NoSuchMethodError'{0x0000000718798678}: 'java.lang.Object java.lang.invoke.DirectMethodHandle$Holder.invokeStatic(java.lang.Object, int, java.lang.Object, java.lang.Object, java.lang.Object, java.lang.Object)'> (0x0000000718798678) 
thrown [e:\jenkins\tmp\workspace\build\src\src\hotspot\share\interpreter\linkResolver.cpp, line 766]
Event: 0.240 Thread 0x0000020bffd448c0 Exception <a 'java/lang/NoSuchMethodError'{0x00000007187bdd98}: 'java.lang.Object java.lang.invoke.DirectMethodHandle$Holder.invokeStatic(java.lang.Object, int, java.lang.Object)'> (0x00000007187bdd98) 
thrown [e:\jenkins\tmp\workspace\build\src\src\hotspot\share\interpreter\linkResolver.cpp, line 766]
Event: 0.258 Thread 0x0000020bffd448c0 Exception <a 'java/lang/ClassNotFoundException'{0x0000000718476168}: com/sun/swing/internal/plaf/metal/resources/spi/metalProvider> (0x0000000718476168) 
thrown [e:\jenkins\tmp\workspace\build\src\src\hotspot\share\classfile\systemDictionary.cpp, line 256]
Event: 0.259 Thread 0x0000020bffd448c0 Exception <a 'java/lang/ClassNotFoundException'{0x000000071847a040}: com/sun/swing/internal/plaf/basic/resources/spi/basicProvider> (0x000000071847a040) 
thrown [e:\jenkins\tmp\workspace\build\src\src\hotspot\share\classfile\systemDictionary.cpp, line 256]
Event: 0.271 Thread 0x0000020bfff40940 Exception <a 'java/lang/NoSuchMethodError'{0x0000000718680998}: 'void java.lang.invoke.DirectMethodHandle$Holder.invokeVirtual(java.lang.Object, java.lang.Object)'> (0x0000000718680998) 
thrown [e:\jenkins\tmp\workspace\build\src\src\hotspot\share\interpreter\linkResolver.cpp, line 766]
Event: 0.282 Thread 0x0000020bffd448c0 Exception <a 'java/lang/NoSuchMethodError'{0x00000007184b8050}: 'void java.lang.invoke.DirectMethodHandle$Holder.invokeStaticInit(java.lang.Object)'> (0x00000007184b8050) 
thrown [e:\jenkins\tmp\workspace\build\src\src\hotspot\share\interpreter\linkResolver.cpp, line 766]
Event: 1.751 Thread 0x0000020b9912f960 Implicit null exception at 0x0000020b87bfb6d6 to 0x0000020b87bfb7cc

VM Operations (14 events):
Event: 0.037 Executing VM operation: HandshakeAllThreads
Event: 0.037 Executing VM operation: HandshakeAllThreads done
Event: 0.258 Executing VM operation: HandshakeAllThreads
Event: 0.258 Executing VM operation: HandshakeAllThreads done
Event: 0.298 Executing VM operation: HandshakeAllThreads
Event: 0.298 Executing VM operation: HandshakeAllThreads done
Event: 0.323 Executing VM operation: HandshakeAllThreads
Event: 0.323 Executing VM operation: HandshakeAllThreads done
Event: 1.329 Executing VM operation: Cleanup
Event: 1.329 Executing VM operation: Cleanup done
Event: 1.729 Executing VM operation: HandshakeAllThreads
Event: 1.729 Executing VM operation: HandshakeAllThreads done
Event: 1.741 Executing VM operation: G1CollectForAllocation
Event: 1.743 Executing VM operation: G1CollectForAllocation done

Events (20 events):
Event: 0.345 loading class java/text/AttributedString$AttributedStringIterator
Event: 0.345 loading class java/text/AttributedCharacterIterator
Event: 0.345 loading class java/text/CharacterIterator
Event: 0.345 loading class java/text/CharacterIterator done
Event: 0.345 loading class java/text/AttributedCharacterIterator done
Event: 0.345 loading class java/text/AttributedString$AttributedStringIterator done
Event: 0.357 loading class sun/awt/image/BufImgSurfaceManager
Event: 0.357 loading class sun/awt/image/BufImgSurfaceManager done
Event: 0.357 loading class sun/awt/image/BufImgSurfaceData
Event: 0.357 loading class sun/awt/image/BufImgSurfaceData done
Event: 0.357 loading class sun/awt/image/BufImgSurfaceData$ICMColorData
Event: 0.357 loading class sun/awt/image/BufImgSurfaceData$ICMColorData done
Event: 0.925 Thread 0x0000020bfff08750 Thread exited: 0x0000020bfff08750
Event: 1.727 loading class java/lang/Math$RandomNumberGeneratorHolder
Event: 1.727 loading class java/lang/Math$RandomNumberGeneratorHolder done
Event: 1.744 Thread 0x0000020b992104d0 Thread added: 0x0000020b992104d0
Event: 1.744 Thread 0x0000020b992109e0 Thread added: 0x0000020b992109e0
Event: 1.744 Thread 0x0000020b9926cea0 Thread added: 0x0000020b9926cea0
Event: 1.744 Thread 0x0000020b9926d3b0 Thread added: 0x0000020b9926d3b0
Event: 1.754 Thread 0x0000020b9917ca70 Thread added: 0x0000020b9917ca70


Dynamic libraries:
0x00007ff7039e0000 - 0x00007ff7039ee000 	C:\Users\aadiu\AppData\Local\Programs\Eclipse Adoptium\jdk-17.0.2.8-hotspot\bin\java.exe
0x00007ffb36970000 - 0x00007ffb36b68000 	C:\Windows\SYSTEM32\ntdll.dll
0x00007ffb352a0000 - 0x00007ffb3535f000 	C:\Windows\System32\KERNEL32.DLL
0x00007ffb34310000 - 0x00007ffb345e2000 	C:\Windows\System32\KERNELBASE.dll
0x00007ffb34110000 - 0x00007ffb34210000 	C:\Windows\System32\ucrtbase.dll
0x00007ffb31dc0000 - 0x00007ffb31dd8000 	C:\Users\aadiu\AppData\Local\Programs\Eclipse Adoptium\jdk-17.0.2.8-hotspot\bin\jli.dll
0x00007ffb1e3d0000 - 0x00007ffb1e3e9000 	C:\Users\aadiu\AppData\Local\Programs\Eclipse Adoptium\jdk-17.0.2.8-hotspot\bin\VCRUNTIME140.dll
0x00007ffb35530000 - 0x00007ffb356cd000 	C:\Windows\System32\USER32.dll
0x00007ffb20b10000 - 0x00007ffb20daa000 	C:\Windows\WinSxS\amd64_microsoft.windows.common-controls_6595b64144ccf1df_6.0.19041.1110_none_60b5254171f9507e\COMCTL32.dll
0x00007ffb34720000 - 0x00007ffb34742000 	C:\Windows\System32\win32u.dll
0x00007ffb35fa0000 - 0x00007ffb35fcb000 	C:\Windows\System32\GDI32.dll
0x00007ffb35f00000 - 0x00007ffb35f9e000 	C:\Windows\System32\msvcrt.dll
0x00007ffb34750000 - 0x00007ffb3485f000 	C:\Windows\System32\gdi32full.dll
0x00007ffb345f0000 - 0x00007ffb3468d000 	C:\Windows\System32\msvcp_win.dll
0x00007ffb356f0000 - 0x00007ffb35722000 	C:\Windows\System32\IMM32.DLL
0x00007ffb31e90000 - 0x00007ffb31e9c000 	C:\Users\aadiu\AppData\Local\Programs\Eclipse Adoptium\jdk-17.0.2.8-hotspot\bin\vcruntime140_1.dll
0x00007ffb0bb40000 - 0x00007ffb0bbd1000 	C:\Users\aadiu\AppData\Local\Programs\Eclipse Adoptium\jdk-17.0.2.8-hotspot\bin\msvcp140.dll
0x00007ffabf480000 - 0x00007ffac00c7000 	C:\Users\aadiu\AppData\Local\Programs\Eclipse Adoptium\jdk-17.0.2.8-hotspot\bin\server\jvm.dll
0x00007ffb34ec0000 - 0x00007ffb34f6e000 	C:\Windows\System32\ADVAPI32.dll
0x00007ffb35e60000 - 0x00007ffb35efc000 	C:\Windows\System32\sechost.dll
0x00007ffb35ba0000 - 0x00007ffb35cc5000 	C:\Windows\System32\RPCRT4.dll
0x00007ffb34eb0000 - 0x00007ffb34eb8000 	C:\Windows\System32\PSAPI.DLL
0x00007ffb2d720000 - 0x00007ffb2d72a000 	C:\Windows\SYSTEM32\VERSION.dll
0x00007ffb1d990000 - 0x00007ffb1d999000 	C:\Windows\SYSTEM32\WSOCK32.dll
0x00007ffb31d40000 - 0x00007ffb31d67000 	C:\Windows\SYSTEM32\WINMM.dll
0x00007ffb35160000 - 0x00007ffb351cb000 	C:\Windows\System32\WS2_32.dll
0x00007ffb31fa0000 - 0x00007ffb31fb2000 	C:\Windows\SYSTEM32\kernel.appcore.dll
0x00007ffb31d70000 - 0x00007ffb31d7a000 	C:\Users\aadiu\AppData\Local\Programs\Eclipse Adoptium\jdk-17.0.2.8-hotspot\bin\jimage.dll
0x00007ffb31b50000 - 0x00007ffb31d34000 	C:\Windows\SYSTEM32\DBGHELP.DLL
0x00007ffb31b20000 - 0x00007ffb31b4c000 	C:\Windows\SYSTEM32\dbgcore.DLL
0x00007ffb34690000 - 0x00007ffb34712000 	C:\Windows\System32\bcryptPrimitives.dll
0x00007ffb1dfe0000 - 0x00007ffb1e005000 	C:\Users\aadiu\AppData\Local\Programs\Eclipse Adoptium\jdk-17.0.2.8-hotspot\bin\java.dll
0x00007ffb0b3b0000 - 0x00007ffb0b486000 	C:\Users\aadiu\AppData\Local\Programs\Eclipse Adoptium\jdk-17.0.2.8-hotspot\bin\jsvml.dll
0x00007ffb35fd0000 - 0x00007ffb36713000 	C:\Windows\System32\SHELL32.dll
0x00007ffb32130000 - 0x00007ffb328c2000 	C:\Windows\SYSTEM32\windows.storage.dll
0x00007ffb34ad0000 - 0x00007ffb34e24000 	C:\Windows\System32\combase.dll
0x00007ffb33a60000 - 0x00007ffb33a90000 	C:\Windows\SYSTEM32\Wldp.dll
0x00007ffb349c0000 - 0x00007ffb34a6d000 	C:\Windows\System32\SHCORE.dll
0x00007ffb35020000 - 0x00007ffb35075000 	C:\Windows\System32\shlwapi.dll
0x00007ffb33fb0000 - 0x00007ffb33fcf000 	C:\Windows\SYSTEM32\profapi.dll
0x00007ffb0b220000 - 0x00007ffb0b3ae000 	C:\Users\aadiu\AppData\Local\Programs\Eclipse Adoptium\jdk-17.0.2.8-hotspot\bin\awt.dll
0x00007ffb351d0000 - 0x00007ffb3529d000 	C:\Windows\System32\OLEAUT32.dll
0x00007ffb31300000 - 0x00007ffb31391000 	C:\Windows\SYSTEM32\apphelp.dll
0x00007ffb1e3b0000 - 0x00007ffb1e3c8000 	C:\Users\aadiu\AppData\Local\Programs\Eclipse Adoptium\jdk-17.0.2.8-hotspot\bin\zip.dll
0x00007ffb31410000 - 0x00007ffb314ae000 	C:\Windows\system32\uxtheme.dll
0x00007ffb353f0000 - 0x00007ffb35505000 	C:\Windows\System32\MSCTF.dll
0x00007ffb35cd0000 - 0x00007ffb35dfa000 	C:\Windows\System32\ole32.dll
0x00007ffb31590000 - 0x00007ffb315bf000 	C:\Windows\system32\DWMAPI.DLL
0x00007ffadadb0000 - 0x00007ffadaed5000 	C:\Windows\system32\opengl32.dll
0x00007ffada100000 - 0x00007ffada12c000 	C:\Windows\SYSTEM32\GLU32.dll
0x00007ffb269b0000 - 0x00007ffb26b7f000 	C:\Windows\system32\d3d9.dll
0x00007ffb28d70000 - 0x00007ffb28f28000 	C:\Windows\System32\DriverStore\FileRepository\u0370468.inf_amd64_5e4260b11257b6e9\B370372\aticfx64.dll
0x00007ffb1dfa0000 - 0x00007ffb1dfd4000 	C:\Windows\System32\DriverStore\FileRepository\u0370468.inf_amd64_5e4260b11257b6e9\B370372\atiu9p64.dll
0x00007ffabe720000 - 0x00007ffabf474000 	C:\Windows\System32\DriverStore\FileRepository\u0370468.inf_amd64_5e4260b11257b6e9\B370372\atiumd64.dll
0x000000006c4b0000 - 0x000000006d324000 	C:\Windows\System32\DriverStore\FileRepository\u0370468.inf_amd64_5e4260b11257b6e9\B370372\atiumd6a.dll
0x00007ffb35730000 - 0x00007ffb35b98000 	C:\Windows\System32\SETUPAPI.dll
0x00007ffb34210000 - 0x00007ffb3425e000 	C:\Windows\System32\cfgmgr32.dll
0x00007ffb33e30000 - 0x00007ffb33e7b000 	C:\Windows\SYSTEM32\POWRPROF.dll
0x00007ffb34070000 - 0x00007ffb34097000 	C:\Windows\System32\bcrypt.dll
0x00007ffb33e10000 - 0x00007ffb33e22000 	C:\Windows\SYSTEM32\UMPDC.dll
0x00007ffb29180000 - 0x00007ffb291b0000 	C:\Windows\SYSTEM32\amdihk64.dll
0x00007ffb29960000 - 0x00007ffb2999b000 	C:\Windows\SYSTEM32\dxcore.dll
0x00007ffb0bab0000 - 0x00007ffb0bb39000 	C:\Users\aadiu\AppData\Local\Programs\Eclipse Adoptium\jdk-17.0.2.8-hotspot\bin\freetype.dll
0x00007ffb0b170000 - 0x00007ffb0b218000 	C:\Users\aadiu\AppData\Local\Programs\Eclipse Adoptium\jdk-17.0.2.8-hotspot\bin\fontmanager.dll
0x00007ffb28f30000 - 0x00007ffb29029000 	C:\Windows\SYSTEM32\textinputframework.dll
0x00007ffb309d0000 - 0x00007ffb30ac2000 	C:\Windows\System32\CoreMessaging.dll
0x00007ffb30e70000 - 0x00007ffb311ce000 	C:\Windows\System32\CoreUIComponents.dll
0x00007ffb33190000 - 0x00007ffb331c3000 	C:\Windows\SYSTEM32\ntmarta.dll
0x00007ffb30200000 - 0x00007ffb30354000 	C:\Windows\SYSTEM32\wintypes.dll

dbghelp: loaded successfully - version: 4.0.5 - missing functions: none
symbol engine: initialized successfully - sym options: 0x614 - pdb path: .;C:\Users\aadiu\AppData\Local\Programs\Eclipse Adoptium\jdk-17.0.2.8-hotspot\bin;C:\Windows\SYSTEM32;C:\Windows\WinSxS\amd64_microsoft.windows.common-controls_6595b64144ccf1df_6.0.19041.1110_none_60b5254171f9507e;C:\Users\aadiu\AppData\Local\Programs\Eclipse Adoptium\jdk-17.0.2.8-hotspot\bin\server;C:\Windows\System32\DriverStore\FileRepository\u0370468.inf_amd64_5e4260b11257b6e9\B370372

VM Arguments:
jvm_args: -XX:+ShowCodeDetailsInExceptionMessages 
java_command: summit.Main
java_class_path (initial): C:\Users\aadiu\AppData\Roaming\Code\User\workspaceStorage\929b6f7fce9865a60d0bbe8b6a275a21\redhat.java\jdt_ws\Summit Game_948de7c9\bin
Launcher Type: SUN_STANDARD

[Global flags]
     intx CICompilerCount                          = 12                                        {product} {ergonomic}
     uint ConcGCThreads                            = 3                                         {product} {ergonomic}
     uint G1ConcRefinementThreads                  = 13                                        {product} {ergonomic}
   size_t G1HeapRegionSize                         = 2097152                                   {product} {ergonomic}
    uintx GCDrainStackTargetSize                   = 64                                        {product} {ergonomic}
   size_t InitialHeapSize                          = 260046848                                 {product} {ergonomic}
   size_t MarkStackSize                            = 4194304                                   {product} {ergonomic}
   size_t MaxHeapSize                              = 4137680896                                {product} {ergonomic}
   size_t MaxNewSize                               = 2480930816                                {product} {ergonomic}
   size_t MinHeapDeltaBytes                        = 2097152                                   {product} {ergonomic}
   size_t MinHeapSize                              = 8388608                                   {product} {ergonomic}
    uintx NonNMethodCodeHeapSize                   = 7602480                                {pd product} {ergonomic}
    uintx NonProfiledCodeHeapSize                  = 122027880                              {pd product} {ergonomic}
    uintx ProfiledCodeHeapSize                     = 122027880                              {pd product} {ergonomic}
    uintx ReservedCodeCacheSize                    = 251658240                              {pd product} {ergonomic}
     bool SegmentedCodeCache                       = true                                      {product} {ergonomic}
     bool ShowCodeDetailsInExceptionMessages       = true                                   {manageable} {command line}
   size_t SoftMaxHeapSize                          = 4137680896                             {manageable} {ergonomic}
     bool UseCompressedClassPointers               = true                           {product lp64_product} {ergonomic}
     bool UseCompressedOops                        = true                           {product lp64_product} {ergonomic}
     bool UseG1GC                                  = true                                      {product} {ergonomic}
     bool UseLargePagesIndividualAllocation        = false                                  {pd product} {ergonomic}

Logging:
Log output configuration:
 #0: stdout all=warning uptime,level,tags
 #1: stderr all=off uptime,level,tags

Environment Variables:
JAVA_HOME=C:\Users\aadiu\AppData\Local\Programs\Eclipse Adoptium\jdk-17.0.2.8-hotspot\
PATH=C:\Program Files (x86)\Razer Chroma SDK\bin;C:\Program Files\Razer Chroma SDK\bin;C:\Program Files (x86)\Razer\ChromaBroadcast\bin;C:\Program Files\Razer\ChromaBroadcast\bin;C:\Program Files (x86)\Common Files\Oracle\Java\javapath;C:\Program Files\Python38\Scripts\;C:\Program Files\Python38\;C:\Windows\system32;C:\Windows;C:\Windows\System32\Wbem;C:\Windows\System32\WindowsPowerShell\v1.0\;C:\Windows\System32\OpenSSH\;C:\Program Files (x86)\NVIDIA Corporation\PhysX\Common;C:\Program Files\NVIDIA Corporation\NVIDIA NvDLISR;C:\Users\aadiu\AppData\Local\Microsoft\WindowsApps;C:\Users\aadiu\AppData\Local\Programs\Microsoft VS Code\bin;C:\Windows\system32\config\systemprofile\AppData\Local\Microsoft\WindowsApps;C:\Program Files\dotnet\;C:\Program Files\Git\cmd;C:\MinGW\bin\;C:\Program Files (x86)\Windows Kits\10\Windows Performance Toolkit\;C:\Users\aadiu\AppData\Local\Programs\Eclipse Adoptium\jdk-17.0.2.8-hotspot\bin;C:\Users\aadiu\AppData\Local\Microsoft\WindowsApps;C:\Users\aadiu\AppData\Local\Programs\Microsoft VS Code\bin;C:\Users\aadiu\AppData\Local\GitHubDesktop\bin
USERNAME=aadiu
LANG=en_US.UTF-8
OS=Windows_NT
PROCESSOR_IDENTIFIER=AMD64 Family 25 Model 80 Stepping 0, AuthenticAMD



---------------  S Y S T E M  ---------------

OS:
 Windows 10 , 64 bit Build 19041 (10.0.19041.2251)
OS uptime: 1 days 8:31 hours

CPU: total 16 (initial active 16) (16 cores per cpu, 2 threads per core) family 25 model 80 stepping 0 microcode 0x0, cx8, cmov, fxsr, ht, mmx, 3dnowpref, sse, sse2, sse3, ssse3, sse4a, sse4.1, sse4.2, popcnt, lzcnt, tsc, tscinvbit, avx, avx2, aes, erms, clmul, bmi1, bmi2, adx, sha, fma, vzeroupper, clflush, clflushopt

Memory: 4k page, system-wide physical 15776M (7713M free)
TotalPageFile size 20128M (AvailPageFile size 7255M)
current process WorkingSet (physical memory assigned to process): 119M, peak: 121M
current process commit charge ("private bytes"): 428M, peak: 430M

vm_info: OpenJDK 64-Bit Server VM (17.0.2+8) for windows-amd64 JRE (17.0.2+8), built on Jan 20 2022 04:52:34 by "" with MS VC++ 16.7 (VS2019)

END.
