#
# A fatal error has been detected by the Java Runtime Environment:
#
#  EXCEPTION_ACCESS_VIOLATION (0xc0000005) at pc=0x00000272288fc0dd, pid=14968, tid=21140
#
# JRE version: OpenJDK Runtime Environment Temurin-17.0.4.1+1 (17.0.4.1+1) (build 17.0.4.1+1)
# Java VM: OpenJDK 64-Bit Server VM Temurin-17.0.4.1+1 (17.0.4.1+1, mixed mode, sharing, tiered, compressed oops, compressed class ptrs, g1 gc, windows-amd64)
# Problematic frame:
# J 1062 c2 summit.gfx.Renderer.render(Ljava/lang/String;FFILsummit/gfx/ColorFilter;)V (282 bytes) @ 0x00000272288fc0dd [0x00000272288fb720+0x00000000000009bd]
#
# No core dump will be written. Minidumps are not enabled by default on client versions of Windows
#
# If you would like to submit a bug report, please visit:
#   https://github.com/adoptium/adoptium-support/issues
#

---------------  S U M M A R Y ------------

Command Line: -XX:+ShowCodeDetailsInExceptionMessages summit.Main

Host: AMD Ryzen 9 5900HS with Radeon Graphics        , 16 cores, 15G,  Windows 10 , 64 bit Build 19041 (10.0.19041.2251)
Time: Tue Nov 15 18:15:47 2022 Central Standard Time elapsed time: 0.974838 seconds (0d 0h 0m 0s)

---------------  T H R E A D  ---------------

Current thread (0x000002723e61e890):  JavaThread "Thread-2" [_thread_in_Java, id=21140, stack(0x000000bd33100000,0x000000bd33200000)]

Stack: [0x000000bd33100000,0x000000bd33200000],  sp=0x000000bd331ff290,  free space=1020k
Native frames: (J=compiled Java code, j=interpreted, Vv=VM code, C=native code)
C  0x00000272288fc0dd


siginfo: EXCEPTION_ACCESS_VIOLATION (0xc0000005), reading address 0x0000000b1763cbd8


Register to memory mapping:

RIP=0x00000272288fc0dd is at entry_point+2493 in (nmethod*)0x00000272288fb510
RAX=0x0 is NULL
RBX=0x00000000fffffff0 is an unknown value
RCX=0x000000071763ce58 is an oop: summit.gfx.Renderer 
{0x000000071763ce58} - klass: 'summit/gfx/Renderer'
 - ---- fields (total size 2 words):
 - private 'frame' '[[I' @12  a {type array int}[144] {0x000000071763cc08} (e2ec7981)
RDX=0x0 is NULL
RSP=0x000000bd331ff290 is pointing into the stack for thread: 0x000002723e61e890
RBP=0x0000000000000090 is an unknown value
RSI=0x00000000ffffffe9 is an unknown value
RDI=3807148417 is a compressed pointer to object: [[I 
{0x000000071763cc08} - klass: {type array int}[]
 - length: 144
R8 =0x00000000fffffff0 is an unknown value
R9 =0x0000000718b9d440 is an oop: [[I 
{0x0000000718b9d440} - klass: {type array int}[]
 - length: 16
R10=0x0000000000000010 is an unknown value
R11=0x000000071763cc08 is an oop: [[I 
{0x000000071763cc08} - klass: {type array int}[]
 - length: 144
R12=0x0 is NULL
R13=0x0000000000000010 is an unknown value
R14=0x0000000000000010 is an unknown value
R15=0x000002723e61e890 is a thread


Registers:
RAX=0x0000000000000000, RBX=0x00000000fffffff0, RCX=0x000000071763ce58, RDX=0x0000000000000000
RSP=0x000000bd331ff290, RBP=0x0000000000000090, RSI=0x00000000ffffffe9, RDI=0x00000000e2ec7981
R8 =0x00000000fffffff0, R9 =0x0000000718b9d440, R10=0x0000000000000010, R11=0x000000071763cc08
R12=0x0000000000000000, R13=0x0000000000000010, R14=0x0000000000000010, R15=0x000002723e61e890
RIP=0x00000272288fc0dd, EFLAGS=0x0000000000010287

Top of Stack: (sp=0x000000bd331ff290)
0x000000bd331ff290:   0000010000000000 00000000fffffff8
0x000000bd331ff2a0:   fffffff0ffffffe8 0000000000000000
0x000000bd331ff2b0:   0000001000000010 0000001000000009
0x000000bd331ff2c0:   0000001000000010 000000b000000100
0x000000bd331ff2d0:   000000a000000002 0000027243280000
0x000000bd331ff2e0:   00000000c1800000 000000071762bb08
0x000000bd331ff2f0:   000000bd331ff598 00000272215a8194
0x000000bd331ff300:   409e000000000000 000002723d751150
0x000000bd331ff310:   0000000000000000 00007ffabacd3aa4
0x000000bd331ff320:   0000000000000000 000000bd331ff420
0x000000bd331ff330:   4086800000000000 000000071763ce58
0x000000bd331ff340:   000000071762bb08 000000bd00000003
0x000000bd331ff350:   0000000000000000 0000000718b91894
0x000000bd331ff360:   000000bd331ff598 00000272215a8fec
0x000000bd331ff370:   0000000718b91894 000000071763d470
0x000000bd331ff380:   000000bd331ff380 000002723d5dd1b6 

Instructions: (pc=0x00000272288fc0dd)
0x00000272288fbfdd:   85 d2 0f 86 80 0a 00 00 45 8b 51 10 47 8b 54 d4
0x00000272288fbfed:   0c 45 85 d2 0f 86 6e 0a 00 00 89 74 24 04 89 1c
0x00000272288fbffd:   24 41 8b da 41 03 db 89 5c 24 08 49 8d 1c fc c4
0x00000272288fc00d:   e1 f9 6e e3 41 8b f3 ff c6 41 8b d8 e9 92 00 00
0x00000272288fc01d:   00 c4 e1 f9 7e ca e9 17 01 00 00 0f 1f 84 00 00
0x00000272288fc02d:   00 00 00 44 2b 44 24 10 45 8b c8 41 ff c1 45 8b
0x00000272288fc03d:   c3 45 3b ca 0f 83 d7 07 00 00 45 3b 64 fc 10 0f
0x00000272288fc04d:   84 26 09 00 00 c4 c1 f9 7e db 45 8b 4b 10 43 8b
0x00000272288fc05d:   4c cc 0c 03 4c 24 10 4d 8b 8f 48 03 00 00 45 8b
0x00000272288fc06d:   d8 41 ff c3 41 85 01 44 3b d9 7c b7 c4 e1 f9 7e
0x00000272288fc07d:   ca 4d 8b 9f 48 03 00 00 ff c3 41 85 03 3b 1c 24
0x00000272288fc08d:   0f 8d b7 01 00 00 c4 e1 f9 7e c1 c4 e1 f9 7e c8
0x00000272288fc09d:   c5 f9 7e d2 44 8b 5c 24 10 44 8b 44 24 14 c4 c1
0x00000272288fc0ad:   f9 7e d9 44 3b 5c 24 08 0f 8d a5 01 00 00 c4 c1
0x00000272288fc0bd:   f9 6e d9 44 89 44 24 14 44 89 5c 24 10 c5 f9 6e
0x00000272288fc0cd:   d2 c4 e1 f9 6e c8 c4 e1 f9 6e c1 c4 c1 f9 7e e3
0x00000272288fc0dd:   41 8b 4c 9b 10 8b c3 41 2b c0 3b dd 0f 83 2f ff
0x00000272288fc0ed:   ff ff 44 8b 5c 24 10 44 3b 5c 24 04 0f 83 1f ff
0x00000272288fc0fd:   ff ff 45 8b 44 81 10 47 8b 5c c4 0c 45 85 db 0f
0x00000272288fc10d:   86 76 08 00 00 47 8b 5c c4 10 41 83 fb ff 0f 84
0x00000272288fc11d:   3c fd ff ff 45 8b 4c cc 0c 44 8b 44 24 10 45 3b
0x00000272288fc12d:   c1 0f 83 de 00 00 00 4d 8d 0c cc 47 89 5c 81 10
0x00000272288fc13d:   33 d2 c4 c1 f9 7e db 45 8b 5b 10 47 8b 44 dc 0c
0x00000272288fc14d:   44 03 44 24 10 41 3b f0 0f 8d 23 ff ff ff 3b dd
0x00000272288fc15d:   0f 83 d9 00 00 00 4d 8d 2c cc 44 8b c6 ba 01 00
0x00000272288fc16d:   00 00 eb 4f 0f 1f 84 00 00 00 00 00 0f 1f 80 00
0x00000272288fc17d:   00 00 00 47 89 5c 85 10 33 d2 c4 c1 f9 7e db 45
0x00000272288fc18d:   8b 5b 10 47 8b 4c dc 0c 44 03 4c 24 10 4d 8b b7
0x00000272288fc19d:   48 03 00 00 45 8b d8 41 ff c3 41 85 06 45 3b d9
0x00000272288fc1ad:   0f 8d cb fe ff ff 44 2b 44 24 10 41 8b d0 ff c2
0x00000272288fc1bd:   45 8b c3 41 3b d2 0f 83 55 06 00 00 45 8b 4c fc
0x00000272288fc1cd:   10 47 8b 4c cc 0c 45 3b c1 73 5a c4 c1 f9 7e db 


Stack slot to memory mapping:
stack at sp + 0 slots: 0x0000010000000000 is an unknown value
stack at sp + 1 slots: 0x00000000fffffff8 is an unknown value
stack at sp + 2 slots: 0xfffffff0ffffffe8 is an unknown value
stack at sp + 3 slots: 0x0 is NULL
stack at sp + 4 slots: 0x0000001000000010 is an unknown value
stack at sp + 5 slots: 0x0000001000000009 is an unknown value
stack at sp + 6 slots: 0x0000001000000010 is an unknown value
stack at sp + 7 slots: 0x000000b000000100 is an unknown value

--------------------------------------------------------------------------------
[Constant Pool (empty)]

--------------------------------------------------------------------------------

[MachCode]
  0x00000272288fb720: 448b 5208 | 49bb 0000 | 0000 0800 | 0000 4d03 | d349 3bc2 | 0f85 4613 | 44f8 6690 | 0f1f 4000 
  0x00000272288fb740: 8984 2400 | 90ff ff55 | 4883 ec60 | c4c1 f96e | e048 897c | 2418 c4c1 | 796e d148 | 8914 2449 
  0x00000272288fb760: baf0 a261 | 1707 0000 | 0041 8b6a | 7045 8b5c | ec08 4181 | fbe0 ad0b | 000f 8585 | 1200 004d 
  0x00000272288fb780: 8d14 ec45 | 8b5a 2443 | 8b4c dc0c | 85c9 0f86 | 1213 0000 | 4f8d 2cdc | 4d85 c00f | 8471 1000 
  0x00000272288fb7a0: 0045 8b40 | 0cff c945 | 85c0 0f85 | 8600 0000 | c4c1 f97e | e245 0fb6 | 5211 4585 | d20f 851d 
  0x00000272288fb7c0: 1000 00c4 | c1f9 7ee2 | 450f be52 | 1045 85d2 | 0f85 fa14 | 0000 c4c1 | f97e e241 | 8b6a 1441 
  0x00000272288fb7e0: 8b7c ec0c | 85ff 0f86 | 0010 0000 | 448b c741 | ffc8 443b | c70f 830d | 1400 0045 | 0fb6 5cec 
  0x00000272288fb800: 1044 8bcf | 4183 c1fd | 453b c141 | ba00 0000 | 8045 0f4c | ca41 8bdb | c1e3 0541 | 2bdb 4d8d 
  0x00000272288fb820: 04ec 4183 | f901 0f8e | 0c14 0000 | be01 0000 | 0045 33d2 | eb3b 458b | d041 c1ea | 1045 33d0 
  0x00000272288fb840: 4123 ca33 | d2e9 ea00 | 0000 450f | b65c 3010 | 4103 dbff | c63b f70f | 8db9 0000 | 0044 8bdb 
  0x00000272288fb860: 41c1 e305 | 442b db41 | 8bdb ebde | c4c1 797e | da41 8bd1 | 2bd6 443b | ce41 0f4c | d281 faa0 
  0x00000272288fb880: 0f00 00b8 | a00f 0000 | 0f47 d003 | d6c4 c179 | 6eda 0f1f | 8000 0000 | 000f 1f80 | 0000 0000 
  0x00000272288fb8a0: 4863 c645 | 0fb6 5400 | 1041 0fb6 | 6c00 1345 | 0fb6 5c00 | 1141 0fb6 | 4400 1241 | 03da 448b 
  0x00000272288fb8c0: f341 c1e6 | 0544 2bf3 | 4503 f345 | 8bd6 41c1 | e205 452b | d644 03d0 | 458b da41 | c1e3 0545 
  0x00000272288fb8e0: 2bda 4403 | dd41 8bdb | c1e3 0541 | 2bdb 83c6 | 043b f27c | ab49 8b87 | 4803 0000 | 8500 413b 
  0x00000272288fb900: f10f 8c65 | ffff ffc5 | f97e da3b | f70f 8c37 | ffff ff41 | 8bdb 85db | 0f84 d00e | 0000 c4c1 
  0x00000272288fb920: f97e e241 | 895a 0c44 | 8bd3 41c1 | ea10 4433 | d341 23ca | 458b 5c8d | 1047 8b4c | dc0c 453b 
  0x00000272288fb940: ca0f 858d | 0c00 0047 | 8b4c dc10 | 4d8b c149 | c1e0 03c4 | e1f9 7ee1 | 4c3b c10f | 845f 0100 
  0x00000272288fb960: 000f be49 | 10c4 e1f9 | 7ee3 493b | d80f 844d | 0100 0047 | 8b44 cc08 | 4181 f870 | e900 000f 
  0x00000272288fb980: 8523 1400 | 004f 8d04 | cc41 0fbe | 6810 3bcd | 0f85 0213 | 0000 458b | 4014 8b5b | 1447 8b4c 
  0x00000272288fb9a0: c40c 418b | 4cdc 0c41 | 3bc9 0f85 | d400 0000 | 4f8d 0cc4 | 4b8d 74c4 | 104d 8d04 | dc49 8d7c 
  0x00000272288fb9c0: dc10 85c9 | 0f84 a500 | 0000 8bc1 | 83e0 1f83 | e1e0 0f84 | 4b00 0000 | 488d 3c0f | 488d 340e 
  0x00000272288fb9e0: 48f7 d9c5 | fe6f 2c0f | c5fe 6f1c | 0ec5 d5ef | ebc4 e27d | 17ed 0f85 | 7a00 0000 | 4883 c120 
  0x00000272288fba00: 75e1 85c0 | 0f84 6500 | 0000 c5fe | 6f6c 07e0 | c5fe 6f5c | 06e0 c5d5 | efeb c4e2 | 7d17 ed75 
  0x00000272288fba20: 55eb 4c8b | c883 e1fc | 7419 488d | 3c0f 488d | 340e 48f7 | d98b 1c0f | 3b1c 0e75 | 3948 83c1 
  0x00000272288fba40: 0475 f2f7 | c002 0000 | 0074 120f | b71f 0fb7 | 0e3b d975 | 2148 8d7f | 0248 8d76 | 02f7 c001 
  0x00000272288fba60: 0000 0074 | 0a0f b61f | 0fb6 0e3b | d975 07b8 | 0100 0000 | eb02 33c0 | c5d5 efed | c5e5 efdb 
  0x00000272288fba80: 85c0 753c | ba45 ffff | ff48 8b2c | 24c5 fa11 | 0424 c5fa | 114c 2404 | c5fa 1154 | 2408 4c8b 
  0x00000272288fbaa0: 4424 184c | 8944 2410 | c5fb 1164 | 2418 4489 | 5c24 0c44 | 8954 2420 | c5f8 77e8 | 4068 44f8 
  0x00000272288fbac0: 49c1 e303 | 418b 6b14 | 458b 5cec | 0841 81fb | 086d 0000 | 0f85 6a12 | 0000 4d8d | 0cec 458b 
  0x00000272288fbae0: 510c 4585 | d20f 863d | 0f00 0045 | 8b59 1047 | 8b44 dc0c | 41d1 fa41 | d1f8 c4c1 | 796e dac5 
  0x00000272288fbb00: f85b dbc4 | c179 6ee8 | c5f8 5bed | c5f2 5ccb | c5fa 5cdd | c4c1 797e | dac5 f97e | cf45 8bda 
  0x00000272288fbb20: 41c1 eb17 | 448b c741 | c1e8 1745 | 0fb6 dbb9 | 9500 0000 | 412b cb45 | 0fb6 c0be | 9500 0000 
  0x00000272288fbb40: 412b f0f7 | c1e0 ffff | ff0f 854f | 0c00 0045 | 8bda 4181 | e3ff ff7f | 0041 81cb | 0000 8000 
  0x00000272288fbb60: 4585 d20f | 8ca1 0c00 | 0041 d3fb | 41ff c341 | d1fb f7c6 | e0ff ffff | 0f85 fe0b | 0000 448b 
  0x00000272288fbb80: c741 81e0 | ffff 7f00 | 4181 c800 | 0080 0085 | ff0f 8c6b | 0c00 008b | ce41 d3f8 | 41ff c041 
  0x00000272288fbba0: d1f8 c4c1 | 797e d245 | 85d2 7508 | 4533 d2e9 | af03 0000 | 41f7 c204 | 0000 0074 | 3344 8944 
  0x00000272288fbbc0: 2410 4489 | 5c24 0c89 | 5424 0841 | 8bea 498b | d166 6690 | c5f8 77e8 | c4f0 ffff | 4c8b c844 
  0x00000272288fbbe0: 8bd5 8b54 | 2408 448b | 5c24 0c44 | 8b44 2410 | 41f7 c201 | 0000 000f | 8482 0200 | 0041 8b69 
  0x00000272288fbc00: 0c85 ed0f | 863f 0f00 | 0041 8b49 | 1041 8b5c | cc0c 895c | 2410 896c | 2414 4c89 | 4c24 2844 
  0x00000272288fbc20: 8944 2424 | 4489 5c24 | 2089 5424 | 0c44 8954 | 2408 48ba | 086d 0000 | 0800 0000 | 448b c544 
  0x00000272288fbc40: 8bcb 6690 | c5f8 77e8 | 3408 4ff8 | 448b dd41 | ffcb 443b | dd0f 83ad | 0e00 0044 | 8b50 0c45 
  0x00000272288fbc60: 85d2 0f86 | a00e 0000 | 453b da0f | 8397 0e00 | 008b 6c24 | 10ff cd8b | 7424 10d1 | fe4c 6344 
  0x00000272288fbc80: 2410 448b | ee41 83c5 | fe41 3bf5 | 41ba 0000 | 0080 450f | 4cea 4c63 | d649 8bd8 | 492b da44 
  0x00000272288fbca0: 8bde 41ff | c348 ffcb | 4533 f6e9 | fc00 0000 | 8bd7 448b | 5490 0c8b | 7c24 102b | f948 63d9 
  0x00000272288fbcc0: 4589 549b | 1044 8b54 | 9810 4589 | 5493 0c49 | 8bd0 482b | d344 8b54 | 9008 4589 | 549b 1444 
  0x00000272288fbce0: 8b54 9814 | 4589 5493 | 0844 8b54 | 9004 4589 | 549b 1844 | 8b54 9818 | 4589 5493 | 0444 8b14 
  0x00000272288fbd00: 9045 8954 | 9b1c 448b | 5498 1c45 | 8914 9383 | c7fc 83c1 | 0441 3bc9 | 7c96 4d8b | 9748 0300 
  0x00000272288fbd20: 0041 8502 | 413b cd7d | 298b d745 | 8bcd 442b | c944 3be9 | 440f 4c4c | 240c 4181 | f9a0 0f00 
  0x00000272288fbd40: 00bf a00f | 0000 440f | 47cf 4403 | c9e9 60ff | ffff c4e1 | f97e cb3b | 4c24 307d | 2d66 6690 
  0x00000272288fbd60: 448b 54b8 | 0c45 8954 | 8b10 448b | 5488 1045 | 8954 bb0c | 448b d141 | ffc2 443b | 5424 307d 
  0x00000272288fbd80: 098b fd2b | f941 8bca | ebd6 4d8b | 9748 0300 | 0041 ffc6 | 4185 0244 | 3b74 2414 | 0f8d c500 
  0x00000272288fbda0: 0000 c4e1 | f97e c044 | 8b5c 2430 | 4c8b 5424 | 2841 8b7a | 1085 ff0f | 84d4 0b00 | 0047 8b54 
  0x00000272288fbdc0: b210 438b | 54d4 0c42 | 8b4c b010 | 458b 4ccc | 0c44 895c | 2430 c4e1 | f96e c04c | 63da 493b 
  0x00000272288fbde0: db0f 83b9 | 0b00 003b | ea0f 83b1 | 0b00 0045 | 85c9 0f86 | a80b 0000 | 413b f10f | 839f 0b00 
  0x00000272288fbe00: 0085 d20f | 8697 0b00 | 003b f20f | 838f 0b00 | 004d 63d9 | 493b db0f | 8383 0b00 | 0041 3be9 
  0x00000272288fbe20: 0f83 7a0b | 0000 4d8d | 1ccc 4b8d | 04d4 428b | 7c80 0c41 | 897c cc10 | 478b 4cd4 | 1047 894c 
  0x00000272288fbe40: 830c 4183 | fd01 0f8e | 9c0b 0000 | 8bd5 b901 | 0000 00c4 | e1f9 6ecb | e9ce feff | ffc4 e1f9 
  0x00000272288fbe60: 7eca e9d8 | 0200 00c4 | c1f9 7ec1 | 448b 5424 | 088b 5424 | 0c44 8b5c | 2420 448b | 4424 2441 
  0x00000272288fbe80: f7c2 0200 | 0000 0f84 | d700 0000 | 498b d941 | 8b49 0c85 | c90f 863b | 0d00 0041 | 8b79 1045 
  0x00000272288fbea0: 8b4c fc0c | 8be9 4889 | 5c24 2044 | 8944 2414 | 4489 5c24 | 1089 5424 | 0c44 8954 | 2408 48ba 
  0x00000272288fbec0: 086d 0000 | 0800 0000 | 448b c190 | c5f8 77e8 | ac05 4ff8 | 448b 500c | 448b c541 | d1f8 458b 
  0x00000272288fbee0: c841 ffc1 | 4585 d20f | 868c 0c00 | 0045 3bc2 | 0f83 830c | 0000 4863 | dd4d 63d8 | 488b cb49 
  0x00000272288fbf00: 2bcb 48ff | c948 3bcb | 0f83 6b0c | 0000 448b | dd41 ffcb | 443b dd0f | 835c 0c00 | 0044 894c 
  0x00000272288fbf20: 2428 4d63 | ca49 3bc9 | 0f83 460c | 0000 453b | da0f 8391 | 0c00 0044 | 3bc5 0f83 | 8f0c 0000 
  0x00000272288fbf40: b940 1f00 | 0045 33c0 | e969 0300 | 004c 8bc8 | 8b54 240c | 448b 5c24 | 1044 8b44 | 2414 448b 
  0x00000272288fbf60: 5424 0841 | 8bea c1fd | 0385 ed0f | 856b 0b00 | 0045 8b51 | 0c41 8bd8 | 4103 da44 | 3bc3 0f8d 
  0x00000272288fbf80: c602 0000 | 4963 ca49 | 63f8 418b | c0f7 d848 | 63f0 4803 | fe48 3bf9 | 0f83 be0a | 0000 4863 
  0x00000272288fbfa0: fb48 03fe | 48ff cf48 | 3bf9 0f83 | e40a 0000 | 488b 0c24 | 8b79 0c41 | 8b6c fc0c | 85ed 0f86 
  0x00000272288fbfc0: db0a 0000 | 418b 44fc | 1041 8b74 | c40c 488b | 4424 1848 | 85c0 0f85 | 890a 0000 | 4585 d20f 
  0x00000272288fbfe0: 8680 0a00 | 0045 8b51 | 1047 8b54 | d40c 4585 | d20f 866e | 0a00 0089 | 7424 0489 | 1c24 418b 
  0x00000272288fc000: da41 03db | 895c 2408 | 498d 1cfc | c4e1 f96e | e341 8bf3 | ffc6 418b | d8e9 9200 | 0000 c4e1 
  0x00000272288fc020: f97e cae9 | 1701 0000 | 0f1f 8400 | 0000 0000 | 442b 4424 | 1045 8bc8 | 41ff c145 | 8bc3 453b 
  0x00000272288fc040: ca0f 83d7 | 0700 0045 | 3b64 fc10 | 0f84 2609 | 0000 c4c1 | f97e db45 | 8b4b 1043 | 8b4c cc0c 
  0x00000272288fc060: 034c 2410 | 4d8b 8f48 | 0300 0045 | 8bd8 41ff | c341 8501 | 443b d97c | b7c4 e1f9 | 7eca 4d8b 
  0x00000272288fc080: 9f48 0300 | 00ff c341 | 8503 3b1c | 240f 8db7 | 0100 00c4 | e1f9 7ec1 | c4e1 f97e | c8c5 f97e 
  0x00000272288fc0a0: d244 8b5c | 2410 448b | 4424 14c4 | c1f9 7ed9 | 443b 5c24 | 080f 8da5 | 0100 00c4 | c1f9 6ed9 
  0x00000272288fc0c0: 4489 4424 | 1444 895c | 2410 c5f9 | 6ed2 c4e1 | f96e c8c4 | e1f9 6ec1 | c4c1 f97e | e341 8b4c 
  0x00000272288fc0e0: 9b10 8bc3 | 412b c03b | dd0f 832f | ffff ff44 | 8b5c 2410 | 443b 5c24 | 040f 831f | ffff ff45 
  0x00000272288fc100: 8b44 8110 | 478b 5cc4 | 0c45 85db | 0f86 7608 | 0000 478b | 5cc4 1041 | 83fb ff0f | 843c fdff 
  0x00000272288fc120: ff45 8b4c | cc0c 448b | 4424 1045 | 3bc1 0f83 | de00 0000 | 4d8d 0ccc | 4789 5c81 | 1033 d2c4 
  0x00000272288fc140: c1f9 7edb | 458b 5b10 | 478b 44dc | 0c44 0344 | 2410 413b | f00f 8d23 | ffff ff3b | dd0f 83d9 
  0x00000272288fc160: 0000 004d | 8d2c cc44 | 8bc6 ba01 | 0000 00eb | 4f0f 1f84 | 0000 0000 | 000f 1f80 | 0000 0000 
  0x00000272288fc180: 4789 5c85 | 1033 d2c4 | c1f9 7edb | 458b 5b10 | 478b 4cdc | 0c44 034c | 2410 4d8b | b748 0300 
  0x00000272288fc1a0: 0045 8bd8 | 41ff c341 | 8506 453b | d90f 8dcb | feff ff44 | 2b44 2410 | 418b d0ff | c245 8bc3 
  0x00000272288fc1c0: 413b d20f | 8355 0600 | 0045 8b4c | fc10 478b | 4ccc 0c45 | 3bc1 735a | c4c1 f97e | db45 8b74 
  0x00000272288fc1e0: 8310 478b | 5cf4 0c4f | 8d0c f441 | 3bd3 0f83 | 5006 0000 | 458b 5c91 | 1041 83fb | ff74 2941 
  0x00000272288fc200: 8b54 cc0c | 443b c20f | 8273 ffff | ff44 8944 | 2410 bae6 | ffff ff8b | e944 895c | 2404 6690 
  0x00000272288fc220: c5f8 77e8 | d860 44f8 | c4e1 f97e | cae9 55ff | ffff c4e1 | f97e cae9 | 4bff ffff | 448b c641 
  0x00000272288fc240: b901 0000 | 00e9 f4fd | ffff c5f8 | 7748 83c4 | 605d 493b | a740 0300 | 000f 8779 | 0d00 00c3 
  0x00000272288fc260: c4c1 f96e | d944 8944 | 2414 4489 | 5c24 10c5 | f96e d2c4 | e1f9 6ec8 | c4e1 f96e | c148 8bd0 
  0x00000272288fc280: e9f9 fdff | ffc4 c1f9 | 7ec1 c4e1 | f97e e0c4 | e1f9 7eeb | c4c1 797e | f04d 8b97 | 4803 0000 
  0x00000272288fc2a0: 41ff c041 | 8502 443b | 4424 280f | 8d9c fcff | ff4c 894c | 2420 4c8b | 4c24 2045 | 8b59 1047 
  0x00000272288fc2c0: 8b54 dc0c | 4585 d276 | d045 8bea | c5fb 1044 | 2420 4963 | d04c 8bcb | 4c2b ca4c | 8b54 2420 
  0x00000272288fc2e0: 478b 548a | 0cc4 c179 | 6eca 478b | 5cd4 0c44 | 8b54 9010 | c4c1 796e | d243 8b7c | d40c 4c8b 
  0x00000272288fc300: 5424 2045 | 8b54 9210 | c4c1 796e | da47 8b54 | d40c 468b | 4c88 0c43 | 8b54 cc0c | 4585 db0f 
  0x00000272288fc320: 86cf 0600 | 0089 5424 | 30c4 c179 | 6ef9 4489 | 5424 2c89 | 7c24 24c4 | c179 6ef0 | c4e1 f96e 
  0x00000272288fc340: ebc4 e1f9 | 6ee0 41ba | 0100 0000 | 453b d341 | b801 0000 | 0045 0f4f | c344 895c | 2420 c4c1 
  0x00000272288fc360: 797e d24b | 8d3c d4c4 | c179 7ecb | 4b8d 14dc | 448b d74b | 8d34 cc41 | c1ea 02c4 | c179 7edb 
  0x00000272288fc380: 4b8d 04dc | 4183 e203 | 4503 d041 | f7da 4183 | e203 4503 | d044 3b54 | 2420 448b | 5c24 2045 
  0x00000272288fc3a0: 0f4f d345 | 33c9 eb13 | c4e1 f97e | e0c4 c179 | 7ef0 e9bc | 0100 0090 | 458b c844 | 3b4c 2420 
  0x00000272288fc3c0: 73e6 468b | 448a 1044 | 3b4c 2424 | 0f83 8e04 | 0000 4689 | 448f 1044 | 3b4c 242c | 0f83 da04 
  0x00000272288fc3e0: 0000 428b | 5c88 1044 | 3b4c 2430 | 0f83 2a05 | 0000 4289 | 5c8e 10c4 | c1f9 7ec3 | 458b 5b10 
  0x00000272288fc400: 478b 5cdc | 0c44 895c | 2434 458b | c141 ffc0 | 453b c30f | 8d6c feff | ff45 3bc2 | 7c9a 4963 
  0x00000272288fc420: eb4c 636c | 2430 48ff | cd4c 6374 | 242c 448b | d54c 635c | 2424 4863 | 5c24 2049 | 3bdb 8b5c 
  0x00000272288fc440: 2420 0f4f | 5c24 244c | 63db 4d3b | de0f 4f5c | 242c 4c63 | db4d 3bdd | 0f4f 5c24 | 304c 63db 
  0x00000272288fc460: 4c3b dd41 | 0f4f da44 | 8bd3 4183 | c2f9 413b | dabb 0000 | 0080 440f | 4cd3 453b | c20f 8d79 
  0x00000272288fc480: 0500 0041 | ffc1 458b | c245 2bc1 | 453b d144 | 0f4c 4424 | 0c41 81f8 | 401f 0000 | 440f 47c1 
  0x00000272288fc4a0: 4503 c10f | 1f80 0000 | 0000 660f | 1f44 0000 | c421 7a6f | 448a 10c4 | 217a 7f44 | 8f10 c421 
  0x00000272288fc4c0: 7a6f 4488 | 10c4 217a | 7f44 8e10 | c421 7a6f | 448a 20c4 | 217a 7f44 | 8f20 c421 | 7a6f 4488 
  0x00000272288fc4e0: 20c4 217a | 7f44 8e20 | 4183 c108 | 453b c87c | bf4d 8b9f | 4803 0000 | 4185 0345 | 3bca 7c86 
  0x00000272288fc500: 443b 4c24 | 207d 6290 | 443b 4c24 | 200f 8395 | feff ff46 | 8b44 8a10 | 443b 4c24 | 240f 833d 
  0x00000272288fc520: 0300 0046 | 8944 8f10 | 443b 4c24 | 2c0f 8389 | 0300 0042 | 8b5c 8810 | 443b 4c24 | 300f 83d9 
  0x00000272288fc540: 0300 0042 | 895c 8e10 | c4c1 f97e | c245 8b5a | 1047 8b54 | dc0c 41ff | c145 3bca | 0f8d 23fd 
  0x00000272288fc560: ffff 443b | 4c24 207c | 9fc4 e1f9 | 7ee0 c4c1 | 797e f0ba | e4ff ffff | 488b 2c24 | 448b 5c24 
  0x00000272288fc580: 0844 891c | 244c 8b54 | 2418 4c89 | 5424 0844 | 8b5c 2410 | 4489 5c24 | 0444 8b54 | 2414 4489 
  0x00000272288fc5a0: 5424 10c5 | fb11 4424 | 1848 8944 | 2420 4489 | 4424 1444 | 894c 242c | 4489 4c24 | 30c5 fa11 
  0x00000272288fc5c0: 5424 34c5 | fa11 4c24 | 3866 6690 | c5f8 77e8 | 2c5d 44f8 | 438b 6cdc | 1885 ed0f | 8463 0600 
  0x00000272288fc5e0: 0047 8b4c | dc08 4181 | f9e0 b114 | 000f 8475 | 0600 004d | 8d1c ec45 | 8b43 0c45 | 3bc2 0f85 
  0x00000272288fc600: bc01 0000 | 458b 4b10 | 4d8b c149 | c1e0 03c4 | e1f9 7ee1 | 4c3b c10f | 84a7 f4ff | ff0f be59 
  0x00000272288fc620: 1049 3bc8 | 0f84 9af4 | ffff 478b | 44cc 0841 | 81f8 70e9 | 0000 0f85 | 2807 0000 | 4f8d 04cc 
  0x00000272288fc640: 410f be68 | 103b dd0f | 85bf 0600 | 0041 8b58 | 1444 8b49 | 1445 8b44 | dc0c 438b | 4ccc 0c41 
  0x00000272288fc660: 3bc8 0f85 | d800 0000 | 4d8d 04dc | 498d 74dc | 104f 8d04 | cc4b 8d7c | cc10 85c9 | 0f84 a500 
  0x00000272288fc680: 0000 8bc1 | 83e0 1f83 | e1e0 0f84 | 4b00 0000 | 488d 3c0f | 488d 340e | 48f7 d9c5 | fe6f 2c0f 
  0x00000272288fc6a0: c5fe 6f1c | 0ec5 d5ef | ebc4 e27d | 17ed 0f85 | 7a00 0000 | 4883 c120 | 75e1 85c0 | 0f84 6500 
  0x00000272288fc6c0: 0000 c5fe | 6f6c 07e0 | c5fe 6f5c | 06e0 c5d5 | efeb c4e2 | 7d17 ed75 | 55eb 4c8b | c883 e1fc 
  0x00000272288fc6e0: 7419 488d | 3c0f 488d | 340e 48f7 | d98b 1c0f | 3b1c 0e75 | 3948 83c1 | 0475 f2f7 | c002 0000 
  0x00000272288fc700: 0074 120f | b71f 0fb7 | 0e3b d975 | 2148 8d7f | 0248 8d76 | 02f7 c001 | 0000 0074 | 0a0f b61f 
  0x00000272288fc720: 0fb6 0e3b | d975 07b8 | 0100 0000 | eb02 33c0 | c5d5 efed | c5e5 efdb | 85c0 0f85 | 84f3 ffff 
  0x00000272288fc740: ba45 ffff | ff48 8b2c | 24c5 fa11 | 0424 c5fa | 114c 2404 | c5fa 1154 | 2408 4c8b | 4424 184c 
  0x00000272288fc760: 8944 2410 | c5fb 1164 | 2418 4c89 | 5c24 2044 | 8954 240c | c5f8 77e8 | 845b 44f8 | c57a 2cc1 
  0x00000272288fc780: 4181 f800 | 0000 8075 | 1048 83ec | 08c5 fa11 | 0c24 e85c | 493f f841 | 58e9 04f4 | ffff c57a 
  0x00000272288fc7a0: 2cdb 4181 | fb00 0000 | 8075 1048 | 83ec 08c5 | fa11 1c24 | e83a 493f | f841 5be9 | b2f3 ffff 
  0x00000272288fc7c0: 458b 5b18 | 4d8b 8748 | 0300 0041 | 8500 4585 | db0f 846d | 0400 0049 | c1e3 03e9 | 17fe ffff 
  0x00000272288fc7e0: 33c9 33d2 | 4533 d2e9 | 48f1 ffff | 33d2 c4c1 | f97e e241 | c642 1101 | 33c9 4533 | d2e9 32f1 
  0x00000272288fc800: ffff 41f7 | d8e9 8df3 | ffff 41f7 | dbe9 57f3 | ffff 33c9 | 33d2 4533 | d2e9 16f1 | ffff ba45 
  0x00000272288fc820: ffff ffc4 | e1f9 7ec5 | c5fb 110c | 24c5 fb11 | 5c24 0889 | 5c24 1844 | 8944 241c | c5f8 77e8 
  0x00000272288fc840: bc5a 44f8 | c5f9 6ed2 | bae6 ffff | ff49 8be9 | c5fa 1114 | 2466 6690 | c5f8 77e8 | a05a 44f8 
  0x00000272288fc860: bae4 ffff | ff48 8b2c | 2444 8b5c | 2408 4489 | 1c24 4c8b | 5424 184c | 8954 2408 | 448b 5c24 
  0x00000272288fc880: 1044 895c | 2404 448b | 5424 1444 | 8954 2410 | c5fb 1144 | 2418 c5fb | 1164 2420 | c5fa 1174 
  0x00000272288fc8a0: 2414 4489 | 4c24 2c44 | 8944 2430 | c5fa 1154 | 2434 6690 | c5f8 77e8 | 445a 44f8 | bae4 ffff 
  0x00000272288fc8c0: ff48 8b2c | 2444 8b5c | 2408 4489 | 1c24 4c8b | 5424 184c | 8954 2408 | 448b 5c24 | 1044 895c 
  0x00000272288fc8e0: 2404 448b | 5424 1444 | 8954 2410 | c5fb 1144 | 2418 c5fb | 1164 2420 | c5fa 1174 | 2414 4489 
  0x00000272288fc900: 4c24 2c44 | 894c 2430 | c5fa 115c | 2434 c5fa | 117c 2438 | c5f8 77e8 | e459 44f8 | bae4 ffff 
  0x00000272288fc920: ff48 8b2c | 2444 8b54 | 2408 4489 | 1424 4c8b | 5424 184c | 8954 2408 | 448b 5424 | 1044 8954 
  0x00000272288fc940: 2404 448b | 5c24 1444 | 895c 2410 | c5fb 1144 | 2418 c5fb | 1164 2420 | c5fa 1174 | 2414 4489 
  0x00000272288fc960: 4c24 2c89 | 5c24 30c5 | fa11 7c24 | 3466 6690 | c5f8 77e8 | 8859 44f8 | baf6 ffff | ff66 6690 
  0x00000272288fc980: c5f8 77e8 | 7859 44f8 | 4f8d 0cc4 | e9b7 feff | ffba f6ff | ffff 6690 | c5f8 77e8 | 6059 44f8 
  0x00000272288fc9a0: 418b 6cfc | 0cd1 fdff | c5ba 76ff | ffff 4c8b | 5424 184c | 8954 2410 | 448b 5c24 | 2044 895c 
  0x00000272288fc9c0: 240c 448b | 5424 2444 | 8954 2418 | 4c8b 5424 | 284c 8954 | 2420 4889 | 4424 2844 | 8974 241c 
  0x00000272288fc9e0: c5f8 77e8 | 1859 44f8 | 8bfd b901 | 0000 00e9 | 63f3 ffff | 4533 c9e9 | 77fb ffff | 458b c8e9 
  0x00000272288fca00: fcfa ffff | bade ffff | ffc5 fa11 | 4424 08c5 | fa11 4c24 | 0c44 894c | 2410 4c89 | 4424 2090 
  0x00000272288fca20: c5f8 77e8 | d858 44f8 | bae4 ffff | ff48 8b2c | 24c5 fa11 | 0c24 c5fa | 1154 2404 | 4c8b 5424 
  0x00000272288fca40: 184c 8954 | 2408 c5fa | 1144 2410 | 4c89 4c24 | 2066 6690 | c5f8 77e8 | a458 44f8 | 488b 0c24 
  0x00000272288fca60: 488b 4424 | 18ba beff | ffff 488b | e948 8904 | 244c 894c | 2408 4489 | 5c24 1044 | 8944 2418 
  0x00000272288fca80: 4489 4424 | 1c89 5c24 | 2066 6690 | c5f8 77e8 | 6c58 44f8 | 488b 0c24 | 488b 4424 | 18eb c648 
  0x00000272288fcaa0: 8b44 2418 | ebbf ba45 | ffff ff48 | 8b2c 24c5 | fa11 0424 | c5fa 114c | 2404 4489 | 4c24 0848 
  0x00000272288fcac0: 897c 2410 | 4c89 4424 | 1889 4c24 | 2044 895c | 2424 6690 | c5f8 77e8 | 2458 44f8 | ba45 ffff 
  0x00000272288fcae0: ff48 8b4c | 2418 4889 | 4c24 084c | 894c 2410 | 4489 5c24 | 1844 8944 | 241c 4489 | 5424 2090 
  0x00000272288fcb00: c5f8 77e8 | f857 44f8 | babe ffff | ff48 8b2c | 2444 8b5c | 2408 4489 | 1c24 4c8b | 5424 184c 
  0x00000272288fcb20: 8954 2408 | 448b 5424 | 2044 8954 | 2404 448b | 5c24 2444 | 895c 2410 | 4889 4424 | 2066 6690 
  0x00000272288fcb40: c5f8 77e8 | b857 44f8 | bae4 ffff | ff44 8954 | 2408 4c8b | 5424 184c | 8954 2410 | 4489 5c24 
  0x00000272288fcb60: 0c44 8944 | 2418 4c89 | 4c24 2890 | c5f8 77e8 | 8c57 44f8 | 448b 4c24 | 28ba beff | ffff 488b 
  0x00000272288fcb80: 2c24 448b | 5c24 0844 | 891c 244c | 8b54 2418 | 4c89 5424 | 0844 8b54 | 2410 4489 | 5424 0444 
  0x00000272288fcba0: 8b5c 2414 | 4489 5c24 | 104c 8b54 | 2420 4c89 | 5424 1848 | 8944 2420 | 4489 4c24 | 1466 6690 
  0x00000272288fcbc0: c5f8 77e8 | 3857 44f8 | 448b 4c24 | 28eb aa44 | 8b4c 2428 | eba3 bae4 | ffff ff48 | 8b2c 2444 
  0x00000272288fcbe0: 8914 244c | 8b54 2418 | 4c89 5424 | 0844 895c | 2404 4489 | 4424 104c | 894c 2420 | 894c 2414 
  0x00000272288fcc00: c5f8 77e8 | f856 44f8 | ba76 ffff | ffc5 fa11 | 4424 08c5 | fa11 4c24 | 0c44 894c | 2410 894c 
  0x00000272288fcc20: 2414 4c89 | 5424 2889 | 7c24 3444 | 895c 2438 | c5f8 77e8 | c856 44f8 | be01 0000 | 0033 d2e9 
  0x00000272288fcc40: c7ec ffff | baf4 ffff | ff48 8b2c | 24c5 fa11 | 0424 c5fa | 114c 2404 | c5fa 1154 | 2408 6690 
  0x00000272288fcc60: c5f8 77e8 | 9856 44f8 | ba45 ffff | ffc5 fa11 | 4424 08c5 | fa11 4c24 | 0cc5 fa11 | 5424 10c5 
  0x00000272288fcc80: fb11 6424 | 2044 895c | 2414 4489 | 5424 2890 | c5f8 77e8 | 6856 44f8 | ba45 ffff | ffc5 fa11 
  0x00000272288fcca0: 4424 08c5 | fa11 4c24 | 0cc5 fa11 | 5424 10c5 | fb11 6424 | 2844 895c | 2414 4489 | 5424 304c 
  0x00000272288fccc0: 8944 2438 | 894c 2434 | c5f8 77e8 | 3056 44f8 | 4585 d240 | 0f95 c540 | 0fb6 ed83 | f501 ba45 
  0x00000272288fcce0: ffff ffc5 | fa11 4424 | 08c5 fa11 | 4c24 0c44 | 894c 2410 | 894c 2414 | c5fb 1164 | 2428 4489 
  0x00000272288fcd00: 5c24 3090 | c5f8 77e8 | f455 44f8 | ba45 ffff | ffc5 fa11 | 4424 08c5 | fa11 4c24 | 0cc5 fa11 
  0x00000272288fcd20: 5424 10c5 | fb11 6424 | 284c 895c | 2430 4489 | 5424 144c | 8944 2438 | 895c 2440 | c5f8 77e8 
  0x00000272288fcd40: bc55 44f8 | bade ffff | ffc5 fa11 | 4424 08c5 | fa11 4c24 | 0cc5 fa11 | 5424 1090 | c5f8 77e8 
  0x00000272288fcd60: 9c55 44f8 | bade ffff | ff48 8b2c | 24c5 fa11 | 0424 c5fa | 114c 2404 | c5fa 1154 | 2408 4c8b 
  0x00000272288fcd80: 4424 184c | 8944 2410 | c5fb 1164 | 2420 4c89 | 5c24 2844 | 8954 240c | 4489 4c24 | 3466 6690 
  0x00000272288fcda0: c5f8 77e8 | 5855 44f8 | bade ffff | ff48 8b2c | 24c5 fa11 | 0424 c5fa | 114c 2404 | c5fa 1154 
  0x00000272288fcdc0: 2408 4c8b | 4424 184c | 8944 2410 | c5fb 1164 | 2420 4489 | 5c24 0c44 | 8954 2428 | 4489 4c24 
  0x00000272288fcde0: 3066 6690 | c5f8 77e8 | 1455 44f8 | baf6 ffff | ff66 6690 | c5f8 77e8 | 0455 44f8 | c5f9 6ed2 
  0x00000272288fce00: baf6 ffff | ffc5 f97e | d566 6690 | c5f8 77e8 | ec54 44f8 | 4489 4424 | 10ba f6ff | ffff 4489 
  0x00000272288fce20: 1c24 6690 | c5f8 77e8 | d454 44f8 | baf6 ffff | ff66 6690 | c5f8 77e8 | c454 44f8 | ba76 ffff 
  0x00000272288fce40: ff48 8b2c | 2444 8b54 | 2408 4489 | 1424 4c8b | 5424 184c | 8954 2408 | 448b 5c24 | 1044 895c 
  0x00000272288fce60: 2404 448b | 5424 1444 | 8954 2410 | 48ff 7424 | 2048 8f44 | 2418 4889 | 4424 2044 | 8944 2414 
  0x00000272288fce80: 4489 6c24 | 2866 6690 | c5f8 77e8 | 7054 44f8 | baf6 ffff | ff66 6690 | c5f8 77e8 | 6054 44f8 
  0x00000272288fcea0: 488b d0eb | 0848 8bd0 | eb03 488b | d0c5 f877 | 4883 c460 | 5de9 c6fe | 4ef8 baf6 | ffff ff49 
  0x00000272288fcec0: 8be8 6690 | c5f8 77e8 | 3454 44f8 | baf6 ffff | ff66 6690 | c5f8 77e8 | 2454 44f8 | baf6 ffff 
  0x00000272288fcee0: ff66 6690 | c5f8 77e8 | 1454 44f8 | 488b 4424 | 18e9 6ffb | ffff 488b | 4424 18e9 | 65fb ffff 
  0x00000272288fcf00: baf6 ffff | ff66 6690 | c5f8 77e8 | f053 44f8 | baf6 ffff | ff66 6690 | c5f8 77e8 | e053 44f8 
  0x00000272288fcf20: baf6 ffff | ff66 6690 | c5f8 77e8 | d053 44f8 | baf6 ffff | ff66 6690 | c5f8 77e8 | c053 44f8 
  0x00000272288fcf40: ba45 ffff | ff48 8b2c | 24c5 fa11 | 0424 c5fa | 114c 2404 | c5fa 1154 | 2408 4c8b | 4424 184c 
  0x00000272288fcf60: 8944 2410 | c5fb 1164 | 2420 4489 | 5c24 0c44 | 8954 2428 | 4489 4c24 | 2c66 6690 | c5f8 77e8 
  0x00000272288fcf80: 7c53 44f8 | baf6 ffff | ff66 6690 | c5f8 77e8 | 6c53 44f8 | ba45 ffff | ff48 8b2c | 24c5 fa11 
  0x00000272288fcfa0: 0424 c5fa | 114c 2404 | c5fa 1154 | 2408 4c8b | 4424 184c | 8944 2410 | c5fb 1164 | 2420 4c89 
  0x00000272288fcfc0: 5c24 2844 | 8954 240c | 4489 4c24 | 3066 6690 | c5f8 77e8 | 2853 44f8 | 49ba 52c2 | 8f28 7202 
  0x00000272288fcfe0: 0000 4d89 | 9758 0300 | 00e9 1264 | 44f8 f4f4 | f4f4 f4f4 | f4f4 f4f4 | f4f4 f4f4 | f4f4 f4f4 
  0x00000272288fd000: 48bb 0000 | 0000 0000 | 0000 e9fb | ffff ffe9 | 6c7b 4ef8 | e800 0000 | 0048 832c | 2405 e97d 
  0x00000272288fd020: 5644 f8f4 | f4f4 f4f4 
[/MachCode]
--------------------------------------------------------------------------------


---------------  P R O C E S S  ---------------

Threads class SMR info:
_java_thread_list=0x000002723e61b700, length=25, elements={
0x000002723cfe4c30, 0x000002723cfe7760, 0x000002723cffe560, 0x000002723cffef10,
0x000002723cfff8c0, 0x000002723d000a10, 0x000002723d003f50, 0x000002723d00e6b0,
0x000002723dc28d50, 0x000002723dd3a5e0, 0x000002723dd571a0, 0x000002723dd5fee0,
0x0000027217a2d8b0, 0x000002723df35ca0, 0x000002723df65690, 0x000002723df6dcc0,
0x000002723e5d92c0, 0x000002723e61e890, 0x000002723e61ed60, 0x000002723e636a10,
0x000002723e660c90, 0x000002723e602e60, 0x000002723e604380, 0x000002723e604890,
0x000002723e633ec0
}

Java Threads: ( => current thread )
  0x000002723cfe4c30 JavaThread "Reference Handler" daemon [_thread_blocked, id=26196, stack(0x000000bd31200000,0x000000bd31300000)]
  0x000002723cfe7760 JavaThread "Finalizer" daemon [_thread_blocked, id=13776, stack(0x000000bd31300000,0x000000bd31400000)]
  0x000002723cffe560 JavaThread "Signal Dispatcher" daemon [_thread_blocked, id=10848, stack(0x000000bd31400000,0x000000bd31500000)]
  0x000002723cffef10 JavaThread "Attach Listener" daemon [_thread_blocked, id=25648, stack(0x000000bd31500000,0x000000bd31600000)]
  0x000002723cfff8c0 JavaThread "Service Thread" daemon [_thread_blocked, id=10868, stack(0x000000bd31600000,0x000000bd31700000)]
  0x000002723d000a10 JavaThread "Monitor Deflation Thread" daemon [_thread_blocked, id=9596, stack(0x000000bd31700000,0x000000bd31800000)]
  0x000002723d003f50 JavaThread "C2 CompilerThread0" daemon [_thread_blocked, id=24888, stack(0x000000bd31800000,0x000000bd31900000)]
  0x000002723d00e6b0 JavaThread "C1 CompilerThread0" daemon [_thread_blocked, id=21132, stack(0x000000bd31900000,0x000000bd31a00000)]
  0x000002723dc28d50 JavaThread "Sweeper thread" daemon [_thread_blocked, id=26096, stack(0x000000bd31a00000,0x000000bd31b00000)]
  0x000002723dd3a5e0 JavaThread "C1 CompilerThread1" daemon [_thread_blocked, id=18608, stack(0x000000bd31b00000,0x000000bd31c00000)]
  0x000002723dd571a0 JavaThread "Notification Thread" daemon [_thread_blocked, id=6380, stack(0x000000bd31c00000,0x000000bd31d00000)]
  0x000002723dd5fee0 JavaThread "Common-Cleaner" daemon [_thread_blocked, id=9788, stack(0x000000bd31e00000,0x000000bd31f00000)]
  0x0000027217a2d8b0 JavaThread "DestroyJavaVM" [_thread_blocked, id=17260, stack(0x000000bd30b00000,0x000000bd30c00000)]
  0x000002723df35ca0 JavaThread "Java2D Disposer" daemon [_thread_blocked, id=9024, stack(0x000000bd32000000,0x000000bd32100000)]
  0x000002723df65690 JavaThread "AWT-Shutdown" [_thread_blocked, id=3844, stack(0x000000bd32200000,0x000000bd32300000)]
  0x000002723df6dcc0 JavaThread "AWT-Windows" daemon [_thread_in_native, id=19944, stack(0x000000bd32300000,0x000000bd32400000)]
  0x000002723e5d92c0 JavaThread "AWT-EventQueue-0" [_thread_blocked, id=11432, stack(0x000000bd33000000,0x000000bd33100000)]
=>0x000002723e61e890 JavaThread "Thread-2" [_thread_in_Java, id=21140, stack(0x000000bd33100000,0x000000bd33200000)]
  0x000002723e61ed60 JavaThread "Thread-1" [_thread_in_Java, id=2208, stack(0x000000bd33200000,0x000000bd33300000)]
  0x000002723e636a10 JavaThread "D3D Screen Updater" daemon [_thread_blocked, id=26052, stack(0x000000bd31f00000,0x000000bd32000000)]
  0x000002723e660c90 JavaThread "C2 CompilerThread1" daemon [_thread_blocked, id=24712, stack(0x000000bd32100000,0x000000bd32200000)]
  0x000002723e602e60 JavaThread "C2 CompilerThread2" daemon [_thread_blocked, id=14792, stack(0x000000bd33300000,0x000000bd33400000)]
  0x000002723e604380 JavaThread "C2 CompilerThread3" daemon [_thread_blocked, id=7072, stack(0x000000bd33400000,0x000000bd33500000)]
  0x000002723e604890 JavaThread "C2 CompilerThread4" daemon [_thread_blocked, id=8908, stack(0x000000bd33500000,0x000000bd33600000)]
  0x000002723e633ec0 JavaThread "Thread-3" [_thread_in_Java, id=17208, stack(0x000000bd33600000,0x000000bd33700000)]

Other Threads:
  0x000002723cfdd670 VMThread "VM Thread" [stack: 0x000000bd31100000,0x000000bd31200000] [id=5564]
  0x000002723dd5faa0 WatcherThread [stack: 0x000000bd31d00000,0x000000bd31e00000] [id=8672]
  0x0000027217a95f90 GCTaskThread "GC Thread#0" [stack: 0x000000bd30c00000,0x000000bd30d00000] [id=25628]
  0x000002723e679960 GCTaskThread "GC Thread#1" [stack: 0x000000bd33700000,0x000000bd33800000] [id=16324]
  0x000002723e843790 GCTaskThread "GC Thread#2" [stack: 0x000000bd33800000,0x000000bd33900000] [id=21888]
  0x000002723e843a40 GCTaskThread "GC Thread#3" [stack: 0x000000bd33900000,0x000000bd33a00000] [id=14280]
  0x000002723e718cf0 GCTaskThread "GC Thread#4" [stack: 0x000000bd33a00000,0x000000bd33b00000] [id=12268]
  0x000002723e718fa0 GCTaskThread "GC Thread#5" [stack: 0x000000bd33b00000,0x000000bd33c00000] [id=25980]
  0x000002723e858580 GCTaskThread "GC Thread#6" [stack: 0x000000bd33c00000,0x000000bd33d00000] [id=2724]
  0x000002723e858830 GCTaskThread "GC Thread#7" [stack: 0x000000bd33d00000,0x000000bd33e00000] [id=13088]
  0x000002723e858ae0 GCTaskThread "GC Thread#8" [stack: 0x000000bd33e00000,0x000000bd33f00000] [id=23472]
  0x000002723e858d90 GCTaskThread "GC Thread#9" [stack: 0x000000bd33f00000,0x000000bd34000000] [id=20764]
  0x000002723e859040 GCTaskThread "GC Thread#10" [stack: 0x000000bd34000000,0x000000bd34100000] [id=16956]
  0x000002723e742070 GCTaskThread "GC Thread#11" [stack: 0x000000bd34100000,0x000000bd34200000] [id=23404]
  0x0000027217aa7970 ConcurrentGCThread "G1 Main Marker" [stack: 0x000000bd30d00000,0x000000bd30e00000] [id=17104]
  0x0000027217aa9b30 ConcurrentGCThread "G1 Conc#0" [stack: 0x000000bd30e00000,0x000000bd30f00000] [id=18568]
  0x0000027217b0e070 ConcurrentGCThread "G1 Refine#0" [stack: 0x000000bd30f00000,0x000000bd31000000] [id=22020]
  0x000002723e859700 ConcurrentGCThread "G1 Refine#1" [stack: 0x000000bd34200000,0x000000bd34300000] [id=12916]
  0x0000027217b0e990 ConcurrentGCThread "G1 Service" [stack: 0x000000bd31000000,0x000000bd31100000] [id=21268]

Threads with active compile tasks:

VM state: not at safepoint (normal execution)

VM Mutex/Monitor currently owned by a thread: None

Heap address: 0x0000000709600000, size: 3946 MB, Compressed Oops mode: Zero based, Oop shift amount: 3

CDS archive(s) mapped at: [0x0000000800000000-0x0000000800bc0000-0x0000000800bc0000), size 12320768, SharedBaseAddress: 0x0000000800000000, ArchiveRelocationMode: 0.
Compressed class space mapped at: 0x0000000800c00000-0x0000000840c00000, reserved size: 1073741824
Narrow klass base: 0x0000000800000000, Narrow klass shift: 0, Narrow klass range: 0x100000000

GC Precious Log:
 CPUs: 16 total, 16 available
 Memory: 15776M
 Large Page Support: Disabled
 NUMA Support: Disabled
 Compressed Oops: Enabled (Zero based)
 Heap Region Size: 2M
 Heap Min Capacity: 8M
 Heap Initial Capacity: 248M
 Heap Max Capacity: 3946M
 Pre-touch: Disabled
 Parallel Workers: 13
 Concurrent Workers: 3
 Concurrent Refinement Workers: 13
 Periodic GC: Disabled

Heap:
 garbage-first heap   total 253952K, used 12469K [0x0000000709600000, 0x0000000800000000)
  region size 2048K, 4 young (8192K), 2 survivors (4096K)
 Metaspace       used 6915K, committed 7104K, reserved 1056768K
  class space    used 752K, committed 832K, reserved 1048576K

Heap Regions: E=young(eden), S=young(survivor), O=old, HS=humongous(starts), HC=humongous(continues), CS=collection set, F=free, OA=open archive, CA=closed archive, TAMS=top-at-mark-start (previous, next)
|   0|0x0000000709600000, 0x0000000709800000, 0x0000000709800000|100%|HS|  |TAMS 0x0000000709600000, 0x0000000709600000| Complete 
|   1|0x0000000709800000, 0x0000000709a00000, 0x0000000709a00000|100%|HC|  |TAMS 0x0000000709800000, 0x0000000709800000| Complete 
|   2|0x0000000709a00000, 0x0000000709c00000, 0x0000000709c00000|100%| O|  |TAMS 0x0000000709a00000, 0x0000000709a00000| Untracked 
|   3|0x0000000709c00000, 0x0000000709c2d600, 0x0000000709e00000|  8%| O|  |TAMS 0x0000000709c00000, 0x0000000709c00000| Untracked 
|   4|0x0000000709e00000, 0x0000000709e00000, 0x000000070a000000|  0%| F|  |TAMS 0x0000000709e00000, 0x0000000709e00000| Untracked 
|   5|0x000000070a000000, 0x000000070a000000, 0x000000070a200000|  0%| F|  |TAMS 0x000000070a000000, 0x000000070a000000| Untracked 
|   6|0x000000070a200000, 0x000000070a200000, 0x000000070a400000|  0%| F|  |TAMS 0x000000070a200000, 0x000000070a200000| Untracked 
|   7|0x000000070a400000, 0x000000070a400000, 0x000000070a600000|  0%| F|  |TAMS 0x000000070a400000, 0x000000070a400000| Untracked 
|   8|0x000000070a600000, 0x000000070a600000, 0x000000070a800000|  0%| F|  |TAMS 0x000000070a600000, 0x000000070a600000| Untracked 
|   9|0x000000070a800000, 0x000000070a800000, 0x000000070aa00000|  0%| F|  |TAMS 0x000000070a800000, 0x000000070a800000| Untracked 
|  10|0x000000070aa00000, 0x000000070aa00000, 0x000000070ac00000|  0%| F|  |TAMS 0x000000070aa00000, 0x000000070aa00000| Untracked 
|  11|0x000000070ac00000, 0x000000070ac00000, 0x000000070ae00000|  0%| F|  |TAMS 0x000000070ac00000, 0x000000070ac00000| Untracked 
|  12|0x000000070ae00000, 0x000000070ae00000, 0x000000070b000000|  0%| F|  |TAMS 0x000000070ae00000, 0x000000070ae00000| Untracked 
|  13|0x000000070b000000, 0x000000070b000000, 0x000000070b200000|  0%| F|  |TAMS 0x000000070b000000, 0x000000070b000000| Untracked 
|  14|0x000000070b200000, 0x000000070b200000, 0x000000070b400000|  0%| F|  |TAMS 0x000000070b200000, 0x000000070b200000| Untracked 
|  15|0x000000070b400000, 0x000000070b400000, 0x000000070b600000|  0%| F|  |TAMS 0x000000070b400000, 0x000000070b400000| Untracked 
|  16|0x000000070b600000, 0x000000070b600000, 0x000000070b800000|  0%| F|  |TAMS 0x000000070b600000, 0x000000070b600000| Untracked 
|  17|0x000000070b800000, 0x000000070b800000, 0x000000070ba00000|  0%| F|  |TAMS 0x000000070b800000, 0x000000070b800000| Untracked 
|  18|0x000000070ba00000, 0x000000070ba00000, 0x000000070bc00000|  0%| F|  |TAMS 0x000000070ba00000, 0x000000070ba00000| Untracked 
|  19|0x000000070bc00000, 0x000000070bc00000, 0x000000070be00000|  0%| F|  |TAMS 0x000000070bc00000, 0x000000070bc00000| Untracked 
|  20|0x000000070be00000, 0x000000070be00000, 0x000000070c000000|  0%| F|  |TAMS 0x000000070be00000, 0x000000070be00000| Untracked 
|  21|0x000000070c000000, 0x000000070c000000, 0x000000070c200000|  0%| F|  |TAMS 0x000000070c000000, 0x000000070c000000| Untracked 
|  22|0x000000070c200000, 0x000000070c200000, 0x000000070c400000|  0%| F|  |TAMS 0x000000070c200000, 0x000000070c200000| Untracked 
|  23|0x000000070c400000, 0x000000070c400000, 0x000000070c600000|  0%| F|  |TAMS 0x000000070c400000, 0x000000070c400000| Untracked 
|  24|0x000000070c600000, 0x000000070c600000, 0x000000070c800000|  0%| F|  |TAMS 0x000000070c600000, 0x000000070c600000| Untracked 
|  25|0x000000070c800000, 0x000000070c800000, 0x000000070ca00000|  0%| F|  |TAMS 0x000000070c800000, 0x000000070c800000| Untracked 
|  26|0x000000070ca00000, 0x000000070ca00000, 0x000000070cc00000|  0%| F|  |TAMS 0x000000070ca00000, 0x000000070ca00000| Untracked 
|  27|0x000000070cc00000, 0x000000070cc00000, 0x000000070ce00000|  0%| F|  |TAMS 0x000000070cc00000, 0x000000070cc00000| Untracked 
|  28|0x000000070ce00000, 0x000000070ce00000, 0x000000070d000000|  0%| F|  |TAMS 0x000000070ce00000, 0x000000070ce00000| Untracked 
|  29|0x000000070d000000, 0x000000070d000000, 0x000000070d200000|  0%| F|  |TAMS 0x000000070d000000, 0x000000070d000000| Untracked 
|  30|0x000000070d200000, 0x000000070d200000, 0x000000070d400000|  0%| F|  |TAMS 0x000000070d200000, 0x000000070d200000| Untracked 
|  31|0x000000070d400000, 0x000000070d400000, 0x000000070d600000|  0%| F|  |TAMS 0x000000070d400000, 0x000000070d400000| Untracked 
|  32|0x000000070d600000, 0x000000070d600000, 0x000000070d800000|  0%| F|  |TAMS 0x000000070d600000, 0x000000070d600000| Untracked 
|  33|0x000000070d800000, 0x000000070d800000, 0x000000070da00000|  0%| F|  |TAMS 0x000000070d800000, 0x000000070d800000| Untracked 
|  34|0x000000070da00000, 0x000000070da00000, 0x000000070dc00000|  0%| F|  |TAMS 0x000000070da00000, 0x000000070da00000| Untracked 
|  35|0x000000070dc00000, 0x000000070dc00000, 0x000000070de00000|  0%| F|  |TAMS 0x000000070dc00000, 0x000000070dc00000| Untracked 
|  36|0x000000070de00000, 0x000000070de00000, 0x000000070e000000|  0%| F|  |TAMS 0x000000070de00000, 0x000000070de00000| Untracked 
|  37|0x000000070e000000, 0x000000070e000000, 0x000000070e200000|  0%| F|  |TAMS 0x000000070e000000, 0x000000070e000000| Untracked 
|  38|0x000000070e200000, 0x000000070e200000, 0x000000070e400000|  0%| F|  |TAMS 0x000000070e200000, 0x000000070e200000| Untracked 
|  39|0x000000070e400000, 0x000000070e400000, 0x000000070e600000|  0%| F|  |TAMS 0x000000070e400000, 0x000000070e400000| Untracked 
|  40|0x000000070e600000, 0x000000070e600000, 0x000000070e800000|  0%| F|  |TAMS 0x000000070e600000, 0x000000070e600000| Untracked 
|  41|0x000000070e800000, 0x000000070e800000, 0x000000070ea00000|  0%| F|  |TAMS 0x000000070e800000, 0x000000070e800000| Untracked 
|  42|0x000000070ea00000, 0x000000070ea00000, 0x000000070ec00000|  0%| F|  |TAMS 0x000000070ea00000, 0x000000070ea00000| Untracked 
|  43|0x000000070ec00000, 0x000000070ec00000, 0x000000070ee00000|  0%| F|  |TAMS 0x000000070ec00000, 0x000000070ec00000| Untracked 
|  44|0x000000070ee00000, 0x000000070ee00000, 0x000000070f000000|  0%| F|  |TAMS 0x000000070ee00000, 0x000000070ee00000| Untracked 
|  45|0x000000070f000000, 0x000000070f000000, 0x000000070f200000|  0%| F|  |TAMS 0x000000070f000000, 0x000000070f000000| Untracked 
|  46|0x000000070f200000, 0x000000070f200000, 0x000000070f400000|  0%| F|  |TAMS 0x000000070f200000, 0x000000070f200000| Untracked 
|  47|0x000000070f400000, 0x000000070f400000, 0x000000070f600000|  0%| F|  |TAMS 0x000000070f400000, 0x000000070f400000| Untracked 
|  48|0x000000070f600000, 0x000000070f600000, 0x000000070f800000|  0%| F|  |TAMS 0x000000070f600000, 0x000000070f600000| Untracked 
|  49|0x000000070f800000, 0x000000070f800000, 0x000000070fa00000|  0%| F|  |TAMS 0x000000070f800000, 0x000000070f800000| Untracked 
|  50|0x000000070fa00000, 0x000000070fa00000, 0x000000070fc00000|  0%| F|  |TAMS 0x000000070fa00000, 0x000000070fa00000| Untracked 
|  51|0x000000070fc00000, 0x000000070fc00000, 0x000000070fe00000|  0%| F|  |TAMS 0x000000070fc00000, 0x000000070fc00000| Untracked 
|  52|0x000000070fe00000, 0x000000070fe00000, 0x0000000710000000|  0%| F|  |TAMS 0x000000070fe00000, 0x000000070fe00000| Untracked 
|  53|0x0000000710000000, 0x0000000710000000, 0x0000000710200000|  0%| F|  |TAMS 0x0000000710000000, 0x0000000710000000| Untracked 
|  54|0x0000000710200000, 0x0000000710200000, 0x0000000710400000|  0%| F|  |TAMS 0x0000000710200000, 0x0000000710200000| Untracked 
|  55|0x0000000710400000, 0x0000000710400000, 0x0000000710600000|  0%| F|  |TAMS 0x0000000710400000, 0x0000000710400000| Untracked 
|  56|0x0000000710600000, 0x0000000710600000, 0x0000000710800000|  0%| F|  |TAMS 0x0000000710600000, 0x0000000710600000| Untracked 
|  57|0x0000000710800000, 0x0000000710800000, 0x0000000710a00000|  0%| F|  |TAMS 0x0000000710800000, 0x0000000710800000| Untracked 
|  58|0x0000000710a00000, 0x0000000710a00000, 0x0000000710c00000|  0%| F|  |TAMS 0x0000000710a00000, 0x0000000710a00000| Untracked 
|  59|0x0000000710c00000, 0x0000000710c00000, 0x0000000710e00000|  0%| F|  |TAMS 0x0000000710c00000, 0x0000000710c00000| Untracked 
|  60|0x0000000710e00000, 0x0000000710e00000, 0x0000000711000000|  0%| F|  |TAMS 0x0000000710e00000, 0x0000000710e00000| Untracked 
|  61|0x0000000711000000, 0x0000000711000000, 0x0000000711200000|  0%| F|  |TAMS 0x0000000711000000, 0x0000000711000000| Untracked 
|  62|0x0000000711200000, 0x0000000711200000, 0x0000000711400000|  0%| F|  |TAMS 0x0000000711200000, 0x0000000711200000| Untracked 
|  63|0x0000000711400000, 0x0000000711400000, 0x0000000711600000|  0%| F|  |TAMS 0x0000000711400000, 0x0000000711400000| Untracked 
|  64|0x0000000711600000, 0x0000000711600000, 0x0000000711800000|  0%| F|  |TAMS 0x0000000711600000, 0x0000000711600000| Untracked 
|  65|0x0000000711800000, 0x0000000711800000, 0x0000000711a00000|  0%| F|  |TAMS 0x0000000711800000, 0x0000000711800000| Untracked 
|  66|0x0000000711a00000, 0x0000000711a00000, 0x0000000711c00000|  0%| F|  |TAMS 0x0000000711a00000, 0x0000000711a00000| Untracked 
|  67|0x0000000711c00000, 0x0000000711c00000, 0x0000000711e00000|  0%| F|  |TAMS 0x0000000711c00000, 0x0000000711c00000| Untracked 
|  68|0x0000000711e00000, 0x0000000711e00000, 0x0000000712000000|  0%| F|  |TAMS 0x0000000711e00000, 0x0000000711e00000| Untracked 
|  69|0x0000000712000000, 0x0000000712000000, 0x0000000712200000|  0%| F|  |TAMS 0x0000000712000000, 0x0000000712000000| Untracked 
|  70|0x0000000712200000, 0x0000000712200000, 0x0000000712400000|  0%| F|  |TAMS 0x0000000712200000, 0x0000000712200000| Untracked 
|  71|0x0000000712400000, 0x0000000712400000, 0x0000000712600000|  0%| F|  |TAMS 0x0000000712400000, 0x0000000712400000| Untracked 
|  72|0x0000000712600000, 0x0000000712600000, 0x0000000712800000|  0%| F|  |TAMS 0x0000000712600000, 0x0000000712600000| Untracked 
|  73|0x0000000712800000, 0x0000000712800000, 0x0000000712a00000|  0%| F|  |TAMS 0x0000000712800000, 0x0000000712800000| Untracked 
|  74|0x0000000712a00000, 0x0000000712a00000, 0x0000000712c00000|  0%| F|  |TAMS 0x0000000712a00000, 0x0000000712a00000| Untracked 
|  75|0x0000000712c00000, 0x0000000712c00000, 0x0000000712e00000|  0%| F|  |TAMS 0x0000000712c00000, 0x0000000712c00000| Untracked 
|  76|0x0000000712e00000, 0x0000000712e00000, 0x0000000713000000|  0%| F|  |TAMS 0x0000000712e00000, 0x0000000712e00000| Untracked 
|  77|0x0000000713000000, 0x0000000713000000, 0x0000000713200000|  0%| F|  |TAMS 0x0000000713000000, 0x0000000713000000| Untracked 
|  78|0x0000000713200000, 0x0000000713200000, 0x0000000713400000|  0%| F|  |TAMS 0x0000000713200000, 0x0000000713200000| Untracked 
|  79|0x0000000713400000, 0x0000000713400000, 0x0000000713600000|  0%| F|  |TAMS 0x0000000713400000, 0x0000000713400000| Untracked 
|  80|0x0000000713600000, 0x0000000713600000, 0x0000000713800000|  0%| F|  |TAMS 0x0000000713600000, 0x0000000713600000| Untracked 
|  81|0x0000000713800000, 0x0000000713800000, 0x0000000713a00000|  0%| F|  |TAMS 0x0000000713800000, 0x0000000713800000| Untracked 
|  82|0x0000000713a00000, 0x0000000713a00000, 0x0000000713c00000|  0%| F|  |TAMS 0x0000000713a00000, 0x0000000713a00000| Untracked 
|  83|0x0000000713c00000, 0x0000000713c00000, 0x0000000713e00000|  0%| F|  |TAMS 0x0000000713c00000, 0x0000000713c00000| Untracked 
|  84|0x0000000713e00000, 0x0000000713e00000, 0x0000000714000000|  0%| F|  |TAMS 0x0000000713e00000, 0x0000000713e00000| Untracked 
|  85|0x0000000714000000, 0x0000000714000000, 0x0000000714200000|  0%| F|  |TAMS 0x0000000714000000, 0x0000000714000000| Untracked 
|  86|0x0000000714200000, 0x0000000714200000, 0x0000000714400000|  0%| F|  |TAMS 0x0000000714200000, 0x0000000714200000| Untracked 
|  87|0x0000000714400000, 0x0000000714400000, 0x0000000714600000|  0%| F|  |TAMS 0x0000000714400000, 0x0000000714400000| Untracked 
|  88|0x0000000714600000, 0x0000000714600000, 0x0000000714800000|  0%| F|  |TAMS 0x0000000714600000, 0x0000000714600000| Untracked 
|  89|0x0000000714800000, 0x0000000714800000, 0x0000000714a00000|  0%| F|  |TAMS 0x0000000714800000, 0x0000000714800000| Untracked 
|  90|0x0000000714a00000, 0x0000000714a00000, 0x0000000714c00000|  0%| F|  |TAMS 0x0000000714a00000, 0x0000000714a00000| Untracked 
|  91|0x0000000714c00000, 0x0000000714c00000, 0x0000000714e00000|  0%| F|  |TAMS 0x0000000714c00000, 0x0000000714c00000| Untracked 
|  92|0x0000000714e00000, 0x0000000714e00000, 0x0000000715000000|  0%| F|  |TAMS 0x0000000714e00000, 0x0000000714e00000| Untracked 
|  93|0x0000000715000000, 0x0000000715000000, 0x0000000715200000|  0%| F|  |TAMS 0x0000000715000000, 0x0000000715000000| Untracked 
|  94|0x0000000715200000, 0x0000000715200000, 0x0000000715400000|  0%| F|  |TAMS 0x0000000715200000, 0x0000000715200000| Untracked 
|  95|0x0000000715400000, 0x0000000715400000, 0x0000000715600000|  0%| F|  |TAMS 0x0000000715400000, 0x0000000715400000| Untracked 
|  96|0x0000000715600000, 0x0000000715600000, 0x0000000715800000|  0%| F|  |TAMS 0x0000000715600000, 0x0000000715600000| Untracked 
|  97|0x0000000715800000, 0x0000000715800000, 0x0000000715a00000|  0%| F|  |TAMS 0x0000000715800000, 0x0000000715800000| Untracked 
|  98|0x0000000715a00000, 0x0000000715a00000, 0x0000000715c00000|  0%| F|  |TAMS 0x0000000715a00000, 0x0000000715a00000| Untracked 
|  99|0x0000000715c00000, 0x0000000715c00000, 0x0000000715e00000|  0%| F|  |TAMS 0x0000000715c00000, 0x0000000715c00000| Untracked 
| 100|0x0000000715e00000, 0x0000000715e00000, 0x0000000716000000|  0%| F|  |TAMS 0x0000000715e00000, 0x0000000715e00000| Untracked 
| 101|0x0000000716000000, 0x0000000716000000, 0x0000000716200000|  0%| F|  |TAMS 0x0000000716000000, 0x0000000716000000| Untracked 
| 102|0x0000000716200000, 0x0000000716200000, 0x0000000716400000|  0%| F|  |TAMS 0x0000000716200000, 0x0000000716200000| Untracked 
| 103|0x0000000716400000, 0x0000000716400000, 0x0000000716600000|  0%| F|  |TAMS 0x0000000716400000, 0x0000000716400000| Untracked 
| 104|0x0000000716600000, 0x0000000716600000, 0x0000000716800000|  0%| F|  |TAMS 0x0000000716600000, 0x0000000716600000| Untracked 
| 105|0x0000000716800000, 0x0000000716800000, 0x0000000716a00000|  0%| F|  |TAMS 0x0000000716800000, 0x0000000716800000| Untracked 
| 106|0x0000000716a00000, 0x0000000716a00000, 0x0000000716c00000|  0%| F|  |TAMS 0x0000000716a00000, 0x0000000716a00000| Untracked 
| 107|0x0000000716c00000, 0x0000000716c00000, 0x0000000716e00000|  0%| F|  |TAMS 0x0000000716c00000, 0x0000000716c00000| Untracked 
| 108|0x0000000716e00000, 0x0000000716e00000, 0x0000000717000000|  0%| F|  |TAMS 0x0000000716e00000, 0x0000000716e00000| Untracked 
| 109|0x0000000717000000, 0x0000000717000000, 0x0000000717200000|  0%| F|  |TAMS 0x0000000717000000, 0x0000000717000000| Untracked 
| 110|0x0000000717200000, 0x0000000717200000, 0x0000000717400000|  0%| F|  |TAMS 0x0000000717200000, 0x0000000717200000| Untracked 
| 111|0x0000000717400000, 0x0000000717600000, 0x0000000717600000|100%| S|CS|TAMS 0x0000000717400000, 0x0000000717400000| Complete 
| 112|0x0000000717600000, 0x0000000717800000, 0x0000000717800000|100%| S|CS|TAMS 0x0000000717600000, 0x0000000717600000| Complete 
| 113|0x0000000717800000, 0x0000000717800000, 0x0000000717a00000|  0%| F|  |TAMS 0x0000000717800000, 0x0000000717800000| Untracked 
| 114|0x0000000717a00000, 0x0000000717a00000, 0x0000000717c00000|  0%| F|  |TAMS 0x0000000717a00000, 0x0000000717a00000| Untracked 
| 115|0x0000000717c00000, 0x0000000717c00000, 0x0000000717e00000|  0%| F|  |TAMS 0x0000000717c00000, 0x0000000717c00000| Untracked 
| 116|0x0000000717e00000, 0x0000000717e00000, 0x0000000718000000|  0%| F|  |TAMS 0x0000000717e00000, 0x0000000717e00000| Untracked 
| 117|0x0000000718000000, 0x0000000718000000, 0x0000000718200000|  0%| F|  |TAMS 0x0000000718000000, 0x0000000718000000| Untracked 
| 118|0x0000000718200000, 0x0000000718200000, 0x0000000718400000|  0%| F|  |TAMS 0x0000000718200000, 0x0000000718200000| Untracked 
| 119|0x0000000718400000, 0x0000000718400000, 0x0000000718600000|  0%| F|  |TAMS 0x0000000718400000, 0x0000000718400000| Untracked 
| 120|0x0000000718600000, 0x0000000718600000, 0x0000000718800000|  0%| F|  |TAMS 0x0000000718600000, 0x0000000718600000| Untracked 
| 121|0x0000000718800000, 0x0000000718800000, 0x0000000718a00000|  0%| F|  |TAMS 0x0000000718800000, 0x0000000718800000| Untracked 
| 122|0x0000000718a00000, 0x0000000718c00000, 0x0000000718c00000|100%| E|  |TAMS 0x0000000718a00000, 0x0000000718a00000| Complete 
| 123|0x0000000718c00000, 0x0000000718e00000, 0x0000000718e00000|100%| E|CS|TAMS 0x0000000718c00000, 0x0000000718c00000| Complete 

Card table byte_map: [0x0000027231490000,0x0000027231c50000] _byte_map_base: 0x000002722dc45000

Marking Bits (Prev, Next): (CMBitMap*) 0x0000027217a979b0, (CMBitMap*) 0x0000027217a979f0
 Prev Bits: [0x0000027232410000, 0x00000272361b8000)
 Next Bits: [0x00000272361c0000, 0x0000027239f68000)

Polling page: 0x0000027217b10000

Metaspace:

Usage:
  Non-class:      6.02 MB used.
      Class:    752.12 KB used.
       Both:      6.75 MB used.

Virtual space:
  Non-class space:        8.00 MB reserved,       6.12 MB ( 77%) committed,  1 nodes.
      Class space:        1.00 GB reserved,     832.00 KB ( <1%) committed,  1 nodes.
             Both:        1.01 GB reserved,       6.94 MB ( <1%) committed. 

Chunk freelists:
   Non-Class:  1.89 MB
       Class:  3.22 MB
        Both:  5.12 MB

MaxMetaspaceSize: unlimited
CompressedClassSpaceSize: 1.00 GB
Initial GC threshold: 21.00 MB
Current GC threshold: 21.00 MB
CDS: on
MetaspaceReclaimPolicy: balanced
 - commit_granule_bytes: 65536.
 - commit_granule_words: 8192.
 - virtual_space_node_default_size: 1048576.
 - enlarge_chunks_in_place: 1.
 - new_chunks_are_fully_committed: 0.
 - uncommit_free_chunks: 1.
 - use_allocation_guard: 0.
 - handle_deallocations: 1.


Internal statistics:

num_allocs_failed_limit: 0.
num_arena_births: 128.
num_arena_deaths: 0.
num_vsnodes_births: 2.
num_vsnodes_deaths: 0.
num_space_committed: 111.
num_space_uncommitted: 0.
num_chunks_returned_to_freelist: 0.
num_chunks_taken_from_freelist: 177.
num_chunk_merges: 0.
num_chunk_splits: 106.
num_chunks_enlarged: 52.
num_purges: 0.
num_inconsistent_stats: 0.

CodeHeap 'non-profiled nmethods': size=119168Kb used=446Kb max_used=446Kb free=118721Kb
 bounds [0x0000027228890000, 0x0000027228b00000, 0x000002722fcf0000]
CodeHeap 'profiled nmethods': size=119104Kb used=1489Kb max_used=1489Kb free=117614Kb
 bounds [0x0000027221440000, 0x00000272216b0000, 0x0000027228890000]
CodeHeap 'non-nmethods': size=7488Kb used=1820Kb max_used=1851Kb free=5667Kb
 bounds [0x0000027220cf0000, 0x0000027220f60000, 0x0000027221440000]
 total_blobs=1674 nmethods=1094 adapters=492
 compilation: enabled
              stopped_count=0, restarted_count=0
 full_count=0

Compilation events (20 events):
Event: 0.944 Thread 0x000002723dd3a5e0 1075  s    3       sun.java2d.d3d.D3DRenderQueue::getInstance (33 bytes)
Event: 0.945 Thread 0x000002723d00e6b0 nmethod 1073 0x00000272215b0910 code [0x00000272215b0b00, 0x00000272215b1208]
Event: 0.945 Thread 0x000002723d00e6b0 1076       3       java.lang.ref.Reference::clear (5 bytes)
Event: 0.945 Thread 0x000002723d00e6b0 nmethod 1076 0x00000272215b1410 code [0x00000272215b15a0, 0x00000272215b16e8]
Event: 0.945 Thread 0x000002723dd3a5e0 nmethod 1075 0x00000272215b1790 code [0x00000272215b19e0, 0x00000272215b2558]
Event: 0.947 Thread 0x000002723e602e60 nmethod 1066% 0x00000272288f8490 code [0x00000272288f8620, 0x00000272288f8a58]
Event: 0.948 Thread 0x000002723e604890 nmethod 1069 0x00000272288f8c90 code [0x00000272288f8e60, 0x00000272288f9358]
Event: 0.950 Thread 0x000002723dd3a5e0 1078       1       summit.game.entity.Entity::inWater (5 bytes)
Event: 0.950 Thread 0x000002723d00e6b0 1079       1       summit.game.GameUpdateEvent::getDeltaTime (5 bytes)
Event: 0.950 Thread 0x000002723d00e6b0 nmethod 1079 0x00000272288f9790 code [0x00000272288f9920, 0x00000272288f99f8]
Event: 0.950 Thread 0x000002723dd3a5e0 nmethod 1078 0x00000272288f9a90 code [0x00000272288f9c20, 0x00000272288f9cf8]
Event: 0.956 Thread 0x000002723e660c90 1080       4       summit.gfx.Renderer::rotate (62 bytes)
Event: 0.956 Thread 0x000002723e604890 1081       4       summit.gfx.BufferedSprites::getSprite (11 bytes)
Event: 0.959 Thread 0x000002723dd3a5e0 1082       3       summit.gfx.PaintEvent::renderLater (10 bytes)
Event: 0.960 Thread 0x000002723dd3a5e0 nmethod 1082 0x00000272215b2910 code [0x00000272215b2b00, 0x00000272215b3188]
Event: 0.963 Thread 0x000002723e604890 nmethod 1081 0x00000272288f9d90 code [0x00000272288f9f40, 0x00000272288fa618]
Event: 0.968 Thread 0x000002723e660c90 nmethod 1080 0x00000272288fab10 code [0x00000272288faca0, 0x00000272288fb218]
Event: 0.970 Thread 0x000002723e604380 nmethod 1062 0x00000272288fb510 code [0x00000272288fb720, 0x00000272288fd028]
Event: 0.971 Thread 0x000002723d00e6b0 1083       3       java.awt.Component::getForeground (29 bytes)
Event: 0.971 Thread 0x000002723dd3a5e0 1084       3       java.awt.Component::getBackground (29 bytes)

GC Heap History (2 events):
Event: 0.941 GC heap before
{Heap before GC invocations=0 (full 0):
 garbage-first heap   total 253952K, used 26624K [0x0000000709600000, 0x0000000800000000)
  region size 2048K, 11 young (22528K), 0 survivors (0K)
 Metaspace       used 6908K, committed 7104K, reserved 1056768K
  class space    used 752K, committed 832K, reserved 1048576K
}
Event: 0.944 GC heap after
{Heap after GC invocations=1 (full 0):
 garbage-first heap   total 253952K, used 10421K [0x0000000709600000, 0x0000000800000000)
  region size 2048K, 2 young (4096K), 2 survivors (4096K)
 Metaspace       used 6908K, committed 7104K, reserved 1056768K
  class space    used 752K, committed 832K, reserved 1048576K
}

Deoptimization events (20 events):
Event: 0.946 Thread 0x000002723e61e890 DEOPT PACKING pc=0x00000272215ad8a2 sp=0x000000bd331ff4b0
Event: 0.946 Thread 0x000002723e61e890 DEOPT UNPACKING pc=0x0000027220d42b43 sp=0x000000bd331fe958 mode 0
Event: 0.946 Thread 0x000002723e61e890 DEOPT PACKING pc=0x00000272215ad8a2 sp=0x000000bd331ff4b0
Event: 0.946 Thread 0x000002723e61e890 DEOPT UNPACKING pc=0x0000027220d42b43 sp=0x000000bd331fe958 mode 0
Event: 0.947 Thread 0x000002723e61e890 DEOPT PACKING pc=0x00000272215ad8a2 sp=0x000000bd331ff4b0
Event: 0.947 Thread 0x000002723e61e890 DEOPT UNPACKING pc=0x0000027220d42b43 sp=0x000000bd331fe958 mode 0
Event: 0.947 Thread 0x000002723e61e890 DEOPT PACKING pc=0x00000272215ad8a2 sp=0x000000bd331ff4b0
Event: 0.947 Thread 0x000002723e61e890 DEOPT UNPACKING pc=0x0000027220d42b43 sp=0x000000bd331fe958 mode 0
Event: 0.947 Thread 0x000002723e61e890 DEOPT PACKING pc=0x00000272215ad8a2 sp=0x000000bd331ff4b0
Event: 0.947 Thread 0x000002723e61e890 DEOPT UNPACKING pc=0x0000027220d42b43 sp=0x000000bd331fe958 mode 0
Event: 0.947 Thread 0x000002723e61e890 DEOPT PACKING pc=0x00000272215ad8a2 sp=0x000000bd331ff4b0
Event: 0.947 Thread 0x000002723e61e890 DEOPT UNPACKING pc=0x0000027220d42b43 sp=0x000000bd331fe958 mode 0
Event: 0.947 Thread 0x000002723e61e890 DEOPT PACKING pc=0x00000272215ad8a2 sp=0x000000bd331ff4b0
Event: 0.947 Thread 0x000002723e61e890 DEOPT UNPACKING pc=0x0000027220d42b43 sp=0x000000bd331fe958 mode 0
Event: 0.948 Thread 0x000002723e61e890 DEOPT PACKING pc=0x00000272215ad8a2 sp=0x000000bd331ff4b0
Event: 0.948 Thread 0x000002723e61e890 DEOPT UNPACKING pc=0x0000027220d42b43 sp=0x000000bd331fe958 mode 0
Event: 0.956 Thread 0x000002723e61e890 DEOPT PACKING pc=0x00000272215af01d sp=0x000000bd331ff1e0
Event: 0.956 Thread 0x000002723e61e890 DEOPT UNPACKING pc=0x0000027220d42b43 sp=0x000000bd331fe670 mode 0
Event: 0.962 Thread 0x000002723e61e890 DEOPT PACKING pc=0x00000272215af01d sp=0x000000bd331ff1e0
Event: 0.962 Thread 0x000002723e61e890 DEOPT UNPACKING pc=0x0000027220d42b43 sp=0x000000bd331fe670 mode 0

Classes unloaded (0 events):
No events

Classes redefined (0 events):
No events

Internal exceptions (13 events):
Event: 0.052 Thread 0x000002723dd67f30 Exception <a 'java/lang/ClassNotFoundException'{0x0000000718a2b280}: sun/awt/resources/spi/awtProvider> (0x0000000718a2b280) 
thrown [s\src\hotspot\share\classfile\systemDictionary.cpp, line 256]
Event: 0.071 Thread 0x000002723dd67f30 Exception <a 'java/io/FileNotFoundException'{0x0000000718af4da8}> (0x0000000718af4da8) 
thrown [s\src\hotspot\share\prims\jni.cpp, line 516]
Event: 0.076 Thread 0x000002723dd67f30 Exception <a 'java/io/FileNotFoundException'{0x0000000718b21d00}> (0x0000000718b21d00) 
thrown [s\src\hotspot\share\prims\jni.cpp, line 516]
Event: 0.090 Thread 0x000002723dd67f30 Exception <a 'java/lang/NoSuchMethodError'{0x0000000718b574d0}: 'java.lang.Object java.lang.invoke.DirectMethodHandle$Holder.invokeStaticInit(java.lang.Object)'> (0x0000000718b574d0) 
thrown [s\src\hotspot\share\interpreter\linkResolver.cpp, line 759]
Event: 0.235 Thread 0x000002723dd67f30 Exception <a 'java/lang/NoSuchMethodError'{0x00000007186be208}: 'void java.lang.invoke.DirectMethodHandle$Holder.invokeSpecial(java.lang.Object, java.lang.Object, java.lang.Object)'> (0x00000007186be208) 
thrown [s\src\hotspot\share\interpreter\linkResolver.cpp, line 759]
Event: 0.241 Thread 0x000002723dd67f30 Exception <a 'java/lang/NoSuchMethodError'{0x00000007186e86f8}: 'java.lang.Object java.lang.invoke.DirectMethodHandle$Holder.newInvokeSpecial(java.lang.Object, java.lang.Object, java.lang.Object, java.lang.Object, java.lang.Object)'> (0x00000007186e86f8) 
thrown [s\src\hotspot\share\interpreter\linkResolver.cpp, line 759]
Event: 0.242 Thread 0x000002723dd67f30 Exception <a 'java/lang/NoSuchMethodError'{0x00000007186f40c0}: 'java.lang.Object java.lang.invoke.DirectMethodHandle$Holder.invokeStatic(java.lang.Object, int, java.lang.Object, java.lang.Object, java.lang.Object, java.lang.Object)'> (0x00000007186f40c0) 
thrown [s\src\hotspot\share\interpreter\linkResolver.cpp, line 759]
Event: 0.245 Thread 0x000002723dd67f30 Exception <a 'java/lang/NoSuchMethodError'{0x00000007187197e0}: 'java.lang.Object java.lang.invoke.DirectMethodHandle$Holder.invokeStatic(java.lang.Object, int, java.lang.Object)'> (0x00000007187197e0) 
thrown [s\src\hotspot\share\interpreter\linkResolver.cpp, line 759]
Event: 0.264 Thread 0x000002723dd67f30 Exception <a 'java/lang/ClassNotFoundException'{0x00000007187d1680}: com/sun/swing/internal/plaf/metal/resources/spi/metalProvider> (0x00000007187d1680) 
thrown [s\src\hotspot\share\classfile\systemDictionary.cpp, line 256]
Event: 0.264 Thread 0x000002723dd67f30 Exception <a 'java/lang/ClassNotFoundException'{0x00000007187d5508}: com/sun/swing/internal/plaf/basic/resources/spi/basicProvider> (0x00000007187d5508) 
thrown [s\src\hotspot\share\classfile\systemDictionary.cpp, line 256]
Event: 0.276 Thread 0x000002723df6dcc0 Exception <a 'java/lang/NoSuchMethodError'{0x00000007189d4a78}: 'void java.lang.invoke.DirectMethodHandle$Holder.invokeVirtual(java.lang.Object, java.lang.Object)'> (0x00000007189d4a78) 
thrown [s\src\hotspot\share\interpreter\linkResolver.cpp, line 759]
Event: 0.287 Thread 0x000002723dd67f30 Exception <a 'java/lang/NoSuchMethodError'{0x0000000718484908}: 'void java.lang.invoke.DirectMethodHandle$Holder.invokeStaticInit(java.lang.Object)'> (0x0000000718484908) 
thrown [s\src\hotspot\share\interpreter\linkResolver.cpp, line 759]
Event: 0.873 Thread 0x000002723e5d92c0 Implicit null exception at 0x00000272288e2756 to 0x00000272288e2854

VM Operations (16 events):
Event: 0.038 Executing VM operation: HandshakeAllThreads
Event: 0.038 Executing VM operation: HandshakeAllThreads done
Event: 0.263 Executing VM operation: HandshakeAllThreads
Event: 0.263 Executing VM operation: HandshakeAllThreads done
Event: 0.305 Executing VM operation: HandshakeAllThreads
Event: 0.305 Executing VM operation: HandshakeAllThreads done
Event: 0.333 Executing VM operation: HandshakeAllThreads
Event: 0.333 Executing VM operation: HandshakeAllThreads done
Event: 0.856 Executing VM operation: HandshakeAllThreads
Event: 0.856 Executing VM operation: HandshakeAllThreads done
Event: 0.882 Executing VM operation: HandshakeAllThreads
Event: 0.882 Executing VM operation: HandshakeAllThreads done
Event: 0.884 Executing VM operation: HandshakeAllThreads
Event: 0.884 Executing VM operation: HandshakeAllThreads done
Event: 0.941 Executing VM operation: G1CollectForAllocation
Event: 0.944 Executing VM operation: G1CollectForAllocation done

Events (20 events):
Event: 0.356 loading class javax/swing/text/JTextComponent
Event: 0.356 loading class javax/swing/Scrollable
Event: 0.356 loading class javax/swing/Scrollable done
Event: 0.356 loading class javax/swing/text/JTextComponent done
Event: 0.357 loading class java/awt/event/MouseWheelEvent
Event: 0.357 loading class java/awt/event/MouseWheelEvent done
Event: 0.377 loading class sun/awt/image/BufImgSurfaceManager
Event: 0.377 loading class sun/awt/image/BufImgSurfaceManager done
Event: 0.377 loading class sun/awt/image/BufImgSurfaceData
Event: 0.378 loading class sun/awt/image/BufImgSurfaceData done
Event: 0.378 loading class sun/awt/image/BufImgSurfaceData$ICMColorData
Event: 0.378 loading class sun/awt/image/BufImgSurfaceData$ICMColorData done
Event: 0.690 Thread 0x000002723df3ac80 Thread exited: 0x000002723df3ac80
Event: 0.853 loading class java/lang/Math$RandomNumberGeneratorHolder
Event: 0.853 loading class java/lang/Math$RandomNumberGeneratorHolder done
Event: 0.868 Thread 0x000002723e660c90 Thread added: 0x000002723e660c90
Event: 0.868 Thread 0x000002723e602e60 Thread added: 0x000002723e602e60
Event: 0.868 Thread 0x000002723e604380 Thread added: 0x000002723e604380
Event: 0.868 Thread 0x000002723e604890 Thread added: 0x000002723e604890
Event: 0.887 Thread 0x000002723e633ec0 Thread added: 0x000002723e633ec0


Dynamic libraries:
0x00007ff796dc0000 - 0x00007ff796dce000 	C:\Users\aadiu\AppData\Local\Programs\Eclipse Adoptium\jdk-17.0.4.101-hotspot\bin\java.exe
0x00007ffb36970000 - 0x00007ffb36b68000 	C:\Windows\SYSTEM32\ntdll.dll
0x00007ffb352a0000 - 0x00007ffb3535f000 	C:\Windows\System32\KERNEL32.DLL
0x00007ffb34310000 - 0x00007ffb345e2000 	C:\Windows\System32\KERNELBASE.dll
0x00007ffb34110000 - 0x00007ffb34210000 	C:\Windows\System32\ucrtbase.dll
0x00007ffb31af0000 - 0x00007ffb31b08000 	C:\Users\aadiu\AppData\Local\Programs\Eclipse Adoptium\jdk-17.0.4.101-hotspot\bin\jli.dll
0x00007ffb26d60000 - 0x00007ffb26d79000 	C:\Users\aadiu\AppData\Local\Programs\Eclipse Adoptium\jdk-17.0.4.101-hotspot\bin\VCRUNTIME140.dll
0x00007ffb35530000 - 0x00007ffb356cd000 	C:\Windows\System32\USER32.dll
0x00007ffb20b10000 - 0x00007ffb20daa000 	C:\Windows\WinSxS\amd64_microsoft.windows.common-controls_6595b64144ccf1df_6.0.19041.1110_none_60b5254171f9507e\COMCTL32.dll
0x00007ffb34720000 - 0x00007ffb34742000 	C:\Windows\System32\win32u.dll
0x00007ffb35f00000 - 0x00007ffb35f9e000 	C:\Windows\System32\msvcrt.dll
0x00007ffb35fa0000 - 0x00007ffb35fcb000 	C:\Windows\System32\GDI32.dll
0x00007ffb34750000 - 0x00007ffb3485f000 	C:\Windows\System32\gdi32full.dll
0x00007ffb345f0000 - 0x00007ffb3468d000 	C:\Windows\System32\msvcp_win.dll
0x00007ffb356f0000 - 0x00007ffb35722000 	C:\Windows\System32\IMM32.DLL
0x00007ffb31e90000 - 0x00007ffb31e9c000 	C:\Users\aadiu\AppData\Local\Programs\Eclipse Adoptium\jdk-17.0.4.101-hotspot\bin\vcruntime140_1.dll
0x00007ffb153c0000 - 0x00007ffb15451000 	C:\Users\aadiu\AppData\Local\Programs\Eclipse Adoptium\jdk-17.0.4.101-hotspot\bin\msvcp140.dll
0x00007ffabaac0000 - 0x00007ffabb706000 	C:\Users\aadiu\AppData\Local\Programs\Eclipse Adoptium\jdk-17.0.4.101-hotspot\bin\server\jvm.dll
0x00007ffb34ec0000 - 0x00007ffb34f6e000 	C:\Windows\System32\ADVAPI32.dll
0x00007ffb35e60000 - 0x00007ffb35efc000 	C:\Windows\System32\sechost.dll
0x00007ffb35ba0000 - 0x00007ffb35cc5000 	C:\Windows\System32\RPCRT4.dll
0x00007ffb34eb0000 - 0x00007ffb34eb8000 	C:\Windows\System32\PSAPI.DLL
0x00007ffb1d990000 - 0x00007ffb1d999000 	C:\Windows\SYSTEM32\WSOCK32.dll
0x00007ffb31d40000 - 0x00007ffb31d67000 	C:\Windows\SYSTEM32\WINMM.dll
0x00007ffb2d720000 - 0x00007ffb2d72a000 	C:\Windows\SYSTEM32\VERSION.dll
0x00007ffb35160000 - 0x00007ffb351cb000 	C:\Windows\System32\WS2_32.dll
0x00007ffb31fa0000 - 0x00007ffb31fb2000 	C:\Windows\SYSTEM32\kernel.appcore.dll
0x00007ffb2a2a0000 - 0x00007ffb2a2aa000 	C:\Users\aadiu\AppData\Local\Programs\Eclipse Adoptium\jdk-17.0.4.101-hotspot\bin\jimage.dll
0x00007ffb31b50000 - 0x00007ffb31d34000 	C:\Windows\SYSTEM32\DBGHELP.DLL
0x00007ffb31b20000 - 0x00007ffb31b4c000 	C:\Windows\SYSTEM32\dbgcore.DLL
0x00007ffb34690000 - 0x00007ffb34712000 	C:\Windows\System32\bcryptPrimitives.dll
0x00007ffb24f60000 - 0x00007ffb24f85000 	C:\Users\aadiu\AppData\Local\Programs\Eclipse Adoptium\jdk-17.0.4.101-hotspot\bin\java.dll
0x00007ffafa3c0000 - 0x00007ffafa496000 	C:\Users\aadiu\AppData\Local\Programs\Eclipse Adoptium\jdk-17.0.4.101-hotspot\bin\jsvml.dll
0x00007ffb35fd0000 - 0x00007ffb36713000 	C:\Windows\System32\SHELL32.dll
0x00007ffb32130000 - 0x00007ffb328c2000 	C:\Windows\SYSTEM32\windows.storage.dll
0x00007ffb34ad0000 - 0x00007ffb34e24000 	C:\Windows\System32\combase.dll
0x00007ffb33a60000 - 0x00007ffb33a90000 	C:\Windows\SYSTEM32\Wldp.dll
0x00007ffb349c0000 - 0x00007ffb34a6d000 	C:\Windows\System32\SHCORE.dll
0x00007ffb35020000 - 0x00007ffb35075000 	C:\Windows\System32\shlwapi.dll
0x00007ffb33fb0000 - 0x00007ffb33fcf000 	C:\Windows\SYSTEM32\profapi.dll
0x00007ffaf7000000 - 0x00007ffaf718e000 	C:\Users\aadiu\AppData\Local\Programs\Eclipse Adoptium\jdk-17.0.4.101-hotspot\bin\awt.dll
0x00007ffb351d0000 - 0x00007ffb3529d000 	C:\Windows\System32\OLEAUT32.dll
0x00007ffb31300000 - 0x00007ffb31391000 	C:\Windows\SYSTEM32\apphelp.dll
0x00007ffb1cbe0000 - 0x00007ffb1cbf8000 	C:\Users\aadiu\AppData\Local\Programs\Eclipse Adoptium\jdk-17.0.4.101-hotspot\bin\zip.dll
0x00007ffb31410000 - 0x00007ffb314ae000 	C:\Windows\system32\uxtheme.dll
0x00007ffb353f0000 - 0x00007ffb35505000 	C:\Windows\System32\MSCTF.dll
0x00007ffb35cd0000 - 0x00007ffb35dfa000 	C:\Windows\System32\ole32.dll
0x00007ffb31590000 - 0x00007ffb315bf000 	C:\Windows\system32\DWMAPI.DLL
0x00007ffadadb0000 - 0x00007ffadaed5000 	C:\Windows\system32\opengl32.dll
0x00007ffada100000 - 0x00007ffada12c000 	C:\Windows\SYSTEM32\GLU32.dll
0x00007ffb269b0000 - 0x00007ffb26b7f000 	C:\Windows\system32\d3d9.dll
0x00007ffb28d70000 - 0x00007ffb28f28000 	C:\Windows\System32\DriverStore\FileRepository\u0370468.inf_amd64_5e4260b11257b6e9\B370372\aticfx64.dll
0x00007ffb16030000 - 0x00007ffb16064000 	C:\Windows\System32\DriverStore\FileRepository\u0370468.inf_amd64_5e4260b11257b6e9\B370372\atiu9p64.dll
0x00007ffab93e0000 - 0x00007ffaba134000 	C:\Windows\System32\DriverStore\FileRepository\u0370468.inf_amd64_5e4260b11257b6e9\B370372\atiumd64.dll
0x000000006c4b0000 - 0x000000006d324000 	C:\Windows\System32\DriverStore\FileRepository\u0370468.inf_amd64_5e4260b11257b6e9\B370372\atiumd6a.dll
0x00007ffb35730000 - 0x00007ffb35b98000 	C:\Windows\System32\SETUPAPI.dll
0x00007ffb34210000 - 0x00007ffb3425e000 	C:\Windows\System32\cfgmgr32.dll
0x00007ffb34070000 - 0x00007ffb34097000 	C:\Windows\System32\bcrypt.dll
0x00007ffb33e30000 - 0x00007ffb33e7b000 	C:\Windows\SYSTEM32\POWRPROF.dll
0x00007ffb33e10000 - 0x00007ffb33e22000 	C:\Windows\SYSTEM32\UMPDC.dll
0x00007ffb29180000 - 0x00007ffb291b0000 	C:\Windows\SYSTEM32\amdihk64.dll
0x00007ffb29960000 - 0x00007ffb2999b000 	C:\Windows\SYSTEM32\dxcore.dll
0x00007ffb0af40000 - 0x00007ffb0afc6000 	C:\Users\aadiu\AppData\Local\Programs\Eclipse Adoptium\jdk-17.0.4.101-hotspot\bin\freetype.dll
0x00007ffafa310000 - 0x00007ffafa3b8000 	C:\Users\aadiu\AppData\Local\Programs\Eclipse Adoptium\jdk-17.0.4.101-hotspot\bin\fontmanager.dll
0x00007ffb28f30000 - 0x00007ffb29029000 	C:\Windows\SYSTEM32\textinputframework.dll
0x00007ffb30e70000 - 0x00007ffb311ce000 	C:\Windows\System32\CoreUIComponents.dll
0x00007ffb309d0000 - 0x00007ffb30ac2000 	C:\Windows\System32\CoreMessaging.dll
0x00007ffb33190000 - 0x00007ffb331c3000 	C:\Windows\SYSTEM32\ntmarta.dll
0x00007ffb30200000 - 0x00007ffb30354000 	C:\Windows\SYSTEM32\wintypes.dll

dbghelp: loaded successfully - version: 4.0.5 - missing functions: none
symbol engine: initialized successfully - sym options: 0x614 - pdb path: .;C:\Users\aadiu\AppData\Local\Programs\Eclipse Adoptium\jdk-17.0.4.101-hotspot\bin;C:\Windows\SYSTEM32;C:\Windows\WinSxS\amd64_microsoft.windows.common-controls_6595b64144ccf1df_6.0.19041.1110_none_60b5254171f9507e;C:\Users\aadiu\AppData\Local\Programs\Eclipse Adoptium\jdk-17.0.4.101-hotspot\bin\server;C:\Windows\System32\DriverStore\FileRepository\u0370468.inf_amd64_5e4260b11257b6e9\B370372

VM Arguments:
jvm_args: -XX:+ShowCodeDetailsInExceptionMessages 
java_command: summit.Main
java_class_path (initial): C:\Users\aadiu\AppData\Roaming\Code\User\workspaceStorage\1c2e286de9ea8afffefde57d2c4cc9eb\redhat.java\jdt_ws\Summit_aca78153\bin
Launcher Type: SUN_STANDARD

[Global flags]
     intx CICompilerCount                          = 12                                        {product} {ergonomic}
     uint ConcGCThreads                            = 3                                         {product} {ergonomic}
     uint G1ConcRefinementThreads                  = 13                                        {product} {ergonomic}
   size_t G1HeapRegionSize                         = 2097152                                   {product} {ergonomic}
    uintx GCDrainStackTargetSize                   = 64                                        {product} {ergonomic}
   size_t InitialHeapSize                          = 260046848                                 {product} {ergonomic}
   size_t MarkStackSize                            = 4194304                                   {product} {ergonomic}
   size_t MaxHeapSize                              = 4137680896                                {product} {ergonomic}
   size_t MaxNewSize                               = 2480930816                                {product} {ergonomic}
   size_t MinHeapDeltaBytes                        = 2097152                                   {product} {ergonomic}
   size_t MinHeapSize                              = 8388608                                   {product} {ergonomic}
    uintx NonNMethodCodeHeapSize                   = 7602480                                {pd product} {ergonomic}
    uintx NonProfiledCodeHeapSize                  = 122027880                              {pd product} {ergonomic}
    uintx ProfiledCodeHeapSize                     = 122027880                              {pd product} {ergonomic}
    uintx ReservedCodeCacheSize                    = 251658240                              {pd product} {ergonomic}
     bool SegmentedCodeCache                       = true                                      {product} {ergonomic}
     bool ShowCodeDetailsInExceptionMessages       = true                                   {manageable} {command line}
   size_t SoftMaxHeapSize                          = 4137680896                             {manageable} {ergonomic}
     bool UseCompressedClassPointers               = true                           {product lp64_product} {ergonomic}
     bool UseCompressedOops                        = true                           {product lp64_product} {ergonomic}
     bool UseG1GC                                  = true                                      {product} {ergonomic}
     bool UseLargePagesIndividualAllocation        = false                                  {pd product} {ergonomic}

Logging:
Log output configuration:
 #0: stdout all=warning uptime,level,tags
 #1: stderr all=off uptime,level,tags

Environment Variables:
JAVA_HOME=C:\Users\aadiu\AppData\Local\Programs\Eclipse Adoptium\jdk-17.0.4.101-hotspot\
PATH=C:\Program Files (x86)\Razer Chroma SDK\bin;C:\Program Files\Razer Chroma SDK\bin;C:\Program Files (x86)\Razer\ChromaBroadcast\bin;C:\Program Files\Razer\ChromaBroadcast\bin;C:\Program Files (x86)\Common Files\Oracle\Java\javapath;C:\Program Files\Python38\Scripts\;C:\Program Files\Python38\;C:\Windows\system32;C:\Windows;C:\Windows\System32\Wbem;C:\Windows\System32\WindowsPowerShell\v1.0\;C:\Windows\System32\OpenSSH\;C:\Program Files (x86)\NVIDIA Corporation\PhysX\Common;C:\Program Files\NVIDIA Corporation\NVIDIA NvDLISR;C:\Users\aadiu\AppData\Local\Microsoft\WindowsApps;C:\Users\aadiu\AppData\Local\Programs\Microsoft VS Code\bin;C:\Windows\system32\config\systemprofile\AppData\Local\Microsoft\WindowsApps;C:\Program Files\dotnet\;C:\Program Files\Git\cmd;C:\MinGW\bin\;C:\Program Files (x86)\Windows Kits\10\Windows Performance Toolkit\;C:\Users\aadiu\AppData\Local\Programs\Eclipse Adoptium\jdk-17.0.4.101-hotspot\bin;C:\Users\aadiu\AppData\Local\Microsoft\WindowsApps;C:\Users\aadiu\AppData\Local\Programs\Microsoft VS Code\bin;C:\Users\aadiu\AppData\Local\GitHubDesktop\bin
USERNAME=aadiu
LANG=en_US.UTF-8
OS=Windows_NT
PROCESSOR_IDENTIFIER=AMD64 Family 25 Model 80 Stepping 0, AuthenticAMD
TMP=C:\Users\aadiu\AppData\Local\Temp
TEMP=C:\Users\aadiu\AppData\Local\Temp



---------------  S Y S T E M  ---------------

OS:
 Windows 10 , 64 bit Build 19041 (10.0.19041.2251)
OS uptime: 2 days 7:42 hours

CPU: total 16 (initial active 16) (16 cores per cpu, 2 threads per core) family 25 model 80 stepping 0 microcode 0x0, cx8, cmov, fxsr, ht, mmx, 3dnowpref, sse, sse2, sse3, ssse3, sse4a, sse4.1, sse4.2, popcnt, lzcnt, tsc, tscinvbit, avx, avx2, aes, erms, clmul, bmi1, bmi2, adx, sha, fma, vzeroupper, clflush, clflushopt

Memory: 4k page, system-wide physical 15776M (8077M free)
TotalPageFile size 20128M (AvailPageFile size 9328M)
current process WorkingSet (physical memory assigned to process): 121M, peak: 122M
current process commit charge ("private bytes"): 429M, peak: 430M

vm_info: OpenJDK 64-Bit Server VM (17.0.4.1+1) for windows-amd64 JRE (17.0.4.1+1), built on Aug 17 2022 07:42:43 by "temurin" with MS VC++ 16.7 (VS2019)

END.
