#
# A fatal error has been detected by the Java Runtime Environment:
#
#  EXCEPTION_ACCESS_VIOLATION (0xc0000005) at pc=0x000001e5b45873ab, pid=20784, tid=3748
#
# JRE version: OpenJDK Runtime Environment Temurin-17.0.2+8 (17.0.2+8) (build 17.0.2+8)
# Java VM: OpenJDK 64-Bit Server VM Temurin-17.0.2+8 (17.0.2+8, mixed mode, sharing, tiered, compressed oops, compressed class ptrs, g1 gc, windows-amd64)
# Problematic frame:
# J 1064 c2 summit.gfx.Renderer.render(Ljava/lang/String;FFILsummit/gfx/ColorFilter;)V (276 bytes) @ 0x000001e5b45873ab [0x000001e5b4586320+0x000000000000108b]
#
# No core dump will be written. Minidumps are not enabled by default on client versions of Windows
#
# If you would like to submit a bug report, please visit:
#   https://github.com/adoptium/adoptium-support/issues
#

---------------  S U M M A R Y ------------

Command Line: -XX:+ShowCodeDetailsInExceptionMessages summit.Main

Host: AMD Ryzen 9 5900HS with Radeon Graphics        , 16 cores, 15G,  Windows 10 , 64 bit Build 19041 (10.0.19041.2251)
Time: Mon Nov 14 19:07:06 2022 Central Standard Time elapsed time: 0.872303 seconds (0d 0h 0m 0s)

---------------  T H R E A D  ---------------

Current thread (0x000001e5c98c9370):  JavaThread "Thread-2" [_thread_in_Java, id=3748, stack(0x00000065c8900000,0x00000065c8a00000)]

Stack: [0x00000065c8900000,0x00000065c8a00000],  sp=0x00000065c89fece0,  free space=1019k
Native frames: (J=compiled Java code, j=interpreted, Vv=VM code, C=native code)
C  0x000001e5b45873ab


siginfo: EXCEPTION_ACCESS_VIOLATION (0xc0000005), reading address 0x0000000b1763f100


Register to memory mapping:

RIP=0x000001e5b45873ab is at entry_point+4235 in (nmethod*)0x000001e5b4586110
RAX=0x0000000718a68698 is an oop: [[I 
{0x0000000718a68698} - klass: {type array int}[]
 - length: 16
RBX=0x00000000ffffffe9 is an unknown value
RCX=3807149606 is a compressed pointer to object: [[I 
{0x000000071763f130} - klass: {type array int}[]
 - length: 144
RDX=0x0 is NULL
RSP=0x00000065c89fece0 is pointing into the stack for thread: 0x000001e5c98c9370
RBP=0x0 is NULL
RSI=0x0 is NULL
RDI=0x00000000fffffff0 is an unknown value
R8 =0x000000071763cc70 is an oop: summit.gfx.Renderer 
{0x000000071763cc70} - klass: 'summit/gfx/Renderer'
 - ---- fields (total size 2 words):
 - private 'frame' '[[I' @12  a {type array int}[144] {0x000000071763f130} (e2ec7e26)
R9 =0x0000000000000010 is an unknown value
R10=0x000000071763f130 is an oop: [[I 
{0x000000071763f130} - klass: {type array int}[]
 - length: 144
R11=0x00000000fffffff0 is an unknown value
R12=0x0 is NULL
R13=0x0000000000000090 is an unknown value
R14=0x000000000000000f is an unknown value
R15=0x000001e5c98c9370 is a thread


Registers:
RAX=0x0000000718a68698, RBX=0x00000000ffffffe9, RCX=0x00000000e2ec7e26, RDX=0x0000000000000000
RSP=0x00000065c89fece0, RBP=0x0000000000000000, RSI=0x0000000000000000, RDI=0x00000000fffffff0
R8 =0x000000071763cc70, R9 =0x0000000000000010, R10=0x000000071763f130, R11=0x00000000fffffff0
R12=0x0000000000000000, R13=0x0000000000000090, R14=0x000000000000000f, R15=0x000001e5c98c9370
RIP=0x000001e5b45873ab, EFLAGS=0x0000000000010287

Top of Stack: (sp=0x00000065c89fece0)
0x00000065c89fece0:   0000010000000000 00000000fffffff8
0x00000065c89fecf0:   fffffff0ffffffe8 0000000000000000
0x00000065c89fed00:   0000000717758e08 fffffff0ffffffe8
0x00000065c89fed10:   000001e500000009 000000070000000f
0x00000065c89fed20:   0000000000000000 000001e5b4586340
0x00000065c89fed30:   0000000000000000 0000000000000206
0x00000065c89fed40:   00000065c89fef20 000001e5ad236c14
0x00000065c89fed50:   00000065c89fedf0 00000065c89fee88
0x00000065c89fed60:   000001e5ac9894fe 0000000000000000
0x00000065c89fed70:   0000000000000000 0000000000000000
0x00000065c89fed80:   0000000000000000 000000071763cc70
0x00000065c89fed90:   0000000717608fa8 0000000000000001
0x00000065c89feda0:   0000000000000000 0000000000000000
0x00000065c89fedb0:   00000065c89fef20 000001e5ad23676c
0x00000065c89fedc0:   409e000000000000 0000000000000000
0x00000065c89fedd0:   0000000000000000 0000000000000000 

Instructions: (pc=0x000001e5b45873ab)
0x000001e5b45872ab:   fb e9 d2 00 00 00 4c 8b c6 e9 5b 01 00 00 0f 1f
0x000001e5b45872bb:   80 00 00 00 00 44 2b 5c 24 10 45 8b f3 41 ff c6
0x000001e5b45872cb:   44 8b de 45 3b f1 0f 83 e2 04 00 00 45 8b 54 cc
0x000001e5b45872db:   10 47 8b 54 d4 0c 45 3b da 0f 83 67 01 00 00 c4
0x000001e5b45872eb:   c1 f9 7e d2 45 8b 54 92 10 47 8b 44 d4 0c 49 c1
0x000001e5b45872fb:   e2 03 45 3b f0 0f 83 da 04 00 00 47 8b 54 b2 10
0x000001e5b458730b:   41 83 fa ff 0f 84 32 01 00 00 45 8b 44 c4 0c 45
0x000001e5b458731b:   3b d8 0f 83 d9 04 00 00 46 89 54 9d 10 45 33 c0
0x000001e5b458732b:   c4 c1 f9 7e d2 41 8b 72 10 45 8b 54 f4 0c 44 03
0x000001e5b458733b:   54 24 10 4d 8b b7 48 03 00 00 41 8b f3 ff c6 41
0x000001e5b458734b:   85 06 41 3b f2 0f 8c 6a ff ff ff 4d 8b 97 48 03
0x000001e5b458735b:   00 00 ff c7 41 85 02 3b 3c 24 0f 8d f0 00 00 00
0x000001e5b458736b:   c4 c1 f9 7e c0 c4 e1 f9 7e ce c5 f9 7e da 44 8b
0x000001e5b458737b:   54 24 10 44 8b 5c 24 14 44 3b 54 24 08 0f 8d 45
0x000001e5b458738b:   01 00 00 44 89 5c 24 14 44 89 54 24 10 c5 f9 6e
0x000001e5b458739b:   da c4 e1 f9 6e ce c4 c1 f9 6e c0 c4 c1 f9 7e e2
0x000001e5b45873ab:   41 8b 44 ba 10 8b d7 41 2b d3 41 3b fd 0f 83 f3
0x000001e5b45873bb:   fe ff ff 44 8b 54 24 10 44 3b 54 24 04 0f 83 e3
0x000001e5b45873cb:   fe ff ff c4 c1 f9 7e d2 45 8b 54 92 10 47 8b 44
0x000001e5b45873db:   d4 0c 45 85 c0 0f 86 5a 05 00 00 47 8b 54 d4 10
0x000001e5b45873eb:   41 83 fa ff 0f 84 fe 00 00 00 45 8b 44 c4 0c 44
0x000001e5b45873fb:   8b 5c 24 10 45 3b d8 0f 83 f9 03 00 00 4d 8d 04
0x000001e5b458740b:   c4 47 89 54 98 10 45 33 c0 c4 c1 f9 7e d2 45 8b
0x000001e5b458741b:   52 10 47 8b 5c d4 0c 44 03 5c 24 10 41 3b db 0f
0x000001e5b458742b:   8d 26 ff ff ff 41 3b fd 73 3c 49 8d 2c c4 44 8b
0x000001e5b458743b:   db 41 be 01 00 00 00 e9 87 fe ff ff c4 c1 f9 7e
0x000001e5b458744b:   c8 e9 da fe ff ff c4 c1 f9 7e c8 e9 d0 fe ff ff
0x000001e5b458745b:   c5 f8 77 48 83 c4 60 5d 49 3b a7 40 03 00 00 0f
0x000001e5b458746b:   87 3c 0c 00 00 c3 44 8b db 41 ba 01 00 00 00 eb
0x000001e5b458747b:   12 0f 1f 40 00 44 2b 5c 24 10 45 8b d3 41 ff c2
0x000001e5b458748b:   44 8b da 45 3b d1 0f 83 22 03 00 00 45 3b 64 cc
0x000001e5b458749b:   10 0f 84 8e 04 00 00 c4 e1 f9 7e d2 44 8b 42 10 


Stack slot to memory mapping:
stack at sp + 0 slots: 0x0000010000000000 is an unknown value
stack at sp + 1 slots: 0x00000000fffffff8 is an unknown value
stack at sp + 2 slots: 0xfffffff0ffffffe8 is an unknown value
stack at sp + 3 slots: 0x0 is NULL
stack at sp + 4 slots: 0x0000000717758e08 is an oop: [[I 
{0x0000000717758e08} - klass: {type array int}[]
 - length: 16
stack at sp + 5 slots: 0xfffffff0ffffffe8 is an unknown value
stack at sp + 6 slots: 0x000001e500000009 is an unknown value
stack at sp + 7 slots: 0x000000070000000f is an unknown value

--------------------------------------------------------------------------------
[Constant Pool (empty)]

--------------------------------------------------------------------------------

[MachCode]
  0x000001e5b4586320: 448b 5208 | 49bb 0000 | 0000 0800 | 0000 4d03 | d349 3bc2 | 0f85 4667 | 44f8 6690 | 0f1f 4000 
  0x000001e5b4586340: 8984 2400 | 90ff ff55 | 4883 ec60 | c4c1 f96e | d848 897c | 2418 c4c1 | 796e d148 | 8914 2449 
  0x000001e5b4586360: ba40 ba62 | 1707 0000 | 0041 8b6a | 7045 8b5c | ec08 4181 | fbe0 ad0b | 000f 8537 | 1600 004d 
  0x000001e5b4586380: 8d14 ec45 | 8b5a 2443 | 8b4c dc0c | 85c9 0f86 | c616 0000 | 4f8d 2cdc | 4d85 c00f | 840c 1400 
  0x000001e5b45863a0: 0045 8b40 | 0cff c945 | 85c0 7579 | c4c1 f97e | da45 0fb6 | 5211 4585 | d20f 85b1 | 1300 00c4 
  0x000001e5b45863c0: c1f9 7eda | 450f be52 | 1045 85d2 | 0f85 7219 | 0000 c4c1 | f97e da41 | 8b6a 1441 | 8b7c ec0c 
  0x000001e5b45863e0: 85ff 0f86 | 9413 0000 | 448b c741 | ffc8 443b | c70f 832e | 1800 0045 | 0fb6 5cec | 1044 8bcf 
  0x000001e5b4586400: 4183 c1fd | 418b dbc1 | e305 412b | db4d 8d04 | ec41 83f9 | 010f 8e3d | 1800 00be | 0100 0000 
  0x000001e5b4586420: 4533 dbeb | 3b45 8bd0 | 41c1 ea10 | 4533 d041 | 23ca 33d2 | e9eb 0000 | 0045 0fb6 | 5c30 1041 
  0x000001e5b4586440: 03db ffc6 | 3bf7 0f8d | ba00 0000 | 448b db41 | c1e3 0544 | 2bdb 418b | dbeb dec4 | c179 7ee3 
  0x000001e5b4586460: 8bd7 2bd6 | 83c2 fd44 | 3bce 410f | 4cd3 81fa | a00f 0000 | 41ba a00f | 0000 410f | 47d2 03d6 
  0x000001e5b4586480: c4c1 796e | e366 6666 | 0f1f 8400 | 0000 0000 | 4863 c645 | 0fb6 5400 | 1041 0fb6 | 6c00 1345 
  0x000001e5b45864a0: 0fb6 5c00 | 1141 0fb6 | 4400 1241 | 03da 448b | f341 c1e6 | 0544 2bf3 | 4503 f345 | 8bd6 41c1 
  0x000001e5b45864c0: e205 452b | d644 03d0 | 458b da41 | c1e3 0545 | 2bda 4403 | dd41 8bdb | c1e3 0541 | 2bdb 83c6 
  0x000001e5b45864e0: 043b f27c | ab49 8b87 | 4803 0000 | 8500 413b | f10f 8c64 | ffff ffc5 | f97e e23b | f70f 8c36 
  0x000001e5b4586500: ffff ff41 | 8bdb 85db | 0f84 7012 | 0000 c4c1 | f97e da41 | 895a 0c44 | 8bd3 41c1 | ea10 4433 
  0x000001e5b4586520: d341 23ca | 458b 5c8d | 1047 8b4c | dc0c 453b | ca0f 85c4 | 0f00 0047 | 8b4c dc10 | 4d8b c149 
  0x000001e5b4586540: c1e0 03c4 | e1f9 7ed9 | 4c3b c10f | 845f 0100 | 000f be49 | 10c4 e1f9 | 7edb 493b | d80f 844d 
  0x000001e5b4586560: 0100 0047 | 8b44 cc08 | 4181 f870 | e900 000f | 85af 1800 | 004f 8d04 | cc41 0fbe | 6810 3bcd 
  0x000001e5b4586580: 0f85 8617 | 0000 458b | 4014 8b5b | 1447 8b4c | c40c 418b | 4cdc 0c41 | 3bc9 0f85 | d400 0000 
  0x000001e5b45865a0: 4f8d 0cc4 | 4b8d 74c4 | 104d 8d04 | dc49 8d7c | dc10 85c9 | 0f84 a500 | 0000 8bc1 | 83e0 1f83 
  0x000001e5b45865c0: e1e0 0f84 | 4b00 0000 | 488d 3c0f | 488d 340e | 48f7 d9c5 | fe6f 2c0f | c5fe 6f24 | 0ec5 d5ef 
  0x000001e5b45865e0: ecc4 e27d | 17ed 0f85 | 7a00 0000 | 4883 c120 | 75e1 85c0 | 0f84 6500 | 0000 c5fe | 6f6c 07e0 
  0x000001e5b4586600: c5fe 6f64 | 06e0 c5d5 | efec c4e2 | 7d17 ed75 | 55eb 4c8b | c883 e1fc | 7419 488d | 3c0f 488d 
  0x000001e5b4586620: 340e 48f7 | d98b 1c0f | 3b1c 0e75 | 3948 83c1 | 0475 f2f7 | c002 0000 | 0074 120f | b71f 0fb7 
  0x000001e5b4586640: 0e3b d975 | 2148 8d7f | 0248 8d76 | 02f7 c001 | 0000 0074 | 0a0f b61f | 0fb6 0e3b | d975 07b8 
  0x000001e5b4586660: 0100 0000 | eb02 33c0 | c5d5 efed | c5dd efe4 | 85c0 753c | ba45 ffff | ff48 8b2c | 24c5 fa11 
  0x000001e5b4586680: 0424 c5fa | 114c 2404 | c5fa 1154 | 2408 4c8b | 4424 184c | 8944 2410 | c5fb 115c | 2418 4489 
  0x000001e5b45866a0: 5c24 0c44 | 8954 2420 | c5f8 77e8 | 50bc 44f8 | 49c1 e303 | 418b 6b14 | 458b 5cec | 0841 81fb 
  0x000001e5b45866c0: 086d 0000 | 0f85 3a17 | 0000 4d8d | 04ec 418b | 580c 85db | 0f86 0213 | 0000 458b | 5810 478b 
  0x000001e5b45866e0: 5cdc 0c44 | 8bd3 41d1 | fa41 d1fb | c4c1 796e | e2c5 f85b | e4c5 f25c | ccc4 c179 | 6ee3 c5f8 
  0x000001e5b4586700: 5be4 c5fa | 5cc4 c4c1 | 797e c1c5 | f97e cf45 | 8bd1 41c1 | ea17 448b | df41 c1eb | 1745 0fb6 
  0x000001e5b4586720: d2b9 9500 | 0000 412b | ca45 0fb6 | dbb8 9500 | 0000 412b | c3f7 c1e0 | ffff ff0f | 8563 0f00 
  0x000001e5b4586740: 0045 8bd1 | 4181 e2ff | ff7f 0041 | 81ca 0000 | 8000 4585 | c90f 8c0d | 1000 0041 | d3fa 41ff 
  0x000001e5b4586760: c241 d1fa | f7c0 e0ff | ffff 0f85 | 560f 0000 | 448b df41 | 81e3 ffff | 7f00 4181 | cb00 0080 
  0x000001e5b4586780: 0085 ff0f | 8cd7 0f00 | 008b c841 | d3fb 41ff | c341 d1fb | c4c1 797e | d545 85ed | 750b 4533 
  0x000001e5b45867a0: ed49 8bc0 | e946 0a00 | 0041 f7c5 | 0400 0000 | 0f84 d603 | 0000 458b | 4810 478b | 4ccc 0c44 
  0x000001e5b45867c0: 895c 242c | 4489 5424 | 2889 5c24 | 144c 8944 | 2420 8954 | 240c 4489 | 6c24 0848 | ba08 6d00 
  0x000001e5b45867e0: 0008 0000 | 0044 8bc3 | c5f8 77e8 | 9062 4ff8 | 448b 5424 | 1441 ffca | 443b 5424 | 140f 83d5 
  0x000001e5b4586800: 1400 008b | 580c 85db | 0f86 ca14 | 0000 4c63 | c345 33c9 | eb30 c5f9 | 7ed3 c4c1 | f97e d8c4 
  0x000001e5b4586820: e1f9 7ec1 | 448b 4c24 | 384d 8b97 | 4803 0000 | 41ff c141 | 8502 443b | 4c24 140f | 8d51 0f00 
  0x000001e5b4586840: 0048 894c | 2420 488b | 4c24 2044 | 8b59 1047 | 8b54 dc0c | 4585 d276 | d045 8bea | 4489 4c24 
  0x000001e5b4586860: 38c5 fb10 | 4424 2049 | 63f1 448b | 54b1 10c4 | c179 6eca | 478b 74d4 | 0c85 db0f | 86c0 0200 
  0x000001e5b4586880: 008b 6810 | 418b cd41 | 2bc9 ffc9 | 4585 f60f | 86fb 1100 | 0047 8b4c | d410 458b | 54ec 0c4d 
  0x000001e5b45868a0: 8d1c ec41 | 3bca 0f83 | 5013 0000 | 4d63 d54c | 2bd6 4789 | 4c93 0c41 | 83fd 010f | 8e5e ffff 
  0x000001e5b45868c0: ff4d 63d6 | 4d3b c244 | 8bd3 450f | 4fd6 c4c1 | 797e cb4f | 8d2c dc41 | 8bfa ffcf | 443b d741 
  0x000001e5b45868e0: bb00 0000 | 8041 0f4c | fb83 ff01 | 0f8e 1213 | 0000 4c8b | 5424 2045 | 8b5a 1043 | 8b6c dc0c 
  0x000001e5b4586900: c4c1 797e | ca47 8b4c | d414 8b50 | 148b cd2b | 4c24 38ff | c945 8b54 | d40c 4d8d | 1cd4 413b 
  0x000001e5b4586920: ca0f 83e8 | 1200 0048 | 8974 2420 | c4c1 f96e | d8c5 f96e | d348 63f5 | 4c8b c64c | 2b44 2420 
  0x000001e5b4586940: 4789 4c83 | 0c83 fd02 | 0f8e c8fe | ffff c4c1 | 797e ca47 | 8b4c d418 | 8b50 1845 | 8b54 d40c 
  0x000001e5b4586960: 4d8d 1cd4 | 413b ca0f | 83ad 1200 | 0047 894c | 830c 83fd | 030f 8e9b | feff ff41 | ba03 0000 
  0x000001e5b4586980: 0044 3bd7 | 0f8d 4501 | 0000 c4c1 | 797e ca47 | 8b4c d41c | 8b50 1c45 | 8b54 d40c | 4d8d 1cd4 
  0x000001e5b45869a0: 413b ca0f | 83bb 1200 | 0047 894c | 830c 83fd | 040f 8e5f | feff ffc4 | c179 7eca | 478b 4cd4 
  0x000001e5b45869c0: 2044 8b50 | 2043 8b54 | d40c 4f8d | 1cd4 3bca | 0f83 9912 | 0000 4789 | 4c83 0c83 | fd05 0f8e 
  0x000001e5b45869e0: 32fe ffff | 4c8b d649 | 83c2 fe4c | 63df 458b | ca48 ffce | 8bd6 4c3b | de8b df0f | 4fda 4c63 
  0x000001e5b4586a00: db4d 3bda | 410f 4fd9 | 83fb 050f | 8e69 1200 | 0041 ba05 | 0000 0066 | 0f1f 8400 | 0000 0000 
  0x000001e5b4586a20: 478b 4c95 | 1046 8b5c | 9010 438b | 54dc 0c49 | c1e3 033b | ca0f 83d0 | 0c00 0047 | 894c 830c 
  0x000001e5b4586a40: 468b 5c90 | 1447 8b4c | 9514 438b | 54dc 0c49 | c1e3 033b | ca0f 83ad | 0c00 0047 | 894c 830c 
  0x000001e5b4586a60: 4183 c202 | 443b d37c | b744 3bd7 | 7d61 6690 | 478b 4c95 | 1042 8b5c | 9010 418b | 54dc 0c4d 
  0x000001e5b4586a80: 8d1c dc3b | ca0f 8380 | 0c00 0047 | 894c 830c | 418b daff | c33b dd0f | 8d79 fdff | ff47 8b4c 
  0x000001e5b4586aa0: 9514 468b | 5c90 1443 | 8b54 dc0c | 49c1 e303 | 3bca 0f83 | c812 0000 | 4789 4c83 | 0c41 83c2 
  0x000001e5b4586ac0: 0244 3bd5 | 0f8d 4cfd | ffff 443b | d77c a1c5 | f97e d3c4 | c1f9 7ed8 | 488b 7424 | 2044 3bd3 
  0x000001e5b4586ae0: 7d62 6690 | 443b d373 | 5bc4 c1f9 | 7ec3 458b | 5b10 438b | 54dc 0c42 | 8b6c 9010 | 8bca 2b4c 
  0x000001e5b4586b00: 2438 ffc9 | 453b d60f | 8386 0f00 | 0047 8b4c | 9510 418b | 7cec 0c4d | 8d1c ec3b | cf0f 83e8 
  0x000001e5b4586b20: 0b00 0048 | 63ca 482b | ce45 894c | 8b0c 41ff | c244 3bd2 | 0f8d e5fc | ffff 443b | d37c a5eb 
  0x000001e5b4586b40: 0345 33d2 | bae4 ffff | ff48 8b2c | 2444 8b5c | 2408 4489 | 1c24 4c8b | 5c24 184c | 895c 2408 
  0x000001e5b4586b60: 448b 4424 | 2844 8944 | 2404 448b | 4424 2c44 | 8944 2410 | c5fb 1144 | 2418 4889 | 4424 2844 
  0x000001e5b4586b80: 8954 2430 | c5f8 77e8 | 74b7 44f8 | 41f7 c501 | 0000 000f | 848e 0200 | 0041 8b48 | 0c85 c90f 
  0x000001e5b4586ba0: 8623 1000 | 0041 8b58 | 1041 8b5c | dc0c 895c | 2410 894c | 2414 4489 | 5c24 2c44 | 8954 2428 
  0x000001e5b4586bc0: 4c89 4424 | 2089 5424 | 0c44 896c | 2408 48ba | 086d 0000 | 0800 0000 | 448b c144 | 8bcb 6690 
  0x000001e5b4586be0: c5f8 77e8 | 985e 4ff8 | 448b 5424 | 1441 ffca | 443b 5424 | 140f 8399 | 0f00 0044 | 8b40 0c45 
  0x000001e5b4586c00: 85c0 0f86 | 8c0f 0000 | 453b d00f | 8383 0f00 | 0044 8b74 | 2410 41ff | ce8b 5c24 | 10d1 fb4c 
  0x000001e5b4586c20: 6344 2410 | 8beb 83c5 | fe3b dd41 | ba00 0000 | 8041 0f4c | ea4c 63d3 | 498b d049 | 2bd2 8bfb 
  0x000001e5b4586c40: ffc7 48ff | ca45 33ed | e900 0100 | 0066 6690 | 448b d942 | 8b5c 9f0c | 8b4c 2410 | 412b c949 
  0x000001e5b4586c60: 63d1 895c | 9010 8b5c | 9710 4289 | 5c98 0c49 | 8bd8 482b | da44 8b5c | 9f08 4489 | 5c90 1444 
  0x000001e5b4586c80: 8b5c 9714 | 4489 5c98 | 0844 8b5c | 9f04 4489 | 5c90 1844 | 8b5c 9718 | 4489 5c98 | 0444 8b1c 
  0x000001e5b4586ca0: 9f44 895c | 901c 8b74 | 971c 8934 | 9883 c1fc | 4183 c104 | 453b ca7c | 974d 8b97 | 4803 0000 
  0x000001e5b4586cc0: 4185 0244 | 3bcd 7d2a | 448b d944 | 8bd5 452b | d141 3be9 | 440f 4c54 | 240c 4181 | faa0 0f00 
  0x000001e5b4586ce0: 00b9 a00f | 0000 440f | 47d1 4503 | d1e9 61ff | ffff c5f9 | 7ecb c4e1 | f97e d244 | 3b4c 2430 
  0x000001e5b4586d00: 7d2a 6690 | 8b74 8f0c | 4289 7488 | 1042 8b74 | 8f10 8974 | 880c 418b | f1ff c63b | 7424 307d 
  0x000001e5b4586d20: 0b41 8bce | 412b c944 | 8bce ebd8 | 4d8b 9748 | 0300 0041 | ffc5 4185 | 0244 3b6c | 2414 0f8d 
  0x000001e5b4586d40: cb00 0000 | c4e1 f97e | c08b 7c24 | 304c 8b54 | 2420 418b | 7210 85f6 | 0f84 eb0b | 0000 478b 
  0x000001e5b4586d60: 4caa 1047 | 8b54 cc0c | 428b 4ca8 | 1045 8b5c | cc0c 897c | 2430 488b | fa8b d3c4 | e1f9 6ec0 
  0x000001e5b4586d80: 4963 da48 | 3bfb 0f83 | cc0b 0000 | 453b f20f | 83c3 0b00 | 0045 85db | 0f86 ba0b | 0000 8bda 
  0x000001e5b4586da0: 413b db0f | 83af 0b00 | 0045 85d2 | 0f86 a60b | 0000 413b | da0f 839d | 0b00 004d | 63d3 488b 
  0x000001e5b4586dc0: d749 3bd2 | 0f83 8e0b | 0000 453b | f30f 8385 | 0b00 0049 | 8d04 cc4b | 8d3c cc42 | 8b74 870c 
  0x000001e5b4586de0: 4189 74cc | 1047 8b5c | cc10 4689 | 5c80 0c83 | fd01 0f8e | a00b 0000 | 458b de41 | b901 0000 
  0x000001e5b4586e00: 00c5 f96e | cbc4 e1f9 | 6ed2 e9bc | feff ff44 | 8b6c 2408 | 8b54 240c | c4c1 f97e | c044 8b54 
  0x000001e5b4586e20: 2428 448b | 5c24 2c41 | f7c5 0200 | 0000 7508 | 498b c0e9 | b703 0000 | 418b 680c | 85ed 0f86 
  0x000001e5b4586e40: 220d 0000 | 418b 4810 | 458b 4ccc | 0c89 6c24 | 2844 895c | 2414 4489 | 5424 104c | 8944 2420 
  0x000001e5b4586e60: 8954 240c | 4489 6c24 | 0848 ba08 | 6d00 0008 | 0000 0044 | 8bc5 6690 | c5f8 77e8 | 005c 4ff8 
  0x000001e5b4586e80: 448b 400c | 448b dd41 | d1fb 458b | d341 ffc2 | 4585 c00f | 8670 0c00 | 0045 3bd8 | 0f83 670c 
  0x000001e5b4586ea0: 0000 4863 | ed49 63cb | 4c8b cd4c | 2bc9 49ff | c94c 3bcd | 0f83 4f0c | 0000 8b4c | 2428 ffc9 
  0x000001e5b4586ec0: 3b4c 2428 | 0f83 3f0c | 0000 4489 | 5424 2c4d | 63d0 4d3b | ca0f 8329 | 0c00 0041 | 3bc8 0f83 
  0x000001e5b4586ee0: 740c 0000 | 443b 5c24 | 280f 8370 | 0c00 0045 | 33d2 eb31 | c4c1 f97e | c3c4 c179 | 7ed2 c4e1 
  0x000001e5b4586f00: f97e e0c4 | e1f9 7ef5 | 4d8b 8748 | 0300 0041 | ffc2 4185 | 0044 3b54 | 242c 0f8d | bc02 0000 
  0x000001e5b4586f20: 4c89 5c24 | 204c 8b5c | 2420 458b | 4b10 438b | 7ccc 0c85 | ff76 d1c5 | fb10 4424 | 20c4 c179 
  0x000001e5b4586f40: 6ed2 4d63 | c24c 8bdd | 4d2b d84c | 8b54 2420 | 478b 549a | 0cc4 c179 | 6eca 478b | 6cd4 0c46 
  0x000001e5b4586f60: 8b54 8010 | c4c1 796e | da47 8b4c | d40c 4c8b | 5424 2047 | 8b54 8210 | c4c1 796e | ea43 8b4c 
  0x000001e5b4586f80: d40c 428b | 5c98 0c45 | 8b74 dc0c | 4585 ed0f | 8611 0a00 | 0041 ba01 | 0000 0045 | 3bd5 450f 
  0x000001e5b4586fa0: 4fd5 c4c1 | 797e db4f | 8d04 dcc4 | c179 7ecb | 4b8d 14dc | 418b f849 | 8d34 dcc1 | ef02 c4c1 
  0x000001e5b4586fc0: 797e eb49 | c1e3 0383 | e703 4103 | faf7 df83 | e703 4103 | fa41 3bfd | 410f 4ffd | 4533 d2eb 
  0x000001e5b4586fe0: 0f66 6690 | 448b d144 | 8b4c 2420 | 8b4c 2424 | 453b d50f | 8382 0100 | 00c5 f96e | fb89 4c24 
  0x000001e5b4587000: 2444 894c | 2420 c4e1 | f96e f5c4 | e1f9 6ee0 | 468b 4c92 | 1044 3b54 | 2420 0f83 | f807 0000 
  0x000001e5b4587020: 4789 4c90 | 1044 3bd1 | 0f83 4608 | 0000 478b | 4c93 1045 | 3bd6 0f83 | 9808 0000 | 4689 4c96 
  0x000001e5b4587040: 10c4 c1f9 | 7ec1 418b | 4910 458b | 4ccc 0c41 | 8bca ffc1 | 413b c90f | 8d97 feff | ff3b cf0f 
  0x000001e5b4587060: 8c7f ffff | ff49 63dd | 4963 c648 | 636c 2424 | 4863 7c24 | 2048 3bdf | 418b fd0f | 4f7c 2420 
  0x000001e5b4587080: 4963 d94c | 63cf 4c3b | cd0f 4f7c | 2424 48ff | cb4c 63cf | 4c3b c841 | 0f4f fe44 | 8bcb 4863 
  0x000001e5b45870a0: c748 3bc3 | 410f 4ff9 | 448b cf41 | 83c1 f941 | 3bf9 bf00 | 0000 8044 | 0f4c cf41 | 3bc9 0f8d 
  0x000001e5b45870c0: ea08 0000 | 41ff c266 | 0f1f 8400 | 0000 0000 | c421 7a6f | 4492 10c4 | 017a 7f44 | 9010 c401 
  0x000001e5b45870e0: 7a6f 4493 | 10c4 217a | 7f44 9610 | c421 7a6f | 4492 20c4 | 017a 7f44 | 9020 c401 | 7a6f 4493 
  0x000001e5b4587100: 20c4 217a | 7f44 9620 | 4183 c208 | 453b d17c | bf45 3bd5 | 7d59 6690 | 453b d573 | 5946 8b4c 
  0x000001e5b4587120: 9210 443b | 5424 200f | 83eb 0600 | 0047 894c | 9010 443b | 5424 240f | 8337 0700 | 0047 8b4c 
  0x000001e5b4587140: 9310 453b | d60f 8389 | 0700 0046 | 894c 9610 | c4c1 f97e | c141 8b49 | 1045 8b4c | cc0c 41ff 
  0x000001e5b4587160: c245 3bd1 | 0f8d 8afd | ffff 453b | d57c a9c4 | e1f9 7ee0 | eb05 c4e1 | f97e e0ba | e4ff ffff 
  0x000001e5b4587180: 488b 2c24 | 448b 4424 | 0844 8904 | 244c 8b5c | 2418 4c89 | 5c24 0844 | 8b44 2410 | 4489 4424 
  0x000001e5b45871a0: 0444 8b5c | 2414 4489 | 5c24 10c5 | fb11 4424 | 1848 8944 | 2420 4489 | 5424 2844 | 8954 242c 
  0x000001e5b45871c0: c5fa 1154 | 2430 c5fa | 115c 2434 | c5fa 114c | 2438 6690 | c5f8 77e8 | 24b1 44f8 | 8b54 240c 
  0x000001e5b45871e0: 448b 5424 | 1044 8b5c | 2414 448b | 6c24 0841 | 8bed c1fd | 0385 ed0f | 85db 0800 | 0044 8b48 
  0x000001e5b4587200: 0c41 8bdb | 4103 d944 | 3bdb 0f8d | 4b02 0000 | 4d63 c149 | 63cb 418b | f3f7 de48 | 63fe 4803 
  0x000001e5b4587220: cf49 3bc8 | 0f83 e607 | 0000 4863 | cb48 03cf | 48ff c949 | 3bc8 0f83 | 0c08 0000 | 4c8b 0424 
  0x000001e5b4587240: 418b 480c | 458b 6ccc | 0c45 85ed | 0f86 0108 | 0000 418b | 74cc 1041 | 8b7c f40c | 488b 7424 
  0x000001e5b4587260: 1848 85f6 | 0f85 af07 | 0000 4585 | c90f 86a6 | 0700 0044 | 8b48 1047 | 8b4c cc0c | 4585 c90f 
  0x000001e5b4587280: 8694 0700 | 0089 7c24 | 0489 1c24 | c4e1 f96e | d041 8bd9 | 4103 da89 | 5c24 0841 | 8bda ffc3 
  0x000001e5b45872a0: 498d 3ccc | c4e1 f96e | e741 8bfb | e9d2 0000 | 004c 8bc6 | e95b 0100 | 000f 1f80 | 0000 0000 
  0x000001e5b45872c0: 442b 5c24 | 1045 8bf3 | 41ff c644 | 8bde 453b | f10f 83e2 | 0400 0045 | 8b54 cc10 | 478b 54d4 
  0x000001e5b45872e0: 0c45 3bda | 0f83 6701 | 0000 c4c1 | f97e d245 | 8b54 9210 | 478b 44d4 | 0c49 c1e2 | 0345 3bf0 
  0x000001e5b4587300: 0f83 da04 | 0000 478b | 54b2 1041 | 83fa ff0f | 8432 0100 | 0045 8b44 | c40c 453b | d80f 83d9 
  0x000001e5b4587320: 0400 0046 | 8954 9d10 | 4533 c0c4 | c1f9 7ed2 | 418b 7210 | 458b 54f4 | 0c44 0354 | 2410 4d8b 
  0x000001e5b4587340: b748 0300 | 0041 8bf3 | ffc6 4185 | 0641 3bf2 | 0f8c 6aff | ffff 4d8b | 9748 0300 | 00ff c741 
  0x000001e5b4587360: 8502 3b3c | 240f 8df0 | 0000 00c4 | c1f9 7ec0 | c4e1 f97e | cec5 f97e | da44 8b54 | 2410 448b 
  0x000001e5b4587380: 5c24 1444 | 3b54 2408 | 0f8d 4501 | 0000 4489 | 5c24 1444 | 8954 2410 | c5f9 6eda | c4e1 f96e 
  0x000001e5b45873a0: cec4 c1f9 | 6ec0 c4c1 | f97e e241 | 8b44 ba10 | 8bd7 412b | d341 3bfd | 0f83 f3fe | ffff 448b 
  0x000001e5b45873c0: 5424 1044 | 3b54 2404 | 0f83 e3fe | ffff c4c1 | f97e d245 | 8b54 9210 | 478b 44d4 | 0c45 85c0 
  0x000001e5b45873e0: 0f86 5a05 | 0000 478b | 54d4 1041 | 83fa ff0f | 84fe 0000 | 0045 8b44 | c40c 448b | 5c24 1045 
  0x000001e5b4587400: 3bd8 0f83 | f903 0000 | 4d8d 04c4 | 4789 5498 | 1045 33c0 | c4c1 f97e | d245 8b52 | 1047 8b5c 
  0x000001e5b4587420: d40c 4403 | 5c24 1041 | 3bdb 0f8d | 26ff ffff | 413b fd73 | 3c49 8d2c | c444 8bdb | 41be 0100 
  0x000001e5b4587440: 0000 e987 | feff ffc4 | c1f9 7ec8 | e9da feff | ffc4 c1f9 | 7ec8 e9d0 | feff ffc5 | f877 4883 
  0x000001e5b4587460: c460 5d49 | 3ba7 4003 | 0000 0f87 | 3c0c 0000 | c344 8bdb | 41ba 0100 | 0000 eb12 | 0f1f 4000 
  0x000001e5b4587480: 442b 5c24 | 1045 8bd3 | 41ff c244 | 8bda 453b | d10f 8322 | 0300 0045 | 3b64 cc10 | 0f84 8e04 
  0x000001e5b45874a0: 0000 c4e1 | f97e d244 | 8b42 1047 | 8b54 c40c | 4403 5424 | 104d 8b87 | 4803 0000 | 418b d3ff 
  0x000001e5b45874c0: c241 8500 | 413b d27c | b7c4 c1f9 | 7ec8 e983 | feff ff44 | 895c 2414 | 4489 5424 | 10c5 f96e 
  0x000001e5b45874e0: dac4 e1f9 | 6ece c4c1 | f96e c04c | 8bc6 e963 | feff ff4c | 8bc6 e919 | ffff ff43 | 8b6c dc18 
  0x000001e5b4587500: 85ed 0f84 | 7d07 0000 | 478b 4cdc | 0841 81f9 | 98b0 1400 | 0f84 8e07 | 0000 4d8d | 1cec 458b 
  0x000001e5b4587520: 430c 453b | c20f 85bd | 0100 0045 | 8b43 104d | 8bc8 49c1 | e103 c4e1 | f97e d94c | 3bc9 0f84 
  0x000001e5b4587540: 70f1 ffff | 0fbe 5910 | 493b c90f | 8463 f1ff | ff47 8b4c | c408 4181 | f970 e900 | 000f 855d 
  0x000001e5b4587560: 0800 0049 | c1e0 0341 | 0fbe 6810 | 3bdd 0f85 | 1408 0000 | 418b 5814 | 448b 4914 | 458b 44dc 
  0x000001e5b4587580: 0c43 8b4c | cc0c 413b | c80f 85d8 | 0000 004d | 8d04 dc49 | 8d74 dc10 | 4f8d 04cc | 4b8d 7ccc 
  0x000001e5b45875a0: 1085 c90f | 84a5 0000 | 008b c183 | e01f 83e1 | e00f 844b | 0000 0048 | 8d3c 0f48 | 8d34 0e48 
  0x000001e5b45875c0: f7d9 c5fe | 6f2c 0fc5 | fe6f 240e | c5d5 efec | c4e2 7d17 | ed0f 857a | 0000 0048 | 83c1 2075 
  0x000001e5b45875e0: e185 c00f | 8465 0000 | 00c5 fe6f | 6c07 e0c5 | fe6f 6406 | e0c5 d5ef | ecc4 e27d | 17ed 7555 
  0x000001e5b4587600: eb4c 8bc8 | 83e1 fc74 | 1948 8d3c | 0f48 8d34 | 0e48 f7d9 | 8b1c 0f3b | 1c0e 7539 | 4883 c104 
  0x000001e5b4587620: 75f2 f7c0 | 0200 0000 | 7412 0fb7 | 1f0f b70e | 3bd9 7521 | 488d 7f02 | 488d 7602 | f7c0 0100 
  0x000001e5b4587640: 0000 740a | 0fb6 1f0f | b60e 3bd9 | 7507 b801 | 0000 00eb | 0233 c0c5 | d5ef edc5 | ddef e485 
  0x000001e5b4587660: c00f 854d | f0ff ffba | 45ff ffff | 488b 2c24 | c5fa 1104 | 24c5 fa11 | 4c24 04c5 | fa11 5424 
  0x000001e5b4587680: 084c 8b44 | 2418 4c89 | 4424 10c5 | fb11 5c24 | 184c 895c | 2420 4489 | 5424 0c90 | c5f8 77e8 
  0x000001e5b45876a0: 5cac 44f8 | c57a 2cd0 | 4181 fa00 | 0000 8075 | 1048 83ec | 08c5 fa11 | 0424 e834 | 9a3f f841 
  0x000001e5b45876c0: 5ae9 9ef0 | ffff c57a | 2cd9 4181 | fb00 0000 | 8075 1048 | 83ec 08c5 | fa11 0c24 | e812 9a3f 
  0x000001e5b45876e0: f841 5be9 | acf0 ffff | 458b 4318 | 4d8b 9f48 | 0300 0041 | 8503 4585 | c00f 8486 | 0500 004f 
  0x000001e5b4587700: 8d1c c4e9 | 16fe ffff | 41ff c2ba | e4ff ffff | 488b 2c24 | 448b 4424 | 0844 8904 | 244c 8b44 
  0x000001e5b4587720: 2418 4c89 | 4424 088b | 5c24 2889 | 5c24 0444 | 8b44 242c | 4489 4424 | 10c5 fb11 | 4424 1848 
  0x000001e5b4587740: 8944 2420 | 4489 5424 | 144c 895c | 2428 894c | 2430 4489 | 4c24 3490 | c5f8 77e8 | a0ab 44f8 
  0x000001e5b4587760: 41f7 dbe9 | 21f0 ffff | 41f7 dae9 | ebef ffff | 33c9 33d2 | 4533 d2e9 | a8ed ffff | 33d2 c4c1 
  0x000001e5b4587780: f97e da41 | c642 1101 | 33c9 4533 | d2e9 92ed | ffff 448b | 6c24 088b | 5424 0c4c | 8bc0 448b 
  0x000001e5b45877a0: 5424 2844 | 8b5c 242c | e9df f3ff | ff33 c933 | d245 33d2 | e96b edff | ffba 45ff | ffff c4e1 
  0x000001e5b45877c0: f97e c5c5 | fb11 0c24 | c5fb 1154 | 2408 897c | 2418 4489 | 5c24 1c90 | c5f8 77e8 | 20ab 44f8 
  0x000001e5b45877e0: c4c1 796e | deba e6ff | ffff 498b | eac5 fa11 | 1c24 6690 | c5f8 77e8 | 04ab 44f8 | 4489 5c24 
  0x000001e5b4587800: 10ba e6ff | ffff 8be8 | 4489 5424 | 0466 6690 | c5f8 77e8 | e8aa 44f8 | bae4 ffff | ff48 8b2c 
  0x000001e5b4587820: 2444 8b5c | 2408 4489 | 1c24 4c8b | 5c24 184c | 895c 2408 | 448b 4424 | 1044 8944 | 2404 448b 
  0x000001e5b4587840: 5c24 1444 | 895c 2410 | c5fb 1144 | 2418 c5fb | 1164 2420 | 4489 5424 | 2844 894c | 242c c5fa 
  0x000001e5b4587860: 1154 2430 | c5fa 115c | 2434 6690 | c5f8 77e8 | 8caa 44f8 | bae4 ffff | ff48 8b2c | 2444 8b44 
  0x000001e5b4587880: 2408 4489 | 0424 4c8b | 5c24 184c | 895c 2408 | 448b 5c24 | 1044 895c | 2404 448b | 4424 1444 
  0x000001e5b45878a0: 8944 2410 | c5fb 1144 | 2418 c5fb | 1164 2420 | 4489 5424 | 2844 8954 | 242c c5fa | 1154 2430 
  0x000001e5b45878c0: c5fa 116c | 2434 c5fa | 117c 2438 | c5f8 77e8 | 2caa 44f8 | bae4 ffff | ff48 8b2c | 2444 8b5c 
  0x000001e5b45878e0: 2408 4489 | 1c24 4c8b | 5c24 184c | 895c 2408 | 448b 5c24 | 1044 895c | 2404 448b | 4424 1444 
  0x000001e5b4587900: 8944 2410 | c5fb 1144 | 2418 c5fb | 1164 2420 | 4489 5424 | 2844 894c | 242c c5fa | 1154 2430 
  0x000001e5b4587920: c5fa 117c | 2434 6690 | c5f8 77e8 | d0a9 44f8 | baf6 ffff | ff66 6690 | c5f8 77e8 | c0a9 44f8 
  0x000001e5b4587940: 49c1 e203 | e99c feff | ffba f6ff | ffff 6690 | c5f8 77e8 | a8a9 44f8 | 418b 6cf4 | 0cd1 fdff 
  0x000001e5b4587960: c5ba 76ff | ffff 4c8b | 5424 184c | 8954 2410 | 448b 5c24 | 2844 895c | 240c 448b | 5c24 2c44 
  0x000001e5b4587980: 895c 2418 | 4889 4424 | 2844 896c | 241c 6690 | c5f8 77e8 | 68a9 44f8 | 418b ce41 | b901 0000 
  0x000001e5b45879a0: 00e9 55f3 | ffff 4533 | d2e9 cdf7 | ffff 448b | d1e9 5bf7 | ffff bade | ffff ffc5 | fa11 4424 
  0x000001e5b45879c0: 08c5 fa11 | 4c24 0c44 | 894c 2410 | 4c89 4424 | 2066 6690 | c5f8 77e8 | 24a9 44f8 | bae4 ffff 
  0x000001e5b45879e0: ff48 8b2c | 24c5 fa11 | 0c24 c5fa | 1154 2404 | 4c8b 5424 | 184c 8954 | 2408 c5fa | 1144 2418 
  0x000001e5b4587a00: 4c89 4424 | 2066 6690 | c5f8 77e8 | f0a8 44f8 | 4c8b 0424 | 488b 7424 | 18ba beff | ffff 498b 
  0x000001e5b4587a20: e848 8934 | 2448 8944 | 2408 4489 | 5424 1044 | 895c 2418 | 4489 5c24 | 1c89 5c24 | 2066 6690 
  0x000001e5b4587a40: c5f8 77e8 | b8a8 44f8 | 4c8b 0424 | 488b 7424 | 18eb c648 | 8b74 2418 | ebbf ba45 | ffff ff48 
  0x000001e5b4587a60: 8b2c 24c5 | fa11 0424 | c5fa 114c | 2404 4489 | 4c24 0848 | 897c 2410 | 4c89 4424 | 1889 4c24 
  0x000001e5b4587a80: 2044 895c | 2424 6690 | c5f8 77e8 | 70a8 44f8 | 4533 d2ba | e4ff ffff | 4c8b 5c24 | 184c 895c 
  0x000001e5b4587aa0: 2410 448b | 4424 2844 | 8944 240c | 448b 4424 | 2c44 8944 | 2418 c5fb | 1144 2420 | 4889 4424 
  0x000001e5b4587ac0: 2889 4c24 | 3044 8954 | 2434 c5fa | 114c 243c | c5f8 77e8 | 28a8 44f8 | ba45 ffff | ff4c 8b44 
  0x000001e5b4587ae0: 2418 4c89 | 4424 0848 | 8944 2410 | 4489 5424 | 1844 895c | 241c 4489 | 6c24 2090 | c5f8 77e8 
  0x000001e5b4587b00: fca7 44f8 | 448b 5424 | 2cba beff | ffff 488b | 2c24 448b | 4424 0844 | 8904 244c | 8b5c 2418 
  0x000001e5b4587b20: 4c89 5c24 | 0844 8b5c | 2410 4489 | 5c24 0444 | 8b44 2414 | 4489 4424 | 104c 8b5c | 2420 4c89 
  0x000001e5b4587b40: 5c24 1848 | 8944 2420 | 4489 5424 | 1466 6690 | c5f8 77e8 | a8a7 44f8 | 448b 5424 | 2ceb aa44 
  0x000001e5b4587b60: 8b54 242c | eba3 bae4 | ffff ff44 | 896c 2408 | 4c8b 4c24 | 184c 894c | 2410 4489 | 5424 0c44 
  0x000001e5b4587b80: 895c 2418 | 4c89 4424 | 2866 6690 | c5f8 77e8 | 6ca7 44f8 | babe ffff | ff48 8b2c | 2444 8b5c 
  0x000001e5b4587ba0: 2408 4489 | 1c24 4c8b | 5424 184c | 8954 2408 | 4c8b 5424 | 204c 8954 | 2418 4889 | 4424 2090 
  0x000001e5b4587bc0: c5f8 77e8 | 38a7 44f8 | bae4 ffff | ff48 8b2c | 2444 892c | 244c 8b4c | 2418 4c89 | 4c24 0844 
  0x000001e5b4587be0: 8954 2404 | 4489 5c24 | 104c 8944 | 2420 894c | 2414 6690 | c5f8 77e8 | 04a7 44f8 | 4533 d2e9 
  0x000001e5b4587c00: 07fb ffff | 41ba 0100 | 0000 e9ce | eeff ff41 | ba01 0000 | 00e9 f1fa | ffff 41ba | 0200 0000 
  0x000001e5b4587c20: e9e6 faff | ffba 76ff | ffff c5fa | 1144 2408 | c5fa 114c | 240c 4489 | 4c24 1089 | 4c24 144c 
  0x000001e5b4587c40: 8954 2428 | 897c 2434 | 4489 5c24 | 3866 6690 | c5f8 77e8 | a8a6 44f8 | be01 0000 | 0033 d2e9 
  0x000001e5b4587c60: 97e8 ffff | 41ba 0300 | 0000 e99c | faff ff41 | ba04 0000 | 00e9 91fa | ffff 41ba | 0500 0000 
  0x000001e5b4587c80: e9e4 edff | ffba f4ff | ffff 488b | 2c24 c5fa | 1104 24c5 | fa11 4c24 | 04c5 fa11 | 5424 0890 
  0x000001e5b4587ca0: c5f8 77e8 | 58a6 44f8 | ba45 ffff | ffc5 fa11 | 4424 08c5 | fa11 4c24 | 0cc5 fa11 | 5424 10c5 
  0x000001e5b4587cc0: fb11 5c24 | 2044 895c | 2414 4489 | 5424 2890 | c5f8 77e8 | 28a6 44f8 | babe ffff | ff48 8b2c 
  0x000001e5b4587ce0: 2444 8b54 | 2408 4489 | 1424 4c8b | 5424 184c | 8954 2408 | 4c8b 5424 | 204c 8954 | 2418 4889 
  0x000001e5b4587d00: 4424 2090 | c5f8 77e8 | f4a5 44f8 | ba45 ffff | ffc5 fa11 | 4424 08c5 | fa11 4c24 | 0cc5 fa11 
  0x000001e5b4587d20: 5424 10c5 | fb11 5c24 | 2844 895c | 2414 4489 | 5424 304c | 8944 2438 | 894c 2434 | c5f8 77e8 
  0x000001e5b4587d40: bca5 44f8 | 4585 d240 | 0f95 c540 | 0fb6 ed83 | f501 ba45 | ffff ffc5 | fa11 4424 | 08c5 fa11 
  0x000001e5b4587d60: 4c24 0c44 | 894c 2410 | 894c 2414 | c5fb 115c | 2428 4489 | 5c24 3090 | c5f8 77e8 | 80a5 44f8 
  0x000001e5b4587d80: 448b d3e9 | 83f9 ffff | ba45 ffff | ffc5 fa11 | 4424 08c5 | fa11 4c24 | 0cc5 fa11 | 5424 10c5 
  0x000001e5b4587da0: fb11 5c24 | 284c 895c | 2430 4489 | 5424 144c | 8944 2438 | 895c 2440 | c5f8 77e8 | 40a5 44f8 
  0x000001e5b4587dc0: bade ffff | ff48 8b2c | 24c5 fa11 | 0424 c5fa | 114c 2404 | c5fa 1154 | 2408 4c8b | 4c24 184c 
  0x000001e5b4587de0: 894c 2410 | c5fb 115c | 2420 4c89 | 5c24 2844 | 8954 240c | 4489 4424 | 3466 6690 | c5f8 77e8 
  0x000001e5b4587e00: fca4 44f8 | bade ffff | ffc5 fa11 | 4424 08c5 | fa11 4c24 | 0cc5 fa11 | 5424 1090 | c5f8 77e8 
  0x000001e5b4587e20: dca4 44f8 | bade ffff | ff48 8b2c | 24c5 fa11 | 0424 c5fa | 114c 2404 | c5fa 1154 | 2408 4c8b 
  0x000001e5b4587e40: 4424 184c | 8944 2410 | c5fb 115c | 2420 4489 | 5c24 0c44 | 8954 2428 | 4489 4c24 | 3066 6690 
  0x000001e5b4587e60: c5f8 77e8 | 98a4 44f8 | baf6 ffff | ff8b e944 | 890c 2490 | c5f8 77e8 | 84a4 44f8 | baf6 ffff 
  0x000001e5b4587e80: ff66 6690 | c5f8 77e8 | 74a4 44f8 | c4c1 796e | deba f6ff | ffff c5f9 | 7edd 6690 | c5f8 77e8 
  0x000001e5b4587ea0: 5ca4 44f8 | 4489 5c24 | 10ba f6ff | ffff 4489 | 1424 6690 | c5f8 77e8 | 44a4 44f8 | baf6 ffff 
  0x000001e5b4587ec0: ff66 6690 | c5f8 77e8 | 34a4 44f8 | ba76 ffff | ff48 8b2c | 2444 8b54 | 2408 4489 | 1424 4c8b 
  0x000001e5b4587ee0: 5424 184c | 8954 2408 | 448b 5424 | 1044 8954 | 2404 448b | 5c24 1444 | 895c 2410 | 48ff 7424 
  0x000001e5b4587f00: 2048 8f44 | 2418 4889 | 4424 20c5 | fa11 5424 | 1489 7c24 | 2866 6690 | c5f8 77e8 | e0a3 44f8 
  0x000001e5b4587f20: baf6 ffff | ff66 6690 | c5f8 77e8 | d0a3 44f8 | 488b d0eb | 0848 8bd0 | eb03 488b | d0c5 f877 
  0x000001e5b4587f40: 4883 c460 | 5de9 b657 | 4ff8 baf6 | ffff ff49 | 8be8 6690 | c5f8 77e8 | a4a3 44f8 | baf6 ffff 
  0x000001e5b4587f60: ff66 6690 | c5f8 77e8 | 94a3 44f8 | 488b 7424 | 18e9 a3fa | ffff 488b | 7424 18e9 | 99fa ffff 
  0x000001e5b4587f80: baf6 ffff | ff66 6690 | c5f8 77e8 | 70a3 44f8 | baf6 ffff | ff66 6690 | c5f8 77e8 | 60a3 44f8 
  0x000001e5b4587fa0: baf6 ffff | ff66 6690 | c5f8 77e8 | 50a3 44f8 | baf6 ffff | ff66 6690 | c5f8 77e8 | 40a3 44f8 
  0x000001e5b4587fc0: ba45 ffff | ff48 8b2c | 24c5 fa11 | 0424 c5fa | 114c 2404 | c5fa 1154 | 2408 4c8b | 4424 184c 
  0x000001e5b4587fe0: 8944 2410 | c5fb 115c | 2420 4489 | 5c24 0c44 | 8954 2428 | 4489 4c24 | 2c66 6690 | c5f8 77e8 
  0x000001e5b4588000: fca2 44f8 | ba76 ffff | ff48 8b2c | 2444 8b54 | 2408 4489 | 1424 4c8b | 5424 184c | 8954 2408 
  0x000001e5b4588020: 448b 5c24 | 2844 895c | 2404 48ff | 7424 2048 | 8f44 2418 | 4889 4424 | 2044 896c | 2428 6690 
  0x000001e5b4588040: c5f8 77e8 | b8a2 44f8 | baf6 ffff | ff66 6690 | c5f8 77e8 | a8a2 44f8 | baf6 ffff | ff66 6690 
  0x000001e5b4588060: c5f8 77e8 | 98a2 44f8 | ba45 ffff | ff48 8b2c | 24c5 fa11 | 0424 c5fa | 114c 2404 | c5fa 1154 
  0x000001e5b4588080: 2408 4c8b | 4c24 184c | 894c 2410 | c5fb 115c | 2420 4c89 | 5c24 2844 | 8954 240c | 4489 4424 
  0x000001e5b45880a0: 3066 6690 | c5f8 77e8 | 54a2 44f8 | 49ba 6374 | 58b4 e501 | 0000 4d89 | 9758 0300 | 00e9 3eb3 
  0x000001e5b45880c0: 44f8 f4f4 | f4f4 f4f4 | f4f4 f4f4 | f4f4 f4f4 | f4f4 f4f4 | f4f4 f4f4 | f4f4 f4f4 | f4f4 f4f4 
  0x000001e5b45880e0: e99b ca4e | f8e8 0000 | 0000 4883 | 2c24 05e9 | aca5 44f8 | f4f4 f4f4 
[/MachCode]
--------------------------------------------------------------------------------


---------------  P R O C E S S  ---------------

Threads class SMR info:
_java_thread_list=0x000001e5c98d0cf0, length=25, elements={
0x000001e5c843dc40, 0x000001e5c843f8c0, 0x000001e5c84595d0, 0x000001e5c845af90,
0x000001e5c845b940, 0x000001e5c845c2f0, 0x000001e5c84604d0, 0x000001e5c8461ed0,
0x000001e5c846d0a0, 0x000001e5c90ff8d0, 0x000001e5c911b0a0, 0x000001e5c9124b70,
0x000001e5a4eae8e0, 0x000001e5c9317ea0, 0x000001e5c9337ba0, 0x000001e5c932e9e0,
0x000001e5c988e010, 0x000001e5c98c9370, 0x000001e5c98c6b30, 0x000001e5c98c7e70,
0x000001e5c98a71e0, 0x000001e5c98a76f0, 0x000001e5c98a7c00, 0x000001e5c9940900,
0x000001e5c98c8340
}

Java Threads: ( => current thread )
  0x000001e5c843dc40 JavaThread "Reference Handler" daemon [_thread_blocked, id=9020, stack(0x00000065c6b00000,0x00000065c6c00000)]
  0x000001e5c843f8c0 JavaThread "Finalizer" daemon [_thread_blocked, id=22572, stack(0x00000065c6c00000,0x00000065c6d00000)]
  0x000001e5c84595d0 JavaThread "Signal Dispatcher" daemon [_thread_blocked, id=10376, stack(0x00000065c6d00000,0x00000065c6e00000)]
  0x000001e5c845af90 JavaThread "Attach Listener" daemon [_thread_blocked, id=15824, stack(0x00000065c6e00000,0x00000065c6f00000)]
  0x000001e5c845b940 JavaThread "Service Thread" daemon [_thread_blocked, id=21304, stack(0x00000065c6f00000,0x00000065c7000000)]
  0x000001e5c845c2f0 JavaThread "Monitor Deflation Thread" daemon [_thread_blocked, id=13940, stack(0x00000065c7000000,0x00000065c7100000)]
  0x000001e5c84604d0 JavaThread "C2 CompilerThread0" daemon [_thread_blocked, id=6632, stack(0x00000065c7100000,0x00000065c7200000)]
  0x000001e5c8461ed0 JavaThread "C1 CompilerThread0" daemon [_thread_blocked, id=16940, stack(0x00000065c7200000,0x00000065c7300000)]
  0x000001e5c846d0a0 JavaThread "Sweeper thread" daemon [_thread_blocked, id=23132, stack(0x00000065c7300000,0x00000065c7400000)]
  0x000001e5c90ff8d0 JavaThread "C1 CompilerThread1" daemon [_thread_blocked, id=1532, stack(0x00000065c7400000,0x00000065c7500000)]
  0x000001e5c911b0a0 JavaThread "Notification Thread" daemon [_thread_blocked, id=19540, stack(0x00000065c7500000,0x00000065c7600000)]
  0x000001e5c9124b70 JavaThread "Common-Cleaner" daemon [_thread_blocked, id=12328, stack(0x00000065c7700000,0x00000065c7800000)]
  0x000001e5a4eae8e0 JavaThread "DestroyJavaVM" [_thread_blocked, id=2520, stack(0x00000065c6400000,0x00000065c6500000)]
  0x000001e5c9317ea0 JavaThread "Java2D Disposer" daemon [_thread_blocked, id=19984, stack(0x00000065c7900000,0x00000065c7a00000)]
  0x000001e5c9337ba0 JavaThread "AWT-Shutdown" [_thread_blocked, id=5072, stack(0x00000065c7b00000,0x00000065c7c00000)]
  0x000001e5c932e9e0 JavaThread "AWT-Windows" daemon [_thread_in_native, id=24080, stack(0x00000065c7c00000,0x00000065c7d00000)]
  0x000001e5c988e010 JavaThread "AWT-EventQueue-0" [_thread_blocked, id=22728, stack(0x00000065c7a00000,0x00000065c7b00000)]
=>0x000001e5c98c9370 JavaThread "Thread-2" [_thread_in_Java, id=3748, stack(0x00000065c8900000,0x00000065c8a00000)]
  0x000001e5c98c6b30 JavaThread "Thread-1" [_thread_in_Java, id=23504, stack(0x00000065c8a00000,0x00000065c8b00000)]
  0x000001e5c98c7e70 JavaThread "D3D Screen Updater" daemon [_thread_blocked, id=23256, stack(0x00000065c7800000,0x00000065c7900000)]
  0x000001e5c98a71e0 JavaThread "C2 CompilerThread1" daemon [_thread_blocked, id=22276, stack(0x00000065c8b00000,0x00000065c8c00000)]
  0x000001e5c98a76f0 JavaThread "C2 CompilerThread2" daemon [_thread_blocked, id=12208, stack(0x00000065c8c00000,0x00000065c8d00000)]
  0x000001e5c98a7c00 JavaThread "C2 CompilerThread3" daemon [_thread_blocked, id=9040, stack(0x00000065c8d00000,0x00000065c8e00000)]
  0x000001e5c9940900 JavaThread "C2 CompilerThread4" daemon [_thread_blocked, id=24548, stack(0x00000065c8e00000,0x00000065c8f00000)]
  0x000001e5c98c8340 JavaThread "Thread-3" [_thread_in_Java, id=22800, stack(0x00000065c8f00000,0x00000065c9000000)]

Other Threads:
  0x000001e5c8438140 VMThread "VM Thread" [stack: 0x00000065c6a00000,0x00000065c6b00000] [id=10824]
  0x000001e5c91223f0 WatcherThread [stack: 0x00000065c7600000,0x00000065c7700000] [id=24092]
  0x000001e5a4efc200 GCTaskThread "GC Thread#0" [stack: 0x00000065c6500000,0x00000065c6600000] [id=13048]
  0x000001e5c9907230 GCTaskThread "GC Thread#1" [stack: 0x00000065c9000000,0x00000065c9100000] [id=24456]
  0x000001e5c990f590 GCTaskThread "GC Thread#2" [stack: 0x00000065c9100000,0x00000065c9200000] [id=10728]
  0x000001e5c98a6c40 GCTaskThread "GC Thread#3" [stack: 0x00000065c9200000,0x00000065c9300000] [id=24108]
  0x000001e5c98a6ef0 GCTaskThread "GC Thread#4" [stack: 0x00000065c9300000,0x00000065c9400000] [id=14040]
  0x000001e5c9b12130 GCTaskThread "GC Thread#5" [stack: 0x00000065c9400000,0x00000065c9500000] [id=24388]
  0x000001e5c9b123e0 GCTaskThread "GC Thread#6" [stack: 0x00000065c9500000,0x00000065c9600000] [id=21716]
  0x000001e5d0170890 GCTaskThread "GC Thread#7" [stack: 0x00000065c9600000,0x00000065c9700000] [id=23704]
  0x000001e5d0170b40 GCTaskThread "GC Thread#8" [stack: 0x00000065c9700000,0x00000065c9800000] [id=22424]
  0x000001e5c9c7a010 GCTaskThread "GC Thread#9" [stack: 0x00000065c9800000,0x00000065c9900000] [id=14140]
  0x000001e5c9c7ad80 GCTaskThread "GC Thread#10" [stack: 0x00000065c9900000,0x00000065c9a00000] [id=23780]
  0x000001e5c9c7b2e0 GCTaskThread "GC Thread#11" [stack: 0x00000065c9a00000,0x00000065c9b00000] [id=13720]
  0x000001e5a4f0c7d0 ConcurrentGCThread "G1 Main Marker" [stack: 0x00000065c6600000,0x00000065c6700000] [id=3184]
  0x000001e5a4f0e5f0 ConcurrentGCThread "G1 Conc#0" [stack: 0x00000065c6700000,0x00000065c6800000] [id=23004]
  0x000001e5c83024d0 ConcurrentGCThread "G1 Refine#0" [stack: 0x00000065c6800000,0x00000065c6900000] [id=19612]
  0x000001e5c8302df0 ConcurrentGCThread "G1 Service" [stack: 0x00000065c6900000,0x00000065c6a00000] [id=11248]

Threads with active compile tasks:

VM state: not at safepoint (normal execution)

VM Mutex/Monitor currently owned by a thread: None

Heap address: 0x0000000709600000, size: 3946 MB, Compressed Oops mode: Zero based, Oop shift amount: 3

CDS archive(s) mapped at: [0x0000000800000000-0x0000000800bc0000-0x0000000800bc0000), size 12320768, SharedBaseAddress: 0x0000000800000000, ArchiveRelocationMode: 0.
Compressed class space mapped at: 0x0000000800c00000-0x0000000840c00000, reserved size: 1073741824
Narrow klass base: 0x0000000800000000, Narrow klass shift: 0, Narrow klass range: 0x100000000

GC Precious Log:
 CPUs: 16 total, 16 available
 Memory: 15776M
 Large Page Support: Disabled
 NUMA Support: Disabled
 Compressed Oops: Enabled (Zero based)
 Heap Region Size: 2M
 Heap Min Capacity: 8M
 Heap Initial Capacity: 248M
 Heap Max Capacity: 3946M
 Pre-touch: Disabled
 Parallel Workers: 13
 Concurrent Workers: 3
 Concurrent Refinement Workers: 13
 Periodic GC: Disabled

Heap:
 garbage-first heap   total 253952K, used 11778K [0x0000000709600000, 0x0000000800000000)
  region size 2048K, 4 young (8192K), 2 survivors (4096K)
 Metaspace       used 6919K, committed 7104K, reserved 1056768K
  class space    used 751K, committed 832K, reserved 1048576K

Heap Regions: E=young(eden), S=young(survivor), O=old, HS=humongous(starts), HC=humongous(continues), CS=collection set, F=free, OA=open archive, CA=closed archive, TAMS=top-at-mark-start (previous, next)
|   0|0x0000000709600000, 0x0000000709800000, 0x0000000709800000|100%|HS|  |TAMS 0x0000000709600000, 0x0000000709600000| Complete 
|   1|0x0000000709800000, 0x0000000709a00000, 0x0000000709a00000|100%|HC|  |TAMS 0x0000000709800000, 0x0000000709800000| Complete 
|   2|0x0000000709a00000, 0x0000000709b80800, 0x0000000709c00000| 75%| O|  |TAMS 0x0000000709a00000, 0x0000000709a00000| Untracked 
|   3|0x0000000709c00000, 0x0000000709c00000, 0x0000000709e00000|  0%| F|  |TAMS 0x0000000709c00000, 0x0000000709c00000| Untracked 
|   4|0x0000000709e00000, 0x0000000709e00000, 0x000000070a000000|  0%| F|  |TAMS 0x0000000709e00000, 0x0000000709e00000| Untracked 
|   5|0x000000070a000000, 0x000000070a000000, 0x000000070a200000|  0%| F|  |TAMS 0x000000070a000000, 0x000000070a000000| Untracked 
|   6|0x000000070a200000, 0x000000070a200000, 0x000000070a400000|  0%| F|  |TAMS 0x000000070a200000, 0x000000070a200000| Untracked 
|   7|0x000000070a400000, 0x000000070a400000, 0x000000070a600000|  0%| F|  |TAMS 0x000000070a400000, 0x000000070a400000| Untracked 
|   8|0x000000070a600000, 0x000000070a600000, 0x000000070a800000|  0%| F|  |TAMS 0x000000070a600000, 0x000000070a600000| Untracked 
|   9|0x000000070a800000, 0x000000070a800000, 0x000000070aa00000|  0%| F|  |TAMS 0x000000070a800000, 0x000000070a800000| Untracked 
|  10|0x000000070aa00000, 0x000000070aa00000, 0x000000070ac00000|  0%| F|  |TAMS 0x000000070aa00000, 0x000000070aa00000| Untracked 
|  11|0x000000070ac00000, 0x000000070ac00000, 0x000000070ae00000|  0%| F|  |TAMS 0x000000070ac00000, 0x000000070ac00000| Untracked 
|  12|0x000000070ae00000, 0x000000070ae00000, 0x000000070b000000|  0%| F|  |TAMS 0x000000070ae00000, 0x000000070ae00000| Untracked 
|  13|0x000000070b000000, 0x000000070b000000, 0x000000070b200000|  0%| F|  |TAMS 0x000000070b000000, 0x000000070b000000| Untracked 
|  14|0x000000070b200000, 0x000000070b200000, 0x000000070b400000|  0%| F|  |TAMS 0x000000070b200000, 0x000000070b200000| Untracked 
|  15|0x000000070b400000, 0x000000070b400000, 0x000000070b600000|  0%| F|  |TAMS 0x000000070b400000, 0x000000070b400000| Untracked 
|  16|0x000000070b600000, 0x000000070b600000, 0x000000070b800000|  0%| F|  |TAMS 0x000000070b600000, 0x000000070b600000| Untracked 
|  17|0x000000070b800000, 0x000000070b800000, 0x000000070ba00000|  0%| F|  |TAMS 0x000000070b800000, 0x000000070b800000| Untracked 
|  18|0x000000070ba00000, 0x000000070ba00000, 0x000000070bc00000|  0%| F|  |TAMS 0x000000070ba00000, 0x000000070ba00000| Untracked 
|  19|0x000000070bc00000, 0x000000070bc00000, 0x000000070be00000|  0%| F|  |TAMS 0x000000070bc00000, 0x000000070bc00000| Untracked 
|  20|0x000000070be00000, 0x000000070be00000, 0x000000070c000000|  0%| F|  |TAMS 0x000000070be00000, 0x000000070be00000| Untracked 
|  21|0x000000070c000000, 0x000000070c000000, 0x000000070c200000|  0%| F|  |TAMS 0x000000070c000000, 0x000000070c000000| Untracked 
|  22|0x000000070c200000, 0x000000070c200000, 0x000000070c400000|  0%| F|  |TAMS 0x000000070c200000, 0x000000070c200000| Untracked 
|  23|0x000000070c400000, 0x000000070c400000, 0x000000070c600000|  0%| F|  |TAMS 0x000000070c400000, 0x000000070c400000| Untracked 
|  24|0x000000070c600000, 0x000000070c600000, 0x000000070c800000|  0%| F|  |TAMS 0x000000070c600000, 0x000000070c600000| Untracked 
|  25|0x000000070c800000, 0x000000070c800000, 0x000000070ca00000|  0%| F|  |TAMS 0x000000070c800000, 0x000000070c800000| Untracked 
|  26|0x000000070ca00000, 0x000000070ca00000, 0x000000070cc00000|  0%| F|  |TAMS 0x000000070ca00000, 0x000000070ca00000| Untracked 
|  27|0x000000070cc00000, 0x000000070cc00000, 0x000000070ce00000|  0%| F|  |TAMS 0x000000070cc00000, 0x000000070cc00000| Untracked 
|  28|0x000000070ce00000, 0x000000070ce00000, 0x000000070d000000|  0%| F|  |TAMS 0x000000070ce00000, 0x000000070ce00000| Untracked 
|  29|0x000000070d000000, 0x000000070d000000, 0x000000070d200000|  0%| F|  |TAMS 0x000000070d000000, 0x000000070d000000| Untracked 
|  30|0x000000070d200000, 0x000000070d200000, 0x000000070d400000|  0%| F|  |TAMS 0x000000070d200000, 0x000000070d200000| Untracked 
|  31|0x000000070d400000, 0x000000070d400000, 0x000000070d600000|  0%| F|  |TAMS 0x000000070d400000, 0x000000070d400000| Untracked 
|  32|0x000000070d600000, 0x000000070d600000, 0x000000070d800000|  0%| F|  |TAMS 0x000000070d600000, 0x000000070d600000| Untracked 
|  33|0x000000070d800000, 0x000000070d800000, 0x000000070da00000|  0%| F|  |TAMS 0x000000070d800000, 0x000000070d800000| Untracked 
|  34|0x000000070da00000, 0x000000070da00000, 0x000000070dc00000|  0%| F|  |TAMS 0x000000070da00000, 0x000000070da00000| Untracked 
|  35|0x000000070dc00000, 0x000000070dc00000, 0x000000070de00000|  0%| F|  |TAMS 0x000000070dc00000, 0x000000070dc00000| Untracked 
|  36|0x000000070de00000, 0x000000070de00000, 0x000000070e000000|  0%| F|  |TAMS 0x000000070de00000, 0x000000070de00000| Untracked 
|  37|0x000000070e000000, 0x000000070e000000, 0x000000070e200000|  0%| F|  |TAMS 0x000000070e000000, 0x000000070e000000| Untracked 
|  38|0x000000070e200000, 0x000000070e200000, 0x000000070e400000|  0%| F|  |TAMS 0x000000070e200000, 0x000000070e200000| Untracked 
|  39|0x000000070e400000, 0x000000070e400000, 0x000000070e600000|  0%| F|  |TAMS 0x000000070e400000, 0x000000070e400000| Untracked 
|  40|0x000000070e600000, 0x000000070e600000, 0x000000070e800000|  0%| F|  |TAMS 0x000000070e600000, 0x000000070e600000| Untracked 
|  41|0x000000070e800000, 0x000000070e800000, 0x000000070ea00000|  0%| F|  |TAMS 0x000000070e800000, 0x000000070e800000| Untracked 
|  42|0x000000070ea00000, 0x000000070ea00000, 0x000000070ec00000|  0%| F|  |TAMS 0x000000070ea00000, 0x000000070ea00000| Untracked 
|  43|0x000000070ec00000, 0x000000070ec00000, 0x000000070ee00000|  0%| F|  |TAMS 0x000000070ec00000, 0x000000070ec00000| Untracked 
|  44|0x000000070ee00000, 0x000000070ee00000, 0x000000070f000000|  0%| F|  |TAMS 0x000000070ee00000, 0x000000070ee00000| Untracked 
|  45|0x000000070f000000, 0x000000070f000000, 0x000000070f200000|  0%| F|  |TAMS 0x000000070f000000, 0x000000070f000000| Untracked 
|  46|0x000000070f200000, 0x000000070f200000, 0x000000070f400000|  0%| F|  |TAMS 0x000000070f200000, 0x000000070f200000| Untracked 
|  47|0x000000070f400000, 0x000000070f400000, 0x000000070f600000|  0%| F|  |TAMS 0x000000070f400000, 0x000000070f400000| Untracked 
|  48|0x000000070f600000, 0x000000070f600000, 0x000000070f800000|  0%| F|  |TAMS 0x000000070f600000, 0x000000070f600000| Untracked 
|  49|0x000000070f800000, 0x000000070f800000, 0x000000070fa00000|  0%| F|  |TAMS 0x000000070f800000, 0x000000070f800000| Untracked 
|  50|0x000000070fa00000, 0x000000070fa00000, 0x000000070fc00000|  0%| F|  |TAMS 0x000000070fa00000, 0x000000070fa00000| Untracked 
|  51|0x000000070fc00000, 0x000000070fc00000, 0x000000070fe00000|  0%| F|  |TAMS 0x000000070fc00000, 0x000000070fc00000| Untracked 
|  52|0x000000070fe00000, 0x000000070fe00000, 0x0000000710000000|  0%| F|  |TAMS 0x000000070fe00000, 0x000000070fe00000| Untracked 
|  53|0x0000000710000000, 0x0000000710000000, 0x0000000710200000|  0%| F|  |TAMS 0x0000000710000000, 0x0000000710000000| Untracked 
|  54|0x0000000710200000, 0x0000000710200000, 0x0000000710400000|  0%| F|  |TAMS 0x0000000710200000, 0x0000000710200000| Untracked 
|  55|0x0000000710400000, 0x0000000710400000, 0x0000000710600000|  0%| F|  |TAMS 0x0000000710400000, 0x0000000710400000| Untracked 
|  56|0x0000000710600000, 0x0000000710600000, 0x0000000710800000|  0%| F|  |TAMS 0x0000000710600000, 0x0000000710600000| Untracked 
|  57|0x0000000710800000, 0x0000000710800000, 0x0000000710a00000|  0%| F|  |TAMS 0x0000000710800000, 0x0000000710800000| Untracked 
|  58|0x0000000710a00000, 0x0000000710a00000, 0x0000000710c00000|  0%| F|  |TAMS 0x0000000710a00000, 0x0000000710a00000| Untracked 
|  59|0x0000000710c00000, 0x0000000710c00000, 0x0000000710e00000|  0%| F|  |TAMS 0x0000000710c00000, 0x0000000710c00000| Untracked 
|  60|0x0000000710e00000, 0x0000000710e00000, 0x0000000711000000|  0%| F|  |TAMS 0x0000000710e00000, 0x0000000710e00000| Untracked 
|  61|0x0000000711000000, 0x0000000711000000, 0x0000000711200000|  0%| F|  |TAMS 0x0000000711000000, 0x0000000711000000| Untracked 
|  62|0x0000000711200000, 0x0000000711200000, 0x0000000711400000|  0%| F|  |TAMS 0x0000000711200000, 0x0000000711200000| Untracked 
|  63|0x0000000711400000, 0x0000000711400000, 0x0000000711600000|  0%| F|  |TAMS 0x0000000711400000, 0x0000000711400000| Untracked 
|  64|0x0000000711600000, 0x0000000711600000, 0x0000000711800000|  0%| F|  |TAMS 0x0000000711600000, 0x0000000711600000| Untracked 
|  65|0x0000000711800000, 0x0000000711800000, 0x0000000711a00000|  0%| F|  |TAMS 0x0000000711800000, 0x0000000711800000| Untracked 
|  66|0x0000000711a00000, 0x0000000711a00000, 0x0000000711c00000|  0%| F|  |TAMS 0x0000000711a00000, 0x0000000711a00000| Untracked 
|  67|0x0000000711c00000, 0x0000000711c00000, 0x0000000711e00000|  0%| F|  |TAMS 0x0000000711c00000, 0x0000000711c00000| Untracked 
|  68|0x0000000711e00000, 0x0000000711e00000, 0x0000000712000000|  0%| F|  |TAMS 0x0000000711e00000, 0x0000000711e00000| Untracked 
|  69|0x0000000712000000, 0x0000000712000000, 0x0000000712200000|  0%| F|  |TAMS 0x0000000712000000, 0x0000000712000000| Untracked 
|  70|0x0000000712200000, 0x0000000712200000, 0x0000000712400000|  0%| F|  |TAMS 0x0000000712200000, 0x0000000712200000| Untracked 
|  71|0x0000000712400000, 0x0000000712400000, 0x0000000712600000|  0%| F|  |TAMS 0x0000000712400000, 0x0000000712400000| Untracked 
|  72|0x0000000712600000, 0x0000000712600000, 0x0000000712800000|  0%| F|  |TAMS 0x0000000712600000, 0x0000000712600000| Untracked 
|  73|0x0000000712800000, 0x0000000712800000, 0x0000000712a00000|  0%| F|  |TAMS 0x0000000712800000, 0x0000000712800000| Untracked 
|  74|0x0000000712a00000, 0x0000000712a00000, 0x0000000712c00000|  0%| F|  |TAMS 0x0000000712a00000, 0x0000000712a00000| Untracked 
|  75|0x0000000712c00000, 0x0000000712c00000, 0x0000000712e00000|  0%| F|  |TAMS 0x0000000712c00000, 0x0000000712c00000| Untracked 
|  76|0x0000000712e00000, 0x0000000712e00000, 0x0000000713000000|  0%| F|  |TAMS 0x0000000712e00000, 0x0000000712e00000| Untracked 
|  77|0x0000000713000000, 0x0000000713000000, 0x0000000713200000|  0%| F|  |TAMS 0x0000000713000000, 0x0000000713000000| Untracked 
|  78|0x0000000713200000, 0x0000000713200000, 0x0000000713400000|  0%| F|  |TAMS 0x0000000713200000, 0x0000000713200000| Untracked 
|  79|0x0000000713400000, 0x0000000713400000, 0x0000000713600000|  0%| F|  |TAMS 0x0000000713400000, 0x0000000713400000| Untracked 
|  80|0x0000000713600000, 0x0000000713600000, 0x0000000713800000|  0%| F|  |TAMS 0x0000000713600000, 0x0000000713600000| Untracked 
|  81|0x0000000713800000, 0x0000000713800000, 0x0000000713a00000|  0%| F|  |TAMS 0x0000000713800000, 0x0000000713800000| Untracked 
|  82|0x0000000713a00000, 0x0000000713a00000, 0x0000000713c00000|  0%| F|  |TAMS 0x0000000713a00000, 0x0000000713a00000| Untracked 
|  83|0x0000000713c00000, 0x0000000713c00000, 0x0000000713e00000|  0%| F|  |TAMS 0x0000000713c00000, 0x0000000713c00000| Untracked 
|  84|0x0000000713e00000, 0x0000000713e00000, 0x0000000714000000|  0%| F|  |TAMS 0x0000000713e00000, 0x0000000713e00000| Untracked 
|  85|0x0000000714000000, 0x0000000714000000, 0x0000000714200000|  0%| F|  |TAMS 0x0000000714000000, 0x0000000714000000| Untracked 
|  86|0x0000000714200000, 0x0000000714200000, 0x0000000714400000|  0%| F|  |TAMS 0x0000000714200000, 0x0000000714200000| Untracked 
|  87|0x0000000714400000, 0x0000000714400000, 0x0000000714600000|  0%| F|  |TAMS 0x0000000714400000, 0x0000000714400000| Untracked 
|  88|0x0000000714600000, 0x0000000714600000, 0x0000000714800000|  0%| F|  |TAMS 0x0000000714600000, 0x0000000714600000| Untracked 
|  89|0x0000000714800000, 0x0000000714800000, 0x0000000714a00000|  0%| F|  |TAMS 0x0000000714800000, 0x0000000714800000| Untracked 
|  90|0x0000000714a00000, 0x0000000714a00000, 0x0000000714c00000|  0%| F|  |TAMS 0x0000000714a00000, 0x0000000714a00000| Untracked 
|  91|0x0000000714c00000, 0x0000000714c00000, 0x0000000714e00000|  0%| F|  |TAMS 0x0000000714c00000, 0x0000000714c00000| Untracked 
|  92|0x0000000714e00000, 0x0000000714e00000, 0x0000000715000000|  0%| F|  |TAMS 0x0000000714e00000, 0x0000000714e00000| Untracked 
|  93|0x0000000715000000, 0x0000000715000000, 0x0000000715200000|  0%| F|  |TAMS 0x0000000715000000, 0x0000000715000000| Untracked 
|  94|0x0000000715200000, 0x0000000715200000, 0x0000000715400000|  0%| F|  |TAMS 0x0000000715200000, 0x0000000715200000| Untracked 
|  95|0x0000000715400000, 0x0000000715400000, 0x0000000715600000|  0%| F|  |TAMS 0x0000000715400000, 0x0000000715400000| Untracked 
|  96|0x0000000715600000, 0x0000000715600000, 0x0000000715800000|  0%| F|  |TAMS 0x0000000715600000, 0x0000000715600000| Untracked 
|  97|0x0000000715800000, 0x0000000715800000, 0x0000000715a00000|  0%| F|  |TAMS 0x0000000715800000, 0x0000000715800000| Untracked 
|  98|0x0000000715a00000, 0x0000000715a00000, 0x0000000715c00000|  0%| F|  |TAMS 0x0000000715a00000, 0x0000000715a00000| Untracked 
|  99|0x0000000715c00000, 0x0000000715c00000, 0x0000000715e00000|  0%| F|  |TAMS 0x0000000715c00000, 0x0000000715c00000| Untracked 
| 100|0x0000000715e00000, 0x0000000715e00000, 0x0000000716000000|  0%| F|  |TAMS 0x0000000715e00000, 0x0000000715e00000| Untracked 
| 101|0x0000000716000000, 0x0000000716000000, 0x0000000716200000|  0%| F|  |TAMS 0x0000000716000000, 0x0000000716000000| Untracked 
| 102|0x0000000716200000, 0x0000000716200000, 0x0000000716400000|  0%| F|  |TAMS 0x0000000716200000, 0x0000000716200000| Untracked 
| 103|0x0000000716400000, 0x0000000716400000, 0x0000000716600000|  0%| F|  |TAMS 0x0000000716400000, 0x0000000716400000| Untracked 
| 104|0x0000000716600000, 0x0000000716600000, 0x0000000716800000|  0%| F|  |TAMS 0x0000000716600000, 0x0000000716600000| Untracked 
| 105|0x0000000716800000, 0x0000000716800000, 0x0000000716a00000|  0%| F|  |TAMS 0x0000000716800000, 0x0000000716800000| Untracked 
| 106|0x0000000716a00000, 0x0000000716a00000, 0x0000000716c00000|  0%| F|  |TAMS 0x0000000716a00000, 0x0000000716a00000| Untracked 
| 107|0x0000000716c00000, 0x0000000716c00000, 0x0000000716e00000|  0%| F|  |TAMS 0x0000000716c00000, 0x0000000716c00000| Untracked 
| 108|0x0000000716e00000, 0x0000000716e00000, 0x0000000717000000|  0%| F|  |TAMS 0x0000000716e00000, 0x0000000716e00000| Untracked 
| 109|0x0000000717000000, 0x0000000717000000, 0x0000000717200000|  0%| F|  |TAMS 0x0000000717000000, 0x0000000717000000| Untracked 
| 110|0x0000000717200000, 0x0000000717200000, 0x0000000717400000|  0%| F|  |TAMS 0x0000000717200000, 0x0000000717200000| Untracked 
| 111|0x0000000717400000, 0x0000000717600000, 0x0000000717600000|100%| S|CS|TAMS 0x0000000717400000, 0x0000000717400000| Complete 
| 112|0x0000000717600000, 0x0000000717800000, 0x0000000717800000|100%| S|CS|TAMS 0x0000000717600000, 0x0000000717600000| Complete 
| 113|0x0000000717800000, 0x0000000717800000, 0x0000000717a00000|  0%| F|  |TAMS 0x0000000717800000, 0x0000000717800000| Untracked 
| 114|0x0000000717a00000, 0x0000000717a00000, 0x0000000717c00000|  0%| F|  |TAMS 0x0000000717a00000, 0x0000000717a00000| Untracked 
| 115|0x0000000717c00000, 0x0000000717c00000, 0x0000000717e00000|  0%| F|  |TAMS 0x0000000717c00000, 0x0000000717c00000| Untracked 
| 116|0x0000000717e00000, 0x0000000717e00000, 0x0000000718000000|  0%| F|  |TAMS 0x0000000717e00000, 0x0000000717e00000| Untracked 
| 117|0x0000000718000000, 0x0000000718000000, 0x0000000718200000|  0%| F|  |TAMS 0x0000000718000000, 0x0000000718000000| Untracked 
| 118|0x0000000718200000, 0x0000000718200000, 0x0000000718400000|  0%| F|  |TAMS 0x0000000718200000, 0x0000000718200000| Untracked 
| 119|0x0000000718400000, 0x0000000718400000, 0x0000000718600000|  0%| F|  |TAMS 0x0000000718400000, 0x0000000718400000| Untracked 
| 120|0x0000000718600000, 0x0000000718600000, 0x0000000718800000|  0%| F|  |TAMS 0x0000000718600000, 0x0000000718600000| Untracked 
| 121|0x0000000718800000, 0x0000000718800000, 0x0000000718a00000|  0%| F|  |TAMS 0x0000000718800000, 0x0000000718800000| Untracked 
| 122|0x0000000718a00000, 0x0000000718ab6b20, 0x0000000718c00000| 35%| E|  |TAMS 0x0000000718a00000, 0x0000000718a00000| Complete 
| 123|0x0000000718c00000, 0x0000000718e00000, 0x0000000718e00000|100%| E|CS|TAMS 0x0000000718c00000, 0x0000000718c00000| Complete 

Card table byte_map: [0x000001e5bc9d0000,0x000001e5bd190000] _byte_map_base: 0x000001e5b9185000

Marking Bits (Prev, Next): (CMBitMap*) 0x000001e5a4efc810, (CMBitMap*) 0x000001e5a4efc850
 Prev Bits: [0x000001e5bd950000, 0x000001e5c16f8000)
 Next Bits: [0x000001e5c1700000, 0x000001e5c54a8000)

Polling page: 0x000001e5a2c10000

Metaspace:

Usage:
  Non-class:      6.02 MB used.
      Class:    751.91 KB used.
       Both:      6.76 MB used.

Virtual space:
  Non-class space:        8.00 MB reserved,       6.12 MB ( 77%) committed,  1 nodes.
      Class space:        1.00 GB reserved,     832.00 KB ( <1%) committed,  1 nodes.
             Both:        1.01 GB reserved,       6.94 MB ( <1%) committed. 

Chunk freelists:
   Non-Class:  1.89 MB
       Class:  3.22 MB
        Both:  5.12 MB

MaxMetaspaceSize: unlimited
CompressedClassSpaceSize: 1.00 GB
Initial GC threshold: 21.00 MB
Current GC threshold: 21.00 MB
CDS: on
MetaspaceReclaimPolicy: balanced
 - commit_granule_bytes: 65536.
 - commit_granule_words: 8192.
 - virtual_space_node_default_size: 1048576.
 - enlarge_chunks_in_place: 1.
 - new_chunks_are_fully_committed: 0.
 - uncommit_free_chunks: 1.
 - use_allocation_guard: 0.
 - handle_deallocations: 1.


Internal statistics:

num_allocs_failed_limit: 0.
num_arena_births: 128.
num_arena_deaths: 0.
num_vsnodes_births: 2.
num_vsnodes_deaths: 0.
num_space_committed: 111.
num_space_uncommitted: 0.
num_chunks_returned_to_freelist: 0.
num_chunks_taken_from_freelist: 177.
num_chunk_merges: 0.
num_chunk_splits: 106.
num_chunks_enlarged: 52.
num_purges: 0.
num_inconsistent_stats: 0.

CodeHeap 'non-profiled nmethods': size=119168Kb used=427Kb max_used=427Kb free=118740Kb
 bounds [0x000001e5b4520000, 0x000001e5b4790000, 0x000001e5bb980000]
CodeHeap 'profiled nmethods': size=119104Kb used=1495Kb max_used=1495Kb free=117608Kb
 bounds [0x000001e5ad0d0000, 0x000001e5ad340000, 0x000001e5b4520000]
CodeHeap 'non-nmethods': size=7488Kb used=1822Kb max_used=1843Kb free=5666Kb
 bounds [0x000001e5ac980000, 0x000001e5acbf0000, 0x000001e5ad0d0000]
 total_blobs=1670 nmethods=1091 adapters=491
 compilation: enabled
              stopped_count=0, restarted_count=0
 full_count=0

Compilation events (20 events):
Event: 0.825 Thread 0x000001e5c98a76f0 nmethod 1073 0x000001e5b4583990 code [0x000001e5b4583b20, 0x000001e5b4584058]
Event: 0.831 Thread 0x000001e5c90ff8d0 1074       3       sun.java2d.pipe.Region::clipRound (34 bytes)
Event: 0.832 Thread 0x000001e5c90ff8d0 nmethod 1074 0x000001e5ad243d90 code [0x000001e5ad243f80, 0x000001e5ad244228]
Event: 0.839 Thread 0x000001e5c8461ed0 1075       3       java.lang.Math::floor (5 bytes)
Event: 0.839 Thread 0x000001e5c90ff8d0 1076       3       java.lang.StrictMath::floor (12 bytes)
Event: 0.839 Thread 0x000001e5c8461ed0 nmethod 1075 0x000001e5ad244310 code [0x000001e5ad2444a0, 0x000001e5ad2445a8]
Event: 0.839 Thread 0x000001e5c90ff8d0 nmethod 1076 0x000001e5ad244690 code [0x000001e5ad244860, 0x000001e5ad244988]
Event: 0.841 Thread 0x000001e5c98a71e0 1077       4       java.lang.Math::round (56 bytes)
Event: 0.841 Thread 0x000001e5c98a71e0 nmethod 1077 0x000001e5b4584310 code [0x000001e5b4584480, 0x000001e5b4584538]
Event: 0.843 Thread 0x000001e5c98a76f0 1078 %     4       summit.gfx.Renderer::renderLight @ 64 (225 bytes)
Event: 0.847 Thread 0x000001e5c90ff8d0 1080       3       java.lang.ref.Reference::enqueueFromPending (19 bytes)
Event: 0.847 Thread 0x000001e5c8461ed0 1081   !   3       java.lang.ref.ReferenceQueue::enqueue (119 bytes)
Event: 0.847 Thread 0x000001e5c90ff8d0 nmethod 1080 0x000001e5ad244a10 code [0x000001e5ad244bc0, 0x000001e5ad244de8]
Event: 0.848 Thread 0x000001e5c90ff8d0 1083       3       java.lang.ref.Reference::clear (5 bytes)
Event: 0.848 Thread 0x000001e5c90ff8d0 nmethod 1083 0x000001e5ad244e90 code [0x000001e5ad245020, 0x000001e5ad245168]
Event: 0.848 Thread 0x000001e5c8461ed0 nmethod 1081 0x000001e5ad245210 code [0x000001e5ad245400, 0x000001e5ad245b08]
Event: 0.858 Thread 0x000001e5c98a76f0 nmethod 1078% 0x000001e5b4585210 code [0x000001e5b45853c0, 0x000001e5b4585e18]
Event: 0.862 Thread 0x000001e5c98a7c00 1085       4       summit.gfx.Renderer::renderLight (225 bytes)
Event: 0.867 Thread 0x000001e5c9940900 nmethod 1064 0x000001e5b4586110 code [0x000001e5b4586320, 0x000001e5b45880f8]
Event: 0.868 Thread 0x000001e5c98a7c00 nmethod 1085 0x000001e5b4589090 code [0x000001e5b4589260, 0x000001e5b4589788]

GC Heap History (2 events):
Event: 0.843 GC heap before
{Heap before GC invocations=0 (full 0):
 garbage-first heap   total 253952K, used 26624K [0x0000000709600000, 0x0000000800000000)
  region size 2048K, 11 young (22528K), 0 survivors (0K)
 Metaspace       used 6917K, committed 7104K, reserved 1056768K
  class space    used 751K, committed 832K, reserved 1048576K
}
Event: 0.846 GC heap after
{Heap after GC invocations=1 (full 0):
 garbage-first heap   total 253952K, used 9730K [0x0000000709600000, 0x0000000800000000)
  region size 2048K, 2 young (4096K), 2 survivors (4096K)
 Metaspace       used 6917K, committed 7104K, reserved 1056768K
  class space    used 751K, committed 832K, reserved 1048576K
}

Deoptimization events (20 events):
Event: 0.860 Thread 0x000001e5c98c9370 DEOPT PACKING pc=0x000001e5ad23c43a sp=0x00000065c89feca0
Event: 0.860 Thread 0x000001e5c98c9370 DEOPT UNPACKING pc=0x000001e5ac9d2b43 sp=0x00000065c89fe150 mode 0
Event: 0.860 Thread 0x000001e5c98c9370 DEOPT PACKING pc=0x000001e5ad23c43a sp=0x00000065c89feca0
Event: 0.860 Thread 0x000001e5c98c9370 DEOPT UNPACKING pc=0x000001e5ac9d2b43 sp=0x00000065c89fe150 mode 0
Event: 0.860 Thread 0x000001e5c98c9370 DEOPT PACKING pc=0x000001e5ad23c43a sp=0x00000065c89feca0
Event: 0.860 Thread 0x000001e5c98c9370 DEOPT UNPACKING pc=0x000001e5ac9d2b43 sp=0x00000065c89fe150 mode 0
Event: 0.861 Thread 0x000001e5c98c9370 DEOPT PACKING pc=0x000001e5ad23c43a sp=0x00000065c89feca0
Event: 0.861 Thread 0x000001e5c98c9370 DEOPT UNPACKING pc=0x000001e5ac9d2b43 sp=0x00000065c89fe150 mode 0
Event: 0.861 Thread 0x000001e5c98c9370 DEOPT PACKING pc=0x000001e5ad23c43a sp=0x00000065c89febf0
Event: 0.861 Thread 0x000001e5c98c9370 DEOPT UNPACKING pc=0x000001e5ac9d2b43 sp=0x00000065c89fe0a0 mode 0
Event: 0.861 Thread 0x000001e5c98c9370 DEOPT PACKING pc=0x000001e5ad23c43a sp=0x00000065c89feca0
Event: 0.861 Thread 0x000001e5c98c9370 DEOPT UNPACKING pc=0x000001e5ac9d2b43 sp=0x00000065c89fe150 mode 0
Event: 0.861 Thread 0x000001e5c98c9370 DEOPT PACKING pc=0x000001e5ad23c43a sp=0x00000065c89feca0
Event: 0.861 Thread 0x000001e5c98c9370 DEOPT UNPACKING pc=0x000001e5ac9d2b43 sp=0x00000065c89fe150 mode 0
Event: 0.862 Thread 0x000001e5c98c9370 DEOPT PACKING pc=0x000001e5ad23c43a sp=0x00000065c89feca0
Event: 0.862 Thread 0x000001e5c98c9370 DEOPT UNPACKING pc=0x000001e5ac9d2b43 sp=0x00000065c89fe150 mode 0
Event: 0.862 Thread 0x000001e5c98c9370 DEOPT PACKING pc=0x000001e5ad23c43a sp=0x00000065c89feca0
Event: 0.862 Thread 0x000001e5c98c9370 DEOPT UNPACKING pc=0x000001e5ac9d2b43 sp=0x00000065c89fe150 mode 0
Event: 0.862 Thread 0x000001e5c98c9370 DEOPT PACKING pc=0x000001e5ad2437fe sp=0x00000065c89fee70
Event: 0.862 Thread 0x000001e5c98c9370 DEOPT UNPACKING pc=0x000001e5ac9d2b43 sp=0x00000065c89fe358 mode 0

Classes unloaded (0 events):
No events

Classes redefined (0 events):
No events

Internal exceptions (13 events):
Event: 0.056 Thread 0x000001e5c9135a90 Exception <a 'java/lang/ClassNotFoundException'{0x0000000718a2c1c8}: sun/awt/resources/spi/awtProvider> (0x0000000718a2c1c8) 
thrown [e:\jenkins\tmp\workspace\build\src\src\hotspot\share\classfile\systemDictionary.cpp, line 256]
Event: 0.077 Thread 0x000001e5c9135a90 Exception <a 'java/io/FileNotFoundException'{0x0000000718af5c78}> (0x0000000718af5c78) 
thrown [e:\jenkins\tmp\workspace\build\src\src\hotspot\share\prims\jni.cpp, line 516]
Event: 0.082 Thread 0x000001e5c9135a90 Exception <a 'java/io/FileNotFoundException'{0x0000000718b22c38}> (0x0000000718b22c38) 
thrown [e:\jenkins\tmp\workspace\build\src\src\hotspot\share\prims\jni.cpp, line 516]
Event: 0.095 Thread 0x000001e5c9135a90 Exception <a 'java/lang/NoSuchMethodError'{0x0000000718b58638}: 'java.lang.Object java.lang.invoke.DirectMethodHandle$Holder.invokeStaticInit(java.lang.Object)'> (0x0000000718b58638) 
thrown [e:\jenkins\tmp\workspace\build\src\src\hotspot\share\interpreter\linkResolver.cpp, line 766]
Event: 0.239 Thread 0x000001e5c9135a90 Exception <a 'java/lang/NoSuchMethodError'{0x00000007186bce80}: 'void java.lang.invoke.DirectMethodHandle$Holder.invokeSpecial(java.lang.Object, java.lang.Object, java.lang.Object)'> (0x00000007186bce80) 
thrown [e:\jenkins\tmp\workspace\build\src\src\hotspot\share\interpreter\linkResolver.cpp, line 766]
Event: 0.244 Thread 0x000001e5c9135a90 Exception <a 'java/lang/NoSuchMethodError'{0x00000007186e7388}: 'java.lang.Object java.lang.invoke.DirectMethodHandle$Holder.newInvokeSpecial(java.lang.Object, java.lang.Object, java.lang.Object, java.lang.Object, java.lang.Object)'> (0x00000007186e7388) 
thrown [e:\jenkins\tmp\workspace\build\src\src\hotspot\share\interpreter\linkResolver.cpp, line 766]
Event: 0.246 Thread 0x000001e5c9135a90 Exception <a 'java/lang/NoSuchMethodError'{0x00000007186f2d50}: 'java.lang.Object java.lang.invoke.DirectMethodHandle$Holder.invokeStatic(java.lang.Object, int, java.lang.Object, java.lang.Object, java.lang.Object, java.lang.Object)'> (0x00000007186f2d50) 
thrown [e:\jenkins\tmp\workspace\build\src\src\hotspot\share\interpreter\linkResolver.cpp, line 766]
Event: 0.249 Thread 0x000001e5c9135a90 Exception <a 'java/lang/NoSuchMethodError'{0x0000000718718470}: 'java.lang.Object java.lang.invoke.DirectMethodHandle$Holder.invokeStatic(java.lang.Object, int, java.lang.Object)'> (0x0000000718718470) 
thrown [e:\jenkins\tmp\workspace\build\src\src\hotspot\share\interpreter\linkResolver.cpp, line 766]
Event: 0.267 Thread 0x000001e5c9135a90 Exception <a 'java/lang/ClassNotFoundException'{0x00000007187d0630}: com/sun/swing/internal/plaf/metal/resources/spi/metalProvider> (0x00000007187d0630) 
thrown [e:\jenkins\tmp\workspace\build\src\src\hotspot\share\classfile\systemDictionary.cpp, line 256]
Event: 0.268 Thread 0x000001e5c9135a90 Exception <a 'java/lang/ClassNotFoundException'{0x00000007187d4508}: com/sun/swing/internal/plaf/basic/resources/spi/basicProvider> (0x00000007187d4508) 
thrown [e:\jenkins\tmp\workspace\build\src\src\hotspot\share\classfile\systemDictionary.cpp, line 256]
Event: 0.280 Thread 0x000001e5c932e9e0 Exception <a 'java/lang/NoSuchMethodError'{0x00000007189d4a78}: 'void java.lang.invoke.DirectMethodHandle$Holder.invokeVirtual(java.lang.Object, java.lang.Object)'> (0x00000007189d4a78) 
thrown [e:\jenkins\tmp\workspace\build\src\src\hotspot\share\interpreter\linkResolver.cpp, line 766]
Event: 0.291 Thread 0x000001e5c9135a90 Exception <a 'java/lang/NoSuchMethodError'{0x0000000718483d18}: 'void java.lang.invoke.DirectMethodHandle$Holder.invokeStaticInit(java.lang.Object)'> (0x0000000718483d18) 
thrown [e:\jenkins\tmp\workspace\build\src\src\hotspot\share\interpreter\linkResolver.cpp, line 766]
Event: 0.743 Thread 0x000001e5c988e010 Implicit null exception at 0x000001e5b456f8d6 to 0x000001e5b456f9d4

VM Operations (12 events):
Event: 0.040 Executing VM operation: HandshakeAllThreads
Event: 0.040 Executing VM operation: HandshakeAllThreads done
Event: 0.267 Executing VM operation: HandshakeAllThreads
Event: 0.267 Executing VM operation: HandshakeAllThreads done
Event: 0.308 Executing VM operation: HandshakeAllThreads
Event: 0.308 Executing VM operation: HandshakeAllThreads done
Event: 0.335 Executing VM operation: HandshakeAllThreads
Event: 0.335 Executing VM operation: HandshakeAllThreads done
Event: 0.728 Executing VM operation: HandshakeAllThreads
Event: 0.728 Executing VM operation: HandshakeAllThreads done
Event: 0.843 Executing VM operation: G1CollectForAllocation
Event: 0.847 Executing VM operation: G1CollectForAllocation done

Events (20 events):
Event: 0.356 loading class java/awt/TextComponent done
Event: 0.356 loading class javax/swing/text/JTextComponent
Event: 0.357 loading class javax/swing/Scrollable
Event: 0.357 loading class javax/swing/Scrollable done
Event: 0.357 loading class javax/swing/text/JTextComponent done
Event: 0.359 loading class java/awt/event/MouseWheelEvent
Event: 0.359 loading class java/awt/event/MouseWheelEvent done
Event: 0.366 loading class sun/awt/image/BufImgSurfaceManager
Event: 0.366 loading class sun/awt/image/BufImgSurfaceManager done
Event: 0.366 loading class sun/awt/image/BufImgSurfaceData
Event: 0.366 loading class sun/awt/image/BufImgSurfaceData done
Event: 0.366 loading class sun/awt/image/BufImgSurfaceData$ICMColorData
Event: 0.366 loading class sun/awt/image/BufImgSurfaceData$ICMColorData done
Event: 0.726 loading class java/lang/Math$RandomNumberGeneratorHolder
Event: 0.726 loading class java/lang/Math$RandomNumberGeneratorHolder done
Event: 0.737 Thread 0x000001e5c98a71e0 Thread added: 0x000001e5c98a71e0
Event: 0.739 Thread 0x000001e5c98a76f0 Thread added: 0x000001e5c98a76f0
Event: 0.740 Thread 0x000001e5c98a7c00 Thread added: 0x000001e5c98a7c00
Event: 0.740 Thread 0x000001e5c9940900 Thread added: 0x000001e5c9940900
Event: 0.759 Thread 0x000001e5c98c8340 Thread added: 0x000001e5c98c8340


Dynamic libraries:
0x00007ff7039e0000 - 0x00007ff7039ee000 	C:\Users\aadiu\AppData\Local\Programs\Eclipse Adoptium\jdk-17.0.2.8-hotspot\bin\java.exe
0x00007ffb36970000 - 0x00007ffb36b68000 	C:\Windows\SYSTEM32\ntdll.dll
0x00007ffb352a0000 - 0x00007ffb3535f000 	C:\Windows\System32\KERNEL32.DLL
0x00007ffb34310000 - 0x00007ffb345e2000 	C:\Windows\System32\KERNELBASE.dll
0x00007ffb34110000 - 0x00007ffb34210000 	C:\Windows\System32\ucrtbase.dll
0x00007ffb31dc0000 - 0x00007ffb31dd8000 	C:\Users\aadiu\AppData\Local\Programs\Eclipse Adoptium\jdk-17.0.2.8-hotspot\bin\jli.dll
0x00007ffb1e3d0000 - 0x00007ffb1e3e9000 	C:\Users\aadiu\AppData\Local\Programs\Eclipse Adoptium\jdk-17.0.2.8-hotspot\bin\VCRUNTIME140.dll
0x00007ffb35530000 - 0x00007ffb356cd000 	C:\Windows\System32\USER32.dll
0x00007ffb34720000 - 0x00007ffb34742000 	C:\Windows\System32\win32u.dll
0x00007ffb20b10000 - 0x00007ffb20daa000 	C:\Windows\WinSxS\amd64_microsoft.windows.common-controls_6595b64144ccf1df_6.0.19041.1110_none_60b5254171f9507e\COMCTL32.dll
0x00007ffb35fa0000 - 0x00007ffb35fcb000 	C:\Windows\System32\GDI32.dll
0x00007ffb35f00000 - 0x00007ffb35f9e000 	C:\Windows\System32\msvcrt.dll
0x00007ffb34750000 - 0x00007ffb3485f000 	C:\Windows\System32\gdi32full.dll
0x00007ffb345f0000 - 0x00007ffb3468d000 	C:\Windows\System32\msvcp_win.dll
0x00007ffb356f0000 - 0x00007ffb35722000 	C:\Windows\System32\IMM32.DLL
0x00007ffb31e90000 - 0x00007ffb31e9c000 	C:\Users\aadiu\AppData\Local\Programs\Eclipse Adoptium\jdk-17.0.2.8-hotspot\bin\vcruntime140_1.dll
0x00007ffb18760000 - 0x00007ffb187f1000 	C:\Users\aadiu\AppData\Local\Programs\Eclipse Adoptium\jdk-17.0.2.8-hotspot\bin\msvcp140.dll
0x00007ffabf480000 - 0x00007ffac00c7000 	C:\Users\aadiu\AppData\Local\Programs\Eclipse Adoptium\jdk-17.0.2.8-hotspot\bin\server\jvm.dll
0x00007ffb34ec0000 - 0x00007ffb34f6e000 	C:\Windows\System32\ADVAPI32.dll
0x00007ffb35e60000 - 0x00007ffb35efc000 	C:\Windows\System32\sechost.dll
0x00007ffb35ba0000 - 0x00007ffb35cc5000 	C:\Windows\System32\RPCRT4.dll
0x00007ffb34eb0000 - 0x00007ffb34eb8000 	C:\Windows\System32\PSAPI.DLL
0x00007ffb31d40000 - 0x00007ffb31d67000 	C:\Windows\SYSTEM32\WINMM.dll
0x00007ffb1d990000 - 0x00007ffb1d999000 	C:\Windows\SYSTEM32\WSOCK32.dll
0x00007ffb35160000 - 0x00007ffb351cb000 	C:\Windows\System32\WS2_32.dll
0x00007ffb2d720000 - 0x00007ffb2d72a000 	C:\Windows\SYSTEM32\VERSION.dll
0x00007ffb31fa0000 - 0x00007ffb31fb2000 	C:\Windows\SYSTEM32\kernel.appcore.dll
0x00007ffb31d70000 - 0x00007ffb31d7a000 	C:\Users\aadiu\AppData\Local\Programs\Eclipse Adoptium\jdk-17.0.2.8-hotspot\bin\jimage.dll
0x00007ffb31b50000 - 0x00007ffb31d34000 	C:\Windows\SYSTEM32\DBGHELP.DLL
0x00007ffb31b20000 - 0x00007ffb31b4c000 	C:\Windows\SYSTEM32\dbgcore.DLL
0x00007ffb34690000 - 0x00007ffb34712000 	C:\Windows\System32\bcryptPrimitives.dll
0x00007ffb1dfe0000 - 0x00007ffb1e005000 	C:\Users\aadiu\AppData\Local\Programs\Eclipse Adoptium\jdk-17.0.2.8-hotspot\bin\java.dll
0x00007ffb0bb00000 - 0x00007ffb0bbd6000 	C:\Users\aadiu\AppData\Local\Programs\Eclipse Adoptium\jdk-17.0.2.8-hotspot\bin\jsvml.dll
0x00007ffb35fd0000 - 0x00007ffb36713000 	C:\Windows\System32\SHELL32.dll
0x00007ffb32130000 - 0x00007ffb328c2000 	C:\Windows\SYSTEM32\windows.storage.dll
0x00007ffb34ad0000 - 0x00007ffb34e24000 	C:\Windows\System32\combase.dll
0x00007ffb33a60000 - 0x00007ffb33a90000 	C:\Windows\SYSTEM32\Wldp.dll
0x00007ffb349c0000 - 0x00007ffb34a6d000 	C:\Windows\System32\SHCORE.dll
0x00007ffb35020000 - 0x00007ffb35075000 	C:\Windows\System32\shlwapi.dll
0x00007ffb33fb0000 - 0x00007ffb33fcf000 	C:\Windows\SYSTEM32\profapi.dll
0x00007ffb0b300000 - 0x00007ffb0b48e000 	C:\Users\aadiu\AppData\Local\Programs\Eclipse Adoptium\jdk-17.0.2.8-hotspot\bin\awt.dll
0x00007ffb351d0000 - 0x00007ffb3529d000 	C:\Windows\System32\OLEAUT32.dll
0x00007ffb31300000 - 0x00007ffb31391000 	C:\Windows\SYSTEM32\apphelp.dll
0x00007ffb1e3b0000 - 0x00007ffb1e3c8000 	C:\Users\aadiu\AppData\Local\Programs\Eclipse Adoptium\jdk-17.0.2.8-hotspot\bin\zip.dll
0x00007ffb31410000 - 0x00007ffb314ae000 	C:\Windows\system32\uxtheme.dll
0x00007ffb353f0000 - 0x00007ffb35505000 	C:\Windows\System32\MSCTF.dll
0x00007ffb35cd0000 - 0x00007ffb35dfa000 	C:\Windows\System32\ole32.dll
0x00007ffb31590000 - 0x00007ffb315bf000 	C:\Windows\system32\DWMAPI.DLL
0x00007ffadadb0000 - 0x00007ffadaed5000 	C:\Windows\system32\opengl32.dll
0x00007ffada100000 - 0x00007ffada12c000 	C:\Windows\SYSTEM32\GLU32.dll
0x00007ffb269b0000 - 0x00007ffb26b7f000 	C:\Windows\system32\d3d9.dll
0x00007ffb28d70000 - 0x00007ffb28f28000 	C:\Windows\System32\DriverStore\FileRepository\u0370468.inf_amd64_5e4260b11257b6e9\B370372\aticfx64.dll
0x00007ffb1dfa0000 - 0x00007ffb1dfd4000 	C:\Windows\System32\DriverStore\FileRepository\u0370468.inf_amd64_5e4260b11257b6e9\B370372\atiu9p64.dll
0x00007ffabe720000 - 0x00007ffabf474000 	C:\Windows\System32\DriverStore\FileRepository\u0370468.inf_amd64_5e4260b11257b6e9\B370372\atiumd64.dll
0x000000006c4b0000 - 0x000000006d324000 	C:\Windows\System32\DriverStore\FileRepository\u0370468.inf_amd64_5e4260b11257b6e9\B370372\atiumd6a.dll
0x00007ffb35730000 - 0x00007ffb35b98000 	C:\Windows\System32\SETUPAPI.dll
0x00007ffb34210000 - 0x00007ffb3425e000 	C:\Windows\System32\cfgmgr32.dll
0x00007ffb33e30000 - 0x00007ffb33e7b000 	C:\Windows\SYSTEM32\POWRPROF.dll
0x00007ffb34070000 - 0x00007ffb34097000 	C:\Windows\System32\bcrypt.dll
0x00007ffb33e10000 - 0x00007ffb33e22000 	C:\Windows\SYSTEM32\UMPDC.dll
0x00007ffb29180000 - 0x00007ffb291b0000 	C:\Windows\SYSTEM32\amdihk64.dll
0x00007ffb29960000 - 0x00007ffb2999b000 	C:\Windows\SYSTEM32\dxcore.dll
0x00007ffb0d970000 - 0x00007ffb0d9f9000 	C:\Users\aadiu\AppData\Local\Programs\Eclipse Adoptium\jdk-17.0.2.8-hotspot\bin\freetype.dll
0x00007ffb0b250000 - 0x00007ffb0b2f8000 	C:\Users\aadiu\AppData\Local\Programs\Eclipse Adoptium\jdk-17.0.2.8-hotspot\bin\fontmanager.dll
0x00007ffb28f30000 - 0x00007ffb29029000 	C:\Windows\SYSTEM32\textinputframework.dll
0x00007ffb309d0000 - 0x00007ffb30ac2000 	C:\Windows\System32\CoreMessaging.dll
0x00007ffb30e70000 - 0x00007ffb311ce000 	C:\Windows\System32\CoreUIComponents.dll
0x00007ffb33190000 - 0x00007ffb331c3000 	C:\Windows\SYSTEM32\ntmarta.dll
0x00007ffb30200000 - 0x00007ffb30354000 	C:\Windows\SYSTEM32\wintypes.dll

dbghelp: loaded successfully - version: 4.0.5 - missing functions: none
symbol engine: initialized successfully - sym options: 0x614 - pdb path: .;C:\Users\aadiu\AppData\Local\Programs\Eclipse Adoptium\jdk-17.0.2.8-hotspot\bin;C:\Windows\SYSTEM32;C:\Windows\WinSxS\amd64_microsoft.windows.common-controls_6595b64144ccf1df_6.0.19041.1110_none_60b5254171f9507e;C:\Users\aadiu\AppData\Local\Programs\Eclipse Adoptium\jdk-17.0.2.8-hotspot\bin\server;C:\Windows\System32\DriverStore\FileRepository\u0370468.inf_amd64_5e4260b11257b6e9\B370372

VM Arguments:
jvm_args: -XX:+ShowCodeDetailsInExceptionMessages 
java_command: summit.Main
java_class_path (initial): C:\Users\aadiu\AppData\Roaming\Code\User\workspaceStorage\929b6f7fce9865a60d0bbe8b6a275a21\redhat.java\jdt_ws\Summit Game_948de7c9\bin
Launcher Type: SUN_STANDARD

[Global flags]
     intx CICompilerCount                          = 12                                        {product} {ergonomic}
     uint ConcGCThreads                            = 3                                         {product} {ergonomic}
     uint G1ConcRefinementThreads                  = 13                                        {product} {ergonomic}
   size_t G1HeapRegionSize                         = 2097152                                   {product} {ergonomic}
    uintx GCDrainStackTargetSize                   = 64                                        {product} {ergonomic}
   size_t InitialHeapSize                          = 260046848                                 {product} {ergonomic}
   size_t MarkStackSize                            = 4194304                                   {product} {ergonomic}
   size_t MaxHeapSize                              = 4137680896                                {product} {ergonomic}
   size_t MaxNewSize                               = 2480930816                                {product} {ergonomic}
   size_t MinHeapDeltaBytes                        = 2097152                                   {product} {ergonomic}
   size_t MinHeapSize                              = 8388608                                   {product} {ergonomic}
    uintx NonNMethodCodeHeapSize                   = 7602480                                {pd product} {ergonomic}
    uintx NonProfiledCodeHeapSize                  = 122027880                              {pd product} {ergonomic}
    uintx ProfiledCodeHeapSize                     = 122027880                              {pd product} {ergonomic}
    uintx ReservedCodeCacheSize                    = 251658240                              {pd product} {ergonomic}
     bool SegmentedCodeCache                       = true                                      {product} {ergonomic}
     bool ShowCodeDetailsInExceptionMessages       = true                                   {manageable} {command line}
   size_t SoftMaxHeapSize                          = 4137680896                             {manageable} {ergonomic}
     bool UseCompressedClassPointers               = true                           {product lp64_product} {ergonomic}
     bool UseCompressedOops                        = true                           {product lp64_product} {ergonomic}
     bool UseG1GC                                  = true                                      {product} {ergonomic}
     bool UseLargePagesIndividualAllocation        = false                                  {pd product} {ergonomic}

Logging:
Log output configuration:
 #0: stdout all=warning uptime,level,tags
 #1: stderr all=off uptime,level,tags

Environment Variables:
JAVA_HOME=C:\Users\aadiu\AppData\Local\Programs\Eclipse Adoptium\jdk-17.0.2.8-hotspot\
PATH=C:\Program Files (x86)\Razer Chroma SDK\bin;C:\Program Files\Razer Chroma SDK\bin;C:\Program Files (x86)\Razer\ChromaBroadcast\bin;C:\Program Files\Razer\ChromaBroadcast\bin;C:\Program Files (x86)\Common Files\Oracle\Java\javapath;C:\Program Files\Python38\Scripts\;C:\Program Files\Python38\;C:\Windows\system32;C:\Windows;C:\Windows\System32\Wbem;C:\Windows\System32\WindowsPowerShell\v1.0\;C:\Windows\System32\OpenSSH\;C:\Program Files (x86)\NVIDIA Corporation\PhysX\Common;C:\Program Files\NVIDIA Corporation\NVIDIA NvDLISR;C:\Users\aadiu\AppData\Local\Microsoft\WindowsApps;C:\Users\aadiu\AppData\Local\Programs\Microsoft VS Code\bin;C:\Windows\system32\config\systemprofile\AppData\Local\Microsoft\WindowsApps;C:\Program Files\dotnet\;C:\Program Files\Git\cmd;C:\MinGW\bin\;C:\Program Files (x86)\Windows Kits\10\Windows Performance Toolkit\;C:\Users\aadiu\AppData\Local\Programs\Eclipse Adoptium\jdk-17.0.2.8-hotspot\bin;C:\Users\aadiu\AppData\Local\Microsoft\WindowsApps;C:\Users\aadiu\AppData\Local\Programs\Microsoft VS Code\bin;C:\Users\aadiu\AppData\Local\GitHubDesktop\bin
USERNAME=aadiu
LANG=en_US.UTF-8
OS=Windows_NT
PROCESSOR_IDENTIFIER=AMD64 Family 25 Model 80 Stepping 0, AuthenticAMD



---------------  S Y S T E M  ---------------

OS:
 Windows 10 , 64 bit Build 19041 (10.0.19041.2251)
OS uptime: 1 days 8:33 hours

CPU: total 16 (initial active 16) (16 cores per cpu, 2 threads per core) family 25 model 80 stepping 0 microcode 0x0, cx8, cmov, fxsr, ht, mmx, 3dnowpref, sse, sse2, sse3, ssse3, sse4a, sse4.1, sse4.2, popcnt, lzcnt, tsc, tscinvbit, avx, avx2, aes, erms, clmul, bmi1, bmi2, adx, sha, fma, vzeroupper, clflush, clflushopt

Memory: 4k page, system-wide physical 15776M (7765M free)
TotalPageFile size 20128M (AvailPageFile size 7337M)
current process WorkingSet (physical memory assigned to process): 120M, peak: 121M
current process commit charge ("private bytes"): 429M, peak: 431M

vm_info: OpenJDK 64-Bit Server VM (17.0.2+8) for windows-amd64 JRE (17.0.2+8), built on Jan 20 2022 04:52:34 by "" with MS VC++ 16.7 (VS2019)

END.
