#
# A fatal error has been detected by the Java Runtime Environment:
#
#  EXCEPTION_ACCESS_VIOLATION (0xc0000005) at pc=0x000001d8612a5173, pid=7752, tid=18544
#
# JRE version: OpenJDK Runtime Environment Temurin-17.0.4.1+1 (17.0.4.1+1) (build 17.0.4.1+1)
# Java VM: OpenJDK 64-Bit Server VM Temurin-17.0.4.1+1 (17.0.4.1+1, mixed mode, sharing, tiered, compressed oops, compressed class ptrs, g1 gc, windows-amd64)
# Problematic frame:
# J 1082 c2 summit.gfx.Renderer.render(Ljava/lang/String;FFILsummit/gfx/ColorFilter;)V (282 bytes) @ 0x000001d8612a5173 [0x000001d8612a4aa0+0x00000000000006d3]
#
# No core dump will be written. Minidumps are not enabled by default on client versions of Windows
#
# If you would like to submit a bug report, please visit:
#   https://github.com/adoptium/adoptium-support/issues
#

---------------  S U M M A R Y ------------

Command Line: -XX:+ShowCodeDetailsInExceptionMessages summit.Main

Host: AMD Ryzen 9 5900HS with Radeon Graphics        , 16 cores, 15G,  Windows 10 , 64 bit Build 19041 (10.0.19041.2251)
Time: Tue Nov 15 18:12:08 2022 Central Standard Time elapsed time: 0.995476 seconds (0d 0h 0m 0s)

---------------  T H R E A D  ---------------

Current thread (0x000001d875f2c5f0):  JavaThread "Thread-2" [_thread_in_Java, id=18544, stack(0x0000005c6d400000,0x0000005c6d500000)]

Stack: [0x0000005c6d400000,0x0000005c6d500000],  sp=0x0000005c6d4ff0a0,  free space=1020k
Native frames: (J=compiled Java code, j=interpreted, Vv=VM code, C=native code)
C  0x000001d8612a5173


siginfo: EXCEPTION_ACCESS_VIOLATION (0xc0000005), reading address 0x0000000b1773a290


Register to memory mapping:

RIP=0x000001d8612a5173 is at entry_point+1747 in (nmethod*)0x000001d8612a4890
RAX=0x0000000000000079 is an unknown value
RBX=0x00000000fffffff0 is an unknown value
RCX=3807278168 is a compressed pointer to object: [[I 
{0x000000071773a2c0} - klass: {type array int}[]
 - length: 144
RDX=0x0 is NULL
RSP=0x0000005c6d4ff0a0 is pointing into the stack for thread: 0x000001d875f2c5f0
RBP=0x0 is NULL
RSI=0x0000000000000090 is an unknown value
RDI=0x0000000000000010 is an unknown value
R8 =0x00000000fffffff0 is an unknown value
R9 =0x0000000717600500 is an oop: summit.gfx.Renderer 
{0x0000000717600500} - klass: 'summit/gfx/Renderer'
 - ---- fields (total size 2 words):
 - private 'frame' '[[I' @12  a {type array int}[144] {0x000000071773a2c0} (e2ee7458)
R10=0x000000071773a2c0 is an oop: [[I 
{0x000000071773a2c0} - klass: {type array int}[]
 - length: 144
R11=0x0000000000000078 is an unknown value
R12=0x0 is NULL
R13=0x00000007176a2550 is an oop: [Ljava.util.HashMap$Node; 
{0x00000007176a2550} - klass: 'java/util/HashMap$Node'[]
 - length: 128
R14=0x0 is NULL
R15=0x000001d875f2c5f0 is a thread


Registers:
RAX=0x0000000000000079, RBX=0x00000000fffffff0, RCX=0x00000000e2ee7458, RDX=0x0000000000000000
RSP=0x0000005c6d4ff0a0, RBP=0x0000000000000000, RSI=0x0000000000000090, RDI=0x0000000000000010
R8 =0x00000000fffffff0, R9 =0x0000000717600500, R10=0x000000071773a2c0, R11=0x0000000000000078
R12=0x0000000000000000, R13=0x00000007176a2550, R14=0x0000000000000000, R15=0x000001d875f2c5f0
RIP=0x000001d8612a5173, EFLAGS=0x0000000000010287

Top of Stack: (sp=0x0000005c6d4ff0a0)
0x0000005c6d4ff0a0:   0000010000000000 0000000000000088
0x0000005c6d4ff0b0:   fffffff000000078 0000000000000000
0x0000005c6d4ff0c0:   0000000717615328 0000000700000002
0x0000005c6d4ff0d0:   0000000000000030 0000000718b27828
0x0000005c6d4ff0e0:   0000005c6d4ff288 000001d859f718b0
0x0000005c6d4ff0f0:   0000000718b27828 0000000717600510
0x0000005c6d4ff100:   0000005c6d4ff3a8 000001d859f6ff94
0x0000005c6d4ff110:   0000005c6d4ff170 000001d87542f978
0x0000005c6d4ff120:   0000000000000030 0000000718b27824
0x0000005c6d4ff130:   0000005c6d4ff288 000001d859f791b0
0x0000005c6d4ff140:   0000000718b27824 0000000717600500
0x0000005c6d4ff150:   0000000717600510 0000000000000000
0x0000005c6d4ff160:   0000000000000000 0000000718b051a0
0x0000005c6d4ff170:   0000005c6d4ff3a8 000001d859f7126c
0x0000005c6d4ff180:   0000000718b051a0 0000000717604718
0x0000005c6d4ff190:   000001d875f2c5f0 0000005c6d4ff100 

Instructions: (pc=0x000001d8612a5173)
0x000001d8612a5073:   44 8b 50 0c 45 85 d2 0f 86 c0 0d 00 00 45 3b da
0x000001d8612a5083:   0f 83 b7 0d 00 00 44 8b 74 24 10 41 ff ce 8b 5c
0x000001d8612a5093:   24 10 d1 fb 4c 63 44 24 10 8b eb 83 c5 fe 3b dd
0x000001d8612a50a3:   41 bb 00 00 00 80 41 0f 4c eb 4c 63 d3 49 8b d0
0x000001d8612a50b3:   49 2b d2 8b fb ff c7 48 ff ca 45 33 ed e9 58 03
0x000001d8612a50c3:   00 00 c4 c1 f9 7e c9 e9 0a 01 00 00 90 44 2b 5c
0x000001d8612a50d3:   24 10 45 8b cb 41 ff c1 45 8b da 44 3b cf 0f 83
0x000001d8612a50e3:   5e 0a 00 00 45 3b 64 cc 10 0f 84 ae 0b 00 00 c4
0x000001d8612a50f3:   c1 f9 7e d9 45 8b 51 10 43 8b 5c d4 0c 03 5c 24
0x000001d8612a5103:   10 4d 8b 8f 48 03 00 00 45 8b d3 41 ff c2 41 85
0x000001d8612a5113:   01 44 3b d3 7c b7 c4 c1 f9 7e c9 4d 8b 97 48 03
0x000001d8612a5123:   00 00 41 ff c0 41 85 02 44 3b 04 24 0f 8d a5 01
0x000001d8612a5133:   00 00 c4 c1 f9 7e c1 c4 e1 f9 7e cd c5 f9 7e d2
0x000001d8612a5143:   44 8b 5c 24 10 8b 5c 24 14 44 3b 5c 24 08 0f 8d
0x000001d8612a5153:   99 01 00 00 89 5c 24 14 44 89 5c 24 10 c5 f9 6e
0x000001d8612a5163:   d2 c4 e1 f9 6e cd c4 c1 f9 6e c1 c4 c1 f9 7e e2
0x000001d8612a5173:   43 8b 6c 82 10 41 8b d8 2b 5c 24 14 44 3b c6 0f
0x000001d8612a5183:   83 3d ff ff ff 44 3b 5c 24 04 0f 83 32 ff ff ff
0x000001d8612a5193:   c4 c1 f9 7e da 45 8b 5c 9a 10 47 8b 54 dc 0c 45
0x000001d8612a51a3:   85 d2 0f 86 05 0b 00 00 47 8b 54 dc 10 41 83 fa
0x000001d8612a51b3:   ff 0f 84 55 01 00 00 45 8b 4c ec 0c 44 8b 5c 24
0x000001d8612a51c3:   10 45 3b d9 0f 83 d6 00 00 00 4d 8d 0c ec 47 89
0x000001d8612a51d3:   54 99 10 45 33 c9 c4 c1 f9 7e da 45 8b 52 10 47
0x000001d8612a51e3:   8b 5c d4 0c 44 03 5c 24 10 41 3b c3 0f 8d 29 ff
0x000001d8612a51f3:   ff ff 44 3b c6 0f 83 ce 00 00 00 4d 8d 2c ec 44
0x000001d8612a5203:   8b d8 41 be 01 00 00 00 eb 44 66 66 90 47 89 54
0x000001d8612a5213:   9d 10 45 33 c9 c4 c1 f9 7e da 45 8b 52 10 47 8b
0x000001d8612a5223:   54 d4 0c 44 03 54 24 10 4d 8b b7 48 03 00 00 41
0x000001d8612a5233:   8b d3 ff c2 41 85 06 41 3b d2 0f 8d db fe ff ff
0x000001d8612a5243:   44 2b 5c 24 10 45 8b f3 41 ff c6 44 8b da 44 3b
0x000001d8612a5253:   f7 0f 83 eb 08 00 00 45 8b 54 cc 10 47 8b 54 d4
0x000001d8612a5263:   0c 45 3b da 73 59 c4 c1 f9 7e da 41 8b 54 9a 10 


Stack slot to memory mapping:
stack at sp + 0 slots: 0x0000010000000000 is an unknown value
stack at sp + 1 slots: 0x0000000000000088 is an unknown value
stack at sp + 2 slots: 0xfffffff000000078 is an unknown value
stack at sp + 3 slots: 0x0 is NULL
stack at sp + 4 slots: 0x0000000717615328 is an oop: java.lang.String 
{0x0000000717615328} - klass: 'java/lang/String'
 - string: "water-tile"
stack at sp + 5 slots: 0x0000000700000002 is an unknown value
stack at sp + 6 slots: 0x0000000000000030 is an unknown value
stack at sp + 7 slots: 0x0000000718b27828 is pointing into object: [Ljava.lang.Object; 
{0x0000000718b275c8} - klass: 'java/lang/Object'[]
 - length: 160

--------------------------------------------------------------------------------
[Constant Pool (empty)]

--------------------------------------------------------------------------------

[MachCode]
  0x000001d8612a4aa0: 448b 5208 | 49bb 0000 | 0000 0800 | 0000 4d03 | d349 3bc2 | 0f85 c67f | 44f8 6690 | 0f1f 4000 
  0x000001d8612a4ac0: 8984 2400 | 90ff ff55 | 4883 ec60 | 4889 7c24 | 18c4 c179 | 6ed9 4889 | 1424 49ba | a84d 6117 
  0x000001d8612a4ae0: 0700 0000 | 418b 6a70 | 458b 54ec | 0841 81fa | e0ad 0b00 | 0f85 3412 | 0000 4d8d | 14ec 458b 
  0x000001d8612a4b00: 5224 478b | 4cd4 0c45 | 85c9 0f86 | cc12 0000 | 4f8d 2cd4 | 4d85 c00f | 841b 1000 | 0045 8b58 
  0x000001d8612a4b20: 0c41 ffc9 | 4585 db75 | 7341 0fb6 | 4811 85c9 | 0f85 d40f | 0000 410f | be48 1085 | c90f 85c9 
  0x000001d8612a4b40: 1400 0041 | 8b68 1445 | 8b74 ec0c | 4585 f60f | 86c2 0f00 | 0045 8bde | 41ff cb45 | 3bde 0f83 
  0x000001d8612a4b60: dc13 0000 | 450f b654 | ec10 418b | fe83 c7fd | 443b df41 | bb00 0000 | 8041 0f4c | fb41 8bca 
  0x000001d8612a4b80: c1e1 0541 | 2bca 4d8d | 1cec 83ff | 010f 8ee1 | 1300 00bd | 0100 0000 | 33d2 eb3b | 458b d341 
  0x000001d8612a4ba0: c1ea 1045 | 33d3 4523 | ca33 d2e9 | dd00 0000 | 450f b654 | 2b10 4103 | caff c541 | 3bee 0f8d 
  0x000001d8612a4bc0: b000 0000 | 448b d141 | c1e2 0544 | 2bd1 418b | caeb ddc5 | f97e d28b | df2b dd3b | fd0f 4cda 
  0x000001d8612a4be0: 81fb a00f | 0000 41ba | a00f 0000 | 410f 47da | 03dd c5f9 | 6ed2 6666 | 0f1f 8400 | 0000 0000 
  0x000001d8612a4c00: 4863 f545 | 0fb6 5433 | 1041 0fb6 | 4433 1341 | 0fb6 5433 | 1141 0fb6 | 7433 1241 | 03ca 448b 
  0x000001d8612a4c20: d141 c1e2 | 0544 2bd1 | 4403 d241 | 8bca c1e1 | 0541 2bca | 03ce 448b | d141 c1e2 | 0544 2bd1 
  0x000001d8612a4c40: 4403 d041 | 8bca c1e1 | 0541 2bca | 83c5 043b | eb7c ad49 | 8b9f 4803 | 0000 8503 | 3bef 0f8c 
  0x000001d8612a4c60: 6fff ffff | c5f9 7ed2 | 413b ee0f | 8c3f ffff | ff41 8bca | 85c9 0f84 | 9d0e 0000 | 4189 480c 
  0x000001d8612a4c80: 448b d141 | c1ea 1044 | 33d1 4523 | ca47 8b5c | 8d10 478b | 4cdc 0c45 | 3bca 0f85 | 640c 0000 
  0x000001d8612a4ca0: 438b 4cdc | 104c 8bc9 | 49c1 e103 | 4d3b c80f | 845b 0100 | 0041 0fbe | 7010 4d3b | c10f 844d 
  0x000001d8612a4cc0: 0100 0041 | 8b5c cc08 | 81fb 70e9 | 0000 0f85 | 0c14 0000 | 4d8d 0ccc | 410f be69 | 103b f50f 
  0x000001d8612a4ce0: 85ef 1200 | 0041 8b59 | 1441 8b78 | 1445 8b4c | dc0c 418b | 4cfc 0c41 | 3bc9 0f85 | d400 0000 
  0x000001d8612a4d00: 4d8d 0cdc | 498d 74dc | 104d 8d0c | fc49 8d7c | fc10 85c9 | 0f84 a500 | 0000 8bc1 | 83e0 1f83 
  0x000001d8612a4d20: e1e0 0f84 | 4b00 0000 | 488d 3c0f | 488d 340e | 48f7 d9c5 | fe6f 240f | c5fe 6f14 | 0ec5 ddef 
  0x000001d8612a4d40: e2c4 e27d | 17e4 0f85 | 7a00 0000 | 4883 c120 | 75e1 85c0 | 0f84 6500 | 0000 c5fe | 6f64 07e0 
  0x000001d8612a4d60: c5fe 6f54 | 06e0 c5dd | efe2 c4e2 | 7d17 e475 | 55eb 4c8b | c883 e1fc | 7419 488d | 3c0f 488d 
  0x000001d8612a4d80: 340e 48f7 | d98b 1c0f | 3b1c 0e75 | 3948 83c1 | 0475 f2f7 | c002 0000 | 0074 120f | b71f 0fb7 
  0x000001d8612a4da0: 0e3b d975 | 2148 8d7f | 0248 8d76 | 02f7 c001 | 0000 0074 | 0a0f b61f | 0fb6 0e3b | d975 07b8 
  0x000001d8612a4dc0: 0100 0000 | eb02 33c0 | c5dd efe4 | c5ed efd2 | 85c0 753c | ba45 ffff | ff48 8b2c | 24c5 fa11 
  0x000001d8612a4de0: 0424 c5fa | 114c 2404 | c5fa 115c | 2408 4c8b | 4c24 184c | 894c 2410 | 4c89 4424 | 1844 895c 
  0x000001d8612a4e00: 240c 4489 | 5424 2090 | c5f8 77e8 | f0d4 44f8 | 49c1 e303 | 418b 6b14 | 458b 5cec | 0841 81fb 
  0x000001d8612a4e20: 086d 0000 | 0f85 9612 | 0000 498d | 04ec 448b | 500c 4585 | d20f 8619 | 0f00 0044 | 8b58 1047 
  0x000001d8612a4e40: 8b44 dc0c | 41d1 f8c4 | c179 6ee0 | c5f8 5be4 | c5fa 5cc4 | c4c1 797e | c145 8bd9 | 41c1 eb17 
  0x000001d8612a4e60: 450f b6db | b995 0000 | 0041 2bcb | f7c1 e0ff | ffff 0f85 | 300c 0000 | 458b d941 | 81e3 ffff 
  0x000001d8612a4e80: 7f00 4181 | cb00 0080 | 0045 85c9 | 0f8c 9e0c | 0000 41d3 | fb41 ffc3 | 41d1 fb41 | d1fa c4c1 
  0x000001d8612a4ea0: 796e d2c5 | f85b d2c5 | f25c c2c4 | c179 7ec0 | 458b d041 | c1ea 1745 | 0fb6 d2b9 | 9500 0000 
  0x000001d8612a4ec0: 412b caf7 | c1e0 ffff | ff0f 85fb | 0b00 0041 | 8bd8 81e3 | ffff 7f00 | 81cb 0000 | 8000 4585 
  0x000001d8612a4ee0: c00f 8c42 | 0c00 00d3 | fbff c3d1 | fbc4 c179 | 7eda 4585 | d20f 85d6 | 0000 0045 | 33d2 eb12 
  0x000001d8612a4f00: 8b54 240c | 448b 5c24 | 108b 5c24 | 1444 8b54 | 2408 418b | eac1 fd03 | 85ed 0f85 | f40e 0000 
  0x000001d8612a4f20: 8b68 0c44 | 8bc3 4403 | c541 3bd8 | 0f8d a803 | 0000 4c63 | d54c 63cb | 8bfb f7df | 4863 cf4c 
  0x000001d8612a4f40: 03c9 4d3b | ca0f 833d | 0e00 004d | 63c8 4c03 | c949 ffc9 | 4d3b ca0f | 835f 0e00 | 004c 8b0c 
  0x000001d8612a4f60: 2441 8b49 | 0c41 8b74 | cc0c 85f6 | 0f86 550e | 0000 418b | 7ccc 1045 | 8b54 fc0c | 85ed 0f86 
  0x000001d8612a4f80: 4a0e 0000 | 8b68 1041 | 8b7c ec0c | 85ff 0f86 | 410e 0000 | 488b 6c24 | 1848 85ed | 0f85 ef0d 
  0x000001d8612a4fa0: 0000 4489 | 5424 0444 | 8904 24c4 | e1f9 6ed8 | 448b d745 | 03d3 4489 | 5424 084d | 8d14 ccc4 
  0x000001d8612a4fc0: c1f9 6ee2 | 418b c3ff | c044 8bc3 | e97b 0100 | 0041 f7c2 | 0400 0000 | 742e 895c | 2410 4489 
  0x000001d8612a4fe0: 5c24 0c89 | 5424 0841 | 8bea 488b | d066 6690 | c5f8 77e8 | 4821 cdf8 | 448b d58b | 5424 0844 
  0x000001d8612a5000: 8b5c 240c | 8b5c 2410 | 41f7 c201 | 0000 000f | 84df 0400 | 008b 680c | 85ed 0f86 | 600e 0000 
  0x000001d8612a5020: 448b 4010 | 478b 44c4 | 0c44 8944 | 2410 896c | 2414 4889 | 4424 2889 | 5c24 2444 | 895c 2420 
  0x000001d8612a5040: 8954 240c | 4489 5424 | 0848 ba08 | 6d00 0008 | 0000 0044 | 8bc5 448b | 4c24 1090 | c5f8 77e8 
  0x000001d8612a5060: 1c77 4ff8 | 448b dd41 | ffcb 443b | dd0f 83cd | 0d00 0044 | 8b50 0c45 | 85d2 0f86 | c00d 0000 
  0x000001d8612a5080: 453b da0f | 83b7 0d00 | 0044 8b74 | 2410 41ff | ce8b 5c24 | 10d1 fb4c | 6344 2410 | 8beb 83c5 
  0x000001d8612a50a0: fe3b dd41 | bb00 0000 | 8041 0f4c | eb4c 63d3 | 498b d049 | 2bd2 8bfb | ffc7 48ff | ca45 33ed 
  0x000001d8612a50c0: e958 0300 | 00c4 c1f9 | 7ec9 e90a | 0100 0090 | 442b 5c24 | 1045 8bcb | 41ff c145 | 8bda 443b 
  0x000001d8612a50e0: cf0f 835e | 0a00 0045 | 3b64 cc10 | 0f84 ae0b | 0000 c4c1 | f97e d945 | 8b51 1043 | 8b5c d40c 
  0x000001d8612a5100: 035c 2410 | 4d8b 8f48 | 0300 0045 | 8bd3 41ff | c241 8501 | 443b d37c | b7c4 c1f9 | 7ec9 4d8b 
  0x000001d8612a5120: 9748 0300 | 0041 ffc0 | 4185 0244 | 3b04 240f | 8da5 0100 | 00c4 c1f9 | 7ec1 c4e1 | f97e cdc5 
  0x000001d8612a5140: f97e d244 | 8b5c 2410 | 8b5c 2414 | 443b 5c24 | 080f 8d99 | 0100 0089 | 5c24 1444 | 895c 2410 
  0x000001d8612a5160: c5f9 6ed2 | c4e1 f96e | cdc4 c1f9 | 6ec1 c4c1 | f97e e243 | 8b6c 8210 | 418b d82b | 5c24 1444 
  0x000001d8612a5180: 3bc6 0f83 | 3dff ffff | 443b 5c24 | 040f 8332 | ffff ffc4 | c1f9 7eda | 458b 5c9a | 1047 8b54 
  0x000001d8612a51a0: dc0c 4585 | d20f 8605 | 0b00 0047 | 8b54 dc10 | 4183 faff | 0f84 5501 | 0000 458b | 4cec 0c44 
  0x000001d8612a51c0: 8b5c 2410 | 453b d90f | 83d6 0000 | 004d 8d0c | ec47 8954 | 9910 4533 | c9c4 c1f9 | 7eda 458b 
  0x000001d8612a51e0: 5210 478b | 5cd4 0c44 | 035c 2410 | 413b c30f | 8d29 ffff | ff44 3bc6 | 0f83 ce00 | 0000 4d8d 
  0x000001d8612a5200: 2cec 448b | d841 be01 | 0000 00eb | 4466 6690 | 4789 549d | 1045 33c9 | c4c1 f97e | da45 8b52 
  0x000001d8612a5220: 1047 8b54 | d40c 4403 | 5424 104d | 8bb7 4803 | 0000 418b | d3ff c241 | 8506 413b | d20f 8ddb 
  0x000001d8612a5240: feff ff44 | 2b5c 2410 | 458b f341 | ffc6 448b | da44 3bf7 | 0f83 eb08 | 0000 458b | 54cc 1047 
  0x000001d8612a5260: 8b54 d40c | 453b da73 | 59c4 c1f9 | 7eda 418b | 549a 1045 | 8b4c d40c | 4d8d 14d4 | 453b f10f 
  0x000001d8612a5280: 83e7 0800 | 0047 8b54 | b210 4183 | faff 7428 | 458b 4cec | 0c45 3bd9 | 0f82 72ff | ffff 4489 
  0x000001d8612a52a0: 5c24 10ba | e6ff ffff | 4489 5424 | 0466 6690 | c5f8 77e8 | 48d0 44f8 | c4c1 f97e | c9e9 56ff 
  0x000001d8612a52c0: ffff c4c1 | f97e c9e9 | 4cff ffff | 448b d841 | b901 0000 | 00e9 04fe | ffff c5f8 | 7748 83c4 
  0x000001d8612a52e0: 605d 493b | a740 0300 | 000f 871d | 1000 00c3 | 895c 2414 | 4489 5c24 | 10c5 f96e | d2c4 e1f9 
  0x000001d8612a5300: 6ecd c4c1 | f96e c14c | 8bcd e90f | feff ffc4 | c1f9 7ec9 | e9c0 feff | ff0f 1f80 | 0000 0000 
  0x000001d8612a5320: 448b d942 | 8b5c 9f0c | 8b4c 2410 | 412b c949 | 63d1 895c | 9010 8b5c | 9710 4289 | 5c98 0c49 
  0x000001d8612a5340: 8bd8 482b | da44 8b5c | 9f08 4489 | 5c90 1444 | 8b5c 9714 | 4489 5c98 | 0844 8b5c | 9f04 4489 
  0x000001d8612a5360: 5c90 1844 | 8b5c 9718 | 4489 5c98 | 0444 8b1c | 9f44 895c | 901c 8b74 | 971c 8934 | 9883 c1fc 
  0x000001d8612a5380: 4183 c104 | 453b ca7c | 974d 8b97 | 4803 0000 | 4185 0244 | 3bcd 7d2a | 448b d944 | 8bd5 452b 
  0x000001d8612a53a0: d141 3be9 | 440f 4c54 | 240c 4181 | faa0 0f00 | 00b9 a00f | 0000 440f | 47d1 4503 | d1e9 61ff 
  0x000001d8612a53c0: ffff c5f9 | 7ed3 c4e1 | f97e ca44 | 3b4c 2430 | 7d2a 6690 | 8b74 8f0c | 4289 7488 | 1042 8b74 
  0x000001d8612a53e0: 8f10 8974 | 880c 418b | f1ff c63b | 7424 307d | 0b41 8bce | 412b c944 | 8bce ebd8 | 4d8b 9748 
  0x000001d8612a5400: 0300 0041 | ffc5 4185 | 0244 3b6c | 2414 0f8d | c900 0000 | c4e1 f97e | c08b 7c24 | 304c 8b54 
  0x000001d8612a5420: 2428 418b | 7210 85f6 | 0f84 8b08 | 0000 478b | 4caa 1047 | 8b54 cc0c | 428b 4ca8 | 1045 8b5c 
  0x000001d8612a5440: cc0c 897c | 2430 c5f9 | 6ecb c4e1 | f96e c049 | 63da 483b | d30f 836d | 0800 0045 | 3bf2 0f83 
  0x000001d8612a5460: 6408 0000 | 4585 db0f | 865b 0800 | 00c5 f97e | cb41 3bdb | 0f83 4e08 | 0000 4585 | d20f 8645 
  0x000001d8612a5480: 0800 0041 | 3bda 0f83 | 3c08 0000 | 4d63 d349 | 3bd2 0f83 | 3008 0000 | 453b f30f | 8327 0800 
  0x000001d8612a54a0: 0049 8d04 | cc4b 8d3c | cc42 8b74 | 870c 4189 | 74cc 1047 | 8b54 cc10 | 4689 5480 | 0c83 fd01 
  0x000001d8612a54c0: 0f8e 4a08 | 0000 458b | de41 b901 | 0000 00c5 | f96e d3c4 | e1f9 6eca | e9be feff | ffc4 e1f9 
  0x000001d8612a54e0: 7ec0 448b | 5424 088b | 5424 0c44 | 8b5c 2420 | 8b5c 2424 | 41f7 c202 | 0000 000f | 8411 faff 
  0x000001d8612a5500: ff8b 480c | 85c9 0f86 | 020a 0000 | 448b 4810 | 478b 4ccc | 0c8b e948 | 8944 2420 | 895c 2414 
  0x000001d8612a5520: 4489 5c24 | 1089 5424 | 0c44 8954 | 2408 48ba | 086d 0000 | 0800 0000 | 448b c190 | c5f8 77e8 
  0x000001d8612a5540: 3c72 4ff8 | 448b 500c | 448b c541 | d1f8 458b | c841 ffc1 | 4585 d20f | 8654 0900 | 0045 3bc2 
  0x000001d8612a5560: 0f83 4b09 | 0000 4863 | dd4d 63d8 | 488b cb49 | 2bcb 48ff | c948 3bcb | 0f83 3309 | 0000 448b 
  0x000001d8612a5580: dd41 ffcb | 443b dd0f | 8324 0900 | 0044 894c | 2428 4d63 | ca49 3bc9 | 0f83 0e09 | 0000 453b 
  0x000001d8612a55a0: da0f 8359 | 0900 0044 | 3bc5 0f83 | 5709 0000 | b940 1f00 | 0045 33c0 | eb31 c4c1 | f97e c1c4 
  0x000001d8612a55c0: e1f9 7ee0 | c4e1 f97e | ebc4 c179 | 7ef8 4d8b | 9748 0300 | 0041 ffc0 | 4185 0244 | 3b44 2428 
  0x000001d8612a55e0: 0f8d 1af9 | ffff 4c89 | 4c24 204c | 8b4c 2420 | 458b 5910 | 478b 54dc | 0c45 85d2 | 76d0 458b 
  0x000001d8612a5600: eac5 fb10 | 4424 2049 | 63d0 4c8b | cb4c 2bca | 4c8b 5424 | 2047 8b54 | 8a0c c4c1 | 796e ca47 
  0x000001d8612a5620: 8b5c d40c | 448b 5490 | 10c4 c179 | 6ed2 438b | 7cd4 0c4c | 8b54 2420 | 458b 5492 | 10c4 c179 
  0x000001d8612a5640: 6eda 478b | 54d4 0c46 | 8b4c 880c | 438b 54cc | 0c45 85db | 0f86 c406 | 0000 8954 | 2430 c441 
  0x000001d8612a5660: 796e c144 | 8954 242c | 897c 2424 | c4c1 796e | f8c4 e1f9 | 6eeb c4e1 | f96e e041 | b801 0000 
  0x000001d8612a5680: 0045 3bc3 | 450f 4fc3 | 4489 5c24 | 20c4 c179 | 7ed2 4b8d | 1cd4 c4c1 | 797e cb4b | 8d3c dc44 
  0x000001d8612a56a0: 8bd3 4b8d | 14cc 41c1 | ea02 c4c1 | 797e db4b | 8d34 dc41 | 83e2 0345 | 03d0 41f7 | da41 83e2 
  0x000001d8612a56c0: 0345 03d0 | 443b 5424 | 2044 8b5c | 2420 450f | 4fd3 4533 | c9eb 14c4 | e1f9 7ee0 | c4c1 797e 
  0x000001d8612a56e0: f8e9 bd01 | 0000 6690 | 458b c844 | 3b4c 2420 | 73e5 468b | 448f 1044 | 3b4c 2424 | 0f83 8604 
  0x000001d8612a5700: 0000 4689 | 448b 1044 | 3b4c 242c | 0f83 d204 | 0000 468b | 448e 1044 | 3b4c 2430 | 0f83 2205 
  0x000001d8612a5720: 0000 4689 | 448a 10c4 | c1f9 7ec3 | 458b 5b10 | 478b 5cdc | 0c44 895c | 2434 458b | c141 ffc0 
  0x000001d8612a5740: 453b c30f | 8d71 feff | ff45 3bc2 | 7c9a 4963 | eb4c 636c | 2430 48ff | cd4c 6374 | 242c 448b 
  0x000001d8612a5760: d54c 635c | 2424 4863 | 4424 2049 | 3bc3 8b44 | 2420 0f4f | 4424 244c | 63d8 4d3b | de0f 4f44 
  0x000001d8612a5780: 242c 4c63 | d84d 3bdd | 0f4f 4424 | 304c 63d8 | 4c3b dd41 | 0f4f c244 | 8bd0 4183 | c2f9 413b 
  0x000001d8612a57a0: c2b8 0000 | 0080 440f | 4cd0 453b | c20f 8d73 | 0500 0041 | ffc1 458b | c245 2bc1 | 453b d144 
  0x000001d8612a57c0: 0f4c 4424 | 0c41 81f8 | 401f 0000 | 440f 47c1 | 4503 c10f | 1f80 0000 | 0000 660f | 1f44 0000 
  0x000001d8612a57e0: c4a1 7a6f | 748f 10c4 | a17a 7f74 | 8b10 c4a1 | 7a6f 748e | 10c4 a17a | 7f74 8a10 | c4a1 7a6f 
  0x000001d8612a5800: 748f 20c4 | a17a 7f74 | 8b20 c4a1 | 7a6f 748e | 20c4 a17a | 7f74 8a20 | 4183 c108 | 453b c87c 
  0x000001d8612a5820: bf4d 8b9f | 4803 0000 | 4185 0345 | 3bca 7c86 | 443b 4c24 | 207d 6290 | 443b 4c24 | 200f 8394 
  0x000001d8612a5840: feff ff46 | 8b44 8f10 | 443b 4c24 | 240f 8335 | 0300 0046 | 8944 8b10 | 443b 4c24 | 2c0f 8381 
  0x000001d8612a5860: 0300 0046 | 8b44 8e10 | 443b 4c24 | 300f 83d1 | 0300 0046 | 8944 8a10 | c4c1 f97e | c245 8b5a 
  0x000001d8612a5880: 1047 8b54 | dc0c 41ff | c145 3bca | 0f8d 28fd | ffff 443b | 4c24 207c | 9fc4 e1f9 | 7ee0 c4c1 
  0x000001d8612a58a0: 797e f8ba | e4ff ffff | 488b 2c24 | 448b 5c24 | 0844 891c | 244c 8b54 | 2418 4c89 | 5424 0844 
  0x000001d8612a58c0: 8b5c 2410 | 4489 5c24 | 0444 8b54 | 2414 4489 | 5424 10c5 | fb11 4424 | 1848 8944 | 2420 4489 
  0x000001d8612a58e0: 4424 1444 | 894c 242c | 4489 4c24 | 30c5 fa11 | 5424 34c5 | fa11 4c24 | 3866 6690 | c5f8 77e8 
  0x000001d8612a5900: fcc9 44f8 | 438b 6cdc | 1885 ed0f | 846f 0600 | 0043 8b4c | dc08 81f9 | e0b1 1400 | 0f84 8206 
  0x000001d8612a5920: 0000 4d8d | 1cec 458b | 4b0c 453b | ca0f 85b7 | 0100 0041 | 8b4b 104c | 8bc9 49c1 | e103 4d3b 
  0x000001d8612a5940: c80f 84cd | f4ff ff41 | 0fbe 7810 | 4d3b c10f | 84bf f4ff | ff45 8b4c | cc08 4181 | f970 e900 
  0x000001d8612a5960: 000f 8519 | 0700 004d | 8d0c cc41 | 0fbe 6910 | 3bfd 0f85 | d006 0000 | 418b 5914 | 458b 4814 
  0x000001d8612a5980: 418b 74dc | 0c43 8b4c | cc0c 3bce | 0f85 d800 | 0000 498d | 3cdc 498d | 74dc 104b | 8d1c cc4b 
  0x000001d8612a59a0: 8d7c cc10 | 85c9 0f84 | a500 0000 | 8bc1 83e0 | 1f83 e1e0 | 0f84 4b00 | 0000 488d | 3c0f 488d 
  0x000001d8612a59c0: 340e 48f7 | d9c5 fe6f | 240f c5fe | 6f14 0ec5 | ddef e2c4 | e27d 17e4 | 0f85 7a00 | 0000 4883 
  0x000001d8612a59e0: c120 75e1 | 85c0 0f84 | 6500 0000 | c5fe 6f64 | 07e0 c5fe | 6f54 06e0 | c5dd efe2 | c4e2 7d17 
  0x000001d8612a5a00: e475 55eb | 4c8b c883 | e1fc 7419 | 488d 3c0f | 488d 340e | 48f7 d98b | 1c0f 3b1c | 0e75 3948 
  0x000001d8612a5a20: 83c1 0475 | f2f7 c002 | 0000 0074 | 120f b71f | 0fb7 0e3b | d975 2148 | 8d7f 0248 | 8d76 02f7 
  0x000001d8612a5a40: c001 0000 | 0074 0a0f | b61f 0fb6 | 0e3b d975 | 07b8 0100 | 0000 eb02 | 33c0 c5dd | efe4 c5ed 
  0x000001d8612a5a60: efd2 85c0 | 0f85 aaf3 | ffff ba45 | ffff ff48 | 8b2c 24c5 | fa11 0424 | c5fa 114c | 2404 c5fa 
  0x000001d8612a5a80: 115c 2408 | 4c8b 4c24 | 184c 894c | 2410 4c89 | 4424 184c | 895c 2420 | 4489 5424 | 0c66 6690 
  0x000001d8612a5aa0: c5f8 77e8 | 58c8 44f8 | c57a 2cd8 | 4181 fb00 | 0000 8075 | 1048 83ec | 08c5 fa11 | 0424 e830 
  0x000001d8612a5ac0: b63f f841 | 5be9 d1f3 | ffff c5fa | 2cd8 81fb | 0000 0080 | 750f 4883 | ec08 c5fa | 1104 24e8 
  0x000001d8612a5ae0: 0fb6 3ff8 | 5be9 03f4 | ffff 458b | 4b18 4d8b | 9f48 0300 | 0041 8503 | 4585 c90f | 847f 0400 
  0x000001d8612a5b00: 004f 8d1c | cce9 1cfe | ffff 4533 | c933 d245 | 33d2 e976 | f1ff ff33 | d241 c640 | 1101 4533 
  0x000001d8612a5b20: c945 33d2 | e964 f1ff | fff7 dbe9 | b7f3 ffff | 41f7 dbe9 | 5af3 ffff | 4533 c933 | d245 33d2 
  0x000001d8612a5b40: e948 f1ff | ffba 45ff | ffff c4e1 | f97e c5c5 | fb11 0c24 | c5fb 115c | 2408 4489 | 4424 1844 
  0x000001d8612a5b60: 895c 241c | c5f8 77e8 | 94c7 44f8 | c4c1 796e | d6ba e6ff | ffff 498b | eac5 fa11 | 1424 6690 
  0x000001d8612a5b80: c5f8 77e8 | 78c7 44f8 | bae4 ffff | ff48 8b2c | 2444 8b54 | 2408 4489 | 1424 4c8b | 5424 184c 
  0x000001d8612a5ba0: 8954 2408 | 448b 5424 | 1044 8954 | 2404 448b | 5c24 1444 | 895c 2410 | c5fb 1144 | 2418 c5fb 
  0x000001d8612a5bc0: 1164 2420 | c5fa 117c | 2414 4489 | 4c24 2c44 | 8944 2430 | c5fa 1154 | 2434 6690 | c5f8 77e8 
  0x000001d8612a5be0: 1cc7 44f8 | bae4 ffff | ff48 8b2c | 2444 8b54 | 2408 4489 | 1424 4c8b | 5424 184c | 8954 2408 
  0x000001d8612a5c00: 448b 5c24 | 1044 895c | 2404 448b | 5424 1444 | 8954 2410 | c5fb 1144 | 2418 c5fb | 1164 2420 
  0x000001d8612a5c20: c5fa 117c | 2414 4489 | 4c24 2c44 | 894c 2430 | c5fa 115c | 2434 c57a | 1144 2438 | c5f8 77e8 
  0x000001d8612a5c40: bcc6 44f8 | bae4 ffff | ff48 8b2c | 2444 8b5c | 2408 4489 | 1c24 4c8b | 5424 184c | 8954 2408 
  0x000001d8612a5c60: 448b 5424 | 1044 8954 | 2404 448b | 5c24 1444 | 895c 2410 | c5fb 1144 | 2418 c5fb | 1164 2420 
  0x000001d8612a5c80: c5fa 117c | 2414 4489 | 4c24 2c44 | 8944 2430 | c57a 1144 | 2434 6690 | c5f8 77e8 | 60c6 44f8 
  0x000001d8612a5ca0: baf6 ffff | ff66 6690 | c5f8 77e8 | 50c6 44f8 | 4f8d 14dc | e9b8 feff | ffba f6ff | ffff 6690 
  0x000001d8612a5cc0: c5f8 77e8 | 38c6 44f8 | 418b 6cf4 | 0cd1 fdff | c5ba 76ff | ffff 4c8b | 5424 184c | 8954 2410 
  0x000001d8612a5ce0: 448b 5c24 | 2044 895c | 240c 448b | 5424 2444 | 8954 2418 | 4c8b 5424 | 284c 8954 | 2420 4889 
  0x000001d8612a5d00: 4424 2844 | 896c 241c | c5f8 77e8 | f0c5 44f8 | 418b ce41 | b901 0000 | 00e9 adf6 | ffff 4533 
  0x000001d8612a5d20: c9e9 7dfb | ffff 458b | c8e9 02fb | ffff bade | ffff ffc5 | fa11 4424 | 08c5 fa11 | 4c24 0c44 
  0x000001d8612a5d40: 894c 2410 | 4c89 4424 | 2066 6690 | c5f8 77e8 | acc5 44f8 | bae4 ffff | ff48 8b2c | 24c5 fa11 
  0x000001d8612a5d60: 0c24 c5fa | 115c 2404 | 4c8b 5424 | 184c 8954 | 2408 c5fa | 1144 2410 | 4889 4424 | 2066 6690 
  0x000001d8612a5d80: c5f8 77e8 | 78c5 44f8 | 4c8b 0c24 | 488b 6c24 | 18ba beff | ffff 4c89 | 0c24 4889 | 4424 0844 
  0x000001d8612a5da0: 895c 2410 | 895c 2418 | 895c 241c | 4489 4424 | 2066 6690 | c5f8 77e8 | 44c5 44f8 | 4c8b 0c24 
  0x000001d8612a5dc0: 488b 6c24 | 18eb ca48 | 8b6c 2418 | ebc3 488b | 6c24 18eb | bc48 8b6c | 2418 ebb5 | ba45 ffff 
  0x000001d8612a5de0: ff48 8b2c | 24c5 fa11 | 0424 c5fa | 114c 2404 | c5fa 115c | 2408 4889 | 7c24 104c | 8944 2418 
  0x000001d8612a5e00: 4489 4c24 | 2044 8954 | 2424 6690 | c5f8 77e8 | ecc4 44f8 | ba45 ffff | ff4c 8b44 | 2418 4c89 
  0x000001d8612a5e20: 4424 0848 | 8944 2410 | 4489 5c24 | 1889 5c24 | 1c44 8954 | 2420 6690 | c5f8 77e8 | c0c4 44f8 
  0x000001d8612a5e40: babe ffff | ff48 8b2c | 2444 8b54 | 2408 4489 | 1424 4c8b | 5424 184c | 8954 2408 | 448b 5c24 
  0x000001d8612a5e60: 2044 895c | 2404 448b | 5424 2444 | 8954 2410 | 4889 4424 | 2066 6690 | c5f8 77e8 | 80c4 44f8 
  0x000001d8612a5e80: bae4 ffff | ff44 8954 | 2408 4c8b | 5424 184c | 8954 2410 | 4489 5c24 | 0c89 5c24 | 1848 8944 
  0x000001d8612a5ea0: 2428 6690 | c5f8 77e8 | 54c4 44f8 | 448b 4c24 | 28ba beff | ffff 488b | 2c24 448b | 5424 0844 
  0x000001d8612a5ec0: 8914 244c | 8b54 2418 | 4c89 5424 | 0844 8b5c | 2410 4489 | 5c24 0444 | 8b54 2414 | 4489 5424 
  0x000001d8612a5ee0: 104c 8b54 | 2420 4c89 | 5424 1848 | 8944 2420 | 4489 4c24 | 1466 6690 | c5f8 77e8 | 00c4 44f8 
  0x000001d8612a5f00: 448b 4c24 | 28eb aa44 | 8b4c 2428 | eba3 bae4 | ffff ff48 | 8b2c 2444 | 8914 244c | 8b54 2418 
  0x000001d8612a5f20: 4c89 5424 | 0844 895c | 2404 895c | 2410 4889 | 4424 2089 | 4c24 1490 | c5f8 77e8 | c0c3 44f8 
  0x000001d8612a5f40: ba76 ffff | ffc5 fa11 | 4424 08c5 | fa11 4c24 | 0cc5 fa11 | 5c24 1044 | 894c 2414 | 4c89 4424 
  0x000001d8612a5f60: 2844 8974 | 2434 4489 | 5424 3890 | c5f8 77e8 | 8cc3 44f8 | bd01 0000 | 0033 d2e9 | e8ec ffff 
  0x000001d8612a5f80: baf4 ffff | ff48 8b2c | 24c5 fa11 | 0424 c5fa | 114c 2404 | c5fa 115c | 2408 6690 | c5f8 77e8 
  0x000001d8612a5fa0: 5cc3 44f8 | ba45 ffff | ffc5 fa11 | 4424 08c5 | fa11 4c24 | 0cc5 fa11 | 5c24 104c | 8944 2420 
  0x000001d8612a5fc0: 4489 5c24 | 1444 8954 | 2428 6690 | c5f8 77e8 | 2cc3 44f8 | ba45 ffff | ffc5 fa11 | 4424 08c5 
  0x000001d8612a5fe0: fa11 4c24 | 0cc5 fa11 | 5c24 104c | 8944 2428 | 4489 5c24 | 1444 8954 | 2430 4c89 | 4c24 3889 
  0x000001d8612a6000: 7424 3490 | c5f8 77e8 | f4c2 44f8 | 85c9 400f | 95c5 400f | b6ed 83f5 | 01ba 45ff | ffff c5fa 
  0x000001d8612a6020: 1144 2408 | c5fa 114c | 240c c5fa | 115c 2410 | 4489 4c24 | 144c 8944 | 2428 4489 | 5424 3090 
  0x000001d8612a6040: c5f8 77e8 | b8c2 44f8 | ba45 ffff | ffc5 fa11 | 4424 08c5 | fa11 4c24 | 0cc5 fa11 | 5c24 104c 
  0x000001d8612a6060: 8944 2428 | 4c89 5c24 | 3044 8954 | 2414 4c89 | 4c24 3889 | 7c24 4090 | c5f8 77e8 | 80c2 44f8 
  0x000001d8612a6080: bade ffff | ff48 8b2c | 24c5 fa11 | 0424 c5fa | 114c 2404 | c5fa 115c | 2408 4c8b | 4c24 184c 
  0x000001d8612a60a0: 894c 2410 | 4c89 4424 | 204c 895c | 2428 4489 | 5424 0c89 | 4c24 3490 | c5f8 77e8 | 40c2 44f8 
  0x000001d8612a60c0: bade ffff | ffc5 fa11 | 4424 08c5 | fa11 4c24 | 0cc5 fa11 | 5c24 1090 | c5f8 77e8 | 20c2 44f8 
  0x000001d8612a60e0: bade ffff | ff48 8b2c | 24c5 fa11 | 0424 c5fa | 114c 2404 | c5fa 115c | 2408 4c8b | 4c24 184c 
  0x000001d8612a6100: 894c 2410 | 4c89 4424 | 2044 895c | 240c 4489 | 5424 2889 | 4c24 3090 | c5f8 77e8 | e0c1 44f8 
  0x000001d8612a6120: baf6 ffff | ff66 6690 | c5f8 77e8 | d0c1 44f8 | c4c1 796e | d6ba f6ff | ffff c5f9 | 7ed5 6690 
  0x000001d8612a6140: c5f8 77e8 | b8c1 44f8 | 4489 5c24 | 10ba f6ff | ffff 4489 | 1424 6690 | c5f8 77e8 | a0c1 44f8 
  0x000001d8612a6160: baf6 ffff | ff66 6690 | c5f8 77e8 | 90c1 44f8 | ba76 ffff | ff48 8b2c | 2444 8b5c | 2408 4489 
  0x000001d8612a6180: 1c24 4c8b | 5424 184c | 8954 2408 | 448b 5c24 | 1044 895c | 2404 448b | 5424 1444 | 8954 2410 
  0x000001d8612a61a0: 48ff 7424 | 2048 8f44 | 2418 4889 | 4424 2044 | 8944 2414 | 4489 6c24 | 2866 6690 | c5f8 77e8 
  0x000001d8612a61c0: 3cc1 44f8 | baf6 ffff | ff66 6690 | c5f8 77e8 | 2cc1 44f8 | 488b d0eb | 0848 8bd0 | eb03 488b 
  0x000001d8612a61e0: d0c5 f877 | 4883 c460 | 5de9 926e | 4ff8 baf6 | ffff ff49 | 8be8 6690 | c5f8 77e8 | 00c1 44f8 
  0x000001d8612a6200: baf6 ffff | ff66 6690 | c5f8 77e8 | f0c0 44f8 | baf6 ffff | ff66 6690 | c5f8 77e8 | e0c0 44f8 
  0x000001d8612a6220: 488b 6c24 | 18e9 67fb | ffff 488b | 6c24 18e9 | 5dfb ffff | 488b 6c24 | 18e9 53fb | ffff baf6 
  0x000001d8612a6240: ffff ff90 | c5f8 77e8 | b4c0 44f8 | baf6 ffff | ff66 6690 | c5f8 77e8 | a4c0 44f8 | baf6 ffff 
  0x000001d8612a6260: ff66 6690 | c5f8 77e8 | 94c0 44f8 | baf6 ffff | ff66 6690 | c5f8 77e8 | 84c0 44f8 | ba45 ffff 
  0x000001d8612a6280: ff48 8b2c | 24c5 fa11 | 0424 c5fa | 114c 2404 | c5fa 115c | 2408 4c8b | 4c24 184c | 894c 2410 
  0x000001d8612a62a0: 4c89 4424 | 2044 895c | 240c 4489 | 5424 2889 | 4c24 2c90 | c5f8 77e8 | 44c0 44f8 | baf6 ffff 
  0x000001d8612a62c0: ff66 6690 | c5f8 77e8 | 34c0 44f8 | ba45 ffff | ff48 8b2c | 24c5 fa11 | 0424 c5fa | 114c 2404 
  0x000001d8612a62e0: c5fa 115c | 2408 4c8b | 4c24 184c | 894c 2410 | 4c89 4424 | 204c 895c | 2428 4489 | 5424 0c89 
  0x000001d8612a6300: 4c24 3090 | c5f8 77e8 | f4bf 44f8 | 49ba e252 | 2a61 d801 | 0000 4d89 | 9758 0300 | 00e9 ded0 
  0x000001d8612a6320: 44f8 f4f4 | f4f4 f4f4 | f4f4 f4f4 | f4f4 f4f4 | f4f4 f4f4 | f4f4 f4f4 | f4f4 f4f4 | f4f4 f4f4 
  0x000001d8612a6340: 48bb 0000 | 0000 0000 | 0000 e9fb | ffff ffe9 | 2ce8 4ef8 | e800 0000 | 0048 832c | 2405 e93d 
  0x000001d8612a6360: c344 f8f4 | f4f4 f4f4 
[/MachCode]
--------------------------------------------------------------------------------


---------------  P R O C E S S  ---------------

Threads class SMR info:
_java_thread_list=0x000001d876713380, length=23, elements={
0x000001d8751890e0, 0x000001d875189d50, 0x000001d8751a1330, 0x000001d8751a2cf0,
0x000001d8751a3cb0, 0x000001d8751a4660, 0x000001d8751a8f00, 0x000001d875c08140,
0x000001d875c11710, 0x000001d875d1e5d0, 0x000001d875d3d160, 0x000001d875d41ea0,
0x000001d875d49550, 0x000001d851bae800, 0x000001d875f2a910, 0x000001d875f2b780,
0x000001d875f29aa0, 0x000001d875f2a440, 0x000001d875f2c5f0, 0x000001d875f2bc50,
0x000001d875f29f70, 0x000001d87670d5a0, 0x000001d876712bb0
}

Java Threads: ( => current thread )
  0x000001d8751890e0 JavaThread "Reference Handler" daemon [_thread_blocked, id=23252, stack(0x0000005c6b400000,0x0000005c6b500000)]
  0x000001d875189d50 JavaThread "Finalizer" daemon [_thread_blocked, id=12744, stack(0x0000005c6b500000,0x0000005c6b600000)]
  0x000001d8751a1330 JavaThread "Signal Dispatcher" daemon [_thread_blocked, id=24636, stack(0x0000005c6b600000,0x0000005c6b700000)]
  0x000001d8751a2cf0 JavaThread "Attach Listener" daemon [_thread_blocked, id=24776, stack(0x0000005c6b700000,0x0000005c6b800000)]
  0x000001d8751a3cb0 JavaThread "Service Thread" daemon [_thread_blocked, id=19160, stack(0x0000005c6b800000,0x0000005c6b900000)]
  0x000001d8751a4660 JavaThread "Monitor Deflation Thread" daemon [_thread_blocked, id=19680, stack(0x0000005c6b900000,0x0000005c6ba00000)]
  0x000001d8751a8f00 JavaThread "C2 CompilerThread0" daemon [_thread_blocked, id=20024, stack(0x0000005c6ba00000,0x0000005c6bb00000)]
  0x000001d875c08140 JavaThread "C1 CompilerThread0" daemon [_thread_blocked, id=21676, stack(0x0000005c6bb00000,0x0000005c6bc00000)]
  0x000001d875c11710 JavaThread "Sweeper thread" daemon [_thread_blocked, id=32, stack(0x0000005c6bc00000,0x0000005c6bd00000)]
  0x000001d875d1e5d0 JavaThread "C1 CompilerThread1" daemon [_thread_blocked, id=24704, stack(0x0000005c6bd00000,0x0000005c6be00000)]
  0x000001d875d3d160 JavaThread "C1 CompilerThread2" daemon [_thread_blocked, id=14196, stack(0x0000005c6be00000,0x0000005c6bf00000)]
  0x000001d875d41ea0 JavaThread "Notification Thread" daemon [_thread_blocked, id=7596, stack(0x0000005c6bf00000,0x0000005c6c000000)]
  0x000001d875d49550 JavaThread "Common-Cleaner" daemon [_thread_blocked, id=20016, stack(0x0000005c6c100000,0x0000005c6c200000)]
  0x000001d851bae800 JavaThread "DestroyJavaVM" [_thread_blocked, id=23192, stack(0x0000005c6ad00000,0x0000005c6ae00000)]
  0x000001d875f2a910 JavaThread "Java2D Disposer" daemon [_thread_blocked, id=11824, stack(0x0000005c6c300000,0x0000005c6c400000)]
  0x000001d875f2b780 JavaThread "AWT-Shutdown" [_thread_blocked, id=17912, stack(0x0000005c6c500000,0x0000005c6c600000)]
  0x000001d875f29aa0 JavaThread "AWT-Windows" daemon [_thread_in_native, id=22584, stack(0x0000005c6c600000,0x0000005c6c700000)]
  0x000001d875f2a440 JavaThread "AWT-EventQueue-0" [_thread_blocked, id=7420, stack(0x0000005c6d300000,0x0000005c6d400000)]
=>0x000001d875f2c5f0 JavaThread "Thread-2" [_thread_in_Java, id=18544, stack(0x0000005c6d400000,0x0000005c6d500000)]
  0x000001d875f2bc50 JavaThread "Thread-1" [_thread_in_Java, id=16264, stack(0x0000005c6d500000,0x0000005c6d600000)]
  0x000001d875f29f70 JavaThread "D3D Screen Updater" daemon [_thread_blocked, id=1776, stack(0x0000005c6c200000,0x0000005c6c300000)]
  0x000001d87670d5a0 JavaThread "C2 CompilerThread1" daemon [_thread_blocked, id=12720, stack(0x0000005c6c400000,0x0000005c6c500000)]
  0x000001d876712bb0 JavaThread "C2 CompilerThread2" daemon [_thread_blocked, id=18532, stack(0x0000005c6d600000,0x0000005c6d700000)]

Other Threads:
  0x000001d8751837f0 VMThread "VM Thread" [stack: 0x0000005c6b300000,0x0000005c6b400000] [id=8792]
  0x000001d851c40ec0 WatcherThread [stack: 0x0000005c6c000000,0x0000005c6c100000] [id=23540]
  0x000001d851c17580 GCTaskThread "GC Thread#0" [stack: 0x0000005c6ae00000,0x0000005c6af00000] [id=11904]
  0x000001d876784bb0 GCTaskThread "GC Thread#1" [stack: 0x0000005c6d700000,0x0000005c6d800000] [id=22748]
  0x000001d8767b4d00 GCTaskThread "GC Thread#2" [stack: 0x0000005c6d800000,0x0000005c6d900000] [id=3644]
  0x000001d8767b1520 GCTaskThread "GC Thread#3" [stack: 0x0000005c6d900000,0x0000005c6da00000] [id=3180]
  0x000001d8767b17d0 GCTaskThread "GC Thread#4" [stack: 0x0000005c6da00000,0x0000005c6db00000] [id=21048]
  0x000001d8767b1a80 GCTaskThread "GC Thread#5" [stack: 0x0000005c6db00000,0x0000005c6dc00000] [id=20600]
  0x000001d8767b2140 GCTaskThread "GC Thread#6" [stack: 0x0000005c6dc00000,0x0000005c6dd00000] [id=25856]
  0x000001d87677ff20 GCTaskThread "GC Thread#7" [stack: 0x0000005c6dd00000,0x0000005c6de00000] [id=20720]
  0x000001d8767801d0 GCTaskThread "GC Thread#8" [stack: 0x0000005c6de00000,0x0000005c6df00000] [id=19140]
  0x000001d876780480 GCTaskThread "GC Thread#9" [stack: 0x0000005c6df00000,0x0000005c6e000000] [id=25284]
  0x000001d851c27b50 ConcurrentGCThread "G1 Main Marker" [stack: 0x0000005c6af00000,0x0000005c6b000000] [id=21320]
  0x000001d851c29d10 ConcurrentGCThread "G1 Conc#0" [stack: 0x0000005c6b000000,0x0000005c6b100000] [id=16984]
  0x000001d87503b520 ConcurrentGCThread "G1 Refine#0" [stack: 0x0000005c6b100000,0x0000005c6b200000] [id=2664]
  0x000001d87688f710 ConcurrentGCThread "G1 Refine#1" [stack: 0x0000005c6e000000,0x0000005c6e100000] [id=22936]
  0x000001d87503bd50 ConcurrentGCThread "G1 Service" [stack: 0x0000005c6b200000,0x0000005c6b300000] [id=11144]

Threads with active compile tasks:

VM state: not at safepoint (normal execution)

VM Mutex/Monitor currently owned by a thread: None

Heap address: 0x0000000709600000, size: 3946 MB, Compressed Oops mode: Zero based, Oop shift amount: 3

CDS archive(s) mapped at: [0x0000000800000000-0x0000000800bc0000-0x0000000800bc0000), size 12320768, SharedBaseAddress: 0x0000000800000000, ArchiveRelocationMode: 0.
Compressed class space mapped at: 0x0000000800c00000-0x0000000840c00000, reserved size: 1073741824
Narrow klass base: 0x0000000800000000, Narrow klass shift: 0, Narrow klass range: 0x100000000

GC Precious Log:
 CPUs: 16 total, 16 available
 Memory: 15776M
 Large Page Support: Disabled
 NUMA Support: Disabled
 Compressed Oops: Enabled (Zero based)
 Heap Region Size: 2M
 Heap Min Capacity: 8M
 Heap Initial Capacity: 248M
 Heap Max Capacity: 3946M
 Pre-touch: Disabled
 Parallel Workers: 13
 Concurrent Workers: 3
 Concurrent Refinement Workers: 13
 Periodic GC: Disabled

Heap:
 garbage-first heap   total 253952K, used 14539K [0x0000000709600000, 0x0000000800000000)
  region size 2048K, 5 young (10240K), 2 survivors (4096K)
 Metaspace       used 6929K, committed 7104K, reserved 1056768K
  class space    used 749K, committed 832K, reserved 1048576K

Heap Regions: E=young(eden), S=young(survivor), O=old, HS=humongous(starts), HC=humongous(continues), CS=collection set, F=free, OA=open archive, CA=closed archive, TAMS=top-at-mark-start (previous, next)
|   0|0x0000000709600000, 0x0000000709800000, 0x0000000709800000|100%|HS|  |TAMS 0x0000000709600000, 0x0000000709600000| Complete 
|   1|0x0000000709800000, 0x0000000709a00000, 0x0000000709a00000|100%|HC|  |TAMS 0x0000000709800000, 0x0000000709800000| Complete 
|   2|0x0000000709a00000, 0x0000000709c00000, 0x0000000709c00000|100%| O|  |TAMS 0x0000000709a00000, 0x0000000709a00000| Untracked 
|   3|0x0000000709c00000, 0x0000000709c32c00, 0x0000000709e00000|  9%| O|  |TAMS 0x0000000709c00000, 0x0000000709c00000| Untracked 
|   4|0x0000000709e00000, 0x0000000709e00000, 0x000000070a000000|  0%| F|  |TAMS 0x0000000709e00000, 0x0000000709e00000| Untracked 
|   5|0x000000070a000000, 0x000000070a000000, 0x000000070a200000|  0%| F|  |TAMS 0x000000070a000000, 0x000000070a000000| Untracked 
|   6|0x000000070a200000, 0x000000070a200000, 0x000000070a400000|  0%| F|  |TAMS 0x000000070a200000, 0x000000070a200000| Untracked 
|   7|0x000000070a400000, 0x000000070a400000, 0x000000070a600000|  0%| F|  |TAMS 0x000000070a400000, 0x000000070a400000| Untracked 
|   8|0x000000070a600000, 0x000000070a600000, 0x000000070a800000|  0%| F|  |TAMS 0x000000070a600000, 0x000000070a600000| Untracked 
|   9|0x000000070a800000, 0x000000070a800000, 0x000000070aa00000|  0%| F|  |TAMS 0x000000070a800000, 0x000000070a800000| Untracked 
|  10|0x000000070aa00000, 0x000000070aa00000, 0x000000070ac00000|  0%| F|  |TAMS 0x000000070aa00000, 0x000000070aa00000| Untracked 
|  11|0x000000070ac00000, 0x000000070ac00000, 0x000000070ae00000|  0%| F|  |TAMS 0x000000070ac00000, 0x000000070ac00000| Untracked 
|  12|0x000000070ae00000, 0x000000070ae00000, 0x000000070b000000|  0%| F|  |TAMS 0x000000070ae00000, 0x000000070ae00000| Untracked 
|  13|0x000000070b000000, 0x000000070b000000, 0x000000070b200000|  0%| F|  |TAMS 0x000000070b000000, 0x000000070b000000| Untracked 
|  14|0x000000070b200000, 0x000000070b200000, 0x000000070b400000|  0%| F|  |TAMS 0x000000070b200000, 0x000000070b200000| Untracked 
|  15|0x000000070b400000, 0x000000070b400000, 0x000000070b600000|  0%| F|  |TAMS 0x000000070b400000, 0x000000070b400000| Untracked 
|  16|0x000000070b600000, 0x000000070b600000, 0x000000070b800000|  0%| F|  |TAMS 0x000000070b600000, 0x000000070b600000| Untracked 
|  17|0x000000070b800000, 0x000000070b800000, 0x000000070ba00000|  0%| F|  |TAMS 0x000000070b800000, 0x000000070b800000| Untracked 
|  18|0x000000070ba00000, 0x000000070ba00000, 0x000000070bc00000|  0%| F|  |TAMS 0x000000070ba00000, 0x000000070ba00000| Untracked 
|  19|0x000000070bc00000, 0x000000070bc00000, 0x000000070be00000|  0%| F|  |TAMS 0x000000070bc00000, 0x000000070bc00000| Untracked 
|  20|0x000000070be00000, 0x000000070be00000, 0x000000070c000000|  0%| F|  |TAMS 0x000000070be00000, 0x000000070be00000| Untracked 
|  21|0x000000070c000000, 0x000000070c000000, 0x000000070c200000|  0%| F|  |TAMS 0x000000070c000000, 0x000000070c000000| Untracked 
|  22|0x000000070c200000, 0x000000070c200000, 0x000000070c400000|  0%| F|  |TAMS 0x000000070c200000, 0x000000070c200000| Untracked 
|  23|0x000000070c400000, 0x000000070c400000, 0x000000070c600000|  0%| F|  |TAMS 0x000000070c400000, 0x000000070c400000| Untracked 
|  24|0x000000070c600000, 0x000000070c600000, 0x000000070c800000|  0%| F|  |TAMS 0x000000070c600000, 0x000000070c600000| Untracked 
|  25|0x000000070c800000, 0x000000070c800000, 0x000000070ca00000|  0%| F|  |TAMS 0x000000070c800000, 0x000000070c800000| Untracked 
|  26|0x000000070ca00000, 0x000000070ca00000, 0x000000070cc00000|  0%| F|  |TAMS 0x000000070ca00000, 0x000000070ca00000| Untracked 
|  27|0x000000070cc00000, 0x000000070cc00000, 0x000000070ce00000|  0%| F|  |TAMS 0x000000070cc00000, 0x000000070cc00000| Untracked 
|  28|0x000000070ce00000, 0x000000070ce00000, 0x000000070d000000|  0%| F|  |TAMS 0x000000070ce00000, 0x000000070ce00000| Untracked 
|  29|0x000000070d000000, 0x000000070d000000, 0x000000070d200000|  0%| F|  |TAMS 0x000000070d000000, 0x000000070d000000| Untracked 
|  30|0x000000070d200000, 0x000000070d200000, 0x000000070d400000|  0%| F|  |TAMS 0x000000070d200000, 0x000000070d200000| Untracked 
|  31|0x000000070d400000, 0x000000070d400000, 0x000000070d600000|  0%| F|  |TAMS 0x000000070d400000, 0x000000070d400000| Untracked 
|  32|0x000000070d600000, 0x000000070d600000, 0x000000070d800000|  0%| F|  |TAMS 0x000000070d600000, 0x000000070d600000| Untracked 
|  33|0x000000070d800000, 0x000000070d800000, 0x000000070da00000|  0%| F|  |TAMS 0x000000070d800000, 0x000000070d800000| Untracked 
|  34|0x000000070da00000, 0x000000070da00000, 0x000000070dc00000|  0%| F|  |TAMS 0x000000070da00000, 0x000000070da00000| Untracked 
|  35|0x000000070dc00000, 0x000000070dc00000, 0x000000070de00000|  0%| F|  |TAMS 0x000000070dc00000, 0x000000070dc00000| Untracked 
|  36|0x000000070de00000, 0x000000070de00000, 0x000000070e000000|  0%| F|  |TAMS 0x000000070de00000, 0x000000070de00000| Untracked 
|  37|0x000000070e000000, 0x000000070e000000, 0x000000070e200000|  0%| F|  |TAMS 0x000000070e000000, 0x000000070e000000| Untracked 
|  38|0x000000070e200000, 0x000000070e200000, 0x000000070e400000|  0%| F|  |TAMS 0x000000070e200000, 0x000000070e200000| Untracked 
|  39|0x000000070e400000, 0x000000070e400000, 0x000000070e600000|  0%| F|  |TAMS 0x000000070e400000, 0x000000070e400000| Untracked 
|  40|0x000000070e600000, 0x000000070e600000, 0x000000070e800000|  0%| F|  |TAMS 0x000000070e600000, 0x000000070e600000| Untracked 
|  41|0x000000070e800000, 0x000000070e800000, 0x000000070ea00000|  0%| F|  |TAMS 0x000000070e800000, 0x000000070e800000| Untracked 
|  42|0x000000070ea00000, 0x000000070ea00000, 0x000000070ec00000|  0%| F|  |TAMS 0x000000070ea00000, 0x000000070ea00000| Untracked 
|  43|0x000000070ec00000, 0x000000070ec00000, 0x000000070ee00000|  0%| F|  |TAMS 0x000000070ec00000, 0x000000070ec00000| Untracked 
|  44|0x000000070ee00000, 0x000000070ee00000, 0x000000070f000000|  0%| F|  |TAMS 0x000000070ee00000, 0x000000070ee00000| Untracked 
|  45|0x000000070f000000, 0x000000070f000000, 0x000000070f200000|  0%| F|  |TAMS 0x000000070f000000, 0x000000070f000000| Untracked 
|  46|0x000000070f200000, 0x000000070f200000, 0x000000070f400000|  0%| F|  |TAMS 0x000000070f200000, 0x000000070f200000| Untracked 
|  47|0x000000070f400000, 0x000000070f400000, 0x000000070f600000|  0%| F|  |TAMS 0x000000070f400000, 0x000000070f400000| Untracked 
|  48|0x000000070f600000, 0x000000070f600000, 0x000000070f800000|  0%| F|  |TAMS 0x000000070f600000, 0x000000070f600000| Untracked 
|  49|0x000000070f800000, 0x000000070f800000, 0x000000070fa00000|  0%| F|  |TAMS 0x000000070f800000, 0x000000070f800000| Untracked 
|  50|0x000000070fa00000, 0x000000070fa00000, 0x000000070fc00000|  0%| F|  |TAMS 0x000000070fa00000, 0x000000070fa00000| Untracked 
|  51|0x000000070fc00000, 0x000000070fc00000, 0x000000070fe00000|  0%| F|  |TAMS 0x000000070fc00000, 0x000000070fc00000| Untracked 
|  52|0x000000070fe00000, 0x000000070fe00000, 0x0000000710000000|  0%| F|  |TAMS 0x000000070fe00000, 0x000000070fe00000| Untracked 
|  53|0x0000000710000000, 0x0000000710000000, 0x0000000710200000|  0%| F|  |TAMS 0x0000000710000000, 0x0000000710000000| Untracked 
|  54|0x0000000710200000, 0x0000000710200000, 0x0000000710400000|  0%| F|  |TAMS 0x0000000710200000, 0x0000000710200000| Untracked 
|  55|0x0000000710400000, 0x0000000710400000, 0x0000000710600000|  0%| F|  |TAMS 0x0000000710400000, 0x0000000710400000| Untracked 
|  56|0x0000000710600000, 0x0000000710600000, 0x0000000710800000|  0%| F|  |TAMS 0x0000000710600000, 0x0000000710600000| Untracked 
|  57|0x0000000710800000, 0x0000000710800000, 0x0000000710a00000|  0%| F|  |TAMS 0x0000000710800000, 0x0000000710800000| Untracked 
|  58|0x0000000710a00000, 0x0000000710a00000, 0x0000000710c00000|  0%| F|  |TAMS 0x0000000710a00000, 0x0000000710a00000| Untracked 
|  59|0x0000000710c00000, 0x0000000710c00000, 0x0000000710e00000|  0%| F|  |TAMS 0x0000000710c00000, 0x0000000710c00000| Untracked 
|  60|0x0000000710e00000, 0x0000000710e00000, 0x0000000711000000|  0%| F|  |TAMS 0x0000000710e00000, 0x0000000710e00000| Untracked 
|  61|0x0000000711000000, 0x0000000711000000, 0x0000000711200000|  0%| F|  |TAMS 0x0000000711000000, 0x0000000711000000| Untracked 
|  62|0x0000000711200000, 0x0000000711200000, 0x0000000711400000|  0%| F|  |TAMS 0x0000000711200000, 0x0000000711200000| Untracked 
|  63|0x0000000711400000, 0x0000000711400000, 0x0000000711600000|  0%| F|  |TAMS 0x0000000711400000, 0x0000000711400000| Untracked 
|  64|0x0000000711600000, 0x0000000711600000, 0x0000000711800000|  0%| F|  |TAMS 0x0000000711600000, 0x0000000711600000| Untracked 
|  65|0x0000000711800000, 0x0000000711800000, 0x0000000711a00000|  0%| F|  |TAMS 0x0000000711800000, 0x0000000711800000| Untracked 
|  66|0x0000000711a00000, 0x0000000711a00000, 0x0000000711c00000|  0%| F|  |TAMS 0x0000000711a00000, 0x0000000711a00000| Untracked 
|  67|0x0000000711c00000, 0x0000000711c00000, 0x0000000711e00000|  0%| F|  |TAMS 0x0000000711c00000, 0x0000000711c00000| Untracked 
|  68|0x0000000711e00000, 0x0000000711e00000, 0x0000000712000000|  0%| F|  |TAMS 0x0000000711e00000, 0x0000000711e00000| Untracked 
|  69|0x0000000712000000, 0x0000000712000000, 0x0000000712200000|  0%| F|  |TAMS 0x0000000712000000, 0x0000000712000000| Untracked 
|  70|0x0000000712200000, 0x0000000712200000, 0x0000000712400000|  0%| F|  |TAMS 0x0000000712200000, 0x0000000712200000| Untracked 
|  71|0x0000000712400000, 0x0000000712400000, 0x0000000712600000|  0%| F|  |TAMS 0x0000000712400000, 0x0000000712400000| Untracked 
|  72|0x0000000712600000, 0x0000000712600000, 0x0000000712800000|  0%| F|  |TAMS 0x0000000712600000, 0x0000000712600000| Untracked 
|  73|0x0000000712800000, 0x0000000712800000, 0x0000000712a00000|  0%| F|  |TAMS 0x0000000712800000, 0x0000000712800000| Untracked 
|  74|0x0000000712a00000, 0x0000000712a00000, 0x0000000712c00000|  0%| F|  |TAMS 0x0000000712a00000, 0x0000000712a00000| Untracked 
|  75|0x0000000712c00000, 0x0000000712c00000, 0x0000000712e00000|  0%| F|  |TAMS 0x0000000712c00000, 0x0000000712c00000| Untracked 
|  76|0x0000000712e00000, 0x0000000712e00000, 0x0000000713000000|  0%| F|  |TAMS 0x0000000712e00000, 0x0000000712e00000| Untracked 
|  77|0x0000000713000000, 0x0000000713000000, 0x0000000713200000|  0%| F|  |TAMS 0x0000000713000000, 0x0000000713000000| Untracked 
|  78|0x0000000713200000, 0x0000000713200000, 0x0000000713400000|  0%| F|  |TAMS 0x0000000713200000, 0x0000000713200000| Untracked 
|  79|0x0000000713400000, 0x0000000713400000, 0x0000000713600000|  0%| F|  |TAMS 0x0000000713400000, 0x0000000713400000| Untracked 
|  80|0x0000000713600000, 0x0000000713600000, 0x0000000713800000|  0%| F|  |TAMS 0x0000000713600000, 0x0000000713600000| Untracked 
|  81|0x0000000713800000, 0x0000000713800000, 0x0000000713a00000|  0%| F|  |TAMS 0x0000000713800000, 0x0000000713800000| Untracked 
|  82|0x0000000713a00000, 0x0000000713a00000, 0x0000000713c00000|  0%| F|  |TAMS 0x0000000713a00000, 0x0000000713a00000| Untracked 
|  83|0x0000000713c00000, 0x0000000713c00000, 0x0000000713e00000|  0%| F|  |TAMS 0x0000000713c00000, 0x0000000713c00000| Untracked 
|  84|0x0000000713e00000, 0x0000000713e00000, 0x0000000714000000|  0%| F|  |TAMS 0x0000000713e00000, 0x0000000713e00000| Untracked 
|  85|0x0000000714000000, 0x0000000714000000, 0x0000000714200000|  0%| F|  |TAMS 0x0000000714000000, 0x0000000714000000| Untracked 
|  86|0x0000000714200000, 0x0000000714200000, 0x0000000714400000|  0%| F|  |TAMS 0x0000000714200000, 0x0000000714200000| Untracked 
|  87|0x0000000714400000, 0x0000000714400000, 0x0000000714600000|  0%| F|  |TAMS 0x0000000714400000, 0x0000000714400000| Untracked 
|  88|0x0000000714600000, 0x0000000714600000, 0x0000000714800000|  0%| F|  |TAMS 0x0000000714600000, 0x0000000714600000| Untracked 
|  89|0x0000000714800000, 0x0000000714800000, 0x0000000714a00000|  0%| F|  |TAMS 0x0000000714800000, 0x0000000714800000| Untracked 
|  90|0x0000000714a00000, 0x0000000714a00000, 0x0000000714c00000|  0%| F|  |TAMS 0x0000000714a00000, 0x0000000714a00000| Untracked 
|  91|0x0000000714c00000, 0x0000000714c00000, 0x0000000714e00000|  0%| F|  |TAMS 0x0000000714c00000, 0x0000000714c00000| Untracked 
|  92|0x0000000714e00000, 0x0000000714e00000, 0x0000000715000000|  0%| F|  |TAMS 0x0000000714e00000, 0x0000000714e00000| Untracked 
|  93|0x0000000715000000, 0x0000000715000000, 0x0000000715200000|  0%| F|  |TAMS 0x0000000715000000, 0x0000000715000000| Untracked 
|  94|0x0000000715200000, 0x0000000715200000, 0x0000000715400000|  0%| F|  |TAMS 0x0000000715200000, 0x0000000715200000| Untracked 
|  95|0x0000000715400000, 0x0000000715400000, 0x0000000715600000|  0%| F|  |TAMS 0x0000000715400000, 0x0000000715400000| Untracked 
|  96|0x0000000715600000, 0x0000000715600000, 0x0000000715800000|  0%| F|  |TAMS 0x0000000715600000, 0x0000000715600000| Untracked 
|  97|0x0000000715800000, 0x0000000715800000, 0x0000000715a00000|  0%| F|  |TAMS 0x0000000715800000, 0x0000000715800000| Untracked 
|  98|0x0000000715a00000, 0x0000000715a00000, 0x0000000715c00000|  0%| F|  |TAMS 0x0000000715a00000, 0x0000000715a00000| Untracked 
|  99|0x0000000715c00000, 0x0000000715c00000, 0x0000000715e00000|  0%| F|  |TAMS 0x0000000715c00000, 0x0000000715c00000| Untracked 
| 100|0x0000000715e00000, 0x0000000715e00000, 0x0000000716000000|  0%| F|  |TAMS 0x0000000715e00000, 0x0000000715e00000| Untracked 
| 101|0x0000000716000000, 0x0000000716000000, 0x0000000716200000|  0%| F|  |TAMS 0x0000000716000000, 0x0000000716000000| Untracked 
| 102|0x0000000716200000, 0x0000000716200000, 0x0000000716400000|  0%| F|  |TAMS 0x0000000716200000, 0x0000000716200000| Untracked 
| 103|0x0000000716400000, 0x0000000716400000, 0x0000000716600000|  0%| F|  |TAMS 0x0000000716400000, 0x0000000716400000| Untracked 
| 104|0x0000000716600000, 0x0000000716600000, 0x0000000716800000|  0%| F|  |TAMS 0x0000000716600000, 0x0000000716600000| Untracked 
| 105|0x0000000716800000, 0x0000000716800000, 0x0000000716a00000|  0%| F|  |TAMS 0x0000000716800000, 0x0000000716800000| Untracked 
| 106|0x0000000716a00000, 0x0000000716a00000, 0x0000000716c00000|  0%| F|  |TAMS 0x0000000716a00000, 0x0000000716a00000| Untracked 
| 107|0x0000000716c00000, 0x0000000716c00000, 0x0000000716e00000|  0%| F|  |TAMS 0x0000000716c00000, 0x0000000716c00000| Untracked 
| 108|0x0000000716e00000, 0x0000000716e00000, 0x0000000717000000|  0%| F|  |TAMS 0x0000000716e00000, 0x0000000716e00000| Untracked 
| 109|0x0000000717000000, 0x0000000717000000, 0x0000000717200000|  0%| F|  |TAMS 0x0000000717000000, 0x0000000717000000| Untracked 
| 110|0x0000000717200000, 0x0000000717200000, 0x0000000717400000|  0%| F|  |TAMS 0x0000000717200000, 0x0000000717200000| Untracked 
| 111|0x0000000717400000, 0x0000000717600000, 0x0000000717600000|100%| S|CS|TAMS 0x0000000717400000, 0x0000000717400000| Complete 
| 112|0x0000000717600000, 0x0000000717800000, 0x0000000717800000|100%| S|CS|TAMS 0x0000000717600000, 0x0000000717600000| Complete 
| 113|0x0000000717800000, 0x0000000717800000, 0x0000000717a00000|  0%| F|  |TAMS 0x0000000717800000, 0x0000000717800000| Untracked 
| 114|0x0000000717a00000, 0x0000000717a00000, 0x0000000717c00000|  0%| F|  |TAMS 0x0000000717a00000, 0x0000000717a00000| Untracked 
| 115|0x0000000717c00000, 0x0000000717c00000, 0x0000000717e00000|  0%| F|  |TAMS 0x0000000717c00000, 0x0000000717c00000| Untracked 
| 116|0x0000000717e00000, 0x0000000717e00000, 0x0000000718000000|  0%| F|  |TAMS 0x0000000717e00000, 0x0000000717e00000| Untracked 
| 117|0x0000000718000000, 0x0000000718000000, 0x0000000718200000|  0%| F|  |TAMS 0x0000000718000000, 0x0000000718000000| Untracked 
| 118|0x0000000718200000, 0x0000000718200000, 0x0000000718400000|  0%| F|  |TAMS 0x0000000718200000, 0x0000000718200000| Untracked 
| 119|0x0000000718400000, 0x0000000718400000, 0x0000000718600000|  0%| F|  |TAMS 0x0000000718400000, 0x0000000718400000| Untracked 
| 120|0x0000000718600000, 0x0000000718600000, 0x0000000718800000|  0%| F|  |TAMS 0x0000000718600000, 0x0000000718600000| Untracked 
| 121|0x0000000718800000, 0x0000000718800800, 0x0000000718a00000|  0%| E|  |TAMS 0x0000000718800000, 0x0000000718800000| Complete 
| 122|0x0000000718a00000, 0x0000000718c00000, 0x0000000718c00000|100%| E|CS|TAMS 0x0000000718a00000, 0x0000000718a00000| Complete 
| 123|0x0000000718c00000, 0x0000000718e00000, 0x0000000718e00000|100%| E|CS|TAMS 0x0000000718c00000, 0x0000000718c00000| Complete 

Card table byte_map: [0x000001d8696e0000,0x000001d869ea0000] _byte_map_base: 0x000001d865e95000

Marking Bits (Prev, Next): (CMBitMap*) 0x000001d851c17b90, (CMBitMap*) 0x000001d851c17bd0
 Prev Bits: [0x000001d86a660000, 0x000001d86e408000)
 Next Bits: [0x000001d86e410000, 0x000001d8721b8000)

Polling page: 0x000001d84fa20000

Metaspace:

Usage:
  Non-class:      6.04 MB used.
      Class:    749.17 KB used.
       Both:      6.77 MB used.

Virtual space:
  Non-class space:        8.00 MB reserved,       6.12 MB ( 77%) committed,  1 nodes.
      Class space:        1.00 GB reserved,     832.00 KB ( <1%) committed,  1 nodes.
             Both:        1.01 GB reserved,       6.94 MB ( <1%) committed. 

Chunk freelists:
   Non-Class:  1.91 MB
       Class:  3.22 MB
        Both:  5.13 MB

MaxMetaspaceSize: unlimited
CompressedClassSpaceSize: 1.00 GB
Initial GC threshold: 21.00 MB
Current GC threshold: 21.00 MB
CDS: on
MetaspaceReclaimPolicy: balanced
 - commit_granule_bytes: 65536.
 - commit_granule_words: 8192.
 - virtual_space_node_default_size: 1048576.
 - enlarge_chunks_in_place: 1.
 - new_chunks_are_fully_committed: 0.
 - uncommit_free_chunks: 1.
 - use_allocation_guard: 0.
 - handle_deallocations: 1.


Internal statistics:

num_allocs_failed_limit: 0.
num_arena_births: 128.
num_arena_deaths: 0.
num_vsnodes_births: 2.
num_vsnodes_deaths: 0.
num_space_committed: 111.
num_space_uncommitted: 0.
num_chunks_returned_to_freelist: 0.
num_chunks_taken_from_freelist: 176.
num_chunk_merges: 0.
num_chunk_splits: 105.
num_chunks_enlarged: 52.
num_purges: 0.
num_inconsistent_stats: 0.

CodeHeap 'non-profiled nmethods': size=119168Kb used=414Kb max_used=414Kb free=118753Kb
 bounds [0x000001d861240000, 0x000001d8614b0000, 0x000001d8686a0000]
CodeHeap 'profiled nmethods': size=119104Kb used=1579Kb max_used=1579Kb free=117524Kb
 bounds [0x000001d859df0000, 0x000001d85a060000, 0x000001d861240000]
CodeHeap 'non-nmethods': size=7488Kb used=2384Kb max_used=2412Kb free=5103Kb
 bounds [0x000001d8596a0000, 0x000001d859910000, 0x000001d859df0000]
 total_blobs=1680 nmethods=1100 adapters=491
 compilation: enabled
              stopped_count=0, restarted_count=0
 full_count=0

Compilation events (20 events):
Event: 0.967 Thread 0x000001d875c08140 nmethod 1089 0x000001d859f77b90 code [0x000001d859f77d20, 0x000001d859f77e68]
Event: 0.967 Thread 0x000001d875c08140 1091       3       summit.gfx.PaintEvent::renderLater (10 bytes)
Event: 0.967 Thread 0x000001d875d1e5d0 nmethod 1087 0x000001d859f77f10 code [0x000001d859f78100, 0x000001d859f78808]
Event: 0.967 Thread 0x000001d875c08140 nmethod 1091 0x000001d859f78a10 code [0x000001d859f78c00, 0x000001d859f79288]
Event: 0.967 Thread 0x000001d875c08140 1092       1       summit.game.tile.Tile::getLight (5 bytes)
Event: 0.967 Thread 0x000001d875c08140 nmethod 1092 0x000001d8612a2690 code [0x000001d8612a2820, 0x000001d8612a28f8]
Event: 0.968 Thread 0x000001d876712bb0 1093       4       summit.gfx.BufferedSprites::getSprite (11 bytes)
Event: 0.971 Thread 0x000001d87670d5a0 1094 %     4       summit.gfx.Renderer::rotate @ 21 (62 bytes)
Event: 0.974 Thread 0x000001d876712bb0 nmethod 1093 0x000001d8612a2990 code [0x000001d8612a2b40, 0x000001d8612a3238]
Event: 0.975 Thread 0x000001d875d3d160 1095 %     3       summit.gfx.Renderer::filterFrame @ 10 (57 bytes)
Event: 0.975 Thread 0x000001d875d3d160 nmethod 1095% 0x000001d859f79590 code [0x000001d859f79760, 0x000001d859f79ba8]
Event: 0.975 Thread 0x000001d875d3d160 1096       3       summit.gfx.Renderer::filterFrame (57 bytes)
Event: 0.976 Thread 0x000001d876712bb0 1097       4       summit.gfx.Renderer::renderLight (229 bytes)
Event: 0.976 Thread 0x000001d875d3d160 nmethod 1096 0x000001d859f79e90 code [0x000001d859f7a060, 0x000001d859f7a428]
Event: 0.977 Thread 0x000001d875d3d160 1098       3       summit.gfx.Light::paint (21 bytes)
Event: 0.977 Thread 0x000001d875d3d160 nmethod 1098 0x000001d859f7a690 code [0x000001d859f7a840, 0x000001d859f7aa08]
Event: 0.977 Thread 0x000001d87670d5a0 nmethod 1094% 0x000001d8612a3710 code [0x000001d8612a38a0, 0x000001d8612a3cd8]
Event: 0.980 Thread 0x000001d876712bb0 nmethod 1097 0x000001d8612a3f10 code [0x000001d8612a40e0, 0x000001d8612a4558]
Event: 0.987 Thread 0x000001d87670d5a0 1099       4       summit.gfx.Renderer::rotate (62 bytes)
Event: 0.992 Thread 0x000001d8751a8f00 nmethod 1082 0x000001d8612a4890 code [0x000001d8612a4aa0, 0x000001d8612a6368]

GC Heap History (2 events):
Event: 0.963 GC heap before
{Heap before GC invocations=0 (full 0):
 garbage-first heap   total 253952K, used 26624K [0x0000000709600000, 0x0000000800000000)
  region size 2048K, 11 young (22528K), 0 survivors (0K)
 Metaspace       used 6925K, committed 7104K, reserved 1056768K
  class space    used 749K, committed 832K, reserved 1048576K
}
Event: 0.966 GC heap after
{Heap after GC invocations=1 (full 0):
 garbage-first heap   total 253952K, used 10443K [0x0000000709600000, 0x0000000800000000)
  region size 2048K, 2 young (4096K), 2 survivors (4096K)
 Metaspace       used 6925K, committed 7104K, reserved 1056768K
  class space    used 749K, committed 832K, reserved 1048576K
}

Deoptimization events (20 events):
Event: 0.978 Thread 0x000001d875f2c5f0 DEOPT PACKING pc=0x000001d859f75ca2 sp=0x0000005c6d4ff2c0
Event: 0.978 Thread 0x000001d875f2c5f0 DEOPT UNPACKING pc=0x000001d8596f2b43 sp=0x0000005c6d4fe768 mode 0
Event: 0.979 Thread 0x000001d875f2c5f0 DEOPT PACKING pc=0x000001d859f75ca2 sp=0x0000005c6d4ff2c0
Event: 0.979 Thread 0x000001d875f2c5f0 DEOPT UNPACKING pc=0x000001d8596f2b43 sp=0x0000005c6d4fe768 mode 0
Event: 0.979 Thread 0x000001d875f2c5f0 DEOPT PACKING pc=0x000001d859f75ca2 sp=0x0000005c6d4ff2c0
Event: 0.979 Thread 0x000001d875f2c5f0 DEOPT UNPACKING pc=0x000001d8596f2b43 sp=0x0000005c6d4fe768 mode 0
Event: 0.979 Thread 0x000001d875f2c5f0 DEOPT PACKING pc=0x000001d859f75ca2 sp=0x0000005c6d4ff2c0
Event: 0.979 Thread 0x000001d875f2c5f0 DEOPT UNPACKING pc=0x000001d8596f2b43 sp=0x0000005c6d4fe768 mode 0
Event: 0.979 Thread 0x000001d875f2c5f0 DEOPT PACKING pc=0x000001d859f75ca2 sp=0x0000005c6d4ff2c0
Event: 0.979 Thread 0x000001d875f2c5f0 DEOPT UNPACKING pc=0x000001d8596f2b43 sp=0x0000005c6d4fe768 mode 0
Event: 0.979 Thread 0x000001d875f2c5f0 DEOPT PACKING pc=0x000001d859f75ca2 sp=0x0000005c6d4ff2c0
Event: 0.979 Thread 0x000001d875f2c5f0 DEOPT UNPACKING pc=0x000001d8596f2b43 sp=0x0000005c6d4fe768 mode 0
Event: 0.980 Thread 0x000001d875f2c5f0 DEOPT PACKING pc=0x000001d859f75ca2 sp=0x0000005c6d4ff2c0
Event: 0.980 Thread 0x000001d875f2c5f0 DEOPT UNPACKING pc=0x000001d8596f2b43 sp=0x0000005c6d4fe768 mode 0
Event: 0.980 Thread 0x000001d875f2c5f0 DEOPT PACKING pc=0x000001d859f75ca2 sp=0x0000005c6d4ff2c0
Event: 0.980 Thread 0x000001d875f2c5f0 DEOPT UNPACKING pc=0x000001d8596f2b43 sp=0x0000005c6d4fe768 mode 0
Event: 0.987 Thread 0x000001d875f2c5f0 DEOPT PACKING pc=0x000001d859f7741d sp=0x0000005c6d4feff0
Event: 0.987 Thread 0x000001d875f2c5f0 DEOPT UNPACKING pc=0x000001d8596f2b43 sp=0x0000005c6d4fe480 mode 0
Event: 0.992 Thread 0x000001d875f2c5f0 DEOPT PACKING pc=0x000001d859f7741d sp=0x0000005c6d4fef60
Event: 0.992 Thread 0x000001d875f2c5f0 DEOPT UNPACKING pc=0x000001d8596f2b43 sp=0x0000005c6d4fe3f0 mode 0

Classes unloaded (0 events):
No events

Classes redefined (0 events):
No events

Internal exceptions (14 events):
Event: 0.053 Thread 0x000001d875d4fa40 Exception <a 'java/lang/ClassNotFoundException'{0x0000000718a2b280}: sun/awt/resources/spi/awtProvider> (0x0000000718a2b280) 
thrown [s\src\hotspot\share\classfile\systemDictionary.cpp, line 256]
Event: 0.074 Thread 0x000001d875d4fa40 Exception <a 'java/io/FileNotFoundException'{0x0000000718b657f8}> (0x0000000718b657f8) 
thrown [s\src\hotspot\share\prims\jni.cpp, line 516]
Event: 0.079 Thread 0x000001d875d4fa40 Exception <a 'java/io/FileNotFoundException'{0x0000000718b92750}> (0x0000000718b92750) 
thrown [s\src\hotspot\share\prims\jni.cpp, line 516]
Event: 0.093 Thread 0x000001d875d4fa40 Exception <a 'java/lang/NoSuchMethodError'{0x0000000718bc7f90}: 'java.lang.Object java.lang.invoke.DirectMethodHandle$Holder.invokeStaticInit(java.lang.Object)'> (0x0000000718bc7f90) 
thrown [s\src\hotspot\share\interpreter\linkResolver.cpp, line 759]
Event: 0.235 Thread 0x000001d875d4fa40 Exception <a 'java/lang/NoSuchMethodError'{0x0000000718766788}: 'void java.lang.invoke.DirectMethodHandle$Holder.invokeSpecial(java.lang.Object, java.lang.Object, java.lang.Object)'> (0x0000000718766788) 
thrown [s\src\hotspot\share\interpreter\linkResolver.cpp, line 759]
Event: 0.241 Thread 0x000001d875d4fa40 Exception <a 'java/lang/NoSuchMethodError'{0x0000000718790a20}: 'java.lang.Object java.lang.invoke.DirectMethodHandle$Holder.newInvokeSpecial(java.lang.Object, java.lang.Object, java.lang.Object, java.lang.Object, java.lang.Object)'> (0x0000000718790a20) 
thrown [s\src\hotspot\share\interpreter\linkResolver.cpp, line 759]
Event: 0.242 Thread 0x000001d875d4fa40 Exception <a 'java/lang/NoSuchMethodError'{0x000000071879c3e8}: 'java.lang.Object java.lang.invoke.DirectMethodHandle$Holder.invokeStatic(java.lang.Object, int, java.lang.Object, java.lang.Object, java.lang.Object, java.lang.Object)'> (0x000000071879c3e8) 
thrown [s\src\hotspot\share\interpreter\linkResolver.cpp, line 759]
Event: 0.245 Thread 0x000001d875d4fa40 Exception <a 'java/lang/NoSuchMethodError'{0x00000007187c1b08}: 'java.lang.Object java.lang.invoke.DirectMethodHandle$Holder.invokeStatic(java.lang.Object, int, java.lang.Object)'> (0x00000007187c1b08) 
thrown [s\src\hotspot\share\interpreter\linkResolver.cpp, line 759]
Event: 0.263 Thread 0x000001d875d4fa40 Exception <a 'java/lang/ClassNotFoundException'{0x000000071847a018}: com/sun/swing/internal/plaf/metal/resources/spi/metalProvider> (0x000000071847a018) 
thrown [s\src\hotspot\share\classfile\systemDictionary.cpp, line 256]
Event: 0.264 Thread 0x000001d875d4fa40 Exception <a 'java/lang/ClassNotFoundException'{0x000000071847dea0}: com/sun/swing/internal/plaf/basic/resources/spi/basicProvider> (0x000000071847dea0) 
thrown [s\src\hotspot\share\classfile\systemDictionary.cpp, line 256]
Event: 0.277 Thread 0x000001d875f29aa0 Exception <a 'java/lang/NoSuchMethodError'{0x0000000718680998}: 'void java.lang.invoke.DirectMethodHandle$Holder.invokeVirtual(java.lang.Object, java.lang.Object)'> (0x0000000718680998) 
thrown [s\src\hotspot\share\interpreter\linkResolver.cpp, line 759]
Event: 0.288 Thread 0x000001d875d4fa40 Exception <a 'java/lang/NoSuchMethodError'{0x00000007184bbde8}: 'void java.lang.invoke.DirectMethodHandle$Holder.invokeStaticInit(java.lang.Object)'> (0x00000007184bbde8) 
thrown [s\src\hotspot\share\interpreter\linkResolver.cpp, line 759]
Event: 0.908 Thread 0x000001d875f2a440 Implicit null exception at 0x000001d861291707 to 0x000001d861291960
Event: 0.908 Thread 0x000001d875f2a440 Implicit null exception at 0x000001d861290556 to 0x000001d861290654

VM Operations (12 events):
Event: 0.037 Executing VM operation: HandshakeAllThreads
Event: 0.037 Executing VM operation: HandshakeAllThreads done
Event: 0.263 Executing VM operation: HandshakeAllThreads
Event: 0.263 Executing VM operation: HandshakeAllThreads done
Event: 0.306 Executing VM operation: HandshakeAllThreads
Event: 0.306 Executing VM operation: HandshakeAllThreads done
Event: 0.332 Executing VM operation: HandshakeAllThreads
Event: 0.332 Executing VM operation: HandshakeAllThreads done
Event: 0.892 Executing VM operation: HandshakeAllThreads
Event: 0.892 Executing VM operation: HandshakeAllThreads done
Event: 0.963 Executing VM operation: G1CollectForAllocation
Event: 0.966 Executing VM operation: G1CollectForAllocation done

Events (20 events):
Event: 0.353 loading class java/text/AttributedString$AttributedStringIterator done
Event: 0.353 loading class java/awt/TextComponent
Event: 0.353 loading class java/awt/TextComponent done
Event: 0.353 loading class javax/swing/text/JTextComponent
Event: 0.354 loading class javax/swing/Scrollable
Event: 0.354 loading class javax/swing/Scrollable done
Event: 0.354 loading class javax/swing/text/JTextComponent done
Event: 0.355 loading class java/awt/event/MouseWheelEvent
Event: 0.355 loading class java/awt/event/MouseWheelEvent done
Event: 0.366 loading class sun/awt/image/BufImgSurfaceManager
Event: 0.366 loading class sun/awt/image/BufImgSurfaceManager done
Event: 0.366 loading class sun/awt/image/BufImgSurfaceData
Event: 0.366 loading class sun/awt/image/BufImgSurfaceData done
Event: 0.366 loading class sun/awt/image/BufImgSurfaceData$ICMColorData
Event: 0.366 loading class sun/awt/image/BufImgSurfaceData$ICMColorData done
Event: 0.687 Thread 0x000001d875f2fcb0 Thread exited: 0x000001d875f2fcb0
Event: 0.899 loading class java/lang/Math$RandomNumberGeneratorHolder
Event: 0.899 loading class java/lang/Math$RandomNumberGeneratorHolder done
Event: 0.903 Thread 0x000001d87670d5a0 Thread added: 0x000001d87670d5a0
Event: 0.905 Thread 0x000001d876712bb0 Thread added: 0x000001d876712bb0


Dynamic libraries:
0x00007ff796dc0000 - 0x00007ff796dce000 	C:\Users\aadiu\AppData\Local\Programs\Eclipse Adoptium\jdk-17.0.4.101-hotspot\bin\java.exe
0x00007ffb36970000 - 0x00007ffb36b68000 	C:\Windows\SYSTEM32\ntdll.dll
0x00007ffb352a0000 - 0x00007ffb3535f000 	C:\Windows\System32\KERNEL32.DLL
0x00007ffb34310000 - 0x00007ffb345e2000 	C:\Windows\System32\KERNELBASE.dll
0x00007ffb34110000 - 0x00007ffb34210000 	C:\Windows\System32\ucrtbase.dll
0x00007ffb31af0000 - 0x00007ffb31b08000 	C:\Users\aadiu\AppData\Local\Programs\Eclipse Adoptium\jdk-17.0.4.101-hotspot\bin\jli.dll
0x00007ffb1cbe0000 - 0x00007ffb1cbf9000 	C:\Users\aadiu\AppData\Local\Programs\Eclipse Adoptium\jdk-17.0.4.101-hotspot\bin\VCRUNTIME140.dll
0x00007ffb35530000 - 0x00007ffb356cd000 	C:\Windows\System32\USER32.dll
0x00007ffb20b10000 - 0x00007ffb20daa000 	C:\Windows\WinSxS\amd64_microsoft.windows.common-controls_6595b64144ccf1df_6.0.19041.1110_none_60b5254171f9507e\COMCTL32.dll
0x00007ffb34720000 - 0x00007ffb34742000 	C:\Windows\System32\win32u.dll
0x00007ffb35fa0000 - 0x00007ffb35fcb000 	C:\Windows\System32\GDI32.dll
0x00007ffb35f00000 - 0x00007ffb35f9e000 	C:\Windows\System32\msvcrt.dll
0x00007ffb34750000 - 0x00007ffb3485f000 	C:\Windows\System32\gdi32full.dll
0x00007ffb345f0000 - 0x00007ffb3468d000 	C:\Windows\System32\msvcp_win.dll
0x00007ffb356f0000 - 0x00007ffb35722000 	C:\Windows\System32\IMM32.DLL
0x00007ffb26d60000 - 0x00007ffb26d6c000 	C:\Users\aadiu\AppData\Local\Programs\Eclipse Adoptium\jdk-17.0.4.101-hotspot\bin\vcruntime140_1.dll
0x00007ffafa400000 - 0x00007ffafa491000 	C:\Users\aadiu\AppData\Local\Programs\Eclipse Adoptium\jdk-17.0.4.101-hotspot\bin\msvcp140.dll
0x00007ffabaac0000 - 0x00007ffabb706000 	C:\Users\aadiu\AppData\Local\Programs\Eclipse Adoptium\jdk-17.0.4.101-hotspot\bin\server\jvm.dll
0x00007ffb34ec0000 - 0x00007ffb34f6e000 	C:\Windows\System32\ADVAPI32.dll
0x00007ffb35e60000 - 0x00007ffb35efc000 	C:\Windows\System32\sechost.dll
0x00007ffb35ba0000 - 0x00007ffb35cc5000 	C:\Windows\System32\RPCRT4.dll
0x00007ffb34eb0000 - 0x00007ffb34eb8000 	C:\Windows\System32\PSAPI.DLL
0x00007ffb1d990000 - 0x00007ffb1d999000 	C:\Windows\SYSTEM32\WSOCK32.dll
0x00007ffb31d40000 - 0x00007ffb31d67000 	C:\Windows\SYSTEM32\WINMM.dll
0x00007ffb2d720000 - 0x00007ffb2d72a000 	C:\Windows\SYSTEM32\VERSION.dll
0x00007ffb35160000 - 0x00007ffb351cb000 	C:\Windows\System32\WS2_32.dll
0x00007ffb31fa0000 - 0x00007ffb31fb2000 	C:\Windows\SYSTEM32\kernel.appcore.dll
0x00007ffb25f10000 - 0x00007ffb25f1a000 	C:\Users\aadiu\AppData\Local\Programs\Eclipse Adoptium\jdk-17.0.4.101-hotspot\bin\jimage.dll
0x00007ffb31b50000 - 0x00007ffb31d34000 	C:\Windows\SYSTEM32\DBGHELP.DLL
0x00007ffb31b20000 - 0x00007ffb31b4c000 	C:\Windows\SYSTEM32\dbgcore.DLL
0x00007ffb34690000 - 0x00007ffb34712000 	C:\Windows\System32\bcryptPrimitives.dll
0x00007ffb1c990000 - 0x00007ffb1c9b5000 	C:\Users\aadiu\AppData\Local\Programs\Eclipse Adoptium\jdk-17.0.4.101-hotspot\bin\java.dll
0x00007ffaf93a0000 - 0x00007ffaf9476000 	C:\Users\aadiu\AppData\Local\Programs\Eclipse Adoptium\jdk-17.0.4.101-hotspot\bin\jsvml.dll
0x00007ffb35fd0000 - 0x00007ffb36713000 	C:\Windows\System32\SHELL32.dll
0x00007ffb32130000 - 0x00007ffb328c2000 	C:\Windows\SYSTEM32\windows.storage.dll
0x00007ffb34ad0000 - 0x00007ffb34e24000 	C:\Windows\System32\combase.dll
0x00007ffb33a60000 - 0x00007ffb33a90000 	C:\Windows\SYSTEM32\Wldp.dll
0x00007ffb349c0000 - 0x00007ffb34a6d000 	C:\Windows\System32\SHCORE.dll
0x00007ffb35020000 - 0x00007ffb35075000 	C:\Windows\System32\shlwapi.dll
0x00007ffb33fb0000 - 0x00007ffb33fcf000 	C:\Windows\SYSTEM32\profapi.dll
0x00007ffae34c0000 - 0x00007ffae364e000 	C:\Users\aadiu\AppData\Local\Programs\Eclipse Adoptium\jdk-17.0.4.101-hotspot\bin\awt.dll
0x00007ffb351d0000 - 0x00007ffb3529d000 	C:\Windows\System32\OLEAUT32.dll
0x00007ffb31300000 - 0x00007ffb31391000 	C:\Windows\SYSTEM32\apphelp.dll
0x00007ffb199a0000 - 0x00007ffb199b8000 	C:\Users\aadiu\AppData\Local\Programs\Eclipse Adoptium\jdk-17.0.4.101-hotspot\bin\zip.dll
0x00007ffb31410000 - 0x00007ffb314ae000 	C:\Windows\system32\uxtheme.dll
0x00007ffb353f0000 - 0x00007ffb35505000 	C:\Windows\System32\MSCTF.dll
0x00007ffb35cd0000 - 0x00007ffb35dfa000 	C:\Windows\System32\ole32.dll
0x00007ffb31590000 - 0x00007ffb315bf000 	C:\Windows\system32\DWMAPI.DLL
0x00007ffadadb0000 - 0x00007ffadaed5000 	C:\Windows\system32\opengl32.dll
0x00007ffada100000 - 0x00007ffada12c000 	C:\Windows\SYSTEM32\GLU32.dll
0x00007ffb269b0000 - 0x00007ffb26b7f000 	C:\Windows\system32\d3d9.dll
0x00007ffb28d70000 - 0x00007ffb28f28000 	C:\Windows\System32\DriverStore\FileRepository\u0370468.inf_amd64_5e4260b11257b6e9\B370372\aticfx64.dll
0x00007ffb0eac0000 - 0x00007ffb0eaf4000 	C:\Windows\System32\DriverStore\FileRepository\u0370468.inf_amd64_5e4260b11257b6e9\B370372\atiu9p64.dll
0x00007ffab93e0000 - 0x00007ffaba134000 	C:\Windows\System32\DriverStore\FileRepository\u0370468.inf_amd64_5e4260b11257b6e9\B370372\atiumd64.dll
0x000000006c4b0000 - 0x000000006d324000 	C:\Windows\System32\DriverStore\FileRepository\u0370468.inf_amd64_5e4260b11257b6e9\B370372\atiumd6a.dll
0x00007ffb35730000 - 0x00007ffb35b98000 	C:\Windows\System32\SETUPAPI.dll
0x00007ffb34210000 - 0x00007ffb3425e000 	C:\Windows\System32\cfgmgr32.dll
0x00007ffb33e30000 - 0x00007ffb33e7b000 	C:\Windows\SYSTEM32\POWRPROF.dll
0x00007ffb34070000 - 0x00007ffb34097000 	C:\Windows\System32\bcrypt.dll
0x00007ffb33e10000 - 0x00007ffb33e22000 	C:\Windows\SYSTEM32\UMPDC.dll
0x00007ffb29180000 - 0x00007ffb291b0000 	C:\Windows\SYSTEM32\amdihk64.dll
0x00007ffb29960000 - 0x00007ffb2999b000 	C:\Windows\SYSTEM32\dxcore.dll
0x00007ffafa370000 - 0x00007ffafa3f6000 	C:\Users\aadiu\AppData\Local\Programs\Eclipse Adoptium\jdk-17.0.4.101-hotspot\bin\freetype.dll
0x00007ffaf8bf0000 - 0x00007ffaf8c98000 	C:\Users\aadiu\AppData\Local\Programs\Eclipse Adoptium\jdk-17.0.4.101-hotspot\bin\fontmanager.dll
0x00007ffb28f30000 - 0x00007ffb29029000 	C:\Windows\SYSTEM32\textinputframework.dll
0x00007ffb30e70000 - 0x00007ffb311ce000 	C:\Windows\System32\CoreUIComponents.dll
0x00007ffb309d0000 - 0x00007ffb30ac2000 	C:\Windows\System32\CoreMessaging.dll
0x00007ffb33190000 - 0x00007ffb331c3000 	C:\Windows\SYSTEM32\ntmarta.dll
0x00007ffb30200000 - 0x00007ffb30354000 	C:\Windows\SYSTEM32\wintypes.dll

dbghelp: loaded successfully - version: 4.0.5 - missing functions: none
symbol engine: initialized successfully - sym options: 0x614 - pdb path: .;C:\Users\aadiu\AppData\Local\Programs\Eclipse Adoptium\jdk-17.0.4.101-hotspot\bin;C:\Windows\SYSTEM32;C:\Windows\WinSxS\amd64_microsoft.windows.common-controls_6595b64144ccf1df_6.0.19041.1110_none_60b5254171f9507e;C:\Users\aadiu\AppData\Local\Programs\Eclipse Adoptium\jdk-17.0.4.101-hotspot\bin\server;C:\Windows\System32\DriverStore\FileRepository\u0370468.inf_amd64_5e4260b11257b6e9\B370372

VM Arguments:
jvm_args: -XX:+ShowCodeDetailsInExceptionMessages 
java_command: summit.Main
java_class_path (initial): C:\Users\aadiu\AppData\Roaming\Code\User\workspaceStorage\1c2e286de9ea8afffefde57d2c4cc9eb\redhat.java\jdt_ws\Summit_aca78153\bin
Launcher Type: SUN_STANDARD

[Global flags]
     intx CICompilerCount                          = 12                                        {product} {ergonomic}
     uint ConcGCThreads                            = 3                                         {product} {ergonomic}
     uint G1ConcRefinementThreads                  = 13                                        {product} {ergonomic}
   size_t G1HeapRegionSize                         = 2097152                                   {product} {ergonomic}
    uintx GCDrainStackTargetSize                   = 64                                        {product} {ergonomic}
   size_t InitialHeapSize                          = 260046848                                 {product} {ergonomic}
   size_t MarkStackSize                            = 4194304                                   {product} {ergonomic}
   size_t MaxHeapSize                              = 4137680896                                {product} {ergonomic}
   size_t MaxNewSize                               = 2480930816                                {product} {ergonomic}
   size_t MinHeapDeltaBytes                        = 2097152                                   {product} {ergonomic}
   size_t MinHeapSize                              = 8388608                                   {product} {ergonomic}
    uintx NonNMethodCodeHeapSize                   = 7602480                                {pd product} {ergonomic}
    uintx NonProfiledCodeHeapSize                  = 122027880                              {pd product} {ergonomic}
    uintx ProfiledCodeHeapSize                     = 122027880                              {pd product} {ergonomic}
    uintx ReservedCodeCacheSize                    = 251658240                              {pd product} {ergonomic}
     bool SegmentedCodeCache                       = true                                      {product} {ergonomic}
     bool ShowCodeDetailsInExceptionMessages       = true                                   {manageable} {command line}
   size_t SoftMaxHeapSize                          = 4137680896                             {manageable} {ergonomic}
     bool UseCompressedClassPointers               = true                           {product lp64_product} {ergonomic}
     bool UseCompressedOops                        = true                           {product lp64_product} {ergonomic}
     bool UseG1GC                                  = true                                      {product} {ergonomic}
     bool UseLargePagesIndividualAllocation        = false                                  {pd product} {ergonomic}

Logging:
Log output configuration:
 #0: stdout all=warning uptime,level,tags
 #1: stderr all=off uptime,level,tags

Environment Variables:
JAVA_HOME=C:\Users\aadiu\AppData\Local\Programs\Eclipse Adoptium\jdk-17.0.4.101-hotspot\
PATH=C:\Program Files (x86)\Razer Chroma SDK\bin;C:\Program Files\Razer Chroma SDK\bin;C:\Program Files (x86)\Razer\ChromaBroadcast\bin;C:\Program Files\Razer\ChromaBroadcast\bin;C:\Program Files (x86)\Common Files\Oracle\Java\javapath;C:\Program Files\Python38\Scripts\;C:\Program Files\Python38\;C:\Windows\system32;C:\Windows;C:\Windows\System32\Wbem;C:\Windows\System32\WindowsPowerShell\v1.0\;C:\Windows\System32\OpenSSH\;C:\Program Files (x86)\NVIDIA Corporation\PhysX\Common;C:\Program Files\NVIDIA Corporation\NVIDIA NvDLISR;C:\Users\aadiu\AppData\Local\Microsoft\WindowsApps;C:\Users\aadiu\AppData\Local\Programs\Microsoft VS Code\bin;C:\Windows\system32\config\systemprofile\AppData\Local\Microsoft\WindowsApps;C:\Program Files\dotnet\;C:\Program Files\Git\cmd;C:\MinGW\bin\;C:\Program Files (x86)\Windows Kits\10\Windows Performance Toolkit\;C:\Users\aadiu\AppData\Local\Programs\Eclipse Adoptium\jdk-17.0.4.101-hotspot\bin;C:\Users\aadiu\AppData\Local\Microsoft\WindowsApps;C:\Users\aadiu\AppData\Local\Programs\Microsoft VS Code\bin;C:\Users\aadiu\AppData\Local\GitHubDesktop\bin
USERNAME=aadiu
LANG=en_US.UTF-8
OS=Windows_NT
PROCESSOR_IDENTIFIER=AMD64 Family 25 Model 80 Stepping 0, AuthenticAMD
TMP=C:\Users\aadiu\AppData\Local\Temp
TEMP=C:\Users\aadiu\AppData\Local\Temp



---------------  S Y S T E M  ---------------

OS:
 Windows 10 , 64 bit Build 19041 (10.0.19041.2251)
OS uptime: 2 days 7:38 hours

CPU: total 16 (initial active 16) (16 cores per cpu, 2 threads per core) family 25 model 80 stepping 0 microcode 0x0, cx8, cmov, fxsr, ht, mmx, 3dnowpref, sse, sse2, sse3, ssse3, sse4a, sse4.1, sse4.2, popcnt, lzcnt, tsc, tscinvbit, avx, avx2, aes, erms, clmul, bmi1, bmi2, adx, sha, fma, vzeroupper, clflush, clflushopt

Memory: 4k page, system-wide physical 15776M (8491M free)
TotalPageFile size 20128M (AvailPageFile size 9610M)
current process WorkingSet (physical memory assigned to process): 121M, peak: 122M
current process commit charge ("private bytes"): 428M, peak: 429M

vm_info: OpenJDK 64-Bit Server VM (17.0.4.1+1) for windows-amd64 JRE (17.0.4.1+1), built on Aug 17 2022 07:42:43 by "temurin" with MS VC++ 16.7 (VS2019)

END.
