#
# A fatal error has been detected by the Java Runtime Environment:
#
#  EXCEPTION_ACCESS_VIOLATION (0xc0000005) at pc=0x0000019887c08f23, pid=1540, tid=17272
#
# JRE version: OpenJDK Runtime Environment Temurin-17.0.2+8 (17.0.2+8) (build 17.0.2+8)
# Java VM: OpenJDK 64-Bit Server VM Temurin-17.0.2+8 (17.0.2+8, mixed mode, sharing, tiered, compressed oops, compressed class ptrs, g1 gc, windows-amd64)
# Problematic frame:
# J 1115 c2 summit.gfx.Renderer.render(Ljava/lang/String;FFILsummit/gfx/ColorFilter;)V (282 bytes) @ 0x0000019887c08f23 [0x0000019887c08320+0x0000000000000c03]
#
# No core dump will be written. Minidumps are not enabled by default on client versions of Windows
#
# If you would like to submit a bug report, please visit:
#   https://github.com/adoptium/adoptium-support/issues
#

---------------  S U M M A R Y ------------

Command Line: -XX:+ShowCodeDetailsInExceptionMessages summit.Main

Host: AMD Ryzen 9 5900HS with Radeon Graphics        , 16 cores, 15G,  Windows 10 , 64 bit Build 19041 (10.0.19041.2251)
Time: Tue Nov 15 18:06:33 2022 Central Standard Time elapsed time: 1.108480 seconds (0d 0h 0m 1s)

---------------  T H R E A D  ---------------

Current thread (0x00000198ff7cc630):  JavaThread "Thread-2" [_thread_in_Java, id=17272, stack(0x00000029e9e00000,0x00000029e9f00000)]

Stack: [0x00000029e9e00000,0x00000029e9f00000],  sp=0x00000029e9eff090,  free space=1020k
Native frames: (J=compiled Java code, j=interpreted, Vv=VM code, C=native code)
C  0x0000019887c08f23


siginfo: EXCEPTION_ACCESS_VIOLATION (0xc0000005), reading address 0x0000000b17725c98


Register to memory mapping:

RIP=0x0000019887c08f23 is at entry_point+3075 in (nmethod*)0x0000019887c08110
RAX=0x0000000718bd1e08 is an oop: [[I 
{0x0000000718bd1e08} - klass: {type array int}[]
 - length: 16
RBX=0x00000000fffffff0 is an unknown value
RCX=0x0000000000000090 is an unknown value
RDX=0x0 is NULL
RSP=0x00000029e9eff090 is pointing into the stack for thread: 0x00000198ff7cc630
RBP=0x0 is NULL
RSI=0x0000000000000010 is an unknown value
RDI=3807267737 is a compressed pointer to object: [[I 
{0x0000000717725cc8} - klass: {type array int}[]
 - length: 144
R8 =0x0000000000000068 is an unknown value
R9 =0x00000007176003f0 is an oop: summit.gfx.Renderer 
{0x00000007176003f0} - klass: 'summit/gfx/Renderer'
 - ---- fields (total size 2 words):
 - private 'frame' '[[I' @12  a {type array int}[144] {0x0000000717725cc8} (e2ee4b99)
R10=0x0000000717725cc8 is an oop: [[I 
{0x0000000717725cc8} - klass: {type array int}[]
 - length: 144
R11=0x00000000fffffff0 is an unknown value
R12=0x0 is NULL
R13=0x0000000000000069 is an unknown value
R14=0x0 is NULL
R15=0x00000198ff7cc630 is a thread


Registers:
RAX=0x0000000718bd1e08, RBX=0x00000000fffffff0, RCX=0x0000000000000090, RDX=0x0000000000000000
RSP=0x00000029e9eff090, RBP=0x0000000000000000, RSI=0x0000000000000010, RDI=0x00000000e2ee4b99
R8 =0x0000000000000068, R9 =0x00000007176003f0, R10=0x0000000717725cc8, R11=0x00000000fffffff0
R12=0x0000000000000000, R13=0x0000000000000069, R14=0x0000000000000000, R15=0x00000198ff7cc630
RIP=0x0000019887c08f23, EFLAGS=0x0000000000010287

Top of Stack: (sp=0x00000029e9eff090)
0x00000029e9eff090:   0000010000000000 0000006800000078
0x00000029e9eff0a0:   fffffff000000068 0000000000000000
0x00000029e9eff0b0:   0000000717600760 0000000700000003
0x00000029e9eff0c0:   0000000000000030 0000000718bc0cc0
0x00000029e9eff0d0:   00000029e9eff278 00000198808d16b0
0x00000029e9eff0e0:   0000000718bc0cc0 00000007176343c0
0x00000029e9eff0f0:   00000029e9eff398 00000198808cfd94
0x00000029e9eff100:   00000029e9eff160 00000198fe42fb48
0x00000029e9eff110:   0000000000000030 0000000718bc0cbc
0x00000029e9eff120:   00000029e9eff278 00000198808d83b0
0x00000029e9eff130:   0000000718bc0cbc 00000007176003f0
0x00000029e9eff140:   00000007176343c0 0000000000000004
0x00000029e9eff150:   0000000000000000 0000000718ba0128
0x00000029e9eff160:   00000029e9eff398 00000198808d106c
0x00000029e9eff170:   0000000718ba0128 00000007176f4a28
0x00000029e9eff180:   00000198ff7cc630 00000029e9eff0f0 

Instructions: (pc=0x0000019887c08f23)
0x0000019887c08e23:   41 8b 74 ec 0c 85 f6 0f 86 ad 07 00 00 48 8b 6c
0x0000019887c08e33:   24 18 48 85 ed 0f 85 5b 07 00 00 44 89 54 24 04
0x0000019887c08e43:   44 89 1c 24 c4 e1 f9 6e d8 44 8b d6 45 03 d0 44
0x0000019887c08e53:   89 54 24 08 4d 8d 14 fc c4 c1 f9 6e e2 45 8b e8
0x0000019887c08e63:   41 ff c5 44 8b db e9 8e 00 00 00 48 8b d5 e9 17
0x0000019887c08e73:   01 00 00 66 66 0f 1f 84 00 00 00 00 00 44 2b 4c
0x0000019887c08e83:   24 10 45 8b c1 41 ff c0 45 8b ca 44 3b c6 0f 83
0x0000019887c08e93:   b3 04 00 00 45 3b 64 fc 10 0f 84 06 06 00 00 c4
0x0000019887c08ea3:   c1 f9 7e d8 45 8b 50 10 43 8b 5c d4 0c 03 5c 24
0x0000019887c08eb3:   10 4d 8b 87 48 03 00 00 45 8b d1 41 ff c2 41 85
0x0000019887c08ec3:   00 44 3b d3 7c b7 c4 e1 f9 7e ca 4d 8b 97 48 03
0x0000019887c08ed3:   00 00 41 ff c3 41 85 02 44 3b 1c 24 0f 8d b5 01
0x0000019887c08ee3:   00 00 c4 c1 f9 7e c1 c4 e1 f9 7e cd c5 f9 7e d2
0x0000019887c08ef3:   44 8b 44 24 10 8b 5c 24 14 44 3b 44 24 08 0f 8d
0x0000019887c08f03:   a9 01 00 00 89 5c 24 14 44 89 44 24 10 c5 f9 6e
0x0000019887c08f13:   d2 c4 e1 f9 6e cd c4 c1 f9 6e c1 c4 c1 f9 7e e2
0x0000019887c08f23:   43 8b 5c 9a 10 41 8b c3 2b 44 24 14 44 3b d9 0f
0x0000019887c08f33:   83 36 ff ff ff 44 3b 44 24 04 0f 83 2b ff ff ff
0x0000019887c08f43:   c4 c1 f9 7e da 45 8b 44 82 10 47 8b 54 c4 0c 45
0x0000019887c08f53:   85 d2 0f 86 5d 05 00 00 47 8b 54 c4 10 41 83 fa
0x0000019887c08f63:   ff 0f 84 65 01 00 00 45 8b 44 dc 0c 44 8b 4c 24
0x0000019887c08f73:   10 45 3b c8 0f 83 e6 00 00 00 4d 8d 0c dc 44 8b
0x0000019887c08f83:   44 24 10 47 89 54 81 10 33 d2 c4 c1 f9 7e da 45
0x0000019887c08f93:   8b 42 10 47 8b 54 c4 0c 44 03 54 24 10 45 3b ea
0x0000019887c08fa3:   0f 8d 25 ff ff ff 44 3b d9 0f 83 da 00 00 00 49
0x0000019887c08fb3:   8d 2c dc 45 8b cd 41 ba 01 00 00 00 eb 50 0f 1f
0x0000019887c08fc3:   84 00 00 00 00 00 0f 1f 80 00 00 00 00 46 89 54
0x0000019887c08fd3:   8d 10 33 d2 c4 c1 f9 7e da 45 8b 52 10 47 8b 54
0x0000019887c08fe3:   d4 0c 44 03 54 24 10 4d 8b b7 48 03 00 00 45 8b
0x0000019887c08ff3:   c1 41 ff c0 41 85 06 45 3b c2 0f 8d cb fe ff ff
0x0000019887c09003:   44 2b 4c 24 10 45 8b d1 41 ff c2 45 8b c8 44 3b
0x0000019887c09013:   d6 0f 83 30 03 00 00 45 8b 44 fc 10 47 8b 44 c4 


Stack slot to memory mapping:
stack at sp + 0 slots: 0x0000010000000000 is an unknown value
stack at sp + 1 slots: 0x0000006800000078 is an unknown value
stack at sp + 2 slots: 0xfffffff000000068 is an unknown value
stack at sp + 3 slots: 0x0 is NULL
stack at sp + 4 slots: 0x0000000717600760 is an oop: java.lang.String 
{0x0000000717600760} - klass: 'java/lang/String'
 - string: "water-tile"
stack at sp + 5 slots: 0x0000000700000003 is an unknown value
stack at sp + 6 slots: 0x0000000000000030 is an unknown value
stack at sp + 7 slots: 0x0000000718bc0cc0 is pointing into object: [Ljava.lang.Object; 
{0x0000000718bc0ac0} - klass: 'java/lang/Object'[]
 - length: 160

--------------------------------------------------------------------------------
[Constant Pool (empty)]

--------------------------------------------------------------------------------

[MachCode]
  0x0000019887c08320: 448b 5208 | 49bb 0000 | 0000 0800 | 0000 4d03 | d349 3bc2 | 0f85 4647 | 44f8 6690 | 0f1f 4000 
  0x0000019887c08340: 8984 2400 | 90ff ff55 | 4883 ec60 | 4889 7c24 | 18c4 c179 | 6ed1 4889 | 1424 49ba | 680d 6017 
  0x0000019887c08360: 0700 0000 | 418b 6a70 | 458b 5cec | 0841 81fb | e0ad 0b00 | 0f85 bc11 | 0000 4d8d | 14ec 458b 
  0x0000019887c08380: 5a24 478b | 4cdc 0c45 | 85c9 0f86 | 5412 0000 | 4f8d 2cdc | 4d85 c00f | 84a0 0f00 | 0041 8b48 
  0x0000019887c083a0: 0c41 ffc9 | 85c9 7573 | 450f b650 | 1145 85d2 | 0f85 590f | 0000 450f | be50 1045 | 85d2 0f85 
  0x0000019887c083c0: 8c14 0000 | 418b 6814 | 458b 74ec | 0c45 85f6 | 0f86 460f | 0000 418b | deff cb41 | 3bde 0f83 
  0x0000019887c083e0: a013 0000 | 450f b654 | ec10 418b | fe83 c7fd | 3bdf 41bb | 0000 0080 | 410f 4cfb | 418b cac1 
  0x0000019887c08400: e105 412b | ca4d 8d1c | ec83 ff01 | 0f8e a613 | 0000 bd01 | 0000 0033 | d2eb 3644 | 8bd1 41c1 
  0x0000019887c08420: ea10 4433 | d145 23ca | 33d2 e9ce | 0000 0041 | 0fb6 5c2b | 1003 cbff | c541 3bee | 0f8d a200 
  0x0000019887c08440: 0000 8bd9 | c1e3 052b | d98b cbeb | e2c5 f97e | da8b df2b | dd3b fd0f | 4cda 81fb | a00f 0000 
  0x0000019887c08460: 41ba a00f | 0000 410f | 47da 03dd | c5f9 6eda | 4863 f545 | 0fb6 5433 | 1041 0fb6 | 4433 1341 
  0x0000019887c08480: 0fb6 5433 | 1141 0fb6 | 7433 1241 | 03ca 448b | d141 c1e2 | 0544 2bd1 | 4403 d241 | 8bca c1e1 
  0x0000019887c084a0: 0541 2bca | 03ce 448b | d141 c1e2 | 0544 2bd1 | 4403 d041 | 8bca c1e1 | 0541 2bca | 83c5 043b 
  0x0000019887c084c0: eb7c ad49 | 8b9f 4803 | 0000 8503 | 3bef 0f8c | 79ff ffff | c5f9 7eda | 413b ee0f | 8c4e ffff 
  0x0000019887c084e0: ff41 8bca | 85c9 0f84 | 320e 0000 | 4189 480c | 448b d141 | c1ea 1044 | 33d1 4523 | ca47 8b5c 
  0x0000019887c08500: 8d10 438b | 4cdc 0c41 | 3bca 0f85 | c70b 0000 | 438b 4cdc | 104c 8bc9 | 49c1 e103 | 4d3b c80f 
  0x0000019887c08520: 8423 0100 | 0041 0fbe | 7810 4d3b | c10f 8415 | 0100 0045 | 8b4c cc08 | 4181 f970 | e900 000f 
  0x0000019887c08540: 85df 1300 | 004d 8d0c | cc41 0fbe | 6910 3bfd | 0f85 c212 | 0000 458b | 4914 418b | 6814 438b 
  0x0000019887c08560: 7ccc 0c41 | 8b4c ec0c | 3bcf 0f85 | d811 0000 | 4b8d 1ccc | 4b8d 74cc | 104d 8d0c | ec49 8d7c 
  0x0000019887c08580: ec10 85c9 | 0f84 a500 | 0000 8bc1 | 83e0 1f83 | e1e0 0f84 | 4b00 0000 | 488d 3c0f | 488d 340e 
  0x0000019887c085a0: 48f7 d9c5 | fe6f 240f | c5fe 6f1c | 0ec5 ddef | e3c4 e27d | 17e4 0f85 | 7a00 0000 | 4883 c120 
  0x0000019887c085c0: 75e1 85c0 | 0f84 6500 | 0000 c5fe | 6f64 07e0 | c5fe 6f5c | 06e0 c5dd | efe3 c4e2 | 7d17 e475 
  0x0000019887c085e0: 55eb 4c8b | c883 e1fc | 7419 488d | 3c0f 488d | 340e 48f7 | d98b 1c0f | 3b1c 0e75 | 3948 83c1 
  0x0000019887c08600: 0475 f2f7 | c002 0000 | 0074 120f | b71f 0fb7 | 0e3b d975 | 2148 8d7f | 0248 8d76 | 02f7 c001 
  0x0000019887c08620: 0000 0074 | 0a0f b61f | 0fb6 0e3b | d975 07b8 | 0100 0000 | eb02 33c0 | c5dd efe4 | c5e5 efdb 
  0x0000019887c08640: 85c0 0f84 | 0011 0000 | 49c1 e303 | 418b 6b14 | 458b 54ec | 0841 81fa | 086d 0000 | 0f85 6212 
  0x0000019887c08660: 0000 498d | 04ec 448b | 580c 4585 | db0f 86e9 | 0e00 0044 | 8b40 1047 | 8b54 c40c | 41d1 fac4 
  0x0000019887c08680: c179 6eda | c5f8 5bdb | c5fa 5cdb | c4c1 797e | da45 8bca | 41c1 e917 | 450f b6c9 | b995 0000 
  0x0000019887c086a0: 0041 2bc9 | f7c1 e0ff | ffff 0f85 | fd0b 0000 | 458b c241 | 81e0 ffff | 7f00 4181 | c800 0080 
  0x0000019887c086c0: 0045 85d2 | 0f8c 640c | 0000 41d3 | f841 ffc0 | 41d1 f841 | d1fb c4c1 | 796e c3c5 | f85b c0c5 
  0x0000019887c086e0: f25c c8c4 | c179 7eca | 458b ca41 | c1e9 1745 | 0fb6 c9b9 | 9500 0000 | 412b c9f7 | c1e0 ffff 
  0x0000019887c08700: ff0f 85c8 | 0b00 0041 | 8bda 81e3 | ffff 7f00 | 81cb 0000 | 8000 4585 | d20f 8c17 | 0c00 00d3 
  0x0000019887c08720: fbff c3d1 | fbc4 c179 | 7ed2 4585 | d275 0845 | 33d2 e977 | 0600 0041 | f7c2 0400 | 0000 0f85 
  0x0000019887c08740: 380b 0000 | 41f7 c201 | 0000 000f | 848f 0200 | 008b 680c | 85ed 0f86 | c00f 0000 | 448b 4810 
  0x0000019887c08760: 478b 5ccc | 0c44 895c | 2410 896c | 2414 4889 | 4424 2889 | 5c24 2444 | 8944 2420 | 8954 240c 
  0x0000019887c08780: 4489 5424 | 0848 ba08 | 6d00 0008 | 0000 0044 | 8bc5 458b | cb66 6690 | c5f8 77e8 | e03c 4ff8 
  0x0000019887c087a0: 448b d541 | ffca 443b | d50f 832d | 0f00 0044 | 8b40 0c45 | 85c0 0f86 | 200f 0000 | 453b d00f 
  0x0000019887c087c0: 8317 0f00 | 0044 8b74 | 2410 41ff | ce8b 5c24 | 10d1 fb4c | 6344 2410 | 8beb 83c5 | fe3b dd41 
  0x0000019887c087e0: bb00 0000 | 8041 0f4c | eb4c 63d3 | 498b d049 | 2bd2 8bfb | ffc7 48ff | ca45 33ed | e90c 0100 
  0x0000019887c08800: 000f 1f84 | 0000 0000 | 000f 1f80 | 0000 0000 | 448b d942 | 8b5c 9f0c | 8b4c 2410 | 412b c949 
  0x0000019887c08820: 63d1 895c | 9010 8b5c | 9710 4289 | 5c98 0c49 | 8bd8 482b | da44 8b5c | 9f08 4489 | 5c90 1444 
  0x0000019887c08840: 8b5c 9714 | 4489 5c98 | 0844 8b5c | 9f04 4489 | 5c90 1844 | 8b5c 9718 | 4489 5c98 | 0444 8b1c 
  0x0000019887c08860: 9f44 895c | 901c 8b74 | 971c 8934 | 9883 c1fc | 4183 c104 | 453b ca7c | 974d 8b97 | 4803 0000 
  0x0000019887c08880: 4185 0244 | 3bcd 7d2a | 448b d944 | 8bd5 452b | d141 3be9 | 440f 4c54 | 240c 4181 | faa0 0f00 
  0x0000019887c088a0: 00bb a00f | 0000 440f | 47d3 4503 | d1e9 61ff | ffff c5f9 | 7ecb c4e1 | f97e d244 | 3b4c 2430 
  0x0000019887c088c0: 7d2a 6690 | 8b74 8f0c | 4289 7488 | 1042 8b74 | 8f10 8974 | 880c 418b | f1ff c63b | 7424 307d 
  0x0000019887c088e0: 0b41 8bce | 412b c944 | 8bce ebd8 | 4d8b 9748 | 0300 0041 | ffc5 4185 | 0244 3b6c | 2414 0f8d 
  0x0000019887c08900: c500 0000 | c4e1 f97e | c08b 7c24 | 304c 8b54 | 2428 418b | 7210 85f6 | 0f84 a30b | 0000 478b 
  0x0000019887c08920: 4caa 1047 | 8b54 cc0c | 428b 4ca8 | 1045 8b5c | cc0c 897c | 2430 c5f9 | 6ecb c4e1 | f96e c049 
  0x0000019887c08940: 63da 483b | d30f 8385 | 0b00 0045 | 3bf2 0f83 | 7c0b 0000 | 4585 db0f | 8673 0b00 | 00c5 f97e 
  0x0000019887c08960: cb41 3bdb | 0f83 660b | 0000 4585 | d20f 865d | 0b00 0041 | 3bda 0f83 | 540b 0000 | 4d63 d349 
  0x0000019887c08980: 3bd2 0f83 | 480b 0000 | 453b f30f | 833f 0b00 | 0049 8d04 | cc4b 8d3c | cc42 8b74 | 870c 4189 
  0x0000019887c089a0: 74cc 1047 | 8b5c cc10 | 4689 5c80 | 0c83 fd01 | 0f8e 620b | 0000 458b | de41 b901 | 0000 00c4 
  0x0000019887c089c0: e1f9 6ed2 | e9c2 feff | ffc4 e1f9 | 7ec0 448b | 5424 088b | 5424 0c44 | 8b44 2420 | 8b5c 2424 
  0x0000019887c089e0: 41f7 c202 | 0000 000f | 84c1 0300 | 008b 480c | 85c9 0f86 | b20c 0000 | 448b 5810 | 478b 4cdc 
  0x0000019887c08a00: 0c89 4c24 | 2848 8944 | 2420 895c | 2414 4489 | 4424 1089 | 5424 0c44 | 8954 2408 | 48ba 086d 
  0x0000019887c08a20: 0000 0800 | 0000 448b | c166 6690 | c5f8 77e8 | 4c3a 4ff8 | 448b 500c | 448b 5c24 | 2841 d1fb 
  0x0000019887c08a40: 458b c341 | ffc0 4585 | d20f 86fe | 0b00 0045 | 3bda 0f83 | f50b 0000 | 4863 6c24 | 284d 63cb 
  0x0000019887c08a60: 488b cd49 | 2bc9 48ff | c948 3bcd | 0f83 db0b | 0000 448b | 4c24 2841 | ffc9 443b | 4c24 280f 
  0x0000019887c08a80: 83c8 0b00 | 0044 8944 | 242c 4d63 | c249 3bc8 | 0f83 b20b | 0000 453b | ca0f 83fd | 0b00 0044 
  0x0000019887c08aa0: 3b5c 2428 | 0f83 f90b | 0000 4533 | dbeb 31c4 | c1f9 7ec2 | c4c1 797e | cbc4 e1f9 | 7ee0 c4e1 
  0x0000019887c08ac0: f97e f54d | 8b87 4803 | 0000 41ff | c341 8500 | 443b 5c24 | 2c0f 8dc1 | 0200 004c | 8954 2420 
  0x0000019887c08ae0: 4c8b 5424 | 2045 8b42 | 1043 8b5c | c40c 85db | 76d1 c5fb | 1044 2420 | c4c1 796e | cb4d 63c3 
  0x0000019887c08b00: 4c8b dd4d | 2bd8 478b | 549a 0cc4 | c179 6ed2 | 478b 74d4 | 0c46 8b54 | 8010 c4c1 | 796e da47 
  0x0000019887c08b20: 8b4c d40c | 4c8b 5424 | 2047 8b54 | 8210 c4c1 | 796e ea43 | 8b4c d40c | 428b 7c98 | 0c45 8b6c 
  0x0000019887c08b40: fc0c 4585 | f60f 86db | 0900 0041 | bb01 0000 | 0045 3bde | 41ba 0100 | 0000 450f | 4fd6 c4c1 
  0x0000019887c08b60: 797e db4f | 8d04 dcc4 | c179 7ed3 | 4b8d 14dc | 418b d849 | 8d34 fcc1 | eb02 c4c1 | 797e eb49 
  0x0000019887c08b80: c1e3 0383 | e303 4103 | daf7 db83 | e303 4103 | da41 3bde | 410f 4fde | 4533 d2eb | 0f66 6690 
  0x0000019887c08ba0: 448b d144 | 8b4c 2420 | 8b4c 2424 | 453b d60f | 8386 0100 | 00c5 796e | c789 4c24 | 2444 894c 
  0x0000019887c08bc0: 2420 c4e1 | f96e f5c4 | e1f9 6ee0 | 468b 4c92 | 1044 3b54 | 2420 0f83 | b407 0000 | 4789 4c90 
  0x0000019887c08be0: 1044 3bd1 | 0f83 0208 | 0000 478b | 4c93 1045 | 3bd5 0f83 | 5408 0000 | 4689 4c96 | 10c4 c1f9 
  0x0000019887c08c00: 7ec1 418b | 4910 458b | 4ccc 0c41 | 8bca ffc1 | 413b c90f | 8d96 feff | ff3b cb0f | 8c7f ffff 
  0x0000019887c08c20: ff49 63de | 4963 fd48 | 6344 2424 | 4863 6c24 | 2048 3bdd | 418b de0f | 4f5c 2420 | 4963 e94c 
  0x0000019887c08c40: 63cb 4c3b | c80f 4f5c | 2424 48ff | cd4c 63cb | 4c3b cf41 | 0f4f dd44 | 8bcd 4863 | fb48 3bfd 
  0x0000019887c08c60: 410f 4fd9 | 448b cb41 | 83c1 f941 | 3bd9 bb00 | 0000 8044 | 0f4c cb41 | 3bc9 0f8d | ae08 0000 
  0x0000019887c08c80: 41ff c20f | 1f80 0000 | 0000 660f | 1f44 0000 | c4a1 7a6f | 7c92 10c4 | 817a 7f7c | 9010 c481 
  0x0000019887c08ca0: 7a6f 7c93 | 10c4 a17a | 7f7c 9610 | c4a1 7a6f | 7c92 20c4 | 817a 7f7c | 9020 c481 | 7a6f 7c93 
  0x0000019887c08cc0: 20c4 a17a | 7f7c 9620 | 4183 c208 | 453b d17c | bf45 3bd6 | 7d59 6690 | 453b d673 | 5946 8b4c 
  0x0000019887c08ce0: 9210 443b | 5424 200f | 83a3 0600 | 0047 894c | 9010 443b | 5424 240f | 83ef 0600 | 0047 8b4c 
  0x0000019887c08d00: 9310 453b | d50f 8341 | 0700 0046 | 894c 9610 | c4c1 f97e | c141 8b49 | 1045 8b4c | cc0c 41ff 
  0x0000019887c08d20: c245 3bd1 | 0f8d 85fd | ffff 453b | d67c a9c4 | e1f9 7ee0 | eb05 c4e1 | f97e e0ba | e4ff ffff 
  0x0000019887c08d40: 488b 2c24 | 448b 4424 | 0844 8904 | 244c 8b5c | 2418 4c89 | 5c24 0844 | 8b5c 2410 | 4489 5c24 
  0x0000019887c08d60: 0444 8b44 | 2414 4489 | 4424 10c5 | fb11 4424 | 1848 8944 | 2420 4489 | 5424 2844 | 8954 242c 
  0x0000019887c08d80: c5fa 114c | 2430 c5fa | 115c 2434 | c5fa 1154 | 2438 6690 | c5f8 77e8 | 6495 44f8 | 8b54 240c 
  0x0000019887c08da0: 448b 4424 | 108b 5c24 | 1444 8b54 | 2408 418b | eac1 fd03 | 85ed 0f85 | 6008 0000 | 8b70 0c44 
  0x0000019887c08dc0: 8bdb 4403 | de41 3bdb | 0f8d cc02 | 0000 4c63 | d64c 63cb | 8bfb f7df | 4863 cf4c | 03c9 4d3b 
  0x0000019887c08de0: ca0f 83a9 | 0700 004d | 63cb 4c03 | c949 ffc9 | 4d3b ca0f | 83cb 0700 | 004c 8b0c | 2441 8b79 
  0x0000019887c08e00: 0c41 8b4c | fc0c 85c9 | 0f86 c107 | 0000 418b | 6cfc 1045 | 8b54 ec0c | 85f6 0f86 | b607 0000 
  0x0000019887c08e20: 8b68 1041 | 8b74 ec0c | 85f6 0f86 | ad07 0000 | 488b 6c24 | 1848 85ed | 0f85 5b07 | 0000 4489 
  0x0000019887c08e40: 5424 0444 | 891c 24c4 | e1f9 6ed8 | 448b d645 | 03d0 4489 | 5424 084d | 8d14 fcc4 | c1f9 6ee2 
  0x0000019887c08e60: 458b e841 | ffc5 448b | dbe9 8e00 | 0000 488b | d5e9 1701 | 0000 6666 | 0f1f 8400 | 0000 0000 
  0x0000019887c08e80: 442b 4c24 | 1045 8bc1 | 41ff c045 | 8bca 443b | c60f 83b3 | 0400 0045 | 3b64 fc10 | 0f84 0606 
  0x0000019887c08ea0: 0000 c4c1 | f97e d845 | 8b50 1043 | 8b5c d40c | 035c 2410 | 4d8b 8748 | 0300 0045 | 8bd1 41ff 
  0x0000019887c08ec0: c241 8500 | 443b d37c | b7c4 e1f9 | 7eca 4d8b | 9748 0300 | 0041 ffc3 | 4185 0244 | 3b1c 240f 
  0x0000019887c08ee0: 8db5 0100 | 00c4 c1f9 | 7ec1 c4e1 | f97e cdc5 | f97e d244 | 8b44 2410 | 8b5c 2414 | 443b 4424 
  0x0000019887c08f00: 080f 8da9 | 0100 0089 | 5c24 1444 | 8944 2410 | c5f9 6ed2 | c4e1 f96e | cdc4 c1f9 | 6ec1 c4c1 
  0x0000019887c08f20: f97e e243 | 8b5c 9a10 | 418b c32b | 4424 1444 | 3bd9 0f83 | 36ff ffff | 443b 4424 | 040f 832b 
  0x0000019887c08f40: ffff ffc4 | c1f9 7eda | 458b 4482 | 1047 8b54 | c40c 4585 | d20f 865d | 0500 0047 | 8b54 c410 
  0x0000019887c08f60: 4183 faff | 0f84 6501 | 0000 458b | 44dc 0c44 | 8b4c 2410 | 453b c80f | 83e6 0000 | 004d 8d0c 
  0x0000019887c08f80: dc44 8b44 | 2410 4789 | 5481 1033 | d2c4 c1f9 | 7eda 458b | 4210 478b | 54c4 0c44 | 0354 2410 
  0x0000019887c08fa0: 453b ea0f | 8d25 ffff | ff44 3bd9 | 0f83 da00 | 0000 498d | 2cdc 458b | cd41 ba01 | 0000 00eb 
  0x0000019887c08fc0: 500f 1f84 | 0000 0000 | 000f 1f80 | 0000 0000 | 4689 548d | 1033 d2c4 | c1f9 7eda | 458b 5210 
  0x0000019887c08fe0: 478b 54d4 | 0c44 0354 | 2410 4d8b | b748 0300 | 0045 8bc1 | 41ff c041 | 8506 453b | c20f 8dcb 
  0x0000019887c09000: feff ff44 | 2b4c 2410 | 458b d141 | ffc2 458b | c844 3bd6 | 0f83 3003 | 0000 458b | 44fc 1047 
  0x0000019887c09020: 8b44 c40c | 453b c873 | 59c4 c1f9 | 7ed8 458b | 7480 1043 | 8b54 f40c | 4f8d 04f4 | 443b d20f 
  0x0000019887c09040: 832f 0300 | 0047 8b54 | 9010 4183 | faff 7428 | 458b 44dc | 0c45 3bc8 | 0f82 72ff | ffff 4489 
  0x0000019887c09060: 4c24 10ba | e6ff ffff | 8beb 4489 | 5424 0490 | c5f8 77e8 | 8892 44f8 | c4e1 f97e | cae9 55ff 
  0x0000019887c09080: ffff c4e1 | f97e cae9 | 4bff ffff | 458b cd41 | b801 0000 | 00e9 f4fd | ffff c5f8 | 7748 83c4 
  0x0000019887c090a0: 605d 493b | a740 0300 | 000f 87a1 | 0a00 00c3 | 895c 2414 | 4489 4424 | 10c5 f96e | d2c4 e1f9 
  0x0000019887c090c0: 6ecd c4c1 | f96e c148 | 8bd5 e9ff | fdff ff48 | 8bd5 e9b6 | feff ff43 | 8b6c dc18 | 85ed 0f84 
  0x0000019887c090e0: e006 0000 | 478b 4cdc | 0841 81f9 | 98b0 1400 | 0f84 f206 | 0000 4d8d | 1cec 418b | 4b0c 413b 
  0x0000019887c09100: ca0f 85e8 | 0100 0045 | 8b4b 1049 | 8bc9 48c1 | e103 493b | c80f 8431 | f5ff ff41 | 0fbe 5810 
  0x0000019887c09120: 4c3b c10f | 8423 f5ff | ff43 8b7c | cc08 81ff | 70e9 0000 | 0f85 aa07 | 0000 49c1 | e103 410f 
  0x0000019887c09140: be69 103b | dd0f 8541 | 0700 0041 | 8b79 1441 | 8b58 1445 | 8b4c fc0c | 418b 4cdc | 0c41 3bc9 
  0x0000019887c09160: 0f85 d800 | 0000 4d8d | 0cfc 498d | 74fc 104d | 8d0c dc49 | 8d7c dc10 | 85c9 0f84 | a500 0000 
  0x0000019887c09180: 8bc1 83e0 | 1f83 e1e0 | 0f84 4b00 | 0000 488d | 3c0f 488d | 340e 48f7 | d9c5 fe6f | 1c0f c5fe 
  0x0000019887c091a0: 6f24 0ec5 | e5ef dcc4 | e27d 17db | 0f85 7a00 | 0000 4883 | c120 75e1 | 85c0 0f84 | 6500 0000 
  0x0000019887c091c0: c5fe 6f5c | 07e0 c5fe | 6f64 06e0 | c5e5 efdc | c4e2 7d17 | db75 55eb | 4c8b c883 | e1fc 7419 
  0x0000019887c091e0: 488d 3c0f | 488d 340e | 48f7 d98b | 1c0f 3b1c | 0e75 3948 | 83c1 0475 | f2f7 c002 | 0000 0074 
  0x0000019887c09200: 120f b71f | 0fb7 0e3b | d975 2148 | 8d7f 0248 | 8d76 02f7 | c001 0000 | 0074 0a0f | b61f 0fb6 
  0x0000019887c09220: 0e3b d975 | 07b8 0100 | 0000 eb02 | 33c0 c5e5 | efdb c5dd | efe4 85c0 | 0f85 0ef4 | ffff ba45 
  0x0000019887c09240: ffff ff48 | 8b2c 24c5 | fa11 0424 | c5fa 114c | 2404 c5fa | 1154 2408 | 4c8b 4c24 | 184c 894c 
  0x0000019887c09260: 2410 4c89 | 4424 184c | 895c 2420 | 4489 5424 | 0c66 6690 | c5f8 77e8 | 8490 44f8 | 895c 2410 
  0x0000019887c09280: 4489 4424 | 0c89 5424 | 0841 8bea | 488b d090 | c5f8 77e8 | a8f6 ccf8 | 448b d58b | 5424 0844 
  0x0000019887c092a0: 8b44 240c | 8b5c 2410 | e997 f4ff | ffc5 7a2c | c341 81f8 | 0000 0080 | 7510 4883 | ec08 c5fa 
  0x0000019887c092c0: 111c 24e8 | 2b7e 3ff8 | 4158 e904 | f4ff ffc5 | fa2c d981 | fb00 0000 | 8075 0f48 | 83ec 08c5 
  0x0000019887c092e0: fa11 0c24 | e80a 7e3f | f85b e936 | f4ff ff45 | 8b4b 184d | 8b9f 4803 | 0000 4185 | 0345 85c9 
  0x0000019887c09300: 0f84 be04 | 0000 4f8d | 1ccc e9eb | fdff ff45 | 33c9 33d2 | 4533 d2e9 | e1f1 ffff | 33d2 41c6 
  0x0000019887c09320: 4011 0145 | 33c9 4533 | d2e9 cff1 | ffff 41f7 | d8e9 94f3 | ffff f7db | e9e2 f3ff | ff45 33c9 
  0x0000019887c09340: 33d2 4533 | d2e9 b3f1 | ffff ba45 | ffff ffc4 | e1f9 7ec5 | c5fb 110c | 24c5 fb11 | 5c24 0844 
  0x0000019887c09360: 895c 2418 | 4489 4c24 | 1c66 6690 | c5f8 77e8 | 8c8f 44f8 | c4c1 796e | d2ba e6ff | ffff 498b 
  0x0000019887c09380: e8c5 fa11 | 1424 6690 | c5f8 77e8 | 708f 44f8 | bae4 ffff | ff48 8b2c | 2444 8b5c | 2408 4489 
  0x0000019887c093a0: 1c24 4c8b | 5c24 184c | 895c 2408 | 448b 4424 | 1044 8944 | 2404 448b | 5c24 1444 | 895c 2410 
  0x0000019887c093c0: c5fb 1144 | 2418 c5fb | 1164 2420 | 4489 5424 | 2844 894c | 242c c5fa | 114c 2430 | c5fa 115c 
  0x0000019887c093e0: 2434 6690 | c5f8 77e8 | 148f 44f8 | bae4 ffff | ff48 8b2c | 2444 8b5c | 2408 4489 | 1c24 4c8b 
  0x0000019887c09400: 5c24 184c | 895c 2408 | 448b 4424 | 1044 8944 | 2404 448b | 5c24 1444 | 895c 2410 | c5fb 1144 
  0x0000019887c09420: 2418 c5fb | 1164 2420 | 4489 5424 | 2844 8954 | 242c c5fa | 114c 2430 | c5fa 116c | 2434 c57a 
  0x0000019887c09440: 1144 2438 | c5f8 77e8 | b48e 44f8 | bae4 ffff | ff48 8b2c | 2444 8b44 | 2408 4489 | 0424 4c8b 
  0x0000019887c09460: 5c24 184c | 895c 2408 | 448b 4424 | 1044 8944 | 2404 448b | 5c24 1444 | 895c 2410 | c5fb 1144 
  0x0000019887c09480: 2418 c5fb | 1164 2420 | 4489 5424 | 2844 894c | 242c c5fa | 114c 2430 | c57a 1144 | 2434 6690 
  0x0000019887c094a0: c5f8 77e8 | 588e 44f8 | baf6 ffff | ff66 6690 | c5f8 77e8 | 488e 44f8 | 49c1 e003 | e9b8 feff 
  0x0000019887c094c0: ffba f6ff | ffff 6690 | c5f8 77e8 | 308e 44f8 | 418b 6cf4 | 0cd1 fdff | c5ba 76ff | ffff 4c8b 
  0x0000019887c094e0: 5424 184c | 8954 2410 | 448b 5424 | 2044 8954 | 240c 448b | 5c24 2444 | 895c 2418 | 4c8b 5424 
  0x0000019887c09500: 284c 8954 | 2420 4889 | 4424 2844 | 896c 241c | c5f8 77e8 | e88d 44f8 | 418b ce41 | b901 0000 
  0x0000019887c09520: 00e9 95f3 | ffff 4533 | d2e9 0df8 | ffff 448b | d1e9 9bf7 | ffff bade | ffff ffc5 | fa11 4424 
  0x0000019887c09540: 08c5 fa11 | 4c24 0c44 | 894c 2410 | 4c89 4424 | 2066 6690 | c5f8 77e8 | a48d 44f8 | bae4 ffff 
  0x0000019887c09560: ff48 8b2c | 24c5 fa11 | 0c24 c5fa | 1154 2404 | 4c8b 5424 | 184c 8954 | 2408 c5fa | 1144 2410 
  0x0000019887c09580: 4889 4424 | 2066 6690 | c5f8 77e8 | 708d 44f8 | 4c8b 0c24 | 488b 6c24 | 18ba beff | ffff 4c89 
  0x0000019887c095a0: 0c24 4889 | 4424 0844 | 8944 2410 | 895c 2418 | 895c 241c | 4489 5c24 | 2066 6690 | c5f8 77e8 
  0x0000019887c095c0: 3c8d 44f8 | 4c8b 0c24 | 488b 6c24 | 18eb ca48 | 8b6c 2418 | ebc3 488b | 6c24 18eb | bc48 8b6c 
  0x0000019887c095e0: 2418 ebb5 | ba45 ffff | ff48 8b2c | 24c5 fa11 | 0424 c5fa | 114c 2404 | c5fa 1154 | 2408 4889 
  0x0000019887c09600: 7c24 104c | 8944 2418 | 4489 4c24 | 2044 895c | 2424 6690 | c5f8 77e8 | e48c 44f8 | ba45 ffff 
  0x0000019887c09620: ff4c 8b5c | 2418 4c89 | 5c24 0848 | 8944 2410 | 4489 4424 | 1889 5c24 | 1c44 8954 | 2420 6690 
  0x0000019887c09640: c5f8 77e8 | b88c 44f8 | 448b 4424 | 2cba beff | ffff 488b | 2c24 448b | 5c24 0844 | 891c 244c 
  0x0000019887c09660: 8b54 2418 | 4c89 5424 | 0844 8b54 | 2410 4489 | 5424 0444 | 8b5c 2414 | 4489 5c24 | 104c 8b54 
  0x0000019887c09680: 2420 4c89 | 5424 1848 | 8944 2420 | 4489 4424 | 1466 6690 | c5f8 77e8 | 648c 44f8 | 448b 4424 
  0x0000019887c096a0: 2ceb aa44 | 8b44 242c | eba3 bae4 | ffff ff48 | 8b2c 2444 | 8914 244c | 8b54 2418 | 4c89 5424 
  0x0000019887c096c0: 0844 8944 | 2404 895c | 2410 4889 | 4424 2089 | 4c24 1490 | c5f8 77e8 | 248c 44f8 | babe ffff 
  0x0000019887c096e0: ff48 8b2c | 2444 8b5c | 2408 4489 | 1c24 4c8b | 5424 184c | 8954 2408 | 448b 5424 | 2044 8954 
  0x0000019887c09700: 2404 448b | 5c24 2444 | 895c 2410 | 4889 4424 | 2066 6690 | c5f8 77e8 | e48b 44f8 | bae4 ffff 
  0x0000019887c09720: ff44 8954 | 2408 4c8b | 5424 184c | 8954 2410 | 4489 4424 | 0c89 5c24 | 1848 8944 | 2428 6690 
  0x0000019887c09740: c5f8 77e8 | b88b 44f8 | ba45 ffff | ff48 8b2c | 24c5 fa11 | 0424 c5fa | 114c 2404 | c5fa 1154 
  0x0000019887c09760: 2408 4c8b | 4c24 184c | 894c 2410 | 4c89 4424 | 1844 895c | 240c 4489 | 5424 2090 | c5f8 77e8 
  0x0000019887c09780: 7c8b 44f8 | ba76 ffff | ffc5 fa11 | 4424 08c5 | fa11 4c24 | 0cc5 fa11 | 5424 1044 | 894c 2414 
  0x0000019887c097a0: 4c89 4424 | 2844 8974 | 2434 4489 | 5c24 3890 | c5f8 77e8 | 488b 44f8 | bd01 0000 | 0033 d2e9 
  0x0000019887c097c0: 14ed ffff | baf4 ffff | ff48 8b2c | 24c5 fa11 | 0424 c5fa | 114c 2404 | c5fa 1154 | 2408 6690 
  0x0000019887c097e0: c5f8 77e8 | 188b 44f8 | ba45 ffff | ffc5 fa11 | 4424 08c5 | fa11 4c24 | 0cc5 fa11 | 5424 104c 
  0x0000019887c09800: 8944 2420 | 4489 5c24 | 1444 8954 | 2428 6690 | c5f8 77e8 | e88a 44f8 | ba45 ffff | ffc5 fa11 
  0x0000019887c09820: 4424 08c5 | fa11 4c24 | 0cc5 fa11 | 5424 104c | 8944 2428 | 4489 5c24 | 1444 8954 | 2430 4c89 
  0x0000019887c09840: 4c24 3889 | 7c24 3490 | c5f8 77e8 | b08a 44f8 | 4585 d240 | 0f95 c540 | 0fb6 ed83 | f501 ba45 
  0x0000019887c09860: ffff ffc5 | fa11 4424 | 08c5 fa11 | 4c24 0cc5 | fa11 5424 | 1044 894c | 2414 4c89 | 4424 2844 
  0x0000019887c09880: 895c 2430 | c5f8 77e8 | 748a 44f8 | ba45 ffff | ffc5 fa11 | 4424 08c5 | fa11 4c24 | 0cc5 fa11 
  0x0000019887c098a0: 5424 104c | 8944 2428 | 4c89 5c24 | 3044 8954 | 2414 4c89 | 4c24 3889 | 5c24 4090 | c5f8 77e8 
  0x0000019887c098c0: 3c8a 44f8 | bade ffff | ffc5 fa11 | 4424 08c5 | fa11 4c24 | 0cc5 fa11 | 5424 1090 | c5f8 77e8 
  0x0000019887c098e0: 1c8a 44f8 | bade ffff | ff48 8b2c | 24c5 fa11 | 0424 c5fa | 114c 2404 | c5fa 1154 | 2408 488b 
  0x0000019887c09900: 4c24 1848 | 894c 2410 | 4c89 4424 | 204c 895c | 2428 4489 | 5424 0c44 | 894c 2434 | c5f8 77e8 
  0x0000019887c09920: dc89 44f8 | bade ffff | ff48 8b2c | 24c5 fa11 | 0424 c5fa | 114c 2404 | c5fa 1154 | 2408 4c8b 
  0x0000019887c09940: 4c24 184c | 894c 2410 | 4c89 4424 | 2044 895c | 240c 4489 | 5424 2889 | 4c24 3090 | c5f8 77e8 
  0x0000019887c09960: 9c89 44f8 | baf6 ffff | ff66 6690 | c5f8 77e8 | 8c89 44f8 | c4c1 796e | d2ba f6ff | ffff c5f9 
  0x0000019887c09980: 7ed5 6690 | c5f8 77e8 | 7489 44f8 | 4489 4c24 | 10ba f6ff | ffff 4489 | 1424 6690 | c5f8 77e8 
  0x0000019887c099a0: 5c89 44f8 | baf6 ffff | ff66 6690 | c5f8 77e8 | 4c89 44f8 | ba76 ffff | ff48 8b2c | 2444 8b54 
  0x0000019887c099c0: 2408 4489 | 1424 4c8b | 5424 184c | 8954 2408 | 448b 5424 | 1044 8954 | 2404 448b | 5c24 1444 
  0x0000019887c099e0: 895c 2410 | 48ff 7424 | 2048 8f44 | 2418 4889 | 4424 20c5 | fa11 4c24 | 1489 5c24 | 2866 6690 
  0x0000019887c09a00: c5f8 77e8 | f888 44f8 | baf6 ffff | ff66 6690 | c5f8 77e8 | e888 44f8 | 488b d0eb | 0848 8bd0 
  0x0000019887c09a20: eb03 488b | d0c5 f877 | 4883 c460 | 5de9 4e33 | 4ff8 baf6 | ffff ff49 | 8be8 6690 | c5f8 77e8 
  0x0000019887c09a40: bc88 44f8 | baf6 ffff | ff66 6690 | c5f8 77e8 | ac88 44f8 | baf6 ffff | ff66 6690 | c5f8 77e8 
  0x0000019887c09a60: 9c88 44f8 | 488b 6c24 | 18e9 2bfb | ffff 488b | 6c24 18e9 | 21fb ffff | 488b 6c24 | 18e9 17fb 
  0x0000019887c09a80: ffff baf6 | ffff ff90 | c5f8 77e8 | 7088 44f8 | baf6 ffff | ff66 6690 | c5f8 77e8 | 6088 44f8 
  0x0000019887c09aa0: baf6 ffff | ff66 6690 | c5f8 77e8 | 5088 44f8 | baf6 ffff | ff66 6690 | c5f8 77e8 | 4088 44f8 
  0x0000019887c09ac0: ba45 ffff | ff48 8b2c | 24c5 fa11 | 0424 c5fa | 114c 2404 | c5fa 1154 | 2408 4c8b | 4c24 184c 
  0x0000019887c09ae0: 894c 2410 | 4c89 4424 | 2044 895c | 240c 4489 | 5424 2889 | 4c24 2c90 | c5f8 77e8 | 0088 44f8 
  0x0000019887c09b00: baf6 ffff | ff66 6690 | c5f8 77e8 | f087 44f8 | ba45 ffff | ff48 8b2c | 24c5 fa11 | 0424 c5fa 
  0x0000019887c09b20: 114c 2404 | c5fa 1154 | 2408 488b | 4c24 1848 | 894c 2410 | 4c89 4424 | 204c 895c | 2428 4489 
  0x0000019887c09b40: 5424 0c44 | 894c 2430 | c5f8 77e8 | b087 44f8 | 49ba a290 | c087 9801 | 0000 4d89 | 9758 0300 
  0x0000019887c09b60: 00e9 9a98 | 44f8 f4f4 | f4f4 f4f4 | f4f4 f4f4 | f4f4 f4f4 | f4f4 f4f4 | f4f4 f4f4 | f4f4 f4f4 
  0x0000019887c09b80: 48bb 0000 | 0000 0000 | 0000 e9fb | ffff ffe9 | ecaf 4ef8 | e800 0000 | 0048 832c | 2405 e9fd 
  0x0000019887c09ba0: 8a44 f8f4 | f4f4 f4f4 
[/MachCode]
--------------------------------------------------------------------------------


---------------  P R O C E S S  ---------------

Threads class SMR info:
_java_thread_list=0x00000198ff7d4840, length=23, elements={
0x00000198fe1bf7f0, 0x00000198fe1c1310, 0x00000198fe1d8430, 0x00000198fe1d8de0,
0x00000198fe1d9790, 0x00000198fe1da140, 0x00000198fe1de320, 0x00000198fe1e8de0,
0x00000198fe1f1fa0, 0x00000198fed0e070, 0x00000198fed0e580, 0x00000198fed33100,
0x00000198fed3c1a0, 0x00000198e9c2da20, 0x00000198feef9420, 0x00000198fef4bc90,
0x00000198fef0e890, 0x00000198ff781900, 0x00000198ff7cc630, 0x00000198ff7cb030,
0x00000198ff7cb500, 0x00000198ff83fc80, 0x00000198ff840190
}

Java Threads: ( => current thread )
  0x00000198fe1bf7f0 JavaThread "Reference Handler" daemon [_thread_blocked, id=23904, stack(0x00000029e7e00000,0x00000029e7f00000)]
  0x00000198fe1c1310 JavaThread "Finalizer" daemon [_thread_blocked, id=9476, stack(0x00000029e7f00000,0x00000029e8000000)]
  0x00000198fe1d8430 JavaThread "Signal Dispatcher" daemon [_thread_blocked, id=24820, stack(0x00000029e8000000,0x00000029e8100000)]
  0x00000198fe1d8de0 JavaThread "Attach Listener" daemon [_thread_blocked, id=19908, stack(0x00000029e8100000,0x00000029e8200000)]
  0x00000198fe1d9790 JavaThread "Service Thread" daemon [_thread_blocked, id=21620, stack(0x00000029e8200000,0x00000029e8300000)]
  0x00000198fe1da140 JavaThread "Monitor Deflation Thread" daemon [_thread_blocked, id=26040, stack(0x00000029e8300000,0x00000029e8400000)]
  0x00000198fe1de320 JavaThread "C2 CompilerThread0" daemon [_thread_blocked, id=3948, stack(0x00000029e8400000,0x00000029e8500000)]
  0x00000198fe1e8de0 JavaThread "C1 CompilerThread0" daemon [_thread_blocked, id=22076, stack(0x00000029e8500000,0x00000029e8600000)]
  0x00000198fe1f1fa0 JavaThread "Sweeper thread" daemon [_thread_blocked, id=7952, stack(0x00000029e8600000,0x00000029e8700000)]
  0x00000198fed0e070 JavaThread "C1 CompilerThread1" daemon [_thread_blocked, id=1524, stack(0x00000029e8700000,0x00000029e8800000)]
  0x00000198fed0e580 JavaThread "C1 CompilerThread2" daemon [_thread_blocked, id=23360, stack(0x00000029e8800000,0x00000029e8900000)]
  0x00000198fed33100 JavaThread "Notification Thread" daemon [_thread_blocked, id=7956, stack(0x00000029e8900000,0x00000029e8a00000)]
  0x00000198fed3c1a0 JavaThread "Common-Cleaner" daemon [_thread_blocked, id=19572, stack(0x00000029e8b00000,0x00000029e8c00000)]
  0x00000198e9c2da20 JavaThread "DestroyJavaVM" [_thread_blocked, id=18220, stack(0x00000029e7700000,0x00000029e7800000)]
  0x00000198feef9420 JavaThread "Java2D Disposer" daemon [_thread_blocked, id=14012, stack(0x00000029e8d00000,0x00000029e8e00000)]
  0x00000198fef4bc90 JavaThread "AWT-Shutdown" [_thread_blocked, id=16912, stack(0x00000029e8f00000,0x00000029e9000000)]
  0x00000198fef0e890 JavaThread "AWT-Windows" daemon [_thread_in_native, id=26544, stack(0x00000029e9000000,0x00000029e9100000)]
  0x00000198ff781900 JavaThread "AWT-EventQueue-0" [_thread_blocked, id=26244, stack(0x00000029e9d00000,0x00000029e9e00000)]
=>0x00000198ff7cc630 JavaThread "Thread-2" [_thread_in_Java, id=17272, stack(0x00000029e9e00000,0x00000029e9f00000)]
  0x00000198ff7cb030 JavaThread "Thread-1" [_thread_in_Java, id=13024, stack(0x00000029e9f00000,0x00000029ea000000)]
  0x00000198ff7cb500 JavaThread "D3D Screen Updater" daemon [_thread_blocked, id=16548, stack(0x00000029e8c00000,0x00000029e8d00000)]
  0x00000198ff83fc80 JavaThread "C2 CompilerThread1" daemon [_thread_blocked, id=22224, stack(0x00000029e8e00000,0x00000029e8f00000)]
  0x00000198ff840190 JavaThread "C2 CompilerThread2" daemon [_thread_blocked, id=9396, stack(0x00000029ea000000,0x00000029ea100000)]

Other Threads:
  0x00000198fe1b9cf0 VMThread "VM Thread" [stack: 0x00000029e7d00000,0x00000029e7e00000] [id=23816]
  0x00000198e9ca5bc0 WatcherThread [stack: 0x00000029e8a00000,0x00000029e8b00000] [id=10680]
  0x00000198e9c7c820 GCTaskThread "GC Thread#0" [stack: 0x00000029e7800000,0x00000029e7900000] [id=23772]
  0x00000198fef6fd80 GCTaskThread "GC Thread#1" [stack: 0x00000029ea100000,0x00000029ea200000] [id=4736]
  0x00000198ff822000 GCTaskThread "GC Thread#2" [stack: 0x00000029ea200000,0x00000029ea300000] [id=21476]
  0x00000198ff8222b0 GCTaskThread "GC Thread#3" [stack: 0x00000029ea300000,0x00000029ea400000] [id=13064]
  0x00000198ff822560 GCTaskThread "GC Thread#4" [stack: 0x00000029ea400000,0x00000029ea500000] [id=18628]
  0x00000198ff822810 GCTaskThread "GC Thread#5" [stack: 0x00000029ea500000,0x00000029ea600000] [id=21076]
  0x00000198ff8c6950 GCTaskThread "GC Thread#6" [stack: 0x00000029ea600000,0x00000029ea700000] [id=22156]
  0x00000198ff8c7410 GCTaskThread "GC Thread#7" [stack: 0x00000029ea700000,0x00000029ea800000] [id=25664]
  0x00000198ff8c76c0 GCTaskThread "GC Thread#8" [stack: 0x00000029ea800000,0x00000029ea900000] [id=1652]
  0x00000198ff8c7970 GCTaskThread "GC Thread#9" [stack: 0x00000029ea900000,0x00000029eaa00000] [id=19600]
  0x00000198e9c8cdf0 ConcurrentGCThread "G1 Main Marker" [stack: 0x00000029e7900000,0x00000029e7a00000] [id=26072]
  0x00000198e9c8efb0 ConcurrentGCThread "G1 Conc#0" [stack: 0x00000029e7a00000,0x00000029e7b00000] [id=23884]
  0x00000198fe0830e0 ConcurrentGCThread "G1 Refine#0" [stack: 0x00000029e7b00000,0x00000029e7c00000] [id=18568]
  0x00000198ff7dda90 ConcurrentGCThread "G1 Refine#1" [stack: 0x00000029eaa00000,0x00000029eab00000] [id=12452]
  0x00000198fe083a00 ConcurrentGCThread "G1 Service" [stack: 0x00000029e7c00000,0x00000029e7d00000] [id=17436]

Threads with active compile tasks:

VM state: not at safepoint (normal execution)

VM Mutex/Monitor currently owned by a thread: None

Heap address: 0x0000000709600000, size: 3946 MB, Compressed Oops mode: Zero based, Oop shift amount: 3

CDS archive(s) mapped at: [0x0000000800000000-0x0000000800bc0000-0x0000000800bc0000), size 12320768, SharedBaseAddress: 0x0000000800000000, ArchiveRelocationMode: 0.
Compressed class space mapped at: 0x0000000800c00000-0x0000000840c00000, reserved size: 1073741824
Narrow klass base: 0x0000000800000000, Narrow klass shift: 0, Narrow klass range: 0x100000000

GC Precious Log:
 CPUs: 16 total, 16 available
 Memory: 15776M
 Large Page Support: Disabled
 NUMA Support: Disabled
 Compressed Oops: Enabled (Zero based)
 Heap Region Size: 2M
 Heap Min Capacity: 8M
 Heap Initial Capacity: 248M
 Heap Max Capacity: 3946M
 Pre-touch: Disabled
 Parallel Workers: 13
 Concurrent Workers: 3
 Concurrent Refinement Workers: 13
 Periodic GC: Disabled

Heap:
 garbage-first heap   total 253952K, used 14513K [0x0000000709600000, 0x0000000800000000)
  region size 2048K, 5 young (10240K), 2 survivors (4096K)
 Metaspace       used 6941K, committed 7104K, reserved 1056768K
  class space    used 749K, committed 832K, reserved 1048576K

Heap Regions: E=young(eden), S=young(survivor), O=old, HS=humongous(starts), HC=humongous(continues), CS=collection set, F=free, OA=open archive, CA=closed archive, TAMS=top-at-mark-start (previous, next)
|   0|0x0000000709600000, 0x0000000709800000, 0x0000000709800000|100%|HS|  |TAMS 0x0000000709600000, 0x0000000709600000| Complete 
|   1|0x0000000709800000, 0x0000000709a00000, 0x0000000709a00000|100%|HC|  |TAMS 0x0000000709800000, 0x0000000709800000| Complete 
|   2|0x0000000709a00000, 0x0000000709c00000, 0x0000000709c00000|100%| O|  |TAMS 0x0000000709a00000, 0x0000000709a00000| Untracked 
|   3|0x0000000709c00000, 0x0000000709c2c400, 0x0000000709e00000|  8%| O|  |TAMS 0x0000000709c00000, 0x0000000709c00000| Untracked 
|   4|0x0000000709e00000, 0x0000000709e00000, 0x000000070a000000|  0%| F|  |TAMS 0x0000000709e00000, 0x0000000709e00000| Untracked 
|   5|0x000000070a000000, 0x000000070a000000, 0x000000070a200000|  0%| F|  |TAMS 0x000000070a000000, 0x000000070a000000| Untracked 
|   6|0x000000070a200000, 0x000000070a200000, 0x000000070a400000|  0%| F|  |TAMS 0x000000070a200000, 0x000000070a200000| Untracked 
|   7|0x000000070a400000, 0x000000070a400000, 0x000000070a600000|  0%| F|  |TAMS 0x000000070a400000, 0x000000070a400000| Untracked 
|   8|0x000000070a600000, 0x000000070a600000, 0x000000070a800000|  0%| F|  |TAMS 0x000000070a600000, 0x000000070a600000| Untracked 
|   9|0x000000070a800000, 0x000000070a800000, 0x000000070aa00000|  0%| F|  |TAMS 0x000000070a800000, 0x000000070a800000| Untracked 
|  10|0x000000070aa00000, 0x000000070aa00000, 0x000000070ac00000|  0%| F|  |TAMS 0x000000070aa00000, 0x000000070aa00000| Untracked 
|  11|0x000000070ac00000, 0x000000070ac00000, 0x000000070ae00000|  0%| F|  |TAMS 0x000000070ac00000, 0x000000070ac00000| Untracked 
|  12|0x000000070ae00000, 0x000000070ae00000, 0x000000070b000000|  0%| F|  |TAMS 0x000000070ae00000, 0x000000070ae00000| Untracked 
|  13|0x000000070b000000, 0x000000070b000000, 0x000000070b200000|  0%| F|  |TAMS 0x000000070b000000, 0x000000070b000000| Untracked 
|  14|0x000000070b200000, 0x000000070b200000, 0x000000070b400000|  0%| F|  |TAMS 0x000000070b200000, 0x000000070b200000| Untracked 
|  15|0x000000070b400000, 0x000000070b400000, 0x000000070b600000|  0%| F|  |TAMS 0x000000070b400000, 0x000000070b400000| Untracked 
|  16|0x000000070b600000, 0x000000070b600000, 0x000000070b800000|  0%| F|  |TAMS 0x000000070b600000, 0x000000070b600000| Untracked 
|  17|0x000000070b800000, 0x000000070b800000, 0x000000070ba00000|  0%| F|  |TAMS 0x000000070b800000, 0x000000070b800000| Untracked 
|  18|0x000000070ba00000, 0x000000070ba00000, 0x000000070bc00000|  0%| F|  |TAMS 0x000000070ba00000, 0x000000070ba00000| Untracked 
|  19|0x000000070bc00000, 0x000000070bc00000, 0x000000070be00000|  0%| F|  |TAMS 0x000000070bc00000, 0x000000070bc00000| Untracked 
|  20|0x000000070be00000, 0x000000070be00000, 0x000000070c000000|  0%| F|  |TAMS 0x000000070be00000, 0x000000070be00000| Untracked 
|  21|0x000000070c000000, 0x000000070c000000, 0x000000070c200000|  0%| F|  |TAMS 0x000000070c000000, 0x000000070c000000| Untracked 
|  22|0x000000070c200000, 0x000000070c200000, 0x000000070c400000|  0%| F|  |TAMS 0x000000070c200000, 0x000000070c200000| Untracked 
|  23|0x000000070c400000, 0x000000070c400000, 0x000000070c600000|  0%| F|  |TAMS 0x000000070c400000, 0x000000070c400000| Untracked 
|  24|0x000000070c600000, 0x000000070c600000, 0x000000070c800000|  0%| F|  |TAMS 0x000000070c600000, 0x000000070c600000| Untracked 
|  25|0x000000070c800000, 0x000000070c800000, 0x000000070ca00000|  0%| F|  |TAMS 0x000000070c800000, 0x000000070c800000| Untracked 
|  26|0x000000070ca00000, 0x000000070ca00000, 0x000000070cc00000|  0%| F|  |TAMS 0x000000070ca00000, 0x000000070ca00000| Untracked 
|  27|0x000000070cc00000, 0x000000070cc00000, 0x000000070ce00000|  0%| F|  |TAMS 0x000000070cc00000, 0x000000070cc00000| Untracked 
|  28|0x000000070ce00000, 0x000000070ce00000, 0x000000070d000000|  0%| F|  |TAMS 0x000000070ce00000, 0x000000070ce00000| Untracked 
|  29|0x000000070d000000, 0x000000070d000000, 0x000000070d200000|  0%| F|  |TAMS 0x000000070d000000, 0x000000070d000000| Untracked 
|  30|0x000000070d200000, 0x000000070d200000, 0x000000070d400000|  0%| F|  |TAMS 0x000000070d200000, 0x000000070d200000| Untracked 
|  31|0x000000070d400000, 0x000000070d400000, 0x000000070d600000|  0%| F|  |TAMS 0x000000070d400000, 0x000000070d400000| Untracked 
|  32|0x000000070d600000, 0x000000070d600000, 0x000000070d800000|  0%| F|  |TAMS 0x000000070d600000, 0x000000070d600000| Untracked 
|  33|0x000000070d800000, 0x000000070d800000, 0x000000070da00000|  0%| F|  |TAMS 0x000000070d800000, 0x000000070d800000| Untracked 
|  34|0x000000070da00000, 0x000000070da00000, 0x000000070dc00000|  0%| F|  |TAMS 0x000000070da00000, 0x000000070da00000| Untracked 
|  35|0x000000070dc00000, 0x000000070dc00000, 0x000000070de00000|  0%| F|  |TAMS 0x000000070dc00000, 0x000000070dc00000| Untracked 
|  36|0x000000070de00000, 0x000000070de00000, 0x000000070e000000|  0%| F|  |TAMS 0x000000070de00000, 0x000000070de00000| Untracked 
|  37|0x000000070e000000, 0x000000070e000000, 0x000000070e200000|  0%| F|  |TAMS 0x000000070e000000, 0x000000070e000000| Untracked 
|  38|0x000000070e200000, 0x000000070e200000, 0x000000070e400000|  0%| F|  |TAMS 0x000000070e200000, 0x000000070e200000| Untracked 
|  39|0x000000070e400000, 0x000000070e400000, 0x000000070e600000|  0%| F|  |TAMS 0x000000070e400000, 0x000000070e400000| Untracked 
|  40|0x000000070e600000, 0x000000070e600000, 0x000000070e800000|  0%| F|  |TAMS 0x000000070e600000, 0x000000070e600000| Untracked 
|  41|0x000000070e800000, 0x000000070e800000, 0x000000070ea00000|  0%| F|  |TAMS 0x000000070e800000, 0x000000070e800000| Untracked 
|  42|0x000000070ea00000, 0x000000070ea00000, 0x000000070ec00000|  0%| F|  |TAMS 0x000000070ea00000, 0x000000070ea00000| Untracked 
|  43|0x000000070ec00000, 0x000000070ec00000, 0x000000070ee00000|  0%| F|  |TAMS 0x000000070ec00000, 0x000000070ec00000| Untracked 
|  44|0x000000070ee00000, 0x000000070ee00000, 0x000000070f000000|  0%| F|  |TAMS 0x000000070ee00000, 0x000000070ee00000| Untracked 
|  45|0x000000070f000000, 0x000000070f000000, 0x000000070f200000|  0%| F|  |TAMS 0x000000070f000000, 0x000000070f000000| Untracked 
|  46|0x000000070f200000, 0x000000070f200000, 0x000000070f400000|  0%| F|  |TAMS 0x000000070f200000, 0x000000070f200000| Untracked 
|  47|0x000000070f400000, 0x000000070f400000, 0x000000070f600000|  0%| F|  |TAMS 0x000000070f400000, 0x000000070f400000| Untracked 
|  48|0x000000070f600000, 0x000000070f600000, 0x000000070f800000|  0%| F|  |TAMS 0x000000070f600000, 0x000000070f600000| Untracked 
|  49|0x000000070f800000, 0x000000070f800000, 0x000000070fa00000|  0%| F|  |TAMS 0x000000070f800000, 0x000000070f800000| Untracked 
|  50|0x000000070fa00000, 0x000000070fa00000, 0x000000070fc00000|  0%| F|  |TAMS 0x000000070fa00000, 0x000000070fa00000| Untracked 
|  51|0x000000070fc00000, 0x000000070fc00000, 0x000000070fe00000|  0%| F|  |TAMS 0x000000070fc00000, 0x000000070fc00000| Untracked 
|  52|0x000000070fe00000, 0x000000070fe00000, 0x0000000710000000|  0%| F|  |TAMS 0x000000070fe00000, 0x000000070fe00000| Untracked 
|  53|0x0000000710000000, 0x0000000710000000, 0x0000000710200000|  0%| F|  |TAMS 0x0000000710000000, 0x0000000710000000| Untracked 
|  54|0x0000000710200000, 0x0000000710200000, 0x0000000710400000|  0%| F|  |TAMS 0x0000000710200000, 0x0000000710200000| Untracked 
|  55|0x0000000710400000, 0x0000000710400000, 0x0000000710600000|  0%| F|  |TAMS 0x0000000710400000, 0x0000000710400000| Untracked 
|  56|0x0000000710600000, 0x0000000710600000, 0x0000000710800000|  0%| F|  |TAMS 0x0000000710600000, 0x0000000710600000| Untracked 
|  57|0x0000000710800000, 0x0000000710800000, 0x0000000710a00000|  0%| F|  |TAMS 0x0000000710800000, 0x0000000710800000| Untracked 
|  58|0x0000000710a00000, 0x0000000710a00000, 0x0000000710c00000|  0%| F|  |TAMS 0x0000000710a00000, 0x0000000710a00000| Untracked 
|  59|0x0000000710c00000, 0x0000000710c00000, 0x0000000710e00000|  0%| F|  |TAMS 0x0000000710c00000, 0x0000000710c00000| Untracked 
|  60|0x0000000710e00000, 0x0000000710e00000, 0x0000000711000000|  0%| F|  |TAMS 0x0000000710e00000, 0x0000000710e00000| Untracked 
|  61|0x0000000711000000, 0x0000000711000000, 0x0000000711200000|  0%| F|  |TAMS 0x0000000711000000, 0x0000000711000000| Untracked 
|  62|0x0000000711200000, 0x0000000711200000, 0x0000000711400000|  0%| F|  |TAMS 0x0000000711200000, 0x0000000711200000| Untracked 
|  63|0x0000000711400000, 0x0000000711400000, 0x0000000711600000|  0%| F|  |TAMS 0x0000000711400000, 0x0000000711400000| Untracked 
|  64|0x0000000711600000, 0x0000000711600000, 0x0000000711800000|  0%| F|  |TAMS 0x0000000711600000, 0x0000000711600000| Untracked 
|  65|0x0000000711800000, 0x0000000711800000, 0x0000000711a00000|  0%| F|  |TAMS 0x0000000711800000, 0x0000000711800000| Untracked 
|  66|0x0000000711a00000, 0x0000000711a00000, 0x0000000711c00000|  0%| F|  |TAMS 0x0000000711a00000, 0x0000000711a00000| Untracked 
|  67|0x0000000711c00000, 0x0000000711c00000, 0x0000000711e00000|  0%| F|  |TAMS 0x0000000711c00000, 0x0000000711c00000| Untracked 
|  68|0x0000000711e00000, 0x0000000711e00000, 0x0000000712000000|  0%| F|  |TAMS 0x0000000711e00000, 0x0000000711e00000| Untracked 
|  69|0x0000000712000000, 0x0000000712000000, 0x0000000712200000|  0%| F|  |TAMS 0x0000000712000000, 0x0000000712000000| Untracked 
|  70|0x0000000712200000, 0x0000000712200000, 0x0000000712400000|  0%| F|  |TAMS 0x0000000712200000, 0x0000000712200000| Untracked 
|  71|0x0000000712400000, 0x0000000712400000, 0x0000000712600000|  0%| F|  |TAMS 0x0000000712400000, 0x0000000712400000| Untracked 
|  72|0x0000000712600000, 0x0000000712600000, 0x0000000712800000|  0%| F|  |TAMS 0x0000000712600000, 0x0000000712600000| Untracked 
|  73|0x0000000712800000, 0x0000000712800000, 0x0000000712a00000|  0%| F|  |TAMS 0x0000000712800000, 0x0000000712800000| Untracked 
|  74|0x0000000712a00000, 0x0000000712a00000, 0x0000000712c00000|  0%| F|  |TAMS 0x0000000712a00000, 0x0000000712a00000| Untracked 
|  75|0x0000000712c00000, 0x0000000712c00000, 0x0000000712e00000|  0%| F|  |TAMS 0x0000000712c00000, 0x0000000712c00000| Untracked 
|  76|0x0000000712e00000, 0x0000000712e00000, 0x0000000713000000|  0%| F|  |TAMS 0x0000000712e00000, 0x0000000712e00000| Untracked 
|  77|0x0000000713000000, 0x0000000713000000, 0x0000000713200000|  0%| F|  |TAMS 0x0000000713000000, 0x0000000713000000| Untracked 
|  78|0x0000000713200000, 0x0000000713200000, 0x0000000713400000|  0%| F|  |TAMS 0x0000000713200000, 0x0000000713200000| Untracked 
|  79|0x0000000713400000, 0x0000000713400000, 0x0000000713600000|  0%| F|  |TAMS 0x0000000713400000, 0x0000000713400000| Untracked 
|  80|0x0000000713600000, 0x0000000713600000, 0x0000000713800000|  0%| F|  |TAMS 0x0000000713600000, 0x0000000713600000| Untracked 
|  81|0x0000000713800000, 0x0000000713800000, 0x0000000713a00000|  0%| F|  |TAMS 0x0000000713800000, 0x0000000713800000| Untracked 
|  82|0x0000000713a00000, 0x0000000713a00000, 0x0000000713c00000|  0%| F|  |TAMS 0x0000000713a00000, 0x0000000713a00000| Untracked 
|  83|0x0000000713c00000, 0x0000000713c00000, 0x0000000713e00000|  0%| F|  |TAMS 0x0000000713c00000, 0x0000000713c00000| Untracked 
|  84|0x0000000713e00000, 0x0000000713e00000, 0x0000000714000000|  0%| F|  |TAMS 0x0000000713e00000, 0x0000000713e00000| Untracked 
|  85|0x0000000714000000, 0x0000000714000000, 0x0000000714200000|  0%| F|  |TAMS 0x0000000714000000, 0x0000000714000000| Untracked 
|  86|0x0000000714200000, 0x0000000714200000, 0x0000000714400000|  0%| F|  |TAMS 0x0000000714200000, 0x0000000714200000| Untracked 
|  87|0x0000000714400000, 0x0000000714400000, 0x0000000714600000|  0%| F|  |TAMS 0x0000000714400000, 0x0000000714400000| Untracked 
|  88|0x0000000714600000, 0x0000000714600000, 0x0000000714800000|  0%| F|  |TAMS 0x0000000714600000, 0x0000000714600000| Untracked 
|  89|0x0000000714800000, 0x0000000714800000, 0x0000000714a00000|  0%| F|  |TAMS 0x0000000714800000, 0x0000000714800000| Untracked 
|  90|0x0000000714a00000, 0x0000000714a00000, 0x0000000714c00000|  0%| F|  |TAMS 0x0000000714a00000, 0x0000000714a00000| Untracked 
|  91|0x0000000714c00000, 0x0000000714c00000, 0x0000000714e00000|  0%| F|  |TAMS 0x0000000714c00000, 0x0000000714c00000| Untracked 
|  92|0x0000000714e00000, 0x0000000714e00000, 0x0000000715000000|  0%| F|  |TAMS 0x0000000714e00000, 0x0000000714e00000| Untracked 
|  93|0x0000000715000000, 0x0000000715000000, 0x0000000715200000|  0%| F|  |TAMS 0x0000000715000000, 0x0000000715000000| Untracked 
|  94|0x0000000715200000, 0x0000000715200000, 0x0000000715400000|  0%| F|  |TAMS 0x0000000715200000, 0x0000000715200000| Untracked 
|  95|0x0000000715400000, 0x0000000715400000, 0x0000000715600000|  0%| F|  |TAMS 0x0000000715400000, 0x0000000715400000| Untracked 
|  96|0x0000000715600000, 0x0000000715600000, 0x0000000715800000|  0%| F|  |TAMS 0x0000000715600000, 0x0000000715600000| Untracked 
|  97|0x0000000715800000, 0x0000000715800000, 0x0000000715a00000|  0%| F|  |TAMS 0x0000000715800000, 0x0000000715800000| Untracked 
|  98|0x0000000715a00000, 0x0000000715a00000, 0x0000000715c00000|  0%| F|  |TAMS 0x0000000715a00000, 0x0000000715a00000| Untracked 
|  99|0x0000000715c00000, 0x0000000715c00000, 0x0000000715e00000|  0%| F|  |TAMS 0x0000000715c00000, 0x0000000715c00000| Untracked 
| 100|0x0000000715e00000, 0x0000000715e00000, 0x0000000716000000|  0%| F|  |TAMS 0x0000000715e00000, 0x0000000715e00000| Untracked 
| 101|0x0000000716000000, 0x0000000716000000, 0x0000000716200000|  0%| F|  |TAMS 0x0000000716000000, 0x0000000716000000| Untracked 
| 102|0x0000000716200000, 0x0000000716200000, 0x0000000716400000|  0%| F|  |TAMS 0x0000000716200000, 0x0000000716200000| Untracked 
| 103|0x0000000716400000, 0x0000000716400000, 0x0000000716600000|  0%| F|  |TAMS 0x0000000716400000, 0x0000000716400000| Untracked 
| 104|0x0000000716600000, 0x0000000716600000, 0x0000000716800000|  0%| F|  |TAMS 0x0000000716600000, 0x0000000716600000| Untracked 
| 105|0x0000000716800000, 0x0000000716800000, 0x0000000716a00000|  0%| F|  |TAMS 0x0000000716800000, 0x0000000716800000| Untracked 
| 106|0x0000000716a00000, 0x0000000716a00000, 0x0000000716c00000|  0%| F|  |TAMS 0x0000000716a00000, 0x0000000716a00000| Untracked 
| 107|0x0000000716c00000, 0x0000000716c00000, 0x0000000716e00000|  0%| F|  |TAMS 0x0000000716c00000, 0x0000000716c00000| Untracked 
| 108|0x0000000716e00000, 0x0000000716e00000, 0x0000000717000000|  0%| F|  |TAMS 0x0000000716e00000, 0x0000000716e00000| Untracked 
| 109|0x0000000717000000, 0x0000000717000000, 0x0000000717200000|  0%| F|  |TAMS 0x0000000717000000, 0x0000000717000000| Untracked 
| 110|0x0000000717200000, 0x0000000717200000, 0x0000000717400000|  0%| F|  |TAMS 0x0000000717200000, 0x0000000717200000| Untracked 
| 111|0x0000000717400000, 0x0000000717600000, 0x0000000717600000|100%| S|CS|TAMS 0x0000000717400000, 0x0000000717400000| Complete 
| 112|0x0000000717600000, 0x0000000717800000, 0x0000000717800000|100%| S|CS|TAMS 0x0000000717600000, 0x0000000717600000| Complete 
| 113|0x0000000717800000, 0x0000000717800000, 0x0000000717a00000|  0%| F|  |TAMS 0x0000000717800000, 0x0000000717800000| Untracked 
| 114|0x0000000717a00000, 0x0000000717a00000, 0x0000000717c00000|  0%| F|  |TAMS 0x0000000717a00000, 0x0000000717a00000| Untracked 
| 115|0x0000000717c00000, 0x0000000717c00000, 0x0000000717e00000|  0%| F|  |TAMS 0x0000000717c00000, 0x0000000717c00000| Untracked 
| 116|0x0000000717e00000, 0x0000000717e00000, 0x0000000718000000|  0%| F|  |TAMS 0x0000000717e00000, 0x0000000717e00000| Untracked 
| 117|0x0000000718000000, 0x0000000718000000, 0x0000000718200000|  0%| F|  |TAMS 0x0000000718000000, 0x0000000718000000| Untracked 
| 118|0x0000000718200000, 0x0000000718200000, 0x0000000718400000|  0%| F|  |TAMS 0x0000000718200000, 0x0000000718200000| Untracked 
| 119|0x0000000718400000, 0x0000000718400000, 0x0000000718600000|  0%| F|  |TAMS 0x0000000718400000, 0x0000000718400000| Untracked 
| 120|0x0000000718600000, 0x0000000718600000, 0x0000000718800000|  0%| F|  |TAMS 0x0000000718600000, 0x0000000718600000| Untracked 
| 121|0x0000000718800000, 0x0000000718800800, 0x0000000718a00000|  0%| E|  |TAMS 0x0000000718800000, 0x0000000718800000| Complete 
| 122|0x0000000718a00000, 0x0000000718c00000, 0x0000000718c00000|100%| E|CS|TAMS 0x0000000718a00000, 0x0000000718a00000| Complete 
| 123|0x0000000718c00000, 0x0000000718e00000, 0x0000000718e00000|100%| E|CS|TAMS 0x0000000718c00000, 0x0000000718c00000| Complete 

Card table byte_map: [0x00000198f2750000,0x00000198f2f10000] _byte_map_base: 0x00000198eef05000

Marking Bits (Prev, Next): (CMBitMap*) 0x00000198e9c7ce30, (CMBitMap*) 0x00000198e9c7ce70
 Prev Bits: [0x00000198f36d0000, 0x00000198f7478000)
 Next Bits: [0x00000198f7480000, 0x00000198fb228000)

Polling page: 0x00000198e7b80000

Metaspace:

Usage:
  Non-class:      6.05 MB used.
      Class:    749.17 KB used.
       Both:      6.78 MB used.

Virtual space:
  Non-class space:        8.00 MB reserved,       6.12 MB ( 77%) committed,  1 nodes.
      Class space:        1.00 GB reserved,     832.00 KB ( <1%) committed,  1 nodes.
             Both:        1.01 GB reserved,       6.94 MB ( <1%) committed. 

Chunk freelists:
   Non-Class:  1.91 MB
       Class:  3.22 MB
        Both:  5.13 MB

MaxMetaspaceSize: unlimited
CompressedClassSpaceSize: 1.00 GB
Initial GC threshold: 21.00 MB
Current GC threshold: 21.00 MB
CDS: on
MetaspaceReclaimPolicy: balanced
 - commit_granule_bytes: 65536.
 - commit_granule_words: 8192.
 - virtual_space_node_default_size: 1048576.
 - enlarge_chunks_in_place: 1.
 - new_chunks_are_fully_committed: 0.
 - uncommit_free_chunks: 1.
 - use_allocation_guard: 0.
 - handle_deallocations: 1.


Internal statistics:

num_allocs_failed_limit: 0.
num_arena_births: 128.
num_arena_deaths: 0.
num_vsnodes_births: 2.
num_vsnodes_deaths: 0.
num_space_committed: 111.
num_space_uncommitted: 0.
num_chunks_returned_to_freelist: 0.
num_chunks_taken_from_freelist: 176.
num_chunk_merges: 0.
num_chunk_splits: 105.
num_chunks_enlarged: 52.
num_purges: 0.
num_inconsistent_stats: 0.

CodeHeap 'non-profiled nmethods': size=119168Kb used=428Kb max_used=428Kb free=118739Kb
 bounds [0x0000019887ba0000, 0x0000019887e10000, 0x000001988f000000]
CodeHeap 'profiled nmethods': size=119104Kb used=1577Kb max_used=1577Kb free=117526Kb
 bounds [0x0000019880750000, 0x00000198809c0000, 0x0000019887ba0000]
CodeHeap 'non-nmethods': size=7488Kb used=2383Kb max_used=2404Kb free=5104Kb
 bounds [0x0000019880000000, 0x0000019880270000, 0x0000019880750000]
 total_blobs=1703 nmethods=1124 adapters=490
 compilation: enabled
              stopped_count=0, restarted_count=0
 full_count=0

Compilation events (20 events):
Event: 1.069 Thread 0x00000198fed0e070 nmethod 1113 0x00000198808d6b90 code [0x00000198808d6d20, 0x00000198808d6e68]
Event: 1.073 Thread 0x00000198fe1de320 nmethod 1108% 0x0000019887c06a90 code [0x0000019887c06c40, 0x0000019887c07238]
Event: 1.076 Thread 0x00000198fed0e070 1116       3       summit.game.tile.TileStack::paint (40 bytes)
Event: 1.077 Thread 0x00000198fed0e070 nmethod 1116 0x00000198808d6f10 code [0x00000198808d7120, 0x00000198808d7978]
Event: 1.079 Thread 0x00000198fed0e070 1117       3       summit.gfx.PaintEvent::renderLater (10 bytes)
Event: 1.079 Thread 0x00000198fed0e070 nmethod 1117 0x00000198808d7c10 code [0x00000198808d7e00, 0x00000198808d8488]
Event: 1.080 Thread 0x00000198fed0e070 1118       1       summit.game.tile.Tile::getLight (5 bytes)
Event: 1.080 Thread 0x00000198fed0e070 nmethod 1118 0x0000019887c07490 code [0x0000019887c07620, 0x0000019887c076f8]
Event: 1.080 Thread 0x00000198fed0e070 1119       3       summit.gfx.Renderer::rotate (62 bytes)
Event: 1.080 Thread 0x00000198fed0e070 nmethod 1119 0x00000198808d8790 code [0x00000198808d8940, 0x00000198808d8cd8]
Event: 1.088 Thread 0x00000198fe1e8de0 1120 %     3       summit.gfx.Renderer::filterFrame @ 10 (57 bytes)
Event: 1.088 Thread 0x00000198fe1e8de0 nmethod 1120% 0x00000198808d8f10 code [0x00000198808d90e0, 0x00000198808d9528]
Event: 1.088 Thread 0x00000198fed0e580 1121       3       summit.gfx.Renderer::filterFrame (57 bytes)
Event: 1.088 Thread 0x00000198fe1de320 1122       4       summit.gfx.Renderer::renderLight (229 bytes)
Event: 1.088 Thread 0x00000198fed0e580 nmethod 1121 0x00000198808d9810 code [0x00000198808d99e0, 0x00000198808d9da8]
Event: 1.089 Thread 0x00000198fed0e580 1123       3       summit.gfx.Light::paint (21 bytes)
Event: 1.089 Thread 0x00000198fed0e580 nmethod 1123 0x00000198808da010 code [0x00000198808da1c0, 0x00000198808da388]
Event: 1.093 Thread 0x00000198fe1de320 nmethod 1122 0x0000019887c07790 code [0x0000019887c07960, 0x0000019887c07dd8]
Event: 1.101 Thread 0x00000198ff83fc80 1124 %     4       summit.gfx.Renderer::rotate @ 21 (62 bytes)
Event: 1.105 Thread 0x00000198ff840190 nmethod 1115 0x0000019887c08110 code [0x0000019887c08320, 0x0000019887c09ba8]

GC Heap History (2 events):
Event: 1.065 GC heap before
{Heap before GC invocations=0 (full 0):
 garbage-first heap   total 253952K, used 26624K [0x0000000709600000, 0x0000000800000000)
  region size 2048K, 11 young (22528K), 0 survivors (0K)
 Metaspace       used 6937K, committed 7104K, reserved 1056768K
  class space    used 749K, committed 832K, reserved 1048576K
}
Event: 1.068 GC heap after
{Heap after GC invocations=1 (full 0):
 garbage-first heap   total 253952K, used 10417K [0x0000000709600000, 0x0000000800000000)
  region size 2048K, 2 young (4096K), 2 survivors (4096K)
 Metaspace       used 6937K, committed 7104K, reserved 1056768K
  class space    used 749K, committed 832K, reserved 1048576K
}

Deoptimization events (20 events):
Event: 1.091 Thread 0x00000198ff7cc630 DEOPT PACKING pc=0x00000198808d5622 sp=0x00000029e9eff2b0
Event: 1.091 Thread 0x00000198ff7cc630 DEOPT UNPACKING pc=0x0000019880052b43 sp=0x00000029e9efe758 mode 0
Event: 1.091 Thread 0x00000198ff7cc630 DEOPT PACKING pc=0x00000198808d5622 sp=0x00000029e9eff2b0
Event: 1.091 Thread 0x00000198ff7cc630 DEOPT UNPACKING pc=0x0000019880052b43 sp=0x00000029e9efe758 mode 0
Event: 1.091 Thread 0x00000198ff7cc630 DEOPT PACKING pc=0x00000198808d5622 sp=0x00000029e9eff2b0
Event: 1.091 Thread 0x00000198ff7cc630 DEOPT UNPACKING pc=0x0000019880052b43 sp=0x00000029e9efe758 mode 0
Event: 1.091 Thread 0x00000198ff7cc630 DEOPT PACKING pc=0x00000198808d5622 sp=0x00000029e9eff2b0
Event: 1.091 Thread 0x00000198ff7cc630 DEOPT UNPACKING pc=0x0000019880052b43 sp=0x00000029e9efe758 mode 0
Event: 1.092 Thread 0x00000198ff7cc630 DEOPT PACKING pc=0x00000198808d5622 sp=0x00000029e9eff2b0
Event: 1.092 Thread 0x00000198ff7cc630 DEOPT UNPACKING pc=0x0000019880052b43 sp=0x00000029e9efe758 mode 0
Event: 1.092 Thread 0x00000198ff7cc630 DEOPT PACKING pc=0x00000198808d5622 sp=0x00000029e9eff2b0
Event: 1.092 Thread 0x00000198ff7cc630 DEOPT UNPACKING pc=0x0000019880052b43 sp=0x00000029e9efe758 mode 0
Event: 1.092 Thread 0x00000198ff7cc630 DEOPT PACKING pc=0x00000198808d5622 sp=0x00000029e9eff2b0
Event: 1.092 Thread 0x00000198ff7cc630 DEOPT UNPACKING pc=0x0000019880052b43 sp=0x00000029e9efe758 mode 0
Event: 1.092 Thread 0x00000198ff7cc630 DEOPT PACKING pc=0x00000198808d5622 sp=0x00000029e9eff2b0
Event: 1.092 Thread 0x00000198ff7cc630 DEOPT UNPACKING pc=0x0000019880052b43 sp=0x00000029e9efe758 mode 0
Event: 1.093 Thread 0x00000198ff7cc630 DEOPT PACKING pc=0x00000198808d5622 sp=0x00000029e9eff2b0
Event: 1.093 Thread 0x00000198ff7cc630 DEOPT UNPACKING pc=0x0000019880052b43 sp=0x00000029e9efe758 mode 0
Event: 1.093 Thread 0x00000198ff7cc630 DEOPT PACKING pc=0x00000198808d5622 sp=0x00000029e9eff2b0
Event: 1.093 Thread 0x00000198ff7cc630 DEOPT UNPACKING pc=0x0000019880052b43 sp=0x00000029e9efe758 mode 0

Classes unloaded (0 events):
No events

Classes redefined (0 events):
No events

Internal exceptions (15 events):
Event: 0.057 Thread 0x00000198fed3c670 Exception <a 'java/lang/ClassNotFoundException'{0x0000000718a2b1e8}: sun/awt/resources/spi/awtProvider> (0x0000000718a2b1e8) 
thrown [e:\jenkins\tmp\workspace\build\src\src\hotspot\share\classfile\systemDictionary.cpp, line 256]
Event: 0.076 Thread 0x00000198fed3c670 Exception <a 'java/io/FileNotFoundException'{0x0000000718b656f8}> (0x0000000718b656f8) 
thrown [e:\jenkins\tmp\workspace\build\src\src\hotspot\share\prims\jni.cpp, line 516]
Event: 0.082 Thread 0x00000198fed3c670 Exception <a 'java/io/FileNotFoundException'{0x0000000718b92650}> (0x0000000718b92650) 
thrown [e:\jenkins\tmp\workspace\build\src\src\hotspot\share\prims\jni.cpp, line 516]
Event: 0.095 Thread 0x00000198fed3c670 Exception <a 'java/lang/NoSuchMethodError'{0x0000000718bc7e78}: 'java.lang.Object java.lang.invoke.DirectMethodHandle$Holder.invokeStaticInit(java.lang.Object)'> (0x0000000718bc7e78) 
thrown [e:\jenkins\tmp\workspace\build\src\src\hotspot\share\interpreter\linkResolver.cpp, line 766]
Event: 0.258 Thread 0x00000198fed3c670 Exception <a 'java/lang/NoSuchMethodError'{0x0000000718764418}: 'void java.lang.invoke.DirectMethodHandle$Holder.invokeSpecial(java.lang.Object, java.lang.Object, java.lang.Object)'> (0x0000000718764418) 
thrown [e:\jenkins\tmp\workspace\build\src\src\hotspot\share\interpreter\linkResolver.cpp, line 766]
Event: 0.264 Thread 0x00000198fed3c670 Exception <a 'java/lang/NoSuchMethodError'{0x000000071878e6b0}: 'java.lang.Object java.lang.invoke.DirectMethodHandle$Holder.newInvokeSpecial(java.lang.Object, java.lang.Object, java.lang.Object, java.lang.Object, java.lang.Object)'> (0x000000071878e6b0) 
thrown [e:\jenkins\tmp\workspace\build\src\src\hotspot\share\interpreter\linkResolver.cpp, line 766]
Event: 0.265 Thread 0x00000198fed3c670 Exception <a 'java/lang/NoSuchMethodError'{0x000000071879a078}: 'java.lang.Object java.lang.invoke.DirectMethodHandle$Holder.invokeStatic(java.lang.Object, int, java.lang.Object, java.lang.Object, java.lang.Object, java.lang.Object)'> (0x000000071879a078) 
thrown [e:\jenkins\tmp\workspace\build\src\src\hotspot\share\interpreter\linkResolver.cpp, line 766]
Event: 0.268 Thread 0x00000198fed3c670 Exception <a 'java/lang/NoSuchMethodError'{0x00000007187bf798}: 'java.lang.Object java.lang.invoke.DirectMethodHandle$Holder.invokeStatic(java.lang.Object, int, java.lang.Object)'> (0x00000007187bf798) 
thrown [e:\jenkins\tmp\workspace\build\src\src\hotspot\share\interpreter\linkResolver.cpp, line 766]
Event: 0.286 Thread 0x00000198fed3c670 Exception <a 'java/lang/ClassNotFoundException'{0x0000000718477be8}: com/sun/swing/internal/plaf/metal/resources/spi/metalProvider> (0x0000000718477be8) 
thrown [e:\jenkins\tmp\workspace\build\src\src\hotspot\share\classfile\systemDictionary.cpp, line 256]
Event: 0.287 Thread 0x00000198fed3c670 Exception <a 'java/lang/ClassNotFoundException'{0x000000071847bac0}: com/sun/swing/internal/plaf/basic/resources/spi/basicProvider> (0x000000071847bac0) 
thrown [e:\jenkins\tmp\workspace\build\src\src\hotspot\share\classfile\systemDictionary.cpp, line 256]
Event: 0.304 Thread 0x00000198fef0e890 Exception <a 'java/lang/NoSuchMethodError'{0x0000000718680998}: 'void java.lang.invoke.DirectMethodHandle$Holder.invokeVirtual(java.lang.Object, java.lang.Object)'> (0x0000000718680998) 
thrown [e:\jenkins\tmp\workspace\build\src\src\hotspot\share\interpreter\linkResolver.cpp, line 766]
Event: 0.315 Thread 0x00000198fed3c670 Exception <a 'java/lang/NoSuchMethodError'{0x00000007184b99f0}: 'void java.lang.invoke.DirectMethodHandle$Holder.invokeStaticInit(java.lang.Object)'> (0x00000007184b99f0) 
thrown [e:\jenkins\tmp\workspace\build\src\src\hotspot\share\interpreter\linkResolver.cpp, line 766]
Event: 0.993 Thread 0x00000198ff781900 Implicit null exception at 0x0000019887bf2c07 to 0x0000019887bf2e60
Event: 0.993 Thread 0x00000198ff781900 Implicit null exception at 0x0000019887bf2156 to 0x0000019887bf2254
Event: 1.000 Thread 0x00000198ff781900 Implicit null exception at 0x0000019887bf350b to 0x0000019887bf3764

VM Operations (12 events):
Event: 0.044 Executing VM operation: HandshakeAllThreads
Event: 0.044 Executing VM operation: HandshakeAllThreads done
Event: 0.286 Executing VM operation: HandshakeAllThreads
Event: 0.286 Executing VM operation: HandshakeAllThreads done
Event: 0.331 Executing VM operation: HandshakeAllThreads
Event: 0.331 Executing VM operation: HandshakeAllThreads done
Event: 0.359 Executing VM operation: HandshakeAllThreads
Event: 0.359 Executing VM operation: HandshakeAllThreads done
Event: 0.961 Executing VM operation: HandshakeAllThreads
Event: 0.961 Executing VM operation: HandshakeAllThreads done
Event: 1.065 Executing VM operation: G1CollectForAllocation
Event: 1.068 Executing VM operation: G1CollectForAllocation done

Events (20 events):
Event: 0.383 loading class java/text/AttributedString$AttributedStringIterator done
Event: 0.383 loading class java/awt/TextComponent
Event: 0.383 loading class java/awt/TextComponent done
Event: 0.383 loading class javax/swing/text/JTextComponent
Event: 0.383 loading class javax/swing/Scrollable
Event: 0.384 loading class javax/swing/Scrollable done
Event: 0.384 loading class javax/swing/text/JTextComponent done
Event: 0.384 loading class java/awt/event/MouseWheelEvent
Event: 0.384 loading class java/awt/event/MouseWheelEvent done
Event: 0.393 loading class sun/awt/image/BufImgSurfaceManager
Event: 0.393 loading class sun/awt/image/BufImgSurfaceManager done
Event: 0.393 loading class sun/awt/image/BufImgSurfaceData
Event: 0.393 loading class sun/awt/image/BufImgSurfaceData done
Event: 0.393 loading class sun/awt/image/BufImgSurfaceData$ICMColorData
Event: 0.393 loading class sun/awt/image/BufImgSurfaceData$ICMColorData done
Event: 0.514 Thread 0x00000198fef1a590 Thread exited: 0x00000198fef1a590
Event: 0.986 loading class java/lang/Math$RandomNumberGeneratorHolder
Event: 0.986 loading class java/lang/Math$RandomNumberGeneratorHolder done
Event: 0.990 Thread 0x00000198ff83fc80 Thread added: 0x00000198ff83fc80
Event: 0.990 Thread 0x00000198ff840190 Thread added: 0x00000198ff840190


Dynamic libraries:
0x00007ff7039e0000 - 0x00007ff7039ee000 	C:\Users\aadiu\AppData\Local\Programs\Eclipse Adoptium\jdk-17.0.2.8-hotspot\bin\java.exe
0x00007ffb36970000 - 0x00007ffb36b68000 	C:\Windows\SYSTEM32\ntdll.dll
0x00007ffb352a0000 - 0x00007ffb3535f000 	C:\Windows\System32\KERNEL32.DLL
0x00007ffb34310000 - 0x00007ffb345e2000 	C:\Windows\System32\KERNELBASE.dll
0x00007ffb34110000 - 0x00007ffb34210000 	C:\Windows\System32\ucrtbase.dll
0x00007ffb1e2b0000 - 0x00007ffb1e2c9000 	C:\Users\aadiu\AppData\Local\Programs\Eclipse Adoptium\jdk-17.0.2.8-hotspot\bin\VCRUNTIME140.dll
0x00007ffb1cc00000 - 0x00007ffb1cc18000 	C:\Users\aadiu\AppData\Local\Programs\Eclipse Adoptium\jdk-17.0.2.8-hotspot\bin\jli.dll
0x00007ffb35530000 - 0x00007ffb356cd000 	C:\Windows\System32\USER32.dll
0x00007ffb34720000 - 0x00007ffb34742000 	C:\Windows\System32\win32u.dll
0x00007ffb20b10000 - 0x00007ffb20daa000 	C:\Windows\WinSxS\amd64_microsoft.windows.common-controls_6595b64144ccf1df_6.0.19041.1110_none_60b5254171f9507e\COMCTL32.dll
0x00007ffb35fa0000 - 0x00007ffb35fcb000 	C:\Windows\System32\GDI32.dll
0x00007ffb35f00000 - 0x00007ffb35f9e000 	C:\Windows\System32\msvcrt.dll
0x00007ffb34750000 - 0x00007ffb3485f000 	C:\Windows\System32\gdi32full.dll
0x00007ffb345f0000 - 0x00007ffb3468d000 	C:\Windows\System32\msvcp_win.dll
0x00007ffb356f0000 - 0x00007ffb35722000 	C:\Windows\System32\IMM32.DLL
0x00007ffb25ee0000 - 0x00007ffb25eec000 	C:\Users\aadiu\AppData\Local\Programs\Eclipse Adoptium\jdk-17.0.2.8-hotspot\bin\vcruntime140_1.dll
0x00007ffb12510000 - 0x00007ffb125a1000 	C:\Users\aadiu\AppData\Local\Programs\Eclipse Adoptium\jdk-17.0.2.8-hotspot\bin\msvcp140.dll
0x00007ffab94f0000 - 0x00007ffaba137000 	C:\Users\aadiu\AppData\Local\Programs\Eclipse Adoptium\jdk-17.0.2.8-hotspot\bin\server\jvm.dll
0x00007ffb34ec0000 - 0x00007ffb34f6e000 	C:\Windows\System32\ADVAPI32.dll
0x00007ffb35e60000 - 0x00007ffb35efc000 	C:\Windows\System32\sechost.dll
0x00007ffb35ba0000 - 0x00007ffb35cc5000 	C:\Windows\System32\RPCRT4.dll
0x00007ffb34eb0000 - 0x00007ffb34eb8000 	C:\Windows\System32\PSAPI.DLL
0x00007ffb1d990000 - 0x00007ffb1d999000 	C:\Windows\SYSTEM32\WSOCK32.dll
0x00007ffb31d40000 - 0x00007ffb31d67000 	C:\Windows\SYSTEM32\WINMM.dll
0x00007ffb2d720000 - 0x00007ffb2d72a000 	C:\Windows\SYSTEM32\VERSION.dll
0x00007ffb35160000 - 0x00007ffb351cb000 	C:\Windows\System32\WS2_32.dll
0x00007ffb31fa0000 - 0x00007ffb31fb2000 	C:\Windows\SYSTEM32\kernel.appcore.dll
0x00007ffb25e20000 - 0x00007ffb25e2a000 	C:\Users\aadiu\AppData\Local\Programs\Eclipse Adoptium\jdk-17.0.2.8-hotspot\bin\jimage.dll
0x00007ffb31b50000 - 0x00007ffb31d34000 	C:\Windows\SYSTEM32\DBGHELP.DLL
0x00007ffb31b20000 - 0x00007ffb31b4c000 	C:\Windows\SYSTEM32\dbgcore.DLL
0x00007ffb34690000 - 0x00007ffb34712000 	C:\Windows\System32\bcryptPrimitives.dll
0x00007ffb19990000 - 0x00007ffb199b5000 	C:\Users\aadiu\AppData\Local\Programs\Eclipse Adoptium\jdk-17.0.2.8-hotspot\bin\java.dll
0x00007ffaf5a30000 - 0x00007ffaf5b06000 	C:\Users\aadiu\AppData\Local\Programs\Eclipse Adoptium\jdk-17.0.2.8-hotspot\bin\jsvml.dll
0x00007ffb35fd0000 - 0x00007ffb36713000 	C:\Windows\System32\SHELL32.dll
0x00007ffb32130000 - 0x00007ffb328c2000 	C:\Windows\SYSTEM32\windows.storage.dll
0x00007ffb34ad0000 - 0x00007ffb34e24000 	C:\Windows\System32\combase.dll
0x00007ffb33a60000 - 0x00007ffb33a90000 	C:\Windows\SYSTEM32\Wldp.dll
0x00007ffb349c0000 - 0x00007ffb34a6d000 	C:\Windows\System32\SHCORE.dll
0x00007ffb35020000 - 0x00007ffb35075000 	C:\Windows\System32\shlwapi.dll
0x00007ffb33fb0000 - 0x00007ffb33fcf000 	C:\Windows\SYSTEM32\profapi.dll
0x00007ffae34c0000 - 0x00007ffae364e000 	C:\Users\aadiu\AppData\Local\Programs\Eclipse Adoptium\jdk-17.0.2.8-hotspot\bin\awt.dll
0x00007ffb351d0000 - 0x00007ffb3529d000 	C:\Windows\System32\OLEAUT32.dll
0x00007ffb31300000 - 0x00007ffb31391000 	C:\Windows\SYSTEM32\apphelp.dll
0x00007ffb1cbe0000 - 0x00007ffb1cbf8000 	C:\Users\aadiu\AppData\Local\Programs\Eclipse Adoptium\jdk-17.0.2.8-hotspot\bin\zip.dll
0x00007ffb31410000 - 0x00007ffb314ae000 	C:\Windows\system32\uxtheme.dll
0x00007ffb353f0000 - 0x00007ffb35505000 	C:\Windows\System32\MSCTF.dll
0x00007ffb35cd0000 - 0x00007ffb35dfa000 	C:\Windows\System32\ole32.dll
0x00007ffb31590000 - 0x00007ffb315bf000 	C:\Windows\system32\DWMAPI.DLL
0x00007ffadadb0000 - 0x00007ffadaed5000 	C:\Windows\system32\opengl32.dll
0x00007ffada100000 - 0x00007ffada12c000 	C:\Windows\SYSTEM32\GLU32.dll
0x00007ffb269b0000 - 0x00007ffb26b7f000 	C:\Windows\system32\d3d9.dll
0x00007ffb28d70000 - 0x00007ffb28f28000 	C:\Windows\System32\DriverStore\FileRepository\u0370468.inf_amd64_5e4260b11257b6e9\B370372\aticfx64.dll
0x00007ffb13650000 - 0x00007ffb13684000 	C:\Windows\System32\DriverStore\FileRepository\u0370468.inf_amd64_5e4260b11257b6e9\B370372\atiu9p64.dll
0x00007ffab8790000 - 0x00007ffab94e4000 	C:\Windows\System32\DriverStore\FileRepository\u0370468.inf_amd64_5e4260b11257b6e9\B370372\atiumd64.dll
0x000000006c4b0000 - 0x000000006d324000 	C:\Windows\System32\DriverStore\FileRepository\u0370468.inf_amd64_5e4260b11257b6e9\B370372\atiumd6a.dll
0x00007ffb35730000 - 0x00007ffb35b98000 	C:\Windows\System32\SETUPAPI.dll
0x00007ffb34210000 - 0x00007ffb3425e000 	C:\Windows\System32\cfgmgr32.dll
0x00007ffb33e30000 - 0x00007ffb33e7b000 	C:\Windows\SYSTEM32\POWRPROF.dll
0x00007ffb34070000 - 0x00007ffb34097000 	C:\Windows\System32\bcrypt.dll
0x00007ffb33e10000 - 0x00007ffb33e22000 	C:\Windows\SYSTEM32\UMPDC.dll
0x00007ffb29180000 - 0x00007ffb291b0000 	C:\Windows\SYSTEM32\amdihk64.dll
0x00007ffb29960000 - 0x00007ffb2999b000 	C:\Windows\SYSTEM32\dxcore.dll
0x00007ffaf9990000 - 0x00007ffaf9a19000 	C:\Users\aadiu\AppData\Local\Programs\Eclipse Adoptium\jdk-17.0.2.8-hotspot\bin\freetype.dll
0x00007ffaf8bf0000 - 0x00007ffaf8c98000 	C:\Users\aadiu\AppData\Local\Programs\Eclipse Adoptium\jdk-17.0.2.8-hotspot\bin\fontmanager.dll
0x00007ffb28f30000 - 0x00007ffb29029000 	C:\Windows\SYSTEM32\textinputframework.dll
0x00007ffb30e70000 - 0x00007ffb311ce000 	C:\Windows\System32\CoreUIComponents.dll
0x00007ffb309d0000 - 0x00007ffb30ac2000 	C:\Windows\System32\CoreMessaging.dll
0x00007ffb33190000 - 0x00007ffb331c3000 	C:\Windows\SYSTEM32\ntmarta.dll
0x00007ffb30200000 - 0x00007ffb30354000 	C:\Windows\SYSTEM32\wintypes.dll

dbghelp: loaded successfully - version: 4.0.5 - missing functions: none
symbol engine: initialized successfully - sym options: 0x614 - pdb path: .;C:\Users\aadiu\AppData\Local\Programs\Eclipse Adoptium\jdk-17.0.2.8-hotspot\bin;C:\Windows\SYSTEM32;C:\Windows\WinSxS\amd64_microsoft.windows.common-controls_6595b64144ccf1df_6.0.19041.1110_none_60b5254171f9507e;C:\Users\aadiu\AppData\Local\Programs\Eclipse Adoptium\jdk-17.0.2.8-hotspot\bin\server;C:\Windows\System32\DriverStore\FileRepository\u0370468.inf_amd64_5e4260b11257b6e9\B370372

VM Arguments:
jvm_args: -XX:+ShowCodeDetailsInExceptionMessages 
java_command: summit.Main
java_class_path (initial): C:\Users\aadiu\AppData\Roaming\Code\User\workspaceStorage\1c2e286de9ea8afffefde57d2c4cc9eb\redhat.java\jdt_ws\Summit_aca78153\bin
Launcher Type: SUN_STANDARD

[Global flags]
     intx CICompilerCount                          = 12                                        {product} {ergonomic}
     uint ConcGCThreads                            = 3                                         {product} {ergonomic}
     uint G1ConcRefinementThreads                  = 13                                        {product} {ergonomic}
   size_t G1HeapRegionSize                         = 2097152                                   {product} {ergonomic}
    uintx GCDrainStackTargetSize                   = 64                                        {product} {ergonomic}
   size_t InitialHeapSize                          = 260046848                                 {product} {ergonomic}
   size_t MarkStackSize                            = 4194304                                   {product} {ergonomic}
   size_t MaxHeapSize                              = 4137680896                                {product} {ergonomic}
   size_t MaxNewSize                               = 2480930816                                {product} {ergonomic}
   size_t MinHeapDeltaBytes                        = 2097152                                   {product} {ergonomic}
   size_t MinHeapSize                              = 8388608                                   {product} {ergonomic}
    uintx NonNMethodCodeHeapSize                   = 7602480                                {pd product} {ergonomic}
    uintx NonProfiledCodeHeapSize                  = 122027880                              {pd product} {ergonomic}
    uintx ProfiledCodeHeapSize                     = 122027880                              {pd product} {ergonomic}
    uintx ReservedCodeCacheSize                    = 251658240                              {pd product} {ergonomic}
     bool SegmentedCodeCache                       = true                                      {product} {ergonomic}
     bool ShowCodeDetailsInExceptionMessages       = true                                   {manageable} {command line}
   size_t SoftMaxHeapSize                          = 4137680896                             {manageable} {ergonomic}
     bool UseCompressedClassPointers               = true                           {product lp64_product} {ergonomic}
     bool UseCompressedOops                        = true                           {product lp64_product} {ergonomic}
     bool UseG1GC                                  = true                                      {product} {ergonomic}
     bool UseLargePagesIndividualAllocation        = false                                  {pd product} {ergonomic}

Logging:
Log output configuration:
 #0: stdout all=warning uptime,level,tags
 #1: stderr all=off uptime,level,tags

Environment Variables:
JAVA_HOME=C:\Users\aadiu\AppData\Local\Programs\Eclipse Adoptium\jdk-17.0.2.8-hotspot\
PATH=C:\Program Files (x86)\Razer Chroma SDK\bin;C:\Program Files\Razer Chroma SDK\bin;C:\Program Files (x86)\Razer\ChromaBroadcast\bin;C:\Program Files\Razer\ChromaBroadcast\bin;C:\Program Files (x86)\Common Files\Oracle\Java\javapath;C:\Program Files\Python38\Scripts\;C:\Program Files\Python38\;C:\Windows\system32;C:\Windows;C:\Windows\System32\Wbem;C:\Windows\System32\WindowsPowerShell\v1.0\;C:\Windows\System32\OpenSSH\;C:\Program Files (x86)\NVIDIA Corporation\PhysX\Common;C:\Program Files\NVIDIA Corporation\NVIDIA NvDLISR;C:\Users\aadiu\AppData\Local\Microsoft\WindowsApps;C:\Users\aadiu\AppData\Local\Programs\Microsoft VS Code\bin;C:\Windows\system32\config\systemprofile\AppData\Local\Microsoft\WindowsApps;C:\Program Files\dotnet\;C:\Program Files\Git\cmd;C:\MinGW\bin\;C:\Program Files (x86)\Windows Kits\10\Windows Performance Toolkit\;C:\Users\aadiu\AppData\Local\Programs\Eclipse Adoptium\jdk-17.0.2.8-hotspot\bin;C:\Users\aadiu\AppData\Local\Microsoft\WindowsApps;C:\Users\aadiu\AppData\Local\Programs\Microsoft VS Code\bin;C:\Users\aadiu\AppData\Local\GitHubDesktop\bin
USERNAME=aadiu
LANG=en_US.UTF-8
OS=Windows_NT
PROCESSOR_IDENTIFIER=AMD64 Family 25 Model 80 Stepping 0, AuthenticAMD



---------------  S Y S T E M  ---------------

OS:
 Windows 10 , 64 bit Build 19041 (10.0.19041.2251)
OS uptime: 2 days 7:33 hours

CPU: total 16 (initial active 16) (16 cores per cpu, 2 threads per core) family 25 model 80 stepping 0 microcode 0x0, cx8, cmov, fxsr, ht, mmx, 3dnowpref, sse, sse2, sse3, ssse3, sse4a, sse4.1, sse4.2, popcnt, lzcnt, tsc, tscinvbit, avx, avx2, aes, erms, clmul, bmi1, bmi2, adx, sha, fma, vzeroupper, clflush, clflushopt

Memory: 4k page, system-wide physical 15776M (8020M free)
TotalPageFile size 20128M (AvailPageFile size 9251M)
current process WorkingSet (physical memory assigned to process): 129M, peak: 130M
current process commit charge ("private bytes"): 427M, peak: 428M

vm_info: OpenJDK 64-Bit Server VM (17.0.2+8) for windows-amd64 JRE (17.0.2+8), built on Jan 20 2022 04:52:34 by "" with MS VC++ 16.7 (VS2019)

END.
