#
# A fatal error has been detected by the Java Runtime Environment:
#
#  EXCEPTION_ACCESS_VIOLATION (0xc0000005) at pc=0x0000022ab758fc9b, pid=12228, tid=23084
#
# JRE version: OpenJDK Runtime Environment Temurin-17.0.2+8 (17.0.2+8) (build 17.0.2+8)
# Java VM: OpenJDK 64-Bit Server VM Temurin-17.0.2+8 (17.0.2+8, mixed mode, sharing, tiered, compressed oops, compressed class ptrs, g1 gc, windows-amd64)
# Problematic frame:
# J 1155 c2 summit.gfx.Renderer.render(Ljava/lang/String;FFILsummit/gfx/ColorFilter;)V (281 bytes) @ 0x0000022ab758fc9b [0x0000022ab758f220+0x0000000000000a7b]
#
# No core dump will be written. Minidumps are not enabled by default on client versions of Windows
#
# If you would like to submit a bug report, please visit:
#   https://github.com/adoptium/adoptium-support/issues
#

---------------  S U M M A R Y ------------

Command Line: -XX:+ShowCodeDetailsInExceptionMessages summit.Main

Host: AMD Ryzen 9 5900HS with Radeon Graphics        , 16 cores, 15G,  Windows 10 , 64 bit Build 19041 (10.0.19041.2251)
Time: Mon Nov 14 19:32:28 2022 Central Standard Time elapsed time: 1.429174 seconds (0d 0h 0m 1s)

---------------  T H R E A D  ---------------

Current thread (0x0000022acc6dc610):  JavaThread "graphicsthread" [_thread_in_Java, id=23084, stack(0x000000dfc6900000,0x000000dfc6a00000)]

Stack: [0x000000dfc6900000,0x000000dfc6a00000],  sp=0x000000dfc69feea0,  free space=1019k
Native frames: (J=compiled Java code, j=interpreted, Vv=VM code, C=native code)
C  0x0000022ab758fc9b


siginfo: EXCEPTION_ACCESS_VIOLATION (0xc0000005), reading address 0x0000000b176fc7c0


Register to memory mapping:

RIP=0x0000022ab758fc9b is at entry_point+2683 in (nmethod*)0x0000022ab758f010
RAX=0x000000071878a1b0 is an oop: [[I 
{0x000000071878a1b0} - klass: {type array int}[]
 - length: 16
RBX=0x00000000ffffffe9 is an unknown value
RCX=3807246590 is a compressed pointer to object: [[I 
{0x00000007176fc7f0} - klass: {type array int}[]
 - length: 144
RDX=0x0 is NULL
RSP=0x000000dfc69feea0 is pointing into the stack for thread: 0x0000022acc6dc610
RBP=0x0 is NULL
RSI=0x0 is NULL
RDI=0x00000000fffffff0 is an unknown value
R8 =0x000000071762ba38 is an oop: summit.gfx.Renderer 
{0x000000071762ba38} - klass: 'summit/gfx/Renderer'
 - ---- fields (total size 2 words):
 - private 'frame' '[[I' @12  a {type array int}[144] {0x00000007176fc7f0} (e2edf8fe)
R9 =0x0000000000000010 is an unknown value
R10=0x00000007176fc7f0 is an oop: [[I 
{0x00000007176fc7f0} - klass: {type array int}[]
 - length: 144
R11=0x00000000fffffff0 is an unknown value
R12=0x0 is NULL
R13=0x0000000000000090 is an unknown value
R14=0x000000000000000f is an unknown value
R15=0x0000022acc6dc610 is a thread


Registers:
RAX=0x000000071878a1b0, RBX=0x00000000ffffffe9, RCX=0x00000000e2edf8fe, RDX=0x0000000000000000
RSP=0x000000dfc69feea0, RBP=0x0000000000000000, RSI=0x0000000000000000, RDI=0x00000000fffffff0
R8 =0x000000071762ba38, R9 =0x0000000000000010, R10=0x00000007176fc7f0, R11=0x00000000fffffff0
R12=0x0000000000000000, R13=0x0000000000000090, R14=0x000000000000000f, R15=0x0000022acc6dc610
RIP=0x0000022ab758fc9b, EFLAGS=0x0000000000010287

Top of Stack: (sp=0x000000dfc69feea0)
0x000000dfc69feea0:   0000010000000000 00000000fffffff8
0x000000dfc69feeb0:   fffffff0ffffffe8 0000000000000000
0x000000dfc69feec0:   00000007177bf7e0 fffffff0ffffffe8
0x000000dfc69feed0:   0000022a00000009 000000070000000f
0x000000dfc69feee0:   0000000000000000 0000022ab758f240
0x000000dfc69feef0:   0000000000000000 0000000000000206
0x000000dfc69fef00:   000000dfc69ff0e0 0000022ab025d314
0x000000dfc69fef10:   000000dfc69fefb0 000000dfc69ff048
0x000000dfc69fef20:   0000022aaf9894fe 0000000000000000
0x000000dfc69fef30:   0000000000000000 0000000000000000
0x000000dfc69fef40:   0000000000000000 000000071762ba38
0x000000dfc69fef50:   0000000717623248 0000000000000001
0x000000dfc69fef60:   0000000000000000 0000000000000000
0x000000dfc69fef70:   000000dfc69ff0e0 0000022ab025da6c
0x000000dfc69fef80:   409e000000000000 0000000000000000
0x000000dfc69fef90:   0000000000000000 0000000000000000 

Instructions: (pc=0x0000022ab758fc9b)
0x0000022ab758fb9b:   45 33 d2 e9 71 02 00 00 4c 8b c6 e9 59 01 00 00
0x0000022ab758fbab:   0f 1f 44 00 00 44 2b 5c 24 10 45 8b f3 41 ff c6
0x0000022ab758fbbb:   44 8b de 45 3b f1 0f 83 ee 0a 00 00 45 8b 54 cc
0x0000022ab758fbcb:   10 47 8b 54 d4 0c 45 3b da 0f 83 67 01 00 00 c4
0x0000022ab758fbdb:   c1 f9 7e d2 45 8b 54 92 10 47 8b 44 d4 0c 49 c1
0x0000022ab758fbeb:   e2 03 45 3b f0 0f 83 e6 0a 00 00 47 8b 54 b2 10
0x0000022ab758fbfb:   41 83 fa ff 0f 84 32 01 00 00 45 8b 44 c4 0c 45
0x0000022ab758fc0b:   3b d8 0f 83 e5 0a 00 00 46 89 54 9d 10 45 33 c0
0x0000022ab758fc1b:   c4 c1 f9 7e d2 41 8b 72 10 45 8b 54 f4 0c 44 03
0x0000022ab758fc2b:   54 24 10 4d 8b b7 48 03 00 00 41 8b f3 ff c6 41
0x0000022ab758fc3b:   85 06 41 3b f2 0f 8c 6a ff ff ff 4d 8b 97 48 03
0x0000022ab758fc4b:   00 00 ff c7 41 85 02 3b 3c 24 0f 8d f0 00 00 00
0x0000022ab758fc5b:   c4 c1 f9 7e c0 c4 e1 f9 7e ce c5 f9 7e da 44 8b
0x0000022ab758fc6b:   54 24 10 44 8b 5c 24 14 44 3b 54 24 08 0f 8d 45
0x0000022ab758fc7b:   01 00 00 44 89 5c 24 14 44 89 54 24 10 c5 f9 6e
0x0000022ab758fc8b:   da c4 e1 f9 6e ce c4 c1 f9 6e c0 c4 c1 f9 7e e2
0x0000022ab758fc9b:   41 8b 44 ba 10 8b d7 41 2b d3 41 3b fd 0f 83 f5
0x0000022ab758fcab:   fe ff ff 44 8b 54 24 10 44 3b 54 24 04 0f 83 e5
0x0000022ab758fcbb:   fe ff ff c4 c1 f9 7e d2 45 8b 54 92 10 47 8b 44
0x0000022ab758fccb:   d4 0c 45 85 c0 0f 86 66 0b 00 00 47 8b 54 d4 10
0x0000022ab758fcdb:   41 83 fa ff 0f 84 23 06 00 00 45 8b 44 c4 0c 44
0x0000022ab758fceb:   8b 5c 24 10 45 3b d8 0f 83 05 0a 00 00 4d 8d 04
0x0000022ab758fcfb:   c4 47 89 54 98 10 45 33 c0 c4 c1 f9 7e d2 45 8b
0x0000022ab758fd0b:   52 10 47 8b 5c d4 0c 44 03 5c 24 10 41 3b db 0f
0x0000022ab758fd1b:   8d 26 ff ff ff 41 3b fd 73 3c 49 8d 2c c4 44 8b
0x0000022ab758fd2b:   db 41 be 01 00 00 00 e9 87 fe ff ff c4 c1 f9 7e
0x0000022ab758fd3b:   c8 e9 da fe ff ff c4 c1 f9 7e c8 e9 d0 fe ff ff
0x0000022ab758fd4b:   c5 f8 77 48 83 c4 60 5d 49 3b a7 40 03 00 00 0f
0x0000022ab758fd5b:   87 48 12 00 00 c3 44 8b db 41 ba 01 00 00 00 eb
0x0000022ab758fd6b:   12 0f 1f 40 00 44 2b 5c 24 10 45 8b d3 41 ff c2
0x0000022ab758fd7b:   44 8b da 45 3b d1 0f 83 2e 09 00 00 45 3b 64 cc
0x0000022ab758fd8b:   10 0f 84 9a 0a 00 00 c4 e1 f9 7e d2 44 8b 42 10 


Stack slot to memory mapping:
stack at sp + 0 slots: 0x0000010000000000 is an unknown value
stack at sp + 1 slots: 0x00000000fffffff8 is an unknown value
stack at sp + 2 slots: 0xfffffff0ffffffe8 is an unknown value
stack at sp + 3 slots: 0x0 is NULL
stack at sp + 4 slots: 0x00000007177bf7e0 is an oop: [[I 
{0x00000007177bf7e0} - klass: {type array int}[]
 - length: 16
stack at sp + 5 slots: 0xfffffff0ffffffe8 is an unknown value
stack at sp + 6 slots: 0x0000022a00000009 is an unknown value
stack at sp + 7 slots: 0x000000070000000f is an unknown value

--------------------------------------------------------------------------------
[Constant Pool (empty)]

--------------------------------------------------------------------------------

[MachCode]
  0x0000022ab758f220: 448b 5208 | 49bb 0000 | 0000 0800 | 0000 4d03 | d349 3bc2 | 0f85 46d8 | 43f8 6690 | 0f1f 4000 
  0x0000022ab758f240: 8984 2400 | 90ff ff55 | 4883 ec60 | c4c1 f96e | d848 897c | 2418 c4c1 | 796e d148 | 8914 2449 
  0x0000022ab758f260: bae8 5564 | 1707 0000 | 0041 8b6a | 7045 8b5c | ec08 4181 | fbe0 ad0b | 000f 8533 | 1600 004d 
  0x0000022ab758f280: 8d14 ec45 | 8b5a 2443 | 8b4c dc0c | 85c9 0f86 | 0c17 0000 | 4f8d 2cdc | 4d85 c00f | 8408 1400 
  0x0000022ab758f2a0: 0045 8b40 | 0cff c945 | 85c0 0f84 | df0f 0000 | 458b d041 | c1ea 1045 | 33d0 4123 | ca33 d245 
  0x0000022ab758f2c0: 8b5c 8d10 | 478b 4cdc | 0c45 3bca | 0f85 2311 | 0000 478b | 4cdc 104d | 8bc1 49c1 | e003 c4e1 
  0x0000022ab758f2e0: f97e d94c | 3bc1 0f84 | 6001 0000 | 0fbe 4910 | c4e1 f97e | db49 3bd8 | 0f84 4e01 | 0000 478b 
  0x0000022ab758f300: 44cc 0841 | 81f8 70e9 | 0000 0f85 | 101a 0000 | 4f8d 04cc | 410f be68 | 103b cd0f | 85e7 1800 
  0x0000022ab758f320: 0045 8b40 | 148b 5b14 | 478b 4cc4 | 0c41 8b4c | dc0c 413b | c90f 85d4 | 0000 004f | 8d0c c44b 
  0x0000022ab758f340: 8d74 c410 | 4d8d 04dc | 498d 7cdc | 1085 c90f | 84a5 0000 | 008b c183 | e01f 83e1 | e00f 844b 
  0x0000022ab758f360: 0000 0048 | 8d3c 0f48 | 8d34 0e48 | f7d9 c5fe | 6f2c 0fc5 | fe6f 240e | c5d5 efec | c4e2 7d17 
  0x0000022ab758f380: ed0f 857a | 0000 0048 | 83c1 2075 | e185 c00f | 8465 0000 | 00c5 fe6f | 6c07 e0c5 | fe6f 6406 
  0x0000022ab758f3a0: e0c5 d5ef | ecc4 e27d | 17ed 7555 | eb4c 8bc8 | 83e1 fc74 | 1948 8d3c | 0f48 8d34 | 0e48 f7d9 
  0x0000022ab758f3c0: 8b1c 0f3b | 1c0e 7539 | 4883 c104 | 75f2 f7c0 | 0200 0000 | 7412 0fb7 | 1f0f b70e | 3bd9 7521 
  0x0000022ab758f3e0: 488d 7f02 | 488d 7602 | f7c0 0100 | 0000 740a | 0fb6 1f0f | b60e 3bd9 | 7507 b801 | 0000 00eb 
  0x0000022ab758f400: 0233 c0c5 | d5ef edc5 | ddef e485 | c075 3dba | 45ff ffff | 488b 2c24 | c5fa 1104 | 24c5 fa11 
  0x0000022ab758f420: 4c24 04c5 | fa11 5424 | 084c 8b44 | 2418 4c89 | 4424 10c5 | fb11 5c24 | 1844 895c | 240c 4489 
  0x0000022ab758f440: 5424 2090 | c5f8 77e8 | b42e 44f8 | 49c1 e303 | 418b 6b14 | 458b 5cec | 0841 81fb | 086d 0000 
  0x0000022ab758f460: 0f85 5618 | 0000 498d | 1cec 8b7b | 0c85 ff0f | 8663 1400 | 0044 8b5b | 1047 8b5c | dc0c 41d1 
  0x0000022ab758f480: fbc4 c179 | 6ee3 c5f8 | 5be4 c5fa | 5cc4 c4c1 | 797e c045 | 8bd0 41c1 | ea17 450f | b6d2 b995 
  0x0000022ab758f4a0: 0000 0041 | 2bca f7c1 | e0ff ffff | 0f85 1011 | 0000 458b | d041 81e2 | ffff 7f00 | 4181 ca00 
  0x0000022ab758f4c0: 0080 0045 | 85c0 0f8c | 9811 0000 | 41d3 fa41 | ffc2 41d1 | fa44 8bdf | 41d1 fbc4 | c179 6ec3 
  0x0000022ab758f4e0: c5f8 5bc0 | c5f2 5cc8 | c4c1 797e | c845 8bc8 | 41c1 e917 | 450f b6c9 | b995 0000 | 0041 2bc9 
  0x0000022ab758f500: f7c1 e0ff | ffff 0f85 | 9410 0000 | 458b d841 | 81e3 ffff | 7f00 4181 | cb00 0080 | 0045 85c0 
  0x0000022ab758f520: 0f8c 3611 | 0000 41d3 | fb41 ffc3 | 41d1 fbc4 | c179 7ed0 | 4585 c00f | 85dd 0000 | 0045 33c0 
  0x0000022ab758f540: 488b c3eb | 138b 5424 | 0c44 8b54 | 2410 448b | 5c24 1444 | 8b44 2408 | 418b e8c1 | fd03 85ed 
  0x0000022ab758f560: 0f85 6e14 | 0000 448b | 480c 418b | db41 03d9 | 443b db0f | 8dd2 0700 | 004d 63c1 | 4963 cb41 
  0x0000022ab758f580: 8bfb f7df | 4863 ff48 | 03cf 493b | c80f 8379 | 1300 0048 | 63cb 4803 | cf48 ffc9 | 493b c80f 
  0x0000022ab758f5a0: 839f 1300 | 004c 8b04 | 2441 8b48 | 0c45 8b6c | cc0c 4585 | ed0f 8694 | 1300 0041 | 8b7c cc10 
  0x0000022ab758f5c0: 418b 7cfc | 0c48 8b74 | 2418 4885 | f60f 8542 | 1300 0045 | 85c9 0f86 | 3913 0000 | 448b 4810 
  0x0000022ab758f5e0: 478b 4ccc | 0c45 85c9 | 0f86 2713 | 0000 897c | 2404 891c | 24c4 e1f9 | 6ed0 418b | d941 03da 
  0x0000022ab758f600: 895c 2408 | 418b daff | c349 8d3c | ccc4 e1f9 | 6ee7 418b | fbe9 5906 | 0000 41f7 | c004 0000 
  0x0000022ab758f620: 000f 84d5 | 0300 008b | 4b10 458b | 4ccc 0c44 | 895c 242c | 4489 5424 | 2889 7c24 | 1448 895c 
  0x0000022ab758f640: 2420 8954 | 240c 4489 | 4424 0848 | ba08 6d00 | 0008 0000 | 0044 8bc7 | c5f8 77e8 | 20ce 4ef8 
  0x0000022ab758f660: 448b 5c24 | 1441 ffcb | 443b 5c24 | 140f 83d0 | 1400 008b | 580c 85db | 0f86 c514 | 0000 4c63 
  0x0000022ab758f680: c345 33c9 | eb30 c5f9 | 7ed3 c4c1 | f97e d8c4 | e1f9 7ec1 | 448b 4c24 | 384d 8b97 | 4803 0000 
  0x0000022ab758f6a0: 41ff c141 | 8502 443b | 4c24 140f | 8dc7 0f00 | 0048 894c | 2420 488b | 4c24 2044 | 8b59 1047 
  0x0000022ab758f6c0: 8b54 dc0c | 4585 d276 | d045 8bea | 4489 4c24 | 38c5 fb10 | 4424 2049 | 63f1 448b | 54b1 10c4 
  0x0000022ab758f6e0: c179 6eca | 478b 74d4 | 0c85 db0f | 86c0 0200 | 008b 6810 | 418b cd41 | 2bc9 ffc9 | 4585 f60f 
  0x0000022ab758f700: 8651 1200 | 0047 8b4c | d410 458b | 54ec 0c4d | 8d1c ec41 | 3bca 0f83 | e412 0000 | 4d63 d54c 
  0x0000022ab758f720: 2bd6 4789 | 4c93 0c41 | 83fd 010f | 8e5e ffff | ff4d 63d6 | 4d3b c244 | 8bd3 450f | 4fd6 c4c1 
  0x0000022ab758f740: 797e cb4f | 8d2c dc41 | 8bfa ffcf | 443b d741 | bb00 0000 | 8041 0f4c | fb83 ff01 | 0f8e a612 
  0x0000022ab758f760: 0000 4c8b | 5424 2045 | 8b5a 1043 | 8b6c dc0c | c4c1 797e | ca47 8b4c | d414 8b50 | 148b cd2b 
  0x0000022ab758f780: 4c24 38ff | c945 8b54 | d40c 4d8d | 1cd4 413b | ca0f 837c | 1200 0048 | 8974 2420 | c4c1 f96e 
  0x0000022ab758f7a0: d8c5 f96e | d348 63f5 | 4c8b c64c | 2b44 2420 | 4789 4c83 | 0c83 fd02 | 0f8e c8fe | ffff c4c1 
  0x0000022ab758f7c0: 797e ca47 | 8b4c d418 | 8b50 1845 | 8b54 d40c | 4d8d 1cd4 | 413b ca0f | 8341 1200 | 0047 894c 
  0x0000022ab758f7e0: 830c 83fd | 030f 8e9b | feff ff41 | ba03 0000 | 0044 3bd7 | 0f8d 4501 | 0000 c4c1 | 797e ca47 
  0x0000022ab758f800: 8b4c d41c | 8b50 1c45 | 8b54 d40c | 4d8d 1cd4 | 413b ca0f | 839f 1200 | 0047 894c | 830c 83fd 
  0x0000022ab758f820: 040f 8e5f | feff ffc4 | c179 7eca | 478b 4cd4 | 2044 8b50 | 2043 8b54 | d40c 4f8d | 1cd4 3bca 
  0x0000022ab758f840: 0f83 7d12 | 0000 4789 | 4c83 0c83 | fd05 0f8e | 32fe ffff | 4c8b d649 | 83c2 fe4c | 63df 458b 
  0x0000022ab758f860: ca48 ffce | 8bd6 4c3b | de8b df0f | 4fda 4c63 | db4d 3bda | 410f 4fd9 | 83fb 050f | 8eb7 1200 
  0x0000022ab758f880: 0041 ba05 | 0000 0066 | 0f1f 8400 | 0000 0000 | 478b 4c95 | 1046 8b5c | 9010 438b | 54dc 0c49 
  0x0000022ab758f8a0: c1e3 033b | ca0f 833c | 0d00 0047 | 894c 830c | 468b 5c90 | 1447 8b4c | 9514 438b | 54dc 0c49 
  0x0000022ab758f8c0: c1e3 033b | ca0f 8319 | 0d00 0047 | 894c 830c | 4183 c202 | 443b d37c | b744 3bd7 | 7d61 6690 
  0x0000022ab758f8e0: 478b 4c95 | 1042 8b5c | 9010 418b | 54dc 0c4d | 8d1c dc3b | ca0f 83ec | 0c00 0047 | 894c 830c 
  0x0000022ab758f900: 418b daff | c33b dd0f | 8d79 fdff | ff47 8b4c | 9514 468b | 5c90 1443 | 8b54 dc0c | 49c1 e303 
  0x0000022ab758f920: 3bca 0f83 | 1813 0000 | 4789 4c83 | 0c41 83c2 | 0244 3bd5 | 0f8d 4cfd | ffff 443b | d77c a1c5 
  0x0000022ab758f940: f97e d3c4 | c1f9 7ed8 | 488b 7424 | 2044 3bd3 | 7d62 6690 | 443b d373 | 5bc4 c1f9 | 7ec3 458b 
  0x0000022ab758f960: 5b10 438b | 54dc 0c42 | 8b6c 9010 | 8bca 2b4c | 2438 ffc9 | 453b d60f | 83dc 0f00 | 0047 8b4c 
  0x0000022ab758f980: 9510 418b | 7cec 0c4d | 8d1c ec3b | cf0f 8354 | 0c00 0048 | 63ca 482b | ce45 894c | 8b0c 41ff 
  0x0000022ab758f9a0: c244 3bd2 | 0f8d e5fc | ffff 443b | d37c a5eb | 0345 33d2 | bae4 ffff | ff48 8b2c | 2444 8b5c 
  0x0000022ab758f9c0: 2408 4489 | 1c24 4c8b | 5c24 184c | 895c 2408 | 448b 4424 | 2844 8944 | 2404 448b | 4424 2c44 
  0x0000022ab758f9e0: 8944 2410 | c5fb 1144 | 2418 4889 | 4424 2844 | 8954 2430 | c5f8 77e8 | 0429 44f8 | 41f7 c001 
  0x0000022ab758fa00: 0000 000f | 84cc 0000 | 008b 4b0c | 85c9 0f86 | f010 0000 | 448b 4b10 | 438b 7ccc | 0c89 7c24 
  0x0000022ab758fa20: 1089 4c24 | 1444 895c | 242c 4489 | 5424 2848 | 895c 2420 | 8954 240c | 4489 4424 | 0848 ba08 
  0x0000022ab758fa40: 6d00 0008 | 0000 0044 | 8bc1 448b | cf66 6690 | c5f8 77e8 | 28ca 4ef8 | 448b 5c24 | 1441 ffcb 
  0x0000022ab758fa60: 443b 5c24 | 140f 8363 | 1000 0044 | 8b50 0c45 | 85d2 0f86 | 5610 0000 | 453b da0f | 834d 1000 
  0x0000022ab758fa80: 0044 8b74 | 2410 41ff | ce8b 5c24 | 10d1 fb4c | 6344 2410 | 8beb 83c5 | fe3b dd41 | ba00 0000 
  0x0000022ab758faa0: 8041 0f4c | ea4c 63d3 | 498b d049 | 2bd2 8bfb | ffc7 48ff | ca45 33ed | e910 0700 | 0044 8b44 
  0x0000022ab758fac0: 2408 8b54 | 240c c4e1 | f97e c344 | 8b54 2428 | 448b 5c24 | 2c41 f7c0 | 0200 0000 | 7508 488b 
  0x0000022ab758fae0: c3e9 72fa | ffff 8b6b | 0c85 ed0f | 8699 0f00 | 0044 8b4b | 1047 8b4c | cc0c 896c | 2428 4489 
  0x0000022ab758fb00: 5c24 1444 | 8954 2410 | 4889 5c24 | 2089 5424 | 0c44 8944 | 2408 48ba | 086d 0000 | 0800 0000 
  0x0000022ab758fb20: 448b c590 | c5f8 77e8 | 54c9 4ef8 | 448b 400c | 448b dd41 | d1fb 458b | d341 ffc2 | 4585 c00f 
  0x0000022ab758fb40: 86e9 0e00 | 0045 3bd8 | 0f83 e00e | 0000 4863 | ed49 63cb | 4c8b cd4c | 2bc9 49ff | c94c 3bcd 
  0x0000022ab758fb60: 0f83 c80e | 0000 8b4c | 2428 ffc9 | 3b4c 2428 | 0f83 b80e | 0000 4489 | 5424 2c4d | 63d0 4d3b 
  0x0000022ab758fb80: ca0f 83a2 | 0e00 0041 | 3bc8 0f83 | ec0e 0000 | 443b 5c24 | 280f 83e8 | 0e00 0045 | 33d2 e971 
  0x0000022ab758fba0: 0200 004c | 8bc6 e959 | 0100 000f | 1f44 0000 | 442b 5c24 | 1045 8bf3 | 41ff c644 | 8bde 453b 
  0x0000022ab758fbc0: f10f 83ee | 0a00 0045 | 8b54 cc10 | 478b 54d4 | 0c45 3bda | 0f83 6701 | 0000 c4c1 | f97e d245 
  0x0000022ab758fbe0: 8b54 9210 | 478b 44d4 | 0c49 c1e2 | 0345 3bf0 | 0f83 e60a | 0000 478b | 54b2 1041 | 83fa ff0f 
  0x0000022ab758fc00: 8432 0100 | 0045 8b44 | c40c 453b | d80f 83e5 | 0a00 0046 | 8954 9d10 | 4533 c0c4 | c1f9 7ed2 
  0x0000022ab758fc20: 418b 7210 | 458b 54f4 | 0c44 0354 | 2410 4d8b | b748 0300 | 0041 8bf3 | ffc6 4185 | 0641 3bf2 
  0x0000022ab758fc40: 0f8c 6aff | ffff 4d8b | 9748 0300 | 00ff c741 | 8502 3b3c | 240f 8df0 | 0000 00c4 | c1f9 7ec0 
  0x0000022ab758fc60: c4e1 f97e | cec5 f97e | da44 8b54 | 2410 448b | 5c24 1444 | 3b54 2408 | 0f8d 4501 | 0000 4489 
  0x0000022ab758fc80: 5c24 1444 | 8954 2410 | c5f9 6eda | c4e1 f96e | cec4 c1f9 | 6ec0 c4c1 | f97e e241 | 8b44 ba10 
  0x0000022ab758fca0: 8bd7 412b | d341 3bfd | 0f83 f5fe | ffff 448b | 5424 1044 | 3b54 2404 | 0f83 e5fe | ffff c4c1 
  0x0000022ab758fcc0: f97e d245 | 8b54 9210 | 478b 44d4 | 0c45 85c0 | 0f86 660b | 0000 478b | 54d4 1041 | 83fa ff0f 
  0x0000022ab758fce0: 8423 0600 | 0045 8b44 | c40c 448b | 5c24 1045 | 3bd8 0f83 | 050a 0000 | 4d8d 04c4 | 4789 5498 
  0x0000022ab758fd00: 1045 33c0 | c4c1 f97e | d245 8b52 | 1047 8b5c | d40c 4403 | 5c24 1041 | 3bdb 0f8d | 26ff ffff 
  0x0000022ab758fd20: 413b fd73 | 3c49 8d2c | c444 8bdb | 41be 0100 | 0000 e987 | feff ffc4 | c1f9 7ec8 | e9da feff 
  0x0000022ab758fd40: ffc4 c1f9 | 7ec8 e9d0 | feff ffc5 | f877 4883 | c460 5d49 | 3ba7 4003 | 0000 0f87 | 4812 0000 
  0x0000022ab758fd60: c344 8bdb | 41ba 0100 | 0000 eb12 | 0f1f 4000 | 442b 5c24 | 1045 8bd3 | 41ff c244 | 8bda 453b 
  0x0000022ab758fd80: d10f 832e | 0900 0045 | 3b64 cc10 | 0f84 9a0a | 0000 c4e1 | f97e d244 | 8b42 1047 | 8b54 c40c 
  0x0000022ab758fda0: 4403 5424 | 104d 8b87 | 4803 0000 | 418b d3ff | c241 8500 | 413b d27c | b7c4 c1f9 | 7ec8 e983 
  0x0000022ab758fdc0: feff ff44 | 895c 2414 | 4489 5424 | 10c5 f96e | dac4 e1f9 | 6ece c4c1 | f96e c04c | 8bc6 e963 
  0x0000022ab758fde0: feff ffc4 | c1f9 7ec3 | c4c1 797e | d2c4 e1f9 | 7ee0 c4e1 | f97e f54d | 8b87 4803 | 0000 41ff 
  0x0000022ab758fe00: c241 8500 | 443b 5424 | 2c0f 8d36 | f7ff ff4c | 895c 2420 | 4c8b 5c24 | 2045 8b43 | 1043 8b7c 
  0x0000022ab758fe20: c40c 85ff | 76d1 c5fb | 1044 2420 | c4c1 796e | d24d 63c2 | 4c8b dd4d | 2bd8 4c8b | 5424 2047 
  0x0000022ab758fe40: 8b54 9a0c | c4c1 796e | ca47 8b6c | d40c 468b | 5480 10c4 | c179 6eda | 478b 4cd4 | 0c4c 8b54 
  0x0000022ab758fe60: 2420 478b | 5482 10c4 | c179 6eea | 438b 4cd4 | 0c42 8b5c | 980c 458b | 74dc 0c45 | 85ed 0f86 
  0x0000022ab758fe80: 1e0a 0000 | 41ba 0100 | 0000 453b | d545 0f4f | d5c4 c179 | 7edb 4f8d | 04dc c4c1 | 797e cb4b 
  0x0000022ab758fea0: 8d14 dc41 | 8bf8 498d | 34dc c1ef | 02c4 c179 | 7eeb 49c1 | e303 83e7 | 0341 03fa | f7df 83e7 
  0x0000022ab758fec0: 0341 03fa | 413b fd41 | 0f4f fd45 | 33d2 eb0c | 448b d144 | 8b4c 2420 | 8b4c 2424 | 453b d50f 
  0x0000022ab758fee0: 8386 0100 | 00c5 f96e | fb89 4c24 | 2444 894c | 2420 c4e1 | f96e f5c4 | e1f9 6ee0 | 468b 4c92 
  0x0000022ab758ff00: 1044 3b54 | 2420 0f83 | 0808 0000 | 4789 4c90 | 1044 3bd1 | 0f83 5608 | 0000 478b | 4c93 1045 
  0x0000022ab758ff20: 3bd6 0f83 | a808 0000 | 4689 4c96 | 10c4 c1f9 | 7ec1 418b | 4910 458b | 4ccc 0c41 | 8bca ffc1 
  0x0000022ab758ff40: 413b c90f | 8d9a feff | ff3b cf0f | 8c7f ffff | ff49 63dd | 4963 c648 | 636c 2424 | 4863 7c24 
  0x0000022ab758ff60: 2048 3bdf | 418b fd0f | 4f7c 2420 | 4963 d94c | 63cf 4c3b | cd0f 4f7c | 2424 48ff | cb4c 63cf 
  0x0000022ab758ff80: 4c3b c841 | 0f4f fe44 | 8bcb 4863 | c748 3bc3 | 410f 4ff9 | 448b cf41 | 83c1 f941 | 3bf9 bf00 
  0x0000022ab758ffa0: 0000 8044 | 0f4c cf41 | 3bc9 0f8d | fa08 0000 | 41ff c20f | 1f80 0000 | 0000 660f | 1f44 0000 
  0x0000022ab758ffc0: c421 7a6f | 4492 10c4 | 017a 7f44 | 9010 c401 | 7a6f 4493 | 10c4 217a | 7f44 9610 | c421 7a6f 
  0x0000022ab758ffe0: 4492 20c4 | 017a 7f44 | 9020 c401 | 7a6f 4493 | 20c4 217a | 7f44 9620 | 4183 c208 | 453b d17c 
  0x0000022ab7590000: bf45 3bd5 | 7d59 6690 | 453b d573 | 5946 8b4c | 9210 443b | 5424 200f | 83f7 0600 | 0047 894c 
  0x0000022ab7590020: 9010 443b | 5424 240f | 8343 0700 | 0047 8b4c | 9310 453b | d60f 8395 | 0700 0046 | 894c 9610 
  0x0000022ab7590040: c4c1 f97e | c141 8b49 | 1045 8b4c | cc0c 41ff | c245 3bd1 | 0f8d 89fd | ffff 453b | d57c a9c4 
  0x0000022ab7590060: e1f9 7ee0 | eb05 c4e1 | f97e e0ba | e4ff ffff | 488b 2c24 | 448b 4424 | 0844 8904 | 244c 8b5c 
  0x0000022ab7590080: 2418 4c89 | 5c24 0844 | 8b44 2410 | 4489 4424 | 0444 8b5c | 2414 4489 | 5c24 10c5 | fb11 4424 
  0x0000022ab75900a0: 1848 8944 | 2420 4489 | 5424 2844 | 8954 242c | c5fa 1154 | 2430 c5fa | 115c 2434 | c5fa 114c 
  0x0000022ab75900c0: 2438 6690 | c5f8 77e8 | 3422 44f8 | 0f1f 4000 | 448b d942 | 8b5c 9f0c | 8b4c 2410 | 412b c949 
  0x0000022ab75900e0: 63d1 895c | 9010 8b5c | 9710 4289 | 5c98 0c49 | 8bd8 482b | da44 8b5c | 9f08 4489 | 5c90 1444 
  0x0000022ab7590100: 8b5c 9714 | 4489 5c98 | 0844 8b5c | 9f04 4489 | 5c90 1844 | 8b5c 9718 | 4489 5c98 | 0444 8b1c 
  0x0000022ab7590120: 9f44 895c | 901c 8b74 | 971c 8934 | 9883 c1fc | 4183 c104 | 453b ca7c | 974d 8b97 | 4803 0000 
  0x0000022ab7590140: 4185 0244 | 3bcd 7d2a | 448b d944 | 8bd5 452b | d141 3be9 | 440f 4c54 | 240c 4181 | faa0 0f00 
  0x0000022ab7590160: 00b9 a00f | 0000 440f | 47d1 4503 | d1e9 61ff | ffff c5f9 | 7ecb c4e1 | f97e d244 | 3b4c 2430 
  0x0000022ab7590180: 7d2a 6690 | 8b74 8f0c | 4289 7488 | 1042 8b74 | 8f10 8974 | 880c 418b | f1ff c63b | 7424 307d 
  0x0000022ab75901a0: 0b41 8bce | 412b c944 | 8bce ebd8 | 4d8b 9748 | 0300 0041 | ffc5 4185 | 0244 3b6c | 2414 0f8d 
  0x0000022ab75901c0: f9f8 ffff | c4e1 f97e | c08b 7c24 | 304c 8b54 | 2420 418b | 7210 85f6 | 0f84 6706 | 0000 478b 
  0x0000022ab75901e0: 4caa 1047 | 8b54 cc0c | 428b 4ca8 | 1045 8b5c | cc0c 897c | 2430 488b | fa8b d3c4 | e1f9 6ec0 
  0x0000022ab7590200: 4963 da48 | 3bfb 0f83 | 4806 0000 | 453b f20f | 833f 0600 | 0045 85db | 0f86 3606 | 0000 8bda 
  0x0000022ab7590220: 413b db0f | 832b 0600 | 0045 85d2 | 0f86 2206 | 0000 413b | da0f 8319 | 0600 004d | 63d3 488b 
  0x0000022ab7590240: d749 3bd2 | 0f83 0a06 | 0000 453b | f30f 8301 | 0600 0049 | 8d04 cc4b | 8d3c cc42 | 8b74 870c 
  0x0000022ab7590260: 4189 74cc | 1047 8b5c | cc10 4689 | 5c80 0c83 | fd01 0f8e | 1c06 0000 | 458b de41 | b901 0000 
  0x0000022ab7590280: 00c5 f96e | cbc4 e1f9 | 6ed2 e9bc | feff ffc4 | c1f9 7eda | 450f b652 | 1145 85d2 | 0f85 ca03 
  0x0000022ab75902a0: 0000 c4c1 | f97e da45 | 0fbe 5210 | 4585 d20f | 8593 0900 | 00c4 c1f9 | 7eda 418b | 6a14 418b 
  0x0000022ab75902c0: 7cec 0c85 | ff0f 86c8 | 0300 0044 | 8bc7 41ff | c844 3bc7 | 0f83 9e08 | 0000 450f | b65c ec10 
  0x0000022ab75902e0: 448b cf41 | 83c1 fd41 | 8bdb c1e3 | 0541 2bdb | 4d8d 04ec | 4183 f901 | 0f8e aa08 | 0000 be01 
  0x0000022ab7590300: 0000 0045 | 33db eb0d | 4c8b c6e9 | f4f9 ffff | c4c1 797e | e38b d72b | d683 c2fd | 443b ce41 
  0x0000022ab7590320: 0f4c d381 | faa0 0f00 | 0041 baa0 | 0f00 0041 | 0f47 d203 | d6c4 c179 | 6ee3 660f | 1f44 0000 
  0x0000022ab7590340: 4863 c645 | 0fb6 5400 | 1041 0fb6 | 6c00 1345 | 0fb6 5c00 | 1141 0fb6 | 4400 1241 | 03da 448b 
  0x0000022ab7590360: f341 c1e6 | 0544 2bf3 | 4503 f345 | 8bd6 41c1 | e205 452b | d644 03d0 | 458b da41 | c1e3 0545 
  0x0000022ab7590380: 2bda 4403 | dd41 8bdb | c1e3 0541 | 2bdb 83c6 | 043b f27c | ab49 8b87 | 4803 0000 | 8500 413b 
  0x0000022ab75903a0: f10f 8c69 | ffff ffc5 | f97e e23b | f77d 4145 | 0fb6 5c30 | 1041 03db | ffc6 3bf7 | 7d0f 448b 
  0x0000022ab75903c0: db41 c1e3 | 0544 2bdb | 418b dbeb | e285 db0f | 84c0 0200 | 00c4 c1f9 | 7eda 4189 | 5a0c 448b 
  0x0000022ab75903e0: d341 c1ea | 1044 33d3 | 4123 cae9 | cfee ffff | 418b dbeb | d843 8b6c | dc18 85ed | 0f84 b207 
  0x0000022ab7590400: 0000 478b | 4cdc 0841 | 81f9 98b0 | 1400 0f84 | c407 0000 | 4d8d 1cec | 458b 430c | 453b c20f 
  0x0000022ab7590420: 8517 0200 | 0045 8b43 | 104d 8bc8 | 49c1 e103 | c4e1 f97e | d94c 3bc9 | 0f84 12f0 | ffff 0fbe 
  0x0000022ab7590440: 5910 493b | c90f 8405 | f0ff ff47 | 8b4c c408 | 4181 f970 | e900 000f | 857f 0800 | 0049 c1e0 
  0x0000022ab7590460: 0341 0fbe | 6810 3bdd | 0f85 1608 | 0000 418b | 5814 448b | 4914 458b | 44dc 0c43 | 8b4c cc0c 
  0x0000022ab7590480: 413b c80f | 85d8 0000 | 004d 8d04 | dc49 8d74 | dc10 4f8d | 04cc 4b8d | 7ccc 1085 | c90f 84a5 
  0x0000022ab75904a0: 0000 008b | c183 e01f | 83e1 e00f | 844b 0000 | 0048 8d3c | 0f48 8d34 | 0e48 f7d9 | c5fe 6f2c 
  0x0000022ab75904c0: 0fc5 fe6f | 240e c5d5 | efec c4e2 | 7d17 ed0f | 857a 0000 | 0048 83c1 | 2075 e185 | c00f 8465 
  0x0000022ab75904e0: 0000 00c5 | fe6f 6c07 | e0c5 fe6f | 6406 e0c5 | d5ef ecc4 | e27d 17ed | 7555 eb4c | 8bc8 83e1 
  0x0000022ab7590500: fc74 1948 | 8d3c 0f48 | 8d34 0e48 | f7d9 8b1c | 0f3b 1c0e | 7539 4883 | c104 75f2 | f7c0 0200 
  0x0000022ab7590520: 0000 7412 | 0fb7 1f0f | b70e 3bd9 | 7521 488d | 7f02 488d | 7602 f7c0 | 0100 0000 | 740a 0fb6 
  0x0000022ab7590540: 1f0f b60e | 3bd9 7507 | b801 0000 | 00eb 0233 | c0c5 d5ef | edc5 ddef | e485 c00f | 85ef eeff 
  0x0000022ab7590560: ffba 45ff | ffff 488b | 2c24 c5fa | 1104 24c5 | fa11 4c24 | 04c5 fa11 | 5424 084c | 8b44 2418 
  0x0000022ab7590580: 4c89 4424 | 10c5 fb11 | 5c24 184c | 895c 2420 | 4489 5424 | 0c66 6690 | c5f8 77e8 | 601d 44f8 
  0x0000022ab75905a0: c57a 2cd9 | 4181 fb00 | 0000 8075 | 1048 83ec | 08c5 fa11 | 0c24 e838 | 0b3f f841 | 5be9 6def 
  0x0000022ab75905c0: ffff c57a | 2cd0 4181 | fa00 0000 | 8075 1048 | 83ec 08c5 | fa11 0424 | e816 0b3f | f841 5ae9 
  0x0000022ab75905e0: f1ee ffff | 41ff c2ba | e4ff ffff | 488b 2c24 | 448b 4424 | 0844 8904 | 244c 8b44 | 2418 4c89 
  0x0000022ab7590600: 4424 088b | 5c24 2889 | 5c24 0444 | 8b44 242c | 4489 4424 | 10c5 fb11 | 4424 1848 | 8944 2420 
  0x0000022ab7590620: 4489 5424 | 144c 895c | 2428 894c | 2430 4489 | 4c24 3490 | c5f8 77e8 | c41c 44f8 | 458b 5b18 
  0x0000022ab7590640: 4d8b 8748 | 0300 0041 | 8500 4585 | db0f 8461 | 0500 0049 | c1e3 03e9 | bcfd ffff | 41f7 dbe9 
  0x0000022ab7590660: c2ee ffff | 41f7 dae9 | 60ee ffff | 33c9 33d2 | 4533 d2e9 | 47ec ffff | 448b 4424 | 088b 5424 
  0x0000022ab7590680: 0c48 8bd8 | 448b 5424 | 2844 8b5c | 242c e969 | f3ff ff33 | d2c4 c1f9 | 7eda 41c6 | 4211 0133 
  0x0000022ab75906a0: c945 33d2 | e916 ecff | ff33 c933 | d245 33d2 | e90a ecff | ffba 45ff | ffff c4e1 | f97e c5c5 
  0x0000022ab75906c0: fb11 0c24 | c5fb 1154 | 2408 897c | 2418 4489 | 5c24 1c90 | c5f8 77e8 | 241c 44f8 | c4c1 796e 
  0x0000022ab75906e0: deba e6ff | ffff 498b | eac5 fa11 | 1c24 6690 | c5f8 77e8 | 081c 44f8 | 4489 5c24 | 10ba e6ff 
  0x0000022ab7590700: ffff 8be8 | 4489 5424 | 0466 6690 | c5f8 77e8 | ec1b 44f8 | bae4 ffff | ff48 8b2c | 2444 8b5c 
  0x0000022ab7590720: 2408 4489 | 1c24 4c8b | 5c24 184c | 895c 2408 | 448b 4424 | 1044 8944 | 2404 448b | 5c24 1444 
  0x0000022ab7590740: 895c 2410 | c5fb 1144 | 2418 c5fb | 1164 2420 | 4489 5424 | 2844 894c | 242c c5fa | 1154 2430 
  0x0000022ab7590760: c5fa 115c | 2434 6690 | c5f8 77e8 | 901b 44f8 | bae4 ffff | ff48 8b2c | 2444 8b44 | 2408 4489 
  0x0000022ab7590780: 0424 4c8b | 5c24 184c | 895c 2408 | 448b 5c24 | 1044 895c | 2404 448b | 4424 1444 | 8944 2410 
  0x0000022ab75907a0: c5fb 1144 | 2418 c5fb | 1164 2420 | 4489 5424 | 2844 8954 | 242c c5fa | 1154 2430 | c5fa 116c 
  0x0000022ab75907c0: 2434 c5fa | 117c 2438 | c5f8 77e8 | 301b 44f8 | bae4 ffff | ff48 8b2c | 2444 8b5c | 2408 4489 
  0x0000022ab75907e0: 1c24 4c8b | 5c24 184c | 895c 2408 | 448b 5c24 | 1044 895c | 2404 448b | 4424 1444 | 8944 2410 
  0x0000022ab7590800: c5fb 1144 | 2418 c5fb | 1164 2420 | 4489 5424 | 2844 894c | 242c c5fa | 1154 2430 | c5fa 117c 
  0x0000022ab7590820: 2434 6690 | c5f8 77e8 | d41a 44f8 | baf6 ffff | ff66 6690 | c5f8 77e8 | c41a 44f8 | 49c1 e203 
  0x0000022ab7590840: e99c feff | ffba f6ff | ffff 6690 | c5f8 77e8 | ac1a 44f8 | 418b 6cf4 | 0cd1 fdff | c5ba 76ff 
  0x0000022ab7590860: ffff 4c8b | 5424 184c | 8954 2410 | 448b 5c24 | 2844 895c | 240c 448b | 5424 2c44 | 8954 2418 
  0x0000022ab7590880: 4889 4424 | 2844 896c | 241c 6690 | c5f8 77e8 | 6c1a 44f8 | 418b ce41 | b901 0000 | 00e9 d9f8 
  0x0000022ab75908a0: ffff 4533 | d2e9 c1f7 | ffff 448b | d1e9 4ff7 | ffff bade | ffff ffc5 | fa11 4424 | 08c5 fa11 
  0x0000022ab75908c0: 4c24 0c44 | 894c 2410 | 4c89 4424 | 2066 6690 | c5f8 77e8 | 281a 44f8 | bae4 ffff | ff48 8b2c 
  0x0000022ab75908e0: 24c5 fa11 | 0c24 c5fa | 1154 2404 | 4c8b 5424 | 184c 8954 | 2408 c5fa | 1144 2418 | 4889 5c24 
  0x0000022ab7590900: 2066 6690 | c5f8 77e8 | f419 44f8 | 4c8b 0424 | 488b 7424 | 18ba beff | ffff 498b | e848 8934 
  0x0000022ab7590920: 2448 8944 | 2408 4489 | 5424 1044 | 895c 2418 | 4489 5c24 | 1c89 5c24 | 2066 6690 | c5f8 77e8 
  0x0000022ab7590940: bc19 44f8 | 4c8b 0424 | 488b 7424 | 18eb c648 | 8b74 2418 | ebbf 4533 | d2ba e4ff | ffff 4c8b 
  0x0000022ab7590960: 5c24 184c | 895c 2410 | 448b 4424 | 2844 8944 | 240c 448b | 4424 2c44 | 8944 2418 | c5fb 1144 
  0x0000022ab7590980: 2420 4889 | 4424 2889 | 4c24 3044 | 8954 2434 | c5fa 114c | 243c 6690 | c5f8 77e8 | 6019 44f8 
  0x0000022ab75909a0: ba45 ffff | ff48 8b2c | 24c5 fa11 | 0424 c5fa | 114c 2404 | 4489 4c24 | 0848 897c | 2410 4c89 
  0x0000022ab75909c0: 4424 1889 | 4c24 2044 | 895c 2424 | c5f8 77e8 | 2c19 44f8 | ba45 ffff | ff4c 8b4c | 2418 4c89 
  0x0000022ab75909e0: 4c24 0848 | 8944 2410 | 4489 5424 | 1844 895c | 241c 4489 | 4424 2090 | c5f8 77e8 | 0019 44f8 
  0x0000022ab7590a00: 4533 d2e9 | dffb ffff | 41ba 0100 | 0000 e93a | efff ff41 | ba01 0000 | 00e9 c9fb | ffff 41ba 
  0x0000022ab7590a20: 0200 0000 | e9be fbff | ff44 8b54 | 242c babe | ffff ff48 | 8b2c 2444 | 8b44 2408 | 4489 0424 
  0x0000022ab7590a40: 4c8b 5c24 | 184c 895c | 2408 448b | 5c24 1044 | 895c 2404 | 448b 4424 | 1444 8944 | 2410 4c8b 
  0x0000022ab7590a60: 5c24 204c | 895c 2418 | 4889 4424 | 2044 8954 | 2414 6690 | c5f8 77e8 | 8418 44f8 | 448b 5424 
  0x0000022ab7590a80: 2ceb ab44 | 8b54 242c | eba4 bae4 | ffff ff44 | 8944 2408 | 4c8b 4424 | 184c 8944 | 2410 4489 
  0x0000022ab7590aa0: 5424 0c44 | 895c 2418 | 4889 5c24 | 2866 6690 | c5f8 77e8 | 4818 44f8 | 41ba 0300 | 0000 e924 
  0x0000022ab7590ac0: fbff ff41 | ba04 0000 | 00e9 19fb | ffff babe | ffff ff48 | 8b2c 2444 | 8b5c 2408 | 4489 1c24 
  0x0000022ab7590ae0: 4c8b 5424 | 184c 8954 | 2408 4c8b | 5424 204c | 8954 2418 | 4889 4424 | 2066 6690 | c5f8 77e8 
  0x0000022ab7590b00: fc17 44f8 | bae4 ffff | ff48 8b2c | 2444 8904 | 244c 8b44 | 2418 4c89 | 4424 0844 | 8954 2404 
  0x0000022ab7590b20: 4489 5c24 | 1048 895c | 2420 894c | 2414 6690 | c5f8 77e8 | c817 44f8 | 41ba 0500 | 0000 e996 
  0x0000022ab7590b40: edff ffba | beff ffff | 488b 2c24 | 448b 5424 | 0844 8914 | 244c 8b54 | 2418 4c89 | 5424 084c 
  0x0000022ab7590b60: 8b54 2420 | 4c89 5424 | 1848 8944 | 2420 6690 | c5f8 77e8 | 8817 44f8 | ba76 ffff | ffc5 fa11 
  0x0000022ab7590b80: 4424 08c5 | fa11 4c24 | 0c44 894c | 2410 894c | 2414 4c89 | 5424 2889 | 7c24 3444 | 895c 2438 
  0x0000022ab7590ba0: c5f8 77e8 | 5817 44f8 | be01 0000 | 0033 d2e9 | f7f7 ffff | baf4 ffff | ff48 8b2c | 24c5 fa11 
  0x0000022ab7590bc0: 0424 c5fa | 114c 2404 | c5fa 1154 | 2408 6690 | c5f8 77e8 | 2817 44f8 | ba45 ffff | ffc5 fa11 
  0x0000022ab7590be0: 4424 08c5 | fa11 4c24 | 0cc5 fa11 | 5424 10c5 | fb11 5c24 | 2044 895c | 2414 4489 | 5424 2890 
  0x0000022ab7590c00: c5f8 77e8 | f816 44f8 | ba45 ffff | ffc5 fa11 | 4424 08c5 | fa11 4c24 | 0cc5 fa11 | 5424 10c5 
  0x0000022ab7590c20: fb11 5c24 | 2844 895c | 2414 4489 | 5424 304c | 8944 2438 | 894c 2434 | c5f8 77e8 | c016 44f8 
  0x0000022ab7590c40: 448b d3e9 | 9ff9 ffff | 4585 d240 | 0f95 c540 | 0fb6 ed83 | f501 ba45 | ffff ffc5 | fa11 4424 
  0x0000022ab7590c60: 08c5 fa11 | 4c24 0c44 | 894c 2410 | 894c 2414 | c5fb 115c | 2428 4489 | 5c24 3090 | c5f8 77e8 
  0x0000022ab7590c80: 7c16 44f8 | ba45 ffff | ffc5 fa11 | 4424 08c5 | fa11 4c24 | 0cc5 fa11 | 5424 10c5 | fb11 5c24 
  0x0000022ab7590ca0: 284c 895c | 2430 4489 | 5424 144c | 8944 2438 | 895c 2440 | c5f8 77e8 | 4416 44f8 | bade ffff 
  0x0000022ab7590cc0: ffc5 fa11 | 4424 08c5 | fa11 4c24 | 0cc5 fa11 | 5424 1090 | c5f8 77e8 | 2416 44f8 | bade ffff 
  0x0000022ab7590ce0: ff48 8b2c | 24c5 fa11 | 0424 c5fa | 114c 2404 | c5fa 1154 | 2408 4c8b | 4c24 184c | 894c 2410 
  0x0000022ab7590d00: c5fb 115c | 2420 4c89 | 5c24 2844 | 8954 240c | 4489 4424 | 3466 6690 | c5f8 77e8 | e015 44f8 
  0x0000022ab7590d20: bade ffff | ff48 8b2c | 24c5 fa11 | 0424 c5fa | 114c 2404 | c5fa 1154 | 2408 4c8b | 4424 184c 
  0x0000022ab7590d40: 8944 2410 | c5fb 115c | 2420 4489 | 5c24 0c44 | 8954 2428 | 4489 4c24 | 3066 6690 | c5f8 77e8 
  0x0000022ab7590d60: 9c15 44f8 | baf6 ffff | ff8b e944 | 890c 2490 | c5f8 77e8 | 8815 44f8 | baf6 ffff | ff66 6690 
  0x0000022ab7590d80: c5f8 77e8 | 7815 44f8 | c4c1 796e | deba f6ff | ffff c5f9 | 7edd 6690 | c5f8 77e8 | 6015 44f8 
  0x0000022ab7590da0: 4489 5c24 | 10ba f6ff | ffff 4489 | 1424 6690 | c5f8 77e8 | 4815 44f8 | baf6 ffff | ff66 6690 
  0x0000022ab7590dc0: c5f8 77e8 | 3815 44f8 | ba76 ffff | ff48 8b2c | 2444 8b54 | 2408 4489 | 1424 4c8b | 5424 184c 
  0x0000022ab7590de0: 8954 2408 | 448b 5424 | 1044 8954 | 2404 448b | 5c24 1444 | 895c 2410 | 48ff 7424 | 2048 8f44 
  0x0000022ab7590e00: 2418 4889 | 4424 20c5 | fa11 5424 | 1489 7c24 | 2866 6690 | c5f8 77e8 | e414 44f8 | baf6 ffff 
  0x0000022ab7590e20: ff66 6690 | c5f8 77e8 | d414 44f8 | 488b d0eb | 0848 8bd0 | eb03 488b | d0c5 f877 | 4883 c460 
  0x0000022ab7590e40: 5de9 3abf | 4ef8 baf6 | ffff ff49 | 8be8 6690 | c5f8 77e8 | a814 44f8 | baf6 ffff | ff66 6690 
  0x0000022ab7590e60: c5f8 77e8 | 9814 44f8 | baf6 ffff | ff66 6690 | c5f8 77e8 | 8814 44f8 | 488b 7424 | 18e9 93fa 
  0x0000022ab7590e80: ffff 488b | 7424 18e9 | 89fa ffff | baf6 ffff | ff66 6690 | c5f8 77e8 | 6414 44f8 | ba76 ffff 
  0x0000022ab7590ea0: ff48 8b2c | 2444 8b54 | 2408 4489 | 1424 4c8b | 5424 184c | 8954 2408 | 448b 5c24 | 2844 895c 
  0x0000022ab7590ec0: 2404 48ff | 7424 2048 | 8f44 2418 | 4889 4424 | 2044 896c | 2428 6690 | c5f8 77e8 | 2014 44f8 
  0x0000022ab7590ee0: baf6 ffff | ff66 6690 | c5f8 77e8 | 1014 44f8 | ba45 ffff | ff48 8b2c | 24c5 fa11 | 0424 c5fa 
  0x0000022ab7590f00: 114c 2404 | c5fa 1154 | 2408 4c8b | 4424 184c | 8944 2410 | c5fb 115c | 2420 4489 | 5c24 0c44 
  0x0000022ab7590f20: 8954 2428 | 4489 4c24 | 2c66 6690 | c5f8 77e8 | cc13 44f8 | baf6 ffff | ff66 6690 | c5f8 77e8 
  0x0000022ab7590f40: bc13 44f8 | baf6 ffff | ff66 6690 | c5f8 77e8 | ac13 44f8 | baf6 ffff | ff66 6690 | c5f8 77e8 
  0x0000022ab7590f60: 9c13 44f8 | ba45 ffff | ff48 8b2c | 24c5 fa11 | 0424 c5fa | 114c 2404 | c5fa 1154 | 2408 4c8b 
  0x0000022ab7590f80: 4c24 184c | 894c 2410 | c5fb 115c | 2420 4c89 | 5c24 2844 | 8954 240c | 4489 4424 | 3066 6690 
  0x0000022ab7590fa0: c5f8 77e8 | 5813 44f8 | 49ba 53fd | 58b7 2a02 | 0000 4d89 | 9758 0300 | 00e9 4224 | 44f8 f4f4 
  0x0000022ab7590fc0: e9bb 324e | f8e8 0000 | 0000 4883 | 2c24 05e9 | cc16 44f8 | f4f4 f4f4 
[/MachCode]
--------------------------------------------------------------------------------


---------------  P R O C E S S  ---------------

Threads class SMR info:
_java_thread_list=0x0000022acc7b1370, length=26, elements={
0x0000022acb4fa310, 0x0000022acb4fc870, 0x0000022acb512340, 0x0000022acb513d00,
0x0000022acb514e50, 0x0000022acb515fa0, 0x0000022acb5174d0, 0x0000022acb521e80,
0x0000022acb534f50, 0x0000022acc0f8270, 0x0000022acc104c70, 0x0000022acc145d60,
0x0000022acc14c6e0, 0x0000022aa7eae0d0, 0x0000022acc38d240, 0x0000022acc410090,
0x0000022acc4188c0, 0x0000022acc6bd2d0, 0x0000022acc6dc610, 0x0000022acc6df680,
0x0000022acc6df1b0, 0x0000022acc748b70, 0x0000022acc749080, 0x0000022acc742750,
0x0000022acc742c60, 0x0000022acc6dcb30
}

Java Threads: ( => current thread )
  0x0000022acb4fa310 JavaThread "Reference Handler" daemon [_thread_blocked, id=23640, stack(0x000000dfc4900000,0x000000dfc4a00000)]
  0x0000022acb4fc870 JavaThread "Finalizer" daemon [_thread_blocked, id=23316, stack(0x000000dfc4a00000,0x000000dfc4b00000)]
  0x0000022acb512340 JavaThread "Signal Dispatcher" daemon [_thread_blocked, id=23724, stack(0x000000dfc4b00000,0x000000dfc4c00000)]
  0x0000022acb513d00 JavaThread "Attach Listener" daemon [_thread_blocked, id=1412, stack(0x000000dfc4c00000,0x000000dfc4d00000)]
  0x0000022acb514e50 JavaThread "Service Thread" daemon [_thread_blocked, id=3844, stack(0x000000dfc4d00000,0x000000dfc4e00000)]
  0x0000022acb515fa0 JavaThread "Monitor Deflation Thread" daemon [_thread_blocked, id=7256, stack(0x000000dfc4e00000,0x000000dfc4f00000)]
  0x0000022acb5174d0 JavaThread "C2 CompilerThread0" daemon [_thread_blocked, id=23860, stack(0x000000dfc4f00000,0x000000dfc5000000)]
  0x0000022acb521e80 JavaThread "C1 CompilerThread0" daemon [_thread_blocked, id=7944, stack(0x000000dfc5000000,0x000000dfc5100000)]
  0x0000022acb534f50 JavaThread "Sweeper thread" daemon [_thread_blocked, id=10288, stack(0x000000dfc5100000,0x000000dfc5200000)]
  0x0000022acc0f8270 JavaThread "C1 CompilerThread1" daemon [_thread_blocked, id=18280, stack(0x000000dfc5200000,0x000000dfc5300000)]
  0x0000022acc104c70 JavaThread "C1 CompilerThread2" daemon [_thread_blocked, id=12172, stack(0x000000dfc5300000,0x000000dfc5400000)]
  0x0000022acc145d60 JavaThread "Notification Thread" daemon [_thread_blocked, id=22252, stack(0x000000dfc5400000,0x000000dfc5500000)]
  0x0000022acc14c6e0 JavaThread "Common-Cleaner" daemon [_thread_blocked, id=19752, stack(0x000000dfc5600000,0x000000dfc5700000)]
  0x0000022aa7eae0d0 JavaThread "DestroyJavaVM" [_thread_blocked, id=16584, stack(0x000000dfc4200000,0x000000dfc4300000)]
  0x0000022acc38d240 JavaThread "Java2D Disposer" daemon [_thread_blocked, id=7940, stack(0x000000dfc5800000,0x000000dfc5900000)]
  0x0000022acc410090 JavaThread "AWT-Shutdown" [_thread_blocked, id=23120, stack(0x000000dfc5a00000,0x000000dfc5b00000)]
  0x0000022acc4188c0 JavaThread "AWT-Windows" daemon [_thread_in_native, id=21740, stack(0x000000dfc5b00000,0x000000dfc5c00000)]
  0x0000022acc6bd2d0 JavaThread "AWT-EventQueue-0" [_thread_blocked, id=19052, stack(0x000000dfc6800000,0x000000dfc6900000)]
=>0x0000022acc6dc610 JavaThread "graphicsthread" [_thread_in_Java, id=23084, stack(0x000000dfc6900000,0x000000dfc6a00000)]
  0x0000022acc6df680 JavaThread "Thread-1" [_thread_in_Java, id=8244, stack(0x000000dfc6a00000,0x000000dfc6b00000)]
  0x0000022acc6df1b0 JavaThread "D3D Screen Updater" daemon [_thread_blocked, id=18880, stack(0x000000dfc5700000,0x000000dfc5800000)]
  0x0000022acc748b70 JavaThread "C2 CompilerThread1" daemon [_thread_blocked, id=9236, stack(0x000000dfc5900000,0x000000dfc5a00000)]
  0x0000022acc749080 JavaThread "C2 CompilerThread2" daemon [_thread_blocked, id=19912, stack(0x000000dfc6b00000,0x000000dfc6c00000)]
  0x0000022acc742750 JavaThread "C2 CompilerThread3" daemon [_thread_blocked, id=23560, stack(0x000000dfc6c00000,0x000000dfc6d00000)]
  0x0000022acc742c60 JavaThread "C2 CompilerThread4" daemon [_thread_blocked, id=24012, stack(0x000000dfc6d00000,0x000000dfc6e00000)]
  0x0000022acc6dcb30 JavaThread "gameupdatethread" [_thread_in_Java, id=21716, stack(0x000000dfc6e00000,0x000000dfc6f00000)]

Other Threads:
  0x0000022acb4f33b0 VMThread "VM Thread" [stack: 0x000000dfc4800000,0x000000dfc4900000] [id=20728]
  0x0000022acc14ac60 WatcherThread [stack: 0x000000dfc5500000,0x000000dfc5600000] [id=12516]
  0x0000022aa7efb9f0 GCTaskThread "GC Thread#0" [stack: 0x000000dfc4300000,0x000000dfc4400000] [id=22684]
  0x0000022acc75a5f0 GCTaskThread "GC Thread#1" [stack: 0x000000dfc6f00000,0x000000dfc7000000] [id=20212]
  0x0000022acc7a7d70 GCTaskThread "GC Thread#2" [stack: 0x000000dfc7000000,0x000000dfc7100000] [id=12972]
  0x0000022acc7a8020 GCTaskThread "GC Thread#3" [stack: 0x000000dfc7100000,0x000000dfc7200000] [id=21196]
  0x0000022acc727590 GCTaskThread "GC Thread#4" [stack: 0x000000dfc7200000,0x000000dfc7300000] [id=16388]
  0x0000022acc727c50 GCTaskThread "GC Thread#5" [stack: 0x000000dfc7300000,0x000000dfc7400000] [id=21112]
  0x0000022acc728110 GCTaskThread "GC Thread#6" [stack: 0x000000dfc7400000,0x000000dfc7500000] [id=5348]
  0x0000022acc822750 GCTaskThread "GC Thread#7" [stack: 0x000000dfc7500000,0x000000dfc7600000] [id=19688]
  0x0000022acc822a00 GCTaskThread "GC Thread#8" [stack: 0x000000dfc7600000,0x000000dfc7700000] [id=14272]
  0x0000022acc9a56e0 GCTaskThread "GC Thread#9" [stack: 0x000000dfc7700000,0x000000dfc7800000] [id=1536]
  0x0000022acc9a5990 GCTaskThread "GC Thread#10" [stack: 0x000000dfc7800000,0x000000dfc7900000] [id=8452]
  0x0000022acc9a6700 GCTaskThread "GC Thread#11" [stack: 0x000000dfc7900000,0x000000dfc7a00000] [id=22024]
  0x0000022aa7f0d3d0 ConcurrentGCThread "G1 Main Marker" [stack: 0x000000dfc4400000,0x000000dfc4500000] [id=4952]
  0x0000022aa7f0f590 ConcurrentGCThread "G1 Conc#0" [stack: 0x000000dfc4500000,0x000000dfc4600000] [id=21952]
  0x0000022aa7f7b3d0 ConcurrentGCThread "G1 Refine#0" [stack: 0x000000dfc4600000,0x000000dfc4700000] [id=20932]
  0x0000022aa7f7bcf0 ConcurrentGCThread "G1 Service" [stack: 0x000000dfc4700000,0x000000dfc4800000] [id=21880]

Threads with active compile tasks:

VM state: not at safepoint (normal execution)

VM Mutex/Monitor currently owned by a thread: None

Heap address: 0x0000000709600000, size: 3946 MB, Compressed Oops mode: Zero based, Oop shift amount: 3

CDS archive(s) mapped at: [0x0000000800000000-0x0000000800bc0000-0x0000000800bc0000), size 12320768, SharedBaseAddress: 0x0000000800000000, ArchiveRelocationMode: 0.
Compressed class space mapped at: 0x0000000800c00000-0x0000000840c00000, reserved size: 1073741824
Narrow klass base: 0x0000000800000000, Narrow klass shift: 0, Narrow klass range: 0x100000000

GC Precious Log:
 CPUs: 16 total, 16 available
 Memory: 15776M
 Large Page Support: Disabled
 NUMA Support: Disabled
 Compressed Oops: Enabled (Zero based)
 Heap Region Size: 2M
 Heap Min Capacity: 8M
 Heap Initial Capacity: 248M
 Heap Max Capacity: 3946M
 Pre-touch: Disabled
 Parallel Workers: 13
 Concurrent Workers: 3
 Concurrent Refinement Workers: 13
 Periodic GC: Disabled

Heap:
 garbage-first heap   total 253952K, used 15886K [0x0000000709600000, 0x0000000800000000)
  region size 2048K, 6 young (12288K), 2 survivors (4096K)
 Metaspace       used 6996K, committed 7168K, reserved 1056768K
  class space    used 751K, committed 832K, reserved 1048576K

Heap Regions: E=young(eden), S=young(survivor), O=old, HS=humongous(starts), HC=humongous(continues), CS=collection set, F=free, OA=open archive, CA=closed archive, TAMS=top-at-mark-start (previous, next)
|   0|0x0000000709600000, 0x0000000709800000, 0x0000000709800000|100%|HS|  |TAMS 0x0000000709600000, 0x0000000709600000| Complete 
|   1|0x0000000709800000, 0x0000000709a00000, 0x0000000709a00000|100%|HC|  |TAMS 0x0000000709800000, 0x0000000709800000| Complete 
|   2|0x0000000709a00000, 0x0000000709b83a00, 0x0000000709c00000| 75%| O|  |TAMS 0x0000000709a00000, 0x0000000709a00000| Untracked 
|   3|0x0000000709c00000, 0x0000000709c00000, 0x0000000709e00000|  0%| F|  |TAMS 0x0000000709c00000, 0x0000000709c00000| Untracked 
|   4|0x0000000709e00000, 0x0000000709e00000, 0x000000070a000000|  0%| F|  |TAMS 0x0000000709e00000, 0x0000000709e00000| Untracked 
|   5|0x000000070a000000, 0x000000070a000000, 0x000000070a200000|  0%| F|  |TAMS 0x000000070a000000, 0x000000070a000000| Untracked 
|   6|0x000000070a200000, 0x000000070a200000, 0x000000070a400000|  0%| F|  |TAMS 0x000000070a200000, 0x000000070a200000| Untracked 
|   7|0x000000070a400000, 0x000000070a400000, 0x000000070a600000|  0%| F|  |TAMS 0x000000070a400000, 0x000000070a400000| Untracked 
|   8|0x000000070a600000, 0x000000070a600000, 0x000000070a800000|  0%| F|  |TAMS 0x000000070a600000, 0x000000070a600000| Untracked 
|   9|0x000000070a800000, 0x000000070a800000, 0x000000070aa00000|  0%| F|  |TAMS 0x000000070a800000, 0x000000070a800000| Untracked 
|  10|0x000000070aa00000, 0x000000070aa00000, 0x000000070ac00000|  0%| F|  |TAMS 0x000000070aa00000, 0x000000070aa00000| Untracked 
|  11|0x000000070ac00000, 0x000000070ac00000, 0x000000070ae00000|  0%| F|  |TAMS 0x000000070ac00000, 0x000000070ac00000| Untracked 
|  12|0x000000070ae00000, 0x000000070ae00000, 0x000000070b000000|  0%| F|  |TAMS 0x000000070ae00000, 0x000000070ae00000| Untracked 
|  13|0x000000070b000000, 0x000000070b000000, 0x000000070b200000|  0%| F|  |TAMS 0x000000070b000000, 0x000000070b000000| Untracked 
|  14|0x000000070b200000, 0x000000070b200000, 0x000000070b400000|  0%| F|  |TAMS 0x000000070b200000, 0x000000070b200000| Untracked 
|  15|0x000000070b400000, 0x000000070b400000, 0x000000070b600000|  0%| F|  |TAMS 0x000000070b400000, 0x000000070b400000| Untracked 
|  16|0x000000070b600000, 0x000000070b600000, 0x000000070b800000|  0%| F|  |TAMS 0x000000070b600000, 0x000000070b600000| Untracked 
|  17|0x000000070b800000, 0x000000070b800000, 0x000000070ba00000|  0%| F|  |TAMS 0x000000070b800000, 0x000000070b800000| Untracked 
|  18|0x000000070ba00000, 0x000000070ba00000, 0x000000070bc00000|  0%| F|  |TAMS 0x000000070ba00000, 0x000000070ba00000| Untracked 
|  19|0x000000070bc00000, 0x000000070bc00000, 0x000000070be00000|  0%| F|  |TAMS 0x000000070bc00000, 0x000000070bc00000| Untracked 
|  20|0x000000070be00000, 0x000000070be00000, 0x000000070c000000|  0%| F|  |TAMS 0x000000070be00000, 0x000000070be00000| Untracked 
|  21|0x000000070c000000, 0x000000070c000000, 0x000000070c200000|  0%| F|  |TAMS 0x000000070c000000, 0x000000070c000000| Untracked 
|  22|0x000000070c200000, 0x000000070c200000, 0x000000070c400000|  0%| F|  |TAMS 0x000000070c200000, 0x000000070c200000| Untracked 
|  23|0x000000070c400000, 0x000000070c400000, 0x000000070c600000|  0%| F|  |TAMS 0x000000070c400000, 0x000000070c400000| Untracked 
|  24|0x000000070c600000, 0x000000070c600000, 0x000000070c800000|  0%| F|  |TAMS 0x000000070c600000, 0x000000070c600000| Untracked 
|  25|0x000000070c800000, 0x000000070c800000, 0x000000070ca00000|  0%| F|  |TAMS 0x000000070c800000, 0x000000070c800000| Untracked 
|  26|0x000000070ca00000, 0x000000070ca00000, 0x000000070cc00000|  0%| F|  |TAMS 0x000000070ca00000, 0x000000070ca00000| Untracked 
|  27|0x000000070cc00000, 0x000000070cc00000, 0x000000070ce00000|  0%| F|  |TAMS 0x000000070cc00000, 0x000000070cc00000| Untracked 
|  28|0x000000070ce00000, 0x000000070ce00000, 0x000000070d000000|  0%| F|  |TAMS 0x000000070ce00000, 0x000000070ce00000| Untracked 
|  29|0x000000070d000000, 0x000000070d000000, 0x000000070d200000|  0%| F|  |TAMS 0x000000070d000000, 0x000000070d000000| Untracked 
|  30|0x000000070d200000, 0x000000070d200000, 0x000000070d400000|  0%| F|  |TAMS 0x000000070d200000, 0x000000070d200000| Untracked 
|  31|0x000000070d400000, 0x000000070d400000, 0x000000070d600000|  0%| F|  |TAMS 0x000000070d400000, 0x000000070d400000| Untracked 
|  32|0x000000070d600000, 0x000000070d600000, 0x000000070d800000|  0%| F|  |TAMS 0x000000070d600000, 0x000000070d600000| Untracked 
|  33|0x000000070d800000, 0x000000070d800000, 0x000000070da00000|  0%| F|  |TAMS 0x000000070d800000, 0x000000070d800000| Untracked 
|  34|0x000000070da00000, 0x000000070da00000, 0x000000070dc00000|  0%| F|  |TAMS 0x000000070da00000, 0x000000070da00000| Untracked 
|  35|0x000000070dc00000, 0x000000070dc00000, 0x000000070de00000|  0%| F|  |TAMS 0x000000070dc00000, 0x000000070dc00000| Untracked 
|  36|0x000000070de00000, 0x000000070de00000, 0x000000070e000000|  0%| F|  |TAMS 0x000000070de00000, 0x000000070de00000| Untracked 
|  37|0x000000070e000000, 0x000000070e000000, 0x000000070e200000|  0%| F|  |TAMS 0x000000070e000000, 0x000000070e000000| Untracked 
|  38|0x000000070e200000, 0x000000070e200000, 0x000000070e400000|  0%| F|  |TAMS 0x000000070e200000, 0x000000070e200000| Untracked 
|  39|0x000000070e400000, 0x000000070e400000, 0x000000070e600000|  0%| F|  |TAMS 0x000000070e400000, 0x000000070e400000| Untracked 
|  40|0x000000070e600000, 0x000000070e600000, 0x000000070e800000|  0%| F|  |TAMS 0x000000070e600000, 0x000000070e600000| Untracked 
|  41|0x000000070e800000, 0x000000070e800000, 0x000000070ea00000|  0%| F|  |TAMS 0x000000070e800000, 0x000000070e800000| Untracked 
|  42|0x000000070ea00000, 0x000000070ea00000, 0x000000070ec00000|  0%| F|  |TAMS 0x000000070ea00000, 0x000000070ea00000| Untracked 
|  43|0x000000070ec00000, 0x000000070ec00000, 0x000000070ee00000|  0%| F|  |TAMS 0x000000070ec00000, 0x000000070ec00000| Untracked 
|  44|0x000000070ee00000, 0x000000070ee00000, 0x000000070f000000|  0%| F|  |TAMS 0x000000070ee00000, 0x000000070ee00000| Untracked 
|  45|0x000000070f000000, 0x000000070f000000, 0x000000070f200000|  0%| F|  |TAMS 0x000000070f000000, 0x000000070f000000| Untracked 
|  46|0x000000070f200000, 0x000000070f200000, 0x000000070f400000|  0%| F|  |TAMS 0x000000070f200000, 0x000000070f200000| Untracked 
|  47|0x000000070f400000, 0x000000070f400000, 0x000000070f600000|  0%| F|  |TAMS 0x000000070f400000, 0x000000070f400000| Untracked 
|  48|0x000000070f600000, 0x000000070f600000, 0x000000070f800000|  0%| F|  |TAMS 0x000000070f600000, 0x000000070f600000| Untracked 
|  49|0x000000070f800000, 0x000000070f800000, 0x000000070fa00000|  0%| F|  |TAMS 0x000000070f800000, 0x000000070f800000| Untracked 
|  50|0x000000070fa00000, 0x000000070fa00000, 0x000000070fc00000|  0%| F|  |TAMS 0x000000070fa00000, 0x000000070fa00000| Untracked 
|  51|0x000000070fc00000, 0x000000070fc00000, 0x000000070fe00000|  0%| F|  |TAMS 0x000000070fc00000, 0x000000070fc00000| Untracked 
|  52|0x000000070fe00000, 0x000000070fe00000, 0x0000000710000000|  0%| F|  |TAMS 0x000000070fe00000, 0x000000070fe00000| Untracked 
|  53|0x0000000710000000, 0x0000000710000000, 0x0000000710200000|  0%| F|  |TAMS 0x0000000710000000, 0x0000000710000000| Untracked 
|  54|0x0000000710200000, 0x0000000710200000, 0x0000000710400000|  0%| F|  |TAMS 0x0000000710200000, 0x0000000710200000| Untracked 
|  55|0x0000000710400000, 0x0000000710400000, 0x0000000710600000|  0%| F|  |TAMS 0x0000000710400000, 0x0000000710400000| Untracked 
|  56|0x0000000710600000, 0x0000000710600000, 0x0000000710800000|  0%| F|  |TAMS 0x0000000710600000, 0x0000000710600000| Untracked 
|  57|0x0000000710800000, 0x0000000710800000, 0x0000000710a00000|  0%| F|  |TAMS 0x0000000710800000, 0x0000000710800000| Untracked 
|  58|0x0000000710a00000, 0x0000000710a00000, 0x0000000710c00000|  0%| F|  |TAMS 0x0000000710a00000, 0x0000000710a00000| Untracked 
|  59|0x0000000710c00000, 0x0000000710c00000, 0x0000000710e00000|  0%| F|  |TAMS 0x0000000710c00000, 0x0000000710c00000| Untracked 
|  60|0x0000000710e00000, 0x0000000710e00000, 0x0000000711000000|  0%| F|  |TAMS 0x0000000710e00000, 0x0000000710e00000| Untracked 
|  61|0x0000000711000000, 0x0000000711000000, 0x0000000711200000|  0%| F|  |TAMS 0x0000000711000000, 0x0000000711000000| Untracked 
|  62|0x0000000711200000, 0x0000000711200000, 0x0000000711400000|  0%| F|  |TAMS 0x0000000711200000, 0x0000000711200000| Untracked 
|  63|0x0000000711400000, 0x0000000711400000, 0x0000000711600000|  0%| F|  |TAMS 0x0000000711400000, 0x0000000711400000| Untracked 
|  64|0x0000000711600000, 0x0000000711600000, 0x0000000711800000|  0%| F|  |TAMS 0x0000000711600000, 0x0000000711600000| Untracked 
|  65|0x0000000711800000, 0x0000000711800000, 0x0000000711a00000|  0%| F|  |TAMS 0x0000000711800000, 0x0000000711800000| Untracked 
|  66|0x0000000711a00000, 0x0000000711a00000, 0x0000000711c00000|  0%| F|  |TAMS 0x0000000711a00000, 0x0000000711a00000| Untracked 
|  67|0x0000000711c00000, 0x0000000711c00000, 0x0000000711e00000|  0%| F|  |TAMS 0x0000000711c00000, 0x0000000711c00000| Untracked 
|  68|0x0000000711e00000, 0x0000000711e00000, 0x0000000712000000|  0%| F|  |TAMS 0x0000000711e00000, 0x0000000711e00000| Untracked 
|  69|0x0000000712000000, 0x0000000712000000, 0x0000000712200000|  0%| F|  |TAMS 0x0000000712000000, 0x0000000712000000| Untracked 
|  70|0x0000000712200000, 0x0000000712200000, 0x0000000712400000|  0%| F|  |TAMS 0x0000000712200000, 0x0000000712200000| Untracked 
|  71|0x0000000712400000, 0x0000000712400000, 0x0000000712600000|  0%| F|  |TAMS 0x0000000712400000, 0x0000000712400000| Untracked 
|  72|0x0000000712600000, 0x0000000712600000, 0x0000000712800000|  0%| F|  |TAMS 0x0000000712600000, 0x0000000712600000| Untracked 
|  73|0x0000000712800000, 0x0000000712800000, 0x0000000712a00000|  0%| F|  |TAMS 0x0000000712800000, 0x0000000712800000| Untracked 
|  74|0x0000000712a00000, 0x0000000712a00000, 0x0000000712c00000|  0%| F|  |TAMS 0x0000000712a00000, 0x0000000712a00000| Untracked 
|  75|0x0000000712c00000, 0x0000000712c00000, 0x0000000712e00000|  0%| F|  |TAMS 0x0000000712c00000, 0x0000000712c00000| Untracked 
|  76|0x0000000712e00000, 0x0000000712e00000, 0x0000000713000000|  0%| F|  |TAMS 0x0000000712e00000, 0x0000000712e00000| Untracked 
|  77|0x0000000713000000, 0x0000000713000000, 0x0000000713200000|  0%| F|  |TAMS 0x0000000713000000, 0x0000000713000000| Untracked 
|  78|0x0000000713200000, 0x0000000713200000, 0x0000000713400000|  0%| F|  |TAMS 0x0000000713200000, 0x0000000713200000| Untracked 
|  79|0x0000000713400000, 0x0000000713400000, 0x0000000713600000|  0%| F|  |TAMS 0x0000000713400000, 0x0000000713400000| Untracked 
|  80|0x0000000713600000, 0x0000000713600000, 0x0000000713800000|  0%| F|  |TAMS 0x0000000713600000, 0x0000000713600000| Untracked 
|  81|0x0000000713800000, 0x0000000713800000, 0x0000000713a00000|  0%| F|  |TAMS 0x0000000713800000, 0x0000000713800000| Untracked 
|  82|0x0000000713a00000, 0x0000000713a00000, 0x0000000713c00000|  0%| F|  |TAMS 0x0000000713a00000, 0x0000000713a00000| Untracked 
|  83|0x0000000713c00000, 0x0000000713c00000, 0x0000000713e00000|  0%| F|  |TAMS 0x0000000713c00000, 0x0000000713c00000| Untracked 
|  84|0x0000000713e00000, 0x0000000713e00000, 0x0000000714000000|  0%| F|  |TAMS 0x0000000713e00000, 0x0000000713e00000| Untracked 
|  85|0x0000000714000000, 0x0000000714000000, 0x0000000714200000|  0%| F|  |TAMS 0x0000000714000000, 0x0000000714000000| Untracked 
|  86|0x0000000714200000, 0x0000000714200000, 0x0000000714400000|  0%| F|  |TAMS 0x0000000714200000, 0x0000000714200000| Untracked 
|  87|0x0000000714400000, 0x0000000714400000, 0x0000000714600000|  0%| F|  |TAMS 0x0000000714400000, 0x0000000714400000| Untracked 
|  88|0x0000000714600000, 0x0000000714600000, 0x0000000714800000|  0%| F|  |TAMS 0x0000000714600000, 0x0000000714600000| Untracked 
|  89|0x0000000714800000, 0x0000000714800000, 0x0000000714a00000|  0%| F|  |TAMS 0x0000000714800000, 0x0000000714800000| Untracked 
|  90|0x0000000714a00000, 0x0000000714a00000, 0x0000000714c00000|  0%| F|  |TAMS 0x0000000714a00000, 0x0000000714a00000| Untracked 
|  91|0x0000000714c00000, 0x0000000714c00000, 0x0000000714e00000|  0%| F|  |TAMS 0x0000000714c00000, 0x0000000714c00000| Untracked 
|  92|0x0000000714e00000, 0x0000000714e00000, 0x0000000715000000|  0%| F|  |TAMS 0x0000000714e00000, 0x0000000714e00000| Untracked 
|  93|0x0000000715000000, 0x0000000715000000, 0x0000000715200000|  0%| F|  |TAMS 0x0000000715000000, 0x0000000715000000| Untracked 
|  94|0x0000000715200000, 0x0000000715200000, 0x0000000715400000|  0%| F|  |TAMS 0x0000000715200000, 0x0000000715200000| Untracked 
|  95|0x0000000715400000, 0x0000000715400000, 0x0000000715600000|  0%| F|  |TAMS 0x0000000715400000, 0x0000000715400000| Untracked 
|  96|0x0000000715600000, 0x0000000715600000, 0x0000000715800000|  0%| F|  |TAMS 0x0000000715600000, 0x0000000715600000| Untracked 
|  97|0x0000000715800000, 0x0000000715800000, 0x0000000715a00000|  0%| F|  |TAMS 0x0000000715800000, 0x0000000715800000| Untracked 
|  98|0x0000000715a00000, 0x0000000715a00000, 0x0000000715c00000|  0%| F|  |TAMS 0x0000000715a00000, 0x0000000715a00000| Untracked 
|  99|0x0000000715c00000, 0x0000000715c00000, 0x0000000715e00000|  0%| F|  |TAMS 0x0000000715c00000, 0x0000000715c00000| Untracked 
| 100|0x0000000715e00000, 0x0000000715e00000, 0x0000000716000000|  0%| F|  |TAMS 0x0000000715e00000, 0x0000000715e00000| Untracked 
| 101|0x0000000716000000, 0x0000000716000000, 0x0000000716200000|  0%| F|  |TAMS 0x0000000716000000, 0x0000000716000000| Untracked 
| 102|0x0000000716200000, 0x0000000716200000, 0x0000000716400000|  0%| F|  |TAMS 0x0000000716200000, 0x0000000716200000| Untracked 
| 103|0x0000000716400000, 0x0000000716400000, 0x0000000716600000|  0%| F|  |TAMS 0x0000000716400000, 0x0000000716400000| Untracked 
| 104|0x0000000716600000, 0x0000000716600000, 0x0000000716800000|  0%| F|  |TAMS 0x0000000716600000, 0x0000000716600000| Untracked 
| 105|0x0000000716800000, 0x0000000716800000, 0x0000000716a00000|  0%| F|  |TAMS 0x0000000716800000, 0x0000000716800000| Untracked 
| 106|0x0000000716a00000, 0x0000000716a00000, 0x0000000716c00000|  0%| F|  |TAMS 0x0000000716a00000, 0x0000000716a00000| Untracked 
| 107|0x0000000716c00000, 0x0000000716c00000, 0x0000000716e00000|  0%| F|  |TAMS 0x0000000716c00000, 0x0000000716c00000| Untracked 
| 108|0x0000000716e00000, 0x0000000716e00000, 0x0000000717000000|  0%| F|  |TAMS 0x0000000716e00000, 0x0000000716e00000| Untracked 
| 109|0x0000000717000000, 0x0000000717000000, 0x0000000717200000|  0%| F|  |TAMS 0x0000000717000000, 0x0000000717000000| Untracked 
| 110|0x0000000717200000, 0x0000000717200000, 0x0000000717400000|  0%| F|  |TAMS 0x0000000717200000, 0x0000000717200000| Untracked 
| 111|0x0000000717400000, 0x0000000717600000, 0x0000000717600000|100%| S|CS|TAMS 0x0000000717400000, 0x0000000717400000| Complete 
| 112|0x0000000717600000, 0x0000000717800000, 0x0000000717800000|100%| S|CS|TAMS 0x0000000717600000, 0x0000000717600000| Complete 
| 113|0x0000000717800000, 0x0000000717800000, 0x0000000717a00000|  0%| F|  |TAMS 0x0000000717800000, 0x0000000717800000| Untracked 
| 114|0x0000000717a00000, 0x0000000717a00000, 0x0000000717c00000|  0%| F|  |TAMS 0x0000000717a00000, 0x0000000717a00000| Untracked 
| 115|0x0000000717c00000, 0x0000000717c00000, 0x0000000717e00000|  0%| F|  |TAMS 0x0000000717c00000, 0x0000000717c00000| Untracked 
| 116|0x0000000717e00000, 0x0000000717e00000, 0x0000000718000000|  0%| F|  |TAMS 0x0000000717e00000, 0x0000000717e00000| Untracked 
| 117|0x0000000718000000, 0x0000000718000000, 0x0000000718200000|  0%| F|  |TAMS 0x0000000718000000, 0x0000000718000000| Untracked 
| 118|0x0000000718200000, 0x0000000718200000, 0x0000000718400000|  0%| F|  |TAMS 0x0000000718200000, 0x0000000718200000| Untracked 
| 119|0x0000000718400000, 0x0000000718400000, 0x0000000718600000|  0%| F|  |TAMS 0x0000000718400000, 0x0000000718400000| Untracked 
| 120|0x0000000718600000, 0x0000000718794250, 0x0000000718800000| 78%| E|  |TAMS 0x0000000718600000, 0x0000000718600000| Complete 
| 121|0x0000000718800000, 0x0000000718a00000, 0x0000000718a00000|100%| E|CS|TAMS 0x0000000718800000, 0x0000000718800000| Complete 
| 122|0x0000000718a00000, 0x0000000718c00000, 0x0000000718c00000|100%| E|CS|TAMS 0x0000000718a00000, 0x0000000718a00000| Complete 
| 123|0x0000000718c00000, 0x0000000718e00000, 0x0000000718e00000|100%| E|CS|TAMS 0x0000000718c00000, 0x0000000718c00000| Complete 

Card table byte_map: [0x0000022abf9d0000,0x0000022ac0190000] _byte_map_base: 0x0000022abc185000

Marking Bits (Prev, Next): (CMBitMap*) 0x0000022aa7efd410, (CMBitMap*) 0x0000022aa7efd450
 Prev Bits: [0x0000022ac0950000, 0x0000022ac46f8000)
 Next Bits: [0x0000022ac4700000, 0x0000022ac84a8000)

Polling page: 0x0000022aa7690000

Metaspace:

Usage:
  Non-class:      6.10 MB used.
      Class:    751.91 KB used.
       Both:      6.83 MB used.

Virtual space:
  Non-class space:        8.00 MB reserved,       6.19 MB ( 77%) committed,  1 nodes.
      Class space:        1.00 GB reserved,     832.00 KB ( <1%) committed,  1 nodes.
             Both:        1.01 GB reserved,       7.00 MB ( <1%) committed. 

Chunk freelists:
   Non-Class:  1.86 MB
       Class:  3.22 MB
        Both:  5.08 MB

MaxMetaspaceSize: unlimited
CompressedClassSpaceSize: 1.00 GB
Initial GC threshold: 21.00 MB
Current GC threshold: 21.00 MB
CDS: on
MetaspaceReclaimPolicy: balanced
 - commit_granule_bytes: 65536.
 - commit_granule_words: 8192.
 - virtual_space_node_default_size: 1048576.
 - enlarge_chunks_in_place: 1.
 - new_chunks_are_fully_committed: 0.
 - uncommit_free_chunks: 1.
 - use_allocation_guard: 0.
 - handle_deallocations: 1.


Internal statistics:

num_allocs_failed_limit: 0.
num_arena_births: 128.
num_arena_deaths: 0.
num_vsnodes_births: 2.
num_vsnodes_deaths: 0.
num_space_committed: 112.
num_space_uncommitted: 0.
num_chunks_returned_to_freelist: 0.
num_chunks_taken_from_freelist: 178.
num_chunk_merges: 0.
num_chunk_splits: 106.
num_chunks_enlarged: 52.
num_purges: 0.
num_inconsistent_stats: 0.

CodeHeap 'non-profiled nmethods': size=119168Kb used=462Kb max_used=462Kb free=118705Kb
 bounds [0x0000022ab7520000, 0x0000022ab7790000, 0x0000022abe980000]
CodeHeap 'profiled nmethods': size=119104Kb used=1646Kb max_used=1646Kb free=117457Kb
 bounds [0x0000022ab00d0000, 0x0000022ab0340000, 0x0000022ab7520000]
CodeHeap 'non-nmethods': size=7488Kb used=2386Kb max_used=2407Kb free=5102Kb
 bounds [0x0000022aaf980000, 0x0000022aafbf0000, 0x0000022ab00d0000]
 total_blobs=1754 nmethods=1174 adapters=491
 compilation: enabled
              stopped_count=0, restarted_count=0
 full_count=0

Compilation events (20 events):
Event: 1.403 Thread 0x0000022acc748b70 1165       4       java.lang.Math::round (56 bytes)
Event: 1.403 Thread 0x0000022acc748b70 nmethod 1165 0x0000022ab758de10 code [0x0000022ab758df80, 0x0000022ab758e038]
Event: 1.404 Thread 0x0000022acc0f8270 1166       3       sun.awt.windows.WComponentPeer::getBounds (11 bytes)
Event: 1.404 Thread 0x0000022acc0f8270 nmethod 1166 0x0000022ab026b510 code [0x0000022ab026b6c0, 0x0000022ab026ba68]
Event: 1.406 Thread 0x0000022acb5174d0 1167 %     4       summit.gfx.Renderer::renderLight @ 64 (225 bytes)
Event: 1.417 Thread 0x0000022acb5174d0 nmethod 1167% 0x0000022ab758e110 code [0x0000022ab758e2c0, 0x0000022ab758ed18]
Event: 1.421 Thread 0x0000022acc749080 1168       4       summit.gfx.Renderer::renderLight (225 bytes)
Event: 1.423 Thread 0x0000022acc742750 nmethod 1155 0x0000022ab758f010 code [0x0000022ab758f220, 0x0000022ab7590fd8]
Event: 1.425 Thread 0x0000022acc0f8270 1169       1       summit.game.entity.Entity::getHealth (5 bytes)
Event: 1.425 Thread 0x0000022acb521e80 1170       1       summit.game.GameUpdateEvent::getMap (5 bytes)
Event: 1.425 Thread 0x0000022acc104c70 1171       1       summit.game.tile.Tile::getName (5 bytes)
Event: 1.425 Thread 0x0000022acc104c70 nmethod 1171 0x0000022ab7591f10 code [0x0000022ab75920a0, 0x0000022ab7592178]
Event: 1.425 Thread 0x0000022acb521e80 nmethod 1170 0x0000022ab7592210 code [0x0000022ab75923a0, 0x0000022ab7592478]
Event: 1.425 Thread 0x0000022acc104c70 1172       1       summit.game.entity.Entity::setInWater (6 bytes)
Event: 1.425 Thread 0x0000022acc0f8270 nmethod 1169 0x0000022ab7592510 code [0x0000022ab75926a0, 0x0000022ab7592778]
Event: 1.425 Thread 0x0000022acb521e80 1173       1       summit.game.entity.Entity::getDx (5 bytes)
Event: 1.425 Thread 0x0000022acc0f8270 1174       1       summit.game.entity.Entity::getDy (5 bytes)
Event: 1.425 Thread 0x0000022acc104c70 nmethod 1172 0x0000022ab7592810 code [0x0000022ab75929a0, 0x0000022ab7592a78]
Event: 1.425 Thread 0x0000022acc0f8270 nmethod 1174 0x0000022ab7592b10 code [0x0000022ab7592ca0, 0x0000022ab7592d78]
Event: 1.425 Thread 0x0000022acb521e80 nmethod 1173 0x0000022ab7592e10 code [0x0000022ab7592fa0, 0x0000022ab7593078]

GC Heap History (2 events):
Event: 1.347 GC heap before
{Heap before GC invocations=0 (full 0):
 garbage-first heap   total 253952K, used 26624K [0x0000000709600000, 0x0000000800000000)
  region size 2048K, 11 young (22528K), 0 survivors (0K)
 Metaspace       used 6988K, committed 7168K, reserved 1056768K
  class space    used 751K, committed 832K, reserved 1048576K
}
Event: 1.350 GC heap after
{Heap after GC invocations=1 (full 0):
 garbage-first heap   total 253952K, used 9742K [0x0000000709600000, 0x0000000800000000)
  region size 2048K, 2 young (4096K), 2 survivors (4096K)
 Metaspace       used 6988K, committed 7168K, reserved 1056768K
  class space    used 751K, committed 832K, reserved 1048576K
}

Deoptimization events (20 events):
Event: 1.419 Thread 0x0000022acc6dc610 DEOPT PACKING pc=0x0000022ab0261702 sp=0x000000dfc69fee60
Event: 1.419 Thread 0x0000022acc6dc610 DEOPT UNPACKING pc=0x0000022aaf9d2b43 sp=0x000000dfc69fe310 mode 0
Event: 1.419 Thread 0x0000022acc6dc610 DEOPT PACKING pc=0x0000022ab0261702 sp=0x000000dfc69fee60
Event: 1.419 Thread 0x0000022acc6dc610 DEOPT UNPACKING pc=0x0000022aaf9d2b43 sp=0x000000dfc69fe310 mode 0
Event: 1.419 Thread 0x0000022acc6dc610 DEOPT PACKING pc=0x0000022ab0261702 sp=0x000000dfc69fee60
Event: 1.419 Thread 0x0000022acc6dc610 DEOPT UNPACKING pc=0x0000022aaf9d2b43 sp=0x000000dfc69fe310 mode 0
Event: 1.419 Thread 0x0000022acc6dc610 DEOPT PACKING pc=0x0000022ab0261702 sp=0x000000dfc69fee60
Event: 1.419 Thread 0x0000022acc6dc610 DEOPT UNPACKING pc=0x0000022aaf9d2b43 sp=0x000000dfc69fe310 mode 0
Event: 1.420 Thread 0x0000022acc6dc610 DEOPT PACKING pc=0x0000022ab0261702 sp=0x000000dfc69fedb0
Event: 1.420 Thread 0x0000022acc6dc610 DEOPT UNPACKING pc=0x0000022aaf9d2b43 sp=0x000000dfc69fe260 mode 0
Event: 1.420 Thread 0x0000022acc6dc610 DEOPT PACKING pc=0x0000022ab0261702 sp=0x000000dfc69fee60
Event: 1.420 Thread 0x0000022acc6dc610 DEOPT UNPACKING pc=0x0000022aaf9d2b43 sp=0x000000dfc69fe310 mode 0
Event: 1.420 Thread 0x0000022acc6dc610 DEOPT PACKING pc=0x0000022ab0261702 sp=0x000000dfc69fee60
Event: 1.420 Thread 0x0000022acc6dc610 DEOPT UNPACKING pc=0x0000022aaf9d2b43 sp=0x000000dfc69fe310 mode 0
Event: 1.420 Thread 0x0000022acc6dc610 DEOPT PACKING pc=0x0000022ab0261702 sp=0x000000dfc69fee60
Event: 1.420 Thread 0x0000022acc6dc610 DEOPT UNPACKING pc=0x0000022aaf9d2b43 sp=0x000000dfc69fe310 mode 0
Event: 1.420 Thread 0x0000022acc6dc610 DEOPT PACKING pc=0x0000022ab0261702 sp=0x000000dfc69fee60
Event: 1.420 Thread 0x0000022acc6dc610 DEOPT UNPACKING pc=0x0000022aaf9d2b43 sp=0x000000dfc69fe310 mode 0
Event: 1.421 Thread 0x0000022acc6dc610 DEOPT PACKING pc=0x0000022ab026af6e sp=0x000000dfc69ff030
Event: 1.421 Thread 0x0000022acc6dc610 DEOPT UNPACKING pc=0x0000022aaf9d2b43 sp=0x000000dfc69fe518 mode 0

Classes unloaded (0 events):
No events

Classes redefined (0 events):
No events

Internal exceptions (12 events):
Event: 0.051 Thread 0x0000022acc14ee90 Exception <a 'java/lang/ClassNotFoundException'{0x0000000718a2c1c8}: sun/awt/resources/spi/awtProvider> (0x0000000718a2c1c8) 
thrown [e:\jenkins\tmp\workspace\build\src\src\hotspot\share\classfile\systemDictionary.cpp, line 256]
Event: 0.070 Thread 0x0000022acc14ee90 Exception <a 'java/io/FileNotFoundException'{0x0000000718b666c8}> (0x0000000718b666c8) 
thrown [e:\jenkins\tmp\workspace\build\src\src\hotspot\share\prims\jni.cpp, line 516]
Event: 0.076 Thread 0x0000022acc14ee90 Exception <a 'java/io/FileNotFoundException'{0x0000000718b93620}> (0x0000000718b93620) 
thrown [e:\jenkins\tmp\workspace\build\src\src\hotspot\share\prims\jni.cpp, line 516]
Event: 0.089 Thread 0x0000022acc14ee90 Exception <a 'java/lang/NoSuchMethodError'{0x0000000718bc9050}: 'java.lang.Object java.lang.invoke.DirectMethodHandle$Holder.invokeStaticInit(java.lang.Object)'> (0x0000000718bc9050) 
thrown [e:\jenkins\tmp\workspace\build\src\src\hotspot\share\interpreter\linkResolver.cpp, line 766]
Event: 0.237 Thread 0x0000022acc14ee90 Exception <a 'java/lang/NoSuchMethodError'{0x0000000718762a30}: 'void java.lang.invoke.DirectMethodHandle$Holder.invokeSpecial(java.lang.Object, java.lang.Object, java.lang.Object)'> (0x0000000718762a30) 
thrown [e:\jenkins\tmp\workspace\build\src\src\hotspot\share\interpreter\linkResolver.cpp, line 766]
Event: 0.244 Thread 0x0000022acc14ee90 Exception <a 'java/lang/NoSuchMethodError'{0x000000071878ccc8}: 'java.lang.Object java.lang.invoke.DirectMethodHandle$Holder.newInvokeSpecial(java.lang.Object, java.lang.Object, java.lang.Object, java.lang.Object, java.lang.Object)'> (0x000000071878ccc8) 
thrown [e:\jenkins\tmp\workspace\build\src\src\hotspot\share\interpreter\linkResolver.cpp, line 766]
Event: 0.245 Thread 0x0000022acc14ee90 Exception <a 'java/lang/NoSuchMethodError'{0x0000000718798690}: 'java.lang.Object java.lang.invoke.DirectMethodHandle$Holder.invokeStatic(java.lang.Object, int, java.lang.Object, java.lang.Object, java.lang.Object, java.lang.Object)'> (0x0000000718798690) 
thrown [e:\jenkins\tmp\workspace\build\src\src\hotspot\share\interpreter\linkResolver.cpp, line 766]
Event: 0.248 Thread 0x0000022acc14ee90 Exception <a 'java/lang/NoSuchMethodError'{0x00000007187bddb0}: 'java.lang.Object java.lang.invoke.DirectMethodHandle$Holder.invokeStatic(java.lang.Object, int, java.lang.Object)'> (0x00000007187bddb0) 
thrown [e:\jenkins\tmp\workspace\build\src\src\hotspot\share\interpreter\linkResolver.cpp, line 766]
Event: 0.266 Thread 0x0000022acc14ee90 Exception <a 'java/lang/ClassNotFoundException'{0x0000000718476108}: com/sun/swing/internal/plaf/metal/resources/spi/metalProvider> (0x0000000718476108) 
thrown [e:\jenkins\tmp\workspace\build\src\src\hotspot\share\classfile\systemDictionary.cpp, line 256]
Event: 0.267 Thread 0x0000022acc14ee90 Exception <a 'java/lang/ClassNotFoundException'{0x0000000718479fe0}: com/sun/swing/internal/plaf/basic/resources/spi/basicProvider> (0x0000000718479fe0) 
thrown [e:\jenkins\tmp\workspace\build\src\src\hotspot\share\classfile\systemDictionary.cpp, line 256]
Event: 0.280 Thread 0x0000022acc4188c0 Exception <a 'java/lang/NoSuchMethodError'{0x0000000718680998}: 'void java.lang.invoke.DirectMethodHandle$Holder.invokeVirtual(java.lang.Object, java.lang.Object)'> (0x0000000718680998) 
thrown [e:\jenkins\tmp\workspace\build\src\src\hotspot\share\interpreter\linkResolver.cpp, line 766]
Event: 0.291 Thread 0x0000022acc14ee90 Exception <a 'java/lang/NoSuchMethodError'{0x00000007184b7ff0}: 'void java.lang.invoke.DirectMethodHandle$Holder.invokeStaticInit(java.lang.Object)'> (0x00000007184b7ff0) 
thrown [e:\jenkins\tmp\workspace\build\src\src\hotspot\share\interpreter\linkResolver.cpp, line 766]

VM Operations (14 events):
Event: 0.037 Executing VM operation: HandshakeAllThreads
Event: 0.037 Executing VM operation: HandshakeAllThreads done
Event: 0.266 Executing VM operation: HandshakeAllThreads
Event: 0.266 Executing VM operation: HandshakeAllThreads done
Event: 0.307 Executing VM operation: HandshakeAllThreads
Event: 0.307 Executing VM operation: HandshakeAllThreads done
Event: 0.333 Executing VM operation: HandshakeAllThreads
Event: 0.333 Executing VM operation: HandshakeAllThreads done
Event: 1.304 Executing VM operation: HandshakeAllThreads
Event: 1.304 Executing VM operation: HandshakeAllThreads done
Event: 1.304 Executing VM operation: Cleanup
Event: 1.304 Executing VM operation: Cleanup done
Event: 1.347 Executing VM operation: G1CollectForAllocation
Event: 1.350 Executing VM operation: G1CollectForAllocation done

Events (20 events):
Event: 0.356 loading class javax/swing/text/JTextComponent
Event: 0.357 loading class javax/swing/Scrollable
Event: 0.357 loading class javax/swing/Scrollable done
Event: 0.357 loading class javax/swing/text/JTextComponent done
Event: 0.359 loading class java/awt/event/MouseWheelEvent
Event: 0.359 loading class java/awt/event/MouseWheelEvent done
Event: 0.367 loading class sun/awt/image/BufImgSurfaceManager
Event: 0.367 loading class sun/awt/image/BufImgSurfaceManager done
Event: 0.367 loading class sun/awt/image/BufImgSurfaceData
Event: 0.367 loading class sun/awt/image/BufImgSurfaceData done
Event: 0.367 loading class sun/awt/image/BufImgSurfaceData$ICMColorData
Event: 0.367 loading class sun/awt/image/BufImgSurfaceData$ICMColorData done
Event: 0.672 Thread 0x0000022acc38cbd0 Thread exited: 0x0000022acc38cbd0
Event: 1.302 loading class java/lang/Math$RandomNumberGeneratorHolder
Event: 1.302 loading class java/lang/Math$RandomNumberGeneratorHolder done
Event: 1.317 Thread 0x0000022acc748b70 Thread added: 0x0000022acc748b70
Event: 1.317 Thread 0x0000022acc749080 Thread added: 0x0000022acc749080
Event: 1.317 Thread 0x0000022acc742750 Thread added: 0x0000022acc742750
Event: 1.317 Thread 0x0000022acc742c60 Thread added: 0x0000022acc742c60
Event: 1.327 Thread 0x0000022acc6dcb30 Thread added: 0x0000022acc6dcb30


Dynamic libraries:
0x00007ff7039e0000 - 0x00007ff7039ee000 	C:\Users\aadiu\AppData\Local\Programs\Eclipse Adoptium\jdk-17.0.2.8-hotspot\bin\java.exe
0x00007ffb36970000 - 0x00007ffb36b68000 	C:\Windows\SYSTEM32\ntdll.dll
0x00007ffb352a0000 - 0x00007ffb3535f000 	C:\Windows\System32\KERNEL32.DLL
0x00007ffb34310000 - 0x00007ffb345e2000 	C:\Windows\System32\KERNELBASE.dll
0x00007ffb34110000 - 0x00007ffb34210000 	C:\Windows\System32\ucrtbase.dll
0x00007ffb1e3d0000 - 0x00007ffb1e3e8000 	C:\Users\aadiu\AppData\Local\Programs\Eclipse Adoptium\jdk-17.0.2.8-hotspot\bin\jli.dll
0x00007ffb1e3b0000 - 0x00007ffb1e3c9000 	C:\Users\aadiu\AppData\Local\Programs\Eclipse Adoptium\jdk-17.0.2.8-hotspot\bin\VCRUNTIME140.dll
0x00007ffb35530000 - 0x00007ffb356cd000 	C:\Windows\System32\USER32.dll
0x00007ffb20b10000 - 0x00007ffb20daa000 	C:\Windows\WinSxS\amd64_microsoft.windows.common-controls_6595b64144ccf1df_6.0.19041.1110_none_60b5254171f9507e\COMCTL32.dll
0x00007ffb34720000 - 0x00007ffb34742000 	C:\Windows\System32\win32u.dll
0x00007ffb35fa0000 - 0x00007ffb35fcb000 	C:\Windows\System32\GDI32.dll
0x00007ffb35f00000 - 0x00007ffb35f9e000 	C:\Windows\System32\msvcrt.dll
0x00007ffb34750000 - 0x00007ffb3485f000 	C:\Windows\System32\gdi32full.dll
0x00007ffb345f0000 - 0x00007ffb3468d000 	C:\Windows\System32\msvcp_win.dll
0x00007ffb356f0000 - 0x00007ffb35722000 	C:\Windows\System32\IMM32.DLL
0x00007ffb25f50000 - 0x00007ffb25f5c000 	C:\Users\aadiu\AppData\Local\Programs\Eclipse Adoptium\jdk-17.0.2.8-hotspot\bin\vcruntime140_1.dll
0x00007ffb0b4b0000 - 0x00007ffb0b541000 	C:\Users\aadiu\AppData\Local\Programs\Eclipse Adoptium\jdk-17.0.2.8-hotspot\bin\msvcp140.dll
0x00007ffabf480000 - 0x00007ffac00c7000 	C:\Users\aadiu\AppData\Local\Programs\Eclipse Adoptium\jdk-17.0.2.8-hotspot\bin\server\jvm.dll
0x00007ffb34ec0000 - 0x00007ffb34f6e000 	C:\Windows\System32\ADVAPI32.dll
0x00007ffb35e60000 - 0x00007ffb35efc000 	C:\Windows\System32\sechost.dll
0x00007ffb35ba0000 - 0x00007ffb35cc5000 	C:\Windows\System32\RPCRT4.dll
0x00007ffb34eb0000 - 0x00007ffb34eb8000 	C:\Windows\System32\PSAPI.DLL
0x00007ffb1d990000 - 0x00007ffb1d999000 	C:\Windows\SYSTEM32\WSOCK32.dll
0x00007ffb31d40000 - 0x00007ffb31d67000 	C:\Windows\SYSTEM32\WINMM.dll
0x00007ffb2d720000 - 0x00007ffb2d72a000 	C:\Windows\SYSTEM32\VERSION.dll
0x00007ffb35160000 - 0x00007ffb351cb000 	C:\Windows\System32\WS2_32.dll
0x00007ffb31fa0000 - 0x00007ffb31fb2000 	C:\Windows\SYSTEM32\kernel.appcore.dll
0x00007ffb25e30000 - 0x00007ffb25e3a000 	C:\Users\aadiu\AppData\Local\Programs\Eclipse Adoptium\jdk-17.0.2.8-hotspot\bin\jimage.dll
0x00007ffb31b50000 - 0x00007ffb31d34000 	C:\Windows\SYSTEM32\DBGHELP.DLL
0x00007ffb31b20000 - 0x00007ffb31b4c000 	C:\Windows\SYSTEM32\dbgcore.DLL
0x00007ffb34690000 - 0x00007ffb34712000 	C:\Windows\System32\bcryptPrimitives.dll
0x00007ffb1df90000 - 0x00007ffb1dfb5000 	C:\Users\aadiu\AppData\Local\Programs\Eclipse Adoptium\jdk-17.0.2.8-hotspot\bin\java.dll
0x00007ffb0b3d0000 - 0x00007ffb0b4a6000 	C:\Users\aadiu\AppData\Local\Programs\Eclipse Adoptium\jdk-17.0.2.8-hotspot\bin\jsvml.dll
0x00007ffb35fd0000 - 0x00007ffb36713000 	C:\Windows\System32\SHELL32.dll
0x00007ffb32130000 - 0x00007ffb328c2000 	C:\Windows\SYSTEM32\windows.storage.dll
0x00007ffb34ad0000 - 0x00007ffb34e24000 	C:\Windows\System32\combase.dll
0x00007ffb33a60000 - 0x00007ffb33a90000 	C:\Windows\SYSTEM32\Wldp.dll
0x00007ffb349c0000 - 0x00007ffb34a6d000 	C:\Windows\System32\SHCORE.dll
0x00007ffb35020000 - 0x00007ffb35075000 	C:\Windows\System32\shlwapi.dll
0x00007ffb33fb0000 - 0x00007ffb33fcf000 	C:\Windows\SYSTEM32\profapi.dll
0x00007ffaf82d0000 - 0x00007ffaf845e000 	C:\Users\aadiu\AppData\Local\Programs\Eclipse Adoptium\jdk-17.0.2.8-hotspot\bin\awt.dll
0x00007ffb351d0000 - 0x00007ffb3529d000 	C:\Windows\System32\OLEAUT32.dll
0x00007ffb31300000 - 0x00007ffb31391000 	C:\Windows\SYSTEM32\apphelp.dll
0x00007ffb1cc00000 - 0x00007ffb1cc18000 	C:\Users\aadiu\AppData\Local\Programs\Eclipse Adoptium\jdk-17.0.2.8-hotspot\bin\zip.dll
0x00007ffb31410000 - 0x00007ffb314ae000 	C:\Windows\system32\uxtheme.dll
0x00007ffb353f0000 - 0x00007ffb35505000 	C:\Windows\System32\MSCTF.dll
0x00007ffb35cd0000 - 0x00007ffb35dfa000 	C:\Windows\System32\ole32.dll
0x00007ffb31590000 - 0x00007ffb315bf000 	C:\Windows\system32\DWMAPI.DLL
0x00007ffadadb0000 - 0x00007ffadaed5000 	C:\Windows\system32\opengl32.dll
0x00007ffada100000 - 0x00007ffada12c000 	C:\Windows\SYSTEM32\GLU32.dll
0x00007ffb269b0000 - 0x00007ffb26b7f000 	C:\Windows\system32\d3d9.dll
0x00007ffb28d70000 - 0x00007ffb28f28000 	C:\Windows\System32\DriverStore\FileRepository\u0370468.inf_amd64_5e4260b11257b6e9\B370372\aticfx64.dll
0x00007ffb1cb80000 - 0x00007ffb1cbb4000 	C:\Windows\System32\DriverStore\FileRepository\u0370468.inf_amd64_5e4260b11257b6e9\B370372\atiu9p64.dll
0x00007ffabe720000 - 0x00007ffabf474000 	C:\Windows\System32\DriverStore\FileRepository\u0370468.inf_amd64_5e4260b11257b6e9\B370372\atiumd64.dll
0x000000006c4b0000 - 0x000000006d324000 	C:\Windows\System32\DriverStore\FileRepository\u0370468.inf_amd64_5e4260b11257b6e9\B370372\atiumd6a.dll
0x00007ffb35730000 - 0x00007ffb35b98000 	C:\Windows\System32\SETUPAPI.dll
0x00007ffb34210000 - 0x00007ffb3425e000 	C:\Windows\System32\cfgmgr32.dll
0x00007ffb33e30000 - 0x00007ffb33e7b000 	C:\Windows\SYSTEM32\POWRPROF.dll
0x00007ffb34070000 - 0x00007ffb34097000 	C:\Windows\System32\bcrypt.dll
0x00007ffb33e10000 - 0x00007ffb33e22000 	C:\Windows\SYSTEM32\UMPDC.dll
0x00007ffb29180000 - 0x00007ffb291b0000 	C:\Windows\SYSTEM32\amdihk64.dll
0x00007ffb29960000 - 0x00007ffb2999b000 	C:\Windows\SYSTEM32\dxcore.dll
0x00007ffb0d970000 - 0x00007ffb0d9f9000 	C:\Users\aadiu\AppData\Local\Programs\Eclipse Adoptium\jdk-17.0.2.8-hotspot\bin\freetype.dll
0x00007ffb0b320000 - 0x00007ffb0b3c8000 	C:\Users\aadiu\AppData\Local\Programs\Eclipse Adoptium\jdk-17.0.2.8-hotspot\bin\fontmanager.dll
0x00007ffb28f30000 - 0x00007ffb29029000 	C:\Windows\SYSTEM32\textinputframework.dll
0x00007ffb30e70000 - 0x00007ffb311ce000 	C:\Windows\System32\CoreUIComponents.dll
0x00007ffb309d0000 - 0x00007ffb30ac2000 	C:\Windows\System32\CoreMessaging.dll
0x00007ffb33190000 - 0x00007ffb331c3000 	C:\Windows\SYSTEM32\ntmarta.dll
0x00007ffb30200000 - 0x00007ffb30354000 	C:\Windows\SYSTEM32\wintypes.dll

dbghelp: loaded successfully - version: 4.0.5 - missing functions: none
symbol engine: initialized successfully - sym options: 0x614 - pdb path: .;C:\Users\aadiu\AppData\Local\Programs\Eclipse Adoptium\jdk-17.0.2.8-hotspot\bin;C:\Windows\SYSTEM32;C:\Windows\WinSxS\amd64_microsoft.windows.common-controls_6595b64144ccf1df_6.0.19041.1110_none_60b5254171f9507e;C:\Users\aadiu\AppData\Local\Programs\Eclipse Adoptium\jdk-17.0.2.8-hotspot\bin\server;C:\Windows\System32\DriverStore\FileRepository\u0370468.inf_amd64_5e4260b11257b6e9\B370372

VM Arguments:
jvm_args: -XX:+ShowCodeDetailsInExceptionMessages 
java_command: summit.Main
java_class_path (initial): C:\Users\aadiu\AppData\Roaming\Code\User\workspaceStorage\929b6f7fce9865a60d0bbe8b6a275a21\redhat.java\jdt_ws\Summit Game_948de7c9\bin
Launcher Type: SUN_STANDARD

[Global flags]
     intx CICompilerCount                          = 12                                        {product} {ergonomic}
     uint ConcGCThreads                            = 3                                         {product} {ergonomic}
     uint G1ConcRefinementThreads                  = 13                                        {product} {ergonomic}
   size_t G1HeapRegionSize                         = 2097152                                   {product} {ergonomic}
    uintx GCDrainStackTargetSize                   = 64                                        {product} {ergonomic}
   size_t InitialHeapSize                          = 260046848                                 {product} {ergonomic}
   size_t MarkStackSize                            = 4194304                                   {product} {ergonomic}
   size_t MaxHeapSize                              = 4137680896                                {product} {ergonomic}
   size_t MaxNewSize                               = 2480930816                                {product} {ergonomic}
   size_t MinHeapDeltaBytes                        = 2097152                                   {product} {ergonomic}
   size_t MinHeapSize                              = 8388608                                   {product} {ergonomic}
    uintx NonNMethodCodeHeapSize                   = 7602480                                {pd product} {ergonomic}
    uintx NonProfiledCodeHeapSize                  = 122027880                              {pd product} {ergonomic}
    uintx ProfiledCodeHeapSize                     = 122027880                              {pd product} {ergonomic}
    uintx ReservedCodeCacheSize                    = 251658240                              {pd product} {ergonomic}
     bool SegmentedCodeCache                       = true                                      {product} {ergonomic}
     bool ShowCodeDetailsInExceptionMessages       = true                                   {manageable} {command line}
   size_t SoftMaxHeapSize                          = 4137680896                             {manageable} {ergonomic}
     bool UseCompressedClassPointers               = true                           {product lp64_product} {ergonomic}
     bool UseCompressedOops                        = true                           {product lp64_product} {ergonomic}
     bool UseG1GC                                  = true                                      {product} {ergonomic}
     bool UseLargePagesIndividualAllocation        = false                                  {pd product} {ergonomic}

Logging:
Log output configuration:
 #0: stdout all=warning uptime,level,tags
 #1: stderr all=off uptime,level,tags

Environment Variables:
JAVA_HOME=C:\Users\aadiu\AppData\Local\Programs\Eclipse Adoptium\jdk-17.0.2.8-hotspot\
PATH=C:\Program Files (x86)\Razer Chroma SDK\bin;C:\Program Files\Razer Chroma SDK\bin;C:\Program Files (x86)\Razer\ChromaBroadcast\bin;C:\Program Files\Razer\ChromaBroadcast\bin;C:\Program Files (x86)\Common Files\Oracle\Java\javapath;C:\Program Files\Python38\Scripts\;C:\Program Files\Python38\;C:\Windows\system32;C:\Windows;C:\Windows\System32\Wbem;C:\Windows\System32\WindowsPowerShell\v1.0\;C:\Windows\System32\OpenSSH\;C:\Program Files (x86)\NVIDIA Corporation\PhysX\Common;C:\Program Files\NVIDIA Corporation\NVIDIA NvDLISR;C:\Users\aadiu\AppData\Local\Microsoft\WindowsApps;C:\Users\aadiu\AppData\Local\Programs\Microsoft VS Code\bin;C:\Windows\system32\config\systemprofile\AppData\Local\Microsoft\WindowsApps;C:\Program Files\dotnet\;C:\Program Files\Git\cmd;C:\MinGW\bin\;C:\Program Files (x86)\Windows Kits\10\Windows Performance Toolkit\;C:\Users\aadiu\AppData\Local\Programs\Eclipse Adoptium\jdk-17.0.2.8-hotspot\bin;C:\Users\aadiu\AppData\Local\Microsoft\WindowsApps;C:\Users\aadiu\AppData\Local\Programs\Microsoft VS Code\bin;C:\Users\aadiu\AppData\Local\GitHubDesktop\bin
USERNAME=aadiu
LANG=en_US.UTF-8
OS=Windows_NT
PROCESSOR_IDENTIFIER=AMD64 Family 25 Model 80 Stepping 0, AuthenticAMD



---------------  S Y S T E M  ---------------

OS:
 Windows 10 , 64 bit Build 19041 (10.0.19041.2251)
OS uptime: 1 days 8:59 hours

CPU: total 16 (initial active 16) (16 cores per cpu, 2 threads per core) family 25 model 80 stepping 0 microcode 0x0, cx8, cmov, fxsr, ht, mmx, 3dnowpref, sse, sse2, sse3, ssse3, sse4a, sse4.1, sse4.2, popcnt, lzcnt, tsc, tscinvbit, avx, avx2, aes, erms, clmul, bmi1, bmi2, adx, sha, fma, vzeroupper, clflush, clflushopt

Memory: 4k page, system-wide physical 15776M (7106M free)
TotalPageFile size 20128M (AvailPageFile size 6732M)
current process WorkingSet (physical memory assigned to process): 137M, peak: 139M
current process commit charge ("private bytes"): 429M, peak: 431M

vm_info: OpenJDK 64-Bit Server VM (17.0.2+8) for windows-amd64 JRE (17.0.2+8), built on Jan 20 2022 04:52:34 by "" with MS VC++ 16.7 (VS2019)

END.
