#
# A fatal error has been detected by the Java Runtime Environment:
#
#  EXCEPTION_ACCESS_VIOLATION (0xc0000005) at pc=0x00000105df649f3b, pid=6108, tid=23196
#
# JRE version: OpenJDK Runtime Environment Temurin-17.0.2+8 (17.0.2+8) (build 17.0.2+8)
# Java VM: OpenJDK 64-Bit Server VM Temurin-17.0.2+8 (17.0.2+8, mixed mode, sharing, tiered, compressed oops, compressed class ptrs, g1 gc, windows-amd64)
# Problematic frame:
# J 1114 c2 summit.gfx.Renderer.render(Ljava/lang/String;FFILsummit/gfx/ColorFilter;)V (276 bytes) @ 0x00000105df649f3b [0x00000105df649820+0x000000000000071b]
#
# No core dump will be written. Minidumps are not enabled by default on client versions of Windows
#
# If you would like to submit a bug report, please visit:
#   https://github.com/adoptium/adoptium-support/issues
#

---------------  S U M M A R Y ------------

Command Line: -XX:+ShowCodeDetailsInExceptionMessages summit.Main

Host: AMD Ryzen 9 5900HS with Radeon Graphics        , 16 cores, 15G,  Windows 10 , 64 bit Build 19041 (10.0.19041.2251)
Time: Mon Nov 14 19:00:46 2022 Central Standard Time elapsed time: 1.215749 seconds (0d 0h 0m 1s)

---------------  T H R E A D  ---------------

Current thread (0x00000105f3540520):  JavaThread "Thread-2" [_thread_in_Java, id=23196, stack(0x0000000244c00000,0x0000000244d00000)]

Stack: [0x0000000244c00000,0x0000000244d00000],  sp=0x0000000244cff0a0,  free space=1020k
Native frames: (J=compiled Java code, j=interpreted, Vv=VM code, C=native code)
C  0x00000105df649f3b


siginfo: EXCEPTION_ACCESS_VIOLATION (0xc0000005), reading address 0x0000000b176052a0


Register to memory mapping:

RIP=0x00000105df649f3b is at entry_point+1819 in (nmethod*)0x00000105df649610
RAX=0x0000000718dece30 is an oop: [[I 
{0x0000000718dece30} - klass: {type array int}[]
 - length: 16
RBX=0x00000000ffffffe9 is an unknown value
RCX=3807119962 is a compressed pointer to object: [[I 
{0x00000007176052d0} - klass: {type array int}[]
 - length: 144
RDX=0x0 is NULL
RSP=0x0000000244cff0a0 is pointing into the stack for thread: 0x00000105f3540520
RBP=0x0 is NULL
RSI=0x0 is NULL
RDI=0x00000000fffffff0 is an unknown value
R8 =0x0000000717600460 is an oop: summit.gfx.Renderer 
{0x0000000717600460} - klass: 'summit/gfx/Renderer'
 - ---- fields (total size 2 words):
 - private 'frame' '[[I' @12  a {type array int}[144] {0x00000007176052d0} (e2ec0a5a)
R9 =0x0000000000000010 is an unknown value
R10=0x00000007176052d0 is an oop: [[I 
{0x00000007176052d0} - klass: {type array int}[]
 - length: 144
R11=0x00000000fffffff0 is an unknown value
R12=0x0 is NULL
R13=0x0000000000000090 is an unknown value
R14=0x0000000000000010 is an unknown value
R15=0x00000105f3540520 is a thread


Registers:
RAX=0x0000000718dece30, RBX=0x00000000ffffffe9, RCX=0x00000000e2ec0a5a, RDX=0x0000000000000000
RSP=0x0000000244cff0a0, RBP=0x0000000000000000, RSI=0x0000000000000000, RDI=0x00000000fffffff0
R8 =0x0000000717600460, R9 =0x0000000000000010, R10=0x00000007176052d0, R11=0x00000000fffffff0
R12=0x0000000000000000, R13=0x0000000000000090, R14=0x0000000000000010, R15=0x00000105f3540520
RIP=0x00000105df649f3b, EFLAGS=0x0000000000010287

Top of Stack: (sp=0x0000000244cff0a0)
0x0000000244cff0a0:   0000010000000000 00000000fffffff8
0x0000000244cff0b0:   fffffff0ffffffe8 0000001000000010
0x0000000244cff0c0:   fffffff0ffffffe8 0000000900000010
0x0000000244cff0d0:   0000001000000009 000000b00000000f
0x0000000244cff0e0:   000000a000000004 0000010543280000
0x0000000244cff0f0:   00000000c1800000 000000071761aac0
0x0000000244cff100:   0000000244cff2e0 00000105d8313794
0x0000000244cff110:   0000000244cff1b0 0000000244cff248
0x0000000244cff120:   00000105d7a494fe 0000000000000000
0x0000000244cff130:   0000000000000000 0000000000000000
0x0000000244cff140:   0000000000000000 0000000717600460
0x0000000244cff150:   000000071761aac0 0000000000000003
0x0000000244cff160:   0000000000000000 0000000000000000
0x0000000244cff170:   0000000244cff2e0 00000105d8313eec
0x0000000244cff180:   409e000000000000 0000000000000000
0x0000000244cff190:   0000000000000000 0000000000000000 

Instructions: (pc=0x00000105df649f3b)
0x00000105df649e3b:   ff ca 45 33 ed e9 e8 02 00 00 66 66 66 0f 1f 84
0x00000105df649e4b:   00 00 00 00 00 44 2b 5c 24 10 45 8b f3 41 ff c6
0x00000105df649e5b:   44 8b de 45 3b f1 0f 83 48 0e 00 00 45 8b 54 cc
0x00000105df649e6b:   10 47 8b 54 d4 0c 45 3b da 0f 83 6b 01 00 00 c4
0x00000105df649e7b:   c1 f9 7e da 41 8b 74 92 10 45 8b 44 f4 0c 4d 8d
0x00000105df649e8b:   14 f4 45 3b f0 0f 83 42 0e 00 00 47 8b 54 b2 10
0x00000105df649e9b:   41 83 fa ff 0f 84 36 01 00 00 45 8b 44 c4 0c 45
0x00000105df649eab:   3b d8 0f 83 41 0e 00 00 46 89 54 9d 10 45 33 c0
0x00000105df649ebb:   c4 c1 f9 7e da 45 8b 52 10 47 8b 54 d4 0c 44 03
0x00000105df649ecb:   54 24 10 4d 8b b7 48 03 00 00 41 8b f3 ff c6 41
0x00000105df649edb:   85 06 41 3b f2 0f 8c 6a ff ff ff 4d 8b 97 48 03
0x00000105df649eeb:   00 00 ff c7 41 85 02 3b 3c 24 0f 8d f4 00 00 00
0x00000105df649efb:   c4 c1 f9 7e c0 c4 e1 f9 7e ce c5 f9 7e d2 44 8b
0x00000105df649f0b:   54 24 10 44 8b 5c 24 14 44 3b 54 24 08 0f 8d e7
0x00000105df649f1b:   00 00 00 44 89 5c 24 14 44 89 54 24 10 c5 f9 6e
0x00000105df649f2b:   d2 c4 e1 f9 6e ce c4 c1 f9 6e c0 c4 c1 f9 7e e2
0x00000105df649f3b:   41 8b 44 ba 10 8b d7 41 2b d3 41 3b fd 0f 83 6e
0x00000105df649f4b:   06 00 00 44 8b 5c 24 10 44 3b 5c 24 04 0f 83 5e
0x00000105df649f5b:   06 00 00 c4 c1 f9 7e da 45 8b 5c 92 10 47 8b 54
0x00000105df649f6b:   dc 0c 45 85 d2 0f 86 b2 0e 00 00 47 8b 54 dc 10
0x00000105df649f7b:   41 83 fa ff 0f 84 a0 00 00 00 45 8b 44 c4 0c 44
0x00000105df649f8b:   8b 5c 24 10 45 3b d8 0f 83 61 0d 00 00 4d 8d 04
0x00000105df649f9b:   c4 47 89 54 98 10 45 33 c0 c4 c1 f9 7e da 45 8b
0x00000105df649fab:   52 10 47 8b 5c d4 0c 44 03 5c 24 10 41 3b db 0f
0x00000105df649fbb:   8d 26 ff ff ff 41 3b fd 0f 83 fb 05 00 00 49 8d
0x00000105df649fcb:   2c c4 44 8b db 41 be 01 00 00 00 e9 83 fe ff ff
0x00000105df649fdb:   c4 c1 f9 7e c8 e9 d6 fe ff ff c4 c1 f9 7e c8 e9
0x00000105df649feb:   cc fe ff ff c5 f8 77 48 83 c4 60 5d 49 3b a7 40
0x00000105df649ffb:   03 00 00 0f 87 84 15 00 00 c3 44 89 5c 24 14 44
0x00000105df64a00b:   89 54 24 10 c5 f9 6e d2 c4 e1 f9 6e ce c4 c1 f9
0x00000105df64a01b:   6e c0 4c 8b c6 e9 c1 fe ff ff 4c 8b c6 e9 77 ff
0x00000105df64a02b:   ff ff 66 66 90 44 8b d9 42 8b 5c 9f 0c 8b 4c 24 


Stack slot to memory mapping:
stack at sp + 0 slots: 0x0000010000000000 is an unknown value
stack at sp + 1 slots: 0x00000000fffffff8 is an unknown value
stack at sp + 2 slots: 0xfffffff0ffffffe8 is an unknown value
stack at sp + 3 slots: 0x0000001000000010 is an unknown value
stack at sp + 4 slots: 0xfffffff0ffffffe8 is an unknown value
stack at sp + 5 slots: 0x0000000900000010 is an unknown value
stack at sp + 6 slots: 0x0000001000000009 is an unknown value
stack at sp + 7 slots: 0x000000b00000000f is an unknown value

--------------------------------------------------------------------------------
[Constant Pool (empty)]

--------------------------------------------------------------------------------

[MachCode]
  0x00000105df649820: 448b 5208 | 49bb 0000 | 0000 0800 | 0000 4d03 | d349 3bc2 | 0f85 4632 | 44f8 6690 | 0f1f 4000 
  0x00000105df649840: 8984 2400 | 90ff ff55 | 4883 ec60 | 4889 7c24 | 1045 8bf1 | c5f8 28d9 | 4889 1424 | 4d8b d049 
  0x00000105df649860: bbe8 8d60 | 1707 0000 | 0041 8b6b | 7045 8b44 | ec08 4181 | f8e0 ad0b | 000f 8521 | 1600 004d 
  0x00000105df649880: 8d1c ec45 | 8b4b 2447 | 8b44 cc0c | 4585 c00f | 86a9 1600 | 004b 8d0c | cc4d 85d2 | 0f84 0014 
  0x00000105df6498a0: 0000 418b | 5a0c 41ff | c885 db75 | 6745 0fb6 | 5a11 4585 | db0f 859d | 1300 0045 | 0fbe 5a10 
  0x00000105df6498c0: 4585 db0f | 8573 1900 | 0041 8b42 | 1441 8b6c | c40c 85ed | 0f86 9b13 | 0000 448b | dd41 ffcb 
  0x00000105df6498e0: 443b dd0f | 83eb 1700 | 0045 0fb6 | 5cc4 108b | dd83 c3fd | 418b fbc1 | e705 412b | fb4d 8d2c 
  0x00000105df649900: c483 fb01 | 0f8e fe17 | 0000 be01 | 0000 0045 | 33c9 eb45 | 448b db41 | c1eb 1044 | 33db 4523 
  0x00000105df649920: c333 d2e9 | ff00 0000 | 450f b65c | 3510 4103 | fbff c63b | f50f 8dd3 | 0000 0044 | 8bdf 41c1 
  0x00000105df649940: e305 442b | df41 8bfb | ebde c4c1 | f97e cac4 | c179 7ed0 | c4c1 797e | e18b c52b | c683 c0fd 
  0x00000105df649960: 3bde 410f | 4cc1 81f8 | a00f 0000 | 41bb a00f | 0000 410f | 47c3 03c6 | c4c1 f96e | cac4 c179 
  0x00000105df649980: 6ed0 c4c1 | 796e e166 | 0f1f 8400 | 0000 0000 | 4c63 de47 | 0fb6 541d | 1047 0fb6 | 4c1d 1347 
  0x00000105df6499a0: 0fb6 441d | 1143 0fb6 | 541d 1241 | 03fa 448b | d741 c1e2 | 0544 2bd7 | 4503 d041 | 8bfa c1e7 
  0x00000105df6499c0: 0541 2bfa | 03fa 448b | df41 c1e3 | 0544 2bdf | 4503 d941 | 8bfb c1e7 | 0541 2bfb | 83c6 043b 
  0x00000105df6499e0: f07c ad4d | 8b97 4803 | 0000 4185 | 023b f30f | 8c55 ffff | ffc4 c1f9 | 7eca c4c1 | 797e d0c5 
  0x00000105df649a00: f97e e23b | f50f 8c1d | ffff ff41 | 8bfb 85ff | 0f84 6112 | 0000 4189 | 7a0c 448b | df41 c1eb 
  0x00000105df649a20: 1044 33df | 4523 c346 | 8b4c 8110 | 478b 44cc | 0c45 3bc3 | 0f85 e90b | 0000 478b | 44cc 1049 
  0x00000105df649a40: 8bc8 48c1 | e103 493b | ca0f 8459 | 0100 0041 | 0fbe 7210 | 4c3b d10f | 844b 0100 | 0043 8b5c 
  0x00000105df649a60: c408 81fb | 70e9 0000 | 0f85 aa18 | 0000 49c1 | e003 410f | be68 103b | f50f 8547 | 1700 0041 
  0x00000105df649a80: 8b58 1441 | 8b7a 1445 | 8b44 dc0c | 418b 4cfc | 0c41 3bc8 | 0f85 d400 | 0000 4d8d | 04dc 498d 
  0x00000105df649aa0: 74dc 104d | 8d04 fc49 | 8d7c fc10 | 85c9 0f84 | a500 0000 | 8bc1 83e0 | 1f83 e1e0 | 0f84 4b00 
  0x00000105df649ac0: 0000 488d | 3c0f 488d | 340e 48f7 | d9c5 fe6f | 140f c5fe | 6f0c 0ec5 | edef d1c4 | e27d 17d2 
  0x00000105df649ae0: 0f85 7a00 | 0000 4883 | c120 75e1 | 85c0 0f84 | 6500 0000 | c5fe 6f54 | 07e0 c5fe | 6f4c 06e0 
  0x00000105df649b00: c5ed efd1 | c4e2 7d17 | d275 55eb | 4c8b c883 | e1fc 7419 | 488d 3c0f | 488d 340e | 48f7 d98b 
  0x00000105df649b20: 1c0f 3b1c | 0e75 3948 | 83c1 0475 | f2f7 c002 | 0000 0074 | 120f b71f | 0fb7 0e3b | d975 2148 
  0x00000105df649b40: 8d7f 0248 | 8d76 02f7 | c001 0000 | 0074 0a0f | b61f 0fb6 | 0e3b d975 | 07b8 0100 | 0000 eb02 
  0x00000105df649b60: 33c0 c5ed | efd2 c5f5 | efc9 85c0 | 753a ba45 | ffff ff48 | 8b2c 2444 | 8934 244c | 8b44 2410 
  0x00000105df649b80: 4c89 4424 | 08c5 fa11 | 4424 04c5 | fa11 5c24 | 104c 8954 | 2418 4489 | 4c24 1444 | 895c 2420 
  0x00000105df649ba0: c5f8 77e8 | 5887 44f8 | 4f8d 04cc | 418b 6814 | 458b 54ec | 0841 81fa | 086d 0000 | 0f85 f616 
  0x00000105df649bc0: 0000 4d8d | 04ec 418b | 780c 85ff | 0f86 f212 | 0000 458b | 5010 478b | 54d4 0c44 | 8bcf 41d1 
  0x00000105df649be0: f941 d1fa | c4c1 796e | c9c5 f85b | c9c5 e25c | d1c4 c179 | 6eca c5f8 | 5bc9 c5fa | 5cc9 c4c1 
  0x00000105df649c00: 797e cbc5 | f97e d045 | 8bcb 41c1 | e917 8bc8 | c1e9 1745 | 0fb6 c9bb | 9500 0000 | 412b d90f 
  0x00000105df649c20: b6c9 41b9 | 9500 0000 | 442b c9f7 | c3e0 ffff | ff0f 8587 | 0f00 0045 | 8bd3 4181 | e2ff ff7f 
  0x00000105df649c40: 0041 81ca | 0000 8000 | 4585 db0f | 8c1c 1000 | 008b cb41 | d3fa 41ff | c241 d1fa | 41f7 c1e0 
  0x00000105df649c60: ffff ff0f | 8533 0f00 | 0044 8bd8 | 4181 e3ff | ff7f 0041 | 81cb 0000 | 8000 85c0 | 0f8c e30f 
  0x00000105df649c80: 0000 418b | c941 d3fb | 41ff c341 | d1fb 458b | ee45 85ed | 0f85 dd00 | 0000 4533 | ed49 8bc0 
  0x00000105df649ca0: eb13 8b54 | 240c 448b | 5424 2044 | 8b5c 2424 | 448b 6c24 | 0841 8bed | c1fd 0385 | ed0f 85b1 
  0x00000105df649cc0: 1200 0044 | 8b48 0c41 | 8bdb 4103 | d944 3bdb | 0f8d 1903 | 0000 4d63 | c149 63cb | 418b fbf7 
  0x00000105df649ce0: df48 63ff | 4803 cf49 | 3bc8 0f83 | 0412 0000 | 4863 cb48 | 03cf 48ff | c949 3bc8 | 0f83 2a12 
  0x00000105df649d00: 0000 4c8b | 0424 418b | 480c 458b | 6ccc 0c45 | 85ed 0f86 | 1f12 0000 | 418b 7ccc | 1041 8b7c 
  0x00000105df649d20: fc0c 488b | 7424 1048 | 85f6 0f85 | cd11 0000 | 4585 c90f | 86c4 1100 | 0044 8b48 | 1047 8b4c 
  0x00000105df649d40: cc0c 4585 | c90f 86b2 | 1100 0089 | 7c24 0489 | 1c24 c4e1 | f96e d841 | 8bd9 4103 | da89 5c24 
  0x00000105df649d60: 0841 8bda | ffc3 498d | 3ccc c4e1 | f96e e741 | 8bfb e99c | 0100 0041 | f7c5 0400 | 0000 0f85 
  0x00000105df649d80: 400a 0000 | 41f7 c501 | 0000 000f | 8476 0400 | 0045 8b48 | 0c45 85c9 | 0f86 0213 | 0000 418b 
  0x00000105df649da0: 4810 418b | 4ccc 0c89 | 4c24 2c44 | 894c 2428 | 4489 5c24 | 1c44 8954 | 2418 4c89 | 4424 2089 
  0x00000105df649dc0: 5424 0c44 | 896c 2408 | 48ba 086d | 0000 0800 | 0000 458b | c144 8bc9 | c5f8 77e8 | 202e 4ff8 
  0x00000105df649de0: 448b 5c24 | 2841 ffcb | 443b 5c24 | 280f 8365 | 1200 0044 | 8b50 0c45 | 85d2 0f86 | 5812 0000 
  0x00000105df649e00: 453b da0f | 834f 1200 | 0044 8b74 | 242c 41ff | ce8b 5c24 | 2cd1 fb4c | 6344 242c | 8beb 83c5 
  0x00000105df649e20: fe3b dd41 | bb00 0000 | 8041 0f4c | eb4c 63d3 | 498b d049 | 2bd2 8bfb | ffc7 48ff | ca45 33ed 
  0x00000105df649e40: e9e8 0200 | 0066 6666 | 0f1f 8400 | 0000 0000 | 442b 5c24 | 1045 8bf3 | 41ff c644 | 8bde 453b 
  0x00000105df649e60: f10f 8348 | 0e00 0045 | 8b54 cc10 | 478b 54d4 | 0c45 3bda | 0f83 6b01 | 0000 c4c1 | f97e da41 
  0x00000105df649e80: 8b74 9210 | 458b 44f4 | 0c4d 8d14 | f445 3bf0 | 0f83 420e | 0000 478b | 54b2 1041 | 83fa ff0f 
  0x00000105df649ea0: 8436 0100 | 0045 8b44 | c40c 453b | d80f 8341 | 0e00 0046 | 8954 9d10 | 4533 c0c4 | c1f9 7eda 
  0x00000105df649ec0: 458b 5210 | 478b 54d4 | 0c44 0354 | 2410 4d8b | b748 0300 | 0041 8bf3 | ffc6 4185 | 0641 3bf2 
  0x00000105df649ee0: 0f8c 6aff | ffff 4d8b | 9748 0300 | 00ff c741 | 8502 3b3c | 240f 8df4 | 0000 00c4 | c1f9 7ec0 
  0x00000105df649f00: c4e1 f97e | cec5 f97e | d244 8b54 | 2410 448b | 5c24 1444 | 3b54 2408 | 0f8d e700 | 0000 4489 
  0x00000105df649f20: 5c24 1444 | 8954 2410 | c5f9 6ed2 | c4e1 f96e | cec4 c1f9 | 6ec0 c4c1 | f97e e241 | 8b44 ba10 
  0x00000105df649f40: 8bd7 412b | d341 3bfd | 0f83 6e06 | 0000 448b | 5c24 1044 | 3b5c 2404 | 0f83 5e06 | 0000 c4c1 
  0x00000105df649f60: f97e da45 | 8b5c 9210 | 478b 54dc | 0c45 85d2 | 0f86 b20e | 0000 478b | 54dc 1041 | 83fa ff0f 
  0x00000105df649f80: 84a0 0000 | 0045 8b44 | c40c 448b | 5c24 1045 | 3bd8 0f83 | 610d 0000 | 4d8d 04c4 | 4789 5498 
  0x00000105df649fa0: 1045 33c0 | c4c1 f97e | da45 8b52 | 1047 8b5c | d40c 4403 | 5c24 1041 | 3bdb 0f8d | 26ff ffff 
  0x00000105df649fc0: 413b fd0f | 83fb 0500 | 0049 8d2c | c444 8bdb | 41be 0100 | 0000 e983 | feff ffc4 | c1f9 7ec8 
  0x00000105df649fe0: e9d6 feff | ffc4 c1f9 | 7ec8 e9cc | feff ffc5 | f877 4883 | c460 5d49 | 3ba7 4003 | 0000 0f87 
  0x00000105df64a000: 8415 0000 | c344 895c | 2414 4489 | 5424 10c5 | f96e d2c4 | e1f9 6ece | c4c1 f96e | c04c 8bc6 
  0x00000105df64a020: e9c1 feff | ff4c 8bc6 | e977 ffff | ff66 6690 | 448b d942 | 8b5c 9f0c | 8b4c 242c | 412b c949 
  0x00000105df64a040: 63d1 895c | 9010 8b5c | 9710 4289 | 5c98 0c49 | 8bd8 482b | da44 8b5c | 9f08 4489 | 5c90 1444 
  0x00000105df64a060: 8b5c 9714 | 4489 5c98 | 0844 8b5c | 9f04 4489 | 5c90 1844 | 8b5c 9718 | 4489 5c98 | 0444 8b1c 
  0x00000105df64a080: 9f44 895c | 901c 8b74 | 971c 8934 | 9883 c1fc | 4183 c104 | 453b ca7c | 974d 8b97 | 4803 0000 
  0x00000105df64a0a0: 4185 0244 | 3bcd 7d2a | 448b d944 | 8bd5 452b | d141 3be9 | 440f 4c54 | 240c 4181 | faa0 0f00 
  0x00000105df64a0c0: 00bb a00f | 0000 440f | 47d3 4503 | d1e9 61ff | ffff c5f9 | 7ecb c4e1 | f97e d244 | 3b4c 2430 
  0x00000105df64a0e0: 7d2a 6690 | 8b74 8f0c | 4289 7488 | 1042 8b74 | 8f10 8974 | 880c 418b | f1ff c63b | 7424 307d 
  0x00000105df64a100: 0b41 8bce | 412b c944 | 8bce ebd8 | 4d8b 9748 | 0300 0041 | ffc5 4185 | 0244 3b6c | 2428 0f8d 
  0x00000105df64a120: cb00 0000 | c4e1 f97e | c08b 7c24 | 304c 8b54 | 2420 418b | 7210 85f6 | 0f84 f30c | 0000 478b 
  0x00000105df64a140: 4caa 1047 | 8b54 cc0c | 428b 4ca8 | 1045 8b5c | cc0c 897c | 2430 488b | fa8b d3c4 | e1f9 6ec0 
  0x00000105df64a160: 4963 da48 | 3bfb 0f83 | d40c 0000 | 453b f20f | 83cb 0c00 | 0045 85db | 0f86 c20c | 0000 8bda 
  0x00000105df64a180: 413b db0f | 83b7 0c00 | 0045 85d2 | 0f86 ae0c | 0000 413b | da0f 83a5 | 0c00 004d | 63d3 488b 
  0x00000105df64a1a0: d749 3bd2 | 0f83 960c | 0000 453b | f30f 838d | 0c00 0049 | 8d04 cc4b | 8d3c cc42 | 8b74 870c 
  0x00000105df64a1c0: 4189 74cc | 1047 8b54 | cc10 4689 | 5480 0c83 | fd01 0f8e | 9c0c 0000 | 458b de41 | b901 0000 
  0x00000105df64a1e0: 00c5 f96e | cbc4 e1f9 | 6ed2 e9bc | feff ff44 | 8b6c 2408 | 8b54 240c | c4c1 f97e | c044 8b54 
  0x00000105df64a200: 2418 448b | 5c24 1c41 | f7c5 0200 | 0000 7508 | 498b c0e9 | 9dfa ffff | 418b 680c | 85ed 0f86 
  0x00000105df64a220: 120e 0000 | 458b 4810 | 478b 4ccc | 0c89 6c24 | 2844 895c | 2424 4489 | 5424 204c | 8944 2418 
  0x00000105df64a240: 8954 240c | 4489 6c24 | 0848 ba08 | 6d00 0008 | 0000 0044 | 8bc5 6690 | c5f8 77e8 | a029 4ff8 
  0x00000105df64a260: 448b 580c | 448b cd41 | d1f9 458b | d141 ffc2 | 4585 db0f | 866c 0d00 | 0045 3bcb | 0f83 630d 
  0x00000105df64a280: 0000 4863 | ed4d 63c1 | 488b cd49 | 2bc8 48ff | c948 3bcd | 0f83 4b0d | 0000 448b | 4424 2841 
  0x00000105df64a2a0: ffc8 443b | 4424 280f | 8338 0d00 | 0044 8954 | 242c 4d63 | d349 3bca | 0f83 220d | 0000 453b 
  0x00000105df64a2c0: c30f 8361 | 0d00 0044 | 3b4c 2428 | 0f83 5d0d | 0000 4533 | d2eb 31c4 | c1f9 7ec3 | c4c1 797e 
  0x00000105df64a2e0: cac4 e1f9 | 7ee8 c4e1 | f97e f54d | 8b87 4803 | 0000 41ff | c241 8500 | 443b 5424 | 2c0f 8d9f 
  0x00000105df64a300: f9ff ff4c | 895c 2418 | 4c8b 5c24 | 1845 8b43 | 1043 8b7c | c40c 85ff | 76d1 c5fb | 1044 2418 
  0x00000105df64a320: c4c1 796e | ca4d 63c2 | 4c8b dd4d | 2bd8 4c8b | 5424 1847 | 8b54 9a0c | c4c1 796e | da47 8b6c 
  0x00000105df64a340: d40c 468b | 5480 10c4 | c179 6ee2 | 478b 4cd4 | 0c4c 8b54 | 2418 478b | 5482 10c4 | c179 6ed2 
  0x00000105df64a360: 438b 4cd4 | 0c42 8b5c | 980c 458b | 74dc 0c45 | 85ed 0f86 | 180b 0000 | 41bb 0100 | 0000 453b 
  0x00000105df64a380: dd41 ba01 | 0000 0045 | 0f4f d5c4 | c179 7ee3 | 4f8d 04dc | c4c1 797e | db4b 8d14 | dc41 8bf8 
  0x00000105df64a3a0: 498d 34dc | c1ef 02c4 | c179 7ed3 | 49c1 e303 | 83e7 0341 | 03fa f7df | 83e7 0341 | 03fa 413b 
  0x00000105df64a3c0: fd41 0f4f | fd45 33d2 | eb0e 6690 | 448b d144 | 8b4c 2418 | 8b4c 241c | 453b d50f | 837a 0100 
  0x00000105df64a3e0: 00c5 f96e | fb89 4c24 | 1c44 894c | 2418 c4e1 | f96e f5c4 | e1f9 6ee8 | 468b 4c92 | 1044 3b54 
  0x00000105df64a400: 2418 0f83 | 0809 0000 | 4789 4c90 | 1044 3bd1 | 0f83 5609 | 0000 478b | 4c93 1045 | 3bd6 0f83 
  0x00000105df64a420: a809 0000 | 4689 4c96 | 10c4 c1f9 | 7ec1 458b | 4910 478b | 4ccc 0c41 | 8bca ffc1 | 413b c90f 
  0x00000105df64a440: 8d92 feff | ff3b cf0f | 8c7f ffff | ff49 63dd | 4963 c648 | 636c 241c | 4863 7c24 | 1848 3bdf 
  0x00000105df64a460: 418b fd0f | 4f7c 2418 | 4963 d94c | 63cf 4c3b | cd0f 4f7c | 241c 48ff | cb4c 63cf | 4c3b c841 
  0x00000105df64a480: 0f4f fe44 | 8bcb 4863 | c748 3bc3 | 410f 4ff9 | 448b cf41 | 83c1 f941 | 3bf9 bf00 | 0000 8044 
  0x00000105df64a4a0: 0f4c cf41 | 3bc9 0f8d | ec09 0000 | 41ff c290 | c421 7a6f | 4492 10c4 | 017a 7f44 | 9010 c401 
  0x00000105df64a4c0: 7a6f 4493 | 10c4 217a | 7f44 9610 | c421 7a6f | 4492 20c4 | 017a 7f44 | 9020 c401 | 7a6f 4493 
  0x00000105df64a4e0: 20c4 217a | 7f44 9620 | 4183 c208 | 453b d17c | bf45 3bd5 | 7d59 6690 | 453b d573 | 5946 8b4c 
  0x00000105df64a500: 9210 443b | 5424 180f | 8303 0800 | 0047 894c | 9010 443b | 5424 1c0f | 834f 0800 | 0047 8b4c 
  0x00000105df64a520: 9310 453b | d60f 83a1 | 0800 0046 | 894c 9610 | c4c1 f97e | c145 8b49 | 1043 8b4c | cc0c 41ff 
  0x00000105df64a540: c244 3bd1 | 0f8d 8dfd | ffff 453b | d57c a9c4 | e1f9 7ee8 | eb05 c4e1 | f97e e8ba | e4ff ffff 
  0x00000105df64a560: 488b 2c24 | 448b 5c24 | 0844 891c | 244c 8b5c | 2410 4c89 | 5c24 0844 | 8b5c 2420 | 4489 5c24 
  0x00000105df64a580: 0444 8b44 | 2424 4489 | 4424 10c5 | fb11 4424 | 1848 8944 | 2420 4489 | 5424 2844 | 8954 242c 
  0x00000105df64a5a0: c5fa 114c | 2430 c5fa | 1164 2434 | c5fa 115c | 2438 6690 | c5f8 77e8 | 447d 44f8 | 4c8b c6e9 
  0x00000105df64a5c0: e0f9 ffff | 448b db41 | b801 0000 | 00eb 0f90 | 442b 5c24 | 1045 8bc3 | 41ff c045 | 8bda 453b 
  0x00000105df64a5e0: c10f 83c8 | 0600 0045 | 3b64 cc10 | 0f84 9008 | 0000 c4c1 | f97e d845 | 8b50 1043 | 8b54 d40c 
  0x00000105df64a600: 0354 2410 | 4d8b 8748 | 0300 0045 | 8bd3 41ff | c241 8500 | 443b d27c | b7c4 c1f9 | 7ec8 e9c3 
  0x00000105df64a620: f8ff ff43 | 8b6c cc18 | 85ed 0f84 | 230b 0000 | 478b 44cc | 0841 81f8 | 98b0 1400 | 0f84 3e0b 
  0x00000105df64a640: 0000 4d8d | 04ec 418b | 480c 413b | cb0f 858d | 0500 0045 | 8b48 1049 | 8bc9 48c1 | e103 493b 
  0x00000105df64a660: ca0f 8445 | f5ff ff41 | 0fbe 5a10 | 4c3b d10f | 8437 f5ff | ff43 8b7c | cc08 81ff | 70e9 0000 
  0x00000105df64a680: 0f85 520c | 0000 49c1 | e103 410f | be69 103b | dd0f 85e9 | 0b00 0041 | 8b79 1445 | 8b4a 1441 
  0x00000105df64a6a0: 8b5c fc0c | 438b 4ccc | 0c3b cb0f | 85d8 0000 | 0049 8d1c | fc49 8d74 | fc10 4b8d | 1ccc 4b8d 
  0x00000105df64a6c0: 7ccc 1085 | c90f 84a5 | 0000 008b | c183 e01f | 83e1 e00f | 844b 0000 | 0048 8d3c | 0f48 8d34 
  0x00000105df64a6e0: 0e48 f7d9 | c5fe 6f14 | 0fc5 fe6f | 0c0e c5ed | efd1 c4e2 | 7d17 d20f | 857a 0000 | 0048 83c1 
  0x00000105df64a700: 2075 e185 | c00f 8465 | 0000 00c5 | fe6f 5407 | e0c5 fe6f | 4c06 e0c5 | edef d1c4 | e27d 17d2 
  0x00000105df64a720: 7555 eb4c | 8bc8 83e1 | fc74 1948 | 8d3c 0f48 | 8d34 0e48 | f7d9 8b1c | 0f3b 1c0e | 7539 4883 
  0x00000105df64a740: c104 75f2 | f7c0 0200 | 0000 7412 | 0fb7 1f0f | b70e 3bd9 | 7521 488d | 7f02 488d | 7602 f7c0 
  0x00000105df64a760: 0100 0000 | 740a 0fb6 | 1f0f b60e | 3bd9 7507 | b801 0000 | 00eb 0233 | c0c5 edef | d2c5 f5ef 
  0x00000105df64a780: c985 c00f | 8523 f4ff | ffba 45ff | ffff 488b | 2c24 4489 | 3424 4c8b | 4c24 104c | 894c 2408 
  0x00000105df64a7a0: c5fa 1144 | 2404 c5fa | 115c 2410 | 4c89 5424 | 184c 8944 | 2420 4489 | 5c24 1490 | c5f8 77e8 
  0x00000105df64a7c0: 3c7b 44f8 | 418b 4810 | 458b 4ccc | 0c44 895c | 2424 4489 | 5424 2089 | 7c24 284c | 8944 2418 
  0x00000105df64a7e0: 8954 240c | 4489 6c24 | 0848 ba08 | 6d00 0008 | 0000 0044 | 8bc7 6690 | c5f8 77e8 | 0024 4ff8 
  0x00000105df64a800: 448b 5c24 | 2841 ffcb | 443b 5c24 | 280f 83e9 | 0900 008b | 580c 85db | 0f86 de09 | 0000 4c63 
  0x00000105df64a820: c345 33c9 | eb2f c5f9 | 7ecb c4c1 | f97e d8c4 | e1f9 7ec1 | 448b 4c24 | 3849 8b97 | 4803 0000 
  0x00000105df64a840: 41ff c185 | 0244 3b4c | 2428 0f8d | 3704 0000 | 4889 4c24 | 1848 8b4c | 2418 448b | 5910 478b 
  0x00000105df64a860: 54dc 0c45 | 85d2 76d1 | 418b fa44 | 894c 2438 | c5fb 1044 | 2418 4963 | f144 8b54 | b110 c4c1 
  0x00000105df64a880: 796e d247 | 8b74 d40c | 85db 0f86 | c102 0000 | 8b68 108b | cf41 2bc9 | ffc9 4585 | f60f 86fd 
  0x00000105df64a8a0: 0600 0047 | 8b4c d410 | 458b 54ec | 0c4d 8d1c | ec41 3bca | 0f83 5a08 | 0000 4c63 | d74c 2bd6 
  0x00000105df64a8c0: 4789 4c93 | 0c83 ff01 | 0f8e 61ff | ffff 4d63 | d64d 3bc2 | 448b d345 | 0f4f d6c4 | c179 7ed3 
  0x00000105df64a8e0: 4f8d 2cdc | 418b faff | cf44 3bd7 | 41bb 0000 | 0080 410f | 4cfb 83ff | 010f 8e1d | 0800 004c 
  0x00000105df64a900: 8b54 2418 | 458b 5a10 | 438b 6cdc | 0cc4 c179 | 7ed2 478b | 4cd4 148b | 5014 8bcd | 2b4c 2438 
  0x00000105df64a920: ffc9 458b | 54d4 0c4d | 8d1c d441 | 3bca 0f83 | f307 0000 | 4889 7424 | 18c4 c1f9 | 6ed8 c5f9 
  0x00000105df64a940: 6ecb 4863 | f54c 8bc6 | 4c2b 4424 | 1847 894c | 830c 83fd | 020f 8ecb | feff ffc4 | c179 7ed2 
  0x00000105df64a960: 478b 4cd4 | 188b 5018 | 458b 54d4 | 0c4d 8d1c | d441 3bca | 0f83 b807 | 0000 4789 | 4c83 0c83 
  0x00000105df64a980: fd03 0f8e | 9efe ffff | 41bb 0300 | 0000 443b | df0f 8da6 | 0700 00c4 | c179 7ed2 | 478b 4cd4 
  0x00000105df64a9a0: 1c8b 501c | 458b 54d4 | 0c4d 8d1c | d441 3bca | 0f83 9207 | 0000 4789 | 4c83 0c83 | fd04 0f8e 
  0x00000105df64a9c0: 62fe ffff | c4c1 797e | d247 8b4c | d420 448b | 5020 438b | 54d4 0c4f | 8d1c d43b | ca0f 83cd 
  0x00000105df64a9e0: 0700 0047 | 894c 830c | 83fd 050f | 8e35 feff | ff4c 8bd6 | 4983 c2fe | 4c63 df45 | 8bca 48ff 
  0x00000105df64aa00: ce8b d64c | 3bde 8bdf | 0f4f da4c | 63db 4d3b | da41 0f4f | d983 fb05 | 0f8e 9d07 | 0000 41ba 
  0x00000105df64aa20: 0500 0000 | 660f 1f44 | 0000 660f | 1f44 0000 | 478b 4c95 | 1046 8b5c | 9010 438b | 54dc 0c49 
  0x00000105df64aa40: c1e3 033b | ca0f 83b8 | 0100 0047 | 894c 830c | 468b 5c90 | 1447 8b4c | 9514 438b | 54dc 0c49 
  0x00000105df64aa60: c1e3 033b | ca0f 8395 | 0100 0047 | 894c 830c | 4183 c202 | 443b d37c | b744 3bd7 | 7d61 6690 
  0x00000105df64aa80: 478b 4c95 | 1042 8b5c | 9010 418b | 54dc 0c4d | 8d1c dc3b | ca0f 8368 | 0100 0047 | 894c 830c 
  0x00000105df64aaa0: 418b daff | c33b dd0f | 8d79 fdff | ff47 8b4c | 9514 468b | 5c90 1443 | 8b54 dc0c | 49c1 e303 
  0x00000105df64aac0: 3bca 0f83 | b007 0000 | 4789 4c83 | 0c41 83c2 | 0244 3bd5 | 0f8d 4cfd | ffff 443b | d77c a1c5 
  0x00000105df64aae0: f97e cbc4 | c1f9 7ed8 | 488b 7424 | 1844 3bd3 | 7d62 6690 | 443b d373 | 5bc4 c1f9 | 7ec3 458b 
  0x00000105df64ab00: 5b10 438b | 54dc 0c42 | 8b6c 9010 | 8bca 2b4c | 2438 ffc9 | 453b d60f | 8386 0400 | 0047 8b4c 
  0x00000105df64ab20: 9510 418b | 7cec 0c4d | 8d1c ec3b | cf0f 83d0 | 0000 0048 | 63ca 482b | ce45 894c | 8b0c 41ff 
  0x00000105df64ab40: c244 3bd2 | 0f8d e5fc | ffff 443b | d37c a5eb | 0345 33d2 | bae4 ffff | ff48 8b2c | 2444 8b5c 
  0x00000105df64ab60: 2408 4489 | 1c24 4c8b | 5c24 104c | 895c 2408 | 448b 4424 | 2044 8944 | 2404 448b | 5c24 2444 
  0x00000105df64ab80: 895c 2410 | c5fb 1144 | 2418 4889 | 4424 2844 | 8954 2430 | c5f8 77e8 | 6477 44f8 | c57a 2cda 
  0x00000105df64aba0: 4181 fb00 | 0000 8075 | 1048 83ec | 08c5 fa11 | 1424 e83c | 653f f841 | 5be9 d0f0 | ffff c57a 
  0x00000105df64abc0: 2cd1 4181 | fa00 0000 | 8075 1048 | 83ec 08c5 | fa11 0c24 | e81a 653f | f841 5ae9 | 7cf0 ffff 
  0x00000105df64abe0: 458b 4018 | 4d8b 8f48 | 0300 0041 | 8501 4585 | c00f 845c | 0500 0049 | c1e0 03e9 | 46fa ffff 
  0x00000105df64ac00: 41ff c2ba | e4ff ffff | 488b 2c24 | 8b5c 2408 | 891c 244c | 8b44 2410 | 4c89 4424 | 088b 5c24 
  0x00000105df64ac20: 2089 5c24 | 0444 8b44 | 2424 4489 | 4424 10c5 | fb11 4424 | 1848 8944 | 2420 4489 | 5424 144c 
  0x00000105df64ac40: 895c 2428 | 894c 2430 | 4489 4c24 | 3466 6690 | c5f8 77e8 | a876 44f8 | 4533 c033 | d245 33db 
  0x00000105df64ac60: e9c2 edff | ff41 f7db | e915 f0ff | ff41 f7da | e9dc efff | ff33 d241 | c642 1101 | 4533 c045 
  0x00000105df64ac80: 33db e9a0 | edff ff44 | 8b6c 2408 | 8b54 240c | 4c8b c044 | 8b54 2420 | 448b 5c24 | 24e9 e2f0 
  0x00000105df64aca0: ffff 4533 | c033 d245 | 33db e978 | edff ffba | 45ff ffff | c4e1 f97e | c5c5 fb11 | 0c24 c5fb 
  0x00000105df64acc0: 115c 2408 | 897c 2418 | 4489 5c24 | 1c66 6690 | c5f8 77e8 | 2876 44f8 | c4c1 796e | d6ba e6ff 
  0x00000105df64ace0: ffff 498b | eac5 fa11 | 1424 6690 | c5f8 77e8 | 0c76 44f8 | 4489 5c24 | 10ba e6ff | ffff 8be8 
  0x00000105df64ad00: 4489 5424 | 0466 6690 | c5f8 77e8 | f075 44f8 | bae4 ffff | ff48 8b2c | 2444 8b5c | 2408 4489 
  0x00000105df64ad20: 1c24 4c8b | 5c24 104c | 895c 2408 | 448b 5c24 | 2044 895c | 2404 448b | 4424 2444 | 8944 2410 
  0x00000105df64ad40: c5fb 1144 | 2418 c5fb | 116c 2420 | 4489 5424 | 2844 894c | 242c c5fa | 114c 2430 | c5fa 1164 
  0x00000105df64ad60: 2434 6690 | c5f8 77e8 | 9475 44f8 | bae4 ffff | ff48 8b2c | 2444 8b44 | 2408 4489 | 0424 4c8b 
  0x00000105df64ad80: 5c24 104c | 895c 2408 | 448b 5c24 | 2044 895c | 2404 448b | 4424 2444 | 8944 2410 | c5fb 1144 
  0x00000105df64ada0: 2418 c5fb | 116c 2420 | 4489 5424 | 2844 8954 | 242c c5fa | 114c 2430 | c5fa 1154 | 2434 c5fa 
  0x00000105df64adc0: 117c 2438 | c5f8 77e8 | 3475 44f8 | bae4 ffff | ff48 8b2c | 2444 8b5c | 2408 4489 | 1c24 4c8b 
  0x00000105df64ade0: 5c24 104c | 895c 2408 | 448b 5c24 | 2044 895c | 2404 448b | 4424 2444 | 8944 2410 | c5fb 1144 
  0x00000105df64ae00: 2418 c5fb | 116c 2420 | 4489 5424 | 2844 894c | 242c c5fa | 114c 2430 | c5fa 117c | 2434 6690 
  0x00000105df64ae20: c5f8 77e8 | d874 44f8 | 4f8d 14dc | e9ac feff | ffba f6ff | ffff 6690 | c5f8 77e8 | c074 44f8 
  0x00000105df64ae40: 418b 6cf4 | 0cd1 fdff | c5ba 76ff | ffff 448b | 5424 1844 | 8954 240c | 448b 5c24 | 1c44 895c 
  0x00000105df64ae60: 2418 4889 | 4424 2844 | 896c 241c | c5f8 77e8 | 8c74 44f8 | 418b ce41 | b901 0000 | 00e9 59f2 
  0x00000105df64ae80: ffff baf6 | ffff ff90 | c5f8 77e8 | 7074 44f8 | 4533 d2e9 | c3f6 ffff | 448b d1e9 | 51f6 ffff 
  0x00000105df64aea0: bade ffff | ff44 894c | 2408 c5fa | 1144 240c | c5fa 114c | 2418 4c89 | 5424 2090 | c5f8 77e8 
  0x00000105df64aec0: 3c74 44f8 | bae4 ffff | ff48 8b2c | 2444 8934 | 244c 8b54 | 2410 4c89 | 5424 084c | 8944 2418 
  0x00000105df64aee0: c5fa 115c | 2404 c5fa | 1144 2420 | c5f8 77e8 | 0c74 44f8 | 4c8b 0424 | 488b 7424 | 10ba beff 
  0x00000105df64af00: ffff 498b | e848 8934 | 2448 8944 | 2408 4489 | 5424 1044 | 895c 2418 | 4489 5c24 | 1c89 5c24 
  0x00000105df64af20: 2066 6690 | c5f8 77e8 | d473 44f8 | 4c8b 0424 | 488b 7424 | 10eb c648 | 8b74 2410 | ebbf ba45 
  0x00000105df64af40: ffff ff48 | 8b2c 2444 | 8934 2448 | 897c 2408 | c5fa 1144 | 2404 c5fa | 114c 2410 | 4c89 5424 
  0x00000105df64af60: 1844 894c | 2414 4489 | 4424 2490 | c5f8 77e8 | 8c73 44f8 | ba45 ffff | ff4c 8b44 | 2410 4c89 
  0x00000105df64af80: 4424 0848 | 8944 2410 | 4489 5424 | 1844 895c | 241c 4489 | 6c24 2090 | c5f8 77e8 | 6073 44f8 
  0x00000105df64afa0: 4533 d2ba | e4ff ffff | 448b 4424 | 2044 8944 | 240c 448b | 5c24 2444 | 895c 2418 | c5fb 1144 
  0x00000105df64afc0: 2420 4889 | 4424 2889 | 4c24 3044 | 8954 2434 | c5fa 1154 | 243c 6690 | c5f8 77e8 | 2073 44f8 
  0x00000105df64afe0: 448b 5424 | 2cba beff | ffff 488b | 2c24 448b | 5c24 0844 | 891c 244c | 8b5c 2410 | 4c89 5c24 
  0x00000105df64b000: 0844 8b44 | 2420 4489 | 4424 0444 | 8b5c 2424 | 4489 5c24 | 1048 8944 | 2420 4489 | 5424 1490 
  0x00000105df64b020: c5f8 77e8 | d872 44f8 | 448b 5424 | 2ceb b644 | 8b54 242c | ebaf bae4 | ffff ff44 | 896c 2408 
  0x00000105df64b040: 4489 5424 | 0c44 895c | 2418 4c89 | 4424 2890 | c5f8 77e8 | a872 44f8 | babe ffff | ff48 8b2c 
  0x00000105df64b060: 2444 8b5c | 2408 4489 | 1c24 4c8b | 5424 104c | 8954 2408 | 448b 5424 | 1844 8954 | 2404 448b 
  0x00000105df64b080: 5c24 1c44 | 895c 2410 | 4c8b 5424 | 204c 8954 | 2418 4889 | 4424 2090 | c5f8 77e8 | 6072 44f8 
  0x00000105df64b0a0: bae4 ffff | ff48 8b2c | 2444 892c | 2448 8b4c | 2410 4889 | 4c24 0844 | 8954 2404 | 4489 5c24 
  0x00000105df64b0c0: 104c 8944 | 2420 4489 | 4c24 1490 | c5f8 77e8 | 2c72 44f8 | ba76 ffff | ff44 8974 | 2408 c5fa 
  0x00000105df64b0e0: 1144 240c | c5fa 114c | 2418 4489 | 4c24 1c44 | 8944 2428 | 4c89 5424 | 3089 4424 | 2c66 6690 
  0x00000105df64b100: c5f8 77e8 | f871 44f8 | be01 0000 | 0033 d2e9 | efe8 ffff | 4533 d2e9 | e7fa ffff | 41ba 0100 
  0x00000105df64b120: 0000 e9c6 | f9ff ff41 | ba01 0000 | 00e9 d1fa | ffff 41ba | 0200 0000 | e9c6 faff | ff41 ba03 
  0x00000105df64b140: 0000 00e9 | 97f9 ffff | 41ba 0300 | 0000 e9b0 | faff ffba | f4ff ffff | 488b 2c24 | 4489 3424 
  0x00000105df64b160: 4c8b 5424 | 104c 8954 | 2408 c5fa | 1144 2404 | c5fa 115c | 2410 6690 | c5f8 77e8 | 8071 44f8 
  0x00000105df64b180: ba45 ffff | ff44 8974 | 2408 c5fa | 1144 240c | c5fa 115c | 2418 4c89 | 5424 2044 | 894c 241c 
  0x00000105df64b1a0: 4489 5c24 | 2866 6690 | c5f8 77e8 | 5071 44f8 | 41ba 0400 | 0000 e948 | faff ff41 | ba05 0000 
  0x00000105df64b1c0: 00e9 b3f8 | ffff ba45 | ffff ff44 | 8974 2408 | c5fa 1144 | 240c c5fa | 115c 2418 | 4489 4c24 
  0x00000105df64b1e0: 1c44 895c | 2428 4c89 | 5424 304c | 8944 2438 | 8974 242c | c5f8 77e8 | 0471 44f8 | babe ffff 
  0x00000105df64b200: ff48 8b2c | 2444 8b5c | 2408 4489 | 1c24 4c8b | 5424 104c | 8954 2408 | 448b 5424 | 2044 8954 
  0x00000105df64b220: 2404 448b | 5c24 2444 | 895c 2410 | 4889 4424 | 2066 6690 | c5f8 77e8 | c470 44f8 | 4585 db40 
  0x00000105df64b240: 0f95 c540 | 0fb6 ed83 | f501 ba45 | ffff ff44 | 8974 2408 | c5fa 1144 | 240c c5fa | 114c 2418 
  0x00000105df64b260: 4489 4c24 | 1c44 8944 | 2428 4c89 | 5424 3090 | c5f8 77e8 | 8870 44f8 | 448b d3e9 | 83f9 ffff 
  0x00000105df64b280: ba45 ffff | ff44 8974 | 2408 c5fa | 1144 240c | c5fa 115c | 2418 4c89 | 4424 2844 | 895c 241c 
  0x00000105df64b2a0: 4c89 5424 | 304c 894c | 2438 895c | 2440 6690 | c5f8 77e8 | 4870 44f8 | bade ffff | ff44 8974 
  0x00000105df64b2c0: 2408 c5fa | 1144 240c | c5fa 115c | 2418 6690 | c5f8 77e8 | 2870 44f8 | bade ffff | ff48 8b2c 
  0x00000105df64b2e0: 2444 8934 | 2448 8b4c | 2410 4889 | 4c24 08c5 | fa11 4424 | 04c5 fa11 | 5c24 104c | 8944 2420 
  0x00000105df64b300: 4489 5c24 | 144c 8954 | 2428 4489 | 4c24 3490 | c5f8 77e8 | e86f 44f8 | bade ffff | ff48 8b2c 
  0x00000105df64b320: 2444 8934 | 2448 8b4c | 2410 4889 | 4c24 08c5 | fa11 4424 | 04c5 fa11 | 5c24 1044 | 894c 2414 
  0x00000105df64b340: 4489 5c24 | 204c 8954 | 2428 4489 | 4424 3090 | c5f8 77e8 | a86f 44f8 | baf6 ffff | ff8b e944 
  0x00000105df64b360: 890c 2490 | c5f8 77e8 | 946f 44f8 | baf6 ffff | ff66 6690 | c5f8 77e8 | 846f 44f8 | c4c1 796e 
  0x00000105df64b380: d6ba f6ff | ffff c5f9 | 7ed5 6690 | c5f8 77e8 | 6c6f 44f8 | 4489 5c24 | 10ba f6ff | ffff 4489 
  0x00000105df64b3a0: 1424 6690 | c5f8 77e8 | 546f 44f8 | baf6 ffff | ff66 6690 | c5f8 77e8 | 446f 44f8 | ba76 ffff 
  0x00000105df64b3c0: ff48 8b2c | 2444 8b5c | 2408 4489 | 1c24 4c8b | 5424 104c | 8954 2408 | 448b 5c24 | 2044 895c 
  0x00000105df64b3e0: 2404 448b | 5424 2444 | 8954 2410 | 4889 4424 | 20c5 fa11 | 4c24 1489 | 7c24 2890 | c5f8 77e8 
  0x00000105df64b400: fc6e 44f8 | baf6 ffff | ff66 6690 | c5f8 77e8 | ec6e 44f8 | 488b d0eb | 0848 8bd0 | eb03 488b 
  0x00000105df64b420: d0c5 f877 | 4883 c460 | 5de9 d22b | 4ff8 baf6 | ffff ff49 | 8bea 6690 | c5f8 77e8 | c06e 44f8 
  0x00000105df64b440: baf6 ffff | ff66 6690 | c5f8 77e8 | b06e 44f8 | 488b 7424 | 10e9 a3fa | ffff 488b | 7424 10e9 
  0x00000105df64b460: 99fa ffff | baf6 ffff | ff66 6690 | c5f8 77e8 | 8c6e 44f8 | baf6 ffff | ff66 6690 | c5f8 77e8 
  0x00000105df64b480: 7c6e 44f8 | baf6 ffff | ff66 6690 | c5f8 77e8 | 6c6e 44f8 | ba45 ffff | ff48 8b2c | 2444 8934 
  0x00000105df64b4a0: 2448 8b4c | 2410 4889 | 4c24 08c5 | fa11 4424 | 04c5 fa11 | 5c24 1044 | 894c 2414 | 4489 5c24 
  0x00000105df64b4c0: 2044 8944 | 2424 4c89 | 5424 2890 | c5f8 77e8 | 2c6e 44f8 | baf6 ffff | ff66 6690 | c5f8 77e8 
  0x00000105df64b4e0: 1c6e 44f8 | baf6 ffff | ff66 6690 | c5f8 77e8 | 0c6e 44f8 | ba76 ffff | ff48 8b2c | 2444 8b54 
  0x00000105df64b500: 2408 4489 | 1424 4c8b | 5424 104c | 8954 2408 | 448b 5c24 | 2044 895c | 2404 448b | 5424 2444 
  0x00000105df64b520: 8954 2410 | 4889 4424 | 2089 7c24 | 2866 6690 | c5f8 77e8 | c86d 44f8 | baf6 ffff | ff66 6690 
  0x00000105df64b540: c5f8 77e8 | b86d 44f8 | ba45 ffff | ff48 8b2c | 2444 8934 | 2448 8b4c | 2410 4889 | 4c24 08c5 
  0x00000105df64b560: fa11 4424 | 04c5 fa11 | 5c24 104c | 8944 2420 | 4489 5c24 | 1444 894c | 2428 4c89 | 5424 3090 
  0x00000105df64b580: c5f8 77e8 | 786d 44f8 | 49ba f79f | 64df 0501 | 0000 4d89 | 9758 0300 | 00e9 627e | 44f8 f4f4 
  0x00000105df64b5a0: e9db 954e | f8e8 0000 | 0000 4883 | 2c24 05e9 | ec70 44f8 | f4f4 f4f4 
[/MachCode]
--------------------------------------------------------------------------------


---------------  P R O C E S S  ---------------

Threads class SMR info:
_java_thread_list=0x00000105f4b07d90, length=27, elements={
0x00000105f351ac40, 0x00000105f351d060, 0x00000105f3537910, 0x00000105f35392d0,
0x00000105f353ce90, 0x00000105f353e370, 0x00000105f35440e0, 0x00000105f35449e0,
0x00000105f35491a0, 0x00000105f4101ec0, 0x00000105f41083f0, 0x00000105f353f1e0,
0x00000105f3541390, 0x00000105f353dea0, 0x00000105f35409f0, 0x00000105f353ed10,
0x00000105f353f6b0, 0x00000105f3540050, 0x00000105f3540520, 0x00000105f3540ec0,
0x00000105f353e840, 0x00000105f49ce910, 0x00000105f49cee20, 0x00000105f49a3280,
0x00000105f49a3790, 0x00000105f49cdd70, 0x00000105f3541860
}

Java Threads: ( => current thread )
  0x00000105f351ac40 JavaThread "Reference Handler" daemon [_thread_blocked, id=22424, stack(0x0000000242c00000,0x0000000242d00000)]
  0x00000105f351d060 JavaThread "Finalizer" daemon [_thread_blocked, id=15536, stack(0x0000000242d00000,0x0000000242e00000)]
  0x00000105f3537910 JavaThread "Signal Dispatcher" daemon [_thread_blocked, id=16960, stack(0x0000000242e00000,0x0000000242f00000)]
  0x00000105f35392d0 JavaThread "Attach Listener" daemon [_thread_blocked, id=12916, stack(0x0000000242f00000,0x0000000243000000)]
  0x00000105f353ce90 JavaThread "Service Thread" daemon [_thread_blocked, id=15824, stack(0x0000000243000000,0x0000000243100000)]
  0x00000105f353e370 JavaThread "Monitor Deflation Thread" daemon [_thread_blocked, id=14140, stack(0x0000000243100000,0x0000000243200000)]
  0x00000105f35440e0 JavaThread "C2 CompilerThread0" daemon [_thread_blocked, id=19388, stack(0x0000000243200000,0x0000000243300000)]
  0x00000105f35449e0 JavaThread "C1 CompilerThread0" daemon [_thread_blocked, id=20216, stack(0x0000000243300000,0x0000000243400000)]
  0x00000105f35491a0 JavaThread "Sweeper thread" daemon [_thread_blocked, id=7416, stack(0x0000000243400000,0x0000000243500000)]
  0x00000105f4101ec0 JavaThread "C1 CompilerThread1" daemon [_thread_blocked, id=22728, stack(0x0000000243500000,0x0000000243600000)]
  0x00000105f41083f0 JavaThread "C1 CompilerThread2" daemon [_thread_blocked, id=2328, stack(0x0000000243600000,0x0000000243700000)]
  0x00000105f353f1e0 JavaThread "Notification Thread" daemon [_thread_blocked, id=15424, stack(0x0000000243700000,0x0000000243800000)]
  0x00000105f3541390 JavaThread "Common-Cleaner" daemon [_thread_blocked, id=2036, stack(0x0000000243900000,0x0000000243a00000)]
  0x00000105f353dea0 JavaThread "DestroyJavaVM" [_thread_blocked, id=22916, stack(0x0000000242500000,0x0000000242600000)]
  0x00000105f35409f0 JavaThread "Java2D Disposer" daemon [_thread_blocked, id=23132, stack(0x0000000243b00000,0x0000000243c00000)]
  0x00000105f353ed10 JavaThread "AWT-Shutdown" [_thread_blocked, id=6632, stack(0x0000000243d00000,0x0000000243e00000)]
  0x00000105f353f6b0 JavaThread "AWT-Windows" daemon [_thread_in_native, id=23780, stack(0x0000000243e00000,0x0000000243f00000)]
  0x00000105f3540050 JavaThread "AWT-EventQueue-0" [_thread_blocked, id=8696, stack(0x0000000244b00000,0x0000000244c00000)]
=>0x00000105f3540520 JavaThread "Thread-2" [_thread_in_Java, id=23196, stack(0x0000000244c00000,0x0000000244d00000)]
  0x00000105f3540ec0 JavaThread "Thread-1" [_thread_in_Java, id=21192, stack(0x0000000244d00000,0x0000000244e00000)]
  0x00000105f353e840 JavaThread "D3D Screen Updater" daemon [_thread_blocked, id=592, stack(0x0000000243a00000,0x0000000243b00000)]
  0x00000105f49ce910 JavaThread "C2 CompilerThread1" daemon [_thread_blocked, id=24400, stack(0x0000000243c00000,0x0000000243d00000)]
  0x00000105f49cee20 JavaThread "C2 CompilerThread2" daemon [_thread_blocked, id=20440, stack(0x0000000244e00000,0x0000000244f00000)]
  0x00000105f49a3280 JavaThread "C2 CompilerThread3" daemon [_thread_blocked, id=9568, stack(0x0000000244f00000,0x0000000245000000)]
  0x00000105f49a3790 JavaThread "C2 CompilerThread4" daemon [_thread_blocked, id=22940, stack(0x0000000245000000,0x0000000245100000)]
  0x00000105f49cdd70 JavaThread "C2 CompilerThread5" daemon [_thread_blocked, id=12328, stack(0x0000000245100000,0x0000000245200000)]
  0x00000105f3541860 JavaThread "Thread-3" [_thread_in_Java, id=19540, stack(0x0000000245200000,0x0000000245300000)]

Other Threads:
  0x00000105f35131c0 VMThread "VM Thread" [stack: 0x0000000242b00000,0x0000000242c00000] [id=12208]
  0x00000105f4137380 WatcherThread [stack: 0x0000000243800000,0x0000000243900000] [id=15152]
  0x00000105cffbef10 GCTaskThread "GC Thread#0" [stack: 0x0000000242600000,0x0000000242700000] [id=2812]
  0x00000105f49eeee0 GCTaskThread "GC Thread#1" [stack: 0x0000000245300000,0x0000000245400000] [id=23984]
  0x00000105f4a3caf0 GCTaskThread "GC Thread#2" [stack: 0x0000000245400000,0x0000000245500000] [id=22800]
  0x00000105f4a3cda0 GCTaskThread "GC Thread#3" [stack: 0x0000000245500000,0x0000000245600000] [id=24092]
  0x00000105f4b961f0 GCTaskThread "GC Thread#4" [stack: 0x0000000245600000,0x0000000245700000] [id=7132]
  0x00000105f4b964a0 GCTaskThread "GC Thread#5" [stack: 0x0000000245700000,0x0000000245800000] [id=19920]
  0x00000105f4ae1760 GCTaskThread "GC Thread#6" [stack: 0x0000000245800000,0x0000000245900000] [id=22180]
  0x00000105f4ae1a10 GCTaskThread "GC Thread#7" [stack: 0x0000000245900000,0x0000000245a00000] [id=16528]
  0x00000105f4ae20d0 GCTaskThread "GC Thread#8" [stack: 0x0000000245a00000,0x0000000245b00000] [id=20664]
  0x00000105f4a788d0 GCTaskThread "GC Thread#9" [stack: 0x0000000245b00000,0x0000000245c00000] [id=10664]
  0x00000105f4bfa550 GCTaskThread "GC Thread#10" [stack: 0x0000000245c00000,0x0000000245d00000] [id=22888]
  0x00000105f4c632d0 GCTaskThread "GC Thread#11" [stack: 0x0000000245d00000,0x0000000245e00000] [id=22476]
  0x00000105cffcf4e0 ConcurrentGCThread "G1 Main Marker" [stack: 0x0000000242700000,0x0000000242800000] [id=10376]
  0x00000105cffd16a0 ConcurrentGCThread "G1 Conc#0" [stack: 0x0000000242800000,0x0000000242900000] [id=23336]
  0x00000105d003e980 ConcurrentGCThread "G1 Refine#0" [stack: 0x0000000242900000,0x0000000242a00000] [id=17332]
  0x00000105d003f2a0 ConcurrentGCThread "G1 Service" [stack: 0x0000000242a00000,0x0000000242b00000] [id=21732]

Threads with active compile tasks:

VM state: not at safepoint (normal execution)

VM Mutex/Monitor currently owned by a thread: None

Heap address: 0x0000000709600000, size: 3946 MB, Compressed Oops mode: Zero based, Oop shift amount: 3

CDS archive(s) mapped at: [0x0000000800000000-0x0000000800bc0000-0x0000000800bc0000), size 12320768, SharedBaseAddress: 0x0000000800000000, ArchiveRelocationMode: 0.
Compressed class space mapped at: 0x0000000800c00000-0x0000000840c00000, reserved size: 1073741824
Narrow klass base: 0x0000000800000000, Narrow klass shift: 0, Narrow klass range: 0x100000000

GC Precious Log:
 CPUs: 16 total, 16 available
 Memory: 15776M
 Large Page Support: Disabled
 NUMA Support: Disabled
 Compressed Oops: Enabled (Zero based)
 Heap Region Size: 2M
 Heap Min Capacity: 8M
 Heap Initial Capacity: 248M
 Heap Max Capacity: 3946M
 Pre-touch: Disabled
 Parallel Workers: 13
 Concurrent Workers: 3
 Concurrent Refinement Workers: 13
 Periodic GC: Disabled

Heap:
 garbage-first heap   total 253952K, used 9750K [0x0000000709600000, 0x0000000800000000)
  region size 2048K, 3 young (6144K), 2 survivors (4096K)
 Metaspace       used 6977K, committed 7104K, reserved 1056768K
  class space    used 751K, committed 832K, reserved 1048576K

Heap Regions: E=young(eden), S=young(survivor), O=old, HS=humongous(starts), HC=humongous(continues), CS=collection set, F=free, OA=open archive, CA=closed archive, TAMS=top-at-mark-start (previous, next)
|   0|0x0000000709600000, 0x0000000709800000, 0x0000000709800000|100%|HS|  |TAMS 0x0000000709600000, 0x0000000709600000| Complete 
|   1|0x0000000709800000, 0x0000000709a00000, 0x0000000709a00000|100%|HC|  |TAMS 0x0000000709800000, 0x0000000709800000| Complete 
|   2|0x0000000709a00000, 0x0000000709b85a00, 0x0000000709c00000| 76%| O|  |TAMS 0x0000000709a00000, 0x0000000709a00000| Untracked 
|   3|0x0000000709c00000, 0x0000000709c00000, 0x0000000709e00000|  0%| F|  |TAMS 0x0000000709c00000, 0x0000000709c00000| Untracked 
|   4|0x0000000709e00000, 0x0000000709e00000, 0x000000070a000000|  0%| F|  |TAMS 0x0000000709e00000, 0x0000000709e00000| Untracked 
|   5|0x000000070a000000, 0x000000070a000000, 0x000000070a200000|  0%| F|  |TAMS 0x000000070a000000, 0x000000070a000000| Untracked 
|   6|0x000000070a200000, 0x000000070a200000, 0x000000070a400000|  0%| F|  |TAMS 0x000000070a200000, 0x000000070a200000| Untracked 
|   7|0x000000070a400000, 0x000000070a400000, 0x000000070a600000|  0%| F|  |TAMS 0x000000070a400000, 0x000000070a400000| Untracked 
|   8|0x000000070a600000, 0x000000070a600000, 0x000000070a800000|  0%| F|  |TAMS 0x000000070a600000, 0x000000070a600000| Untracked 
|   9|0x000000070a800000, 0x000000070a800000, 0x000000070aa00000|  0%| F|  |TAMS 0x000000070a800000, 0x000000070a800000| Untracked 
|  10|0x000000070aa00000, 0x000000070aa00000, 0x000000070ac00000|  0%| F|  |TAMS 0x000000070aa00000, 0x000000070aa00000| Untracked 
|  11|0x000000070ac00000, 0x000000070ac00000, 0x000000070ae00000|  0%| F|  |TAMS 0x000000070ac00000, 0x000000070ac00000| Untracked 
|  12|0x000000070ae00000, 0x000000070ae00000, 0x000000070b000000|  0%| F|  |TAMS 0x000000070ae00000, 0x000000070ae00000| Untracked 
|  13|0x000000070b000000, 0x000000070b000000, 0x000000070b200000|  0%| F|  |TAMS 0x000000070b000000, 0x000000070b000000| Untracked 
|  14|0x000000070b200000, 0x000000070b200000, 0x000000070b400000|  0%| F|  |TAMS 0x000000070b200000, 0x000000070b200000| Untracked 
|  15|0x000000070b400000, 0x000000070b400000, 0x000000070b600000|  0%| F|  |TAMS 0x000000070b400000, 0x000000070b400000| Untracked 
|  16|0x000000070b600000, 0x000000070b600000, 0x000000070b800000|  0%| F|  |TAMS 0x000000070b600000, 0x000000070b600000| Untracked 
|  17|0x000000070b800000, 0x000000070b800000, 0x000000070ba00000|  0%| F|  |TAMS 0x000000070b800000, 0x000000070b800000| Untracked 
|  18|0x000000070ba00000, 0x000000070ba00000, 0x000000070bc00000|  0%| F|  |TAMS 0x000000070ba00000, 0x000000070ba00000| Untracked 
|  19|0x000000070bc00000, 0x000000070bc00000, 0x000000070be00000|  0%| F|  |TAMS 0x000000070bc00000, 0x000000070bc00000| Untracked 
|  20|0x000000070be00000, 0x000000070be00000, 0x000000070c000000|  0%| F|  |TAMS 0x000000070be00000, 0x000000070be00000| Untracked 
|  21|0x000000070c000000, 0x000000070c000000, 0x000000070c200000|  0%| F|  |TAMS 0x000000070c000000, 0x000000070c000000| Untracked 
|  22|0x000000070c200000, 0x000000070c200000, 0x000000070c400000|  0%| F|  |TAMS 0x000000070c200000, 0x000000070c200000| Untracked 
|  23|0x000000070c400000, 0x000000070c400000, 0x000000070c600000|  0%| F|  |TAMS 0x000000070c400000, 0x000000070c400000| Untracked 
|  24|0x000000070c600000, 0x000000070c600000, 0x000000070c800000|  0%| F|  |TAMS 0x000000070c600000, 0x000000070c600000| Untracked 
|  25|0x000000070c800000, 0x000000070c800000, 0x000000070ca00000|  0%| F|  |TAMS 0x000000070c800000, 0x000000070c800000| Untracked 
|  26|0x000000070ca00000, 0x000000070ca00000, 0x000000070cc00000|  0%| F|  |TAMS 0x000000070ca00000, 0x000000070ca00000| Untracked 
|  27|0x000000070cc00000, 0x000000070cc00000, 0x000000070ce00000|  0%| F|  |TAMS 0x000000070cc00000, 0x000000070cc00000| Untracked 
|  28|0x000000070ce00000, 0x000000070ce00000, 0x000000070d000000|  0%| F|  |TAMS 0x000000070ce00000, 0x000000070ce00000| Untracked 
|  29|0x000000070d000000, 0x000000070d000000, 0x000000070d200000|  0%| F|  |TAMS 0x000000070d000000, 0x000000070d000000| Untracked 
|  30|0x000000070d200000, 0x000000070d200000, 0x000000070d400000|  0%| F|  |TAMS 0x000000070d200000, 0x000000070d200000| Untracked 
|  31|0x000000070d400000, 0x000000070d400000, 0x000000070d600000|  0%| F|  |TAMS 0x000000070d400000, 0x000000070d400000| Untracked 
|  32|0x000000070d600000, 0x000000070d600000, 0x000000070d800000|  0%| F|  |TAMS 0x000000070d600000, 0x000000070d600000| Untracked 
|  33|0x000000070d800000, 0x000000070d800000, 0x000000070da00000|  0%| F|  |TAMS 0x000000070d800000, 0x000000070d800000| Untracked 
|  34|0x000000070da00000, 0x000000070da00000, 0x000000070dc00000|  0%| F|  |TAMS 0x000000070da00000, 0x000000070da00000| Untracked 
|  35|0x000000070dc00000, 0x000000070dc00000, 0x000000070de00000|  0%| F|  |TAMS 0x000000070dc00000, 0x000000070dc00000| Untracked 
|  36|0x000000070de00000, 0x000000070de00000, 0x000000070e000000|  0%| F|  |TAMS 0x000000070de00000, 0x000000070de00000| Untracked 
|  37|0x000000070e000000, 0x000000070e000000, 0x000000070e200000|  0%| F|  |TAMS 0x000000070e000000, 0x000000070e000000| Untracked 
|  38|0x000000070e200000, 0x000000070e200000, 0x000000070e400000|  0%| F|  |TAMS 0x000000070e200000, 0x000000070e200000| Untracked 
|  39|0x000000070e400000, 0x000000070e400000, 0x000000070e600000|  0%| F|  |TAMS 0x000000070e400000, 0x000000070e400000| Untracked 
|  40|0x000000070e600000, 0x000000070e600000, 0x000000070e800000|  0%| F|  |TAMS 0x000000070e600000, 0x000000070e600000| Untracked 
|  41|0x000000070e800000, 0x000000070e800000, 0x000000070ea00000|  0%| F|  |TAMS 0x000000070e800000, 0x000000070e800000| Untracked 
|  42|0x000000070ea00000, 0x000000070ea00000, 0x000000070ec00000|  0%| F|  |TAMS 0x000000070ea00000, 0x000000070ea00000| Untracked 
|  43|0x000000070ec00000, 0x000000070ec00000, 0x000000070ee00000|  0%| F|  |TAMS 0x000000070ec00000, 0x000000070ec00000| Untracked 
|  44|0x000000070ee00000, 0x000000070ee00000, 0x000000070f000000|  0%| F|  |TAMS 0x000000070ee00000, 0x000000070ee00000| Untracked 
|  45|0x000000070f000000, 0x000000070f000000, 0x000000070f200000|  0%| F|  |TAMS 0x000000070f000000, 0x000000070f000000| Untracked 
|  46|0x000000070f200000, 0x000000070f200000, 0x000000070f400000|  0%| F|  |TAMS 0x000000070f200000, 0x000000070f200000| Untracked 
|  47|0x000000070f400000, 0x000000070f400000, 0x000000070f600000|  0%| F|  |TAMS 0x000000070f400000, 0x000000070f400000| Untracked 
|  48|0x000000070f600000, 0x000000070f600000, 0x000000070f800000|  0%| F|  |TAMS 0x000000070f600000, 0x000000070f600000| Untracked 
|  49|0x000000070f800000, 0x000000070f800000, 0x000000070fa00000|  0%| F|  |TAMS 0x000000070f800000, 0x000000070f800000| Untracked 
|  50|0x000000070fa00000, 0x000000070fa00000, 0x000000070fc00000|  0%| F|  |TAMS 0x000000070fa00000, 0x000000070fa00000| Untracked 
|  51|0x000000070fc00000, 0x000000070fc00000, 0x000000070fe00000|  0%| F|  |TAMS 0x000000070fc00000, 0x000000070fc00000| Untracked 
|  52|0x000000070fe00000, 0x000000070fe00000, 0x0000000710000000|  0%| F|  |TAMS 0x000000070fe00000, 0x000000070fe00000| Untracked 
|  53|0x0000000710000000, 0x0000000710000000, 0x0000000710200000|  0%| F|  |TAMS 0x0000000710000000, 0x0000000710000000| Untracked 
|  54|0x0000000710200000, 0x0000000710200000, 0x0000000710400000|  0%| F|  |TAMS 0x0000000710200000, 0x0000000710200000| Untracked 
|  55|0x0000000710400000, 0x0000000710400000, 0x0000000710600000|  0%| F|  |TAMS 0x0000000710400000, 0x0000000710400000| Untracked 
|  56|0x0000000710600000, 0x0000000710600000, 0x0000000710800000|  0%| F|  |TAMS 0x0000000710600000, 0x0000000710600000| Untracked 
|  57|0x0000000710800000, 0x0000000710800000, 0x0000000710a00000|  0%| F|  |TAMS 0x0000000710800000, 0x0000000710800000| Untracked 
|  58|0x0000000710a00000, 0x0000000710a00000, 0x0000000710c00000|  0%| F|  |TAMS 0x0000000710a00000, 0x0000000710a00000| Untracked 
|  59|0x0000000710c00000, 0x0000000710c00000, 0x0000000710e00000|  0%| F|  |TAMS 0x0000000710c00000, 0x0000000710c00000| Untracked 
|  60|0x0000000710e00000, 0x0000000710e00000, 0x0000000711000000|  0%| F|  |TAMS 0x0000000710e00000, 0x0000000710e00000| Untracked 
|  61|0x0000000711000000, 0x0000000711000000, 0x0000000711200000|  0%| F|  |TAMS 0x0000000711000000, 0x0000000711000000| Untracked 
|  62|0x0000000711200000, 0x0000000711200000, 0x0000000711400000|  0%| F|  |TAMS 0x0000000711200000, 0x0000000711200000| Untracked 
|  63|0x0000000711400000, 0x0000000711400000, 0x0000000711600000|  0%| F|  |TAMS 0x0000000711400000, 0x0000000711400000| Untracked 
|  64|0x0000000711600000, 0x0000000711600000, 0x0000000711800000|  0%| F|  |TAMS 0x0000000711600000, 0x0000000711600000| Untracked 
|  65|0x0000000711800000, 0x0000000711800000, 0x0000000711a00000|  0%| F|  |TAMS 0x0000000711800000, 0x0000000711800000| Untracked 
|  66|0x0000000711a00000, 0x0000000711a00000, 0x0000000711c00000|  0%| F|  |TAMS 0x0000000711a00000, 0x0000000711a00000| Untracked 
|  67|0x0000000711c00000, 0x0000000711c00000, 0x0000000711e00000|  0%| F|  |TAMS 0x0000000711c00000, 0x0000000711c00000| Untracked 
|  68|0x0000000711e00000, 0x0000000711e00000, 0x0000000712000000|  0%| F|  |TAMS 0x0000000711e00000, 0x0000000711e00000| Untracked 
|  69|0x0000000712000000, 0x0000000712000000, 0x0000000712200000|  0%| F|  |TAMS 0x0000000712000000, 0x0000000712000000| Untracked 
|  70|0x0000000712200000, 0x0000000712200000, 0x0000000712400000|  0%| F|  |TAMS 0x0000000712200000, 0x0000000712200000| Untracked 
|  71|0x0000000712400000, 0x0000000712400000, 0x0000000712600000|  0%| F|  |TAMS 0x0000000712400000, 0x0000000712400000| Untracked 
|  72|0x0000000712600000, 0x0000000712600000, 0x0000000712800000|  0%| F|  |TAMS 0x0000000712600000, 0x0000000712600000| Untracked 
|  73|0x0000000712800000, 0x0000000712800000, 0x0000000712a00000|  0%| F|  |TAMS 0x0000000712800000, 0x0000000712800000| Untracked 
|  74|0x0000000712a00000, 0x0000000712a00000, 0x0000000712c00000|  0%| F|  |TAMS 0x0000000712a00000, 0x0000000712a00000| Untracked 
|  75|0x0000000712c00000, 0x0000000712c00000, 0x0000000712e00000|  0%| F|  |TAMS 0x0000000712c00000, 0x0000000712c00000| Untracked 
|  76|0x0000000712e00000, 0x0000000712e00000, 0x0000000713000000|  0%| F|  |TAMS 0x0000000712e00000, 0x0000000712e00000| Untracked 
|  77|0x0000000713000000, 0x0000000713000000, 0x0000000713200000|  0%| F|  |TAMS 0x0000000713000000, 0x0000000713000000| Untracked 
|  78|0x0000000713200000, 0x0000000713200000, 0x0000000713400000|  0%| F|  |TAMS 0x0000000713200000, 0x0000000713200000| Untracked 
|  79|0x0000000713400000, 0x0000000713400000, 0x0000000713600000|  0%| F|  |TAMS 0x0000000713400000, 0x0000000713400000| Untracked 
|  80|0x0000000713600000, 0x0000000713600000, 0x0000000713800000|  0%| F|  |TAMS 0x0000000713600000, 0x0000000713600000| Untracked 
|  81|0x0000000713800000, 0x0000000713800000, 0x0000000713a00000|  0%| F|  |TAMS 0x0000000713800000, 0x0000000713800000| Untracked 
|  82|0x0000000713a00000, 0x0000000713a00000, 0x0000000713c00000|  0%| F|  |TAMS 0x0000000713a00000, 0x0000000713a00000| Untracked 
|  83|0x0000000713c00000, 0x0000000713c00000, 0x0000000713e00000|  0%| F|  |TAMS 0x0000000713c00000, 0x0000000713c00000| Untracked 
|  84|0x0000000713e00000, 0x0000000713e00000, 0x0000000714000000|  0%| F|  |TAMS 0x0000000713e00000, 0x0000000713e00000| Untracked 
|  85|0x0000000714000000, 0x0000000714000000, 0x0000000714200000|  0%| F|  |TAMS 0x0000000714000000, 0x0000000714000000| Untracked 
|  86|0x0000000714200000, 0x0000000714200000, 0x0000000714400000|  0%| F|  |TAMS 0x0000000714200000, 0x0000000714200000| Untracked 
|  87|0x0000000714400000, 0x0000000714400000, 0x0000000714600000|  0%| F|  |TAMS 0x0000000714400000, 0x0000000714400000| Untracked 
|  88|0x0000000714600000, 0x0000000714600000, 0x0000000714800000|  0%| F|  |TAMS 0x0000000714600000, 0x0000000714600000| Untracked 
|  89|0x0000000714800000, 0x0000000714800000, 0x0000000714a00000|  0%| F|  |TAMS 0x0000000714800000, 0x0000000714800000| Untracked 
|  90|0x0000000714a00000, 0x0000000714a00000, 0x0000000714c00000|  0%| F|  |TAMS 0x0000000714a00000, 0x0000000714a00000| Untracked 
|  91|0x0000000714c00000, 0x0000000714c00000, 0x0000000714e00000|  0%| F|  |TAMS 0x0000000714c00000, 0x0000000714c00000| Untracked 
|  92|0x0000000714e00000, 0x0000000714e00000, 0x0000000715000000|  0%| F|  |TAMS 0x0000000714e00000, 0x0000000714e00000| Untracked 
|  93|0x0000000715000000, 0x0000000715000000, 0x0000000715200000|  0%| F|  |TAMS 0x0000000715000000, 0x0000000715000000| Untracked 
|  94|0x0000000715200000, 0x0000000715200000, 0x0000000715400000|  0%| F|  |TAMS 0x0000000715200000, 0x0000000715200000| Untracked 
|  95|0x0000000715400000, 0x0000000715400000, 0x0000000715600000|  0%| F|  |TAMS 0x0000000715400000, 0x0000000715400000| Untracked 
|  96|0x0000000715600000, 0x0000000715600000, 0x0000000715800000|  0%| F|  |TAMS 0x0000000715600000, 0x0000000715600000| Untracked 
|  97|0x0000000715800000, 0x0000000715800000, 0x0000000715a00000|  0%| F|  |TAMS 0x0000000715800000, 0x0000000715800000| Untracked 
|  98|0x0000000715a00000, 0x0000000715a00000, 0x0000000715c00000|  0%| F|  |TAMS 0x0000000715a00000, 0x0000000715a00000| Untracked 
|  99|0x0000000715c00000, 0x0000000715c00000, 0x0000000715e00000|  0%| F|  |TAMS 0x0000000715c00000, 0x0000000715c00000| Untracked 
| 100|0x0000000715e00000, 0x0000000715e00000, 0x0000000716000000|  0%| F|  |TAMS 0x0000000715e00000, 0x0000000715e00000| Untracked 
| 101|0x0000000716000000, 0x0000000716000000, 0x0000000716200000|  0%| F|  |TAMS 0x0000000716000000, 0x0000000716000000| Untracked 
| 102|0x0000000716200000, 0x0000000716200000, 0x0000000716400000|  0%| F|  |TAMS 0x0000000716200000, 0x0000000716200000| Untracked 
| 103|0x0000000716400000, 0x0000000716400000, 0x0000000716600000|  0%| F|  |TAMS 0x0000000716400000, 0x0000000716400000| Untracked 
| 104|0x0000000716600000, 0x0000000716600000, 0x0000000716800000|  0%| F|  |TAMS 0x0000000716600000, 0x0000000716600000| Untracked 
| 105|0x0000000716800000, 0x0000000716800000, 0x0000000716a00000|  0%| F|  |TAMS 0x0000000716800000, 0x0000000716800000| Untracked 
| 106|0x0000000716a00000, 0x0000000716a00000, 0x0000000716c00000|  0%| F|  |TAMS 0x0000000716a00000, 0x0000000716a00000| Untracked 
| 107|0x0000000716c00000, 0x0000000716c00000, 0x0000000716e00000|  0%| F|  |TAMS 0x0000000716c00000, 0x0000000716c00000| Untracked 
| 108|0x0000000716e00000, 0x0000000716e00000, 0x0000000717000000|  0%| F|  |TAMS 0x0000000716e00000, 0x0000000716e00000| Untracked 
| 109|0x0000000717000000, 0x0000000717000000, 0x0000000717200000|  0%| F|  |TAMS 0x0000000717000000, 0x0000000717000000| Untracked 
| 110|0x0000000717200000, 0x0000000717200000, 0x0000000717400000|  0%| F|  |TAMS 0x0000000717200000, 0x0000000717200000| Untracked 
| 111|0x0000000717400000, 0x0000000717600000, 0x0000000717600000|100%| S|CS|TAMS 0x0000000717400000, 0x0000000717400000| Complete 
| 112|0x0000000717600000, 0x0000000717800000, 0x0000000717800000|100%| S|CS|TAMS 0x0000000717600000, 0x0000000717600000| Complete 
| 113|0x0000000717800000, 0x0000000717800000, 0x0000000717a00000|  0%| F|  |TAMS 0x0000000717800000, 0x0000000717800000| Untracked 
| 114|0x0000000717a00000, 0x0000000717a00000, 0x0000000717c00000|  0%| F|  |TAMS 0x0000000717a00000, 0x0000000717a00000| Untracked 
| 115|0x0000000717c00000, 0x0000000717c00000, 0x0000000717e00000|  0%| F|  |TAMS 0x0000000717c00000, 0x0000000717c00000| Untracked 
| 116|0x0000000717e00000, 0x0000000717e00000, 0x0000000718000000|  0%| F|  |TAMS 0x0000000717e00000, 0x0000000717e00000| Untracked 
| 117|0x0000000718000000, 0x0000000718000000, 0x0000000718200000|  0%| F|  |TAMS 0x0000000718000000, 0x0000000718000000| Untracked 
| 118|0x0000000718200000, 0x0000000718200000, 0x0000000718400000|  0%| F|  |TAMS 0x0000000718200000, 0x0000000718200000| Untracked 
| 119|0x0000000718400000, 0x0000000718400000, 0x0000000718600000|  0%| F|  |TAMS 0x0000000718400000, 0x0000000718400000| Untracked 
| 120|0x0000000718600000, 0x0000000718600000, 0x0000000718800000|  0%| F|  |TAMS 0x0000000718600000, 0x0000000718600000| Untracked 
| 121|0x0000000718800000, 0x0000000718800000, 0x0000000718a00000|  0%| F|  |TAMS 0x0000000718800000, 0x0000000718800000| Untracked 
| 122|0x0000000718a00000, 0x0000000718a00000, 0x0000000718c00000|  0%| F|  |TAMS 0x0000000718a00000, 0x0000000718a00000| Untracked 
| 123|0x0000000718c00000, 0x0000000718e00000, 0x0000000718e00000|100%| E|  |TAMS 0x0000000718c00000, 0x0000000718c00000| Complete 

Card table byte_map: [0x00000105e7a90000,0x00000105e8250000] _byte_map_base: 0x00000105e4245000

Marking Bits (Prev, Next): (CMBitMap*) 0x00000105cffbf520, (CMBitMap*) 0x00000105cffbf560
 Prev Bits: [0x00000105e8a10000, 0x00000105ec7b8000)
 Next Bits: [0x00000105ec7c0000, 0x00000105f0568000)

Polling page: 0x00000105cdf80000

Metaspace:

Usage:
  Non-class:      6.08 MB used.
      Class:    751.91 KB used.
       Both:      6.81 MB used.

Virtual space:
  Non-class space:        8.00 MB reserved,       6.12 MB ( 77%) committed,  1 nodes.
      Class space:        1.00 GB reserved,     832.00 KB ( <1%) committed,  1 nodes.
             Both:        1.01 GB reserved,       6.94 MB ( <1%) committed. 

Chunk freelists:
   Non-Class:  1.88 MB
       Class:  3.22 MB
        Both:  5.10 MB

MaxMetaspaceSize: unlimited
CompressedClassSpaceSize: 1.00 GB
Initial GC threshold: 21.00 MB
Current GC threshold: 21.00 MB
CDS: on
MetaspaceReclaimPolicy: balanced
 - commit_granule_bytes: 65536.
 - commit_granule_words: 8192.
 - virtual_space_node_default_size: 1048576.
 - enlarge_chunks_in_place: 1.
 - new_chunks_are_fully_committed: 0.
 - uncommit_free_chunks: 1.
 - use_allocation_guard: 0.
 - handle_deallocations: 1.


Internal statistics:

num_allocs_failed_limit: 0.
num_arena_births: 128.
num_arena_deaths: 0.
num_vsnodes_births: 2.
num_vsnodes_deaths: 0.
num_space_committed: 111.
num_space_uncommitted: 0.
num_chunks_returned_to_freelist: 0.
num_chunks_taken_from_freelist: 178.
num_chunk_merges: 0.
num_chunk_splits: 105.
num_chunks_enlarged: 51.
num_purges: 0.
num_inconsistent_stats: 0.

CodeHeap 'non-profiled nmethods': size=119168Kb used=440Kb max_used=440Kb free=118728Kb
 bounds [0x00000105df5e0000, 0x00000105df850000, 0x00000105e6a40000]
CodeHeap 'profiled nmethods': size=119104Kb used=1597Kb max_used=1597Kb free=117506Kb
 bounds [0x00000105d8190000, 0x00000105d8400000, 0x00000105df5e0000]
CodeHeap 'non-nmethods': size=7488Kb used=2384Kb max_used=2415Kb free=5103Kb
 bounds [0x00000105d7a40000, 0x00000105d7cb0000, 0x00000105d8190000]
 total_blobs=1719 nmethods=1139 adapters=491
 compilation: enabled
              stopped_count=0, restarted_count=0
 full_count=0

Compilation events (20 events):
Event: 1.182 Thread 0x00000105f41083f0 nmethod 1121 0x00000105df647090 code [0x00000105df647220, 0x00000105df6472f8]
Event: 1.182 Thread 0x00000105f35449e0 nmethod 1120 0x00000105df647390 code [0x00000105df647520, 0x00000105df6475f8]
Event: 1.182 Thread 0x00000105f49a3790 1122       4       summit.gfx.Renderer::rotate (62 bytes)
Event: 1.187 Thread 0x00000105f4101ec0 1124       3       java.lang.ref.Reference::enqueueFromPending (19 bytes)
Event: 1.187 Thread 0x00000105f41083f0 1125   !   3       java.lang.ref.ReferenceQueue::enqueue (119 bytes)
Event: 1.188 Thread 0x00000105f4101ec0 nmethod 1124 0x00000105d831b610 code [0x00000105d831b7c0, 0x00000105d831b9e8]
Event: 1.188 Thread 0x00000105f4101ec0 1127       3       java.lang.ref.Reference::clear (5 bytes)
Event: 1.188 Thread 0x00000105f41083f0 nmethod 1125 0x00000105d831ba90 code [0x00000105d831bc80, 0x00000105d831c388]
Event: 1.188 Thread 0x00000105f4101ec0 nmethod 1127 0x00000105d831c590 code [0x00000105d831c720, 0x00000105d831c868]
Event: 1.189 Thread 0x00000105f49ce910 1129 %     4       summit.gfx.Renderer::filterFrame @ 10 (57 bytes)
Event: 1.190 Thread 0x00000105f49a3790 nmethod 1122 0x00000105df648290 code [0x00000105df648420, 0x00000105df648998]
Event: 1.196 Thread 0x00000105f4101ec0 1130       3       summit.game.tile.WaterTile::paint (40 bytes)
Event: 1.196 Thread 0x00000105f4101ec0 nmethod 1130 0x00000105d831c910 code [0x00000105d831cb20, 0x00000105d831d008]
Event: 1.196 Thread 0x00000105f49ce910 nmethod 1129% 0x00000105df648c90 code [0x00000105df648e20, 0x00000105df6493b8]
Event: 1.207 Thread 0x00000105f4101ec0 1131 %     3       summit.gfx.Renderer::renderLight @ 64 (225 bytes)
Event: 1.207 Thread 0x00000105f4101ec0 nmethod 1131% 0x00000105d831d190 code [0x00000105d831d3e0, 0x00000105d831df38]
Event: 1.207 Thread 0x00000105f4101ec0 1132       3       summit.gfx.Renderer::renderLight (225 bytes)
Event: 1.208 Thread 0x00000105f35440e0 1133       4       summit.gfx.Renderer::filterFrame (57 bytes)
Event: 1.208 Thread 0x00000105f4101ec0 nmethod 1132 0x00000105d831e410 code [0x00000105d831e660, 0x00000105d831f078]
Event: 1.211 Thread 0x00000105f49cdd70 nmethod 1114 0x00000105df649610 code [0x00000105df649820, 0x00000105df64b5b8]

GC Heap History (2 events):
Event: 1.184 GC heap before
{Heap before GC invocations=0 (full 0):
 garbage-first heap   total 253952K, used 26624K [0x0000000709600000, 0x0000000800000000)
  region size 2048K, 11 young (22528K), 0 survivors (0K)
 Metaspace       used 6973K, committed 7104K, reserved 1056768K
  class space    used 751K, committed 832K, reserved 1048576K
}
Event: 1.187 GC heap after
{Heap after GC invocations=1 (full 0):
 garbage-first heap   total 253952K, used 9750K [0x0000000709600000, 0x0000000800000000)
  region size 2048K, 2 young (4096K), 2 survivors (4096K)
 Metaspace       used 6973K, committed 7104K, reserved 1056768K
  class space    used 751K, committed 832K, reserved 1048576K
}

Deoptimization events (20 events):
Event: 1.148 Thread 0x00000105f3540520 DEOPT PACKING pc=0x00000105df641c24 sp=0x0000000244cff0b0
Event: 1.148 Thread 0x00000105f3540520 DEOPT UNPACKING pc=0x00000105d7a923a3 sp=0x0000000244cff030 mode 2
Event: 1.148 Thread 0x00000105f3540520 Uncommon trap: trap_request=0xffffffbe fr.pc=0x00000105df641c24 relative=0x0000000000000a24
Event: 1.148 Thread 0x00000105f3540520 Uncommon trap: reason=profile_predicate action=maybe_recompile pc=0x00000105df641c24 method=summit.gfx.Renderer.render(Ljava/lang/String;FFILsummit/gfx/ColorFilter;)V @ 258 c2
Event: 1.148 Thread 0x00000105f3540520 DEOPT PACKING pc=0x00000105df641c24 sp=0x0000000244cff0b0
Event: 1.148 Thread 0x00000105f3540520 DEOPT UNPACKING pc=0x00000105d7a923a3 sp=0x0000000244cff030 mode 2
Event: 1.148 Thread 0x00000105f3540520 Uncommon trap: trap_request=0xffffffbe fr.pc=0x00000105df641c24 relative=0x0000000000000a24
Event: 1.148 Thread 0x00000105f3540520 Uncommon trap: reason=profile_predicate action=maybe_recompile pc=0x00000105df641c24 method=summit.gfx.Renderer.render(Ljava/lang/String;FFILsummit/gfx/ColorFilter;)V @ 258 c2
Event: 1.148 Thread 0x00000105f3540520 DEOPT PACKING pc=0x00000105df641c24 sp=0x0000000244cff0b0
Event: 1.148 Thread 0x00000105f3540520 DEOPT UNPACKING pc=0x00000105d7a923a3 sp=0x0000000244cff030 mode 2
Event: 1.148 Thread 0x00000105f3541860 DEOPT PACKING pc=0x00000105d83162f9 sp=0x00000002452ff2e0
Event: 1.148 Thread 0x00000105f3541860 DEOPT UNPACKING pc=0x00000105d7a92b43 sp=0x00000002452fe788 mode 0
Event: 1.149 Thread 0x00000105f3541860 DEOPT PACKING pc=0x00000105d83162f9 sp=0x00000002452ff2e0
Event: 1.149 Thread 0x00000105f3541860 DEOPT UNPACKING pc=0x00000105d7a92b43 sp=0x00000002452fe788 mode 0
Event: 1.150 Thread 0x00000105f3541860 DEOPT PACKING pc=0x00000105d83162f9 sp=0x00000002452ff2e0
Event: 1.150 Thread 0x00000105f3541860 DEOPT UNPACKING pc=0x00000105d7a92b43 sp=0x00000002452fe788 mode 0
Event: 1.182 Thread 0x00000105f3540520 DEOPT PACKING pc=0x00000105d831951d sp=0x0000000244cfeff0
Event: 1.182 Thread 0x00000105f3540520 DEOPT UNPACKING pc=0x00000105d7a92b43 sp=0x0000000244cfe480 mode 0
Event: 1.208 Thread 0x00000105f3540520 DEOPT PACKING pc=0x00000105d831b2e4 sp=0x0000000244cff2b0
Event: 1.208 Thread 0x00000105f3540520 DEOPT UNPACKING pc=0x00000105d7a92b43 sp=0x0000000244cfe768 mode 0

Classes unloaded (0 events):
No events

Classes redefined (0 events):
No events

Internal exceptions (14 events):
Event: 0.051 Thread 0x00000105f353e840 Exception <a 'java/lang/ClassNotFoundException'{0x0000000718a2c1c8}: sun/awt/resources/spi/awtProvider> (0x0000000718a2c1c8) 
thrown [e:\jenkins\tmp\workspace\build\src\src\hotspot\share\classfile\systemDictionary.cpp, line 256]
Event: 0.071 Thread 0x00000105f353e840 Exception <a 'java/io/FileNotFoundException'{0x0000000718af5c78}> (0x0000000718af5c78) 
thrown [e:\jenkins\tmp\workspace\build\src\src\hotspot\share\prims\jni.cpp, line 516]
Event: 0.076 Thread 0x00000105f353e840 Exception <a 'java/io/FileNotFoundException'{0x0000000718b22bd0}> (0x0000000718b22bd0) 
thrown [e:\jenkins\tmp\workspace\build\src\src\hotspot\share\prims\jni.cpp, line 516]
Event: 0.089 Thread 0x00000105f353e840 Exception <a 'java/lang/NoSuchMethodError'{0x0000000718bc8fd0}: 'java.lang.Object java.lang.invoke.DirectMethodHandle$Holder.invokeStaticInit(java.lang.Object)'> (0x0000000718bc8fd0) 
thrown [e:\jenkins\tmp\workspace\build\src\src\hotspot\share\interpreter\linkResolver.cpp, line 766]
Event: 0.230 Thread 0x00000105f353e840 Exception <a 'java/lang/NoSuchMethodError'{0x0000000718762a18}: 'void java.lang.invoke.DirectMethodHandle$Holder.invokeSpecial(java.lang.Object, java.lang.Object, java.lang.Object)'> (0x0000000718762a18) 
thrown [e:\jenkins\tmp\workspace\build\src\src\hotspot\share\interpreter\linkResolver.cpp, line 766]
Event: 0.236 Thread 0x00000105f353e840 Exception <a 'java/lang/NoSuchMethodError'{0x000000071878ccb0}: 'java.lang.Object java.lang.invoke.DirectMethodHandle$Holder.newInvokeSpecial(java.lang.Object, java.lang.Object, java.lang.Object, java.lang.Object, java.lang.Object)'> (0x000000071878ccb0) 
thrown [e:\jenkins\tmp\workspace\build\src\src\hotspot\share\interpreter\linkResolver.cpp, line 766]
Event: 0.237 Thread 0x00000105f353e840 Exception <a 'java/lang/NoSuchMethodError'{0x0000000718798678}: 'java.lang.Object java.lang.invoke.DirectMethodHandle$Holder.invokeStatic(java.lang.Object, int, java.lang.Object, java.lang.Object, java.lang.Object, java.lang.Object)'> (0x0000000718798678) 
thrown [e:\jenkins\tmp\workspace\build\src\src\hotspot\share\interpreter\linkResolver.cpp, line 766]
Event: 0.240 Thread 0x00000105f353e840 Exception <a 'java/lang/NoSuchMethodError'{0x00000007187bdd98}: 'java.lang.Object java.lang.invoke.DirectMethodHandle$Holder.invokeStatic(java.lang.Object, int, java.lang.Object)'> (0x00000007187bdd98) 
thrown [e:\jenkins\tmp\workspace\build\src\src\hotspot\share\interpreter\linkResolver.cpp, line 766]
Event: 0.259 Thread 0x00000105f353e840 Exception <a 'java/lang/ClassNotFoundException'{0x0000000718476138}: com/sun/swing/internal/plaf/metal/resources/spi/metalProvider> (0x0000000718476138) 
thrown [e:\jenkins\tmp\workspace\build\src\src\hotspot\share\classfile\systemDictionary.cpp, line 256]
Event: 0.260 Thread 0x00000105f353e840 Exception <a 'java/lang/ClassNotFoundException'{0x000000071847a010}: com/sun/swing/internal/plaf/basic/resources/spi/basicProvider> (0x000000071847a010) 
thrown [e:\jenkins\tmp\workspace\build\src\src\hotspot\share\classfile\systemDictionary.cpp, line 256]
Event: 0.271 Thread 0x00000105f353f6b0 Exception <a 'java/lang/NoSuchMethodError'{0x0000000718680998}: 'void java.lang.invoke.DirectMethodHandle$Holder.invokeVirtual(java.lang.Object, java.lang.Object)'> (0x0000000718680998) 
thrown [e:\jenkins\tmp\workspace\build\src\src\hotspot\share\interpreter\linkResolver.cpp, line 766]
Event: 0.282 Thread 0x00000105f353e840 Exception <a 'java/lang/NoSuchMethodError'{0x00000007184b8020}: 'void java.lang.invoke.DirectMethodHandle$Holder.invokeStaticInit(java.lang.Object)'> (0x00000007184b8020) 
thrown [e:\jenkins\tmp\workspace\build\src\src\hotspot\share\interpreter\linkResolver.cpp, line 766]
Event: 1.111 Thread 0x00000105f3540050 Implicit null exception at 0x00000105df6379d5 to 0x00000105df637af8
Event: 1.111 Thread 0x00000105f3540050 Implicit null exception at 0x00000105df636356 to 0x00000105df636454

VM Operations (14 events):
Event: 0.038 Executing VM operation: HandshakeAllThreads
Event: 0.038 Executing VM operation: HandshakeAllThreads done
Event: 0.259 Executing VM operation: HandshakeAllThreads
Event: 0.259 Executing VM operation: HandshakeAllThreads done
Event: 0.298 Executing VM operation: HandshakeAllThreads
Event: 0.298 Executing VM operation: HandshakeAllThreads done
Event: 0.324 Executing VM operation: HandshakeAllThreads
Event: 0.324 Executing VM operation: HandshakeAllThreads done
Event: 1.094 Executing VM operation: HandshakeAllThreads
Event: 1.094 Executing VM operation: HandshakeAllThreads done
Event: 1.094 Executing VM operation: Cleanup
Event: 1.094 Executing VM operation: Cleanup done
Event: 1.184 Executing VM operation: G1CollectForAllocation
Event: 1.187 Executing VM operation: G1CollectForAllocation done

Events (20 events):
Event: 0.349 loading class java/text/AttributedCharacterIterator
Event: 0.349 loading class java/text/CharacterIterator
Event: 0.349 loading class java/text/CharacterIterator done
Event: 0.349 loading class java/text/AttributedCharacterIterator done
Event: 0.349 loading class java/text/AttributedString$AttributedStringIterator done
Event: 0.364 loading class sun/awt/image/BufImgSurfaceManager
Event: 0.365 loading class sun/awt/image/BufImgSurfaceManager done
Event: 0.365 loading class sun/awt/image/BufImgSurfaceData
Event: 0.365 loading class sun/awt/image/BufImgSurfaceData done
Event: 0.365 loading class sun/awt/image/BufImgSurfaceData$ICMColorData
Event: 0.365 loading class sun/awt/image/BufImgSurfaceData$ICMColorData done
Event: 0.682 Thread 0x00000105f4318bb0 Thread exited: 0x00000105f4318bb0
Event: 1.092 loading class java/lang/Math$RandomNumberGeneratorHolder
Event: 1.092 loading class java/lang/Math$RandomNumberGeneratorHolder done
Event: 1.107 Thread 0x00000105f49ce910 Thread added: 0x00000105f49ce910
Event: 1.107 Thread 0x00000105f49cee20 Thread added: 0x00000105f49cee20
Event: 1.107 Thread 0x00000105f49a3280 Thread added: 0x00000105f49a3280
Event: 1.107 Thread 0x00000105f49a3790 Thread added: 0x00000105f49a3790
Event: 1.107 Thread 0x00000105f49cdd70 Thread added: 0x00000105f49cdd70
Event: 1.121 Thread 0x00000105f3541860 Thread added: 0x00000105f3541860


Dynamic libraries:
0x00007ff7039e0000 - 0x00007ff7039ee000 	C:\Users\aadiu\AppData\Local\Programs\Eclipse Adoptium\jdk-17.0.2.8-hotspot\bin\java.exe
0x00007ffb36970000 - 0x00007ffb36b68000 	C:\Windows\SYSTEM32\ntdll.dll
0x00007ffb352a0000 - 0x00007ffb3535f000 	C:\Windows\System32\KERNEL32.DLL
0x00007ffb34310000 - 0x00007ffb345e2000 	C:\Windows\System32\KERNELBASE.dll
0x00007ffb34110000 - 0x00007ffb34210000 	C:\Windows\System32\ucrtbase.dll
0x00007ffb1dfd0000 - 0x00007ffb1dfe8000 	C:\Users\aadiu\AppData\Local\Programs\Eclipse Adoptium\jdk-17.0.2.8-hotspot\bin\jli.dll
0x00007ffb1dff0000 - 0x00007ffb1e009000 	C:\Users\aadiu\AppData\Local\Programs\Eclipse Adoptium\jdk-17.0.2.8-hotspot\bin\VCRUNTIME140.dll
0x00007ffb35530000 - 0x00007ffb356cd000 	C:\Windows\System32\USER32.dll
0x00007ffb34720000 - 0x00007ffb34742000 	C:\Windows\System32\win32u.dll
0x00007ffb20b10000 - 0x00007ffb20daa000 	C:\Windows\WinSxS\amd64_microsoft.windows.common-controls_6595b64144ccf1df_6.0.19041.1110_none_60b5254171f9507e\COMCTL32.dll
0x00007ffb35fa0000 - 0x00007ffb35fcb000 	C:\Windows\System32\GDI32.dll
0x00007ffb35f00000 - 0x00007ffb35f9e000 	C:\Windows\System32\msvcrt.dll
0x00007ffb34750000 - 0x00007ffb3485f000 	C:\Windows\System32\gdi32full.dll
0x00007ffb345f0000 - 0x00007ffb3468d000 	C:\Windows\System32\msvcp_win.dll
0x00007ffb356f0000 - 0x00007ffb35722000 	C:\Windows\System32\IMM32.DLL
0x00007ffb25ea0000 - 0x00007ffb25eac000 	C:\Users\aadiu\AppData\Local\Programs\Eclipse Adoptium\jdk-17.0.2.8-hotspot\bin\vcruntime140_1.dll
0x00007ffb0b690000 - 0x00007ffb0b721000 	C:\Users\aadiu\AppData\Local\Programs\Eclipse Adoptium\jdk-17.0.2.8-hotspot\bin\msvcp140.dll
0x00007ffabf480000 - 0x00007ffac00c7000 	C:\Users\aadiu\AppData\Local\Programs\Eclipse Adoptium\jdk-17.0.2.8-hotspot\bin\server\jvm.dll
0x00007ffb34ec0000 - 0x00007ffb34f6e000 	C:\Windows\System32\ADVAPI32.dll
0x00007ffb35e60000 - 0x00007ffb35efc000 	C:\Windows\System32\sechost.dll
0x00007ffb35ba0000 - 0x00007ffb35cc5000 	C:\Windows\System32\RPCRT4.dll
0x00007ffb34eb0000 - 0x00007ffb34eb8000 	C:\Windows\System32\PSAPI.DLL
0x00007ffb1d990000 - 0x00007ffb1d999000 	C:\Windows\SYSTEM32\WSOCK32.dll
0x00007ffb31d40000 - 0x00007ffb31d67000 	C:\Windows\SYSTEM32\WINMM.dll
0x00007ffb2d720000 - 0x00007ffb2d72a000 	C:\Windows\SYSTEM32\VERSION.dll
0x00007ffb35160000 - 0x00007ffb351cb000 	C:\Windows\System32\WS2_32.dll
0x00007ffb31fa0000 - 0x00007ffb31fb2000 	C:\Windows\SYSTEM32\kernel.appcore.dll
0x00007ffb25e30000 - 0x00007ffb25e3a000 	C:\Users\aadiu\AppData\Local\Programs\Eclipse Adoptium\jdk-17.0.2.8-hotspot\bin\jimage.dll
0x00007ffb31b50000 - 0x00007ffb31d34000 	C:\Windows\SYSTEM32\DBGHELP.DLL
0x00007ffb31b20000 - 0x00007ffb31b4c000 	C:\Windows\SYSTEM32\dbgcore.DLL
0x00007ffb34690000 - 0x00007ffb34712000 	C:\Windows\System32\bcryptPrimitives.dll
0x00007ffb1cb90000 - 0x00007ffb1cbb5000 	C:\Users\aadiu\AppData\Local\Programs\Eclipse Adoptium\jdk-17.0.2.8-hotspot\bin\java.dll
0x00007ffafa4c0000 - 0x00007ffafa596000 	C:\Users\aadiu\AppData\Local\Programs\Eclipse Adoptium\jdk-17.0.2.8-hotspot\bin\jsvml.dll
0x00007ffb35fd0000 - 0x00007ffb36713000 	C:\Windows\System32\SHELL32.dll
0x00007ffb32130000 - 0x00007ffb328c2000 	C:\Windows\SYSTEM32\windows.storage.dll
0x00007ffb34ad0000 - 0x00007ffb34e24000 	C:\Windows\System32\combase.dll
0x00007ffb33a60000 - 0x00007ffb33a90000 	C:\Windows\SYSTEM32\Wldp.dll
0x00007ffb349c0000 - 0x00007ffb34a6d000 	C:\Windows\System32\SHCORE.dll
0x00007ffb35020000 - 0x00007ffb35075000 	C:\Windows\System32\shlwapi.dll
0x00007ffb33fb0000 - 0x00007ffb33fcf000 	C:\Windows\SYSTEM32\profapi.dll
0x00007ffae9bb0000 - 0x00007ffae9d3e000 	C:\Users\aadiu\AppData\Local\Programs\Eclipse Adoptium\jdk-17.0.2.8-hotspot\bin\awt.dll
0x00007ffb351d0000 - 0x00007ffb3529d000 	C:\Windows\System32\OLEAUT32.dll
0x00007ffb31300000 - 0x00007ffb31391000 	C:\Windows\SYSTEM32\apphelp.dll
0x00007ffb18370000 - 0x00007ffb18388000 	C:\Users\aadiu\AppData\Local\Programs\Eclipse Adoptium\jdk-17.0.2.8-hotspot\bin\zip.dll
0x00007ffb31410000 - 0x00007ffb314ae000 	C:\Windows\system32\uxtheme.dll
0x00007ffb353f0000 - 0x00007ffb35505000 	C:\Windows\System32\MSCTF.dll
0x00007ffb35cd0000 - 0x00007ffb35dfa000 	C:\Windows\System32\ole32.dll
0x00007ffb31590000 - 0x00007ffb315bf000 	C:\Windows\system32\DWMAPI.DLL
0x00007ffadadb0000 - 0x00007ffadaed5000 	C:\Windows\system32\opengl32.dll
0x00007ffada100000 - 0x00007ffada12c000 	C:\Windows\SYSTEM32\GLU32.dll
0x00007ffb269b0000 - 0x00007ffb26b7f000 	C:\Windows\system32\d3d9.dll
0x00007ffb28d70000 - 0x00007ffb28f28000 	C:\Windows\System32\DriverStore\FileRepository\u0370468.inf_amd64_5e4260b11257b6e9\B370372\aticfx64.dll
0x00007ffb0e570000 - 0x00007ffb0e5a4000 	C:\Windows\System32\DriverStore\FileRepository\u0370468.inf_amd64_5e4260b11257b6e9\B370372\atiu9p64.dll
0x00007ffabb020000 - 0x00007ffabbd74000 	C:\Windows\System32\DriverStore\FileRepository\u0370468.inf_amd64_5e4260b11257b6e9\B370372\atiumd64.dll
0x000000006c4b0000 - 0x000000006d324000 	C:\Windows\System32\DriverStore\FileRepository\u0370468.inf_amd64_5e4260b11257b6e9\B370372\atiumd6a.dll
0x00007ffb35730000 - 0x00007ffb35b98000 	C:\Windows\System32\SETUPAPI.dll
0x00007ffb34210000 - 0x00007ffb3425e000 	C:\Windows\System32\cfgmgr32.dll
0x00007ffb33e30000 - 0x00007ffb33e7b000 	C:\Windows\SYSTEM32\POWRPROF.dll
0x00007ffb34070000 - 0x00007ffb34097000 	C:\Windows\System32\bcrypt.dll
0x00007ffb33e10000 - 0x00007ffb33e22000 	C:\Windows\SYSTEM32\UMPDC.dll
0x00007ffb29180000 - 0x00007ffb291b0000 	C:\Windows\SYSTEM32\amdihk64.dll
0x00007ffb29960000 - 0x00007ffb2999b000 	C:\Windows\SYSTEM32\dxcore.dll
0x00007ffb02d50000 - 0x00007ffb02dd9000 	C:\Users\aadiu\AppData\Local\Programs\Eclipse Adoptium\jdk-17.0.2.8-hotspot\bin\freetype.dll
0x00007ffafaaf0000 - 0x00007ffafab98000 	C:\Users\aadiu\AppData\Local\Programs\Eclipse Adoptium\jdk-17.0.2.8-hotspot\bin\fontmanager.dll
0x00007ffb28f30000 - 0x00007ffb29029000 	C:\Windows\SYSTEM32\textinputframework.dll
0x00007ffb30e70000 - 0x00007ffb311ce000 	C:\Windows\System32\CoreUIComponents.dll
0x00007ffb309d0000 - 0x00007ffb30ac2000 	C:\Windows\System32\CoreMessaging.dll
0x00007ffb33190000 - 0x00007ffb331c3000 	C:\Windows\SYSTEM32\ntmarta.dll
0x00007ffb30200000 - 0x00007ffb30354000 	C:\Windows\SYSTEM32\wintypes.dll

dbghelp: loaded successfully - version: 4.0.5 - missing functions: none
symbol engine: initialized successfully - sym options: 0x614 - pdb path: .;C:\Users\aadiu\AppData\Local\Programs\Eclipse Adoptium\jdk-17.0.2.8-hotspot\bin;C:\Windows\SYSTEM32;C:\Windows\WinSxS\amd64_microsoft.windows.common-controls_6595b64144ccf1df_6.0.19041.1110_none_60b5254171f9507e;C:\Users\aadiu\AppData\Local\Programs\Eclipse Adoptium\jdk-17.0.2.8-hotspot\bin\server;C:\Windows\System32\DriverStore\FileRepository\u0370468.inf_amd64_5e4260b11257b6e9\B370372

VM Arguments:
jvm_args: -XX:+ShowCodeDetailsInExceptionMessages 
java_command: summit.Main
java_class_path (initial): C:\Users\aadiu\AppData\Roaming\Code\User\workspaceStorage\929b6f7fce9865a60d0bbe8b6a275a21\redhat.java\jdt_ws\Summit Game_948de7c9\bin
Launcher Type: SUN_STANDARD

[Global flags]
     intx CICompilerCount                          = 12                                        {product} {ergonomic}
     uint ConcGCThreads                            = 3                                         {product} {ergonomic}
     uint G1ConcRefinementThreads                  = 13                                        {product} {ergonomic}
   size_t G1HeapRegionSize                         = 2097152                                   {product} {ergonomic}
    uintx GCDrainStackTargetSize                   = 64                                        {product} {ergonomic}
   size_t InitialHeapSize                          = 260046848                                 {product} {ergonomic}
   size_t MarkStackSize                            = 4194304                                   {product} {ergonomic}
   size_t MaxHeapSize                              = 4137680896                                {product} {ergonomic}
   size_t MaxNewSize                               = 2480930816                                {product} {ergonomic}
   size_t MinHeapDeltaBytes                        = 2097152                                   {product} {ergonomic}
   size_t MinHeapSize                              = 8388608                                   {product} {ergonomic}
    uintx NonNMethodCodeHeapSize                   = 7602480                                {pd product} {ergonomic}
    uintx NonProfiledCodeHeapSize                  = 122027880                              {pd product} {ergonomic}
    uintx ProfiledCodeHeapSize                     = 122027880                              {pd product} {ergonomic}
    uintx ReservedCodeCacheSize                    = 251658240                              {pd product} {ergonomic}
     bool SegmentedCodeCache                       = true                                      {product} {ergonomic}
     bool ShowCodeDetailsInExceptionMessages       = true                                   {manageable} {command line}
   size_t SoftMaxHeapSize                          = 4137680896                             {manageable} {ergonomic}
     bool UseCompressedClassPointers               = true                           {product lp64_product} {ergonomic}
     bool UseCompressedOops                        = true                           {product lp64_product} {ergonomic}
     bool UseG1GC                                  = true                                      {product} {ergonomic}
     bool UseLargePagesIndividualAllocation        = false                                  {pd product} {ergonomic}

Logging:
Log output configuration:
 #0: stdout all=warning uptime,level,tags
 #1: stderr all=off uptime,level,tags

Environment Variables:
JAVA_HOME=C:\Users\aadiu\AppData\Local\Programs\Eclipse Adoptium\jdk-17.0.2.8-hotspot\
PATH=C:\Program Files (x86)\Razer Chroma SDK\bin;C:\Program Files\Razer Chroma SDK\bin;C:\Program Files (x86)\Razer\ChromaBroadcast\bin;C:\Program Files\Razer\ChromaBroadcast\bin;C:\Program Files (x86)\Common Files\Oracle\Java\javapath;C:\Program Files\Python38\Scripts\;C:\Program Files\Python38\;C:\Windows\system32;C:\Windows;C:\Windows\System32\Wbem;C:\Windows\System32\WindowsPowerShell\v1.0\;C:\Windows\System32\OpenSSH\;C:\Program Files (x86)\NVIDIA Corporation\PhysX\Common;C:\Program Files\NVIDIA Corporation\NVIDIA NvDLISR;C:\Users\aadiu\AppData\Local\Microsoft\WindowsApps;C:\Users\aadiu\AppData\Local\Programs\Microsoft VS Code\bin;C:\Windows\system32\config\systemprofile\AppData\Local\Microsoft\WindowsApps;C:\Program Files\dotnet\;C:\Program Files\Git\cmd;C:\MinGW\bin\;C:\Program Files (x86)\Windows Kits\10\Windows Performance Toolkit\;C:\Users\aadiu\AppData\Local\Programs\Eclipse Adoptium\jdk-17.0.2.8-hotspot\bin;C:\Users\aadiu\AppData\Local\Microsoft\WindowsApps;C:\Users\aadiu\AppData\Local\Programs\Microsoft VS Code\bin;C:\Users\aadiu\AppData\Local\GitHubDesktop\bin
USERNAME=aadiu
LANG=en_US.UTF-8
OS=Windows_NT
PROCESSOR_IDENTIFIER=AMD64 Family 25 Model 80 Stepping 0, AuthenticAMD



---------------  S Y S T E M  ---------------

OS:
 Windows 10 , 64 bit Build 19041 (10.0.19041.2251)
OS uptime: 1 days 8:27 hours

CPU: total 16 (initial active 16) (16 cores per cpu, 2 threads per core) family 25 model 80 stepping 0 microcode 0x0, cx8, cmov, fxsr, ht, mmx, 3dnowpref, sse, sse2, sse3, ssse3, sse4a, sse4.1, sse4.2, popcnt, lzcnt, tsc, tscinvbit, avx, avx2, aes, erms, clmul, bmi1, bmi2, adx, sha, fma, vzeroupper, clflush, clflushopt

Memory: 4k page, system-wide physical 15776M (7636M free)
TotalPageFile size 20128M (AvailPageFile size 7167M)
current process WorkingSet (physical memory assigned to process): 120M, peak: 121M
current process commit charge ("private bytes"): 429M, peak: 431M

vm_info: OpenJDK 64-Bit Server VM (17.0.2+8) for windows-amd64 JRE (17.0.2+8), built on Jan 20 2022 04:52:34 by "" with MS VC++ 16.7 (VS2019)

END.
