#
# A fatal error has been detected by the Java Runtime Environment:
#
#  EXCEPTION_ACCESS_VIOLATION (0xc0000005) at pc=0x0000022510b0b69b, pid=24416, tid=16320
#
# JRE version: OpenJDK Runtime Environment Temurin-17.0.2+8 (17.0.2+8) (build 17.0.2+8)
# Java VM: OpenJDK 64-Bit Server VM Temurin-17.0.2+8 (17.0.2+8, mixed mode, sharing, tiered, compressed oops, compressed class ptrs, g1 gc, windows-amd64)
# Problematic frame:
# J 1128 c2 summit.gfx.Renderer.render(Ljava/lang/String;FFILsummit/gfx/ColorFilter;)V (276 bytes) @ 0x0000022510b0b69b [0x0000022510b0aea0+0x00000000000007fb]
#
# No core dump will be written. Minidumps are not enabled by default on client versions of Windows
#
# If you would like to submit a bug report, please visit:
#   https://github.com/adoptium/adoptium-support/issues
#

---------------  S U M M A R Y ------------

Command Line: -XX:+ShowCodeDetailsInExceptionMessages summit.Main

Host: AMD Ryzen 9 5900HS with Radeon Graphics        , 16 cores, 15G,  Windows 10 , 64 bit Build 19041 (10.0.19041.2251)
Time: Mon Nov 14 18:42:02 2022 Central Standard Time elapsed time: 1.330940 seconds (0d 0h 0m 1s)

---------------  T H R E A D  ---------------

Current thread (0x0000022525e61aa0):  JavaThread "Thread-2" [_thread_in_Java, id=16320, stack(0x000000a061100000,0x000000a061200000)]

Stack: [0x000000a061100000,0x000000a061200000],  sp=0x000000a0611ff0b0,  free space=1020k
Native frames: (J=compiled Java code, j=interpreted, Vv=VM code, C=native code)
C  0x0000022510b0b69b


siginfo: EXCEPTION_ACCESS_VIOLATION (0xc0000005), reading address 0x0000000b176f3888


Register to memory mapping:

RIP=0x0000022510b0b69b is at entry_point+2043 in (nmethod*)0x0000022510b0ac90
RAX=0x00000000ffffffe9 is an unknown value
RBX=3807242007 is a compressed pointer to object: [[I 
{0x00000007176f38b8} - klass: {type array int}[]
 - length: 144
RCX=0x00000000fffffff0 is an unknown value
RDX=0x0 is NULL
RSP=0x000000a0611ff0b0 is pointing into the stack for thread: 0x0000022525e61aa0
RBP=0x0000000000000090 is an unknown value
RSI=0x0 is NULL
RDI=0x0000000000000100 is an unknown value
R8 =0x00000000fffffff0 is an unknown value
R9 =0x00000007176344e0 is an oop: summit.gfx.Renderer 
{0x00000007176344e0} - klass: 'summit/gfx/Renderer'
 - ---- fields (total size 2 words):
 - private 'frame' '[[I' @12  a {type array int}[144] {0x00000007176f38b8} (e2ede717)
R10=0x0000000000000010 is an unknown value
R11=0x00000007176f38b8 is an oop: [[I 
{0x00000007176f38b8} - klass: {type array int}[]
 - length: 144
R12=0x0 is NULL
R13=0x0000000000000010 is an unknown value
R14=0x0000000000000010 is an unknown value
R15=0x0000022525e61aa0 is a thread


Registers:
RAX=0x00000000ffffffe9, RBX=0x00000000e2ede717, RCX=0x00000000fffffff0, RDX=0x0000000000000000
RSP=0x000000a0611ff0b0, RBP=0x0000000000000090, RSI=0x0000000000000000, RDI=0x0000000000000100
R8 =0x00000000fffffff0, R9 =0x00000007176344e0, R10=0x0000000000000010, R11=0x00000007176f38b8
R12=0x0000000000000000, R13=0x0000000000000010, R14=0x0000000000000010, R15=0x0000022525e61aa0
RIP=0x0000022510b0b69b, EFLAGS=0x0000000000010287

Top of Stack: (sp=0x000000a0611ff0b0)
0x000000a0611ff0b0:   0000010000000000 00000000fffffff8
0x000000a0611ff0c0:   fffffff0ffffffe8 0000000000000000
0x000000a0611ff0d0:   0000001000000010 0000000900000010
0x000000a0611ff0e0:   000000a000000009 0000022524ddfa2e
0x000000a0611ff0f0:   000000a0611ff208 0000022524de0108
0x000000a0611ff100:   0000000000000000 0000000709a55da8
0x000000a0611ff110:   000000a0611ff2f0 00000225097d5e94
0x000000a0611ff120:   000000a0611ff1c0 000000a0611ff258
0x000000a0611ff130:   0000022508f094fe 0000000000000000
0x000000a0611ff140:   0000000000000000 0000000000000000
0x000000a0611ff150:   0000000000000000 00000007176344e0
0x000000a0611ff160:   0000000717608fb8 0000000000000003
0x000000a0611ff170:   0000000000000000 0000000000000000
0x000000a0611ff180:   000000a0611ff2f0 00000225097d65ec
0x000000a0611ff190:   409e000000000000 0000000000000000
0x000000a0611ff1a0:   0000000000000000 0000000000000000 

Instructions: (pc=0x0000022510b0b69b)
0x0000022510b0b59b:   33 d2 e9 21 02 00 00 0f 1f 80 00 00 00 00 0f 1f
0x0000022510b0b5ab:   80 00 00 00 00 44 2b 4c 24 10 45 8b f1 41 ff c6
0x0000022510b0b5bb:   44 8b ca 45 3b f2 0f 83 32 09 00 00 45 8b 5c dc
0x0000022510b0b5cb:   10 47 8b 5c dc 0c 45 3b cb 0f 83 6e 01 00 00 c4
0x0000022510b0b5db:   c1 f9 7e db 45 8b 6c bb 10 43 8b 54 ec 0c 4f 8d
0x0000022510b0b5eb:   1c ec 44 3b f2 0f 83 2a 09 00 00 47 8b 5c b3 10
0x0000022510b0b5fb:   41 83 fb ff 0f 84 39 01 00 00 41 8b 54 f4 0c 44
0x0000022510b0b60b:   3b ca 0f 83 29 09 00 00 47 89 5c 88 10 45 33 ed
0x0000022510b0b61b:   c4 c1 f9 7e db 45 8b 5b 10 47 8b 5c dc 0c 44 03
0x0000022510b0b62b:   5c 24 10 4d 8b b7 48 03 00 00 41 8b d1 ff c2 41
0x0000022510b0b63b:   85 06 41 3b d3 0f 8c 6a ff ff ff 4d 8b 9f 48 03
0x0000022510b0b64b:   00 00 ff c1 41 85 03 3b 0c 24 0f 8d f7 00 00 00
0x0000022510b0b65b:   c4 c1 f9 7e c1 c4 e1 f9 7e ce c5 f9 7e d2 44 8b
0x0000022510b0b66b:   5c 24 10 44 8b 44 24 14 44 3b 5c 24 08 0f 8d ea
0x0000022510b0b67b:   00 00 00 44 89 44 24 14 44 89 5c 24 10 c5 f9 6e
0x0000022510b0b68b:   d2 c4 e1 f9 6e ce c4 c1 f9 6e c1 c4 c1 f9 7e e3
0x0000022510b0b69b:   41 8b 74 8b 10 8b f9 41 2b f8 3b cd 0f 83 8c 05
0x0000022510b0b6ab:   00 00 44 8b 44 24 10 44 3b 44 24 04 0f 83 7c 05
0x0000022510b0b6bb:   00 00 c4 c1 f9 7e db 45 8b 44 bb 10 47 8b 5c c4
0x0000022510b0b6cb:   0c 45 85 db 0f 86 9b 09 00 00 47 8b 5c c4 10 41
0x0000022510b0b6db:   83 fb ff 0f 84 a4 00 00 00 45 8b 44 f4 0c 44 8b
0x0000022510b0b6eb:   4c 24 10 45 3b c8 0f 83 4a 08 00 00 4d 8d 0c f4
0x0000022510b0b6fb:   44 8b 44 24 10 47 89 5c 81 10 45 33 ed c4 c1 f9
0x0000022510b0b70b:   7e db 45 8b 43 10 47 8b 5c c4 0c 44 03 5c 24 10
0x0000022510b0b71b:   41 3b c3 0f 8d 22 ff ff ff 3b cd 0f 83 17 05 00
0x0000022510b0b72b:   00 4d 8d 04 f4 44 8b c8 41 be 01 00 00 00 e9 80
0x0000022510b0b73b:   fe ff ff c4 c1 f9 7e cd e9 d3 fe ff ff c4 c1 f9
0x0000022510b0b74b:   7e cd e9 c9 fe ff ff c5 f8 77 48 83 c4 60 5d 49
0x0000022510b0b75b:   3b a7 40 03 00 00 0f 87 b1 0f 00 00 c3 44 89 44
0x0000022510b0b76b:   24 14 44 89 5c 24 10 c5 f9 6e d2 c4 e1 f9 6e ce
0x0000022510b0b77b:   c4 c1 f9 6e c1 4c 8b ee e9 be fe ff ff c4 c1 f9
0x0000022510b0b78b:   7e cd e9 76 ff ff ff c4 c1 f9 7e c3 c4 c1 79 7e 


Stack slot to memory mapping:
stack at sp + 0 slots: 0x0000010000000000 is an unknown value
stack at sp + 1 slots: 0x00000000fffffff8 is an unknown value
stack at sp + 2 slots: 0xfffffff0ffffffe8 is an unknown value
stack at sp + 3 slots: 0x0 is NULL
stack at sp + 4 slots: 0x0000001000000010 is an unknown value
stack at sp + 5 slots: 0x0000000900000010 is an unknown value
stack at sp + 6 slots: 0x000000a000000009 is an unknown value
stack at sp + 7 slots: 0x0000022524ddfa2e is pointing into metadata

--------------------------------------------------------------------------------
[Constant Pool (empty)]

--------------------------------------------------------------------------------

[MachCode]
  0x0000022510b0aea0: 448b 5208 | 49bb 0000 | 0000 0800 | 0000 4d03 | d349 3bc2 | 0f85 c61b | 44f8 6690 | 0f1f 4000 
  0x0000022510b0aec0: 8984 2400 | 90ff ff55 | 4883 ec60 | c4c1 f96e | e048 897c | 2418 c4c1 | 796e d948 | 8914 2449 
  0x0000022510b0aee0: ba30 2b62 | 1707 0000 | 0041 8b6a | 7045 8b54 | ec08 4181 | fae0 ad0b | 000f 85fd | 1100 004d 
  0x0000022510b0af00: 8d14 ec45 | 8b52 2447 | 8b4c d40c | 4585 c90f | 8689 1200 | 004f 8d34 | d44d 85c0 | 0f84 ca0f 
  0x0000022510b0af20: 0000 458b | 580c 41ff | c945 85db | 7579 450f | b640 1145 | 85c0 0f85 | 7c0f 0000 | c4c1 f97e 
  0x0000022510b0af40: e345 0fbe | 4310 4585 | c00f 85c1 | 1400 0041 | 8b6b 1441 | 8b4c ec0c | 85c9 0f86 | 650f 0000 
  0x0000022510b0af60: 448b d941 | ffcb 443b | d90f 83d5 | 1300 0045 | 0fb6 44ec | 108b d983 | c3fd 443b | db41 ba00 
  0x0000022510b0af80: 0000 8041 | 0f4c da41 | 8bf8 c1e7 | 0541 2bf8 | 4d8d 1cec | 83fb 010f | 8edb 1300 | 00b8 0100 
  0x0000022510b0afa0: 0000 4533 | d2eb 3b45 | 8bd3 41c1 | ea10 4533 | d345 23ca | 33d2 e9e5 | 0000 0045 | 0fb6 5403 
  0x0000022510b0afc0: 1041 03fa | ffc0 3bc1 | 0f8d b400 | 0000 448b | d741 c1e2 | 0544 2bd7 | 418b faeb | dec4 c179 
  0x0000022510b0afe0: 7ed2 8bd3 | 2bd0 3bd8 | 410f 4cd2 | 81fa a00f | 0000 bea0 | 0f00 000f | 47d6 03d0 | c4c1 796e 
  0x0000022510b0b000: d20f 1f84 | 0000 0000 | 000f 1f80 | 0000 0000 | 4863 e845 | 0fb6 542b | 1041 0fb6 | 742b 1345 
  0x0000022510b0b020: 0fb6 442b | 1145 0fb6 | 6c2b 1241 | 03fa 8bef | c1e5 052b | ef41 03e8 | 448b d541 | c1e2 0544 
  0x0000022510b0b040: 2bd5 4503 | d545 8bc2 | 41c1 e005 | 452b c244 | 03c6 418b | f8c1 e705 | 412b f883 | c004 3bc2 
  0x0000022510b0b060: 7cae 498b | b748 0300 | 0085 063b | c30f 8c6a | ffff ffc5 | f97e d23b | c10f 8c3c | ffff ff41 
  0x0000022510b0b080: 8bf8 85ff | 0f84 3d0e | 0000 c4c1 | f97e e241 | 897a 0c44 | 8bd7 41c1 | ea10 4433 | d745 23ca 
  0x0000022510b0b0a0: 478b 448e | 1047 8b5c | c40c 453b | da0f 85f0 | 0b00 0047 | 8b5c c410 | 4d8b cb49 | c1e1 03c4 
  0x0000022510b0b0c0: e1f9 7ee1 | 4c3b c90f | 8426 0100 | 000f be59 | 1049 3bc9 | 0f84 1901 | 0000 438b | 4cdc 0881 
  0x0000022510b0b0e0: f970 e900 | 000f 85b9 | 1300 0049 | c1e3 0341 | 0fbe 6b10 | 3bdd 0f85 | dc12 0000 | 458b 5b14 
  0x0000022510b0b100: c4c1 f97e | e141 8b41 | 1443 8b5c | dc0c 418b | 4cc4 0c3b | cb0f 85ed | 1100 004f | 8d0c dc4b 
  0x0000022510b0b120: 8d74 dc10 | 4d8d 1cc4 | 498d 7cc4 | 1085 c90f | 84a5 0000 | 008b c183 | e01f 83e1 | e00f 844b 
  0x0000022510b0b140: 0000 0048 | 8d3c 0f48 | 8d34 0e48 | f7d9 c5fe | 6f2c 0fc5 | fe6f 140e | c5d5 efea | c4e2 7d17 
  0x0000022510b0b160: ed0f 857a | 0000 0048 | 83c1 2075 | e185 c00f | 8465 0000 | 00c5 fe6f | 6c07 e0c5 | fe6f 5406 
  0x0000022510b0b180: e0c5 d5ef | eac4 e27d | 17ed 7555 | eb4c 8bc8 | 83e1 fc74 | 1948 8d3c | 0f48 8d34 | 0e48 f7d9 
  0x0000022510b0b1a0: 8b1c 0f3b | 1c0e 7539 | 4883 c104 | 75f2 f7c0 | 0200 0000 | 7412 0fb7 | 1f0f b70e | 3bd9 7521 
  0x0000022510b0b1c0: 488d 7f02 | 488d 7602 | f7c0 0100 | 0000 740a | 0fb6 1f0f | b60e 3bd9 | 7507 b801 | 0000 00eb 
  0x0000022510b0b1e0: 0233 c0c5 | d5ef edc5 | edef d285 | c00f 8415 | 1100 004f | 8d1c c441 | 8b6b 1445 | 8b54 ec08 
  0x0000022510b0b200: 4181 fa08 | 6d00 000f | 8577 1200 | 0049 8d04 | ec44 8b58 | 0c45 85db | 0f86 020f | 0000 448b 
  0x0000022510b0b220: 4010 478b | 54c4 0c41 | d1fb 41d1 | fac4 c179 | 6ee3 c5f8 | 5be4 c4c1 | 796e d2c5 | f85b d2c5 
  0x0000022510b0b240: f25c e4c5 | fa5c c2c4 | c179 7ec0 | c4c1 797e | e245 8bc8 | 41c1 e917 | 418b cac1 | e917 450f 
  0x0000022510b0b260: b6c9 bf95 | 0000 0041 | 2bf9 0fb6 | c941 b995 | 0000 0044 | 2bc9 f7c7 | e0ff ffff | 0f85 d20b 
  0x0000022510b0b280: 0000 458b | d841 81e3 | ffff 7f00 | 4181 cb00 | 0080 0045 | 85c0 0f8c | 480c 0000 | 8bcf 41d3 
  0x0000022510b0b2a0: fb41 ffc3 | 41d1 fb41 | f7c1 e0ff | ffff 0f85 | c20b 0000 | 458b c241 | 81e0 ffff | 7f00 4181 
  0x0000022510b0b2c0: c800 0080 | 0045 85d2 | 0f8c 0e0c | 0000 418b | c941 d3f8 | 41ff c041 | d1f8 c4c1 | 797e da45 
  0x0000022510b0b2e0: 85d2 0f85 | d900 0000 | 4533 d2eb | 138b 5424 | 0c44 8b5c | 2410 448b | 4424 1444 | 8b54 2408 
  0x0000022510b0b300: 418b eac1 | fd03 85ed | 0f85 c60e | 0000 448b | 500c 418b | c841 03ca | 443b c10f | 8d31 0400 
  0x0000022510b0b320: 004d 63ca | 4963 d841 | 8bf0 f7de | 4863 fe48 | 03df 493b | d90f 8319 | 0e00 0048 | 63d9 4803 
  0x0000022510b0b340: df48 ffcb | 493b d90f | 833f 0e00 | 004c 8b0c | 2441 8b59 | 0c41 8b6c | dc0c 85ed | 0f86 350e 
  0x0000022510b0b360: 0000 418b | 74dc 1041 | 8b7c f40c | 488b 7424 | 1848 85f6 | 0f85 e30d | 0000 4585 | d20f 86da 
  0x0000022510b0b380: 0d00 0044 | 8b50 1047 | 8b54 d40c | 4585 d20f | 86c8 0d00 | 0089 7c24 | 0489 0c24 | c4e1 f96e 
  0x0000022510b0b3a0: d841 8bca | 4103 cb89 | 4c24 0849 | 8d0c dcc4 | e1f9 6ee1 | 418b c3ff | c041 8bc8 | e9b2 0200 
  0x0000022510b0b3c0: 0041 f7c2 | 0400 0000 | 742f 4489 | 4424 1044 | 895c 240c | 8954 2408 | 418b ea48 | 8bd0 6690 
  0x0000022510b0b3e0: c5f8 77e8 | 38e4 ffff | 448b d58b | 5424 0844 | 8b5c 240c | 448b 4424 | 1041 f7c2 | 0100 0000 
  0x0000022510b0b400: 0f84 ca00 | 0000 448b | 480c 4585 | c90f 86c1 | 0e00 008b | 5810 418b | 5cdc 0c89 | 5c24 1044 
  0x0000022510b0b420: 894c 2414 | 4889 4424 | 2844 8944 | 2424 4489 | 5c24 2089 | 5424 0c44 | 8954 2408 | 48ba 086d 
  0x0000022510b0b440: 0000 0800 | 0000 458b | c144 8bcb | c5f8 77e8 | 2c10 4ff8 | 448b 5424 | 1441 ffca | 443b 5424 
  0x0000022510b0b460: 140f 832d | 0e00 0044 | 8b40 0c45 | 85c0 0f86 | 200e 0000 | 453b d00f | 8317 0e00 | 008b 6c24 
  0x0000022510b0b480: 10ff cd8b | 4c24 10d1 | f94c 634c | 2410 448b | e941 83c5 | fe41 3bcd | 41bb 0000 | 0080 450f 
  0x0000022510b0b4a0: 4ceb 4c63 | d149 8bd1 | 492b d28b | f1ff c648 | ffca 4533 | f6e9 c406 | 0000 488b | c644 8b54 
  0x0000022510b0b4c0: 2408 8b54 | 240c 448b | 5c24 2044 | 8b44 2424 | 41f7 c202 | 0000 000f | 8423 feff | ff8b 480c 
  0x0000022510b0b4e0: 85c9 0f86 | 7a0d 0000 | 8b58 1045 | 8b4c dc0c | 894c 2428 | 4889 4424 | 2044 8944 | 2414 4489 
  0x0000022510b0b500: 5c24 1089 | 5424 0c44 | 8954 2408 | 48ba 086d | 0000 0800 | 0000 448b | c166 6690 | c5f8 77e8 
  0x0000022510b0b520: 5c0f 4ff8 | 448b 500c | 448b 4424 | 2841 d1f8 | 458b c841 | ffc1 4585 | d20f 86c6 | 0c00 0045 
  0x0000022510b0b540: 3bc2 0f83 | bd0c 0000 | 4863 6c24 | 284d 63d8 | 488b cd49 | 2bcb 48ff | c948 3bcd | 0f83 a30c 
  0x0000022510b0b560: 0000 448b | 5c24 2841 | ffcb 443b | 5c24 280f | 8390 0c00 | 0044 894c | 242c 4d63 | ca49 3bc9 
  0x0000022510b0b580: 0f83 7a0c | 0000 453b | da0f 83c5 | 0c00 0044 | 3b44 2428 | 0f83 c10c | 0000 4533 | d2e9 2102 
  0x0000022510b0b5a0: 0000 0f1f | 8000 0000 | 000f 1f80 | 0000 0000 | 442b 4c24 | 1045 8bf1 | 41ff c644 | 8bca 453b 
  0x0000022510b0b5c0: f20f 8332 | 0900 0045 | 8b5c dc10 | 478b 5cdc | 0c45 3bcb | 0f83 6e01 | 0000 c4c1 | f97e db45 
  0x0000022510b0b5e0: 8b6c bb10 | 438b 54ec | 0c4f 8d1c | ec44 3bf2 | 0f83 2a09 | 0000 478b | 5cb3 1041 | 83fb ff0f 
  0x0000022510b0b600: 8439 0100 | 0041 8b54 | f40c 443b | ca0f 8329 | 0900 0047 | 895c 8810 | 4533 edc4 | c1f9 7edb 
  0x0000022510b0b620: 458b 5b10 | 478b 5cdc | 0c44 035c | 2410 4d8b | b748 0300 | 0041 8bd1 | ffc2 4185 | 0641 3bd3 
  0x0000022510b0b640: 0f8c 6aff | ffff 4d8b | 9f48 0300 | 00ff c141 | 8503 3b0c | 240f 8df7 | 0000 00c4 | c1f9 7ec1 
  0x0000022510b0b660: c4e1 f97e | cec5 f97e | d244 8b5c | 2410 448b | 4424 1444 | 3b5c 2408 | 0f8d ea00 | 0000 4489 
  0x0000022510b0b680: 4424 1444 | 895c 2410 | c5f9 6ed2 | c4e1 f96e | cec4 c1f9 | 6ec1 c4c1 | f97e e341 | 8b74 8b10 
  0x0000022510b0b6a0: 8bf9 412b | f83b cd0f | 838c 0500 | 0044 8b44 | 2410 443b | 4424 040f | 837c 0500 | 00c4 c1f9 
  0x0000022510b0b6c0: 7edb 458b | 44bb 1047 | 8b5c c40c | 4585 db0f | 869b 0900 | 0047 8b5c | c410 4183 | fbff 0f84 
  0x0000022510b0b6e0: a400 0000 | 458b 44f4 | 0c44 8b4c | 2410 453b | c80f 834a | 0800 004d | 8d0c f444 | 8b44 2410 
  0x0000022510b0b700: 4789 5c81 | 1045 33ed | c4c1 f97e | db45 8b43 | 1047 8b5c | c40c 4403 | 5c24 1041 | 3bc3 0f8d 
  0x0000022510b0b720: 22ff ffff | 3bcd 0f83 | 1705 0000 | 4d8d 04f4 | 448b c841 | be01 0000 | 00e9 80fe | ffff c4c1 
  0x0000022510b0b740: f97e cde9 | d3fe ffff | c4c1 f97e | cde9 c9fe | ffff c5f8 | 7748 83c4 | 605d 493b | a740 0300 
  0x0000022510b0b760: 000f 87b1 | 0f00 00c3 | 4489 4424 | 1444 895c | 2410 c5f9 | 6ed2 c4e1 | f96e cec4 | c1f9 6ec1 
  0x0000022510b0b780: 4c8b eee9 | befe ffff | c4c1 f97e | cde9 76ff | ffff c4c1 | f97e c3c4 | c179 7ed2 | c4e1 f97e 
  0x0000022510b0b7a0: e0c4 e1f9 | 7ef5 4d8b | 8748 0300 | 0041 ffc2 | 4185 0044 | 3b54 242c | 0f8d 2ffb | ffff 4c89 
  0x0000022510b0b7c0: 5c24 204c | 8b5c 2420 | 458b 4b10 | 438b 7ccc | 0c85 ff76 | d1c5 fb10 | 4424 20c4 | c179 6ed2 
  0x0000022510b0b7e0: 4d63 c24c | 8bdd 4d2b | d84c 8b54 | 2420 478b | 549a 0cc4 | c179 6eca | 478b 6cd4 | 0c46 8b54 
  0x0000022510b0b800: 8010 c4c1 | 796e da47 | 8b4c d40c | 4c8b 5424 | 2047 8b54 | 8210 c4c1 | 796e ea43 | 8b4c d40c 
  0x0000022510b0b820: 428b 5c98 | 0c45 8b74 | dc0c 4585 | ed0f 86b9 | 0800 0041 | ba01 0000 | 0045 3bd5 | 450f 4fd5 
  0x0000022510b0b840: c4c1 797e | db4f 8d04 | dcc4 c179 | 7ecb 4b8d | 14dc 418b | f849 8d34 | dcc1 ef02 | c4c1 797e 
  0x0000022510b0b860: eb49 c1e3 | 0383 e703 | 4103 faf7 | df83 e703 | 4103 fa41 | 3bfd 410f | 4ffd 4533 | d2eb 0d90 
  0x0000022510b0b880: 448b d144 | 8b4c 2420 | 8b4c 2424 | 453b d50f | 8386 0100 | 00c5 796e | c389 4c24 | 2444 894c 
  0x0000022510b0b8a0: 2420 c4e1 | f96e f5c4 | e1f9 6ee0 | 468b 4c92 | 1044 3b54 | 2420 0f83 | 9c06 0000 | 4789 4c90 
  0x0000022510b0b8c0: 1044 3bd1 | 0f83 ea06 | 0000 478b | 4c93 1045 | 3bd6 0f83 | 3c07 0000 | 4689 4c96 | 10c4 c1f9 
  0x0000022510b0b8e0: 7ec1 458b | 4910 478b | 4ccc 0c41 | 8bca ffc1 | 413b c90f | 8d99 feff | ff3b cf0f | 8c7f ffff 
  0x0000022510b0b900: ff49 63dd | 4963 c648 | 636c 2424 | 4863 7c24 | 2048 3bdf | 418b fd0f | 4f7c 2420 | 4963 d94c 
  0x0000022510b0b920: 63cf 4c3b | cd0f 4f7c | 2424 48ff | cb4c 63cf | 4c3b c841 | 0f4f fe44 | 8bcb 4863 | c748 3bc3 
  0x0000022510b0b940: 410f 4ff9 | 448b cf41 | 83c1 f941 | 3bf9 bf00 | 0000 8044 | 0f4c cf41 | 3bc9 0f8d | 9407 0000 
  0x0000022510b0b960: 41ff c20f | 1f80 0000 | 0000 660f | 1f44 0000 | c4a1 7a6f | 7c92 10c4 | 817a 7f7c | 9010 c481 
  0x0000022510b0b980: 7a6f 7c93 | 10c4 a17a | 7f7c 9610 | c4a1 7a6f | 7c92 20c4 | 817a 7f7c | 9020 c481 | 7a6f 7c93 
  0x0000022510b0b9a0: 20c4 a17a | 7f7c 9620 | 4183 c208 | 453b d17c | bf45 3bd5 | 7d59 6690 | 453b d573 | 5946 8b4c 
  0x0000022510b0b9c0: 9210 443b | 5424 200f | 838b 0500 | 0047 894c | 9010 443b | 5424 240f | 83d7 0500 | 0047 8b4c 
  0x0000022510b0b9e0: 9310 453b | d60f 8329 | 0600 0046 | 894c 9610 | c4c1 f97e | c145 8b49 | 1043 8b4c | cc0c 41ff 
  0x0000022510b0ba00: c244 3bd1 | 0f8d 88fd | ffff 453b | d57c a9c4 | e1f9 7ee0 | eb05 c4e1 | f97e e0ba | e4ff ffff 
  0x0000022510b0ba20: 488b 2c24 | 448b 4424 | 0844 8904 | 244c 8b5c | 2418 4c89 | 5c24 0844 | 8b44 2410 | 4489 4424 
  0x0000022510b0ba40: 0444 8b5c | 2414 4489 | 5c24 10c5 | fb11 4424 | 1848 8944 | 2420 4489 | 5424 2844 | 8954 242c 
  0x0000022510b0ba60: c5fa 1154 | 2430 c5fa | 115c 2434 | c5fa 114c | 2438 6690 | c5f8 77e8 | 8468 44f8 | 0f1f 4000 
  0x0000022510b0ba80: 448b c342 | 8b4c 870c | 8b5c 2410 | 412b db49 | 63d3 894c | 9010 8b4c | 9710 4289 | 4c80 0c49 
  0x0000022510b0baa0: 8bc9 482b | ca44 8b44 | 8f08 4489 | 4490 1444 | 8b44 9714 | 4489 4488 | 0844 8b44 | 8f04 4489 
  0x0000022510b0bac0: 4490 1844 | 8b44 9718 | 4489 4488 | 0444 8b04 | 8f44 8944 | 901c 448b | 4497 1c44 | 8904 8883 
  0x0000022510b0bae0: c3fc 4183 | c304 453b | da7c 954d | 8b97 4803 | 0000 4185 | 0245 3bdd | 7d2a 448b | c345 8bd5 
  0x0000022510b0bb00: 452b d345 | 3beb 440f | 4c54 240c | 4181 faa0 | 0f00 00bb | a00f 0000 | 440f 47d3 | 4503 d3e9 
  0x0000022510b0bb20: 5fff ffff | c5f9 7ec9 | c4e1 f97e | c244 3b5c | 2430 7d2b | 448b 549f | 0c46 8954 | 9810 468b 
  0x0000022510b0bb40: 549f 1044 | 8954 980c | 458b d341 | ffc2 443b | 5424 307d | 0a8b dd41 | 2bdb 458b | daeb d54d 
  0x0000022510b0bb60: 8b97 4803 | 0000 41ff | c641 8502 | 443b 7424 | 140f 8d43 | f9ff ff48 | 8bc6 8b74 | 2430 4c8b 
  0x0000022510b0bb80: 5424 2841 | 8b7a 1085 | ff0f 84ea | 0400 0047 | 8b5c b210 | 478b 54dc | 0c42 8b5c | b010 458b 
  0x0000022510b0bba0: 44dc 0c89 | 7424 30c5 | f96e c948 | 8bf0 4963 | ca48 3bd1 | 0f83 ce04 | 0000 413b | ea0f 83c5 
  0x0000022510b0bbc0: 0400 0045 | 85c0 0f86 | bc04 0000 | c5f9 7ec9 | 413b c80f | 83af 0400 | 0045 85d2 | 0f86 a604 
  0x0000022510b0bbe0: 0000 413b | ca0f 839d | 0400 004d | 63d0 493b | d20f 8391 | 0400 0041 | 3be8 0f83 | 8804 0000 
  0x0000022510b0bc00: 498d 04dc | 4b8d 3cdc | 468b 548f | 0c45 8954 | dc10 478b | 54dc 1046 | 8954 880c | 4183 fd01 
  0x0000022510b0bc20: 0f8e aa04 | 0000 448b | c541 bb01 | 0000 00c4 | e1f9 6ec2 | e9c4 feff | ffc4 c1f9 | 7ecd e9c5 
  0x0000022510b0bc40: faff ff44 | 8bc8 41b8 | 0100 0000 | eb10 6690 | 442b 4c24 | 1045 8bc1 | 41ff c045 | 8bcb 453b 
  0x0000022510b0bc60: c20f 8392 | 0200 0045 | 3b64 dc10 | 0f84 6b04 | 0000 c4c1 | f97e d845 | 8b58 1043 | 8b7c dc0c 
  0x0000022510b0bc80: 037c 2410 | 4d8b 8748 | 0300 0045 | 8bd9 41ff | c341 8500 | 443b df7c | b7c4 c1f9 | 7ecd e9a3 
  0x0000022510b0bca0: f9ff ff43 | 8b6c c418 | 85ed 0f84 | d406 0000 | 478b 5cc4 | 0841 81fb | 98b0 1400 | 0f84 e606 
  0x0000022510b0bcc0: 0000 4d8d | 1cec 458b | 4b0c 453b | ca0f 85c5 | 0100 0045 | 8b4b 104d | 8bc1 49c1 | e003 c4e1 
  0x0000022510b0bce0: f97e e14c | 3bc1 0f84 | 0bf5 ffff | 0fbe 4910 | c4e1 f97e | e349 3bd8 | 0f84 f9f4 | ffff 438b 
  0x0000022510b0bd00: 5ccc 0881 | fb70 e900 | 000f 85d9 | 0700 004f | 8d04 cc41 | 0fbe 6810 | 3bcd 0f85 | 2c07 0000 
  0x0000022510b0bd20: 418b 5814 | c4c1 f97e | e041 8b78 | 1445 8b4c | dc0c 418b | 4cfc 0c41 | 3bc9 0f85 | d800 0000 
  0x0000022510b0bd40: 4d8d 04dc | 498d 74dc | 104d 8d04 | fc49 8d7c | fc10 85c9 | 0f84 a500 | 0000 8bc1 | 83e0 1f83 
  0x0000022510b0bd60: e1e0 0f84 | 4b00 0000 | 488d 3c0f | 488d 340e | 48f7 d9c5 | fe6f 140f | c5fe 6f2c | 0ec5 edef 
  0x0000022510b0bd80: d5c4 e27d | 17d2 0f85 | 7a00 0000 | 4883 c120 | 75e1 85c0 | 0f84 6500 | 0000 c5fe | 6f54 07e0 
  0x0000022510b0bda0: c5fe 6f6c | 06e0 c5ed | efd5 c4e2 | 7d17 d275 | 55eb 4c8b | c883 e1fc | 7419 488d | 3c0f 488d 
  0x0000022510b0bdc0: 340e 48f7 | d98b 1c0f | 3b1c 0e75 | 3948 83c1 | 0475 f2f7 | c002 0000 | 0074 120f | b71f 0fb7 
  0x0000022510b0bde0: 0e3b d975 | 2148 8d7f | 0248 8d76 | 02f7 c001 | 0000 0074 | 0a0f b61f | 0fb6 0e3b | d975 07b8 
  0x0000022510b0be00: 0100 0000 | eb02 33c0 | c5ed efd2 | c5d5 efed | 85c0 0f85 | dff3 ffff | ba45 ffff | ff48 8b2c 
  0x0000022510b0be20: 24c5 fa11 | 0424 c5fa | 114c 2404 | c5fa 115c | 2408 4c8b | 4424 184c | 8944 2410 | c5fb 1164 
  0x0000022510b0be40: 2418 4c89 | 5c24 2044 | 8954 240c | c5f8 77e8 | ac64 44f8 | c57a 2cd8 | 4181 fb00 | 0000 8075 
  0x0000022510b0be60: 1048 83ec | 08c5 fa11 | 0424 e884 | 523f f841 | 5be9 31f4 | ffff c57a | 2cc4 4181 | f800 0000 
  0x0000022510b0be80: 8075 1048 | 83ec 08c5 | fa11 2424 | e862 523f | f841 58e9 | 42f4 ffff | 458b 5b18 | 4d8b 8748 
  0x0000022510b0bea0: 0300 0041 | 8500 4585 | db0f 84d5 | 0400 0049 | c1e3 03e9 | 0efe ffff | 4533 c933 | d245 33d2 
  0x0000022510b0bec0: e9db f1ff | ff33 d2c4 | c1f9 7ee2 | 41c6 4211 | 0145 33c9 | 4533 d2e9 | c4f1 ffff | 41f7 d8e9 
  0x0000022510b0bee0: eaf3 ffff | 41f7 dbe9 | b0f3 ffff | 4533 c933 | d245 33d2 | e9a7 f1ff | ffba 45ff | ffff c4e1 
  0x0000022510b0bf00: f97e c5c5 | fb11 0c24 | c5fb 115c | 2408 894c | 2418 4489 | 4c24 1c90 | c5f8 77e8 | e063 44f8 
  0x0000022510b0bf20: c4c1 796e | d6ba e6ff | ffff 498b | ebc5 fa11 | 1424 6690 | c5f8 77e8 | c463 44f8 | 4489 4c24 
  0x0000022510b0bf40: 10ba e6ff | ffff 8bee | 4489 5c24 | 0466 6690 | c5f8 77e8 | a863 44f8 | bae4 ffff | ff48 8b2c 
  0x0000022510b0bf60: 2444 8b5c | 2408 4489 | 1c24 4c8b | 5c24 184c | 895c 2408 | 448b 4424 | 1044 8944 | 2404 448b 
  0x0000022510b0bf80: 5c24 1444 | 895c 2410 | c5fb 1144 | 2418 c5fb | 1164 2420 | 4489 5424 | 2844 894c | 242c c5fa 
  0x0000022510b0bfa0: 1154 2430 | c5fa 115c | 2434 6690 | c5f8 77e8 | 4c63 44f8 | bae4 ffff | ff48 8b2c | 2444 8b5c 
  0x0000022510b0bfc0: 2408 4489 | 1c24 4c8b | 5c24 184c | 895c 2408 | 448b 4424 | 1044 8944 | 2404 448b | 5c24 1444 
  0x0000022510b0bfe0: 895c 2410 | c5fb 1144 | 2418 c5fb | 1164 2420 | 4489 5424 | 2844 8954 | 242c c5fa | 1154 2430 
  0x0000022510b0c000: c5fa 116c | 2434 c57a | 1144 2438 | c5f8 77e8 | ec62 44f8 | bae4 ffff | ff48 8b2c | 2444 8b44 
  0x0000022510b0c020: 2408 4489 | 0424 4c8b | 5c24 184c | 895c 2408 | 448b 4424 | 1044 8944 | 2404 448b | 5c24 1444 
  0x0000022510b0c040: 895c 2410 | c5fb 1144 | 2418 c5fb | 1164 2420 | 4489 5424 | 2844 894c | 242c c5fa | 1154 2430 
  0x0000022510b0c060: c57a 1144 | 2434 6690 | c5f8 77e8 | 9062 44f8 | 4f8d 1cc4 | e9ac feff | ffba f6ff | ffff 6690 
  0x0000022510b0c080: c5f8 77e8 | 7862 44f8 | 418b 6cfc | 0cd1 fdff | c5ba 76ff | ffff 4c8b | 5424 184c | 8954 2410 
  0x0000022510b0c0a0: 448b 5424 | 2044 8954 | 240c 448b | 5c24 2444 | 895c 2418 | 4c8b 5424 | 284c 8954 | 2420 4889 
  0x0000022510b0c0c0: 4424 2844 | 8974 241c | c5f8 77e8 | 3062 44f8 | 8bdd 41bb | 0100 0000 | e950 faff | ffba f6ff 
  0x0000022510b0c0e0: ffff 6690 | c5f8 77e8 | 1462 44f8 | 4533 d2e9 | 27f9 ffff | 448b d1e9 | b5f8 ffff | bade ffff 
  0x0000022510b0c100: ffc5 fa11 | 4424 08c5 | fa11 4c24 | 0c44 894c | 2410 4c89 | 4424 2090 | c5f8 77e8 | e061 44f8 
  0x0000022510b0c120: bae4 ffff | ff48 8b2c | 24c5 fa11 | 0c24 c5fa | 115c 2404 | 4c8b 5424 | 184c 8954 | 2408 c5fa 
  0x0000022510b0c140: 1144 2410 | 4889 4424 | 2066 6690 | c5f8 77e8 | ac61 44f8 | 4c8b 0c24 | 488b 7424 | 18ba beff 
  0x0000022510b0c160: ffff 498b | e948 8934 | 2448 8944 | 2408 4489 | 5c24 1044 | 8944 2418 | 4489 4424 | 1c89 4c24 
  0x0000022510b0c180: 2066 6690 | c5f8 77e8 | 7461 44f8 | 4c8b 0c24 | 488b 7424 | 18eb c648 | 8b74 2418 | ebbf ba45 
  0x0000022510b0c1a0: ffff ff48 | 8b2c 24c5 | fa11 0424 | c5fa 114c | 2404 c5fa | 115c 2408 | 4889 7c24 | 104c 8944 
  0x0000022510b0c1c0: 2418 4489 | 4c24 2044 | 8954 2424 | c5f8 77e8 | 2c61 44f8 | ba45 ffff | ff4c 8b4c | 2418 4c89 
  0x0000022510b0c1e0: 4c24 0848 | 8944 2410 | 4489 5c24 | 1844 8944 | 241c 4489 | 5424 2090 | c5f8 77e8 | 0061 44f8 
  0x0000022510b0c200: 448b 4c24 | 2cba beff | ffff 488b | 2c24 448b | 5424 0844 | 8914 244c | 8b54 2418 | 4c89 5424 
  0x0000022510b0c220: 0844 8b5c | 2410 4489 | 5c24 0444 | 8b54 2414 | 4489 5424 | 104c 8b54 | 2420 4c89 | 5424 1848 
  0x0000022510b0c240: 8944 2420 | 4489 4c24 | 1466 6690 | c5f8 77e8 | ac60 44f8 | 448b 4c24 | 2ceb aa44 | 8b4c 242c 
  0x0000022510b0c260: eba3 bae4 | ffff ff48 | 8b2c 2444 | 8914 244c | 8b54 2418 | 4c89 5424 | 0844 895c | 2404 4489 
  0x0000022510b0c280: 4424 1048 | 8944 2420 | 894c 2414 | c5f8 77e8 | 6c60 44f8 | babe ffff | ff48 8b2c | 2444 8b54 
  0x0000022510b0c2a0: 2408 4489 | 1424 4c8b | 5424 184c | 8954 2408 | 448b 5c24 | 2044 895c | 2404 448b | 5424 2444 
  0x0000022510b0c2c0: 8954 2410 | 4889 4424 | 2066 6690 | c5f8 77e8 | 2c60 44f8 | bae4 ffff | ff48 8b2c | 2444 8914 
  0x0000022510b0c2e0: 244c 8b54 | 2418 4c89 | 5424 0844 | 895c 2404 | 4489 4424 | 1048 8944 | 2420 4489 | 4c24 1490 
  0x0000022510b0c300: c5f8 77e8 | f85f 44f8 | ba45 ffff | ff48 8b2c | 24c5 fa11 | 0424 c5fa | 114c 2404 | c5fa 115c 
  0x0000022510b0c320: 2408 4c8b | 5c24 184c | 895c 2410 | c5fb 1164 | 2418 4489 | 4424 0c44 | 8954 2420 | c5f8 77e8 
  0x0000022510b0c340: bc5f 44f8 | ba76 ffff | ffc5 fa11 | 4424 08c5 | fa11 4c24 | 0cc5 fa11 | 5c24 1044 | 894c 2414 
  0x0000022510b0c360: c5fb 1164 | 2428 894c | 2434 4489 | 5424 3890 | c5f8 77e8 | 885f 44f8 | b801 0000 | 0033 d2e9 
  0x0000022510b0c380: f3ec ffff | baf4 ffff | ff48 8b2c | 24c5 fa11 | 0424 c5fa | 114c 2404 | c5fa 115c | 2408 6690 
  0x0000022510b0c3a0: c5f8 77e8 | 585f 44f8 | ba45 ffff | ffc5 fa11 | 4424 08c5 | fa11 4c24 | 0cc5 fa11 | 5c24 10c5 
  0x0000022510b0c3c0: fb11 6424 | 2044 8944 | 2414 4489 | 5424 2890 | c5f8 77e8 | 285f 44f8 | ba45 ffff | ffc5 fa11 
  0x0000022510b0c3e0: 4424 08c5 | fa11 4c24 | 0cc5 fa11 | 5c24 10c5 | fb11 6424 | 2844 8944 | 2414 4489 | 5424 304c 
  0x0000022510b0c400: 895c 2438 | 895c 2434 | c5f8 77e8 | f05e 44f8 | 4585 c040 | 0f95 c540 | 0fb6 ed83 | f501 ba45 
  0x0000022510b0c420: ffff ffc5 | fa11 4424 | 08c5 fa11 | 4c24 0cc5 | fa11 5c24 | 1044 894c | 2414 4c89 | 5c24 2844 
  0x0000022510b0c440: 8954 2430 | c5f8 77e8 | b45e 44f8 | ba45 ffff | ffc5 fa11 | 4424 08c5 | fa11 4c24 | 0cc5 fa11 
  0x0000022510b0c460: 5c24 10c5 | fb11 6424 | 284c 895c | 2430 4489 | 5424 144c | 8944 2438 | 894c 2440 | c5f8 77e8 
  0x0000022510b0c480: 7c5e 44f8 | bade ffff | ffc5 fa11 | 4424 08c5 | fa11 4c24 | 0cc5 fa11 | 5c24 1090 | c5f8 77e8 
  0x0000022510b0c4a0: 5c5e 44f8 | bade ffff | ff48 8b2c | 24c5 fa11 | 0424 c5fa | 114c 2404 | c5fa 115c | 2408 4c8b 
  0x0000022510b0c4c0: 4c24 184c | 894c 2410 | c5fb 1164 | 2420 4489 | 4424 0c44 | 8954 2428 | 4489 5c24 | 3066 6690 
  0x0000022510b0c4e0: c5f8 77e8 | 185e 44f8 | bade ffff | ff48 8b2c | 24c5 fa11 | 0424 c5fa | 114c 2404 | c5fa 115c 
  0x0000022510b0c500: 2408 4c8b | 4424 184c | 8944 2410 | c5fb 1164 | 2420 4c89 | 5c24 2844 | 8954 240c | 4489 4c24 
  0x0000022510b0c520: 3466 6690 | c5f8 77e8 | d45d 44f8 | baf6 ffff | ff66 6690 | c5f8 77e8 | c45d 44f8 | c4c1 796e 
  0x0000022510b0c540: d6ba f6ff | ffff c5f9 | 7ed5 6690 | c5f8 77e8 | ac5d 44f8 | 4489 4c24 | 10ba f6ff | ffff 4489 
  0x0000022510b0c560: 1c24 6690 | c5f8 77e8 | 945d 44f8 | baf6 ffff | ff66 6690 | c5f8 77e8 | 845d 44f8 | ba76 ffff 
  0x0000022510b0c580: ff48 8b2c | 2444 8b5c | 2408 4489 | 1c24 4c8b | 5424 184c | 8954 2408 | 448b 5424 | 1044 8954 
  0x0000022510b0c5a0: 2404 448b | 5c24 1444 | 895c 2410 | 48ff 7424 | 2048 8f44 | 2418 4889 | 4424 20c5 | fa11 5424 
  0x0000022510b0c5c0: 1489 7c24 | 2866 6690 | c5f8 77e8 | 305d 44f8 | baf6 ffff | ff66 6690 | c5f8 77e8 | 205d 44f8 
  0x0000022510b0c5e0: 488b d0eb | 0848 8bd0 | eb03 488b | d0c5 f877 | 4883 c460 | 5de9 0669 | 4ff8 baf6 | ffff ff49 
  0x0000022510b0c600: 8be8 6690 | c5f8 77e8 | f45c 44f8 | baf6 ffff | ff66 6690 | c5f8 77e8 | e45c 44f8 | baf6 ffff 
  0x0000022510b0c620: ff66 6690 | c5f8 77e8 | d45c 44f8 | 488b 7424 | 18e9 27fb | ffff 488b | 7424 18e9 | 1dfb ffff 
  0x0000022510b0c640: baf6 ffff | ff66 6690 | c5f8 77e8 | b05c 44f8 | baf6 ffff | ff66 6690 | c5f8 77e8 | a05c 44f8 
  0x0000022510b0c660: baf6 ffff | ff66 6690 | c5f8 77e8 | 905c 44f8 | baf6 ffff | ff66 6690 | c5f8 77e8 | 805c 44f8 
  0x0000022510b0c680: ba45 ffff | ff48 8b2c | 24c5 fa11 | 0424 c5fa | 114c 2404 | c5fa 115c | 2408 4c8b | 4c24 184c 
  0x0000022510b0c6a0: 894c 2410 | c5fb 1164 | 2420 4489 | 4424 0c44 | 8954 2428 | 4489 5c24 | 2c66 6690 | c5f8 77e8 
  0x0000022510b0c6c0: 3c5c 44f8 | baf6 ffff | ff66 6690 | c5f8 77e8 | 2c5c 44f8 | ba45 ffff | ff48 8b2c | 24c5 fa11 
  0x0000022510b0c6e0: 0424 c5fa | 114c 2404 | c5fa 115c | 2408 4c8b | 4424 184c | 8944 2410 | c5fb 1164 | 2420 4c89 
  0x0000022510b0c700: 5c24 2844 | 8954 240c | 4489 4c24 | 3066 6690 | c5f8 77e8 | e85b 44f8 | 49ba 5ab7 | b010 2502 
  0x0000022510b0c720: 0000 4d89 | 9758 0300 | 00e9 d26c | 44f8 f4f4 | f4f4 f4f4 | f4f4 f4f4 | f4f4 f4f4 | f4f4 f4f4 
  0x0000022510b0c740: 48bb 0000 | 0000 0000 | 0000 e9fb | ffff ffe9 | 2c78 4ef8 | e800 0000 | 0048 832c | 2405 e93d 
  0x0000022510b0c760: 5f44 f8f4 | f4f4 f4f4 
[/MachCode]
--------------------------------------------------------------------------------


---------------  P R O C E S S  ---------------

Threads class SMR info:
_java_thread_list=0x000002252605bcf0, length=25, elements={
0x00000225249bfb80, 0x00000225249c1800, 0x00000225249dbf60, 0x00000225249dd920,
0x00000225249de2d0, 0x00000225249dec80, 0x00000225249e4150, 0x00000225249e6380,
0x00000225249f39a0, 0x0000022525528d20, 0x0000022525544930, 0x000002252554e260,
0x000002250142cdb0, 0x0000022525722790, 0x000002252574eab0, 0x0000022525789520,
0x0000022525dffca0, 0x0000022525e61aa0, 0x0000022525e654b0, 0x0000022525e63300,
0x0000022525eaf7b0, 0x0000022525e540c0, 0x000002252579d120, 0x0000022525e522f0,
0x0000022525e63ca0
}

Java Threads: ( => current thread )
  0x00000225249bfb80 JavaThread "Reference Handler" daemon [_thread_blocked, id=24216, stack(0x000000a05f200000,0x000000a05f300000)]
  0x00000225249c1800 JavaThread "Finalizer" daemon [_thread_blocked, id=22144, stack(0x000000a05f300000,0x000000a05f400000)]
  0x00000225249dbf60 JavaThread "Signal Dispatcher" daemon [_thread_blocked, id=2468, stack(0x000000a05f400000,0x000000a05f500000)]
  0x00000225249dd920 JavaThread "Attach Listener" daemon [_thread_blocked, id=15428, stack(0x000000a05f500000,0x000000a05f600000)]
  0x00000225249de2d0 JavaThread "Service Thread" daemon [_thread_blocked, id=6120, stack(0x000000a05f600000,0x000000a05f700000)]
  0x00000225249dec80 JavaThread "Monitor Deflation Thread" daemon [_thread_blocked, id=22260, stack(0x000000a05f700000,0x000000a05f800000)]
  0x00000225249e4150 JavaThread "C2 CompilerThread0" daemon [_thread_blocked, id=23300, stack(0x000000a05f800000,0x000000a05f900000)]
  0x00000225249e6380 JavaThread "C1 CompilerThread0" daemon [_thread_blocked, id=13372, stack(0x000000a05f900000,0x000000a05fa00000)]
  0x00000225249f39a0 JavaThread "Sweeper thread" daemon [_thread_blocked, id=9732, stack(0x000000a05fa00000,0x000000a05fb00000)]
  0x0000022525528d20 JavaThread "C1 CompilerThread1" daemon [_thread_blocked, id=8108, stack(0x000000a05fb00000,0x000000a05fc00000)]
  0x0000022525544930 JavaThread "Notification Thread" daemon [_thread_blocked, id=14600, stack(0x000000a05fc00000,0x000000a05fd00000)]
  0x000002252554e260 JavaThread "Common-Cleaner" daemon [_thread_blocked, id=16692, stack(0x000000a05fe00000,0x000000a05ff00000)]
  0x000002250142cdb0 JavaThread "DestroyJavaVM" [_thread_blocked, id=22912, stack(0x000000a05eb00000,0x000000a05ec00000)]
  0x0000022525722790 JavaThread "Java2D Disposer" daemon [_thread_blocked, id=6652, stack(0x000000a060000000,0x000000a060100000)]
  0x000002252574eab0 JavaThread "AWT-Shutdown" [_thread_blocked, id=18924, stack(0x000000a060200000,0x000000a060300000)]
  0x0000022525789520 JavaThread "AWT-Windows" daemon [_thread_in_native, id=21208, stack(0x000000a060300000,0x000000a060400000)]
  0x0000022525dffca0 JavaThread "AWT-EventQueue-0" [_thread_blocked, id=23068, stack(0x000000a061000000,0x000000a061100000)]
=>0x0000022525e61aa0 JavaThread "Thread-2" [_thread_in_Java, id=16320, stack(0x000000a061100000,0x000000a061200000)]
  0x0000022525e654b0 JavaThread "Thread-1" [_thread_in_Java, id=9544, stack(0x000000a061200000,0x000000a061300000)]
  0x0000022525e63300 JavaThread "D3D Screen Updater" daemon [_thread_blocked, id=19012, stack(0x000000a05ff00000,0x000000a060000000)]
  0x0000022525eaf7b0 JavaThread "C2 CompilerThread1" daemon [_thread_blocked, id=22664, stack(0x000000a060100000,0x000000a060200000)]
  0x0000022525e540c0 JavaThread "C2 CompilerThread2" daemon [_thread_blocked, id=22592, stack(0x000000a061300000,0x000000a061400000)]
  0x000002252579d120 JavaThread "C2 CompilerThread3" daemon [_thread_blocked, id=9152, stack(0x000000a061400000,0x000000a061500000)]
  0x0000022525e522f0 JavaThread "C2 CompilerThread4" daemon [_thread_blocked, id=10480, stack(0x000000a061500000,0x000000a061600000)]
  0x0000022525e63ca0 JavaThread "Thread-3" [_thread_in_Java, id=15760, stack(0x000000a061600000,0x000000a061700000)]

Other Threads:
  0x00000225249b6030 VMThread "VM Thread" [stack: 0x000000a05f100000,0x000000a05f200000] [id=21040]
  0x0000022525546750 WatcherThread [stack: 0x000000a05fd00000,0x000000a05fe00000] [id=20060]
  0x000002250147a860 GCTaskThread "GC Thread#0" [stack: 0x000000a05ec00000,0x000000a05ed00000] [id=20208]
  0x0000022525eaf3a0 GCTaskThread "GC Thread#1" [stack: 0x000000a061700000,0x000000a061800000] [id=22292]
  0x0000022525e53420 GCTaskThread "GC Thread#2" [stack: 0x000000a061800000,0x000000a061900000] [id=10728]
  0x0000022525ebd1c0 GCTaskThread "GC Thread#3" [stack: 0x000000a061900000,0x000000a061a00000] [id=2176]
  0x00000225261851a0 GCTaskThread "GC Thread#4" [stack: 0x000000a061a00000,0x000000a061b00000] [id=2892]
  0x0000022526185450 GCTaskThread "GC Thread#5" [stack: 0x000000a061b00000,0x000000a061c00000] [id=22112]
  0x0000022525eff890 GCTaskThread "GC Thread#6" [stack: 0x000000a061c00000,0x000000a061d00000] [id=21388]
  0x0000022525f00360 GCTaskThread "GC Thread#7" [stack: 0x000000a061d00000,0x000000a061e00000] [id=17608]
  0x0000022525f00a20 GCTaskThread "GC Thread#8" [stack: 0x000000a061e00000,0x000000a061f00000] [id=4308]
  0x0000022525f00cd0 GCTaskThread "GC Thread#9" [stack: 0x000000a061f00000,0x000000a062000000] [id=15908]
  0x0000022525f00f80 GCTaskThread "GC Thread#10" [stack: 0x000000a062000000,0x000000a062100000] [id=22200]
  0x0000022526038230 GCTaskThread "GC Thread#11" [stack: 0x000000a062100000,0x000000a062200000] [id=23868]
  0x000002250148ae30 ConcurrentGCThread "G1 Main Marker" [stack: 0x000000a05ed00000,0x000000a05ee00000] [id=20128]
  0x000002250148ef00 ConcurrentGCThread "G1 Conc#0" [stack: 0x000000a05ee00000,0x000000a05ef00000] [id=11272]
  0x00000225014fa450 ConcurrentGCThread "G1 Refine#0" [stack: 0x000000a05ef00000,0x000000a05f000000] [id=20504]
  0x00000225014fad70 ConcurrentGCThread "G1 Service" [stack: 0x000000a05f000000,0x000000a05f100000] [id=7620]

Threads with active compile tasks:

VM state: not at safepoint (normal execution)

VM Mutex/Monitor currently owned by a thread: None

Heap address: 0x0000000709600000, size: 3946 MB, Compressed Oops mode: Zero based, Oop shift amount: 3

CDS archive(s) mapped at: [0x0000000800000000-0x0000000800bc0000-0x0000000800bc0000), size 12320768, SharedBaseAddress: 0x0000000800000000, ArchiveRelocationMode: 0.
Compressed class space mapped at: 0x0000000800c00000-0x0000000840c00000, reserved size: 1073741824
Narrow klass base: 0x0000000800000000, Narrow klass shift: 0, Narrow klass range: 0x100000000

GC Precious Log:
 CPUs: 16 total, 16 available
 Memory: 15776M
 Large Page Support: Disabled
 NUMA Support: Disabled
 Compressed Oops: Enabled (Zero based)
 Heap Region Size: 2M
 Heap Min Capacity: 8M
 Heap Initial Capacity: 248M
 Heap Max Capacity: 3946M
 Pre-touch: Disabled
 Parallel Workers: 13
 Concurrent Workers: 3
 Concurrent Refinement Workers: 13
 Periodic GC: Disabled

Heap:
 garbage-first heap   total 253952K, used 9765K [0x0000000709600000, 0x0000000800000000)
  region size 2048K, 3 young (6144K), 2 survivors (4096K)
 Metaspace       used 6979K, committed 7104K, reserved 1056768K
  class space    used 751K, committed 832K, reserved 1048576K

Heap Regions: E=young(eden), S=young(survivor), O=old, HS=humongous(starts), HC=humongous(continues), CS=collection set, F=free, OA=open archive, CA=closed archive, TAMS=top-at-mark-start (previous, next)
|   0|0x0000000709600000, 0x0000000709800000, 0x0000000709800000|100%|HS|  |TAMS 0x0000000709600000, 0x0000000709600000| Complete 
|   1|0x0000000709800000, 0x0000000709a00000, 0x0000000709a00000|100%|HC|  |TAMS 0x0000000709800000, 0x0000000709800000| Complete 
|   2|0x0000000709a00000, 0x0000000709b89400, 0x0000000709c00000| 76%| O|  |TAMS 0x0000000709a00000, 0x0000000709a00000| Untracked 
|   3|0x0000000709c00000, 0x0000000709c00000, 0x0000000709e00000|  0%| F|  |TAMS 0x0000000709c00000, 0x0000000709c00000| Untracked 
|   4|0x0000000709e00000, 0x0000000709e00000, 0x000000070a000000|  0%| F|  |TAMS 0x0000000709e00000, 0x0000000709e00000| Untracked 
|   5|0x000000070a000000, 0x000000070a000000, 0x000000070a200000|  0%| F|  |TAMS 0x000000070a000000, 0x000000070a000000| Untracked 
|   6|0x000000070a200000, 0x000000070a200000, 0x000000070a400000|  0%| F|  |TAMS 0x000000070a200000, 0x000000070a200000| Untracked 
|   7|0x000000070a400000, 0x000000070a400000, 0x000000070a600000|  0%| F|  |TAMS 0x000000070a400000, 0x000000070a400000| Untracked 
|   8|0x000000070a600000, 0x000000070a600000, 0x000000070a800000|  0%| F|  |TAMS 0x000000070a600000, 0x000000070a600000| Untracked 
|   9|0x000000070a800000, 0x000000070a800000, 0x000000070aa00000|  0%| F|  |TAMS 0x000000070a800000, 0x000000070a800000| Untracked 
|  10|0x000000070aa00000, 0x000000070aa00000, 0x000000070ac00000|  0%| F|  |TAMS 0x000000070aa00000, 0x000000070aa00000| Untracked 
|  11|0x000000070ac00000, 0x000000070ac00000, 0x000000070ae00000|  0%| F|  |TAMS 0x000000070ac00000, 0x000000070ac00000| Untracked 
|  12|0x000000070ae00000, 0x000000070ae00000, 0x000000070b000000|  0%| F|  |TAMS 0x000000070ae00000, 0x000000070ae00000| Untracked 
|  13|0x000000070b000000, 0x000000070b000000, 0x000000070b200000|  0%| F|  |TAMS 0x000000070b000000, 0x000000070b000000| Untracked 
|  14|0x000000070b200000, 0x000000070b200000, 0x000000070b400000|  0%| F|  |TAMS 0x000000070b200000, 0x000000070b200000| Untracked 
|  15|0x000000070b400000, 0x000000070b400000, 0x000000070b600000|  0%| F|  |TAMS 0x000000070b400000, 0x000000070b400000| Untracked 
|  16|0x000000070b600000, 0x000000070b600000, 0x000000070b800000|  0%| F|  |TAMS 0x000000070b600000, 0x000000070b600000| Untracked 
|  17|0x000000070b800000, 0x000000070b800000, 0x000000070ba00000|  0%| F|  |TAMS 0x000000070b800000, 0x000000070b800000| Untracked 
|  18|0x000000070ba00000, 0x000000070ba00000, 0x000000070bc00000|  0%| F|  |TAMS 0x000000070ba00000, 0x000000070ba00000| Untracked 
|  19|0x000000070bc00000, 0x000000070bc00000, 0x000000070be00000|  0%| F|  |TAMS 0x000000070bc00000, 0x000000070bc00000| Untracked 
|  20|0x000000070be00000, 0x000000070be00000, 0x000000070c000000|  0%| F|  |TAMS 0x000000070be00000, 0x000000070be00000| Untracked 
|  21|0x000000070c000000, 0x000000070c000000, 0x000000070c200000|  0%| F|  |TAMS 0x000000070c000000, 0x000000070c000000| Untracked 
|  22|0x000000070c200000, 0x000000070c200000, 0x000000070c400000|  0%| F|  |TAMS 0x000000070c200000, 0x000000070c200000| Untracked 
|  23|0x000000070c400000, 0x000000070c400000, 0x000000070c600000|  0%| F|  |TAMS 0x000000070c400000, 0x000000070c400000| Untracked 
|  24|0x000000070c600000, 0x000000070c600000, 0x000000070c800000|  0%| F|  |TAMS 0x000000070c600000, 0x000000070c600000| Untracked 
|  25|0x000000070c800000, 0x000000070c800000, 0x000000070ca00000|  0%| F|  |TAMS 0x000000070c800000, 0x000000070c800000| Untracked 
|  26|0x000000070ca00000, 0x000000070ca00000, 0x000000070cc00000|  0%| F|  |TAMS 0x000000070ca00000, 0x000000070ca00000| Untracked 
|  27|0x000000070cc00000, 0x000000070cc00000, 0x000000070ce00000|  0%| F|  |TAMS 0x000000070cc00000, 0x000000070cc00000| Untracked 
|  28|0x000000070ce00000, 0x000000070ce00000, 0x000000070d000000|  0%| F|  |TAMS 0x000000070ce00000, 0x000000070ce00000| Untracked 
|  29|0x000000070d000000, 0x000000070d000000, 0x000000070d200000|  0%| F|  |TAMS 0x000000070d000000, 0x000000070d000000| Untracked 
|  30|0x000000070d200000, 0x000000070d200000, 0x000000070d400000|  0%| F|  |TAMS 0x000000070d200000, 0x000000070d200000| Untracked 
|  31|0x000000070d400000, 0x000000070d400000, 0x000000070d600000|  0%| F|  |TAMS 0x000000070d400000, 0x000000070d400000| Untracked 
|  32|0x000000070d600000, 0x000000070d600000, 0x000000070d800000|  0%| F|  |TAMS 0x000000070d600000, 0x000000070d600000| Untracked 
|  33|0x000000070d800000, 0x000000070d800000, 0x000000070da00000|  0%| F|  |TAMS 0x000000070d800000, 0x000000070d800000| Untracked 
|  34|0x000000070da00000, 0x000000070da00000, 0x000000070dc00000|  0%| F|  |TAMS 0x000000070da00000, 0x000000070da00000| Untracked 
|  35|0x000000070dc00000, 0x000000070dc00000, 0x000000070de00000|  0%| F|  |TAMS 0x000000070dc00000, 0x000000070dc00000| Untracked 
|  36|0x000000070de00000, 0x000000070de00000, 0x000000070e000000|  0%| F|  |TAMS 0x000000070de00000, 0x000000070de00000| Untracked 
|  37|0x000000070e000000, 0x000000070e000000, 0x000000070e200000|  0%| F|  |TAMS 0x000000070e000000, 0x000000070e000000| Untracked 
|  38|0x000000070e200000, 0x000000070e200000, 0x000000070e400000|  0%| F|  |TAMS 0x000000070e200000, 0x000000070e200000| Untracked 
|  39|0x000000070e400000, 0x000000070e400000, 0x000000070e600000|  0%| F|  |TAMS 0x000000070e400000, 0x000000070e400000| Untracked 
|  40|0x000000070e600000, 0x000000070e600000, 0x000000070e800000|  0%| F|  |TAMS 0x000000070e600000, 0x000000070e600000| Untracked 
|  41|0x000000070e800000, 0x000000070e800000, 0x000000070ea00000|  0%| F|  |TAMS 0x000000070e800000, 0x000000070e800000| Untracked 
|  42|0x000000070ea00000, 0x000000070ea00000, 0x000000070ec00000|  0%| F|  |TAMS 0x000000070ea00000, 0x000000070ea00000| Untracked 
|  43|0x000000070ec00000, 0x000000070ec00000, 0x000000070ee00000|  0%| F|  |TAMS 0x000000070ec00000, 0x000000070ec00000| Untracked 
|  44|0x000000070ee00000, 0x000000070ee00000, 0x000000070f000000|  0%| F|  |TAMS 0x000000070ee00000, 0x000000070ee00000| Untracked 
|  45|0x000000070f000000, 0x000000070f000000, 0x000000070f200000|  0%| F|  |TAMS 0x000000070f000000, 0x000000070f000000| Untracked 
|  46|0x000000070f200000, 0x000000070f200000, 0x000000070f400000|  0%| F|  |TAMS 0x000000070f200000, 0x000000070f200000| Untracked 
|  47|0x000000070f400000, 0x000000070f400000, 0x000000070f600000|  0%| F|  |TAMS 0x000000070f400000, 0x000000070f400000| Untracked 
|  48|0x000000070f600000, 0x000000070f600000, 0x000000070f800000|  0%| F|  |TAMS 0x000000070f600000, 0x000000070f600000| Untracked 
|  49|0x000000070f800000, 0x000000070f800000, 0x000000070fa00000|  0%| F|  |TAMS 0x000000070f800000, 0x000000070f800000| Untracked 
|  50|0x000000070fa00000, 0x000000070fa00000, 0x000000070fc00000|  0%| F|  |TAMS 0x000000070fa00000, 0x000000070fa00000| Untracked 
|  51|0x000000070fc00000, 0x000000070fc00000, 0x000000070fe00000|  0%| F|  |TAMS 0x000000070fc00000, 0x000000070fc00000| Untracked 
|  52|0x000000070fe00000, 0x000000070fe00000, 0x0000000710000000|  0%| F|  |TAMS 0x000000070fe00000, 0x000000070fe00000| Untracked 
|  53|0x0000000710000000, 0x0000000710000000, 0x0000000710200000|  0%| F|  |TAMS 0x0000000710000000, 0x0000000710000000| Untracked 
|  54|0x0000000710200000, 0x0000000710200000, 0x0000000710400000|  0%| F|  |TAMS 0x0000000710200000, 0x0000000710200000| Untracked 
|  55|0x0000000710400000, 0x0000000710400000, 0x0000000710600000|  0%| F|  |TAMS 0x0000000710400000, 0x0000000710400000| Untracked 
|  56|0x0000000710600000, 0x0000000710600000, 0x0000000710800000|  0%| F|  |TAMS 0x0000000710600000, 0x0000000710600000| Untracked 
|  57|0x0000000710800000, 0x0000000710800000, 0x0000000710a00000|  0%| F|  |TAMS 0x0000000710800000, 0x0000000710800000| Untracked 
|  58|0x0000000710a00000, 0x0000000710a00000, 0x0000000710c00000|  0%| F|  |TAMS 0x0000000710a00000, 0x0000000710a00000| Untracked 
|  59|0x0000000710c00000, 0x0000000710c00000, 0x0000000710e00000|  0%| F|  |TAMS 0x0000000710c00000, 0x0000000710c00000| Untracked 
|  60|0x0000000710e00000, 0x0000000710e00000, 0x0000000711000000|  0%| F|  |TAMS 0x0000000710e00000, 0x0000000710e00000| Untracked 
|  61|0x0000000711000000, 0x0000000711000000, 0x0000000711200000|  0%| F|  |TAMS 0x0000000711000000, 0x0000000711000000| Untracked 
|  62|0x0000000711200000, 0x0000000711200000, 0x0000000711400000|  0%| F|  |TAMS 0x0000000711200000, 0x0000000711200000| Untracked 
|  63|0x0000000711400000, 0x0000000711400000, 0x0000000711600000|  0%| F|  |TAMS 0x0000000711400000, 0x0000000711400000| Untracked 
|  64|0x0000000711600000, 0x0000000711600000, 0x0000000711800000|  0%| F|  |TAMS 0x0000000711600000, 0x0000000711600000| Untracked 
|  65|0x0000000711800000, 0x0000000711800000, 0x0000000711a00000|  0%| F|  |TAMS 0x0000000711800000, 0x0000000711800000| Untracked 
|  66|0x0000000711a00000, 0x0000000711a00000, 0x0000000711c00000|  0%| F|  |TAMS 0x0000000711a00000, 0x0000000711a00000| Untracked 
|  67|0x0000000711c00000, 0x0000000711c00000, 0x0000000711e00000|  0%| F|  |TAMS 0x0000000711c00000, 0x0000000711c00000| Untracked 
|  68|0x0000000711e00000, 0x0000000711e00000, 0x0000000712000000|  0%| F|  |TAMS 0x0000000711e00000, 0x0000000711e00000| Untracked 
|  69|0x0000000712000000, 0x0000000712000000, 0x0000000712200000|  0%| F|  |TAMS 0x0000000712000000, 0x0000000712000000| Untracked 
|  70|0x0000000712200000, 0x0000000712200000, 0x0000000712400000|  0%| F|  |TAMS 0x0000000712200000, 0x0000000712200000| Untracked 
|  71|0x0000000712400000, 0x0000000712400000, 0x0000000712600000|  0%| F|  |TAMS 0x0000000712400000, 0x0000000712400000| Untracked 
|  72|0x0000000712600000, 0x0000000712600000, 0x0000000712800000|  0%| F|  |TAMS 0x0000000712600000, 0x0000000712600000| Untracked 
|  73|0x0000000712800000, 0x0000000712800000, 0x0000000712a00000|  0%| F|  |TAMS 0x0000000712800000, 0x0000000712800000| Untracked 
|  74|0x0000000712a00000, 0x0000000712a00000, 0x0000000712c00000|  0%| F|  |TAMS 0x0000000712a00000, 0x0000000712a00000| Untracked 
|  75|0x0000000712c00000, 0x0000000712c00000, 0x0000000712e00000|  0%| F|  |TAMS 0x0000000712c00000, 0x0000000712c00000| Untracked 
|  76|0x0000000712e00000, 0x0000000712e00000, 0x0000000713000000|  0%| F|  |TAMS 0x0000000712e00000, 0x0000000712e00000| Untracked 
|  77|0x0000000713000000, 0x0000000713000000, 0x0000000713200000|  0%| F|  |TAMS 0x0000000713000000, 0x0000000713000000| Untracked 
|  78|0x0000000713200000, 0x0000000713200000, 0x0000000713400000|  0%| F|  |TAMS 0x0000000713200000, 0x0000000713200000| Untracked 
|  79|0x0000000713400000, 0x0000000713400000, 0x0000000713600000|  0%| F|  |TAMS 0x0000000713400000, 0x0000000713400000| Untracked 
|  80|0x0000000713600000, 0x0000000713600000, 0x0000000713800000|  0%| F|  |TAMS 0x0000000713600000, 0x0000000713600000| Untracked 
|  81|0x0000000713800000, 0x0000000713800000, 0x0000000713a00000|  0%| F|  |TAMS 0x0000000713800000, 0x0000000713800000| Untracked 
|  82|0x0000000713a00000, 0x0000000713a00000, 0x0000000713c00000|  0%| F|  |TAMS 0x0000000713a00000, 0x0000000713a00000| Untracked 
|  83|0x0000000713c00000, 0x0000000713c00000, 0x0000000713e00000|  0%| F|  |TAMS 0x0000000713c00000, 0x0000000713c00000| Untracked 
|  84|0x0000000713e00000, 0x0000000713e00000, 0x0000000714000000|  0%| F|  |TAMS 0x0000000713e00000, 0x0000000713e00000| Untracked 
|  85|0x0000000714000000, 0x0000000714000000, 0x0000000714200000|  0%| F|  |TAMS 0x0000000714000000, 0x0000000714000000| Untracked 
|  86|0x0000000714200000, 0x0000000714200000, 0x0000000714400000|  0%| F|  |TAMS 0x0000000714200000, 0x0000000714200000| Untracked 
|  87|0x0000000714400000, 0x0000000714400000, 0x0000000714600000|  0%| F|  |TAMS 0x0000000714400000, 0x0000000714400000| Untracked 
|  88|0x0000000714600000, 0x0000000714600000, 0x0000000714800000|  0%| F|  |TAMS 0x0000000714600000, 0x0000000714600000| Untracked 
|  89|0x0000000714800000, 0x0000000714800000, 0x0000000714a00000|  0%| F|  |TAMS 0x0000000714800000, 0x0000000714800000| Untracked 
|  90|0x0000000714a00000, 0x0000000714a00000, 0x0000000714c00000|  0%| F|  |TAMS 0x0000000714a00000, 0x0000000714a00000| Untracked 
|  91|0x0000000714c00000, 0x0000000714c00000, 0x0000000714e00000|  0%| F|  |TAMS 0x0000000714c00000, 0x0000000714c00000| Untracked 
|  92|0x0000000714e00000, 0x0000000714e00000, 0x0000000715000000|  0%| F|  |TAMS 0x0000000714e00000, 0x0000000714e00000| Untracked 
|  93|0x0000000715000000, 0x0000000715000000, 0x0000000715200000|  0%| F|  |TAMS 0x0000000715000000, 0x0000000715000000| Untracked 
|  94|0x0000000715200000, 0x0000000715200000, 0x0000000715400000|  0%| F|  |TAMS 0x0000000715200000, 0x0000000715200000| Untracked 
|  95|0x0000000715400000, 0x0000000715400000, 0x0000000715600000|  0%| F|  |TAMS 0x0000000715400000, 0x0000000715400000| Untracked 
|  96|0x0000000715600000, 0x0000000715600000, 0x0000000715800000|  0%| F|  |TAMS 0x0000000715600000, 0x0000000715600000| Untracked 
|  97|0x0000000715800000, 0x0000000715800000, 0x0000000715a00000|  0%| F|  |TAMS 0x0000000715800000, 0x0000000715800000| Untracked 
|  98|0x0000000715a00000, 0x0000000715a00000, 0x0000000715c00000|  0%| F|  |TAMS 0x0000000715a00000, 0x0000000715a00000| Untracked 
|  99|0x0000000715c00000, 0x0000000715c00000, 0x0000000715e00000|  0%| F|  |TAMS 0x0000000715c00000, 0x0000000715c00000| Untracked 
| 100|0x0000000715e00000, 0x0000000715e00000, 0x0000000716000000|  0%| F|  |TAMS 0x0000000715e00000, 0x0000000715e00000| Untracked 
| 101|0x0000000716000000, 0x0000000716000000, 0x0000000716200000|  0%| F|  |TAMS 0x0000000716000000, 0x0000000716000000| Untracked 
| 102|0x0000000716200000, 0x0000000716200000, 0x0000000716400000|  0%| F|  |TAMS 0x0000000716200000, 0x0000000716200000| Untracked 
| 103|0x0000000716400000, 0x0000000716400000, 0x0000000716600000|  0%| F|  |TAMS 0x0000000716400000, 0x0000000716400000| Untracked 
| 104|0x0000000716600000, 0x0000000716600000, 0x0000000716800000|  0%| F|  |TAMS 0x0000000716600000, 0x0000000716600000| Untracked 
| 105|0x0000000716800000, 0x0000000716800000, 0x0000000716a00000|  0%| F|  |TAMS 0x0000000716800000, 0x0000000716800000| Untracked 
| 106|0x0000000716a00000, 0x0000000716a00000, 0x0000000716c00000|  0%| F|  |TAMS 0x0000000716a00000, 0x0000000716a00000| Untracked 
| 107|0x0000000716c00000, 0x0000000716c00000, 0x0000000716e00000|  0%| F|  |TAMS 0x0000000716c00000, 0x0000000716c00000| Untracked 
| 108|0x0000000716e00000, 0x0000000716e00000, 0x0000000717000000|  0%| F|  |TAMS 0x0000000716e00000, 0x0000000716e00000| Untracked 
| 109|0x0000000717000000, 0x0000000717000000, 0x0000000717200000|  0%| F|  |TAMS 0x0000000717000000, 0x0000000717000000| Untracked 
| 110|0x0000000717200000, 0x0000000717200000, 0x0000000717400000|  0%| F|  |TAMS 0x0000000717200000, 0x0000000717200000| Untracked 
| 111|0x0000000717400000, 0x0000000717600000, 0x0000000717600000|100%| S|CS|TAMS 0x0000000717400000, 0x0000000717400000| Complete 
| 112|0x0000000717600000, 0x0000000717800000, 0x0000000717800000|100%| S|CS|TAMS 0x0000000717600000, 0x0000000717600000| Complete 
| 113|0x0000000717800000, 0x0000000717800000, 0x0000000717a00000|  0%| F|  |TAMS 0x0000000717800000, 0x0000000717800000| Untracked 
| 114|0x0000000717a00000, 0x0000000717a00000, 0x0000000717c00000|  0%| F|  |TAMS 0x0000000717a00000, 0x0000000717a00000| Untracked 
| 115|0x0000000717c00000, 0x0000000717c00000, 0x0000000717e00000|  0%| F|  |TAMS 0x0000000717c00000, 0x0000000717c00000| Untracked 
| 116|0x0000000717e00000, 0x0000000717e00000, 0x0000000718000000|  0%| F|  |TAMS 0x0000000717e00000, 0x0000000717e00000| Untracked 
| 117|0x0000000718000000, 0x0000000718000000, 0x0000000718200000|  0%| F|  |TAMS 0x0000000718000000, 0x0000000718000000| Untracked 
| 118|0x0000000718200000, 0x0000000718200000, 0x0000000718400000|  0%| F|  |TAMS 0x0000000718200000, 0x0000000718200000| Untracked 
| 119|0x0000000718400000, 0x0000000718400000, 0x0000000718600000|  0%| F|  |TAMS 0x0000000718400000, 0x0000000718400000| Untracked 
| 120|0x0000000718600000, 0x0000000718600000, 0x0000000718800000|  0%| F|  |TAMS 0x0000000718600000, 0x0000000718600000| Untracked 
| 121|0x0000000718800000, 0x0000000718800000, 0x0000000718a00000|  0%| F|  |TAMS 0x0000000718800000, 0x0000000718800000| Untracked 
| 122|0x0000000718a00000, 0x0000000718a00000, 0x0000000718c00000|  0%| F|  |TAMS 0x0000000718a00000, 0x0000000718a00000| Untracked 
| 123|0x0000000718c00000, 0x0000000718e00000, 0x0000000718e00000|100%| E|  |TAMS 0x0000000718c00000, 0x0000000718c00000| Complete 

Card table byte_map: [0x0000022518f40000,0x0000022519700000] _byte_map_base: 0x00000225156f5000

Marking Bits (Prev, Next): (CMBitMap*) 0x000002250147ae70, (CMBitMap*) 0x000002250147aeb0
 Prev Bits: [0x0000022519ec0000, 0x000002251dc68000)
 Next Bits: [0x000002251dc70000, 0x0000022521a18000)

Polling page: 0x000002257f7d0000

Metaspace:

Usage:
  Non-class:      6.08 MB used.
      Class:    751.91 KB used.
       Both:      6.82 MB used.

Virtual space:
  Non-class space:        8.00 MB reserved,       6.12 MB ( 77%) committed,  1 nodes.
      Class space:        1.00 GB reserved,     832.00 KB ( <1%) committed,  1 nodes.
             Both:        1.01 GB reserved,       6.94 MB ( <1%) committed. 

Chunk freelists:
   Non-Class:  1.88 MB
       Class:  3.22 MB
        Both:  5.10 MB

MaxMetaspaceSize: unlimited
CompressedClassSpaceSize: 1.00 GB
Initial GC threshold: 21.00 MB
Current GC threshold: 21.00 MB
CDS: on
MetaspaceReclaimPolicy: balanced
 - commit_granule_bytes: 65536.
 - commit_granule_words: 8192.
 - virtual_space_node_default_size: 1048576.
 - enlarge_chunks_in_place: 1.
 - new_chunks_are_fully_committed: 0.
 - uncommit_free_chunks: 1.
 - use_allocation_guard: 0.
 - handle_deallocations: 1.


Internal statistics:

num_allocs_failed_limit: 0.
num_arena_births: 128.
num_arena_deaths: 0.
num_vsnodes_births: 2.
num_vsnodes_deaths: 0.
num_space_committed: 111.
num_space_uncommitted: 0.
num_chunks_returned_to_freelist: 0.
num_chunks_taken_from_freelist: 178.
num_chunk_merges: 0.
num_chunk_splits: 105.
num_chunks_enlarged: 51.
num_purges: 0.
num_inconsistent_stats: 0.

CodeHeap 'non-profiled nmethods': size=119168Kb used=444Kb max_used=444Kb free=118723Kb
 bounds [0x0000022510aa0000, 0x0000022510d10000, 0x0000022517f00000]
CodeHeap 'profiled nmethods': size=119104Kb used=1590Kb max_used=1590Kb free=117513Kb
 bounds [0x0000022509650000, 0x00000225098c0000, 0x0000022510aa0000]
CodeHeap 'non-nmethods': size=7488Kb used=1821Kb max_used=1848Kb free=5666Kb
 bounds [0x0000022508f00000, 0x0000022509170000, 0x0000022509650000]
 total_blobs=1729 nmethods=1150 adapters=491
 compilation: enabled
              stopped_count=0, restarted_count=0
 full_count=0

Compilation events (20 events):
Event: 1.296 Thread 0x0000022525528d20 nmethod 1133 0x00000225097dab90 code [0x00000225097dad60, 0x00000225097db258]
Event: 1.296 Thread 0x0000022525e540c0 nmethod 1131% 0x0000022510b08890 code [0x0000022510b08a20, 0x0000022510b08e58]
Event: 1.297 Thread 0x0000022525528d20 1134 %     3       summit.gfx.Renderer::filterFrame @ 10 (57 bytes)
Event: 1.297 Thread 0x0000022525528d20 nmethod 1134% 0x00000225097db490 code [0x00000225097db660, 0x00000225097dbac8]
Event: 1.297 Thread 0x00000225249e6380 1135       3       summit.gfx.Renderer::filterFrame (57 bytes)
Event: 1.297 Thread 0x00000225249e6380 nmethod 1135 0x00000225097dbd90 code [0x00000225097dbf60, 0x00000225097dc328]
Event: 1.306 Thread 0x0000022525528d20 1136       1       summit.game.entity.Entity::inWater (5 bytes)
Event: 1.306 Thread 0x00000225249e6380 1137       1       summit.game.GameUpdateEvent::getDeltaTime (5 bytes)
Event: 1.306 Thread 0x000002252579d120 1138       4       summit.gfx.Renderer::rotate (62 bytes)
Event: 1.306 Thread 0x00000225249e6380 nmethod 1137 0x0000022510b09090 code [0x0000022510b09220, 0x0000022510b092f8]
Event: 1.306 Thread 0x0000022525528d20 nmethod 1136 0x0000022510b09390 code [0x0000022510b09520, 0x0000022510b095f8]
Event: 1.314 Thread 0x000002252579d120 nmethod 1138 0x0000022510b09690 code [0x0000022510b09820, 0x0000022510b09d98]
Event: 1.319 Thread 0x00000225249e6380 1140       3       java.lang.ref.Reference::enqueueFromPending (19 bytes)
Event: 1.319 Thread 0x0000022525528d20 1141   !   3       java.lang.ref.ReferenceQueue::enqueue (119 bytes)
Event: 1.320 Thread 0x00000225249e6380 nmethod 1140 0x00000225097dc590 code [0x00000225097dc740, 0x00000225097dc968]
Event: 1.320 Thread 0x00000225249e6380 1143       3       java.lang.ref.Reference::clear (5 bytes)
Event: 1.320 Thread 0x0000022525528d20 nmethod 1141 0x00000225097dca10 code [0x00000225097dcc00, 0x00000225097dd308]
Event: 1.320 Thread 0x00000225249e6380 nmethod 1143 0x00000225097dd510 code [0x00000225097dd6a0, 0x00000225097dd7e8]
Event: 1.320 Thread 0x00000225249e4150 nmethod 1128 0x0000022510b0ac90 code [0x0000022510b0aea0, 0x0000022510b0c768]
Event: 1.322 Thread 0x0000022525e522f0 1145 %     4       summit.gfx.Renderer::filterFrame @ 10 (57 bytes)

GC Heap History (2 events):
Event: 1.316 GC heap before
{Heap before GC invocations=0 (full 0):
 garbage-first heap   total 253952K, used 26624K [0x0000000709600000, 0x0000000800000000)
  region size 2048K, 11 young (22528K), 0 survivors (0K)
 Metaspace       used 6977K, committed 7104K, reserved 1056768K
  class space    used 751K, committed 832K, reserved 1048576K
}
Event: 1.319 GC heap after
{Heap after GC invocations=1 (full 0):
 garbage-first heap   total 253952K, used 9765K [0x0000000709600000, 0x0000000800000000)
  region size 2048K, 2 young (4096K), 2 survivors (4096K)
 Metaspace       used 6977K, committed 7104K, reserved 1056768K
  class space    used 751K, committed 832K, reserved 1048576K
}

Deoptimization events (20 events):
Event: 1.277 Thread 0x0000022525e63ca0 DEOPT PACKING pc=0x00000225097d4879 sp=0x000000a0616ff4b0
Event: 1.277 Thread 0x0000022525e63ca0 DEOPT UNPACKING pc=0x0000022508f52b43 sp=0x000000a0616fe958 mode 0
Event: 1.277 Thread 0x0000022525e63ca0 DEOPT PACKING pc=0x00000225097d4879 sp=0x000000a0616ff4b0
Event: 1.277 Thread 0x0000022525e63ca0 DEOPT UNPACKING pc=0x0000022508f52b43 sp=0x000000a0616fe958 mode 0
Event: 1.278 Thread 0x0000022525e63ca0 DEOPT PACKING pc=0x00000225097d4879 sp=0x000000a0616ff4b0
Event: 1.278 Thread 0x0000022525e63ca0 DEOPT UNPACKING pc=0x0000022508f52b43 sp=0x000000a0616fe958 mode 0
Event: 1.279 Thread 0x0000022525e63ca0 DEOPT PACKING pc=0x00000225097d4879 sp=0x000000a0616ff4b0
Event: 1.279 Thread 0x0000022525e63ca0 DEOPT UNPACKING pc=0x0000022508f52b43 sp=0x000000a0616fe958 mode 0
Event: 1.279 Thread 0x0000022525e61aa0 Uncommon trap: trap_request=0xffffffbe fr.pc=0x0000022510b03964 relative=0x00000000000009e4
Event: 1.279 Thread 0x0000022525e61aa0 Uncommon trap: reason=profile_predicate action=maybe_recompile pc=0x0000022510b03964 method=summit.gfx.Renderer.render(Ljava/lang/String;FFILsummit/gfx/ColorFilter;)V @ 258 c2
Event: 1.279 Thread 0x0000022525e61aa0 DEOPT PACKING pc=0x0000022510b03964 sp=0x000000a0611ff0c0
Event: 1.279 Thread 0x0000022525e61aa0 DEOPT UNPACKING pc=0x0000022508f523a3 sp=0x000000a0611ff040 mode 2
Event: 1.280 Thread 0x0000022525e61aa0 Uncommon trap: trap_request=0xffffffbe fr.pc=0x0000022510b03964 relative=0x00000000000009e4
Event: 1.280 Thread 0x0000022525e61aa0 Uncommon trap: reason=profile_predicate action=maybe_recompile pc=0x0000022510b03964 method=summit.gfx.Renderer.render(Ljava/lang/String;FFILsummit/gfx/ColorFilter;)V @ 258 c2
Event: 1.280 Thread 0x0000022525e61aa0 DEOPT PACKING pc=0x0000022510b03964 sp=0x000000a0611ff0c0
Event: 1.280 Thread 0x0000022525e61aa0 DEOPT UNPACKING pc=0x0000022508f523a3 sp=0x000000a0611ff040 mode 2
Event: 1.306 Thread 0x0000022525e61aa0 DEOPT PACKING pc=0x00000225097da49d sp=0x000000a0611ff000
Event: 1.306 Thread 0x0000022525e61aa0 DEOPT UNPACKING pc=0x0000022508f52b43 sp=0x000000a0611fe490 mode 0
Event: 1.311 Thread 0x0000022525e61aa0 DEOPT PACKING pc=0x00000225097da49d sp=0x000000a0611ff000
Event: 1.311 Thread 0x0000022525e61aa0 DEOPT UNPACKING pc=0x0000022508f52b43 sp=0x000000a0611fe490 mode 0

Classes unloaded (0 events):
No events

Classes redefined (0 events):
No events

Internal exceptions (14 events):
Event: 0.051 Thread 0x000002252554f950 Exception <a 'java/lang/ClassNotFoundException'{0x0000000718a2c1c8}: sun/awt/resources/spi/awtProvider> (0x0000000718a2c1c8) 
thrown [e:\jenkins\tmp\workspace\build\src\src\hotspot\share\classfile\systemDictionary.cpp, line 256]
Event: 0.070 Thread 0x000002252554f950 Exception <a 'java/io/FileNotFoundException'{0x0000000718af5c78}> (0x0000000718af5c78) 
thrown [e:\jenkins\tmp\workspace\build\src\src\hotspot\share\prims\jni.cpp, line 516]
Event: 0.075 Thread 0x000002252554f950 Exception <a 'java/io/FileNotFoundException'{0x0000000718b22bd0}> (0x0000000718b22bd0) 
thrown [e:\jenkins\tmp\workspace\build\src\src\hotspot\share\prims\jni.cpp, line 516]
Event: 0.088 Thread 0x000002252554f950 Exception <a 'java/lang/NoSuchMethodError'{0x0000000718b585c0}: 'java.lang.Object java.lang.invoke.DirectMethodHandle$Holder.invokeStaticInit(java.lang.Object)'> (0x0000000718b585c0) 
thrown [e:\jenkins\tmp\workspace\build\src\src\hotspot\share\interpreter\linkResolver.cpp, line 766]
Event: 0.228 Thread 0x000002252554f950 Exception <a 'java/lang/NoSuchMethodError'{0x00000007186bce80}: 'void java.lang.invoke.DirectMethodHandle$Holder.invokeSpecial(java.lang.Object, java.lang.Object, java.lang.Object)'> (0x00000007186bce80) 
thrown [e:\jenkins\tmp\workspace\build\src\src\hotspot\share\interpreter\linkResolver.cpp, line 766]
Event: 0.234 Thread 0x000002252554f950 Exception <a 'java/lang/NoSuchMethodError'{0x00000007186e7388}: 'java.lang.Object java.lang.invoke.DirectMethodHandle$Holder.newInvokeSpecial(java.lang.Object, java.lang.Object, java.lang.Object, java.lang.Object, java.lang.Object)'> (0x00000007186e7388) 
thrown [e:\jenkins\tmp\workspace\build\src\src\hotspot\share\interpreter\linkResolver.cpp, line 766]
Event: 0.235 Thread 0x000002252554f950 Exception <a 'java/lang/NoSuchMethodError'{0x00000007186f2d50}: 'java.lang.Object java.lang.invoke.DirectMethodHandle$Holder.invokeStatic(java.lang.Object, int, java.lang.Object, java.lang.Object, java.lang.Object, java.lang.Object)'> (0x00000007186f2d50) 
thrown [e:\jenkins\tmp\workspace\build\src\src\hotspot\share\interpreter\linkResolver.cpp, line 766]
Event: 0.238 Thread 0x000002252554f950 Exception <a 'java/lang/NoSuchMethodError'{0x0000000718718470}: 'java.lang.Object java.lang.invoke.DirectMethodHandle$Holder.invokeStatic(java.lang.Object, int, java.lang.Object)'> (0x0000000718718470) 
thrown [e:\jenkins\tmp\workspace\build\src\src\hotspot\share\interpreter\linkResolver.cpp, line 766]
Event: 0.256 Thread 0x000002252554f950 Exception <a 'java/lang/ClassNotFoundException'{0x00000007187d0568}: com/sun/swing/internal/plaf/metal/resources/spi/metalProvider> (0x00000007187d0568) 
thrown [e:\jenkins\tmp\workspace\build\src\src\hotspot\share\classfile\systemDictionary.cpp, line 256]
Event: 0.257 Thread 0x000002252554f950 Exception <a 'java/lang/ClassNotFoundException'{0x00000007187d4440}: com/sun/swing/internal/plaf/basic/resources/spi/basicProvider> (0x00000007187d4440) 
thrown [e:\jenkins\tmp\workspace\build\src\src\hotspot\share\classfile\systemDictionary.cpp, line 256]
Event: 0.269 Thread 0x0000022525789520 Exception <a 'java/lang/NoSuchMethodError'{0x00000007189d4a78}: 'void java.lang.invoke.DirectMethodHandle$Holder.invokeVirtual(java.lang.Object, java.lang.Object)'> (0x00000007189d4a78) 
thrown [e:\jenkins\tmp\workspace\build\src\src\hotspot\share\interpreter\linkResolver.cpp, line 766]
Event: 0.280 Thread 0x000002252554f950 Exception <a 'java/lang/NoSuchMethodError'{0x0000000718483d18}: 'void java.lang.invoke.DirectMethodHandle$Holder.invokeStaticInit(java.lang.Object)'> (0x0000000718483d18) 
thrown [e:\jenkins\tmp\workspace\build\src\src\hotspot\share\interpreter\linkResolver.cpp, line 766]
Event: 1.236 Thread 0x0000022525dffca0 Implicit null exception at 0x0000022510af96d5 to 0x0000022510af97f8
Event: 1.236 Thread 0x0000022525dffca0 Implicit null exception at 0x0000022510af8d56 to 0x0000022510af8e54

VM Operations (14 events):
Event: 0.038 Executing VM operation: HandshakeAllThreads
Event: 0.038 Executing VM operation: HandshakeAllThreads done
Event: 0.256 Executing VM operation: HandshakeAllThreads
Event: 0.256 Executing VM operation: HandshakeAllThreads done
Event: 0.295 Executing VM operation: HandshakeAllThreads
Event: 0.295 Executing VM operation: HandshakeAllThreads done
Event: 0.321 Executing VM operation: HandshakeAllThreads
Event: 0.321 Executing VM operation: HandshakeAllThreads done
Event: 1.220 Executing VM operation: HandshakeAllThreads
Event: 1.220 Executing VM operation: HandshakeAllThreads done
Event: 1.220 Executing VM operation: Cleanup
Event: 1.221 Executing VM operation: Cleanup done
Event: 1.316 Executing VM operation: G1CollectForAllocation
Event: 1.319 Executing VM operation: G1CollectForAllocation done

Events (20 events):
Event: 0.341 loading class javax/swing/text/JTextComponent
Event: 0.341 loading class javax/swing/Scrollable
Event: 0.341 loading class javax/swing/Scrollable done
Event: 0.342 loading class javax/swing/text/JTextComponent done
Event: 0.343 loading class java/awt/event/MouseWheelEvent
Event: 0.343 loading class java/awt/event/MouseWheelEvent done
Event: 0.363 loading class sun/awt/image/BufImgSurfaceManager
Event: 0.363 loading class sun/awt/image/BufImgSurfaceManager done
Event: 0.363 loading class sun/awt/image/BufImgSurfaceData
Event: 0.364 loading class sun/awt/image/BufImgSurfaceData done
Event: 0.364 loading class sun/awt/image/BufImgSurfaceData$ICMColorData
Event: 0.364 loading class sun/awt/image/BufImgSurfaceData$ICMColorData done
Event: 0.680 Thread 0x0000022525723690 Thread exited: 0x0000022525723690
Event: 1.218 loading class java/lang/Math$RandomNumberGeneratorHolder
Event: 1.218 loading class java/lang/Math$RandomNumberGeneratorHolder done
Event: 1.233 Thread 0x0000022525eaf7b0 Thread added: 0x0000022525eaf7b0
Event: 1.233 Thread 0x0000022525e540c0 Thread added: 0x0000022525e540c0
Event: 1.233 Thread 0x000002252579d120 Thread added: 0x000002252579d120
Event: 1.233 Thread 0x0000022525e522f0 Thread added: 0x0000022525e522f0
Event: 1.251 Thread 0x0000022525e63ca0 Thread added: 0x0000022525e63ca0


Dynamic libraries:
0x00007ff7039e0000 - 0x00007ff7039ee000 	C:\Users\aadiu\AppData\Local\Programs\Eclipse Adoptium\jdk-17.0.2.8-hotspot\bin\java.exe
0x00007ffb36970000 - 0x00007ffb36b68000 	C:\Windows\SYSTEM32\ntdll.dll
0x00007ffb352a0000 - 0x00007ffb3535f000 	C:\Windows\System32\KERNEL32.DLL
0x00007ffb34310000 - 0x00007ffb345e2000 	C:\Windows\System32\KERNELBASE.dll
0x00007ffb34110000 - 0x00007ffb34210000 	C:\Windows\System32\ucrtbase.dll
0x00007ffb31d90000 - 0x00007ffb31da9000 	C:\Users\aadiu\AppData\Local\Programs\Eclipse Adoptium\jdk-17.0.2.8-hotspot\bin\VCRUNTIME140.dll
0x00007ffb31b00000 - 0x00007ffb31b18000 	C:\Users\aadiu\AppData\Local\Programs\Eclipse Adoptium\jdk-17.0.2.8-hotspot\bin\jli.dll
0x00007ffb35530000 - 0x00007ffb356cd000 	C:\Windows\System32\USER32.dll
0x00007ffb34720000 - 0x00007ffb34742000 	C:\Windows\System32\win32u.dll
0x00007ffb20b10000 - 0x00007ffb20daa000 	C:\Windows\WinSxS\amd64_microsoft.windows.common-controls_6595b64144ccf1df_6.0.19041.1110_none_60b5254171f9507e\COMCTL32.dll
0x00007ffb35fa0000 - 0x00007ffb35fcb000 	C:\Windows\System32\GDI32.dll
0x00007ffb35f00000 - 0x00007ffb35f9e000 	C:\Windows\System32\msvcrt.dll
0x00007ffb34750000 - 0x00007ffb3485f000 	C:\Windows\System32\gdi32full.dll
0x00007ffb345f0000 - 0x00007ffb3468d000 	C:\Windows\System32\msvcp_win.dll
0x00007ffb356f0000 - 0x00007ffb35722000 	C:\Windows\System32\IMM32.DLL
0x00007ffb31f10000 - 0x00007ffb31f1c000 	C:\Users\aadiu\AppData\Local\Programs\Eclipse Adoptium\jdk-17.0.2.8-hotspot\bin\vcruntime140_1.dll
0x00007ffb0bbf0000 - 0x00007ffb0bc81000 	C:\Users\aadiu\AppData\Local\Programs\Eclipse Adoptium\jdk-17.0.2.8-hotspot\bin\msvcp140.dll
0x00007ffabf480000 - 0x00007ffac00c7000 	C:\Users\aadiu\AppData\Local\Programs\Eclipse Adoptium\jdk-17.0.2.8-hotspot\bin\server\jvm.dll
0x00007ffb34ec0000 - 0x00007ffb34f6e000 	C:\Windows\System32\ADVAPI32.dll
0x00007ffb35e60000 - 0x00007ffb35efc000 	C:\Windows\System32\sechost.dll
0x00007ffb35ba0000 - 0x00007ffb35cc5000 	C:\Windows\System32\RPCRT4.dll
0x00007ffb34eb0000 - 0x00007ffb34eb8000 	C:\Windows\System32\PSAPI.DLL
0x00007ffb1d990000 - 0x00007ffb1d999000 	C:\Windows\SYSTEM32\WSOCK32.dll
0x00007ffb31d40000 - 0x00007ffb31d67000 	C:\Windows\SYSTEM32\WINMM.dll
0x00007ffb2d720000 - 0x00007ffb2d72a000 	C:\Windows\SYSTEM32\VERSION.dll
0x00007ffb35160000 - 0x00007ffb351cb000 	C:\Windows\System32\WS2_32.dll
0x00007ffb31fa0000 - 0x00007ffb31fb2000 	C:\Windows\SYSTEM32\kernel.appcore.dll
0x00007ffb31e90000 - 0x00007ffb31e9a000 	C:\Users\aadiu\AppData\Local\Programs\Eclipse Adoptium\jdk-17.0.2.8-hotspot\bin\jimage.dll
0x00007ffb31b50000 - 0x00007ffb31d34000 	C:\Windows\SYSTEM32\DBGHELP.DLL
0x00007ffb31b20000 - 0x00007ffb31b4c000 	C:\Windows\SYSTEM32\dbgcore.DLL
0x00007ffb34690000 - 0x00007ffb34712000 	C:\Windows\System32\bcryptPrimitives.dll
0x00007ffb19c60000 - 0x00007ffb19c85000 	C:\Users\aadiu\AppData\Local\Programs\Eclipse Adoptium\jdk-17.0.2.8-hotspot\bin\java.dll
0x00007ffb0bb10000 - 0x00007ffb0bbe6000 	C:\Users\aadiu\AppData\Local\Programs\Eclipse Adoptium\jdk-17.0.2.8-hotspot\bin\jsvml.dll
0x00007ffb35fd0000 - 0x00007ffb36713000 	C:\Windows\System32\SHELL32.dll
0x00007ffb32130000 - 0x00007ffb328c2000 	C:\Windows\SYSTEM32\windows.storage.dll
0x00007ffb34ad0000 - 0x00007ffb34e24000 	C:\Windows\System32\combase.dll
0x00007ffb33a60000 - 0x00007ffb33a90000 	C:\Windows\SYSTEM32\Wldp.dll
0x00007ffb349c0000 - 0x00007ffb34a6d000 	C:\Windows\System32\SHCORE.dll
0x00007ffb35020000 - 0x00007ffb35075000 	C:\Windows\System32\shlwapi.dll
0x00007ffb33fb0000 - 0x00007ffb33fcf000 	C:\Windows\SYSTEM32\profapi.dll
0x00007ffb0b1f0000 - 0x00007ffb0b37e000 	C:\Users\aadiu\AppData\Local\Programs\Eclipse Adoptium\jdk-17.0.2.8-hotspot\bin\awt.dll
0x00007ffb351d0000 - 0x00007ffb3529d000 	C:\Windows\System32\OLEAUT32.dll
0x00007ffb31300000 - 0x00007ffb31391000 	C:\Windows\SYSTEM32\apphelp.dll
0x00007ffb1e2d0000 - 0x00007ffb1e2e8000 	C:\Users\aadiu\AppData\Local\Programs\Eclipse Adoptium\jdk-17.0.2.8-hotspot\bin\zip.dll
0x00007ffb31410000 - 0x00007ffb314ae000 	C:\Windows\system32\uxtheme.dll
0x00007ffb353f0000 - 0x00007ffb35505000 	C:\Windows\System32\MSCTF.dll
0x00007ffb35cd0000 - 0x00007ffb35dfa000 	C:\Windows\System32\ole32.dll
0x00007ffb31590000 - 0x00007ffb315bf000 	C:\Windows\system32\DWMAPI.DLL
0x00007ffadadb0000 - 0x00007ffadaed5000 	C:\Windows\system32\opengl32.dll
0x00007ffada100000 - 0x00007ffada12c000 	C:\Windows\SYSTEM32\GLU32.dll
0x00007ffb269b0000 - 0x00007ffb26b7f000 	C:\Windows\system32\d3d9.dll
0x00007ffb28d70000 - 0x00007ffb28f28000 	C:\Windows\System32\DriverStore\FileRepository\u0370468.inf_amd64_5e4260b11257b6e9\B370372\aticfx64.dll
0x00007ffb128f0000 - 0x00007ffb12924000 	C:\Windows\System32\DriverStore\FileRepository\u0370468.inf_amd64_5e4260b11257b6e9\B370372\atiu9p64.dll
0x00007ffabe720000 - 0x00007ffabf474000 	C:\Windows\System32\DriverStore\FileRepository\u0370468.inf_amd64_5e4260b11257b6e9\B370372\atiumd64.dll
0x000000006c4b0000 - 0x000000006d324000 	C:\Windows\System32\DriverStore\FileRepository\u0370468.inf_amd64_5e4260b11257b6e9\B370372\atiumd6a.dll
0x00007ffb35730000 - 0x00007ffb35b98000 	C:\Windows\System32\SETUPAPI.dll
0x00007ffb34210000 - 0x00007ffb3425e000 	C:\Windows\System32\cfgmgr32.dll
0x00007ffb33e30000 - 0x00007ffb33e7b000 	C:\Windows\SYSTEM32\POWRPROF.dll
0x00007ffb34070000 - 0x00007ffb34097000 	C:\Windows\System32\bcrypt.dll
0x00007ffb33e10000 - 0x00007ffb33e22000 	C:\Windows\SYSTEM32\UMPDC.dll
0x00007ffb29180000 - 0x00007ffb291b0000 	C:\Windows\SYSTEM32\amdihk64.dll
0x00007ffb29960000 - 0x00007ffb2999b000 	C:\Windows\SYSTEM32\dxcore.dll
0x00007ffb12510000 - 0x00007ffb12599000 	C:\Users\aadiu\AppData\Local\Programs\Eclipse Adoptium\jdk-17.0.2.8-hotspot\bin\freetype.dll
0x00007ffb0b3e0000 - 0x00007ffb0b488000 	C:\Users\aadiu\AppData\Local\Programs\Eclipse Adoptium\jdk-17.0.2.8-hotspot\bin\fontmanager.dll
0x00007ffb28f30000 - 0x00007ffb29029000 	C:\Windows\SYSTEM32\textinputframework.dll
0x00007ffb30e70000 - 0x00007ffb311ce000 	C:\Windows\System32\CoreUIComponents.dll
0x00007ffb309d0000 - 0x00007ffb30ac2000 	C:\Windows\System32\CoreMessaging.dll
0x00007ffb33190000 - 0x00007ffb331c3000 	C:\Windows\SYSTEM32\ntmarta.dll
0x00007ffb30200000 - 0x00007ffb30354000 	C:\Windows\SYSTEM32\wintypes.dll

dbghelp: loaded successfully - version: 4.0.5 - missing functions: none
symbol engine: initialized successfully - sym options: 0x614 - pdb path: .;C:\Users\aadiu\AppData\Local\Programs\Eclipse Adoptium\jdk-17.0.2.8-hotspot\bin;C:\Windows\SYSTEM32;C:\Windows\WinSxS\amd64_microsoft.windows.common-controls_6595b64144ccf1df_6.0.19041.1110_none_60b5254171f9507e;C:\Users\aadiu\AppData\Local\Programs\Eclipse Adoptium\jdk-17.0.2.8-hotspot\bin\server;C:\Windows\System32\DriverStore\FileRepository\u0370468.inf_amd64_5e4260b11257b6e9\B370372

VM Arguments:
jvm_args: -XX:+ShowCodeDetailsInExceptionMessages 
java_command: summit.Main
java_class_path (initial): C:\Users\aadiu\AppData\Roaming\Code\User\workspaceStorage\929b6f7fce9865a60d0bbe8b6a275a21\redhat.java\jdt_ws\Summit Game_948de7c9\bin
Launcher Type: SUN_STANDARD

[Global flags]
     intx CICompilerCount                          = 12                                        {product} {ergonomic}
     uint ConcGCThreads                            = 3                                         {product} {ergonomic}
     uint G1ConcRefinementThreads                  = 13                                        {product} {ergonomic}
   size_t G1HeapRegionSize                         = 2097152                                   {product} {ergonomic}
    uintx GCDrainStackTargetSize                   = 64                                        {product} {ergonomic}
   size_t InitialHeapSize                          = 260046848                                 {product} {ergonomic}
   size_t MarkStackSize                            = 4194304                                   {product} {ergonomic}
   size_t MaxHeapSize                              = 4137680896                                {product} {ergonomic}
   size_t MaxNewSize                               = 2480930816                                {product} {ergonomic}
   size_t MinHeapDeltaBytes                        = 2097152                                   {product} {ergonomic}
   size_t MinHeapSize                              = 8388608                                   {product} {ergonomic}
    uintx NonNMethodCodeHeapSize                   = 7602480                                {pd product} {ergonomic}
    uintx NonProfiledCodeHeapSize                  = 122027880                              {pd product} {ergonomic}
    uintx ProfiledCodeHeapSize                     = 122027880                              {pd product} {ergonomic}
    uintx ReservedCodeCacheSize                    = 251658240                              {pd product} {ergonomic}
     bool SegmentedCodeCache                       = true                                      {product} {ergonomic}
     bool ShowCodeDetailsInExceptionMessages       = true                                   {manageable} {command line}
   size_t SoftMaxHeapSize                          = 4137680896                             {manageable} {ergonomic}
     bool UseCompressedClassPointers               = true                           {product lp64_product} {ergonomic}
     bool UseCompressedOops                        = true                           {product lp64_product} {ergonomic}
     bool UseG1GC                                  = true                                      {product} {ergonomic}
     bool UseLargePagesIndividualAllocation        = false                                  {pd product} {ergonomic}

Logging:
Log output configuration:
 #0: stdout all=warning uptime,level,tags
 #1: stderr all=off uptime,level,tags

Environment Variables:
JAVA_HOME=C:\Users\aadiu\AppData\Local\Programs\Eclipse Adoptium\jdk-17.0.2.8-hotspot\
PATH=C:\Program Files (x86)\Razer Chroma SDK\bin;C:\Program Files\Razer Chroma SDK\bin;C:\Program Files (x86)\Razer\ChromaBroadcast\bin;C:\Program Files\Razer\ChromaBroadcast\bin;C:\Program Files (x86)\Common Files\Oracle\Java\javapath;C:\Program Files\Python38\Scripts\;C:\Program Files\Python38\;C:\Windows\system32;C:\Windows;C:\Windows\System32\Wbem;C:\Windows\System32\WindowsPowerShell\v1.0\;C:\Windows\System32\OpenSSH\;C:\Program Files (x86)\NVIDIA Corporation\PhysX\Common;C:\Program Files\NVIDIA Corporation\NVIDIA NvDLISR;C:\Users\aadiu\AppData\Local\Microsoft\WindowsApps;C:\Users\aadiu\AppData\Local\Programs\Microsoft VS Code\bin;C:\Windows\system32\config\systemprofile\AppData\Local\Microsoft\WindowsApps;C:\Program Files\dotnet\;C:\Program Files\Git\cmd;C:\MinGW\bin\;C:\Program Files (x86)\Windows Kits\10\Windows Performance Toolkit\;C:\Users\aadiu\AppData\Local\Programs\Eclipse Adoptium\jdk-17.0.2.8-hotspot\bin;C:\Users\aadiu\AppData\Local\Microsoft\WindowsApps;C:\Users\aadiu\AppData\Local\Programs\Microsoft VS Code\bin;C:\Users\aadiu\AppData\Local\GitHubDesktop\bin
USERNAME=aadiu
LANG=en_US.UTF-8
OS=Windows_NT
PROCESSOR_IDENTIFIER=AMD64 Family 25 Model 80 Stepping 0, AuthenticAMD



---------------  S Y S T E M  ---------------

OS:
 Windows 10 , 64 bit Build 19041 (10.0.19041.2251)
OS uptime: 1 days 8:08 hours

CPU: total 16 (initial active 16) (16 cores per cpu, 2 threads per core) family 25 model 80 stepping 0 microcode 0x0, cx8, cmov, fxsr, ht, mmx, 3dnowpref, sse, sse2, sse3, ssse3, sse4a, sse4.1, sse4.2, popcnt, lzcnt, tsc, tscinvbit, avx, avx2, aes, erms, clmul, bmi1, bmi2, adx, sha, fma, vzeroupper, clflush, clflushopt

Memory: 4k page, system-wide physical 15776M (7567M free)
TotalPageFile size 20128M (AvailPageFile size 7108M)
current process WorkingSet (physical memory assigned to process): 118M, peak: 119M
current process commit charge ("private bytes"): 428M, peak: 428M

vm_info: OpenJDK 64-Bit Server VM (17.0.2+8) for windows-amd64 JRE (17.0.2+8), built on Jan 20 2022 04:52:34 by "" with MS VC++ 16.7 (VS2019)

END.
