#
# A fatal error has been detected by the Java Runtime Environment:
#
#  EXCEPTION_ACCESS_VIOLATION (0xc0000005) at pc=0x0000018887c217eb, pid=25552, tid=14988
#
# JRE version: OpenJDK Runtime Environment Temurin-17.0.4.1+1 (17.0.4.1+1) (build 17.0.4.1+1)
# Java VM: OpenJDK 64-Bit Server VM Temurin-17.0.4.1+1 (17.0.4.1+1, mixed mode, sharing, tiered, compressed oops, compressed class ptrs, g1 gc, windows-amd64)
# Problematic frame:
# J 1292 c2 summit.gfx.Renderer.render(Ljava/lang/String;FFILsummit/gfx/ColorFilter;)V (282 bytes) @ 0x0000018887c217eb [0x0000018887c207a0+0x000000000000104b]
#
# No core dump will be written. Minidumps are not enabled by default on client versions of Windows
#
# If you would like to submit a bug report, please visit:
#   https://github.com/adoptium/adoptium-support/issues
#

---------------  S U M M A R Y ------------

Command Line: -XX:+ShowCodeDetailsInExceptionMessages summit.Main

Host: AMD Ryzen 9 5900HS with Radeon Graphics        , 16 cores, 15G,  Windows 10 , 64 bit Build 19041 (10.0.19041.2251)
Time: Tue Nov 15 18:44:06 2022 Central Standard Time elapsed time: 3.701226 seconds (0d 0h 0m 3s)

---------------  T H R E A D  ---------------

Current thread (0x0000018896506690):  JavaThread "Thread-2" [_thread_in_Java, id=14988, stack(0x0000001835e00000,0x0000001835f00000)]

Stack: [0x0000001835e00000,0x0000001835f00000],  sp=0x0000001835efed10,  free space=1019k
Native frames: (J=compiled Java code, j=interpreted, Vv=VM code, C=native code)
C  0x0000018887c217eb


siginfo: EXCEPTION_ACCESS_VIOLATION (0xc0000005), reading address 0x0000000b176c7700


Register to memory mapping:

RIP=0x0000018887c217eb is at entry_point+4171 in (nmethod*)0x0000018887c20590
RAX=0x00000000ffffffe9 is an unknown value
RBX=3807219430 is a compressed pointer to object: [[I 
{0x00000007176c7730} - klass: {type array int}[]
 - length: 144
RCX=0x00000000fffffff0 is an unknown value
RDX=0x0 is NULL
RSP=0x0000001835efed10 is pointing into the stack for thread: 0x0000018896506690
RBP=0x0000000000000090 is an unknown value
RSI=0x0 is NULL
RDI=0x0000000000000100 is an unknown value
R8 =0x0000000000000010 is an unknown value
R9 =0x00000007176343e8 is an oop: summit.gfx.Renderer 
{0x00000007176343e8} - klass: 'summit/gfx/Renderer'
 - ---- fields (total size 2 words):
 - private 'frame' '[[I' @12  a {type array int}[144] {0x00000007176c7730} (e2ed8ee6)
R10=0x00000007176c7730 is an oop: [[I 
{0x00000007176c7730} - klass: {type array int}[]
 - length: 144
R11=0x00000000fffffff0 is an unknown value
R12=0x0 is NULL
R13=0x0000000000000003 is an unknown value
R14=0x0000000000000010 is an unknown value
R15=0x0000018896506690 is a thread


Registers:
RAX=0x00000000ffffffe9, RBX=0x00000000e2ed8ee6, RCX=0x00000000fffffff0, RDX=0x0000000000000000
RSP=0x0000001835efed10, RBP=0x0000000000000090, RSI=0x0000000000000000, RDI=0x0000000000000100
R8 =0x0000000000000010, R9 =0x00000007176343e8, R10=0x00000007176c7730, R11=0x00000000fffffff0
R12=0x0000000000000000, R13=0x0000000000000003, R14=0x0000000000000010, R15=0x0000018896506690
RIP=0x0000018887c217eb, EFLAGS=0x0000000000010287

Top of Stack: (sp=0x0000001835efed10)
0x0000001835efed10:   0000010000000000 00000000fffffff8
0x0000001835efed20:   fffffff0ffffffe8 0000001000000010
0x0000001835efed30:   fffffff0ffffffe8 0000001000000009
0x0000001835efed40:   0000000700000010 000000000000000f
0x0000001835efed50:   0000000000000001 0000018843280000
0x0000001835efed60:   00000000c1800000 00000007180db650
0x0000001835efed70:   0000001835eff018 000001888093f984
0x0000001835efed80:   0000001835eff210 000001888090a58c
0x0000001835efed90:   0000000000000000 4090e00000000000
0x0000001835efeda0:   0000018880008e10 0000018800000000
0x0000001835efedb0:   0000001835efef50 00000007176343e8
0x0000001835efedc0:   00000007180db650 0000018800000003
0x0000001835efedd0:   0000000000000000 00000007170ba6a4
0x0000001835efede0:   0000001835eff018 000001888094016c
0x0000001835efedf0:   00000007170ba6a4 00000007176c7340
0x0000001835efee00:   0000000717636ff8 000000071702ad60 

Instructions: (pc=0x0000018887c217eb)
0x0000018887c216eb:   7e ca e9 65 01 00 00 0f 1f 80 00 00 00 00 0f 1f
0x0000018887c216fb:   80 00 00 00 00 44 2b 4c 24 10 45 8b d1 41 ff c2
0x0000018887c2170b:   45 8b cb 45 3b d0 0f 83 dc 04 00 00 45 8b 5c dc
0x0000018887c2171b:   10 47 8b 5c dc 0c 45 3b cb 0f 83 69 01 00 00 c4
0x0000018887c2172b:   c1 f9 7e d3 45 8b 5c b3 10 43 8b 54 dc 0c 49 c1
0x0000018887c2173b:   e3 03 44 3b d2 0f 83 d6 04 00 00 47 8b 54 93 10
0x0000018887c2174b:   41 83 fa ff 0f 84 34 01 00 00 45 8b 5c fc 0c 45
0x0000018887c2175b:   3b cb 0f 83 d5 04 00 00 47 89 54 8d 10 33 d2 c4
0x0000018887c2176b:   c1 f9 7e d2 45 8b 5a 10 47 8b 54 dc 0c 44 03 54
0x0000018887c2177b:   24 10 4d 8b b7 48 03 00 00 45 8b d9 41 ff c3 41
0x0000018887c2178b:   85 06 45 3b da 0f 8c 6a ff ff ff 4d 8b 97 48 03
0x0000018887c2179b:   00 00 ff c1 41 85 02 3b 0c 24 0f 8d 58 01 00 00
0x0000018887c217ab:   c4 c1 f9 7e c1 c4 e1 f9 7e ce c5 f9 7e da 44 8b
0x0000018887c217bb:   54 24 10 44 8b 5c 24 14 44 3b 54 24 08 0f 8d 4b
0x0000018887c217cb:   01 00 00 44 89 5c 24 14 44 89 54 24 10 c5 f9 6e
0x0000018887c217db:   da c4 e1 f9 6e ce c4 c1 f9 6e c1 c4 c1 f9 7e e2
0x0000018887c217eb:   41 8b 7c 8a 10 8b f1 41 2b f3 3b cd 0f 83 eb fe
0x0000018887c217fb:   ff ff 44 8b 54 24 10 44 3b 54 24 04 0f 83 db fe
0x0000018887c2180b:   ff ff c4 c1 f9 7e d2 45 8b 54 b2 10 47 8b 4c d4
0x0000018887c2181b:   0c 45 85 c9 0f 86 57 05 00 00 47 8b 54 d4 10 41
0x0000018887c2182b:   83 fa ff 0f 84 05 01 00 00 45 8b 5c fc 0c 44 8b
0x0000018887c2183b:   4c 24 10 45 3b cb 0f 83 f6 03 00 00 4d 8d 0c fc
0x0000018887c2184b:   44 8b 5c 24 10 47 89 54 99 10 33 d2 c4 c1 f9 7e
0x0000018887c2185b:   d2 45 8b 5a 10 47 8b 54 dc 0c 44 03 54 24 10 41
0x0000018887c2186b:   3b c2 0f 8d 23 ff ff ff 3b cd 73 26 4d 8d 2c fc
0x0000018887c2187b:   44 8b c8 41 ba 01 00 00 00 e9 85 fe ff ff c4 e1
0x0000018887c2188b:   f9 7e ca e9 d7 fe ff ff c4 e1 f9 7e ca e9 cd fe
0x0000018887c2189b:   ff ff 44 8b c8 41 ba 01 00 00 00 eb 16 0f 1f 84
0x0000018887c218ab:   00 00 00 00 00 44 2b 4c 24 10 45 8b d1 41 ff c2
0x0000018887c218bb:   44 8b cf 45 3b d0 0f 83 2c 03 00 00 45 3b 64 dc
0x0000018887c218cb:   10 0f 84 9a 04 00 00 c4 e1 f9 7e d7 44 8b 5f 10
0x0000018887c218db:   47 8b 54 dc 0c 44 03 54 24 10 4d 8b 9f 48 03 00 


Stack slot to memory mapping:
stack at sp + 0 slots: 0x0000010000000000 is an unknown value
stack at sp + 1 slots: 0x00000000fffffff8 is an unknown value
stack at sp + 2 slots: 0xfffffff0ffffffe8 is an unknown value
stack at sp + 3 slots: 0x0000001000000010 is an unknown value
stack at sp + 4 slots: 0xfffffff0ffffffe8 is an unknown value
stack at sp + 5 slots: 0x0000001000000009 is an unknown value
stack at sp + 6 slots: 0x0000000700000010 is an unknown value
stack at sp + 7 slots: 0x000000000000000f is an unknown value

--------------------------------------------------------------------------------
[Constant Pool (empty)]

--------------------------------------------------------------------------------

[MachCode]
  0x0000018887c207a0: 448b 5208 | 49bb 0000 | 0000 0800 | 0000 4d03 | d349 3bc2 | 0f85 c6c2 | 42f8 6690 | 0f1f 4000 
  0x0000018887c207c0: 8984 2400 | 90ff ff55 | 4883 ec60 | 4889 7c24 | 1045 8bf1 | c5f8 28e1 | 4889 1424 | 4d8b d049 
  0x0000018887c207e0: bba0 8c64 | 1707 0000 | 0041 8b6b | 7045 8b44 | ec08 4181 | f8e0 ad0b | 000f 85e4 | 1500 004d 
  0x0000018887c20800: 8d1c ec45 | 8b4b 2447 | 8b44 cc0c | 4585 c00f | 866d 1600 | 004b 8d0c | cc4d 85d2 | 0f84 c413 
  0x0000018887c20820: 0000 418b | 5a0c 41ff | c885 db75 | 6745 0fb6 | 5a11 4585 | db0f 8561 | 1300 0045 | 0fbe 5a10 
  0x0000018887c20840: 4585 db0f | 85df 1900 | 0041 8b42 | 1441 8b6c | c40c 85ed | 0f86 5f13 | 0000 448b | dd41 ffcb 
  0x0000018887c20860: 443b dd0f | 836f 1700 | 0045 0fb6 | 5cc4 108b | dd83 c3fd | 418b fbc1 | e705 412b | fb4d 8d2c 
  0x0000018887c20880: c483 fb01 | 0f8e 8217 | 0000 be01 | 0000 0045 | 33c9 eb45 | 448b db41 | c1eb 1044 | 33db 4523 
  0x0000018887c208a0: c333 d2e9 | ff00 0000 | 450f b65c | 3510 4103 | fbff c63b | f50f 8dd3 | 0000 0044 | 8bdf 41c1 
  0x0000018887c208c0: e305 442b | df41 8bfb | ebde c4c1 | f97e cac4 | c179 7ed8 | c4c1 797e | d18b c52b | c683 c0fd 
  0x0000018887c208e0: 3bde 410f | 4cc1 81f8 | a00f 0000 | 41bb a00f | 0000 410f | 47c3 03c6 | c4c1 f96e | cac4 c179 
  0x0000018887c20900: 6ed8 c4c1 | 796e d166 | 0f1f 8400 | 0000 0000 | 4c63 de47 | 0fb6 541d | 1047 0fb6 | 4c1d 1347 
  0x0000018887c20920: 0fb6 441d | 1143 0fb6 | 541d 1241 | 03fa 448b | d741 c1e2 | 0544 2bd7 | 4503 d041 | 8bfa c1e7 
  0x0000018887c20940: 0541 2bfa | 03fa 448b | df41 c1e3 | 0544 2bdf | 4503 d941 | 8bfb c1e7 | 0541 2bfb | 83c6 043b 
  0x0000018887c20960: f07c ad4d | 8b97 4803 | 0000 4185 | 023b f30f | 8c55 ffff | ffc4 c1f9 | 7eca c4c1 | 797e d8c5 
  0x0000018887c20980: f97e d23b | f50f 8c1d | ffff ff41 | 8bfb 85ff | 0f84 2512 | 0000 4189 | 7a0c 448b | df41 c1eb 
  0x0000018887c209a0: 1044 33df | 4523 c346 | 8b44 8110 | 478b 4cc4 | 0c45 3bcb | 0f85 890f | 0000 478b | 4cc4 1049 
  0x0000018887c209c0: 8bc9 48c1 | e103 493b | ca0f 8459 | 0100 0041 | 0fbe 7a10 | 4c3b d10f | 844b 0100 | 0043 8b5c 
  0x0000018887c209e0: cc08 81fb | 70e9 0000 | 0f85 d618 | 0000 49c1 | e103 410f | be69 103b | fd0f 85f1 | 1700 0041 
  0x0000018887c20a00: 8b59 1441 | 8b7a 1445 | 8b4c dc0c | 418b 4cfc | 0c41 3bc9 | 0f85 d400 | 0000 4d8d | 0cdc 498d 
  0x0000018887c20a20: 74dc 104d | 8d0c fc49 | 8d7c fc10 | 85c9 0f84 | a500 0000 | 8bc1 83e0 | 1f83 e1e0 | 0f84 4b00 
  0x0000018887c20a40: 0000 488d | 3c0f 488d | 340e 48f7 | d9c5 fe6f | 0c0f c5fe | 6f14 0ec5 | f5ef cac4 | e27d 17c9 
  0x0000018887c20a60: 0f85 7a00 | 0000 4883 | c120 75e1 | 85c0 0f84 | 6500 0000 | c5fe 6f4c | 07e0 c5fe | 6f54 06e0 
  0x0000018887c20a80: c5f5 efca | c4e2 7d17 | c975 55eb | 4c8b c883 | e1fc 7419 | 488d 3c0f | 488d 340e | 48f7 d98b 
  0x0000018887c20aa0: 1c0f 3b1c | 0e75 3948 | 83c1 0475 | f2f7 c002 | 0000 0074 | 120f b71f | 0fb7 0e3b | d975 2148 
  0x0000018887c20ac0: 8d7f 0248 | 8d76 02f7 | c001 0000 | 0074 0a0f | b61f 0fb6 | 0e3b d975 | 07b8 0100 | 0000 eb02 
  0x0000018887c20ae0: 33c0 c5f5 | efc9 c5ed | efd2 85c0 | 753a ba45 | ffff ff48 | 8b2c 2444 | 8934 244c | 8b4c 2410 
  0x0000018887c20b00: 4c89 4c24 | 08c5 fa11 | 4424 04c5 | fa11 6424 | 104c 8954 | 2418 4489 | 4424 1444 | 895c 2420 
  0x0000018887c20b20: c5f8 77e8 | d817 43f8 | 49c1 e003 | 418b 6814 | 458b 54ec | 0841 81fa | 086d 0000 | 0f85 6217 
  0x0000018887c20b40: 0000 4d8d | 04ec 418b | 780c 85ff | 0f86 b612 | 0000 458b | 5010 478b | 54d4 0c44 | 8bcf 41d1 
  0x0000018887c20b60: f941 d1fa | c4c1 796e | c9c5 f85b | c9c5 da5c | d1c4 c179 | 6eca c5f8 | 5bc9 c5fa | 5cc9 c4c1 
  0x0000018887c20b80: 797e cbc5 | f97e d345 | 8bcb 41c1 | e917 8bcb | c1e9 1745 | 0fb6 c9be | 9500 0000 | 412b f10f 
  0x0000018887c20ba0: b6c9 b895 | 0000 002b | c1f7 c6e0 | ffff ff0f | 856d 0f00 | 0045 8bd3 | 4181 e2ff | ff7f 0041 
  0x0000018887c20bc0: 81ca 0000 | 8000 4585 | db0f 8ce2 | 0f00 008b | ce41 d3fa | 41ff c241 | d1fa f7c0 | e0ff ffff 
  0x0000018887c20be0: 0f85 1a0f | 0000 448b | db41 81e3 | ffff 7f00 | 4181 cb00 | 0080 0085 | db0f 8caa | 0f00 008b 
  0x0000018887c20c00: c841 d3fb | 41ff c341 | d1fb 458b | ee45 85ed | 750b 4533 | ed49 8bc0 | e90a 0a00 | 0041 f7c5 
  0x0000018887c20c20: 0400 0000 | 0f84 5b03 | 0000 418b | 4810 458b | 4ccc 0c44 | 895c 2424 | 4489 5424 | 2089 7c24 
  0x0000018887c20c40: 284c 8944 | 2418 8954 | 240c 4489 | 6c24 0848 | ba08 6d00 | 0008 0000 | 0044 8bc7 | c5f8 77e8 
  0x0000018887c20c60: 9cbf 4df8 | 4c8b f044 | 8b5c 2428 | 41ff cb44 | 3b5c 2428 | 0f83 3815 | 0000 418b | 7e0c 85ff 
  0x0000018887c20c80: 0f86 2c15 | 0000 4863 | c745 33db | eb30 c5f9 | 7edf c4e1 | f97e c8c4 | c1f9 7ec0 | 448b 5c24 
  0x0000018887c20ca0: 384d 8b8f | 4803 0000 | 41ff c341 | 8501 443b | 5c24 280f | 8d12 0f00 | 004c 8944 | 2418 4c8b 
  0x0000018887c20cc0: 4424 1845 | 8b50 1047 | 8b54 d40c | 4585 d276 | d041 8bf2 | 4489 5c24 | 38c5 fb10 | 4424 184d 
  0x0000018887c20ce0: 63eb 478b | 54a8 10c4 | c179 6ed2 | 438b 54d4 | 0c85 ff0f | 8626 1300 | 0041 8b6e | 108b ce41 
  0x0000018887c20d00: 2bcb ffc9 | 85d2 0f86 | 5c13 0000 | 438b 5cd4 | 1045 8b54 | ec0c 4d8d | 0cec 413b | ca0f 83f5 
  0x0000018887c20d20: 1200 004c | 63d6 4d2b | d543 895c | 910c 83fe | 010f 8e60 | ffff ff4c | 63d2 493b | c244 8bdf 
  0x0000018887c20d40: 440f 4fda | c4c1 797e | d049 c1e0 | 0341 8beb | ffcd 443b | dd41 bb00 | 0000 8041 | 0f4c eb83 
  0x0000018887c20d60: fd01 0f8e | 5513 0000 | 4c8b 5424 | 1845 8b52 | 1047 8b5c | d40c c4c1 | 797e d243 | 8b5c d414 
  0x0000018887c20d80: 418b 7614 | 418b cb2b | 4c24 38ff | c945 8b54 | f40c 4d8d | 0cf4 413b | ca0f 838f | 1300 00c5 
  0x0000018887c20da0: f96e e24c | 896c 2418 | c4e1 f96e | c8c5 f96e | df49 63c3 | 488b d049 | 2bd5 4189 | 5c91 0c41 
  0x0000018887c20dc0: 83fb 020f | 8ec5 feff | ffc4 c179 | 7ed2 438b | 5cd4 1841 | 8b76 1845 | 8b54 f40c | 4d8d 0cf4 
  0x0000018887c20de0: 413b ca0f | 83ab 1300 | 0041 895c | 910c 4183 | fb03 0f8e | 96fe ffff | 41b9 0300 | 0000 443b 
  0x0000018887c20e00: cd0f 8d9d | 1200 00c4 | c179 7ed2 | 438b 5cd4 | 1c41 8b76 | 1c45 8b54 | f40c 4d8d | 0cf4 413b 
  0x0000018887c20e20: ca0f 8377 | 1300 0041 | 895c 910c | 4183 fb04 | 0f8e 58fe | ffff c4c1 | 797e d243 | 8b5c d420 
  0x0000018887c20e40: 458b 5620 | 438b 74d4 | 0c4f 8d0c | d43b ce0f | 8353 1300 | 0041 895c | 910c 4183 | fb05 0f8e 
  0x0000018887c20e60: 2afe ffff | 4c8b c849 | 83c1 fe48 | ffc8 418b | d944 8bd0 | 4863 fd48 | 3bf8 448b | ed45 0f4f 
  0x0000018887c20e80: ea4d 63d5 | 4d3b d144 | 0f4f ebbe | 0500 0000 | 4183 fd05 | 0f8e 7e00 | 0000 b8d0 | 0700 0041 
  0x0000018887c20ea0: 8bfd 2bfe | 443b ee0f | 4c7c 240c | 81ff d007 | 0000 0f47 | f803 fe66 | 0f1f 8400 | 0000 0000 
  0x0000018887c20ec0: 418b 5cb0 | 1045 8b4c | b610 478b | 54cc 0c49 | c1e1 0341 | 3bca 0f83 | 6a0c 0000 | 4189 5c91 
  0x0000018887c20ee0: 0c45 8b4c | b614 418b | 5cb0 1447 | 8b54 cc0c | 49c1 e103 | 413b ca0f | 8347 0c00 | 0041 895c 
  0x0000018887c20f00: 910c 83c6 | 023b f77c | b74d 8b97 | 4803 0000 | 4185 0241 | 3bf5 7c87 | 3bf5 0f8d | 8911 0000 
  0x0000018887c20f20: 418b 5cb0 | 1041 8b7c | b610 458b | 54fc 0c4d | 8d0c fc41 | 3bca 0f83 | 0a0c 0000 | 4189 5c91 
  0x0000018887c20f40: 0c44 8bd6 | 41ff c245 | 3bd3 0f8d | 3efd ffff | 418b 5cb0 | 1445 8b4c | b614 438b | 7ccc 0c49 
  0x0000018887c20f60: c1e1 033b | cf0f 8331 | 1300 0041 | 895c 910c | 83c6 0241 | 3bf3 0f8d | 12fd ffff | 3bf5 7ca0 
  0x0000018887c20f80: e924 1100 | 0041 f7c5 | 0100 0000 | 0f84 8d02 | 0000 458b | 480c 4585 | c90f 8605 | 1000 0041 
  0x0000018887c20fa0: 8b48 1041 | 8b5c cc0c | 895c 242c | 4489 4c24 | 2844 895c | 241c 4489 | 5424 184c | 8944 2420 
  0x0000018887c20fc0: 8954 240c | 4489 6c24 | 0848 ba08 | 6d00 0008 | 0000 0045 | 8bc1 448b | cb66 6690 | c5f8 77e8 
  0x0000018887c20fe0: 1cbc 4df8 | 448b 5c24 | 2841 ffcb | 443b 5c24 | 280f 8365 | 0f00 0044 | 8b50 0c45 | 85d2 0f86 
  0x0000018887c21000: 580f 0000 | 453b da0f | 834f 0f00 | 008b 6c24 | 2cff cd8b | 4c24 2cd1 | f94c 634c | 242c 448b 
  0x0000018887c21020: e941 83c5 | fe41 3bcd | 41bb 0000 | 0080 450f | 4ceb 4c63 | d149 8bd1 | 492b d28b | f1ff c648 
  0x0000018887c21040: ffca 4533 | f6e9 0401 | 0000 660f | 1f44 0000 | 448b c342 | 8b4c 870c | 8b5c 242c | 412b db49 
  0x0000018887c21060: 63d3 894c | 9010 8b4c | 9710 4289 | 4c80 0c49 | 8bc9 482b | ca44 8b44 | 8f08 4489 | 4490 1444 
  0x0000018887c21080: 8b44 9714 | 4489 4488 | 0844 8b44 | 8f04 4489 | 4490 1844 | 8b44 9718 | 4489 4488 | 0444 8b04 
  0x0000018887c210a0: 8f44 8944 | 901c 448b | 4497 1c44 | 8904 8883 | c3fc 4183 | c304 453b | da7c 954d | 8b97 4803 
  0x0000018887c210c0: 0000 4185 | 0245 3bdd | 7d2a 448b | c345 8bd5 | 452b d345 | 3beb 440f | 4c54 240c | 4181 faa0 
  0x0000018887c210e0: 0f00 00bb | a00f 0000 | 440f 47d3 | 4503 d3e9 | 5fff ffff | c5f9 7ec9 | c4e1 f97e | c244 3b5c 
  0x0000018887c21100: 2430 7d2b | 448b 549f | 0c46 8954 | 9810 468b | 549f 1044 | 8954 980c | 458b d341 | ffc2 443b 
  0x0000018887c21120: 5424 307d | 0a8b dd41 | 2bdb 458b | daeb d54d | 8b97 4803 | 0000 41ff | c641 8502 | 443b 7424 
  0x0000018887c21140: 280f 8dc2 | 0000 0048 | 8bc6 8b74 | 2430 4c8b | 5424 2041 | 8b7a 1085 | ff0f 8426 | 0c00 0047 
  0x0000018887c21160: 8b5c b210 | 478b 54dc | 0c42 8b5c | b010 458b | 44dc 0c89 | 7424 30c5 | f96e c948 | 8bf0 4963 
  0x0000018887c21180: ca48 3bd1 | 0f83 0a0c | 0000 413b | ea0f 8301 | 0c00 0045 | 85c0 0f86 | f80b 0000 | c5f9 7ec9 
  0x0000018887c211a0: 413b c80f | 83eb 0b00 | 0045 85d2 | 0f86 e20b | 0000 413b | ca0f 83d9 | 0b00 004d | 63d0 493b 
  0x0000018887c211c0: d20f 83cd | 0b00 0041 | 3be8 0f83 | c40b 0000 | 498d 04dc | 4b8d 3cdc | 468b 548f | 0c45 8954 
  0x0000018887c211e0: dc10 478b | 54dc 1046 | 8954 880c | 4183 fd01 | 0f8e d20b | 0000 448b | c541 bb01 | 0000 00c4 
  0x0000018887c21200: e1f9 6ec2 | e9c4 feff | ff44 8b6c | 2408 8b54 | 240c 4c8b | c644 8b54 | 2418 448b | 5c24 1c41 
  0x0000018887c21220: f7c5 0200 | 0000 7508 | 498b c0e9 | f703 0000 | 418b 680c | 85ed 0f86 | fe0c 0000 | 458b 4810 
  0x0000018887c21240: 478b 4ccc | 0c44 895c | 2424 4489 | 5424 204c | 8944 2418 | 8954 240c | 4489 6c24 | 0848 ba08 
  0x0000018887c21260: 6d00 0008 | 0000 0044 | 8bc5 6690 | c5f8 77e8 | 8cb9 4df8 | 448b 580c | 8bcd d1f9 | 448b d141 
  0x0000018887c21280: ffc2 4585 | db0f 865e | 0c00 0041 | 3bcb 0f83 | 550c 0000 | 4c63 c54c | 63c9 498b | d849 2bd9 
  0x0000018887c212a0: 48ff cb49 | 3bd8 0f83 | 3d0c 0000 | 448b cd41 | ffc9 443b | cd0f 832e | 0c00 0044 | 8954 2428 
  0x0000018887c212c0: 4d63 d349 | 3bda 0f83 | 180c 0000 | 453b cb0f | 8357 0c00 | 003b cd0f | 8356 0c00 | 00b9 401f 
  0x0000018887c212e0: 0000 4533 | dbeb 31c4 | c1f9 7ec1 | c4e1 f97e | e0c4 c1f9 | 7ee8 c4c1 | 797e fb4d | 8b97 4803 
  0x0000018887c21300: 0000 41ff | c341 8502 | 443b 5c24 | 280f 8d01 | 0300 004c | 894c 2418 | 4c8b 4c24 | 1845 8b51 
  0x0000018887c21320: 1047 8b54 | d40c 4585 | d276 d045 | 8bea c5fb | 1044 2418 | 4963 d349 | 8bd8 482b | da45 8b54 
  0x0000018887c21340: 990c c4c1 | 796e ca47 | 8b4c d40c | 448b 5490 | 10c4 c179 | 6ed2 438b | 7cd4 0c4c | 8b54 2418 
  0x0000018887c21360: 458b 5492 | 10c4 c179 | 6eda 478b | 54d4 0c8b | 5c98 0c41 | 8b54 dc0c | 4585 c90f | 8654 0a00 
  0x0000018887c21380: 0089 5424 | 30c5 796e | c344 8954 | 242c 897c | 241c c4c1 | 796e fbc4 | c1f9 6ee8 | c4e1 f96e 
  0x0000018887c213a0: e041 bb01 | 0000 0045 | 3bd9 bb01 | 0000 0041 | 0f4f d944 | 894c 2418 | c4c1 797e | d24f 8d04 
  0x0000018887c213c0: d4c4 c179 | 7ecb 4f8d | 0cdc 458b | d8c4 4179 | 7ec2 4b8d | 3cd4 41c1 | eb02 c4c1 | 797e da4b 
  0x0000018887c213e0: 8d2c d441 | 83e3 0344 | 03db 41f7 | db41 83e3 | 0344 03db | 443b 5c24 | 1844 8b54 | 2418 450f 
  0x0000018887c21400: 4fda 33db | eb14 c4e1 | f97e e0c4 | c179 7efb | e9a0 0100 | 0066 6690 | 8bd8 3b5c | 2418 73e6 
  0x0000018887c21420: 458b 5499 | 103b 5c24 | 1c0f 8325 | 0800 0045 | 8954 9810 | 3b5c 242c | 0f83 7208 | 0000 448b 
  0x0000018887c21440: 549d 103b | 5c24 300f | 83c3 0800 | 0044 8954 | 9f10 c4c1 | f97e c241 | 8b52 1041 | 8b54 d40c 
  0x0000018887c21460: 8bc3 ffc0 | 3bc2 0f8d | 7bfe ffff | 413b c37c | a74c 6354 | 2418 4c63 | 5c24 3048 | 6374 242c 
  0x0000018887c21480: 4c63 6c24 | 1c4d 3bd5 | 448b 5424 | 1844 0f4f | 5424 1c4c | 63ea 4d63 | f24c 3bf6 | 440f 4f54 
  0x0000018887c214a0: 242c 49ff | cd49 63f2 | 493b f344 | 0f4f 5424 | 3045 8bdd | 4963 f249 | 3bf5 450f | 4fd3 418b 
  0x0000018887c214c0: f283 c6f9 | 443b d641 | ba00 0000 | 8041 0f4c | f23b c60f | 8d03 0900 | 00ff c344 | 8bd6 442b 
  0x0000018887c214e0: d33b f344 | 0f4c 5424 | 0c41 81fa | 401f 0000 | 440f 47d1 | 4403 d366 | 0f1f 8400 | 0000 0000 
  0x0000018887c21500: c4c1 7a6f | 7499 10c4 | c17a 7f74 | 9810 c5fa | 6f74 9d10 | c5fa 7f74 | 9f10 c4c1 | 7a6f 7499 
  0x0000018887c21520: 20c4 c17a | 7f74 9820 | c5fa 6f74 | 9d20 c5fa | 7f74 9f20 | 83c3 0841 | 3bda 7cc4 | 4d8b 9748 
  0x0000018887c21540: 0300 0041 | 8502 3bde | 7c91 3b5c | 2418 7d5b | 3b5c 2418 | 0f83 acfe | ffff 458b | 5499 103b 
  0x0000018887c21560: 5c24 1c0f | 83eb 0600 | 0045 8954 | 9810 3b5c | 242c 0f83 | 3807 0000 | 448b 549d | 103b 5c24 
  0x0000018887c21580: 300f 8389 | 0700 0044 | 8954 9f10 | c4c1 f97e | c245 8b5a | 1047 8b54 | dc0c ffc3 | 413b da0f 
  0x0000018887c215a0: 8d42 fdff | ff3b 5c24 | 187c a5c4 | e1f9 7ee0 | c4c1 797e | fbba e4ff | ffff 488b | 2c24 448b 
  0x0000018887c215c0: 4424 0844 | 8904 244c | 8b54 2410 | 4c89 5424 | 0844 8b54 | 2420 4489 | 5424 0444 | 8b54 2424 
  0x0000018887c215e0: 4489 5424 | 10c5 fb11 | 4424 1848 | 8944 2420 | 4489 5c24 | 1489 5c24 | 2c89 5c24 | 30c5 fa11 
  0x0000018887c21600: 5424 34c5 | fa11 4c24 | 3866 6690 | c5f8 77e8 | ec0c 43f8 | 8b54 240c | 448b 5424 | 2044 8b5c 
  0x0000018887c21620: 2424 448b | 6c24 0841 | 8bed c1fd | 0385 ed0f | 8583 0800 | 0044 8b40 | 0c41 8bcb | 4103 c844 
  0x0000018887c21640: 3bd9 0f8d | bb02 0000 | 4d63 c849 | 63db 418b | f3f7 de48 | 63fe 4803 | df49 3bd9 | 0f83 d607 
  0x0000018887c21660: 0000 4863 | d948 03df | 48ff cb49 | 3bd9 0f83 | fc07 0000 | 4c8b 0c24 | 418b 590c | 418b 6cdc 
  0x0000018887c21680: 0c85 ed0f | 86f2 0700 | 0041 8b74 | dc10 418b | 7cf4 0c48 | 8b74 2410 | 4885 f60f | 85a0 0700 
  0x0000018887c216a0: 0045 85c0 | 0f86 9707 | 0000 448b | 4010 478b | 44c4 0c45 | 85c0 0f86 | 8507 0000 | 897c 2404 
  0x0000018887c216c0: 890c 24c4 | e1f9 6ed0 | 418b c841 | 03ca 894c | 2408 418b | c2ff c049 | 8d0c dcc4 | e1f9 6ee1 
  0x0000018887c216e0: 418b cbe9 | db00 0000 | c4e1 f97e | cae9 6501 | 0000 0f1f | 8000 0000 | 000f 1f80 | 0000 0000 
  0x0000018887c21700: 442b 4c24 | 1045 8bd1 | 41ff c245 | 8bcb 453b | d00f 83dc | 0400 0045 | 8b5c dc10 | 478b 5cdc 
  0x0000018887c21720: 0c45 3bcb | 0f83 6901 | 0000 c4c1 | f97e d345 | 8b5c b310 | 438b 54dc | 0c49 c1e3 | 0344 3bd2 
  0x0000018887c21740: 0f83 d604 | 0000 478b | 5493 1041 | 83fa ff0f | 8434 0100 | 0045 8b5c | fc0c 453b | cb0f 83d5 
  0x0000018887c21760: 0400 0047 | 8954 8d10 | 33d2 c4c1 | f97e d245 | 8b5a 1047 | 8b54 dc0c | 4403 5424 | 104d 8bb7 
  0x0000018887c21780: 4803 0000 | 458b d941 | ffc3 4185 | 0645 3bda | 0f8c 6aff | ffff 4d8b | 9748 0300 | 00ff c141 
  0x0000018887c217a0: 8502 3b0c | 240f 8d58 | 0100 00c4 | c1f9 7ec1 | c4e1 f97e | cec5 f97e | da44 8b54 | 2410 448b 
  0x0000018887c217c0: 5c24 1444 | 3b54 2408 | 0f8d 4b01 | 0000 4489 | 5c24 1444 | 8954 2410 | c5f9 6eda | c4e1 f96e 
  0x0000018887c217e0: cec4 c1f9 | 6ec1 c4c1 | f97e e241 | 8b7c 8a10 | 8bf1 412b | f33b cd0f | 83eb feff | ff44 8b54 
  0x0000018887c21800: 2410 443b | 5424 040f | 83db feff | ffc4 c1f9 | 7ed2 458b | 54b2 1047 | 8b4c d40c | 4585 c90f 
  0x0000018887c21820: 8657 0500 | 0047 8b54 | d410 4183 | faff 0f84 | 0501 0000 | 458b 5cfc | 0c44 8b4c | 2410 453b 
  0x0000018887c21840: cb0f 83f6 | 0300 004d | 8d0c fc44 | 8b5c 2410 | 4789 5499 | 1033 d2c4 | c1f9 7ed2 | 458b 5a10 
  0x0000018887c21860: 478b 54dc | 0c44 0354 | 2410 413b | c20f 8d23 | ffff ff3b | cd73 264d | 8d2c fc44 | 8bc8 41ba 
  0x0000018887c21880: 0100 0000 | e985 feff | ffc4 e1f9 | 7eca e9d7 | feff ffc4 | e1f9 7eca | e9cd feff | ff44 8bc8 
  0x0000018887c218a0: 41ba 0100 | 0000 eb16 | 0f1f 8400 | 0000 0000 | 442b 4c24 | 1045 8bd1 | 41ff c244 | 8bcf 453b 
  0x0000018887c218c0: d00f 832c | 0300 0045 | 3b64 dc10 | 0f84 9a04 | 0000 c4e1 | f97e d744 | 8b5f 1047 | 8b54 dc0c 
  0x0000018887c218e0: 4403 5424 | 104d 8b9f | 4803 0000 | 418b f9ff | c741 8503 | 413b fa7c | b7c4 e1f9 | 7eca e993 
  0x0000018887c21900: feff ffc5 | f877 4883 | c460 5d49 | 3ba7 4003 | 0000 0f87 | 5c0c 0000 | c344 895c | 2414 4489 
  0x0000018887c21920: 5424 10c5 | f96e dac4 | e1f9 6ece | c4c1 f96e | c148 8bd6 | e95d feff | ffc4 e1f9 | 7eca e914 
  0x0000018887c21940: ffff ff43 | 8b6c c418 | 85ed 0f84 | e807 0000 | 478b 4cc4 | 0841 81f9 | e0b1 1400 | 0f84 0208 
  0x0000018887c21960: 0000 4d8d | 04ec 418b | 480c 413b | cb74 1d45 | 8b48 184d | 8b87 4803 | 0000 4185 | 0045 85c9 
  0x0000018887c21980: 0f84 b207 | 0000 4f8d | 04cc ebda | 458b 4810 | 498b c948 | c1e1 0349 | 3bca 0f84 | 8cf1 ffff 
  0x0000018887c219a0: 410f be5a | 104c 3bd1 | 0f84 7ef1 | ffff 438b | 7ccc 0881 | ff70 e900 | 000f 8545 | 0900 0049 
  0x0000018887c219c0: c1e1 0341 | 0fbe 6910 | 3bdd 0f85 | 9408 0000 | 418b 7914 | 418b 5a14 | 458b 4cfc | 0c41 8b4c 
  0x0000018887c219e0: dc0c 413b | c90f 85d8 | 0000 004d | 8d0c fc49 | 8d74 fc10 | 4d8d 0cdc | 498d 7cdc | 1085 c90f 
  0x0000018887c21a00: 84a5 0000 | 008b c183 | e01f 83e1 | e00f 844b | 0000 0048 | 8d3c 0f48 | 8d34 0e48 | f7d9 c5fe 
  0x0000018887c21a20: 6f14 0fc5 | fe6f 0c0e | c5ed efd1 | c4e2 7d17 | d20f 857a | 0000 0048 | 83c1 2075 | e185 c00f 
  0x0000018887c21a40: 8465 0000 | 00c5 fe6f | 5407 e0c5 | fe6f 4c06 | e0c5 edef | d1c4 e27d | 17d2 7555 | eb4c 8bc8 
  0x0000018887c21a60: 83e1 fc74 | 1948 8d3c | 0f48 8d34 | 0e48 f7d9 | 8b1c 0f3b | 1c0e 7539 | 4883 c104 | 75f2 f7c0 
  0x0000018887c21a80: 0200 0000 | 7412 0fb7 | 1f0f b70e | 3bd9 7521 | 488d 7f02 | 488d 7602 | f7c0 0100 | 0000 740a 
  0x0000018887c21aa0: 0fb6 1f0f | b60e 3bd9 | 7507 b801 | 0000 00eb | 0233 c0c5 | edef d2c5 | f5ef c985 | c00f 8569 
  0x0000018887c21ac0: f0ff ffba | 45ff ffff | 488b 2c24 | 4489 3424 | 4c8b 4c24 | 104c 894c | 2408 c5fa | 1144 2404 
  0x0000018887c21ae0: c5fa 1164 | 2410 4c89 | 5424 184c | 8944 2420 | 4489 5c24 | 1466 6690 | c5f8 77e8 | 0008 43f8 
  0x0000018887c21b00: c57a 2cda | 4181 fb00 | 0000 8075 | 1048 83ec | 08c5 fa11 | 1424 e8d8 | f53d f841 | 5be9 e8f0 
  0x0000018887c21b20: ffff c57a | 2cd1 4181 | fa00 0000 | 8075 1048 | 83ec 08c5 | fa11 0c24 | e8b6 f53d | f841 5ae9 
  0x0000018887c21b40: 96f0 ffff | ffc6 bae4 | ffff ff48 | 8b2c 2444 | 8b5c 2408 | 4489 1c24 | 4c8b 5424 | 104c 8954 
  0x0000018887c21b60: 2408 448b | 5424 2044 | 8954 2404 | 448b 5c24 | 2444 895c | 2410 c5fb | 1144 2418 | 4c89 7424 
  0x0000018887c21b80: 2089 7424 | 144c 894c | 2428 894c | 2430 895c | 2434 6690 | c5f8 77e8 | 6407 43f8 | 4533 c033 
  0x0000018887c21ba0: d245 33db | e9fe edff | ff41 f7db | e94e f0ff | ff41 f7da | e916 f0ff | ff33 d241 | c642 1101 
  0x0000018887c21bc0: 4533 c045 | 33db e9dc | edff ff44 | 8b6c 2408 | 8b54 240c | 4d8b c644 | 8b54 2420 | 448b 5c24 
  0x0000018887c21be0: 24e9 9ff3 | ffff 4533 | c033 d245 | 33db e9b4 | edff ffba | 45ff ffff | c4e1 f97e | c5c5 fb11 
  0x0000018887c21c00: 0c24 c5fb | 1154 2408 | 894c 2418 | 4489 4c24 | 1c66 6690 | c5f8 77e8 | e406 43f8 | c4c1 796e 
  0x0000018887c21c20: daba e6ff | ffff 498b | ebc5 fa11 | 1c24 6690 | c5f8 77e8 | c806 43f8 | 4489 4c24 | 10ba e6ff 
  0x0000018887c21c40: ffff 8bef | 4489 5424 | 0466 6690 | c5f8 77e8 | ac06 43f8 | bae4 ffff | ff48 8b2c | 2444 8b5c 
  0x0000018887c21c60: 2408 4489 | 1c24 4c8b | 5c24 104c | 895c 2408 | 448b 5c24 | 2044 895c | 2404 448b | 4424 2444 
  0x0000018887c21c80: 8944 2410 | c5fb 1144 | 2418 c5fb | 1164 2420 | c5fa 117c | 2414 895c | 242c 4489 | 5424 30c5 
  0x0000018887c21ca0: fa11 5424 | 3466 6690 | c5f8 77e8 | 5006 43f8 | bae4 ffff | ff48 8b2c | 2444 8b54 | 2408 4489 
  0x0000018887c21cc0: 1424 4c8b | 5424 104c | 8954 2408 | 448b 5424 | 2044 8954 | 2404 448b | 5c24 2444 | 895c 2410 
  0x0000018887c21ce0: c5fb 1144 | 2418 c5fb | 1164 2420 | c5fa 117c | 2414 895c | 242c 895c | 2430 c5fa | 115c 2434 
  0x0000018887c21d00: c57a 1144 | 2438 6690 | c5f8 77e8 | f005 43f8 | bae4 ffff | ff48 8b2c | 2444 8b44 | 2408 4489 
  0x0000018887c21d20: 0424 4c8b | 5c24 104c | 895c 2408 | 448b 5c24 | 2044 895c | 2404 448b | 4424 2444 | 8944 2410 
  0x0000018887c21d40: c5fb 1144 | 2418 c5fb | 1164 2420 | c5fa 117c | 2414 895c | 242c 4489 | 5424 30c5 | 7a11 4424 
  0x0000018887c21d60: 3466 6690 | c5f8 77e8 | 9405 43f8 | baf6 ffff | ff66 6690 | c5f8 77e8 | 8405 43f8 | 4f8d 1cd4 
  0x0000018887c21d80: e99c feff | ffba f6ff | ffff 6690 | c5f8 77e8 | 6c05 43f8 | 418b 6cfc | 0cd1 fdff | c5ba 76ff 
  0x0000018887c21da0: ffff 448b | 5424 1844 | 8954 240c | 448b 5424 | 1c44 8954 | 2418 4889 | 4424 2844 | 8974 241c 
  0x0000018887c21dc0: c5f8 77e8 | 3805 43f8 | 8bdd 41bb | 0100 0000 | e928 f3ff | ff33 dbe9 | d9f7 ffff | 8bd8 e967 
  0x0000018887c21de0: f7ff ffba | deff ffff | 4489 4c24 | 08c5 fa11 | 4424 0cc5 | fa11 4c24 | 184c 8954 | 2420 6690 
  0x0000018887c21e00: c5f8 77e8 | f804 43f8 | bae4 ffff | ff48 8b2c | 2444 8934 | 244c 8b54 | 2410 4c89 | 5424 084c 
  0x0000018887c21e20: 8944 2418 | c5fa 1164 | 2404 c5fa | 1144 2420 | c5f8 77e8 | c804 43f8 | 4c8b 0c24 | 488b 7424 
  0x0000018887c21e40: 10ba beff | ffff 498b | e948 8934 | 2448 8944 | 2408 4489 | 5424 1044 | 895c 2418 | 4489 5c24 
  0x0000018887c21e60: 1c89 4c24 | 2066 6690 | c5f8 77e8 | 9004 43f8 | 4c8b 0c24 | 488b 7424 | 10eb c648 | 8b74 2410 
  0x0000018887c21e80: ebbf ba45 | ffff ff48 | 8b2c 2444 | 8934 2448 | 897c 2408 | c5fa 1144 | 2404 c5fa | 114c 2410 
  0x0000018887c21ea0: 4c89 5424 | 1844 894c | 2414 4489 | 4424 2490 | c5f8 77e8 | 4804 43f8 | ba45 ffff | ff4c 8b44 
  0x0000018887c21ec0: 2410 4c89 | 4424 0848 | 8944 2410 | 4489 5424 | 1844 895c | 241c 4489 | 6c24 2090 | c5f8 77e8 
  0x0000018887c21ee0: 1c04 43f8 | 448b 5424 | 28ba beff | ffff 488b | 2c24 448b | 5c24 0844 | 891c 244c | 8b5c 2410 
  0x0000018887c21f00: 4c89 5c24 | 0844 8b44 | 2420 4489 | 4424 0444 | 8b5c 2424 | 4489 5c24 | 1048 8944 | 2420 4489 
  0x0000018887c21f20: 5424 1490 | c5f8 77e8 | d403 43f8 | 448b 5424 | 28eb b644 | 8b54 2428 | ebaf bae4 | ffff ff44 
  0x0000018887c21f40: 896c 2408 | 4489 5424 | 0c44 895c | 2418 4c89 | 4424 2890 | c5f8 77e8 | a403 43f8 | babe ffff 
  0x0000018887c21f60: ff48 8b2c | 2444 8b5c | 2408 4489 | 1c24 4c8b | 5424 104c | 8954 2408 | 448b 5424 | 1844 8954 
  0x0000018887c21f80: 2404 448b | 5c24 1c44 | 895c 2410 | 4c8b 5424 | 204c 8954 | 2418 4889 | 4424 2090 | c5f8 77e8 
  0x0000018887c21fa0: 5c03 43f8 | bae4 ffff | ff48 8b2c | 2444 892c | 2448 8b4c | 2410 4889 | 4c24 0844 | 8954 2404 
  0x0000018887c21fc0: 4489 5c24 | 104c 8944 | 2420 4489 | 4c24 1490 | c5f8 77e8 | 2803 43f8 | ba76 ffff | ff44 8974 
  0x0000018887c21fe0: 2408 c5fa | 1144 240c | c5fa 114c | 2418 4489 | 4c24 1c44 | 8944 2428 | 4c89 5424 | 3089 4424 
  0x0000018887c22000: 2c66 6690 | c5f8 77e8 | f402 43f8 | be01 0000 | 0033 d2e9 | 6be9 ffff | 33f6 e927 | fbff ff33 
  0x0000018887c22020: f6ba e4ff | ffff 488b | 2c24 448b | 5424 0844 | 8914 244c | 8b54 2410 | 4c89 5424 | 0844 8b5c 
  0x0000018887c22040: 2420 4489 | 5c24 0444 | 8b54 2424 | 4489 5424 | 10c5 fb11 | 4424 184c | 8974 2428 | 8974 2430 
  0x0000018887c22060: c5f8 77e8 | 9802 43f8 | 33f6 bae4 | ffff ff44 | 8b54 2420 | 4489 5424 | 0c44 8b54 | 2424 4489 
  0x0000018887c22080: 5424 18c5 | fb11 4424 | 204c 8974 | 2428 894c | 2430 8974 | 2434 c5fa | 1154 243c | c5f8 77e8 
  0x0000018887c220a0: 5c02 43f8 | be03 0000 | 00c5 f97e | dfc4 e1f9 | 7ec8 4c8b | 6c24 18c5 | f97e e2eb | 05be 0100 
  0x0000018887c220c0: 0000 3bf7 | 0f8d 57ff | ffff 6690 | 3bf7 0f83 | 4dff ffff | c4c1 f97e | c245 8b5a | 1047 8b54 
  0x0000018887c220e0: dc0c 418b | 6cb6 1041 | 8bca 2b4c | 2438 ffc9 | 3bf2 0f83 | 72ff ffff | 418b 5cb0 | 1045 8b5c 
  0x0000018887c22100: ec0c 4d8d | 0cec 413b | cb0f 8337 | faff ff4d | 63da 4d2b | dd43 895c | 990c ffc6 | 413b f20f 
  0x0000018887c22120: 8d72 ebff | ff3b f77c | a3e9 f3fe | ffff be01 | 0000 00e9 | 0efa ffff | baf4 ffff | ff48 8b2c 
  0x0000018887c22140: 2444 8934 | 244c 8b54 | 2410 4c89 | 5424 08c5 | fa11 4424 | 04c5 fa11 | 6424 1090 | c5f8 77e8 
  0x0000018887c22160: 9c01 43f8 | ba45 ffff | ff44 8974 | 2408 c5fa | 1144 240c | c5fa 1164 | 2418 4c89 | 5424 2044 
  0x0000018887c22180: 8944 241c | 4489 5c24 | 2866 6690 | c5f8 77e8 | 6c01 43f8 | be02 0000 | 00e9 a8f9 | ffff be03 
  0x0000018887c221a0: 0000 00e9 | 9ef9 ffff | be04 0000 | 00e9 94f9 | ffff babe | ffff ff48 | 8b2c 2444 | 8b5c 2408 
  0x0000018887c221c0: 4489 1c24 | 4c8b 5424 | 104c 8954 | 2408 448b | 5424 2044 | 8954 2404 | 448b 5c24 | 2444 895c 
  0x0000018887c221e0: 2410 4c89 | 7424 2090 | c5f8 77e8 | 1001 43f8 | ba45 ffff | ff44 8974 | 2408 c5fa | 1144 240c 
  0x0000018887c22200: c5fa 1164 | 2418 4489 | 4424 1c44 | 895c 2428 | 4c89 5424 | 304c 894c | 2438 897c | 242c 6690 
  0x0000018887c22220: c5f8 77e8 | d800 43f8 | 4585 db40 | 0f95 c540 | 0fb6 ed83 | f501 ba45 | ffff ff44 | 8974 2408 
  0x0000018887c22240: c5fa 1144 | 240c c5fa | 114c 2418 | 4489 4c24 | 1c44 8944 | 2428 4c89 | 5424 3090 | c5f8 77e8 
  0x0000018887c22260: 9c00 43f8 | ba45 ffff | ff44 8974 | 2408 c5fa | 1144 240c | c5fa 1164 | 2418 4c89 | 4424 2844 
  0x0000018887c22280: 895c 241c | 4c89 5424 | 304c 894c | 2438 895c | 2440 6690 | c5f8 77e8 | 6400 43f8 | 418b f2e9 
  0x0000018887c222a0: a2f8 ffff | bade ffff | ff44 8974 | 2408 c5fa | 1144 240c | c5fa 1164 | 2418 6690 | c5f8 77e8 
  0x0000018887c222c0: 3c00 43f8 | bade ffff | ff48 8b2c | 2444 8934 | 2448 8b4c | 2410 4889 | 4c24 08c5 | fa11 4424 
  0x0000018887c222e0: 04c5 fa11 | 6424 1044 | 8944 2414 | 4489 5c24 | 204c 8954 | 2428 4489 | 4c24 3090 | c5f8 77e8 
  0x0000018887c22300: fcff 42f8 | bade ffff | ff48 8b2c | 2444 8934 | 2448 8b4c | 2410 4889 | 4c24 08c5 | fa11 4424 
  0x0000018887c22320: 04c5 fa11 | 6424 104c | 8944 2420 | 4489 5c24 | 144c 8954 | 2428 4489 | 4c24 3490 | c5f8 77e8 
  0x0000018887c22340: bcff 42f8 | baf6 ffff | ff8b e989 | 1c24 6690 | c5f8 77e8 | a8ff 42f8 | baf6 ffff | ff66 6690 
  0x0000018887c22360: c5f8 77e8 | 98ff 42f8 | c4c1 796e | daba f6ff | ffff c5f9 | 7edd 6690 | c5f8 77e8 | 80ff 42f8 
  0x0000018887c22380: 4489 4c24 | 10ba f6ff | ffff 4489 | 1424 6690 | c5f8 77e8 | 68ff 42f8 | baf6 ffff | ff66 6690 
  0x0000018887c223a0: c5f8 77e8 | 58ff 42f8 | ba76 ffff | ff48 8b2c | 2444 8b44 | 2408 4489 | 0424 4c8b | 5424 104c 
  0x0000018887c223c0: 8954 2408 | 448b 4424 | 2044 8944 | 2404 448b | 5424 2444 | 8954 2410 | 4889 4424 | 2044 895c 
  0x0000018887c223e0: 2414 4489 | 6c24 2890 | c5f8 77e8 | 10ff 42f8 | baf6 ffff | ff66 6690 | c5f8 77e8 | 00ff 42f8 
  0x0000018887c22400: 488b d0eb | 0848 8bd0 | eb03 488b | d0c5 f877 | 4883 c460 | 5de9 e6bb | 4df8 baf6 | ffff ff49 
  0x0000018887c22420: 8bea 6690 | c5f8 77e8 | d4fe 42f8 | baf6 ffff | ff66 6690 | c5f8 77e8 | c4fe 42f8 | 488b 7424 
  0x0000018887c22440: 10e9 fbf9 | ffff 488b | 7424 10e9 | f1f9 ffff | baf6 ffff | ff66 6690 | c5f8 77e8 | a0fe 42f8 
  0x0000018887c22460: baf6 ffff | ff66 6690 | c5f8 77e8 | 90fe 42f8 | ba45 ffff | ff48 8b2c | 2444 8934 | 2448 8b4c 
  0x0000018887c22480: 2410 4889 | 4c24 08c5 | fa11 4424 | 04c5 fa11 | 6424 1044 | 8944 2414 | 4489 5c24 | 2044 894c 
  0x0000018887c224a0: 2424 4c89 | 5424 2890 | c5f8 77e8 | 50fe 42f8 | baf6 ffff | ff66 6690 | c5f8 77e8 | 40fe 42f8 
  0x0000018887c224c0: baf6 ffff | ff66 6690 | c5f8 77e8 | 30fe 42f8 | ba76 ffff | ff48 8b2c | 2444 8b54 | 2408 4489 
  0x0000018887c224e0: 1424 4c8b | 5424 104c | 8954 2408 | 448b 5c24 | 2044 895c | 2404 448b | 5424 2444 | 8954 2410 
  0x0000018887c22500: 4c89 7424 | 2089 7424 | 2866 6690 | c5f8 77e8 | ecfd 42f8 | baf6 ffff | ff66 6690 | c5f8 77e8 
  0x0000018887c22520: dcfd 42f8 | baf6 ffff | ff66 6690 | c5f8 77e8 | ccfd 42f8 | ba45 ffff | ff48 8b2c | 2444 8934 
  0x0000018887c22540: 2448 8b4c | 2410 4889 | 4c24 08c5 | fa11 4424 | 04c5 fa11 | 6424 104c | 8944 2420 | 4489 5c24 
  0x0000018887c22560: 1444 894c | 2428 4c89 | 5424 3090 | c5f8 77e8 | 8cfd 42f8 | 49ba 0b19 | c287 8801 | 0000 4d89 
  0x0000018887c22580: 9758 0300 | 00e9 760e | 43f8 f4f4 | f4f4 f4f4 | f4f4 f4f4 | f4f4 f4f4 | f4f4 f4f4 | f4f4 f4f4 
  0x0000018887c225a0: e9db 254d | f8e8 0000 | 0000 4883 | 2c24 05e9 | ec00 43f8 | f4f4 f4f4 
[/MachCode]
--------------------------------------------------------------------------------


---------------  P R O C E S S  ---------------

Threads class SMR info:
_java_thread_list=0x000001889d37c5f0, length=22, elements={
0x0000018894f895f0, 0x0000018894f8b180, 0x0000018894fa3420, 0x0000018894fa3ce0,
0x0000018894fa45a0, 0x0000018894fa4e60, 0x0000018894fa9000, 0x0000018895908140,
0x0000018894fae100, 0x0000018895a175b0, 0x0000018895a2f2d0, 0x0000018895a3cdc0,
0x00000188ef799fd0, 0x0000018895c11220, 0x0000018895c39470, 0x0000018895c79760,
0x00000188964b6fc0, 0x0000018896506690, 0x0000018896507370, 0x0000018896516380,
0x0000018896a5d9c0, 0x000001889d37c950
}

Java Threads: ( => current thread )
  0x0000018894f895f0 JavaThread "Reference Handler" daemon [_thread_blocked, id=23204, stack(0x0000001833e00000,0x0000001833f00000)]
  0x0000018894f8b180 JavaThread "Finalizer" daemon [_thread_blocked, id=9272, stack(0x0000001833f00000,0x0000001834000000)]
  0x0000018894fa3420 JavaThread "Signal Dispatcher" daemon [_thread_blocked, id=24872, stack(0x0000001834000000,0x0000001834100000)]
  0x0000018894fa3ce0 JavaThread "Attach Listener" daemon [_thread_blocked, id=1356, stack(0x0000001834100000,0x0000001834200000)]
  0x0000018894fa45a0 JavaThread "Service Thread" daemon [_thread_blocked, id=19200, stack(0x0000001834200000,0x0000001834300000)]
  0x0000018894fa4e60 JavaThread "Monitor Deflation Thread" daemon [_thread_blocked, id=13256, stack(0x0000001834300000,0x0000001834400000)]
  0x0000018894fa9000 JavaThread "C2 CompilerThread0" daemon [_thread_blocked, id=20724, stack(0x0000001834400000,0x0000001834500000)]
  0x0000018895908140 JavaThread "C1 CompilerThread0" daemon [_thread_blocked, id=5864, stack(0x0000001834500000,0x0000001834600000)]
  0x0000018894fae100 JavaThread "Sweeper thread" daemon [_thread_blocked, id=3048, stack(0x0000001834600000,0x0000001834700000)]
  0x0000018895a175b0 JavaThread "C1 CompilerThread1" daemon [_thread_blocked, id=20260, stack(0x0000001834700000,0x0000001834800000)]
  0x0000018895a2f2d0 JavaThread "Notification Thread" daemon [_thread_blocked, id=1784, stack(0x0000001834900000,0x0000001834a00000)]
  0x0000018895a3cdc0 JavaThread "Common-Cleaner" daemon [_thread_blocked, id=23544, stack(0x0000001834b00000,0x0000001834c00000)]
  0x00000188ef799fd0 JavaThread "DestroyJavaVM" [_thread_blocked, id=17348, stack(0x0000001833700000,0x0000001833800000)]
  0x0000018895c11220 JavaThread "Java2D Disposer" daemon [_thread_blocked, id=20916, stack(0x0000001834d00000,0x0000001834e00000)]
  0x0000018895c39470 JavaThread "AWT-Shutdown" [_thread_blocked, id=19564, stack(0x0000001834f00000,0x0000001835000000)]
  0x0000018895c79760 JavaThread "AWT-Windows" daemon [_thread_in_native, id=5932, stack(0x0000001835000000,0x0000001835100000)]
  0x00000188964b6fc0 JavaThread "AWT-EventQueue-0" [_thread_blocked, id=26164, stack(0x0000001835d00000,0x0000001835e00000)]
=>0x0000018896506690 JavaThread "Thread-2" [_thread_in_Java, id=14988, stack(0x0000001835e00000,0x0000001835f00000)]
  0x0000018896507370 JavaThread "Thread-1" [_thread_in_Java, id=25768, stack(0x0000001835f00000,0x0000001836000000)]
  0x0000018896516380 JavaThread "D3D Screen Updater" daemon [_thread_blocked, id=9108, stack(0x0000001834c00000,0x0000001834d00000)]
  0x0000018896a5d9c0 JavaThread "C2 CompilerThread1" daemon [_thread_blocked, id=14764, stack(0x0000001834800000,0x0000001834900000)]
  0x000001889d37c950 JavaThread "C2 CompilerThread2" daemon [_thread_blocked, id=14008, stack(0x0000001836800000,0x0000001836900000)]

Other Threads:
  0x0000018894f83be0 VMThread "VM Thread" [stack: 0x0000001833d00000,0x0000001833e00000] [id=16592]
  0x00000188f18f1200 WatcherThread [stack: 0x0000001834a00000,0x0000001834b00000] [id=7420]
  0x00000188f18c7b90 GCTaskThread "GC Thread#0" [stack: 0x0000001833800000,0x0000001833900000] [id=7576]
  0x0000018896561cd0 GCTaskThread "GC Thread#1" [stack: 0x0000001834e00000,0x0000001834f00000] [id=25276]
  0x0000018896561f80 GCTaskThread "GC Thread#2" [stack: 0x0000001836000000,0x0000001836100000] [id=9992]
  0x0000018896562230 GCTaskThread "GC Thread#3" [stack: 0x0000001836100000,0x0000001836200000] [id=2888]
  0x00000188965624e0 GCTaskThread "GC Thread#4" [stack: 0x0000001836200000,0x0000001836300000] [id=12228]
  0x0000018896562790 GCTaskThread "GC Thread#5" [stack: 0x0000001836300000,0x0000001836400000] [id=1540]
  0x0000018896568e70 GCTaskThread "GC Thread#6" [stack: 0x0000001836400000,0x0000001836500000] [id=17664]
  0x0000018896569120 GCTaskThread "GC Thread#7" [stack: 0x0000001836500000,0x0000001836600000] [id=19776]
  0x000001889656c4a0 GCTaskThread "GC Thread#8" [stack: 0x0000001836600000,0x0000001836700000] [id=19016]
  0x0000018896576570 GCTaskThread "GC Thread#9" [stack: 0x0000001836700000,0x0000001836800000] [id=25136]
  0x00000188f18da090 ConcurrentGCThread "G1 Main Marker" [stack: 0x0000001833900000,0x0000001833a00000] [id=21324]
  0x00000188f18da9b0 ConcurrentGCThread "G1 Conc#0" [stack: 0x0000001833a00000,0x0000001833b00000] [id=16980]
  0x00000188f193e5a0 ConcurrentGCThread "G1 Refine#0" [stack: 0x0000001833b00000,0x0000001833c00000] [id=6244]
  0x0000018894e3c120 ConcurrentGCThread "G1 Service" [stack: 0x0000001833c00000,0x0000001833d00000] [id=10888]

Threads with active compile tasks:

VM state: not at safepoint (normal execution)

VM Mutex/Monitor currently owned by a thread: None

Heap address: 0x0000000709600000, size: 3946 MB, Compressed Oops mode: Zero based, Oop shift amount: 3

CDS archive(s) mapped at: [0x0000000800000000-0x0000000800bc0000-0x0000000800bc0000), size 12320768, SharedBaseAddress: 0x0000000800000000, ArchiveRelocationMode: 0.
Compressed class space mapped at: 0x0000000800c00000-0x0000000840c00000, reserved size: 1073741824
Narrow klass base: 0x0000000800000000, Narrow klass shift: 0, Narrow klass range: 0x100000000

GC Precious Log:
 CPUs: 16 total, 16 available
 Memory: 15776M
 Large Page Support: Disabled
 NUMA Support: Disabled
 Compressed Oops: Enabled (Zero based)
 Heap Region Size: 2M
 Heap Min Capacity: 8M
 Heap Initial Capacity: 248M
 Heap Max Capacity: 3946M
 Pre-touch: Disabled
 Parallel Workers: 13
 Concurrent Workers: 3
 Concurrent Refinement Workers: 13
 Periodic GC: Disabled

Heap:
 garbage-first heap   total 253952K, used 30894K [0x0000000709600000, 0x0000000800000000)
  region size 2048K, 15 young (30720K), 2 survivors (4096K)
 Metaspace       used 7223K, committed 7488K, reserved 1056768K
  class space    used 772K, committed 896K, reserved 1048576K

Heap Regions: E=young(eden), S=young(survivor), O=old, HS=humongous(starts), HC=humongous(continues), CS=collection set, F=free, OA=open archive, CA=closed archive, TAMS=top-at-mark-start (previous, next)
|   0|0x0000000709600000, 0x0000000709800000, 0x0000000709800000|100%|HS|  |TAMS 0x0000000709600000, 0x0000000709600000| Complete 
|   1|0x0000000709800000, 0x0000000709a00000, 0x0000000709a00000|100%|HC|  |TAMS 0x0000000709800000, 0x0000000709800000| Complete 
|   2|0x0000000709a00000, 0x0000000709a00000, 0x0000000709c00000|  0%| F|  |TAMS 0x0000000709a00000, 0x0000000709a00000| Untracked 
|   3|0x0000000709c00000, 0x0000000709c00000, 0x0000000709e00000|  0%| F|  |TAMS 0x0000000709c00000, 0x0000000709c00000| Untracked 
|   4|0x0000000709e00000, 0x0000000709e00000, 0x000000070a000000|  0%| F|  |TAMS 0x0000000709e00000, 0x0000000709e00000| Untracked 
|   5|0x000000070a000000, 0x000000070a000000, 0x000000070a200000|  0%| F|  |TAMS 0x000000070a000000, 0x000000070a000000| Untracked 
|   6|0x000000070a200000, 0x000000070a200000, 0x000000070a400000|  0%| F|  |TAMS 0x000000070a200000, 0x000000070a200000| Untracked 
|   7|0x000000070a400000, 0x000000070a400000, 0x000000070a600000|  0%| F|  |TAMS 0x000000070a400000, 0x000000070a400000| Untracked 
|   8|0x000000070a600000, 0x000000070a600000, 0x000000070a800000|  0%| F|  |TAMS 0x000000070a600000, 0x000000070a600000| Untracked 
|   9|0x000000070a800000, 0x000000070a800000, 0x000000070aa00000|  0%| F|  |TAMS 0x000000070a800000, 0x000000070a800000| Untracked 
|  10|0x000000070aa00000, 0x000000070aa00000, 0x000000070ac00000|  0%| F|  |TAMS 0x000000070aa00000, 0x000000070aa00000| Untracked 
|  11|0x000000070ac00000, 0x000000070ac00000, 0x000000070ae00000|  0%| F|  |TAMS 0x000000070ac00000, 0x000000070ac00000| Untracked 
|  12|0x000000070ae00000, 0x000000070ae00000, 0x000000070b000000|  0%| F|  |TAMS 0x000000070ae00000, 0x000000070ae00000| Untracked 
|  13|0x000000070b000000, 0x000000070b000000, 0x000000070b200000|  0%| F|  |TAMS 0x000000070b000000, 0x000000070b000000| Untracked 
|  14|0x000000070b200000, 0x000000070b200000, 0x000000070b400000|  0%| F|  |TAMS 0x000000070b200000, 0x000000070b200000| Untracked 
|  15|0x000000070b400000, 0x000000070b400000, 0x000000070b600000|  0%| F|  |TAMS 0x000000070b400000, 0x000000070b400000| Untracked 
|  16|0x000000070b600000, 0x000000070b600000, 0x000000070b800000|  0%| F|  |TAMS 0x000000070b600000, 0x000000070b600000| Untracked 
|  17|0x000000070b800000, 0x000000070b800000, 0x000000070ba00000|  0%| F|  |TAMS 0x000000070b800000, 0x000000070b800000| Untracked 
|  18|0x000000070ba00000, 0x000000070ba00000, 0x000000070bc00000|  0%| F|  |TAMS 0x000000070ba00000, 0x000000070ba00000| Untracked 
|  19|0x000000070bc00000, 0x000000070bc00000, 0x000000070be00000|  0%| F|  |TAMS 0x000000070bc00000, 0x000000070bc00000| Untracked 
|  20|0x000000070be00000, 0x000000070be00000, 0x000000070c000000|  0%| F|  |TAMS 0x000000070be00000, 0x000000070be00000| Untracked 
|  21|0x000000070c000000, 0x000000070c000000, 0x000000070c200000|  0%| F|  |TAMS 0x000000070c000000, 0x000000070c000000| Untracked 
|  22|0x000000070c200000, 0x000000070c200000, 0x000000070c400000|  0%| F|  |TAMS 0x000000070c200000, 0x000000070c200000| Untracked 
|  23|0x000000070c400000, 0x000000070c400000, 0x000000070c600000|  0%| F|  |TAMS 0x000000070c400000, 0x000000070c400000| Untracked 
|  24|0x000000070c600000, 0x000000070c600000, 0x000000070c800000|  0%| F|  |TAMS 0x000000070c600000, 0x000000070c600000| Untracked 
|  25|0x000000070c800000, 0x000000070c800000, 0x000000070ca00000|  0%| F|  |TAMS 0x000000070c800000, 0x000000070c800000| Untracked 
|  26|0x000000070ca00000, 0x000000070ca00000, 0x000000070cc00000|  0%| F|  |TAMS 0x000000070ca00000, 0x000000070ca00000| Untracked 
|  27|0x000000070cc00000, 0x000000070cc00000, 0x000000070ce00000|  0%| F|  |TAMS 0x000000070cc00000, 0x000000070cc00000| Untracked 
|  28|0x000000070ce00000, 0x000000070ce00000, 0x000000070d000000|  0%| F|  |TAMS 0x000000070ce00000, 0x000000070ce00000| Untracked 
|  29|0x000000070d000000, 0x000000070d000000, 0x000000070d200000|  0%| F|  |TAMS 0x000000070d000000, 0x000000070d000000| Untracked 
|  30|0x000000070d200000, 0x000000070d200000, 0x000000070d400000|  0%| F|  |TAMS 0x000000070d200000, 0x000000070d200000| Untracked 
|  31|0x000000070d400000, 0x000000070d400000, 0x000000070d600000|  0%| F|  |TAMS 0x000000070d400000, 0x000000070d400000| Untracked 
|  32|0x000000070d600000, 0x000000070d600000, 0x000000070d800000|  0%| F|  |TAMS 0x000000070d600000, 0x000000070d600000| Untracked 
|  33|0x000000070d800000, 0x000000070d800000, 0x000000070da00000|  0%| F|  |TAMS 0x000000070d800000, 0x000000070d800000| Untracked 
|  34|0x000000070da00000, 0x000000070da00000, 0x000000070dc00000|  0%| F|  |TAMS 0x000000070da00000, 0x000000070da00000| Untracked 
|  35|0x000000070dc00000, 0x000000070dc00000, 0x000000070de00000|  0%| F|  |TAMS 0x000000070dc00000, 0x000000070dc00000| Untracked 
|  36|0x000000070de00000, 0x000000070de00000, 0x000000070e000000|  0%| F|  |TAMS 0x000000070de00000, 0x000000070de00000| Untracked 
|  37|0x000000070e000000, 0x000000070e000000, 0x000000070e200000|  0%| F|  |TAMS 0x000000070e000000, 0x000000070e000000| Untracked 
|  38|0x000000070e200000, 0x000000070e200000, 0x000000070e400000|  0%| F|  |TAMS 0x000000070e200000, 0x000000070e200000| Untracked 
|  39|0x000000070e400000, 0x000000070e400000, 0x000000070e600000|  0%| F|  |TAMS 0x000000070e400000, 0x000000070e400000| Untracked 
|  40|0x000000070e600000, 0x000000070e600000, 0x000000070e800000|  0%| F|  |TAMS 0x000000070e600000, 0x000000070e600000| Untracked 
|  41|0x000000070e800000, 0x000000070e800000, 0x000000070ea00000|  0%| F|  |TAMS 0x000000070e800000, 0x000000070e800000| Untracked 
|  42|0x000000070ea00000, 0x000000070ea00000, 0x000000070ec00000|  0%| F|  |TAMS 0x000000070ea00000, 0x000000070ea00000| Untracked 
|  43|0x000000070ec00000, 0x000000070ec00000, 0x000000070ee00000|  0%| F|  |TAMS 0x000000070ec00000, 0x000000070ec00000| Untracked 
|  44|0x000000070ee00000, 0x000000070ee00000, 0x000000070f000000|  0%| F|  |TAMS 0x000000070ee00000, 0x000000070ee00000| Untracked 
|  45|0x000000070f000000, 0x000000070f000000, 0x000000070f200000|  0%| F|  |TAMS 0x000000070f000000, 0x000000070f000000| Untracked 
|  46|0x000000070f200000, 0x000000070f200000, 0x000000070f400000|  0%| F|  |TAMS 0x000000070f200000, 0x000000070f200000| Untracked 
|  47|0x000000070f400000, 0x000000070f400000, 0x000000070f600000|  0%| F|  |TAMS 0x000000070f400000, 0x000000070f400000| Untracked 
|  48|0x000000070f600000, 0x000000070f600000, 0x000000070f800000|  0%| F|  |TAMS 0x000000070f600000, 0x000000070f600000| Untracked 
|  49|0x000000070f800000, 0x000000070f800000, 0x000000070fa00000|  0%| F|  |TAMS 0x000000070f800000, 0x000000070f800000| Untracked 
|  50|0x000000070fa00000, 0x000000070fa00000, 0x000000070fc00000|  0%| F|  |TAMS 0x000000070fa00000, 0x000000070fa00000| Untracked 
|  51|0x000000070fc00000, 0x000000070fc00000, 0x000000070fe00000|  0%| F|  |TAMS 0x000000070fc00000, 0x000000070fc00000| Untracked 
|  52|0x000000070fe00000, 0x000000070fe00000, 0x0000000710000000|  0%| F|  |TAMS 0x000000070fe00000, 0x000000070fe00000| Untracked 
|  53|0x0000000710000000, 0x0000000710000000, 0x0000000710200000|  0%| F|  |TAMS 0x0000000710000000, 0x0000000710000000| Untracked 
|  54|0x0000000710200000, 0x0000000710200000, 0x0000000710400000|  0%| F|  |TAMS 0x0000000710200000, 0x0000000710200000| Untracked 
|  55|0x0000000710400000, 0x0000000710400000, 0x0000000710600000|  0%| F|  |TAMS 0x0000000710400000, 0x0000000710400000| Untracked 
|  56|0x0000000710600000, 0x0000000710600000, 0x0000000710800000|  0%| F|  |TAMS 0x0000000710600000, 0x0000000710600000| Untracked 
|  57|0x0000000710800000, 0x0000000710800000, 0x0000000710a00000|  0%| F|  |TAMS 0x0000000710800000, 0x0000000710800000| Untracked 
|  58|0x0000000710a00000, 0x0000000710a00000, 0x0000000710c00000|  0%| F|  |TAMS 0x0000000710a00000, 0x0000000710a00000| Untracked 
|  59|0x0000000710c00000, 0x0000000710c00000, 0x0000000710e00000|  0%| F|  |TAMS 0x0000000710c00000, 0x0000000710c00000| Untracked 
|  60|0x0000000710e00000, 0x0000000710e00000, 0x0000000711000000|  0%| F|  |TAMS 0x0000000710e00000, 0x0000000710e00000| Untracked 
|  61|0x0000000711000000, 0x0000000711000000, 0x0000000711200000|  0%| F|  |TAMS 0x0000000711000000, 0x0000000711000000| Untracked 
|  62|0x0000000711200000, 0x0000000711200000, 0x0000000711400000|  0%| F|  |TAMS 0x0000000711200000, 0x0000000711200000| Untracked 
|  63|0x0000000711400000, 0x0000000711400000, 0x0000000711600000|  0%| F|  |TAMS 0x0000000711400000, 0x0000000711400000| Untracked 
|  64|0x0000000711600000, 0x0000000711600000, 0x0000000711800000|  0%| F|  |TAMS 0x0000000711600000, 0x0000000711600000| Untracked 
|  65|0x0000000711800000, 0x0000000711800000, 0x0000000711a00000|  0%| F|  |TAMS 0x0000000711800000, 0x0000000711800000| Untracked 
|  66|0x0000000711a00000, 0x0000000711a00000, 0x0000000711c00000|  0%| F|  |TAMS 0x0000000711a00000, 0x0000000711a00000| Untracked 
|  67|0x0000000711c00000, 0x0000000711c00000, 0x0000000711e00000|  0%| F|  |TAMS 0x0000000711c00000, 0x0000000711c00000| Untracked 
|  68|0x0000000711e00000, 0x0000000711e00000, 0x0000000712000000|  0%| F|  |TAMS 0x0000000711e00000, 0x0000000711e00000| Untracked 
|  69|0x0000000712000000, 0x0000000712000000, 0x0000000712200000|  0%| F|  |TAMS 0x0000000712000000, 0x0000000712000000| Untracked 
|  70|0x0000000712200000, 0x0000000712200000, 0x0000000712400000|  0%| F|  |TAMS 0x0000000712200000, 0x0000000712200000| Untracked 
|  71|0x0000000712400000, 0x0000000712400000, 0x0000000712600000|  0%| F|  |TAMS 0x0000000712400000, 0x0000000712400000| Untracked 
|  72|0x0000000712600000, 0x0000000712600000, 0x0000000712800000|  0%| F|  |TAMS 0x0000000712600000, 0x0000000712600000| Untracked 
|  73|0x0000000712800000, 0x0000000712800000, 0x0000000712a00000|  0%| F|  |TAMS 0x0000000712800000, 0x0000000712800000| Untracked 
|  74|0x0000000712a00000, 0x0000000712a00000, 0x0000000712c00000|  0%| F|  |TAMS 0x0000000712a00000, 0x0000000712a00000| Untracked 
|  75|0x0000000712c00000, 0x0000000712c00000, 0x0000000712e00000|  0%| F|  |TAMS 0x0000000712c00000, 0x0000000712c00000| Untracked 
|  76|0x0000000712e00000, 0x0000000712e00000, 0x0000000713000000|  0%| F|  |TAMS 0x0000000712e00000, 0x0000000712e00000| Untracked 
|  77|0x0000000713000000, 0x0000000713000000, 0x0000000713200000|  0%| F|  |TAMS 0x0000000713000000, 0x0000000713000000| Untracked 
|  78|0x0000000713200000, 0x0000000713200000, 0x0000000713400000|  0%| F|  |TAMS 0x0000000713200000, 0x0000000713200000| Untracked 
|  79|0x0000000713400000, 0x0000000713400000, 0x0000000713600000|  0%| F|  |TAMS 0x0000000713400000, 0x0000000713400000| Untracked 
|  80|0x0000000713600000, 0x0000000713600000, 0x0000000713800000|  0%| F|  |TAMS 0x0000000713600000, 0x0000000713600000| Untracked 
|  81|0x0000000713800000, 0x0000000713800000, 0x0000000713a00000|  0%| F|  |TAMS 0x0000000713800000, 0x0000000713800000| Untracked 
|  82|0x0000000713a00000, 0x0000000713a00000, 0x0000000713c00000|  0%| F|  |TAMS 0x0000000713a00000, 0x0000000713a00000| Untracked 
|  83|0x0000000713c00000, 0x0000000713c00000, 0x0000000713e00000|  0%| F|  |TAMS 0x0000000713c00000, 0x0000000713c00000| Untracked 
|  84|0x0000000713e00000, 0x0000000713e00000, 0x0000000714000000|  0%| F|  |TAMS 0x0000000713e00000, 0x0000000713e00000| Untracked 
|  85|0x0000000714000000, 0x0000000714000000, 0x0000000714200000|  0%| F|  |TAMS 0x0000000714000000, 0x0000000714000000| Untracked 
|  86|0x0000000714200000, 0x0000000714200000, 0x0000000714400000|  0%| F|  |TAMS 0x0000000714200000, 0x0000000714200000| Untracked 
|  87|0x0000000714400000, 0x0000000714400000, 0x0000000714600000|  0%| F|  |TAMS 0x0000000714400000, 0x0000000714400000| Untracked 
|  88|0x0000000714600000, 0x0000000714600000, 0x0000000714800000|  0%| F|  |TAMS 0x0000000714600000, 0x0000000714600000| Untracked 
|  89|0x0000000714800000, 0x0000000714800000, 0x0000000714a00000|  0%| F|  |TAMS 0x0000000714800000, 0x0000000714800000| Untracked 
|  90|0x0000000714a00000, 0x0000000714a00000, 0x0000000714c00000|  0%| F|  |TAMS 0x0000000714a00000, 0x0000000714a00000| Untracked 
|  91|0x0000000714c00000, 0x0000000714c00000, 0x0000000714e00000|  0%| F|  |TAMS 0x0000000714c00000, 0x0000000714c00000| Untracked 
|  92|0x0000000714e00000, 0x0000000714e00000, 0x0000000715000000|  0%| F|  |TAMS 0x0000000714e00000, 0x0000000714e00000| Untracked 
|  93|0x0000000715000000, 0x0000000715000000, 0x0000000715200000|  0%| F|  |TAMS 0x0000000715000000, 0x0000000715000000| Untracked 
|  94|0x0000000715200000, 0x0000000715200000, 0x0000000715400000|  0%| F|  |TAMS 0x0000000715200000, 0x0000000715200000| Untracked 
|  95|0x0000000715400000, 0x0000000715400000, 0x0000000715600000|  0%| F|  |TAMS 0x0000000715400000, 0x0000000715400000| Untracked 
|  96|0x0000000715600000, 0x0000000715600000, 0x0000000715800000|  0%| F|  |TAMS 0x0000000715600000, 0x0000000715600000| Untracked 
|  97|0x0000000715800000, 0x0000000715800000, 0x0000000715a00000|  0%| F|  |TAMS 0x0000000715800000, 0x0000000715800000| Untracked 
|  98|0x0000000715a00000, 0x0000000715a00000, 0x0000000715c00000|  0%| F|  |TAMS 0x0000000715a00000, 0x0000000715a00000| Untracked 
|  99|0x0000000715c00000, 0x0000000715c00000, 0x0000000715e00000|  0%| F|  |TAMS 0x0000000715c00000, 0x0000000715c00000| Untracked 
| 100|0x0000000715e00000, 0x0000000715e00000, 0x0000000716000000|  0%| F|  |TAMS 0x0000000715e00000, 0x0000000715e00000| Untracked 
| 101|0x0000000716000000, 0x0000000716000000, 0x0000000716200000|  0%| F|  |TAMS 0x0000000716000000, 0x0000000716000000| Untracked 
| 102|0x0000000716200000, 0x0000000716200000, 0x0000000716400000|  0%| F|  |TAMS 0x0000000716200000, 0x0000000716200000| Untracked 
| 103|0x0000000716400000, 0x0000000716400000, 0x0000000716600000|  0%| F|  |TAMS 0x0000000716400000, 0x0000000716400000| Untracked 
| 104|0x0000000716600000, 0x0000000716600000, 0x0000000716800000|  0%| F|  |TAMS 0x0000000716600000, 0x0000000716600000| Untracked 
| 105|0x0000000716800000, 0x0000000716800000, 0x0000000716a00000|  0%| F|  |TAMS 0x0000000716800000, 0x0000000716800000| Untracked 
| 106|0x0000000716a00000, 0x0000000716a00000, 0x0000000716c00000|  0%| F|  |TAMS 0x0000000716a00000, 0x0000000716a00000| Untracked 
| 107|0x0000000716c00000, 0x0000000716c00000, 0x0000000716e00000|  0%| F|  |TAMS 0x0000000716c00000, 0x0000000716c00000| Untracked 
| 108|0x0000000716e00000, 0x0000000716e00000, 0x0000000717000000|  0%| F|  |TAMS 0x0000000716e00000, 0x0000000716e00000| Untracked 
| 109|0x0000000717000000, 0x0000000717146600, 0x0000000717200000| 63%| E|  |TAMS 0x0000000717000000, 0x0000000717000000| Complete 
| 110|0x0000000717200000, 0x0000000717400000, 0x0000000717400000|100%| E|CS|TAMS 0x0000000717200000, 0x0000000717200000| Complete 
| 111|0x0000000717400000, 0x000000071742b990, 0x0000000717600000|  8%| S|CS|TAMS 0x0000000717400000, 0x0000000717400000| Complete 
| 112|0x0000000717600000, 0x0000000717800000, 0x0000000717800000|100%| S|CS|TAMS 0x0000000717600000, 0x0000000717600000| Complete 
| 113|0x0000000717800000, 0x0000000717a00000, 0x0000000717a00000|100%| E|CS|TAMS 0x0000000717800000, 0x0000000717800000| Complete 
| 114|0x0000000717a00000, 0x0000000717c00000, 0x0000000717c00000|100%| E|CS|TAMS 0x0000000717a00000, 0x0000000717a00000| Complete 
| 115|0x0000000717c00000, 0x0000000717e00000, 0x0000000717e00000|100%| E|CS|TAMS 0x0000000717c00000, 0x0000000717c00000| Complete 
| 116|0x0000000717e00000, 0x0000000718000000, 0x0000000718000000|100%| E|CS|TAMS 0x0000000717e00000, 0x0000000717e00000| Complete 
| 117|0x0000000718000000, 0x0000000718200000, 0x0000000718200000|100%| E|CS|TAMS 0x0000000718000000, 0x0000000718000000| Complete 
| 118|0x0000000718200000, 0x0000000718400000, 0x0000000718400000|100%| E|CS|TAMS 0x0000000718200000, 0x0000000718200000| Complete 
| 119|0x0000000718400000, 0x0000000718600000, 0x0000000718600000|100%| E|CS|TAMS 0x0000000718400000, 0x0000000718400000| Complete 
| 120|0x0000000718600000, 0x0000000718800000, 0x0000000718800000|100%| E|CS|TAMS 0x0000000718600000, 0x0000000718600000| Complete 
| 121|0x0000000718800000, 0x0000000718a00000, 0x0000000718a00000|100%| E|CS|TAMS 0x0000000718800000, 0x0000000718800000| Complete 
| 122|0x0000000718a00000, 0x0000000718c00000, 0x0000000718c00000|100%| E|CS|TAMS 0x0000000718a00000, 0x0000000718a00000| Complete 
| 123|0x0000000718c00000, 0x0000000718e00000, 0x0000000718e00000|100%| E|CS|TAMS 0x0000000718c00000, 0x0000000718c00000| Complete 

Card table byte_map: [0x00000188fa390000,0x00000188fab50000] _byte_map_base: 0x00000188f6b45000

Marking Bits (Prev, Next): (CMBitMap*) 0x00000188f18ca0d0, (CMBitMap*) 0x00000188f18ca110
 Prev Bits: [0x00000188fb310000, 0x00000188ff0b8000)
 Next Bits: [0x000001888f000000, 0x0000018892da8000)

Polling page: 0x00000188ef840000

Metaspace:

Usage:
  Non-class:      6.30 MB used.
      Class:    772.71 KB used.
       Both:      7.05 MB used.

Virtual space:
  Non-class space:        8.00 MB reserved,       6.44 MB ( 80%) committed,  1 nodes.
      Class space:        1.00 GB reserved,     896.00 KB ( <1%) committed,  1 nodes.
             Both:        1.01 GB reserved,       7.31 MB ( <1%) committed. 

Chunk freelists:
   Non-Class:  880.00 KB
       Class:  3.10 MB
        Both:  3.96 MB

MaxMetaspaceSize: unlimited
CompressedClassSpaceSize: 1.00 GB
Initial GC threshold: 21.00 MB
Current GC threshold: 21.00 MB
CDS: on
MetaspaceReclaimPolicy: balanced
 - commit_granule_bytes: 65536.
 - commit_granule_words: 8192.
 - virtual_space_node_default_size: 1048576.
 - enlarge_chunks_in_place: 1.
 - new_chunks_are_fully_committed: 0.
 - uncommit_free_chunks: 1.
 - use_allocation_guard: 0.
 - handle_deallocations: 1.


Internal statistics:

num_allocs_failed_limit: 0.
num_arena_births: 128.
num_arena_deaths: 0.
num_vsnodes_births: 2.
num_vsnodes_deaths: 0.
num_space_committed: 117.
num_space_uncommitted: 0.
num_chunks_returned_to_freelist: 0.
num_chunks_taken_from_freelist: 181.
num_chunk_merges: 0.
num_chunk_splits: 107.
num_chunks_enlarged: 50.
num_purges: 0.
num_inconsistent_stats: 0.

CodeHeap 'non-profiled nmethods': size=119168Kb used=525Kb max_used=525Kb free=118642Kb
 bounds [0x0000018887ba0000, 0x0000018887e10000, 0x000001888f000000]
CodeHeap 'profiled nmethods': size=119104Kb used=2035Kb max_used=2035Kb free=117069Kb
 bounds [0x0000018880750000, 0x00000188809c0000, 0x0000018887ba0000]
CodeHeap 'non-nmethods': size=7488Kb used=1822Kb max_used=2399Kb free=5665Kb
 bounds [0x0000018880000000, 0x0000018880270000, 0x0000018880750000]
 total_blobs=1884 nmethods=1305 adapters=491
 compilation: enabled
              stopped_count=0, restarted_count=0
 full_count=0

Compilation events (20 events):
Event: 3.651 Thread 0x0000018895908140 nmethod 1295 0x0000018880947590 code [0x0000018880947760, 0x0000018880947b28]
Event: 3.651 Thread 0x0000018895908140 1297       3       summit.gfx.Light::paint (21 bytes)
Event: 3.652 Thread 0x0000018895908140 nmethod 1297 0x0000018880947d90 code [0x0000018880947f40, 0x0000018880948108]
Event: 3.655 Thread 0x0000018896a5d9c0 nmethod 1293% 0x0000018887c1d910 code [0x0000018887c1daa0, 0x0000018887c1ded8]
Event: 3.656 Thread 0x000001889d37c950 nmethod 1296 0x0000018887c1e110 code [0x0000018887c1e2e0, 0x0000018887c1e758]
Event: 3.664 Thread 0x0000018896a5d9c0 1298       4       summit.gfx.Renderer::rotate (62 bytes)
Event: 3.667 Thread 0x0000018895a175b0 1299       3       summit.gfx.PaintEvent::renderLater (10 bytes)
Event: 3.667 Thread 0x0000018895a175b0 nmethod 1299 0x0000018880948210 code [0x0000018880948400, 0x0000018880948a88]
Event: 3.674 Thread 0x000001889d37c950 1300 %     4       summit.gfx.Renderer::filterFrame @ 10 (57 bytes)
Event: 3.675 Thread 0x0000018895908140 1301       3       summit.gui.menu.Container::getX (9 bytes)
Event: 3.675 Thread 0x0000018895908140 nmethod 1301 0x0000018880948d90 code [0x0000018880948f20, 0x00000188809490f8]
Event: 3.675 Thread 0x0000018896a5d9c0 nmethod 1298 0x0000018887c1ea90 code [0x0000018887c1ec20, 0x0000018887c1f198]
Event: 3.681 Thread 0x000001889d37c950 nmethod 1300% 0x0000018887c1f490 code [0x0000018887c1f620, 0x0000018887c1fc58]
Event: 3.682 Thread 0x0000018895908140 1302       3       summit.game.tile.WaterTile::paint (48 bytes)
Event: 3.682 Thread 0x0000018895908140 nmethod 1302 0x0000018880949210 code [0x0000018880949480, 0x0000018880949ff8]
Event: 3.692 Thread 0x000001889d37c950 1303       4       summit.gfx.Renderer::filterFrame (57 bytes)
Event: 3.695 Thread 0x000001889d37c950 nmethod 1303 0x0000018887c1ff10 code [0x0000018887c200a0, 0x0000018887c20318]
Event: 3.696 Thread 0x0000018894fa9000 nmethod 1292 0x0000018887c20590 code [0x0000018887c207a0, 0x0000018887c225b8]
Event: 3.698 Thread 0x0000018895a175b0 1304       3       java.awt.EventQueue::getPriority (78 bytes)
Event: 3.698 Thread 0x0000018895908140 1305       3       java.awt.EventQueue::postEvent (172 bytes)

GC Heap History (2 events):
Event: 2.075 GC heap before
{Heap before GC invocations=0 (full 0):
 garbage-first heap   total 253952K, used 26624K [0x0000000709600000, 0x0000000800000000)
  region size 2048K, 11 young (22528K), 0 survivors (0K)
 Metaspace       used 6909K, committed 7168K, reserved 1056768K
  class space    used 726K, committed 832K, reserved 1048576K
}
Event: 2.077 GC heap after
{Heap after GC invocations=1 (full 0):
 garbage-first heap   total 253952K, used 6318K [0x0000000709600000, 0x0000000800000000)
  region size 2048K, 2 young (4096K), 2 survivors (4096K)
 Metaspace       used 6909K, committed 7168K, reserved 1056768K
  class space    used 726K, committed 832K, reserved 1048576K
}

Deoptimization events (20 events):
Event: 3.654 Thread 0x0000018896506690 DEOPT PACKING pc=0x0000018880945222 sp=0x0000001835efef30
Event: 3.654 Thread 0x0000018896506690 DEOPT UNPACKING pc=0x0000018880052b43 sp=0x0000001835efe3d8 mode 0
Event: 3.655 Thread 0x0000018896506690 DEOPT PACKING pc=0x0000018880945222 sp=0x0000001835efef30
Event: 3.655 Thread 0x0000018896506690 DEOPT UNPACKING pc=0x0000018880052b43 sp=0x0000001835efe3d8 mode 0
Event: 3.655 Thread 0x0000018896506690 DEOPT PACKING pc=0x0000018880945222 sp=0x0000001835efef30
Event: 3.655 Thread 0x0000018896506690 DEOPT UNPACKING pc=0x0000018880052b43 sp=0x0000001835efe3d8 mode 0
Event: 3.655 Thread 0x0000018896506690 DEOPT PACKING pc=0x0000018880945222 sp=0x0000001835efef30
Event: 3.655 Thread 0x0000018896506690 DEOPT UNPACKING pc=0x0000018880052b43 sp=0x0000001835efe3d8 mode 0
Event: 3.655 Thread 0x0000018896506690 DEOPT PACKING pc=0x0000018880945222 sp=0x0000001835efef30
Event: 3.655 Thread 0x0000018896506690 DEOPT UNPACKING pc=0x0000018880052b43 sp=0x0000001835efe3d8 mode 0
Event: 3.656 Thread 0x0000018896506690 DEOPT PACKING pc=0x0000018880945222 sp=0x0000001835efef30
Event: 3.656 Thread 0x0000018896506690 DEOPT UNPACKING pc=0x0000018880052b43 sp=0x0000001835efe3d8 mode 0
Event: 3.656 Thread 0x0000018896506690 DEOPT PACKING pc=0x0000018880945222 sp=0x0000001835efef30
Event: 3.656 Thread 0x0000018896506690 DEOPT UNPACKING pc=0x0000018880052b43 sp=0x0000001835efe3d8 mode 0
Event: 3.664 Thread 0x0000018896506690 DEOPT PACKING pc=0x000001888094699d sp=0x0000001835efebd0
Event: 3.664 Thread 0x0000018896506690 DEOPT UNPACKING pc=0x0000018880052b43 sp=0x0000001835efe060 mode 0
Event: 3.670 Thread 0x0000018896506690 DEOPT PACKING pc=0x000001888094699d sp=0x0000001835efec60
Event: 3.670 Thread 0x0000018896506690 DEOPT UNPACKING pc=0x0000018880052b43 sp=0x0000001835efe0f0 mode 0
Event: 3.692 Thread 0x0000018896506690 DEOPT PACKING pc=0x0000018880947a57 sp=0x0000001835efeff0
Event: 3.692 Thread 0x0000018896506690 DEOPT UNPACKING pc=0x0000018880052b43 sp=0x0000001835efe498 mode 0

Classes unloaded (0 events):
No events

Classes redefined (0 events):
No events

Internal exceptions (14 events):
Event: 0.053 Thread 0x0000018895a3de80 Exception <a 'java/lang/ClassNotFoundException'{0x0000000718a2b390}: sun/awt/resources/spi/awtProvider> (0x0000000718a2b390) 
thrown [s\src\hotspot\share\classfile\systemDictionary.cpp, line 256]
Event: 0.072 Thread 0x0000018895a3de80 Exception <a 'java/io/FileNotFoundException'{0x0000000718b65908}> (0x0000000718b65908) 
thrown [s\src\hotspot\share\prims\jni.cpp, line 516]
Event: 0.078 Thread 0x0000018895a3de80 Exception <a 'java/io/FileNotFoundException'{0x0000000718b92860}> (0x0000000718b92860) 
thrown [s\src\hotspot\share\prims\jni.cpp, line 516]
Event: 0.092 Thread 0x0000018895a3de80 Exception <a 'java/lang/NoSuchMethodError'{0x0000000718bc8238}: 'java.lang.Object java.lang.invoke.DirectMethodHandle$Holder.invokeStaticInit(java.lang.Object)'> (0x0000000718bc8238) 
thrown [s\src\hotspot\share\interpreter\linkResolver.cpp, line 759]
Event: 0.251 Thread 0x0000018895a3de80 Exception <a 'java/lang/NoSuchMethodError'{0x0000000718766b80}: 'void java.lang.invoke.DirectMethodHandle$Holder.invokeSpecial(java.lang.Object, java.lang.Object, java.lang.Object)'> (0x0000000718766b80) 
thrown [s\src\hotspot\share\interpreter\linkResolver.cpp, line 759]
Event: 0.257 Thread 0x0000018895a3de80 Exception <a 'java/lang/NoSuchMethodError'{0x0000000718790e18}: 'java.lang.Object java.lang.invoke.DirectMethodHandle$Holder.newInvokeSpecial(java.lang.Object, java.lang.Object, java.lang.Object, java.lang.Object, java.lang.Object)'> (0x0000000718790e18) 
thrown [s\src\hotspot\share\interpreter\linkResolver.cpp, line 759]
Event: 0.258 Thread 0x0000018895a3de80 Exception <a 'java/lang/NoSuchMethodError'{0x000000071879c7e0}: 'java.lang.Object java.lang.invoke.DirectMethodHandle$Holder.invokeStatic(java.lang.Object, int, java.lang.Object, java.lang.Object, java.lang.Object, java.lang.Object)'> (0x000000071879c7e0) 
thrown [s\src\hotspot\share\interpreter\linkResolver.cpp, line 759]
Event: 0.261 Thread 0x0000018895a3de80 Exception <a 'java/lang/NoSuchMethodError'{0x00000007187c1f00}: 'java.lang.Object java.lang.invoke.DirectMethodHandle$Holder.invokeStatic(java.lang.Object, int, java.lang.Object)'> (0x00000007187c1f00) 
thrown [s\src\hotspot\share\interpreter\linkResolver.cpp, line 759]
Event: 0.280 Thread 0x0000018895a3de80 Exception <a 'java/lang/ClassNotFoundException'{0x000000071847a288}: com/sun/swing/internal/plaf/metal/resources/spi/metalProvider> (0x000000071847a288) 
thrown [s\src\hotspot\share\classfile\systemDictionary.cpp, line 256]
Event: 0.281 Thread 0x0000018895a3de80 Exception <a 'java/lang/ClassNotFoundException'{0x000000071847e110}: com/sun/swing/internal/plaf/basic/resources/spi/basicProvider> (0x000000071847e110) 
thrown [s\src\hotspot\share\classfile\systemDictionary.cpp, line 256]
Event: 0.292 Thread 0x0000018895c79760 Exception <a 'java/lang/NoSuchMethodError'{0x0000000718680998}: 'void java.lang.invoke.DirectMethodHandle$Holder.invokeVirtual(java.lang.Object, java.lang.Object)'> (0x0000000718680998) 
thrown [s\src\hotspot\share\interpreter\linkResolver.cpp, line 759]
Event: 0.303 Thread 0x0000018895a3de80 Exception <a 'java/lang/NoSuchMethodError'{0x00000007184bc138}: 'void java.lang.invoke.DirectMethodHandle$Holder.invokeStaticInit(java.lang.Object)'> (0x00000007184bc138) 
thrown [s\src\hotspot\share\interpreter\linkResolver.cpp, line 759]
Event: 3.592 Thread 0x00000188964b6fc0 Implicit null exception at 0x0000018887c0c055 to 0x0000018887c0c124
Event: 3.592 Thread 0x00000188964b6fc0 Implicit null exception at 0x0000018887c0cd07 to 0x0000018887c0cf34

VM Operations (16 events):
Event: 0.040 Executing VM operation: HandshakeAllThreads
Event: 0.040 Executing VM operation: HandshakeAllThreads done
Event: 0.280 Executing VM operation: HandshakeAllThreads
Event: 0.280 Executing VM operation: HandshakeAllThreads done
Event: 0.320 Executing VM operation: HandshakeAllThreads
Event: 0.320 Executing VM operation: HandshakeAllThreads done
Event: 0.346 Executing VM operation: HandshakeAllThreads
Event: 0.346 Executing VM operation: HandshakeAllThreads done
Event: 1.354 Executing VM operation: Cleanup
Event: 1.354 Executing VM operation: Cleanup done
Event: 2.075 Executing VM operation: G1CollectForAllocation
Event: 2.077 Executing VM operation: G1CollectForAllocation done
Event: 3.090 Executing VM operation: Cleanup
Event: 3.090 Executing VM operation: Cleanup done
Event: 3.579 Executing VM operation: HandshakeAllThreads
Event: 3.579 Executing VM operation: HandshakeAllThreads done

Events (20 events):
Event: 3.066 loading class javax/swing/JComponent$IntVector
Event: 3.066 loading class javax/swing/JComponent$IntVector done
Event: 3.066 loading class java/applet/Applet
Event: 3.066 loading class java/awt/Panel
Event: 3.066 loading class java/awt/Panel done
Event: 3.066 loading class java/applet/Applet done
Event: 3.066 loading class javax/swing/JInternalFrame
Event: 3.066 loading class javax/swing/JInternalFrame done
Event: 3.066 loading class javax/swing/KeyboardManager
Event: 3.067 loading class javax/swing/KeyboardManager done
Event: 3.067 loading class javax/swing/Popup$HeavyWeightWindow
Event: 3.067 loading class sun/awt/ModalExclude
Event: 3.067 loading class sun/awt/ModalExclude done
Event: 3.067 loading class javax/swing/JWindow
Event: 3.067 loading class javax/swing/JWindow done
Event: 3.067 loading class javax/swing/Popup$HeavyWeightWindow done
Event: 3.585 loading class java/lang/Math$RandomNumberGeneratorHolder
Event: 3.585 loading class java/lang/Math$RandomNumberGeneratorHolder done
Event: 3.589 Thread 0x0000018896a5d9c0 Thread added: 0x0000018896a5d9c0
Event: 3.589 Thread 0x000001889d37c950 Thread added: 0x000001889d37c950


Dynamic libraries:
0x00007ff796dc0000 - 0x00007ff796dce000 	C:\Users\aadiu\AppData\Local\Programs\Eclipse Adoptium\jdk-17.0.4.101-hotspot\bin\java.exe
0x00007ffb36970000 - 0x00007ffb36b68000 	C:\Windows\SYSTEM32\ntdll.dll
0x00007ffb352a0000 - 0x00007ffb3535f000 	C:\Windows\System32\KERNEL32.DLL
0x00007ffb34310000 - 0x00007ffb345e2000 	C:\Windows\System32\KERNELBASE.dll
0x00007ffb34110000 - 0x00007ffb34210000 	C:\Windows\System32\ucrtbase.dll
0x00007ffb1b800000 - 0x00007ffb1b818000 	C:\Users\aadiu\AppData\Local\Programs\Eclipse Adoptium\jdk-17.0.4.101-hotspot\bin\jli.dll
0x00007ffb199a0000 - 0x00007ffb199b9000 	C:\Users\aadiu\AppData\Local\Programs\Eclipse Adoptium\jdk-17.0.4.101-hotspot\bin\VCRUNTIME140.dll
0x00007ffb35530000 - 0x00007ffb356cd000 	C:\Windows\System32\USER32.dll
0x00007ffb20b10000 - 0x00007ffb20daa000 	C:\Windows\WinSxS\amd64_microsoft.windows.common-controls_6595b64144ccf1df_6.0.19041.1110_none_60b5254171f9507e\COMCTL32.dll
0x00007ffb34720000 - 0x00007ffb34742000 	C:\Windows\System32\win32u.dll
0x00007ffb35fa0000 - 0x00007ffb35fcb000 	C:\Windows\System32\GDI32.dll
0x00007ffb35f00000 - 0x00007ffb35f9e000 	C:\Windows\System32\msvcrt.dll
0x00007ffb34750000 - 0x00007ffb3485f000 	C:\Windows\System32\gdi32full.dll
0x00007ffb345f0000 - 0x00007ffb3468d000 	C:\Windows\System32\msvcp_win.dll
0x00007ffb356f0000 - 0x00007ffb35722000 	C:\Windows\System32\IMM32.DLL
0x00007ffb25e20000 - 0x00007ffb25e2c000 	C:\Users\aadiu\AppData\Local\Programs\Eclipse Adoptium\jdk-17.0.4.101-hotspot\bin\vcruntime140_1.dll
0x00007ffaf9980000 - 0x00007ffaf9a11000 	C:\Users\aadiu\AppData\Local\Programs\Eclipse Adoptium\jdk-17.0.4.101-hotspot\bin\msvcp140.dll
0x00007ffab8820000 - 0x00007ffab9466000 	C:\Users\aadiu\AppData\Local\Programs\Eclipse Adoptium\jdk-17.0.4.101-hotspot\bin\server\jvm.dll
0x00007ffb34ec0000 - 0x00007ffb34f6e000 	C:\Windows\System32\ADVAPI32.dll
0x00007ffb35e60000 - 0x00007ffb35efc000 	C:\Windows\System32\sechost.dll
0x00007ffb35ba0000 - 0x00007ffb35cc5000 	C:\Windows\System32\RPCRT4.dll
0x00007ffb34eb0000 - 0x00007ffb34eb8000 	C:\Windows\System32\PSAPI.DLL
0x00007ffb2d720000 - 0x00007ffb2d72a000 	C:\Windows\SYSTEM32\VERSION.dll
0x00007ffb1d990000 - 0x00007ffb1d999000 	C:\Windows\SYSTEM32\WSOCK32.dll
0x00007ffb31d40000 - 0x00007ffb31d67000 	C:\Windows\SYSTEM32\WINMM.dll
0x00007ffb35160000 - 0x00007ffb351cb000 	C:\Windows\System32\WS2_32.dll
0x00007ffb31fa0000 - 0x00007ffb31fb2000 	C:\Windows\SYSTEM32\kernel.appcore.dll
0x00007ffb1f550000 - 0x00007ffb1f55a000 	C:\Users\aadiu\AppData\Local\Programs\Eclipse Adoptium\jdk-17.0.4.101-hotspot\bin\jimage.dll
0x00007ffb31b50000 - 0x00007ffb31d34000 	C:\Windows\SYSTEM32\DBGHELP.DLL
0x00007ffb31b20000 - 0x00007ffb31b4c000 	C:\Windows\SYSTEM32\dbgcore.DLL
0x00007ffb34690000 - 0x00007ffb34712000 	C:\Windows\System32\bcryptPrimitives.dll
0x00007ffb182c0000 - 0x00007ffb182e5000 	C:\Users\aadiu\AppData\Local\Programs\Eclipse Adoptium\jdk-17.0.4.101-hotspot\bin\java.dll
0x00007ffaf93a0000 - 0x00007ffaf9476000 	C:\Users\aadiu\AppData\Local\Programs\Eclipse Adoptium\jdk-17.0.4.101-hotspot\bin\jsvml.dll
0x00007ffb35fd0000 - 0x00007ffb36713000 	C:\Windows\System32\SHELL32.dll
0x00007ffb32130000 - 0x00007ffb328c2000 	C:\Windows\SYSTEM32\windows.storage.dll
0x00007ffb34ad0000 - 0x00007ffb34e24000 	C:\Windows\System32\combase.dll
0x00007ffb33a60000 - 0x00007ffb33a90000 	C:\Windows\SYSTEM32\Wldp.dll
0x00007ffb349c0000 - 0x00007ffb34a6d000 	C:\Windows\System32\SHCORE.dll
0x00007ffb35020000 - 0x00007ffb35075000 	C:\Windows\System32\shlwapi.dll
0x00007ffb33fb0000 - 0x00007ffb33fcf000 	C:\Windows\SYSTEM32\profapi.dll
0x00007ffae34c0000 - 0x00007ffae364e000 	C:\Users\aadiu\AppData\Local\Programs\Eclipse Adoptium\jdk-17.0.4.101-hotspot\bin\awt.dll
0x00007ffb351d0000 - 0x00007ffb3529d000 	C:\Windows\System32\OLEAUT32.dll
0x00007ffb31300000 - 0x00007ffb31391000 	C:\Windows\SYSTEM32\apphelp.dll
0x00007ffb17aa0000 - 0x00007ffb17ab8000 	C:\Users\aadiu\AppData\Local\Programs\Eclipse Adoptium\jdk-17.0.4.101-hotspot\bin\zip.dll
0x00007ffb31410000 - 0x00007ffb314ae000 	C:\Windows\system32\uxtheme.dll
0x00007ffb353f0000 - 0x00007ffb35505000 	C:\Windows\System32\MSCTF.dll
0x00007ffb35cd0000 - 0x00007ffb35dfa000 	C:\Windows\System32\ole32.dll
0x00007ffb31590000 - 0x00007ffb315bf000 	C:\Windows\system32\DWMAPI.DLL
0x00007ffadadb0000 - 0x00007ffadaed5000 	C:\Windows\system32\opengl32.dll
0x00007ffada100000 - 0x00007ffada12c000 	C:\Windows\SYSTEM32\GLU32.dll
0x00007ffb269b0000 - 0x00007ffb26b7f000 	C:\Windows\system32\d3d9.dll
0x00007ffb28d70000 - 0x00007ffb28f28000 	C:\Windows\System32\DriverStore\FileRepository\u0370468.inf_amd64_5e4260b11257b6e9\B370372\aticfx64.dll
0x00007ffb0eac0000 - 0x00007ffb0eaf4000 	C:\Windows\System32\DriverStore\FileRepository\u0370468.inf_amd64_5e4260b11257b6e9\B370372\atiu9p64.dll
0x00007ffa97630000 - 0x00007ffa98384000 	C:\Windows\System32\DriverStore\FileRepository\u0370468.inf_amd64_5e4260b11257b6e9\B370372\atiumd64.dll
0x000000006c4b0000 - 0x000000006d324000 	C:\Windows\System32\DriverStore\FileRepository\u0370468.inf_amd64_5e4260b11257b6e9\B370372\atiumd6a.dll
0x00007ffb35730000 - 0x00007ffb35b98000 	C:\Windows\System32\SETUPAPI.dll
0x00007ffb34210000 - 0x00007ffb3425e000 	C:\Windows\System32\cfgmgr32.dll
0x00007ffb33e30000 - 0x00007ffb33e7b000 	C:\Windows\SYSTEM32\POWRPROF.dll
0x00007ffb34070000 - 0x00007ffb34097000 	C:\Windows\System32\bcrypt.dll
0x00007ffb33e10000 - 0x00007ffb33e22000 	C:\Windows\SYSTEM32\UMPDC.dll
0x00007ffb29180000 - 0x00007ffb291b0000 	C:\Windows\SYSTEM32\amdihk64.dll
0x00007ffb29960000 - 0x00007ffb2999b000 	C:\Windows\SYSTEM32\dxcore.dll
0x00007ffaf8c10000 - 0x00007ffaf8c96000 	C:\Users\aadiu\AppData\Local\Programs\Eclipse Adoptium\jdk-17.0.4.101-hotspot\bin\freetype.dll
0x00007ffaf8250000 - 0x00007ffaf82f8000 	C:\Users\aadiu\AppData\Local\Programs\Eclipse Adoptium\jdk-17.0.4.101-hotspot\bin\fontmanager.dll
0x00007ffb28f30000 - 0x00007ffb29029000 	C:\Windows\SYSTEM32\textinputframework.dll
0x00007ffb30e70000 - 0x00007ffb311ce000 	C:\Windows\System32\CoreUIComponents.dll
0x00007ffb309d0000 - 0x00007ffb30ac2000 	C:\Windows\System32\CoreMessaging.dll
0x00007ffb33190000 - 0x00007ffb331c3000 	C:\Windows\SYSTEM32\ntmarta.dll
0x00007ffb30200000 - 0x00007ffb30354000 	C:\Windows\SYSTEM32\wintypes.dll

dbghelp: loaded successfully - version: 4.0.5 - missing functions: none
symbol engine: initialized successfully - sym options: 0x614 - pdb path: .;C:\Users\aadiu\AppData\Local\Programs\Eclipse Adoptium\jdk-17.0.4.101-hotspot\bin;C:\Windows\SYSTEM32;C:\Windows\WinSxS\amd64_microsoft.windows.common-controls_6595b64144ccf1df_6.0.19041.1110_none_60b5254171f9507e;C:\Users\aadiu\AppData\Local\Programs\Eclipse Adoptium\jdk-17.0.4.101-hotspot\bin\server;C:\Windows\System32\DriverStore\FileRepository\u0370468.inf_amd64_5e4260b11257b6e9\B370372

VM Arguments:
jvm_args: -XX:+ShowCodeDetailsInExceptionMessages 
java_command: summit.Main
java_class_path (initial): C:\Users\aadiu\AppData\Roaming\Code\User\workspaceStorage\929b6f7fce9865a60d0bbe8b6a275a21\redhat.java\jdt_ws\Summit Game_948de7c9\bin
Launcher Type: SUN_STANDARD

[Global flags]
     intx CICompilerCount                          = 12                                        {product} {ergonomic}
     uint ConcGCThreads                            = 3                                         {product} {ergonomic}
     uint G1ConcRefinementThreads                  = 13                                        {product} {ergonomic}
   size_t G1HeapRegionSize                         = 2097152                                   {product} {ergonomic}
    uintx GCDrainStackTargetSize                   = 64                                        {product} {ergonomic}
   size_t InitialHeapSize                          = 260046848                                 {product} {ergonomic}
   size_t MarkStackSize                            = 4194304                                   {product} {ergonomic}
   size_t MaxHeapSize                              = 4137680896                                {product} {ergonomic}
   size_t MaxNewSize                               = 2480930816                                {product} {ergonomic}
   size_t MinHeapDeltaBytes                        = 2097152                                   {product} {ergonomic}
   size_t MinHeapSize                              = 8388608                                   {product} {ergonomic}
    uintx NonNMethodCodeHeapSize                   = 7602480                                {pd product} {ergonomic}
    uintx NonProfiledCodeHeapSize                  = 122027880                              {pd product} {ergonomic}
    uintx ProfiledCodeHeapSize                     = 122027880                              {pd product} {ergonomic}
    uintx ReservedCodeCacheSize                    = 251658240                              {pd product} {ergonomic}
     bool SegmentedCodeCache                       = true                                      {product} {ergonomic}
     bool ShowCodeDetailsInExceptionMessages       = true                                   {manageable} {command line}
   size_t SoftMaxHeapSize                          = 4137680896                             {manageable} {ergonomic}
     bool UseCompressedClassPointers               = true                           {product lp64_product} {ergonomic}
     bool UseCompressedOops                        = true                           {product lp64_product} {ergonomic}
     bool UseG1GC                                  = true                                      {product} {ergonomic}
     bool UseLargePagesIndividualAllocation        = false                                  {pd product} {ergonomic}

Logging:
Log output configuration:
 #0: stdout all=warning uptime,level,tags
 #1: stderr all=off uptime,level,tags

Environment Variables:
JAVA_HOME=C:\Users\aadiu\AppData\Local\Programs\Eclipse Adoptium\jdk-17.0.4.101-hotspot\
PATH=C:\Program Files (x86)\Razer Chroma SDK\bin;C:\Program Files\Razer Chroma SDK\bin;C:\Program Files (x86)\Razer\ChromaBroadcast\bin;C:\Program Files\Razer\ChromaBroadcast\bin;C:\Program Files (x86)\Common Files\Oracle\Java\javapath;C:\Program Files\Python38\Scripts\;C:\Program Files\Python38\;C:\Windows\system32;C:\Windows;C:\Windows\System32\Wbem;C:\Windows\System32\WindowsPowerShell\v1.0\;C:\Windows\System32\OpenSSH\;C:\Program Files (x86)\NVIDIA Corporation\PhysX\Common;C:\Program Files\NVIDIA Corporation\NVIDIA NvDLISR;C:\Users\aadiu\AppData\Local\Microsoft\WindowsApps;C:\Users\aadiu\AppData\Local\Programs\Microsoft VS Code\bin;C:\Windows\system32\config\systemprofile\AppData\Local\Microsoft\WindowsApps;C:\Program Files\dotnet\;C:\Program Files\Git\cmd;C:\MinGW\bin\;C:\Program Files (x86)\Windows Kits\10\Windows Performance Toolkit\;C:\Users\aadiu\AppData\Local\Programs\Eclipse Adoptium\jdk-17.0.4.101-hotspot\bin;C:\Users\aadiu\AppData\Local\Microsoft\WindowsApps;C:\Users\aadiu\AppData\Local\Programs\Microsoft VS Code\bin;C:\Users\aadiu\AppData\Local\GitHubDesktop\bin
USERNAME=aadiu
LANG=en_US.UTF-8
OS=Windows_NT
PROCESSOR_IDENTIFIER=AMD64 Family 25 Model 80 Stepping 0, AuthenticAMD
TMP=C:\Users\aadiu\AppData\Local\Temp
TEMP=C:\Users\aadiu\AppData\Local\Temp



---------------  S Y S T E M  ---------------

OS:
 Windows 10 , 64 bit Build 19041 (10.0.19041.2251)
OS uptime: 2 days 8:10 hours

CPU: total 16 (initial active 16) (16 cores per cpu, 2 threads per core) family 25 model 80 stepping 0 microcode 0x0, cx8, cmov, fxsr, ht, mmx, 3dnowpref, sse, sse2, sse3, ssse3, sse4a, sse4.1, sse4.2, popcnt, lzcnt, tsc, tscinvbit, avx, avx2, aes, erms, clmul, bmi1, bmi2, adx, sha, fma, vzeroupper, clflush, clflushopt

Memory: 4k page, system-wide physical 15776M (8018M free)
TotalPageFile size 20128M (AvailPageFile size 9070M)
current process WorkingSet (physical memory assigned to process): 131M, peak: 133M
current process commit charge ("private bytes"): 438M, peak: 442M

vm_info: OpenJDK 64-Bit Server VM (17.0.4.1+1) for windows-amd64 JRE (17.0.4.1+1), built on Aug 17 2022 07:42:43 by "temurin" with MS VC++ 16.7 (VS2019)

END.
