#
# A fatal error has been detected by the Java Runtime Environment:
#
#  EXCEPTION_ACCESS_VIOLATION (0xc0000005) at pc=0x000001e4f7aea00a, pid=19796, tid=16708
#
# JRE version: OpenJDK Runtime Environment Temurin-17.0.2+8 (17.0.2+8) (build 17.0.2+8)
# Java VM: OpenJDK 64-Bit Server VM Temurin-17.0.2+8 (17.0.2+8, mixed mode, sharing, tiered, compressed oops, compressed class ptrs, g1 gc, windows-amd64)
# Problematic frame:
# J 1123 c2 summit.gfx.Renderer.render(Ljava/lang/String;FFILsummit/gfx/ColorFilter;)V (276 bytes) @ 0x000001e4f7aea00a [0x000001e4f7ae9520+0x0000000000000aea]
#
# No core dump will be written. Minidumps are not enabled by default on client versions of Windows
#
# If you would like to submit a bug report, please visit:
#   https://github.com/adoptium/adoptium-support/issues
#

---------------  S U M M A R Y ------------

Command Line: -XX:+ShowCodeDetailsInExceptionMessages summit.Main

Host: AMD Ryzen 9 5900HS with Radeon Graphics        , 16 cores, 15G,  Windows 10 , 64 bit Build 19041 (10.0.19041.2251)
Time: Mon Nov 14 18:47:45 2022 Central Standard Time elapsed time: 1.092144 seconds (0d 0h 0m 1s)

---------------  T H R E A D  ---------------

Current thread (0x000001e48d687930):  JavaThread "Thread-2" [_thread_in_Java, id=16708, stack(0x000000879e700000,0x000000879e800000)]

Stack: [0x000000879e700000,0x000000879e800000],  sp=0x000000879e7fef70,  free space=1019k
Native frames: (J=compiled Java code, j=interpreted, Vv=VM code, C=native code)
C  0x000001e4f7aea00a


siginfo: EXCEPTION_ACCESS_VIOLATION (0xc0000005), reading address 0x0000000b186e4478


Register to memory mapping:

RIP=0x000001e4f7aea00a is at entry_point+2794 in (nmethod*)0x000001e4f7ae9310
RAX=0x0000000717953cf0 is an oop: [[I 
{0x0000000717953cf0} - klass: {type array int}[]
 - length: 16
RBX=3809331349 is a compressed pointer to object: [[I 
{0x00000007186e44a8} - klass: {type array int}[]
 - length: 144
RCX=0x00000000000000d9 is an unknown value
RDX=0x0 is NULL
RSP=0x000000879e7fef70 is pointing into the stack for thread: 0x000001e48d687930
RBP=0x0000000000000090 is an unknown value
RSI=0x0 is NULL
RDI=0x00000000fffffff0 is an unknown value
R8 =0x00000000fffffff0 is an unknown value
R9 =0x00000007186e4498 is an oop: summit.gfx.Renderer 
{0x00000007186e4498} - klass: 'summit/gfx/Renderer'
 - ---- fields (total size 2 words):
 - private 'frame' '[[I' @12  a {type array int}[144] {0x00000007186e44a8} (e30dc895)
R10=0x0000000000000010 is an unknown value
R11=0x00000007186e44a8 is an oop: [[I 
{0x00000007186e44a8} - klass: {type array int}[]
 - length: 144
R12=0x0 is NULL
R13=0x0000000000000002 is an unknown value
R14=0x0000000000000010 is an unknown value
R15=0x000001e48d687930 is a thread


Registers:
RAX=0x0000000717953cf0, RBX=0x00000000e30dc895, RCX=0x00000000000000d9, RDX=0x0000000000000000
RSP=0x000000879e7fef70, RBP=0x0000000000000090, RSI=0x0000000000000000, RDI=0x00000000fffffff0
R8 =0x00000000fffffff0, R9 =0x00000007186e4498, R10=0x0000000000000010, R11=0x00000007186e44a8
R12=0x0000000000000000, R13=0x0000000000000002, R14=0x0000000000000010, R15=0x000001e48d687930
RIP=0x000001e4f7aea00a, EFLAGS=0x0000000000010287

Top of Stack: (sp=0x000000879e7fef70)
0x000000879e7fef70:   0000010000000000 00000000000000e8
0x000000879e7fef80:   fffffff0000000d8 0000000000000000
0x000000879e7fef90:   0000001000000010 0000000900000010
0x000000879e7fefa0:   0000000700000009 0000000000000000
0x000000879e7fefb0:   0000000000000000 000001e442900000
0x000000879e7fefc0:   0000000043600000 0000000717d8e738
0x000000879e7fefd0:   000000879e7ff1b0 000001e4f07ba784
0x000000879e7fefe0:   000000879e7ff080 000000879e7ff118
0x000000879e7feff0:   000001e4efee94fe 000001e4f7ad1f19
0x000000879e7ff000:   01d8f88be06a8e01 0000000000000000
0x000000879e7ff010:   0000000000000000 00000007186e4498
0x000000879e7ff020:   0000000717f0d288 000001e400000002
0x000000879e7ff030:   0000000000000000 000001e4efee94fe
0x000000879e7ff040:   000000879e7ff1b0 000001e4f07b95ec
0x000000879e7ff050:   000000879e7ff050 000001e48ca04554
0x000000879e7ff060:   000000879e7ff0b0 000001e48ca16620 

Instructions: (pc=0x000001e4f7aea00a)
0x000001e4f7ae9f0a:   f9 6e e1 41 8b cb ff c1 41 8b f8 e9 c8 00 00 00
0x000001e4f7ae9f1a:   66 0f 1f 44 00 00 44 2b 5c 24 10 41 8b d3 ff c2
0x000001e4f7ae9f2a:   45 8b d8 41 3b d2 0f 83 12 06 00 00 45 8b 4c dc
0x000001e4f7ae9f3a:   10 47 8b 4c cc 0c 45 3b d9 0f 83 67 01 00 00 c4
0x000001e4f7ae9f4a:   c1 f9 7e d0 45 8b 4c 80 10 47 8b 44 cc 0c 49 c1
0x000001e4f7ae9f5a:   e1 03 41 3b d0 0f 83 0b 06 00 00 45 8b 44 91 10
0x000001e4f7ae9f6a:   41 83 f8 ff 0f 84 32 01 00 00 41 8b 54 f4 0c 44
0x000001e4f7ae9f7a:   3b da 0f 83 0a 06 00 00 47 89 44 9d 10 33 d2 c4
0x000001e4f7ae9f8a:   c1 f9 7e d0 45 8b 48 10 47 8b 4c cc 0c 44 03 4c
0x000001e4f7ae9f9a:   24 10 4d 8b b7 48 03 00 00 45 8b c3 41 ff c0 41
0x000001e4f7ae9faa:   85 06 45 3b c1 0f 8c 6b ff ff ff 4d 8b 9f 48 03
0x000001e4f7ae9fba:   00 00 ff c7 41 85 03 3b 3c 24 0f 8d f0 00 00 00
0x000001e4f7ae9fca:   c4 c1 f9 7e c1 c4 e1 f9 7e ce c5 f9 7e da 44 8b
0x000001e4f7ae9fda:   5c 24 10 44 8b 44 24 14 44 3b 5c 24 08 0f 8d e3
0x000001e4f7ae9fea:   00 00 00 44 89 44 24 14 44 89 5c 24 10 c5 f9 6e
0x000001e4f7ae9ffa:   da c4 e1 f9 6e ce c4 c1 f9 6e c1 c4 c1 f9 7e e3
0x000001e4f7aea00a:   41 8b 74 bb 10 8b c7 41 2b c0 3b fd 0f 83 20 fe
0x000001e4f7aea01a:   ff ff 44 8b 5c 24 10 44 3b 5c 24 04 0f 83 10 fe
0x000001e4f7aea02a:   ff ff c4 c1 f9 7e d3 45 8b 5c 83 10 47 8b 4c dc
0x000001e4f7aea03a:   0c 45 85 c9 0f 86 7c 06 00 00 47 8b 44 dc 10 41
0x000001e4f7aea04a:   83 f8 ff 0f 84 46 02 00 00 45 8b 4c f4 0c 44 8b
0x000001e4f7aea05a:   5c 24 10 45 3b d9 0f 83 2b 05 00 00 4d 8d 0c f4
0x000001e4f7aea06a:   47 89 44 99 10 33 d2 c4 c1 f9 7e d3 45 8b 5b 10
0x000001e4f7aea07a:   47 8b 44 dc 0c 44 03 44 24 10 41 3b c8 0f 8d 28
0x000001e4f7aea08a:   ff ff ff 3b fd 0f 83 0e 02 00 00 4d 8d 2c f4 44
0x000001e4f7aea09a:   8b d9 ba 01 00 00 00 e9 87 fe ff ff c4 e1 f9 7e
0x000001e4f7aea0aa:   ca e9 d9 fe ff ff c4 e1 f9 7e ca e9 cf fe ff ff
0x000001e4f7aea0ba:   c5 f8 77 48 83 c4 60 5d 49 3b a7 40 03 00 00 0f
0x000001e4f7aea0ca:   87 51 0c 00 00 c3 44 89 44 24 14 44 89 5c 24 10
0x000001e4f7aea0da:   c5 f9 6e da c4 e1 f9 6e ce c4 c1 f9 6e c1 48 8b
0x000001e4f7aea0ea:   d6 e9 c5 fe ff ff 8b d7 44 8b 54 90 0c 8b 7c 24
0x000001e4f7aea0fa:   10 2b f9 48 63 d9 45 89 54 9b 10 44 8b 54 98 10 


Stack slot to memory mapping:
stack at sp + 0 slots: 0x0000010000000000 is an unknown value
stack at sp + 1 slots: 0x00000000000000e8 is an unknown value
stack at sp + 2 slots: 0xfffffff0000000d8 is an unknown value
stack at sp + 3 slots: 0x0 is NULL
stack at sp + 4 slots: 0x0000001000000010 is an unknown value
stack at sp + 5 slots: 0x0000000900000010 is an unknown value
stack at sp + 6 slots: 0x0000000700000009 is an unknown value
stack at sp + 7 slots: 0x0 is NULL

--------------------------------------------------------------------------------
[Constant Pool (empty)]

--------------------------------------------------------------------------------

[MachCode]
  0x000001e4f7ae9520: 448b 5208 | 49bb 0000 | 0000 0800 | 0000 4d03 | d349 3bc2 | 0f85 4635 | 44f8 6690 | 0f1f 4000 
  0x000001e4f7ae9540: 8984 2400 | 90ff ff55 | 4883 ec60 | 4889 7c24 | 18c4 c179 | 6ed1 4889 | 1424 49ba | 0830 a018 
  0x000001e4f7ae9560: 0700 0000 | 418b 6a70 | 458b 5cec | 0841 81fb | e0ad 0b00 | 0f85 d211 | 0000 4d8d | 14ec 458b 
  0x000001e4f7ae9580: 5a24 478b | 4cdc 0c45 | 85c9 0f86 | 5e12 0000 | 4f8d 2cdc | 4d85 c00f | 849e 0f00 | 0041 8b48 
  0x000001e4f7ae95a0: 0c41 ffc9 | 85c9 7571 | 450f b650 | 1145 85d2 | 0f85 560f | 0000 450f | be50 1045 | 85d2 0f85 
  0x000001e4f7ae95c0: 6414 0000 | 418b 6814 | 458b 74ec | 0c45 85f6 | 0f86 430f | 0000 418b | deff cb41 | 3bde 0f83 
  0x000001e4f7ae95e0: 7813 0000 | 450f b654 | ec10 418b | fe83 c7fd | 3bdf b900 | 0000 800f | 4cf9 418b | cac1 e105 
  0x000001e4f7ae9600: 412b ca4d | 8d1c ec83 | ff01 0f8e | 8013 0000 | bd01 0000 | 0033 d2eb | 3644 8bd1 | 41c1 ea10 
  0x000001e4f7ae9620: 4433 d145 | 23ca 33d2 | e9d0 0000 | 0041 0fb6 | 5c2b 1003 | cbff c541 | 3bee 0f8d | a400 0000 
  0x000001e4f7ae9640: 8bd9 c1e3 | 052b d98b | cbeb e2c5 | f97e e28b | df2b dd3b | fd0f 4cda | 81fb a00f | 0000 41ba 
  0x000001e4f7ae9660: a00f 0000 | 410f 47da | 03dd c5f9 | 6ee2 6690 | 4863 f545 | 0fb6 5433 | 1041 0fb6 | 4433 1341 
  0x000001e4f7ae9680: 0fb6 5433 | 1141 0fb6 | 7433 1241 | 03ca 448b | d141 c1e2 | 0544 2bd1 | 4403 d241 | 8bca c1e1 
  0x000001e4f7ae96a0: 0541 2bca | 03ce 448b | d141 c1e2 | 0544 2bd1 | 4403 d041 | 8bca c1e1 | 0541 2bca | 83c5 043b 
  0x000001e4f7ae96c0: eb7c ad49 | 8b9f 4803 | 0000 8503 | 3bef 0f8c | 77ff ffff | c5f9 7ee2 | 413b ee0f | 8c4c ffff 
  0x000001e4f7ae96e0: ff41 8bca | 85c9 0f84 | 2f0e 0000 | 4189 480c | 448b d141 | c1ea 1044 | 33d1 4523 | ca47 8b5c 
  0x000001e4f7ae9700: 8d10 438b | 4cdc 0c41 | 3bca 0f85 | f30b 0000 | 478b 4cdc | 1049 8bc9 | 48c1 e103 | 493b c80f 
  0x000001e4f7ae9720: 845b 0100 | 0041 0fbe | 5810 4c3b | c10f 844d | 0100 0043 | 8b4c cc08 | 81f9 70e9 | 0000 0f85 
  0x000001e4f7ae9740: b813 0000 | 49c1 e103 | 410f be69 | 103b dd0f | 859b 1200 | 0045 8b49 | 1441 8b68 | 1443 8b7c 
  0x000001e4f7ae9760: cc0c 418b | 4cec 0c3b | cf0f 85d4 | 0000 004b | 8d1c cc4b | 8d74 cc10 | 4d8d 0cec | 498d 7cec 
  0x000001e4f7ae9780: 1085 c90f | 84a5 0000 | 008b c183 | e01f 83e1 | e00f 844b | 0000 0048 | 8d3c 0f48 | 8d34 0e48 
  0x000001e4f7ae97a0: f7d9 c5fe | 6f24 0fc5 | fe6f 1c0e | c5dd efe3 | c4e2 7d17 | e40f 857a | 0000 0048 | 83c1 2075 
  0x000001e4f7ae97c0: e185 c00f | 8465 0000 | 00c5 fe6f | 6407 e0c5 | fe6f 5c06 | e0c5 ddef | e3c4 e27d | 17e4 7555 
  0x000001e4f7ae97e0: eb4c 8bc8 | 83e1 fc74 | 1948 8d3c | 0f48 8d34 | 0e48 f7d9 | 8b1c 0f3b | 1c0e 7539 | 4883 c104 
  0x000001e4f7ae9800: 75f2 f7c0 | 0200 0000 | 7412 0fb7 | 1f0f b70e | 3bd9 7521 | 488d 7f02 | 488d 7602 | f7c0 0100 
  0x000001e4f7ae9820: 0000 740a | 0fb6 1f0f | b60e 3bd9 | 7507 b801 | 0000 00eb | 0233 c0c5 | ddef e4c5 | e5ef db85 
  0x000001e4f7ae9840: c075 3dba | 45ff ffff | 488b 2c24 | c5fa 1104 | 24c5 fa11 | 4c24 04c5 | fa11 5424 | 084c 8b4c 
  0x000001e4f7ae9860: 2418 4c89 | 4c24 104c | 8944 2418 | 4489 5c24 | 0c44 8954 | 2420 6690 | c5f8 77e8 | 808a 44f8 
  0x000001e4f7ae9880: 49c1 e303 | 418b 6b14 | 458b 54ec | 0841 81fa | 086d 0000 | 0f85 0212 | 0000 498d | 04ec 448b 
  0x000001e4f7ae98a0: 400c 4585 | c00f 86c5 | 0e00 0044 | 8b58 1047 | 8b54 dc0c | 41d1 fac4 | c179 6eda | c5f8 5bdb 
  0x000001e4f7ae98c0: c5fa 5cdb | c4c1 797e | da45 8bca | 41c1 e917 | 450f b6c9 | b995 0000 | 0041 2bc9 | f7c1 e0ff 
  0x000001e4f7ae98e0: ffff 0f85 | e20b 0000 | 458b da41 | 81e3 ffff | 7f00 4181 | cb00 0080 | 0045 85d2 | 0f8c 310c 
  0x000001e4f7ae9900: 0000 41d3 | fb41 ffc3 | 41d1 fb41 | d1f8 c4c1 | 796e c0c5 | f85b c0c5 | f25c c8c4 | c179 7eca 
  0x000001e4f7ae9920: 458b ca41 | c1e9 1745 | 0fb6 c9b9 | 9500 0000 | 412b c9f7 | c1e0 ffff | ff0f 8569 | 0b00 0045 
  0x000001e4f7ae9940: 8bc2 4181 | e0ff ff7f | 0041 81c8 | 0000 8000 | 4585 d20f | 8cd2 0b00 | 0041 d3f8 | 41ff c041 
  0x000001e4f7ae9960: d1f8 c4c1 | 797e d545 | 85ed 7508 | 4533 ede9 | e504 0000 | 41f7 c504 | 0000 0074 | 3044 8944 
  0x000001e4f7ae9980: 2410 4489 | 5c24 0c89 | 5424 0841 | 8bed 488b | d066 6690 | c5f8 77e8 | 04f1 ffff | 448b ed8b 
  0x000001e4f7ae99a0: 5424 0844 | 8b5c 240c | 448b 4424 | 1041 f7c5 | 0100 0000 | 0f84 d000 | 0000 448b | 480c 4585 
  0x000001e4f7ae99c0: c90f 8661 | 0f00 008b | 4810 418b | 4ccc 0c89 | 4c24 1044 | 894c 2414 | 4889 4424 | 2844 8944 
  0x000001e4f7ae99e0: 2424 4489 | 5c24 2089 | 5424 0c44 | 896c 2408 | 48ba 086d | 0000 0800 | 0000 458b | c144 8bc9 
  0x000001e4f7ae9a00: c5f8 77e8 | f831 4ff8 | 448b 5424 | 1441 ffca | 443b 5424 | 140f 83cd | 0e00 0044 | 8b40 0c45 
  0x000001e4f7ae9a20: 85c0 0f86 | c00e 0000 | 453b d00f | 83b7 0e00 | 0044 8b74 | 2410 41ff | ce44 8b6c | 2410 41d1 
  0x000001e4f7ae9a40: fd4c 6344 | 2410 418b | ed83 c5fe | 443b ed41 | ba00 0000 | 8041 0f4c | ea4d 63d5 | 498b d849 
  0x000001e4f7ae9a60: 2bda 458b | dd41 ffc3 | 48ff cb33 | f6e9 7507 | 0000 c4e1 | f97e c044 | 8b6c 2408 | 8b54 240c 
  0x000001e4f7ae9a80: 448b 5c24 | 2044 8b44 | 2424 41f7 | c502 0000 | 000f 84c2 | 0300 0044 | 8b50 0c45 | 85d2 0f86 
  0x000001e4f7ae9aa0: 0e0e 0000 | 8b48 1045 | 8b4c cc0c | 4489 5424 | 2848 8944 | 2420 4489 | 4424 1444 | 895c 2410 
  0x000001e4f7ae9ac0: 8954 240c | 4489 6c24 | 0848 ba08 | 6d00 0008 | 0000 0045 | 8bc2 6690 | c5f8 77e8 | 2031 4ff8 
  0x000001e4f7ae9ae0: 448b 500c | 448b 5c24 | 2841 d1fb | 458b c341 | ffc0 4585 | d20f 865a | 0d00 0045 | 3bda 0f83 
  0x000001e4f7ae9b00: 510d 0000 | 4863 6c24 | 284d 63cb | 488b cd49 | 2bc9 48ff | c948 3bcd | 0f83 370d | 0000 448b 
  0x000001e4f7ae9b20: 4c24 2841 | ffc9 443b | 4c24 280f | 8324 0d00 | 0044 8944 | 242c 4d63 | c249 3bc8 | 0f83 0e0d 
  0x000001e4f7ae9b40: 0000 453b | ca0f 8359 | 0d00 0044 | 3b5c 2428 | 0f83 550d | 0000 4533 | d2eb 31c4 | c1f9 7ec3 
  0x000001e4f7ae9b60: c4c1 797e | d2c4 e1f9 | 7ee8 c4e1 | f97e f54d | 8b87 4803 | 0000 41ff | c241 8500 | 443b 5424 
  0x000001e4f7ae9b80: 2c0f 8dbf | 0200 004c | 895c 2420 | 4c8b 5c24 | 2045 8b4b | 1043 8b5c | cc0c 85db | 76d1 c5fb 
  0x000001e4f7ae9ba0: 1044 2420 | c4c1 796e | d24d 63c2 | 4c8b dd4d | 2bd8 4c8b | 5424 2047 | 8b54 9a0c | c4c1 796e 
  0x000001e4f7ae9bc0: da47 8b74 | d40c 468b | 5480 10c4 | c179 6ee2 | 478b 4cd4 | 0c4c 8b54 | 2420 478b | 5482 10c4 
  0x000001e4f7ae9be0: c179 6eca | 438b 4cd4 | 0c42 8b7c | 980c 458b | 6cfc 0c45 | 85f6 0f86 | 400b 0000 | 41ba 0100 
  0x000001e4f7ae9c00: 0000 453b | d645 0f4f | d6c4 c179 | 7ee3 4f8d | 04dc c4c1 | 797e db4b | 8d14 dc41 | 8bd8 498d 
  0x000001e4f7ae9c20: 34fc c1eb | 02c4 c179 | 7ecb 49c1 | e303 83e3 | 0341 03da | f7db 83e3 | 0341 03da | 413b de41 
  0x000001e4f7ae9c40: 0f4f de45 | 33d2 eb0c | 448b d144 | 8b4c 2420 | 8b4c 2424 | 453b d60f | 837e 0100 | 00c5 796e 
  0x000001e4f7ae9c60: c789 4c24 | 2444 894c | 2420 c4e1 | f96e f5c4 | e1f9 6ee8 | 468b 4c92 | 1044 3b54 | 2420 0f83 
  0x000001e4f7ae9c80: 2409 0000 | 4789 4c90 | 1044 3bd1 | 0f83 7209 | 0000 478b | 4c93 1045 | 3bd5 0f83 | c409 0000 
  0x000001e4f7ae9ca0: 4689 4c96 | 10c4 c1f9 | 7ec1 458b | 4910 478b | 4ccc 0c41 | 8bca ffc1 | 413b c90f | 8d9a feff 
  0x000001e4f7ae9cc0: ff3b cb0f | 8c7f ffff | ff49 63de | 4963 fd48 | 6344 2424 | 4863 6c24 | 2048 3bdd | 418b de0f 
  0x000001e4f7ae9ce0: 4f5c 2420 | 4963 e94c | 63cb 4c3b | c80f 4f5c | 2424 48ff | cd4c 63cb | 4c3b cf41 | 0f4f dd44 
  0x000001e4f7ae9d00: 8bcd 4863 | fb48 3bfd | 410f 4fd9 | 448b cb41 | 83c1 f941 | 3bd9 bb00 | 0000 8044 | 0f4c cb41 
  0x000001e4f7ae9d20: 3bc9 0f8d | 1c0a 0000 | 41ff c20f | 1f44 0000 | c4a1 7a6f | 7c92 10c4 | 817a 7f7c | 9010 c481 
  0x000001e4f7ae9d40: 7a6f 7c93 | 10c4 a17a | 7f7c 9610 | c4a1 7a6f | 7c92 20c4 | 817a 7f7c | 9020 c481 | 7a6f 7c93 
  0x000001e4f7ae9d60: 20c4 a17a | 7f7c 9620 | 4183 c208 | 453b d17c | bf45 3bd6 | 7d59 6690 | 453b d673 | 5946 8b4c 
  0x000001e4f7ae9d80: 9210 443b | 5424 200f | 831b 0800 | 0047 894c | 9010 443b | 5424 240f | 8367 0800 | 0047 8b4c 
  0x000001e4f7ae9da0: 9310 453b | d50f 83b9 | 0800 0046 | 894c 9610 | c4c1 f97e | c145 8b49 | 1043 8b4c | cc0c 41ff 
  0x000001e4f7ae9dc0: c244 3bd1 | 0f8d 91fd | ffff 453b | d67c a9c4 | e1f9 7ee8 | eb05 c4e1 | f97e e8ba | e4ff ffff 
  0x000001e4f7ae9de0: 488b 2c24 | 448b 5c24 | 0844 891c | 244c 8b5c | 2418 4c89 | 5c24 0844 | 8b44 2410 | 4489 4424 
  0x000001e4f7ae9e00: 0444 8b5c | 2414 4489 | 5c24 10c5 | fb11 4424 | 1848 8944 | 2420 4489 | 5424 2844 | 8954 242c 
  0x000001e4f7ae9e20: c5fa 1154 | 2430 c5fa | 1164 2434 | c5fa 115c | 2438 6690 | c5f8 77e8 | c484 44f8 | c4e1 f97e 
  0x000001e4f7ae9e40: cae9 2b02 | 0000 8b54 | 240c 448b | 5c24 1044 | 8b44 2414 | 448b 6c24 | 0841 8bed | c1fd 0385 
  0x000001e4f7ae9e60: ed0f 85bd | 0900 0044 | 8b50 0c41 | 8bc8 4103 | ca44 3bc1 | 0f8d 4002 | 0000 4d63 | ca49 63d8 
  0x000001e4f7ae9e80: 418b f0f7 | de48 63fe | 4803 df49 | 3bd9 0f83 | 1009 0000 | 4863 d948 | 03df 48ff | cb49 3bd9 
  0x000001e4f7ae9ea0: 0f83 3609 | 0000 4c8b | 0c24 418b | 590c 418b | 6cdc 0c85 | ed0f 862c | 0900 0041 | 8b74 dc10 
  0x000001e4f7ae9ec0: 418b 7cf4 | 0c48 8b74 | 2418 4885 | f60f 85da | 0800 0045 | 85d2 0f86 | d108 0000 | 448b 5010 
  0x000001e4f7ae9ee0: 478b 54d4 | 0c45 85d2 | 0f86 bf08 | 0000 897c | 2404 890c | 24c4 e1f9 | 6ed0 418b | ca41 03cb 
  0x000001e4f7ae9f00: 894c 2408 | 498d 0cdc | c4e1 f96e | e141 8bcb | ffc1 418b | f8e9 c800 | 0000 660f | 1f44 0000 
  0x000001e4f7ae9f20: 442b 5c24 | 1041 8bd3 | ffc2 458b | d841 3bd2 | 0f83 1206 | 0000 458b | 4cdc 1047 | 8b4c cc0c 
  0x000001e4f7ae9f40: 453b d90f | 8367 0100 | 00c4 c1f9 | 7ed0 458b | 4c80 1047 | 8b44 cc0c | 49c1 e103 | 413b d00f 
  0x000001e4f7ae9f60: 830b 0600 | 0045 8b44 | 9110 4183 | f8ff 0f84 | 3201 0000 | 418b 54f4 | 0c44 3bda | 0f83 0a06 
  0x000001e4f7ae9f80: 0000 4789 | 449d 1033 | d2c4 c1f9 | 7ed0 458b | 4810 478b | 4ccc 0c44 | 034c 2410 | 4d8b b748 
  0x000001e4f7ae9fa0: 0300 0045 | 8bc3 41ff | c041 8506 | 453b c10f | 8c6b ffff | ff4d 8b9f | 4803 0000 | ffc7 4185 
  0x000001e4f7ae9fc0: 033b 3c24 | 0f8d f000 | 0000 c4c1 | f97e c1c4 | e1f9 7ece | c5f9 7eda | 448b 5c24 | 1044 8b44 
  0x000001e4f7ae9fe0: 2414 443b | 5c24 080f | 8de3 0000 | 0044 8944 | 2414 4489 | 5c24 10c5 | f96e dac4 | e1f9 6ece 
  0x000001e4f7aea000: c4c1 f96e | c1c4 c1f9 | 7ee3 418b | 74bb 108b | c741 2bc0 | 3bfd 0f83 | 20fe ffff | 448b 5c24 
  0x000001e4f7aea020: 1044 3b5c | 2404 0f83 | 10fe ffff | c4c1 f97e | d345 8b5c | 8310 478b | 4cdc 0c45 | 85c9 0f86 
  0x000001e4f7aea040: 7c06 0000 | 478b 44dc | 1041 83f8 | ff0f 8446 | 0200 0045 | 8b4c f40c | 448b 5c24 | 1045 3bd9 
  0x000001e4f7aea060: 0f83 2b05 | 0000 4d8d | 0cf4 4789 | 4499 1033 | d2c4 c1f9 | 7ed3 458b | 5b10 478b | 44dc 0c44 
  0x000001e4f7aea080: 0344 2410 | 413b c80f | 8d28 ffff | ff3b fd0f | 830e 0200 | 004d 8d2c | f444 8bd9 | ba01 0000 
  0x000001e4f7aea0a0: 00e9 87fe | ffff c4e1 | f97e cae9 | d9fe ffff | c4e1 f97e | cae9 cffe | ffff c5f8 | 7748 83c4 
  0x000001e4f7aea0c0: 605d 493b | a740 0300 | 000f 8751 | 0c00 00c3 | 4489 4424 | 1444 895c | 2410 c5f9 | 6eda c4e1 
  0x000001e4f7aea0e0: f96e cec4 | c1f9 6ec1 | 488b d6e9 | c5fe ffff | 8bd7 448b | 5490 0c8b | 7c24 102b | f948 63d9 
  0x000001e4f7aea100: 4589 549b | 1044 8b54 | 9810 4589 | 5493 0c49 | 8bd0 482b | d344 8b54 | 9008 4589 | 549b 1444 
  0x000001e4f7aea120: 8b54 9814 | 4589 5493 | 0844 8b54 | 9004 4589 | 549b 1844 | 8b54 9818 | 4589 5493 | 0444 8b14 
  0x000001e4f7aea140: 9045 8954 | 9b1c 448b | 5498 1c45 | 8914 9383 | c7fc 83c1 | 0441 3bc9 | 7c96 4d8b | 9748 0300 
  0x000001e4f7aea160: 0041 8502 | 3bcd 7d28 | 8bd7 448b | cd44 2bc9 | 3be9 440f | 4c4c 240c | 4181 f9a0 | 0f00 00bf 
  0x000001e4f7aea180: a00f 0000 | 440f 47cf | 4403 c9e9 | 62ff ffff | c4e1 f97e | cb3b 4c24 | 307d 2c90 | 448b 54b8 
  0x000001e4f7aea1a0: 0c45 8954 | 8b10 448b | 5488 1045 | 8954 bb0c | 448b d141 | ffc2 443b | 5424 307d | 0a41 8bfe 
  0x000001e4f7aea1c0: 2bf9 418b | caeb d54d | 8b97 4803 | 0000 ffc6 | 4185 023b | 7424 140f | 8d95 f8ff | ffc4 e1f9 
  0x000001e4f7aea1e0: 7ec0 448b | 5c24 304c | 8b54 2428 | 418b 7a10 | 85ff 0f84 | d104 0000 | 458b 54b2 | 1043 8b54 
  0x000001e4f7aea200: d40c 8b4c | b010 458b | 4ccc 0c44 | 895c 2430 | c4e1 f96e | c04c 63da | 493b db0f | 83b7 0400 
  0x000001e4f7aea220: 0044 3bf2 | 0f83 ae04 | 0000 4585 | c90f 86a5 | 0400 0045 | 3be9 0f83 | 9c04 0000 | 85d2 0f86 
  0x000001e4f7aea240: 9404 0000 | 443b ea0f | 838b 0400 | 004d 63d9 | 493b db0f | 837f 0400 | 0045 3bf1 | 0f83 7604 
  0x000001e4f7aea260: 0000 4d8d | 1ccc 4b8d | 04d4 428b | 7c80 0c41 | 897c cc10 | 478b 4cd4 | 1047 894c | 830c 83fd 
  0x000001e4f7aea280: 010f 8e99 | 0400 0041 | 8bd6 b901 | 0000 00c4 | e1f9 6ecb | e9d1 feff | ffc4 e1f9 | 7eca e9ce 
  0x000001e4f7aea2a0: fdff ff44 | 8bd9 41b8 | 0100 0000 | eb10 6690 | 442b 5c24 | 1045 8bc3 | 41ff c044 | 8bda 453b 
  0x000001e4f7aea2c0: c20f 8381 | 0200 0045 | 3b64 dc10 | 0f84 5b04 | 0000 c4e1 | f97e d244 | 8b4a 1047 | 8b44 cc0c 
  0x000001e4f7aea2e0: 4403 4424 | 104d 8b8f | 4803 0000 | 418b d3ff | c241 8501 | 413b d07c | b7c4 e1f9 | 7eca e9b2 
  0x000001e4f7aea300: fcff ff43 | 8b6c dc18 | 85ed 0f84 | 8c06 0000 | 478b 4cdc | 0841 81f9 | 98b0 1400 | 0f84 9e06 
  0x000001e4f7aea320: 0000 4d8d | 1cec 418b | 4b0c 413b | ca0f 85b9 | 0100 0041 | 8b4b 104c | 8bc9 49c1 | e103 4d3b 
  0x000001e4f7aea340: c80f 843d | f5ff ff41 | 0fbe 5810 | 4d3b c10f | 842f f5ff | ff41 8b7c | cc08 81ff | 70e9 0000 
  0x000001e4f7aea360: 0f85 5607 | 0000 4d8d | 0ccc 410f | be69 103b | dd0f 85ed | 0600 0041 | 8b79 1441 | 8b58 1445 
  0x000001e4f7aea380: 8b4c fc0c | 418b 4cdc | 0c41 3bc9 | 0f85 d800 | 0000 4d8d | 0cfc 498d | 74fc 104d | 8d0c dc49 
  0x000001e4f7aea3a0: 8d7c dc10 | 85c9 0f84 | a500 0000 | 8bc1 83e0 | 1f83 e1e0 | 0f84 4b00 | 0000 488d | 3c0f 488d 
  0x000001e4f7aea3c0: 340e 48f7 | d9c5 fe6f | 1c0f c5fe | 6f24 0ec5 | e5ef dcc4 | e27d 17db | 0f85 7a00 | 0000 4883 
  0x000001e4f7aea3e0: c120 75e1 | 85c0 0f84 | 6500 0000 | c5fe 6f5c | 07e0 c5fe | 6f64 06e0 | c5e5 efdc | c4e2 7d17 
  0x000001e4f7aea400: db75 55eb | 4c8b c883 | e1fc 7419 | 488d 3c0f | 488d 340e | 48f7 d98b | 1c0f 3b1c | 0e75 3948 
  0x000001e4f7aea420: 83c1 0475 | f2f7 c002 | 0000 0074 | 120f b71f | 0fb7 0e3b | d975 2148 | 8d7f 0248 | 8d76 02f7 
  0x000001e4f7aea440: c001 0000 | 0074 0a0f | b61f 0fb6 | 0e3b d975 | 07b8 0100 | 0000 eb02 | 33c0 c5e5 | efdb c5dd 
  0x000001e4f7aea460: efe4 85c0 | 0f85 1af4 | ffff ba45 | ffff ff48 | 8b2c 24c5 | fa11 0424 | c5fa 114c | 2404 c5fa 
  0x000001e4f7aea480: 1154 2408 | 4c8b 4c24 | 184c 894c | 2410 4c89 | 4424 184c | 895c 2420 | 4489 5424 | 0c66 6690 
  0x000001e4f7aea4a0: c5f8 77e8 | 587e 44f8 | c57a 2cc1 | 4181 f800 | 0000 8075 | 1048 83ec | 08c5 fa11 | 0c24 e830 
  0x000001e4f7aea4c0: 6c3f f841 | 58e9 98f4 | ffff c57a | 2cdb 4181 | fb00 0000 | 8075 1048 | 83ec 08c5 | fa11 1c24 
  0x000001e4f7aea4e0: e80e 6c3f | f841 5be9 | 1ff4 ffff | 458b 5b18 | 4d8b 8f48 | 0300 0041 | 8501 4585 | db0f 8499 
  0x000001e4f7aea500: 0400 0049 | c1e3 03e9 | 1afe ffff | 4533 c933 | d245 33d2 | e9e4 f1ff | ff33 d241 | c640 1101 
  0x000001e4f7aea520: 4533 c945 | 33d2 e9d2 | f1ff ff41 | f7d8 e926 | f4ff ff41 | f7db e9c7 | f3ff ff45 | 33c9 33d2 
  0x000001e4f7aea540: 4533 d2e9 | b5f1 ffff | ba45 ffff | ffc4 e1f9 | 7ec5 c5fb | 110c 24c5 | fb11 5424 | 0889 7c24 
  0x000001e4f7aea560: 1844 895c | 241c 6690 | c5f8 77e8 | 907d 44f8 | c5f9 6eda | bae6 ffff | ff49 8be9 | c5fa 111c 
  0x000001e4f7aea580: 2466 6690 | c5f8 77e8 | 747d 44f8 | 4489 5c24 | 10ba e6ff | ffff 8bee | 4489 4424 | 0466 6690 
  0x000001e4f7aea5a0: c5f8 77e8 | 587d 44f8 | bae4 ffff | ff48 8b2c | 2444 8b5c | 2408 4489 | 1c24 4c8b | 5c24 184c 
  0x000001e4f7aea5c0: 895c 2408 | 448b 5c24 | 1044 895c | 2404 448b | 4424 1444 | 8944 2410 | c5fb 1144 | 2418 c5fb 
  0x000001e4f7aea5e0: 116c 2420 | 4489 5424 | 2844 894c | 242c c5fa | 1154 2430 | c5fa 1164 | 2434 6690 | c5f8 77e8 
  0x000001e4f7aea600: fc7c 44f8 | bae4 ffff | ff48 8b2c | 2444 8b5c | 2408 4489 | 1c24 4c8b | 5c24 184c | 895c 2408 
  0x000001e4f7aea620: 448b 4424 | 1044 8944 | 2404 448b | 5c24 1444 | 895c 2410 | c5fb 1144 | 2418 c5fb | 116c 2420 
  0x000001e4f7aea640: 4489 5424 | 2844 8954 | 242c c5fa | 1154 2430 | c5fa 114c | 2434 c57a | 1144 2438 | c5f8 77e8 
  0x000001e4f7aea660: 9c7c 44f8 | bae4 ffff | ff48 8b2c | 2444 8b44 | 2408 4489 | 0424 4c8b | 5c24 184c | 895c 2408 
  0x000001e4f7aea680: 448b 4424 | 1044 8944 | 2404 448b | 5c24 1444 | 895c 2410 | c5fb 1144 | 2418 c5fb | 116c 2420 
  0x000001e4f7aea6a0: 4489 5424 | 2844 894c | 242c c5fa | 1154 2430 | c57a 1144 | 2434 6690 | c5f8 77e8 | 407c 44f8 
  0x000001e4f7aea6c0: 4f8d 0cdc | e9ab feff | ffba f6ff | ffff 6690 | c5f8 77e8 | 287c 44f8 | 418b 6cfc | 0cd1 fdff 
  0x000001e4f7aea6e0: c5ba 76ff | ffff 4c8b | 5424 184c | 8954 2410 | 448b 5424 | 2044 8954 | 240c 448b | 5c24 2444 
  0x000001e4f7aea700: 895c 2418 | 4c8b 5424 | 284c 8954 | 2420 4889 | 4424 2889 | 7424 1c90 | c5f8 77e8 | e07b 44f8 
  0x000001e4f7aea720: 418b feb9 | 0100 0000 | e968 faff | ffba f6ff | ffff 6690 | c5f8 77e8 | c47b 44f8 | 4533 d2e9 
  0x000001e4f7aea740: 97f6 ffff | 448b d1e9 | 25f6 ffff | bade ffff | ffc5 fa11 | 4424 08c5 | fa11 4c24 | 0c44 894c 
  0x000001e4f7aea760: 2410 4c89 | 4424 2090 | c5f8 77e8 | 907b 44f8 | bae4 ffff | ff48 8b2c | 24c5 fa11 | 0c24 c5fa 
  0x000001e4f7aea780: 1154 2404 | 4c8b 5424 | 184c 8954 | 2408 c5fa | 1144 2410 | 4889 4424 | 2066 6690 | c5f8 77e8 
  0x000001e4f7aea7a0: 5c7b 44f8 | 4c8b 0c24 | 488b 7424 | 18ba beff | ffff 498b | e948 8934 | 2448 8944 | 2408 4489 
  0x000001e4f7aea7c0: 5c24 1044 | 8944 2418 | 4489 4424 | 1c89 4c24 | 2066 6690 | c5f8 77e8 | 247b 44f8 | 4c8b 0c24 
  0x000001e4f7aea7e0: 488b 7424 | 18eb c648 | 8b74 2418 | ebbf ba45 | ffff ff48 | 8b2c 24c5 | fa11 0424 | c5fa 114c 
  0x000001e4f7aea800: 2404 c5fa | 1154 2408 | 4889 7c24 | 104c 8944 | 2418 4489 | 4c24 2044 | 895c 2424 | c5f8 77e8 
  0x000001e4f7aea820: dc7a 44f8 | ba45 ffff | ff4c 8b54 | 2418 4c89 | 5424 0848 | 8944 2410 | 4489 5c24 | 1844 8944 
  0x000001e4f7aea840: 241c 4489 | 6c24 2090 | c5f8 77e8 | b07a 44f8 | 448b 4424 | 2cba beff | ffff 488b | 2c24 448b 
  0x000001e4f7aea860: 5424 0844 | 8914 244c | 8b54 2418 | 4c89 5424 | 0844 8b5c | 2410 4489 | 5c24 0444 | 8b54 2414 
  0x000001e4f7aea880: 4489 5424 | 104c 8b54 | 2420 4c89 | 5424 1848 | 8944 2420 | 4489 4424 | 1466 6690 | c5f8 77e8 
  0x000001e4f7aea8a0: 5c7a 44f8 | 448b 4424 | 2ceb aa44 | 8b44 242c | eba3 bae4 | ffff ff48 | 8b2c 2444 | 892c 244c 
  0x000001e4f7aea8c0: 8b4c 2418 | 4c89 4c24 | 0844 895c | 2404 4489 | 4424 1048 | 8944 2420 | 4489 5424 | 1466 6690 
  0x000001e4f7aea8e0: c5f8 77e8 | 187a 44f8 | babe ffff | ff48 8b2c | 2444 8b54 | 2408 4489 | 1424 4c8b | 5424 184c 
  0x000001e4f7aea900: 8954 2408 | 448b 5c24 | 2044 895c | 2404 448b | 5424 2444 | 8954 2410 | 4889 4424 | 2066 6690 
  0x000001e4f7aea920: c5f8 77e8 | d879 44f8 | bae4 ffff | ff48 8b2c | 2444 892c | 244c 8b54 | 2418 4c89 | 5424 0844 
  0x000001e4f7aea940: 895c 2404 | 4489 4424 | 1048 8944 | 2420 4489 | 4c24 1490 | c5f8 77e8 | a479 44f8 | ba76 ffff 
  0x000001e4f7aea960: ffc5 fa11 | 4424 08c5 | fa11 4c24 | 0cc5 fa11 | 5424 1044 | 894c 2414 | 4c89 4424 | 2844 8974 
  0x000001e4f7aea980: 2434 4489 | 5c24 3890 | c5f8 77e8 | 7079 44f8 | bd01 0000 | 0033 d2e9 | 3ced ffff | baf4 ffff 
  0x000001e4f7aea9a0: ff48 8b2c | 24c5 fa11 | 0424 c5fa | 114c 2404 | c5fa 1154 | 2408 6690 | c5f8 77e8 | 4079 44f8 
  0x000001e4f7aea9c0: ba45 ffff | ffc5 fa11 | 4424 08c5 | fa11 4c24 | 0cc5 fa11 | 5424 104c | 8944 2420 | 4489 5c24 
  0x000001e4f7aea9e0: 1444 8954 | 2428 6690 | c5f8 77e8 | 1079 44f8 | ba45 ffff | ffc5 fa11 | 4424 08c5 | fa11 4c24 
  0x000001e4f7aeaa00: 0cc5 fa11 | 5424 104c | 8944 2428 | 4489 5c24 | 1444 8954 | 2430 4c89 | 4c24 3889 | 5c24 3490 
  0x000001e4f7aeaa20: c5f8 77e8 | d878 44f8 | 4585 d240 | 0f95 c540 | 0fb6 ed83 | f501 ba45 | ffff ffc5 | fa11 4424 
  0x000001e4f7aeaa40: 08c5 fa11 | 4c24 0cc5 | fa11 5424 | 1044 894c | 2414 4c89 | 4424 2844 | 895c 2430 | c5f8 77e8 
  0x000001e4f7aeaa60: 9c78 44f8 | ba45 ffff | ffc5 fa11 | 4424 08c5 | fa11 4c24 | 0cc5 fa11 | 5424 104c | 8944 2428 
  0x000001e4f7aeaa80: 4c89 5c24 | 3044 8954 | 2414 4c89 | 4c24 3889 | 5c24 4090 | c5f8 77e8 | 6478 44f8 | bade ffff 
  0x000001e4f7aeaaa0: ffc5 fa11 | 4424 08c5 | fa11 4c24 | 0cc5 fa11 | 5424 1090 | c5f8 77e8 | 4478 44f8 | bade ffff 
  0x000001e4f7aeaac0: ff48 8b2c | 24c5 fa11 | 0424 c5fa | 114c 2404 | c5fa 1154 | 2408 4c8b | 4c24 184c | 894c 2410 
  0x000001e4f7aeaae0: 4c89 4424 | 204c 895c | 2428 4489 | 5424 0c89 | 4c24 3490 | c5f8 77e8 | 0478 44f8 | bade ffff 
  0x000001e4f7aeab00: ff48 8b2c | 24c5 fa11 | 0424 c5fa | 114c 2404 | c5fa 1154 | 2408 488b | 4c24 1848 | 894c 2410 
  0x000001e4f7aeab20: 4c89 4424 | 2044 895c | 240c 4489 | 5424 2844 | 894c 2430 | c5f8 77e8 | c477 44f8 | baf6 ffff 
  0x000001e4f7aeab40: ff66 6690 | c5f8 77e8 | b477 44f8 | c5f9 6eda | baf6 ffff | ffc5 f97e | dd66 6690 | c5f8 77e8 
  0x000001e4f7aeab60: 9c77 44f8 | 4489 5c24 | 10ba f6ff | ffff 4489 | 0424 6690 | c5f8 77e8 | 8477 44f8 | baf6 ffff 
  0x000001e4f7aeab80: ff66 6690 | c5f8 77e8 | 7477 44f8 | ba76 ffff | ff48 8b2c | 2444 8b5c | 2408 4489 | 1c24 4c8b 
  0x000001e4f7aeaba0: 5424 184c | 8954 2408 | 448b 5c24 | 1044 895c | 2404 448b | 5424 1444 | 8954 2410 | 48ff 7424 
  0x000001e4f7aeabc0: 2048 8f44 | 2418 4889 | 4424 20c5 | fa11 5424 | 1489 5c24 | 2866 6690 | c5f8 77e8 | 2077 44f8 
  0x000001e4f7aeabe0: baf6 ffff | ff66 6690 | c5f8 77e8 | 1077 44f8 | 488b d0eb | 0848 8bd0 | eb03 488b | d0c5 f877 
  0x000001e4f7aeac00: 4883 c460 | 5de9 f633 | 4ff8 baf6 | ffff ff49 | 8be8 6690 | c5f8 77e8 | e476 44f8 | baf6 ffff 
  0x000001e4f7aeac20: ff66 6690 | c5f8 77e8 | d476 44f8 | baf6 ffff | ff66 6690 | c5f8 77e8 | c476 44f8 | 488b 7424 
  0x000001e4f7aeac40: 18e9 67fb | ffff 488b | 7424 18e9 | 5dfb ffff | baf6 ffff | ff66 6690 | c5f8 77e8 | a076 44f8 
  0x000001e4f7aeac60: baf6 ffff | ff66 6690 | c5f8 77e8 | 9076 44f8 | baf6 ffff | ff66 6690 | c5f8 77e8 | 8076 44f8 
  0x000001e4f7aeac80: baf6 ffff | ff66 6690 | c5f8 77e8 | 7076 44f8 | ba45 ffff | ff48 8b2c | 24c5 fa11 | 0424 c5fa 
  0x000001e4f7aeaca0: 114c 2404 | c5fa 1154 | 2408 488b | 4c24 1848 | 894c 2410 | 4c89 4424 | 2044 895c | 240c 4489 
  0x000001e4f7aeacc0: 5424 2844 | 894c 242c | c5f8 77e8 | 3076 44f8 | baf6 ffff | ff66 6690 | c5f8 77e8 | 2076 44f8 
  0x000001e4f7aeace0: ba45 ffff | ff48 8b2c | 24c5 fa11 | 0424 c5fa | 114c 2404 | c5fa 1154 | 2408 4c8b | 4c24 184c 
  0x000001e4f7aead00: 894c 2410 | 4c89 4424 | 204c 895c | 2428 4489 | 5424 0c89 | 4c24 3090 | c5f8 77e8 | e075 44f8 
  0x000001e4f7aead20: 49ba c2a0 | aef7 e401 | 0000 4d89 | 9758 0300 | 00e9 ca86 | 44f8 f4f4 | f4f4 f4f4 | f4f4 f4f4 
  0x000001e4f7aead40: 48bb 0000 | 0000 0000 | 0000 e9fb | ffff ffe9 | 2c9e 4ef8 | e800 0000 | 0048 832c | 2405 e93d 
  0x000001e4f7aead60: 7944 f8f4 | f4f4 f4f4 
[/MachCode]
--------------------------------------------------------------------------------


---------------  P R O C E S S  ---------------

Threads class SMR info:
_java_thread_list=0x000001e48d684d00, length=27, elements={
0x000001e48c23d300, 0x000001e48c23df70, 0x000001e48c255230, 0x000001e48c256ff0,
0x000001e48c2579a0, 0x000001e48c258350, 0x000001e48c259030, 0x000001e48c25cf20,
0x000001e48c25e0f0, 0x000001e48cd00150, 0x000001e48cd02670, 0x000001e48cd315e0,
0x000001e48cd3b2c0, 0x000001e4e6c1d790, 0x000001e48cf15330, 0x000001e48cf38490,
0x000001e48cf2b030, 0x000001e48d664120, 0x000001e48d687930, 0x000001e48d687e50,
0x000001e48d68b340, 0x000001e48cf82360, 0x000001e48cf81570, 0x000001e48d6ea4a0,
0x000001e48d6ea9b0, 0x000001e48d6eaec0, 0x000001e48d689660
}

Java Threads: ( => current thread )
  0x000001e48c23d300 JavaThread "Reference Handler" daemon [_thread_blocked, id=6632, stack(0x000000879c700000,0x000000879c800000)]
  0x000001e48c23df70 JavaThread "Finalizer" daemon [_thread_blocked, id=23200, stack(0x000000879c800000,0x000000879c900000)]
  0x000001e48c255230 JavaThread "Signal Dispatcher" daemon [_thread_blocked, id=12740, stack(0x000000879c900000,0x000000879ca00000)]
  0x000001e48c256ff0 JavaThread "Attach Listener" daemon [_thread_blocked, id=19520, stack(0x000000879ca00000,0x000000879cb00000)]
  0x000001e48c2579a0 JavaThread "Service Thread" daemon [_thread_blocked, id=22020, stack(0x000000879cb00000,0x000000879cc00000)]
  0x000001e48c258350 JavaThread "Monitor Deflation Thread" daemon [_thread_blocked, id=8868, stack(0x000000879cc00000,0x000000879cd00000)]
  0x000001e48c259030 JavaThread "C2 CompilerThread0" daemon [_thread_blocked, id=19472, stack(0x000000879cd00000,0x000000879ce00000)]
  0x000001e48c25cf20 JavaThread "C1 CompilerThread0" daemon [_thread_blocked, id=14836, stack(0x000000879ce00000,0x000000879cf00000)]
  0x000001e48c25e0f0 JavaThread "Sweeper thread" daemon [_thread_blocked, id=8944, stack(0x000000879cf00000,0x000000879d000000)]
  0x000001e48cd00150 JavaThread "C1 CompilerThread1" daemon [_thread_blocked, id=9900, stack(0x000000879d000000,0x000000879d100000)]
  0x000001e48cd02670 JavaThread "C1 CompilerThread2" daemon [_thread_blocked, id=23660, stack(0x000000879d100000,0x000000879d200000)]
  0x000001e48cd315e0 JavaThread "Notification Thread" daemon [_thread_blocked, id=11604, stack(0x000000879d200000,0x000000879d300000)]
  0x000001e48cd3b2c0 JavaThread "Common-Cleaner" daemon [_thread_blocked, id=2876, stack(0x000000879d400000,0x000000879d500000)]
  0x000001e4e6c1d790 JavaThread "DestroyJavaVM" [_thread_blocked, id=21048, stack(0x000000879c000000,0x000000879c100000)]
  0x000001e48cf15330 JavaThread "Java2D Disposer" daemon [_thread_blocked, id=19748, stack(0x000000879d600000,0x000000879d700000)]
  0x000001e48cf38490 JavaThread "AWT-Shutdown" [_thread_blocked, id=13952, stack(0x000000879d800000,0x000000879d900000)]
  0x000001e48cf2b030 JavaThread "AWT-Windows" daemon [_thread_in_native, id=23316, stack(0x000000879d900000,0x000000879da00000)]
  0x000001e48d664120 JavaThread "AWT-EventQueue-0" [_thread_blocked, id=9552, stack(0x000000879e600000,0x000000879e700000)]
=>0x000001e48d687930 JavaThread "Thread-2" [_thread_in_Java, id=16708, stack(0x000000879e700000,0x000000879e800000)]
  0x000001e48d687e50 JavaThread "Thread-1" [_thread_in_Java, id=5140, stack(0x000000879e800000,0x000000879e900000)]
  0x000001e48d68b340 JavaThread "D3D Screen Updater" daemon [_thread_blocked, id=9544, stack(0x000000879d500000,0x000000879d600000)]
  0x000001e48cf82360 JavaThread "C2 CompilerThread1" daemon [_thread_blocked, id=20128, stack(0x000000879d700000,0x000000879d800000)]
  0x000001e48cf81570 JavaThread "C2 CompilerThread2" daemon [_thread_blocked, id=19012, stack(0x000000879e900000,0x000000879ea00000)]
  0x000001e48d6ea4a0 JavaThread "C2 CompilerThread3" daemon [_thread_blocked, id=17716, stack(0x000000879ea00000,0x000000879eb00000)]
  0x000001e48d6ea9b0 JavaThread "C2 CompilerThread4" daemon [_thread_blocked, id=24256, stack(0x000000879eb00000,0x000000879ec00000)]
  0x000001e48d6eaec0 JavaThread "C2 CompilerThread5" daemon [_thread_blocked, id=19936, stack(0x000000879ec00000,0x000000879ed00000)]
  0x000001e48d689660 JavaThread "Thread-3" [_thread_in_Java, id=18740, stack(0x000000879ed00000,0x000000879ee00000)]

Other Threads:
  0x000001e48c237610 VMThread "VM Thread" [stack: 0x000000879c600000,0x000000879c700000] [id=6716]
  0x000001e4e6c947c0 WatcherThread [stack: 0x000000879d300000,0x000000879d400000] [id=9252]
  0x000001e4e6c6b170 GCTaskThread "GC Thread#0" [stack: 0x000000879c100000,0x000000879c200000] [id=7416]
  0x000001e4e6c7c750 ConcurrentGCThread "G1 Main Marker" [stack: 0x000000879c200000,0x000000879c300000] [id=19628]
  0x000001e4e6c7ed10 ConcurrentGCThread "G1 Conc#0" [stack: 0x000000879c300000,0x000000879c400000] [id=20332]
  0x000001e4e6cec550 ConcurrentGCThread "G1 Refine#0" [stack: 0x000000879c400000,0x000000879c500000] [id=616]
  0x000001e4e6cece70 ConcurrentGCThread "G1 Service" [stack: 0x000000879c500000,0x000000879c600000] [id=15548]

Threads with active compile tasks:

VM state: not at safepoint (normal execution)

VM Mutex/Monitor currently owned by a thread: None

Heap address: 0x0000000709600000, size: 3946 MB, Compressed Oops mode: Zero based, Oop shift amount: 3

CDS archive(s) mapped at: [0x0000000800000000-0x0000000800bc0000-0x0000000800bc0000), size 12320768, SharedBaseAddress: 0x0000000800000000, ArchiveRelocationMode: 0.
Compressed class space mapped at: 0x0000000800c00000-0x0000000840c00000, reserved size: 1073741824
Narrow klass base: 0x0000000800000000, Narrow klass shift: 0, Narrow klass range: 0x100000000

GC Precious Log:
 CPUs: 16 total, 16 available
 Memory: 15776M
 Large Page Support: Disabled
 NUMA Support: Disabled
 Compressed Oops: Enabled (Zero based)
 Heap Region Size: 2M
 Heap Min Capacity: 8M
 Heap Initial Capacity: 248M
 Heap Max Capacity: 3946M
 Pre-touch: Disabled
 Parallel Workers: 13
 Concurrent Workers: 3
 Concurrent Refinement Workers: 13
 Periodic GC: Disabled

Heap:
 garbage-first heap   total 253952K, used 24576K [0x0000000709600000, 0x0000000800000000)
  region size 2048K, 11 young (22528K), 0 survivors (0K)
 Metaspace       used 6982K, committed 7168K, reserved 1056768K
  class space    used 751K, committed 832K, reserved 1048576K

Heap Regions: E=young(eden), S=young(survivor), O=old, HS=humongous(starts), HC=humongous(continues), CS=collection set, F=free, OA=open archive, CA=closed archive, TAMS=top-at-mark-start (previous, next)
|   0|0x0000000709600000, 0x0000000709800000, 0x0000000709800000|100%|HS|  |TAMS 0x0000000709600000, 0x0000000709600000| Complete 
|   1|0x0000000709800000, 0x0000000709a00000, 0x0000000709a00000|100%|HC|  |TAMS 0x0000000709800000, 0x0000000709800000| Complete 
|   2|0x0000000709a00000, 0x0000000709a00000, 0x0000000709c00000|  0%| F|  |TAMS 0x0000000709a00000, 0x0000000709a00000| Untracked 
|   3|0x0000000709c00000, 0x0000000709c00000, 0x0000000709e00000|  0%| F|  |TAMS 0x0000000709c00000, 0x0000000709c00000| Untracked 
|   4|0x0000000709e00000, 0x0000000709e00000, 0x000000070a000000|  0%| F|  |TAMS 0x0000000709e00000, 0x0000000709e00000| Untracked 
|   5|0x000000070a000000, 0x000000070a000000, 0x000000070a200000|  0%| F|  |TAMS 0x000000070a000000, 0x000000070a000000| Untracked 
|   6|0x000000070a200000, 0x000000070a200000, 0x000000070a400000|  0%| F|  |TAMS 0x000000070a200000, 0x000000070a200000| Untracked 
|   7|0x000000070a400000, 0x000000070a400000, 0x000000070a600000|  0%| F|  |TAMS 0x000000070a400000, 0x000000070a400000| Untracked 
|   8|0x000000070a600000, 0x000000070a600000, 0x000000070a800000|  0%| F|  |TAMS 0x000000070a600000, 0x000000070a600000| Untracked 
|   9|0x000000070a800000, 0x000000070a800000, 0x000000070aa00000|  0%| F|  |TAMS 0x000000070a800000, 0x000000070a800000| Untracked 
|  10|0x000000070aa00000, 0x000000070aa00000, 0x000000070ac00000|  0%| F|  |TAMS 0x000000070aa00000, 0x000000070aa00000| Untracked 
|  11|0x000000070ac00000, 0x000000070ac00000, 0x000000070ae00000|  0%| F|  |TAMS 0x000000070ac00000, 0x000000070ac00000| Untracked 
|  12|0x000000070ae00000, 0x000000070ae00000, 0x000000070b000000|  0%| F|  |TAMS 0x000000070ae00000, 0x000000070ae00000| Untracked 
|  13|0x000000070b000000, 0x000000070b000000, 0x000000070b200000|  0%| F|  |TAMS 0x000000070b000000, 0x000000070b000000| Untracked 
|  14|0x000000070b200000, 0x000000070b200000, 0x000000070b400000|  0%| F|  |TAMS 0x000000070b200000, 0x000000070b200000| Untracked 
|  15|0x000000070b400000, 0x000000070b400000, 0x000000070b600000|  0%| F|  |TAMS 0x000000070b400000, 0x000000070b400000| Untracked 
|  16|0x000000070b600000, 0x000000070b600000, 0x000000070b800000|  0%| F|  |TAMS 0x000000070b600000, 0x000000070b600000| Untracked 
|  17|0x000000070b800000, 0x000000070b800000, 0x000000070ba00000|  0%| F|  |TAMS 0x000000070b800000, 0x000000070b800000| Untracked 
|  18|0x000000070ba00000, 0x000000070ba00000, 0x000000070bc00000|  0%| F|  |TAMS 0x000000070ba00000, 0x000000070ba00000| Untracked 
|  19|0x000000070bc00000, 0x000000070bc00000, 0x000000070be00000|  0%| F|  |TAMS 0x000000070bc00000, 0x000000070bc00000| Untracked 
|  20|0x000000070be00000, 0x000000070be00000, 0x000000070c000000|  0%| F|  |TAMS 0x000000070be00000, 0x000000070be00000| Untracked 
|  21|0x000000070c000000, 0x000000070c000000, 0x000000070c200000|  0%| F|  |TAMS 0x000000070c000000, 0x000000070c000000| Untracked 
|  22|0x000000070c200000, 0x000000070c200000, 0x000000070c400000|  0%| F|  |TAMS 0x000000070c200000, 0x000000070c200000| Untracked 
|  23|0x000000070c400000, 0x000000070c400000, 0x000000070c600000|  0%| F|  |TAMS 0x000000070c400000, 0x000000070c400000| Untracked 
|  24|0x000000070c600000, 0x000000070c600000, 0x000000070c800000|  0%| F|  |TAMS 0x000000070c600000, 0x000000070c600000| Untracked 
|  25|0x000000070c800000, 0x000000070c800000, 0x000000070ca00000|  0%| F|  |TAMS 0x000000070c800000, 0x000000070c800000| Untracked 
|  26|0x000000070ca00000, 0x000000070ca00000, 0x000000070cc00000|  0%| F|  |TAMS 0x000000070ca00000, 0x000000070ca00000| Untracked 
|  27|0x000000070cc00000, 0x000000070cc00000, 0x000000070ce00000|  0%| F|  |TAMS 0x000000070cc00000, 0x000000070cc00000| Untracked 
|  28|0x000000070ce00000, 0x000000070ce00000, 0x000000070d000000|  0%| F|  |TAMS 0x000000070ce00000, 0x000000070ce00000| Untracked 
|  29|0x000000070d000000, 0x000000070d000000, 0x000000070d200000|  0%| F|  |TAMS 0x000000070d000000, 0x000000070d000000| Untracked 
|  30|0x000000070d200000, 0x000000070d200000, 0x000000070d400000|  0%| F|  |TAMS 0x000000070d200000, 0x000000070d200000| Untracked 
|  31|0x000000070d400000, 0x000000070d400000, 0x000000070d600000|  0%| F|  |TAMS 0x000000070d400000, 0x000000070d400000| Untracked 
|  32|0x000000070d600000, 0x000000070d600000, 0x000000070d800000|  0%| F|  |TAMS 0x000000070d600000, 0x000000070d600000| Untracked 
|  33|0x000000070d800000, 0x000000070d800000, 0x000000070da00000|  0%| F|  |TAMS 0x000000070d800000, 0x000000070d800000| Untracked 
|  34|0x000000070da00000, 0x000000070da00000, 0x000000070dc00000|  0%| F|  |TAMS 0x000000070da00000, 0x000000070da00000| Untracked 
|  35|0x000000070dc00000, 0x000000070dc00000, 0x000000070de00000|  0%| F|  |TAMS 0x000000070dc00000, 0x000000070dc00000| Untracked 
|  36|0x000000070de00000, 0x000000070de00000, 0x000000070e000000|  0%| F|  |TAMS 0x000000070de00000, 0x000000070de00000| Untracked 
|  37|0x000000070e000000, 0x000000070e000000, 0x000000070e200000|  0%| F|  |TAMS 0x000000070e000000, 0x000000070e000000| Untracked 
|  38|0x000000070e200000, 0x000000070e200000, 0x000000070e400000|  0%| F|  |TAMS 0x000000070e200000, 0x000000070e200000| Untracked 
|  39|0x000000070e400000, 0x000000070e400000, 0x000000070e600000|  0%| F|  |TAMS 0x000000070e400000, 0x000000070e400000| Untracked 
|  40|0x000000070e600000, 0x000000070e600000, 0x000000070e800000|  0%| F|  |TAMS 0x000000070e600000, 0x000000070e600000| Untracked 
|  41|0x000000070e800000, 0x000000070e800000, 0x000000070ea00000|  0%| F|  |TAMS 0x000000070e800000, 0x000000070e800000| Untracked 
|  42|0x000000070ea00000, 0x000000070ea00000, 0x000000070ec00000|  0%| F|  |TAMS 0x000000070ea00000, 0x000000070ea00000| Untracked 
|  43|0x000000070ec00000, 0x000000070ec00000, 0x000000070ee00000|  0%| F|  |TAMS 0x000000070ec00000, 0x000000070ec00000| Untracked 
|  44|0x000000070ee00000, 0x000000070ee00000, 0x000000070f000000|  0%| F|  |TAMS 0x000000070ee00000, 0x000000070ee00000| Untracked 
|  45|0x000000070f000000, 0x000000070f000000, 0x000000070f200000|  0%| F|  |TAMS 0x000000070f000000, 0x000000070f000000| Untracked 
|  46|0x000000070f200000, 0x000000070f200000, 0x000000070f400000|  0%| F|  |TAMS 0x000000070f200000, 0x000000070f200000| Untracked 
|  47|0x000000070f400000, 0x000000070f400000, 0x000000070f600000|  0%| F|  |TAMS 0x000000070f400000, 0x000000070f400000| Untracked 
|  48|0x000000070f600000, 0x000000070f600000, 0x000000070f800000|  0%| F|  |TAMS 0x000000070f600000, 0x000000070f600000| Untracked 
|  49|0x000000070f800000, 0x000000070f800000, 0x000000070fa00000|  0%| F|  |TAMS 0x000000070f800000, 0x000000070f800000| Untracked 
|  50|0x000000070fa00000, 0x000000070fa00000, 0x000000070fc00000|  0%| F|  |TAMS 0x000000070fa00000, 0x000000070fa00000| Untracked 
|  51|0x000000070fc00000, 0x000000070fc00000, 0x000000070fe00000|  0%| F|  |TAMS 0x000000070fc00000, 0x000000070fc00000| Untracked 
|  52|0x000000070fe00000, 0x000000070fe00000, 0x0000000710000000|  0%| F|  |TAMS 0x000000070fe00000, 0x000000070fe00000| Untracked 
|  53|0x0000000710000000, 0x0000000710000000, 0x0000000710200000|  0%| F|  |TAMS 0x0000000710000000, 0x0000000710000000| Untracked 
|  54|0x0000000710200000, 0x0000000710200000, 0x0000000710400000|  0%| F|  |TAMS 0x0000000710200000, 0x0000000710200000| Untracked 
|  55|0x0000000710400000, 0x0000000710400000, 0x0000000710600000|  0%| F|  |TAMS 0x0000000710400000, 0x0000000710400000| Untracked 
|  56|0x0000000710600000, 0x0000000710600000, 0x0000000710800000|  0%| F|  |TAMS 0x0000000710600000, 0x0000000710600000| Untracked 
|  57|0x0000000710800000, 0x0000000710800000, 0x0000000710a00000|  0%| F|  |TAMS 0x0000000710800000, 0x0000000710800000| Untracked 
|  58|0x0000000710a00000, 0x0000000710a00000, 0x0000000710c00000|  0%| F|  |TAMS 0x0000000710a00000, 0x0000000710a00000| Untracked 
|  59|0x0000000710c00000, 0x0000000710c00000, 0x0000000710e00000|  0%| F|  |TAMS 0x0000000710c00000, 0x0000000710c00000| Untracked 
|  60|0x0000000710e00000, 0x0000000710e00000, 0x0000000711000000|  0%| F|  |TAMS 0x0000000710e00000, 0x0000000710e00000| Untracked 
|  61|0x0000000711000000, 0x0000000711000000, 0x0000000711200000|  0%| F|  |TAMS 0x0000000711000000, 0x0000000711000000| Untracked 
|  62|0x0000000711200000, 0x0000000711200000, 0x0000000711400000|  0%| F|  |TAMS 0x0000000711200000, 0x0000000711200000| Untracked 
|  63|0x0000000711400000, 0x0000000711400000, 0x0000000711600000|  0%| F|  |TAMS 0x0000000711400000, 0x0000000711400000| Untracked 
|  64|0x0000000711600000, 0x0000000711600000, 0x0000000711800000|  0%| F|  |TAMS 0x0000000711600000, 0x0000000711600000| Untracked 
|  65|0x0000000711800000, 0x0000000711800000, 0x0000000711a00000|  0%| F|  |TAMS 0x0000000711800000, 0x0000000711800000| Untracked 
|  66|0x0000000711a00000, 0x0000000711a00000, 0x0000000711c00000|  0%| F|  |TAMS 0x0000000711a00000, 0x0000000711a00000| Untracked 
|  67|0x0000000711c00000, 0x0000000711c00000, 0x0000000711e00000|  0%| F|  |TAMS 0x0000000711c00000, 0x0000000711c00000| Untracked 
|  68|0x0000000711e00000, 0x0000000711e00000, 0x0000000712000000|  0%| F|  |TAMS 0x0000000711e00000, 0x0000000711e00000| Untracked 
|  69|0x0000000712000000, 0x0000000712000000, 0x0000000712200000|  0%| F|  |TAMS 0x0000000712000000, 0x0000000712000000| Untracked 
|  70|0x0000000712200000, 0x0000000712200000, 0x0000000712400000|  0%| F|  |TAMS 0x0000000712200000, 0x0000000712200000| Untracked 
|  71|0x0000000712400000, 0x0000000712400000, 0x0000000712600000|  0%| F|  |TAMS 0x0000000712400000, 0x0000000712400000| Untracked 
|  72|0x0000000712600000, 0x0000000712600000, 0x0000000712800000|  0%| F|  |TAMS 0x0000000712600000, 0x0000000712600000| Untracked 
|  73|0x0000000712800000, 0x0000000712800000, 0x0000000712a00000|  0%| F|  |TAMS 0x0000000712800000, 0x0000000712800000| Untracked 
|  74|0x0000000712a00000, 0x0000000712a00000, 0x0000000712c00000|  0%| F|  |TAMS 0x0000000712a00000, 0x0000000712a00000| Untracked 
|  75|0x0000000712c00000, 0x0000000712c00000, 0x0000000712e00000|  0%| F|  |TAMS 0x0000000712c00000, 0x0000000712c00000| Untracked 
|  76|0x0000000712e00000, 0x0000000712e00000, 0x0000000713000000|  0%| F|  |TAMS 0x0000000712e00000, 0x0000000712e00000| Untracked 
|  77|0x0000000713000000, 0x0000000713000000, 0x0000000713200000|  0%| F|  |TAMS 0x0000000713000000, 0x0000000713000000| Untracked 
|  78|0x0000000713200000, 0x0000000713200000, 0x0000000713400000|  0%| F|  |TAMS 0x0000000713200000, 0x0000000713200000| Untracked 
|  79|0x0000000713400000, 0x0000000713400000, 0x0000000713600000|  0%| F|  |TAMS 0x0000000713400000, 0x0000000713400000| Untracked 
|  80|0x0000000713600000, 0x0000000713600000, 0x0000000713800000|  0%| F|  |TAMS 0x0000000713600000, 0x0000000713600000| Untracked 
|  81|0x0000000713800000, 0x0000000713800000, 0x0000000713a00000|  0%| F|  |TAMS 0x0000000713800000, 0x0000000713800000| Untracked 
|  82|0x0000000713a00000, 0x0000000713a00000, 0x0000000713c00000|  0%| F|  |TAMS 0x0000000713a00000, 0x0000000713a00000| Untracked 
|  83|0x0000000713c00000, 0x0000000713c00000, 0x0000000713e00000|  0%| F|  |TAMS 0x0000000713c00000, 0x0000000713c00000| Untracked 
|  84|0x0000000713e00000, 0x0000000713e00000, 0x0000000714000000|  0%| F|  |TAMS 0x0000000713e00000, 0x0000000713e00000| Untracked 
|  85|0x0000000714000000, 0x0000000714000000, 0x0000000714200000|  0%| F|  |TAMS 0x0000000714000000, 0x0000000714000000| Untracked 
|  86|0x0000000714200000, 0x0000000714200000, 0x0000000714400000|  0%| F|  |TAMS 0x0000000714200000, 0x0000000714200000| Untracked 
|  87|0x0000000714400000, 0x0000000714400000, 0x0000000714600000|  0%| F|  |TAMS 0x0000000714400000, 0x0000000714400000| Untracked 
|  88|0x0000000714600000, 0x0000000714600000, 0x0000000714800000|  0%| F|  |TAMS 0x0000000714600000, 0x0000000714600000| Untracked 
|  89|0x0000000714800000, 0x0000000714800000, 0x0000000714a00000|  0%| F|  |TAMS 0x0000000714800000, 0x0000000714800000| Untracked 
|  90|0x0000000714a00000, 0x0000000714a00000, 0x0000000714c00000|  0%| F|  |TAMS 0x0000000714a00000, 0x0000000714a00000| Untracked 
|  91|0x0000000714c00000, 0x0000000714c00000, 0x0000000714e00000|  0%| F|  |TAMS 0x0000000714c00000, 0x0000000714c00000| Untracked 
|  92|0x0000000714e00000, 0x0000000714e00000, 0x0000000715000000|  0%| F|  |TAMS 0x0000000714e00000, 0x0000000714e00000| Untracked 
|  93|0x0000000715000000, 0x0000000715000000, 0x0000000715200000|  0%| F|  |TAMS 0x0000000715000000, 0x0000000715000000| Untracked 
|  94|0x0000000715200000, 0x0000000715200000, 0x0000000715400000|  0%| F|  |TAMS 0x0000000715200000, 0x0000000715200000| Untracked 
|  95|0x0000000715400000, 0x0000000715400000, 0x0000000715600000|  0%| F|  |TAMS 0x0000000715400000, 0x0000000715400000| Untracked 
|  96|0x0000000715600000, 0x0000000715600000, 0x0000000715800000|  0%| F|  |TAMS 0x0000000715600000, 0x0000000715600000| Untracked 
|  97|0x0000000715800000, 0x0000000715800000, 0x0000000715a00000|  0%| F|  |TAMS 0x0000000715800000, 0x0000000715800000| Untracked 
|  98|0x0000000715a00000, 0x0000000715a00000, 0x0000000715c00000|  0%| F|  |TAMS 0x0000000715a00000, 0x0000000715a00000| Untracked 
|  99|0x0000000715c00000, 0x0000000715c00000, 0x0000000715e00000|  0%| F|  |TAMS 0x0000000715c00000, 0x0000000715c00000| Untracked 
| 100|0x0000000715e00000, 0x0000000715e00000, 0x0000000716000000|  0%| F|  |TAMS 0x0000000715e00000, 0x0000000715e00000| Untracked 
| 101|0x0000000716000000, 0x0000000716000000, 0x0000000716200000|  0%| F|  |TAMS 0x0000000716000000, 0x0000000716000000| Untracked 
| 102|0x0000000716200000, 0x0000000716200000, 0x0000000716400000|  0%| F|  |TAMS 0x0000000716200000, 0x0000000716200000| Untracked 
| 103|0x0000000716400000, 0x0000000716400000, 0x0000000716600000|  0%| F|  |TAMS 0x0000000716400000, 0x0000000716400000| Untracked 
| 104|0x0000000716600000, 0x0000000716600000, 0x0000000716800000|  0%| F|  |TAMS 0x0000000716600000, 0x0000000716600000| Untracked 
| 105|0x0000000716800000, 0x0000000716800000, 0x0000000716a00000|  0%| F|  |TAMS 0x0000000716800000, 0x0000000716800000| Untracked 
| 106|0x0000000716a00000, 0x0000000716a00000, 0x0000000716c00000|  0%| F|  |TAMS 0x0000000716a00000, 0x0000000716a00000| Untracked 
| 107|0x0000000716c00000, 0x0000000716c00000, 0x0000000716e00000|  0%| F|  |TAMS 0x0000000716c00000, 0x0000000716c00000| Untracked 
| 108|0x0000000716e00000, 0x0000000716e00000, 0x0000000717000000|  0%| F|  |TAMS 0x0000000716e00000, 0x0000000716e00000| Untracked 
| 109|0x0000000717000000, 0x0000000717000000, 0x0000000717200000|  0%| F|  |TAMS 0x0000000717000000, 0x0000000717000000| Untracked 
| 110|0x0000000717200000, 0x0000000717200000, 0x0000000717400000|  0%| F|  |TAMS 0x0000000717200000, 0x0000000717200000| Untracked 
| 111|0x0000000717400000, 0x0000000717400000, 0x0000000717600000|  0%| F|  |TAMS 0x0000000717400000, 0x0000000717400000| Untracked 
| 112|0x0000000717600000, 0x0000000717600000, 0x0000000717800000|  0%| F|  |TAMS 0x0000000717600000, 0x0000000717600000| Untracked 
| 113|0x0000000717800000, 0x00000007179c31e8, 0x0000000717a00000| 88%| E|  |TAMS 0x0000000717800000, 0x0000000717800000| Complete 
| 114|0x0000000717a00000, 0x0000000717c00000, 0x0000000717c00000|100%| E|CS|TAMS 0x0000000717a00000, 0x0000000717a00000| Complete 
| 115|0x0000000717c00000, 0x0000000717e00000, 0x0000000717e00000|100%| E|CS|TAMS 0x0000000717c00000, 0x0000000717c00000| Complete 
| 116|0x0000000717e00000, 0x0000000718000000, 0x0000000718000000|100%| E|CS|TAMS 0x0000000717e00000, 0x0000000717e00000| Complete 
| 117|0x0000000718000000, 0x0000000718200000, 0x0000000718200000|100%| E|CS|TAMS 0x0000000718000000, 0x0000000718000000| Complete 
| 118|0x0000000718200000, 0x0000000718400000, 0x0000000718400000|100%| E|CS|TAMS 0x0000000718200000, 0x0000000718200000| Complete 
| 119|0x0000000718400000, 0x0000000718600000, 0x0000000718600000|100%| E|CS|TAMS 0x0000000718400000, 0x0000000718400000| Complete 
| 120|0x0000000718600000, 0x0000000718800000, 0x0000000718800000|100%| E|CS|TAMS 0x0000000718600000, 0x0000000718600000| Complete 
| 121|0x0000000718800000, 0x0000000718a00000, 0x0000000718a00000|100%| E|CS|TAMS 0x0000000718800000, 0x0000000718800000| Complete 
| 122|0x0000000718a00000, 0x0000000718c00000, 0x0000000718c00000|100%| E|CS|TAMS 0x0000000718a00000, 0x0000000718a00000| Complete 
| 123|0x0000000718c00000, 0x0000000718e00000, 0x0000000718e00000|100%| E|CS|TAMS 0x0000000718c00000, 0x0000000718c00000| Complete 

Card table byte_map: [0x000001e4807c0000,0x000001e480f80000] _byte_map_base: 0x000001e47cf75000

Marking Bits (Prev, Next): (CMBitMap*) 0x000001e4e6c6c790, (CMBitMap*) 0x000001e4e6c6c7d0
 Prev Bits: [0x000001e481740000, 0x000001e4854e8000)
 Next Bits: [0x000001e4854f0000, 0x000001e489298000)

Polling page: 0x000001e4e6d00000

Metaspace:

Usage:
  Non-class:      6.08 MB used.
      Class:    751.91 KB used.
       Both:      6.82 MB used.

Virtual space:
  Non-class space:        8.00 MB reserved,       6.19 MB ( 77%) committed,  1 nodes.
      Class space:        1.00 GB reserved,     832.00 KB ( <1%) committed,  1 nodes.
             Both:        1.01 GB reserved,       7.00 MB ( <1%) committed. 

Chunk freelists:
   Non-Class:  1.86 MB
       Class:  3.22 MB
        Both:  5.08 MB

MaxMetaspaceSize: unlimited
CompressedClassSpaceSize: 1.00 GB
Initial GC threshold: 21.00 MB
Current GC threshold: 21.00 MB
CDS: on
MetaspaceReclaimPolicy: balanced
 - commit_granule_bytes: 65536.
 - commit_granule_words: 8192.
 - virtual_space_node_default_size: 1048576.
 - enlarge_chunks_in_place: 1.
 - new_chunks_are_fully_committed: 0.
 - uncommit_free_chunks: 1.
 - use_allocation_guard: 0.
 - handle_deallocations: 1.


Internal statistics:

num_allocs_failed_limit: 0.
num_arena_births: 128.
num_arena_deaths: 0.
num_vsnodes_births: 2.
num_vsnodes_deaths: 0.
num_space_committed: 112.
num_space_uncommitted: 0.
num_chunks_returned_to_freelist: 0.
num_chunks_taken_from_freelist: 178.
num_chunk_merges: 0.
num_chunk_splits: 106.
num_chunks_enlarged: 52.
num_purges: 0.
num_inconsistent_stats: 0.

CodeHeap 'non-profiled nmethods': size=119168Kb used=435Kb max_used=435Kb free=118732Kb
 bounds [0x000001e4f7a80000, 0x000001e4f7cf0000, 0x000001e4feee0000]
CodeHeap 'profiled nmethods': size=119104Kb used=1600Kb max_used=1600Kb free=117503Kb
 bounds [0x000001e4f0630000, 0x000001e4f08a0000, 0x000001e4f7a80000]
CodeHeap 'non-nmethods': size=7488Kb used=2386Kb max_used=2420Kb free=5101Kb
 bounds [0x000001e4efee0000, 0x000001e4f0150000, 0x000001e4f0630000]
 total_blobs=1719 nmethods=1139 adapters=491
 compilation: enabled
              stopped_count=0, restarted_count=0
 full_count=0

Compilation events (20 events):
Event: 1.058 Thread 0x000001e48cd02670 1125       3       summit.game.tile.TileStack::paint (40 bytes)
Event: 1.059 Thread 0x000001e48d6ea9b0 nmethod 1120 0x000001e4f7ae6910 code [0x000001e4f7ae6ae0, 0x000001e4f7ae7428]
Event: 1.059 Thread 0x000001e48cd02670 nmethod 1125 0x000001e4f07bd810 code [0x000001e4f07bda20, 0x000001e4f07be278]
Event: 1.064 Thread 0x000001e48d6ea9b0 1126 %     4       summit.gfx.Renderer::rotate @ 21 (62 bytes)
Event: 1.070 Thread 0x000001e48d6ea9b0 nmethod 1126% 0x000001e4f7ae7b10 code [0x000001e4f7ae7ca0, 0x000001e4f7ae80d8]
Event: 1.072 Thread 0x000001e48cd00150 1127       3       summit.gfx.Renderer::toIntRGB (51 bytes)
Event: 1.072 Thread 0x000001e48c25cf20 1128       3       summit.gfx.Renderer::fillRect (70 bytes)
Event: 1.072 Thread 0x000001e48cd00150 nmethod 1127 0x000001e4f07be510 code [0x000001e4f07be6a0, 0x000001e4f07be898]
Event: 1.072 Thread 0x000001e48c25cf20 nmethod 1128 0x000001e4f07be910 code [0x000001e4f07beae0, 0x000001e4f07befd8]
Event: 1.073 Thread 0x000001e48c25cf20 1129 %     3       summit.gfx.Renderer::filterFrame @ 10 (57 bytes)
Event: 1.073 Thread 0x000001e48c25cf20 nmethod 1129% 0x000001e4f07bf210 code [0x000001e4f07bf3e0, 0x000001e4f07bf848]
Event: 1.073 Thread 0x000001e48c25cf20 1130       3       summit.gfx.Renderer::filterFrame (57 bytes)
Event: 1.073 Thread 0x000001e48c25cf20 nmethod 1130 0x000001e4f07bfb10 code [0x000001e4f07bfce0, 0x000001e4f07c00a8]
Event: 1.081 Thread 0x000001e48d6eaec0 1131       4       summit.gfx.Renderer::rotate (62 bytes)
Event: 1.086 Thread 0x000001e48cd00150 1132       1       summit.game.entity.Entity::inWater (5 bytes)
Event: 1.086 Thread 0x000001e48cd02670 1133       1       summit.game.GameUpdateEvent::getDeltaTime (5 bytes)
Event: 1.087 Thread 0x000001e48cd02670 nmethod 1133 0x000001e4f7ae8310 code [0x000001e4f7ae84a0, 0x000001e4f7ae8578]
Event: 1.087 Thread 0x000001e48cd00150 nmethod 1132 0x000001e4f7ae8610 code [0x000001e4f7ae87a0, 0x000001e4f7ae8878]
Event: 1.089 Thread 0x000001e48d6eaec0 nmethod 1131 0x000001e4f7ae8910 code [0x000001e4f7ae8aa0, 0x000001e4f7ae9018]
Event: 1.089 Thread 0x000001e48cf81570 nmethod 1123 0x000001e4f7ae9310 code [0x000001e4f7ae9520, 0x000001e4f7aead68]

GC Heap History (0 events):
No events

Deoptimization events (20 events):
Event: 1.053 Thread 0x000001e48d689660 DEOPT PACKING pc=0x000001e4f07ba079 sp=0x000000879edff530
Event: 1.053 Thread 0x000001e48d689660 DEOPT UNPACKING pc=0x000001e4eff32b43 sp=0x000000879edfe9d8 mode 0
Event: 1.054 Thread 0x000001e48d689660 DEOPT PACKING pc=0x000001e4f07ba079 sp=0x000000879edff530
Event: 1.054 Thread 0x000001e48d689660 DEOPT UNPACKING pc=0x000001e4eff32b43 sp=0x000000879edfe9d8 mode 0
Event: 1.054 Thread 0x000001e48d689660 DEOPT PACKING pc=0x000001e4f07ba079 sp=0x000000879edff530
Event: 1.054 Thread 0x000001e48d689660 DEOPT UNPACKING pc=0x000001e4eff32b43 sp=0x000000879edfe9d8 mode 0
Event: 1.055 Thread 0x000001e48d689660 DEOPT PACKING pc=0x000001e4f07ba079 sp=0x000000879edff530
Event: 1.055 Thread 0x000001e48d689660 DEOPT UNPACKING pc=0x000001e4eff32b43 sp=0x000000879edfe9d8 mode 0
Event: 1.056 Thread 0x000001e48d689660 DEOPT PACKING pc=0x000001e4f07ba079 sp=0x000000879edff530
Event: 1.056 Thread 0x000001e48d689660 DEOPT UNPACKING pc=0x000001e4eff32b43 sp=0x000000879edfe9d8 mode 0
Event: 1.057 Thread 0x000001e48d689660 DEOPT PACKING pc=0x000001e4f07ba079 sp=0x000000879edff530
Event: 1.057 Thread 0x000001e48d689660 DEOPT UNPACKING pc=0x000001e4eff32b43 sp=0x000000879edfe9d8 mode 0
Event: 1.058 Thread 0x000001e48d689660 DEOPT PACKING pc=0x000001e4f07ba079 sp=0x000000879edff530
Event: 1.058 Thread 0x000001e48d689660 DEOPT UNPACKING pc=0x000001e4eff32b43 sp=0x000000879edfe9d8 mode 0
Event: 1.059 Thread 0x000001e48d689660 DEOPT PACKING pc=0x000001e4f07ba079 sp=0x000000879edff530
Event: 1.059 Thread 0x000001e48d689660 DEOPT UNPACKING pc=0x000001e4eff32b43 sp=0x000000879edfe9d8 mode 0
Event: 1.081 Thread 0x000001e48d687930 DEOPT PACKING pc=0x000001e4f07bd51d sp=0x000000879e7feec0
Event: 1.081 Thread 0x000001e48d687930 DEOPT UNPACKING pc=0x000001e4eff32b43 sp=0x000000879e7fe350 mode 0
Event: 1.086 Thread 0x000001e48d687930 DEOPT PACKING pc=0x000001e4f07bd51d sp=0x000000879e7fee30
Event: 1.086 Thread 0x000001e48d687930 DEOPT UNPACKING pc=0x000001e4eff32b43 sp=0x000000879e7fe2c0 mode 0

Classes unloaded (0 events):
No events

Classes redefined (0 events):
No events

Internal exceptions (14 events):
Event: 0.053 Thread 0x000001e48cd3df70 Exception <a 'java/lang/ClassNotFoundException'{0x0000000718a2c1c8}: sun/awt/resources/spi/awtProvider> (0x0000000718a2c1c8) 
thrown [e:\jenkins\tmp\workspace\build\src\src\hotspot\share\classfile\systemDictionary.cpp, line 256]
Event: 0.072 Thread 0x000001e48cd3df70 Exception <a 'java/io/FileNotFoundException'{0x0000000718b666c8}> (0x0000000718b666c8) 
thrown [e:\jenkins\tmp\workspace\build\src\src\hotspot\share\prims\jni.cpp, line 516]
Event: 0.078 Thread 0x000001e48cd3df70 Exception <a 'java/io/FileNotFoundException'{0x0000000718b93620}> (0x0000000718b93620) 
thrown [e:\jenkins\tmp\workspace\build\src\src\hotspot\share\prims\jni.cpp, line 516]
Event: 0.092 Thread 0x000001e48cd3df70 Exception <a 'java/lang/NoSuchMethodError'{0x0000000718bc9050}: 'java.lang.Object java.lang.invoke.DirectMethodHandle$Holder.invokeStaticInit(java.lang.Object)'> (0x0000000718bc9050) 
thrown [e:\jenkins\tmp\workspace\build\src\src\hotspot\share\interpreter\linkResolver.cpp, line 766]
Event: 0.227 Thread 0x000001e48cd3df70 Exception <a 'java/lang/NoSuchMethodError'{0x0000000718762a18}: 'void java.lang.invoke.DirectMethodHandle$Holder.invokeSpecial(java.lang.Object, java.lang.Object, java.lang.Object)'> (0x0000000718762a18) 
thrown [e:\jenkins\tmp\workspace\build\src\src\hotspot\share\interpreter\linkResolver.cpp, line 766]
Event: 0.233 Thread 0x000001e48cd3df70 Exception <a 'java/lang/NoSuchMethodError'{0x000000071878ccb0}: 'java.lang.Object java.lang.invoke.DirectMethodHandle$Holder.newInvokeSpecial(java.lang.Object, java.lang.Object, java.lang.Object, java.lang.Object, java.lang.Object)'> (0x000000071878ccb0) 
thrown [e:\jenkins\tmp\workspace\build\src\src\hotspot\share\interpreter\linkResolver.cpp, line 766]
Event: 0.235 Thread 0x000001e48cd3df70 Exception <a 'java/lang/NoSuchMethodError'{0x0000000718798678}: 'java.lang.Object java.lang.invoke.DirectMethodHandle$Holder.invokeStatic(java.lang.Object, int, java.lang.Object, java.lang.Object, java.lang.Object, java.lang.Object)'> (0x0000000718798678) 
thrown [e:\jenkins\tmp\workspace\build\src\src\hotspot\share\interpreter\linkResolver.cpp, line 766]
Event: 0.238 Thread 0x000001e48cd3df70 Exception <a 'java/lang/NoSuchMethodError'{0x00000007187bdd98}: 'java.lang.Object java.lang.invoke.DirectMethodHandle$Holder.invokeStatic(java.lang.Object, int, java.lang.Object)'> (0x00000007187bdd98) 
thrown [e:\jenkins\tmp\workspace\build\src\src\hotspot\share\interpreter\linkResolver.cpp, line 766]
Event: 0.256 Thread 0x000001e48cd3df70 Exception <a 'java/lang/ClassNotFoundException'{0x0000000718476108}: com/sun/swing/internal/plaf/metal/resources/spi/metalProvider> (0x0000000718476108) 
thrown [e:\jenkins\tmp\workspace\build\src\src\hotspot\share\classfile\systemDictionary.cpp, line 256]
Event: 0.257 Thread 0x000001e48cd3df70 Exception <a 'java/lang/ClassNotFoundException'{0x0000000718479fe0}: com/sun/swing/internal/plaf/basic/resources/spi/basicProvider> (0x0000000718479fe0) 
thrown [e:\jenkins\tmp\workspace\build\src\src\hotspot\share\classfile\systemDictionary.cpp, line 256]
Event: 0.269 Thread 0x000001e48cf2b030 Exception <a 'java/lang/NoSuchMethodError'{0x0000000718680998}: 'void java.lang.invoke.DirectMethodHandle$Holder.invokeVirtual(java.lang.Object, java.lang.Object)'> (0x0000000718680998) 
thrown [e:\jenkins\tmp\workspace\build\src\src\hotspot\share\interpreter\linkResolver.cpp, line 766]
Event: 0.279 Thread 0x000001e48cd3df70 Exception <a 'java/lang/NoSuchMethodError'{0x00000007184b7ff0}: 'void java.lang.invoke.DirectMethodHandle$Holder.invokeStaticInit(java.lang.Object)'> (0x00000007184b7ff0) 
thrown [e:\jenkins\tmp\workspace\build\src\src\hotspot\share\interpreter\linkResolver.cpp, line 766]
Event: 1.017 Thread 0x000001e48d664120 Implicit null exception at 0x000001e4f7ad89d5 to 0x000001e4f7ad8af8
Event: 1.017 Thread 0x000001e48d664120 Implicit null exception at 0x000001e4f7ad7956 to 0x000001e4f7ad7a54

VM Operations (10 events):
Event: 0.039 Executing VM operation: HandshakeAllThreads
Event: 0.039 Executing VM operation: HandshakeAllThreads done
Event: 0.256 Executing VM operation: HandshakeAllThreads
Event: 0.256 Executing VM operation: HandshakeAllThreads done
Event: 0.295 Executing VM operation: HandshakeAllThreads
Event: 0.295 Executing VM operation: HandshakeAllThreads done
Event: 0.321 Executing VM operation: HandshakeAllThreads
Event: 0.321 Executing VM operation: HandshakeAllThreads done
Event: 1.001 Executing VM operation: HandshakeAllThreads
Event: 1.001 Executing VM operation: HandshakeAllThreads done

Events (20 events):
Event: 0.343 loading class java/text/AttributedCharacterIterator
Event: 0.343 loading class java/text/CharacterIterator
Event: 0.343 loading class java/text/CharacterIterator done
Event: 0.343 loading class java/text/AttributedCharacterIterator done
Event: 0.343 loading class java/text/AttributedString$AttributedStringIterator done
Event: 0.354 loading class sun/awt/image/BufImgSurfaceManager
Event: 0.354 loading class sun/awt/image/BufImgSurfaceManager done
Event: 0.354 loading class sun/awt/image/BufImgSurfaceData
Event: 0.354 loading class sun/awt/image/BufImgSurfaceData done
Event: 0.354 loading class sun/awt/image/BufImgSurfaceData$ICMColorData
Event: 0.354 loading class sun/awt/image/BufImgSurfaceData$ICMColorData done
Event: 0.674 Thread 0x000001e48cf14670 Thread exited: 0x000001e48cf14670
Event: 0.999 loading class java/lang/Math$RandomNumberGeneratorHolder
Event: 0.999 loading class java/lang/Math$RandomNumberGeneratorHolder done
Event: 1.013 Thread 0x000001e48cf82360 Thread added: 0x000001e48cf82360
Event: 1.013 Thread 0x000001e48cf81570 Thread added: 0x000001e48cf81570
Event: 1.014 Thread 0x000001e48d6ea4a0 Thread added: 0x000001e48d6ea4a0
Event: 1.014 Thread 0x000001e48d6ea9b0 Thread added: 0x000001e48d6ea9b0
Event: 1.014 Thread 0x000001e48d6eaec0 Thread added: 0x000001e48d6eaec0
Event: 1.027 Thread 0x000001e48d689660 Thread added: 0x000001e48d689660


Dynamic libraries:
0x00007ff7039e0000 - 0x00007ff7039ee000 	C:\Users\aadiu\AppData\Local\Programs\Eclipse Adoptium\jdk-17.0.2.8-hotspot\bin\java.exe
0x00007ffb36970000 - 0x00007ffb36b68000 	C:\Windows\SYSTEM32\ntdll.dll
0x00007ffb352a0000 - 0x00007ffb3535f000 	C:\Windows\System32\KERNEL32.DLL
0x00007ffb34310000 - 0x00007ffb345e2000 	C:\Windows\System32\KERNELBASE.dll
0x00007ffb34110000 - 0x00007ffb34210000 	C:\Windows\System32\ucrtbase.dll
0x00007ffb31b00000 - 0x00007ffb31b18000 	C:\Users\aadiu\AppData\Local\Programs\Eclipse Adoptium\jdk-17.0.2.8-hotspot\bin\jli.dll
0x00007ffb1e390000 - 0x00007ffb1e3a9000 	C:\Users\aadiu\AppData\Local\Programs\Eclipse Adoptium\jdk-17.0.2.8-hotspot\bin\VCRUNTIME140.dll
0x00007ffb35530000 - 0x00007ffb356cd000 	C:\Windows\System32\USER32.dll
0x00007ffb34720000 - 0x00007ffb34742000 	C:\Windows\System32\win32u.dll
0x00007ffb20b10000 - 0x00007ffb20daa000 	C:\Windows\WinSxS\amd64_microsoft.windows.common-controls_6595b64144ccf1df_6.0.19041.1110_none_60b5254171f9507e\COMCTL32.dll
0x00007ffb35fa0000 - 0x00007ffb35fcb000 	C:\Windows\System32\GDI32.dll
0x00007ffb35f00000 - 0x00007ffb35f9e000 	C:\Windows\System32\msvcrt.dll
0x00007ffb34750000 - 0x00007ffb3485f000 	C:\Windows\System32\gdi32full.dll
0x00007ffb345f0000 - 0x00007ffb3468d000 	C:\Windows\System32\msvcp_win.dll
0x00007ffb356f0000 - 0x00007ffb35722000 	C:\Windows\System32\IMM32.DLL
0x00007ffb31f10000 - 0x00007ffb31f1c000 	C:\Users\aadiu\AppData\Local\Programs\Eclipse Adoptium\jdk-17.0.2.8-hotspot\bin\vcruntime140_1.dll
0x00007ffb0bb80000 - 0x00007ffb0bc11000 	C:\Users\aadiu\AppData\Local\Programs\Eclipse Adoptium\jdk-17.0.2.8-hotspot\bin\msvcp140.dll
0x00007ffabf480000 - 0x00007ffac00c7000 	C:\Users\aadiu\AppData\Local\Programs\Eclipse Adoptium\jdk-17.0.2.8-hotspot\bin\server\jvm.dll
0x00007ffb34ec0000 - 0x00007ffb34f6e000 	C:\Windows\System32\ADVAPI32.dll
0x00007ffb35e60000 - 0x00007ffb35efc000 	C:\Windows\System32\sechost.dll
0x00007ffb35ba0000 - 0x00007ffb35cc5000 	C:\Windows\System32\RPCRT4.dll
0x00007ffb34eb0000 - 0x00007ffb34eb8000 	C:\Windows\System32\PSAPI.DLL
0x00007ffb31d40000 - 0x00007ffb31d67000 	C:\Windows\SYSTEM32\WINMM.dll
0x00007ffb2d720000 - 0x00007ffb2d72a000 	C:\Windows\SYSTEM32\VERSION.dll
0x00007ffb1d990000 - 0x00007ffb1d999000 	C:\Windows\SYSTEM32\WSOCK32.dll
0x00007ffb35160000 - 0x00007ffb351cb000 	C:\Windows\System32\WS2_32.dll
0x00007ffb31fa0000 - 0x00007ffb31fb2000 	C:\Windows\SYSTEM32\kernel.appcore.dll
0x00007ffb31e90000 - 0x00007ffb31e9a000 	C:\Users\aadiu\AppData\Local\Programs\Eclipse Adoptium\jdk-17.0.2.8-hotspot\bin\jimage.dll
0x00007ffb31b50000 - 0x00007ffb31d34000 	C:\Windows\SYSTEM32\DBGHELP.DLL
0x00007ffb31b20000 - 0x00007ffb31b4c000 	C:\Windows\SYSTEM32\dbgcore.DLL
0x00007ffb34690000 - 0x00007ffb34712000 	C:\Windows\System32\bcryptPrimitives.dll
0x00007ffb1e360000 - 0x00007ffb1e385000 	C:\Users\aadiu\AppData\Local\Programs\Eclipse Adoptium\jdk-17.0.2.8-hotspot\bin\java.dll
0x00007ffb0baa0000 - 0x00007ffb0bb76000 	C:\Users\aadiu\AppData\Local\Programs\Eclipse Adoptium\jdk-17.0.2.8-hotspot\bin\jsvml.dll
0x00007ffb35fd0000 - 0x00007ffb36713000 	C:\Windows\System32\SHELL32.dll
0x00007ffb32130000 - 0x00007ffb328c2000 	C:\Windows\SYSTEM32\windows.storage.dll
0x00007ffb34ad0000 - 0x00007ffb34e24000 	C:\Windows\System32\combase.dll
0x00007ffb33a60000 - 0x00007ffb33a90000 	C:\Windows\SYSTEM32\Wldp.dll
0x00007ffb349c0000 - 0x00007ffb34a6d000 	C:\Windows\System32\SHCORE.dll
0x00007ffb35020000 - 0x00007ffb35075000 	C:\Windows\System32\shlwapi.dll
0x00007ffb33fb0000 - 0x00007ffb33fcf000 	C:\Windows\SYSTEM32\profapi.dll
0x00007ffb0b1f0000 - 0x00007ffb0b37e000 	C:\Users\aadiu\AppData\Local\Programs\Eclipse Adoptium\jdk-17.0.2.8-hotspot\bin\awt.dll
0x00007ffb351d0000 - 0x00007ffb3529d000 	C:\Windows\System32\OLEAUT32.dll
0x00007ffb31300000 - 0x00007ffb31391000 	C:\Windows\SYSTEM32\apphelp.dll
0x00007ffb1e340000 - 0x00007ffb1e358000 	C:\Users\aadiu\AppData\Local\Programs\Eclipse Adoptium\jdk-17.0.2.8-hotspot\bin\zip.dll
0x00007ffb31410000 - 0x00007ffb314ae000 	C:\Windows\system32\uxtheme.dll
0x00007ffb353f0000 - 0x00007ffb35505000 	C:\Windows\System32\MSCTF.dll
0x00007ffb35cd0000 - 0x00007ffb35dfa000 	C:\Windows\System32\ole32.dll
0x00007ffb31590000 - 0x00007ffb315bf000 	C:\Windows\system32\DWMAPI.DLL
0x00007ffadadb0000 - 0x00007ffadaed5000 	C:\Windows\system32\opengl32.dll
0x00007ffada100000 - 0x00007ffada12c000 	C:\Windows\SYSTEM32\GLU32.dll
0x00007ffb269b0000 - 0x00007ffb26b7f000 	C:\Windows\system32\d3d9.dll
0x00007ffb28d70000 - 0x00007ffb28f28000 	C:\Windows\System32\DriverStore\FileRepository\u0370468.inf_amd64_5e4260b11257b6e9\B370372\aticfx64.dll
0x00007ffb1dfb0000 - 0x00007ffb1dfe4000 	C:\Windows\System32\DriverStore\FileRepository\u0370468.inf_amd64_5e4260b11257b6e9\B370372\atiu9p64.dll
0x00007ffabe720000 - 0x00007ffabf474000 	C:\Windows\System32\DriverStore\FileRepository\u0370468.inf_amd64_5e4260b11257b6e9\B370372\atiumd64.dll
0x000000006c4b0000 - 0x000000006d324000 	C:\Windows\System32\DriverStore\FileRepository\u0370468.inf_amd64_5e4260b11257b6e9\B370372\atiumd6a.dll
0x00007ffb35730000 - 0x00007ffb35b98000 	C:\Windows\System32\SETUPAPI.dll
0x00007ffb34210000 - 0x00007ffb3425e000 	C:\Windows\System32\cfgmgr32.dll
0x00007ffb33e30000 - 0x00007ffb33e7b000 	C:\Windows\SYSTEM32\POWRPROF.dll
0x00007ffb34070000 - 0x00007ffb34097000 	C:\Windows\System32\bcrypt.dll
0x00007ffb33e10000 - 0x00007ffb33e22000 	C:\Windows\SYSTEM32\UMPDC.dll
0x00007ffb29180000 - 0x00007ffb291b0000 	C:\Windows\SYSTEM32\amdihk64.dll
0x00007ffb29960000 - 0x00007ffb2999b000 	C:\Windows\SYSTEM32\dxcore.dll
0x00007ffb0d970000 - 0x00007ffb0d9f9000 	C:\Users\aadiu\AppData\Local\Programs\Eclipse Adoptium\jdk-17.0.2.8-hotspot\bin\freetype.dll
0x00007ffb0b3e0000 - 0x00007ffb0b488000 	C:\Users\aadiu\AppData\Local\Programs\Eclipse Adoptium\jdk-17.0.2.8-hotspot\bin\fontmanager.dll
0x00007ffb28f30000 - 0x00007ffb29029000 	C:\Windows\SYSTEM32\textinputframework.dll
0x00007ffb30e70000 - 0x00007ffb311ce000 	C:\Windows\System32\CoreUIComponents.dll
0x00007ffb309d0000 - 0x00007ffb30ac2000 	C:\Windows\System32\CoreMessaging.dll
0x00007ffb33190000 - 0x00007ffb331c3000 	C:\Windows\SYSTEM32\ntmarta.dll
0x00007ffb30200000 - 0x00007ffb30354000 	C:\Windows\SYSTEM32\wintypes.dll

dbghelp: loaded successfully - version: 4.0.5 - missing functions: none
symbol engine: initialized successfully - sym options: 0x614 - pdb path: .;C:\Users\aadiu\AppData\Local\Programs\Eclipse Adoptium\jdk-17.0.2.8-hotspot\bin;C:\Windows\SYSTEM32;C:\Windows\WinSxS\amd64_microsoft.windows.common-controls_6595b64144ccf1df_6.0.19041.1110_none_60b5254171f9507e;C:\Users\aadiu\AppData\Local\Programs\Eclipse Adoptium\jdk-17.0.2.8-hotspot\bin\server;C:\Windows\System32\DriverStore\FileRepository\u0370468.inf_amd64_5e4260b11257b6e9\B370372

VM Arguments:
jvm_args: -XX:+ShowCodeDetailsInExceptionMessages 
java_command: summit.Main
java_class_path (initial): C:\Users\aadiu\AppData\Roaming\Code\User\workspaceStorage\929b6f7fce9865a60d0bbe8b6a275a21\redhat.java\jdt_ws\Summit Game_948de7c9\bin
Launcher Type: SUN_STANDARD

[Global flags]
     intx CICompilerCount                          = 12                                        {product} {ergonomic}
     uint ConcGCThreads                            = 3                                         {product} {ergonomic}
     uint G1ConcRefinementThreads                  = 13                                        {product} {ergonomic}
   size_t G1HeapRegionSize                         = 2097152                                   {product} {ergonomic}
    uintx GCDrainStackTargetSize                   = 64                                        {product} {ergonomic}
   size_t InitialHeapSize                          = 260046848                                 {product} {ergonomic}
   size_t MarkStackSize                            = 4194304                                   {product} {ergonomic}
   size_t MaxHeapSize                              = 4137680896                                {product} {ergonomic}
   size_t MaxNewSize                               = 2480930816                                {product} {ergonomic}
   size_t MinHeapDeltaBytes                        = 2097152                                   {product} {ergonomic}
   size_t MinHeapSize                              = 8388608                                   {product} {ergonomic}
    uintx NonNMethodCodeHeapSize                   = 7602480                                {pd product} {ergonomic}
    uintx NonProfiledCodeHeapSize                  = 122027880                              {pd product} {ergonomic}
    uintx ProfiledCodeHeapSize                     = 122027880                              {pd product} {ergonomic}
    uintx ReservedCodeCacheSize                    = 251658240                              {pd product} {ergonomic}
     bool SegmentedCodeCache                       = true                                      {product} {ergonomic}
     bool ShowCodeDetailsInExceptionMessages       = true                                   {manageable} {command line}
   size_t SoftMaxHeapSize                          = 4137680896                             {manageable} {ergonomic}
     bool UseCompressedClassPointers               = true                           {product lp64_product} {ergonomic}
     bool UseCompressedOops                        = true                           {product lp64_product} {ergonomic}
     bool UseG1GC                                  = true                                      {product} {ergonomic}
     bool UseLargePagesIndividualAllocation        = false                                  {pd product} {ergonomic}

Logging:
Log output configuration:
 #0: stdout all=warning uptime,level,tags
 #1: stderr all=off uptime,level,tags

Environment Variables:
JAVA_HOME=C:\Users\aadiu\AppData\Local\Programs\Eclipse Adoptium\jdk-17.0.2.8-hotspot\
PATH=C:\Program Files (x86)\Razer Chroma SDK\bin;C:\Program Files\Razer Chroma SDK\bin;C:\Program Files (x86)\Razer\ChromaBroadcast\bin;C:\Program Files\Razer\ChromaBroadcast\bin;C:\Program Files (x86)\Common Files\Oracle\Java\javapath;C:\Program Files\Python38\Scripts\;C:\Program Files\Python38\;C:\Windows\system32;C:\Windows;C:\Windows\System32\Wbem;C:\Windows\System32\WindowsPowerShell\v1.0\;C:\Windows\System32\OpenSSH\;C:\Program Files (x86)\NVIDIA Corporation\PhysX\Common;C:\Program Files\NVIDIA Corporation\NVIDIA NvDLISR;C:\Users\aadiu\AppData\Local\Microsoft\WindowsApps;C:\Users\aadiu\AppData\Local\Programs\Microsoft VS Code\bin;C:\Windows\system32\config\systemprofile\AppData\Local\Microsoft\WindowsApps;C:\Program Files\dotnet\;C:\Program Files\Git\cmd;C:\MinGW\bin\;C:\Program Files (x86)\Windows Kits\10\Windows Performance Toolkit\;C:\Users\aadiu\AppData\Local\Programs\Eclipse Adoptium\jdk-17.0.2.8-hotspot\bin;C:\Users\aadiu\AppData\Local\Microsoft\WindowsApps;C:\Users\aadiu\AppData\Local\Programs\Microsoft VS Code\bin;C:\Users\aadiu\AppData\Local\GitHubDesktop\bin
USERNAME=aadiu
LANG=en_US.UTF-8
OS=Windows_NT
PROCESSOR_IDENTIFIER=AMD64 Family 25 Model 80 Stepping 0, AuthenticAMD



---------------  S Y S T E M  ---------------

OS:
 Windows 10 , 64 bit Build 19041 (10.0.19041.2251)
OS uptime: 1 days 8:14 hours

CPU: total 16 (initial active 16) (16 cores per cpu, 2 threads per core) family 25 model 80 stepping 0 microcode 0x0, cx8, cmov, fxsr, ht, mmx, 3dnowpref, sse, sse2, sse3, ssse3, sse4a, sse4.1, sse4.2, popcnt, lzcnt, tsc, tscinvbit, avx, avx2, aes, erms, clmul, bmi1, bmi2, adx, sha, fma, vzeroupper, clflush, clflushopt

Memory: 4k page, system-wide physical 15776M (7650M free)
TotalPageFile size 20128M (AvailPageFile size 7080M)
current process WorkingSet (physical memory assigned to process): 111M, peak: 112M
current process commit charge ("private bytes"): 427M, peak: 428M

vm_info: OpenJDK 64-Bit Server VM (17.0.2+8) for windows-amd64 JRE (17.0.2+8), built on Jan 20 2022 04:52:34 by "" with MS VC++ 16.7 (VS2019)

END.
