#
# A fatal error has been detected by the Java Runtime Environment:
#
#  EXCEPTION_ACCESS_VIOLATION (0xc0000005) at pc=0x0000022ef5a19a3b, pid=23844, tid=22768
#
# JRE version: OpenJDK Runtime Environment Temurin-17.0.4.1+1 (17.0.4.1+1) (build 17.0.4.1+1)
# Java VM: OpenJDK 64-Bit Server VM Temurin-17.0.4.1+1 (17.0.4.1+1, mixed mode, sharing, tiered, compressed oops, compressed class ptrs, g1 gc, windows-amd64)
# Problematic frame:
# J 1270 c2 summit.gfx.Renderer.render(Ljava/lang/String;FFILsummit/gfx/ColorFilter;)V (282 bytes) @ 0x0000022ef5a19a3b [0x0000022ef5a18e20+0x0000000000000c1b]
#
# No core dump will be written. Minidumps are not enabled by default on client versions of Windows
#
# If you would like to submit a bug report, please visit:
#   https://github.com/adoptium/adoptium-support/issues
#

---------------  S U M M A R Y ------------

Command Line: -XX:+ShowCodeDetailsInExceptionMessages summit.Main

Host: AMD Ryzen 9 5900HS with Radeon Graphics        , 16 cores, 15G,  Windows 10 , 64 bit Build 19041 (10.0.19041.2251)
Time: Tue Nov 15 18:22:26 2022 Central Standard Time elapsed time: 2.204700 seconds (0d 0h 0m 2s)

---------------  T H R E A D  ---------------

Current thread (0x0000022effda2a90):  JavaThread "Thread-2" [_thread_in_Java, id=22768, stack(0x000000d368200000,0x000000d368300000)]

Stack: [0x000000d368200000,0x000000d368300000],  sp=0x000000d3682ff020,  free space=1020k
Native frames: (J=compiled Java code, j=interpreted, Vv=VM code, C=native code)
C  0x0000022ef5a19a3b


siginfo: EXCEPTION_ACCESS_VIOLATION (0xc0000005), reading address 0x0000000b17622958


Register to memory mapping:

RIP=0x0000022ef5a19a3b is at entry_point+3099 in (nmethod*)0x0000022ef5a18c10
RAX=0x00000000ffffffe9 is an unknown value
RBX=3807135025 is a compressed pointer to object: [[I 
{0x0000000717622988} - klass: {type array int}[]
 - length: 144
RCX=0x00000000fffffff0 is an unknown value
RDX=0x0 is NULL
RSP=0x000000d3682ff020 is pointing into the stack for thread: 0x0000022effda2a90
RBP=0x0000000000000090 is an unknown value
RSI=0x0 is NULL
RDI=0x0000000000000100 is an unknown value
R8 =0x0000000000000010 is an unknown value
R9 =0x0000000717622978 is an oop: summit.gfx.Renderer 
{0x0000000717622978} - klass: 'summit/gfx/Renderer'
 - ---- fields (total size 2 words):
 - private 'frame' '[[I' @12  a {type array int}[144] {0x0000000717622988} (e2ec4531)
R10=0x0000000717622988 is an oop: [[I 
{0x0000000717622988} - klass: {type array int}[]
 - length: 144
R11=0x00000000fffffff0 is an unknown value
R12=0x0 is NULL
R13=0x0000000000000001 is an unknown value
R14=0x0000000000000010 is an unknown value
R15=0x0000022effda2a90 is a thread


Registers:
RAX=0x00000000ffffffe9, RBX=0x00000000e2ec4531, RCX=0x00000000fffffff0, RDX=0x0000000000000000
RSP=0x000000d3682ff020, RBP=0x0000000000000090, RSI=0x0000000000000000, RDI=0x0000000000000100
R8 =0x0000000000000010, R9 =0x0000000717622978, R10=0x0000000717622988, R11=0x00000000fffffff0
R12=0x0000000000000000, R13=0x0000000000000001, R14=0x0000000000000010, R15=0x0000022effda2a90
RIP=0x0000022ef5a19a3b, EFLAGS=0x0000000000010287

Top of Stack: (sp=0x000000d3682ff020)
0x000000d3682ff020:   0000010000000000 00000000fffffff8
0x000000d3682ff030:   fffffff0ffffffe8 0000000000000000
0x000000d3682ff040:   000000071773df78 fffffff0ffffffe8
0x000000d3682ff050:   0000000700000009 000000000000000f
0x000000d3682ff060:   0000000000000003 0000022e4327fffc
0x000000d3682ff070:   00000000c1800000 0000000718a64088
0x000000d3682ff080:   000000d3682ff328 0000022eee723314
0x000000d3682ff090:   000000d3682ff520 0000022eee70748c
0x000000d3682ff0a0:   0000000000000000 4090e00000000000
0x000000d3682ff0b0:   0000022eede08e10 0000000700000000
0x000000d3682ff0c0:   000000d3682ff260 0000000717622978
0x000000d3682ff0d0:   0000000718a64088 0000022e00000001
0x000000d3682ff0e0:   0000000000000000 0000000717fdb7cc
0x000000d3682ff0f0:   000000d3682ff328 0000022eee72456c
0x000000d3682ff100:   0000000717fdb7cc 000000071760bd90
0x000000d3682ff110:   0000022effda2a90 000000d3682ff080 

Instructions: (pc=0x0000022ef5a19a3b)
0x0000022ef5a1993b:   48 ff ca 45 33 f6 e9 58 03 00 00 c4 e1 f9 7e ca
0x0000022ef5a1994b:   e9 57 01 00 00 44 2b 4c 24 10 45 8b d1 41 ff c2
0x0000022ef5a1995b:   45 8b cb 45 3b d0 0f 83 05 09 00 00 45 8b 5c dc
0x0000022ef5a1996b:   10 47 8b 5c dc 0c 45 3b cb 0f 83 69 01 00 00 c4
0x0000022ef5a1997b:   c1 f9 7e db 45 8b 74 b3 10 43 8b 54 f4 0c 4f 8d
0x0000022ef5a1998b:   1c f4 44 3b d2 0f 83 fe 08 00 00 47 8b 54 93 10
0x0000022ef5a1999b:   41 83 fa ff 0f 84 34 01 00 00 45 8b 5c fc 0c 45
0x0000022ef5a199ab:   3b cb 0f 83 fd 08 00 00 47 89 54 8d 10 33 d2 c4
0x0000022ef5a199bb:   c1 f9 7e da 45 8b 52 10 47 8b 54 d4 0c 44 03 54
0x0000022ef5a199cb:   24 10 4d 8b b7 48 03 00 00 45 8b d9 41 ff c3 41
0x0000022ef5a199db:   85 06 45 3b da 0f 8c 6a ff ff ff 4d 8b 97 48 03
0x0000022ef5a199eb:   00 00 ff c1 41 85 02 3b 0c 24 0f 8d 58 01 00 00
0x0000022ef5a199fb:   c4 c1 f9 7e c1 c4 e1 f9 7e ce c5 f9 7e d2 44 8b
0x0000022ef5a19a0b:   54 24 10 44 8b 5c 24 14 44 3b 54 24 08 0f 8d 4b
0x0000022ef5a19a1b:   01 00 00 44 89 5c 24 14 44 89 54 24 10 c5 f9 6e
0x0000022ef5a19a2b:   d2 c4 e1 f9 6e ce c4 c1 f9 6e c1 c4 c1 f9 7e e2
0x0000022ef5a19a3b:   41 8b 7c 8a 10 8b f1 41 2b f3 3b cd 0f 83 f9 fe
0x0000022ef5a19a4b:   ff ff 44 8b 5c 24 10 44 3b 5c 24 04 0f 83 e9 fe
0x0000022ef5a19a5b:   ff ff c4 c1 f9 7e da 45 8b 5c b2 10 47 8b 54 dc
0x0000022ef5a19a6b:   0c 45 85 d2 0f 86 7b 09 00 00 47 8b 54 dc 10 41
0x0000022ef5a19a7b:   83 fa ff 0f 84 05 01 00 00 45 8b 5c fc 0c 44 8b
0x0000022ef5a19a8b:   4c 24 10 45 3b cb 0f 83 1e 08 00 00 4d 8d 0c fc
0x0000022ef5a19a9b:   44 8b 5c 24 10 47 89 54 99 10 33 d2 c4 c1 f9 7e
0x0000022ef5a19aab:   da 45 8b 5a 10 47 8b 54 dc 0c 44 03 54 24 10 41
0x0000022ef5a19abb:   3b c2 0f 8d 23 ff ff ff 3b cd 73 26 4d 8d 2c fc
0x0000022ef5a19acb:   44 8b c8 41 ba 01 00 00 00 e9 85 fe ff ff c4 e1
0x0000022ef5a19adb:   f9 7e ca e9 d7 fe ff ff c4 e1 f9 7e ca e9 cd fe
0x0000022ef5a19aeb:   ff ff 44 8b c8 41 bb 01 00 00 00 eb 16 0f 1f 84
0x0000022ef5a19afb:   00 00 00 00 00 44 2b 4c 24 10 45 8b d9 41 ff c3
0x0000022ef5a19b0b:   45 8b ca 45 3b d8 0f 83 55 07 00 00 45 3b 64 dc
0x0000022ef5a19b1b:   10 0f 84 be 08 00 00 c4 c1 f9 7e db 45 8b 53 10
0x0000022ef5a19b2b:   43 8b 7c d4 0c 03 7c 24 10 4d 8b 9f 48 03 00 00 


Stack slot to memory mapping:
stack at sp + 0 slots: 0x0000010000000000 is an unknown value
stack at sp + 1 slots: 0x00000000fffffff8 is an unknown value
stack at sp + 2 slots: 0xfffffff0ffffffe8 is an unknown value
stack at sp + 3 slots: 0x0 is NULL
stack at sp + 4 slots: 0x000000071773df78 is an oop: [[I 
{0x000000071773df78} - klass: {type array int}[]
 - length: 16
stack at sp + 5 slots: 0xfffffff0ffffffe8 is an unknown value
stack at sp + 6 slots: 0x0000000700000009 is an unknown value
stack at sp + 7 slots: 0x000000000000000f is an unknown value

--------------------------------------------------------------------------------
[Constant Pool (empty)]

--------------------------------------------------------------------------------

[MachCode]
  0x0000022ef5a18e20: 448b 5208 | 49bb 0000 | 0000 0800 | 0000 4d03 | d349 3bc2 | 0f85 463c | 43f8 6690 | 0f1f 4000 
  0x0000022ef5a18e40: 8984 2400 | 90ff ff55 | 4883 ec60 | c4c1 f96e | e048 897c | 2418 c4c1 | 796e d148 | 8914 2449 
  0x0000022ef5a18e60: ba00 5261 | 1707 0000 | 0041 8b6a | 7045 8b5c | ec08 4181 | fbe0 ad0b | 000f 85e4 | 1500 004d 
  0x0000022ef5a18e80: 8d14 ec45 | 8b5a 2447 | 8b4c dc0c | 4585 c90f | 8671 1600 | 004f 8d34 | dc4d 85c0 | 0f84 bd13 
  0x0000022ef5a18ea0: 0000 458b | 400c 41ff | c945 85c0 | 7576 c4c1 | f97e e245 | 0fb6 5211 | 4585 d20f | 854f 1300 
  0x0000022ef5a18ec0: 00c4 c1f9 | 7ee2 450f | be52 1045 | 85d2 0f85 | d819 0000 | c4c1 f97e | e241 8b6a | 1441 8b4c 
  0x0000022ef5a18ee0: ec0c 85c9 | 0f86 3313 | 0000 448b | c141 ffc8 | 443b c10f | 8367 1700 | 0045 0fb6 | 44ec 108b 
  0x0000022ef5a18f00: d983 c3fd | 418b f8c1 | e705 412b | f84d 8d1c | ec83 fb01 | 0f8e 7a17 | 0000 b801 | 0000 0045 
  0x0000022ef5a18f20: 33d2 eb3b | 458b d041 | c1ea 1045 | 33d0 4523 | ca33 d2e9 | e800 0000 | 450f b644 | 0310 4103 
  0x0000022ef5a18f40: f8ff c03b | c10f 8db7 | 0000 0044 | 8bc7 41c1 | e005 442b | c741 8bf8 | ebde c4c1 | 797e da8b 
  0x0000022ef5a18f60: d12b d083 | c2fd 3bd8 | 410f 4cd2 | 81fa a00f | 0000 bea0 | 0f00 000f | 47d6 03d0 | c4c1 796e 
  0x0000022ef5a18f80: da0f 1f84 | 0000 0000 | 000f 1f80 | 0000 0000 | 4863 e845 | 0fb6 542b | 1041 0fb6 | 742b 1345 
  0x0000022ef5a18fa0: 0fb6 442b | 1145 0fb6 | 6c2b 1241 | 03fa 8bef | c1e5 052b | ef41 03e8 | 448b d541 | c1e2 0544 
  0x0000022ef5a18fc0: 2bd5 4503 | d545 8bc2 | 41c1 e005 | 452b c244 | 03c6 418b | f8c1 e705 | 412b f883 | c004 3bc2 
  0x0000022ef5a18fe0: 7cae 498b | b748 0300 | 0085 063b | c30f 8c67 | ffff ffc5 | f97e da3b | c10f 8c39 | ffff ff41 
  0x0000022ef5a19000: 8bf8 85ff | 0f84 1512 | 0000 c4c1 | f97e e241 | 897a 0c44 | 8bd7 41c1 | ea10 4433 | d745 23ca 
  0x0000022ef5a19020: 478b 448e | 1047 8b4c | c40c 453b | ca0f 84a9 | 0100 0043 | 8b6c c418 | 85ed 0f84 | f816 0000 
  0x0000022ef5a19040: 478b 4cc4 | 0841 81f9 | e0b1 1400 | 0f84 0a17 | 0000 4d8d | 1cec 458b | 430c 453b | c20f 8535 
  0x0000022ef5a19060: 1100 0045 | 8b43 104d | 8bc8 49c1 | e103 c4e1 | f97e e14c | 3bc9 0f84 | d802 0000 | 0fbe 5910 
  0x0000022ef5a19080: 493b c90f | 84cb 0200 | 0047 8b4c | c408 4181 | f970 e900 | 000f 8591 | 1800 0049 | c1e0 0341 
  0x0000022ef5a190a0: 0fbe 6810 | 3bdd 0f85 | 4018 0000 | 418b 7814 | 448b 4914 | 458b 44fc | 0c43 8b4c | cc0c 413b 
  0x0000022ef5a190c0: c80f 85d8 | 0000 004d | 8d04 fc49 | 8d74 fc10 | 4f8d 04cc | 4b8d 7ccc | 1085 c90f | 84a5 0000 
  0x0000022ef5a190e0: 008b c183 | e01f 83e1 | e00f 844b | 0000 0048 | 8d3c 0f48 | 8d34 0e48 | f7d9 c5fe | 6f2c 0fc5 
  0x0000022ef5a19100: fe6f 1c0e | c5d5 efeb | c4e2 7d17 | ed0f 857a | 0000 0048 | 83c1 2075 | e185 c00f | 8465 0000 
  0x0000022ef5a19120: 00c5 fe6f | 6c07 e0c5 | fe6f 5c06 | e0c5 d5ef | ebc4 e27d | 17ed 7555 | eb4c 8bc8 | 83e1 fc74 
  0x0000022ef5a19140: 1948 8d3c | 0f48 8d34 | 0e48 f7d9 | 8b1c 0f3b | 1c0e 7539 | 4883 c104 | 75f2 f7c0 | 0200 0000 
  0x0000022ef5a19160: 7412 0fb7 | 1f0f b70e | 3bd9 7521 | 488d 7f02 | 488d 7602 | f7c0 0100 | 0000 740a | 0fb6 1f0f 
  0x0000022ef5a19180: b60e 3bd9 | 7507 b801 | 0000 00eb | 0233 c0c5 | d5ef edc5 | e5ef db85 | c00f 85b5 | 0100 00ba 
  0x0000022ef5a191a0: 45ff ffff | 488b 2c24 | c5fa 1104 | 24c5 fa11 | 4c24 04c5 | fa11 5424 | 084c 8b44 | 2418 4c89 
  0x0000022ef5a191c0: 4424 10c5 | fb11 6424 | 184c 895c | 2420 4489 | 5424 0c90 | c5f8 77e8 | 2491 43f8 | 478b 4cc4 
  0x0000022ef5a191e0: 104d 8bd9 | 49c1 e303 | c4e1 f97e | e14c 3bd9 | 0f84 5a01 | 0000 0fbe | 5910 493b | cb0f 844d 
  0x0000022ef5a19200: 0100 0047 | 8b5c cc08 | 4181 fb70 | e900 000f | 857b 1700 | 004f 8d1c | cc41 0fbe | 6b10 3bdd 
  0x0000022ef5a19220: 0f85 4e16 | 0000 458b | 4b14 8b59 | 1447 8b5c | cc0c 418b | 4cdc 0c41 | 3bcb 0f85 | d400 0000 
  0x0000022ef5a19240: 4f8d 1ccc | 4b8d 74cc | 104d 8d1c | dc49 8d7c | dc10 85c9 | 0f84 a500 | 0000 8bc1 | 83e0 1f83 
  0x0000022ef5a19260: e1e0 0f84 | 4b00 0000 | 488d 3c0f | 488d 340e | 48f7 d9c5 | fe6f 1c0f | c5fe 6f2c | 0ec5 e5ef 
  0x0000022ef5a19280: ddc4 e27d | 17db 0f85 | 7a00 0000 | 4883 c120 | 75e1 85c0 | 0f84 6500 | 0000 c5fe | 6f5c 07e0 
  0x0000022ef5a192a0: c5fe 6f6c | 06e0 c5e5 | efdd c4e2 | 7d17 db75 | 55eb 4c8b | c883 e1fc | 7419 488d | 3c0f 488d 
  0x0000022ef5a192c0: 340e 48f7 | d98b 1c0f | 3b1c 0e75 | 3948 83c1 | 0475 f2f7 | c002 0000 | 0074 120f | b71f 0fb7 
  0x0000022ef5a192e0: 0e3b d975 | 2148 8d7f | 0248 8d76 | 02f7 c001 | 0000 0074 | 0a0f b61f | 0fb6 0e3b | d975 07b8 
  0x0000022ef5a19300: 0100 0000 | eb02 33c0 | c5e5 efdb | c5d5 efed | 85c0 753c | ba45 ffff | ff48 8b2c | 24c5 fa11 
  0x0000022ef5a19320: 0424 c5fa | 114c 2404 | c5fa 1154 | 2408 4c8b | 5c24 184c | 895c 2410 | c5fb 1164 | 2418 4489 
  0x0000022ef5a19340: 4424 0c44 | 8954 2420 | c5f8 77e8 | b08f 43f8 | 4f8d 1cc4 | 418b 6b14 | 458b 5cec | 0841 81fb 
  0x0000022ef5a19360: 086d 0000 | 0f85 0616 | 0000 4d8d | 04ec 418b | 580c 85db | 0f86 0e11 | 0000 458b | 5810 478b 
  0x0000022ef5a19380: 5cdc 0c44 | 8bd3 41d1 | fa41 d1fb | c4c1 796e | e2c5 f85b | e4c5 f25c | ccc4 c179 | 6ee3 c5f8 
  0x0000022ef5a193a0: 5be4 c5fa | 5cc4 c4c1 | 797e c1c5 | f97e ce45 | 8bd1 41c1 | ea17 448b | de41 c1eb | 1745 0fb6 
  0x0000022ef5a193c0: d2b9 9500 | 0000 412b | ca45 0fb6 | dbbf 9500 | 0000 412b | fbf7 c1e0 | ffff ff0f | 8595 0d00 
  0x0000022ef5a193e0: 0045 8bd1 | 4181 e2ff | ff7f 0041 | 81ca 0000 | 8000 4585 | c90f 8c41 | 0e00 0041 | d3fa 41ff 
  0x0000022ef5a19400: c241 d1fa | f7c7 e0ff | ffff 0f85 | 440d 0000 | 448b de41 | 81e3 ffff | 7f00 4181 | cb00 0080 
  0x0000022ef5a19420: 0085 f60f | 8c0b 0e00 | 008b cf41 | d3fb 41ff | c341 d1fb | c4c1 797e | d545 85ed | 0f85 dc00 
  0x0000022ef5a19440: 0000 4533 | ed49 8bc0 | eb13 8b54 | 240c 448b | 5424 1044 | 8b5c 2414 | 448b 6c24 | 0841 8bed 
  0x0000022ef5a19460: c1fd 0385 | ed0f 85d1 | 1000 0044 | 8b40 0c41 | 8bcb 4103 | c844 3bd9 | 0f8d d506 | 0000 4d63 
  0x0000022ef5a19480: c849 63db | 418b fbf7 | df48 63ff | 4803 df49 | 3bd9 0f83 | 2410 0000 | 4863 d948 | 03df 48ff 
  0x0000022ef5a194a0: cb49 3bd9 | 0f83 4a10 | 0000 4c8b | 0c24 418b | 590c 418b | 6cdc 0c85 | ed0f 8640 | 1000 0041 
  0x0000022ef5a194c0: 8b7c dc10 | 418b 7cfc | 0c48 8b74 | 2418 4885 | f60f 85ee | 0f00 0045 | 85c0 0f86 | e50f 0000 
  0x0000022ef5a194e0: 448b 4010 | 478b 44c4 | 0c45 85c0 | 0f86 d30f | 0000 897c | 2404 890c | 24c4 e1f9 | 6ed8 418b 
  0x0000022ef5a19500: c841 03ca | 894c 2408 | 418b c2ff | c049 8d0c | dcc4 e1f9 | 6ee1 418b | cbe9 f504 | 0000 41f7 
  0x0000022ef5a19520: c504 0000 | 000f 845a | 0300 0045 | 8b48 1047 | 8b4c cc0c | 4489 5c24 | 2c44 8954 | 2428 895c 
  0x0000022ef5a19540: 2414 4c89 | 4424 2089 | 5424 0c44 | 896c 2408 | 48ba 086d | 0000 0800 | 0000 448b | c366 6690 
  0x0000022ef5a19560: c5f8 77e8 | 182f 4ef8 | 4c8b f044 | 8b54 2414 | 41ff ca44 | 3b54 2414 | 0f83 c012 | 0000 418b 
  0x0000022ef5a19580: 7e0c 85ff | 0f86 b412 | 0000 4863 | c745 33db | eb2f c5f9 | 7edf c4e1 | f97e d0c4 | c1f9 7ec0 
  0x0000022ef5a195a0: 448b 5c24 | 3849 8b8f | 4803 0000 | 41ff c385 | 0144 3b5c | 2414 0f8d | 880c 0000 | 4c89 4424 
  0x0000022ef5a195c0: 204c 8b44 | 2420 458b | 5010 478b | 54d4 0c45 | 85d2 76d1 | 418b f244 | 895c 2438 | c5fb 1044 
  0x0000022ef5a195e0: 2420 4d63 | eb47 8b54 | a810 c4c1 | 796e ca43 | 8b54 d40c | 85ff 0f86 | ab10 0000 | 418b 6e10 
  0x0000022ef5a19600: 8bce 412b | cbff c985 | d20f 86e1 | 1000 0043 | 8b5c d410 | 458b 54ec | 0c4d 8d0c | ec41 3bca 
  0x0000022ef5a19620: 0f83 7a10 | 0000 4c63 | d64d 2bd5 | 4389 5c91 | 0c83 fe01 | 0f8e 61ff | ffff 4c63 | d249 3bc2 
  0x0000022ef5a19640: 448b df44 | 0f4f dac4 | c179 7ec8 | 49c1 e003 | 418b ebff | cd44 3bdd | 41bb 0000 | 0080 410f 
  0x0000022ef5a19660: 4ceb 83fd | 010f 8e3a | 1100 004c | 8b54 2420 | 458b 5210 | 478b 5cd4 | 0cc4 c179 | 7eca 438b 
  0x0000022ef5a19680: 5cd4 1441 | 8b76 1441 | 8bcb 2b4c | 2438 ffc9 | 458b 54f4 | 0c4d 8d0c | f441 3bca | 0f83 7411 
  0x0000022ef5a196a0: 0000 c5f9 | 6ee2 4c89 | 6c24 20c4 | e1f9 6ed0 | c5f9 6edf | 4963 c348 | 8bd0 492b | d541 895c 
  0x0000022ef5a196c0: 910c 4183 | fb02 0f8e | c6fe ffff | c4c1 797e | ca43 8b5c | d418 418b | 7618 458b | 54f4 0c4d 
  0x0000022ef5a196e0: 8d0c f441 | 3bca 0f83 | 3411 0000 | 4189 5c91 | 0c41 83fb | 030f 8e97 | feff ff41 | b903 0000 
  0x0000022ef5a19700: 0044 3bcd | 0f8d 8210 | 0000 c4c1 | 797e ca43 | 8b5c d41c | 418b 761c | 458b 54f4 | 0c4d 8d0c 
  0x0000022ef5a19720: f441 3bca | 0f83 0011 | 0000 4189 | 5c91 0c41 | 83fb 040f | 8e59 feff | ffc4 c179 | 7eca 438b 
  0x0000022ef5a19740: 5cd4 2045 | 8b56 2043 | 8b74 d40c | 4f8d 0cd4 | 3bce 0f83 | dc10 0000 | 4189 5c91 | 0c41 83fb 
  0x0000022ef5a19760: 050f 8e2b | feff ff4c | 8bc8 4983 | c1fe 48ff | c841 8bd9 | 448b d048 | 63fd 483b | f844 8bed 
  0x0000022ef5a19780: 450f 4fea | 4d63 d54d | 3bd1 440f | 4feb be05 | 0000 0041 | 83fd 050f | 8e7b 0000 | 00b8 d007 
  0x0000022ef5a197a0: 0000 418b | fd2b fe44 | 3bee 0f4c | 7c24 0c81 | ffd0 0700 | 000f 47f8 | 03fe 660f | 1f44 0000 
  0x0000022ef5a197c0: 418b 5cb0 | 1045 8b4c | b610 478b | 54cc 0c49 | c1e1 0341 | 3bca 0f83 | de09 0000 | 4189 5c91 
  0x0000022ef5a197e0: 0c45 8b4c | b614 418b | 5cb0 1447 | 8b54 cc0c | 49c1 e103 | 413b ca0f | 83bb 0900 | 0041 895c 
  0x0000022ef5a19800: 910c 83c6 | 023b f77c | b74d 8b97 | 4803 0000 | 4185 0241 | 3bf5 7c8a | 3bf5 0f8d | 710f 0000 
  0x0000022ef5a19820: 418b 5cb0 | 1045 8b4c | b610 478b | 54cc 0c49 | c1e1 0341 | 3bca 0f83 | 7e09 0000 | 4189 5c91 
  0x0000022ef5a19840: 0c44 8bd6 | 41ff c245 | 3bd3 0f8d | 42fd ffff | 418b 5cb0 | 1445 8b4c | b614 438b | 7ccc 0c49 
  0x0000022ef5a19860: c1e1 033b | cf0f 83b9 | 1000 0041 | 895c 910c | 83c6 0241 | 3bf3 0f8d | 16fd ffff | 3bf5 7ca0 
  0x0000022ef5a19880: e90c 0f00 | 0041 f7c5 | 0100 0000 | 0f84 dd04 | 0000 418b | 480c 85c9 | 0f86 8e0d | 0000 418b 
  0x0000022ef5a198a0: 5810 458b | 4cdc 0c44 | 894c 2410 | 894c 2414 | 4489 5c24 | 2c44 8954 | 2428 4c89 | 4424 2089 
  0x0000022ef5a198c0: 5424 0c44 | 896c 2408 | 48ba 086d | 0000 0800 | 0000 448b | c166 6690 | c5f8 77e8 | a02b 4ef8 
  0x0000022ef5a198e0: 448b 5424 | 1441 ffca | 443b 5424 | 140f 8305 | 0d00 0044 | 8b40 0c45 | 85c0 0f86 | f80c 0000 
  0x0000022ef5a19900: 453b d00f | 83ef 0c00 | 008b 6c24 | 10ff cd8b | 4c24 10d1 | f94c 634c | 2410 448b | e941 83c5 
  0x0000022ef5a19920: fe41 3bcd | 41ba 0000 | 0080 450f | 4cea 4c63 | d149 8bd1 | 492b d28b | f1ff c648 | ffca 4533 
  0x0000022ef5a19940: f6e9 5803 | 0000 c4e1 | f97e cae9 | 5701 0000 | 442b 4c24 | 1045 8bd1 | 41ff c245 | 8bcb 453b 
  0x0000022ef5a19960: d00f 8305 | 0900 0045 | 8b5c dc10 | 478b 5cdc | 0c45 3bcb | 0f83 6901 | 0000 c4c1 | f97e db45 
  0x0000022ef5a19980: 8b74 b310 | 438b 54f4 | 0c4f 8d1c | f444 3bd2 | 0f83 fe08 | 0000 478b | 5493 1041 | 83fa ff0f 
  0x0000022ef5a199a0: 8434 0100 | 0045 8b5c | fc0c 453b | cb0f 83fd | 0800 0047 | 8954 8d10 | 33d2 c4c1 | f97e da45 
  0x0000022ef5a199c0: 8b52 1047 | 8b54 d40c | 4403 5424 | 104d 8bb7 | 4803 0000 | 458b d941 | ffc3 4185 | 0645 3bda 
  0x0000022ef5a199e0: 0f8c 6aff | ffff 4d8b | 9748 0300 | 00ff c141 | 8502 3b0c | 240f 8d58 | 0100 00c4 | c1f9 7ec1 
  0x0000022ef5a19a00: c4e1 f97e | cec5 f97e | d244 8b54 | 2410 448b | 5c24 1444 | 3b54 2408 | 0f8d 4b01 | 0000 4489 
  0x0000022ef5a19a20: 5c24 1444 | 8954 2410 | c5f9 6ed2 | c4e1 f96e | cec4 c1f9 | 6ec1 c4c1 | f97e e241 | 8b7c 8a10 
  0x0000022ef5a19a40: 8bf1 412b | f33b cd0f | 83f9 feff | ff44 8b5c | 2410 443b | 5c24 040f | 83e9 feff | ffc4 c1f9 
  0x0000022ef5a19a60: 7eda 458b | 5cb2 1047 | 8b54 dc0c | 4585 d20f | 867b 0900 | 0047 8b54 | dc10 4183 | faff 0f84 
  0x0000022ef5a19a80: 0501 0000 | 458b 5cfc | 0c44 8b4c | 2410 453b | cb0f 831e | 0800 004d | 8d0c fc44 | 8b5c 2410 
  0x0000022ef5a19aa0: 4789 5499 | 1033 d2c4 | c1f9 7eda | 458b 5a10 | 478b 54dc | 0c44 0354 | 2410 413b | c20f 8d23 
  0x0000022ef5a19ac0: ffff ff3b | cd73 264d | 8d2c fc44 | 8bc8 41ba | 0100 0000 | e985 feff | ffc4 e1f9 | 7eca e9d7 
  0x0000022ef5a19ae0: feff ffc4 | e1f9 7eca | e9cd feff | ff44 8bc8 | 41bb 0100 | 0000 eb16 | 0f1f 8400 | 0000 0000 
  0x0000022ef5a19b00: 442b 4c24 | 1045 8bd9 | 41ff c345 | 8bca 453b | d80f 8355 | 0700 0045 | 3b64 dc10 | 0f84 be08 
  0x0000022ef5a19b20: 0000 c4c1 | f97e db45 | 8b53 1043 | 8b7c d40c | 037c 2410 | 4d8b 9f48 | 0300 0045 | 8bd1 41ff 
  0x0000022ef5a19b40: c241 8503 | 443b d77c | b7c4 e1f9 | 7eca e993 | feff ffc5 | f877 4883 | c460 5d49 | 3ba7 4003 
  0x0000022ef5a19b60: 0000 0f87 | ac10 0000 | c344 895c | 2414 4489 | 5424 10c5 | f96e d2c4 | e1f9 6ece | c4c1 f96e 
  0x0000022ef5a19b80: c148 8bd6 | e95d feff | ffc4 e1f9 | 7eca e914 | ffff ff0f | 1f80 0000 | 0000 660f | 1f44 0000 
  0x0000022ef5a19ba0: 448b c342 | 8b4c 870c | 8b5c 2410 | 412b db49 | 63d3 894c | 9010 8b4c | 9710 4289 | 4c80 0c49 
  0x0000022ef5a19bc0: 8bc9 482b | ca44 8b44 | 8f08 4489 | 4490 1444 | 8b44 9714 | 4489 4488 | 0844 8b44 | 8f04 4489 
  0x0000022ef5a19be0: 4490 1844 | 8b44 9718 | 4489 4488 | 0444 8b04 | 8f44 8944 | 901c 448b | 4497 1c44 | 8904 8883 
  0x0000022ef5a19c00: c3fc 4183 | c304 453b | da7c 954d | 8b97 4803 | 0000 4185 | 0245 3bdd | 7d2a 448b | c345 8bd5 
  0x0000022ef5a19c20: 452b d345 | 3beb 440f | 4c54 240c | 4181 faa0 | 0f00 00b9 | a00f 0000 | 440f 47d1 | 4503 d3e9 
  0x0000022ef5a19c40: 5fff ffff | c5f9 7ec9 | c4e1 f97e | c244 3b5c | 2430 7d2b | 448b 549f | 0c46 8954 | 9810 468b 
  0x0000022ef5a19c60: 549f 1044 | 8954 980c | 458b d341 | ffc2 443b | 5424 307d | 0a8b dd41 | 2bdb 458b | daeb d54d 
  0x0000022ef5a19c80: 8b97 4803 | 0000 41ff | c641 8502 | 443b 7424 | 140f 8dc2 | 0000 0048 | 8bc6 8b74 | 2430 4c8b 
  0x0000022ef5a19ca0: 5424 2041 | 8b7a 1085 | ff0f 844a | 0700 0047 | 8b5c b210 | 478b 54dc | 0c42 8b5c | b010 458b 
  0x0000022ef5a19cc0: 44dc 0c89 | 7424 30c5 | f96e c948 | 8bf0 4963 | ca48 3bd1 | 0f83 2e07 | 0000 413b | ea0f 8325 
  0x0000022ef5a19ce0: 0700 0045 | 85c0 0f86 | 1c07 0000 | c5f9 7ec9 | 413b c80f | 830f 0700 | 0045 85d2 | 0f86 0607 
  0x0000022ef5a19d00: 0000 413b | ca0f 83fd | 0600 004d | 63d0 493b | d20f 83f1 | 0600 0041 | 3be8 0f83 | e806 0000 
  0x0000022ef5a19d20: 498d 04dc | 4b8d 3cdc | 468b 548f | 0c45 8954 | dc10 478b | 5cdc 1046 | 895c 880c | 4183 fd01 
  0x0000022ef5a19d40: 0f8e 0207 | 0000 448b | c541 bb01 | 0000 00c4 | e1f9 6ec2 | e9c4 feff | ff44 8b6c | 2408 8b54 
  0x0000022ef5a19d60: 240c 4c8b | c644 8b54 | 2428 448b | 5c24 2c41 | f7c5 0200 | 0000 7508 | 498b c0e9 | ddf6 ffff 
  0x0000022ef5a19d80: 418b 680c | 85ed 0f86 | 3e08 0000 | 418b 4810 | 458b 4ccc | 0c44 895c | 2414 4489 | 5424 104c 
  0x0000022ef5a19da0: 8944 2420 | 8954 240c | 4489 6c24 | 0848 ba08 | 6d00 0008 | 0000 0044 | 8bc5 6690 | c5f8 77e8 
  0x0000022ef5a19dc0: bc26 4ef8 | 448b 480c | 448b dd41 | d1fb 458b | d341 ffc2 | 4585 c90f | 8690 0700 | 0045 3bd9 
  0x0000022ef5a19de0: 0f83 8707 | 0000 4c63 | c549 63db | 498b c848 | 2bcb 48ff | c949 3bc8 | 0f83 6f07 | 0000 8bdd 
  0x0000022ef5a19e00: ffcb 3bdd | 0f83 6307 | 0000 4489 | 5424 284d | 63d1 493b | ca0f 834d | 0700 0041 | 3bd9 0f83 
  0x0000022ef5a19e20: 9807 0000 | 443b dd0f | 8396 0700 | 00b9 401f | 0000 4533 | dbeb 31c4 | c1f9 7ec1 | c4e1 f97e 
  0x0000022ef5a19e40: c8c4 c1f9 | 7ee8 c4c1 | 797e fb4d | 8b97 4803 | 0000 41ff | c341 8502 | 443b 5c24 | 280f 8de7 
  0x0000022ef5a19e60: f5ff ff4c | 894c 2420 | 4c8b 4c24 | 2045 8b51 | 1047 8b54 | d40c 4585 | d276 d041 | 8bf2 c5fb 
  0x0000022ef5a19e80: 1044 2420 | 4963 d349 | 8bd8 482b | da45 8b54 | 990c c4c1 | 796e d247 | 8b4c d40c | 448b 5490 
  0x0000022ef5a19ea0: 10c4 c179 | 6eda 438b | 7cd4 0c4c | 8b54 2420 | 458b 5492 | 10c4 c179 | 6ee2 478b | 54d4 0c8b 
  0x0000022ef5a19ec0: 5c98 0c41 | 8b54 dc0c | 4585 c90f | 8684 0500 | 0089 5424 | 30c5 796e | c344 8954 | 242c 897c 
  0x0000022ef5a19ee0: 2424 c4c1 | 796e fbc4 | c1f9 6ee8 | c4e1 f96e | c841 bb01 | 0000 0045 | 3bd9 ba01 | 0000 0041 
  0x0000022ef5a19f00: 0f4f d144 | 894c 2420 | c4c1 797e | da4f 8d04 | d4c4 c179 | 7ed2 4f8d | 0cd4 458b | d849 8d3c 
  0x0000022ef5a19f20: dc41 c1eb | 02c4 c179 | 7ee2 4b8d | 2cd4 4183 | e303 4403 | da41 f7db | 4183 e303 | 4403 da44 
  0x0000022ef5a19f40: 3b5c 2420 | 448b 5424 | 2045 0f4f | da33 dbeb | 11c4 e1f9 | 7ec8 c4c1 | 797e fbe9 | 9501 0000 
  0x0000022ef5a19f60: 8bd8 3b5c | 2420 73e9 | 418b 7499 | 103b 5c24 | 240f 8355 | 0300 0041 | 8974 9810 | 3b5c 242c 
  0x0000022ef5a19f80: 0f83 9e03 | 0000 448b | 549d 103b | 5c24 300f | 83ef 0300 | 0044 8954 | 9f10 c4c1 | f97e c245 
  0x0000022ef5a19fa0: 8b52 1043 | 8b54 d40c | 8bc3 ffc0 | 3bc2 0f8d | 83fe ffff | 413b c37c | a74c 6354 | 2420 4c63 
  0x0000022ef5a19fc0: 5c24 3048 | 6374 242c | 4c63 6c24 | 244d 3bd5 | 448b 5424 | 2044 0f4f | 5424 244c | 63ea 4d63 
  0x0000022ef5a19fe0: f24c 3bf6 | 440f 4f54 | 242c 49ff | cd49 63f2 | 493b f344 | 0f4f 5424 | 3045 8bdd | 4963 f249 
  0x0000022ef5a1a000: 3bf5 450f | 4fd3 418b | f283 c6f9 | 443b d641 | ba00 0000 | 8041 0f4c | f23b c60f | 8d3b 0400 
  0x0000022ef5a1a020: 00ff c344 | 8bde 442b | db3b f344 | 0f4c 5c24 | 0c41 81fb | 401f 0000 | 440f 47d9 | 4403 db90 
  0x0000022ef5a1a040: c4c1 7a6f | 7499 10c4 | c17a 7f74 | 9810 c5fa | 6f74 9d10 | c5fa 7f74 | 9f10 c4c1 | 7a6f 7499 
  0x0000022ef5a1a060: 20c4 c17a | 7f74 9820 | c5fa 6f74 | 9d20 c5fa | 7f74 9f20 | 83c3 0841 | 3bdb 7cc4 | 4d8b 9748 
  0x0000022ef5a1a080: 0300 0041 | 8502 3bde | 7c99 3b5c | 2420 7d5b | 3b5c 2420 | 0f83 b7fe | ffff 418b | 7499 103b 
  0x0000022ef5a1a0a0: 5c24 240f | 8323 0200 | 0041 8974 | 9810 3b5c | 242c 0f83 | 6c02 0000 | 448b 549d | 103b 5c24 
  0x0000022ef5a1a0c0: 300f 83bd | 0200 0044 | 8954 9f10 | c4c1 f97e | c245 8b52 | 1047 8b5c | d40c ffc3 | 413b db0f 
  0x0000022ef5a1a0e0: 8d52 fdff | ff3b 5c24 | 207c a5c4 | e1f9 7ec8 | c4c1 797e | fbba e4ff | ffff 488b | 2c24 448b 
  0x0000022ef5a1a100: 5424 0844 | 8914 244c | 8b54 2418 | 4c89 5424 | 0844 8b54 | 2410 4489 | 5424 0444 | 8b54 2414 
  0x0000022ef5a1a120: 4489 5424 | 10c5 fb11 | 4424 1848 | 8944 2420 | 4489 5c24 | 1489 5c24 | 2c89 5c24 | 30c5 fa11 
  0x0000022ef5a1a140: 5c24 34c5 | fa11 5424 | 3866 6690 | c5f8 77e8 | ac81 43f8 | c57a 2cd9 | 4181 fb00 | 0000 8075 
  0x0000022ef5a1a160: 1048 83ec | 08c5 fa11 | 0c24 e884 | 6f3e f841 | 5be9 bef2 | ffff c57a | 2cd0 4181 | fa00 0000 
  0x0000022ef5a1a180: 8075 1048 | 83ec 08c5 | fa11 0424 | e862 6f3e | f841 5ae9 | 6cf2 ffff | 458b 5b18 | 4d8b 8748 
  0x0000022ef5a1a1a0: 0300 0041 | 8500 4585 | db0f 8489 | 0500 0049 | c1e3 03e9 | 9eee ffff | ffc6 bae4 | ffff ff48 
  0x0000022ef5a1a1c0: 8b2c 2444 | 8b54 2408 | 4489 1424 | 4c8b 5424 | 184c 8954 | 2408 448b | 5424 2844 | 8954 2404 
  0x0000022ef5a1a1e0: 448b 5c24 | 2c44 895c | 2410 c5fb | 1144 2418 | 4c89 7424 | 2089 7424 | 144c 894c | 2428 894c 
  0x0000022ef5a1a200: 2430 895c | 2434 6690 | c5f8 77e8 | f080 43f8 | 4533 c933 | d245 33d2 | e903 eeff | ff33 d2c4 
  0x0000022ef5a1a220: c1f9 7ee2 | 41c6 4211 | 0145 33c9 | 4533 d2e9 | eced ffff | 41f7 dbe9 | edf1 ffff | 41f7 dae9 
  0x0000022ef5a1a240: b7f1 ffff | 448b 6c24 | 088b 5424 | 0c4d 8bc6 | 448b 5424 | 2844 8b5c | 242c e926 | f6ff ff45 
  0x0000022ef5a1a260: 33c9 33d2 | 4533 d2e9 | b4ed ffff | ba45 ffff | ffc4 e1f9 | 7ec5 c5fb | 110c 24c5 | fb11 5c24 
  0x0000022ef5a1a280: 0889 4c24 | 1844 894c | 241c 6690 | c5f8 77e8 | 6c80 43f8 | c4c1 796e | d2ba e6ff | ffff 498b 
  0x0000022ef5a1a2a0: ebc5 fa11 | 1424 6690 | c5f8 77e8 | 5080 43f8 | 4489 4c24 | 10ba e6ff | ffff 8bef | 4489 5424 
  0x0000022ef5a1a2c0: 0466 6690 | c5f8 77e8 | 3480 43f8 | bae4 ffff | ff48 8b2c | 2444 8b54 | 2408 4489 | 1424 4c8b 
  0x0000022ef5a1a2e0: 5424 184c | 8954 2408 | 448b 5424 | 1044 8954 | 2404 448b | 5c24 1444 | 895c 2410 | c5fb 1144 
  0x0000022ef5a1a300: 2418 c5fb | 114c 2420 | c5fa 117c | 2414 895c | 242c 8974 | 2430 c5fa | 115c 2434 | c5f8 77e8 
  0x0000022ef5a1a320: dc7f 43f8 | bae4 ffff | ff48 8b2c | 2444 8b54 | 2408 4489 | 1424 4c8b | 5424 184c | 8954 2408 
  0x0000022ef5a1a340: 448b 5424 | 1044 8954 | 2404 448b | 5c24 1444 | 895c 2410 | c5fb 1144 | 2418 c5fb | 114c 2420 
  0x0000022ef5a1a360: c5fa 117c | 2414 895c | 242c 895c | 2430 c5fa | 1164 2434 | c57a 1144 | 2438 6690 | c5f8 77e8 
  0x0000022ef5a1a380: 7c7f 43f8 | bae4 ffff | ff48 8b2c | 2444 8b44 | 2408 4489 | 0424 4c8b | 5c24 184c | 895c 2408 
  0x0000022ef5a1a3a0: 448b 5c24 | 1044 895c | 2404 448b | 4424 1444 | 8944 2410 | c5fb 1144 | 2418 c5fb | 114c 2420 
  0x0000022ef5a1a3c0: c5fa 117c | 2414 895c | 242c 4489 | 5424 30c5 | 7a11 4424 | 3466 6690 | c5f8 77e8 | 207f 43f8 
  0x0000022ef5a1a3e0: baf6 ffff | ff66 6690 | c5f8 77e8 | 107f 43f8 | 49c1 e303 | e9a0 feff | ffba f6ff | ffff 6690 
  0x0000022ef5a1a400: c5f8 77e8 | f87e 43f8 | 418b 6cfc | 0cd1 fdff | c5ba 76ff | ffff 4c8b | 5424 184c | 8954 2410 
  0x0000022ef5a1a420: 448b 5c24 | 2844 895c | 240c 448b | 5424 2c44 | 8954 2418 | 4889 4424 | 2844 8974 | 241c 6690 
  0x0000022ef5a1a440: c5f8 77e8 | b87e 43f8 | 8bdd 41bb | 0100 0000 | e9f8 f7ff | ff33 dbe9 | 99fc ffff | 8bd8 e927 
  0x0000022ef5a1a460: fcff ffba | deff ffff | c5fa 1144 | 2408 c5fa | 114c 240c | 4489 4c24 | 104c 8944 | 2420 6690 
  0x0000022ef5a1a480: c5f8 77e8 | 787e 43f8 | bae4 ffff | ff48 8b2c | 24c5 fa11 | 0c24 c5fa | 1154 2404 | 4c8b 5424 
  0x0000022ef5a1a4a0: 184c 8954 | 2408 c5fa | 1144 2418 | 4c89 4424 | 2066 6690 | c5f8 77e8 | 447e 43f8 | 4c8b 0c24 
  0x0000022ef5a1a4c0: 488b 7424 | 18ba beff | ffff 498b | e948 8934 | 2448 8944 | 2408 4489 | 5424 1044 | 895c 2418 
  0x0000022ef5a1a4e0: 4489 5c24 | 1c89 4c24 | 2066 6690 | c5f8 77e8 | 0c7e 43f8 | 4c8b 0c24 | 488b 7424 | 18eb c648 
  0x0000022ef5a1a500: 8b74 2418 | ebbf ba45 | ffff ff48 | 8b2c 24c5 | fa11 0424 | c5fa 114c | 2404 c5fa | 1154 2408 
  0x0000022ef5a1a520: 4889 7c24 | 104c 8944 | 2418 4489 | 4c24 2044 | 895c 2424 | c5f8 77e8 | c47d 43f8 | ba45 ffff 
  0x0000022ef5a1a540: ff4c 8b44 | 2418 4c89 | 4424 0848 | 8944 2410 | 4489 5424 | 1844 895c | 241c 4489 | 6c24 2090 
  0x0000022ef5a1a560: c5f8 77e8 | 987d 43f8 | 448b 5424 | 28ba beff | ffff 488b | 2c24 448b | 4424 0844 | 8904 244c 
  0x0000022ef5a1a580: 8b5c 2418 | 4c89 5c24 | 0844 8b5c | 2410 4489 | 5c24 0444 | 8b44 2414 | 4489 4424 | 104c 8b5c 
  0x0000022ef5a1a5a0: 2420 4c89 | 5c24 1848 | 8944 2420 | 4489 5424 | 1466 6690 | c5f8 77e8 | 447d 43f8 | 448b 5424 
  0x0000022ef5a1a5c0: 28eb aa44 | 8b54 2428 | eba3 bae4 | ffff ff44 | 896c 2408 | 4c8b 4c24 | 184c 894c | 2410 4489 
  0x0000022ef5a1a5e0: 5424 0c44 | 895c 2418 | 4c89 4424 | 2866 6690 | c5f8 77e8 | 087d 43f8 | babe ffff | ff48 8b2c 
  0x0000022ef5a1a600: 2444 8b5c | 2408 4489 | 1c24 4c8b | 5424 184c | 8954 2408 | 4c8b 5424 | 204c 8954 | 2418 4889 
  0x0000022ef5a1a620: 4424 2090 | c5f8 77e8 | d47c 43f8 | bae4 ffff | ff48 8b2c | 2444 892c | 244c 8b4c | 2418 4c89 
  0x0000022ef5a1a640: 4c24 0844 | 8954 2404 | 4489 5c24 | 104c 8944 | 2420 894c | 2414 6690 | c5f8 77e8 | a07c 43f8 
  0x0000022ef5a1a660: ba76 ffff | ffc5 fa11 | 4424 08c5 | fa11 4c24 | 0cc5 fa11 | 5424 1044 | 894c 2414 | 4c89 5424 
  0x0000022ef5a1a680: 2889 4c24 | 3444 895c | 2438 6690 | c5f8 77e8 | 6c7c 43f8 | b801 0000 | 0033 d2e9 | 57e9 ffff 
  0x0000022ef5a1a6a0: 33f6 e913 | fbff ff33 | f6ba e4ff | ffff 488b | 2c24 448b | 5424 0844 | 8914 244c | 8b54 2418 
  0x0000022ef5a1a6c0: 4c89 5424 | 0844 8b5c | 2428 4489 | 5c24 0444 | 8b5c 242c | 4489 5c24 | 10c5 fb11 | 4424 184c 
  0x0000022ef5a1a6e0: 8974 2428 | 8974 2430 | c5f8 77e8 | 107c 43f8 | 33f6 bae4 | ffff ff4c | 8b54 2418 | 4c89 5424 
  0x0000022ef5a1a700: 1044 8b54 | 2428 4489 | 5424 0c44 | 8b5c 242c | 4489 5c24 | 18c5 fb11 | 4424 204c | 8974 2428 
  0x0000022ef5a1a720: 894c 2430 | 8974 2434 | c5fa 114c | 243c 6690 | c5f8 77e8 | c87b 43f8 | baf4 ffff | ff48 8b2c 
  0x0000022ef5a1a740: 24c5 fa11 | 0424 c5fa | 114c 2404 | c5fa 1154 | 2408 6690 | c5f8 77e8 | a47b 43f8 | ba45 ffff 
  0x0000022ef5a1a760: ffc5 fa11 | 4424 08c5 | fa11 4c24 | 0cc5 fa11 | 5424 10c5 | fb11 6424 | 2044 8944 | 2414 4489 
  0x0000022ef5a1a780: 5424 2890 | c5f8 77e8 | 747b 43f8 | be03 0000 | 00c5 f97e | dfc4 e1f9 | 7ed0 4c8b | 6c24 20c5 
  0x0000022ef5a1a7a0: f97e e2eb | 05be 0100 | 0000 3bf7 | 0f8d f7fe | ffff 6690 | 3bf7 0f83 | edfe ffff | c4c1 f97e 
  0x0000022ef5a1a7c0: c245 8b5a | 1047 8b54 | dc0c 418b | 6cb6 1041 | 8bca 2b4c | 2438 ffc9 | 3bf2 0f83 | 12ff ffff 
  0x0000022ef5a1a7e0: 418b 5cb0 | 1045 8b5c | ec0c 4d8d | 0cec 413b | cb0f 83c3 | f9ff ff4d | 63da 4d2b | dd43 895c 
  0x0000022ef5a1a800: 990c ffc6 | 413b f20f | 8d8e edff | ff3b f77c | a3e9 93fe | ffff be01 | 0000 00e9 | 9af9 ffff 
  0x0000022ef5a1a820: be02 0000 | 00e9 90f9 | ffff be03 | 0000 00e9 | 86f9 ffff | be04 0000 | 00e9 7cf9 | ffff babe 
  0x0000022ef5a1a840: ffff ff48 | 8b2c 2444 | 8b54 2408 | 4489 1424 | 4c8b 5424 | 184c 8954 | 2408 4c8b | 5424 204c 
  0x0000022ef5a1a860: 8954 2418 | 4c89 7424 | 2066 6690 | c5f8 77e8 | 8c7a 43f8 | ba45 ffff | ffc5 fa11 | 4424 08c5 
  0x0000022ef5a1a880: fa11 4c24 | 0cc5 fa11 | 5424 10c5 | fb11 6424 | 2844 8944 | 2414 4489 | 5424 304c | 895c 2438 
  0x0000022ef5a1a8a0: 895c 2434 | c5f8 77e8 | 547a 43f8 | 4585 d240 | 0f95 c540 | 0fb6 ed83 | f501 ba45 | ffff ffc5 
  0x0000022ef5a1a8c0: fa11 4424 | 08c5 fa11 | 4c24 0cc5 | fa11 5424 | 1044 894c | 2414 c5fb | 1164 2428 | 4489 5c24 
  0x0000022ef5a1a8e0: 3066 6690 | c5f8 77e8 | 147a 43f8 | ba45 ffff | ffc5 fa11 | 4424 08c5 | fa11 4c24 | 0cc5 fa11 
  0x0000022ef5a1a900: 5424 10c5 | fb11 6424 | 284c 895c | 2430 4489 | 5424 144c | 8944 2438 | 895c 2440 | c5f8 77e8 
  0x0000022ef5a1a920: dc79 43f8 | 418b f2e9 | 8ef8 ffff | bade ffff | ff48 8b2c | 24c5 fa11 | 0424 c5fa | 114c 2404 
  0x0000022ef5a1a940: c5fa 1154 | 2408 4c8b | 4c24 184c | 894c 2410 | c5fb 1164 | 2420 4c89 | 5c24 2844 | 8954 240c 
  0x0000022ef5a1a960: 4489 4424 | 3466 6690 | c5f8 77e8 | 9079 43f8 | bade ffff | ffc5 fa11 | 4424 08c5 | fa11 4c24 
  0x0000022ef5a1a980: 0cc5 fa11 | 5424 1090 | c5f8 77e8 | 7079 43f8 | bade ffff | ff48 8b2c | 24c5 fa11 | 0424 c5fa 
  0x0000022ef5a1a9a0: 114c 2404 | c5fa 1154 | 2408 4c8b | 5c24 184c | 895c 2410 | c5fb 1164 | 2420 4489 | 4424 0c44 
  0x0000022ef5a1a9c0: 8954 2428 | 4489 4c24 | 3066 6690 | c5f8 77e8 | 2c79 43f8 | baf6 ffff | ff8b e989 | 1c24 6690 
  0x0000022ef5a1a9e0: c5f8 77e8 | 1879 43f8 | baf6 ffff | ff66 6690 | c5f8 77e8 | 0879 43f8 | c4c1 796e | d2ba f6ff 
  0x0000022ef5a1aa00: ffff c5f9 | 7ed5 6690 | c5f8 77e8 | f078 43f8 | 4489 4c24 | 10ba f6ff | ffff 4489 | 1424 6690 
  0x0000022ef5a1aa20: c5f8 77e8 | d878 43f8 | baf6 ffff | ff66 6690 | c5f8 77e8 | c878 43f8 | ba76 ffff | ff48 8b2c 
  0x0000022ef5a1aa40: 2444 8b54 | 2408 4489 | 1424 4c8b | 5424 184c | 8954 2408 | 448b 5424 | 1044 8954 | 2404 448b 
  0x0000022ef5a1aa60: 4424 1444 | 8944 2410 | 48ff 7424 | 2048 8f44 | 2418 4889 | 4424 2044 | 895c 2414 | 8974 2428 
  0x0000022ef5a1aa80: c5f8 77e8 | 7878 43f8 | baf6 ffff | ff66 6690 | c5f8 77e8 | 6878 43f8 | 488b d0eb | 0848 8bd0 
  0x0000022ef5a1aaa0: eb03 488b | d0c5 f877 | 4883 c460 | 5de9 4e82 | 4ef8 baf6 | ffff ff49 | 8be8 6690 | c5f8 77e8 
  0x0000022ef5a1aac0: 3c78 43f8 | baf6 ffff | ff66 6690 | c5f8 77e8 | 2c78 43f8 | 488b 7424 | 18e9 e7f9 | ffff 488b 
  0x0000022ef5a1aae0: 7424 18e9 | ddf9 ffff | baf6 ffff | ff66 6690 | c5f8 77e8 | 0878 43f8 | baf6 ffff | ff66 6690 
  0x0000022ef5a1ab00: c5f8 77e8 | f877 43f8 | ba45 ffff | ff48 8b2c | 24c5 fa11 | 0424 c5fa | 114c 2404 | c5fa 1154 
  0x0000022ef5a1ab20: 2408 4c8b | 5c24 184c | 895c 2410 | c5fb 1164 | 2420 4489 | 4424 0c44 | 8954 2428 | 4489 4c24 
  0x0000022ef5a1ab40: 2c66 6690 | c5f8 77e8 | b477 43f8 | baf6 ffff | ff66 6690 | c5f8 77e8 | a477 43f8 | baf6 ffff 
  0x0000022ef5a1ab60: ff66 6690 | c5f8 77e8 | 9477 43f8 | ba76 ffff | ff48 8b2c | 2444 8b54 | 2408 4489 | 1424 4c8b 
  0x0000022ef5a1ab80: 5424 184c | 8954 2408 | 448b 5c24 | 2844 895c | 2404 48ff | 7424 2048 | 8f44 2418 | 4c89 7424 
  0x0000022ef5a1aba0: 2089 7424 | 2866 6690 | c5f8 77e8 | 5077 43f8 | baf6 ffff | ff66 6690 | c5f8 77e8 | 4077 43f8 
  0x0000022ef5a1abc0: baf6 ffff | ff66 6690 | c5f8 77e8 | 3077 43f8 | ba45 ffff | ff48 8b2c | 24c5 fa11 | 0424 c5fa 
  0x0000022ef5a1abe0: 114c 2404 | c5fa 1154 | 2408 4c8b | 4c24 184c | 894c 2410 | c5fb 1164 | 2420 4c89 | 5c24 2844 
  0x0000022ef5a1ac00: 8954 240c | 4489 4424 | 3066 6690 | c5f8 77e8 | ec76 43f8 | 49ba 5b9b | a1f5 2e02 | 0000 4d89 
  0x0000022ef5a1ac20: 9758 0300 | 00e9 d687 | 43f8 f4f4 | f4f4 f4f4 | f4f4 f4f4 | f4f4 f4f4 | f4f4 f4f4 | f4f4 f4f4 
  0x0000022ef5a1ac40: e93b 9c4d | f8e8 0000 | 0000 4883 | 2c24 05e9 | 4c7a 43f8 | f4f4 f4f4 
[/MachCode]
--------------------------------------------------------------------------------


---------------  P R O C E S S  ---------------

Threads class SMR info:
_java_thread_list=0x0000022e8b15cbe0, length=28, elements={
0x0000022effd87f30, 0x0000022effd88ba0, 0x0000022effd9f520, 0x0000022effda12f0,
0x0000022effda5ab0, 0x0000022effda55e0, 0x0000022effda9610, 0x0000022effdaa4b0,
0x0000022e8a53a870, 0x0000022e8a640190, 0x0000022e8a642ac0, 0x0000022effda25c0,
0x0000022effda3430, 0x0000022effda42a0, 0x0000022effda4770, 0x0000022effda20f0,
0x0000022effda2f60, 0x0000022effda5110, 0x0000022effda2a90, 0x0000022effda3900,
0x0000022effda3dd0, 0x0000022e8b1ccfd0, 0x0000022e8b0d7700, 0x0000022e8b1ca7a0,
0x0000022e8b1c4c30, 0x0000022e8b1c5550, 0x0000022e8b1b58c0, 0x0000022e8b4a6310
}

Java Threads: ( => current thread )
  0x0000022effd87f30 JavaThread "Reference Handler" daemon [_thread_blocked, id=7816, stack(0x000000d366200000,0x000000d366300000)]
  0x0000022effd88ba0 JavaThread "Finalizer" daemon [_thread_blocked, id=19044, stack(0x000000d366300000,0x000000d366400000)]
  0x0000022effd9f520 JavaThread "Signal Dispatcher" daemon [_thread_blocked, id=24236, stack(0x000000d366400000,0x000000d366500000)]
  0x0000022effda12f0 JavaThread "Attach Listener" daemon [_thread_blocked, id=10892, stack(0x000000d366500000,0x000000d366600000)]
  0x0000022effda5ab0 JavaThread "Service Thread" daemon [_thread_blocked, id=10532, stack(0x000000d366600000,0x000000d366700000)]
  0x0000022effda55e0 JavaThread "Monitor Deflation Thread" daemon [_thread_blocked, id=23380, stack(0x000000d366700000,0x000000d366800000)]
  0x0000022effda9610 JavaThread "C2 CompilerThread0" daemon [_thread_blocked, id=24352, stack(0x000000d366800000,0x000000d366900000)]
  0x0000022effdaa4b0 JavaThread "C1 CompilerThread0" daemon [_thread_blocked, id=4132, stack(0x000000d366900000,0x000000d366a00000)]
  0x0000022e8a53a870 JavaThread "Sweeper thread" daemon [_thread_blocked, id=24688, stack(0x000000d366a00000,0x000000d366b00000)]
  0x0000022e8a640190 JavaThread "C1 CompilerThread1" daemon [_thread_blocked, id=23076, stack(0x000000d366b00000,0x000000d366c00000)]
  0x0000022e8a642ac0 JavaThread "C1 CompilerThread2" daemon [_thread_blocked, id=24444, stack(0x000000d366c00000,0x000000d366d00000)]
  0x0000022effda25c0 JavaThread "Notification Thread" daemon [_thread_blocked, id=7932, stack(0x000000d366d00000,0x000000d366e00000)]
  0x0000022effda3430 JavaThread "Common-Cleaner" daemon [_thread_blocked, id=16240, stack(0x000000d366f00000,0x000000d367000000)]
  0x0000022effda42a0 JavaThread "DestroyJavaVM" [_thread_blocked, id=17356, stack(0x000000d365b00000,0x000000d365c00000)]
  0x0000022effda4770 JavaThread "Java2D Disposer" daemon [_thread_blocked, id=23388, stack(0x000000d367100000,0x000000d367200000)]
  0x0000022effda20f0 JavaThread "AWT-Shutdown" [_thread_blocked, id=3056, stack(0x000000d367300000,0x000000d367400000)]
  0x0000022effda2f60 JavaThread "AWT-Windows" daemon [_thread_in_native, id=11088, stack(0x000000d367400000,0x000000d367500000)]
  0x0000022effda5110 JavaThread "AWT-EventQueue-0" [_thread_blocked, id=4496, stack(0x000000d368100000,0x000000d368200000)]
=>0x0000022effda2a90 JavaThread "Thread-2" [_thread_in_Java, id=22768, stack(0x000000d368200000,0x000000d368300000)]
  0x0000022effda3900 JavaThread "Thread-1" [_thread_in_Java, id=13636, stack(0x000000d368300000,0x000000d368400000)]
  0x0000022effda3dd0 JavaThread "D3D Screen Updater" daemon [_thread_blocked, id=18384, stack(0x000000d367000000,0x000000d367100000)]
  0x0000022e8b1ccfd0 JavaThread "C2 CompilerThread1" daemon [_thread_blocked, id=1100, stack(0x000000d368c00000,0x000000d368d00000)]
  0x0000022e8b0d7700 JavaThread "C2 CompilerThread2" daemon [_thread_blocked, id=25596, stack(0x000000d368d00000,0x000000d368e00000)]
  0x0000022e8b1ca7a0 JavaThread "C2 CompilerThread3" daemon [_thread_blocked, id=6188, stack(0x000000d368e00000,0x000000d368f00000)]
  0x0000022e8b1c4c30 JavaThread "C2 CompilerThread4" daemon [_thread_blocked, id=11292, stack(0x000000d368f00000,0x000000d369000000)]
  0x0000022e8b1c5550 JavaThread "C2 CompilerThread5" daemon [_thread_blocked, id=14132, stack(0x000000d369000000,0x000000d369100000)]
  0x0000022e8b1b58c0 JavaThread "C2 CompilerThread6" daemon [_thread_blocked, id=24080, stack(0x000000d369100000,0x000000d369200000)]
  0x0000022e8b4a6310 JavaThread "Thread-3" [_thread_in_Java, id=25588, stack(0x000000d369200000,0x000000d369300000)]

Other Threads:
  0x0000022effd82430 VMThread "VM Thread" [stack: 0x000000d366100000,0x000000d366200000] [id=25116]
  0x0000022e8a670ec0 WatcherThread [stack: 0x000000d366e00000,0x000000d366f00000] [id=9916]
  0x0000022ee6376f30 GCTaskThread "GC Thread#0" [stack: 0x000000d365c00000,0x000000d365d00000] [id=4540]
  0x0000022e8b16a230 GCTaskThread "GC Thread#1" [stack: 0x000000d367200000,0x000000d367300000] [id=22276]
  0x0000022e8b16a8f0 GCTaskThread "GC Thread#2" [stack: 0x000000d368400000,0x000000d368500000] [id=23916]
  0x0000022e8b16aba0 GCTaskThread "GC Thread#3" [stack: 0x000000d368500000,0x000000d368600000] [id=2228]
  0x0000022e8b16ae50 GCTaskThread "GC Thread#4" [stack: 0x000000d368600000,0x000000d368700000] [id=4152]
  0x0000022e8b189040 GCTaskThread "GC Thread#5" [stack: 0x000000d368700000,0x000000d368800000] [id=14304]
  0x0000022e8b18c1c0 GCTaskThread "GC Thread#6" [stack: 0x000000d368800000,0x000000d368900000] [id=892]
  0x0000022e8b190480 GCTaskThread "GC Thread#7" [stack: 0x000000d368900000,0x000000d368a00000] [id=19764]
  0x0000022e8b190730 GCTaskThread "GC Thread#8" [stack: 0x000000d368a00000,0x000000d368b00000] [id=13400]
  0x0000022e8b1909e0 GCTaskThread "GC Thread#9" [stack: 0x000000d368b00000,0x000000d368c00000] [id=23476]
  0x0000022ee6388510 ConcurrentGCThread "G1 Main Marker" [stack: 0x000000d365d00000,0x000000d365e00000] [id=9788]
  0x0000022ee638c5e0 ConcurrentGCThread "G1 Conc#0" [stack: 0x000000d365e00000,0x000000d365f00000] [id=26620]
  0x0000022ee63ede10 ConcurrentGCThread "G1 Refine#0" [stack: 0x000000d365f00000,0x000000d366000000] [id=23360]
  0x0000022ee63ee730 ConcurrentGCThread "G1 Service" [stack: 0x000000d366000000,0x000000d366100000] [id=3004]

Threads with active compile tasks:

VM state: not at safepoint (normal execution)

VM Mutex/Monitor currently owned by a thread: None

Heap address: 0x0000000709600000, size: 3946 MB, Compressed Oops mode: Zero based, Oop shift amount: 3

CDS archive(s) mapped at: [0x0000000800000000-0x0000000800bc0000-0x0000000800bc0000), size 12320768, SharedBaseAddress: 0x0000000800000000, ArchiveRelocationMode: 0.
Compressed class space mapped at: 0x0000000800c00000-0x0000000840c00000, reserved size: 1073741824
Narrow klass base: 0x0000000800000000, Narrow klass shift: 0, Narrow klass range: 0x100000000

GC Precious Log:
 CPUs: 16 total, 16 available
 Memory: 15776M
 Large Page Support: Disabled
 NUMA Support: Disabled
 Compressed Oops: Enabled (Zero based)
 Heap Region Size: 2M
 Heap Min Capacity: 8M
 Heap Initial Capacity: 248M
 Heap Max Capacity: 3946M
 Pre-touch: Disabled
 Parallel Workers: 13
 Concurrent Workers: 3
 Concurrent Refinement Workers: 13
 Periodic GC: Disabled

Heap:
 garbage-first heap   total 253952K, used 20687K [0x0000000709600000, 0x0000000800000000)
  region size 2048K, 10 young (20480K), 2 survivors (4096K)
 Metaspace       used 7191K, committed 7424K, reserved 1056768K
  class space    used 774K, committed 896K, reserved 1048576K

Heap Regions: E=young(eden), S=young(survivor), O=old, HS=humongous(starts), HC=humongous(continues), CS=collection set, F=free, OA=open archive, CA=closed archive, TAMS=top-at-mark-start (previous, next)
|   0|0x0000000709600000, 0x0000000709800000, 0x0000000709800000|100%|HS|  |TAMS 0x0000000709600000, 0x0000000709600000| Complete 
|   1|0x0000000709800000, 0x0000000709a00000, 0x0000000709a00000|100%|HC|  |TAMS 0x0000000709800000, 0x0000000709800000| Complete 
|   2|0x0000000709a00000, 0x0000000709a00000, 0x0000000709c00000|  0%| F|  |TAMS 0x0000000709a00000, 0x0000000709a00000| Untracked 
|   3|0x0000000709c00000, 0x0000000709c00000, 0x0000000709e00000|  0%| F|  |TAMS 0x0000000709c00000, 0x0000000709c00000| Untracked 
|   4|0x0000000709e00000, 0x0000000709e00000, 0x000000070a000000|  0%| F|  |TAMS 0x0000000709e00000, 0x0000000709e00000| Untracked 
|   5|0x000000070a000000, 0x000000070a000000, 0x000000070a200000|  0%| F|  |TAMS 0x000000070a000000, 0x000000070a000000| Untracked 
|   6|0x000000070a200000, 0x000000070a200000, 0x000000070a400000|  0%| F|  |TAMS 0x000000070a200000, 0x000000070a200000| Untracked 
|   7|0x000000070a400000, 0x000000070a400000, 0x000000070a600000|  0%| F|  |TAMS 0x000000070a400000, 0x000000070a400000| Untracked 
|   8|0x000000070a600000, 0x000000070a600000, 0x000000070a800000|  0%| F|  |TAMS 0x000000070a600000, 0x000000070a600000| Untracked 
|   9|0x000000070a800000, 0x000000070a800000, 0x000000070aa00000|  0%| F|  |TAMS 0x000000070a800000, 0x000000070a800000| Untracked 
|  10|0x000000070aa00000, 0x000000070aa00000, 0x000000070ac00000|  0%| F|  |TAMS 0x000000070aa00000, 0x000000070aa00000| Untracked 
|  11|0x000000070ac00000, 0x000000070ac00000, 0x000000070ae00000|  0%| F|  |TAMS 0x000000070ac00000, 0x000000070ac00000| Untracked 
|  12|0x000000070ae00000, 0x000000070ae00000, 0x000000070b000000|  0%| F|  |TAMS 0x000000070ae00000, 0x000000070ae00000| Untracked 
|  13|0x000000070b000000, 0x000000070b000000, 0x000000070b200000|  0%| F|  |TAMS 0x000000070b000000, 0x000000070b000000| Untracked 
|  14|0x000000070b200000, 0x000000070b200000, 0x000000070b400000|  0%| F|  |TAMS 0x000000070b200000, 0x000000070b200000| Untracked 
|  15|0x000000070b400000, 0x000000070b400000, 0x000000070b600000|  0%| F|  |TAMS 0x000000070b400000, 0x000000070b400000| Untracked 
|  16|0x000000070b600000, 0x000000070b600000, 0x000000070b800000|  0%| F|  |TAMS 0x000000070b600000, 0x000000070b600000| Untracked 
|  17|0x000000070b800000, 0x000000070b800000, 0x000000070ba00000|  0%| F|  |TAMS 0x000000070b800000, 0x000000070b800000| Untracked 
|  18|0x000000070ba00000, 0x000000070ba00000, 0x000000070bc00000|  0%| F|  |TAMS 0x000000070ba00000, 0x000000070ba00000| Untracked 
|  19|0x000000070bc00000, 0x000000070bc00000, 0x000000070be00000|  0%| F|  |TAMS 0x000000070bc00000, 0x000000070bc00000| Untracked 
|  20|0x000000070be00000, 0x000000070be00000, 0x000000070c000000|  0%| F|  |TAMS 0x000000070be00000, 0x000000070be00000| Untracked 
|  21|0x000000070c000000, 0x000000070c000000, 0x000000070c200000|  0%| F|  |TAMS 0x000000070c000000, 0x000000070c000000| Untracked 
|  22|0x000000070c200000, 0x000000070c200000, 0x000000070c400000|  0%| F|  |TAMS 0x000000070c200000, 0x000000070c200000| Untracked 
|  23|0x000000070c400000, 0x000000070c400000, 0x000000070c600000|  0%| F|  |TAMS 0x000000070c400000, 0x000000070c400000| Untracked 
|  24|0x000000070c600000, 0x000000070c600000, 0x000000070c800000|  0%| F|  |TAMS 0x000000070c600000, 0x000000070c600000| Untracked 
|  25|0x000000070c800000, 0x000000070c800000, 0x000000070ca00000|  0%| F|  |TAMS 0x000000070c800000, 0x000000070c800000| Untracked 
|  26|0x000000070ca00000, 0x000000070ca00000, 0x000000070cc00000|  0%| F|  |TAMS 0x000000070ca00000, 0x000000070ca00000| Untracked 
|  27|0x000000070cc00000, 0x000000070cc00000, 0x000000070ce00000|  0%| F|  |TAMS 0x000000070cc00000, 0x000000070cc00000| Untracked 
|  28|0x000000070ce00000, 0x000000070ce00000, 0x000000070d000000|  0%| F|  |TAMS 0x000000070ce00000, 0x000000070ce00000| Untracked 
|  29|0x000000070d000000, 0x000000070d000000, 0x000000070d200000|  0%| F|  |TAMS 0x000000070d000000, 0x000000070d000000| Untracked 
|  30|0x000000070d200000, 0x000000070d200000, 0x000000070d400000|  0%| F|  |TAMS 0x000000070d200000, 0x000000070d200000| Untracked 
|  31|0x000000070d400000, 0x000000070d400000, 0x000000070d600000|  0%| F|  |TAMS 0x000000070d400000, 0x000000070d400000| Untracked 
|  32|0x000000070d600000, 0x000000070d600000, 0x000000070d800000|  0%| F|  |TAMS 0x000000070d600000, 0x000000070d600000| Untracked 
|  33|0x000000070d800000, 0x000000070d800000, 0x000000070da00000|  0%| F|  |TAMS 0x000000070d800000, 0x000000070d800000| Untracked 
|  34|0x000000070da00000, 0x000000070da00000, 0x000000070dc00000|  0%| F|  |TAMS 0x000000070da00000, 0x000000070da00000| Untracked 
|  35|0x000000070dc00000, 0x000000070dc00000, 0x000000070de00000|  0%| F|  |TAMS 0x000000070dc00000, 0x000000070dc00000| Untracked 
|  36|0x000000070de00000, 0x000000070de00000, 0x000000070e000000|  0%| F|  |TAMS 0x000000070de00000, 0x000000070de00000| Untracked 
|  37|0x000000070e000000, 0x000000070e000000, 0x000000070e200000|  0%| F|  |TAMS 0x000000070e000000, 0x000000070e000000| Untracked 
|  38|0x000000070e200000, 0x000000070e200000, 0x000000070e400000|  0%| F|  |TAMS 0x000000070e200000, 0x000000070e200000| Untracked 
|  39|0x000000070e400000, 0x000000070e400000, 0x000000070e600000|  0%| F|  |TAMS 0x000000070e400000, 0x000000070e400000| Untracked 
|  40|0x000000070e600000, 0x000000070e600000, 0x000000070e800000|  0%| F|  |TAMS 0x000000070e600000, 0x000000070e600000| Untracked 
|  41|0x000000070e800000, 0x000000070e800000, 0x000000070ea00000|  0%| F|  |TAMS 0x000000070e800000, 0x000000070e800000| Untracked 
|  42|0x000000070ea00000, 0x000000070ea00000, 0x000000070ec00000|  0%| F|  |TAMS 0x000000070ea00000, 0x000000070ea00000| Untracked 
|  43|0x000000070ec00000, 0x000000070ec00000, 0x000000070ee00000|  0%| F|  |TAMS 0x000000070ec00000, 0x000000070ec00000| Untracked 
|  44|0x000000070ee00000, 0x000000070ee00000, 0x000000070f000000|  0%| F|  |TAMS 0x000000070ee00000, 0x000000070ee00000| Untracked 
|  45|0x000000070f000000, 0x000000070f000000, 0x000000070f200000|  0%| F|  |TAMS 0x000000070f000000, 0x000000070f000000| Untracked 
|  46|0x000000070f200000, 0x000000070f200000, 0x000000070f400000|  0%| F|  |TAMS 0x000000070f200000, 0x000000070f200000| Untracked 
|  47|0x000000070f400000, 0x000000070f400000, 0x000000070f600000|  0%| F|  |TAMS 0x000000070f400000, 0x000000070f400000| Untracked 
|  48|0x000000070f600000, 0x000000070f600000, 0x000000070f800000|  0%| F|  |TAMS 0x000000070f600000, 0x000000070f600000| Untracked 
|  49|0x000000070f800000, 0x000000070f800000, 0x000000070fa00000|  0%| F|  |TAMS 0x000000070f800000, 0x000000070f800000| Untracked 
|  50|0x000000070fa00000, 0x000000070fa00000, 0x000000070fc00000|  0%| F|  |TAMS 0x000000070fa00000, 0x000000070fa00000| Untracked 
|  51|0x000000070fc00000, 0x000000070fc00000, 0x000000070fe00000|  0%| F|  |TAMS 0x000000070fc00000, 0x000000070fc00000| Untracked 
|  52|0x000000070fe00000, 0x000000070fe00000, 0x0000000710000000|  0%| F|  |TAMS 0x000000070fe00000, 0x000000070fe00000| Untracked 
|  53|0x0000000710000000, 0x0000000710000000, 0x0000000710200000|  0%| F|  |TAMS 0x0000000710000000, 0x0000000710000000| Untracked 
|  54|0x0000000710200000, 0x0000000710200000, 0x0000000710400000|  0%| F|  |TAMS 0x0000000710200000, 0x0000000710200000| Untracked 
|  55|0x0000000710400000, 0x0000000710400000, 0x0000000710600000|  0%| F|  |TAMS 0x0000000710400000, 0x0000000710400000| Untracked 
|  56|0x0000000710600000, 0x0000000710600000, 0x0000000710800000|  0%| F|  |TAMS 0x0000000710600000, 0x0000000710600000| Untracked 
|  57|0x0000000710800000, 0x0000000710800000, 0x0000000710a00000|  0%| F|  |TAMS 0x0000000710800000, 0x0000000710800000| Untracked 
|  58|0x0000000710a00000, 0x0000000710a00000, 0x0000000710c00000|  0%| F|  |TAMS 0x0000000710a00000, 0x0000000710a00000| Untracked 
|  59|0x0000000710c00000, 0x0000000710c00000, 0x0000000710e00000|  0%| F|  |TAMS 0x0000000710c00000, 0x0000000710c00000| Untracked 
|  60|0x0000000710e00000, 0x0000000710e00000, 0x0000000711000000|  0%| F|  |TAMS 0x0000000710e00000, 0x0000000710e00000| Untracked 
|  61|0x0000000711000000, 0x0000000711000000, 0x0000000711200000|  0%| F|  |TAMS 0x0000000711000000, 0x0000000711000000| Untracked 
|  62|0x0000000711200000, 0x0000000711200000, 0x0000000711400000|  0%| F|  |TAMS 0x0000000711200000, 0x0000000711200000| Untracked 
|  63|0x0000000711400000, 0x0000000711400000, 0x0000000711600000|  0%| F|  |TAMS 0x0000000711400000, 0x0000000711400000| Untracked 
|  64|0x0000000711600000, 0x0000000711600000, 0x0000000711800000|  0%| F|  |TAMS 0x0000000711600000, 0x0000000711600000| Untracked 
|  65|0x0000000711800000, 0x0000000711800000, 0x0000000711a00000|  0%| F|  |TAMS 0x0000000711800000, 0x0000000711800000| Untracked 
|  66|0x0000000711a00000, 0x0000000711a00000, 0x0000000711c00000|  0%| F|  |TAMS 0x0000000711a00000, 0x0000000711a00000| Untracked 
|  67|0x0000000711c00000, 0x0000000711c00000, 0x0000000711e00000|  0%| F|  |TAMS 0x0000000711c00000, 0x0000000711c00000| Untracked 
|  68|0x0000000711e00000, 0x0000000711e00000, 0x0000000712000000|  0%| F|  |TAMS 0x0000000711e00000, 0x0000000711e00000| Untracked 
|  69|0x0000000712000000, 0x0000000712000000, 0x0000000712200000|  0%| F|  |TAMS 0x0000000712000000, 0x0000000712000000| Untracked 
|  70|0x0000000712200000, 0x0000000712200000, 0x0000000712400000|  0%| F|  |TAMS 0x0000000712200000, 0x0000000712200000| Untracked 
|  71|0x0000000712400000, 0x0000000712400000, 0x0000000712600000|  0%| F|  |TAMS 0x0000000712400000, 0x0000000712400000| Untracked 
|  72|0x0000000712600000, 0x0000000712600000, 0x0000000712800000|  0%| F|  |TAMS 0x0000000712600000, 0x0000000712600000| Untracked 
|  73|0x0000000712800000, 0x0000000712800000, 0x0000000712a00000|  0%| F|  |TAMS 0x0000000712800000, 0x0000000712800000| Untracked 
|  74|0x0000000712a00000, 0x0000000712a00000, 0x0000000712c00000|  0%| F|  |TAMS 0x0000000712a00000, 0x0000000712a00000| Untracked 
|  75|0x0000000712c00000, 0x0000000712c00000, 0x0000000712e00000|  0%| F|  |TAMS 0x0000000712c00000, 0x0000000712c00000| Untracked 
|  76|0x0000000712e00000, 0x0000000712e00000, 0x0000000713000000|  0%| F|  |TAMS 0x0000000712e00000, 0x0000000712e00000| Untracked 
|  77|0x0000000713000000, 0x0000000713000000, 0x0000000713200000|  0%| F|  |TAMS 0x0000000713000000, 0x0000000713000000| Untracked 
|  78|0x0000000713200000, 0x0000000713200000, 0x0000000713400000|  0%| F|  |TAMS 0x0000000713200000, 0x0000000713200000| Untracked 
|  79|0x0000000713400000, 0x0000000713400000, 0x0000000713600000|  0%| F|  |TAMS 0x0000000713400000, 0x0000000713400000| Untracked 
|  80|0x0000000713600000, 0x0000000713600000, 0x0000000713800000|  0%| F|  |TAMS 0x0000000713600000, 0x0000000713600000| Untracked 
|  81|0x0000000713800000, 0x0000000713800000, 0x0000000713a00000|  0%| F|  |TAMS 0x0000000713800000, 0x0000000713800000| Untracked 
|  82|0x0000000713a00000, 0x0000000713a00000, 0x0000000713c00000|  0%| F|  |TAMS 0x0000000713a00000, 0x0000000713a00000| Untracked 
|  83|0x0000000713c00000, 0x0000000713c00000, 0x0000000713e00000|  0%| F|  |TAMS 0x0000000713c00000, 0x0000000713c00000| Untracked 
|  84|0x0000000713e00000, 0x0000000713e00000, 0x0000000714000000|  0%| F|  |TAMS 0x0000000713e00000, 0x0000000713e00000| Untracked 
|  85|0x0000000714000000, 0x0000000714000000, 0x0000000714200000|  0%| F|  |TAMS 0x0000000714000000, 0x0000000714000000| Untracked 
|  86|0x0000000714200000, 0x0000000714200000, 0x0000000714400000|  0%| F|  |TAMS 0x0000000714200000, 0x0000000714200000| Untracked 
|  87|0x0000000714400000, 0x0000000714400000, 0x0000000714600000|  0%| F|  |TAMS 0x0000000714400000, 0x0000000714400000| Untracked 
|  88|0x0000000714600000, 0x0000000714600000, 0x0000000714800000|  0%| F|  |TAMS 0x0000000714600000, 0x0000000714600000| Untracked 
|  89|0x0000000714800000, 0x0000000714800000, 0x0000000714a00000|  0%| F|  |TAMS 0x0000000714800000, 0x0000000714800000| Untracked 
|  90|0x0000000714a00000, 0x0000000714a00000, 0x0000000714c00000|  0%| F|  |TAMS 0x0000000714a00000, 0x0000000714a00000| Untracked 
|  91|0x0000000714c00000, 0x0000000714c00000, 0x0000000714e00000|  0%| F|  |TAMS 0x0000000714c00000, 0x0000000714c00000| Untracked 
|  92|0x0000000714e00000, 0x0000000714e00000, 0x0000000715000000|  0%| F|  |TAMS 0x0000000714e00000, 0x0000000714e00000| Untracked 
|  93|0x0000000715000000, 0x0000000715000000, 0x0000000715200000|  0%| F|  |TAMS 0x0000000715000000, 0x0000000715000000| Untracked 
|  94|0x0000000715200000, 0x0000000715200000, 0x0000000715400000|  0%| F|  |TAMS 0x0000000715200000, 0x0000000715200000| Untracked 
|  95|0x0000000715400000, 0x0000000715400000, 0x0000000715600000|  0%| F|  |TAMS 0x0000000715400000, 0x0000000715400000| Untracked 
|  96|0x0000000715600000, 0x0000000715600000, 0x0000000715800000|  0%| F|  |TAMS 0x0000000715600000, 0x0000000715600000| Untracked 
|  97|0x0000000715800000, 0x0000000715800000, 0x0000000715a00000|  0%| F|  |TAMS 0x0000000715800000, 0x0000000715800000| Untracked 
|  98|0x0000000715a00000, 0x0000000715a00000, 0x0000000715c00000|  0%| F|  |TAMS 0x0000000715a00000, 0x0000000715a00000| Untracked 
|  99|0x0000000715c00000, 0x0000000715c00000, 0x0000000715e00000|  0%| F|  |TAMS 0x0000000715c00000, 0x0000000715c00000| Untracked 
| 100|0x0000000715e00000, 0x0000000715e00000, 0x0000000716000000|  0%| F|  |TAMS 0x0000000715e00000, 0x0000000715e00000| Untracked 
| 101|0x0000000716000000, 0x0000000716000000, 0x0000000716200000|  0%| F|  |TAMS 0x0000000716000000, 0x0000000716000000| Untracked 
| 102|0x0000000716200000, 0x0000000716200000, 0x0000000716400000|  0%| F|  |TAMS 0x0000000716200000, 0x0000000716200000| Untracked 
| 103|0x0000000716400000, 0x0000000716400000, 0x0000000716600000|  0%| F|  |TAMS 0x0000000716400000, 0x0000000716400000| Untracked 
| 104|0x0000000716600000, 0x0000000716600000, 0x0000000716800000|  0%| F|  |TAMS 0x0000000716600000, 0x0000000716600000| Untracked 
| 105|0x0000000716800000, 0x0000000716800000, 0x0000000716a00000|  0%| F|  |TAMS 0x0000000716800000, 0x0000000716800000| Untracked 
| 106|0x0000000716a00000, 0x0000000716a00000, 0x0000000716c00000|  0%| F|  |TAMS 0x0000000716a00000, 0x0000000716a00000| Untracked 
| 107|0x0000000716c00000, 0x0000000716c00000, 0x0000000716e00000|  0%| F|  |TAMS 0x0000000716c00000, 0x0000000716c00000| Untracked 
| 108|0x0000000716e00000, 0x0000000716e00000, 0x0000000717000000|  0%| F|  |TAMS 0x0000000716e00000, 0x0000000716e00000| Untracked 
| 109|0x0000000717000000, 0x0000000717000000, 0x0000000717200000|  0%| F|  |TAMS 0x0000000717000000, 0x0000000717000000| Untracked 
| 110|0x0000000717200000, 0x0000000717200000, 0x0000000717400000|  0%| F|  |TAMS 0x0000000717200000, 0x0000000717200000| Untracked 
| 111|0x0000000717400000, 0x0000000717433fe0, 0x0000000717600000| 10%| S|CS|TAMS 0x0000000717400000, 0x0000000717400000| Complete 
| 112|0x0000000717600000, 0x0000000717800000, 0x0000000717800000|100%| S|CS|TAMS 0x0000000717600000, 0x0000000717600000| Complete 
| 113|0x0000000717800000, 0x0000000717800000, 0x0000000717a00000|  0%| F|  |TAMS 0x0000000717800000, 0x0000000717800000| Untracked 
| 114|0x0000000717a00000, 0x0000000717a00000, 0x0000000717c00000|  0%| F|  |TAMS 0x0000000717a00000, 0x0000000717a00000| Untracked 
| 115|0x0000000717c00000, 0x0000000717c00000, 0x0000000717e00000|  0%| F|  |TAMS 0x0000000717c00000, 0x0000000717c00000| Untracked 
| 116|0x0000000717e00000, 0x0000000717fe94b0, 0x0000000718000000| 95%| E|  |TAMS 0x0000000717e00000, 0x0000000717e00000| Complete 
| 117|0x0000000718000000, 0x0000000718200000, 0x0000000718200000|100%| E|CS|TAMS 0x0000000718000000, 0x0000000718000000| Complete 
| 118|0x0000000718200000, 0x0000000718400000, 0x0000000718400000|100%| E|CS|TAMS 0x0000000718200000, 0x0000000718200000| Complete 
| 119|0x0000000718400000, 0x0000000718600000, 0x0000000718600000|100%| E|CS|TAMS 0x0000000718400000, 0x0000000718400000| Complete 
| 120|0x0000000718600000, 0x0000000718800000, 0x0000000718800000|100%| E|CS|TAMS 0x0000000718600000, 0x0000000718600000| Complete 
| 121|0x0000000718800000, 0x0000000718a00000, 0x0000000718a00000|100%| E|CS|TAMS 0x0000000718800000, 0x0000000718800000| Complete 
| 122|0x0000000718a00000, 0x0000000718c00000, 0x0000000718c00000|100%| E|CS|TAMS 0x0000000718a00000, 0x0000000718a00000| Complete 
| 123|0x0000000718c00000, 0x0000000718e00000, 0x0000000718e00000|100%| E|CS|TAMS 0x0000000718c00000, 0x0000000718c00000| Complete 

Card table byte_map: [0x0000022efde50000,0x0000022efe610000] _byte_map_base: 0x0000022efa605000

Marking Bits (Prev, Next): (CMBitMap*) 0x0000022ee6378550, (CMBitMap*) 0x0000022ee6378590
 Prev Bits: [0x0000022e80000000, 0x0000022e83da8000)
 Next Bits: [0x0000022e83db0000, 0x0000022e87b58000)

Polling page: 0x0000022ee42a0000

Metaspace:

Usage:
  Non-class:      6.27 MB used.
      Class:    774.66 KB used.
       Both:      7.02 MB used.

Virtual space:
  Non-class space:        8.00 MB reserved,       6.38 MB ( 80%) committed,  1 nodes.
      Class space:        1.00 GB reserved,     896.00 KB ( <1%) committed,  1 nodes.
             Both:        1.01 GB reserved,       7.25 MB ( <1%) committed. 

Chunk freelists:
   Non-Class:  864.00 KB
       Class:  3.10 MB
        Both:  3.94 MB

MaxMetaspaceSize: unlimited
CompressedClassSpaceSize: 1.00 GB
Initial GC threshold: 21.00 MB
Current GC threshold: 21.00 MB
CDS: on
MetaspaceReclaimPolicy: balanced
 - commit_granule_bytes: 65536.
 - commit_granule_words: 8192.
 - virtual_space_node_default_size: 1048576.
 - enlarge_chunks_in_place: 1.
 - new_chunks_are_fully_committed: 0.
 - uncommit_free_chunks: 1.
 - use_allocation_guard: 0.
 - handle_deallocations: 1.


Internal statistics:

num_allocs_failed_limit: 0.
num_arena_births: 128.
num_arena_deaths: 0.
num_vsnodes_births: 2.
num_vsnodes_deaths: 0.
num_space_committed: 116.
num_space_uncommitted: 0.
num_chunks_returned_to_freelist: 0.
num_chunks_taken_from_freelist: 180.
num_chunk_merges: 0.
num_chunk_splits: 107.
num_chunks_enlarged: 52.
num_purges: 0.
num_inconsistent_stats: 0.

CodeHeap 'non-profiled nmethods': size=119168Kb used=495Kb max_used=495Kb free=118672Kb
 bounds [0x0000022ef59a0000, 0x0000022ef5c10000, 0x0000022efce00000]
CodeHeap 'profiled nmethods': size=119104Kb used=1954Kb max_used=1954Kb free=117149Kb
 bounds [0x0000022eee550000, 0x0000022eee7c0000, 0x0000022ef59a0000]
CodeHeap 'non-nmethods': size=7488Kb used=2386Kb max_used=2423Kb free=5101Kb
 bounds [0x0000022eede00000, 0x0000022eee070000, 0x0000022eee550000]
 total_blobs=1888 nmethods=1307 adapters=492
 compilation: enabled
              stopped_count=0, restarted_count=0
 full_count=0

Compilation events (20 events):
Event: 2.178 Thread 0x0000022e8a642ac0 1292       1       summit.game.entity.Entity::getHealth (5 bytes)
Event: 2.178 Thread 0x0000022e8a642ac0 nmethod 1292 0x0000022ef5a16210 code [0x0000022ef5a163a0, 0x0000022ef5a16478]
Event: 2.180 Thread 0x0000022e8a640190 1293       1       summit.game.tile.Tile::getName (5 bytes)
Event: 2.180 Thread 0x0000022effdaa4b0 1294       1       summit.game.entity.Entity::setInWater (6 bytes)
Event: 2.180 Thread 0x0000022e8a642ac0 1295       1       summit.game.entity.Entity::getDx (5 bytes)
Event: 2.181 Thread 0x0000022e8a640190 nmethod 1293 0x0000022ef5a16510 code [0x0000022ef5a166a0, 0x0000022ef5a16778]
Event: 2.181 Thread 0x0000022effdaa4b0 nmethod 1294 0x0000022ef5a16810 code [0x0000022ef5a169a0, 0x0000022ef5a16a78]
Event: 2.181 Thread 0x0000022e8a640190 1296       1       summit.game.entity.Entity::getDy (5 bytes)
Event: 2.181 Thread 0x0000022e8a642ac0 nmethod 1295 0x0000022ef5a16b10 code [0x0000022ef5a16ca0, 0x0000022ef5a16d78]
Event: 2.181 Thread 0x0000022effdaa4b0 1297       1       summit.gfx.Camera::setX (6 bytes)
Event: 2.181 Thread 0x0000022e8a642ac0 1298       1       summit.gfx.Camera::setY (6 bytes)
Event: 2.181 Thread 0x0000022e8a640190 nmethod 1296 0x0000022ef5a16e10 code [0x0000022ef5a16fa0, 0x0000022ef5a17078]
Event: 2.181 Thread 0x0000022effdaa4b0 nmethod 1297 0x0000022ef5a17110 code [0x0000022ef5a172a0, 0x0000022ef5a17378]
Event: 2.181 Thread 0x0000022e8a642ac0 nmethod 1298 0x0000022ef5a17410 code [0x0000022ef5a175a0, 0x0000022ef5a17678]
Event: 2.181 Thread 0x0000022e8b1b58c0 1299       4       java.util.HashMap::getNode (150 bytes)
Event: 2.181 Thread 0x0000022effdaa4b0 1300       1       java.awt.event.InputEvent::getWhen (5 bytes)
Event: 2.181 Thread 0x0000022effdaa4b0 nmethod 1300 0x0000022ef5a17710 code [0x0000022ef5a178a0, 0x0000022ef5a17978]
Event: 2.182 Thread 0x0000022e8b1ca7a0 nmethod 1291 0x0000022ef5a17a10 code [0x0000022ef5a17ba0, 0x0000022ef5a17e18]
Event: 2.186 Thread 0x0000022e8b1b58c0 nmethod 1299 0x0000022ef5a18090 code [0x0000022ef5a18240, 0x0000022ef5a18878]
Event: 2.199 Thread 0x0000022e8b1c4c30 nmethod 1270 0x0000022ef5a18c10 code [0x0000022ef5a18e20, 0x0000022ef5a1ac58]

GC Heap History (2 events):
Event: 2.035 GC heap before
{Heap before GC invocations=0 (full 0):
 garbage-first heap   total 253952K, used 26624K [0x0000000709600000, 0x0000000800000000)
  region size 2048K, 11 young (22528K), 0 survivors (0K)
 Metaspace       used 6998K, committed 7296K, reserved 1056768K
  class space    used 749K, committed 896K, reserved 1048576K
}
Event: 2.038 GC heap after
{Heap after GC invocations=1 (full 0):
 garbage-first heap   total 253952K, used 6351K [0x0000000709600000, 0x0000000800000000)
  region size 2048K, 2 young (4096K), 2 survivors (4096K)
 Metaspace       used 6998K, committed 7296K, reserved 1056768K
  class space    used 749K, committed 896K, reserved 1048576K
}

Deoptimization events (20 events):
Event: 2.143 Thread 0x0000022effda2a90 DEOPT PACKING pc=0x0000022eee729022 sp=0x000000d3682ff240
Event: 2.143 Thread 0x0000022effda2a90 DEOPT UNPACKING pc=0x0000022eede52b43 sp=0x000000d3682fe6e8 mode 0
Event: 2.143 Thread 0x0000022effda2a90 DEOPT PACKING pc=0x0000022eee729022 sp=0x000000d3682ff240
Event: 2.143 Thread 0x0000022effda2a90 DEOPT UNPACKING pc=0x0000022eede52b43 sp=0x000000d3682fe6e8 mode 0
Event: 2.143 Thread 0x0000022effda2a90 DEOPT PACKING pc=0x0000022eee729022 sp=0x000000d3682ff240
Event: 2.143 Thread 0x0000022effda2a90 DEOPT UNPACKING pc=0x0000022eede52b43 sp=0x000000d3682fe6e8 mode 0
Event: 2.143 Thread 0x0000022effda2a90 DEOPT PACKING pc=0x0000022eee729022 sp=0x000000d3682ff240
Event: 2.143 Thread 0x0000022effda2a90 DEOPT UNPACKING pc=0x0000022eede52b43 sp=0x000000d3682fe6e8 mode 0
Event: 2.143 Thread 0x0000022effda2a90 DEOPT PACKING pc=0x0000022eee729022 sp=0x000000d3682ff240
Event: 2.143 Thread 0x0000022effda2a90 DEOPT UNPACKING pc=0x0000022eede52b43 sp=0x000000d3682fe6e8 mode 0
Event: 2.144 Thread 0x0000022effda2a90 DEOPT PACKING pc=0x0000022eee729022 sp=0x000000d3682ff240
Event: 2.144 Thread 0x0000022effda2a90 DEOPT UNPACKING pc=0x0000022eede52b43 sp=0x000000d3682fe6e8 mode 0
Event: 2.151 Thread 0x0000022effda2a90 DEOPT PACKING pc=0x0000022eee72a79d sp=0x000000d3682fef70
Event: 2.151 Thread 0x0000022effda2a90 DEOPT UNPACKING pc=0x0000022eede52b43 sp=0x000000d3682fe400 mode 0
Event: 2.155 Thread 0x0000022effda2a90 DEOPT PACKING pc=0x0000022eee72a79d sp=0x000000d3682feee0
Event: 2.155 Thread 0x0000022effda2a90 DEOPT UNPACKING pc=0x0000022eede52b43 sp=0x000000d3682fe370 mode 0
Event: 2.160 Thread 0x0000022effda2a90 DEOPT PACKING pc=0x0000022eee72a79d sp=0x000000d3682fef70
Event: 2.160 Thread 0x0000022effda2a90 DEOPT UNPACKING pc=0x0000022eede52b43 sp=0x000000d3682fe400 mode 0
Event: 2.178 Thread 0x0000022effda2a90 DEOPT PACKING pc=0x0000022eee72f157 sp=0x000000d3682ff300
Event: 2.178 Thread 0x0000022effda2a90 DEOPT UNPACKING pc=0x0000022eede52b43 sp=0x000000d3682fe7a8 mode 0

Classes unloaded (0 events):
No events

Classes redefined (0 events):
No events

Internal exceptions (13 events):
Event: 0.052 Thread 0x0000022effda3dd0 Exception <a 'java/lang/ClassNotFoundException'{0x0000000718a2b280}: sun/awt/resources/spi/awtProvider> (0x0000000718a2b280) 
thrown [s\src\hotspot\share\classfile\systemDictionary.cpp, line 256]
Event: 0.071 Thread 0x0000022effda3dd0 Exception <a 'java/io/FileNotFoundException'{0x0000000718b657f8}> (0x0000000718b657f8) 
thrown [s\src\hotspot\share\prims\jni.cpp, line 516]
Event: 0.076 Thread 0x0000022effda3dd0 Exception <a 'java/io/FileNotFoundException'{0x0000000718b92750}> (0x0000000718b92750) 
thrown [s\src\hotspot\share\prims\jni.cpp, line 516]
Event: 0.089 Thread 0x0000022effda3dd0 Exception <a 'java/lang/NoSuchMethodError'{0x0000000718bc8010}: 'java.lang.Object java.lang.invoke.DirectMethodHandle$Holder.invokeStaticInit(java.lang.Object)'> (0x0000000718bc8010) 
thrown [s\src\hotspot\share\interpreter\linkResolver.cpp, line 759]
Event: 0.234 Thread 0x0000022effda3dd0 Exception <a 'java/lang/NoSuchMethodError'{0x0000000718766788}: 'void java.lang.invoke.DirectMethodHandle$Holder.invokeSpecial(java.lang.Object, java.lang.Object, java.lang.Object)'> (0x0000000718766788) 
thrown [s\src\hotspot\share\interpreter\linkResolver.cpp, line 759]
Event: 0.240 Thread 0x0000022effda3dd0 Exception <a 'java/lang/NoSuchMethodError'{0x0000000718790a20}: 'java.lang.Object java.lang.invoke.DirectMethodHandle$Holder.newInvokeSpecial(java.lang.Object, java.lang.Object, java.lang.Object, java.lang.Object, java.lang.Object)'> (0x0000000718790a20) 
thrown [s\src\hotspot\share\interpreter\linkResolver.cpp, line 759]
Event: 0.241 Thread 0x0000022effda3dd0 Exception <a 'java/lang/NoSuchMethodError'{0x000000071879c3e8}: 'java.lang.Object java.lang.invoke.DirectMethodHandle$Holder.invokeStatic(java.lang.Object, int, java.lang.Object, java.lang.Object, java.lang.Object, java.lang.Object)'> (0x000000071879c3e8) 
thrown [s\src\hotspot\share\interpreter\linkResolver.cpp, line 759]
Event: 0.244 Thread 0x0000022effda3dd0 Exception <a 'java/lang/NoSuchMethodError'{0x00000007187c1b08}: 'java.lang.Object java.lang.invoke.DirectMethodHandle$Holder.invokeStatic(java.lang.Object, int, java.lang.Object)'> (0x00000007187c1b08) 
thrown [s\src\hotspot\share\interpreter\linkResolver.cpp, line 759]
Event: 0.262 Thread 0x0000022effda3dd0 Exception <a 'java/lang/ClassNotFoundException'{0x0000000718479fd0}: com/sun/swing/internal/plaf/metal/resources/spi/metalProvider> (0x0000000718479fd0) 
thrown [s\src\hotspot\share\classfile\systemDictionary.cpp, line 256]
Event: 0.263 Thread 0x0000022effda3dd0 Exception <a 'java/lang/ClassNotFoundException'{0x000000071847de58}: com/sun/swing/internal/plaf/basic/resources/spi/basicProvider> (0x000000071847de58) 
thrown [s\src\hotspot\share\classfile\systemDictionary.cpp, line 256]
Event: 0.275 Thread 0x0000022effda2f60 Exception <a 'java/lang/NoSuchMethodError'{0x0000000718680998}: 'void java.lang.invoke.DirectMethodHandle$Holder.invokeVirtual(java.lang.Object, java.lang.Object)'> (0x0000000718680998) 
thrown [s\src\hotspot\share\interpreter\linkResolver.cpp, line 759]
Event: 0.285 Thread 0x0000022effda3dd0 Exception <a 'java/lang/NoSuchMethodError'{0x00000007184bbda0}: 'void java.lang.invoke.DirectMethodHandle$Holder.invokeStaticInit(java.lang.Object)'> (0x00000007184bbda0) 
thrown [s\src\hotspot\share\interpreter\linkResolver.cpp, line 759]
Event: 2.070 Thread 0x0000022effda5110 Implicit null exception at 0x0000022ef59fc055 to 0x0000022ef59fc178

VM Operations (18 events):
Event: 0.038 Executing VM operation: HandshakeAllThreads
Event: 0.038 Executing VM operation: HandshakeAllThreads done
Event: 0.262 Executing VM operation: HandshakeAllThreads
Event: 0.262 Executing VM operation: HandshakeAllThreads done
Event: 0.302 Executing VM operation: HandshakeAllThreads
Event: 0.302 Executing VM operation: HandshakeAllThreads done
Event: 0.330 Executing VM operation: HandshakeAllThreads
Event: 0.331 Executing VM operation: HandshakeAllThreads done
Event: 1.333 Executing VM operation: Cleanup
Event: 1.333 Executing VM operation: Cleanup done
Event: 2.035 Executing VM operation: G1CollectForAllocation
Event: 2.038 Executing VM operation: G1CollectForAllocation done
Event: 2.054 Executing VM operation: HandshakeAllThreads
Event: 2.054 Executing VM operation: HandshakeAllThreads done
Event: 2.077 Executing VM operation: HandshakeAllThreads
Event: 2.077 Executing VM operation: HandshakeAllThreads done
Event: 2.079 Executing VM operation: HandshakeAllThreads
Event: 2.079 Executing VM operation: HandshakeAllThreads done

Events (20 events):
Event: 1.199 loading class java/applet/Applet done
Event: 1.199 loading class javax/swing/JInternalFrame
Event: 1.200 loading class javax/swing/JInternalFrame done
Event: 1.200 loading class javax/swing/KeyboardManager
Event: 1.200 loading class javax/swing/KeyboardManager done
Event: 1.200 loading class javax/swing/Popup$HeavyWeightWindow
Event: 1.200 loading class sun/awt/ModalExclude
Event: 1.200 loading class sun/awt/ModalExclude done
Event: 1.200 loading class javax/swing/JWindow
Event: 1.201 loading class javax/swing/JWindow done
Event: 1.201 loading class javax/swing/Popup$HeavyWeightWindow done
Event: 2.052 loading class java/lang/Math$RandomNumberGeneratorHolder
Event: 2.052 loading class java/lang/Math$RandomNumberGeneratorHolder done
Event: 2.066 Thread 0x0000022e8b1ccfd0 Thread added: 0x0000022e8b1ccfd0
Event: 2.066 Thread 0x0000022e8b0d7700 Thread added: 0x0000022e8b0d7700
Event: 2.066 Thread 0x0000022e8b1ca7a0 Thread added: 0x0000022e8b1ca7a0
Event: 2.066 Thread 0x0000022e8b1c4c30 Thread added: 0x0000022e8b1c4c30
Event: 2.067 Thread 0x0000022e8b1c5550 Thread added: 0x0000022e8b1c5550
Event: 2.067 Thread 0x0000022e8b1b58c0 Thread added: 0x0000022e8b1b58c0
Event: 2.080 Thread 0x0000022e8b4a6310 Thread added: 0x0000022e8b4a6310


Dynamic libraries:
0x00007ff796dc0000 - 0x00007ff796dce000 	C:\Users\aadiu\AppData\Local\Programs\Eclipse Adoptium\jdk-17.0.4.101-hotspot\bin\java.exe
0x00007ffb36970000 - 0x00007ffb36b68000 	C:\Windows\SYSTEM32\ntdll.dll
0x00007ffb352a0000 - 0x00007ffb3535f000 	C:\Windows\System32\KERNEL32.DLL
0x00007ffb34310000 - 0x00007ffb345e2000 	C:\Windows\System32\KERNELBASE.dll
0x00007ffb34110000 - 0x00007ffb34210000 	C:\Windows\System32\ucrtbase.dll
0x00007ffb31af0000 - 0x00007ffb31b08000 	C:\Users\aadiu\AppData\Local\Programs\Eclipse Adoptium\jdk-17.0.4.101-hotspot\bin\jli.dll
0x00007ffb26d60000 - 0x00007ffb26d79000 	C:\Users\aadiu\AppData\Local\Programs\Eclipse Adoptium\jdk-17.0.4.101-hotspot\bin\VCRUNTIME140.dll
0x00007ffb35530000 - 0x00007ffb356cd000 	C:\Windows\System32\USER32.dll
0x00007ffb34720000 - 0x00007ffb34742000 	C:\Windows\System32\win32u.dll
0x00007ffb20b10000 - 0x00007ffb20daa000 	C:\Windows\WinSxS\amd64_microsoft.windows.common-controls_6595b64144ccf1df_6.0.19041.1110_none_60b5254171f9507e\COMCTL32.dll
0x00007ffb35fa0000 - 0x00007ffb35fcb000 	C:\Windows\System32\GDI32.dll
0x00007ffb35f00000 - 0x00007ffb35f9e000 	C:\Windows\System32\msvcrt.dll
0x00007ffb34750000 - 0x00007ffb3485f000 	C:\Windows\System32\gdi32full.dll
0x00007ffb345f0000 - 0x00007ffb3468d000 	C:\Windows\System32\msvcp_win.dll
0x00007ffb356f0000 - 0x00007ffb35722000 	C:\Windows\System32\IMM32.DLL
0x00007ffb31f20000 - 0x00007ffb31f2c000 	C:\Users\aadiu\AppData\Local\Programs\Eclipse Adoptium\jdk-17.0.4.101-hotspot\bin\vcruntime140_1.dll
0x00007ffb153c0000 - 0x00007ffb15451000 	C:\Users\aadiu\AppData\Local\Programs\Eclipse Adoptium\jdk-17.0.4.101-hotspot\bin\msvcp140.dll
0x00007ffabaac0000 - 0x00007ffabb706000 	C:\Users\aadiu\AppData\Local\Programs\Eclipse Adoptium\jdk-17.0.4.101-hotspot\bin\server\jvm.dll
0x00007ffb34ec0000 - 0x00007ffb34f6e000 	C:\Windows\System32\ADVAPI32.dll
0x00007ffb35e60000 - 0x00007ffb35efc000 	C:\Windows\System32\sechost.dll
0x00007ffb35ba0000 - 0x00007ffb35cc5000 	C:\Windows\System32\RPCRT4.dll
0x00007ffb34eb0000 - 0x00007ffb34eb8000 	C:\Windows\System32\PSAPI.DLL
0x00007ffb31d40000 - 0x00007ffb31d67000 	C:\Windows\SYSTEM32\WINMM.dll
0x00007ffb1d990000 - 0x00007ffb1d999000 	C:\Windows\SYSTEM32\WSOCK32.dll
0x00007ffb2d720000 - 0x00007ffb2d72a000 	C:\Windows\SYSTEM32\VERSION.dll
0x00007ffb35160000 - 0x00007ffb351cb000 	C:\Windows\System32\WS2_32.dll
0x00007ffb31fa0000 - 0x00007ffb31fb2000 	C:\Windows\SYSTEM32\kernel.appcore.dll
0x00007ffb31e90000 - 0x00007ffb31e9a000 	C:\Users\aadiu\AppData\Local\Programs\Eclipse Adoptium\jdk-17.0.4.101-hotspot\bin\jimage.dll
0x00007ffb31b50000 - 0x00007ffb31d34000 	C:\Windows\SYSTEM32\DBGHELP.DLL
0x00007ffb31b20000 - 0x00007ffb31b4c000 	C:\Windows\SYSTEM32\dbgcore.DLL
0x00007ffb34690000 - 0x00007ffb34712000 	C:\Windows\System32\bcryptPrimitives.dll
0x00007ffb24f60000 - 0x00007ffb24f85000 	C:\Users\aadiu\AppData\Local\Programs\Eclipse Adoptium\jdk-17.0.4.101-hotspot\bin\java.dll
0x00007ffb0bba0000 - 0x00007ffb0bc76000 	C:\Users\aadiu\AppData\Local\Programs\Eclipse Adoptium\jdk-17.0.4.101-hotspot\bin\jsvml.dll
0x00007ffb35fd0000 - 0x00007ffb36713000 	C:\Windows\System32\SHELL32.dll
0x00007ffb32130000 - 0x00007ffb328c2000 	C:\Windows\SYSTEM32\windows.storage.dll
0x00007ffb34ad0000 - 0x00007ffb34e24000 	C:\Windows\System32\combase.dll
0x00007ffb33a60000 - 0x00007ffb33a90000 	C:\Windows\SYSTEM32\Wldp.dll
0x00007ffb349c0000 - 0x00007ffb34a6d000 	C:\Windows\System32\SHCORE.dll
0x00007ffb35020000 - 0x00007ffb35075000 	C:\Windows\System32\shlwapi.dll
0x00007ffb33fb0000 - 0x00007ffb33fcf000 	C:\Windows\SYSTEM32\profapi.dll
0x00007ffafa310000 - 0x00007ffafa49e000 	C:\Users\aadiu\AppData\Local\Programs\Eclipse Adoptium\jdk-17.0.4.101-hotspot\bin\awt.dll
0x00007ffb351d0000 - 0x00007ffb3529d000 	C:\Windows\System32\OLEAUT32.dll
0x00007ffb31300000 - 0x00007ffb31391000 	C:\Windows\SYSTEM32\apphelp.dll
0x00007ffb1fa70000 - 0x00007ffb1fa88000 	C:\Users\aadiu\AppData\Local\Programs\Eclipse Adoptium\jdk-17.0.4.101-hotspot\bin\zip.dll
0x00007ffb31410000 - 0x00007ffb314ae000 	C:\Windows\system32\uxtheme.dll
0x00007ffb353f0000 - 0x00007ffb35505000 	C:\Windows\System32\MSCTF.dll
0x00007ffb35cd0000 - 0x00007ffb35dfa000 	C:\Windows\System32\ole32.dll
0x00007ffb31590000 - 0x00007ffb315bf000 	C:\Windows\system32\DWMAPI.DLL
0x00007ffadadb0000 - 0x00007ffadaed5000 	C:\Windows\system32\opengl32.dll
0x00007ffada100000 - 0x00007ffada12c000 	C:\Windows\SYSTEM32\GLU32.dll
0x00007ffb269b0000 - 0x00007ffb26b7f000 	C:\Windows\system32\d3d9.dll
0x00007ffb28d70000 - 0x00007ffb28f28000 	C:\Windows\System32\DriverStore\FileRepository\u0370468.inf_amd64_5e4260b11257b6e9\B370372\aticfx64.dll
0x00007ffb1f320000 - 0x00007ffb1f354000 	C:\Windows\System32\DriverStore\FileRepository\u0370468.inf_amd64_5e4260b11257b6e9\B370372\atiu9p64.dll
0x00007ffab93e0000 - 0x00007ffaba134000 	C:\Windows\System32\DriverStore\FileRepository\u0370468.inf_amd64_5e4260b11257b6e9\B370372\atiumd64.dll
0x000000006c4b0000 - 0x000000006d324000 	C:\Windows\System32\DriverStore\FileRepository\u0370468.inf_amd64_5e4260b11257b6e9\B370372\atiumd6a.dll
0x00007ffb35730000 - 0x00007ffb35b98000 	C:\Windows\System32\SETUPAPI.dll
0x00007ffb34210000 - 0x00007ffb3425e000 	C:\Windows\System32\cfgmgr32.dll
0x00007ffb33e30000 - 0x00007ffb33e7b000 	C:\Windows\SYSTEM32\POWRPROF.dll
0x00007ffb34070000 - 0x00007ffb34097000 	C:\Windows\System32\bcrypt.dll
0x00007ffb33e10000 - 0x00007ffb33e22000 	C:\Windows\SYSTEM32\UMPDC.dll
0x00007ffb29180000 - 0x00007ffb291b0000 	C:\Windows\SYSTEM32\amdihk64.dll
0x00007ffb29960000 - 0x00007ffb2999b000 	C:\Windows\SYSTEM32\dxcore.dll
0x00007ffb0b4c0000 - 0x00007ffb0b546000 	C:\Users\aadiu\AppData\Local\Programs\Eclipse Adoptium\jdk-17.0.4.101-hotspot\bin\freetype.dll
0x00007ffb0acc0000 - 0x00007ffb0ad68000 	C:\Users\aadiu\AppData\Local\Programs\Eclipse Adoptium\jdk-17.0.4.101-hotspot\bin\fontmanager.dll
0x00007ffb28f30000 - 0x00007ffb29029000 	C:\Windows\SYSTEM32\textinputframework.dll
0x00007ffb30e70000 - 0x00007ffb311ce000 	C:\Windows\System32\CoreUIComponents.dll
0x00007ffb309d0000 - 0x00007ffb30ac2000 	C:\Windows\System32\CoreMessaging.dll
0x00007ffb33190000 - 0x00007ffb331c3000 	C:\Windows\SYSTEM32\ntmarta.dll
0x00007ffb30200000 - 0x00007ffb30354000 	C:\Windows\SYSTEM32\wintypes.dll

dbghelp: loaded successfully - version: 4.0.5 - missing functions: none
symbol engine: initialized successfully - sym options: 0x614 - pdb path: .;C:\Users\aadiu\AppData\Local\Programs\Eclipse Adoptium\jdk-17.0.4.101-hotspot\bin;C:\Windows\SYSTEM32;C:\Windows\WinSxS\amd64_microsoft.windows.common-controls_6595b64144ccf1df_6.0.19041.1110_none_60b5254171f9507e;C:\Users\aadiu\AppData\Local\Programs\Eclipse Adoptium\jdk-17.0.4.101-hotspot\bin\server;C:\Windows\System32\DriverStore\FileRepository\u0370468.inf_amd64_5e4260b11257b6e9\B370372

VM Arguments:
jvm_args: -XX:+ShowCodeDetailsInExceptionMessages 
java_command: summit.Main
java_class_path (initial): C:\Users\aadiu\AppData\Roaming\Code\User\workspaceStorage\1c2e286de9ea8afffefde57d2c4cc9eb\redhat.java\jdt_ws\Summit_aca78153\bin
Launcher Type: SUN_STANDARD

[Global flags]
     intx CICompilerCount                          = 12                                        {product} {ergonomic}
     uint ConcGCThreads                            = 3                                         {product} {ergonomic}
     uint G1ConcRefinementThreads                  = 13                                        {product} {ergonomic}
   size_t G1HeapRegionSize                         = 2097152                                   {product} {ergonomic}
    uintx GCDrainStackTargetSize                   = 64                                        {product} {ergonomic}
   size_t InitialHeapSize                          = 260046848                                 {product} {ergonomic}
   size_t MarkStackSize                            = 4194304                                   {product} {ergonomic}
   size_t MaxHeapSize                              = 4137680896                                {product} {ergonomic}
   size_t MaxNewSize                               = 2480930816                                {product} {ergonomic}
   size_t MinHeapDeltaBytes                        = 2097152                                   {product} {ergonomic}
   size_t MinHeapSize                              = 8388608                                   {product} {ergonomic}
    uintx NonNMethodCodeHeapSize                   = 7602480                                {pd product} {ergonomic}
    uintx NonProfiledCodeHeapSize                  = 122027880                              {pd product} {ergonomic}
    uintx ProfiledCodeHeapSize                     = 122027880                              {pd product} {ergonomic}
    uintx ReservedCodeCacheSize                    = 251658240                              {pd product} {ergonomic}
     bool SegmentedCodeCache                       = true                                      {product} {ergonomic}
     bool ShowCodeDetailsInExceptionMessages       = true                                   {manageable} {command line}
   size_t SoftMaxHeapSize                          = 4137680896                             {manageable} {ergonomic}
     bool UseCompressedClassPointers               = true                           {product lp64_product} {ergonomic}
     bool UseCompressedOops                        = true                           {product lp64_product} {ergonomic}
     bool UseG1GC                                  = true                                      {product} {ergonomic}
     bool UseLargePagesIndividualAllocation        = false                                  {pd product} {ergonomic}

Logging:
Log output configuration:
 #0: stdout all=warning uptime,level,tags
 #1: stderr all=off uptime,level,tags

Environment Variables:
JAVA_HOME=C:\Users\aadiu\AppData\Local\Programs\Eclipse Adoptium\jdk-17.0.4.101-hotspot\
PATH=C:\Program Files (x86)\Razer Chroma SDK\bin;C:\Program Files\Razer Chroma SDK\bin;C:\Program Files (x86)\Razer\ChromaBroadcast\bin;C:\Program Files\Razer\ChromaBroadcast\bin;C:\Program Files (x86)\Common Files\Oracle\Java\javapath;C:\Program Files\Python38\Scripts\;C:\Program Files\Python38\;C:\Windows\system32;C:\Windows;C:\Windows\System32\Wbem;C:\Windows\System32\WindowsPowerShell\v1.0\;C:\Windows\System32\OpenSSH\;C:\Program Files (x86)\NVIDIA Corporation\PhysX\Common;C:\Program Files\NVIDIA Corporation\NVIDIA NvDLISR;C:\Users\aadiu\AppData\Local\Microsoft\WindowsApps;C:\Users\aadiu\AppData\Local\Programs\Microsoft VS Code\bin;C:\Windows\system32\config\systemprofile\AppData\Local\Microsoft\WindowsApps;C:\Program Files\dotnet\;C:\Program Files\Git\cmd;C:\MinGW\bin\;C:\Program Files (x86)\Windows Kits\10\Windows Performance Toolkit\;C:\Users\aadiu\AppData\Local\Programs\Eclipse Adoptium\jdk-17.0.4.101-hotspot\bin;C:\Users\aadiu\AppData\Local\Microsoft\WindowsApps;C:\Users\aadiu\AppData\Local\Programs\Microsoft VS Code\bin;C:\Users\aadiu\AppData\Local\GitHubDesktop\bin
USERNAME=aadiu
LANG=en_US.UTF-8
OS=Windows_NT
PROCESSOR_IDENTIFIER=AMD64 Family 25 Model 80 Stepping 0, AuthenticAMD
TMP=C:\Users\aadiu\AppData\Local\Temp
TEMP=C:\Users\aadiu\AppData\Local\Temp



---------------  S Y S T E M  ---------------

OS:
 Windows 10 , 64 bit Build 19041 (10.0.19041.2251)
OS uptime: 2 days 7:49 hours

CPU: total 16 (initial active 16) (16 cores per cpu, 2 threads per core) family 25 model 80 stepping 0 microcode 0x0, cx8, cmov, fxsr, ht, mmx, 3dnowpref, sse, sse2, sse3, ssse3, sse4a, sse4.1, sse4.2, popcnt, lzcnt, tsc, tscinvbit, avx, avx2, aes, erms, clmul, bmi1, bmi2, adx, sha, fma, vzeroupper, clflush, clflushopt

Memory: 4k page, system-wide physical 15776M (8150M free)
TotalPageFile size 20128M (AvailPageFile size 9157M)
current process WorkingSet (physical memory assigned to process): 120M, peak: 122M
current process commit charge ("private bytes"): 430M, peak: 433M

vm_info: OpenJDK 64-Bit Server VM (17.0.4.1+1) for windows-amd64 JRE (17.0.4.1+1), built on Aug 17 2022 07:42:43 by "temurin" with MS VC++ 16.7 (VS2019)

END.
