#
# A fatal error has been detected by the Java Runtime Environment:
#
#  EXCEPTION_ACCESS_VIOLATION (0xc0000005) at pc=0x0000026b07c1340b, pid=15696, tid=3460
#
# JRE version: OpenJDK Runtime Environment Temurin-17.0.2+8 (17.0.2+8) (build 17.0.2+8)
# Java VM: OpenJDK 64-Bit Server VM Temurin-17.0.2+8 (17.0.2+8, mixed mode, sharing, tiered, compressed oops, compressed class ptrs, g1 gc, windows-amd64)
# Problematic frame:
# J 1373 c2 summit.gfx.Renderer.render(Ljava/lang/String;FFILsummit/gfx/ColorFilter;)V (287 bytes) @ 0x0000026b07c1340b [0x0000026b07c12920+0x0000000000000aeb]
#
# No core dump will be written. Minidumps are not enabled by default on client versions of Windows
#
# If you would like to submit a bug report, please visit:
#   https://github.com/adoptium/adoptium-support/issues
#

---------------  S U M M A R Y ------------

Command Line: -XX:+ShowCodeDetailsInExceptionMessages summit.Main

Host: AMD Ryzen 9 5900HS with Radeon Graphics        , 16 cores, 15G,  Windows 10 , 64 bit Build 19041 (10.0.19041.2251)
Time: Mon Nov 14 19:41:12 2022 Central Standard Time elapsed time: 2.176323 seconds (0d 0h 0m 2s)

---------------  T H R E A D  ---------------

Current thread (0x0000026b10dfbf50):  JavaThread "graphicsthread" [_thread_in_Java, id=3460, stack(0x0000007315600000,0x0000007315700000)]

Stack: [0x0000007315600000,0x0000007315700000],  sp=0x00000073156fefd0,  free space=1019k
Native frames: (J=compiled Java code, j=interpreted, Vv=VM code, C=native code)
C  0x0000026b07c1340b


siginfo: EXCEPTION_ACCESS_VIOLATION (0xc0000005), reading address 0x0000000b176d62d8


Register to memory mapping:

RIP=0x0000026b07c1340b is at entry_point+2795 in (nmethod*)0x0000026b07c12710
RAX=0x00000000ffffffe9 is an unknown value
RBX=3807226977 is a compressed pointer to object: [[I 
{0x00000007176d6308} - klass: {type array int}[]
 - length: 144
RCX=0x00000000fffffff0 is an unknown value
RDX=0x0 is NULL
RSP=0x00000073156fefd0 is pointing into the stack for thread: 0x0000026b10dfbf50
RBP=0x0000000000000090 is an unknown value
RSI=0x0 is NULL
RDI=0x0000000000000100 is an unknown value
R8 =0x00000000fffffff0 is an unknown value
R9 =0x0000000717600488 is an oop: summit.gfx.Renderer 
{0x0000000717600488} - klass: 'summit/gfx/Renderer'
 - ---- fields (total size 2 words):
 - private 'frame' '[[I' @12  a {type array int}[144] {0x00000007176d6308} (e2edac61)
R10=0x0000000000000010 is an unknown value
R11=0x00000007176d6308 is an oop: [[I 
{0x00000007176d6308} - klass: {type array int}[]
 - length: 144
R12=0x0 is NULL
R13=3807222541 is a compressed pointer to object: [I 
{0x00000007176cd868} - klass: {type array int}
 - length: 16
R14=0x0000000000000010 is an unknown value
R15=0x0000026b10dfbf50 is a thread


Registers:
RAX=0x00000000ffffffe9, RBX=0x00000000e2edac61, RCX=0x00000000fffffff0, RDX=0x0000000000000000
RSP=0x00000073156fefd0, RBP=0x0000000000000090, RSI=0x0000000000000000, RDI=0x0000000000000100
R8 =0x00000000fffffff0, R9 =0x0000000717600488, R10=0x0000000000000010, R11=0x00000007176d6308
R12=0x0000000000000000, R13=0x00000000e2ed9b0d, R14=0x0000000000000010, R15=0x0000026b10dfbf50
RIP=0x0000026b07c1340b, EFLAGS=0x0000000000010287

Top of Stack: (sp=0x00000073156fefd0)
0x00000073156fefd0:   0000010000000000 ffffffe8fffffff8
0x00000073156fefe0:   fffffff0ffffffe8 0000000000000000
0x00000073156feff0:   0000001000000010 0000000900000010
0x00000073156ff000:   0000000700000009 0000000000000000
0x00000073156ff010:   0000000000000001 0000026b43280000
0x00000073156ff020:   00000007c1800000 0000000718a4c070
0x00000073156ff030:   00000073156ff210 0000026b0099d514
0x00000073156ff040:   00000073156ff410 0000026b00964294
0x00000073156ff050:   0000007300000000 0000000000000500
0x00000073156ff060:   00000073000002d0 0000000000000000
0x00000073156ff070:   0000026b10d91400 0000000717600488
0x00000073156ff080:   0000000718a4c070 0000000700000004
0x00000073156ff090:   0000000000000000 4090000000000000
0x00000073156ff0a0:   00000073156ff210 0000026b0099dc6c
0x00000073156ff0b0:   00000073156ff410 0000026b00896544
0x00000073156ff0c0:   00000000000000a9 00000000000000a9 

Instructions: (pc=0x0000026b07c1340b)
0x0000026b07c1330b:   c0 41 8b c8 e9 cf 00 00 00 66 0f 1f 44 00 00 66
0x0000026b07c1331b:   0f 1f 44 00 00 44 2b 4c 24 10 45 8b f1 41 ff c6
0x0000026b07c1332b:   44 8b ca 45 3b f2 0f 83 42 06 00 00 45 8b 5c dc
0x0000026b07c1333b:   10 47 8b 5c dc 0c 45 3b cb 0f 83 6e 01 00 00 c4
0x0000026b07c1334b:   c1 f9 7e db 45 8b 6c bb 10 43 8b 54 ec 0c 4f 8d
0x0000026b07c1335b:   1c ec 44 3b f2 0f 83 3a 06 00 00 47 8b 5c b3 10
0x0000026b07c1336b:   41 83 fb ff 0f 84 39 01 00 00 41 8b 54 f4 0c 44
0x0000026b07c1337b:   3b ca 0f 83 39 06 00 00 47 89 5c 88 10 45 33 ed
0x0000026b07c1338b:   c4 c1 f9 7e db 45 8b 5b 10 47 8b 5c dc 0c 44 03
0x0000026b07c1339b:   5c 24 10 4d 8b b7 48 03 00 00 41 8b d1 ff c2 41
0x0000026b07c133ab:   85 06 41 3b d3 0f 8c 6a ff ff ff 4d 8b 9f 48 03
0x0000026b07c133bb:   00 00 ff c1 41 85 03 3b 0c 24 0f 8d f7 00 00 00
0x0000026b07c133cb:   c4 c1 f9 7e c1 c4 e1 f9 7e ce c5 f9 7e d2 44 8b
0x0000026b07c133db:   5c 24 10 44 8b 44 24 14 44 3b 5c 24 08 0f 8d ea
0x0000026b07c133eb:   00 00 00 44 89 44 24 14 44 89 5c 24 10 c5 f9 6e
0x0000026b07c133fb:   d2 c4 e1 f9 6e ce c4 c1 f9 6e c1 c4 c1 f9 7e e3
0x0000026b07c1340b:   41 8b 74 8b 10 8b f9 41 2b f8 3b cd 0f 83 0f fe
0x0000026b07c1341b:   ff ff 44 8b 44 24 10 44 3b 44 24 04 0f 83 ff fd
0x0000026b07c1342b:   ff ff c4 c1 f9 7e db 45 8b 44 bb 10 47 8b 5c c4
0x0000026b07c1343b:   0c 45 85 db 0f 86 ab 06 00 00 47 8b 5c c4 10 41
0x0000026b07c1344b:   83 fb ff 0f 84 e2 fd ff ff 45 8b 44 f4 0c 44 8b
0x0000026b07c1345b:   4c 24 10 45 3b c8 0f 83 5a 05 00 00 4d 8d 0c f4
0x0000026b07c1346b:   44 8b 44 24 10 47 89 5c 81 10 45 33 ed c4 c1 f9
0x0000026b07c1347b:   7e db 45 8b 43 10 47 8b 5c c4 0c 44 03 5c 24 10
0x0000026b07c1348b:   41 3b c3 0f 8d 22 ff ff ff 3b cd 0f 83 1d 02 00
0x0000026b07c1349b:   00 4d 8d 04 f4 44 8b c8 41 be 01 00 00 00 e9 80
0x0000026b07c134ab:   fe ff ff c4 c1 f9 7e cd e9 d3 fe ff ff c4 c1 f9
0x0000026b07c134bb:   7e cd e9 c9 fe ff ff c5 f8 77 48 83 c4 60 5d 49
0x0000026b07c134cb:   3b a7 40 03 00 00 0f 87 c1 0c 00 00 c3 44 89 44
0x0000026b07c134db:   24 14 44 89 5c 24 10 c5 f9 6e d2 c4 e1 f9 6e ce
0x0000026b07c134eb:   c4 c1 f9 6e c1 4c 8b ee e9 be fe ff ff 0f 1f 84
0x0000026b07c134fb:   00 00 00 00 00 44 8b c3 42 8b 4c 87 0c 8b 5c 24 


Stack slot to memory mapping:
stack at sp + 0 slots: 0x0000010000000000 is an unknown value
stack at sp + 1 slots: 0xffffffe8fffffff8 is an unknown value
stack at sp + 2 slots: 0xfffffff0ffffffe8 is an unknown value
stack at sp + 3 slots: 0x0 is NULL
stack at sp + 4 slots: 0x0000001000000010 is an unknown value
stack at sp + 5 slots: 0x0000000900000010 is an unknown value
stack at sp + 6 slots: 0x0000000700000009 is an unknown value
stack at sp + 7 slots: 0x0 is NULL

--------------------------------------------------------------------------------
[Constant Pool (empty)]

--------------------------------------------------------------------------------

[MachCode]
  0x0000026b07c12920: 448b 5208 | 49bb 0000 | 0000 0800 | 0000 4d03 | d349 3bc2 | 0f85 46a1 | 43f8 6690 | 0f1f 4000 
  0x0000026b07c12940: 8984 2400 | 90ff ff55 | 4883 ec60 | c4c1 f96e | e048 897c | 2418 c4c1 | 796e d948 | 8914 2449 
  0x0000026b07c12960: ba10 0c60 | 1707 0000 | 0041 8b6a | 7045 8b54 | ec08 4181 | fae0 ad0b | 000f 85fd | 1100 004d 
  0x0000026b07c12980: 8d14 ec45 | 8b52 2447 | 8b4c d40c | 4585 c90f | 8689 1200 | 004f 8d34 | d44d 85c0 | 0f84 ca0f 
  0x0000026b07c129a0: 0000 458b | 580c 41ff | c945 85db | 7579 450f | b640 1145 | 85c0 0f85 | 7c0f 0000 | c4c1 f97e 
  0x0000026b07c129c0: e345 0fbe | 4310 4585 | c00f 85c1 | 1400 0041 | 8b6b 1441 | 8b4c ec0c | 85c9 0f86 | 650f 0000 
  0x0000026b07c129e0: 448b d941 | ffcb 443b | d90f 83d5 | 1300 0045 | 0fb6 44ec | 108b d983 | c3fd 443b | db41 ba00 
  0x0000026b07c12a00: 0000 8041 | 0f4c da41 | 8bf8 c1e7 | 0541 2bf8 | 4d8d 1cec | 83fb 010f | 8edb 1300 | 00b8 0100 
  0x0000026b07c12a20: 0000 4533 | d2eb 3b45 | 8bd3 41c1 | ea10 4533 | d345 23ca | 33d2 e9e5 | 0000 0045 | 0fb6 5403 
  0x0000026b07c12a40: 1041 03fa | ffc0 3bc1 | 0f8d b400 | 0000 448b | d741 c1e2 | 0544 2bd7 | 418b faeb | dec4 c179 
  0x0000026b07c12a60: 7ed2 8bd3 | 2bd0 3bd8 | 410f 4cd2 | 81fa a00f | 0000 bea0 | 0f00 000f | 47d6 03d0 | c4c1 796e 
  0x0000026b07c12a80: d20f 1f84 | 0000 0000 | 000f 1f80 | 0000 0000 | 4863 e845 | 0fb6 542b | 1041 0fb6 | 742b 1345 
  0x0000026b07c12aa0: 0fb6 442b | 1145 0fb6 | 6c2b 1241 | 03fa 8bef | c1e5 052b | ef41 03e8 | 448b d541 | c1e2 0544 
  0x0000026b07c12ac0: 2bd5 4503 | d545 8bc2 | 41c1 e005 | 452b c244 | 03c6 418b | f8c1 e705 | 412b f883 | c004 3bc2 
  0x0000026b07c12ae0: 7cae 498b | b748 0300 | 0085 063b | c30f 8c6a | ffff ffc5 | f97e d23b | c10f 8c3c | ffff ff41 
  0x0000026b07c12b00: 8bf8 85ff | 0f84 3d0e | 0000 c4c1 | f97e e241 | 897a 0c44 | 8bd7 41c1 | ea10 4433 | d745 23ca 
  0x0000026b07c12b20: 478b 448e | 1047 8b5c | c40c 453b | da0f 85f0 | 0b00 0047 | 8b5c c410 | 4d8b cb49 | c1e1 03c4 
  0x0000026b07c12b40: e1f9 7ee1 | 4c3b c90f | 8426 0100 | 000f be59 | 1049 3bc9 | 0f84 1901 | 0000 438b | 4cdc 0881 
  0x0000026b07c12b60: f970 e900 | 000f 85b9 | 1300 0049 | c1e3 0341 | 0fbe 6b10 | 3bdd 0f85 | dc12 0000 | 458b 5b14 
  0x0000026b07c12b80: c4c1 f97e | e141 8b41 | 1443 8b5c | dc0c 418b | 4cc4 0c3b | cb0f 85ed | 1100 004f | 8d0c dc4b 
  0x0000026b07c12ba0: 8d74 dc10 | 4d8d 1cc4 | 498d 7cc4 | 1085 c90f | 84a5 0000 | 008b c183 | e01f 83e1 | e00f 844b 
  0x0000026b07c12bc0: 0000 0048 | 8d3c 0f48 | 8d34 0e48 | f7d9 c5fe | 6f2c 0fc5 | fe6f 140e | c5d5 efea | c4e2 7d17 
  0x0000026b07c12be0: ed0f 857a | 0000 0048 | 83c1 2075 | e185 c00f | 8465 0000 | 00c5 fe6f | 6c07 e0c5 | fe6f 5406 
  0x0000026b07c12c00: e0c5 d5ef | eac4 e27d | 17ed 7555 | eb4c 8bc8 | 83e1 fc74 | 1948 8d3c | 0f48 8d34 | 0e48 f7d9 
  0x0000026b07c12c20: 8b1c 0f3b | 1c0e 7539 | 4883 c104 | 75f2 f7c0 | 0200 0000 | 7412 0fb7 | 1f0f b70e | 3bd9 7521 
  0x0000026b07c12c40: 488d 7f02 | 488d 7602 | f7c0 0100 | 0000 740a | 0fb6 1f0f | b60e 3bd9 | 7507 b801 | 0000 00eb 
  0x0000026b07c12c60: 0233 c0c5 | d5ef edc5 | edef d285 | c00f 8415 | 1100 004f | 8d1c c441 | 8b6b 1445 | 8b54 ec08 
  0x0000026b07c12c80: 4181 fa08 | 6d00 000f | 8577 1200 | 0049 8d04 | ec44 8b58 | 0c45 85db | 0f86 020f | 0000 448b 
  0x0000026b07c12ca0: 4010 478b | 54c4 0c41 | d1fb 41d1 | fac4 c179 | 6ee3 c5f8 | 5be4 c4c1 | 796e d2c5 | f85b d2c5 
  0x0000026b07c12cc0: f25c e4c5 | fa5c c2c4 | c179 7ec0 | c4c1 797e | e245 8bc8 | 41c1 e917 | 418b cac1 | e917 450f 
  0x0000026b07c12ce0: b6c9 bf95 | 0000 0041 | 2bf9 0fb6 | c941 b995 | 0000 0044 | 2bc9 f7c7 | e0ff ffff | 0f85 f40b 
  0x0000026b07c12d00: 0000 458b | d841 81e3 | ffff 7f00 | 4181 cb00 | 0080 0045 | 85c0 0f8c | 400c 0000 | 8bcf 41d3 
  0x0000026b07c12d20: fb41 ffc3 | 41d1 fb41 | f7c1 e0ff | ffff 0f85 | a00b 0000 | 458b c241 | 81e0 ffff | 7f00 4181 
  0x0000026b07c12d40: c800 0080 | 0045 85d2 | 0f8c 160c | 0000 418b | c941 d3f8 | 41ff c041 | d1f8 c4c1 | 797e da45 
  0x0000026b07c12d60: 85d2 7508 | 4533 d2e9 | e704 0000 | 41f7 c204 | 0000 0074 | 3044 8944 | 2410 4489 | 5c24 0c89 
  0x0000026b07c12d80: 5424 0841 | 8bea 488b | d066 6690 | c5f8 77e8 | 0cf1 ffff | 448b d58b | 5424 0844 | 8b5c 240c 
  0x0000026b07c12da0: 448b 4424 | 1041 f7c2 | 0100 0000 | 0f84 ca00 | 0000 448b | 480c 4585 | c90f 8695 | 0f00 008b 
  0x0000026b07c12dc0: 5810 418b | 5cdc 0c89 | 5c24 1044 | 894c 2414 | 4889 4424 | 2844 8944 | 2424 4489 | 5c24 2089 
  0x0000026b07c12de0: 5424 0c44 | 8954 2408 | 48ba 086d | 0000 0800 | 0000 458b | c144 8bcb | c5f8 77e8 | 8096 4ef8 
  0x0000026b07c12e00: 448b 5424 | 1441 ffca | 443b 5424 | 140f 8301 | 0f00 0044 | 8b40 0c45 | 85c0 0f86 | f40e 0000 
  0x0000026b07c12e20: 453b d00f | 83eb 0e00 | 008b 6c24 | 10ff cd8b | 4c24 10d1 | f94c 634c | 2410 448b | e941 83c5 
  0x0000026b07c12e40: fe41 3bcd | 41bb 0000 | 0080 450f | 4ceb 4c63 | d149 8bd1 | 492b d28b | f1ff c648 | ffca 4533 
  0x0000026b07c12e60: f6e9 9807 | 0000 488b | c644 8b54 | 2408 8b54 | 240c 448b | 5c24 2044 | 8b44 2424 | 41f7 c202 
  0x0000026b07c12e80: 0000 000f | 84ca 0300 | 008b 480c | 85c9 0f86 | 4e0e 0000 | 8b58 1045 | 8b4c dc0c | 894c 2428 
  0x0000026b07c12ea0: 4889 4424 | 2044 8944 | 2414 4489 | 5c24 1089 | 5424 0c44 | 8954 2408 | 48ba 086d | 0000 0800 
  0x0000026b07c12ec0: 0000 448b | c166 6690 | c5f8 77e8 | b095 4ef8 | 448b 500c | 448b 4424 | 2841 d1f8 | 458b c841 
  0x0000026b07c12ee0: ffc1 4585 | d20f 869a | 0d00 0045 | 3bc2 0f83 | 910d 0000 | 4863 6c24 | 284d 63d8 | 488b cd49 
  0x0000026b07c12f00: 2bcb 48ff | c948 3bcd | 0f83 770d | 0000 448b | 5c24 2841 | ffcb 443b | 5c24 280f | 8364 0d00 
  0x0000026b07c12f20: 0044 894c | 242c 4d63 | ca49 3bc9 | 0f83 4e0d | 0000 453b | da0f 8399 | 0d00 0044 | 3b44 2428 
  0x0000026b07c12f40: 0f83 950d | 0000 4533 | d2eb 31c4 | c1f9 7ec3 | c4c1 797e | d2c4 e1f9 | 7ee0 c4e1 | f97e f54d 
  0x0000026b07c12f60: 8b87 4803 | 0000 41ff | c241 8500 | 443b 5424 | 2c0f 8dc9 | 0200 004c | 895c 2420 | 4c8b 5c24 
  0x0000026b07c12f80: 2045 8b4b | 1043 8b7c | cc0c 85ff | 76d1 c5fb | 1044 2420 | c4c1 796e | d24d 63c2 | 4c8b dd4d 
  0x0000026b07c12fa0: 2bd8 4c8b | 5424 2047 | 8b54 9a0c | c4c1 796e | ca47 8b6c | d40c 468b | 5480 10c4 | c179 6eda 
  0x0000026b07c12fc0: 478b 4cd4 | 0c4c 8b54 | 2420 478b | 5482 10c4 | c179 6eea | 438b 4cd4 | 0c42 8b5c | 980c 458b 
  0x0000026b07c12fe0: 74dc 0c45 | 85ed 0f86 | 800b 0000 | 41ba 0100 | 0000 453b | d545 0f4f | d5c4 c179 | 7edb 4f8d 
  0x0000026b07c13000: 04dc c4c1 | 797e cb4b | 8d14 dc41 | 8bf8 498d | 34dc c1ef | 02c4 c179 | 7eeb 49c1 | e303 83e7 
  0x0000026b07c13020: 0341 03fa | f7df 83e7 | 0341 03fa | 413b fd41 | 0f4f fd45 | 33d2 eb0c | 448b d144 | 8b4c 2420 
  0x0000026b07c13040: 8b4c 2424 | 453b d50f | 837e 0100 | 00c5 796e | c389 4c24 | 2444 894c | 2420 c4e1 | f96e f5c4 
  0x0000026b07c13060: e1f9 6ee0 | 468b 4c92 | 1044 3b54 | 2420 0f83 | 6409 0000 | 4789 4c90 | 1044 3bd1 | 0f83 b209 
  0x0000026b07c13080: 0000 478b | 4c93 1045 | 3bd6 0f83 | 040a 0000 | 4689 4c96 | 10c4 c1f9 | 7ec1 458b | 4910 478b 
  0x0000026b07c130a0: 4ccc 0c41 | 8bca ffc1 | 413b c90f | 8d9a feff | ff3b cf0f | 8c7f ffff | ff49 63dd | 4963 c648 
  0x0000026b07c130c0: 636c 2424 | 4863 7c24 | 2048 3bdf | 418b fd0f | 4f7c 2420 | 4963 d94c | 63cf 4c3b | cd0f 4f7c 
  0x0000026b07c130e0: 2424 48ff | cb4c 63cf | 4c3b c841 | 0f4f fe44 | 8bcb 4863 | c748 3bc3 | 410f 4ff9 | 448b cf41 
  0x0000026b07c13100: 83c1 f941 | 3bf9 bf00 | 0000 8044 | 0f4c cf41 | 3bc9 0f8d | 5c0a 0000 | 41ff c20f | 1f44 0000 
  0x0000026b07c13120: c4a1 7a6f | 7c92 10c4 | 817a 7f7c | 9010 c481 | 7a6f 7c93 | 10c4 a17a | 7f7c 9610 | c4a1 7a6f 
  0x0000026b07c13140: 7c92 20c4 | 817a 7f7c | 9020 c481 | 7a6f 7c93 | 20c4 a17a | 7f7c 9620 | 4183 c208 | 453b d17c 
  0x0000026b07c13160: bf45 3bd5 | 7d59 6690 | 453b d573 | 5946 8b4c | 9210 443b | 5424 200f | 835b 0800 | 0047 894c 
  0x0000026b07c13180: 9010 443b | 5424 240f | 83a7 0800 | 0047 8b4c | 9310 453b | d60f 83f9 | 0800 0046 | 894c 9610 
  0x0000026b07c131a0: c4c1 f97e | c145 8b49 | 1043 8b4c | cc0c 41ff | c244 3bd1 | 0f8d 91fd | ffff 453b | d57c a9c4 
  0x0000026b07c131c0: e1f9 7ee0 | eb05 c4e1 | f97e e0ba | e4ff ffff | 488b 2c24 | 448b 4424 | 0844 8904 | 244c 8b5c 
  0x0000026b07c131e0: 2418 4c89 | 5c24 0844 | 8b44 2410 | 4489 4424 | 0444 8b5c | 2414 4489 | 5c24 10c5 | fb11 4424 
  0x0000026b07c13200: 1848 8944 | 2420 4489 | 5424 2844 | 8954 242c | c5fa 1154 | 2430 c5fa | 115c 2434 | c5fa 114c 
  0x0000026b07c13220: 2438 6690 | c5f8 77e8 | d4f0 43f8 | c4c1 f97e | cde9 4202 | 0000 c4c1 | f97e cde9 | 3802 0000 
  0x0000026b07c13240: 8b54 240c | 448b 5c24 | 1044 8b44 | 2414 448b | 5424 0841 | 8bea c1fd | 0385 ed0f | 85f3 0900 
  0x0000026b07c13260: 0044 8b50 | 0c41 8bc8 | 4103 ca44 | 3bc1 0f8d | 4e02 0000 | 4d63 ca49 | 63d8 418b | f0f7 de48 
  0x0000026b07c13280: 63fe 4803 | df49 3bd9 | 0f83 4609 | 0000 4863 | d948 03df | 48ff cb49 | 3bd9 0f83 | 6c09 0000 
  0x0000026b07c132a0: 4c8b 0c24 | 418b 590c | 418b 6cdc | 0c85 ed0f | 8662 0900 | 0041 8b74 | dc10 418b | 7cf4 0c48 
  0x0000026b07c132c0: 8b74 2418 | 4885 f60f | 8510 0900 | 0045 85d2 | 0f86 0709 | 0000 448b | 5010 478b | 54d4 0c45 
  0x0000026b07c132e0: 85d2 0f86 | f508 0000 | 897c 2404 | 890c 24c4 | e1f9 6ed8 | 418b ca41 | 03cb 894c | 2408 498d 
  0x0000026b07c13300: 0cdc c4e1 | f96e e141 | 8bc3 ffc0 | 418b c8e9 | cf00 0000 | 660f 1f44 | 0000 660f | 1f44 0000 
  0x0000026b07c13320: 442b 4c24 | 1045 8bf1 | 41ff c644 | 8bca 453b | f20f 8342 | 0600 0045 | 8b5c dc10 | 478b 5cdc 
  0x0000026b07c13340: 0c45 3bcb | 0f83 6e01 | 0000 c4c1 | f97e db45 | 8b6c bb10 | 438b 54ec | 0c4f 8d1c | ec44 3bf2 
  0x0000026b07c13360: 0f83 3a06 | 0000 478b | 5cb3 1041 | 83fb ff0f | 8439 0100 | 0041 8b54 | f40c 443b | ca0f 8339 
  0x0000026b07c13380: 0600 0047 | 895c 8810 | 4533 edc4 | c1f9 7edb | 458b 5b10 | 478b 5cdc | 0c44 035c | 2410 4d8b 
  0x0000026b07c133a0: b748 0300 | 0041 8bd1 | ffc2 4185 | 0641 3bd3 | 0f8c 6aff | ffff 4d8b | 9f48 0300 | 00ff c141 
  0x0000026b07c133c0: 8503 3b0c | 240f 8df7 | 0000 00c4 | c1f9 7ec1 | c4e1 f97e | cec5 f97e | d244 8b5c | 2410 448b 
  0x0000026b07c133e0: 4424 1444 | 3b5c 2408 | 0f8d ea00 | 0000 4489 | 4424 1444 | 895c 2410 | c5f9 6ed2 | c4e1 f96e 
  0x0000026b07c13400: cec4 c1f9 | 6ec1 c4c1 | f97e e341 | 8b74 8b10 | 8bf9 412b | f83b cd0f | 830f feff | ff44 8b44 
  0x0000026b07c13420: 2410 443b | 4424 040f | 83ff fdff | ffc4 c1f9 | 7edb 458b | 44bb 1047 | 8b5c c40c | 4585 db0f 
  0x0000026b07c13440: 86ab 0600 | 0047 8b5c | c410 4183 | fbff 0f84 | e2fd ffff | 458b 44f4 | 0c44 8b4c | 2410 453b 
  0x0000026b07c13460: c80f 835a | 0500 004d | 8d0c f444 | 8b44 2410 | 4789 5c81 | 1045 33ed | c4c1 f97e | db45 8b43 
  0x0000026b07c13480: 1047 8b5c | c40c 4403 | 5c24 1041 | 3bc3 0f8d | 22ff ffff | 3bcd 0f83 | 1d02 0000 | 4d8d 04f4 
  0x0000026b07c134a0: 448b c841 | be01 0000 | 00e9 80fe | ffff c4c1 | f97e cde9 | d3fe ffff | c4c1 f97e | cde9 c9fe 
  0x0000026b07c134c0: ffff c5f8 | 7748 83c4 | 605d 493b | a740 0300 | 000f 87c1 | 0c00 00c3 | 4489 4424 | 1444 895c 
  0x0000026b07c134e0: 2410 c5f9 | 6ed2 c4e1 | f96e cec4 | c1f9 6ec1 | 4c8b eee9 | befe ffff | 0f1f 8400 | 0000 0000 
  0x0000026b07c13500: 448b c342 | 8b4c 870c | 8b5c 2410 | 412b db49 | 63d3 894c | 9010 8b4c | 9710 4289 | 4c80 0c49 
  0x0000026b07c13520: 8bc9 482b | ca44 8b44 | 8f08 4489 | 4490 1444 | 8b44 9714 | 4489 4488 | 0844 8b44 | 8f04 4489 
  0x0000026b07c13540: 4490 1844 | 8b44 9718 | 4489 4488 | 0444 8b04 | 8f44 8944 | 901c 448b | 4497 1c44 | 8904 8883 
  0x0000026b07c13560: c3fc 4183 | c304 453b | da7c 954d | 8b97 4803 | 0000 4185 | 0245 3bdd | 7d2a 448b | c345 8bd5 
  0x0000026b07c13580: 452b d345 | 3beb 440f | 4c54 240c | 4181 faa0 | 0f00 00bb | a00f 0000 | 440f 47d3 | 4503 d3e9 
  0x0000026b07c135a0: 5fff ffff | c5f9 7ec9 | c4e1 f97e | c244 3b5c | 2430 7d2b | 448b 549f | 0c46 8954 | 9810 468b 
  0x0000026b07c135c0: 549f 1044 | 8954 980c | 458b d341 | ffc2 443b | 5424 307d | 0a8b dd41 | 2bdb 458b | daeb d54d 
  0x0000026b07c135e0: 8b97 4803 | 0000 41ff | c641 8502 | 443b 7424 | 140f 8d6f | f8ff ff48 | 8bc6 8b74 | 2430 4c8b 
  0x0000026b07c13600: 5424 2841 | 8b7a 1085 | ff0f 84ea | 0400 0047 | 8b5c b210 | 478b 54dc | 0c42 8b5c | b010 458b 
  0x0000026b07c13620: 44dc 0c89 | 7424 30c5 | f96e c948 | 8bf0 4963 | ca48 3bd1 | 0f83 ce04 | 0000 413b | ea0f 83c5 
  0x0000026b07c13640: 0400 0045 | 85c0 0f86 | bc04 0000 | c5f9 7ec9 | 413b c80f | 83af 0400 | 0045 85d2 | 0f86 a604 
  0x0000026b07c13660: 0000 413b | ca0f 839d | 0400 004d | 63d0 493b | d20f 8391 | 0400 0041 | 3be8 0f83 | 8804 0000 
  0x0000026b07c13680: 498d 04dc | 4b8d 3cdc | 468b 548f | 0c45 8954 | dc10 478b | 54dc 1046 | 8954 880c | 4183 fd01 
  0x0000026b07c136a0: 0f8e aa04 | 0000 448b | c541 bb01 | 0000 00c4 | e1f9 6ec2 | e9c4 feff | ff44 8bc8 | 41b8 0100 
  0x0000026b07c136c0: 0000 eb1a | 660f 1f44 | 0000 660f | 1f44 0000 | 442b 4c24 | 1045 8bc1 | 41ff c045 | 8bcb 453b 
  0x0000026b07c136e0: c20f 8392 | 0200 0045 | 3b64 dc10 | 0f84 6b04 | 0000 c4c1 | f97e d845 | 8b58 1043 | 8b7c dc0c 
  0x0000026b07c13700: 037c 2410 | 4d8b 8748 | 0300 0045 | 8bd9 41ff | c341 8500 | 443b df7c | b7c4 c1f9 | 7ecd e993 
  0x0000026b07c13720: fcff ff43 | 8b6c c418 | 85ed 0f84 | d406 0000 | 478b 5cc4 | 0841 81fb | 98b0 1400 | 0f84 e606 
  0x0000026b07c13740: 0000 4d8d | 1cec 458b | 4b0c 453b | ca0f 85c5 | 0100 0045 | 8b4b 104d | 8bc1 49c1 | e003 c4e1 
  0x0000026b07c13760: f97e e14c | 3bc1 0f84 | 0bf5 ffff | 0fbe 4910 | c4e1 f97e | e349 3bd8 | 0f84 f9f4 | ffff 438b 
  0x0000026b07c13780: 5ccc 0881 | fb70 e900 | 000f 85d9 | 0700 004f | 8d04 cc41 | 0fbe 6810 | 3bcd 0f85 | 2c07 0000 
  0x0000026b07c137a0: 418b 5814 | c4c1 f97e | e041 8b78 | 1445 8b4c | dc0c 418b | 4cfc 0c41 | 3bc9 0f85 | d800 0000 
  0x0000026b07c137c0: 4d8d 04dc | 498d 74dc | 104d 8d04 | fc49 8d7c | fc10 85c9 | 0f84 a500 | 0000 8bc1 | 83e0 1f83 
  0x0000026b07c137e0: e1e0 0f84 | 4b00 0000 | 488d 3c0f | 488d 340e | 48f7 d9c5 | fe6f 140f | c5fe 6f2c | 0ec5 edef 
  0x0000026b07c13800: d5c4 e27d | 17d2 0f85 | 7a00 0000 | 4883 c120 | 75e1 85c0 | 0f84 6500 | 0000 c5fe | 6f54 07e0 
  0x0000026b07c13820: c5fe 6f6c | 06e0 c5ed | efd5 c4e2 | 7d17 d275 | 55eb 4c8b | c883 e1fc | 7419 488d | 3c0f 488d 
  0x0000026b07c13840: 340e 48f7 | d98b 1c0f | 3b1c 0e75 | 3948 83c1 | 0475 f2f7 | c002 0000 | 0074 120f | b71f 0fb7 
  0x0000026b07c13860: 0e3b d975 | 2148 8d7f | 0248 8d76 | 02f7 c001 | 0000 0074 | 0a0f b61f | 0fb6 0e3b | d975 07b8 
  0x0000026b07c13880: 0100 0000 | eb02 33c0 | c5ed efd2 | c5d5 efed | 85c0 0f85 | dff3 ffff | ba45 ffff | ff48 8b2c 
  0x0000026b07c138a0: 24c5 fa11 | 0424 c5fa | 114c 2404 | c5fa 115c | 2408 4c8b | 4424 184c | 8944 2410 | c5fb 1164 
  0x0000026b07c138c0: 2418 4c89 | 5c24 2044 | 8954 240c | c5f8 77e8 | 2cea 43f8 | c57a 2cc4 | 4181 f800 | 0000 8075 
  0x0000026b07c138e0: 1048 83ec | 08c5 fa11 | 2424 e804 | d83e f841 | 58e9 64f4 | ffff c57a | 2cd8 4181 | fb00 0000 
  0x0000026b07c13900: 8075 1048 | 83ec 08c5 | fa11 0424 | e8e2 d73e | f841 5be9 | 0ff4 ffff | 458b 5b18 | 4d8b 8748 
  0x0000026b07c13920: 0300 0041 | 8500 4585 | db0f 84d5 | 0400 0049 | c1e3 03e9 | 0efe ffff | 4533 c933 | d245 33d2 
  0x0000026b07c13940: e9db f1ff | ff33 d2c4 | c1f9 7ee2 | 41c6 4211 | 0145 33c9 | 4533 d2e9 | c4f1 ffff | 41f7 dbe9 
  0x0000026b07c13960: b8f3 ffff | 41f7 d8e9 | e2f3 ffff | 4533 c933 | d245 33d2 | e9a7 f1ff | ffba 45ff | ffff c4e1 
  0x0000026b07c13980: f97e c5c5 | fb11 0c24 | c5fb 115c | 2408 894c | 2418 4489 | 4c24 1c90 | c5f8 77e8 | 60e9 43f8 
  0x0000026b07c139a0: c4c1 796e | d6ba e6ff | ffff 498b | ebc5 fa11 | 1424 6690 | c5f8 77e8 | 44e9 43f8 | 4489 4c24 
  0x0000026b07c139c0: 10ba e6ff | ffff 8bee | 4489 5c24 | 0466 6690 | c5f8 77e8 | 28e9 43f8 | bae4 ffff | ff48 8b2c 
  0x0000026b07c139e0: 2444 8b5c | 2408 4489 | 1c24 4c8b | 5c24 184c | 895c 2408 | 448b 4424 | 1044 8944 | 2404 448b 
  0x0000026b07c13a00: 5c24 1444 | 895c 2410 | c5fb 1144 | 2418 c5fb | 1164 2420 | 4489 5424 | 2844 894c | 242c c5fa 
  0x0000026b07c13a20: 1154 2430 | c5fa 115c | 2434 6690 | c5f8 77e8 | cce8 43f8 | bae4 ffff | ff48 8b2c | 2444 8b5c 
  0x0000026b07c13a40: 2408 4489 | 1c24 4c8b | 5c24 184c | 895c 2408 | 448b 4424 | 1044 8944 | 2404 448b | 5c24 1444 
  0x0000026b07c13a60: 895c 2410 | c5fb 1144 | 2418 c5fb | 1164 2420 | 4489 5424 | 2844 8954 | 242c c5fa | 1154 2430 
  0x0000026b07c13a80: c5fa 116c | 2434 c57a | 1144 2438 | c5f8 77e8 | 6ce8 43f8 | bae4 ffff | ff48 8b2c | 2444 8b44 
  0x0000026b07c13aa0: 2408 4489 | 0424 4c8b | 5c24 184c | 895c 2408 | 448b 4424 | 1044 8944 | 2404 448b | 5c24 1444 
  0x0000026b07c13ac0: 895c 2410 | c5fb 1144 | 2418 c5fb | 1164 2420 | 4489 5424 | 2844 894c | 242c c5fa | 1154 2430 
  0x0000026b07c13ae0: c57a 1144 | 2434 6690 | c5f8 77e8 | 10e8 43f8 | 4f8d 1cc4 | e9ac feff | ffba f6ff | ffff 6690 
  0x0000026b07c13b00: c5f8 77e8 | f8e7 43f8 | 418b 6cfc | 0cd1 fdff | c5ba 76ff | ffff 4c8b | 5424 184c | 8954 2410 
  0x0000026b07c13b20: 448b 5424 | 2044 8954 | 240c 448b | 5c24 2444 | 895c 2418 | 4c8b 5424 | 284c 8954 | 2420 4889 
  0x0000026b07c13b40: 4424 2844 | 8974 241c | c5f8 77e8 | b0e7 43f8 | 8bdd 41bb | 0100 0000 | e950 faff | ffba f6ff 
  0x0000026b07c13b60: ffff 6690 | c5f8 77e8 | 94e7 43f8 | 4533 d2e9 | 57f6 ffff | 448b d1e9 | e5f5 ffff | bade ffff 
  0x0000026b07c13b80: ffc5 fa11 | 4424 08c5 | fa11 4c24 | 0c44 894c | 2410 4c89 | 4424 2090 | c5f8 77e8 | 60e7 43f8 
  0x0000026b07c13ba0: bae4 ffff | ff48 8b2c | 24c5 fa11 | 0c24 c5fa | 115c 2404 | 4c8b 5424 | 184c 8954 | 2408 c5fa 
  0x0000026b07c13bc0: 1144 2410 | 4889 4424 | 2066 6690 | c5f8 77e8 | 2ce7 43f8 | 4c8b 0c24 | 488b 7424 | 18ba beff 
  0x0000026b07c13be0: ffff 498b | e948 8934 | 2448 8944 | 2408 4489 | 5c24 1044 | 8944 2418 | 4489 4424 | 1c89 4c24 
  0x0000026b07c13c00: 2066 6690 | c5f8 77e8 | f4e6 43f8 | 4c8b 0c24 | 488b 7424 | 18eb c648 | 8b74 2418 | ebbf ba45 
  0x0000026b07c13c20: ffff ff48 | 8b2c 24c5 | fa11 0424 | c5fa 114c | 2404 c5fa | 115c 2408 | 4889 7c24 | 104c 8944 
  0x0000026b07c13c40: 2418 4489 | 4c24 2044 | 8954 2424 | c5f8 77e8 | ace6 43f8 | ba45 ffff | ff4c 8b4c | 2418 4c89 
  0x0000026b07c13c60: 4c24 0848 | 8944 2410 | 4489 5c24 | 1844 8944 | 241c 4489 | 5424 2090 | c5f8 77e8 | 80e6 43f8 
  0x0000026b07c13c80: 448b 4c24 | 2cba beff | ffff 488b | 2c24 448b | 5424 0844 | 8914 244c | 8b54 2418 | 4c89 5424 
  0x0000026b07c13ca0: 0844 8b5c | 2410 4489 | 5c24 0444 | 8b54 2414 | 4489 5424 | 104c 8b54 | 2420 4c89 | 5424 1848 
  0x0000026b07c13cc0: 8944 2420 | 4489 4c24 | 1466 6690 | c5f8 77e8 | 2ce6 43f8 | 448b 4c24 | 2ceb aa44 | 8b4c 242c 
  0x0000026b07c13ce0: eba3 bae4 | ffff ff48 | 8b2c 2444 | 8914 244c | 8b54 2418 | 4c89 5424 | 0844 895c | 2404 4489 
  0x0000026b07c13d00: 4424 1048 | 8944 2420 | 894c 2414 | c5f8 77e8 | ece5 43f8 | babe ffff | ff48 8b2c | 2444 8b54 
  0x0000026b07c13d20: 2408 4489 | 1424 4c8b | 5424 184c | 8954 2408 | 448b 5c24 | 2044 895c | 2404 448b | 5424 2444 
  0x0000026b07c13d40: 8954 2410 | 4889 4424 | 2066 6690 | c5f8 77e8 | ace5 43f8 | bae4 ffff | ff48 8b2c | 2444 8914 
  0x0000026b07c13d60: 244c 8b54 | 2418 4c89 | 5424 0844 | 895c 2404 | 4489 4424 | 1048 8944 | 2420 4489 | 4c24 1490 
  0x0000026b07c13d80: c5f8 77e8 | 78e5 43f8 | ba45 ffff | ff48 8b2c | 24c5 fa11 | 0424 c5fa | 114c 2404 | c5fa 115c 
  0x0000026b07c13da0: 2408 4c8b | 5c24 184c | 895c 2410 | c5fb 1164 | 2418 4489 | 4424 0c44 | 8954 2420 | c5f8 77e8 
  0x0000026b07c13dc0: 3ce5 43f8 | ba76 ffff | ffc5 fa11 | 4424 08c5 | fa11 4c24 | 0cc5 fa11 | 5c24 1044 | 894c 2414 
  0x0000026b07c13de0: c5fb 1164 | 2428 894c | 2434 4489 | 5424 3890 | c5f8 77e8 | 08e5 43f8 | b801 0000 | 0033 d2e9 
  0x0000026b07c13e00: f3ec ffff | baf4 ffff | ff48 8b2c | 24c5 fa11 | 0424 c5fa | 114c 2404 | c5fa 115c | 2408 6690 
  0x0000026b07c13e20: c5f8 77e8 | d8e4 43f8 | ba45 ffff | ffc5 fa11 | 4424 08c5 | fa11 4c24 | 0cc5 fa11 | 5c24 10c5 
  0x0000026b07c13e40: fb11 6424 | 2044 8944 | 2414 4489 | 5424 2890 | c5f8 77e8 | a8e4 43f8 | ba45 ffff | ffc5 fa11 
  0x0000026b07c13e60: 4424 08c5 | fa11 4c24 | 0cc5 fa11 | 5c24 10c5 | fb11 6424 | 2844 8944 | 2414 4489 | 5424 304c 
  0x0000026b07c13e80: 895c 2438 | 895c 2434 | c5f8 77e8 | 70e4 43f8 | 4585 c040 | 0f95 c540 | 0fb6 ed83 | f501 ba45 
  0x0000026b07c13ea0: ffff ffc5 | fa11 4424 | 08c5 fa11 | 4c24 0cc5 | fa11 5c24 | 1044 894c | 2414 4c89 | 5c24 2844 
  0x0000026b07c13ec0: 8954 2430 | c5f8 77e8 | 34e4 43f8 | ba45 ffff | ffc5 fa11 | 4424 08c5 | fa11 4c24 | 0cc5 fa11 
  0x0000026b07c13ee0: 5c24 10c5 | fb11 6424 | 284c 895c | 2430 4489 | 5424 144c | 8944 2438 | 894c 2440 | c5f8 77e8 
  0x0000026b07c13f00: fce3 43f8 | bade ffff | ffc5 fa11 | 4424 08c5 | fa11 4c24 | 0cc5 fa11 | 5c24 1090 | c5f8 77e8 
  0x0000026b07c13f20: dce3 43f8 | bade ffff | ff48 8b2c | 24c5 fa11 | 0424 c5fa | 114c 2404 | c5fa 115c | 2408 4c8b 
  0x0000026b07c13f40: 4c24 184c | 894c 2410 | c5fb 1164 | 2420 4489 | 4424 0c44 | 8954 2428 | 4489 5c24 | 3066 6690 
  0x0000026b07c13f60: c5f8 77e8 | 98e3 43f8 | bade ffff | ff48 8b2c | 24c5 fa11 | 0424 c5fa | 114c 2404 | c5fa 115c 
  0x0000026b07c13f80: 2408 4c8b | 4424 184c | 8944 2410 | c5fb 1164 | 2420 4c89 | 5c24 2844 | 8954 240c | 4489 4c24 
  0x0000026b07c13fa0: 3466 6690 | c5f8 77e8 | 54e3 43f8 | baf6 ffff | ff66 6690 | c5f8 77e8 | 44e3 43f8 | c4c1 796e 
  0x0000026b07c13fc0: d6ba f6ff | ffff c5f9 | 7ed5 6690 | c5f8 77e8 | 2ce3 43f8 | 4489 4c24 | 10ba f6ff | ffff 4489 
  0x0000026b07c13fe0: 1c24 6690 | c5f8 77e8 | 14e3 43f8 | baf6 ffff | ff66 6690 | c5f8 77e8 | 04e3 43f8 | ba76 ffff 
  0x0000026b07c14000: ff48 8b2c | 2444 8b5c | 2408 4489 | 1c24 4c8b | 5424 184c | 8954 2408 | 448b 5424 | 1044 8954 
  0x0000026b07c14020: 2404 448b | 5c24 1444 | 895c 2410 | 48ff 7424 | 2048 8f44 | 2418 4889 | 4424 20c5 | fa11 5424 
  0x0000026b07c14040: 1489 7c24 | 2866 6690 | c5f8 77e8 | b0e2 43f8 | baf6 ffff | ff66 6690 | c5f8 77e8 | a0e2 43f8 
  0x0000026b07c14060: 488b d0eb | 0848 8bd0 | eb03 488b | d0c5 f877 | 4883 c460 | 5de9 86ec | 4ef8 baf6 | ffff ff49 
  0x0000026b07c14080: 8be8 6690 | c5f8 77e8 | 74e2 43f8 | baf6 ffff | ff66 6690 | c5f8 77e8 | 64e2 43f8 | baf6 ffff 
  0x0000026b07c140a0: ff66 6690 | c5f8 77e8 | 54e2 43f8 | 488b 7424 | 18e9 27fb | ffff 488b | 7424 18e9 | 1dfb ffff 
  0x0000026b07c140c0: baf6 ffff | ff66 6690 | c5f8 77e8 | 30e2 43f8 | baf6 ffff | ff66 6690 | c5f8 77e8 | 20e2 43f8 
  0x0000026b07c140e0: baf6 ffff | ff66 6690 | c5f8 77e8 | 10e2 43f8 | baf6 ffff | ff66 6690 | c5f8 77e8 | 00e2 43f8 
  0x0000026b07c14100: ba45 ffff | ff48 8b2c | 24c5 fa11 | 0424 c5fa | 114c 2404 | c5fa 115c | 2408 4c8b | 4c24 184c 
  0x0000026b07c14120: 894c 2410 | c5fb 1164 | 2420 4489 | 4424 0c44 | 8954 2428 | 4489 5c24 | 2c66 6690 | c5f8 77e8 
  0x0000026b07c14140: bce1 43f8 | baf6 ffff | ff66 6690 | c5f8 77e8 | ace1 43f8 | ba45 ffff | ff48 8b2c | 24c5 fa11 
  0x0000026b07c14160: 0424 c5fa | 114c 2404 | c5fa 115c | 2408 4c8b | 4424 184c | 8944 2410 | c5fb 1164 | 2420 4c89 
  0x0000026b07c14180: 5c24 2844 | 8954 240c | 4489 4c24 | 3066 6690 | c5f8 77e8 | 68e1 43f8 | 49ba ca34 | c107 6b02 
  0x0000026b07c141a0: 0000 4d89 | 9758 0300 | 00e9 52f2 | 43f8 f4f4 | f4f4 f4f4 | f4f4 f4f4 | f4f4 f4f4 | f4f4 f4f4 
  0x0000026b07c141c0: 48bb 0000 | 0000 0000 | 0000 e9fb | ffff ffe9 | ac09 4ef8 | e800 0000 | 0048 832c | 2405 e9bd 
  0x0000026b07c141e0: e443 f8f4 | f4f4 f4f4 
[/MachCode]
--------------------------------------------------------------------------------


---------------  P R O C E S S  ---------------

Threads class SMR info:
_java_thread_list=0x0000026b1124caf0, length=26, elements={
0x0000026b0f930c50, 0x0000026b0f932520, 0x0000026b0f948700, 0x0000026b0f948fd0,
0x0000026b0f949890, 0x0000026b0f94a150, 0x0000026b0f94e2f0, 0x0000026b0f956cb0,
0x0000026b0f961dc0, 0x0000026b10501a00, 0x0000026b1051df80, 0x0000026b1051e8a0,
0x0000026b1052b5d0, 0x0000026b6a30f0e0, 0x0000026b105e3770, 0x0000026b10735f20,
0x0000026b10738750, 0x0000026b10d9bb50, 0x0000026b10dfbf50, 0x0000026b10e03040,
0x0000026b10e04850, 0x0000026b10e103d0, 0x0000026b10e108e0, 0x0000026b10777160,
0x0000026b10fc9d10, 0x0000026b10e04380
}

Java Threads: ( => current thread )
  0x0000026b0f930c50 JavaThread "Reference Handler" daemon [_thread_blocked, id=9244, stack(0x0000007313600000,0x0000007313700000)]
  0x0000026b0f932520 JavaThread "Finalizer" daemon [_thread_blocked, id=2000, stack(0x0000007313700000,0x0000007313800000)]
  0x0000026b0f948700 JavaThread "Signal Dispatcher" daemon [_thread_blocked, id=3796, stack(0x0000007313800000,0x0000007313900000)]
  0x0000026b0f948fd0 JavaThread "Attach Listener" daemon [_thread_blocked, id=6140, stack(0x0000007313900000,0x0000007313a00000)]
  0x0000026b0f949890 JavaThread "Service Thread" daemon [_thread_blocked, id=23384, stack(0x0000007313a00000,0x0000007313b00000)]
  0x0000026b0f94a150 JavaThread "Monitor Deflation Thread" daemon [_thread_blocked, id=18220, stack(0x0000007313b00000,0x0000007313c00000)]
  0x0000026b0f94e2f0 JavaThread "C2 CompilerThread0" daemon [_thread_blocked, id=9256, stack(0x0000007313c00000,0x0000007313d00000)]
  0x0000026b0f956cb0 JavaThread "C1 CompilerThread0" daemon [_thread_blocked, id=13444, stack(0x0000007313d00000,0x0000007313e00000)]
  0x0000026b0f961dc0 JavaThread "Sweeper thread" daemon [_thread_blocked, id=13972, stack(0x0000007313e00000,0x0000007313f00000)]
  0x0000026b10501a00 JavaThread "C1 CompilerThread1" daemon [_thread_blocked, id=4716, stack(0x0000007313f00000,0x0000007314000000)]
  0x0000026b1051df80 JavaThread "C1 CompilerThread2" daemon [_thread_blocked, id=20220, stack(0x0000007314000000,0x0000007314100000)]
  0x0000026b1051e8a0 JavaThread "Notification Thread" daemon [_thread_blocked, id=7792, stack(0x0000007314100000,0x0000007314200000)]
  0x0000026b1052b5d0 JavaThread "Common-Cleaner" daemon [_thread_blocked, id=13700, stack(0x0000007314300000,0x0000007314400000)]
  0x0000026b6a30f0e0 JavaThread "DestroyJavaVM" [_thread_blocked, id=5580, stack(0x0000007312f00000,0x0000007313000000)]
  0x0000026b105e3770 JavaThread "Java2D Disposer" daemon [_thread_blocked, id=24060, stack(0x0000007314500000,0x0000007314600000)]
  0x0000026b10735f20 JavaThread "AWT-Shutdown" [_thread_blocked, id=308, stack(0x0000007314700000,0x0000007314800000)]
  0x0000026b10738750 JavaThread "AWT-Windows" daemon [_thread_in_native, id=9784, stack(0x0000007314800000,0x0000007314900000)]
  0x0000026b10d9bb50 JavaThread "AWT-EventQueue-0" [_thread_blocked, id=16240, stack(0x0000007315500000,0x0000007315600000)]
=>0x0000026b10dfbf50 JavaThread "graphicsthread" [_thread_in_Java, id=3460, stack(0x0000007315600000,0x0000007315700000)]
  0x0000026b10e03040 JavaThread "Thread-1" [_thread_in_Java, id=15480, stack(0x0000007315700000,0x0000007315800000)]
  0x0000026b10e04850 JavaThread "D3D Screen Updater" daemon [_thread_blocked, id=21376, stack(0x0000007314400000,0x0000007314500000)]
  0x0000026b10e103d0 JavaThread "C2 CompilerThread1" daemon [_thread_blocked, id=16424, stack(0x0000007316000000,0x0000007316100000)]
  0x0000026b10e108e0 JavaThread "C2 CompilerThread2" daemon [_thread_blocked, id=19904, stack(0x0000007316100000,0x0000007316200000)]
  0x0000026b10777160 JavaThread "C2 CompilerThread3" daemon [_thread_blocked, id=18984, stack(0x0000007316200000,0x0000007316300000)]
  0x0000026b10fc9d10 JavaThread "C2 CompilerThread4" daemon [_thread_blocked, id=14460, stack(0x0000007316300000,0x0000007316400000)]
  0x0000026b10e04380 JavaThread "gameupdatethread" [_thread_in_Java, id=16336, stack(0x0000007316400000,0x0000007316500000)]

Other Threads:
  0x0000026b0f92b5e0 VMThread "VM Thread" [stack: 0x0000007313500000,0x0000007313600000] [id=21156]
  0x0000026b1052b1a0 WatcherThread [stack: 0x0000007314200000,0x0000007314300000] [id=22840]
  0x0000026b6a35c860 GCTaskThread "GC Thread#0" [stack: 0x0000007313000000,0x0000007313100000] [id=13360]
  0x0000026b10f59640 GCTaskThread "GC Thread#1" [stack: 0x0000007314600000,0x0000007314700000] [id=20680]
  0x0000026b10f62150 GCTaskThread "GC Thread#2" [stack: 0x0000007315800000,0x0000007315900000] [id=9004]
  0x0000026b10f62400 GCTaskThread "GC Thread#3" [stack: 0x0000007315900000,0x0000007315a00000] [id=19692]
  0x0000026b10f64ed0 GCTaskThread "GC Thread#4" [stack: 0x0000007315a00000,0x0000007315b00000] [id=9652]
  0x0000026b10f65590 GCTaskThread "GC Thread#5" [stack: 0x0000007315b00000,0x0000007315c00000] [id=21400]
  0x0000026b10f66470 GCTaskThread "GC Thread#6" [stack: 0x0000007315c00000,0x0000007315d00000] [id=14444]
  0x0000026b10f691e0 GCTaskThread "GC Thread#7" [stack: 0x0000007315d00000,0x0000007315e00000] [id=23440]
  0x0000026b1118dd10 GCTaskThread "GC Thread#8" [stack: 0x0000007315e00000,0x0000007315f00000] [id=24344]
  0x0000026b1118ec00 GCTaskThread "GC Thread#9" [stack: 0x0000007315f00000,0x0000007316000000] [id=14988]
  0x0000026b6a36dbf0 ConcurrentGCThread "G1 Main Marker" [stack: 0x0000007313100000,0x0000007313200000] [id=22008]
  0x0000026b6a36fb60 ConcurrentGCThread "G1 Conc#0" [stack: 0x0000007313200000,0x0000007313300000] [id=4324]
  0x0000026b6a3dd700 ConcurrentGCThread "G1 Refine#0" [stack: 0x0000007313300000,0x0000007313400000] [id=9732]
  0x0000026b6a3dddd0 ConcurrentGCThread "G1 Service" [stack: 0x0000007313400000,0x0000007313500000] [id=1584]

Threads with active compile tasks:

VM state: not at safepoint (normal execution)

VM Mutex/Monitor currently owned by a thread: None

Heap address: 0x0000000709600000, size: 3946 MB, Compressed Oops mode: Zero based, Oop shift amount: 3

CDS archive(s) mapped at: [0x0000000800000000-0x0000000800bc0000-0x0000000800bc0000), size 12320768, SharedBaseAddress: 0x0000000800000000, ArchiveRelocationMode: 0.
Compressed class space mapped at: 0x0000000800c00000-0x0000000840c00000, reserved size: 1073741824
Narrow klass base: 0x0000000800000000, Narrow klass shift: 0, Narrow klass range: 0x100000000

GC Precious Log:
 CPUs: 16 total, 16 available
 Memory: 15776M
 Large Page Support: Disabled
 NUMA Support: Disabled
 Compressed Oops: Enabled (Zero based)
 Heap Region Size: 2M
 Heap Min Capacity: 8M
 Heap Initial Capacity: 248M
 Heap Max Capacity: 3946M
 Pre-touch: Disabled
 Parallel Workers: 13
 Concurrent Workers: 3
 Concurrent Refinement Workers: 13
 Periodic GC: Disabled

Heap:
 garbage-first heap   total 253952K, used 14551K [0x0000000709600000, 0x0000000800000000)
  region size 2048K, 7 young (14336K), 2 survivors (4096K)
 Metaspace       used 7293K, committed 7488K, reserved 1056768K
  class space    used 751K, committed 832K, reserved 1048576K

Heap Regions: E=young(eden), S=young(survivor), O=old, HS=humongous(starts), HC=humongous(continues), CS=collection set, F=free, OA=open archive, CA=closed archive, TAMS=top-at-mark-start (previous, next)
|   0|0x0000000709600000, 0x0000000709800000, 0x0000000709800000|100%|HS|  |TAMS 0x0000000709600000, 0x0000000709600000| Complete 
|   1|0x0000000709800000, 0x0000000709a00000, 0x0000000709a00000|100%|HC|  |TAMS 0x0000000709800000, 0x0000000709800000| Complete 
|   2|0x0000000709a00000, 0x0000000709a00000, 0x0000000709c00000|  0%| F|  |TAMS 0x0000000709a00000, 0x0000000709a00000| Untracked 
|   3|0x0000000709c00000, 0x0000000709c00000, 0x0000000709e00000|  0%| F|  |TAMS 0x0000000709c00000, 0x0000000709c00000| Untracked 
|   4|0x0000000709e00000, 0x0000000709e00000, 0x000000070a000000|  0%| F|  |TAMS 0x0000000709e00000, 0x0000000709e00000| Untracked 
|   5|0x000000070a000000, 0x000000070a000000, 0x000000070a200000|  0%| F|  |TAMS 0x000000070a000000, 0x000000070a000000| Untracked 
|   6|0x000000070a200000, 0x000000070a200000, 0x000000070a400000|  0%| F|  |TAMS 0x000000070a200000, 0x000000070a200000| Untracked 
|   7|0x000000070a400000, 0x000000070a400000, 0x000000070a600000|  0%| F|  |TAMS 0x000000070a400000, 0x000000070a400000| Untracked 
|   8|0x000000070a600000, 0x000000070a600000, 0x000000070a800000|  0%| F|  |TAMS 0x000000070a600000, 0x000000070a600000| Untracked 
|   9|0x000000070a800000, 0x000000070a800000, 0x000000070aa00000|  0%| F|  |TAMS 0x000000070a800000, 0x000000070a800000| Untracked 
|  10|0x000000070aa00000, 0x000000070aa00000, 0x000000070ac00000|  0%| F|  |TAMS 0x000000070aa00000, 0x000000070aa00000| Untracked 
|  11|0x000000070ac00000, 0x000000070ac00000, 0x000000070ae00000|  0%| F|  |TAMS 0x000000070ac00000, 0x000000070ac00000| Untracked 
|  12|0x000000070ae00000, 0x000000070ae00000, 0x000000070b000000|  0%| F|  |TAMS 0x000000070ae00000, 0x000000070ae00000| Untracked 
|  13|0x000000070b000000, 0x000000070b000000, 0x000000070b200000|  0%| F|  |TAMS 0x000000070b000000, 0x000000070b000000| Untracked 
|  14|0x000000070b200000, 0x000000070b200000, 0x000000070b400000|  0%| F|  |TAMS 0x000000070b200000, 0x000000070b200000| Untracked 
|  15|0x000000070b400000, 0x000000070b400000, 0x000000070b600000|  0%| F|  |TAMS 0x000000070b400000, 0x000000070b400000| Untracked 
|  16|0x000000070b600000, 0x000000070b600000, 0x000000070b800000|  0%| F|  |TAMS 0x000000070b600000, 0x000000070b600000| Untracked 
|  17|0x000000070b800000, 0x000000070b800000, 0x000000070ba00000|  0%| F|  |TAMS 0x000000070b800000, 0x000000070b800000| Untracked 
|  18|0x000000070ba00000, 0x000000070ba00000, 0x000000070bc00000|  0%| F|  |TAMS 0x000000070ba00000, 0x000000070ba00000| Untracked 
|  19|0x000000070bc00000, 0x000000070bc00000, 0x000000070be00000|  0%| F|  |TAMS 0x000000070bc00000, 0x000000070bc00000| Untracked 
|  20|0x000000070be00000, 0x000000070be00000, 0x000000070c000000|  0%| F|  |TAMS 0x000000070be00000, 0x000000070be00000| Untracked 
|  21|0x000000070c000000, 0x000000070c000000, 0x000000070c200000|  0%| F|  |TAMS 0x000000070c000000, 0x000000070c000000| Untracked 
|  22|0x000000070c200000, 0x000000070c200000, 0x000000070c400000|  0%| F|  |TAMS 0x000000070c200000, 0x000000070c200000| Untracked 
|  23|0x000000070c400000, 0x000000070c400000, 0x000000070c600000|  0%| F|  |TAMS 0x000000070c400000, 0x000000070c400000| Untracked 
|  24|0x000000070c600000, 0x000000070c600000, 0x000000070c800000|  0%| F|  |TAMS 0x000000070c600000, 0x000000070c600000| Untracked 
|  25|0x000000070c800000, 0x000000070c800000, 0x000000070ca00000|  0%| F|  |TAMS 0x000000070c800000, 0x000000070c800000| Untracked 
|  26|0x000000070ca00000, 0x000000070ca00000, 0x000000070cc00000|  0%| F|  |TAMS 0x000000070ca00000, 0x000000070ca00000| Untracked 
|  27|0x000000070cc00000, 0x000000070cc00000, 0x000000070ce00000|  0%| F|  |TAMS 0x000000070cc00000, 0x000000070cc00000| Untracked 
|  28|0x000000070ce00000, 0x000000070ce00000, 0x000000070d000000|  0%| F|  |TAMS 0x000000070ce00000, 0x000000070ce00000| Untracked 
|  29|0x000000070d000000, 0x000000070d000000, 0x000000070d200000|  0%| F|  |TAMS 0x000000070d000000, 0x000000070d000000| Untracked 
|  30|0x000000070d200000, 0x000000070d200000, 0x000000070d400000|  0%| F|  |TAMS 0x000000070d200000, 0x000000070d200000| Untracked 
|  31|0x000000070d400000, 0x000000070d400000, 0x000000070d600000|  0%| F|  |TAMS 0x000000070d400000, 0x000000070d400000| Untracked 
|  32|0x000000070d600000, 0x000000070d600000, 0x000000070d800000|  0%| F|  |TAMS 0x000000070d600000, 0x000000070d600000| Untracked 
|  33|0x000000070d800000, 0x000000070d800000, 0x000000070da00000|  0%| F|  |TAMS 0x000000070d800000, 0x000000070d800000| Untracked 
|  34|0x000000070da00000, 0x000000070da00000, 0x000000070dc00000|  0%| F|  |TAMS 0x000000070da00000, 0x000000070da00000| Untracked 
|  35|0x000000070dc00000, 0x000000070dc00000, 0x000000070de00000|  0%| F|  |TAMS 0x000000070dc00000, 0x000000070dc00000| Untracked 
|  36|0x000000070de00000, 0x000000070de00000, 0x000000070e000000|  0%| F|  |TAMS 0x000000070de00000, 0x000000070de00000| Untracked 
|  37|0x000000070e000000, 0x000000070e000000, 0x000000070e200000|  0%| F|  |TAMS 0x000000070e000000, 0x000000070e000000| Untracked 
|  38|0x000000070e200000, 0x000000070e200000, 0x000000070e400000|  0%| F|  |TAMS 0x000000070e200000, 0x000000070e200000| Untracked 
|  39|0x000000070e400000, 0x000000070e400000, 0x000000070e600000|  0%| F|  |TAMS 0x000000070e400000, 0x000000070e400000| Untracked 
|  40|0x000000070e600000, 0x000000070e600000, 0x000000070e800000|  0%| F|  |TAMS 0x000000070e600000, 0x000000070e600000| Untracked 
|  41|0x000000070e800000, 0x000000070e800000, 0x000000070ea00000|  0%| F|  |TAMS 0x000000070e800000, 0x000000070e800000| Untracked 
|  42|0x000000070ea00000, 0x000000070ea00000, 0x000000070ec00000|  0%| F|  |TAMS 0x000000070ea00000, 0x000000070ea00000| Untracked 
|  43|0x000000070ec00000, 0x000000070ec00000, 0x000000070ee00000|  0%| F|  |TAMS 0x000000070ec00000, 0x000000070ec00000| Untracked 
|  44|0x000000070ee00000, 0x000000070ee00000, 0x000000070f000000|  0%| F|  |TAMS 0x000000070ee00000, 0x000000070ee00000| Untracked 
|  45|0x000000070f000000, 0x000000070f000000, 0x000000070f200000|  0%| F|  |TAMS 0x000000070f000000, 0x000000070f000000| Untracked 
|  46|0x000000070f200000, 0x000000070f200000, 0x000000070f400000|  0%| F|  |TAMS 0x000000070f200000, 0x000000070f200000| Untracked 
|  47|0x000000070f400000, 0x000000070f400000, 0x000000070f600000|  0%| F|  |TAMS 0x000000070f400000, 0x000000070f400000| Untracked 
|  48|0x000000070f600000, 0x000000070f600000, 0x000000070f800000|  0%| F|  |TAMS 0x000000070f600000, 0x000000070f600000| Untracked 
|  49|0x000000070f800000, 0x000000070f800000, 0x000000070fa00000|  0%| F|  |TAMS 0x000000070f800000, 0x000000070f800000| Untracked 
|  50|0x000000070fa00000, 0x000000070fa00000, 0x000000070fc00000|  0%| F|  |TAMS 0x000000070fa00000, 0x000000070fa00000| Untracked 
|  51|0x000000070fc00000, 0x000000070fc00000, 0x000000070fe00000|  0%| F|  |TAMS 0x000000070fc00000, 0x000000070fc00000| Untracked 
|  52|0x000000070fe00000, 0x000000070fe00000, 0x0000000710000000|  0%| F|  |TAMS 0x000000070fe00000, 0x000000070fe00000| Untracked 
|  53|0x0000000710000000, 0x0000000710000000, 0x0000000710200000|  0%| F|  |TAMS 0x0000000710000000, 0x0000000710000000| Untracked 
|  54|0x0000000710200000, 0x0000000710200000, 0x0000000710400000|  0%| F|  |TAMS 0x0000000710200000, 0x0000000710200000| Untracked 
|  55|0x0000000710400000, 0x0000000710400000, 0x0000000710600000|  0%| F|  |TAMS 0x0000000710400000, 0x0000000710400000| Untracked 
|  56|0x0000000710600000, 0x0000000710600000, 0x0000000710800000|  0%| F|  |TAMS 0x0000000710600000, 0x0000000710600000| Untracked 
|  57|0x0000000710800000, 0x0000000710800000, 0x0000000710a00000|  0%| F|  |TAMS 0x0000000710800000, 0x0000000710800000| Untracked 
|  58|0x0000000710a00000, 0x0000000710a00000, 0x0000000710c00000|  0%| F|  |TAMS 0x0000000710a00000, 0x0000000710a00000| Untracked 
|  59|0x0000000710c00000, 0x0000000710c00000, 0x0000000710e00000|  0%| F|  |TAMS 0x0000000710c00000, 0x0000000710c00000| Untracked 
|  60|0x0000000710e00000, 0x0000000710e00000, 0x0000000711000000|  0%| F|  |TAMS 0x0000000710e00000, 0x0000000710e00000| Untracked 
|  61|0x0000000711000000, 0x0000000711000000, 0x0000000711200000|  0%| F|  |TAMS 0x0000000711000000, 0x0000000711000000| Untracked 
|  62|0x0000000711200000, 0x0000000711200000, 0x0000000711400000|  0%| F|  |TAMS 0x0000000711200000, 0x0000000711200000| Untracked 
|  63|0x0000000711400000, 0x0000000711400000, 0x0000000711600000|  0%| F|  |TAMS 0x0000000711400000, 0x0000000711400000| Untracked 
|  64|0x0000000711600000, 0x0000000711600000, 0x0000000711800000|  0%| F|  |TAMS 0x0000000711600000, 0x0000000711600000| Untracked 
|  65|0x0000000711800000, 0x0000000711800000, 0x0000000711a00000|  0%| F|  |TAMS 0x0000000711800000, 0x0000000711800000| Untracked 
|  66|0x0000000711a00000, 0x0000000711a00000, 0x0000000711c00000|  0%| F|  |TAMS 0x0000000711a00000, 0x0000000711a00000| Untracked 
|  67|0x0000000711c00000, 0x0000000711c00000, 0x0000000711e00000|  0%| F|  |TAMS 0x0000000711c00000, 0x0000000711c00000| Untracked 
|  68|0x0000000711e00000, 0x0000000711e00000, 0x0000000712000000|  0%| F|  |TAMS 0x0000000711e00000, 0x0000000711e00000| Untracked 
|  69|0x0000000712000000, 0x0000000712000000, 0x0000000712200000|  0%| F|  |TAMS 0x0000000712000000, 0x0000000712000000| Untracked 
|  70|0x0000000712200000, 0x0000000712200000, 0x0000000712400000|  0%| F|  |TAMS 0x0000000712200000, 0x0000000712200000| Untracked 
|  71|0x0000000712400000, 0x0000000712400000, 0x0000000712600000|  0%| F|  |TAMS 0x0000000712400000, 0x0000000712400000| Untracked 
|  72|0x0000000712600000, 0x0000000712600000, 0x0000000712800000|  0%| F|  |TAMS 0x0000000712600000, 0x0000000712600000| Untracked 
|  73|0x0000000712800000, 0x0000000712800000, 0x0000000712a00000|  0%| F|  |TAMS 0x0000000712800000, 0x0000000712800000| Untracked 
|  74|0x0000000712a00000, 0x0000000712a00000, 0x0000000712c00000|  0%| F|  |TAMS 0x0000000712a00000, 0x0000000712a00000| Untracked 
|  75|0x0000000712c00000, 0x0000000712c00000, 0x0000000712e00000|  0%| F|  |TAMS 0x0000000712c00000, 0x0000000712c00000| Untracked 
|  76|0x0000000712e00000, 0x0000000712e00000, 0x0000000713000000|  0%| F|  |TAMS 0x0000000712e00000, 0x0000000712e00000| Untracked 
|  77|0x0000000713000000, 0x0000000713000000, 0x0000000713200000|  0%| F|  |TAMS 0x0000000713000000, 0x0000000713000000| Untracked 
|  78|0x0000000713200000, 0x0000000713200000, 0x0000000713400000|  0%| F|  |TAMS 0x0000000713200000, 0x0000000713200000| Untracked 
|  79|0x0000000713400000, 0x0000000713400000, 0x0000000713600000|  0%| F|  |TAMS 0x0000000713400000, 0x0000000713400000| Untracked 
|  80|0x0000000713600000, 0x0000000713600000, 0x0000000713800000|  0%| F|  |TAMS 0x0000000713600000, 0x0000000713600000| Untracked 
|  81|0x0000000713800000, 0x0000000713800000, 0x0000000713a00000|  0%| F|  |TAMS 0x0000000713800000, 0x0000000713800000| Untracked 
|  82|0x0000000713a00000, 0x0000000713a00000, 0x0000000713c00000|  0%| F|  |TAMS 0x0000000713a00000, 0x0000000713a00000| Untracked 
|  83|0x0000000713c00000, 0x0000000713c00000, 0x0000000713e00000|  0%| F|  |TAMS 0x0000000713c00000, 0x0000000713c00000| Untracked 
|  84|0x0000000713e00000, 0x0000000713e00000, 0x0000000714000000|  0%| F|  |TAMS 0x0000000713e00000, 0x0000000713e00000| Untracked 
|  85|0x0000000714000000, 0x0000000714000000, 0x0000000714200000|  0%| F|  |TAMS 0x0000000714000000, 0x0000000714000000| Untracked 
|  86|0x0000000714200000, 0x0000000714200000, 0x0000000714400000|  0%| F|  |TAMS 0x0000000714200000, 0x0000000714200000| Untracked 
|  87|0x0000000714400000, 0x0000000714400000, 0x0000000714600000|  0%| F|  |TAMS 0x0000000714400000, 0x0000000714400000| Untracked 
|  88|0x0000000714600000, 0x0000000714600000, 0x0000000714800000|  0%| F|  |TAMS 0x0000000714600000, 0x0000000714600000| Untracked 
|  89|0x0000000714800000, 0x0000000714800000, 0x0000000714a00000|  0%| F|  |TAMS 0x0000000714800000, 0x0000000714800000| Untracked 
|  90|0x0000000714a00000, 0x0000000714a00000, 0x0000000714c00000|  0%| F|  |TAMS 0x0000000714a00000, 0x0000000714a00000| Untracked 
|  91|0x0000000714c00000, 0x0000000714c00000, 0x0000000714e00000|  0%| F|  |TAMS 0x0000000714c00000, 0x0000000714c00000| Untracked 
|  92|0x0000000714e00000, 0x0000000714e00000, 0x0000000715000000|  0%| F|  |TAMS 0x0000000714e00000, 0x0000000714e00000| Untracked 
|  93|0x0000000715000000, 0x0000000715000000, 0x0000000715200000|  0%| F|  |TAMS 0x0000000715000000, 0x0000000715000000| Untracked 
|  94|0x0000000715200000, 0x0000000715200000, 0x0000000715400000|  0%| F|  |TAMS 0x0000000715200000, 0x0000000715200000| Untracked 
|  95|0x0000000715400000, 0x0000000715400000, 0x0000000715600000|  0%| F|  |TAMS 0x0000000715400000, 0x0000000715400000| Untracked 
|  96|0x0000000715600000, 0x0000000715600000, 0x0000000715800000|  0%| F|  |TAMS 0x0000000715600000, 0x0000000715600000| Untracked 
|  97|0x0000000715800000, 0x0000000715800000, 0x0000000715a00000|  0%| F|  |TAMS 0x0000000715800000, 0x0000000715800000| Untracked 
|  98|0x0000000715a00000, 0x0000000715a00000, 0x0000000715c00000|  0%| F|  |TAMS 0x0000000715a00000, 0x0000000715a00000| Untracked 
|  99|0x0000000715c00000, 0x0000000715c00000, 0x0000000715e00000|  0%| F|  |TAMS 0x0000000715c00000, 0x0000000715c00000| Untracked 
| 100|0x0000000715e00000, 0x0000000715e00000, 0x0000000716000000|  0%| F|  |TAMS 0x0000000715e00000, 0x0000000715e00000| Untracked 
| 101|0x0000000716000000, 0x0000000716000000, 0x0000000716200000|  0%| F|  |TAMS 0x0000000716000000, 0x0000000716000000| Untracked 
| 102|0x0000000716200000, 0x0000000716200000, 0x0000000716400000|  0%| F|  |TAMS 0x0000000716200000, 0x0000000716200000| Untracked 
| 103|0x0000000716400000, 0x0000000716400000, 0x0000000716600000|  0%| F|  |TAMS 0x0000000716400000, 0x0000000716400000| Untracked 
| 104|0x0000000716600000, 0x0000000716600000, 0x0000000716800000|  0%| F|  |TAMS 0x0000000716600000, 0x0000000716600000| Untracked 
| 105|0x0000000716800000, 0x0000000716800000, 0x0000000716a00000|  0%| F|  |TAMS 0x0000000716800000, 0x0000000716800000| Untracked 
| 106|0x0000000716a00000, 0x0000000716a00000, 0x0000000716c00000|  0%| F|  |TAMS 0x0000000716a00000, 0x0000000716a00000| Untracked 
| 107|0x0000000716c00000, 0x0000000716c00000, 0x0000000716e00000|  0%| F|  |TAMS 0x0000000716c00000, 0x0000000716c00000| Untracked 
| 108|0x0000000716e00000, 0x0000000716e00000, 0x0000000717000000|  0%| F|  |TAMS 0x0000000716e00000, 0x0000000716e00000| Untracked 
| 109|0x0000000717000000, 0x0000000717000000, 0x0000000717200000|  0%| F|  |TAMS 0x0000000717000000, 0x0000000717000000| Untracked 
| 110|0x0000000717200000, 0x0000000717200000, 0x0000000717400000|  0%| F|  |TAMS 0x0000000717200000, 0x0000000717200000| Untracked 
| 111|0x0000000717400000, 0x0000000717435ff0, 0x0000000717600000| 10%| S|CS|TAMS 0x0000000717400000, 0x0000000717400000| Complete 
| 112|0x0000000717600000, 0x0000000717800000, 0x0000000717800000|100%| S|CS|TAMS 0x0000000717600000, 0x0000000717600000| Complete 
| 113|0x0000000717800000, 0x0000000717800000, 0x0000000717a00000|  0%| F|  |TAMS 0x0000000717800000, 0x0000000717800000| Untracked 
| 114|0x0000000717a00000, 0x0000000717a00000, 0x0000000717c00000|  0%| F|  |TAMS 0x0000000717a00000, 0x0000000717a00000| Untracked 
| 115|0x0000000717c00000, 0x0000000717c00000, 0x0000000717e00000|  0%| F|  |TAMS 0x0000000717c00000, 0x0000000717c00000| Untracked 
| 116|0x0000000717e00000, 0x0000000717e00000, 0x0000000718000000|  0%| F|  |TAMS 0x0000000717e00000, 0x0000000717e00000| Untracked 
| 117|0x0000000718000000, 0x0000000718000000, 0x0000000718200000|  0%| F|  |TAMS 0x0000000718000000, 0x0000000718000000| Untracked 
| 118|0x0000000718200000, 0x0000000718200000, 0x0000000718400000|  0%| F|  |TAMS 0x0000000718200000, 0x0000000718200000| Untracked 
| 119|0x0000000718400000, 0x0000000718536d88, 0x0000000718600000| 60%| E|  |TAMS 0x0000000718400000, 0x0000000718400000| Complete 
| 120|0x0000000718600000, 0x0000000718800000, 0x0000000718800000|100%| E|CS|TAMS 0x0000000718600000, 0x0000000718600000| Complete 
| 121|0x0000000718800000, 0x0000000718a00000, 0x0000000718a00000|100%| E|CS|TAMS 0x0000000718800000, 0x0000000718800000| Complete 
| 122|0x0000000718a00000, 0x0000000718c00000, 0x0000000718c00000|100%| E|CS|TAMS 0x0000000718a00000, 0x0000000718a00000| Complete 
| 123|0x0000000718c00000, 0x0000000718e00000, 0x0000000718e00000|100%| E|CS|TAMS 0x0000000718c00000, 0x0000000718c00000| Complete 

Card table byte_map: [0x0000026b74d40000,0x0000026b75500000] _byte_map_base: 0x0000026b714f5000

Marking Bits (Prev, Next): (CMBitMap*) 0x0000026b6a35dc30, (CMBitMap*) 0x0000026b6a35dc70
 Prev Bits: [0x0000026b75cc0000, 0x0000026b79a68000)
 Next Bits: [0x0000026b79a70000, 0x0000026b7d818000)

Polling page: 0x0000026b6a3f0000

Metaspace:

Usage:
  Non-class:      6.39 MB used.
      Class:    751.62 KB used.
       Both:      7.12 MB used.

Virtual space:
  Non-class space:        8.00 MB reserved,       6.50 MB ( 81%) committed,  1 nodes.
      Class space:        1.00 GB reserved,     832.00 KB ( <1%) committed,  1 nodes.
             Both:        1.01 GB reserved,       7.31 MB ( <1%) committed. 

Chunk freelists:
   Non-Class:  864.00 KB
       Class:  3.22 MB
        Both:  4.07 MB

MaxMetaspaceSize: unlimited
CompressedClassSpaceSize: 1.00 GB
Initial GC threshold: 21.00 MB
Current GC threshold: 21.00 MB
CDS: on
MetaspaceReclaimPolicy: balanced
 - commit_granule_bytes: 65536.
 - commit_granule_words: 8192.
 - virtual_space_node_default_size: 1048576.
 - enlarge_chunks_in_place: 1.
 - new_chunks_are_fully_committed: 0.
 - uncommit_free_chunks: 1.
 - use_allocation_guard: 0.
 - handle_deallocations: 1.


Internal statistics:

num_allocs_failed_limit: 0.
num_arena_births: 128.
num_arena_deaths: 0.
num_vsnodes_births: 2.
num_vsnodes_deaths: 0.
num_space_committed: 117.
num_space_uncommitted: 0.
num_chunks_returned_to_freelist: 0.
num_chunks_taken_from_freelist: 179.
num_chunk_merges: 0.
num_chunk_splits: 107.
num_chunks_enlarged: 52.
num_purges: 0.
num_inconsistent_stats: 0.

CodeHeap 'non-profiled nmethods': size=119168Kb used=474Kb max_used=474Kb free=118693Kb
 bounds [0x0000026b07ba0000, 0x0000026b07e10000, 0x0000026b0f000000]
CodeHeap 'profiled nmethods': size=119104Kb used=2384Kb max_used=2384Kb free=116719Kb
 bounds [0x0000026b00750000, 0x0000026b009c0000, 0x0000026b07ba0000]
CodeHeap 'non-nmethods': size=7488Kb used=2384Kb max_used=2413Kb free=5103Kb
 bounds [0x0000026b00000000, 0x0000026b00270000, 0x0000026b00750000]
 total_blobs=1970 nmethods=1390 adapters=491
 compilation: enabled
              stopped_count=0, restarted_count=0
 full_count=0

Compilation events (20 events):
Event: 2.137 Thread 0x0000026b10501a00 nmethod 1374 0x0000026b009a1010 code [0x0000026b009a1220, 0x0000026b009a1a78]
Event: 2.137 Thread 0x0000026b1051df80 nmethod 1375 0x0000026b009a1d10 code [0x0000026b009a1ec0, 0x0000026b009a2258]
Event: 2.145 Thread 0x0000026b10777160 1376 %     4       summit.gfx.Renderer::rotate @ 21 (62 bytes)
Event: 2.149 Thread 0x0000026b10501a00 1377       3       summit.gfx.Renderer::toIntRGB (51 bytes)
Event: 2.149 Thread 0x0000026b0f956cb0 1378       3       summit.gfx.Renderer::fillRect (70 bytes)
Event: 2.149 Thread 0x0000026b10501a00 nmethod 1377 0x0000026b009a2490 code [0x0000026b009a2620, 0x0000026b009a2818]
Event: 2.149 Thread 0x0000026b0f956cb0 nmethod 1378 0x0000026b009a2890 code [0x0000026b009a2a60, 0x0000026b009a2f58]
Event: 2.150 Thread 0x0000026b1051df80 1379 %     3       summit.gfx.Renderer::filterFrame @ 10 (57 bytes)
Event: 2.150 Thread 0x0000026b1051df80 nmethod 1379% 0x0000026b009a3190 code [0x0000026b009a3360, 0x0000026b009a37c8]
Event: 2.150 Thread 0x0000026b1051df80 1380       3       summit.gfx.Renderer::filterFrame (57 bytes)
Event: 2.150 Thread 0x0000026b1051df80 nmethod 1380 0x0000026b009a3a90 code [0x0000026b009a3c60, 0x0000026b009a4028]
Event: 2.151 Thread 0x0000026b10777160 nmethod 1376% 0x0000026b07c10f10 code [0x0000026b07c110a0, 0x0000026b07c114d8]
Event: 2.156 Thread 0x0000026b10777160 1381       4       summit.gfx.Renderer::rotate (62 bytes)
Event: 2.163 Thread 0x0000026b10501a00 1382       1       summit.game.entity.Entity::inWater (5 bytes)
Event: 2.163 Thread 0x0000026b0f956cb0 1383       1       summit.game.GameUpdateEvent::getDeltaTime (5 bytes)
Event: 2.163 Thread 0x0000026b0f956cb0 nmethod 1383 0x0000026b07c11710 code [0x0000026b07c118a0, 0x0000026b07c11978]
Event: 2.163 Thread 0x0000026b10501a00 nmethod 1382 0x0000026b07c11a10 code [0x0000026b07c11ba0, 0x0000026b07c11c78]
Event: 2.165 Thread 0x0000026b10777160 nmethod 1381 0x0000026b07c11d10 code [0x0000026b07c11ea0, 0x0000026b07c12418]
Event: 2.169 Thread 0x0000026b10777160 1384 %     4       summit.gfx.Renderer::filterFrame @ 10 (57 bytes)
Event: 2.172 Thread 0x0000026b0f94e2f0 nmethod 1373 0x0000026b07c12710 code [0x0000026b07c12920, 0x0000026b07c141e8]

GC Heap History (2 events):
Event: 2.026 GC heap before
{Heap before GC invocations=0 (full 0):
 garbage-first heap   total 253952K, used 26624K [0x0000000709600000, 0x0000000800000000)
  region size 2048K, 11 young (22528K), 0 survivors (0K)
 Metaspace       used 7112K, committed 7360K, reserved 1056768K
  class space    used 726K, committed 832K, reserved 1048576K
}
Event: 2.029 GC heap after
{Heap after GC invocations=1 (full 0):
 garbage-first heap   total 253952K, used 6359K [0x0000000709600000, 0x0000000800000000)
  region size 2048K, 2 young (4096K), 2 survivors (4096K)
 Metaspace       used 7112K, committed 7360K, reserved 1056768K
  class space    used 726K, committed 832K, reserved 1048576K
}

Deoptimization events (20 events):
Event: 2.130 Thread 0x0000026b10e04380 DEOPT PACKING pc=0x0000026b0099c979 sp=0x00000073164ff240
Event: 2.130 Thread 0x0000026b10e04380 DEOPT UNPACKING pc=0x0000026b00052b43 sp=0x00000073164fe6e8 mode 0
Event: 2.131 Thread 0x0000026b10e04380 DEOPT PACKING pc=0x0000026b0099c979 sp=0x00000073164ff240
Event: 2.131 Thread 0x0000026b10e04380 DEOPT UNPACKING pc=0x0000026b00052b43 sp=0x00000073164fe6e8 mode 0
Event: 2.132 Thread 0x0000026b10e04380 DEOPT PACKING pc=0x0000026b0099c979 sp=0x00000073164ff240
Event: 2.132 Thread 0x0000026b10e04380 DEOPT UNPACKING pc=0x0000026b00052b43 sp=0x00000073164fe6e8 mode 0
Event: 2.132 Thread 0x0000026b10e04380 DEOPT PACKING pc=0x0000026b0099c979 sp=0x00000073164ff240
Event: 2.132 Thread 0x0000026b10e04380 DEOPT UNPACKING pc=0x0000026b00052b43 sp=0x00000073164fe6e8 mode 0
Event: 2.133 Thread 0x0000026b10e04380 DEOPT PACKING pc=0x0000026b0099c979 sp=0x00000073164ff240
Event: 2.133 Thread 0x0000026b10e04380 DEOPT UNPACKING pc=0x0000026b00052b43 sp=0x00000073164fe6e8 mode 0
Event: 2.134 Thread 0x0000026b10e04380 DEOPT PACKING pc=0x0000026b0099c979 sp=0x00000073164ff240
Event: 2.134 Thread 0x0000026b10e04380 DEOPT UNPACKING pc=0x0000026b00052b43 sp=0x00000073164fe6e8 mode 0
Event: 2.145 Thread 0x0000026b10dfbf50 Uncommon trap: trap_request=0xffffff45 fr.pc=0x0000026b07c0f564 relative=0x00000000000003c4
Event: 2.145 Thread 0x0000026b10dfbf50 Uncommon trap: reason=unstable_if action=reinterpret pc=0x0000026b07c0f564 method=summit.gfx.Renderer.inArrBounds(IIII)Z @ 15 c2
Event: 2.145 Thread 0x0000026b10dfbf50 DEOPT PACKING pc=0x0000026b07c0f564 sp=0x00000073156fefd0
Event: 2.145 Thread 0x0000026b10dfbf50 DEOPT UNPACKING pc=0x0000026b000523a3 sp=0x00000073156feed8 mode 2
Event: 2.156 Thread 0x0000026b10dfbf50 DEOPT PACKING pc=0x0000026b009a219d sp=0x00000073156fef20
Event: 2.156 Thread 0x0000026b10dfbf50 DEOPT UNPACKING pc=0x0000026b00052b43 sp=0x00000073156fe3b0 mode 0
Event: 2.161 Thread 0x0000026b10dfbf50 DEOPT PACKING pc=0x0000026b009a219d sp=0x00000073156fee90
Event: 2.161 Thread 0x0000026b10dfbf50 DEOPT UNPACKING pc=0x0000026b00052b43 sp=0x00000073156fe320 mode 0

Classes unloaded (0 events):
No events

Classes redefined (0 events):
No events

Internal exceptions (14 events):
Event: 0.054 Thread 0x0000026b1052eac0 Exception <a 'java/lang/ClassNotFoundException'{0x0000000718a2c1c8}: sun/awt/resources/spi/awtProvider> (0x0000000718a2c1c8) 
thrown [e:\jenkins\tmp\workspace\build\src\src\hotspot\share\classfile\systemDictionary.cpp, line 256]
Event: 0.074 Thread 0x0000026b1052eac0 Exception <a 'java/io/FileNotFoundException'{0x0000000718b666c8}> (0x0000000718b666c8) 
thrown [e:\jenkins\tmp\workspace\build\src\src\hotspot\share\prims\jni.cpp, line 516]
Event: 0.079 Thread 0x0000026b1052eac0 Exception <a 'java/io/FileNotFoundException'{0x0000000718b93620}> (0x0000000718b93620) 
thrown [e:\jenkins\tmp\workspace\build\src\src\hotspot\share\prims\jni.cpp, line 516]
Event: 0.093 Thread 0x0000026b1052eac0 Exception <a 'java/lang/NoSuchMethodError'{0x0000000718bc8fd0}: 'java.lang.Object java.lang.invoke.DirectMethodHandle$Holder.invokeStaticInit(java.lang.Object)'> (0x0000000718bc8fd0) 
thrown [e:\jenkins\tmp\workspace\build\src\src\hotspot\share\interpreter\linkResolver.cpp, line 766]
Event: 0.236 Thread 0x0000026b1052eac0 Exception <a 'java/lang/NoSuchMethodError'{0x0000000718762a58}: 'void java.lang.invoke.DirectMethodHandle$Holder.invokeSpecial(java.lang.Object, java.lang.Object, java.lang.Object)'> (0x0000000718762a58) 
thrown [e:\jenkins\tmp\workspace\build\src\src\hotspot\share\interpreter\linkResolver.cpp, line 766]
Event: 0.242 Thread 0x0000026b1052eac0 Exception <a 'java/lang/NoSuchMethodError'{0x000000071878ccf0}: 'java.lang.Object java.lang.invoke.DirectMethodHandle$Holder.newInvokeSpecial(java.lang.Object, java.lang.Object, java.lang.Object, java.lang.Object, java.lang.Object)'> (0x000000071878ccf0) 
thrown [e:\jenkins\tmp\workspace\build\src\src\hotspot\share\interpreter\linkResolver.cpp, line 766]
Event: 0.244 Thread 0x0000026b1052eac0 Exception <a 'java/lang/NoSuchMethodError'{0x00000007187986b8}: 'java.lang.Object java.lang.invoke.DirectMethodHandle$Holder.invokeStatic(java.lang.Object, int, java.lang.Object, java.lang.Object, java.lang.Object, java.lang.Object)'> (0x00000007187986b8) 
thrown [e:\jenkins\tmp\workspace\build\src\src\hotspot\share\interpreter\linkResolver.cpp, line 766]
Event: 0.247 Thread 0x0000026b1052eac0 Exception <a 'java/lang/NoSuchMethodError'{0x00000007187bddd8}: 'java.lang.Object java.lang.invoke.DirectMethodHandle$Holder.invokeStatic(java.lang.Object, int, java.lang.Object)'> (0x00000007187bddd8) 
thrown [e:\jenkins\tmp\workspace\build\src\src\hotspot\share\interpreter\linkResolver.cpp, line 766]
Event: 0.264 Thread 0x0000026b1052eac0 Exception <a 'java/lang/ClassNotFoundException'{0x0000000718476168}: com/sun/swing/internal/plaf/metal/resources/spi/metalProvider> (0x0000000718476168) 
thrown [e:\jenkins\tmp\workspace\build\src\src\hotspot\share\classfile\systemDictionary.cpp, line 256]
Event: 0.265 Thread 0x0000026b1052eac0 Exception <a 'java/lang/ClassNotFoundException'{0x000000071847a040}: com/sun/swing/internal/plaf/basic/resources/spi/basicProvider> (0x000000071847a040) 
thrown [e:\jenkins\tmp\workspace\build\src\src\hotspot\share\classfile\systemDictionary.cpp, line 256]
Event: 0.277 Thread 0x0000026b10738750 Exception <a 'java/lang/NoSuchMethodError'{0x0000000718680998}: 'void java.lang.invoke.DirectMethodHandle$Holder.invokeVirtual(java.lang.Object, java.lang.Object)'> (0x0000000718680998) 
thrown [e:\jenkins\tmp\workspace\build\src\src\hotspot\share\interpreter\linkResolver.cpp, line 766]
Event: 0.287 Thread 0x0000026b1052eac0 Exception <a 'java/lang/NoSuchMethodError'{0x00000007184b8050}: 'void java.lang.invoke.DirectMethodHandle$Holder.invokeStaticInit(java.lang.Object)'> (0x00000007184b8050) 
thrown [e:\jenkins\tmp\workspace\build\src\src\hotspot\share\interpreter\linkResolver.cpp, line 766]
Event: 2.095 Thread 0x0000026b10d9bb50 Implicit null exception at 0x0000026b07c002d6 to 0x0000026b07c003d4
Event: 2.103 Thread 0x0000026b10d9bb50 Implicit null exception at 0x0000026b07c01fd5 to 0x0000026b07c020f8

VM Operations (14 events):
Event: 0.040 Executing VM operation: HandshakeAllThreads
Event: 0.040 Executing VM operation: HandshakeAllThreads done
Event: 0.264 Executing VM operation: HandshakeAllThreads
Event: 0.264 Executing VM operation: HandshakeAllThreads done
Event: 0.303 Executing VM operation: HandshakeAllThreads
Event: 0.303 Executing VM operation: HandshakeAllThreads done
Event: 0.328 Executing VM operation: HandshakeAllThreads
Event: 0.328 Executing VM operation: HandshakeAllThreads done
Event: 1.338 Executing VM operation: Cleanup
Event: 1.338 Executing VM operation: Cleanup done
Event: 2.026 Executing VM operation: G1CollectForAllocation
Event: 2.029 Executing VM operation: G1CollectForAllocation done
Event: 2.081 Executing VM operation: HandshakeAllThreads
Event: 2.081 Executing VM operation: HandshakeAllThreads done

Events (20 events):
Event: 0.353 loading class java/text/AttributedString$AttributedStringIterator
Event: 0.353 loading class java/text/AttributedCharacterIterator
Event: 0.353 loading class java/text/CharacterIterator
Event: 0.353 loading class java/text/CharacterIterator done
Event: 0.353 loading class java/text/AttributedCharacterIterator done
Event: 0.353 loading class java/text/AttributedString$AttributedStringIterator done
Event: 0.361 loading class sun/awt/image/BufImgSurfaceManager
Event: 0.361 loading class sun/awt/image/BufImgSurfaceManager done
Event: 0.361 loading class sun/awt/image/BufImgSurfaceData
Event: 0.361 loading class sun/awt/image/BufImgSurfaceData done
Event: 0.361 loading class sun/awt/image/BufImgSurfaceData$ICMColorData
Event: 0.361 loading class sun/awt/image/BufImgSurfaceData$ICMColorData done
Event: 0.889 Thread 0x0000026b10721240 Thread exited: 0x0000026b10721240
Event: 2.079 loading class java/lang/Math$RandomNumberGeneratorHolder
Event: 2.079 loading class java/lang/Math$RandomNumberGeneratorHolder done
Event: 2.093 Thread 0x0000026b10e103d0 Thread added: 0x0000026b10e103d0
Event: 2.093 Thread 0x0000026b10e108e0 Thread added: 0x0000026b10e108e0
Event: 2.093 Thread 0x0000026b10777160 Thread added: 0x0000026b10777160
Event: 2.093 Thread 0x0000026b10fc9d10 Thread added: 0x0000026b10fc9d10
Event: 2.105 Thread 0x0000026b10e04380 Thread added: 0x0000026b10e04380


Dynamic libraries:
0x00007ff7039e0000 - 0x00007ff7039ee000 	C:\Users\aadiu\AppData\Local\Programs\Eclipse Adoptium\jdk-17.0.2.8-hotspot\bin\java.exe
0x00007ffb36970000 - 0x00007ffb36b68000 	C:\Windows\SYSTEM32\ntdll.dll
0x00007ffb352a0000 - 0x00007ffb3535f000 	C:\Windows\System32\KERNEL32.DLL
0x00007ffb34310000 - 0x00007ffb345e2000 	C:\Windows\System32\KERNELBASE.dll
0x00007ffb34110000 - 0x00007ffb34210000 	C:\Windows\System32\ucrtbase.dll
0x00007ffb1e010000 - 0x00007ffb1e028000 	C:\Users\aadiu\AppData\Local\Programs\Eclipse Adoptium\jdk-17.0.2.8-hotspot\bin\jli.dll
0x00007ffb1dff0000 - 0x00007ffb1e009000 	C:\Users\aadiu\AppData\Local\Programs\Eclipse Adoptium\jdk-17.0.2.8-hotspot\bin\VCRUNTIME140.dll
0x00007ffb35530000 - 0x00007ffb356cd000 	C:\Windows\System32\USER32.dll
0x00007ffb20b10000 - 0x00007ffb20daa000 	C:\Windows\WinSxS\amd64_microsoft.windows.common-controls_6595b64144ccf1df_6.0.19041.1110_none_60b5254171f9507e\COMCTL32.dll
0x00007ffb34720000 - 0x00007ffb34742000 	C:\Windows\System32\win32u.dll
0x00007ffb35fa0000 - 0x00007ffb35fcb000 	C:\Windows\System32\GDI32.dll
0x00007ffb35f00000 - 0x00007ffb35f9e000 	C:\Windows\System32\msvcrt.dll
0x00007ffb34750000 - 0x00007ffb3485f000 	C:\Windows\System32\gdi32full.dll
0x00007ffb345f0000 - 0x00007ffb3468d000 	C:\Windows\System32\msvcp_win.dll
0x00007ffb356f0000 - 0x00007ffb35722000 	C:\Windows\System32\IMM32.DLL
0x00007ffb2a2a0000 - 0x00007ffb2a2ac000 	C:\Users\aadiu\AppData\Local\Programs\Eclipse Adoptium\jdk-17.0.2.8-hotspot\bin\vcruntime140_1.dll
0x00007ffb0bbf0000 - 0x00007ffb0bc81000 	C:\Users\aadiu\AppData\Local\Programs\Eclipse Adoptium\jdk-17.0.2.8-hotspot\bin\msvcp140.dll
0x00007ffabf480000 - 0x00007ffac00c7000 	C:\Users\aadiu\AppData\Local\Programs\Eclipse Adoptium\jdk-17.0.2.8-hotspot\bin\server\jvm.dll
0x00007ffb34ec0000 - 0x00007ffb34f6e000 	C:\Windows\System32\ADVAPI32.dll
0x00007ffb35e60000 - 0x00007ffb35efc000 	C:\Windows\System32\sechost.dll
0x00007ffb35ba0000 - 0x00007ffb35cc5000 	C:\Windows\System32\RPCRT4.dll
0x00007ffb34eb0000 - 0x00007ffb34eb8000 	C:\Windows\System32\PSAPI.DLL
0x00007ffb1d990000 - 0x00007ffb1d999000 	C:\Windows\SYSTEM32\WSOCK32.dll
0x00007ffb2d720000 - 0x00007ffb2d72a000 	C:\Windows\SYSTEM32\VERSION.dll
0x00007ffb31d40000 - 0x00007ffb31d67000 	C:\Windows\SYSTEM32\WINMM.dll
0x00007ffb35160000 - 0x00007ffb351cb000 	C:\Windows\System32\WS2_32.dll
0x00007ffb31fa0000 - 0x00007ffb31fb2000 	C:\Windows\SYSTEM32\kernel.appcore.dll
0x00007ffb25f70000 - 0x00007ffb25f7a000 	C:\Users\aadiu\AppData\Local\Programs\Eclipse Adoptium\jdk-17.0.2.8-hotspot\bin\jimage.dll
0x00007ffb31b50000 - 0x00007ffb31d34000 	C:\Windows\SYSTEM32\DBGHELP.DLL
0x00007ffb31b20000 - 0x00007ffb31b4c000 	C:\Windows\SYSTEM32\dbgcore.DLL
0x00007ffb34690000 - 0x00007ffb34712000 	C:\Windows\System32\bcryptPrimitives.dll
0x00007ffb1dfc0000 - 0x00007ffb1dfe5000 	C:\Users\aadiu\AppData\Local\Programs\Eclipse Adoptium\jdk-17.0.2.8-hotspot\bin\java.dll
0x00007ffb0b470000 - 0x00007ffb0b546000 	C:\Users\aadiu\AppData\Local\Programs\Eclipse Adoptium\jdk-17.0.2.8-hotspot\bin\jsvml.dll
0x00007ffb35fd0000 - 0x00007ffb36713000 	C:\Windows\System32\SHELL32.dll
0x00007ffb32130000 - 0x00007ffb328c2000 	C:\Windows\SYSTEM32\windows.storage.dll
0x00007ffb34ad0000 - 0x00007ffb34e24000 	C:\Windows\System32\combase.dll
0x00007ffb33a60000 - 0x00007ffb33a90000 	C:\Windows\SYSTEM32\Wldp.dll
0x00007ffb349c0000 - 0x00007ffb34a6d000 	C:\Windows\System32\SHCORE.dll
0x00007ffb35020000 - 0x00007ffb35075000 	C:\Windows\System32\shlwapi.dll
0x00007ffb33fb0000 - 0x00007ffb33fcf000 	C:\Windows\SYSTEM32\profapi.dll
0x00007ffaf5980000 - 0x00007ffaf5b0e000 	C:\Users\aadiu\AppData\Local\Programs\Eclipse Adoptium\jdk-17.0.2.8-hotspot\bin\awt.dll
0x00007ffb351d0000 - 0x00007ffb3529d000 	C:\Windows\System32\OLEAUT32.dll
0x00007ffb31300000 - 0x00007ffb31391000 	C:\Windows\SYSTEM32\apphelp.dll
0x00007ffb1dfa0000 - 0x00007ffb1dfb8000 	C:\Users\aadiu\AppData\Local\Programs\Eclipse Adoptium\jdk-17.0.2.8-hotspot\bin\zip.dll
0x00007ffb31410000 - 0x00007ffb314ae000 	C:\Windows\system32\uxtheme.dll
0x00007ffb353f0000 - 0x00007ffb35505000 	C:\Windows\System32\MSCTF.dll
0x00007ffb35cd0000 - 0x00007ffb35dfa000 	C:\Windows\System32\ole32.dll
0x00007ffb31590000 - 0x00007ffb315bf000 	C:\Windows\system32\DWMAPI.DLL
0x00007ffadadb0000 - 0x00007ffadaed5000 	C:\Windows\system32\opengl32.dll
0x00007ffada100000 - 0x00007ffada12c000 	C:\Windows\SYSTEM32\GLU32.dll
0x00007ffb269b0000 - 0x00007ffb26b7f000 	C:\Windows\system32\d3d9.dll
0x00007ffb28d70000 - 0x00007ffb28f28000 	C:\Windows\System32\DriverStore\FileRepository\u0370468.inf_amd64_5e4260b11257b6e9\B370372\aticfx64.dll
0x00007ffb1cbe0000 - 0x00007ffb1cc14000 	C:\Windows\System32\DriverStore\FileRepository\u0370468.inf_amd64_5e4260b11257b6e9\B370372\atiu9p64.dll
0x00007ffabe720000 - 0x00007ffabf474000 	C:\Windows\System32\DriverStore\FileRepository\u0370468.inf_amd64_5e4260b11257b6e9\B370372\atiumd64.dll
0x000000006c4b0000 - 0x000000006d324000 	C:\Windows\System32\DriverStore\FileRepository\u0370468.inf_amd64_5e4260b11257b6e9\B370372\atiumd6a.dll
0x00007ffb35730000 - 0x00007ffb35b98000 	C:\Windows\System32\SETUPAPI.dll
0x00007ffb34210000 - 0x00007ffb3425e000 	C:\Windows\System32\cfgmgr32.dll
0x00007ffb33e30000 - 0x00007ffb33e7b000 	C:\Windows\SYSTEM32\POWRPROF.dll
0x00007ffb34070000 - 0x00007ffb34097000 	C:\Windows\System32\bcrypt.dll
0x00007ffb33e10000 - 0x00007ffb33e22000 	C:\Windows\SYSTEM32\UMPDC.dll
0x00007ffb29180000 - 0x00007ffb291b0000 	C:\Windows\SYSTEM32\amdihk64.dll
0x00007ffb29960000 - 0x00007ffb2999b000 	C:\Windows\SYSTEM32\dxcore.dll
0x00007ffb0d970000 - 0x00007ffb0d9f9000 	C:\Users\aadiu\AppData\Local\Programs\Eclipse Adoptium\jdk-17.0.2.8-hotspot\bin\freetype.dll
0x00007ffb0bb40000 - 0x00007ffb0bbe8000 	C:\Users\aadiu\AppData\Local\Programs\Eclipse Adoptium\jdk-17.0.2.8-hotspot\bin\fontmanager.dll
0x00007ffb28f30000 - 0x00007ffb29029000 	C:\Windows\SYSTEM32\textinputframework.dll
0x00007ffb30e70000 - 0x00007ffb311ce000 	C:\Windows\System32\CoreUIComponents.dll
0x00007ffb309d0000 - 0x00007ffb30ac2000 	C:\Windows\System32\CoreMessaging.dll
0x00007ffb33190000 - 0x00007ffb331c3000 	C:\Windows\SYSTEM32\ntmarta.dll
0x00007ffb30200000 - 0x00007ffb30354000 	C:\Windows\SYSTEM32\wintypes.dll

dbghelp: loaded successfully - version: 4.0.5 - missing functions: none
symbol engine: initialized successfully - sym options: 0x614 - pdb path: .;C:\Users\aadiu\AppData\Local\Programs\Eclipse Adoptium\jdk-17.0.2.8-hotspot\bin;C:\Windows\SYSTEM32;C:\Windows\WinSxS\amd64_microsoft.windows.common-controls_6595b64144ccf1df_6.0.19041.1110_none_60b5254171f9507e;C:\Users\aadiu\AppData\Local\Programs\Eclipse Adoptium\jdk-17.0.2.8-hotspot\bin\server;C:\Windows\System32\DriverStore\FileRepository\u0370468.inf_amd64_5e4260b11257b6e9\B370372

VM Arguments:
jvm_args: -XX:+ShowCodeDetailsInExceptionMessages 
java_command: summit.Main
java_class_path (initial): C:\Users\aadiu\AppData\Roaming\Code\User\workspaceStorage\929b6f7fce9865a60d0bbe8b6a275a21\redhat.java\jdt_ws\Summit Game_948de7c9\bin
Launcher Type: SUN_STANDARD

[Global flags]
     intx CICompilerCount                          = 12                                        {product} {ergonomic}
     uint ConcGCThreads                            = 3                                         {product} {ergonomic}
     uint G1ConcRefinementThreads                  = 13                                        {product} {ergonomic}
   size_t G1HeapRegionSize                         = 2097152                                   {product} {ergonomic}
    uintx GCDrainStackTargetSize                   = 64                                        {product} {ergonomic}
   size_t InitialHeapSize                          = 260046848                                 {product} {ergonomic}
   size_t MarkStackSize                            = 4194304                                   {product} {ergonomic}
   size_t MaxHeapSize                              = 4137680896                                {product} {ergonomic}
   size_t MaxNewSize                               = 2480930816                                {product} {ergonomic}
   size_t MinHeapDeltaBytes                        = 2097152                                   {product} {ergonomic}
   size_t MinHeapSize                              = 8388608                                   {product} {ergonomic}
    uintx NonNMethodCodeHeapSize                   = 7602480                                {pd product} {ergonomic}
    uintx NonProfiledCodeHeapSize                  = 122027880                              {pd product} {ergonomic}
    uintx ProfiledCodeHeapSize                     = 122027880                              {pd product} {ergonomic}
    uintx ReservedCodeCacheSize                    = 251658240                              {pd product} {ergonomic}
     bool SegmentedCodeCache                       = true                                      {product} {ergonomic}
     bool ShowCodeDetailsInExceptionMessages       = true                                   {manageable} {command line}
   size_t SoftMaxHeapSize                          = 4137680896                             {manageable} {ergonomic}
     bool UseCompressedClassPointers               = true                           {product lp64_product} {ergonomic}
     bool UseCompressedOops                        = true                           {product lp64_product} {ergonomic}
     bool UseG1GC                                  = true                                      {product} {ergonomic}
     bool UseLargePagesIndividualAllocation        = false                                  {pd product} {ergonomic}

Logging:
Log output configuration:
 #0: stdout all=warning uptime,level,tags
 #1: stderr all=off uptime,level,tags

Environment Variables:
JAVA_HOME=C:\Users\aadiu\AppData\Local\Programs\Eclipse Adoptium\jdk-17.0.2.8-hotspot\
PATH=C:\Program Files (x86)\Razer Chroma SDK\bin;C:\Program Files\Razer Chroma SDK\bin;C:\Program Files (x86)\Razer\ChromaBroadcast\bin;C:\Program Files\Razer\ChromaBroadcast\bin;C:\Program Files (x86)\Common Files\Oracle\Java\javapath;C:\Program Files\Python38\Scripts\;C:\Program Files\Python38\;C:\Windows\system32;C:\Windows;C:\Windows\System32\Wbem;C:\Windows\System32\WindowsPowerShell\v1.0\;C:\Windows\System32\OpenSSH\;C:\Program Files (x86)\NVIDIA Corporation\PhysX\Common;C:\Program Files\NVIDIA Corporation\NVIDIA NvDLISR;C:\Users\aadiu\AppData\Local\Microsoft\WindowsApps;C:\Users\aadiu\AppData\Local\Programs\Microsoft VS Code\bin;C:\Windows\system32\config\systemprofile\AppData\Local\Microsoft\WindowsApps;C:\Program Files\dotnet\;C:\Program Files\Git\cmd;C:\MinGW\bin\;C:\Program Files (x86)\Windows Kits\10\Windows Performance Toolkit\;C:\Users\aadiu\AppData\Local\Programs\Eclipse Adoptium\jdk-17.0.2.8-hotspot\bin;C:\Users\aadiu\AppData\Local\Microsoft\WindowsApps;C:\Users\aadiu\AppData\Local\Programs\Microsoft VS Code\bin;C:\Users\aadiu\AppData\Local\GitHubDesktop\bin
USERNAME=aadiu
LANG=en_US.UTF-8
OS=Windows_NT
PROCESSOR_IDENTIFIER=AMD64 Family 25 Model 80 Stepping 0, AuthenticAMD



---------------  S Y S T E M  ---------------

OS:
 Windows 10 , 64 bit Build 19041 (10.0.19041.2251)
OS uptime: 1 days 9:07 hours

CPU: total 16 (initial active 16) (16 cores per cpu, 2 threads per core) family 25 model 80 stepping 0 microcode 0x0, cx8, cmov, fxsr, ht, mmx, 3dnowpref, sse, sse2, sse3, ssse3, sse4a, sse4.1, sse4.2, popcnt, lzcnt, tsc, tscinvbit, avx, avx2, aes, erms, clmul, bmi1, bmi2, adx, sha, fma, vzeroupper, clflush, clflushopt

Memory: 4k page, system-wide physical 15776M (7189M free)
TotalPageFile size 20128M (AvailPageFile size 6633M)
current process WorkingSet (physical memory assigned to process): 119M, peak: 120M
current process commit charge ("private bytes"): 430M, peak: 431M

vm_info: OpenJDK 64-Bit Server VM (17.0.2+8) for windows-amd64 JRE (17.0.2+8), built on Jan 20 2022 04:52:34 by "" with MS VC++ 16.7 (VS2019)

END.
