#
# A fatal error has been detected by the Java Runtime Environment:
#
#  EXCEPTION_ACCESS_VIOLATION (0xc0000005) at pc=0x000002b22c1a8465, pid=23428, tid=15604
#
# JRE version: OpenJDK Runtime Environment Temurin-17.0.4.1+1 (17.0.4.1+1) (build 17.0.4.1+1)
# Java VM: OpenJDK 64-Bit Server VM Temurin-17.0.4.1+1 (17.0.4.1+1, mixed mode, sharing, tiered, compressed oops, compressed class ptrs, g1 gc, windows-amd64)
# Problematic frame:
# J 1254 c2 summit.gfx.Renderer.render(Ljava/lang/String;FFILsummit/gfx/ColorFilter;)V (282 bytes) @ 0x000002b22c1a8465 [0x000002b22c1a7820+0x0000000000000c45]
#
# No core dump will be written. Minidumps are not enabled by default on client versions of Windows
#
# If you would like to submit a bug report, please visit:
#   https://github.com/adoptium/adoptium-support/issues
#

---------------  S U M M A R Y ------------

Command Line: -XX:+ShowCodeDetailsInExceptionMessages summit.Main

Host: AMD Ryzen 9 5900HS with Radeon Graphics        , 16 cores, 15G,  Windows 10 , 64 bit Build 19041 (10.0.19041.2251)
Time: Tue Nov 15 18:17:22 2022 Central Standard Time elapsed time: 1.869583 seconds (0d 0h 0m 1s)

---------------  T H R E A D  ---------------

Current thread (0x000002b2415588b0):  JavaThread "Thread-2" [_thread_in_Java, id=15604, stack(0x000000d8e0000000,0x000000d8e0100000)]

Stack: [0x000000d8e0000000,0x000000d8e0100000],  sp=0x000000d8e00ff280,  free space=1020k
Native frames: (J=compiled Java code, j=interpreted, Vv=VM code, C=native code)
C  0x000002b22c1a8465


siginfo: EXCEPTION_ACCESS_VIOLATION (0xc0000005), reading address 0x0000000b1761f7b0


Register to memory mapping:

RIP=0x000002b22c1a8465 is at entry_point+3141 in (nmethod*)0x000002b22c1a7610
RAX=0x0 is NULL
RBX=0x00000007183ab5e8 is an oop: [[I 
{0x00000007183ab5e8} - klass: {type array int}[]
 - length: 16
RCX=0x00000000fffffffc is an unknown value
RDX=0x0 is NULL
RSP=0x000000d8e00ff280 is pointing into the stack for thread: 0x000002b2415588b0
RBP=0x0000000000000090 is an unknown value
RSI=0x00000000000000dd is an unknown value
RDI=3807133430 is a compressed pointer to object: [[I 
{0x000000071761f7b0} - klass: {type array int}[]
 - length: 144
R8 =0x00000000fffffffc is an unknown value
R9 =0x000000071761f7a0 is an oop: summit.gfx.Renderer 
{0x000000071761f7a0} - klass: 'summit/gfx/Renderer'
 - ---- fields (total size 2 words):
 - private 'frame' '[[I' @12  a {type array int}[144] {0x000000071761f7b0} (e2ec3ef6)
R10=0x000000071761f7b0 is an oop: [[I 
{0x000000071761f7b0} - klass: {type array int}[]
 - length: 144
R11=0x0000000000000010 is an unknown value
R12=0x0 is NULL
R13=0x0000000000000006 is an unknown value
R14=0x0000000000000010 is an unknown value
R15=0x000002b2415588b0 is a thread


Registers:
RAX=0x0000000000000000, RBX=0x00000007183ab5e8, RCX=0x00000000fffffffc, RDX=0x0000000000000000
RSP=0x000000d8e00ff280, RBP=0x0000000000000090, RSI=0x00000000000000dd, RDI=0x00000000e2ec3ef6
R8 =0x00000000fffffffc, R9 =0x000000071761f7a0, R10=0x000000071761f7b0, R11=0x0000000000000010
R12=0x0000000000000000, R13=0x0000000000000006, R14=0x0000000000000010, R15=0x000002b2415588b0
RIP=0x000002b22c1a8465, EFLAGS=0x0000000000010287

Top of Stack: (sp=0x000000d8e00ff280)
0x000000d8e00ff280:   000001000000000c 00000000000000ec
0x000000d8e00ff290:   fffffffc000000dc 0000000000000000
0x000000d8e00ff2a0:   00000007177dae18 fffffffc000000dc
0x000000d8e00ff2b0:   0000000700000009 000000000000000f
0x000000d8e00ff2c0:   0000000000000002 000002b24250a5c0
0x000000d8e00ff2d0:   000000004363d690 000000071761fc20
0x000000d8e00ff2e0:   000000d8e00ff588 000002b224eaa214
0x000000d8e00ff2f0:   000000d8e00ff390 00007ffabacd4ac8
0x000000d8e00ff300:   000002b2415588b0 0000000718a8f138
0x000000d8e00ff310:   000000071833ddf0 00007ffa000000a0
0x000000d8e00ff320:   0000000718a80778 000000071761f7a0
0x000000d8e00ff330:   000000071761fc20 0000000700000001
0x000000d8e00ff340:   0000000000000000 000000071838da58
0x000000d8e00ff350:   000000d8e00ff588 000002b224eabaec
0x000000d8e00ff360:   000000071838da58 0000000000000000
0x000000d8e00ff370:   0000000700000000 0000000000000000 

Instructions: (pc=0x000002b22c1a8465)
0x000002b22c1a8365:   01 00 00 0f 1f 84 00 00 00 00 00 44 2b 4c 24 10
0x000002b22c1a8375:   45 8b d1 41 ff c2 45 8b c8 45 3b d3 0f 83 15 09
0x000002b22c1a8385:   00 00 45 8b 44 fc 10 47 8b 44 c4 0c 45 3b c8 0f
0x000002b22c1a8395:   83 73 01 00 00 c4 c1 f9 7e d0 45 8b 44 80 10 43
0x000002b22c1a83a5:   8b 54 c4 0c 49 c1 e0 03 44 3b d2 0f 83 0e 09 00
0x000002b22c1a83b5:   00 47 8b 54 90 10 41 83 fa ff 0f 84 3e 01 00 00
0x000002b22c1a83c5:   45 8b 44 dc 0c 45 3b c8 0f 83 0d 09 00 00 47 89
0x000002b22c1a83d5:   54 8d 10 33 d2 c4 c1 f9 7e d2 45 8b 42 10 47 8b
0x000002b22c1a83e5:   54 c4 0c 44 03 54 24 10 4d 8b b7 48 03 00 00 45
0x000002b22c1a83f5:   8b c1 41 ff c0 41 85 06 45 3b c2 0f 8c 6a ff ff
0x000002b22c1a8405:   ff 4d 8b 97 48 03 00 00 ff c1 41 85 02 3b 0c 24
0x000002b22c1a8415:   0f 8d 68 01 00 00 c4 c1 f9 7e c1 c4 e1 f9 7e c8
0x000002b22c1a8425:   c5 f9 7e da c4 e1 f9 7e d3 44 8b 54 24 10 44 8b
0x000002b22c1a8435:   44 24 14 44 3b 54 24 08 0f 8d 56 01 00 00 44 89
0x000002b22c1a8445:   44 24 14 44 89 54 24 10 c4 e1 f9 6e d3 c5 f9 6e
0x000002b22c1a8455:   da c4 e1 f9 6e c8 c4 c1 f9 6e c1 c4 c1 f9 7e e2
0x000002b22c1a8465:   41 8b 5c 8a 10 8b c1 41 2b c0 3b cd 0f 83 e7 fe
0x000002b22c1a8475:   ff ff 44 8b 54 24 10 44 3b 54 24 04 0f 83 d7 fe
0x000002b22c1a8485:   ff ff c4 c1 f9 7e d2 45 8b 54 82 10 47 8b 4c d4
0x000002b22c1a8495:   0c 45 85 c9 0f 86 81 09 00 00 47 8b 54 d4 10 41
0x000002b22c1a84a5:   83 fa ff 0f 84 10 01 00 00 45 8b 44 dc 0c 44 8b
0x000002b22c1a84b5:   4c 24 10 45 3b c8 0f 83 24 08 00 00 4d 8d 0c dc
0x000002b22c1a84c5:   44 8b 44 24 10 47 89 54 81 10 33 d2 c4 c1 f9 7e
0x000002b22c1a84d5:   d2 45 8b 42 10 47 8b 54 c4 0c 44 03 54 24 10 41
0x000002b22c1a84e5:   3b f2 0f 8d 19 ff ff ff 3b cd 73 26 4d 8d 2c dc
0x000002b22c1a84f5:   44 8b ce 41 ba 01 00 00 00 e9 7b fe ff ff c4 e1
0x000002b22c1a8505:   f9 7e ca e9 cd fe ff ff c4 e1 f9 7e ca e9 c3 fe
0x000002b22c1a8515:   ff ff 44 8b ce 41 ba 01 00 00 00 eb 1c 0f 1f 80
0x000002b22c1a8525:   00 00 00 00 0f 1f 80 00 00 00 00 44 2b 4c 24 10
0x000002b22c1a8535:   45 8b d1 41 ff c2 44 8b cb 45 3b d3 0f 83 55 07
0x000002b22c1a8545:   00 00 45 3b 64 fc 10 0f 84 be 08 00 00 c4 c1 f9
0x000002b22c1a8555:   7e d2 45 8b 42 10 47 8b 54 c4 0c 44 03 54 24 10 


Stack slot to memory mapping:
stack at sp + 0 slots: 0x000001000000000c is an unknown value
stack at sp + 1 slots: 0x00000000000000ec is an unknown value
stack at sp + 2 slots: 0xfffffffc000000dc is an unknown value
stack at sp + 3 slots: 0x0 is NULL
stack at sp + 4 slots: 0x00000007177dae18 is an oop: [[I 
{0x00000007177dae18} - klass: {type array int}[]
 - length: 16
stack at sp + 5 slots: 0xfffffffc000000dc is an unknown value
stack at sp + 6 slots: 0x0000000700000009 is an unknown value
stack at sp + 7 slots: 0x000000000000000f is an unknown value

--------------------------------------------------------------------------------
[Constant Pool (empty)]

--------------------------------------------------------------------------------

[MachCode]
  0x000002b22c1a7820: 448b 5208 | 49bb 0000 | 0000 0800 | 0000 4d03 | d349 3bc2 | 0f85 4652 | 43f8 6690 | 0f1f 4000 
  0x000002b22c1a7840: 8984 2400 | 90ff ff55 | 4883 ec60 | c4c1 f96e | d848 897c | 2418 c4c1 | 796e d148 | 8914 2449 
  0x000002b22c1a7860: bad8 ad60 | 1707 0000 | 0041 8b6a | 7045 8b5c | ec08 4181 | fbe0 ad0b | 000f 8514 | 1600 004d 
  0x000002b22c1a7880: 8d14 ec45 | 8b5a 2447 | 8b4c dc0c | 4585 c90f | 86a1 1600 | 004f 8d34 | dc4d 85c0 | 0f84 ed13 
  0x000002b22c1a78a0: 0000 458b | 400c 41ff | c945 85c0 | 7576 c4c1 | f97e da45 | 0fb6 5211 | 4585 d20f | 857f 1300 
  0x000002b22c1a78c0: 00c4 c1f9 | 7eda 450f | be52 1045 | 85d2 0f85 | 081a 0000 | c4c1 f97e | da41 8b6a | 1441 8b4c 
  0x000002b22c1a78e0: ec0c 85c9 | 0f86 7313 | 0000 448b | c141 ffc8 | 443b c10f | 8397 1700 | 0045 0fb6 | 5cec 108b 
  0x000002b22c1a7900: d983 c3fd | 418b fbc1 | e705 412b | fb4d 8d04 | ec83 fb01 | 0f8e aa17 | 0000 b801 | 0000 0045 
  0x000002b22c1a7920: 33db eb3b | 458b d041 | c1ea 1045 | 33d0 4523 | ca33 d2e9 | ed00 0000 | 450f b65c | 0010 4103 
  0x000002b22c1a7940: fbff c03b | c10f 8dbc | 0000 0044 | 8bdf 41c1 | e305 442b | df41 8bfb | ebde c4c1 | 797e e38b 
  0x000002b22c1a7960: d12b d083 | c2fd 3bd8 | 410f 4cd3 | 81fa a00f | 0000 41ba | a00f 0000 | 410f 47d2 | 03d0 c4c1 
  0x000002b22c1a7980: 796e e30f | 1f80 0000 | 0000 660f | 1f44 0000 | 4863 e845 | 0fb6 5428 | 1041 0fb6 | 7428 1345 
  0x000002b22c1a79a0: 0fb6 5c28 | 1145 0fb6 | 6c28 1241 | 03fa 8bef | c1e5 052b | ef41 03eb | 448b d541 | c1e2 0544 
  0x000002b22c1a79c0: 2bd5 4503 | d545 8bda | 41c1 e305 | 452b da44 | 03de 418b | fbc1 e705 | 412b fb83 | c004 3bc2 
  0x000002b22c1a79e0: 7cae 498b | 9748 0300 | 00c4 c1f9 | 7eda 8502 | 3bc3 0f8c | 62ff ffff | c5f9 7ee2 | 3bc1 0f8c 
  0x000002b22c1a7a00: 34ff ffff | 418b fb85 | ff0f 8450 | 1200 00c4 | c1f9 7eda | 4189 7a0c | 448b d741 | c1ea 1044 
  0x000002b22c1a7a20: 33d7 4523 | ca47 8b5c | 8e10 478b | 4cdc 0c45 | 3bca 0f84 | ac01 0000 | 438b 6cdc | 1885 ed0f 
  0x000002b22c1a7a40: 848b 1600 | 0047 8b4c | dc08 4181 | f9e0 b114 | 000f 849d | 1600 004d | 8d1c ec45 | 8b43 0c45 
  0x000002b22c1a7a60: 3bc2 0f85 | 6011 0000 | 458b 4b10 | 4d8b c149 | c1e0 03c4 | e1f9 7ed9 | 4c3b c10f | 84e7 0200 
  0x000002b22c1a7a80: 000f be59 | 1049 3bc8 | 0f84 da02 | 0000 478b | 44cc 0841 | 81f8 70e9 | 0000 0f85 | bc18 0000 
  0x000002b22c1a7aa0: 4f8d 04cc | 410f be68 | 103b dd0f | 856b 1800 | 0041 8b58 | 144c 8bc1 | 458b 4814 | 458b 44dc 
  0x000002b22c1a7ac0: 0c43 8b4c | cc0c 413b | c80f 85d8 | 0000 004d | 8d04 dc49 | 8d74 dc10 | 4f8d 04cc | 4b8d 7ccc 
  0x000002b22c1a7ae0: 1085 c90f | 84a5 0000 | 008b c183 | e01f 83e1 | e00f 844b | 0000 0048 | 8d3c 0f48 | 8d34 0e48 
  0x000002b22c1a7b00: f7d9 c5fe | 6f2c 0fc5 | fe6f 240e | c5d5 efec | c4e2 7d17 | ed0f 857a | 0000 0048 | 83c1 2075 
  0x000002b22c1a7b20: e185 c00f | 8465 0000 | 00c5 fe6f | 6c07 e0c5 | fe6f 6406 | e0c5 d5ef | ecc4 e27d | 17ed 7555 
  0x000002b22c1a7b40: eb4c 8bc8 | 83e1 fc74 | 1948 8d3c | 0f48 8d34 | 0e48 f7d9 | 8b1c 0f3b | 1c0e 7539 | 4883 c104 
  0x000002b22c1a7b60: 75f2 f7c0 | 0200 0000 | 7412 0fb7 | 1f0f b70e | 3bd9 7521 | 488d 7f02 | 488d 7602 | f7c0 0100 
  0x000002b22c1a7b80: 0000 740a | 0fb6 1f0f | b60e 3bd9 | 7507 b801 | 0000 00eb | 0233 c0c5 | d5ef edc5 | ddef e485 
  0x000002b22c1a7ba0: c00f 85c1 | 0100 00ba | 45ff ffff | 488b 2c24 | c5fa 1104 | 24c5 fa11 | 4c24 04c5 | fa11 5424 
  0x000002b22c1a7bc0: 084c 8b44 | 2418 4c89 | 4424 10c5 | fb11 5c24 | 184c 895c | 2420 4489 | 5424 0c90 | c5f8 77e8 
  0x000002b22c1a7be0: 1ca7 43f8 | 478b 44dc | 104d 8bc8 | 49c1 e103 | c4e1 f97e | d94c 3bc9 | 0f84 6601 | 0000 0fbe 
  0x000002b22c1a7c00: 4910 c4e1 | f97e db49 | 3bd9 0f84 | 5401 0000 | 478b 4cc4 | 0841 81f9 | 70e9 0000 | 0f85 9a17 
  0x000002b22c1a7c20: 0000 49c1 | e003 410f | be68 103b | cd0f 8571 | 1600 0045 | 8b48 144c | 8bc3 418b | 5814 478b 
  0x000002b22c1a7c40: 44cc 0c41 | 8b4c dc0c | 413b c80f | 85d4 0000 | 004f 8d04 | cc4b 8d74 | cc10 4d8d | 04dc 498d 
  0x000002b22c1a7c60: 7cdc 1085 | c90f 84a5 | 0000 008b | c183 e01f | 83e1 e00f | 844b 0000 | 0048 8d3c | 0f48 8d34 
  0x000002b22c1a7c80: 0e48 f7d9 | c5fe 6f24 | 0fc5 fe6f | 2c0e c5dd | efe5 c4e2 | 7d17 e40f | 857a 0000 | 0048 83c1 
  0x000002b22c1a7ca0: 2075 e185 | c00f 8465 | 0000 00c5 | fe6f 6407 | e0c5 fe6f | 6c06 e0c5 | ddef e5c4 | e27d 17e4 
  0x000002b22c1a7cc0: 7555 eb4c | 8bc8 83e1 | fc74 1948 | 8d3c 0f48 | 8d34 0e48 | f7d9 8b1c | 0f3b 1c0e | 7539 4883 
  0x000002b22c1a7ce0: c104 75f2 | f7c0 0200 | 0000 7412 | 0fb7 1f0f | b70e 3bd9 | 7521 488d | 7f02 488d | 7602 f7c0 
  0x000002b22c1a7d00: 0100 0000 | 740a 0fb6 | 1f0f b60e | 3bd9 7507 | b801 0000 | 00eb 0233 | c0c5 ddef | e4c5 d5ef 
  0x000002b22c1a7d20: ed85 c075 | 3fba 45ff | ffff 488b | 2c24 c5fa | 1104 24c5 | fa11 4c24 | 04c5 fa11 | 5424 084c 
  0x000002b22c1a7d40: 8b44 2418 | 4c89 4424 | 10c5 fb11 | 5c24 1844 | 895c 240c | 4489 5424 | 2066 6690 | c5f8 77e8 
  0x000002b22c1a7d60: 9ca5 43f8 | 49c1 e303 | 418b 6b14 | 458b 5cec | 0841 81fb | 086d 0000 | 0f85 1e16 | 0000 498d 
  0x000002b22c1a7d80: 1cec 8b7b | 0c85 ff0f | 862b 1100 | 0044 8b5b | 1047 8b5c | dc0c 41d1 | fbc4 c179 | 6ee3 c5f8 
  0x000002b22c1a7da0: 5be4 c5fa | 5cc4 c4c1 | 797e c045 | 8bd0 41c1 | ea17 450f | b6d2 b995 | 0000 0041 | 2bca f7c1 
  0x000002b22c1a7dc0: e0ff ffff | 0f85 ba0d | 0000 458b | d041 81e2 | ffff 7f00 | 4181 ca00 | 0080 0045 | 85c0 0f8c 
  0x000002b22c1a7de0: 690e 0000 | 41d3 fa41 | ffc2 41d1 | fa44 8bdf | 41d1 fbc4 | c179 6ec3 | c5f8 5bc0 | c5f2 5cc8 
  0x000002b22c1a7e00: c4c1 797e | cb45 8bcb | 41c1 e917 | 450f b6c9 | b995 0000 | 0041 2bc9 | f7c1 e0ff | ffff 0f85 
  0x000002b22c1a7e20: 820d 0000 | 458b c341 | 81e0 ffff | 7f00 4181 | c800 0080 | 0045 85db | 0f8c 170e | 0000 41d3 
  0x000002b22c1a7e40: f841 ffc0 | 41d1 f8c4 | c179 7ed3 | 4585 db0f | 85d7 0000 | 0045 33db | eb16 8b54 | 240c 488b 
  0x000002b22c1a7e60: d844 8b54 | 2410 448b | 4424 1444 | 8b5c 2408 | 418b ebc1 | fd03 85ed | 0f85 ee10 | 0000 448b 
  0x000002b22c1a7e80: 5b0c 418b | c841 03cb | 443b c10f | 8df2 0600 | 004d 63cb | 4963 f841 | 8bc0 f7d8 | 4863 f048 
  0x000002b22c1a7ea0: 03fe 493b | f90f 8341 | 1000 0048 | 63f9 4803 | fe48 ffcf | 493b f90f | 8367 1000 | 004c 8b0c 
  0x000002b22c1a7ec0: 2441 8b79 | 0c41 8b6c | fc0c 85ed | 0f86 5d10 | 0000 418b | 44fc 1041 | 8b74 c40c | 488b 4424 
  0x000002b22c1a7ee0: 1848 85c0 | 0f85 0b10 | 0000 4585 | db0f 8602 | 1000 0044 | 8b5b 1047 | 8b5c dc0c | 4585 db0f 
  0x000002b22c1a7f00: 86f0 0f00 | 0089 7424 | 0489 0c24 | 418b cb41 | 03ca 894c | 2408 418b | f2ff c649 | 8d0c fcc4 
  0x000002b22c1a7f20: e1f9 6ee1 | 418b c8e9 | 0c05 0000 | 41f7 c304 | 0000 000f | 8461 0300 | 008b 4b10 | 458b 4ccc 
  0x000002b22c1a7f40: 0c44 8944 | 242c 4489 | 5424 2889 | 7c24 1448 | 895c 2420 | 8954 240c | 4489 5c24 | 0848 ba08 
  0x000002b22c1a7f60: 6d00 0008 | 0000 0044 | 8bc7 6690 | c5f8 77e8 | 0c45 4ef8 | 4c8b f044 | 8b5c 2414 | 41ff cb44 
  0x000002b22c1a7f80: 3b5c 2414 | 0f83 e412 | 0000 418b | 7e0c 85ff | 0f86 d812 | 0000 4863 | c745 33db | eb2f 418b 
  0x000002b22c1a7fa0: fdc4 e1f9 | 7ec8 c4c1 | f97e c044 | 8b5c 2438 | 4d8b 8f48 | 0300 0041 | ffc3 4185 | 0144 3b5c 
  0x000002b22c1a7fc0: 2414 0f8d | ac0c 0000 | 4c89 4424 | 204c 8b44 | 2420 458b | 5010 478b | 54d4 0c45 | 85d2 76d0 
  0x000002b22c1a7fe0: 418b f244 | 895c 2438 | c5fb 1044 | 2420 4d63 | eb47 8b54 | a810 c4c1 | 796e d243 | 8b54 d40c 
  0x000002b22c1a8000: 85ff 0f86 | 2311 0000 | 418b 6e10 | 8bce 412b | cbff c985 | d20f 8659 | 1100 0043 | 8b5c d410 
  0x000002b22c1a8020: 458b 54ec | 0c4d 8d0c | ec41 3bca | 0f83 f210 | 0000 4c63 | d64d 2bd5 | 4389 5c91 | 0c83 fe01 
  0x000002b22c1a8040: 0f8e 60ff | ffff 4c63 | d249 3bc2 | 448b df44 | 0f4f dac4 | c179 7ed2 | 4f8d 04d4 | 458b cb41 
  0x000002b22c1a8060: ffc9 453b | d941 ba00 | 0000 8045 | 0f4c ca44 | 894c 2410 | 4183 f901 | 0f8e 5611 | 0000 4c8b 
  0x000002b22c1a8080: 5424 2045 | 8b5a 1043 | 8b6c dc0c | c4c1 797e | d243 8b5c | d414 418b | 7614 8bcd | 2b4c 2438 
  0x000002b22c1a80a0: ffc9 458b | 54f4 0c4d | 8d0c f441 | 3bca 0f83 | 9211 0000 | c5f9 6ee2 | 4c89 6c24 | 20c4 e1f9 
  0x000002b22c1a80c0: 6ec8 448b | ef48 63d5 | 488b c248 | 2b44 2420 | 4189 5c81 | 0c83 fd02 | 0f8e c0fe | ffff c4c1 
  0x000002b22c1a80e0: 797e d243 | 8b5c d418 | 458b 5618 | 478b 5cd4 | 0c4f 8d0c | d441 3bcb | 0f83 5211 | 0000 4189 
  0x000002b22c1a8100: 5c81 0c83 | fd03 0f8e | 92fe ffff | 41ba 0300 | 0000 443b | 5424 100f | 8d9f 1000 | 00c4 c179 
  0x000002b22c1a8120: 7ed2 438b | 5cd4 1c45 | 8b5e 1c43 | 8b7c dc0c | 4f8d 0cdc | 3bcf 0f83 | 1e11 0000 | 4189 5c81 
  0x000002b22c1a8140: 0c83 fd04 | 0f8e 54fe | ffff 438b | 5cd4 2045 | 8b5e 2047 | 8b54 dc0c | 4f8d 0cdc | 413b ca0f 
  0x000002b22c1a8160: 83ff 1000 | 0041 895c | 810c 83fd | 050f 8e2b | feff ff4c | 8bca 4983 | c1fe 48ff | ca45 8bd9 
  0x000002b22c1a8180: 448b d248 | 635c 2410 | 483b da8b | 7c24 1041 | 0f4f fa4c | 63d7 4d3b | d141 0f4f | fbbe 0500 
  0x000002b22c1a81a0: 0000 83ff | 050f 8e7c | 0000 008b | d72b d63b | fe0f 4c54 | 240c 81fa | d007 0000 | 41bb d007 
  0x000002b22c1a81c0: 0000 410f | 47d3 03d6 | 0f1f 8400 | 0000 0000 | 418b 5cb0 | 1045 8b54 | b610 478b | 5cd4 0c4f 
  0x000002b22c1a81e0: 8d0c d441 | 3bcb 0f83 | fe09 0000 | 4189 5c81 | 0c45 8b54 | b614 418b | 5cb0 1447 | 8b5c d40c 
  0x000002b22c1a8200: 4f8d 0cd4 | 413b cb0f | 83db 0900 | 0041 895c | 810c 83c6 | 023b f27c | b74d 8b97 | 4803 0000 
  0x000002b22c1a8220: 4185 023b | f77c 843b | 7424 100f | 8d90 0f00 | 0066 6690 | 418b 5cb0 | 1045 8b4c | b610 478b 
  0x000002b22c1a8240: 54cc 0c49 | c1e1 0341 | 3bca 0f83 | 9a09 0000 | 4189 5c81 | 0c44 8bd6 | 41ff c244 | 3bd5 0f8d 
  0x000002b22c1a8260: 3afd ffff | 418b 5cb0 | 1445 8b4c | b614 438b | 7ccc 0c49 | c1e1 033b | cf0f 83d5 | 1000 0041 
  0x000002b22c1a8280: 895c 810c | 83c6 023b | f50f 8d0f | fdff ff3b | 7424 107c | 9fe9 270f | 0000 41f7 | c301 0000 
  0x000002b22c1a82a0: 000f 84f8 | 0400 0044 | 8b4b 0c45 | 85c9 0f86 | 180d 0000 | 8b4b 1041 | 8b7c cc0c | 897c 2410 
  0x000002b22c1a82c0: 4489 4c24 | 1444 8944 | 242c 4489 | 5424 2848 | 895c 2420 | 8954 240c | 4489 5c24 | 0848 ba08 
  0x000002b22c1a82e0: 6d00 0008 | 0000 0045 | 8bc1 448b | cf66 6690 | c5f8 77e8 | 8841 4ef8 | 448b 5c24 | 1441 ffcb 
  0x000002b22c1a8300: 443b 5c24 | 140f 838d | 0c00 0044 | 8b50 0c45 | 85d2 0f86 | 800c 0000 | 453b da0f | 8377 0c00 
  0x000002b22c1a8320: 008b 6c24 | 10ff cd8b | 4c24 10d1 | f94c 634c | 2410 448b | e941 83c5 | fe41 3bcd | 41bb 0000 
  0x000002b22c1a8340: 0080 450f | 4ceb 4c63 | d149 8bd1 | 492b d28b | f1ff c648 | ffca 4533 | f6e9 7003 | 0000 c4e1 
  0x000002b22c1a8360: f97e cae9 | 6901 0000 | 0f1f 8400 | 0000 0000 | 442b 4c24 | 1045 8bd1 | 41ff c245 | 8bc8 453b 
  0x000002b22c1a8380: d30f 8315 | 0900 0045 | 8b44 fc10 | 478b 44c4 | 0c45 3bc8 | 0f83 7301 | 0000 c4c1 | f97e d045 
  0x000002b22c1a83a0: 8b44 8010 | 438b 54c4 | 0c49 c1e0 | 0344 3bd2 | 0f83 0e09 | 0000 478b | 5490 1041 | 83fa ff0f 
  0x000002b22c1a83c0: 843e 0100 | 0045 8b44 | dc0c 453b | c80f 830d | 0900 0047 | 8954 8d10 | 33d2 c4c1 | f97e d245 
  0x000002b22c1a83e0: 8b42 1047 | 8b54 c40c | 4403 5424 | 104d 8bb7 | 4803 0000 | 458b c141 | ffc0 4185 | 0645 3bc2 
  0x000002b22c1a8400: 0f8c 6aff | ffff 4d8b | 9748 0300 | 00ff c141 | 8502 3b0c | 240f 8d68 | 0100 00c4 | c1f9 7ec1 
  0x000002b22c1a8420: c4e1 f97e | c8c5 f97e | dac4 e1f9 | 7ed3 448b | 5424 1044 | 8b44 2414 | 443b 5424 | 080f 8d56 
  0x000002b22c1a8440: 0100 0044 | 8944 2414 | 4489 5424 | 10c4 e1f9 | 6ed3 c5f9 | 6eda c4e1 | f96e c8c4 | c1f9 6ec1 
  0x000002b22c1a8460: c4c1 f97e | e241 8b5c | 8a10 8bc1 | 412b c03b | cd0f 83e7 | feff ff44 | 8b54 2410 | 443b 5424 
  0x000002b22c1a8480: 040f 83d7 | feff ffc4 | c1f9 7ed2 | 458b 5482 | 1047 8b4c | d40c 4585 | c90f 8681 | 0900 0047 
  0x000002b22c1a84a0: 8b54 d410 | 4183 faff | 0f84 1001 | 0000 458b | 44dc 0c44 | 8b4c 2410 | 453b c80f | 8324 0800 
  0x000002b22c1a84c0: 004d 8d0c | dc44 8b44 | 2410 4789 | 5481 1033 | d2c4 c1f9 | 7ed2 458b | 4210 478b | 54c4 0c44 
  0x000002b22c1a84e0: 0354 2410 | 413b f20f | 8d19 ffff | ff3b cd73 | 264d 8d2c | dc44 8bce | 41ba 0100 | 0000 e97b 
  0x000002b22c1a8500: feff ffc4 | e1f9 7eca | e9cd feff | ffc4 e1f9 | 7eca e9c3 | feff ff44 | 8bce 41ba | 0100 0000 
  0x000002b22c1a8520: eb1c 0f1f | 8000 0000 | 000f 1f80 | 0000 0000 | 442b 4c24 | 1045 8bd1 | 41ff c244 | 8bcb 453b 
  0x000002b22c1a8540: d30f 8355 | 0700 0045 | 3b64 fc10 | 0f84 be08 | 0000 c4c1 | f97e d245 | 8b42 1047 | 8b54 c40c 
  0x000002b22c1a8560: 4403 5424 | 104d 8b87 | 4803 0000 | 418b d9ff | c341 8500 | 413b da7c | b7c4 e1f9 | 7eca e983 
  0x000002b22c1a8580: feff ffc5 | f877 4883 | c460 5d49 | 3ba7 4003 | 0000 0f87 | a010 0000 | c344 8944 | 2414 4489 
  0x000002b22c1a85a0: 5424 10c4 | e1f9 6ed3 | c5f9 6eda | c4e1 f96e | c8c4 c1f9 | 6ec1 488b | d0e9 48fe | ffff c4e1 
  0x000002b22c1a85c0: f97e cae9 | 09ff ffff | 0f1f 8400 | 0000 0000 | 448b c342 | 8b4c 870c | 8b5c 2410 | 412b db49 
  0x000002b22c1a85e0: 63d3 894c | 9010 8b4c | 9710 4289 | 4c80 0c49 | 8bc9 482b | ca44 8b44 | 8f08 4489 | 4490 1444 
  0x000002b22c1a8600: 8b44 9714 | 4489 4488 | 0844 8b44 | 8f04 4489 | 4490 1844 | 8b44 9718 | 4489 4488 | 0444 8b04 
  0x000002b22c1a8620: 8f44 8944 | 901c 448b | 4497 1c44 | 8904 8883 | c3fc 4183 | c304 453b | da7c 954d | 8b97 4803 
  0x000002b22c1a8640: 0000 4185 | 0245 3bdd | 7d2a 448b | c345 8bd5 | 452b d345 | 3beb 440f | 4c54 240c | 4181 faa0 
  0x000002b22c1a8660: 0f00 00bb | a00f 0000 | 440f 47d3 | 4503 d3e9 | 5fff ffff | c5f9 7ec1 | c4e1 f97e | ca44 3b5c 
  0x000002b22c1a8680: 2430 7d2b | 448b 549f | 0c46 8954 | 9810 468b | 549f 1044 | 8954 980c | 458b d341 | ffc2 443b 
  0x000002b22c1a86a0: 5424 307d | 0a8b dd41 | 2bdb 458b | daeb d54d | 8b97 4803 | 0000 41ff | c641 8502 | 443b 7424 
  0x000002b22c1a86c0: 140f 8dc2 | 0000 0048 | 8bc6 8b74 | 2430 4c8b | 5424 2041 | 8b7a 1085 | ff0f 844a | 0700 0047 
  0x000002b22c1a86e0: 8b5c b210 | 478b 54dc | 0c42 8b5c | b010 458b | 44dc 0c89 | 7424 30c5 | f96e c148 | 8bf0 4963 
  0x000002b22c1a8700: ca48 3bd1 | 0f83 2e07 | 0000 413b | ea0f 8325 | 0700 0045 | 85c0 0f86 | 1c07 0000 | c5f9 7ec1 
  0x000002b22c1a8720: 413b c80f | 830f 0700 | 0045 85d2 | 0f86 0607 | 0000 413b | ca0f 83fd | 0600 004d | 63d0 493b 
  0x000002b22c1a8740: d20f 83f1 | 0600 0041 | 3be8 0f83 | e806 0000 | 498d 04dc | 4b8d 3cdc | 468b 548f | 0c45 8954 
  0x000002b22c1a8760: dc10 478b | 54dc 1046 | 8954 880c | 4183 fd01 | 0f8e 0207 | 0000 448b | c541 bb01 | 0000 00c4 
  0x000002b22c1a8780: e1f9 6eca | e9c4 feff | ff44 8b5c | 2408 8b54 | 240c 488b | de44 8b54 | 2428 448b | 4424 2c41 
  0x000002b22c1a87a0: f7c3 0200 | 0000 0f84 | c4f6 ffff | 8b6b 0c85 | ed0f 86ab | 0800 0044 | 8b4b 1047 | 8b4c cc0c 
  0x000002b22c1a87c0: 4489 4424 | 1444 8954 | 2410 4889 | 5c24 2089 | 5424 0c44 | 895c 2408 | 48ba 086d | 0000 0800 
  0x000002b22c1a87e0: 0000 448b | c566 6690 | c5f8 77e8 | 903c 4ef8 | 448b 580c | 448b cd41 | d1f9 458b | d141 ffc2 
  0x000002b22c1a8800: 4585 db0f | 86fc 0700 | 0045 3bcb | 0f83 f307 | 0000 4863 | cd4d 63c1 | 488b d949 | 2bd8 48ff 
  0x000002b22c1a8820: cb48 3bd9 | 0f83 db07 | 0000 448b | c541 ffc8 | 443b c50f | 83cc 0700 | 0044 8954 | 2428 4d63 
  0x000002b22c1a8840: d349 3bda | 0f83 b607 | 0000 453b | c30f 8301 | 0800 0044 | 3bcd 0f83 | ff07 0000 | 41b9 401f 
  0x000002b22c1a8860: 0000 4533 | c0eb 31c4 | e1f9 7ec3 | c4e1 f97e | e0c4 e1f9 | 7ee9 c4c1 | 797e f04d | 8b97 4803 
  0x000002b22c1a8880: 0000 41ff | c041 8502 | 443b 4424 | 280f 8dc7 | f5ff ff48 | 895c 2420 | 488b 5c24 | 2044 8b5b 
  0x000002b22c1a88a0: 1047 8b54 | dc0c 4585 | d276 d045 | 8bea c5fb | 1044 2420 | 4963 d048 | 8bd9 482b | da4c 8b54 
  0x000002b22c1a88c0: 2420 458b | 549a 0cc4 | c179 6eca | 478b 5cd4 | 0c44 8b54 | 9010 c4c1 | 796e d243 | 8b7c d40c 
  0x000002b22c1a88e0: 4c8b 5424 | 2045 8b54 | 9210 c4c1 | 796e da47 | 8b54 d40c | 8b5c 980c | 418b 54dc | 0c45 85db 
  0x000002b22c1a8900: 0f86 7f05 | 0000 8954 | 2430 c5f9 | 6efb 4489 | 5424 2c89 | 7c24 24c4 | c179 6ef0 | c4e1 f96e 
  0x000002b22c1a8920: e9c4 e1f9 | 6ee0 41ba | 0100 0000 | 453b d3b9 | 0100 0000 | 410f 4fcb | 4489 5c24 | 20c4 c179 
  0x000002b22c1a8940: 7ed2 4f8d | 1cd4 c4c1 | 797e c849 | c1e0 0341 | 8bdb c4c1 | 797e fa4b | 8d3c d4c1 | eb02 c4c1 
  0x000002b22c1a8960: 797e da4b | 8d34 d483 | e303 03d9 | f7db 83e3 | 0303 d93b | 5c24 2044 | 8b54 2420 | 410f 4fda 
  0x000002b22c1a8980: 33c9 eb12 | c4e1 f97e | e0c4 c179 | 7ef0 e992 | 0100 0090 | 8bc8 3b4c | 2420 73e8 | 418b 4488 
  0x000002b22c1a89a0: 103b 4c24 | 240f 8351 | 0300 0041 | 8944 8b10 | 3b4c 242c | 0f83 9a03 | 0000 448b | 548e 103b 
  0x000002b22c1a89c0: 4c24 300f | 83eb 0300 | 0044 8954 | 8f10 c4c1 | f97e c241 | 8b52 1041 | 8b54 d40c | 8bc1 ffc0 
  0x000002b22c1a89e0: 3bc2 0f8d | 7ffe ffff | 3bc3 7ca8 | 4863 5c24 | 204c 6354 | 2430 4863 | 6c24 2c4c | 636c 2424 
  0x000002b22c1a8a00: 493b dd8b | 5c24 200f | 4f5c 2424 | 4c63 ea4c | 63f3 4c3b | f50f 4f5c | 242c 49ff | cd48 63eb 
  0x000002b22c1a8a20: 493b ea0f | 4f5c 2430 | 458b d548 | 63eb 493b | ed41 0f4f | da8b eb83 | c5f9 3bdd | 41ba 0000 
  0x000002b22c1a8a40: 0080 410f | 4cea 3bc5 | 0f8d 3e04 | 0000 ffc1 | 448b d544 | 2bd1 3be9 | 440f 4c54 | 240c 4181 
  0x000002b22c1a8a60: fa40 1f00 | 0045 0f47 | d144 03d1 | 0f1f 4000 | c441 7a6f | 4488 10c4 | 417a 7f44 | 8b10 c57a 
  0x000002b22c1a8a80: 6f44 8e10 | c57a 7f44 | 8f10 c441 | 7a6f 4488 | 20c4 417a | 7f44 8b20 | c57a 6f44 | 8e20 c57a 
  0x000002b22c1a8aa0: 7f44 8f20 | 83c1 0841 | 3bca 7cc4 | 4d8b 9748 | 0300 0041 | 8502 3bcd | 7c96 3b4c | 2420 7d5b 
  0x000002b22c1a8ac0: 3b4c 2420 | 0f83 bafe | ffff 418b | 4488 103b | 4c24 240f | 8323 0200 | 0041 8944 | 8b10 3b4c 
  0x000002b22c1a8ae0: 242c 0f83 | 6c02 0000 | 448b 548e | 103b 4c24 | 300f 83bd | 0200 0044 | 8954 8f10 | c4c1 f97e 
  0x000002b22c1a8b00: c241 8b5a | 1045 8b54 | dc0c ffc1 | 413b ca0f | 8d52 fdff | ff3b 4c24 | 207c a5c4 | e1f9 7ee0 
  0x000002b22c1a8b20: c4c1 797e | f0ba e4ff | ffff 488b | 2c24 448b | 5c24 0844 | 891c 244c | 8b54 2418 | 4c89 5424 
  0x000002b22c1a8b40: 0844 8b54 | 2410 4489 | 5424 0444 | 8b54 2414 | 4489 5424 | 10c5 fb11 | 4424 1848 | 8944 2420 
  0x000002b22c1a8b60: 4489 4424 | 1489 4c24 | 2c89 4c24 | 30c5 fa11 | 5424 34c5 | fa11 4c24 | 3866 6690 | c5f8 77e8 
  0x000002b22c1a8b80: 7c97 43f8 | c57a 2cd0 | 4181 fa00 | 0000 8075 | 1048 83ec | 08c5 fa11 | 0424 e854 | 853e f841 
  0x000002b22c1a8ba0: 5ae9 47f2 | ffff c57a | 2cc1 4181 | f800 0000 | 8075 1048 | 83ec 08c5 | fa11 0c24 | e832 853e 
  0x000002b22c1a8bc0: f841 58e9 | 7ff2 ffff | 458b 4318 | 4d8b 9f48 | 0300 0041 | 8503 4585 | c00f 84f1 | 0400 004f 
  0x000002b22c1a8be0: 8d1c c4e9 | 73ee ffff | ffc6 bae4 | ffff ff48 | 8b2c 2444 | 8b5c 2408 | 4489 1c24 | 4c8b 5424 
  0x000002b22c1a8c00: 184c 8954 | 2408 448b | 5424 2844 | 8954 2404 | 448b 5c24 | 2c44 895c | 2410 c5fb | 1144 2418 
  0x000002b22c1a8c20: 4c89 7424 | 2089 7424 | 144c 894c | 2428 894c | 2430 895c | 2434 6690 | c5f8 77e8 | c096 43f8 
  0x000002b22c1a8c40: 33d2 4533 | d245 33c9 | e9d8 edff | ff41 f7da | e98f f1ff | ff41 f7d8 | e9e1 f1ff | ff33 d2c4 
  0x000002b22c1a8c60: c1f9 7eda | 41c6 4211 | 0145 33d2 | 4533 c9e9 | b1ed ffff | 448b 5c24 | 088b 5424 | 0c49 8bde 
  0x000002b22c1a8c80: 448b 5424 | 2844 8b44 | 242c e90b | f6ff ff33 | d245 33d2 | 4533 c9e9 | 89ed ffff | ba45 ffff 
  0x000002b22c1a8ca0: ffc4 e1f9 | 7ec5 c5fb | 110c 24c5 | fb11 5424 | 0889 4c24 | 1844 894c | 241c 6690 | c5f8 77e8 
  0x000002b22c1a8cc0: 3c96 43f8 | c4c1 796e | daba e6ff | ffff 498b | e8c5 fa11 | 1c24 6690 | c5f8 77e8 | 2096 43f8 
  0x000002b22c1a8ce0: 4489 4c24 | 10ba e6ff | ffff 8beb | 4489 5424 | 0466 6690 | c5f8 77e8 | 0496 43f8 | bae4 ffff 
  0x000002b22c1a8d00: ff48 8b2c | 2444 8b5c | 2408 4489 | 1c24 4c8b | 5424 184c | 8954 2408 | 448b 5c24 | 1044 895c 
  0x000002b22c1a8d20: 2404 448b | 5424 1444 | 8954 2410 | c5fb 1144 | 2418 c5fb | 1164 2420 | c5fa 1174 | 2414 894c 
  0x000002b22c1a8d40: 242c 8944 | 2430 c5fa | 1154 2434 | c5f8 77e8 | ac95 43f8 | bae4 ffff | ff48 8b2c | 2444 8b5c 
  0x000002b22c1a8d60: 2408 4489 | 1c24 4c8b | 5424 184c | 8954 2408 | 448b 5424 | 1044 8954 | 2404 448b | 5c24 1444 
  0x000002b22c1a8d80: 895c 2410 | c5fb 1144 | 2418 c5fb | 1164 2420 | c5fa 1174 | 2414 894c | 242c 894c | 2430 c5fa 
  0x000002b22c1a8da0: 115c 2434 | c5fa 117c | 2438 6690 | c5f8 77e8 | 4c95 43f8 | bae4 ffff | ff48 8b2c | 2444 8b5c 
  0x000002b22c1a8dc0: 2408 4489 | 1c24 4c8b | 5c24 184c | 895c 2408 | 448b 5c24 | 1044 895c | 2404 448b | 4424 1444 
  0x000002b22c1a8de0: 8944 2410 | c5fb 1144 | 2418 c5fb | 1164 2420 | c5fa 1174 | 2414 894c | 242c 4489 | 5424 30c5 
  0x000002b22c1a8e00: fa11 7c24 | 3466 6690 | c5f8 77e8 | f094 43f8 | baf6 ffff | ff66 6690 | c5f8 77e8 | e094 43f8 
  0x000002b22c1a8e20: 4f8d 04d4 | e9a0 feff | ffba f6ff | ffff 6690 | c5f8 77e8 | c894 43f8 | 418b 6cfc | 0cd1 fdff 
  0x000002b22c1a8e40: c5ba 76ff | ffff 4c8b | 5424 184c | 8954 2410 | 448b 5424 | 2844 8954 | 240c 448b | 5424 2c44 
  0x000002b22c1a8e60: 8954 2418 | 4889 4424 | 2844 8974 | 241c 6690 | c5f8 77e8 | 8894 43f8 | 8bdd 41bb | 0100 0000 
  0x000002b22c1a8e80: e9f8 f7ff | ff33 c9e9 | 99fc ffff | 8bc8 e927 | fcff ffba | deff ffff | c5fa 1144 | 2408 c5fa 
  0x000002b22c1a8ea0: 114c 240c | 4489 4c24 | 104c 8944 | 2420 6690 | c5f8 77e8 | 4894 43f8 | bae4 ffff | ff48 8b2c 
  0x000002b22c1a8ec0: 24c5 fa11 | 0c24 c5fa | 1154 2404 | 4c8b 5424 | 184c 8954 | 2408 c5fa | 1144 2418 | 4889 5c24 
  0x000002b22c1a8ee0: 2066 6690 | c5f8 77e8 | 1494 43f8 | 4c8b 0c24 | 488b 4424 | 18ba beff | ffff 498b | e948 8904 
  0x000002b22c1a8f00: 2448 895c | 2408 4489 | 5424 1044 | 8944 2418 | 4489 4424 | 1c89 4c24 | 2066 6690 | c5f8 77e8 
  0x000002b22c1a8f20: dc93 43f8 | 4c8b 0c24 | 488b 4424 | 18eb c648 | 8b44 2418 | ebbf ba45 | ffff ff48 | 8b2c 24c5 
  0x000002b22c1a8f40: fa11 0424 | c5fa 114c | 2404 c5fa | 1154 2408 | 4889 7c24 | 104c 8944 | 2418 4489 | 4c24 2044 
  0x000002b22c1a8f60: 895c 2424 | c5f8 77e8 | 9493 43f8 | ba45 ffff | ff4c 8b4c | 2418 4c89 | 4c24 0848 | 895c 2410 
  0x000002b22c1a8f80: 4489 5424 | 1844 8944 | 241c 4489 | 5c24 2090 | c5f8 77e8 | 6893 43f8 | babe ffff | ff48 8b2c 
  0x000002b22c1a8fa0: 2444 8b54 | 2408 4489 | 1424 4c8b | 5424 184c | 8954 2408 | 4c8b 5424 | 204c 8954 | 2418 4889 
  0x000002b22c1a8fc0: 4424 2090 | c5f8 77e8 | 3493 43f8 | bae4 ffff | ff48 8b2c | 2444 891c | 244c 8b5c | 2418 4c89 
  0x000002b22c1a8fe0: 5c24 0844 | 8954 2404 | 4489 4424 | 1048 895c | 2420 4489 | 4c24 1490 | c5f8 77e8 | 0093 43f8 
  0x000002b22c1a9000: 448b 5424 | 28ba beff | ffff 488b | 2c24 448b | 5c24 0844 | 891c 244c | 8b5c 2418 | 4c89 5c24 
  0x000002b22c1a9020: 0844 8b44 | 2410 4489 | 4424 0444 | 8b5c 2414 | 4489 5c24 | 104c 8b5c | 2420 4c89 | 5c24 1848 
  0x000002b22c1a9040: 8944 2420 | 4489 5424 | 1466 6690 | c5f8 77e8 | ac92 43f8 | 448b 5424 | 28eb aa44 | 8b54 2428 
  0x000002b22c1a9060: eba3 bae4 | ffff ff44 | 895c 2408 | 4c8b 5c24 | 184c 895c | 2410 4489 | 5424 0c44 | 8944 2418 
  0x000002b22c1a9080: 4889 5c24 | 2866 6690 | c5f8 77e8 | 7092 43f8 | ba76 ffff | ffc5 fa11 | 4424 08c5 | fa11 4c24 
  0x000002b22c1a90a0: 0cc5 fa11 | 5424 1044 | 894c 2414 | 4c89 5424 | 2889 4c24 | 3444 895c | 2438 6690 | c5f8 77e8 
  0x000002b22c1a90c0: 3c92 43f8 | b801 0000 | 0033 d2e9 | 2ce9 ffff | baf4 ffff | ff48 8b2c | 24c5 fa11 | 0424 c5fa 
  0x000002b22c1a90e0: 114c 2404 | c5fa 1154 | 2408 6690 | c5f8 77e8 | 0c92 43f8 | ba45 ffff | ffc5 fa11 | 4424 08c5 
  0x000002b22c1a9100: fa11 4c24 | 0cc5 fa11 | 5424 10c5 | fb11 5c24 | 2044 895c | 2414 4489 | 5424 2890 | c5f8 77e8 
  0x000002b22c1a9120: dc91 43f8 | 33f6 e9bf | faff ff33 | f6ba e4ff | ffff 488b | 2c24 448b | 5c24 0844 | 891c 244c 
  0x000002b22c1a9140: 8b54 2418 | 4c89 5424 | 0844 8b54 | 2428 4489 | 5424 0444 | 8b54 242c | 4489 5424 | 10c5 fb11 
  0x000002b22c1a9160: 4424 184c | 8974 2428 | 8974 2430 | c5f8 77e8 | 8c91 43f8 | 33f6 bae4 | ffff ff4c | 8b54 2418 
  0x000002b22c1a9180: 4c89 5424 | 1044 8b54 | 2428 4489 | 5424 0c44 | 8b54 242c | 4489 5424 | 18c5 fb11 | 4424 204c 
  0x000002b22c1a91a0: 8974 2428 | 894c 2430 | 8974 2434 | c5fa 1154 | 243c 6690 | c5f8 77e8 | 4491 43f8 | be03 0000 
  0x000002b22c1a91c0: 0041 8bfd | c4e1 f97e | c84c 8b6c | 2420 c5f9 | 7ee2 eb05 | be01 0000 | 003b f70f | 8d4c ffff 
  0x000002b22c1a91e0: ff66 6690 | 3bf7 0f83 | 41ff ffff | c4c1 f97e | c245 8b52 | 1047 8b54 | d40c 418b | 6cb6 1041 
  0x000002b22c1a9200: 8bca 2b4c | 2438 ffc9 | 3bf2 0f83 | 66ff ffff | 418b 5cb0 | 1045 8b5c | ec0c 4d8d | 0cec 413b 
  0x000002b22c1a9220: cb0f 83c3 | f9ff ff4d | 63da 4d2b | dd43 895c | 990c ffc6 | 413b f20f | 8d69 edff | ff3b f77c 
  0x000002b22c1a9240: a3e9 e7fe | ffff be01 | 0000 00e9 | 9af9 ffff | be02 0000 | 00e9 90f9 | ffff be03 | 0000 00e9 
  0x000002b22c1a9260: 86f9 ffff | be04 0000 | 00e9 7cf9 | ffff babe | ffff ff48 | 8b2c 2444 | 8b5c 2408 | 4489 1c24 
  0x000002b22c1a9280: 4c8b 5424 | 184c 8954 | 2408 4c8b | 5424 204c | 8954 2418 | 4c89 7424 | 2066 6690 | c5f8 77e8 
  0x000002b22c1a92a0: 5c90 43f8 | ba45 ffff | ffc5 fa11 | 4424 08c5 | fa11 4c24 | 0cc5 fa11 | 5424 1048 | 895c 2428 
  0x000002b22c1a92c0: 4489 5c24 | 1444 8954 | 2430 4c89 | 4424 3889 | 4c24 3490 | c5f8 77e8 | 2490 43f8 | 4585 d240 
  0x000002b22c1a92e0: 0f95 c540 | 0fb6 ed83 | f501 ba45 | ffff ffc5 | fa11 4424 | 08c5 fa11 | 4c24 0cc5 | fa11 5424 
  0x000002b22c1a9300: 1044 894c | 2414 c5fb | 115c 2428 | 4489 5c24 | 3066 6690 | c5f8 77e8 | e48f 43f8 | ba45 ffff 
  0x000002b22c1a9320: ffc5 fa11 | 4424 08c5 | fa11 4c24 | 0cc5 fa11 | 5424 1048 | 894c 2428 | 4c89 5c24 | 3044 8954 
  0x000002b22c1a9340: 2414 4c89 | 4424 3889 | 5c24 4090 | c5f8 77e8 | ac8f 43f8 | 418b f2e9 | 8ef8 ffff | bade ffff 
  0x000002b22c1a9360: ff48 8b2c | 24c5 fa11 | 0424 c5fa | 114c 2404 | c5fa 1154 | 2408 4c8b | 4424 184c | 8944 2410 
  0x000002b22c1a9380: 4889 4c24 | 204c 895c | 2428 4489 | 5424 0c44 | 894c 2434 | c5f8 77e8 | 648f 43f8 | bade ffff 
  0x000002b22c1a93a0: ffc5 fa11 | 4424 08c5 | fa11 4c24 | 0cc5 fa11 | 5424 1090 | c5f8 77e8 | 448f 43f8 | bade ffff 
  0x000002b22c1a93c0: ff48 8b2c | 24c5 fa11 | 0424 c5fa | 114c 2404 | c5fa 1154 | 2408 4c8b | 4c24 184c | 894c 2410 
  0x000002b22c1a93e0: 4889 5c24 | 2044 895c | 240c 4489 | 5424 2844 | 8944 2430 | c5f8 77e8 | 048f 43f8 | baf6 ffff 
  0x000002b22c1a9400: ff8b e989 | 1c24 6690 | c5f8 77e8 | f08e 43f8 | baf6 ffff | ff66 6690 | c5f8 77e8 | e08e 43f8 
  0x000002b22c1a9420: c4c1 796e | daba f6ff | ffff c5f9 | 7edd 6690 | c5f8 77e8 | c88e 43f8 | 4489 4c24 | 10ba f6ff 
  0x000002b22c1a9440: ffff 4489 | 1424 6690 | c5f8 77e8 | b08e 43f8 | baf6 ffff | ff66 6690 | c5f8 77e8 | a08e 43f8 
  0x000002b22c1a9460: ba76 ffff | ff48 8b2c | 2444 8b5c | 2408 4489 | 1c24 4c8b | 5424 184c | 8954 2408 | 448b 5c24 
  0x000002b22c1a9480: 1044 895c | 2404 448b | 5424 1444 | 8954 2410 | 48ff 7424 | 2048 8f44 | 2418 4889 | 4424 2044 
  0x000002b22c1a94a0: 8944 2414 | 4489 6c24 | 2866 6690 | c5f8 77e8 | 4c8e 43f8 | 488b d0eb | 0848 8bd0 | eb03 488b 
  0x000002b22c1a94c0: d0c5 f877 | 4883 c460 | 5de9 329a | 4ef8 baf6 | ffff ff90 | c5f8 77e8 | 248e 43f8 | baf6 ffff 
  0x000002b22c1a94e0: ff49 8be8 | c5f8 77e8 | 148e 43f8 | baf6 ffff | ff66 6690 | c5f8 77e8 | 048e 43f8 | 488b 4424 
  0x000002b22c1a9500: 18e9 eff9 | ffff 488b | 4424 18e9 | e5f9 ffff | baf6 ffff | ff66 6690 | c5f8 77e8 | e08d 43f8 
  0x000002b22c1a9520: baf6 ffff | ff66 6690 | c5f8 77e8 | d08d 43f8 | ba45 ffff | ff48 8b2c | 24c5 fa11 | 0424 c5fa 
  0x000002b22c1a9540: 114c 2404 | c5fa 1154 | 2408 4c8b | 4c24 184c | 894c 2410 | c5fb 115c | 2420 4489 | 5c24 0c44 
  0x000002b22c1a9560: 8954 2428 | 4489 4424 | 2c66 6690 | c5f8 77e8 | 8c8d 43f8 | baf6 ffff | ff66 6690 | c5f8 77e8 
  0x000002b22c1a9580: 7c8d 43f8 | baf6 ffff | ff66 6690 | c5f8 77e8 | 6c8d 43f8 | ba76 ffff | ff48 8b2c | 2444 8b5c 
  0x000002b22c1a95a0: 2408 4489 | 1c24 4c8b | 5424 184c | 8954 2408 | 448b 5424 | 2844 8954 | 2404 48ff | 7424 2048 
  0x000002b22c1a95c0: 8f44 2418 | 4c89 7424 | 2089 7424 | 2866 6690 | c5f8 77e8 | 288d 43f8 | baf6 ffff | ff66 6690 
  0x000002b22c1a95e0: c5f8 77e8 | 188d 43f8 | baf6 ffff | ff66 6690 | c5f8 77e8 | 088d 43f8 | ba45 ffff | ff48 8b2c 
  0x000002b22c1a9600: 24c5 fa11 | 0424 c5fa | 114c 2404 | c5fa 1154 | 2408 4c8b | 4424 184c | 8944 2410 | 4889 4c24 
  0x000002b22c1a9620: 204c 895c | 2428 4489 | 5424 0c44 | 894c 2430 | c5f8 77e8 | c88c 43f8 | 49ba 8b85 | 1a2c b202 
  0x000002b22c1a9640: 0000 4d89 | 9758 0300 | 00e9 b29d | 43f8 f4f4 | f4f4 f4f4 | f4f4 f4f4 | f4f4 f4f4 | f4f4 f4f4 
  0x000002b22c1a9660: e91b b54d | f8e8 0000 | 0000 4883 | 2c24 05e9 | 2c90 43f8 | f4f4 f4f4 
[/MachCode]
--------------------------------------------------------------------------------


---------------  P R O C E S S  ---------------

Threads class SMR info:
_java_thread_list=0x000002b241ea06f0, length=26, elements={
0x000002b240885ab0, 0x000002b240886d30, 0x000002b24140fb60, 0x000002b241411920,
0x000002b2414122d0, 0x000002b241413090, 0x000002b241417930, 0x000002b2414207f0,
0x000002b24142d610, 0x000002b24153a900, 0x000002b24154ee40, 0x000002b241556230,
0x000002b241557570, 0x000002b241556700, 0x000002b2415570a0, 0x000002b241556bd0,
0x000002b241557f10, 0x000002b241559bf0, 0x000002b2415588b0, 0x000002b241558d80,
0x000002b241557a40, 0x000002b241f5e770, 0x000002b241f5ec80, 0x000002b241f5b150,
0x000002b241f5b660, 0x000002b241559250
}

Java Threads: ( => current thread )
  0x000002b240885ab0 JavaThread "Reference Handler" daemon [_thread_blocked, id=6692, stack(0x000000d8de000000,0x000000d8de100000)]
  0x000002b240886d30 JavaThread "Finalizer" daemon [_thread_blocked, id=9748, stack(0x000000d8de100000,0x000000d8de200000)]
  0x000002b24140fb60 JavaThread "Signal Dispatcher" daemon [_thread_blocked, id=14716, stack(0x000000d8de200000,0x000000d8de300000)]
  0x000002b241411920 JavaThread "Attach Listener" daemon [_thread_blocked, id=17676, stack(0x000000d8de300000,0x000000d8de400000)]
  0x000002b2414122d0 JavaThread "Service Thread" daemon [_thread_blocked, id=18584, stack(0x000000d8de400000,0x000000d8de500000)]
  0x000002b241413090 JavaThread "Monitor Deflation Thread" daemon [_thread_blocked, id=25960, stack(0x000000d8de500000,0x000000d8de600000)]
  0x000002b241417930 JavaThread "C2 CompilerThread0" daemon [_thread_blocked, id=22048, stack(0x000000d8de600000,0x000000d8de700000)]
  0x000002b2414207f0 JavaThread "C1 CompilerThread0" daemon [_thread_blocked, id=14796, stack(0x000000d8de700000,0x000000d8de800000)]
  0x000002b24142d610 JavaThread "Sweeper thread" daemon [_thread_blocked, id=20672, stack(0x000000d8de800000,0x000000d8de900000)]
  0x000002b24153a900 JavaThread "C1 CompilerThread1" daemon [_thread_blocked, id=6140, stack(0x000000d8de900000,0x000000d8dea00000)]
  0x000002b24154ee40 JavaThread "C1 CompilerThread2" daemon [_thread_blocked, id=588, stack(0x000000d8dea00000,0x000000d8deb00000)]
  0x000002b241556230 JavaThread "Notification Thread" daemon [_thread_blocked, id=16856, stack(0x000000d8deb00000,0x000000d8dec00000)]
  0x000002b241557570 JavaThread "Common-Cleaner" daemon [_thread_blocked, id=1756, stack(0x000000d8ded00000,0x000000d8dee00000)]
  0x000002b241556700 JavaThread "DestroyJavaVM" [_thread_blocked, id=13492, stack(0x000000d8dd900000,0x000000d8dda00000)]
  0x000002b2415570a0 JavaThread "Java2D Disposer" daemon [_thread_blocked, id=19116, stack(0x000000d8def00000,0x000000d8df000000)]
  0x000002b241556bd0 JavaThread "AWT-Shutdown" [_thread_blocked, id=4544, stack(0x000000d8df100000,0x000000d8df200000)]
  0x000002b241557f10 JavaThread "AWT-Windows" daemon [_thread_in_native, id=11096, stack(0x000000d8df200000,0x000000d8df300000)]
  0x000002b241559bf0 JavaThread "AWT-EventQueue-0" [_thread_blocked, id=22128, stack(0x000000d8dff00000,0x000000d8e0000000)]
=>0x000002b2415588b0 JavaThread "Thread-2" [_thread_in_Java, id=15604, stack(0x000000d8e0000000,0x000000d8e0100000)]
  0x000002b241558d80 JavaThread "Thread-1" [_thread_in_Java, id=11112, stack(0x000000d8e0100000,0x000000d8e0200000)]
  0x000002b241557a40 JavaThread "D3D Screen Updater" daemon [_thread_blocked, id=13972, stack(0x000000d8dee00000,0x000000d8def00000)]
  0x000002b241f5e770 JavaThread "C2 CompilerThread1" daemon [_thread_blocked, id=24812, stack(0x000000d8e0a00000,0x000000d8e0b00000)]
  0x000002b241f5ec80 JavaThread "C2 CompilerThread2" daemon [_thread_blocked, id=11788, stack(0x000000d8e0b00000,0x000000d8e0c00000)]
  0x000002b241f5b150 JavaThread "C2 CompilerThread3" daemon [_thread_blocked, id=8984, stack(0x000000d8e0c00000,0x000000d8e0d00000)]
  0x000002b241f5b660 JavaThread "C2 CompilerThread4" daemon [_thread_blocked, id=23356, stack(0x000000d8e0d00000,0x000000d8e0e00000)]
  0x000002b241559250 JavaThread "Thread-3" [_thread_in_Java, id=23828, stack(0x000000d8e0e00000,0x000000d8e0f00000)]

Other Threads:
  0x000002b24087ffb0 VMThread "VM Thread" [stack: 0x000000d8ddf00000,0x000000d8de000000] [id=23424]
  0x000002b241562210 WatcherThread [stack: 0x000000d8dec00000,0x000000d8ded00000] [id=24244]
  0x000002b21b318db0 GCTaskThread "GC Thread#0" [stack: 0x000000d8dda00000,0x000000d8ddb00000] [id=12236]
  0x000002b241e5a050 GCTaskThread "GC Thread#1" [stack: 0x000000d8df000000,0x000000d8df100000] [id=18068]
  0x000002b241f2bd40 GCTaskThread "GC Thread#2" [stack: 0x000000d8e0200000,0x000000d8e0300000] [id=25444]
  0x000002b241f2bff0 GCTaskThread "GC Thread#3" [stack: 0x000000d8e0300000,0x000000d8e0400000] [id=13488]
  0x000002b2417b9760 GCTaskThread "GC Thread#4" [stack: 0x000000d8e0400000,0x000000d8e0500000] [id=26612]
  0x000002b2417b9a10 GCTaskThread "GC Thread#5" [stack: 0x000000d8e0500000,0x000000d8e0600000] [id=8360]
  0x000002b2417b9cc0 GCTaskThread "GC Thread#6" [stack: 0x000000d8e0600000,0x000000d8e0700000] [id=12276]
  0x000002b2417ba780 GCTaskThread "GC Thread#7" [stack: 0x000000d8e0700000,0x000000d8e0800000] [id=312]
  0x000002b241f3e700 GCTaskThread "GC Thread#8" [stack: 0x000000d8e0800000,0x000000d8e0900000] [id=7164]
  0x000002b241f3f1c0 GCTaskThread "GC Thread#9" [stack: 0x000000d8e0900000,0x000000d8e0a00000] [id=14628]
  0x000002b21b329380 ConcurrentGCThread "G1 Main Marker" [stack: 0x000000d8ddb00000,0x000000d8ddc00000] [id=18660]
  0x000002b21b32b540 ConcurrentGCThread "G1 Conc#0" [stack: 0x000000d8ddc00000,0x000000d8ddd00000] [id=19588]
  0x000002b21b38ecb0 ConcurrentGCThread "G1 Refine#0" [stack: 0x000000d8ddd00000,0x000000d8dde00000] [id=20704]
  0x000002b240738810 ConcurrentGCThread "G1 Service" [stack: 0x000000d8dde00000,0x000000d8ddf00000] [id=24912]

Threads with active compile tasks:

VM state: not at safepoint (normal execution)

VM Mutex/Monitor currently owned by a thread: None

Heap address: 0x0000000709600000, size: 3946 MB, Compressed Oops mode: Zero based, Oop shift amount: 3

CDS archive(s) mapped at: [0x0000000800000000-0x0000000800bc0000-0x0000000800bc0000), size 12320768, SharedBaseAddress: 0x0000000800000000, ArchiveRelocationMode: 0.
Compressed class space mapped at: 0x0000000800c00000-0x0000000840c00000, reserved size: 1073741824
Narrow klass base: 0x0000000800000000, Narrow klass shift: 0, Narrow klass range: 0x100000000

GC Precious Log:
 CPUs: 16 total, 16 available
 Memory: 15776M
 Large Page Support: Disabled
 NUMA Support: Disabled
 Compressed Oops: Enabled (Zero based)
 Heap Region Size: 2M
 Heap Min Capacity: 8M
 Heap Initial Capacity: 248M
 Heap Max Capacity: 3946M
 Pre-touch: Disabled
 Parallel Workers: 13
 Concurrent Workers: 3
 Concurrent Refinement Workers: 13
 Periodic GC: Disabled

Heap:
 garbage-first heap   total 253952K, used 18796K [0x0000000709600000, 0x0000000800000000)
  region size 2048K, 8 young (16384K), 2 survivors (4096K)
 Metaspace       used 7186K, committed 7424K, reserved 1056768K
  class space    used 774K, committed 896K, reserved 1048576K

Heap Regions: E=young(eden), S=young(survivor), O=old, HS=humongous(starts), HC=humongous(continues), CS=collection set, F=free, OA=open archive, CA=closed archive, TAMS=top-at-mark-start (previous, next)
|   0|0x0000000709600000, 0x0000000709800000, 0x0000000709800000|100%|HS|  |TAMS 0x0000000709600000, 0x0000000709600000| Complete 
|   1|0x0000000709800000, 0x0000000709a00000, 0x0000000709a00000|100%|HC|  |TAMS 0x0000000709800000, 0x0000000709800000| Complete 
|   2|0x0000000709a00000, 0x0000000709a5b000, 0x0000000709c00000| 17%| O|  |TAMS 0x0000000709a00000, 0x0000000709a00000| Untracked 
|   3|0x0000000709c00000, 0x0000000709c00000, 0x0000000709e00000|  0%| F|  |TAMS 0x0000000709c00000, 0x0000000709c00000| Untracked 
|   4|0x0000000709e00000, 0x0000000709e00000, 0x000000070a000000|  0%| F|  |TAMS 0x0000000709e00000, 0x0000000709e00000| Untracked 
|   5|0x000000070a000000, 0x000000070a000000, 0x000000070a200000|  0%| F|  |TAMS 0x000000070a000000, 0x000000070a000000| Untracked 
|   6|0x000000070a200000, 0x000000070a200000, 0x000000070a400000|  0%| F|  |TAMS 0x000000070a200000, 0x000000070a200000| Untracked 
|   7|0x000000070a400000, 0x000000070a400000, 0x000000070a600000|  0%| F|  |TAMS 0x000000070a400000, 0x000000070a400000| Untracked 
|   8|0x000000070a600000, 0x000000070a600000, 0x000000070a800000|  0%| F|  |TAMS 0x000000070a600000, 0x000000070a600000| Untracked 
|   9|0x000000070a800000, 0x000000070a800000, 0x000000070aa00000|  0%| F|  |TAMS 0x000000070a800000, 0x000000070a800000| Untracked 
|  10|0x000000070aa00000, 0x000000070aa00000, 0x000000070ac00000|  0%| F|  |TAMS 0x000000070aa00000, 0x000000070aa00000| Untracked 
|  11|0x000000070ac00000, 0x000000070ac00000, 0x000000070ae00000|  0%| F|  |TAMS 0x000000070ac00000, 0x000000070ac00000| Untracked 
|  12|0x000000070ae00000, 0x000000070ae00000, 0x000000070b000000|  0%| F|  |TAMS 0x000000070ae00000, 0x000000070ae00000| Untracked 
|  13|0x000000070b000000, 0x000000070b000000, 0x000000070b200000|  0%| F|  |TAMS 0x000000070b000000, 0x000000070b000000| Untracked 
|  14|0x000000070b200000, 0x000000070b200000, 0x000000070b400000|  0%| F|  |TAMS 0x000000070b200000, 0x000000070b200000| Untracked 
|  15|0x000000070b400000, 0x000000070b400000, 0x000000070b600000|  0%| F|  |TAMS 0x000000070b400000, 0x000000070b400000| Untracked 
|  16|0x000000070b600000, 0x000000070b600000, 0x000000070b800000|  0%| F|  |TAMS 0x000000070b600000, 0x000000070b600000| Untracked 
|  17|0x000000070b800000, 0x000000070b800000, 0x000000070ba00000|  0%| F|  |TAMS 0x000000070b800000, 0x000000070b800000| Untracked 
|  18|0x000000070ba00000, 0x000000070ba00000, 0x000000070bc00000|  0%| F|  |TAMS 0x000000070ba00000, 0x000000070ba00000| Untracked 
|  19|0x000000070bc00000, 0x000000070bc00000, 0x000000070be00000|  0%| F|  |TAMS 0x000000070bc00000, 0x000000070bc00000| Untracked 
|  20|0x000000070be00000, 0x000000070be00000, 0x000000070c000000|  0%| F|  |TAMS 0x000000070be00000, 0x000000070be00000| Untracked 
|  21|0x000000070c000000, 0x000000070c000000, 0x000000070c200000|  0%| F|  |TAMS 0x000000070c000000, 0x000000070c000000| Untracked 
|  22|0x000000070c200000, 0x000000070c200000, 0x000000070c400000|  0%| F|  |TAMS 0x000000070c200000, 0x000000070c200000| Untracked 
|  23|0x000000070c400000, 0x000000070c400000, 0x000000070c600000|  0%| F|  |TAMS 0x000000070c400000, 0x000000070c400000| Untracked 
|  24|0x000000070c600000, 0x000000070c600000, 0x000000070c800000|  0%| F|  |TAMS 0x000000070c600000, 0x000000070c600000| Untracked 
|  25|0x000000070c800000, 0x000000070c800000, 0x000000070ca00000|  0%| F|  |TAMS 0x000000070c800000, 0x000000070c800000| Untracked 
|  26|0x000000070ca00000, 0x000000070ca00000, 0x000000070cc00000|  0%| F|  |TAMS 0x000000070ca00000, 0x000000070ca00000| Untracked 
|  27|0x000000070cc00000, 0x000000070cc00000, 0x000000070ce00000|  0%| F|  |TAMS 0x000000070cc00000, 0x000000070cc00000| Untracked 
|  28|0x000000070ce00000, 0x000000070ce00000, 0x000000070d000000|  0%| F|  |TAMS 0x000000070ce00000, 0x000000070ce00000| Untracked 
|  29|0x000000070d000000, 0x000000070d000000, 0x000000070d200000|  0%| F|  |TAMS 0x000000070d000000, 0x000000070d000000| Untracked 
|  30|0x000000070d200000, 0x000000070d200000, 0x000000070d400000|  0%| F|  |TAMS 0x000000070d200000, 0x000000070d200000| Untracked 
|  31|0x000000070d400000, 0x000000070d400000, 0x000000070d600000|  0%| F|  |TAMS 0x000000070d400000, 0x000000070d400000| Untracked 
|  32|0x000000070d600000, 0x000000070d600000, 0x000000070d800000|  0%| F|  |TAMS 0x000000070d600000, 0x000000070d600000| Untracked 
|  33|0x000000070d800000, 0x000000070d800000, 0x000000070da00000|  0%| F|  |TAMS 0x000000070d800000, 0x000000070d800000| Untracked 
|  34|0x000000070da00000, 0x000000070da00000, 0x000000070dc00000|  0%| F|  |TAMS 0x000000070da00000, 0x000000070da00000| Untracked 
|  35|0x000000070dc00000, 0x000000070dc00000, 0x000000070de00000|  0%| F|  |TAMS 0x000000070dc00000, 0x000000070dc00000| Untracked 
|  36|0x000000070de00000, 0x000000070de00000, 0x000000070e000000|  0%| F|  |TAMS 0x000000070de00000, 0x000000070de00000| Untracked 
|  37|0x000000070e000000, 0x000000070e000000, 0x000000070e200000|  0%| F|  |TAMS 0x000000070e000000, 0x000000070e000000| Untracked 
|  38|0x000000070e200000, 0x000000070e200000, 0x000000070e400000|  0%| F|  |TAMS 0x000000070e200000, 0x000000070e200000| Untracked 
|  39|0x000000070e400000, 0x000000070e400000, 0x000000070e600000|  0%| F|  |TAMS 0x000000070e400000, 0x000000070e400000| Untracked 
|  40|0x000000070e600000, 0x000000070e600000, 0x000000070e800000|  0%| F|  |TAMS 0x000000070e600000, 0x000000070e600000| Untracked 
|  41|0x000000070e800000, 0x000000070e800000, 0x000000070ea00000|  0%| F|  |TAMS 0x000000070e800000, 0x000000070e800000| Untracked 
|  42|0x000000070ea00000, 0x000000070ea00000, 0x000000070ec00000|  0%| F|  |TAMS 0x000000070ea00000, 0x000000070ea00000| Untracked 
|  43|0x000000070ec00000, 0x000000070ec00000, 0x000000070ee00000|  0%| F|  |TAMS 0x000000070ec00000, 0x000000070ec00000| Untracked 
|  44|0x000000070ee00000, 0x000000070ee00000, 0x000000070f000000|  0%| F|  |TAMS 0x000000070ee00000, 0x000000070ee00000| Untracked 
|  45|0x000000070f000000, 0x000000070f000000, 0x000000070f200000|  0%| F|  |TAMS 0x000000070f000000, 0x000000070f000000| Untracked 
|  46|0x000000070f200000, 0x000000070f200000, 0x000000070f400000|  0%| F|  |TAMS 0x000000070f200000, 0x000000070f200000| Untracked 
|  47|0x000000070f400000, 0x000000070f400000, 0x000000070f600000|  0%| F|  |TAMS 0x000000070f400000, 0x000000070f400000| Untracked 
|  48|0x000000070f600000, 0x000000070f600000, 0x000000070f800000|  0%| F|  |TAMS 0x000000070f600000, 0x000000070f600000| Untracked 
|  49|0x000000070f800000, 0x000000070f800000, 0x000000070fa00000|  0%| F|  |TAMS 0x000000070f800000, 0x000000070f800000| Untracked 
|  50|0x000000070fa00000, 0x000000070fa00000, 0x000000070fc00000|  0%| F|  |TAMS 0x000000070fa00000, 0x000000070fa00000| Untracked 
|  51|0x000000070fc00000, 0x000000070fc00000, 0x000000070fe00000|  0%| F|  |TAMS 0x000000070fc00000, 0x000000070fc00000| Untracked 
|  52|0x000000070fe00000, 0x000000070fe00000, 0x0000000710000000|  0%| F|  |TAMS 0x000000070fe00000, 0x000000070fe00000| Untracked 
|  53|0x0000000710000000, 0x0000000710000000, 0x0000000710200000|  0%| F|  |TAMS 0x0000000710000000, 0x0000000710000000| Untracked 
|  54|0x0000000710200000, 0x0000000710200000, 0x0000000710400000|  0%| F|  |TAMS 0x0000000710200000, 0x0000000710200000| Untracked 
|  55|0x0000000710400000, 0x0000000710400000, 0x0000000710600000|  0%| F|  |TAMS 0x0000000710400000, 0x0000000710400000| Untracked 
|  56|0x0000000710600000, 0x0000000710600000, 0x0000000710800000|  0%| F|  |TAMS 0x0000000710600000, 0x0000000710600000| Untracked 
|  57|0x0000000710800000, 0x0000000710800000, 0x0000000710a00000|  0%| F|  |TAMS 0x0000000710800000, 0x0000000710800000| Untracked 
|  58|0x0000000710a00000, 0x0000000710a00000, 0x0000000710c00000|  0%| F|  |TAMS 0x0000000710a00000, 0x0000000710a00000| Untracked 
|  59|0x0000000710c00000, 0x0000000710c00000, 0x0000000710e00000|  0%| F|  |TAMS 0x0000000710c00000, 0x0000000710c00000| Untracked 
|  60|0x0000000710e00000, 0x0000000710e00000, 0x0000000711000000|  0%| F|  |TAMS 0x0000000710e00000, 0x0000000710e00000| Untracked 
|  61|0x0000000711000000, 0x0000000711000000, 0x0000000711200000|  0%| F|  |TAMS 0x0000000711000000, 0x0000000711000000| Untracked 
|  62|0x0000000711200000, 0x0000000711200000, 0x0000000711400000|  0%| F|  |TAMS 0x0000000711200000, 0x0000000711200000| Untracked 
|  63|0x0000000711400000, 0x0000000711400000, 0x0000000711600000|  0%| F|  |TAMS 0x0000000711400000, 0x0000000711400000| Untracked 
|  64|0x0000000711600000, 0x0000000711600000, 0x0000000711800000|  0%| F|  |TAMS 0x0000000711600000, 0x0000000711600000| Untracked 
|  65|0x0000000711800000, 0x0000000711800000, 0x0000000711a00000|  0%| F|  |TAMS 0x0000000711800000, 0x0000000711800000| Untracked 
|  66|0x0000000711a00000, 0x0000000711a00000, 0x0000000711c00000|  0%| F|  |TAMS 0x0000000711a00000, 0x0000000711a00000| Untracked 
|  67|0x0000000711c00000, 0x0000000711c00000, 0x0000000711e00000|  0%| F|  |TAMS 0x0000000711c00000, 0x0000000711c00000| Untracked 
|  68|0x0000000711e00000, 0x0000000711e00000, 0x0000000712000000|  0%| F|  |TAMS 0x0000000711e00000, 0x0000000711e00000| Untracked 
|  69|0x0000000712000000, 0x0000000712000000, 0x0000000712200000|  0%| F|  |TAMS 0x0000000712000000, 0x0000000712000000| Untracked 
|  70|0x0000000712200000, 0x0000000712200000, 0x0000000712400000|  0%| F|  |TAMS 0x0000000712200000, 0x0000000712200000| Untracked 
|  71|0x0000000712400000, 0x0000000712400000, 0x0000000712600000|  0%| F|  |TAMS 0x0000000712400000, 0x0000000712400000| Untracked 
|  72|0x0000000712600000, 0x0000000712600000, 0x0000000712800000|  0%| F|  |TAMS 0x0000000712600000, 0x0000000712600000| Untracked 
|  73|0x0000000712800000, 0x0000000712800000, 0x0000000712a00000|  0%| F|  |TAMS 0x0000000712800000, 0x0000000712800000| Untracked 
|  74|0x0000000712a00000, 0x0000000712a00000, 0x0000000712c00000|  0%| F|  |TAMS 0x0000000712a00000, 0x0000000712a00000| Untracked 
|  75|0x0000000712c00000, 0x0000000712c00000, 0x0000000712e00000|  0%| F|  |TAMS 0x0000000712c00000, 0x0000000712c00000| Untracked 
|  76|0x0000000712e00000, 0x0000000712e00000, 0x0000000713000000|  0%| F|  |TAMS 0x0000000712e00000, 0x0000000712e00000| Untracked 
|  77|0x0000000713000000, 0x0000000713000000, 0x0000000713200000|  0%| F|  |TAMS 0x0000000713000000, 0x0000000713000000| Untracked 
|  78|0x0000000713200000, 0x0000000713200000, 0x0000000713400000|  0%| F|  |TAMS 0x0000000713200000, 0x0000000713200000| Untracked 
|  79|0x0000000713400000, 0x0000000713400000, 0x0000000713600000|  0%| F|  |TAMS 0x0000000713400000, 0x0000000713400000| Untracked 
|  80|0x0000000713600000, 0x0000000713600000, 0x0000000713800000|  0%| F|  |TAMS 0x0000000713600000, 0x0000000713600000| Untracked 
|  81|0x0000000713800000, 0x0000000713800000, 0x0000000713a00000|  0%| F|  |TAMS 0x0000000713800000, 0x0000000713800000| Untracked 
|  82|0x0000000713a00000, 0x0000000713a00000, 0x0000000713c00000|  0%| F|  |TAMS 0x0000000713a00000, 0x0000000713a00000| Untracked 
|  83|0x0000000713c00000, 0x0000000713c00000, 0x0000000713e00000|  0%| F|  |TAMS 0x0000000713c00000, 0x0000000713c00000| Untracked 
|  84|0x0000000713e00000, 0x0000000713e00000, 0x0000000714000000|  0%| F|  |TAMS 0x0000000713e00000, 0x0000000713e00000| Untracked 
|  85|0x0000000714000000, 0x0000000714000000, 0x0000000714200000|  0%| F|  |TAMS 0x0000000714000000, 0x0000000714000000| Untracked 
|  86|0x0000000714200000, 0x0000000714200000, 0x0000000714400000|  0%| F|  |TAMS 0x0000000714200000, 0x0000000714200000| Untracked 
|  87|0x0000000714400000, 0x0000000714400000, 0x0000000714600000|  0%| F|  |TAMS 0x0000000714400000, 0x0000000714400000| Untracked 
|  88|0x0000000714600000, 0x0000000714600000, 0x0000000714800000|  0%| F|  |TAMS 0x0000000714600000, 0x0000000714600000| Untracked 
|  89|0x0000000714800000, 0x0000000714800000, 0x0000000714a00000|  0%| F|  |TAMS 0x0000000714800000, 0x0000000714800000| Untracked 
|  90|0x0000000714a00000, 0x0000000714a00000, 0x0000000714c00000|  0%| F|  |TAMS 0x0000000714a00000, 0x0000000714a00000| Untracked 
|  91|0x0000000714c00000, 0x0000000714c00000, 0x0000000714e00000|  0%| F|  |TAMS 0x0000000714c00000, 0x0000000714c00000| Untracked 
|  92|0x0000000714e00000, 0x0000000714e00000, 0x0000000715000000|  0%| F|  |TAMS 0x0000000714e00000, 0x0000000714e00000| Untracked 
|  93|0x0000000715000000, 0x0000000715000000, 0x0000000715200000|  0%| F|  |TAMS 0x0000000715000000, 0x0000000715000000| Untracked 
|  94|0x0000000715200000, 0x0000000715200000, 0x0000000715400000|  0%| F|  |TAMS 0x0000000715200000, 0x0000000715200000| Untracked 
|  95|0x0000000715400000, 0x0000000715400000, 0x0000000715600000|  0%| F|  |TAMS 0x0000000715400000, 0x0000000715400000| Untracked 
|  96|0x0000000715600000, 0x0000000715600000, 0x0000000715800000|  0%| F|  |TAMS 0x0000000715600000, 0x0000000715600000| Untracked 
|  97|0x0000000715800000, 0x0000000715800000, 0x0000000715a00000|  0%| F|  |TAMS 0x0000000715800000, 0x0000000715800000| Untracked 
|  98|0x0000000715a00000, 0x0000000715a00000, 0x0000000715c00000|  0%| F|  |TAMS 0x0000000715a00000, 0x0000000715a00000| Untracked 
|  99|0x0000000715c00000, 0x0000000715c00000, 0x0000000715e00000|  0%| F|  |TAMS 0x0000000715c00000, 0x0000000715c00000| Untracked 
| 100|0x0000000715e00000, 0x0000000715e00000, 0x0000000716000000|  0%| F|  |TAMS 0x0000000715e00000, 0x0000000715e00000| Untracked 
| 101|0x0000000716000000, 0x0000000716000000, 0x0000000716200000|  0%| F|  |TAMS 0x0000000716000000, 0x0000000716000000| Untracked 
| 102|0x0000000716200000, 0x0000000716200000, 0x0000000716400000|  0%| F|  |TAMS 0x0000000716200000, 0x0000000716200000| Untracked 
| 103|0x0000000716400000, 0x0000000716400000, 0x0000000716600000|  0%| F|  |TAMS 0x0000000716400000, 0x0000000716400000| Untracked 
| 104|0x0000000716600000, 0x0000000716600000, 0x0000000716800000|  0%| F|  |TAMS 0x0000000716600000, 0x0000000716600000| Untracked 
| 105|0x0000000716800000, 0x0000000716800000, 0x0000000716a00000|  0%| F|  |TAMS 0x0000000716800000, 0x0000000716800000| Untracked 
| 106|0x0000000716a00000, 0x0000000716a00000, 0x0000000716c00000|  0%| F|  |TAMS 0x0000000716a00000, 0x0000000716a00000| Untracked 
| 107|0x0000000716c00000, 0x0000000716c00000, 0x0000000716e00000|  0%| F|  |TAMS 0x0000000716c00000, 0x0000000716c00000| Untracked 
| 108|0x0000000716e00000, 0x0000000716e00000, 0x0000000717000000|  0%| F|  |TAMS 0x0000000716e00000, 0x0000000716e00000| Untracked 
| 109|0x0000000717000000, 0x0000000717000000, 0x0000000717200000|  0%| F|  |TAMS 0x0000000717000000, 0x0000000717000000| Untracked 
| 110|0x0000000717200000, 0x0000000717200000, 0x0000000717400000|  0%| F|  |TAMS 0x0000000717200000, 0x0000000717200000| Untracked 
| 111|0x0000000717400000, 0x0000000717600000, 0x0000000717600000|100%| S|CS|TAMS 0x0000000717400000, 0x0000000717400000| Complete 
| 112|0x0000000717600000, 0x0000000717800000, 0x0000000717800000|100%| S|CS|TAMS 0x0000000717600000, 0x0000000717600000| Complete 
| 113|0x0000000717800000, 0x0000000717800000, 0x0000000717a00000|  0%| F|  |TAMS 0x0000000717800000, 0x0000000717800000| Untracked 
| 114|0x0000000717a00000, 0x0000000717a00000, 0x0000000717c00000|  0%| F|  |TAMS 0x0000000717a00000, 0x0000000717a00000| Untracked 
| 115|0x0000000717c00000, 0x0000000717c00000, 0x0000000717e00000|  0%| F|  |TAMS 0x0000000717c00000, 0x0000000717c00000| Untracked 
| 116|0x0000000717e00000, 0x0000000717e00000, 0x0000000718000000|  0%| F|  |TAMS 0x0000000717e00000, 0x0000000717e00000| Untracked 
| 117|0x0000000718000000, 0x0000000718000000, 0x0000000718200000|  0%| F|  |TAMS 0x0000000718000000, 0x0000000718000000| Untracked 
| 118|0x0000000718200000, 0x0000000718400000, 0x0000000718400000|100%| E|  |TAMS 0x0000000718200000, 0x0000000718200000| Complete 
| 119|0x0000000718400000, 0x0000000718600000, 0x0000000718600000|100%| E|CS|TAMS 0x0000000718400000, 0x0000000718400000| Complete 
| 120|0x0000000718600000, 0x0000000718800000, 0x0000000718800000|100%| E|CS|TAMS 0x0000000718600000, 0x0000000718600000| Complete 
| 121|0x0000000718800000, 0x0000000718a00000, 0x0000000718a00000|100%| E|CS|TAMS 0x0000000718800000, 0x0000000718800000| Complete 
| 122|0x0000000718a00000, 0x0000000718c00000, 0x0000000718c00000|100%| E|CS|TAMS 0x0000000718a00000, 0x0000000718a00000| Complete 
| 123|0x0000000718c00000, 0x0000000718e00000, 0x0000000718e00000|100%| E|CS|TAMS 0x0000000718c00000, 0x0000000718c00000| Complete 

Card table byte_map: [0x000002b234d10000,0x000002b2354d0000] _byte_map_base: 0x000002b2314c5000

Marking Bits (Prev, Next): (CMBitMap*) 0x000002b21b3193c0, (CMBitMap*) 0x000002b21b319400
 Prev Bits: [0x000002b235c90000, 0x000002b239a38000)
 Next Bits: [0x000002b239a40000, 0x000002b23d7e8000)

Polling page: 0x000002b21b390000

Metaspace:

Usage:
  Non-class:      6.26 MB used.
      Class:    774.66 KB used.
       Both:      7.02 MB used.

Virtual space:
  Non-class space:        8.00 MB reserved,       6.38 MB ( 80%) committed,  1 nodes.
      Class space:        1.00 GB reserved,     896.00 KB ( <1%) committed,  1 nodes.
             Both:        1.01 GB reserved,       7.25 MB ( <1%) committed. 

Chunk freelists:
   Non-Class:  864.00 KB
       Class:  3.10 MB
        Both:  3.94 MB

MaxMetaspaceSize: unlimited
CompressedClassSpaceSize: 1.00 GB
Initial GC threshold: 21.00 MB
Current GC threshold: 21.00 MB
CDS: on
MetaspaceReclaimPolicy: balanced
 - commit_granule_bytes: 65536.
 - commit_granule_words: 8192.
 - virtual_space_node_default_size: 1048576.
 - enlarge_chunks_in_place: 1.
 - new_chunks_are_fully_committed: 0.
 - uncommit_free_chunks: 1.
 - use_allocation_guard: 0.
 - handle_deallocations: 1.


Internal statistics:

num_allocs_failed_limit: 0.
num_arena_births: 128.
num_arena_deaths: 0.
num_vsnodes_births: 2.
num_vsnodes_deaths: 0.
num_space_committed: 116.
num_space_uncommitted: 0.
num_chunks_returned_to_freelist: 0.
num_chunks_taken_from_freelist: 180.
num_chunk_merges: 0.
num_chunk_splits: 107.
num_chunks_enlarged: 52.
num_purges: 0.
num_inconsistent_stats: 0.

CodeHeap 'non-profiled nmethods': size=119168Kb used=489Kb max_used=489Kb free=118678Kb
 bounds [0x000002b22c130000, 0x000002b22c3a0000, 0x000002b233590000]
CodeHeap 'profiled nmethods': size=119104Kb used=1893Kb max_used=1893Kb free=117210Kb
 bounds [0x000002b224ce0000, 0x000002b224f50000, 0x000002b22c130000]
CodeHeap 'non-nmethods': size=7488Kb used=2385Kb max_used=2413Kb free=5102Kb
 bounds [0x000002b224590000, 0x000002b224800000, 0x000002b224ce0000]
 total_blobs=1872 nmethods=1291 adapters=492
 compilation: enabled
              stopped_count=0, restarted_count=0
 full_count=0

Compilation events (20 events):
Event: 1.862 Thread 0x000002b24154ee40 nmethod 1280 0x000002b22c1a5810 code [0x000002b22c1a59a0, 0x000002b22c1a5a78]
Event: 1.862 Thread 0x000002b24153a900 nmethod 1281 0x000002b22c1a5b10 code [0x000002b22c1a5ca0, 0x000002b22c1a5d78]
Event: 1.865 Thread 0x000002b24153a900 1282       1       summit.game.tile.Tile::getName (5 bytes)
Event: 1.865 Thread 0x000002b2414207f0 1283       1       summit.game.entity.Entity::setInWater (6 bytes)
Event: 1.865 Thread 0x000002b24154ee40 1284       1       summit.game.entity.Entity::getDx (5 bytes)
Event: 1.865 Thread 0x000002b24153a900 nmethod 1282 0x000002b22c1a5e10 code [0x000002b22c1a5fa0, 0x000002b22c1a6078]
Event: 1.865 Thread 0x000002b2414207f0 nmethod 1283 0x000002b22c1a6110 code [0x000002b22c1a62a0, 0x000002b22c1a6378]
Event: 1.865 Thread 0x000002b24153a900 1287       3       summit.game.entity.Entity::moveTo (19 bytes)
Event: 1.865 Thread 0x000002b2414207f0 1285       1       summit.game.entity.Entity::getDy (5 bytes)
Event: 1.865 Thread 0x000002b24154ee40 nmethod 1284 0x000002b22c1a6410 code [0x000002b22c1a65a0, 0x000002b22c1a6678]
Event: 1.865 Thread 0x000002b24154ee40 1286       1       summit.util.Region::setX (6 bytes)
Event: 1.865 Thread 0x000002b2414207f0 nmethod 1285 0x000002b22c1a6710 code [0x000002b22c1a68a0, 0x000002b22c1a6978]
Event: 1.865 Thread 0x000002b2414207f0 1288       1       summit.util.Region::setY (6 bytes)
Event: 1.865 Thread 0x000002b24154ee40 nmethod 1286 0x000002b22c1a6a10 code [0x000002b22c1a6ba0, 0x000002b22c1a6c78]
Event: 1.865 Thread 0x000002b24154ee40 1289       1       summit.gfx.Camera::setX (6 bytes)
Event: 1.865 Thread 0x000002b2414207f0 nmethod 1288 0x000002b22c1a6d10 code [0x000002b22c1a6ea0, 0x000002b22c1a6f78]
Event: 1.865 Thread 0x000002b2414207f0 1290       1       summit.gfx.Camera::setY (6 bytes)
Event: 1.865 Thread 0x000002b24154ee40 nmethod 1289 0x000002b22c1a7010 code [0x000002b22c1a71a0, 0x000002b22c1a7278]
Event: 1.865 Thread 0x000002b2414207f0 nmethod 1290 0x000002b22c1a7310 code [0x000002b22c1a74a0, 0x000002b22c1a7578]
Event: 1.865 Thread 0x000002b24153a900 nmethod 1287 0x000002b224eb7a10 code [0x000002b224eb7c20, 0x000002b224eb8448]

GC Heap History (2 events):
Event: 1.745 GC heap before
{Heap before GC invocations=0 (full 0):
 garbage-first heap   total 253952K, used 26624K [0x0000000709600000, 0x0000000800000000)
  region size 2048K, 11 young (22528K), 0 survivors (0K)
 Metaspace       used 7115K, committed 7360K, reserved 1056768K
  class space    used 766K, committed 896K, reserved 1048576K
}
Event: 1.747 GC heap after
{Heap after GC invocations=1 (full 0):
 garbage-first heap   total 253952K, used 8556K [0x0000000709600000, 0x0000000800000000)
  region size 2048K, 2 young (4096K), 2 survivors (4096K)
 Metaspace       used 7115K, committed 7360K, reserved 1056768K
  class space    used 766K, committed 896K, reserved 1048576K
}

Deoptimization events (20 events):
Event: 1.813 Thread 0x000002b2415588b0 DEOPT PACKING pc=0x000002b224eb0522 sp=0x000000d8e00ff4a0
Event: 1.813 Thread 0x000002b2415588b0 DEOPT UNPACKING pc=0x000002b2245e2b43 sp=0x000000d8e00fe948 mode 0
Event: 1.813 Thread 0x000002b2415588b0 DEOPT PACKING pc=0x000002b224eb0522 sp=0x000000d8e00ff4a0
Event: 1.813 Thread 0x000002b2415588b0 DEOPT UNPACKING pc=0x000002b2245e2b43 sp=0x000000d8e00fe948 mode 0
Event: 1.814 Thread 0x000002b2415588b0 DEOPT PACKING pc=0x000002b224eb0522 sp=0x000000d8e00ff4a0
Event: 1.814 Thread 0x000002b2415588b0 DEOPT UNPACKING pc=0x000002b2245e2b43 sp=0x000000d8e00fe948 mode 0
Event: 1.814 Thread 0x000002b2415588b0 DEOPT PACKING pc=0x000002b224eb0522 sp=0x000000d8e00ff4a0
Event: 1.814 Thread 0x000002b2415588b0 DEOPT UNPACKING pc=0x000002b2245e2b43 sp=0x000000d8e00fe948 mode 0
Event: 1.814 Thread 0x000002b2415588b0 DEOPT PACKING pc=0x000002b224eb0522 sp=0x000000d8e00ff4a0
Event: 1.814 Thread 0x000002b2415588b0 DEOPT UNPACKING pc=0x000002b2245e2b43 sp=0x000000d8e00fe948 mode 0
Event: 1.814 Thread 0x000002b2415588b0 DEOPT PACKING pc=0x000002b224eb0522 sp=0x000000d8e00ff4a0
Event: 1.814 Thread 0x000002b2415588b0 DEOPT UNPACKING pc=0x000002b2245e2b43 sp=0x000000d8e00fe948 mode 0
Event: 1.815 Thread 0x000002b2415588b0 DEOPT PACKING pc=0x000002b224eb0522 sp=0x000000d8e00ff4a0
Event: 1.815 Thread 0x000002b2415588b0 DEOPT UNPACKING pc=0x000002b2245e2b43 sp=0x000000d8e00fe948 mode 0
Event: 1.830 Thread 0x000002b2415588b0 DEOPT PACKING pc=0x000002b224eb1c9d sp=0x000000d8e00ff1d0
Event: 1.830 Thread 0x000002b2415588b0 DEOPT UNPACKING pc=0x000002b2245e2b43 sp=0x000000d8e00fe660 mode 0
Event: 1.840 Thread 0x000002b2415588b0 DEOPT PACKING pc=0x000002b224eb1c9d sp=0x000000d8e00ff1d0
Event: 1.840 Thread 0x000002b2415588b0 DEOPT UNPACKING pc=0x000002b2245e2b43 sp=0x000000d8e00fe660 mode 0
Event: 1.851 Thread 0x000002b2415588b0 DEOPT PACKING pc=0x000002b224eb3a57 sp=0x000000d8e00ff560
Event: 1.851 Thread 0x000002b2415588b0 DEOPT UNPACKING pc=0x000002b2245e2b43 sp=0x000000d8e00fea08 mode 0

Classes unloaded (0 events):
No events

Classes redefined (0 events):
No events

Internal exceptions (13 events):
Event: 0.052 Thread 0x000002b241557a40 Exception <a 'java/lang/ClassNotFoundException'{0x0000000718a2b280}: sun/awt/resources/spi/awtProvider> (0x0000000718a2b280) 
thrown [s\src\hotspot\share\classfile\systemDictionary.cpp, line 256]
Event: 0.071 Thread 0x000002b241557a40 Exception <a 'java/io/FileNotFoundException'{0x0000000718b657f8}> (0x0000000718b657f8) 
thrown [s\src\hotspot\share\prims\jni.cpp, line 516]
Event: 0.077 Thread 0x000002b241557a40 Exception <a 'java/io/FileNotFoundException'{0x0000000718b92750}> (0x0000000718b92750) 
thrown [s\src\hotspot\share\prims\jni.cpp, line 516]
Event: 0.091 Thread 0x000002b241557a40 Exception <a 'java/lang/NoSuchMethodError'{0x0000000718bc8010}: 'java.lang.Object java.lang.invoke.DirectMethodHandle$Holder.invokeStaticInit(java.lang.Object)'> (0x0000000718bc8010) 
thrown [s\src\hotspot\share\interpreter\linkResolver.cpp, line 759]
Event: 0.234 Thread 0x000002b241557a40 Exception <a 'java/lang/NoSuchMethodError'{0x0000000718766788}: 'void java.lang.invoke.DirectMethodHandle$Holder.invokeSpecial(java.lang.Object, java.lang.Object, java.lang.Object)'> (0x0000000718766788) 
thrown [s\src\hotspot\share\interpreter\linkResolver.cpp, line 759]
Event: 0.240 Thread 0x000002b241557a40 Exception <a 'java/lang/NoSuchMethodError'{0x0000000718790a20}: 'java.lang.Object java.lang.invoke.DirectMethodHandle$Holder.newInvokeSpecial(java.lang.Object, java.lang.Object, java.lang.Object, java.lang.Object, java.lang.Object)'> (0x0000000718790a20) 
thrown [s\src\hotspot\share\interpreter\linkResolver.cpp, line 759]
Event: 0.241 Thread 0x000002b241557a40 Exception <a 'java/lang/NoSuchMethodError'{0x000000071879c3e8}: 'java.lang.Object java.lang.invoke.DirectMethodHandle$Holder.invokeStatic(java.lang.Object, int, java.lang.Object, java.lang.Object, java.lang.Object, java.lang.Object)'> (0x000000071879c3e8) 
thrown [s\src\hotspot\share\interpreter\linkResolver.cpp, line 759]
Event: 0.244 Thread 0x000002b241557a40 Exception <a 'java/lang/NoSuchMethodError'{0x00000007187c1b08}: 'java.lang.Object java.lang.invoke.DirectMethodHandle$Holder.invokeStatic(java.lang.Object, int, java.lang.Object)'> (0x00000007187c1b08) 
thrown [s\src\hotspot\share\interpreter\linkResolver.cpp, line 759]
Event: 0.262 Thread 0x000002b241557a40 Exception <a 'java/lang/ClassNotFoundException'{0x0000000718479fd0}: com/sun/swing/internal/plaf/metal/resources/spi/metalProvider> (0x0000000718479fd0) 
thrown [s\src\hotspot\share\classfile\systemDictionary.cpp, line 256]
Event: 0.263 Thread 0x000002b241557a40 Exception <a 'java/lang/ClassNotFoundException'{0x000000071847de58}: com/sun/swing/internal/plaf/basic/resources/spi/basicProvider> (0x000000071847de58) 
thrown [s\src\hotspot\share\classfile\systemDictionary.cpp, line 256]
Event: 0.275 Thread 0x000002b241557f10 Exception <a 'java/lang/NoSuchMethodError'{0x0000000718680998}: 'void java.lang.invoke.DirectMethodHandle$Holder.invokeVirtual(java.lang.Object, java.lang.Object)'> (0x0000000718680998) 
thrown [s\src\hotspot\share\interpreter\linkResolver.cpp, line 759]
Event: 0.285 Thread 0x000002b241557a40 Exception <a 'java/lang/NoSuchMethodError'{0x00000007184bbda0}: 'void java.lang.invoke.DirectMethodHandle$Holder.invokeStaticInit(java.lang.Object)'> (0x00000007184bbda0) 
thrown [s\src\hotspot\share\interpreter\linkResolver.cpp, line 759]
Event: 1.749 Thread 0x000002b241559bf0 Implicit null exception at 0x000002b22c18b256 to 0x000002b22c18b34c

VM Operations (18 events):
Event: 0.038 Executing VM operation: HandshakeAllThreads
Event: 0.038 Executing VM operation: HandshakeAllThreads done
Event: 0.262 Executing VM operation: HandshakeAllThreads
Event: 0.262 Executing VM operation: HandshakeAllThreads done
Event: 0.302 Executing VM operation: HandshakeAllThreads
Event: 0.302 Executing VM operation: HandshakeAllThreads done
Event: 0.328 Executing VM operation: HandshakeAllThreads
Event: 0.328 Executing VM operation: HandshakeAllThreads done
Event: 1.337 Executing VM operation: Cleanup
Event: 1.337 Executing VM operation: Cleanup done
Event: 1.732 Executing VM operation: HandshakeAllThreads
Event: 1.732 Executing VM operation: HandshakeAllThreads done
Event: 1.745 Executing VM operation: G1CollectForAllocation
Event: 1.747 Executing VM operation: G1CollectForAllocation done
Event: 1.756 Executing VM operation: HandshakeAllThreads
Event: 1.757 Executing VM operation: HandshakeAllThreads done
Event: 1.758 Executing VM operation: HandshakeAllThreads
Event: 1.758 Executing VM operation: HandshakeAllThreads done

Events (20 events):
Event: 1.161 loading class java/awt/Panel
Event: 1.161 loading class java/awt/Panel done
Event: 1.161 loading class java/applet/Applet done
Event: 1.161 loading class javax/swing/JInternalFrame
Event: 1.162 loading class javax/swing/JInternalFrame done
Event: 1.162 loading class javax/swing/KeyboardManager
Event: 1.162 loading class javax/swing/KeyboardManager done
Event: 1.162 loading class javax/swing/Popup$HeavyWeightWindow
Event: 1.162 loading class sun/awt/ModalExclude
Event: 1.162 loading class sun/awt/ModalExclude done
Event: 1.162 loading class javax/swing/JWindow
Event: 1.162 loading class javax/swing/JWindow done
Event: 1.162 loading class javax/swing/Popup$HeavyWeightWindow done
Event: 1.730 loading class java/lang/Math$RandomNumberGeneratorHolder
Event: 1.730 loading class java/lang/Math$RandomNumberGeneratorHolder done
Event: 1.747 Thread 0x000002b241f5e770 Thread added: 0x000002b241f5e770
Event: 1.748 Thread 0x000002b241f5ec80 Thread added: 0x000002b241f5ec80
Event: 1.748 Thread 0x000002b241f5b150 Thread added: 0x000002b241f5b150
Event: 1.748 Thread 0x000002b241f5b660 Thread added: 0x000002b241f5b660
Event: 1.759 Thread 0x000002b241559250 Thread added: 0x000002b241559250


Dynamic libraries:
0x00007ff796dc0000 - 0x00007ff796dce000 	C:\Users\aadiu\AppData\Local\Programs\Eclipse Adoptium\jdk-17.0.4.101-hotspot\bin\java.exe
0x00007ffb36970000 - 0x00007ffb36b68000 	C:\Windows\SYSTEM32\ntdll.dll
0x00007ffb352a0000 - 0x00007ffb3535f000 	C:\Windows\System32\KERNEL32.DLL
0x00007ffb34310000 - 0x00007ffb345e2000 	C:\Windows\System32\KERNELBASE.dll
0x00007ffb34110000 - 0x00007ffb34210000 	C:\Windows\System32\ucrtbase.dll
0x00007ffb31af0000 - 0x00007ffb31b08000 	C:\Users\aadiu\AppData\Local\Programs\Eclipse Adoptium\jdk-17.0.4.101-hotspot\bin\jli.dll
0x00007ffb26d60000 - 0x00007ffb26d79000 	C:\Users\aadiu\AppData\Local\Programs\Eclipse Adoptium\jdk-17.0.4.101-hotspot\bin\VCRUNTIME140.dll
0x00007ffb35530000 - 0x00007ffb356cd000 	C:\Windows\System32\USER32.dll
0x00007ffb34720000 - 0x00007ffb34742000 	C:\Windows\System32\win32u.dll
0x00007ffb20b10000 - 0x00007ffb20daa000 	C:\Windows\WinSxS\amd64_microsoft.windows.common-controls_6595b64144ccf1df_6.0.19041.1110_none_60b5254171f9507e\COMCTL32.dll
0x00007ffb35fa0000 - 0x00007ffb35fcb000 	C:\Windows\System32\GDI32.dll
0x00007ffb35f00000 - 0x00007ffb35f9e000 	C:\Windows\System32\msvcrt.dll
0x00007ffb34750000 - 0x00007ffb3485f000 	C:\Windows\System32\gdi32full.dll
0x00007ffb345f0000 - 0x00007ffb3468d000 	C:\Windows\System32\msvcp_win.dll
0x00007ffb356f0000 - 0x00007ffb35722000 	C:\Windows\System32\IMM32.DLL
0x00007ffb31e90000 - 0x00007ffb31e9c000 	C:\Users\aadiu\AppData\Local\Programs\Eclipse Adoptium\jdk-17.0.4.101-hotspot\bin\vcruntime140_1.dll
0x00007ffb153c0000 - 0x00007ffb15451000 	C:\Users\aadiu\AppData\Local\Programs\Eclipse Adoptium\jdk-17.0.4.101-hotspot\bin\msvcp140.dll
0x00007ffabaac0000 - 0x00007ffabb706000 	C:\Users\aadiu\AppData\Local\Programs\Eclipse Adoptium\jdk-17.0.4.101-hotspot\bin\server\jvm.dll
0x00007ffb34ec0000 - 0x00007ffb34f6e000 	C:\Windows\System32\ADVAPI32.dll
0x00007ffb35e60000 - 0x00007ffb35efc000 	C:\Windows\System32\sechost.dll
0x00007ffb35ba0000 - 0x00007ffb35cc5000 	C:\Windows\System32\RPCRT4.dll
0x00007ffb34eb0000 - 0x00007ffb34eb8000 	C:\Windows\System32\PSAPI.DLL
0x00007ffb1d990000 - 0x00007ffb1d999000 	C:\Windows\SYSTEM32\WSOCK32.dll
0x00007ffb2d720000 - 0x00007ffb2d72a000 	C:\Windows\SYSTEM32\VERSION.dll
0x00007ffb31d40000 - 0x00007ffb31d67000 	C:\Windows\SYSTEM32\WINMM.dll
0x00007ffb35160000 - 0x00007ffb351cb000 	C:\Windows\System32\WS2_32.dll
0x00007ffb31fa0000 - 0x00007ffb31fb2000 	C:\Windows\SYSTEM32\kernel.appcore.dll
0x00007ffb2a2a0000 - 0x00007ffb2a2aa000 	C:\Users\aadiu\AppData\Local\Programs\Eclipse Adoptium\jdk-17.0.4.101-hotspot\bin\jimage.dll
0x00007ffb31b50000 - 0x00007ffb31d34000 	C:\Windows\SYSTEM32\DBGHELP.DLL
0x00007ffb31b20000 - 0x00007ffb31b4c000 	C:\Windows\SYSTEM32\dbgcore.DLL
0x00007ffb34690000 - 0x00007ffb34712000 	C:\Windows\System32\bcryptPrimitives.dll
0x00007ffb24f60000 - 0x00007ffb24f85000 	C:\Users\aadiu\AppData\Local\Programs\Eclipse Adoptium\jdk-17.0.4.101-hotspot\bin\java.dll
0x00007ffafa3c0000 - 0x00007ffafa496000 	C:\Users\aadiu\AppData\Local\Programs\Eclipse Adoptium\jdk-17.0.4.101-hotspot\bin\jsvml.dll
0x00007ffb35fd0000 - 0x00007ffb36713000 	C:\Windows\System32\SHELL32.dll
0x00007ffb32130000 - 0x00007ffb328c2000 	C:\Windows\SYSTEM32\windows.storage.dll
0x00007ffb34ad0000 - 0x00007ffb34e24000 	C:\Windows\System32\combase.dll
0x00007ffb33a60000 - 0x00007ffb33a90000 	C:\Windows\SYSTEM32\Wldp.dll
0x00007ffb349c0000 - 0x00007ffb34a6d000 	C:\Windows\System32\SHCORE.dll
0x00007ffb35020000 - 0x00007ffb35075000 	C:\Windows\System32\shlwapi.dll
0x00007ffb33fb0000 - 0x00007ffb33fcf000 	C:\Windows\SYSTEM32\profapi.dll
0x00007ffaf7000000 - 0x00007ffaf718e000 	C:\Users\aadiu\AppData\Local\Programs\Eclipse Adoptium\jdk-17.0.4.101-hotspot\bin\awt.dll
0x00007ffb351d0000 - 0x00007ffb3529d000 	C:\Windows\System32\OLEAUT32.dll
0x00007ffb31300000 - 0x00007ffb31391000 	C:\Windows\SYSTEM32\apphelp.dll
0x00007ffb1fa70000 - 0x00007ffb1fa88000 	C:\Users\aadiu\AppData\Local\Programs\Eclipse Adoptium\jdk-17.0.4.101-hotspot\bin\zip.dll
0x00007ffb31410000 - 0x00007ffb314ae000 	C:\Windows\system32\uxtheme.dll
0x00007ffb353f0000 - 0x00007ffb35505000 	C:\Windows\System32\MSCTF.dll
0x00007ffb35cd0000 - 0x00007ffb35dfa000 	C:\Windows\System32\ole32.dll
0x00007ffb31590000 - 0x00007ffb315bf000 	C:\Windows\system32\DWMAPI.DLL
0x00007ffadadb0000 - 0x00007ffadaed5000 	C:\Windows\system32\opengl32.dll
0x00007ffada100000 - 0x00007ffada12c000 	C:\Windows\SYSTEM32\GLU32.dll
0x00007ffb269b0000 - 0x00007ffb26b7f000 	C:\Windows\system32\d3d9.dll
0x00007ffb28d70000 - 0x00007ffb28f28000 	C:\Windows\System32\DriverStore\FileRepository\u0370468.inf_amd64_5e4260b11257b6e9\B370372\aticfx64.dll
0x00007ffb1f320000 - 0x00007ffb1f354000 	C:\Windows\System32\DriverStore\FileRepository\u0370468.inf_amd64_5e4260b11257b6e9\B370372\atiu9p64.dll
0x00007ffab93e0000 - 0x00007ffaba134000 	C:\Windows\System32\DriverStore\FileRepository\u0370468.inf_amd64_5e4260b11257b6e9\B370372\atiumd64.dll
0x000000006c4b0000 - 0x000000006d324000 	C:\Windows\System32\DriverStore\FileRepository\u0370468.inf_amd64_5e4260b11257b6e9\B370372\atiumd6a.dll
0x00007ffb35730000 - 0x00007ffb35b98000 	C:\Windows\System32\SETUPAPI.dll
0x00007ffb34210000 - 0x00007ffb3425e000 	C:\Windows\System32\cfgmgr32.dll
0x00007ffb33e30000 - 0x00007ffb33e7b000 	C:\Windows\SYSTEM32\POWRPROF.dll
0x00007ffb34070000 - 0x00007ffb34097000 	C:\Windows\System32\bcrypt.dll
0x00007ffb33e10000 - 0x00007ffb33e22000 	C:\Windows\SYSTEM32\UMPDC.dll
0x00007ffb29180000 - 0x00007ffb291b0000 	C:\Windows\SYSTEM32\amdihk64.dll
0x00007ffb29960000 - 0x00007ffb2999b000 	C:\Windows\SYSTEM32\dxcore.dll
0x00007ffb12520000 - 0x00007ffb125a6000 	C:\Users\aadiu\AppData\Local\Programs\Eclipse Adoptium\jdk-17.0.4.101-hotspot\bin\freetype.dll
0x00007ffafa310000 - 0x00007ffafa3b8000 	C:\Users\aadiu\AppData\Local\Programs\Eclipse Adoptium\jdk-17.0.4.101-hotspot\bin\fontmanager.dll
0x00007ffb28f30000 - 0x00007ffb29029000 	C:\Windows\SYSTEM32\textinputframework.dll
0x00007ffb30e70000 - 0x00007ffb311ce000 	C:\Windows\System32\CoreUIComponents.dll
0x00007ffb309d0000 - 0x00007ffb30ac2000 	C:\Windows\System32\CoreMessaging.dll
0x00007ffb33190000 - 0x00007ffb331c3000 	C:\Windows\SYSTEM32\ntmarta.dll
0x00007ffb30200000 - 0x00007ffb30354000 	C:\Windows\SYSTEM32\wintypes.dll

dbghelp: loaded successfully - version: 4.0.5 - missing functions: none
symbol engine: initialized successfully - sym options: 0x614 - pdb path: .;C:\Users\aadiu\AppData\Local\Programs\Eclipse Adoptium\jdk-17.0.4.101-hotspot\bin;C:\Windows\SYSTEM32;C:\Windows\WinSxS\amd64_microsoft.windows.common-controls_6595b64144ccf1df_6.0.19041.1110_none_60b5254171f9507e;C:\Users\aadiu\AppData\Local\Programs\Eclipse Adoptium\jdk-17.0.4.101-hotspot\bin\server;C:\Windows\System32\DriverStore\FileRepository\u0370468.inf_amd64_5e4260b11257b6e9\B370372

VM Arguments:
jvm_args: -XX:+ShowCodeDetailsInExceptionMessages 
java_command: summit.Main
java_class_path (initial): C:\Users\aadiu\AppData\Roaming\Code\User\workspaceStorage\1c2e286de9ea8afffefde57d2c4cc9eb\redhat.java\jdt_ws\Summit_aca78153\bin
Launcher Type: SUN_STANDARD

[Global flags]
     intx CICompilerCount                          = 12                                        {product} {ergonomic}
     uint ConcGCThreads                            = 3                                         {product} {ergonomic}
     uint G1ConcRefinementThreads                  = 13                                        {product} {ergonomic}
   size_t G1HeapRegionSize                         = 2097152                                   {product} {ergonomic}
    uintx GCDrainStackTargetSize                   = 64                                        {product} {ergonomic}
   size_t InitialHeapSize                          = 260046848                                 {product} {ergonomic}
   size_t MarkStackSize                            = 4194304                                   {product} {ergonomic}
   size_t MaxHeapSize                              = 4137680896                                {product} {ergonomic}
   size_t MaxNewSize                               = 2480930816                                {product} {ergonomic}
   size_t MinHeapDeltaBytes                        = 2097152                                   {product} {ergonomic}
   size_t MinHeapSize                              = 8388608                                   {product} {ergonomic}
    uintx NonNMethodCodeHeapSize                   = 7602480                                {pd product} {ergonomic}
    uintx NonProfiledCodeHeapSize                  = 122027880                              {pd product} {ergonomic}
    uintx ProfiledCodeHeapSize                     = 122027880                              {pd product} {ergonomic}
    uintx ReservedCodeCacheSize                    = 251658240                              {pd product} {ergonomic}
     bool SegmentedCodeCache                       = true                                      {product} {ergonomic}
     bool ShowCodeDetailsInExceptionMessages       = true                                   {manageable} {command line}
   size_t SoftMaxHeapSize                          = 4137680896                             {manageable} {ergonomic}
     bool UseCompressedClassPointers               = true                           {product lp64_product} {ergonomic}
     bool UseCompressedOops                        = true                           {product lp64_product} {ergonomic}
     bool UseG1GC                                  = true                                      {product} {ergonomic}
     bool UseLargePagesIndividualAllocation        = false                                  {pd product} {ergonomic}

Logging:
Log output configuration:
 #0: stdout all=warning uptime,level,tags
 #1: stderr all=off uptime,level,tags

Environment Variables:
JAVA_HOME=C:\Users\aadiu\AppData\Local\Programs\Eclipse Adoptium\jdk-17.0.4.101-hotspot\
PATH=C:\Program Files (x86)\Razer Chroma SDK\bin;C:\Program Files\Razer Chroma SDK\bin;C:\Program Files (x86)\Razer\ChromaBroadcast\bin;C:\Program Files\Razer\ChromaBroadcast\bin;C:\Program Files (x86)\Common Files\Oracle\Java\javapath;C:\Program Files\Python38\Scripts\;C:\Program Files\Python38\;C:\Windows\system32;C:\Windows;C:\Windows\System32\Wbem;C:\Windows\System32\WindowsPowerShell\v1.0\;C:\Windows\System32\OpenSSH\;C:\Program Files (x86)\NVIDIA Corporation\PhysX\Common;C:\Program Files\NVIDIA Corporation\NVIDIA NvDLISR;C:\Users\aadiu\AppData\Local\Microsoft\WindowsApps;C:\Users\aadiu\AppData\Local\Programs\Microsoft VS Code\bin;C:\Windows\system32\config\systemprofile\AppData\Local\Microsoft\WindowsApps;C:\Program Files\dotnet\;C:\Program Files\Git\cmd;C:\MinGW\bin\;C:\Program Files (x86)\Windows Kits\10\Windows Performance Toolkit\;C:\Users\aadiu\AppData\Local\Programs\Eclipse Adoptium\jdk-17.0.4.101-hotspot\bin;C:\Users\aadiu\AppData\Local\Microsoft\WindowsApps;C:\Users\aadiu\AppData\Local\Programs\Microsoft VS Code\bin;C:\Users\aadiu\AppData\Local\GitHubDesktop\bin
USERNAME=aadiu
LANG=en_US.UTF-8
OS=Windows_NT
PROCESSOR_IDENTIFIER=AMD64 Family 25 Model 80 Stepping 0, AuthenticAMD
TMP=C:\Users\aadiu\AppData\Local\Temp
TEMP=C:\Users\aadiu\AppData\Local\Temp



---------------  S Y S T E M  ---------------

OS:
 Windows 10 , 64 bit Build 19041 (10.0.19041.2251)
OS uptime: 2 days 7:44 hours

CPU: total 16 (initial active 16) (16 cores per cpu, 2 threads per core) family 25 model 80 stepping 0 microcode 0x0, cx8, cmov, fxsr, ht, mmx, 3dnowpref, sse, sse2, sse3, ssse3, sse4a, sse4.1, sse4.2, popcnt, lzcnt, tsc, tscinvbit, avx, avx2, aes, erms, clmul, bmi1, bmi2, adx, sha, fma, vzeroupper, clflush, clflushopt

Memory: 4k page, system-wide physical 15776M (8049M free)
TotalPageFile size 20128M (AvailPageFile size 9229M)
current process WorkingSet (physical memory assigned to process): 123M, peak: 125M
current process commit charge ("private bytes"): 431M, peak: 432M

vm_info: OpenJDK 64-Bit Server VM (17.0.4.1+1) for windows-amd64 JRE (17.0.4.1+1), built on Aug 17 2022 07:42:43 by "temurin" with MS VC++ 16.7 (VS2019)

END.
