#
# A fatal error has been detected by the Java Runtime Environment:
#
#  EXCEPTION_ACCESS_VIOLATION (0xc0000005) at pc=0x0000018ae042b26b, pid=9308, tid=17292
#
# JRE version: OpenJDK Runtime Environment Temurin-17.0.2+8 (17.0.2+8) (build 17.0.2+8)
# Java VM: OpenJDK 64-Bit Server VM Temurin-17.0.2+8 (17.0.2+8, mixed mode, sharing, tiered, compressed oops, compressed class ptrs, g1 gc, windows-amd64)
# Problematic frame:
# J 1076 c2 summit.gfx.Renderer.render(Ljava/lang/String;FFILsummit/gfx/ColorFilter;)V (281 bytes) @ 0x0000018ae042b26b [0x0000018ae042a7a0+0x0000000000000acb]
#
# No core dump will be written. Minidumps are not enabled by default on client versions of Windows
#
# If you would like to submit a bug report, please visit:
#   https://github.com/adoptium/adoptium-support/issues
#

---------------  S U M M A R Y ------------

Command Line: -XX:+ShowCodeDetailsInExceptionMessages summit.Main

Host: AMD Ryzen 9 5900HS with Radeon Graphics        , 16 cores, 15G,  Windows 10 , 64 bit Build 19041 (10.0.19041.2251)
Time: Mon Nov 14 19:29:19 2022 Central Standard Time elapsed time: 0.961039 seconds (0d 0h 0m 0s)

---------------  T H R E A D  ---------------

Current thread (0x0000018af586eed0):  JavaThread "Thread-2" [_thread_in_Java, id=17292, stack(0x0000001865000000,0x0000001865100000)]

Stack: [0x0000001865000000,0x0000001865100000],  sp=0x00000018650ff230,  free space=1020k
Native frames: (J=compiled Java code, j=interpreted, Vv=VM code, C=native code)
C  0x0000018ae042b26b


siginfo: EXCEPTION_ACCESS_VIOLATION (0xc0000005), reading address 0x0000000b1863e8f0


Register to memory mapping:

RIP=0x0000018ae042b26b is at entry_point+2763 in (nmethod*)0x0000018ae042a590
RAX=0x0000000717899480 is an oop: [[I 
{0x0000000717899480} - klass: {type array int}[]
 - length: 16
RBX=3809246500 is a compressed pointer to object: [[I 
{0x000000071863e920} - klass: {type array int}[]
 - length: 144
RCX=0x00000000000000f9 is an unknown value
RDX=0x0 is NULL
RSP=0x00000018650ff230 is pointing into the stack for thread: 0x0000018af586eed0
RBP=0x0000000000000090 is an unknown value
RSI=0x0 is NULL
RDI=0x00000000fffffff0 is an unknown value
R8 =0x0000000000000010 is an unknown value
R9 =0x000000071863e910 is an oop: summit.gfx.Renderer 
{0x000000071863e910} - klass: 'summit/gfx/Renderer'
 - ---- fields (total size 2 words):
 - private 'frame' '[[I' @12  a {type array int}[144] {0x000000071863e920} (e30c7d24)
R10=0x000000071863e920 is an oop: [[I 
{0x000000071863e920} - klass: {type array int}[]
 - length: 144
R11=0x00000000fffffff0 is an unknown value
R12=0x0 is NULL
R13=0x0000000000000002 is an unknown value
R14=0x0000000000000010 is an unknown value
R15=0x0000018af586eed0 is a thread


Registers:
RAX=0x0000000717899480, RBX=0x00000000e30c7d24, RCX=0x00000000000000f9, RDX=0x0000000000000000
RSP=0x00000018650ff230, RBP=0x0000000000000090, RSI=0x0000000000000000, RDI=0x00000000fffffff0
R8 =0x0000000000000010, R9 =0x000000071863e910, R10=0x000000071863e920, R11=0x00000000fffffff0
R12=0x0000000000000000, R13=0x0000000000000002, R14=0x0000000000000010, R15=0x0000018af586eed0
RIP=0x0000018ae042b26b, EFLAGS=0x0000000000010287

Top of Stack: (sp=0x00000018650ff230)
0x00000018650ff230:   0000010000000000 0000000000000108
0x00000018650ff240:   fffffff0000000f8 0000000000000000
0x00000018650ff250:   0000001000000010 0000000900000010
0x00000018650ff260:   0000000700000009 0000000000000000
0x00000018650ff270:   0000000000000004 0000018a42600000
0x00000018650ff280:   0000018a43800000 0000000718097fd0
0x00000018650ff290:   00000018650ff470 0000018ad90e0484
0x00000018650ff2a0:   00000018650ff340 00000018650ff3d8
0x00000018650ff2b0:   00000018650ff428 0000018ad883546d
0x00000018650ff2c0:   00000018650ff470 0000018ad90e7004
0x00000018650ff2d0:   01d8f891aeb4d194 000000071863e910
0x00000018650ff2e0:   0000000718097fd0 0000018a00000002
0x00000018650ff2f0:   0000000000000000 0000000000000000
0x00000018650ff300:   00000018650ff470 0000018ad90dffec
0x00000018650ff310:   409e000000000000 0000000000000000
0x00000018650ff320:   0000000000000000 0000000000000000 

Instructions: (pc=0x0000018ae042b26b)
0x0000018ae042b16b:   d8 49 2b da 44 8b de 41 ff c3 48 ff cb 45 33 f6
0x0000018ae042b17b:   e9 dc 02 00 00 44 2b 5c 24 10 45 8b f3 41 ff c6
0x0000018ae042b18b:   44 8b de 45 3b f0 0f 83 70 0a 00 00 45 8b 54 dc
0x0000018ae042b19b:   10 47 8b 54 d4 0c 45 3b da 0f 83 69 01 00 00 c4
0x0000018ae042b1ab:   c1 f9 7e da 41 8b 74 92 10 45 8b 4c f4 0c 4d 8d
0x0000018ae042b1bb:   14 f4 45 3b f1 0f 83 6a 0a 00 00 47 8b 54 b2 10
0x0000018ae042b1cb:   41 83 fa ff 0f 84 34 01 00 00 45 8b 4c c4 0c 45
0x0000018ae042b1db:   3b d9 0f 83 69 0a 00 00 47 89 54 9d 10 45 33 c9
0x0000018ae042b1eb:   c4 c1 f9 7e da 45 8b 52 10 47 8b 54 d4 0c 44 03
0x0000018ae042b1fb:   54 24 10 4d 8b b7 48 03 00 00 41 8b f3 ff c6 41
0x0000018ae042b20b:   85 06 41 3b f2 0f 8c 6a ff ff ff 4d 8b 97 48 03
0x0000018ae042b21b:   00 00 ff c7 41 85 02 3b 3c 24 0f 8d f2 00 00 00
0x0000018ae042b22b:   c4 c1 f9 7e c1 c4 e1 f9 7e ce c5 f9 7e d2 44 8b
0x0000018ae042b23b:   54 24 10 44 8b 5c 24 14 44 3b 54 24 08 0f 8d e5
0x0000018ae042b24b:   00 00 00 44 89 5c 24 14 44 89 54 24 10 c5 f9 6e
0x0000018ae042b25b:   d2 c4 e1 f9 6e ce c4 c1 f9 6e c1 c4 c1 f9 7e e2
0x0000018ae042b26b:   41 8b 44 ba 10 8b d7 41 2b d3 3b fd 0f 83 5f 06
0x0000018ae042b27b:   00 00 44 8b 5c 24 10 44 3b 5c 24 04 0f 83 4f 06
0x0000018ae042b28b:   00 00 c4 c1 f9 7e da 45 8b 5c 92 10 47 8b 54 dc
0x0000018ae042b29b:   0c 45 85 d2 0f 86 db 0a 00 00 47 8b 54 dc 10 41
0x0000018ae042b2ab:   83 fa ff 0f 84 9f 00 00 00 45 8b 4c c4 0c 44 8b
0x0000018ae042b2bb:   5c 24 10 45 3b d9 0f 83 8a 09 00 00 4d 8d 0c c4
0x0000018ae042b2cb:   47 89 54 99 10 45 33 c9 c4 c1 f9 7e da 45 8b 52
0x0000018ae042b2db:   10 47 8b 5c d4 0c 44 03 5c 24 10 41 3b cb 0f 8d
0x0000018ae042b2eb:   27 ff ff ff 3b fd 0f 83 91 07 00 00 4d 8d 2c c4
0x0000018ae042b2fb:   44 8b d9 41 be 01 00 00 00 e9 85 fe ff ff c4 c1
0x0000018ae042b30b:   f9 7e c9 e9 d8 fe ff ff c4 c1 f9 7e c9 e9 ce fe
0x0000018ae042b31b:   ff ff c5 f8 77 48 83 c4 60 5d 49 3b a7 40 03 00
0x0000018ae042b32b:   00 0f 87 b6 11 00 00 c3 44 89 5c 24 14 44 89 54
0x0000018ae042b33b:   24 10 c5 f9 6e d2 c4 e1 f9 6e ce c4 c1 f9 6e c1
0x0000018ae042b34b:   4c 8b ce e9 c3 fe ff ff 4c 8b ce e9 78 ff ff ff
0x0000018ae042b35b:   0f 1f 44 00 00 8b d7 44 8b 54 90 0c 8b 7c 24 10 


Stack slot to memory mapping:
stack at sp + 0 slots: 0x0000010000000000 is an unknown value
stack at sp + 1 slots: 0x0000000000000108 is an unknown value
stack at sp + 2 slots: 0xfffffff0000000f8 is an unknown value
stack at sp + 3 slots: 0x0 is NULL
stack at sp + 4 slots: 0x0000001000000010 is an unknown value
stack at sp + 5 slots: 0x0000000900000010 is an unknown value
stack at sp + 6 slots: 0x0000000700000009 is an unknown value
stack at sp + 7 slots: 0x0 is NULL

--------------------------------------------------------------------------------
[Constant Pool (empty)]

--------------------------------------------------------------------------------

[MachCode]
  0x0000018ae042a7a0: 448b 5208 | 49bb 0000 | 0000 0800 | 0000 4d03 | d349 3bc2 | 0f85 c622 | 44f8 6690 | 0f1f 4000 
  0x0000018ae042a7c0: 8984 2400 | 90ff ff55 | 4883 ec60 | 4889 7c24 | 18c4 c179 | 6ed1 4889 | 1424 49ba | 0830 a018 
  0x0000018ae042a7e0: 0700 0000 | 418b 6a70 | 458b 54ec | 0841 81fa | e0ad 0b00 | 0f85 0a16 | 0000 4d8d | 14ec 458b 
  0x0000018ae042a800: 5224 478b | 74d4 0c45 | 85f6 0f86 | 9616 0000 | 4b8d 34d4 | 4d85 c00f | 84dd 1300 | 0045 8b58 
  0x0000018ae042a820: 0c41 ffce | 4585 db75 | 6945 0fb6 | 4811 4585 | c90f 8579 | 1300 0045 | 0fbe 4810 | 4585 c90f 
  0x0000018ae042a840: 854b 1900 | 0041 8b68 | 1445 8b6c | ec0c 4585 | ed0f 8676 | 1300 0045 | 8bdd 41ff | cb45 3bdd 
  0x0000018ae042a860: 0f83 0b18 | 0000 450f | b654 ec10 | 418b d583 | c2fd 418b | cac1 e105 | 412b ca4d | 8d1c ec83 
  0x0000018ae042a880: fa01 0f8e | 1c18 0000 | bb01 0000 | 0045 33d2 | eb3c 458b | d341 c1ea | 1045 33d3 | 4523 f233 
  0x0000018ae042a8a0: d2e9 e300 | 0000 450f | b654 1b10 | 4103 caff | c341 3bdd | 0f8d b600 | 0000 448b | d141 c1e2 
  0x0000018ae042a8c0: 0544 2bd1 | 418b caeb | ddc4 c179 | 7eda 458b | cd44 2bcb | 4183 c1fd | 3bd3 450f | 4cca 4181 
  0x0000018ae042a8e0: f9a0 0f00 | 00bd a00f | 0000 440f | 47cd 4403 | cbc4 c179 | 6eda 6666 | 0f1f 8400 | 0000 0000 
  0x0000018ae042a900: 4863 c341 | 0fb6 6c03 | 1041 0fb6 | 7c03 1345 | 0fb6 5403 | 1141 0fb6 | 4403 1203 | cd8b e9c1 
  0x0000018ae042a920: e505 2be9 | 4103 ea8b | cdc1 e105 | 2bcd 03c8 | 448b d141 | c1e2 0544 | 2bd1 4403 | d741 8bca 
  0x0000018ae042a940: c1e1 0541 | 2bca 83c3 | 0441 3bd9 | 7cb2 4d8b | 8f48 0300 | 0041 8501 | 3bda 0f8c | 69ff ffff 
  0x0000018ae042a960: c5f9 7eda | 413b dd0f | 8c39 ffff | ff41 8bca | 85c9 0f84 | 5712 0000 | 4189 480c | 448b d141 
  0x0000018ae042a980: c1ea 1044 | 33d1 4523 | f246 8b5c | b610 478b | 4cdc 0c45 | 3bca 0f85 | 480f 0000 | 478b 4cdc 
  0x0000018ae042a9a0: 1049 8bc9 | 48c1 e103 | 493b c80f | 845b 0100 | 0041 0fbe | 7810 4c3b | c10f 844d | 0100 0043 
  0x0000018ae042a9c0: 8b5c cc08 | 81fb 70e9 | 0000 0f85 | 9c18 0000 | 49c1 e103 | 410f be69 | 103b fd0f | 8577 1700 
  0x0000018ae042a9e0: 0041 8b59 | 1441 8b78 | 1445 8b4c | dc0c 418b | 4cfc 0c41 | 3bc9 0f85 | d400 0000 | 4d8d 0cdc 
  0x0000018ae042aa00: 498d 74dc | 104d 8d0c | fc49 8d7c | fc10 85c9 | 0f84 a500 | 0000 8bc1 | 83e0 1f83 | e1e0 0f84 
  0x0000018ae042aa20: 4b00 0000 | 488d 3c0f | 488d 340e | 48f7 d9c5 | fe6f 240f | c5fe 6f1c | 0ec5 ddef | e3c4 e27d 
  0x0000018ae042aa40: 17e4 0f85 | 7a00 0000 | 4883 c120 | 75e1 85c0 | 0f84 6500 | 0000 c5fe | 6f64 07e0 | c5fe 6f5c 
  0x0000018ae042aa60: 06e0 c5dd | efe3 c4e2 | 7d17 e475 | 55eb 4c8b | c883 e1fc | 7419 488d | 3c0f 488d | 340e 48f7 
  0x0000018ae042aa80: d98b 1c0f | 3b1c 0e75 | 3948 83c1 | 0475 f2f7 | c002 0000 | 0074 120f | b71f 0fb7 | 0e3b d975 
  0x0000018ae042aaa0: 2148 8d7f | 0248 8d76 | 02f7 c001 | 0000 0074 | 0a0f b61f | 0fb6 0e3b | d975 07b8 | 0100 0000 
  0x0000018ae042aac0: eb02 33c0 | c5dd efe4 | c5e5 efdb | 85c0 753c | ba45 ffff | ff48 8b2c | 24c5 fa11 | 0424 c5fa 
  0x0000018ae042aae0: 114c 2404 | c5fa 1154 | 2408 4c8b | 4c24 184c | 894c 2410 | 4c89 4424 | 1844 895c | 240c 4489 
  0x0000018ae042ab00: 5424 2090 | c5f8 77e8 | f477 44f8 | 49c1 e303 | 418b 6b14 | 458b 5cec | 0841 81fb | 086d 0000 
  0x0000018ae042ab20: 0f85 2617 | 0000 4d8d | 04ec 418b | 580c 85db | 0f86 f212 | 0000 458b | 5810 478b | 5cdc 0c41 
  0x0000018ae042ab40: d1fb c4c1 | 796e e3c5 | f85b e4c5 | fa5c c4c4 | c179 7ec1 | 458b d141 | c1ea 1745 | 0fb6 d2b9 
  0x0000018ae042ab60: 9500 0000 | 412b caf7 | c1e0 ffff | ff0f 85a2 | 0f00 0045 | 8bd1 4181 | e2ff ff7f | 0041 81ca 
  0x0000018ae042ab80: 0000 8000 | 4585 c90f | 8c38 1000 | 0041 d3fa | 41ff c241 | d1fa 448b | db41 d1fb | c4c1 796e 
  0x0000018ae042aba0: c3c5 f85b | c0c5 f25c | c8c4 c179 | 7ec9 418b | c9c1 e917 | 0fb6 c9bf | 9500 0000 | 2bf9 f7c7 
  0x0000018ae042abc0: e0ff ffff | 0f85 290f | 0000 458b | d941 81e3 | ffff 7f00 | 4181 cb00 | 0080 0045 | 85c9 0f8c 
  0x0000018ae042abe0: d90f 0000 | 8bcf 41d3 | fb41 ffc3 | 41d1 fbc4 | c179 7ed5 | 4585 ed0f | 85dc 0000 | 0045 33ed 
  0x0000018ae042ac00: 498b c0eb | 138b 5424 | 0c44 8b54 | 2410 448b | 5c24 1444 | 8b6c 2408 | 418b edc1 | fd03 85ed 
  0x0000018ae042ac20: 0f85 fe12 | 0000 448b | 400c 418b | cb41 03c8 | 443b d90f | 8de4 0600 | 004d 63c8 | 4963 db41 
  0x0000018ae042ac40: 8bfb f7df | 4863 ff48 | 03df 493b | d90f 8309 | 1200 0048 | 63d9 4803 | df48 ffcb | 493b d90f 
  0x0000018ae042ac60: 832f 1200 | 004c 8b0c | 2441 8b59 | 0c41 8b6c | dc0c 85ed | 0f86 2512 | 0000 418b | 7cdc 1041 
  0x0000018ae042ac80: 8b7c fc0c | 488b 7424 | 1848 85f6 | 0f85 d311 | 0000 4585 | c00f 86ca | 1100 0044 | 8b40 1047 
  0x0000018ae042aca0: 8b44 c40c | 4585 c00f | 86b8 1100 | 0089 7c24 | 0489 0c24 | c4e1 f96e | d841 8bc8 | 4103 ca89 
  0x0000018ae042acc0: 4c24 0841 | 8bca ffc1 | 498d 3cdc | c4e1 f96e | e741 8bfb | e96a 0500 | 0041 f7c5 | 0400 0000 
  0x0000018ae042ace0: 0f84 d603 | 0000 418b | 4810 458b | 4ccc 0c44 | 895c 242c | 4489 5424 | 2889 5c24 | 144c 8944 
  0x0000018ae042ad00: 2420 8954 | 240c 4489 | 6c24 0848 | ba08 6d00 | 0008 0000 | 0044 8bc3 | c5f8 77e8 | 6017 4ff8 
  0x0000018ae042ad20: 448b 5c24 | 1441 ffcb | 443b 5c24 | 140f 83f0 | 1300 008b | 580c 85db | 0f86 e513 | 0000 4c63 
  0x0000018ae042ad40: c345 33c9 | eb30 c5f9 | 7edb c4c1 | f97e d0c4 | e1f9 7ec1 | 448b 4c24 | 384d 8b97 | 4803 0000 
  0x0000018ae042ad60: 41ff c141 | 8502 443b | 4c24 140f | 8d6e 0e00 | 0048 894c | 2420 488b | 4c24 2044 | 8b59 1047 
  0x0000018ae042ad80: 8b54 dc0c | 4585 d276 | d045 8bea | 4489 4c24 | 38c5 fb10 | 4424 2049 | 63f1 448b | 54b1 10c4 
  0x0000018ae042ada0: c179 6eca | 478b 74d4 | 0c85 db0f | 86c0 0200 | 008b 6810 | 418b cd41 | 2bc9 ffc9 | 4585 f60f 
  0x0000018ae042adc0: 8617 1100 | 0047 8b4c | d410 458b | 54ec 0c4d | 8d1c ec41 | 3bca 0f83 | 6c12 0000 | 4d63 d54c 
  0x0000018ae042ade0: 2bd6 4789 | 4c93 0c41 | 83fd 010f | 8e5e ffff | ff4d 63d6 | 4d3b c244 | 8bd3 450f | 4fd6 c4c1 
  0x0000018ae042ae00: 797e c94f | 8d2c cc41 | 8bfa ffcf | 443b d741 | bb00 0000 | 8041 0f4c | fb83 ff01 | 0f8e 2e12 
  0x0000018ae042ae20: 0000 4c8b | 5424 2045 | 8b5a 1043 | 8b6c dc0c | 458b d147 | 8b4c d414 | 8b50 148b | cd2b 4c24 
  0x0000018ae042ae40: 38ff c945 | 8b54 d40c | 4d8d 1cd4 | 413b ca0f | 8306 1200 | 0048 8974 | 2420 c4c1 | f96e d0c5 
  0x0000018ae042ae60: f96e db48 | 63f5 4c8b | c64c 2b44 | 2420 4789 | 4c83 0c83 | fd02 0f8e | cafe ffff | c4c1 797e 
  0x0000018ae042ae80: ca47 8b4c | d418 8b50 | 1845 8b54 | d40c 4d8d | 1cd4 413b | ca0f 83cb | 1100 0047 | 894c 830c 
  0x0000018ae042aea0: 83fd 030f | 8e9d feff | ff41 ba03 | 0000 0044 | 3bd7 0f8d | 4701 0000 | c4c1 797e | ca47 8b4c 
  0x0000018ae042aec0: d41c 8b50 | 1c45 8b54 | d40c 4d8d | 1cd4 413b | ca0f 83d9 | 1100 0047 | 894c 830c | 83fd 040f 
  0x0000018ae042aee0: 8e61 feff | ffc4 c179 | 7eca 478b | 4cd4 2044 | 8b50 2043 | 8b54 d40c | 4f8d 1cd4 | 3bca 0f83 
  0x0000018ae042af00: b711 0000 | 4789 4c83 | 0c83 fd05 | 0f8e 34fe | ffff 4c8b | d649 83c2 | fe4c 63df | 458b ca48 
  0x0000018ae042af20: ffce 8bd6 | 4c3b de8b | df0f 4fda | 4c63 db4d | 3bda 410f | 4fd9 83fb | 050f 8ed9 | 1100 0041 
  0x0000018ae042af40: ba05 0000 | 0066 6666 | 0f1f 8400 | 0000 0000 | 478b 4c95 | 1046 8b5c | 9010 438b | 54dc 0c49 
  0x0000018ae042af60: c1e3 033b | ca0f 83cf | 0b00 0047 | 894c 830c | 468b 5c90 | 1447 8b4c | 9514 438b | 54dc 0c49 
  0x0000018ae042af80: c1e3 033b | ca0f 83ac | 0b00 0047 | 894c 830c | 4183 c202 | 443b d37c | b744 3bd7 | 7d61 6690 
  0x0000018ae042afa0: 478b 4c95 | 1042 8b5c | 9010 418b | 54dc 0c4d | 8d1c dc3b | ca0f 837f | 0b00 0047 | 894c 830c 
  0x0000018ae042afc0: 418b daff | c33b dd0f | 8d79 fdff | ff47 8b4c | 9514 468b | 5c90 1443 | 8b54 dc0c | 49c1 e303 
  0x0000018ae042afe0: 3bca 0f83 | e411 0000 | 4789 4c83 | 0c41 83c2 | 0244 3bd5 | 0f8d 4cfd | ffff 443b | d77c a1c5 
  0x0000018ae042b000: f97e dbc4 | c1f9 7ed0 | 488b 7424 | 2044 3bd3 | 7d62 6690 | 443b d373 | 5bc4 c1f9 | 7ec3 458b 
  0x0000018ae042b020: 5b10 438b | 54dc 0c42 | 8b6c 9010 | 8bca 2b4c | 2438 ffc9 | 453b d60f | 83a2 0e00 | 0047 8b4c 
  0x0000018ae042b040: 9510 418b | 7cec 0c4d | 8d1c ec3b | cf0f 83e7 | 0a00 0048 | 63ca 482b | ce45 894c | 8b0c 41ff 
  0x0000018ae042b060: c244 3bd2 | 0f8d e5fc | ffff 443b | d37c a5eb | 0345 33d2 | bae4 ffff | ff48 8b2c | 2444 8b5c 
  0x0000018ae042b080: 2408 4489 | 1c24 4c8b | 5c24 184c | 895c 2408 | 448b 4424 | 2844 8944 | 2404 448b | 4424 2c44 
  0x0000018ae042b0a0: 8944 2410 | c5fb 1144 | 2418 4889 | 4424 2844 | 8954 2430 | c5f8 77e8 | 4472 44f8 | 41f7 c501 
  0x0000018ae042b0c0: 0000 000f | 845c 0400 | 0045 8b48 | 0c45 85c9 | 0f86 3e0f | 0000 418b | 4810 418b | 5ccc 0c89 
  0x0000018ae042b0e0: 5c24 1044 | 894c 2414 | 4489 5c24 | 2c44 8954 | 2428 4c89 | 4424 2089 | 5424 0c44 | 896c 2408 
  0x0000018ae042b100: 48ba 086d | 0000 0800 | 0000 458b | c144 8bcb | c5f8 77e8 | 6813 4ff8 | 448b 5c24 | 1441 ffcb 
  0x0000018ae042b120: 443b 5c24 | 140f 8387 | 0e00 0044 | 8b50 0c45 | 85d2 0f86 | 7a0e 0000 | 453b da0f | 8371 0e00 
  0x0000018ae042b140: 008b 6c24 | 10ff cd8b | 7424 10d1 | fe4c 6344 | 2410 448b | ee41 83c5 | fe41 3bf5 | 41bb 0000 
  0x0000018ae042b160: 0080 450f | 4ceb 4c63 | d649 8bd8 | 492b da44 | 8bde 41ff | c348 ffcb | 4533 f6e9 | dc02 0000 
  0x0000018ae042b180: 442b 5c24 | 1045 8bf3 | 41ff c644 | 8bde 453b | f00f 8370 | 0a00 0045 | 8b54 dc10 | 478b 54d4 
  0x0000018ae042b1a0: 0c45 3bda | 0f83 6901 | 0000 c4c1 | f97e da41 | 8b74 9210 | 458b 4cf4 | 0c4d 8d14 | f445 3bf1 
  0x0000018ae042b1c0: 0f83 6a0a | 0000 478b | 54b2 1041 | 83fa ff0f | 8434 0100 | 0045 8b4c | c40c 453b | d90f 8369 
  0x0000018ae042b1e0: 0a00 0047 | 8954 9d10 | 4533 c9c4 | c1f9 7eda | 458b 5210 | 478b 54d4 | 0c44 0354 | 2410 4d8b 
  0x0000018ae042b200: b748 0300 | 0041 8bf3 | ffc6 4185 | 0641 3bf2 | 0f8c 6aff | ffff 4d8b | 9748 0300 | 00ff c741 
  0x0000018ae042b220: 8502 3b3c | 240f 8df2 | 0000 00c4 | c1f9 7ec1 | c4e1 f97e | cec5 f97e | d244 8b54 | 2410 448b 
  0x0000018ae042b240: 5c24 1444 | 3b54 2408 | 0f8d e500 | 0000 4489 | 5c24 1444 | 8954 2410 | c5f9 6ed2 | c4e1 f96e 
  0x0000018ae042b260: cec4 c1f9 | 6ec1 c4c1 | f97e e241 | 8b44 ba10 | 8bd7 412b | d33b fd0f | 835f 0600 | 0044 8b5c 
  0x0000018ae042b280: 2410 443b | 5c24 040f | 834f 0600 | 00c4 c1f9 | 7eda 458b | 5c92 1047 | 8b54 dc0c | 4585 d20f 
  0x0000018ae042b2a0: 86db 0a00 | 0047 8b54 | dc10 4183 | faff 0f84 | 9f00 0000 | 458b 4cc4 | 0c44 8b5c | 2410 453b 
  0x0000018ae042b2c0: d90f 838a | 0900 004d | 8d0c c447 | 8954 9910 | 4533 c9c4 | c1f9 7eda | 458b 5210 | 478b 5cd4 
  0x0000018ae042b2e0: 0c44 035c | 2410 413b | cb0f 8d27 | ffff ff3b | fd0f 8391 | 0700 004d | 8d2c c444 | 8bd9 41be 
  0x0000018ae042b300: 0100 0000 | e985 feff | ffc4 c1f9 | 7ec9 e9d8 | feff ffc4 | c1f9 7ec9 | e9ce feff | ffc5 f877 
  0x0000018ae042b320: 4883 c460 | 5d49 3ba7 | 4003 0000 | 0f87 b611 | 0000 c344 | 895c 2414 | 4489 5424 | 10c5 f96e 
  0x0000018ae042b340: d2c4 e1f9 | 6ece c4c1 | f96e c14c | 8bce e9c3 | feff ff4c | 8bce e978 | ffff ff0f | 1f44 0000 
  0x0000018ae042b360: 8bd7 448b | 5490 0c8b | 7c24 102b | f948 63d9 | 4589 549b | 1044 8b54 | 9810 4589 | 5493 0c49 
  0x0000018ae042b380: 8bd0 482b | d344 8b54 | 9008 4589 | 549b 1444 | 8b54 9814 | 4589 5493 | 0844 8b54 | 9004 4589 
  0x0000018ae042b3a0: 549b 1844 | 8b54 9818 | 4589 5493 | 0444 8b14 | 9045 8954 | 9b1c 448b | 5498 1c45 | 8914 9383 
  0x0000018ae042b3c0: c7fc 83c1 | 0441 3bc9 | 7c96 4d8b | 9748 0300 | 0041 8502 | 413b cd7d | 298b d745 | 8bcd 442b 
  0x0000018ae042b3e0: c944 3be9 | 440f 4c4c | 240c 4181 | f9a0 0f00 | 00bf a00f | 0000 440f | 47cf 4403 | c9e9 60ff 
  0x0000018ae042b400: ffff c4e1 | f97e cb3b | 4c24 307d | 2d66 6690 | 448b 54b8 | 0c45 8954 | 8b10 448b | 5488 1045 
  0x0000018ae042b420: 8954 bb0c | 448b d141 | ffc2 443b | 5424 307d | 098b fd2b | f941 8bca | ebd6 4d8b | 9748 0300 
  0x0000018ae042b440: 0041 ffc6 | 4185 0244 | 3b74 2414 | 0f8d bb00 | 0000 c4e1 | f97e c044 | 8b5c 2430 | 4c8b 5424 
  0x0000018ae042b460: 2041 8b7a | 1085 ff0f | 841c 0900 | 0047 8b54 | b210 438b | 54d4 0c42 | 8b4c b010 | 458b 4ccc 
  0x0000018ae042b480: 0c44 895c | 2430 c4e1 | f96e c04c | 63da 493b | db0f 8301 | 0900 003b | ea0f 83f9 | 0800 0045 
  0x0000018ae042b4a0: 85c9 0f86 | f008 0000 | 413b f10f | 83e7 0800 | 0085 d20f | 86df 0800 | 003b f20f | 83d7 0800 
  0x0000018ae042b4c0: 004d 63d9 | 493b db0f | 83cb 0800 | 0041 3be9 | 0f83 c208 | 0000 4d8d | 1ccc 4b8d | 04d4 428b 
  0x0000018ae042b4e0: 7c80 0c41 | 897c cc10 | 478b 4cd4 | 1047 894c | 830c 4183 | fd01 0f8e | dc08 0000 | 8bd5 b901 
  0x0000018ae042b500: 0000 00c4 | e1f9 6ecb | e9ce feff | ff44 8b6c | 2408 8b54 | 240c c4c1 | f97e c044 | 8b54 2428 
  0x0000018ae042b520: 448b 5c24 | 2c41 f7c5 | 0200 0000 | 7508 498b | c0e9 e2f6 | ffff 418b | 680c 85ed | 0f86 a60a 
  0x0000018ae042b540: 0000 458b | 4810 478b | 4ccc 0c89 | 6c24 2844 | 895c 2414 | 4489 5424 | 104c 8944 | 2420 8954 
  0x0000018ae042b560: 240c 4489 | 6c24 0848 | ba08 6d00 | 0008 0000 | 0044 8bc5 | c5f8 77e8 | 040f 4ff8 | 448b 580c 
  0x0000018ae042b580: 448b cd41 | d1f9 458b | d141 ffc2 | 4585 db0f | 86c0 0900 | 0045 3bcb | 0f83 b709 | 0000 4863 
  0x0000018ae042b5a0: ed4d 63c1 | 488b cd49 | 2bc8 48ff | c948 3bcd | 0f83 9f09 | 0000 448b | 4424 2841 | ffc8 443b 
  0x0000018ae042b5c0: 4424 280f | 838c 0900 | 0044 8954 | 242c 4d63 | d349 3bca | 0f83 7609 | 0000 453b | c30f 83c1 
  0x0000018ae042b5e0: 0900 0044 | 3b4c 2428 | 0f83 bd09 | 0000 4533 | d2eb 31c4 | c1f9 7ec3 | c4c1 797e | cac4 e1f9 
  0x0000018ae042b600: 7ee8 c4e1 | f97e f54d | 8b87 4803 | 0000 41ff | c241 8500 | 443b 5424 | 2c0f 8de6 | f5ff ff4c 
  0x0000018ae042b620: 895c 2420 | 4c8b 5c24 | 2045 8b43 | 1043 8b7c | c40c 85ff | 76d1 c5fb | 1044 2420 | c4c1 796e 
  0x0000018ae042b640: ca4d 63c2 | 4c8b dd4d | 2bd8 4c8b | 5424 2047 | 8b54 9a0c | c4c1 796e | da47 8b6c | d40c 468b 
  0x0000018ae042b660: 5480 10c4 | c179 6ee2 | 478b 4cd4 | 0c4c 8b54 | 2420 478b | 5482 10c4 | c179 6ed2 | 438b 4cd4 
  0x0000018ae042b680: 0c42 8b5c | 980c 458b | 74dc 0c45 | 85ed 0f86 | 6007 0000 | 41bb 0100 | 0000 453b | dd41 ba01 
  0x0000018ae042b6a0: 0000 0045 | 0f4f d5c4 | c179 7ee3 | 4f8d 04dc | c4c1 797e | db4b 8d14 | dc41 8bf8 | 498d 34dc 
  0x0000018ae042b6c0: c1ef 02c4 | c179 7ed3 | 49c1 e303 | 83e7 0341 | 03fa f7df | 83e7 0341 | 03fa 413b | fd41 0f4f 
  0x0000018ae042b6e0: fd45 33d2 | eb0e 6690 | 448b d144 | 8b4c 2420 | 8b4c 2424 | 453b d50f | 837e 0100 | 00c5 f96e 
  0x0000018ae042b700: fb89 4c24 | 2444 894c | 2420 c4e1 | f96e f5c4 | e1f9 6ee8 | 468b 4c92 | 1044 3b54 | 2420 0f83 
  0x0000018ae042b720: 4405 0000 | 4789 4c90 | 1044 3bd1 | 0f83 9205 | 0000 478b | 4c93 1045 | 3bd6 0f83 | e405 0000 
  0x0000018ae042b740: 4689 4c96 | 10c4 c1f9 | 7ec1 458b | 4910 478b | 4ccc 0c41 | 8bca ffc1 | 413b c90f | 8d92 feff 
  0x0000018ae042b760: ff3b cf0f | 8c7f ffff | ff49 63dd | 4963 c648 | 636c 2424 | 4863 7c24 | 2048 3bdf | 418b fd0f 
  0x0000018ae042b780: 4f7c 2420 | 4963 d94c | 63cf 4c3b | cd0f 4f7c | 2424 48ff | cb4c 63cf | 4c3b c841 | 0f4f fe44 
  0x0000018ae042b7a0: 8bcb 4863 | c748 3bc3 | 410f 4ff9 | 448b cf41 | 83c1 f941 | 3bf9 bf00 | 0000 8044 | 0f4c cf41 
  0x0000018ae042b7c0: 3bc9 0f8d | 3406 0000 | 41ff c20f | 1f44 0000 | c421 7a6f | 4492 10c4 | 017a 7f44 | 9010 c401 
  0x0000018ae042b7e0: 7a6f 4493 | 10c4 217a | 7f44 9610 | c421 7a6f | 4492 20c4 | 017a 7f44 | 9020 c401 | 7a6f 4493 
  0x0000018ae042b800: 20c4 217a | 7f44 9620 | 4183 c208 | 453b d17c | bf45 3bd5 | 7d59 6690 | 453b d573 | 5946 8b4c 
  0x0000018ae042b820: 9210 443b | 5424 200f | 833b 0400 | 0047 894c | 9010 443b | 5424 240f | 8387 0400 | 0047 8b4c 
  0x0000018ae042b840: 9310 453b | d60f 83d9 | 0400 0046 | 894c 9610 | c4c1 f97e | c145 8b49 | 1043 8b4c | cc0c 41ff 
  0x0000018ae042b860: c244 3bd1 | 0f8d 89fd | ffff 453b | d57c a9c4 | e1f9 7ee8 | eb05 c4e1 | f97e e8ba | e4ff ffff 
  0x0000018ae042b880: 488b 2c24 | 448b 5c24 | 0844 891c | 244c 8b5c | 2418 4c89 | 5c24 0844 | 8b5c 2410 | 4489 5c24 
  0x0000018ae042b8a0: 0444 8b44 | 2414 4489 | 4424 10c5 | fb11 4424 | 1848 8944 | 2420 4489 | 5424 2844 | 8954 242c 
  0x0000018ae042b8c0: c5fa 114c | 2430 c5fa | 1164 2434 | c5fa 115c | 2438 6690 | c5f8 77e8 | 246a 44f8 | 4c8b cee9 
  0x0000018ae042b8e0: eff9 ffff | 438b 6cdc | 1885 ed0f | 84d5 0700 | 0043 8b4c | dc08 81f9 | 98b0 1400 | 0f84 e607 
  0x0000018ae042b900: 0000 4d8d | 1cec 458b | 4b0c 453b | ca0f 857d | 0200 0041 | 8b4b 104c | 8bc9 49c1 | e103 4d3b 
  0x0000018ae042b920: c80f 84e9 | f1ff ff41 | 0fbe 7810 | 4d3b c10f | 84db f1ff | ff45 8b4c | cc08 4181 | f970 e900 
  0x0000018ae042b940: 000f 85c5 | 0800 004d | 8d0c cc41 | 0fbe 6910 | 3bfd 0f85 | 7c08 0000 | 418b 5914 | 458b 4814 
  0x0000018ae042b960: 418b 74dc | 0c43 8b4c | cc0c 3bce | 0f85 d800 | 0000 498d | 3cdc 498d | 74dc 104b | 8d1c cc4b 
  0x0000018ae042b980: 8d7c cc10 | 85c9 0f84 | a500 0000 | 8bc1 83e0 | 1f83 e1e0 | 0f84 4b00 | 0000 488d | 3c0f 488d 
  0x0000018ae042b9a0: 340e 48f7 | d9c5 fe6f | 240f c5fe | 6f1c 0ec5 | ddef e3c4 | e27d 17e4 | 0f85 7a00 | 0000 4883 
  0x0000018ae042b9c0: c120 75e1 | 85c0 0f84 | 6500 0000 | c5fe 6f64 | 07e0 c5fe | 6f5c 06e0 | c5dd efe3 | c4e2 7d17 
  0x0000018ae042b9e0: e475 55eb | 4c8b c883 | e1fc 7419 | 488d 3c0f | 488d 340e | 48f7 d98b | 1c0f 3b1c | 0e75 3948 
  0x0000018ae042ba00: 83c1 0475 | f2f7 c002 | 0000 0074 | 120f b71f | 0fb7 0e3b | d975 2148 | 8d7f 0248 | 8d76 02f7 
  0x0000018ae042ba20: c001 0000 | 0074 0a0f | b61f 0fb6 | 0e3b d975 | 07b8 0100 | 0000 eb02 | 33c0 c5dd | efe4 c5e5 
  0x0000018ae042ba40: efdb 85c0 | 0f85 c6f0 | ffff ba45 | ffff ff48 | 8b2c 24c5 | fa11 0424 | c5fa 114c | 2404 c5fa 
  0x0000018ae042ba60: 1154 2408 | 4c8b 4c24 | 184c 894c | 2410 4c89 | 4424 184c | 895c 2420 | 4489 5424 | 0c66 6690 
  0x0000018ae042ba80: c5f8 77e8 | 7868 44f8 | 448b d941 | b901 0000 | 00eb 1b0f | 1f80 0000 | 0000 660f | 1f44 0000 
  0x0000018ae042baa0: 442b 5c24 | 1045 8bcb | 41ff c145 | 8bda 453b | c80f 8350 | 0100 0045 | 3b64 dc10 | 0f84 2203 
  0x0000018ae042bac0: 0000 c4c1 | f97e d945 | 8b51 1043 | 8b54 d40c | 0354 2410 | 4d8b 8f48 | 0300 0045 | 8bd3 41ff 
  0x0000018ae042bae0: c241 8501 | 443b d27c | b7c4 c1f9 | 7ec9 e923 | f7ff ffc5 | 7a2c d941 | 81fb 0000 | 0080 7510 
  0x0000018ae042bb00: 4883 ec08 | c5fa 110c | 24e8 e555 | 3ff8 415b | e9da f0ff | ffc5 7a2c | d041 81fa | 0000 0080 
  0x0000018ae042bb20: 7510 4883 | ec08 c5fa | 1104 24e8 | c355 3ff8 | 415a e95f | f0ff ff41 | ffc2 bae4 | ffff ff48 
  0x0000018ae042bb40: 8b2c 2444 | 8b44 2408 | 4489 0424 | 4c8b 4424 | 184c 8944 | 2408 448b | 4424 2844 | 8944 2404 
  0x0000018ae042bb60: 8b5c 242c | 895c 2410 | c5fb 1144 | 2418 4889 | 4424 2044 | 8954 2414 | 4c89 5c24 | 2889 4c24 
  0x0000018ae042bb80: 3044 894c | 2434 6690 | c5f8 77e8 | 7067 44f8 | 458b 5b18 | 4d8b 8f48 | 0300 0041 | 8501 4585 
  0x0000018ae042bba0: db0f 841f | 0500 0049 | c1e3 03e9 | 56fd ffff | 4533 f633 | d245 33d2 | e9cc edff | ff41 f7db 
  0x0000018ae042bbc0: e91f f0ff | ff41 f7da | e9c0 efff | ff33 d241 | c640 1101 | 4533 f645 | 33d2 e9aa | edff ff44 
  0x0000018ae042bbe0: 8b6c 2408 | 8b54 240c | 4c8b c044 | 8b54 2428 | 448b 5c24 | 2ce9 c2f4 | ffff 4533 | f633 d245 
  0x0000018ae042bc00: 33d2 e982 | edff ffba | 45ff ffff | c4e1 f97e | c5c5 fb11 | 0c24 c5fb | 115c 2408 | 897c 2418 
  0x0000018ae042bc20: 4489 5c24 | 1c66 6690 | c5f8 77e8 | d066 44f8 | c4c1 796e | d6ba e6ff | ffff 498b | eac5 fa11 
  0x0000018ae042bc40: 1424 6690 | c5f8 77e8 | b466 44f8 | 4489 5c24 | 10ba e6ff | ffff 8be8 | 4489 5424 | 0466 6690 
  0x0000018ae042bc60: c5f8 77e8 | 9866 44f8 | bae4 ffff | ff48 8b2c | 2444 8b44 | 2408 4489 | 0424 4c8b | 5c24 184c 
  0x0000018ae042bc80: 895c 2408 | 448b 5c24 | 1044 895c | 2404 448b | 4424 1444 | 8944 2410 | c5fb 1144 | 2418 c5fb 
  0x0000018ae042bca0: 116c 2420 | 4489 5424 | 2844 894c | 242c c5fa | 114c 2430 | c5fa 1164 | 2434 6690 | c5f8 77e8 
  0x0000018ae042bcc0: 3c66 44f8 | bae4 ffff | ff48 8b2c | 2444 8b44 | 2408 4489 | 0424 4c8b | 5c24 184c | 895c 2408 
  0x0000018ae042bce0: 448b 5c24 | 1044 895c | 2404 448b | 4424 1444 | 8944 2410 | c5fb 1144 | 2418 c5fb | 116c 2420 
  0x0000018ae042bd00: 4489 5424 | 2844 8954 | 242c c5fa | 114c 2430 | c5fa 1154 | 2434 c5fa | 117c 2438 | c5f8 77e8 
  0x0000018ae042bd20: dc65 44f8 | bae4 ffff | ff48 8b2c | 2444 8b5c | 2408 4489 | 1c24 4c8b | 5c24 184c | 895c 2408 
  0x0000018ae042bd40: 448b 5c24 | 1044 895c | 2404 448b | 4424 1444 | 8944 2410 | c5fb 1144 | 2418 c5fb | 116c 2420 
  0x0000018ae042bd60: 4489 5424 | 2844 894c | 242c c5fa | 114c 2430 | c5fa 117c | 2434 6690 | c5f8 77e8 | 8065 44f8 
  0x0000018ae042bd80: 4f8d 14dc | e9ac feff | ffba f6ff | ffff 6690 | c5f8 77e8 | 6865 44f8 | 418b 6cfc | 0cd1 fdff 
  0x0000018ae042bda0: c5ba 76ff | ffff 4c8b | 5424 184c | 8954 2410 | 448b 5424 | 2844 8954 | 240c 448b | 5424 2c44 
  0x0000018ae042bdc0: 8954 2418 | 4889 4424 | 2844 8974 | 241c 6690 | c5f8 77e8 | 2865 44f8 | 8bfd b901 | 0000 00e9 
  0x0000018ae042bde0: 23f6 ffff | baf6 ffff | ff66 6690 | c5f8 77e8 | 0c65 44f8 | 4533 d2e9 | 7ffa ffff | 448b d1e9 
  0x0000018ae042be00: 0dfa ffff | bade ffff | ffc5 fa11 | 4424 08c5 | fa11 4c24 | 0c44 894c | 2410 4c89 | 4424 2090 
  0x0000018ae042be20: c5f8 77e8 | d864 44f8 | bae4 ffff | ff48 8b2c | 24c5 fa11 | 0c24 c5fa | 1154 2404 | 4c8b 5424 
  0x0000018ae042be40: 184c 8954 | 2408 c5fa | 1144 2418 | 4c89 4424 | 2066 6690 | c5f8 77e8 | a464 44f8 | 4c8b 0c24 
  0x0000018ae042be60: 488b 7424 | 18ba beff | ffff 498b | e948 8934 | 2448 8944 | 2408 4489 | 5424 1044 | 895c 2418 
  0x0000018ae042be80: 4489 5c24 | 1c89 4c24 | 2066 6690 | c5f8 77e8 | 6c64 44f8 | 4c8b 0c24 | 488b 7424 | 18eb c648 
  0x0000018ae042bea0: 8b74 2418 | ebbf ba45 | ffff ff48 | 8b2c 24c5 | fa11 0424 | c5fa 114c | 2404 4489 | 4c24 0848 
  0x0000018ae042bec0: 897c 2410 | 4c89 4424 | 1844 8974 | 2420 4489 | 5424 2490 | c5f8 77e8 | 2464 44f8 | 4533 d2ba 
  0x0000018ae042bee0: e4ff ffff | 4c8b 5c24 | 184c 895c | 2410 448b | 5c24 2844 | 895c 240c | 448b 4424 | 2c44 8944 
  0x0000018ae042bf00: 2418 c5fb | 1144 2420 | 4889 4424 | 2889 4c24 | 3044 8954 | 2434 c5fa | 114c 243c | c5f8 77e8 
  0x0000018ae042bf20: dc63 44f8 | ba45 ffff | ff4c 8b44 | 2418 4c89 | 4424 0848 | 8944 2410 | 4489 5424 | 1844 895c 
  0x0000018ae042bf40: 241c 4489 | 6c24 2090 | c5f8 77e8 | b063 44f8 | 448b 5424 | 2cba beff | ffff 488b | 2c24 448b 
  0x0000018ae042bf60: 4424 0844 | 8904 244c | 8b5c 2418 | 4c89 5c24 | 0844 8b5c | 2410 4489 | 5c24 0444 | 8b44 2414 
  0x0000018ae042bf80: 4489 4424 | 104c 8b5c | 2420 4c89 | 5c24 1848 | 8944 2420 | 4489 5424 | 1466 6690 | c5f8 77e8 
  0x0000018ae042bfa0: 5c63 44f8 | 448b 5424 | 2ceb aa44 | 8b54 242c | eba3 babe | ffff ff48 | 8b2c 2444 | 8b5c 2408 
  0x0000018ae042bfc0: 4489 1c24 | 4c8b 5424 | 184c 8954 | 2408 4c8b | 5424 204c | 8954 2418 | 4889 4424 | 2066 6690 
  0x0000018ae042bfe0: c5f8 77e8 | 1863 44f8 | bae4 ffff | ff44 896c | 2408 4c8b | 4c24 184c | 894c 2410 | 4489 5424 
  0x0000018ae042c000: 0c44 895c | 2418 4c89 | 4424 2890 | c5f8 77e8 | ec62 44f8 | bae4 ffff | ff48 8b2c | 2444 892c 
  0x0000018ae042c020: 2448 8b4c | 2418 4889 | 4c24 0844 | 8954 2404 | 4489 5c24 | 104c 8944 | 2420 4489 | 4c24 1490 
  0x0000018ae042c040: c5f8 77e8 | b862 44f8 | 4533 d2e9 | eafa ffff | 41ba 0100 | 0000 e9b2 | efff ff41 | ba01 0000 
  0x0000018ae042c060: 00e9 d4fa | ffff 41ba | 0200 0000 | e9c9 faff | ffba 76ff | ffff c5fa | 1144 2408 | c5fa 114c 
  0x0000018ae042c080: 240c c5fa | 1154 2410 | 4489 7424 | 144c 8944 | 2428 4489 | 6c24 3444 | 8954 2438 | c5f8 77e8 
  0x0000018ae042c0a0: 5c62 44f8 | bb01 0000 | 0033 d2e9 | b4e8 ffff | 41ba 0300 | 0000 e97f | faff ff41 | ba04 0000 
  0x0000018ae042c0c0: 00e9 74fa | ffff baf4 | ffff ff48 | 8b2c 24c5 | fa11 0424 | c5fa 114c | 2404 c5fa | 1154 2408 
  0x0000018ae042c0e0: c5f8 77e8 | 1862 44f8 | ba45 ffff | ffc5 fa11 | 4424 08c5 | fa11 4c24 | 0cc5 fa11 | 5424 104c 
  0x0000018ae042c100: 8944 2420 | 4489 5c24 | 1444 8954 | 2428 6690 | c5f8 77e8 | e861 44f8 | 41ba 0500 | 0000 e976 
  0x0000018ae042c120: eeff ffba | beff ffff | 488b 2c24 | 448b 5424 | 0844 8914 | 244c 8b54 | 2418 4c89 | 5424 084c 
  0x0000018ae042c140: 8b54 2420 | 4c89 5424 | 1848 8944 | 2420 6690 | c5f8 77e8 | a861 44f8 | ba45 ffff | ffc5 fa11 
  0x0000018ae042c160: 4424 08c5 | fa11 4c24 | 0cc5 fa11 | 5424 104c | 8944 2428 | 4489 5c24 | 1444 8954 | 2430 4c89 
  0x0000018ae042c180: 4c24 3889 | 7c24 3490 | c5f8 77e8 | 7061 44f8 | 4585 c940 | 0f95 c540 | 0fb6 ed83 | f501 ba45 
  0x0000018ae042c1a0: ffff ffc5 | fa11 4424 | 08c5 fa11 | 4c24 0cc5 | fa11 5424 | 1044 8974 | 2414 4c89 | 4424 2844 
  0x0000018ae042c1c0: 8954 2430 | c5f8 77e8 | 3461 44f8 | 448b d3e9 | 66f9 ffff | ba45 ffff | ffc5 fa11 | 4424 08c5 
  0x0000018ae042c1e0: fa11 4c24 | 0cc5 fa11 | 5424 104c | 8944 2428 | 4c89 5c24 | 3044 8954 | 2414 4c89 | 4c24 3889 
  0x0000018ae042c200: 7c24 4090 | c5f8 77e8 | f460 44f8 | bade ffff | ff48 8b2c | 24c5 fa11 | 0424 c5fa | 114c 2404 
  0x0000018ae042c220: c5fa 1154 | 2408 4c8b | 4c24 184c | 894c 2410 | 4c89 4424 | 204c 895c | 2428 4489 | 5424 0c89 
  0x0000018ae042c240: 4c24 3490 | c5f8 77e8 | b460 44f8 | bade ffff | ffc5 fa11 | 4424 08c5 | fa11 4c24 | 0cc5 fa11 
  0x0000018ae042c260: 5424 1090 | c5f8 77e8 | 9460 44f8 | bade ffff | ff48 8b2c | 24c5 fa11 | 0424 c5fa | 114c 2404 
  0x0000018ae042c280: c5fa 1154 | 2408 488b | 4c24 1848 | 894c 2410 | 4c89 4424 | 2044 895c | 240c 4489 | 5424 2844 
  0x0000018ae042c2a0: 894c 2430 | c5f8 77e8 | 5460 44f8 | baf6 ffff | ff8b e944 | 890c 2490 | c5f8 77e8 | 4060 44f8 
  0x0000018ae042c2c0: baf6 ffff | ff66 6690 | c5f8 77e8 | 3060 44f8 | c4c1 796e | d6ba f6ff | ffff c5f9 | 7ed5 6690 
  0x0000018ae042c2e0: c5f8 77e8 | 1860 44f8 | 4489 5c24 | 10ba f6ff | ffff 4489 | 1424 6690 | c5f8 77e8 | 0060 44f8 
  0x0000018ae042c300: baf6 ffff | ff66 6690 | c5f8 77e8 | f05f 44f8 | ba76 ffff | ff48 8b2c | 2444 8b54 | 2408 4489 
  0x0000018ae042c320: 1424 4c8b | 5424 184c | 8954 2408 | 448b 5c24 | 1044 895c | 2404 448b | 5424 1444 | 8954 2410 
  0x0000018ae042c340: 48ff 7424 | 2048 8f44 | 2418 4889 | 4424 20c5 | fa11 4c24 | 1489 7c24 | 2866 6690 | c5f8 77e8 
  0x0000018ae042c360: 9c5f 44f8 | baf6 ffff | ff66 6690 | c5f8 77e8 | 8c5f 44f8 | 488b d0eb | 0848 8bd0 | eb03 488b 
  0x0000018ae042c380: d0c5 f877 | 4883 c460 | 5de9 f209 | 4ff8 baf6 | ffff ff49 | 8be8 6690 | c5f8 77e8 | 605f 44f8 
  0x0000018ae042c3a0: baf6 ffff | ff66 6690 | c5f8 77e8 | 505f 44f8 | 488b 7424 | 18e9 abfa | ffff 488b | 7424 18e9 
  0x0000018ae042c3c0: a1fa ffff | baf6 ffff | ff66 6690 | c5f8 77e8 | 2c5f 44f8 | baf6 ffff | ff66 6690 | c5f8 77e8 
  0x0000018ae042c3e0: 1c5f 44f8 | baf6 ffff | ff66 6690 | c5f8 77e8 | 0c5f 44f8 | ba45 ffff | ff48 8b2c | 24c5 fa11 
  0x0000018ae042c400: 0424 c5fa | 114c 2404 | c5fa 1154 | 2408 488b | 4c24 1848 | 894c 2410 | 4c89 4424 | 2044 895c 
  0x0000018ae042c420: 240c 4489 | 5424 2844 | 894c 242c | c5f8 77e8 | cc5e 44f8 | baf6 ffff | ff66 6690 | c5f8 77e8 
  0x0000018ae042c440: bc5e 44f8 | ba76 ffff | ff48 8b2c | 2444 8b54 | 2408 4489 | 1424 4c8b | 5424 184c | 8954 2408 
  0x0000018ae042c460: 448b 5c24 | 2844 895c | 2404 48ff | 7424 2048 | 8f44 2418 | 4889 4424 | 2044 896c | 2428 6690 
  0x0000018ae042c480: c5f8 77e8 | 785e 44f8 | baf6 ffff | ff66 6690 | c5f8 77e8 | 685e 44f8 | baf6 ffff | ff66 6690 
  0x0000018ae042c4a0: c5f8 77e8 | 585e 44f8 | ba45 ffff | ff48 8b2c | 24c5 fa11 | 0424 c5fa | 114c 2404 | c5fa 1154 
  0x0000018ae042c4c0: 2408 4c8b | 4c24 184c | 894c 2410 | 4c89 4424 | 204c 895c | 2428 4489 | 5424 0c89 | 4c24 3090 
  0x0000018ae042c4e0: c5f8 77e8 | 185e 44f8 | 49ba 25b3 | 42e0 8a01 | 0000 4d89 | 9758 0300 | 00e9 026f | 44f8 f4f4 
  0x0000018ae042c500: e97b 864e | f8e8 0000 | 0000 4883 | 2c24 05e9 | 8c61 44f8 | f4f4 f4f4 
[/MachCode]
--------------------------------------------------------------------------------


---------------  P R O C E S S  ---------------

Threads class SMR info:
_java_thread_list=0x0000018af586baa0, length=23, elements={
0x0000018af43b7ce0, 0x0000018af43b8950, 0x0000018af43cdf40, 0x0000018af43cf900,
0x0000018af43d02b0, 0x0000018af43d0c60, 0x0000018af43d5400, 0x0000018af43d5ea0,
0x0000018af4d304a0, 0x0000018af4e40a40, 0x0000018af4e5b3b0, 0x0000018af4e67e60,
0x0000018ad0d57b80, 0x0000018af503f460, 0x0000018af504a660, 0x0000018af5073440,
0x0000018af57cff10, 0x0000018af586eed0, 0x0000018af5861b00, 0x0000018af5861fd0,
0x0000018af5883130, 0x0000018af58aa400, 0x0000018af5862970
}

Java Threads: ( => current thread )
  0x0000018af43b7ce0 JavaThread "Reference Handler" daemon [_thread_blocked, id=17088, stack(0x0000001863100000,0x0000001863200000)]
  0x0000018af43b8950 JavaThread "Finalizer" daemon [_thread_blocked, id=20684, stack(0x0000001863200000,0x0000001863300000)]
  0x0000018af43cdf40 JavaThread "Signal Dispatcher" daemon [_thread_blocked, id=24544, stack(0x0000001863300000,0x0000001863400000)]
  0x0000018af43cf900 JavaThread "Attach Listener" daemon [_thread_blocked, id=20964, stack(0x0000001863400000,0x0000001863500000)]
  0x0000018af43d02b0 JavaThread "Service Thread" daemon [_thread_blocked, id=20148, stack(0x0000001863500000,0x0000001863600000)]
  0x0000018af43d0c60 JavaThread "Monitor Deflation Thread" daemon [_thread_blocked, id=2612, stack(0x0000001863600000,0x0000001863700000)]
  0x0000018af43d5400 JavaThread "C2 CompilerThread0" daemon [_thread_blocked, id=12536, stack(0x0000001863700000,0x0000001863800000)]
  0x0000018af43d5ea0 JavaThread "C1 CompilerThread0" daemon [_thread_blocked, id=19824, stack(0x0000001863800000,0x0000001863900000)]
  0x0000018af4d304a0 JavaThread "Sweeper thread" daemon [_thread_blocked, id=10944, stack(0x0000001863900000,0x0000001863a00000)]
  0x0000018af4e40a40 JavaThread "C1 CompilerThread1" daemon [_thread_blocked, id=18412, stack(0x0000001863a00000,0x0000001863b00000)]
  0x0000018af4e5b3b0 JavaThread "Notification Thread" daemon [_thread_blocked, id=14988, stack(0x0000001863b00000,0x0000001863c00000)]
  0x0000018af4e67e60 JavaThread "Common-Cleaner" daemon [_thread_blocked, id=24304, stack(0x0000001863d00000,0x0000001863e00000)]
  0x0000018ad0d57b80 JavaThread "DestroyJavaVM" [_thread_blocked, id=24232, stack(0x0000001862a00000,0x0000001862b00000)]
  0x0000018af503f460 JavaThread "Java2D Disposer" daemon [_thread_blocked, id=22584, stack(0x0000001863f00000,0x0000001864000000)]
  0x0000018af504a660 JavaThread "AWT-Shutdown" [_thread_blocked, id=16528, stack(0x0000001864100000,0x0000001864200000)]
  0x0000018af5073440 JavaThread "AWT-Windows" daemon [_thread_in_native, id=9968, stack(0x0000001864200000,0x0000001864300000)]
  0x0000018af57cff10 JavaThread "AWT-EventQueue-0" [_thread_blocked, id=13324, stack(0x0000001864f00000,0x0000001865000000)]
=>0x0000018af586eed0 JavaThread "Thread-2" [_thread_in_Java, id=17292, stack(0x0000001865000000,0x0000001865100000)]
  0x0000018af5861b00 JavaThread "Thread-1" [_thread_in_Java, id=23568, stack(0x0000001865100000,0x0000001865200000)]
  0x0000018af5861fd0 JavaThread "D3D Screen Updater" daemon [_thread_blocked, id=11228, stack(0x0000001863e00000,0x0000001863f00000)]
  0x0000018af5883130 JavaThread "C2 CompilerThread1" daemon [_thread_blocked, id=23488, stack(0x0000001864000000,0x0000001864100000)]
  0x0000018af58aa400 JavaThread "C2 CompilerThread2" daemon [_thread_blocked, id=23080, stack(0x0000001865200000,0x0000001865300000)]
  0x0000018af5862970 JavaThread "Thread-3" [_thread_in_Java, id=22852, stack(0x0000001865300000,0x0000001865400000)]

Other Threads:
  0x0000018af43b21e0 VMThread "VM Thread" [stack: 0x0000001863000000,0x0000001863100000] [id=22948]
  0x0000018af4e604a0 WatcherThread [stack: 0x0000001863c00000,0x0000001863d00000] [id=22388]
  0x0000018ad0da58a0 GCTaskThread "GC Thread#0" [stack: 0x0000001862b00000,0x0000001862c00000] [id=23680]
  0x0000018ad0db5e70 ConcurrentGCThread "G1 Main Marker" [stack: 0x0000001862c00000,0x0000001862d00000] [id=11396]
  0x0000018ad0db9f40 ConcurrentGCThread "G1 Conc#0" [stack: 0x0000001862d00000,0x0000001862e00000] [id=11532]
  0x0000018ad0e2db50 ConcurrentGCThread "G1 Refine#0" [stack: 0x0000001862e00000,0x0000001862f00000] [id=20732]
  0x0000018ad0e2e470 ConcurrentGCThread "G1 Service" [stack: 0x0000001862f00000,0x0000001863000000] [id=16656]

Threads with active compile tasks:

VM state: not at safepoint (normal execution)

VM Mutex/Monitor currently owned by a thread: None

Heap address: 0x0000000709600000, size: 3946 MB, Compressed Oops mode: Zero based, Oop shift amount: 3

CDS archive(s) mapped at: [0x0000000800000000-0x0000000800bc0000-0x0000000800bc0000), size 12320768, SharedBaseAddress: 0x0000000800000000, ArchiveRelocationMode: 0.
Compressed class space mapped at: 0x0000000800c00000-0x0000000840c00000, reserved size: 1073741824
Narrow klass base: 0x0000000800000000, Narrow klass shift: 0, Narrow klass range: 0x100000000

GC Precious Log:
 CPUs: 16 total, 16 available
 Memory: 15776M
 Large Page Support: Disabled
 NUMA Support: Disabled
 Compressed Oops: Enabled (Zero based)
 Heap Region Size: 2M
 Heap Min Capacity: 8M
 Heap Initial Capacity: 248M
 Heap Max Capacity: 3946M
 Pre-touch: Disabled
 Parallel Workers: 13
 Concurrent Workers: 3
 Concurrent Refinement Workers: 13
 Periodic GC: Disabled

Heap:
 garbage-first heap   total 253952K, used 24576K [0x0000000709600000, 0x0000000800000000)
  region size 2048K, 11 young (22528K), 0 survivors (0K)
 Metaspace       used 6928K, committed 7104K, reserved 1056768K
  class space    used 751K, committed 832K, reserved 1048576K

Heap Regions: E=young(eden), S=young(survivor), O=old, HS=humongous(starts), HC=humongous(continues), CS=collection set, F=free, OA=open archive, CA=closed archive, TAMS=top-at-mark-start (previous, next)
|   0|0x0000000709600000, 0x0000000709800000, 0x0000000709800000|100%|HS|  |TAMS 0x0000000709600000, 0x0000000709600000| Complete 
|   1|0x0000000709800000, 0x0000000709a00000, 0x0000000709a00000|100%|HC|  |TAMS 0x0000000709800000, 0x0000000709800000| Complete 
|   2|0x0000000709a00000, 0x0000000709a00000, 0x0000000709c00000|  0%| F|  |TAMS 0x0000000709a00000, 0x0000000709a00000| Untracked 
|   3|0x0000000709c00000, 0x0000000709c00000, 0x0000000709e00000|  0%| F|  |TAMS 0x0000000709c00000, 0x0000000709c00000| Untracked 
|   4|0x0000000709e00000, 0x0000000709e00000, 0x000000070a000000|  0%| F|  |TAMS 0x0000000709e00000, 0x0000000709e00000| Untracked 
|   5|0x000000070a000000, 0x000000070a000000, 0x000000070a200000|  0%| F|  |TAMS 0x000000070a000000, 0x000000070a000000| Untracked 
|   6|0x000000070a200000, 0x000000070a200000, 0x000000070a400000|  0%| F|  |TAMS 0x000000070a200000, 0x000000070a200000| Untracked 
|   7|0x000000070a400000, 0x000000070a400000, 0x000000070a600000|  0%| F|  |TAMS 0x000000070a400000, 0x000000070a400000| Untracked 
|   8|0x000000070a600000, 0x000000070a600000, 0x000000070a800000|  0%| F|  |TAMS 0x000000070a600000, 0x000000070a600000| Untracked 
|   9|0x000000070a800000, 0x000000070a800000, 0x000000070aa00000|  0%| F|  |TAMS 0x000000070a800000, 0x000000070a800000| Untracked 
|  10|0x000000070aa00000, 0x000000070aa00000, 0x000000070ac00000|  0%| F|  |TAMS 0x000000070aa00000, 0x000000070aa00000| Untracked 
|  11|0x000000070ac00000, 0x000000070ac00000, 0x000000070ae00000|  0%| F|  |TAMS 0x000000070ac00000, 0x000000070ac00000| Untracked 
|  12|0x000000070ae00000, 0x000000070ae00000, 0x000000070b000000|  0%| F|  |TAMS 0x000000070ae00000, 0x000000070ae00000| Untracked 
|  13|0x000000070b000000, 0x000000070b000000, 0x000000070b200000|  0%| F|  |TAMS 0x000000070b000000, 0x000000070b000000| Untracked 
|  14|0x000000070b200000, 0x000000070b200000, 0x000000070b400000|  0%| F|  |TAMS 0x000000070b200000, 0x000000070b200000| Untracked 
|  15|0x000000070b400000, 0x000000070b400000, 0x000000070b600000|  0%| F|  |TAMS 0x000000070b400000, 0x000000070b400000| Untracked 
|  16|0x000000070b600000, 0x000000070b600000, 0x000000070b800000|  0%| F|  |TAMS 0x000000070b600000, 0x000000070b600000| Untracked 
|  17|0x000000070b800000, 0x000000070b800000, 0x000000070ba00000|  0%| F|  |TAMS 0x000000070b800000, 0x000000070b800000| Untracked 
|  18|0x000000070ba00000, 0x000000070ba00000, 0x000000070bc00000|  0%| F|  |TAMS 0x000000070ba00000, 0x000000070ba00000| Untracked 
|  19|0x000000070bc00000, 0x000000070bc00000, 0x000000070be00000|  0%| F|  |TAMS 0x000000070bc00000, 0x000000070bc00000| Untracked 
|  20|0x000000070be00000, 0x000000070be00000, 0x000000070c000000|  0%| F|  |TAMS 0x000000070be00000, 0x000000070be00000| Untracked 
|  21|0x000000070c000000, 0x000000070c000000, 0x000000070c200000|  0%| F|  |TAMS 0x000000070c000000, 0x000000070c000000| Untracked 
|  22|0x000000070c200000, 0x000000070c200000, 0x000000070c400000|  0%| F|  |TAMS 0x000000070c200000, 0x000000070c200000| Untracked 
|  23|0x000000070c400000, 0x000000070c400000, 0x000000070c600000|  0%| F|  |TAMS 0x000000070c400000, 0x000000070c400000| Untracked 
|  24|0x000000070c600000, 0x000000070c600000, 0x000000070c800000|  0%| F|  |TAMS 0x000000070c600000, 0x000000070c600000| Untracked 
|  25|0x000000070c800000, 0x000000070c800000, 0x000000070ca00000|  0%| F|  |TAMS 0x000000070c800000, 0x000000070c800000| Untracked 
|  26|0x000000070ca00000, 0x000000070ca00000, 0x000000070cc00000|  0%| F|  |TAMS 0x000000070ca00000, 0x000000070ca00000| Untracked 
|  27|0x000000070cc00000, 0x000000070cc00000, 0x000000070ce00000|  0%| F|  |TAMS 0x000000070cc00000, 0x000000070cc00000| Untracked 
|  28|0x000000070ce00000, 0x000000070ce00000, 0x000000070d000000|  0%| F|  |TAMS 0x000000070ce00000, 0x000000070ce00000| Untracked 
|  29|0x000000070d000000, 0x000000070d000000, 0x000000070d200000|  0%| F|  |TAMS 0x000000070d000000, 0x000000070d000000| Untracked 
|  30|0x000000070d200000, 0x000000070d200000, 0x000000070d400000|  0%| F|  |TAMS 0x000000070d200000, 0x000000070d200000| Untracked 
|  31|0x000000070d400000, 0x000000070d400000, 0x000000070d600000|  0%| F|  |TAMS 0x000000070d400000, 0x000000070d400000| Untracked 
|  32|0x000000070d600000, 0x000000070d600000, 0x000000070d800000|  0%| F|  |TAMS 0x000000070d600000, 0x000000070d600000| Untracked 
|  33|0x000000070d800000, 0x000000070d800000, 0x000000070da00000|  0%| F|  |TAMS 0x000000070d800000, 0x000000070d800000| Untracked 
|  34|0x000000070da00000, 0x000000070da00000, 0x000000070dc00000|  0%| F|  |TAMS 0x000000070da00000, 0x000000070da00000| Untracked 
|  35|0x000000070dc00000, 0x000000070dc00000, 0x000000070de00000|  0%| F|  |TAMS 0x000000070dc00000, 0x000000070dc00000| Untracked 
|  36|0x000000070de00000, 0x000000070de00000, 0x000000070e000000|  0%| F|  |TAMS 0x000000070de00000, 0x000000070de00000| Untracked 
|  37|0x000000070e000000, 0x000000070e000000, 0x000000070e200000|  0%| F|  |TAMS 0x000000070e000000, 0x000000070e000000| Untracked 
|  38|0x000000070e200000, 0x000000070e200000, 0x000000070e400000|  0%| F|  |TAMS 0x000000070e200000, 0x000000070e200000| Untracked 
|  39|0x000000070e400000, 0x000000070e400000, 0x000000070e600000|  0%| F|  |TAMS 0x000000070e400000, 0x000000070e400000| Untracked 
|  40|0x000000070e600000, 0x000000070e600000, 0x000000070e800000|  0%| F|  |TAMS 0x000000070e600000, 0x000000070e600000| Untracked 
|  41|0x000000070e800000, 0x000000070e800000, 0x000000070ea00000|  0%| F|  |TAMS 0x000000070e800000, 0x000000070e800000| Untracked 
|  42|0x000000070ea00000, 0x000000070ea00000, 0x000000070ec00000|  0%| F|  |TAMS 0x000000070ea00000, 0x000000070ea00000| Untracked 
|  43|0x000000070ec00000, 0x000000070ec00000, 0x000000070ee00000|  0%| F|  |TAMS 0x000000070ec00000, 0x000000070ec00000| Untracked 
|  44|0x000000070ee00000, 0x000000070ee00000, 0x000000070f000000|  0%| F|  |TAMS 0x000000070ee00000, 0x000000070ee00000| Untracked 
|  45|0x000000070f000000, 0x000000070f000000, 0x000000070f200000|  0%| F|  |TAMS 0x000000070f000000, 0x000000070f000000| Untracked 
|  46|0x000000070f200000, 0x000000070f200000, 0x000000070f400000|  0%| F|  |TAMS 0x000000070f200000, 0x000000070f200000| Untracked 
|  47|0x000000070f400000, 0x000000070f400000, 0x000000070f600000|  0%| F|  |TAMS 0x000000070f400000, 0x000000070f400000| Untracked 
|  48|0x000000070f600000, 0x000000070f600000, 0x000000070f800000|  0%| F|  |TAMS 0x000000070f600000, 0x000000070f600000| Untracked 
|  49|0x000000070f800000, 0x000000070f800000, 0x000000070fa00000|  0%| F|  |TAMS 0x000000070f800000, 0x000000070f800000| Untracked 
|  50|0x000000070fa00000, 0x000000070fa00000, 0x000000070fc00000|  0%| F|  |TAMS 0x000000070fa00000, 0x000000070fa00000| Untracked 
|  51|0x000000070fc00000, 0x000000070fc00000, 0x000000070fe00000|  0%| F|  |TAMS 0x000000070fc00000, 0x000000070fc00000| Untracked 
|  52|0x000000070fe00000, 0x000000070fe00000, 0x0000000710000000|  0%| F|  |TAMS 0x000000070fe00000, 0x000000070fe00000| Untracked 
|  53|0x0000000710000000, 0x0000000710000000, 0x0000000710200000|  0%| F|  |TAMS 0x0000000710000000, 0x0000000710000000| Untracked 
|  54|0x0000000710200000, 0x0000000710200000, 0x0000000710400000|  0%| F|  |TAMS 0x0000000710200000, 0x0000000710200000| Untracked 
|  55|0x0000000710400000, 0x0000000710400000, 0x0000000710600000|  0%| F|  |TAMS 0x0000000710400000, 0x0000000710400000| Untracked 
|  56|0x0000000710600000, 0x0000000710600000, 0x0000000710800000|  0%| F|  |TAMS 0x0000000710600000, 0x0000000710600000| Untracked 
|  57|0x0000000710800000, 0x0000000710800000, 0x0000000710a00000|  0%| F|  |TAMS 0x0000000710800000, 0x0000000710800000| Untracked 
|  58|0x0000000710a00000, 0x0000000710a00000, 0x0000000710c00000|  0%| F|  |TAMS 0x0000000710a00000, 0x0000000710a00000| Untracked 
|  59|0x0000000710c00000, 0x0000000710c00000, 0x0000000710e00000|  0%| F|  |TAMS 0x0000000710c00000, 0x0000000710c00000| Untracked 
|  60|0x0000000710e00000, 0x0000000710e00000, 0x0000000711000000|  0%| F|  |TAMS 0x0000000710e00000, 0x0000000710e00000| Untracked 
|  61|0x0000000711000000, 0x0000000711000000, 0x0000000711200000|  0%| F|  |TAMS 0x0000000711000000, 0x0000000711000000| Untracked 
|  62|0x0000000711200000, 0x0000000711200000, 0x0000000711400000|  0%| F|  |TAMS 0x0000000711200000, 0x0000000711200000| Untracked 
|  63|0x0000000711400000, 0x0000000711400000, 0x0000000711600000|  0%| F|  |TAMS 0x0000000711400000, 0x0000000711400000| Untracked 
|  64|0x0000000711600000, 0x0000000711600000, 0x0000000711800000|  0%| F|  |TAMS 0x0000000711600000, 0x0000000711600000| Untracked 
|  65|0x0000000711800000, 0x0000000711800000, 0x0000000711a00000|  0%| F|  |TAMS 0x0000000711800000, 0x0000000711800000| Untracked 
|  66|0x0000000711a00000, 0x0000000711a00000, 0x0000000711c00000|  0%| F|  |TAMS 0x0000000711a00000, 0x0000000711a00000| Untracked 
|  67|0x0000000711c00000, 0x0000000711c00000, 0x0000000711e00000|  0%| F|  |TAMS 0x0000000711c00000, 0x0000000711c00000| Untracked 
|  68|0x0000000711e00000, 0x0000000711e00000, 0x0000000712000000|  0%| F|  |TAMS 0x0000000711e00000, 0x0000000711e00000| Untracked 
|  69|0x0000000712000000, 0x0000000712000000, 0x0000000712200000|  0%| F|  |TAMS 0x0000000712000000, 0x0000000712000000| Untracked 
|  70|0x0000000712200000, 0x0000000712200000, 0x0000000712400000|  0%| F|  |TAMS 0x0000000712200000, 0x0000000712200000| Untracked 
|  71|0x0000000712400000, 0x0000000712400000, 0x0000000712600000|  0%| F|  |TAMS 0x0000000712400000, 0x0000000712400000| Untracked 
|  72|0x0000000712600000, 0x0000000712600000, 0x0000000712800000|  0%| F|  |TAMS 0x0000000712600000, 0x0000000712600000| Untracked 
|  73|0x0000000712800000, 0x0000000712800000, 0x0000000712a00000|  0%| F|  |TAMS 0x0000000712800000, 0x0000000712800000| Untracked 
|  74|0x0000000712a00000, 0x0000000712a00000, 0x0000000712c00000|  0%| F|  |TAMS 0x0000000712a00000, 0x0000000712a00000| Untracked 
|  75|0x0000000712c00000, 0x0000000712c00000, 0x0000000712e00000|  0%| F|  |TAMS 0x0000000712c00000, 0x0000000712c00000| Untracked 
|  76|0x0000000712e00000, 0x0000000712e00000, 0x0000000713000000|  0%| F|  |TAMS 0x0000000712e00000, 0x0000000712e00000| Untracked 
|  77|0x0000000713000000, 0x0000000713000000, 0x0000000713200000|  0%| F|  |TAMS 0x0000000713000000, 0x0000000713000000| Untracked 
|  78|0x0000000713200000, 0x0000000713200000, 0x0000000713400000|  0%| F|  |TAMS 0x0000000713200000, 0x0000000713200000| Untracked 
|  79|0x0000000713400000, 0x0000000713400000, 0x0000000713600000|  0%| F|  |TAMS 0x0000000713400000, 0x0000000713400000| Untracked 
|  80|0x0000000713600000, 0x0000000713600000, 0x0000000713800000|  0%| F|  |TAMS 0x0000000713600000, 0x0000000713600000| Untracked 
|  81|0x0000000713800000, 0x0000000713800000, 0x0000000713a00000|  0%| F|  |TAMS 0x0000000713800000, 0x0000000713800000| Untracked 
|  82|0x0000000713a00000, 0x0000000713a00000, 0x0000000713c00000|  0%| F|  |TAMS 0x0000000713a00000, 0x0000000713a00000| Untracked 
|  83|0x0000000713c00000, 0x0000000713c00000, 0x0000000713e00000|  0%| F|  |TAMS 0x0000000713c00000, 0x0000000713c00000| Untracked 
|  84|0x0000000713e00000, 0x0000000713e00000, 0x0000000714000000|  0%| F|  |TAMS 0x0000000713e00000, 0x0000000713e00000| Untracked 
|  85|0x0000000714000000, 0x0000000714000000, 0x0000000714200000|  0%| F|  |TAMS 0x0000000714000000, 0x0000000714000000| Untracked 
|  86|0x0000000714200000, 0x0000000714200000, 0x0000000714400000|  0%| F|  |TAMS 0x0000000714200000, 0x0000000714200000| Untracked 
|  87|0x0000000714400000, 0x0000000714400000, 0x0000000714600000|  0%| F|  |TAMS 0x0000000714400000, 0x0000000714400000| Untracked 
|  88|0x0000000714600000, 0x0000000714600000, 0x0000000714800000|  0%| F|  |TAMS 0x0000000714600000, 0x0000000714600000| Untracked 
|  89|0x0000000714800000, 0x0000000714800000, 0x0000000714a00000|  0%| F|  |TAMS 0x0000000714800000, 0x0000000714800000| Untracked 
|  90|0x0000000714a00000, 0x0000000714a00000, 0x0000000714c00000|  0%| F|  |TAMS 0x0000000714a00000, 0x0000000714a00000| Untracked 
|  91|0x0000000714c00000, 0x0000000714c00000, 0x0000000714e00000|  0%| F|  |TAMS 0x0000000714c00000, 0x0000000714c00000| Untracked 
|  92|0x0000000714e00000, 0x0000000714e00000, 0x0000000715000000|  0%| F|  |TAMS 0x0000000714e00000, 0x0000000714e00000| Untracked 
|  93|0x0000000715000000, 0x0000000715000000, 0x0000000715200000|  0%| F|  |TAMS 0x0000000715000000, 0x0000000715000000| Untracked 
|  94|0x0000000715200000, 0x0000000715200000, 0x0000000715400000|  0%| F|  |TAMS 0x0000000715200000, 0x0000000715200000| Untracked 
|  95|0x0000000715400000, 0x0000000715400000, 0x0000000715600000|  0%| F|  |TAMS 0x0000000715400000, 0x0000000715400000| Untracked 
|  96|0x0000000715600000, 0x0000000715600000, 0x0000000715800000|  0%| F|  |TAMS 0x0000000715600000, 0x0000000715600000| Untracked 
|  97|0x0000000715800000, 0x0000000715800000, 0x0000000715a00000|  0%| F|  |TAMS 0x0000000715800000, 0x0000000715800000| Untracked 
|  98|0x0000000715a00000, 0x0000000715a00000, 0x0000000715c00000|  0%| F|  |TAMS 0x0000000715a00000, 0x0000000715a00000| Untracked 
|  99|0x0000000715c00000, 0x0000000715c00000, 0x0000000715e00000|  0%| F|  |TAMS 0x0000000715c00000, 0x0000000715c00000| Untracked 
| 100|0x0000000715e00000, 0x0000000715e00000, 0x0000000716000000|  0%| F|  |TAMS 0x0000000715e00000, 0x0000000715e00000| Untracked 
| 101|0x0000000716000000, 0x0000000716000000, 0x0000000716200000|  0%| F|  |TAMS 0x0000000716000000, 0x0000000716000000| Untracked 
| 102|0x0000000716200000, 0x0000000716200000, 0x0000000716400000|  0%| F|  |TAMS 0x0000000716200000, 0x0000000716200000| Untracked 
| 103|0x0000000716400000, 0x0000000716400000, 0x0000000716600000|  0%| F|  |TAMS 0x0000000716400000, 0x0000000716400000| Untracked 
| 104|0x0000000716600000, 0x0000000716600000, 0x0000000716800000|  0%| F|  |TAMS 0x0000000716600000, 0x0000000716600000| Untracked 
| 105|0x0000000716800000, 0x0000000716800000, 0x0000000716a00000|  0%| F|  |TAMS 0x0000000716800000, 0x0000000716800000| Untracked 
| 106|0x0000000716a00000, 0x0000000716a00000, 0x0000000716c00000|  0%| F|  |TAMS 0x0000000716a00000, 0x0000000716a00000| Untracked 
| 107|0x0000000716c00000, 0x0000000716c00000, 0x0000000716e00000|  0%| F|  |TAMS 0x0000000716c00000, 0x0000000716c00000| Untracked 
| 108|0x0000000716e00000, 0x0000000716e00000, 0x0000000717000000|  0%| F|  |TAMS 0x0000000716e00000, 0x0000000716e00000| Untracked 
| 109|0x0000000717000000, 0x0000000717000000, 0x0000000717200000|  0%| F|  |TAMS 0x0000000717000000, 0x0000000717000000| Untracked 
| 110|0x0000000717200000, 0x0000000717200000, 0x0000000717400000|  0%| F|  |TAMS 0x0000000717200000, 0x0000000717200000| Untracked 
| 111|0x0000000717400000, 0x0000000717400000, 0x0000000717600000|  0%| F|  |TAMS 0x0000000717400000, 0x0000000717400000| Untracked 
| 112|0x0000000717600000, 0x0000000717600000, 0x0000000717800000|  0%| F|  |TAMS 0x0000000717600000, 0x0000000717600000| Untracked 
| 113|0x0000000717800000, 0x0000000717952728, 0x0000000717a00000| 66%| E|  |TAMS 0x0000000717800000, 0x0000000717800000| Complete 
| 114|0x0000000717a00000, 0x0000000717c00000, 0x0000000717c00000|100%| E|CS|TAMS 0x0000000717a00000, 0x0000000717a00000| Complete 
| 115|0x0000000717c00000, 0x0000000717e00000, 0x0000000717e00000|100%| E|CS|TAMS 0x0000000717c00000, 0x0000000717c00000| Complete 
| 116|0x0000000717e00000, 0x0000000718000000, 0x0000000718000000|100%| E|CS|TAMS 0x0000000717e00000, 0x0000000717e00000| Complete 
| 117|0x0000000718000000, 0x0000000718200000, 0x0000000718200000|100%| E|CS|TAMS 0x0000000718000000, 0x0000000718000000| Complete 
| 118|0x0000000718200000, 0x0000000718400000, 0x0000000718400000|100%| E|CS|TAMS 0x0000000718200000, 0x0000000718200000| Complete 
| 119|0x0000000718400000, 0x0000000718600000, 0x0000000718600000|100%| E|CS|TAMS 0x0000000718400000, 0x0000000718400000| Complete 
| 120|0x0000000718600000, 0x0000000718800000, 0x0000000718800000|100%| E|CS|TAMS 0x0000000718600000, 0x0000000718600000| Complete 
| 121|0x0000000718800000, 0x0000000718a00000, 0x0000000718a00000|100%| E|CS|TAMS 0x0000000718800000, 0x0000000718800000| Complete 
| 122|0x0000000718a00000, 0x0000000718c00000, 0x0000000718c00000|100%| E|CS|TAMS 0x0000000718a00000, 0x0000000718a00000| Complete 
| 123|0x0000000718c00000, 0x0000000718e00000, 0x0000000718e00000|100%| E|CS|TAMS 0x0000000718c00000, 0x0000000718c00000| Complete 

Card table byte_map: [0x0000018ae8860000,0x0000018ae9020000] _byte_map_base: 0x0000018ae5015000

Marking Bits (Prev, Next): (CMBitMap*) 0x0000018ad0da5eb0, (CMBitMap*) 0x0000018ad0da5ef0
 Prev Bits: [0x0000018ae97e0000, 0x0000018aed588000)
 Next Bits: [0x0000018aed590000, 0x0000018af1338000)

Polling page: 0x0000018aced70000

Metaspace:

Usage:
  Non-class:      6.03 MB used.
      Class:    751.62 KB used.
       Both:      6.77 MB used.

Virtual space:
  Non-class space:        8.00 MB reserved,       6.12 MB ( 77%) committed,  1 nodes.
      Class space:        1.00 GB reserved,     832.00 KB ( <1%) committed,  1 nodes.
             Both:        1.01 GB reserved,       6.94 MB ( <1%) committed. 

Chunk freelists:
   Non-Class:  1.89 MB
       Class:  3.22 MB
        Both:  5.12 MB

MaxMetaspaceSize: unlimited
CompressedClassSpaceSize: 1.00 GB
Initial GC threshold: 21.00 MB
Current GC threshold: 21.00 MB
CDS: on
MetaspaceReclaimPolicy: balanced
 - commit_granule_bytes: 65536.
 - commit_granule_words: 8192.
 - virtual_space_node_default_size: 1048576.
 - enlarge_chunks_in_place: 1.
 - new_chunks_are_fully_committed: 0.
 - uncommit_free_chunks: 1.
 - use_allocation_guard: 0.
 - handle_deallocations: 1.


Internal statistics:

num_allocs_failed_limit: 0.
num_arena_births: 128.
num_arena_deaths: 0.
num_vsnodes_births: 2.
num_vsnodes_deaths: 0.
num_space_committed: 111.
num_space_uncommitted: 0.
num_chunks_returned_to_freelist: 0.
num_chunks_taken_from_freelist: 177.
num_chunk_merges: 0.
num_chunk_splits: 106.
num_chunks_enlarged: 52.
num_purges: 0.
num_inconsistent_stats: 0.

CodeHeap 'non-profiled nmethods': size=119168Kb used=437Kb max_used=437Kb free=118730Kb
 bounds [0x0000018ae03c0000, 0x0000018ae0630000, 0x0000018ae7820000]
CodeHeap 'profiled nmethods': size=119104Kb used=1511Kb max_used=1511Kb free=117592Kb
 bounds [0x0000018ad8f70000, 0x0000018ad91e0000, 0x0000018ae03c0000]
CodeHeap 'non-nmethods': size=7488Kb used=1821Kb max_used=1852Kb free=5666Kb
 bounds [0x0000018ad8820000, 0x0000018ad8a90000, 0x0000018ad8f70000]
 total_blobs=1676 nmethods=1097 adapters=491
 compilation: enabled
              stopped_count=0, restarted_count=0
 full_count=0

Compilation events (20 events):
Event: 0.928 Thread 0x0000018af43d5ea0 1088       3       java.awt.Component::getCursor_NoClientCode (30 bytes)
Event: 0.928 Thread 0x0000018af43d5ea0 nmethod 1088 0x0000018ad90e7310 code [0x0000018ad90e7500, 0x0000018ad90e78a8]
Event: 0.940 Thread 0x0000018af43d5ea0 1089 %     3       summit.gfx.Renderer::renderLight @ 64 (225 bytes)
Event: 0.940 Thread 0x0000018af43d5ea0 nmethod 1089% 0x0000018ad90e7a10 code [0x0000018ad90e7c60, 0x0000018ad90e87b8]
Event: 0.940 Thread 0x0000018af43d5ea0 1090       3       summit.gfx.Renderer::renderLight (225 bytes)
Event: 0.941 Thread 0x0000018af58aa400 1091       4       summit.gfx.Renderer::filterFrame (57 bytes)
Event: 0.941 Thread 0x0000018af43d5ea0 nmethod 1090 0x0000018ad90e8c90 code [0x0000018ad90e8ee0, 0x0000018ad90e98f8]
Event: 0.946 Thread 0x0000018af58aa400 nmethod 1091 0x0000018ae0428a10 code [0x0000018ae0428ba0, 0x0000018ae04290d8]
Event: 0.955 Thread 0x0000018af4e40a40 1092       1       summit.game.entity.Entity::getHealth (5 bytes)
Event: 0.955 Thread 0x0000018af43d5ea0 1093       1       summit.game.GameUpdateEvent::getMap (5 bytes)
Event: 0.955 Thread 0x0000018af43d5ea0 nmethod 1093 0x0000018ae0429390 code [0x0000018ae0429520, 0x0000018ae04295f8]
Event: 0.955 Thread 0x0000018af4e40a40 nmethod 1092 0x0000018ae0429690 code [0x0000018ae0429820, 0x0000018ae04298f8]
Event: 0.955 Thread 0x0000018af43d5ea0 1094       1       summit.game.tile.Tile::getName (5 bytes)
Event: 0.955 Thread 0x0000018af4e40a40 1095       1       summit.game.entity.Entity::setInWater (6 bytes)
Event: 0.955 Thread 0x0000018af43d5ea0 nmethod 1094 0x0000018ae0429990 code [0x0000018ae0429b20, 0x0000018ae0429bf8]
Event: 0.955 Thread 0x0000018af43d5ea0 1096       1       summit.game.entity.Entity::getDx (5 bytes)
Event: 0.955 Thread 0x0000018af43d5ea0 nmethod 1096 0x0000018ae0429c90 code [0x0000018ae0429e20, 0x0000018ae0429ef8]
Event: 0.955 Thread 0x0000018af43d5ea0 1097       1       summit.game.entity.Entity::getDy (5 bytes)
Event: 0.955 Thread 0x0000018af4e40a40 nmethod 1095 0x0000018ae0429f90 code [0x0000018ae042a120, 0x0000018ae042a1f8]
Event: 0.956 Thread 0x0000018af43d5ea0 nmethod 1097 0x0000018ae042a290 code [0x0000018ae042a420, 0x0000018ae042a4f8]

GC Heap History (0 events):
No events

Deoptimization events (20 events):
Event: 0.881 Thread 0x0000018af586eed0 DEOPT PACKING pc=0x0000018ae0421128 sp=0x00000018650ff240
Event: 0.881 Thread 0x0000018af586eed0 DEOPT UNPACKING pc=0x0000018ad88723a3 sp=0x00000018650ff1c0 mode 2
Event: 0.881 Thread 0x0000018af586eed0 Uncommon trap: trap_request=0xffffffbe fr.pc=0x0000018ae0421128 relative=0x0000000000000a28
Event: 0.881 Thread 0x0000018af586eed0 Uncommon trap: reason=profile_predicate action=maybe_recompile pc=0x0000018ae0421128 method=summit.gfx.Renderer.render(Ljava/lang/String;FFILsummit/gfx/ColorFilter;)V @ 263 c2
Event: 0.881 Thread 0x0000018af586eed0 DEOPT PACKING pc=0x0000018ae0421128 sp=0x00000018650ff240
Event: 0.881 Thread 0x0000018af586eed0 DEOPT UNPACKING pc=0x0000018ad88723a3 sp=0x00000018650ff1c0 mode 2
Event: 0.881 Thread 0x0000018af586eed0 Uncommon trap: trap_request=0xffffffbe fr.pc=0x0000018ae0421128 relative=0x0000000000000a28
Event: 0.881 Thread 0x0000018af586eed0 Uncommon trap: reason=profile_predicate action=maybe_recompile pc=0x0000018ae0421128 method=summit.gfx.Renderer.render(Ljava/lang/String;FFILsummit/gfx/ColorFilter;)V @ 263 c2
Event: 0.881 Thread 0x0000018af586eed0 DEOPT PACKING pc=0x0000018ae0421128 sp=0x00000018650ff240
Event: 0.881 Thread 0x0000018af586eed0 DEOPT UNPACKING pc=0x0000018ad88723a3 sp=0x00000018650ff1c0 mode 2
Event: 0.881 Thread 0x0000018af586eed0 Uncommon trap: trap_request=0xffffffbe fr.pc=0x0000018ae0421128 relative=0x0000000000000a28
Event: 0.881 Thread 0x0000018af586eed0 Uncommon trap: reason=profile_predicate action=maybe_recompile pc=0x0000018ae0421128 method=summit.gfx.Renderer.render(Ljava/lang/String;FFILsummit/gfx/ColorFilter;)V @ 263 c2
Event: 0.881 Thread 0x0000018af586eed0 DEOPT PACKING pc=0x0000018ae0421128 sp=0x00000018650ff240
Event: 0.881 Thread 0x0000018af586eed0 DEOPT UNPACKING pc=0x0000018ad88723a3 sp=0x00000018650ff1c0 mode 2
Event: 0.907 Thread 0x0000018af586eed0 DEOPT PACKING pc=0x0000018ad90e499d sp=0x00000018650ff0f0
Event: 0.907 Thread 0x0000018af586eed0 DEOPT UNPACKING pc=0x0000018ad8872b43 sp=0x00000018650fe580 mode 0
Event: 0.913 Thread 0x0000018af586eed0 DEOPT PACKING pc=0x0000018ad90e499d sp=0x00000018650ff180
Event: 0.913 Thread 0x0000018af586eed0 DEOPT UNPACKING pc=0x0000018ad8872b43 sp=0x00000018650fe610 mode 0
Event: 0.941 Thread 0x0000018af586eed0 DEOPT PACKING pc=0x0000018ad90e6764 sp=0x00000018650ff440
Event: 0.941 Thread 0x0000018af586eed0 DEOPT UNPACKING pc=0x0000018ad8872b43 sp=0x00000018650fe8f8 mode 0

Classes unloaded (0 events):
No events

Classes redefined (0 events):
No events

Internal exceptions (14 events):
Event: 0.051 Thread 0x0000018af4e68940 Exception <a 'java/lang/ClassNotFoundException'{0x0000000718a2c1c8}: sun/awt/resources/spi/awtProvider> (0x0000000718a2c1c8) 
thrown [e:\jenkins\tmp\workspace\build\src\src\hotspot\share\classfile\systemDictionary.cpp, line 256]
Event: 0.070 Thread 0x0000018af4e68940 Exception <a 'java/io/FileNotFoundException'{0x0000000718af5c78}> (0x0000000718af5c78) 
thrown [e:\jenkins\tmp\workspace\build\src\src\hotspot\share\prims\jni.cpp, line 516]
Event: 0.075 Thread 0x0000018af4e68940 Exception <a 'java/io/FileNotFoundException'{0x0000000718b22c38}> (0x0000000718b22c38) 
thrown [e:\jenkins\tmp\workspace\build\src\src\hotspot\share\prims\jni.cpp, line 516]
Event: 0.088 Thread 0x0000018af4e68940 Exception <a 'java/lang/NoSuchMethodError'{0x0000000718b58620}: 'java.lang.Object java.lang.invoke.DirectMethodHandle$Holder.invokeStaticInit(java.lang.Object)'> (0x0000000718b58620) 
thrown [e:\jenkins\tmp\workspace\build\src\src\hotspot\share\interpreter\linkResolver.cpp, line 766]
Event: 0.233 Thread 0x0000018af4e68940 Exception <a 'java/lang/NoSuchMethodError'{0x00000007186bce80}: 'void java.lang.invoke.DirectMethodHandle$Holder.invokeSpecial(java.lang.Object, java.lang.Object, java.lang.Object)'> (0x00000007186bce80) 
thrown [e:\jenkins\tmp\workspace\build\src\src\hotspot\share\interpreter\linkResolver.cpp, line 766]
Event: 0.239 Thread 0x0000018af4e68940 Exception <a 'java/lang/NoSuchMethodError'{0x00000007186e7388}: 'java.lang.Object java.lang.invoke.DirectMethodHandle$Holder.newInvokeSpecial(java.lang.Object, java.lang.Object, java.lang.Object, java.lang.Object, java.lang.Object)'> (0x00000007186e7388) 
thrown [e:\jenkins\tmp\workspace\build\src\src\hotspot\share\interpreter\linkResolver.cpp, line 766]
Event: 0.240 Thread 0x0000018af4e68940 Exception <a 'java/lang/NoSuchMethodError'{0x00000007186f2d50}: 'java.lang.Object java.lang.invoke.DirectMethodHandle$Holder.invokeStatic(java.lang.Object, int, java.lang.Object, java.lang.Object, java.lang.Object, java.lang.Object)'> (0x00000007186f2d50) 
thrown [e:\jenkins\tmp\workspace\build\src\src\hotspot\share\interpreter\linkResolver.cpp, line 766]
Event: 0.243 Thread 0x0000018af4e68940 Exception <a 'java/lang/NoSuchMethodError'{0x0000000718718470}: 'java.lang.Object java.lang.invoke.DirectMethodHandle$Holder.invokeStatic(java.lang.Object, int, java.lang.Object)'> (0x0000000718718470) 
thrown [e:\jenkins\tmp\workspace\build\src\src\hotspot\share\interpreter\linkResolver.cpp, line 766]
Event: 0.261 Thread 0x0000018af4e68940 Exception <a 'java/lang/ClassNotFoundException'{0x00000007187d0630}: com/sun/swing/internal/plaf/metal/resources/spi/metalProvider> (0x00000007187d0630) 
thrown [e:\jenkins\tmp\workspace\build\src\src\hotspot\share\classfile\systemDictionary.cpp, line 256]
Event: 0.262 Thread 0x0000018af4e68940 Exception <a 'java/lang/ClassNotFoundException'{0x00000007187d4508}: com/sun/swing/internal/plaf/basic/resources/spi/basicProvider> (0x00000007187d4508) 
thrown [e:\jenkins\tmp\workspace\build\src\src\hotspot\share\classfile\systemDictionary.cpp, line 256]
Event: 0.273 Thread 0x0000018af5073440 Exception <a 'java/lang/NoSuchMethodError'{0x00000007189d4a78}: 'void java.lang.invoke.DirectMethodHandle$Holder.invokeVirtual(java.lang.Object, java.lang.Object)'> (0x00000007189d4a78) 
thrown [e:\jenkins\tmp\workspace\build\src\src\hotspot\share\interpreter\linkResolver.cpp, line 766]
Event: 0.284 Thread 0x0000018af4e68940 Exception <a 'java/lang/NoSuchMethodError'{0x0000000718483d18}: 'void java.lang.invoke.DirectMethodHandle$Holder.invokeStaticInit(java.lang.Object)'> (0x0000000718483d18) 
thrown [e:\jenkins\tmp\workspace\build\src\src\hotspot\share\interpreter\linkResolver.cpp, line 766]
Event: 0.843 Thread 0x0000018af57cff10 Implicit null exception at 0x0000018ae041520b to 0x0000018ae0415464
Event: 0.843 Thread 0x0000018af57cff10 Implicit null exception at 0x0000018ae0414056 to 0x0000018ae0414154

VM Operations (10 events):
Event: 0.037 Executing VM operation: HandshakeAllThreads
Event: 0.037 Executing VM operation: HandshakeAllThreads done
Event: 0.261 Executing VM operation: HandshakeAllThreads
Event: 0.261 Executing VM operation: HandshakeAllThreads done
Event: 0.300 Executing VM operation: HandshakeAllThreads
Event: 0.300 Executing VM operation: HandshakeAllThreads done
Event: 0.325 Executing VM operation: HandshakeAllThreads
Event: 0.325 Executing VM operation: HandshakeAllThreads done
Event: 0.826 Executing VM operation: HandshakeAllThreads
Event: 0.826 Executing VM operation: HandshakeAllThreads done

Events (20 events):
Event: 0.347 loading class java/awt/TextComponent
Event: 0.348 loading class java/awt/TextComponent done
Event: 0.348 loading class javax/swing/text/JTextComponent
Event: 0.348 loading class javax/swing/Scrollable
Event: 0.348 loading class javax/swing/Scrollable done
Event: 0.348 loading class javax/swing/text/JTextComponent done
Event: 0.350 loading class java/awt/event/MouseWheelEvent
Event: 0.350 loading class java/awt/event/MouseWheelEvent done
Event: 0.357 loading class sun/awt/image/BufImgSurfaceManager
Event: 0.357 loading class sun/awt/image/BufImgSurfaceManager done
Event: 0.357 loading class sun/awt/image/BufImgSurfaceData
Event: 0.357 loading class sun/awt/image/BufImgSurfaceData done
Event: 0.357 loading class sun/awt/image/BufImgSurfaceData$ICMColorData
Event: 0.358 loading class sun/awt/image/BufImgSurfaceData$ICMColorData done
Event: 0.564 Thread 0x0000018af5041b70 Thread exited: 0x0000018af5041b70
Event: 0.823 loading class java/lang/Math$RandomNumberGeneratorHolder
Event: 0.823 loading class java/lang/Math$RandomNumberGeneratorHolder done
Event: 0.827 Thread 0x0000018af5883130 Thread added: 0x0000018af5883130
Event: 0.839 Thread 0x0000018af58aa400 Thread added: 0x0000018af58aa400
Event: 0.854 Thread 0x0000018af5862970 Thread added: 0x0000018af5862970


Dynamic libraries:
0x00007ff7039e0000 - 0x00007ff7039ee000 	C:\Users\aadiu\AppData\Local\Programs\Eclipse Adoptium\jdk-17.0.2.8-hotspot\bin\java.exe
0x00007ffb36970000 - 0x00007ffb36b68000 	C:\Windows\SYSTEM32\ntdll.dll
0x00007ffb352a0000 - 0x00007ffb3535f000 	C:\Windows\System32\KERNEL32.DLL
0x00007ffb34310000 - 0x00007ffb345e2000 	C:\Windows\System32\KERNELBASE.dll
0x00007ffb34110000 - 0x00007ffb34210000 	C:\Windows\System32\ucrtbase.dll
0x00007ffb25f60000 - 0x00007ffb25f78000 	C:\Users\aadiu\AppData\Local\Programs\Eclipse Adoptium\jdk-17.0.2.8-hotspot\bin\jli.dll
0x00007ffb1e3d0000 - 0x00007ffb1e3e9000 	C:\Users\aadiu\AppData\Local\Programs\Eclipse Adoptium\jdk-17.0.2.8-hotspot\bin\VCRUNTIME140.dll
0x00007ffb35530000 - 0x00007ffb356cd000 	C:\Windows\System32\USER32.dll
0x00007ffb34720000 - 0x00007ffb34742000 	C:\Windows\System32\win32u.dll
0x00007ffb20b10000 - 0x00007ffb20daa000 	C:\Windows\WinSxS\amd64_microsoft.windows.common-controls_6595b64144ccf1df_6.0.19041.1110_none_60b5254171f9507e\COMCTL32.dll
0x00007ffb35fa0000 - 0x00007ffb35fcb000 	C:\Windows\System32\GDI32.dll
0x00007ffb35f00000 - 0x00007ffb35f9e000 	C:\Windows\System32\msvcrt.dll
0x00007ffb34750000 - 0x00007ffb3485f000 	C:\Windows\System32\gdi32full.dll
0x00007ffb345f0000 - 0x00007ffb3468d000 	C:\Windows\System32\msvcp_win.dll
0x00007ffb356f0000 - 0x00007ffb35722000 	C:\Windows\System32\IMM32.DLL
0x00007ffb2a2a0000 - 0x00007ffb2a2ac000 	C:\Users\aadiu\AppData\Local\Programs\Eclipse Adoptium\jdk-17.0.2.8-hotspot\bin\vcruntime140_1.dll
0x00007ffb1df90000 - 0x00007ffb1e021000 	C:\Users\aadiu\AppData\Local\Programs\Eclipse Adoptium\jdk-17.0.2.8-hotspot\bin\msvcp140.dll
0x00007ffabf480000 - 0x00007ffac00c7000 	C:\Users\aadiu\AppData\Local\Programs\Eclipse Adoptium\jdk-17.0.2.8-hotspot\bin\server\jvm.dll
0x00007ffb34ec0000 - 0x00007ffb34f6e000 	C:\Windows\System32\ADVAPI32.dll
0x00007ffb35e60000 - 0x00007ffb35efc000 	C:\Windows\System32\sechost.dll
0x00007ffb35ba0000 - 0x00007ffb35cc5000 	C:\Windows\System32\RPCRT4.dll
0x00007ffb34eb0000 - 0x00007ffb34eb8000 	C:\Windows\System32\PSAPI.DLL
0x00007ffb1d990000 - 0x00007ffb1d999000 	C:\Windows\SYSTEM32\WSOCK32.dll
0x00007ffb31d40000 - 0x00007ffb31d67000 	C:\Windows\SYSTEM32\WINMM.dll
0x00007ffb2d720000 - 0x00007ffb2d72a000 	C:\Windows\SYSTEM32\VERSION.dll
0x00007ffb35160000 - 0x00007ffb351cb000 	C:\Windows\System32\WS2_32.dll
0x00007ffb31fa0000 - 0x00007ffb31fb2000 	C:\Windows\SYSTEM32\kernel.appcore.dll
0x00007ffb25f50000 - 0x00007ffb25f5a000 	C:\Users\aadiu\AppData\Local\Programs\Eclipse Adoptium\jdk-17.0.2.8-hotspot\bin\jimage.dll
0x00007ffb31b50000 - 0x00007ffb31d34000 	C:\Windows\SYSTEM32\DBGHELP.DLL
0x00007ffb31b20000 - 0x00007ffb31b4c000 	C:\Windows\SYSTEM32\dbgcore.DLL
0x00007ffb34690000 - 0x00007ffb34712000 	C:\Windows\System32\bcryptPrimitives.dll
0x00007ffb1cbf0000 - 0x00007ffb1cc15000 	C:\Users\aadiu\AppData\Local\Programs\Eclipse Adoptium\jdk-17.0.2.8-hotspot\bin\java.dll
0x00007ffb0b470000 - 0x00007ffb0b546000 	C:\Users\aadiu\AppData\Local\Programs\Eclipse Adoptium\jdk-17.0.2.8-hotspot\bin\jsvml.dll
0x00007ffb35fd0000 - 0x00007ffb36713000 	C:\Windows\System32\SHELL32.dll
0x00007ffb32130000 - 0x00007ffb328c2000 	C:\Windows\SYSTEM32\windows.storage.dll
0x00007ffb34ad0000 - 0x00007ffb34e24000 	C:\Windows\System32\combase.dll
0x00007ffb33a60000 - 0x00007ffb33a90000 	C:\Windows\SYSTEM32\Wldp.dll
0x00007ffb349c0000 - 0x00007ffb34a6d000 	C:\Windows\System32\SHCORE.dll
0x00007ffb35020000 - 0x00007ffb35075000 	C:\Windows\System32\shlwapi.dll
0x00007ffb33fb0000 - 0x00007ffb33fcf000 	C:\Windows\SYSTEM32\profapi.dll
0x00007ffaf5980000 - 0x00007ffaf5b0e000 	C:\Users\aadiu\AppData\Local\Programs\Eclipse Adoptium\jdk-17.0.2.8-hotspot\bin\awt.dll
0x00007ffb351d0000 - 0x00007ffb3529d000 	C:\Windows\System32\OLEAUT32.dll
0x00007ffb31300000 - 0x00007ffb31391000 	C:\Windows\SYSTEM32\apphelp.dll
0x00007ffb1e3b0000 - 0x00007ffb1e3c8000 	C:\Users\aadiu\AppData\Local\Programs\Eclipse Adoptium\jdk-17.0.2.8-hotspot\bin\zip.dll
0x00007ffb31410000 - 0x00007ffb314ae000 	C:\Windows\system32\uxtheme.dll
0x00007ffb353f0000 - 0x00007ffb35505000 	C:\Windows\System32\MSCTF.dll
0x00007ffb35cd0000 - 0x00007ffb35dfa000 	C:\Windows\System32\ole32.dll
0x00007ffb31590000 - 0x00007ffb315bf000 	C:\Windows\system32\DWMAPI.DLL
0x00007ffadadb0000 - 0x00007ffadaed5000 	C:\Windows\system32\opengl32.dll
0x00007ffada100000 - 0x00007ffada12c000 	C:\Windows\SYSTEM32\GLU32.dll
0x00007ffb269b0000 - 0x00007ffb26b7f000 	C:\Windows\system32\d3d9.dll
0x00007ffb28d70000 - 0x00007ffb28f28000 	C:\Windows\System32\DriverStore\FileRepository\u0370468.inf_amd64_5e4260b11257b6e9\B370372\aticfx64.dll
0x00007ffb17910000 - 0x00007ffb17944000 	C:\Windows\System32\DriverStore\FileRepository\u0370468.inf_amd64_5e4260b11257b6e9\B370372\atiu9p64.dll
0x00007ffabe720000 - 0x00007ffabf474000 	C:\Windows\System32\DriverStore\FileRepository\u0370468.inf_amd64_5e4260b11257b6e9\B370372\atiumd64.dll
0x000000006c4b0000 - 0x000000006d324000 	C:\Windows\System32\DriverStore\FileRepository\u0370468.inf_amd64_5e4260b11257b6e9\B370372\atiumd6a.dll
0x00007ffb35730000 - 0x00007ffb35b98000 	C:\Windows\System32\SETUPAPI.dll
0x00007ffb34210000 - 0x00007ffb3425e000 	C:\Windows\System32\cfgmgr32.dll
0x00007ffb33e30000 - 0x00007ffb33e7b000 	C:\Windows\SYSTEM32\POWRPROF.dll
0x00007ffb34070000 - 0x00007ffb34097000 	C:\Windows\System32\bcrypt.dll
0x00007ffb33e10000 - 0x00007ffb33e22000 	C:\Windows\SYSTEM32\UMPDC.dll
0x00007ffb29180000 - 0x00007ffb291b0000 	C:\Windows\SYSTEM32\amdihk64.dll
0x00007ffb29960000 - 0x00007ffb2999b000 	C:\Windows\SYSTEM32\dxcore.dll
0x00007ffb0d970000 - 0x00007ffb0d9f9000 	C:\Users\aadiu\AppData\Local\Programs\Eclipse Adoptium\jdk-17.0.2.8-hotspot\bin\freetype.dll
0x00007ffb0b3c0000 - 0x00007ffb0b468000 	C:\Users\aadiu\AppData\Local\Programs\Eclipse Adoptium\jdk-17.0.2.8-hotspot\bin\fontmanager.dll
0x00007ffb28f30000 - 0x00007ffb29029000 	C:\Windows\SYSTEM32\textinputframework.dll
0x00007ffb30e70000 - 0x00007ffb311ce000 	C:\Windows\System32\CoreUIComponents.dll
0x00007ffb309d0000 - 0x00007ffb30ac2000 	C:\Windows\System32\CoreMessaging.dll
0x00007ffb30200000 - 0x00007ffb30354000 	C:\Windows\SYSTEM32\wintypes.dll
0x00007ffb33190000 - 0x00007ffb331c3000 	C:\Windows\SYSTEM32\ntmarta.dll

dbghelp: loaded successfully - version: 4.0.5 - missing functions: none
symbol engine: initialized successfully - sym options: 0x614 - pdb path: .;C:\Users\aadiu\AppData\Local\Programs\Eclipse Adoptium\jdk-17.0.2.8-hotspot\bin;C:\Windows\SYSTEM32;C:\Windows\WinSxS\amd64_microsoft.windows.common-controls_6595b64144ccf1df_6.0.19041.1110_none_60b5254171f9507e;C:\Users\aadiu\AppData\Local\Programs\Eclipse Adoptium\jdk-17.0.2.8-hotspot\bin\server;C:\Windows\System32\DriverStore\FileRepository\u0370468.inf_amd64_5e4260b11257b6e9\B370372

VM Arguments:
jvm_args: -XX:+ShowCodeDetailsInExceptionMessages 
java_command: summit.Main
java_class_path (initial): C:\Users\aadiu\AppData\Roaming\Code\User\workspaceStorage\929b6f7fce9865a60d0bbe8b6a275a21\redhat.java\jdt_ws\Summit Game_948de7c9\bin
Launcher Type: SUN_STANDARD

[Global flags]
     intx CICompilerCount                          = 12                                        {product} {ergonomic}
     uint ConcGCThreads                            = 3                                         {product} {ergonomic}
     uint G1ConcRefinementThreads                  = 13                                        {product} {ergonomic}
   size_t G1HeapRegionSize                         = 2097152                                   {product} {ergonomic}
    uintx GCDrainStackTargetSize                   = 64                                        {product} {ergonomic}
   size_t InitialHeapSize                          = 260046848                                 {product} {ergonomic}
   size_t MarkStackSize                            = 4194304                                   {product} {ergonomic}
   size_t MaxHeapSize                              = 4137680896                                {product} {ergonomic}
   size_t MaxNewSize                               = 2480930816                                {product} {ergonomic}
   size_t MinHeapDeltaBytes                        = 2097152                                   {product} {ergonomic}
   size_t MinHeapSize                              = 8388608                                   {product} {ergonomic}
    uintx NonNMethodCodeHeapSize                   = 7602480                                {pd product} {ergonomic}
    uintx NonProfiledCodeHeapSize                  = 122027880                              {pd product} {ergonomic}
    uintx ProfiledCodeHeapSize                     = 122027880                              {pd product} {ergonomic}
    uintx ReservedCodeCacheSize                    = 251658240                              {pd product} {ergonomic}
     bool SegmentedCodeCache                       = true                                      {product} {ergonomic}
     bool ShowCodeDetailsInExceptionMessages       = true                                   {manageable} {command line}
   size_t SoftMaxHeapSize                          = 4137680896                             {manageable} {ergonomic}
     bool UseCompressedClassPointers               = true                           {product lp64_product} {ergonomic}
     bool UseCompressedOops                        = true                           {product lp64_product} {ergonomic}
     bool UseG1GC                                  = true                                      {product} {ergonomic}
     bool UseLargePagesIndividualAllocation        = false                                  {pd product} {ergonomic}

Logging:
Log output configuration:
 #0: stdout all=warning uptime,level,tags
 #1: stderr all=off uptime,level,tags

Environment Variables:
JAVA_HOME=C:\Users\aadiu\AppData\Local\Programs\Eclipse Adoptium\jdk-17.0.2.8-hotspot\
PATH=C:\Program Files (x86)\Razer Chroma SDK\bin;C:\Program Files\Razer Chroma SDK\bin;C:\Program Files (x86)\Razer\ChromaBroadcast\bin;C:\Program Files\Razer\ChromaBroadcast\bin;C:\Program Files (x86)\Common Files\Oracle\Java\javapath;C:\Program Files\Python38\Scripts\;C:\Program Files\Python38\;C:\Windows\system32;C:\Windows;C:\Windows\System32\Wbem;C:\Windows\System32\WindowsPowerShell\v1.0\;C:\Windows\System32\OpenSSH\;C:\Program Files (x86)\NVIDIA Corporation\PhysX\Common;C:\Program Files\NVIDIA Corporation\NVIDIA NvDLISR;C:\Users\aadiu\AppData\Local\Microsoft\WindowsApps;C:\Users\aadiu\AppData\Local\Programs\Microsoft VS Code\bin;C:\Windows\system32\config\systemprofile\AppData\Local\Microsoft\WindowsApps;C:\Program Files\dotnet\;C:\Program Files\Git\cmd;C:\MinGW\bin\;C:\Program Files (x86)\Windows Kits\10\Windows Performance Toolkit\;C:\Users\aadiu\AppData\Local\Programs\Eclipse Adoptium\jdk-17.0.2.8-hotspot\bin;C:\Users\aadiu\AppData\Local\Microsoft\WindowsApps;C:\Users\aadiu\AppData\Local\Programs\Microsoft VS Code\bin;C:\Users\aadiu\AppData\Local\GitHubDesktop\bin
USERNAME=aadiu
LANG=en_US.UTF-8
OS=Windows_NT
PROCESSOR_IDENTIFIER=AMD64 Family 25 Model 80 Stepping 0, AuthenticAMD



---------------  S Y S T E M  ---------------

OS:
 Windows 10 , 64 bit Build 19041 (10.0.19041.2251)
OS uptime: 1 days 8:55 hours

CPU: total 16 (initial active 16) (16 cores per cpu, 2 threads per core) family 25 model 80 stepping 0 microcode 0x0, cx8, cmov, fxsr, ht, mmx, 3dnowpref, sse, sse2, sse3, ssse3, sse4a, sse4.1, sse4.2, popcnt, lzcnt, tsc, tscinvbit, avx, avx2, aes, erms, clmul, bmi1, bmi2, adx, sha, fma, vzeroupper, clflush, clflushopt

Memory: 4k page, system-wide physical 15776M (7215M free)
TotalPageFile size 20128M (AvailPageFile size 7025M)
current process WorkingSet (physical memory assigned to process): 111M, peak: 113M
current process commit charge ("private bytes"): 427M, peak: 430M

vm_info: OpenJDK 64-Bit Server VM (17.0.2+8) for windows-amd64 JRE (17.0.2+8), built on Jan 20 2022 04:52:34 by "" with MS VC++ 16.7 (VS2019)

END.
