#
# A fatal error has been detected by the Java Runtime Environment:
#
#  EXCEPTION_ACCESS_VIOLATION (0xc0000005) at pc=0x000002bd6ea409bb, pid=4752, tid=5116
#
# JRE version: OpenJDK Runtime Environment Temurin-17.0.4.1+1 (17.0.4.1+1) (build 17.0.4.1+1)
# Java VM: OpenJDK 64-Bit Server VM Temurin-17.0.4.1+1 (17.0.4.1+1, mixed mode, sharing, tiered, compressed oops, compressed class ptrs, g1 gc, windows-amd64)
# Problematic frame:
# J 1106 c2 summit.gfx.Renderer.render(Ljava/lang/String;FFILsummit/gfx/ColorFilter;)V (282 bytes) @ 0x000002bd6ea409bb [0x000002bd6ea3fda0+0x0000000000000c1b]
#
# No core dump will be written. Minidumps are not enabled by default on client versions of Windows
#
# If you would like to submit a bug report, please visit:
#   https://github.com/adoptium/adoptium-support/issues
#

---------------  S U M M A R Y ------------

Command Line: -XX:+ShowCodeDetailsInExceptionMessages summit.Main

Host: AMD Ryzen 9 5900HS with Radeon Graphics        , 16 cores, 15G,  Windows 10 , 64 bit Build 19041 (10.0.19041.2251)
Time: Tue Nov 15 18:16:07 2022 Central Standard Time elapsed time: 1.030599 seconds (0d 0h 0m 1s)

---------------  T H R E A D  ---------------

Current thread (0x000002bd03f1a140):  JavaThread "Thread-2" [_thread_in_Java, id=5116, stack(0x000000c8cb600000,0x000000c8cb700000)]

Stack: [0x000000c8cb600000,0x000000c8cb700000],  sp=0x000000c8cb6ff320,  free space=1020k
Native frames: (J=compiled Java code, j=interpreted, Vv=VM code, C=native code)
C  0x000002bd6ea409bb


siginfo: EXCEPTION_ACCESS_VIOLATION (0xc0000005), reading address 0x0000000b17608f90


Register to memory mapping:

RIP=0x000002bd6ea409bb is at entry_point+3099 in (nmethod*)0x000002bd6ea3fb90
RAX=0x0000000718707f28 is an oop: [[I 
{0x0000000718707f28} - klass: {type array int}[]
 - length: 16
RBX=3807121912 is a compressed pointer to object: [[I 
{0x0000000717608fc0} - klass: {type array int}[]
 - length: 144
RCX=0x00000000ffffffe9 is an unknown value
RDX=0x0 is NULL
RSP=0x000000c8cb6ff320 is pointing into the stack for thread: 0x000002bd03f1a140
RBP=0x0000000000000090 is an unknown value
RSI=0x0 is NULL
RDI=0x00000000fffffff0 is an unknown value
R8 =0x0000000000000010 is an unknown value
R9 =0x0000000717609210 is an oop: summit.gfx.Renderer 
{0x0000000717609210} - klass: 'summit/gfx/Renderer'
 - ---- fields (total size 2 words):
 - private 'frame' '[[I' @12  a {type array int}[144] {0x0000000717608fc0} (e2ec11f8)
R10=0x0000000717608fc0 is an oop: [[I 
{0x0000000717608fc0} - klass: {type array int}[]
 - length: 144
R11=0x00000000fffffff0 is an unknown value
R12=0x0 is NULL
R13=0x0000000000000004 is an unknown value
R14=0x0000000718707f28 is an oop: [[I 
{0x0000000718707f28} - klass: {type array int}[]
 - length: 16
R15=0x000002bd03f1a140 is a thread


Registers:
RAX=0x0000000718707f28, RBX=0x00000000e2ec11f8, RCX=0x00000000ffffffe9, RDX=0x0000000000000000
RSP=0x000000c8cb6ff320, RBP=0x0000000000000090, RSI=0x0000000000000000, RDI=0x00000000fffffff0
R8 =0x0000000000000010, R9 =0x0000000717609210, R10=0x0000000717608fc0, R11=0x00000000fffffff0
R12=0x0000000000000000, R13=0x0000000000000004, R14=0x0000000718707f28, R15=0x000002bd03f1a140
RIP=0x000002bd6ea409bb, EFLAGS=0x0000000000010287

Top of Stack: (sp=0x000000c8cb6ff320)
0x000000c8cb6ff320:   0000010000000000 00000000fffffff8
0x000000c8cb6ff330:   fffffff0ffffffe8 000000000000000f
0x000000c8cb6ff340:   fffffff0ffffffe8 0000001000000010
0x000000c8cb6ff350:   0000000700000010 000000000000000f
0x000000c8cb6ff360:   0000000000000001 000002bd43280000
0x000000c8cb6ff370:   00000000c1800000 0000000717602730
0x000000c8cb6ff380:   000000c8cb6ff628 000002bd67700014
0x000000c8cb6ff390:   409e000000000000 000002bd03f1a140
0x000000c8cb6ff3a0:   0000000000000000 00007ffabb2b05b6
0x000000c8cb6ff3b0:   0000000000000000 0000000000000000
0x000000c8cb6ff3c0:   4086800000000000 0000000717609210
0x000000c8cb6ff3d0:   0000000717602730 000002bd00000004
0x000000c8cb6ff3e0:   0000000000000000 00000007186feb1c
0x000000c8cb6ff3f0:   000000c8cb6ff628 000002bd67701d6c
0x000000c8cb6ff400:   00000007186feb1c 00000007176ae770
0x000000c8cb6ff410:   000000c8cb6ff410 000002bd02dde706 

Instructions: (pc=0x000002bd6ea409bb)
0x000002bd6ea408bb:   8b ce e9 61 01 00 00 0f 1f 80 00 00 00 00 0f 1f
0x000002bd6ea408cb:   80 00 00 00 00 44 2b 5c 24 10 45 8b f3 41 ff c6
0x000002bd6ea408db:   44 8b de 45 3b f0 0f 83 f0 08 00 00 45 8b 54 dc
0x000002bd6ea408eb:   10 47 8b 54 d4 0c 45 3b da 0f 83 65 01 00 00 c4
0x000002bd6ea408fb:   c1 f9 7e d2 45 8b 54 92 10 47 8b 4c d4 0c 49 c1
0x000002bd6ea4090b:   e2 03 45 3b f1 0f 83 ea 08 00 00 47 8b 54 b2 10
0x000002bd6ea4091b:   41 83 fa ff 0f 84 30 01 00 00 45 8b 4c c4 0c 45
0x000002bd6ea4092b:   3b d9 0f 83 e9 08 00 00 47 89 54 9d 10 45 33 c9
0x000002bd6ea4093b:   c4 c1 f9 7e d2 41 8b 72 10 45 8b 54 f4 0c 44 03
0x000002bd6ea4094b:   54 24 10 4d 8b b7 48 03 00 00 41 8b f3 ff c6 41
0x000002bd6ea4095b:   85 06 41 3b f2 0f 8c 6a ff ff ff 4d 8b 97 48 03
0x000002bd6ea4096b:   00 00 ff c7 41 85 02 3b 3c 24 0f 8d ee 00 00 00
0x000002bd6ea4097b:   c4 c1 f9 7e c1 c4 e1 f9 7e ce c5 f9 7e da 44 8b
0x000002bd6ea4098b:   54 24 10 44 8b 5c 24 14 44 3b 54 24 08 0f 8d 45
0x000002bd6ea4099b:   01 00 00 44 89 5c 24 14 44 89 54 24 10 c5 f9 6e
0x000002bd6ea409ab:   da c4 e1 f9 6e ce c4 c1 f9 6e c1 c4 c1 f9 7e e2
0x000002bd6ea409bb:   41 8b 44 ba 10 8b d7 41 2b d3 3b fd 0f 83 ed fe
0x000002bd6ea409cb:   ff ff 44 8b 54 24 10 44 3b 54 24 04 0f 83 dd fe
0x000002bd6ea409db:   ff ff c4 c1 f9 7e d2 45 8b 54 92 10 47 8b 4c d4
0x000002bd6ea409eb:   0c 45 85 c9 0f 86 67 09 00 00 47 8b 54 d4 10 41
0x000002bd6ea409fb:   83 fa ff 0f 84 ff 00 00 00 45 8b 4c c4 0c 44 8b
0x000002bd6ea40a0b:   5c 24 10 45 3b d9 0f 83 0a 08 00 00 4d 8d 0c c4
0x000002bd6ea40a1b:   47 89 54 99 10 45 33 c9 c4 c1 f9 7e d2 45 8b 52
0x000002bd6ea40a2b:   10 47 8b 5c d4 0c 44 03 5c 24 10 41 3b cb 0f 8d
0x000002bd6ea40a3b:   27 ff ff ff 3b fd 73 3c 4d 8d 2c c4 44 8b d9 41
0x000002bd6ea40a4b:   be 01 00 00 00 e9 89 fe ff ff c4 c1 f9 7e c9 e9
0x000002bd6ea40a5b:   dc fe ff ff c4 c1 f9 7e c9 e9 d2 fe ff ff c5 f8
0x000002bd6ea40a6b:   77 48 83 c4 60 5d 49 3b a7 40 03 00 00 0f 87 d6
0x000002bd6ea40a7b:   10 00 00 c3 44 8b d9 41 ba 01 00 00 00 eb 14 66
0x000002bd6ea40a8b:   0f 1f 44 00 00 44 2b 5c 24 10 45 8b d3 41 ff c2
0x000002bd6ea40a9b:   44 8b da 45 3b d0 0f 83 30 07 00 00 45 3b 64 dc
0x000002bd6ea40aab:   10 0f 84 9a 08 00 00 c4 e1 f9 7e d2 44 8b 4a 10 


Stack slot to memory mapping:
stack at sp + 0 slots: 0x0000010000000000 is an unknown value
stack at sp + 1 slots: 0x00000000fffffff8 is an unknown value
stack at sp + 2 slots: 0xfffffff0ffffffe8 is an unknown value
stack at sp + 3 slots: 0x000000000000000f is an unknown value
stack at sp + 4 slots: 0xfffffff0ffffffe8 is an unknown value
stack at sp + 5 slots: 0x0000001000000010 is an unknown value
stack at sp + 6 slots: 0x0000000700000010 is an unknown value
stack at sp + 7 slots: 0x000000000000000f is an unknown value

--------------------------------------------------------------------------------
[Constant Pool (empty)]

--------------------------------------------------------------------------------

[MachCode]
  0x000002bd6ea3fda0: 448b 5208 | 49bb 0000 | 0000 0800 | 0000 4d03 | d349 3bc2 | 0f85 c6cc | 43f8 6690 | 0f1f 4000 
  0x000002bd6ea3fdc0: 8984 2400 | 90ff ff55 | 4883 ec60 | 4889 7c24 | 1045 8bf1 | c5f8 28e9 | 4889 1424 | 4d8b d049 
  0x000002bd6ea3fde0: bbb0 5564 | 1707 0000 | 0041 8b6b | 7045 8b5c | ec08 4181 | fbe0 ad0b | 000f 85c4 | 1500 004d 
  0x000002bd6ea3fe00: 8d1c ec45 | 8b5b 2447 | 8b44 dc0c | 4585 c00f | 864d 1600 | 004b 8d0c | dc4d 85d2 | 0f84 a813 
  0x000002bd6ea3fe20: 0000 418b | 5a0c 41ff | c885 db75 | 6241 0fb6 | 5a11 85db | 0f85 4613 | 0000 410f | be5a 1085 
  0x000002bd6ea3fe40: db0f 85c1 | 1900 0045 | 8b4a 1443 | 8b6c cc0c | 85ed 0f86 | 4513 0000 | 8bfd ffcf | 3bfd 0f83 
  0x000002bd6ea3fe60: 5417 0000 | 470f b65c | cc10 8bdd | 83c3 fd41 | 8bfb c1e7 | 0541 2bfb | 4f8d 2ccc | 83fb 010f 
  0x000002bd6ea3fe80: 8e67 1700 | 00be 0100 | 0000 4533 | c9eb 4544 | 8bdb 41c1 | eb10 4433 | db45 23c3 | 33d2 e904 
  0x000002bd6ea3fea0: 0100 0045 | 0fb6 4c35 | 1041 03f9 | ffc6 3bf5 | 0f8d d800 | 0000 448b | cf41 c1e1 | 0544 2bcf 
  0x000002bd6ea3fec0: 418b f9eb | dec4 c1f9 | 7eca c4c1 | 797e d8c4 | c179 7ed1 | 8bc5 2bc6 | 83c0 fd3b | de41 0f4c 
  0x000002bd6ea3fee0: c181 f8a0 | 0f00 0041 | bba0 0f00 | 0041 0f47 | c303 c6c4 | c1f9 6eca | c4c1 796e | d8c4 c179 
  0x000002bd6ea3ff00: 6ed1 0f1f | 8000 0000 | 000f 1f80 | 0000 0000 | 4c63 de47 | 0fb6 541d | 1047 0fb6 | 4c1d 1347 
  0x000002bd6ea3ff20: 0fb6 441d | 1143 0fb6 | 541d 1241 | 03fa 448b | d741 c1e2 | 0544 2bd7 | 4503 d041 | 8bfa c1e7 
  0x000002bd6ea3ff40: 0541 2bfa | 03fa 448b | df41 c1e3 | 0544 2bdf | 4503 d941 | 8bfb c1e7 | 0541 2bfb | 83c6 043b 
  0x000002bd6ea3ff60: f07c ad4d | 8b97 4803 | 0000 4185 | 023b f30f | 8c50 ffff | ffc4 c1f9 | 7eca c4c1 | 797e d8c5 
  0x000002bd6ea3ff80: f97e d23b | f50f 8c18 | ffff ff41 | 8bfb 85ff | 0f84 0912 | 0000 4189 | 7a0c 448b | df41 c1eb 
  0x000002bd6ea3ffa0: 1044 33df | 4523 c346 | 8b4c 8110 | 438b 4ccc | 0c41 3bcb | 0f84 a201 | 0000 438b | 6ccc 1885 
  0x000002bd6ea3ffc0: ed0f 84bd | 1600 0043 | 8b4c cc08 | 81f9 e0b1 | 1400 0f84 | d816 0000 | 4d8d 04ec | 458b 480c 
  0x000002bd6ea3ffe0: 453b cb0f | 8577 1100 | 0045 8b48 | 1049 8bc9 | 48c1 e103 | 493b ca0f | 84d3 0200 | 0041 0fbe 
  0x000002bd6ea40000: 7a10 4c3b | d10f 84c5 | 0200 0043 | 8b4c cc08 | 81f9 70e9 | 0000 0f85 | 6818 0000 | 49c1 e103 
  0x000002bd6ea40020: 410f be69 | 103b fd0f | 8517 1800 | 0041 8b59 | 1445 8b4a | 1441 8b74 | dc0c 438b | 4ccc 0c3b 
  0x000002bd6ea40040: ce0f 85d8 | 0000 0049 | 8d3c dc49 | 8d74 dc10 | 4b8d 1ccc | 4b8d 7ccc | 1085 c90f | 84a5 0000 
  0x000002bd6ea40060: 008b c183 | e01f 83e1 | e00f 844b | 0000 0048 | 8d3c 0f48 | 8d34 0e48 | f7d9 c5fe | 6f14 0fc5 
  0x000002bd6ea40080: fe6f 0c0e | c5ed efd1 | c4e2 7d17 | d20f 857a | 0000 0048 | 83c1 2075 | e185 c00f | 8465 0000 
  0x000002bd6ea400a0: 00c5 fe6f | 5407 e0c5 | fe6f 4c06 | e0c5 edef | d1c4 e27d | 17d2 7555 | eb4c 8bc8 | 83e1 fc74 
  0x000002bd6ea400c0: 1948 8d3c | 0f48 8d34 | 0e48 f7d9 | 8b1c 0f3b | 1c0e 7539 | 4883 c104 | 75f2 f7c0 | 0200 0000 
  0x000002bd6ea400e0: 7412 0fb7 | 1f0f b70e | 3bd9 7521 | 488d 7f02 | 488d 7602 | f7c0 0100 | 0000 740a | 0fb6 1f0f 
  0x000002bd6ea40100: b60e 3bd9 | 7507 b801 | 0000 00eb | 0233 c0c5 | edef d2c5 | f5ef c985 | c00f 85b1 | 0100 00ba 
  0x000002bd6ea40120: 45ff ffff | 488b 2c24 | 4489 3424 | 4c8b 4c24 | 104c 894c | 2408 c5fa | 1144 2404 | c5fa 116c 
  0x000002bd6ea40140: 2410 4c89 | 5424 184c | 8944 2420 | 4489 5c24 | 1466 6690 | c5f8 77e8 | a421 44f8 | 478b 44cc 
  0x000002bd6ea40160: 1049 8bc8 | 48c1 e103 | 493b ca0f | 845b 0100 | 0041 0fbe | 5a10 4c3b | d10f 844d | 0100 0043 
  0x000002bd6ea40180: 8b4c c408 | 81f9 70e9 | 0000 0f85 | 5417 0000 | 49c1 e003 | 410f be68 | 103b dd0f | 852f 1600 
  0x000002bd6ea401a0: 0045 8b40 | 1441 8b6a | 1443 8b7c | c40c 418b | 4cec 0c3b | cf0f 85d4 | 0000 004b | 8d1c c44b 
  0x000002bd6ea401c0: 8d74 c410 | 4d8d 04ec | 498d 7cec | 1085 c90f | 84a5 0000 | 008b c183 | e01f 83e1 | e00f 844b 
  0x000002bd6ea401e0: 0000 0048 | 8d3c 0f48 | 8d34 0e48 | f7d9 c5fe | 6f0c 0fc5 | fe6f 140e | c5f5 efca | c4e2 7d17 
  0x000002bd6ea40200: c90f 857a | 0000 0048 | 83c1 2075 | e185 c00f | 8465 0000 | 00c5 fe6f | 4c07 e0c5 | fe6f 5406 
  0x000002bd6ea40220: e0c5 f5ef | cac4 e27d | 17c9 7555 | eb4c 8bc8 | 83e1 fc74 | 1948 8d3c | 0f48 8d34 | 0e48 f7d9 
  0x000002bd6ea40240: 8b1c 0f3b | 1c0e 7539 | 4883 c104 | 75f2 f7c0 | 0200 0000 | 7412 0fb7 | 1f0f b70e | 3bd9 7521 
  0x000002bd6ea40260: 488d 7f02 | 488d 7602 | f7c0 0100 | 0000 740a | 0fb6 1f0f | b60e 3bd9 | 7507 b801 | 0000 00eb 
  0x000002bd6ea40280: 0233 c0c5 | f5ef c9c5 | edef d285 | c075 3dba | 45ff ffff | 488b 2c24 | 4489 3424 | 4c8b 4424 
  0x000002bd6ea402a0: 104c 8944 | 2408 c5fa | 1144 2404 | c5fa 116c | 2410 4c89 | 5424 1844 | 894c 2414 | 4489 5c24 
  0x000002bd6ea402c0: 2066 6690 | c5f8 77e8 | 3420 44f8 | 4f8d 04cc | 418b 6814 | 458b 5cec | 0841 81fb | 086d 0000 
  0x000002bd6ea402e0: 0f85 de15 | 0000 4d8d | 04ec 418b | 580c 85db | 0f86 f210 | 0000 458b | 5810 478b | 5cdc 0c41 
  0x000002bd6ea40300: d1fb c4c1 | 796e d3c5 | f85b d2c5 | fa5c c2c4 | c179 7ec1 | 458b d141 | c1ea 1745 | 0fb6 d2b9 
  0x000002bd6ea40320: 9500 0000 | 412b caf7 | c1e0 ffff | ff0f 8591 | 0d00 0045 | 8bd1 4181 | e2ff ff7f | 0041 81ca 
  0x000002bd6ea40340: 0000 8000 | 4585 c90f | 8c48 0e00 | 0041 d3fa | 41ff c241 | d1fa 448b | db41 d1fb | c4c1 796e 
  0x000002bd6ea40360: c3c5 f85b | c0c5 d25c | c8c4 c179 | 7ec9 418b | c9c1 e917 | 0fb6 c9bf | 9500 0000 | 2bf9 f7c7 
  0x000002bd6ea40380: e0ff ffff | 0f85 5c0d | 0000 458b | d941 81e3 | ffff 7f00 | 4181 cb00 | 0080 0045 | 85c9 0f8c 
  0x000002bd6ea403a0: e90d 0000 | 8bcf 41d3 | fb41 ffc3 | 41d1 fb45 | 8bee 4585 | ed0f 85dc | 0000 0045 | 33ed 498b 
  0x000002bd6ea403c0: c0eb 138b | 5424 0c44 | 8b54 2420 | 448b 5c24 | 2444 8b6c | 2408 418b | edc1 fd03 | 85ed 0f85 
  0x000002bd6ea403e0: b410 0000 | 448b 400c | 418b cb41 | 03c8 443b | d90f 8d72 | 0600 004d | 63c8 4963 | db41 8bf3 
  0x000002bd6ea40400: f7de 4863 | fe48 03df | 493b d90f | 8307 1000 | 0048 63d9 | 4803 df48 | ffcb 493b | d90f 832d 
  0x000002bd6ea40420: 1000 004c | 8b0c 2441 | 8b59 0c41 | 8b6c dc0c | 85ed 0f86 | 2310 0000 | 418b 74dc | 1041 8b7c 
  0x000002bd6ea40440: f40c 488b | 7424 1048 | 85f6 0f85 | d10f 0000 | 4585 c00f | 86c8 0f00 | 0044 8b40 | 1047 8b44 
  0x000002bd6ea40460: c40c 4585 | c00f 86b6 | 0f00 0089 | 7c24 0489 | 0c24 c4e1 | f96e d041 | 8bc8 4103 | ca89 4c24 
  0x000002bd6ea40480: 0841 8bca | ffc1 498d | 3cdc c4e1 | f96e e741 | 8bfb e9fc | 0400 0041 | f7c5 0400 | 0000 0f84 
  0x000002bd6ea404a0: 5103 0000 | 418b 4810 | 458b 4ccc | 0c44 895c | 2424 4489 | 5424 2089 | 5c24 284c | 8944 2418 
  0x000002bd6ea404c0: 8954 240c | 4489 6c24 | 0848 ba08 | 6d00 0008 | 0000 0044 | 8bc3 6690 | c5f8 77e8 | 20c7 4ef8 
  0x000002bd6ea404e0: 4c8b f044 | 8b5c 2428 | 41ff cb44 | 3b5c 2428 | 0f83 9c12 | 0000 418b | 560c 85d2 | 0f86 9012 
  0x000002bd6ea40500: 0000 4863 | c245 33c0 | eb2f c5f9 | 7eda c4e1 | f97e d0c4 | c1f9 7ec1 | 448b 4424 | 3849 8b8f 
  0x000002bd6ea40520: 4803 0000 | 41ff c085 | 0144 3b44 | 2428 0f8d | 7b0c 0000 | 4c89 4c24 | 184c 8b4c | 2418 458b 
  0x000002bd6ea40540: 5910 478b | 54dc 0c45 | 85d2 76d1 | 418b da44 | 8944 2438 | c5fb 1044 | 2418 4d63 | e847 8b54 
  0x000002bd6ea40560: a910 c4c1 | 796e ca43 | 8b74 d40c | 85d2 0f86 | 8b10 0000 | 418b 6e10 | 8bfb 412b | f8ff cf85 
  0x000002bd6ea40580: f60f 86c1 | 1000 0043 | 8b4c d410 | 458b 54ec | 0c4d 8d0c | ec41 3bfa | 0f83 5a10 | 0000 4c63 
  0x000002bd6ea405a0: d34d 2bd5 | 4389 4c91 | 0c83 fb01 | 0f8e 61ff | ffff 4c63 | d649 3bc2 | 448b d244 | 0f4f d6c4 
  0x000002bd6ea405c0: c179 7ec8 | 4f8d 1cc4 | 418b eaff | cd44 3bd5 | 41b8 0000 | 0080 410f | 4ce8 83fd | 010f 8e16 
  0x000002bd6ea405e0: 1100 004c | 8b54 2418 | 458b 4210 | 478b 44c4 | 0cc4 c179 | 7eca 438b | 4cd4 1441 | 8b5e 1441 
  0x000002bd6ea40600: 8bf8 2b7c | 2438 ffcf | 458b 54dc | 0c4d 8d0c | dc41 3bfa | 0f83 5011 | 0000 c5f9 | 6ee6 4c89 
  0x000002bd6ea40620: 6c24 18c4 | e1f9 6ed0 | c5f9 6eda | 4963 c04c | 8be8 4c2b | 6c24 1843 | 894c a90c | 4183 f802 
  0x000002bd6ea40640: 0f8e c4fe | ffff c4c1 | 797e ca43 | 8b4c d418 | 418b 5e18 | 458b 54dc | 0c4d 8d0c | dc41 3bfa 
  0x000002bd6ea40660: 0f83 0e11 | 0000 4389 | 4ca9 0c41 | 83f8 030f | 8e95 feff | ff41 b903 | 0000 0044 | 3bcd 0f8d 
  0x000002bd6ea40680: 5c10 0000 | c4c1 797e | ca43 8b4c | d41c 418b | 5e1c 458b | 54dc 0c4d | 8d0c dc41 | 3bfa 0f83 
  0x000002bd6ea406a0: da10 0000 | 4389 4ca9 | 0c41 83f8 | 040f 8e57 | feff ffc4 | c179 7eca | 438b 4cd4 | 2045 8b56 
  0x000002bd6ea406c0: 2043 8b5c | d40c 4f8d | 0cd4 3bfb | 0f83 b610 | 0000 4389 | 4ca9 0c41 | 83f8 050f | 8e29 feff 
  0x000002bd6ea406e0: ff4c 8bd0 | 4983 c2fe | 48ff c841 | 8bca 8bd8 | 4c63 cd4c | 3bc8 8bd5 | 0f4f d34c | 63ca 4d3b 
  0x000002bd6ea40700: ca0f 4fd1 | bb05 0000 | 0083 fa05 | 0f8e 7300 | 0000 8bf2 | 2bf3 3bd3 | 0f4c 7424 | 0c81 fed0 
  0x000002bd6ea40720: 0700 0041 | b9d0 0700 | 0041 0f47 | f103 f390 | 418b 4c9b | 1045 8b54 | 9e10 438b | 44d4 0c4f 
  0x000002bd6ea40740: 8d0c d43b | f80f 83bf | 0900 0043 | 894c a90c | 458b 549e | 1441 8b4c | 9b14 438b | 44d4 0c4f 
  0x000002bd6ea40760: 8d0c d43b | f80f 839d | 0900 0043 | 894c a90c | 83c3 023b | de7c b94d | 8b97 4803 | 0000 4185 
  0x000002bd6ea40780: 023b da7c | 8d3b dd0f | 8d58 0f00 | 0066 6690 | 418b 4c9b | 1041 8b54 | 9e10 458b | 54d4 0c4d 
  0x000002bd6ea407a0: 8d0c d441 | 3bfa 0f83 | 5e09 0000 | 4389 4ca9 | 0c44 8bd3 | 41ff c245 | 3bd0 0f8d | 4afd ffff 
  0x000002bd6ea407c0: 418b 4c9b | 1441 8b74 | 9e14 418b | 54f4 0c4d | 8d0c f43b | fa0f 83a1 | 1000 0043 | 894c a90c 
  0x000002bd6ea407e0: 83c3 0241 | 3bd8 0f8d | 1efd ffff | 3bdd 7ca0 | e9f0 0e00 | 0041 f7c5 | 0100 0000 | 0f84 d404 
  0x000002bd6ea40800: 0000 418b | 480c 85c9 | 0f86 760d | 0000 458b | 4810 438b | 5ccc 0c89 | 5c24 2c89 | 4c24 2844 
  0x000002bd6ea40820: 895c 241c | 4489 5424 | 184c 8944 | 2420 8954 | 240c 4489 | 6c24 0848 | ba08 6d00 | 0008 0000 
  0x000002bd6ea40840: 0044 8bc1 | 448b cb90 | c5f8 77e8 | b0c3 4ef8 | 448b 5c24 | 2841 ffcb | 443b 5c24 | 280f 83d9 
  0x000002bd6ea40860: 0c00 0044 | 8b50 0c45 | 85d2 0f86 | cc0c 0000 | 453b da0f | 83c3 0c00 | 0044 8b74 | 242c 41ff 
  0x000002bd6ea40880: ce44 8b6c | 242c 41d1 | fd48 6374 | 242c 418b | ed83 c5fe | 443b ed41 | bb00 0000 | 8041 0f4c 
  0x000002bd6ea408a0: eb4d 63d5 | 488b d649 | 2bd2 418b | ddff c348 | ffca 4533 | dbe9 5203 | 0000 4c8b | cee9 6101 
  0x000002bd6ea408c0: 0000 0f1f | 8000 0000 | 000f 1f80 | 0000 0000 | 442b 5c24 | 1045 8bf3 | 41ff c644 | 8bde 453b 
  0x000002bd6ea408e0: f00f 83f0 | 0800 0045 | 8b54 dc10 | 478b 54d4 | 0c45 3bda | 0f83 6501 | 0000 c4c1 | f97e d245 
  0x000002bd6ea40900: 8b54 9210 | 478b 4cd4 | 0c49 c1e2 | 0345 3bf1 | 0f83 ea08 | 0000 478b | 54b2 1041 | 83fa ff0f 
  0x000002bd6ea40920: 8430 0100 | 0045 8b4c | c40c 453b | d90f 83e9 | 0800 0047 | 8954 9d10 | 4533 c9c4 | c1f9 7ed2 
  0x000002bd6ea40940: 418b 7210 | 458b 54f4 | 0c44 0354 | 2410 4d8b | b748 0300 | 0041 8bf3 | ffc6 4185 | 0641 3bf2 
  0x000002bd6ea40960: 0f8c 6aff | ffff 4d8b | 9748 0300 | 00ff c741 | 8502 3b3c | 240f 8dee | 0000 00c4 | c1f9 7ec1 
  0x000002bd6ea40980: c4e1 f97e | cec5 f97e | da44 8b54 | 2410 448b | 5c24 1444 | 3b54 2408 | 0f8d 4501 | 0000 4489 
  0x000002bd6ea409a0: 5c24 1444 | 8954 2410 | c5f9 6eda | c4e1 f96e | cec4 c1f9 | 6ec1 c4c1 | f97e e241 | 8b44 ba10 
  0x000002bd6ea409c0: 8bd7 412b | d33b fd0f | 83ed feff | ff44 8b54 | 2410 443b | 5424 040f | 83dd feff | ffc4 c1f9 
  0x000002bd6ea409e0: 7ed2 458b | 5492 1047 | 8b4c d40c | 4585 c90f | 8667 0900 | 0047 8b54 | d410 4183 | faff 0f84 
  0x000002bd6ea40a00: ff00 0000 | 458b 4cc4 | 0c44 8b5c | 2410 453b | d90f 830a | 0800 004d | 8d0c c447 | 8954 9910 
  0x000002bd6ea40a20: 4533 c9c4 | c1f9 7ed2 | 458b 5210 | 478b 5cd4 | 0c44 035c | 2410 413b | cb0f 8d27 | ffff ff3b 
  0x000002bd6ea40a40: fd73 3c4d | 8d2c c444 | 8bd9 41be | 0100 0000 | e989 feff | ffc4 c1f9 | 7ec9 e9dc | feff ffc4 
  0x000002bd6ea40a60: c1f9 7ec9 | e9d2 feff | ffc5 f877 | 4883 c460 | 5d49 3ba7 | 4003 0000 | 0f87 d610 | 0000 c344 
  0x000002bd6ea40a80: 8bd9 41ba | 0100 0000 | eb14 660f | 1f44 0000 | 442b 5c24 | 1045 8bd3 | 41ff c244 | 8bda 453b 
  0x000002bd6ea40aa0: d00f 8330 | 0700 0045 | 3b64 dc10 | 0f84 9a08 | 0000 c4e1 | f97e d244 | 8b4a 1047 | 8b54 cc0c 
  0x000002bd6ea40ac0: 4403 5424 | 104d 8b8f | 4803 0000 | 418b d3ff | c241 8501 | 413b d27c | b7c4 c1f9 | 7ec9 e983 
  0x000002bd6ea40ae0: feff ff44 | 895c 2414 | 4489 5424 | 10c5 f96e | dac4 e1f9 | 6ece c4c1 | f96e c14c | 8bce e963 
  0x000002bd6ea40b00: feff ff4c | 8bce e918 | ffff ff0f | 1f44 0000 | 448b c746 | 8b54 830c | 8b7c 242c | 2bf9 4863 
  0x000002bd6ea40b20: d144 8954 | 9010 448b | 5493 1046 | 8954 800c | 4c8b d64c | 2bd2 468b | 4493 0844 | 8944 9014 
  0x000002bd6ea40b40: 448b 4493 | 1446 8944 | 9008 468b | 4493 0444 | 8944 9018 | 448b 4493 | 1846 8944 | 9004 468b 
  0x000002bd6ea40b60: 0493 4489 | 4490 1c44 | 8b44 931c | 4689 0490 | 83c7 fc83 | c104 413b | c97c 954d | 8b97 4803 
  0x000002bd6ea40b80: 0000 4185 | 023b cd7d | 2944 8bc7 | 448b cd44 | 2bc9 3be9 | 440f 4c4c | 240c 4181 | f9a0 0f00 
  0x000002bd6ea40ba0: 00bf a00f | 0000 440f | 47cf 4403 | c9e9 61ff | ffff c4e1 | f97e ca3b | 4c24 307d | 2e66 6690 
  0x000002bd6ea40bc0: 448b 54bb | 0c44 8954 | 8810 448b | 548b 1044 | 8954 b80c | 448b d141 | ffc2 443b | 5424 307d 
  0x000002bd6ea40be0: 0a41 8bfe | 2bf9 418b | caeb d54d | 8b97 4803 | 0000 41ff | c341 8502 | 443b 5c24 | 280f 8dbb 
  0x000002bd6ea40c00: 0000 00c4 | e1f9 7ec0 | 8b5c 2430 | 4c8b 5424 | 2041 8b7a | 1085 ff0f | 8448 0700 | 0047 8b54 
  0x000002bd6ea40c20: 9a10 478b | 44d4 0c42 | 8b4c 9810 | 458b 4ccc | 0c89 5c24 | 30c4 e1f9 | 6ec0 4963 | d848 3bd3 
  0x000002bd6ea40c40: 0f83 2e07 | 0000 453b | f00f 8325 | 0700 0045 | 85c9 0f86 | 1c07 0000 | 453b e90f | 8313 0700 
  0x000002bd6ea40c60: 0045 85c0 | 0f86 0a07 | 0000 453b | e80f 8301 | 0700 004d | 63c1 493b | d00f 83f5 | 0600 0045 
  0x000002bd6ea40c80: 3bf1 0f83 | ec06 0000 | 498d 04cc | 4b8d 1cd4 | 8b7c b30c | 4189 7ccc | 1047 8b44 | d410 4489 
  0x000002bd6ea40ca0: 44b0 0c83 | fd01 0f8e | fc06 0000 | 458b c6b9 | 0100 0000 | c4e1 f96e | cae9 cefe | ffff 448b 
  0x000002bd6ea40cc0: 6c24 088b | 5424 0cc4 | c1f9 7ec0 | 448b 5424 | 1844 8b5c | 241c 41f7 | c502 0000 | 0075 0849 
  0x000002bd6ea40ce0: 8bc0 e9ef | f6ff ff41 | 8b68 0c85 | ed0f 8627 | 0800 0045 | 8b48 1047 | 8b4c cc0c | 4489 5c24 
  0x000002bd6ea40d00: 2444 8954 | 2420 4c89 | 4424 1889 | 5424 0c44 | 896c 2408 | 48ba 086d | 0000 0800 | 0000 448b 
  0x000002bd6ea40d20: c566 6690 | c5f8 77e8 | d4be 4ef8 | 448b 580c | 448b cd41 | d1f9 458b | d141 ffc2 | 4585 db0f 
  0x000002bd6ea40d40: 8684 0700 | 0045 3bcb | 0f83 7b07 | 0000 4863 | cd4d 63c1 | 488b d949 | 2bd8 48ff | cb48 3bd9 
  0x000002bd6ea40d60: 0f83 6307 | 0000 448b | c541 ffc8 | 443b c50f | 8354 0700 | 0044 8954 | 2428 4d63 | d349 3bda 
  0x000002bd6ea40d80: 0f83 3e07 | 0000 453b | c30f 837d | 0700 0044 | 3bcd 0f83 | 7b07 0000 | 41b9 401f | 0000 4533 
  0x000002bd6ea40da0: c0eb 31c4 | e1f9 7ec3 | c4e1 f97e | e0c4 e1f9 | 7ee9 c4c1 | 797e f04d | 8b97 4803 | 0000 41ff 
  0x000002bd6ea40dc0: c041 8502 | 443b 4424 | 280f 8df4 | f5ff ff48 | 895c 2418 | 488b 5c24 | 1844 8b5b | 1047 8b54 
  0x000002bd6ea40de0: dc0c 4585 | d276 d045 | 8bea c5fb | 1044 2418 | 4963 d048 | 8bd9 482b | da4c 8b54 | 2418 458b 
  0x000002bd6ea40e00: 549a 0cc4 | c179 6eca | 478b 5cd4 | 0c44 8b54 | 9010 c4c1 | 796e d243 | 8b7c d40c | 4c8b 5424 
  0x000002bd6ea40e20: 1845 8b54 | 9210 c4c1 | 796e da47 | 8b54 d40c | 8b5c 980c | 418b 54dc | 0c45 85db | 0f86 7305 
  0x000002bd6ea40e40: 0000 8954 | 2430 c5f9 | 6efb 4489 | 5424 2c89 | 7c24 1cc4 | c179 6ef0 | c4e1 f96e | e9c4 e1f9 
  0x000002bd6ea40e60: 6ee0 41ba | 0100 0000 | 453b d3b9 | 0100 0000 | 410f 4fcb | 4489 5c24 | 18c4 c179 | 7ed2 4f8d 
  0x000002bd6ea40e80: 1cd4 c4c1 | 797e c849 | c1e0 0341 | 8bdb c4c1 | 797e fa4b | 8d3c d4c1 | eb02 c4c1 | 797e da4b 
  0x000002bd6ea40ea0: 8d34 d483 | e303 03d9 | f7db 83e3 | 0303 d93b | 5c24 1844 | 8b54 2418 | 410f 4fda | 33c9 eb12 
  0x000002bd6ea40ec0: c4e1 f97e | e0c4 c179 | 7ef0 e996 | 0100 0090 | 8bc8 3b4c | 2418 73e8 | 418b 4488 | 103b 4c24 
  0x000002bd6ea40ee0: 1c0f 8351 | 0300 0041 | 8944 8b10 | 3b4c 242c | 0f83 9a03 | 0000 448b | 548e 103b | 4c24 300f 
  0x000002bd6ea40f00: 83eb 0300 | 0044 8954 | 8f10 c4c1 | f97e c241 | 8b52 1041 | 8b54 d40c | 8bc1 ffc0 | 3bc2 0f8d 
  0x000002bd6ea40f20: 7ffe ffff | 3bc3 7ca8 | 4863 5c24 | 184c 6354 | 2430 4863 | 6c24 2c4c | 636c 241c | 493b dd8b 
  0x000002bd6ea40f40: 5c24 180f | 4f5c 241c | 4c63 ea4c | 63f3 4c3b | f50f 4f5c | 242c 49ff | cd48 63eb | 493b ea0f 
  0x000002bd6ea40f60: 4f5c 2430 | 458b d548 | 63eb 493b | ed41 0f4f | da8b eb83 | c5f9 3bdd | 41ba 0000 | 0080 410f 
  0x000002bd6ea40f80: 4cea 3bc5 | 0f8d 3204 | 0000 ffc1 | 448b d544 | 2bd1 3be9 | 440f 4c54 | 240c 4181 | fa40 1f00 
  0x000002bd6ea40fa0: 0045 0f47 | d144 03d1 | 0f1f 8400 | 0000 0000 | c441 7a6f | 4488 10c4 | 417a 7f44 | 8b10 c57a 
  0x000002bd6ea40fc0: 6f44 8e10 | c57a 7f44 | 8f10 c441 | 7a6f 4488 | 20c4 417a | 7f44 8b20 | c57a 6f44 | 8e20 c57a 
  0x000002bd6ea40fe0: 7f44 8f20 | 83c1 0841 | 3bca 7cc4 | 4d8b 9748 | 0300 0041 | 8502 3bcd | 7c92 3b4c | 2418 7d5b 
  0x000002bd6ea41000: 3b4c 2418 | 0f83 b6fe | ffff 418b | 4488 103b | 4c24 1c0f | 831f 0200 | 0041 8944 | 8b10 3b4c 
  0x000002bd6ea41020: 242c 0f83 | 6802 0000 | 448b 548e | 103b 4c24 | 300f 83b9 | 0200 0044 | 8954 8f10 | c4c1 f97e 
  0x000002bd6ea41040: c241 8b5a | 1045 8b54 | dc0c ffc1 | 413b ca0f | 8d4e fdff | ff3b 4c24 | 187c a5c4 | e1f9 7ee0 
  0x000002bd6ea41060: c4c1 797e | f0ba e4ff | ffff 488b | 2c24 448b | 5c24 0844 | 891c 244c | 8b54 2410 | 4c89 5424 
  0x000002bd6ea41080: 0844 8b54 | 2420 4489 | 5424 0444 | 8b54 2424 | 4489 5424 | 10c5 fb11 | 4424 1848 | 8944 2420 
  0x000002bd6ea410a0: 4489 4424 | 1489 4c24 | 2c89 4c24 | 30c5 fa11 | 5424 34c5 | fa11 4c24 | 3866 6690 | c5f8 77e8 
  0x000002bd6ea410c0: 3c12 44f8 | c57a 2cd0 | 4181 fa00 | 0000 8075 | 1048 83ec | 08c5 fa11 | 0424 e814 | 003f f841 
  0x000002bd6ea410e0: 5ae9 70f2 | ffff c57a | 2cd9 4181 | fb00 0000 | 8075 1048 | 83ec 08c5 | fa11 0c24 | e8f2 ff3e 
  0x000002bd6ea41100: f841 5be9 | a7f2 ffff | ffc3 bae4 | ffff ff48 | 8b2c 2444 | 8b54 2408 | 4489 1424 | 4c8b 5424 
  0x000002bd6ea41120: 104c 8954 | 2408 448b | 5424 2044 | 8954 2404 | 448b 5c24 | 2444 895c | 2410 c5fb | 1144 2418 
  0x000002bd6ea41140: 4c89 7424 | 2089 5c24 | 144c 894c | 2428 897c | 2430 894c | 2434 6690 | c5f8 77e8 | a011 44f8 
  0x000002bd6ea41160: 458b 4818 | 4d8b 8748 | 0300 0041 | 8500 4585 | c90f 840d | 0500 004f | 8d04 cce9 | 5cee ffff 
  0x000002bd6ea41180: 4533 c033 | d245 33db | e91a eeff | ff41 f7db | e90f f2ff | ff41 f7da | e9b0 f1ff | ff33 d241 
  0x000002bd6ea411a0: c642 1101 | 4533 c045 | 33db e9f8 | edff ff44 | 8b6c 2408 | 8b54 240c | 4d8b c644 | 8b54 2420 
  0x000002bd6ea411c0: 448b 5c24 | 24e9 2bf6 | ffff 4533 | c033 d245 | 33db e9d0 | edff ffba | 45ff ffff | c4e1 f97e 
  0x000002bd6ea411e0: c5c5 fb11 | 0c24 c5fb | 1154 2408 | 897c 2418 | 4489 5c24 | 1c66 6690 | c5f8 77e8 | 0011 44f8 
  0x000002bd6ea41200: c4c1 796e | deba e6ff | ffff 498b | eac5 fa11 | 1c24 6690 | c5f8 77e8 | e410 44f8 | 4489 5c24 
  0x000002bd6ea41220: 10ba e6ff | ffff 8be8 | 4489 5424 | 0466 6690 | c5f8 77e8 | c810 44f8 | bae4 ffff | ff48 8b2c 
  0x000002bd6ea41240: 2444 8b5c | 2408 4489 | 1c24 4c8b | 5424 104c | 8954 2408 | 448b 5c24 | 2044 895c | 2404 448b 
  0x000002bd6ea41260: 5424 2444 | 8954 2410 | c5fb 1144 | 2418 c5fb | 1164 2420 | c5fa 1174 | 2414 894c | 242c 8944 
  0x000002bd6ea41280: 2430 c5fa | 1154 2434 | c5f8 77e8 | 7010 44f8 | bae4 ffff | ff48 8b2c | 2444 8b5c | 2408 4489 
  0x000002bd6ea412a0: 1c24 4c8b | 5424 104c | 8954 2408 | 448b 5424 | 2044 8954 | 2404 448b | 5c24 2444 | 895c 2410 
  0x000002bd6ea412c0: c5fb 1144 | 2418 c5fb | 1164 2420 | c5fa 1174 | 2414 894c | 242c 894c | 2430 c5fa | 115c 2434 
  0x000002bd6ea412e0: c5fa 117c | 2438 6690 | c5f8 77e8 | 1010 44f8 | bae4 ffff | ff48 8b2c | 2444 8b5c | 2408 4489 
  0x000002bd6ea41300: 1c24 4c8b | 5c24 104c | 895c 2408 | 448b 5c24 | 2044 895c | 2404 448b | 4424 2444 | 8944 2410 
  0x000002bd6ea41320: c5fb 1144 | 2418 c5fb | 1164 2420 | c5fa 1174 | 2414 894c | 242c 4489 | 5424 30c5 | fa11 7c24 
  0x000002bd6ea41340: 3466 6690 | c5f8 77e8 | b40f 44f8 | baf6 ffff | ff66 6690 | c5f8 77e8 | a40f 44f8 | 49c1 e203 
  0x000002bd6ea41360: e9a0 feff | ffba f6ff | ffff 6690 | c5f8 77e8 | 8c0f 44f8 | 418b 6cfc | 0cd1 fdff | c5ba 76ff 
  0x000002bd6ea41380: ffff 448b | 5424 1844 | 8954 240c | 448b 5424 | 1c44 8954 | 2418 4889 | 4424 2844 | 895c 241c 
  0x000002bd6ea413a0: c5f8 77e8 | 580f 44f8 | 418b feb9 | 0100 0000 | e902 f8ff | ff33 c9e9 | a9fc ffff | 8bc8 e937 
  0x000002bd6ea413c0: fcff ffba | deff ffff | 4489 4c24 | 08c5 fa11 | 4424 0cc5 | fa11 4c24 | 184c 8944 | 2420 6690 
  0x000002bd6ea413e0: c5f8 77e8 | 180f 44f8 | bae4 ffff | ff48 8b2c | 2444 8934 | 244c 8b54 | 2410 4c89 | 5424 084c 
  0x000002bd6ea41400: 8944 2418 | c5fa 116c | 2404 c5fa | 1144 2420 | c5f8 77e8 | e80e 44f8 | 4c8b 0c24 | 488b 7424 
  0x000002bd6ea41420: 10ba beff | ffff 498b | e948 8934 | 2448 8944 | 2408 4489 | 5424 1044 | 895c 2418 | 4489 5c24 
  0x000002bd6ea41440: 1c89 4c24 | 2066 6690 | c5f8 77e8 | b00e 44f8 | 4c8b 0c24 | 488b 7424 | 10eb c648 | 8b74 2410 
  0x000002bd6ea41460: ebbf ba45 | ffff ff48 | 8b2c 2444 | 890c 2448 | 897c 2408 | c5fa 1144 | 2404 c5fa | 114c 2410 
  0x000002bd6ea41480: 4c89 5424 | 1844 895c | 2414 4489 | 4424 2490 | c5f8 77e8 | 680e 44f8 | ba45 ffff | ff4c 8b44 
  0x000002bd6ea414a0: 2410 4c89 | 4424 0848 | 8944 2410 | 4489 5424 | 1844 895c | 241c 4489 | 6c24 2090 | c5f8 77e8 
  0x000002bd6ea414c0: 3c0e 44f8 | 448b 5424 | 28ba beff | ffff 488b | 2c24 448b | 5c24 0844 | 891c 244c | 8b5c 2410 
  0x000002bd6ea414e0: 4c89 5c24 | 0844 8b44 | 2420 4489 | 4424 0444 | 8b5c 2424 | 4489 5c24 | 1048 8944 | 2420 4489 
  0x000002bd6ea41500: 5424 1490 | c5f8 77e8 | f40d 44f8 | 448b 5424 | 28eb b644 | 8b54 2428 | ebaf bae4 | ffff ff44 
  0x000002bd6ea41520: 896c 2408 | 4489 5424 | 0c44 895c | 2418 4c89 | 4424 2890 | c5f8 77e8 | c40d 44f8 | babe ffff 
  0x000002bd6ea41540: ff48 8b2c | 2444 8b5c | 2408 4489 | 1c24 4c8b | 5424 104c | 8954 2408 | 448b 5424 | 1844 8954 
  0x000002bd6ea41560: 2404 448b | 5c24 1c44 | 895c 2410 | 4c8b 5424 | 204c 8954 | 2418 4889 | 4424 2090 | c5f8 77e8 
  0x000002bd6ea41580: 7c0d 44f8 | bae4 ffff | ff48 8b2c | 2444 892c | 244c 8b4c | 2410 4c89 | 4c24 0844 | 8954 2404 
  0x000002bd6ea415a0: 4489 5c24 | 104c 8944 | 2420 894c | 2414 6690 | c5f8 77e8 | 480d 44f8 | ba76 ffff | ff44 8974 
  0x000002bd6ea415c0: 2408 c5fa | 1144 240c | c5fa 114c | 2418 4489 | 5c24 1c44 | 8944 2428 | 4c89 5424 | 3044 894c 
  0x000002bd6ea415e0: 242c 6690 | c5f8 77e8 | 140d 44f8 | be01 0000 | 0033 d2e9 | 8be9 ffff | 33db e90b | fbff ff33 
  0x000002bd6ea41600: dbba e4ff | ffff 488b | 2c24 448b | 5424 0844 | 8914 244c | 8b54 2410 | 4c89 5424 | 0844 8b5c 
  0x000002bd6ea41620: 2420 4489 | 5c24 0444 | 8b5c 2424 | 4489 5c24 | 10c5 fb11 | 4424 184c | 8974 2428 | 895c 2430 
  0x000002bd6ea41640: c5f8 77e8 | b80c 44f8 | 33db bae4 | ffff ff44 | 8b54 2420 | 4489 5424 | 0c44 8b54 | 2424 4489 
  0x000002bd6ea41660: 5424 18c5 | fb11 4424 | 204c 8974 | 2428 897c | 2430 895c | 2434 c5fa | 114c 243c | c5f8 77e8 
  0x000002bd6ea41680: 7c0c 44f8 | baf4 ffff | ff48 8b2c | 2444 8934 | 244c 8b54 | 2410 4c89 | 5424 08c5 | fa11 4424 
  0x000002bd6ea416a0: 04c5 fa11 | 6c24 1090 | c5f8 77e8 | 500c 44f8 | ba45 ffff | ff44 8974 | 2408 c5fa | 1144 240c 
  0x000002bd6ea416c0: c5fa 116c | 2418 4c89 | 5424 2044 | 894c 241c | 4489 5c24 | 2866 6690 | c5f8 77e8 | 200c 44f8 
  0x000002bd6ea416e0: bb03 0000 | 00c5 f97e | dac4 e1f9 | 7ed0 4c8b | 6c24 18c5 | f97e e6eb | 05bb 0100 | 0000 3bda 
  0x000002bd6ea41700: 0f8d fbfe | ffff 6690 | 3bda 0f83 | f1fe ffff | c4c1 f97e | c245 8b52 | 1047 8b54 | d40c 418b 
  0x000002bd6ea41720: 6c9e 1041 | 8bfa 2b7c | 2438 ffcf | 3bde 0f83 | 16ff ffff | 418b 4c9b | 1045 8b44 | ec0c 4d8d 
  0x000002bd6ea41740: 0cec 413b | f80f 83bf | f9ff ff4d | 63c2 4d2b | c543 894c | 810c ffc3 | 413b da0f | 8db2 edff 
  0x000002bd6ea41760: ff3b da7c | a3e9 97fe | ffff bb01 | 0000 00e9 | 96f9 ffff | bb02 0000 | 00e9 8cf9 | ffff bb03 
  0x000002bd6ea41780: 0000 00e9 | 82f9 ffff | bb04 0000 | 00e9 78f9 | ffff babe | ffff ff48 | 8b2c 2444 | 8b5c 2408 
  0x000002bd6ea417a0: 4489 1c24 | 4c8b 5424 | 104c 8954 | 2408 448b | 5424 2044 | 8954 2404 | 448b 5c24 | 2444 895c 
  0x000002bd6ea417c0: 2410 4c89 | 7424 2090 | c5f8 77e8 | 300b 44f8 | ba45 ffff | ff44 8974 | 2408 c5fa | 1144 240c 
  0x000002bd6ea417e0: c5fa 116c | 2418 4489 | 4c24 1c44 | 895c 2428 | 4c89 5424 | 304c 8944 | 2438 895c | 242c 6690 
  0x000002bd6ea41800: c5f8 77e8 | f80a 44f8 | 85db 400f | 95c5 400f | b6ed 83f5 | 01ba 45ff | ffff 4489 | 4c24 08c5 
  0x000002bd6ea41820: fa11 4424 | 0cc5 fa11 | 4c24 1844 | 895c 241c | 4489 4424 | 284c 8954 | 2430 6690 | c5f8 77e8 
  0x000002bd6ea41840: bc0a 44f8 | ba45 ffff | ff44 8974 | 2408 c5fa | 1144 240c | c5fa 116c | 2418 4c89 | 4424 2844 
  0x000002bd6ea41860: 895c 241c | 4c89 5424 | 304c 894c | 2438 897c | 2440 6690 | c5f8 77e8 | 840a 44f8 | 418b dae9 
  0x000002bd6ea41880: 86f8 ffff | bade ffff | ff48 8b2c | 2444 8934 | 2448 8b4c | 2410 4889 | 4c24 08c5 | fa11 4424 
  0x000002bd6ea418a0: 04c5 fa11 | 6c24 104c | 8944 2420 | 4489 5c24 | 144c 8954 | 2428 4489 | 4c24 3490 | c5f8 77e8 
  0x000002bd6ea418c0: 3c0a 44f8 | bade ffff | ff44 8974 | 2408 c5fa | 1144 240c | c5fa 116c | 2418 6690 | c5f8 77e8 
  0x000002bd6ea418e0: 1c0a 44f8 | bade ffff | ff48 8b2c | 2444 8934 | 2448 8b4c | 2410 4889 | 4c24 08c5 | fa11 4424 
  0x000002bd6ea41900: 04c5 fa11 | 6c24 1044 | 894c 2414 | 4489 5c24 | 204c 8954 | 2428 4489 | 4424 3090 | c5f8 77e8 
  0x000002bd6ea41920: dc09 44f8 | baf6 ffff | ff8b ef89 | 0c24 6690 | c5f8 77e8 | c809 44f8 | baf6 ffff | ff66 6690 
  0x000002bd6ea41940: c5f8 77e8 | b809 44f8 | c4c1 796e | deba f6ff | ffff c5f9 | 7edd 6690 | c5f8 77e8 | a009 44f8 
  0x000002bd6ea41960: 4489 5c24 | 10ba f6ff | ffff 4489 | 1424 6690 | c5f8 77e8 | 8809 44f8 | baf6 ffff | ff66 6690 
  0x000002bd6ea41980: c5f8 77e8 | 7809 44f8 | ba76 ffff | ff48 8b2c | 2444 8b5c | 2408 4489 | 1c24 4c8b | 5424 104c 
  0x000002bd6ea419a0: 8954 2408 | 448b 5c24 | 2044 895c | 2404 448b | 5424 2444 | 8954 2410 | 4889 4424 | 2044 8944 
  0x000002bd6ea419c0: 2414 4489 | 6c24 2890 | c5f8 77e8 | 3009 44f8 | baf6 ffff | ff66 6690 | c5f8 77e8 | 2009 44f8 
  0x000002bd6ea419e0: 488b d0eb | 0848 8bd0 | eb03 488b | d0c5 f877 | 4883 c460 | 5de9 06c6 | 4ef8 baf6 | ffff ff49 
  0x000002bd6ea41a00: 8be8 6690 | c5f8 77e8 | f408 44f8 | baf6 ffff | ff66 6690 | c5f8 77e8 | e408 44f8 | 488b 7424 
  0x000002bd6ea41a20: 10e9 fbf9 | ffff 488b | 7424 10e9 | f1f9 ffff | baf6 ffff | ff66 6690 | c5f8 77e8 | c008 44f8 
  0x000002bd6ea41a40: baf6 ffff | ff66 6690 | c5f8 77e8 | b008 44f8 | ba45 ffff | ff48 8b2c | 2444 8934 | 2448 8b4c 
  0x000002bd6ea41a60: 2410 4889 | 4c24 08c5 | fa11 4424 | 04c5 fa11 | 6c24 1044 | 894c 2414 | 4489 5c24 | 2044 8944 
  0x000002bd6ea41a80: 2424 4c89 | 5424 2890 | c5f8 77e8 | 7008 44f8 | baf6 ffff | ff66 6690 | c5f8 77e8 | 6008 44f8 
  0x000002bd6ea41aa0: baf6 ffff | ff66 6690 | c5f8 77e8 | 5008 44f8 | ba76 ffff | ff48 8b2c | 2444 8b54 | 2408 4489 
  0x000002bd6ea41ac0: 1424 4c8b | 5424 104c | 8954 2408 | 448b 5c24 | 2044 895c | 2404 448b | 5c24 2444 | 895c 2410 
  0x000002bd6ea41ae0: 4c89 7424 | 2089 5c24 | 2866 6690 | c5f8 77e8 | 0c08 44f8 | baf6 ffff | ff66 6690 | c5f8 77e8 
  0x000002bd6ea41b00: fc07 44f8 | baf6 ffff | ff66 6690 | c5f8 77e8 | ec07 44f8 | ba45 ffff | ff48 8b2c | 2444 8934 
  0x000002bd6ea41b20: 2448 8b4c | 2410 4889 | 4c24 08c5 | fa11 4424 | 04c5 fa11 | 6c24 104c | 8944 2420 | 4489 5c24 
  0x000002bd6ea41b40: 1444 894c | 2428 4c89 | 5424 3090 | c5f8 77e8 | ac07 44f8 | 49ba 710a | a46e bd02 | 0000 4d89 
  0x000002bd6ea41b60: 9758 0300 | 00e9 9618 | 44f8 f4f4 | f4f4 f4f4 | f4f4 f4f4 | f4f4 f4f4 | f4f4 f4f4 | f4f4 f4f4 
  0x000002bd6ea41b80: e9fb 2f4e | f8e8 0000 | 0000 4883 | 2c24 05e9 | 0c0b 44f8 | f4f4 f4f4 
[/MachCode]
--------------------------------------------------------------------------------


---------------  P R O C E S S  ---------------

Threads class SMR info:
_java_thread_list=0x000002bd03548920, length=25, elements={
0x000002bd02a701f0, 0x000002bd02a71470, 0x000002bd0340f290, 0x000002bd03411050,
0x000002bd03411a00, 0x000002bd03412bd0, 0x000002bd0341a1b0, 0x000002bd0341a770,
0x000002bd03426c90, 0x000002bd035541e0, 0x000002bd0355ef50, 0x000002bd0358a2c0,
0x000002bd0358fb90, 0x000002bd5f33c920, 0x000002bd03760730, 0x000002bd03795780,
0x000002bd03796810, 0x000002bd03f59580, 0x000002bd03f1a140, 0x000002bd03f1a610,
0x000002bd03de6200, 0x000002bd03ef8fa0, 0x000002bd03ef94b0, 0x000002bd03ef99c0,
0x000002bd03de6ba0
}

Java Threads: ( => current thread )
  0x000002bd02a701f0 JavaThread "Reference Handler" daemon [_thread_blocked, id=22240, stack(0x000000c8c9600000,0x000000c8c9700000)]
  0x000002bd02a71470 JavaThread "Finalizer" daemon [_thread_blocked, id=16584, stack(0x000000c8c9700000,0x000000c8c9800000)]
  0x000002bd0340f290 JavaThread "Signal Dispatcher" daemon [_thread_blocked, id=23740, stack(0x000000c8c9800000,0x000000c8c9900000)]
  0x000002bd03411050 JavaThread "Attach Listener" daemon [_thread_blocked, id=12308, stack(0x000000c8c9900000,0x000000c8c9a00000)]
  0x000002bd03411a00 JavaThread "Service Thread" daemon [_thread_blocked, id=10060, stack(0x000000c8c9a00000,0x000000c8c9b00000)]
  0x000002bd03412bd0 JavaThread "Monitor Deflation Thread" daemon [_thread_blocked, id=22388, stack(0x000000c8c9b00000,0x000000c8c9c00000)]
  0x000002bd0341a1b0 JavaThread "C2 CompilerThread0" daemon [_thread_blocked, id=20896, stack(0x000000c8c9c00000,0x000000c8c9d00000)]
  0x000002bd0341a770 JavaThread "C1 CompilerThread0" daemon [_thread_blocked, id=13256, stack(0x000000c8c9d00000,0x000000c8c9e00000)]
  0x000002bd03426c90 JavaThread "Sweeper thread" daemon [_thread_blocked, id=20580, stack(0x000000c8c9e00000,0x000000c8c9f00000)]
  0x000002bd035541e0 JavaThread "C1 CompilerThread1" daemon [_thread_blocked, id=7916, stack(0x000000c8c9f00000,0x000000c8ca000000)]
  0x000002bd0355ef50 JavaThread "C1 CompilerThread2" daemon [_thread_blocked, id=6712, stack(0x000000c8ca000000,0x000000c8ca100000)]
  0x000002bd0358a2c0 JavaThread "Notification Thread" daemon [_thread_blocked, id=25712, stack(0x000000c8ca100000,0x000000c8ca200000)]
  0x000002bd0358fb90 JavaThread "Common-Cleaner" daemon [_thread_blocked, id=12452, stack(0x000000c8ca300000,0x000000c8ca400000)]
  0x000002bd5f33c920 JavaThread "DestroyJavaVM" [_thread_blocked, id=9572, stack(0x000000c8c8f00000,0x000000c8c9000000)]
  0x000002bd03760730 JavaThread "Java2D Disposer" daemon [_thread_blocked, id=1652, stack(0x000000c8ca500000,0x000000c8ca600000)]
  0x000002bd03795780 JavaThread "AWT-Shutdown" [_thread_blocked, id=25168, stack(0x000000c8ca700000,0x000000c8ca800000)]
  0x000002bd03796810 JavaThread "AWT-Windows" daemon [_thread_in_native, id=22740, stack(0x000000c8ca800000,0x000000c8ca900000)]
  0x000002bd03f59580 JavaThread "AWT-EventQueue-0" [_thread_blocked, id=17452, stack(0x000000c8cb500000,0x000000c8cb600000)]
=>0x000002bd03f1a140 JavaThread "Thread-2" [_thread_in_Java, id=5116, stack(0x000000c8cb600000,0x000000c8cb700000)]
  0x000002bd03f1a610 JavaThread "Thread-1" [_thread_in_Java, id=17004, stack(0x000000c8cb700000,0x000000c8cb800000)]
  0x000002bd03de6200 JavaThread "D3D Screen Updater" daemon [_thread_blocked, id=25552, stack(0x000000c8ca400000,0x000000c8ca500000)]
  0x000002bd03ef8fa0 JavaThread "C2 CompilerThread1" daemon [_thread_blocked, id=18508, stack(0x000000c8ca600000,0x000000c8ca700000)]
  0x000002bd03ef94b0 JavaThread "C2 CompilerThread2" daemon [_thread_blocked, id=9228, stack(0x000000c8cb800000,0x000000c8cb900000)]
  0x000002bd03ef99c0 JavaThread "C2 CompilerThread3" daemon [_thread_blocked, id=21792, stack(0x000000c8cb900000,0x000000c8cba00000)]
  0x000002bd03de6ba0 JavaThread "Thread-3" [_thread_in_Java, id=14228, stack(0x000000c8cbb00000,0x000000c8cbc00000)]

Other Threads:
  0x000002bd02a6aa90 VMThread "VM Thread" [stack: 0x000000c8c9500000,0x000000c8c9600000] [id=24280]
  0x000002bd0358c180 WatcherThread [stack: 0x000000c8ca200000,0x000000c8ca300000] [id=22576]
  0x000002bd5f3a5c20 GCTaskThread "GC Thread#0" [stack: 0x000000c8c9000000,0x000000c8c9100000] [id=20160]
  0x000002bd03ef7450 GCTaskThread "GC Thread#1" [stack: 0x000000c8cbc00000,0x000000c8cbd00000] [id=8220]
  0x000002bd041a7c10 GCTaskThread "GC Thread#2" [stack: 0x000000c8cbd00000,0x000000c8cbe00000] [id=19056]
  0x000002bd04037780 GCTaskThread "GC Thread#3" [stack: 0x000000c8cbe00000,0x000000c8cbf00000] [id=15480]
  0x000002bd04037e30 GCTaskThread "GC Thread#4" [stack: 0x000000c8cbf00000,0x000000c8cc000000] [id=25760]
  0x000002bd040a4ca0 GCTaskThread "GC Thread#5" [stack: 0x000000c8cc000000,0x000000c8cc100000] [id=25068]
  0x000002bd040a4f50 GCTaskThread "GC Thread#6" [stack: 0x000000c8cc100000,0x000000c8cc200000] [id=13964]
  0x000002bd040a5a10 GCTaskThread "GC Thread#7" [stack: 0x000000c8cc200000,0x000000c8cc300000] [id=25680]
  0x000002bd04168e10 GCTaskThread "GC Thread#8" [stack: 0x000000c8cc300000,0x000000c8cc400000] [id=19832]
  0x000002bd041f80a0 GCTaskThread "GC Thread#9" [stack: 0x000000c8cc400000,0x000000c8cc500000] [id=9468]
  0x000002bd0416d0d0 GCTaskThread "GC Thread#10" [stack: 0x000000c8cc500000,0x000000c8cc600000] [id=13952]
  0x000002bd0416f160 GCTaskThread "GC Thread#11" [stack: 0x000000c8cc600000,0x000000c8cc700000] [id=23412]
  0x000002bd5f3b7210 ConcurrentGCThread "G1 Main Marker" [stack: 0x000000c8c9100000,0x000000c8c9200000] [id=25412]
  0x000002bd5f3b93d0 ConcurrentGCThread "G1 Conc#0" [stack: 0x000000c8c9200000,0x000000c8c9300000] [id=24692]
  0x000002bd5f41ec70 ConcurrentGCThread "G1 Refine#0" [stack: 0x000000c8c9300000,0x000000c8c9400000] [id=13860]
  0x000002bd040ef280 ConcurrentGCThread "G1 Refine#1" [stack: 0x000000c8cc700000,0x000000c8cc800000] [id=8884]
  0x000002bd02922cb0 ConcurrentGCThread "G1 Service" [stack: 0x000000c8c9400000,0x000000c8c9500000] [id=13228]

Threads with active compile tasks:

VM state: not at safepoint (normal execution)

VM Mutex/Monitor currently owned by a thread: None

Heap address: 0x0000000709600000, size: 3946 MB, Compressed Oops mode: Zero based, Oop shift amount: 3

CDS archive(s) mapped at: [0x0000000800000000-0x0000000800bc0000-0x0000000800bc0000), size 12320768, SharedBaseAddress: 0x0000000800000000, ArchiveRelocationMode: 0.
Compressed class space mapped at: 0x0000000800c00000-0x0000000840c00000, reserved size: 1073741824
Narrow klass base: 0x0000000800000000, Narrow klass shift: 0, Narrow klass range: 0x100000000

GC Precious Log:
 CPUs: 16 total, 16 available
 Memory: 15776M
 Large Page Support: Disabled
 NUMA Support: Disabled
 Compressed Oops: Enabled (Zero based)
 Heap Region Size: 2M
 Heap Min Capacity: 8M
 Heap Initial Capacity: 248M
 Heap Max Capacity: 3946M
 Pre-touch: Disabled
 Parallel Workers: 13
 Concurrent Workers: 3
 Concurrent Refinement Workers: 13
 Periodic GC: Disabled

Heap:
 garbage-first heap   total 253952K, used 16553K [0x0000000709600000, 0x0000000800000000)
  region size 2048K, 6 young (12288K), 2 survivors (4096K)
 Metaspace       used 6950K, committed 7104K, reserved 1056768K
  class space    used 752K, committed 832K, reserved 1048576K

Heap Regions: E=young(eden), S=young(survivor), O=old, HS=humongous(starts), HC=humongous(continues), CS=collection set, F=free, OA=open archive, CA=closed archive, TAMS=top-at-mark-start (previous, next)
|   0|0x0000000709600000, 0x0000000709800000, 0x0000000709800000|100%|HS|  |TAMS 0x0000000709600000, 0x0000000709600000| Complete 
|   1|0x0000000709800000, 0x0000000709a00000, 0x0000000709a00000|100%|HC|  |TAMS 0x0000000709800000, 0x0000000709800000| Complete 
|   2|0x0000000709a00000, 0x0000000709c00000, 0x0000000709c00000|100%| O|  |TAMS 0x0000000709a00000, 0x0000000709a00000| Untracked 
|   3|0x0000000709c00000, 0x0000000709c2a400, 0x0000000709e00000|  8%| O|  |TAMS 0x0000000709c00000, 0x0000000709c00000| Untracked 
|   4|0x0000000709e00000, 0x0000000709e00000, 0x000000070a000000|  0%| F|  |TAMS 0x0000000709e00000, 0x0000000709e00000| Untracked 
|   5|0x000000070a000000, 0x000000070a000000, 0x000000070a200000|  0%| F|  |TAMS 0x000000070a000000, 0x000000070a000000| Untracked 
|   6|0x000000070a200000, 0x000000070a200000, 0x000000070a400000|  0%| F|  |TAMS 0x000000070a200000, 0x000000070a200000| Untracked 
|   7|0x000000070a400000, 0x000000070a400000, 0x000000070a600000|  0%| F|  |TAMS 0x000000070a400000, 0x000000070a400000| Untracked 
|   8|0x000000070a600000, 0x000000070a600000, 0x000000070a800000|  0%| F|  |TAMS 0x000000070a600000, 0x000000070a600000| Untracked 
|   9|0x000000070a800000, 0x000000070a800000, 0x000000070aa00000|  0%| F|  |TAMS 0x000000070a800000, 0x000000070a800000| Untracked 
|  10|0x000000070aa00000, 0x000000070aa00000, 0x000000070ac00000|  0%| F|  |TAMS 0x000000070aa00000, 0x000000070aa00000| Untracked 
|  11|0x000000070ac00000, 0x000000070ac00000, 0x000000070ae00000|  0%| F|  |TAMS 0x000000070ac00000, 0x000000070ac00000| Untracked 
|  12|0x000000070ae00000, 0x000000070ae00000, 0x000000070b000000|  0%| F|  |TAMS 0x000000070ae00000, 0x000000070ae00000| Untracked 
|  13|0x000000070b000000, 0x000000070b000000, 0x000000070b200000|  0%| F|  |TAMS 0x000000070b000000, 0x000000070b000000| Untracked 
|  14|0x000000070b200000, 0x000000070b200000, 0x000000070b400000|  0%| F|  |TAMS 0x000000070b200000, 0x000000070b200000| Untracked 
|  15|0x000000070b400000, 0x000000070b400000, 0x000000070b600000|  0%| F|  |TAMS 0x000000070b400000, 0x000000070b400000| Untracked 
|  16|0x000000070b600000, 0x000000070b600000, 0x000000070b800000|  0%| F|  |TAMS 0x000000070b600000, 0x000000070b600000| Untracked 
|  17|0x000000070b800000, 0x000000070b800000, 0x000000070ba00000|  0%| F|  |TAMS 0x000000070b800000, 0x000000070b800000| Untracked 
|  18|0x000000070ba00000, 0x000000070ba00000, 0x000000070bc00000|  0%| F|  |TAMS 0x000000070ba00000, 0x000000070ba00000| Untracked 
|  19|0x000000070bc00000, 0x000000070bc00000, 0x000000070be00000|  0%| F|  |TAMS 0x000000070bc00000, 0x000000070bc00000| Untracked 
|  20|0x000000070be00000, 0x000000070be00000, 0x000000070c000000|  0%| F|  |TAMS 0x000000070be00000, 0x000000070be00000| Untracked 
|  21|0x000000070c000000, 0x000000070c000000, 0x000000070c200000|  0%| F|  |TAMS 0x000000070c000000, 0x000000070c000000| Untracked 
|  22|0x000000070c200000, 0x000000070c200000, 0x000000070c400000|  0%| F|  |TAMS 0x000000070c200000, 0x000000070c200000| Untracked 
|  23|0x000000070c400000, 0x000000070c400000, 0x000000070c600000|  0%| F|  |TAMS 0x000000070c400000, 0x000000070c400000| Untracked 
|  24|0x000000070c600000, 0x000000070c600000, 0x000000070c800000|  0%| F|  |TAMS 0x000000070c600000, 0x000000070c600000| Untracked 
|  25|0x000000070c800000, 0x000000070c800000, 0x000000070ca00000|  0%| F|  |TAMS 0x000000070c800000, 0x000000070c800000| Untracked 
|  26|0x000000070ca00000, 0x000000070ca00000, 0x000000070cc00000|  0%| F|  |TAMS 0x000000070ca00000, 0x000000070ca00000| Untracked 
|  27|0x000000070cc00000, 0x000000070cc00000, 0x000000070ce00000|  0%| F|  |TAMS 0x000000070cc00000, 0x000000070cc00000| Untracked 
|  28|0x000000070ce00000, 0x000000070ce00000, 0x000000070d000000|  0%| F|  |TAMS 0x000000070ce00000, 0x000000070ce00000| Untracked 
|  29|0x000000070d000000, 0x000000070d000000, 0x000000070d200000|  0%| F|  |TAMS 0x000000070d000000, 0x000000070d000000| Untracked 
|  30|0x000000070d200000, 0x000000070d200000, 0x000000070d400000|  0%| F|  |TAMS 0x000000070d200000, 0x000000070d200000| Untracked 
|  31|0x000000070d400000, 0x000000070d400000, 0x000000070d600000|  0%| F|  |TAMS 0x000000070d400000, 0x000000070d400000| Untracked 
|  32|0x000000070d600000, 0x000000070d600000, 0x000000070d800000|  0%| F|  |TAMS 0x000000070d600000, 0x000000070d600000| Untracked 
|  33|0x000000070d800000, 0x000000070d800000, 0x000000070da00000|  0%| F|  |TAMS 0x000000070d800000, 0x000000070d800000| Untracked 
|  34|0x000000070da00000, 0x000000070da00000, 0x000000070dc00000|  0%| F|  |TAMS 0x000000070da00000, 0x000000070da00000| Untracked 
|  35|0x000000070dc00000, 0x000000070dc00000, 0x000000070de00000|  0%| F|  |TAMS 0x000000070dc00000, 0x000000070dc00000| Untracked 
|  36|0x000000070de00000, 0x000000070de00000, 0x000000070e000000|  0%| F|  |TAMS 0x000000070de00000, 0x000000070de00000| Untracked 
|  37|0x000000070e000000, 0x000000070e000000, 0x000000070e200000|  0%| F|  |TAMS 0x000000070e000000, 0x000000070e000000| Untracked 
|  38|0x000000070e200000, 0x000000070e200000, 0x000000070e400000|  0%| F|  |TAMS 0x000000070e200000, 0x000000070e200000| Untracked 
|  39|0x000000070e400000, 0x000000070e400000, 0x000000070e600000|  0%| F|  |TAMS 0x000000070e400000, 0x000000070e400000| Untracked 
|  40|0x000000070e600000, 0x000000070e600000, 0x000000070e800000|  0%| F|  |TAMS 0x000000070e600000, 0x000000070e600000| Untracked 
|  41|0x000000070e800000, 0x000000070e800000, 0x000000070ea00000|  0%| F|  |TAMS 0x000000070e800000, 0x000000070e800000| Untracked 
|  42|0x000000070ea00000, 0x000000070ea00000, 0x000000070ec00000|  0%| F|  |TAMS 0x000000070ea00000, 0x000000070ea00000| Untracked 
|  43|0x000000070ec00000, 0x000000070ec00000, 0x000000070ee00000|  0%| F|  |TAMS 0x000000070ec00000, 0x000000070ec00000| Untracked 
|  44|0x000000070ee00000, 0x000000070ee00000, 0x000000070f000000|  0%| F|  |TAMS 0x000000070ee00000, 0x000000070ee00000| Untracked 
|  45|0x000000070f000000, 0x000000070f000000, 0x000000070f200000|  0%| F|  |TAMS 0x000000070f000000, 0x000000070f000000| Untracked 
|  46|0x000000070f200000, 0x000000070f200000, 0x000000070f400000|  0%| F|  |TAMS 0x000000070f200000, 0x000000070f200000| Untracked 
|  47|0x000000070f400000, 0x000000070f400000, 0x000000070f600000|  0%| F|  |TAMS 0x000000070f400000, 0x000000070f400000| Untracked 
|  48|0x000000070f600000, 0x000000070f600000, 0x000000070f800000|  0%| F|  |TAMS 0x000000070f600000, 0x000000070f600000| Untracked 
|  49|0x000000070f800000, 0x000000070f800000, 0x000000070fa00000|  0%| F|  |TAMS 0x000000070f800000, 0x000000070f800000| Untracked 
|  50|0x000000070fa00000, 0x000000070fa00000, 0x000000070fc00000|  0%| F|  |TAMS 0x000000070fa00000, 0x000000070fa00000| Untracked 
|  51|0x000000070fc00000, 0x000000070fc00000, 0x000000070fe00000|  0%| F|  |TAMS 0x000000070fc00000, 0x000000070fc00000| Untracked 
|  52|0x000000070fe00000, 0x000000070fe00000, 0x0000000710000000|  0%| F|  |TAMS 0x000000070fe00000, 0x000000070fe00000| Untracked 
|  53|0x0000000710000000, 0x0000000710000000, 0x0000000710200000|  0%| F|  |TAMS 0x0000000710000000, 0x0000000710000000| Untracked 
|  54|0x0000000710200000, 0x0000000710200000, 0x0000000710400000|  0%| F|  |TAMS 0x0000000710200000, 0x0000000710200000| Untracked 
|  55|0x0000000710400000, 0x0000000710400000, 0x0000000710600000|  0%| F|  |TAMS 0x0000000710400000, 0x0000000710400000| Untracked 
|  56|0x0000000710600000, 0x0000000710600000, 0x0000000710800000|  0%| F|  |TAMS 0x0000000710600000, 0x0000000710600000| Untracked 
|  57|0x0000000710800000, 0x0000000710800000, 0x0000000710a00000|  0%| F|  |TAMS 0x0000000710800000, 0x0000000710800000| Untracked 
|  58|0x0000000710a00000, 0x0000000710a00000, 0x0000000710c00000|  0%| F|  |TAMS 0x0000000710a00000, 0x0000000710a00000| Untracked 
|  59|0x0000000710c00000, 0x0000000710c00000, 0x0000000710e00000|  0%| F|  |TAMS 0x0000000710c00000, 0x0000000710c00000| Untracked 
|  60|0x0000000710e00000, 0x0000000710e00000, 0x0000000711000000|  0%| F|  |TAMS 0x0000000710e00000, 0x0000000710e00000| Untracked 
|  61|0x0000000711000000, 0x0000000711000000, 0x0000000711200000|  0%| F|  |TAMS 0x0000000711000000, 0x0000000711000000| Untracked 
|  62|0x0000000711200000, 0x0000000711200000, 0x0000000711400000|  0%| F|  |TAMS 0x0000000711200000, 0x0000000711200000| Untracked 
|  63|0x0000000711400000, 0x0000000711400000, 0x0000000711600000|  0%| F|  |TAMS 0x0000000711400000, 0x0000000711400000| Untracked 
|  64|0x0000000711600000, 0x0000000711600000, 0x0000000711800000|  0%| F|  |TAMS 0x0000000711600000, 0x0000000711600000| Untracked 
|  65|0x0000000711800000, 0x0000000711800000, 0x0000000711a00000|  0%| F|  |TAMS 0x0000000711800000, 0x0000000711800000| Untracked 
|  66|0x0000000711a00000, 0x0000000711a00000, 0x0000000711c00000|  0%| F|  |TAMS 0x0000000711a00000, 0x0000000711a00000| Untracked 
|  67|0x0000000711c00000, 0x0000000711c00000, 0x0000000711e00000|  0%| F|  |TAMS 0x0000000711c00000, 0x0000000711c00000| Untracked 
|  68|0x0000000711e00000, 0x0000000711e00000, 0x0000000712000000|  0%| F|  |TAMS 0x0000000711e00000, 0x0000000711e00000| Untracked 
|  69|0x0000000712000000, 0x0000000712000000, 0x0000000712200000|  0%| F|  |TAMS 0x0000000712000000, 0x0000000712000000| Untracked 
|  70|0x0000000712200000, 0x0000000712200000, 0x0000000712400000|  0%| F|  |TAMS 0x0000000712200000, 0x0000000712200000| Untracked 
|  71|0x0000000712400000, 0x0000000712400000, 0x0000000712600000|  0%| F|  |TAMS 0x0000000712400000, 0x0000000712400000| Untracked 
|  72|0x0000000712600000, 0x0000000712600000, 0x0000000712800000|  0%| F|  |TAMS 0x0000000712600000, 0x0000000712600000| Untracked 
|  73|0x0000000712800000, 0x0000000712800000, 0x0000000712a00000|  0%| F|  |TAMS 0x0000000712800000, 0x0000000712800000| Untracked 
|  74|0x0000000712a00000, 0x0000000712a00000, 0x0000000712c00000|  0%| F|  |TAMS 0x0000000712a00000, 0x0000000712a00000| Untracked 
|  75|0x0000000712c00000, 0x0000000712c00000, 0x0000000712e00000|  0%| F|  |TAMS 0x0000000712c00000, 0x0000000712c00000| Untracked 
|  76|0x0000000712e00000, 0x0000000712e00000, 0x0000000713000000|  0%| F|  |TAMS 0x0000000712e00000, 0x0000000712e00000| Untracked 
|  77|0x0000000713000000, 0x0000000713000000, 0x0000000713200000|  0%| F|  |TAMS 0x0000000713000000, 0x0000000713000000| Untracked 
|  78|0x0000000713200000, 0x0000000713200000, 0x0000000713400000|  0%| F|  |TAMS 0x0000000713200000, 0x0000000713200000| Untracked 
|  79|0x0000000713400000, 0x0000000713400000, 0x0000000713600000|  0%| F|  |TAMS 0x0000000713400000, 0x0000000713400000| Untracked 
|  80|0x0000000713600000, 0x0000000713600000, 0x0000000713800000|  0%| F|  |TAMS 0x0000000713600000, 0x0000000713600000| Untracked 
|  81|0x0000000713800000, 0x0000000713800000, 0x0000000713a00000|  0%| F|  |TAMS 0x0000000713800000, 0x0000000713800000| Untracked 
|  82|0x0000000713a00000, 0x0000000713a00000, 0x0000000713c00000|  0%| F|  |TAMS 0x0000000713a00000, 0x0000000713a00000| Untracked 
|  83|0x0000000713c00000, 0x0000000713c00000, 0x0000000713e00000|  0%| F|  |TAMS 0x0000000713c00000, 0x0000000713c00000| Untracked 
|  84|0x0000000713e00000, 0x0000000713e00000, 0x0000000714000000|  0%| F|  |TAMS 0x0000000713e00000, 0x0000000713e00000| Untracked 
|  85|0x0000000714000000, 0x0000000714000000, 0x0000000714200000|  0%| F|  |TAMS 0x0000000714000000, 0x0000000714000000| Untracked 
|  86|0x0000000714200000, 0x0000000714200000, 0x0000000714400000|  0%| F|  |TAMS 0x0000000714200000, 0x0000000714200000| Untracked 
|  87|0x0000000714400000, 0x0000000714400000, 0x0000000714600000|  0%| F|  |TAMS 0x0000000714400000, 0x0000000714400000| Untracked 
|  88|0x0000000714600000, 0x0000000714600000, 0x0000000714800000|  0%| F|  |TAMS 0x0000000714600000, 0x0000000714600000| Untracked 
|  89|0x0000000714800000, 0x0000000714800000, 0x0000000714a00000|  0%| F|  |TAMS 0x0000000714800000, 0x0000000714800000| Untracked 
|  90|0x0000000714a00000, 0x0000000714a00000, 0x0000000714c00000|  0%| F|  |TAMS 0x0000000714a00000, 0x0000000714a00000| Untracked 
|  91|0x0000000714c00000, 0x0000000714c00000, 0x0000000714e00000|  0%| F|  |TAMS 0x0000000714c00000, 0x0000000714c00000| Untracked 
|  92|0x0000000714e00000, 0x0000000714e00000, 0x0000000715000000|  0%| F|  |TAMS 0x0000000714e00000, 0x0000000714e00000| Untracked 
|  93|0x0000000715000000, 0x0000000715000000, 0x0000000715200000|  0%| F|  |TAMS 0x0000000715000000, 0x0000000715000000| Untracked 
|  94|0x0000000715200000, 0x0000000715200000, 0x0000000715400000|  0%| F|  |TAMS 0x0000000715200000, 0x0000000715200000| Untracked 
|  95|0x0000000715400000, 0x0000000715400000, 0x0000000715600000|  0%| F|  |TAMS 0x0000000715400000, 0x0000000715400000| Untracked 
|  96|0x0000000715600000, 0x0000000715600000, 0x0000000715800000|  0%| F|  |TAMS 0x0000000715600000, 0x0000000715600000| Untracked 
|  97|0x0000000715800000, 0x0000000715800000, 0x0000000715a00000|  0%| F|  |TAMS 0x0000000715800000, 0x0000000715800000| Untracked 
|  98|0x0000000715a00000, 0x0000000715a00000, 0x0000000715c00000|  0%| F|  |TAMS 0x0000000715a00000, 0x0000000715a00000| Untracked 
|  99|0x0000000715c00000, 0x0000000715c00000, 0x0000000715e00000|  0%| F|  |TAMS 0x0000000715c00000, 0x0000000715c00000| Untracked 
| 100|0x0000000715e00000, 0x0000000715e00000, 0x0000000716000000|  0%| F|  |TAMS 0x0000000715e00000, 0x0000000715e00000| Untracked 
| 101|0x0000000716000000, 0x0000000716000000, 0x0000000716200000|  0%| F|  |TAMS 0x0000000716000000, 0x0000000716000000| Untracked 
| 102|0x0000000716200000, 0x0000000716200000, 0x0000000716400000|  0%| F|  |TAMS 0x0000000716200000, 0x0000000716200000| Untracked 
| 103|0x0000000716400000, 0x0000000716400000, 0x0000000716600000|  0%| F|  |TAMS 0x0000000716400000, 0x0000000716400000| Untracked 
| 104|0x0000000716600000, 0x0000000716600000, 0x0000000716800000|  0%| F|  |TAMS 0x0000000716600000, 0x0000000716600000| Untracked 
| 105|0x0000000716800000, 0x0000000716800000, 0x0000000716a00000|  0%| F|  |TAMS 0x0000000716800000, 0x0000000716800000| Untracked 
| 106|0x0000000716a00000, 0x0000000716a00000, 0x0000000716c00000|  0%| F|  |TAMS 0x0000000716a00000, 0x0000000716a00000| Untracked 
| 107|0x0000000716c00000, 0x0000000716c00000, 0x0000000716e00000|  0%| F|  |TAMS 0x0000000716c00000, 0x0000000716c00000| Untracked 
| 108|0x0000000716e00000, 0x0000000716e00000, 0x0000000717000000|  0%| F|  |TAMS 0x0000000716e00000, 0x0000000716e00000| Untracked 
| 109|0x0000000717000000, 0x0000000717000000, 0x0000000717200000|  0%| F|  |TAMS 0x0000000717000000, 0x0000000717000000| Untracked 
| 110|0x0000000717200000, 0x0000000717200000, 0x0000000717400000|  0%| F|  |TAMS 0x0000000717200000, 0x0000000717200000| Untracked 
| 111|0x0000000717400000, 0x0000000717600000, 0x0000000717600000|100%| S|CS|TAMS 0x0000000717400000, 0x0000000717400000| Complete 
| 112|0x0000000717600000, 0x0000000717800000, 0x0000000717800000|100%| S|CS|TAMS 0x0000000717600000, 0x0000000717600000| Complete 
| 113|0x0000000717800000, 0x0000000717800000, 0x0000000717a00000|  0%| F|  |TAMS 0x0000000717800000, 0x0000000717800000| Untracked 
| 114|0x0000000717a00000, 0x0000000717a00000, 0x0000000717c00000|  0%| F|  |TAMS 0x0000000717a00000, 0x0000000717a00000| Untracked 
| 115|0x0000000717c00000, 0x0000000717c00000, 0x0000000717e00000|  0%| F|  |TAMS 0x0000000717c00000, 0x0000000717c00000| Untracked 
| 116|0x0000000717e00000, 0x0000000717e00000, 0x0000000718000000|  0%| F|  |TAMS 0x0000000717e00000, 0x0000000717e00000| Untracked 
| 117|0x0000000718000000, 0x0000000718000000, 0x0000000718200000|  0%| F|  |TAMS 0x0000000718000000, 0x0000000718000000| Untracked 
| 118|0x0000000718200000, 0x0000000718200000, 0x0000000718400000|  0%| F|  |TAMS 0x0000000718200000, 0x0000000718200000| Untracked 
| 119|0x0000000718400000, 0x0000000718400000, 0x0000000718600000|  0%| F|  |TAMS 0x0000000718400000, 0x0000000718400000| Untracked 
| 120|0x0000000718600000, 0x0000000718710fc8, 0x0000000718800000| 53%| E|  |TAMS 0x0000000718600000, 0x0000000718600000| Complete 
| 121|0x0000000718800000, 0x0000000718a00000, 0x0000000718a00000|100%| E|CS|TAMS 0x0000000718800000, 0x0000000718800000| Complete 
| 122|0x0000000718a00000, 0x0000000718c00000, 0x0000000718c00000|100%| E|CS|TAMS 0x0000000718a00000, 0x0000000718a00000| Complete 
| 123|0x0000000718c00000, 0x0000000718e00000, 0x0000000718e00000|100%| E|CS|TAMS 0x0000000718c00000, 0x0000000718c00000| Complete 

Card table byte_map: [0x000002bd76e80000,0x000002bd77640000] _byte_map_base: 0x000002bd73635000

Marking Bits (Prev, Next): (CMBitMap*) 0x000002bd5f3a7250, (CMBitMap*) 0x000002bd5f3a7290
 Prev Bits: [0x000002bd77e00000, 0x000002bd7bba8000)
 Next Bits: [0x000002bd7bbb0000, 0x000002bd7f958000)

Polling page: 0x000002bd5d320000

Metaspace:

Usage:
  Non-class:      6.06 MB used.
      Class:    752.12 KB used.
       Both:      6.79 MB used.

Virtual space:
  Non-class space:        8.00 MB reserved,       6.12 MB ( 77%) committed,  1 nodes.
      Class space:        1.00 GB reserved,     832.00 KB ( <1%) committed,  1 nodes.
             Both:        1.01 GB reserved,       6.94 MB ( <1%) committed. 

Chunk freelists:
   Non-Class:  1.88 MB
       Class:  3.22 MB
        Both:  5.10 MB

MaxMetaspaceSize: unlimited
CompressedClassSpaceSize: 1.00 GB
Initial GC threshold: 21.00 MB
Current GC threshold: 21.00 MB
CDS: on
MetaspaceReclaimPolicy: balanced
 - commit_granule_bytes: 65536.
 - commit_granule_words: 8192.
 - virtual_space_node_default_size: 1048576.
 - enlarge_chunks_in_place: 1.
 - new_chunks_are_fully_committed: 0.
 - uncommit_free_chunks: 1.
 - use_allocation_guard: 0.
 - handle_deallocations: 1.


Internal statistics:

num_allocs_failed_limit: 0.
num_arena_births: 128.
num_arena_deaths: 0.
num_vsnodes_births: 2.
num_vsnodes_deaths: 0.
num_space_committed: 111.
num_space_uncommitted: 0.
num_chunks_returned_to_freelist: 0.
num_chunks_taken_from_freelist: 177.
num_chunk_merges: 0.
num_chunk_splits: 106.
num_chunks_enlarged: 53.
num_purges: 0.
num_inconsistent_stats: 0.

CodeHeap 'non-profiled nmethods': size=119168Kb used=461Kb max_used=461Kb free=118706Kb
 bounds [0x000002bd6e9d0000, 0x000002bd6ec40000, 0x000002bd75e30000]
CodeHeap 'profiled nmethods': size=119104Kb used=1610Kb max_used=1610Kb free=117493Kb
 bounds [0x000002bd67580000, 0x000002bd677f0000, 0x000002bd6e9d0000]
CodeHeap 'non-nmethods': size=7488Kb used=2385Kb max_used=2415Kb free=5102Kb
 bounds [0x000002bd66e30000, 0x000002bd670a0000, 0x000002bd67580000]
 total_blobs=1723 nmethods=1142 adapters=492
 compilation: enabled
              stopped_count=0, restarted_count=0
 full_count=0

Compilation events (20 events):
Event: 1.014 Thread 0x000002bd035541e0 1126       1       summit.game.tile.Tile::getName (5 bytes)
Event: 1.014 Thread 0x000002bd0341a770 1127       1       summit.game.entity.Entity::setInWater (6 bytes)
Event: 1.015 Thread 0x000002bd0355ef50 nmethod 1125 0x000002bd6ea3e690 code [0x000002bd6ea3e820, 0x000002bd6ea3e8f8]
Event: 1.015 Thread 0x000002bd035541e0 nmethod 1126 0x000002bd6ea3e990 code [0x000002bd6ea3eb20, 0x000002bd6ea3ebf8]
Event: 1.015 Thread 0x000002bd0355ef50 1128       1       summit.game.entity.Entity::getDx (5 bytes)
Event: 1.015 Thread 0x000002bd035541e0 1129       1       summit.game.entity.Entity::getDy (5 bytes)
Event: 1.015 Thread 0x000002bd0355ef50 nmethod 1128 0x000002bd6ea3ec90 code [0x000002bd6ea3ee20, 0x000002bd6ea3eef8]
Event: 1.015 Thread 0x000002bd0341a770 nmethod 1127 0x000002bd6ea3ef90 code [0x000002bd6ea3f120, 0x000002bd6ea3f1f8]
Event: 1.015 Thread 0x000002bd035541e0 nmethod 1129 0x000002bd6ea3f290 code [0x000002bd6ea3f420, 0x000002bd6ea3f4f8]
Event: 1.015 Thread 0x000002bd0341a770 1130       1       summit.gfx.Camera::setX (6 bytes)
Event: 1.015 Thread 0x000002bd0355ef50 1131       1       summit.gfx.Camera::setY (6 bytes)
Event: 1.015 Thread 0x000002bd0341a770 nmethod 1130 0x000002bd6ea3f590 code [0x000002bd6ea3f720, 0x000002bd6ea3f7f8]
Event: 1.015 Thread 0x000002bd0355ef50 nmethod 1131 0x000002bd6ea3f890 code [0x000002bd6ea3fa20, 0x000002bd6ea3faf8]
Event: 1.024 Thread 0x000002bd03ef8fa0 nmethod 1106 0x000002bd6ea3fb90 code [0x000002bd6ea3fda0, 0x000002bd6ea41b98]
Event: 1.027 Thread 0x000002bd0341a770 1133       3       java.util.HashSet::clear (8 bytes)
Event: 1.027 Thread 0x000002bd0341a770 nmethod 1133 0x000002bd6770e610 code [0x000002bd6770e7c0, 0x000002bd6770e988]
Event: 1.027 Thread 0x000002bd035541e0 1134       1       sun.awt.image.SunVolatileImage::getGraphicsConfig (5 bytes)
Event: 1.027 Thread 0x000002bd0355ef50 1135       3       sun.java2d.pipe.Region::isRectangular (13 bytes)
Event: 1.027 Thread 0x000002bd035541e0 nmethod 1134 0x000002bd6ea42e90 code [0x000002bd6ea43020, 0x000002bd6ea430f8]
Event: 1.027 Thread 0x000002bd0355ef50 nmethod 1135 0x000002bd6770ea90 code [0x000002bd6770ec20, 0x000002bd6770ed98]

GC Heap History (2 events):
Event: 0.939 GC heap before
{Heap before GC invocations=0 (full 0):
 garbage-first heap   total 253952K, used 26624K [0x0000000709600000, 0x0000000800000000)
  region size 2048K, 11 young (22528K), 0 survivors (0K)
 Metaspace       used 6936K, committed 7104K, reserved 1056768K
  class space    used 752K, committed 832K, reserved 1048576K
}
Event: 0.942 GC heap after
{Heap after GC invocations=1 (full 0):
 garbage-first heap   total 253952K, used 10409K [0x0000000709600000, 0x0000000800000000)
  region size 2048K, 2 young (4096K), 2 survivors (4096K)
 Metaspace       used 6936K, committed 7104K, reserved 1056768K
  class space    used 752K, committed 832K, reserved 1048576K
}

Deoptimization events (20 events):
Event: 0.966 Thread 0x000002bd03f1a140 DEOPT PACKING pc=0x000002bd677061a2 sp=0x000000c8cb6ff540
Event: 0.966 Thread 0x000002bd03f1a140 DEOPT UNPACKING pc=0x000002bd66e82b43 sp=0x000000c8cb6fe9e8 mode 0
Event: 0.966 Thread 0x000002bd03f1a140 DEOPT PACKING pc=0x000002bd677061a2 sp=0x000000c8cb6ff540
Event: 0.966 Thread 0x000002bd03f1a140 DEOPT UNPACKING pc=0x000002bd66e82b43 sp=0x000000c8cb6fe9e8 mode 0
Event: 0.966 Thread 0x000002bd03f1a140 DEOPT PACKING pc=0x000002bd677061a2 sp=0x000000c8cb6ff540
Event: 0.966 Thread 0x000002bd03f1a140 DEOPT UNPACKING pc=0x000002bd66e82b43 sp=0x000000c8cb6fe9e8 mode 0
Event: 0.967 Thread 0x000002bd03f1a140 DEOPT PACKING pc=0x000002bd677061a2 sp=0x000000c8cb6ff540
Event: 0.967 Thread 0x000002bd03f1a140 DEOPT UNPACKING pc=0x000002bd66e82b43 sp=0x000000c8cb6fe9e8 mode 0
Event: 0.967 Thread 0x000002bd03f1a140 DEOPT PACKING pc=0x000002bd677061a2 sp=0x000000c8cb6ff540
Event: 0.967 Thread 0x000002bd03f1a140 DEOPT UNPACKING pc=0x000002bd66e82b43 sp=0x000000c8cb6fe9e8 mode 0
Event: 0.967 Thread 0x000002bd03f1a140 DEOPT PACKING pc=0x000002bd677061a2 sp=0x000000c8cb6ff540
Event: 0.967 Thread 0x000002bd03f1a140 DEOPT UNPACKING pc=0x000002bd66e82b43 sp=0x000000c8cb6fe9e8 mode 0
Event: 0.967 Thread 0x000002bd03f1a140 DEOPT PACKING pc=0x000002bd677061a2 sp=0x000000c8cb6ff540
Event: 0.967 Thread 0x000002bd03f1a140 DEOPT UNPACKING pc=0x000002bd66e82b43 sp=0x000000c8cb6fe9e8 mode 0
Event: 0.968 Thread 0x000002bd03f1a140 DEOPT PACKING pc=0x000002bd677061a2 sp=0x000000c8cb6ff540
Event: 0.968 Thread 0x000002bd03f1a140 DEOPT UNPACKING pc=0x000002bd66e82b43 sp=0x000000c8cb6fe9e8 mode 0
Event: 0.968 Thread 0x000002bd03f1a140 DEOPT PACKING pc=0x000002bd677061a2 sp=0x000000c8cb6ff540
Event: 0.968 Thread 0x000002bd03f1a140 DEOPT UNPACKING pc=0x000002bd66e82b43 sp=0x000000c8cb6fe9e8 mode 0
Event: 0.983 Thread 0x000002bd03f1a140 DEOPT PACKING pc=0x000002bd67708c1d sp=0x000000c8cb6ff270
Event: 0.983 Thread 0x000002bd03f1a140 DEOPT UNPACKING pc=0x000002bd66e82b43 sp=0x000000c8cb6fe700 mode 0

Classes unloaded (0 events):
No events

Classes redefined (0 events):
No events

Internal exceptions (14 events):
Event: 0.052 Thread 0x000002bd0359e4a0 Exception <a 'java/lang/ClassNotFoundException'{0x0000000718a2b280}: sun/awt/resources/spi/awtProvider> (0x0000000718a2b280) 
thrown [s\src\hotspot\share\classfile\systemDictionary.cpp, line 256]
Event: 0.070 Thread 0x000002bd0359e4a0 Exception <a 'java/io/FileNotFoundException'{0x0000000718b657f8}> (0x0000000718b657f8) 
thrown [s\src\hotspot\share\prims\jni.cpp, line 516]
Event: 0.076 Thread 0x000002bd0359e4a0 Exception <a 'java/io/FileNotFoundException'{0x0000000718b92750}> (0x0000000718b92750) 
thrown [s\src\hotspot\share\prims\jni.cpp, line 516]
Event: 0.089 Thread 0x000002bd0359e4a0 Exception <a 'java/lang/NoSuchMethodError'{0x0000000718bc7f90}: 'java.lang.Object java.lang.invoke.DirectMethodHandle$Holder.invokeStaticInit(java.lang.Object)'> (0x0000000718bc7f90) 
thrown [s\src\hotspot\share\interpreter\linkResolver.cpp, line 759]
Event: 0.228 Thread 0x000002bd0359e4a0 Exception <a 'java/lang/NoSuchMethodError'{0x0000000718766788}: 'void java.lang.invoke.DirectMethodHandle$Holder.invokeSpecial(java.lang.Object, java.lang.Object, java.lang.Object)'> (0x0000000718766788) 
thrown [s\src\hotspot\share\interpreter\linkResolver.cpp, line 759]
Event: 0.234 Thread 0x000002bd0359e4a0 Exception <a 'java/lang/NoSuchMethodError'{0x0000000718790a20}: 'java.lang.Object java.lang.invoke.DirectMethodHandle$Holder.newInvokeSpecial(java.lang.Object, java.lang.Object, java.lang.Object, java.lang.Object, java.lang.Object)'> (0x0000000718790a20) 
thrown [s\src\hotspot\share\interpreter\linkResolver.cpp, line 759]
Event: 0.235 Thread 0x000002bd0359e4a0 Exception <a 'java/lang/NoSuchMethodError'{0x000000071879c3e8}: 'java.lang.Object java.lang.invoke.DirectMethodHandle$Holder.invokeStatic(java.lang.Object, int, java.lang.Object, java.lang.Object, java.lang.Object, java.lang.Object)'> (0x000000071879c3e8) 
thrown [s\src\hotspot\share\interpreter\linkResolver.cpp, line 759]
Event: 0.239 Thread 0x000002bd0359e4a0 Exception <a 'java/lang/NoSuchMethodError'{0x00000007187c1b08}: 'java.lang.Object java.lang.invoke.DirectMethodHandle$Holder.invokeStatic(java.lang.Object, int, java.lang.Object)'> (0x00000007187c1b08) 
thrown [s\src\hotspot\share\interpreter\linkResolver.cpp, line 759]
Event: 0.257 Thread 0x000002bd0359e4a0 Exception <a 'java/lang/ClassNotFoundException'{0x000000071847a018}: com/sun/swing/internal/plaf/metal/resources/spi/metalProvider> (0x000000071847a018) 
thrown [s\src\hotspot\share\classfile\systemDictionary.cpp, line 256]
Event: 0.258 Thread 0x000002bd0359e4a0 Exception <a 'java/lang/ClassNotFoundException'{0x000000071847dea0}: com/sun/swing/internal/plaf/basic/resources/spi/basicProvider> (0x000000071847dea0) 
thrown [s\src\hotspot\share\classfile\systemDictionary.cpp, line 256]
Event: 0.270 Thread 0x000002bd03796810 Exception <a 'java/lang/NoSuchMethodError'{0x0000000718680998}: 'void java.lang.invoke.DirectMethodHandle$Holder.invokeVirtual(java.lang.Object, java.lang.Object)'> (0x0000000718680998) 
thrown [s\src\hotspot\share\interpreter\linkResolver.cpp, line 759]
Event: 0.280 Thread 0x000002bd0359e4a0 Exception <a 'java/lang/NoSuchMethodError'{0x00000007184bbde8}: 'void java.lang.invoke.DirectMethodHandle$Holder.invokeStaticInit(java.lang.Object)'> (0x00000007184bbde8) 
thrown [s\src\hotspot\share\interpreter\linkResolver.cpp, line 759]
Event: 0.897 Thread 0x000002bd03f59580 Implicit null exception at 0x000002bd6ea237d6 to 0x000002bd6ea238d4
Event: 0.897 Thread 0x000002bd03f59580 Implicit null exception at 0x000002bd6ea24f8b to 0x000002bd6ea251e4

VM Operations (16 events):
Event: 0.038 Executing VM operation: HandshakeAllThreads
Event: 0.038 Executing VM operation: HandshakeAllThreads done
Event: 0.257 Executing VM operation: HandshakeAllThreads
Event: 0.257 Executing VM operation: HandshakeAllThreads done
Event: 0.296 Executing VM operation: HandshakeAllThreads
Event: 0.296 Executing VM operation: HandshakeAllThreads done
Event: 0.321 Executing VM operation: HandshakeAllThreads
Event: 0.322 Executing VM operation: HandshakeAllThreads done
Event: 0.879 Executing VM operation: HandshakeAllThreads
Event: 0.879 Executing VM operation: HandshakeAllThreads done
Event: 0.906 Executing VM operation: HandshakeAllThreads
Event: 0.906 Executing VM operation: HandshakeAllThreads done
Event: 0.907 Executing VM operation: HandshakeAllThreads
Event: 0.907 Executing VM operation: HandshakeAllThreads done
Event: 0.939 Executing VM operation: G1CollectForAllocation
Event: 0.942 Executing VM operation: G1CollectForAllocation done

Events (20 events):
Event: 0.344 loading class javax/swing/Scrollable
Event: 0.344 loading class javax/swing/Scrollable done
Event: 0.344 loading class javax/swing/text/JTextComponent done
Event: 0.344 loading class java/awt/event/MouseWheelEvent
Event: 0.344 loading class java/awt/event/MouseWheelEvent done
Event: 0.353 loading class sun/awt/image/BufImgSurfaceManager
Event: 0.353 loading class sun/awt/image/BufImgSurfaceManager done
Event: 0.353 loading class sun/awt/image/BufImgSurfaceData
Event: 0.353 loading class sun/awt/image/BufImgSurfaceData done
Event: 0.353 loading class sun/awt/image/BufImgSurfaceData$ICMColorData
Event: 0.353 loading class sun/awt/image/BufImgSurfaceData$ICMColorData done
Event: 0.675 Thread 0x000002bd037685e0 Thread exited: 0x000002bd037685e0
Event: 0.877 loading class java/lang/Math$RandomNumberGeneratorHolder
Event: 0.877 loading class java/lang/Math$RandomNumberGeneratorHolder done
Event: 0.892 Thread 0x000002bd03ef8fa0 Thread added: 0x000002bd03ef8fa0
Event: 0.892 Thread 0x000002bd03ef94b0 Thread added: 0x000002bd03ef94b0
Event: 0.893 Thread 0x000002bd03ef99c0 Thread added: 0x000002bd03ef99c0
Event: 0.893 Thread 0x000002bd03ef9ed0 Thread added: 0x000002bd03ef9ed0
Event: 0.909 Thread 0x000002bd03de6ba0 Thread added: 0x000002bd03de6ba0
Event: 1.014 Thread 0x000002bd03ef9ed0 Thread exited: 0x000002bd03ef9ed0


Dynamic libraries:
0x00007ff796dc0000 - 0x00007ff796dce000 	C:\Users\aadiu\AppData\Local\Programs\Eclipse Adoptium\jdk-17.0.4.101-hotspot\bin\java.exe
0x00007ffb36970000 - 0x00007ffb36b68000 	C:\Windows\SYSTEM32\ntdll.dll
0x00007ffb352a0000 - 0x00007ffb3535f000 	C:\Windows\System32\KERNEL32.DLL
0x00007ffb34310000 - 0x00007ffb345e2000 	C:\Windows\System32\KERNELBASE.dll
0x00007ffb34110000 - 0x00007ffb34210000 	C:\Windows\System32\ucrtbase.dll
0x00007ffb31af0000 - 0x00007ffb31b08000 	C:\Users\aadiu\AppData\Local\Programs\Eclipse Adoptium\jdk-17.0.4.101-hotspot\bin\jli.dll
0x00007ffb26d60000 - 0x00007ffb26d79000 	C:\Users\aadiu\AppData\Local\Programs\Eclipse Adoptium\jdk-17.0.4.101-hotspot\bin\VCRUNTIME140.dll
0x00007ffb35530000 - 0x00007ffb356cd000 	C:\Windows\System32\USER32.dll
0x00007ffb34720000 - 0x00007ffb34742000 	C:\Windows\System32\win32u.dll
0x00007ffb20b10000 - 0x00007ffb20daa000 	C:\Windows\WinSxS\amd64_microsoft.windows.common-controls_6595b64144ccf1df_6.0.19041.1110_none_60b5254171f9507e\COMCTL32.dll
0x00007ffb35fa0000 - 0x00007ffb35fcb000 	C:\Windows\System32\GDI32.dll
0x00007ffb35f00000 - 0x00007ffb35f9e000 	C:\Windows\System32\msvcrt.dll
0x00007ffb34750000 - 0x00007ffb3485f000 	C:\Windows\System32\gdi32full.dll
0x00007ffb345f0000 - 0x00007ffb3468d000 	C:\Windows\System32\msvcp_win.dll
0x00007ffb356f0000 - 0x00007ffb35722000 	C:\Windows\System32\IMM32.DLL
0x00007ffb31e90000 - 0x00007ffb31e9c000 	C:\Users\aadiu\AppData\Local\Programs\Eclipse Adoptium\jdk-17.0.4.101-hotspot\bin\vcruntime140_1.dll
0x00007ffb153c0000 - 0x00007ffb15451000 	C:\Users\aadiu\AppData\Local\Programs\Eclipse Adoptium\jdk-17.0.4.101-hotspot\bin\msvcp140.dll
0x00007ffabaac0000 - 0x00007ffabb706000 	C:\Users\aadiu\AppData\Local\Programs\Eclipse Adoptium\jdk-17.0.4.101-hotspot\bin\server\jvm.dll
0x00007ffb34ec0000 - 0x00007ffb34f6e000 	C:\Windows\System32\ADVAPI32.dll
0x00007ffb35e60000 - 0x00007ffb35efc000 	C:\Windows\System32\sechost.dll
0x00007ffb35ba0000 - 0x00007ffb35cc5000 	C:\Windows\System32\RPCRT4.dll
0x00007ffb34eb0000 - 0x00007ffb34eb8000 	C:\Windows\System32\PSAPI.DLL
0x00007ffb2d720000 - 0x00007ffb2d72a000 	C:\Windows\SYSTEM32\VERSION.dll
0x00007ffb1d990000 - 0x00007ffb1d999000 	C:\Windows\SYSTEM32\WSOCK32.dll
0x00007ffb31d40000 - 0x00007ffb31d67000 	C:\Windows\SYSTEM32\WINMM.dll
0x00007ffb35160000 - 0x00007ffb351cb000 	C:\Windows\System32\WS2_32.dll
0x00007ffb31fa0000 - 0x00007ffb31fb2000 	C:\Windows\SYSTEM32\kernel.appcore.dll
0x00007ffb2a2a0000 - 0x00007ffb2a2aa000 	C:\Users\aadiu\AppData\Local\Programs\Eclipse Adoptium\jdk-17.0.4.101-hotspot\bin\jimage.dll
0x00007ffb31b50000 - 0x00007ffb31d34000 	C:\Windows\SYSTEM32\DBGHELP.DLL
0x00007ffb31b20000 - 0x00007ffb31b4c000 	C:\Windows\SYSTEM32\dbgcore.DLL
0x00007ffb34690000 - 0x00007ffb34712000 	C:\Windows\System32\bcryptPrimitives.dll
0x00007ffb24f60000 - 0x00007ffb24f85000 	C:\Users\aadiu\AppData\Local\Programs\Eclipse Adoptium\jdk-17.0.4.101-hotspot\bin\java.dll
0x00007ffafa3c0000 - 0x00007ffafa496000 	C:\Users\aadiu\AppData\Local\Programs\Eclipse Adoptium\jdk-17.0.4.101-hotspot\bin\jsvml.dll
0x00007ffb35fd0000 - 0x00007ffb36713000 	C:\Windows\System32\SHELL32.dll
0x00007ffb32130000 - 0x00007ffb328c2000 	C:\Windows\SYSTEM32\windows.storage.dll
0x00007ffb34ad0000 - 0x00007ffb34e24000 	C:\Windows\System32\combase.dll
0x00007ffb33a60000 - 0x00007ffb33a90000 	C:\Windows\SYSTEM32\Wldp.dll
0x00007ffb349c0000 - 0x00007ffb34a6d000 	C:\Windows\System32\SHCORE.dll
0x00007ffb35020000 - 0x00007ffb35075000 	C:\Windows\System32\shlwapi.dll
0x00007ffb33fb0000 - 0x00007ffb33fcf000 	C:\Windows\SYSTEM32\profapi.dll
0x00007ffaf7000000 - 0x00007ffaf718e000 	C:\Users\aadiu\AppData\Local\Programs\Eclipse Adoptium\jdk-17.0.4.101-hotspot\bin\awt.dll
0x00007ffb351d0000 - 0x00007ffb3529d000 	C:\Windows\System32\OLEAUT32.dll
0x00007ffb31300000 - 0x00007ffb31391000 	C:\Windows\SYSTEM32\apphelp.dll
0x00007ffb1cbe0000 - 0x00007ffb1cbf8000 	C:\Users\aadiu\AppData\Local\Programs\Eclipse Adoptium\jdk-17.0.4.101-hotspot\bin\zip.dll
0x00007ffb31410000 - 0x00007ffb314ae000 	C:\Windows\system32\uxtheme.dll
0x00007ffb353f0000 - 0x00007ffb35505000 	C:\Windows\System32\MSCTF.dll
0x00007ffb35cd0000 - 0x00007ffb35dfa000 	C:\Windows\System32\ole32.dll
0x00007ffb31590000 - 0x00007ffb315bf000 	C:\Windows\system32\DWMAPI.DLL
0x00007ffadadb0000 - 0x00007ffadaed5000 	C:\Windows\system32\opengl32.dll
0x00007ffada100000 - 0x00007ffada12c000 	C:\Windows\SYSTEM32\GLU32.dll
0x00007ffb269b0000 - 0x00007ffb26b7f000 	C:\Windows\system32\d3d9.dll
0x00007ffb28d70000 - 0x00007ffb28f28000 	C:\Windows\System32\DriverStore\FileRepository\u0370468.inf_amd64_5e4260b11257b6e9\B370372\aticfx64.dll
0x00007ffb16030000 - 0x00007ffb16064000 	C:\Windows\System32\DriverStore\FileRepository\u0370468.inf_amd64_5e4260b11257b6e9\B370372\atiu9p64.dll
0x00007ffab93e0000 - 0x00007ffaba134000 	C:\Windows\System32\DriverStore\FileRepository\u0370468.inf_amd64_5e4260b11257b6e9\B370372\atiumd64.dll
0x000000006c4b0000 - 0x000000006d324000 	C:\Windows\System32\DriverStore\FileRepository\u0370468.inf_amd64_5e4260b11257b6e9\B370372\atiumd6a.dll
0x00007ffb35730000 - 0x00007ffb35b98000 	C:\Windows\System32\SETUPAPI.dll
0x00007ffb34210000 - 0x00007ffb3425e000 	C:\Windows\System32\cfgmgr32.dll
0x00007ffb33e30000 - 0x00007ffb33e7b000 	C:\Windows\SYSTEM32\POWRPROF.dll
0x00007ffb34070000 - 0x00007ffb34097000 	C:\Windows\System32\bcrypt.dll
0x00007ffb33e10000 - 0x00007ffb33e22000 	C:\Windows\SYSTEM32\UMPDC.dll
0x00007ffb29180000 - 0x00007ffb291b0000 	C:\Windows\SYSTEM32\amdihk64.dll
0x00007ffb29960000 - 0x00007ffb2999b000 	C:\Windows\SYSTEM32\dxcore.dll
0x00007ffb0af40000 - 0x00007ffb0afc6000 	C:\Users\aadiu\AppData\Local\Programs\Eclipse Adoptium\jdk-17.0.4.101-hotspot\bin\freetype.dll
0x00007ffafa310000 - 0x00007ffafa3b8000 	C:\Users\aadiu\AppData\Local\Programs\Eclipse Adoptium\jdk-17.0.4.101-hotspot\bin\fontmanager.dll
0x00007ffb28f30000 - 0x00007ffb29029000 	C:\Windows\SYSTEM32\textinputframework.dll
0x00007ffb30e70000 - 0x00007ffb311ce000 	C:\Windows\System32\CoreUIComponents.dll
0x00007ffb309d0000 - 0x00007ffb30ac2000 	C:\Windows\System32\CoreMessaging.dll
0x00007ffb33190000 - 0x00007ffb331c3000 	C:\Windows\SYSTEM32\ntmarta.dll
0x00007ffb30200000 - 0x00007ffb30354000 	C:\Windows\SYSTEM32\wintypes.dll

dbghelp: loaded successfully - version: 4.0.5 - missing functions: none
symbol engine: initialized successfully - sym options: 0x614 - pdb path: .;C:\Users\aadiu\AppData\Local\Programs\Eclipse Adoptium\jdk-17.0.4.101-hotspot\bin;C:\Windows\SYSTEM32;C:\Windows\WinSxS\amd64_microsoft.windows.common-controls_6595b64144ccf1df_6.0.19041.1110_none_60b5254171f9507e;C:\Users\aadiu\AppData\Local\Programs\Eclipse Adoptium\jdk-17.0.4.101-hotspot\bin\server;C:\Windows\System32\DriverStore\FileRepository\u0370468.inf_amd64_5e4260b11257b6e9\B370372

VM Arguments:
jvm_args: -XX:+ShowCodeDetailsInExceptionMessages 
java_command: summit.Main
java_class_path (initial): C:\Users\aadiu\AppData\Roaming\Code\User\workspaceStorage\1c2e286de9ea8afffefde57d2c4cc9eb\redhat.java\jdt_ws\Summit_aca78153\bin
Launcher Type: SUN_STANDARD

[Global flags]
     intx CICompilerCount                          = 12                                        {product} {ergonomic}
     uint ConcGCThreads                            = 3                                         {product} {ergonomic}
     uint G1ConcRefinementThreads                  = 13                                        {product} {ergonomic}
   size_t G1HeapRegionSize                         = 2097152                                   {product} {ergonomic}
    uintx GCDrainStackTargetSize                   = 64                                        {product} {ergonomic}
   size_t InitialHeapSize                          = 260046848                                 {product} {ergonomic}
   size_t MarkStackSize                            = 4194304                                   {product} {ergonomic}
   size_t MaxHeapSize                              = 4137680896                                {product} {ergonomic}
   size_t MaxNewSize                               = 2480930816                                {product} {ergonomic}
   size_t MinHeapDeltaBytes                        = 2097152                                   {product} {ergonomic}
   size_t MinHeapSize                              = 8388608                                   {product} {ergonomic}
    uintx NonNMethodCodeHeapSize                   = 7602480                                {pd product} {ergonomic}
    uintx NonProfiledCodeHeapSize                  = 122027880                              {pd product} {ergonomic}
    uintx ProfiledCodeHeapSize                     = 122027880                              {pd product} {ergonomic}
    uintx ReservedCodeCacheSize                    = 251658240                              {pd product} {ergonomic}
     bool SegmentedCodeCache                       = true                                      {product} {ergonomic}
     bool ShowCodeDetailsInExceptionMessages       = true                                   {manageable} {command line}
   size_t SoftMaxHeapSize                          = 4137680896                             {manageable} {ergonomic}
     bool UseCompressedClassPointers               = true                           {product lp64_product} {ergonomic}
     bool UseCompressedOops                        = true                           {product lp64_product} {ergonomic}
     bool UseG1GC                                  = true                                      {product} {ergonomic}
     bool UseLargePagesIndividualAllocation        = false                                  {pd product} {ergonomic}

Logging:
Log output configuration:
 #0: stdout all=warning uptime,level,tags
 #1: stderr all=off uptime,level,tags

Environment Variables:
JAVA_HOME=C:\Users\aadiu\AppData\Local\Programs\Eclipse Adoptium\jdk-17.0.4.101-hotspot\
PATH=C:\Program Files (x86)\Razer Chroma SDK\bin;C:\Program Files\Razer Chroma SDK\bin;C:\Program Files (x86)\Razer\ChromaBroadcast\bin;C:\Program Files\Razer\ChromaBroadcast\bin;C:\Program Files (x86)\Common Files\Oracle\Java\javapath;C:\Program Files\Python38\Scripts\;C:\Program Files\Python38\;C:\Windows\system32;C:\Windows;C:\Windows\System32\Wbem;C:\Windows\System32\WindowsPowerShell\v1.0\;C:\Windows\System32\OpenSSH\;C:\Program Files (x86)\NVIDIA Corporation\PhysX\Common;C:\Program Files\NVIDIA Corporation\NVIDIA NvDLISR;C:\Users\aadiu\AppData\Local\Microsoft\WindowsApps;C:\Users\aadiu\AppData\Local\Programs\Microsoft VS Code\bin;C:\Windows\system32\config\systemprofile\AppData\Local\Microsoft\WindowsApps;C:\Program Files\dotnet\;C:\Program Files\Git\cmd;C:\MinGW\bin\;C:\Program Files (x86)\Windows Kits\10\Windows Performance Toolkit\;C:\Users\aadiu\AppData\Local\Programs\Eclipse Adoptium\jdk-17.0.4.101-hotspot\bin;C:\Users\aadiu\AppData\Local\Microsoft\WindowsApps;C:\Users\aadiu\AppData\Local\Programs\Microsoft VS Code\bin;C:\Users\aadiu\AppData\Local\GitHubDesktop\bin
USERNAME=aadiu
LANG=en_US.UTF-8
OS=Windows_NT
PROCESSOR_IDENTIFIER=AMD64 Family 25 Model 80 Stepping 0, AuthenticAMD
TMP=C:\Users\aadiu\AppData\Local\Temp
TEMP=C:\Users\aadiu\AppData\Local\Temp



---------------  S Y S T E M  ---------------

OS:
 Windows 10 , 64 bit Build 19041 (10.0.19041.2251)
OS uptime: 2 days 7:42 hours

CPU: total 16 (initial active 16) (16 cores per cpu, 2 threads per core) family 25 model 80 stepping 0 microcode 0x0, cx8, cmov, fxsr, ht, mmx, 3dnowpref, sse, sse2, sse3, ssse3, sse4a, sse4.1, sse4.2, popcnt, lzcnt, tsc, tscinvbit, avx, avx2, aes, erms, clmul, bmi1, bmi2, adx, sha, fma, vzeroupper, clflush, clflushopt

Memory: 4k page, system-wide physical 15776M (8007M free)
TotalPageFile size 20128M (AvailPageFile size 9262M)
current process WorkingSet (physical memory assigned to process): 120M, peak: 123M
current process commit charge ("private bytes"): 428M, peak: 431M

vm_info: OpenJDK 64-Bit Server VM (17.0.4.1+1) for windows-amd64 JRE (17.0.4.1+1), built on Aug 17 2022 07:42:43 by "temurin" with MS VC++ 16.7 (VS2019)

END.
