#
# A fatal error has been detected by the Java Runtime Environment:
#
#  EXCEPTION_ACCESS_VIOLATION (0xc0000005) at pc=0x0000022a6582d73b, pid=3376, tid=19008
#
# JRE version: OpenJDK Runtime Environment Temurin-17.0.4.1+1 (17.0.4.1+1) (build 17.0.4.1+1)
# Java VM: OpenJDK 64-Bit Server VM Temurin-17.0.4.1+1 (17.0.4.1+1, mixed mode, sharing, tiered, compressed oops, compressed class ptrs, g1 gc, windows-amd64)
# Problematic frame:
# J 1063 c2 summit.gfx.Renderer.render(Ljava/lang/String;FFILsummit/gfx/ColorFilter;)V (282 bytes) @ 0x0000022a6582d73b [0x0000022a6582cb20+0x0000000000000c1b]
#
# No core dump will be written. Minidumps are not enabled by default on client versions of Windows
#
# If you would like to submit a bug report, please visit:
#   https://github.com/adoptium/adoptium-support/issues
#

---------------  S U M M A R Y ------------

Command Line: -XX:+ShowCodeDetailsInExceptionMessages summit.Main

Host: AMD Ryzen 9 5900HS with Radeon Graphics        , 16 cores, 15G,  Windows 10 , 64 bit Build 19041 (10.0.19041.2251)
Time: Tue Nov 15 18:17:51 2022 Central Standard Time elapsed time: 0.910977 seconds (0d 0h 0m 0s)

---------------  T H R E A D  ---------------

Current thread (0x0000022a7a928c70):  JavaThread "Thread-2" [_thread_in_Java, id=19008, stack(0x000000831dc00000,0x000000831dd00000)]

Stack: [0x000000831dc00000,0x000000831dd00000],  sp=0x000000831dcfedf0,  free space=1019k
Native frames: (J=compiled Java code, j=interpreted, Vv=VM code, C=native code)
C  0x0000022a6582d73b


siginfo: EXCEPTION_ACCESS_VIOLATION (0xc0000005), reading address 0x0000000b17600398


Register to memory mapping:

RIP=0x0000022a6582d73b is at entry_point+3099 in (nmethod*)0x0000022a6582c910
RAX=0x0000000000000039 is an unknown value
RBX=3807117433 is a compressed pointer to object: [[I 
{0x00000007176003c8} - klass: {type array int}[]
 - length: 144
RCX=0x00000000fffffff0 is an unknown value
RDX=0x0 is NULL
RSP=0x000000831dcfedf0 is pointing into the stack for thread: 0x0000022a7a928c70
RBP=0x0000000000000090 is an unknown value
RSI=0x0 is NULL
RDI=0x0000000000000100 is an unknown value
R8 =0x0000000000000010 is an unknown value
R9 =0x0000000717600618 is an oop: summit.gfx.Renderer 
{0x0000000717600618} - klass: 'summit/gfx/Renderer'
 - ---- fields (total size 2 words):
 - private 'frame' '[[I' @12  a {type array int}[144] {0x00000007176003c8} (e2ec0079)
R10=0x00000007176003c8 is an oop: [[I 
{0x00000007176003c8} - klass: {type array int}[]
 - length: 144
R11=0x00000000fffffff0 is an unknown value
R12=0x0 is NULL
R13=0x0000000000000002 is an unknown value
R14=0x0000000000000010 is an unknown value
R15=0x0000022a7a928c70 is a thread


Registers:
RAX=0x0000000000000039, RBX=0x00000000e2ec0079, RCX=0x00000000fffffff0, RDX=0x0000000000000000
RSP=0x000000831dcfedf0, RBP=0x0000000000000090, RSI=0x0000000000000000, RDI=0x0000000000000100
R8 =0x0000000000000010, R9 =0x0000000717600618, R10=0x00000007176003c8, R11=0x00000000fffffff0
R12=0x0000000000000000, R13=0x0000000000000002, R14=0x0000000000000010, R15=0x0000022a7a928c70
RIP=0x0000022a6582d73b, EFLAGS=0x0000000000010287

Top of Stack: (sp=0x000000831dcfedf0)
0x000000831dcfedf0:   0000010000000000 0000000000000048
0x000000831dcfee00:   fffffff000000038 0000000000000000
0x000000831dcfee10:   0000001000000010 0000001000000009
0x000000831dcfee20:   0000001000000010 000000600000000f
0x000000831dcfee30:   0000005000000000 0000022a42b00000
0x000000831dcfee40:   0000000742800000 00000007176092b0
0x000000831dcfee50:   000000831dcff0f8 0000022a5e4d6d94
0x000000831dcfee60:   000000831dcfeec0 0000022a7982fc60
0x000000831dcfee70:   0000022a79992430 0000000709ab9408
0x000000831dcfee80:   00000007188cab58 0000000000000028
0x000000831dcfee90:   000000071770b8b0 0000000717600618
0x000000831dcfeea0:   00000007176092b0 0000000700000002
0x000000831dcfeeb0:   0000000000000000 0000000000000033
0x000000831dcfeec0:   000000831dcff0f8 0000022a5e4d806c
0x000000831dcfeed0:   01d8f950dd2d1f94 00000007176899e8
0x000000831dcfeee0:   000000831dcfeee0 0000022a799de706 

Instructions: (pc=0x0000022a6582d73b)
0x0000022a6582d63b:   48 ff ca 45 33 f6 e9 48 03 00 00 c4 e1 f9 7e ca
0x0000022a6582d64b:   e9 57 01 00 00 44 2b 4c 24 10 45 8b d1 41 ff c2
0x0000022a6582d65b:   45 8b cb 45 3b d0 0f 83 fd 08 00 00 45 8b 5c dc
0x0000022a6582d66b:   10 47 8b 5c dc 0c 45 3b cb 0f 83 69 01 00 00 c4
0x0000022a6582d67b:   c1 f9 7e db 45 8b 74 b3 10 43 8b 54 f4 0c 4f 8d
0x0000022a6582d68b:   1c f4 44 3b d2 0f 83 f6 08 00 00 47 8b 54 93 10
0x0000022a6582d69b:   41 83 fa ff 0f 84 34 01 00 00 45 8b 5c fc 0c 45
0x0000022a6582d6ab:   3b cb 0f 83 f5 08 00 00 47 89 54 8d 10 33 d2 c4
0x0000022a6582d6bb:   c1 f9 7e da 45 8b 52 10 47 8b 54 d4 0c 44 03 54
0x0000022a6582d6cb:   24 10 4d 8b b7 48 03 00 00 45 8b d9 41 ff c3 41
0x0000022a6582d6db:   85 06 45 3b da 0f 8c 6a ff ff ff 4d 8b 97 48 03
0x0000022a6582d6eb:   00 00 ff c1 41 85 02 3b 0c 24 0f 8d 58 01 00 00
0x0000022a6582d6fb:   c4 c1 f9 7e c1 c4 e1 f9 7e ce c5 f9 7e d2 44 8b
0x0000022a6582d70b:   54 24 10 44 8b 5c 24 14 44 3b 54 24 08 0f 8d 4b
0x0000022a6582d71b:   01 00 00 44 89 5c 24 14 44 89 54 24 10 c5 f9 6e
0x0000022a6582d72b:   d2 c4 e1 f9 6e ce c4 c1 f9 6e c1 c4 c1 f9 7e e2
0x0000022a6582d73b:   41 8b 7c 8a 10 8b f1 41 2b f3 3b cd 0f 83 f9 fe
0x0000022a6582d74b:   ff ff 44 8b 5c 24 10 44 3b 5c 24 04 0f 83 e9 fe
0x0000022a6582d75b:   ff ff c4 c1 f9 7e da 45 8b 5c b2 10 47 8b 54 dc
0x0000022a6582d76b:   0c 45 85 d2 0f 86 73 09 00 00 47 8b 54 dc 10 41
0x0000022a6582d77b:   83 fa ff 0f 84 c0 06 00 00 45 8b 5c fc 0c 44 8b
0x0000022a6582d78b:   4c 24 10 45 3b cb 0f 83 16 08 00 00 4d 8d 0c fc
0x0000022a6582d79b:   44 8b 5c 24 10 47 89 54 99 10 33 d2 c4 c1 f9 7e
0x0000022a6582d7ab:   da 45 8b 5a 10 47 8b 54 dc 0c 44 03 54 24 10 41
0x0000022a6582d7bb:   3b c2 0f 8d 23 ff ff ff 3b cd 73 26 4d 8d 2c fc
0x0000022a6582d7cb:   44 8b c8 41 ba 01 00 00 00 e9 85 fe ff ff c4 e1
0x0000022a6582d7db:   f9 7e ca e9 d7 fe ff ff c4 e1 f9 7e ca e9 cd fe
0x0000022a6582d7eb:   ff ff 44 8b c8 41 bb 01 00 00 00 eb 16 0f 1f 84
0x0000022a6582d7fb:   00 00 00 00 00 44 2b 4c 24 10 45 8b d9 41 ff c3
0x0000022a6582d80b:   45 8b ca 45 3b d8 0f 83 4d 07 00 00 45 3b 64 dc
0x0000022a6582d81b:   10 0f 84 b6 08 00 00 c4 c1 f9 7e db 45 8b 53 10
0x0000022a6582d82b:   43 8b 7c d4 0c 03 7c 24 10 4d 8b 9f 48 03 00 00 


Stack slot to memory mapping:
stack at sp + 0 slots: 0x0000010000000000 is an unknown value
stack at sp + 1 slots: 0x0000000000000048 is an unknown value
stack at sp + 2 slots: 0xfffffff000000038 is an unknown value
stack at sp + 3 slots: 0x0 is NULL
stack at sp + 4 slots: 0x0000001000000010 is an unknown value
stack at sp + 5 slots: 0x0000001000000009 is an unknown value
stack at sp + 6 slots: 0x0000001000000010 is an unknown value
stack at sp + 7 slots: 0x000000600000000f is an unknown value

--------------------------------------------------------------------------------
[Constant Pool (empty)]

--------------------------------------------------------------------------------

[MachCode]
  0x0000022a6582cb20: 448b 5208 | 49bb 0000 | 0000 0800 | 0000 4d03 | d349 3bc2 | 0f85 46ff | 43f8 6690 | 0f1f 4000 
  0x0000022a6582cb40: 8984 2400 | 90ff ff55 | 4883 ec60 | c4c1 f96e | e048 897c | 2418 c4c1 | 796e d148 | 8914 2449 
  0x0000022a6582cb60: ba18 a561 | 1707 0000 | 0041 8b6a | 7045 8b5c | ec08 4181 | fbe0 ad0b | 000f 85dc | 1500 004d 
  0x0000022a6582cb80: 8d14 ec45 | 8b5a 2447 | 8b4c dc0c | 4585 c90f | 8669 1600 | 004f 8d34 | dc4d 85c0 | 0f84 b513 
  0x0000022a6582cba0: 0000 458b | 400c 41ff | c945 85c0 | 7576 c4c1 | f97e e245 | 0fb6 5211 | 4585 d20f | 8547 1300 
  0x0000022a6582cbc0: 00c4 c1f9 | 7ee2 450f | be52 1045 | 85d2 0f85 | d019 0000 | c4c1 f97e | e241 8b6a | 1441 8b4c 
  0x0000022a6582cbe0: ec0c 85c9 | 0f86 2b13 | 0000 448b | c141 ffc8 | 443b c10f | 835f 1700 | 0045 0fb6 | 44ec 108b 
  0x0000022a6582cc00: d983 c3fd | 418b f8c1 | e705 412b | f84d 8d1c | ec83 fb01 | 0f8e 7217 | 0000 b801 | 0000 0045 
  0x0000022a6582cc20: 33d2 eb3b | 458b d041 | c1ea 1045 | 33d0 4523 | ca33 d2e9 | e800 0000 | 450f b644 | 0310 4103 
  0x0000022a6582cc40: f8ff c03b | c10f 8db7 | 0000 0044 | 8bc7 41c1 | e005 442b | c741 8bf8 | ebde c4c1 | 797e da8b 
  0x0000022a6582cc60: d12b d083 | c2fd 3bd8 | 410f 4cd2 | 81fa a00f | 0000 bea0 | 0f00 000f | 47d6 03d0 | c4c1 796e 
  0x0000022a6582cc80: da0f 1f84 | 0000 0000 | 000f 1f80 | 0000 0000 | 4863 e845 | 0fb6 542b | 1041 0fb6 | 742b 1345 
  0x0000022a6582cca0: 0fb6 442b | 1145 0fb6 | 6c2b 1241 | 03fa 8bef | c1e5 052b | ef41 03e8 | 448b d541 | c1e2 0544 
  0x0000022a6582ccc0: 2bd5 4503 | d545 8bc2 | 41c1 e005 | 452b c244 | 03c6 418b | f8c1 e705 | 412b f883 | c004 3bc2 
  0x0000022a6582cce0: 7cae 498b | b748 0300 | 0085 063b | c30f 8c67 | ffff ffc5 | f97e da3b | c10f 8c39 | ffff ff41 
  0x0000022a6582cd00: 8bf8 85ff | 0f84 0d12 | 0000 c4c1 | f97e e241 | 897a 0c44 | 8bd7 41c1 | ea10 4433 | d745 23ca 
  0x0000022a6582cd20: 478b 448e | 1047 8b4c | c40c 453b | ca0f 84a9 | 0100 0043 | 8b6c c418 | 85ed 0f84 | 5816 0000 
  0x0000022a6582cd40: 478b 4cc4 | 0841 81f9 | e0b1 1400 | 0f84 6a16 | 0000 4d8d | 1cec 458b | 430c 453b | c20f 8585 
  0x0000022a6582cd60: 1100 0045 | 8b43 104d | 8bc8 49c1 | e103 c4e1 | f97e e14c | 3bc9 0f84 | d802 0000 | 0fbe 5910 
  0x0000022a6582cd80: 493b c90f | 84cb 0200 | 0047 8b4c | c408 4181 | f970 e900 | 000f 8589 | 1800 0049 | c1e0 0341 
  0x0000022a6582cda0: 0fbe 6810 | 3bdd 0f85 | 3818 0000 | 418b 7814 | 448b 4914 | 458b 44fc | 0c43 8b4c | cc0c 413b 
  0x0000022a6582cdc0: c80f 85d8 | 0000 004d | 8d04 fc49 | 8d74 fc10 | 4f8d 04cc | 4b8d 7ccc | 1085 c90f | 84a5 0000 
  0x0000022a6582cde0: 008b c183 | e01f 83e1 | e00f 844b | 0000 0048 | 8d3c 0f48 | 8d34 0e48 | f7d9 c5fe | 6f2c 0fc5 
  0x0000022a6582ce00: fe6f 1c0e | c5d5 efeb | c4e2 7d17 | ed0f 857a | 0000 0048 | 83c1 2075 | e185 c00f | 8465 0000 
  0x0000022a6582ce20: 00c5 fe6f | 6c07 e0c5 | fe6f 5c06 | e0c5 d5ef | ebc4 e27d | 17ed 7555 | eb4c 8bc8 | 83e1 fc74 
  0x0000022a6582ce40: 1948 8d3c | 0f48 8d34 | 0e48 f7d9 | 8b1c 0f3b | 1c0e 7539 | 4883 c104 | 75f2 f7c0 | 0200 0000 
  0x0000022a6582ce60: 7412 0fb7 | 1f0f b70e | 3bd9 7521 | 488d 7f02 | 488d 7602 | f7c0 0100 | 0000 740a | 0fb6 1f0f 
  0x0000022a6582ce80: b60e 3bd9 | 7507 b801 | 0000 00eb | 0233 c0c5 | d5ef edc5 | e5ef db85 | c00f 85b5 | 0100 00ba 
  0x0000022a6582cea0: 45ff ffff | 488b 2c24 | c5fa 1104 | 24c5 fa11 | 4c24 04c5 | fa11 5424 | 084c 8b44 | 2418 4c89 
  0x0000022a6582cec0: 4424 10c5 | fb11 6424 | 184c 895c | 2420 4489 | 5424 0c90 | c5f8 77e8 | 2454 44f8 | 478b 4cc4 
  0x0000022a6582cee0: 104d 8bd9 | 49c1 e303 | c4e1 f97e | e14c 3bd9 | 0f84 5a01 | 0000 0fbe | 5910 493b | cb0f 844d 
  0x0000022a6582cf00: 0100 0047 | 8b5c cc08 | 4181 fb70 | e900 000f | 8573 1700 | 004f 8d1c | cc41 0fbe | 6b10 3bdd 
  0x0000022a6582cf20: 0f85 4616 | 0000 458b | 4b14 8b59 | 1447 8b5c | cc0c 418b | 4cdc 0c41 | 3bcb 0f85 | d400 0000 
  0x0000022a6582cf40: 4f8d 1ccc | 4b8d 74cc | 104d 8d1c | dc49 8d7c | dc10 85c9 | 0f84 a500 | 0000 8bc1 | 83e0 1f83 
  0x0000022a6582cf60: e1e0 0f84 | 4b00 0000 | 488d 3c0f | 488d 340e | 48f7 d9c5 | fe6f 1c0f | c5fe 6f2c | 0ec5 e5ef 
  0x0000022a6582cf80: ddc4 e27d | 17db 0f85 | 7a00 0000 | 4883 c120 | 75e1 85c0 | 0f84 6500 | 0000 c5fe | 6f5c 07e0 
  0x0000022a6582cfa0: c5fe 6f6c | 06e0 c5e5 | efdd c4e2 | 7d17 db75 | 55eb 4c8b | c883 e1fc | 7419 488d | 3c0f 488d 
  0x0000022a6582cfc0: 340e 48f7 | d98b 1c0f | 3b1c 0e75 | 3948 83c1 | 0475 f2f7 | c002 0000 | 0074 120f | b71f 0fb7 
  0x0000022a6582cfe0: 0e3b d975 | 2148 8d7f | 0248 8d76 | 02f7 c001 | 0000 0074 | 0a0f b61f | 0fb6 0e3b | d975 07b8 
  0x0000022a6582d000: 0100 0000 | eb02 33c0 | c5e5 efdb | c5d5 efed | 85c0 753c | ba45 ffff | ff48 8b2c | 24c5 fa11 
  0x0000022a6582d020: 0424 c5fa | 114c 2404 | c5fa 1154 | 2408 4c8b | 5c24 184c | 895c 2410 | c5fb 1164 | 2418 4489 
  0x0000022a6582d040: 4424 0c44 | 8954 2420 | c5f8 77e8 | b052 44f8 | 4f8d 1cc4 | 418b 6b14 | 458b 5cec | 0841 81fb 
  0x0000022a6582d060: 086d 0000 | 0f85 fe15 | 0000 4d8d | 04ec 418b | 580c 85db | 0f86 0611 | 0000 458b | 5810 478b 
  0x0000022a6582d080: 5cdc 0c44 | 8bd3 41d1 | fa41 d1fb | c4c1 796e | e2c5 f85b | e4c5 f25c | ccc4 c179 | 6ee3 c5f8 
  0x0000022a6582d0a0: 5be4 c5fa | 5cc4 c4c1 | 797e c1c5 | f97e ce45 | 8bd1 41c1 | ea17 448b | de41 c1eb | 1745 0fb6 
  0x0000022a6582d0c0: d2b9 9500 | 0000 412b | ca45 0fb6 | dbbf 9500 | 0000 412b | fbf7 c1e0 | ffff ff0f | 858f 0d00 
  0x0000022a6582d0e0: 0045 8bd1 | 4181 e2ff | ff7f 0041 | 81ca 0000 | 8000 4585 | c90f 8c31 | 0e00 0041 | d3fa 41ff 
  0x0000022a6582d100: c241 d1fa | f7c7 e0ff | ffff 0f85 | 3e0d 0000 | 448b de41 | 81e3 ffff | 7f00 4181 | cb00 0080 
  0x0000022a6582d120: 0085 f60f | 8c0b 0e00 | 008b cf41 | d3fb 41ff | c341 d1fb | c4c1 797e | d545 85ed | 0f85 dc00 
  0x0000022a6582d140: 0000 4533 | ed49 8bc0 | eb13 8b54 | 240c 448b | 5424 1044 | 8b5c 2414 | 448b 6c24 | 0841 8bed 
  0x0000022a6582d160: c1fd 0385 | ed0f 85c9 | 1000 0044 | 8b40 0c41 | 8bcb 4103 | c844 3bd9 | 0f8d d506 | 0000 4d63 
  0x0000022a6582d180: c849 63db | 418b fbf7 | df48 63ff | 4803 df49 | 3bd9 0f83 | 1c10 0000 | 4863 d948 | 03df 48ff 
  0x0000022a6582d1a0: cb49 3bd9 | 0f83 4210 | 0000 4c8b | 0c24 418b | 590c 418b | 6cdc 0c85 | ed0f 8638 | 1000 0041 
  0x0000022a6582d1c0: 8b7c dc10 | 418b 7cfc | 0c48 8b74 | 2418 4885 | f60f 85e6 | 0f00 0045 | 85c0 0f86 | dd0f 0000 
  0x0000022a6582d1e0: 448b 4010 | 478b 44c4 | 0c45 85c0 | 0f86 cb0f | 0000 897c | 2404 890c | 24c4 e1f9 | 6ed8 418b 
  0x0000022a6582d200: c841 03ca | 894c 2408 | 418b c2ff | c049 8d0c | dcc4 e1f9 | 6ee1 418b | cbe9 f504 | 0000 41f7 
  0x0000022a6582d220: c504 0000 | 000f 845a | 0300 0045 | 8b48 1047 | 8b4c cc0c | 4489 5c24 | 2c44 8954 | 2428 895c 
  0x0000022a6582d240: 2414 4c89 | 4424 2089 | 5424 0c44 | 896c 2408 | 48ba 086d | 0000 0800 | 0000 448b | c366 6690 
  0x0000022a6582d260: c5f8 77e8 | 18f2 4ef8 | 4c8b f044 | 8b54 2414 | 41ff ca44 | 3b54 2414 | 0f83 b812 | 0000 418b 
  0x0000022a6582d280: 7e0c 85ff | 0f86 ac12 | 0000 4863 | c745 33db | eb2f c5f9 | 7edf c4e1 | f97e d0c4 | c1f9 7ec0 
  0x0000022a6582d2a0: 448b 5c24 | 3849 8b8f | 4803 0000 | 41ff c385 | 0144 3b5c | 2414 0f8d | 800c 0000 | 4c89 4424 
  0x0000022a6582d2c0: 204c 8b44 | 2420 458b | 5010 478b | 54d4 0c45 | 85d2 76d1 | 418b f244 | 895c 2438 | c5fb 1044 
  0x0000022a6582d2e0: 2420 4d63 | eb47 8b54 | a810 c4c1 | 796e ca43 | 8b54 d40c | 85ff 0f86 | f710 0000 | 418b 6e10 
  0x0000022a6582d300: 8bce 412b | cbff c985 | d20f 862d | 1100 0043 | 8b5c d410 | 458b 54ec | 0c4d 8d0c | ec41 3bca 
  0x0000022a6582d320: 0f83 c610 | 0000 4c63 | d64d 2bd5 | 4389 5c91 | 0c83 fe01 | 0f8e 61ff | ffff 4c63 | d249 3bc2 
  0x0000022a6582d340: 448b df44 | 0f4f dac4 | c179 7ec8 | 49c1 e003 | 418b ebff | cd44 3bdd | 41bb 0000 | 0080 410f 
  0x0000022a6582d360: 4ceb 83fd | 010f 8e32 | 1100 004c | 8b54 2420 | 458b 5210 | 478b 5cd4 | 0cc4 c179 | 7eca 438b 
  0x0000022a6582d380: 5cd4 1441 | 8b76 1441 | 8bcb 2b4c | 2438 ffc9 | 458b 54f4 | 0c4d 8d0c | f441 3bca | 0f83 6c11 
  0x0000022a6582d3a0: 0000 c5f9 | 6ee2 4c89 | 6c24 20c4 | e1f9 6ed0 | c5f9 6edf | 4963 c348 | 8bd0 492b | d541 895c 
  0x0000022a6582d3c0: 910c 4183 | fb02 0f8e | c6fe ffff | c4c1 797e | ca43 8b5c | d418 418b | 7618 458b | 54f4 0c4d 
  0x0000022a6582d3e0: 8d0c f441 | 3bca 0f83 | 2c11 0000 | 4189 5c91 | 0c41 83fb | 030f 8e97 | feff ff41 | b903 0000 
  0x0000022a6582d400: 0044 3bcd | 0f8d 7a10 | 0000 c4c1 | 797e ca43 | 8b5c d41c | 418b 761c | 458b 54f4 | 0c4d 8d0c 
  0x0000022a6582d420: f441 3bca | 0f83 f810 | 0000 4189 | 5c91 0c41 | 83fb 040f | 8e59 feff | ffc4 c179 | 7eca 438b 
  0x0000022a6582d440: 5cd4 2045 | 8b56 2043 | 8b74 d40c | 4f8d 0cd4 | 3bce 0f83 | d410 0000 | 4189 5c91 | 0c41 83fb 
  0x0000022a6582d460: 050f 8e2b | feff ff4c | 8bc8 4983 | c1fe 48ff | c841 8bd9 | 448b d048 | 63fd 483b | f844 8bed 
  0x0000022a6582d480: 450f 4fea | 4d63 d54d | 3bd1 440f | 4feb be05 | 0000 0041 | 83fd 050f | 8e7b 0000 | 00b8 d007 
  0x0000022a6582d4a0: 0000 418b | fd2b fe44 | 3bee 0f4c | 7c24 0c81 | ffd0 0700 | 000f 47f8 | 03fe 660f | 1f44 0000 
  0x0000022a6582d4c0: 418b 5cb0 | 1045 8b4c | b610 478b | 54cc 0c49 | c1e1 0341 | 3bca 0f83 | b809 0000 | 4189 5c91 
  0x0000022a6582d4e0: 0c45 8b4c | b614 418b | 5cb0 1447 | 8b54 cc0c | 49c1 e103 | 413b ca0f | 8395 0900 | 0041 895c 
  0x0000022a6582d500: 910c 83c6 | 023b f77c | b74d 8b97 | 4803 0000 | 4185 0241 | 3bf5 7c8a | 3bf5 0f8d | 690f 0000 
  0x0000022a6582d520: 418b 5cb0 | 1045 8b4c | b610 478b | 54cc 0c49 | c1e1 0341 | 3bca 0f83 | 5809 0000 | 4189 5c91 
  0x0000022a6582d540: 0c44 8bd6 | 41ff c245 | 3bd3 0f8d | 42fd ffff | 418b 5cb0 | 1445 8b4c | b614 438b | 7ccc 0c49 
  0x0000022a6582d560: c1e1 033b | cf0f 83b1 | 1000 0041 | 895c 910c | 83c6 0241 | 3bf3 0f8d | 16fd ffff | 3bf5 7ca0 
  0x0000022a6582d580: e904 0f00 | 0041 f7c5 | 0100 0000 | 0f84 cd04 | 0000 418b | 480c 85c9 | 0f86 860d | 0000 418b 
  0x0000022a6582d5a0: 5810 458b | 4cdc 0c44 | 894c 2410 | 894c 2414 | 4489 5c24 | 2c44 8954 | 2428 4c89 | 4424 2089 
  0x0000022a6582d5c0: 5424 0c44 | 896c 2408 | 48ba 086d | 0000 0800 | 0000 448b | c166 6690 | c5f8 77e8 | a0ee 4ef8 
  0x0000022a6582d5e0: 448b 5424 | 1441 ffca | 443b 5424 | 140f 83fd | 0c00 0044 | 8b40 0c45 | 85c0 0f86 | f00c 0000 
  0x0000022a6582d600: 453b d00f | 83e7 0c00 | 008b 6c24 | 10ff cd8b | 4c24 10d1 | f94c 634c | 2410 448b | e941 83c5 
  0x0000022a6582d620: fe41 3bcd | 41ba 0000 | 0080 450f | 4cea 4c63 | d149 8bd1 | 492b d28b | f1ff c648 | ffca 4533 
  0x0000022a6582d640: f6e9 4803 | 0000 c4e1 | f97e cae9 | 5701 0000 | 442b 4c24 | 1045 8bd1 | 41ff c245 | 8bcb 453b 
  0x0000022a6582d660: d00f 83fd | 0800 0045 | 8b5c dc10 | 478b 5cdc | 0c45 3bcb | 0f83 6901 | 0000 c4c1 | f97e db45 
  0x0000022a6582d680: 8b74 b310 | 438b 54f4 | 0c4f 8d1c | f444 3bd2 | 0f83 f608 | 0000 478b | 5493 1041 | 83fa ff0f 
  0x0000022a6582d6a0: 8434 0100 | 0045 8b5c | fc0c 453b | cb0f 83f5 | 0800 0047 | 8954 8d10 | 33d2 c4c1 | f97e da45 
  0x0000022a6582d6c0: 8b52 1047 | 8b54 d40c | 4403 5424 | 104d 8bb7 | 4803 0000 | 458b d941 | ffc3 4185 | 0645 3bda 
  0x0000022a6582d6e0: 0f8c 6aff | ffff 4d8b | 9748 0300 | 00ff c141 | 8502 3b0c | 240f 8d58 | 0100 00c4 | c1f9 7ec1 
  0x0000022a6582d700: c4e1 f97e | cec5 f97e | d244 8b54 | 2410 448b | 5c24 1444 | 3b54 2408 | 0f8d 4b01 | 0000 4489 
  0x0000022a6582d720: 5c24 1444 | 8954 2410 | c5f9 6ed2 | c4e1 f96e | cec4 c1f9 | 6ec1 c4c1 | f97e e241 | 8b7c 8a10 
  0x0000022a6582d740: 8bf1 412b | f33b cd0f | 83f9 feff | ff44 8b5c | 2410 443b | 5c24 040f | 83e9 feff | ffc4 c1f9 
  0x0000022a6582d760: 7eda 458b | 5cb2 1047 | 8b54 dc0c | 4585 d20f | 8673 0900 | 0047 8b54 | dc10 4183 | faff 0f84 
  0x0000022a6582d780: c006 0000 | 458b 5cfc | 0c44 8b4c | 2410 453b | cb0f 8316 | 0800 004d | 8d0c fc44 | 8b5c 2410 
  0x0000022a6582d7a0: 4789 5499 | 1033 d2c4 | c1f9 7eda | 458b 5a10 | 478b 54dc | 0c44 0354 | 2410 413b | c20f 8d23 
  0x0000022a6582d7c0: ffff ff3b | cd73 264d | 8d2c fc44 | 8bc8 41ba | 0100 0000 | e985 feff | ffc4 e1f9 | 7eca e9d7 
  0x0000022a6582d7e0: feff ffc4 | e1f9 7eca | e9cd feff | ff44 8bc8 | 41bb 0100 | 0000 eb16 | 0f1f 8400 | 0000 0000 
  0x0000022a6582d800: 442b 4c24 | 1045 8bd9 | 41ff c345 | 8bca 453b | d80f 834d | 0700 0045 | 3b64 dc10 | 0f84 b608 
  0x0000022a6582d820: 0000 c4c1 | f97e db45 | 8b53 1043 | 8b7c d40c | 037c 2410 | 4d8b 9f48 | 0300 0045 | 8bd1 41ff 
  0x0000022a6582d840: c241 8503 | 443b d77c | b7c4 e1f9 | 7eca e993 | feff ffc5 | f877 4883 | c460 5d49 | 3ba7 4003 
  0x0000022a6582d860: 0000 0f87 | a410 0000 | c344 895c | 2414 4489 | 5424 10c5 | f96e d2c4 | e1f9 6ece | c4c1 f96e 
  0x0000022a6582d880: c148 8bd6 | e95d feff | ff0f 1f80 | 0000 0000 | 448b c342 | 8b4c 870c | 8b5c 2410 | 412b db49 
  0x0000022a6582d8a0: 63d3 894c | 9010 8b4c | 9710 4289 | 4c80 0c49 | 8bc9 482b | ca44 8b44 | 8f08 4489 | 4490 1444 
  0x0000022a6582d8c0: 8b44 9714 | 4489 4488 | 0844 8b44 | 8f04 4489 | 4490 1844 | 8b44 9718 | 4489 4488 | 0444 8b04 
  0x0000022a6582d8e0: 8f44 8944 | 901c 448b | 4497 1c44 | 8904 8883 | c3fc 4183 | c304 453b | da7c 954d | 8b97 4803 
  0x0000022a6582d900: 0000 4185 | 0245 3bdd | 7d2a 448b | c345 8bd5 | 452b d345 | 3beb 440f | 4c54 240c | 4181 faa0 
  0x0000022a6582d920: 0f00 00b9 | a00f 0000 | 440f 47d1 | 4503 d3e9 | 5fff ffff | c5f9 7ec9 | c4e1 f97e | c244 3b5c 
  0x0000022a6582d940: 2430 7d2b | 448b 549f | 0c46 8954 | 9810 468b | 549f 1044 | 8954 980c | 458b d341 | ffc2 443b 
  0x0000022a6582d960: 5424 307d | 0a8b dd41 | 2bdb 458b | daeb d54d | 8b97 4803 | 0000 41ff | c641 8502 | 443b 7424 
  0x0000022a6582d980: 140f 8dc2 | 0000 0048 | 8bc6 8b74 | 2430 4c8b | 5424 2041 | 8b7a 1085 | ff0f 8452 | 0700 0047 
  0x0000022a6582d9a0: 8b5c b210 | 478b 54dc | 0c42 8b5c | b010 458b | 44dc 0c89 | 7424 30c5 | f96e c948 | 8bf0 4963 
  0x0000022a6582d9c0: ca48 3bd1 | 0f83 3607 | 0000 413b | ea0f 832d | 0700 0045 | 85c0 0f86 | 2407 0000 | c5f9 7ec9 
  0x0000022a6582d9e0: 413b c80f | 8317 0700 | 0045 85d2 | 0f86 0e07 | 0000 413b | ca0f 8305 | 0700 004d | 63d0 493b 
  0x0000022a6582da00: d20f 83f9 | 0600 0041 | 3be8 0f83 | f006 0000 | 498d 04dc | 4b8d 3cdc | 468b 548f | 0c45 8954 
  0x0000022a6582da20: dc10 478b | 5cdc 1046 | 895c 880c | 4183 fd01 | 0f8e 0a07 | 0000 448b | c541 bb01 | 0000 00c4 
  0x0000022a6582da40: e1f9 6ec2 | e9c4 feff | ff44 8b6c | 2408 8b54 | 240c 4c8b | c644 8b54 | 2428 448b | 5c24 2c41 
  0x0000022a6582da60: f7c5 0200 | 0000 7508 | 498b c0e9 | edf6 ffff | 418b 680c | 85ed 0f86 | 4608 0000 | 418b 4810 
  0x0000022a6582da80: 458b 4ccc | 0c44 895c | 2414 4489 | 5424 104c | 8944 2420 | 8954 240c | 4489 6c24 | 0848 ba08 
  0x0000022a6582daa0: 6d00 0008 | 0000 0044 | 8bc5 6690 | c5f8 77e8 | cce9 4ef8 | 448b 480c | 448b dd41 | d1fb 458b 
  0x0000022a6582dac0: d341 ffc2 | 4585 c90f | 8698 0700 | 0045 3bd9 | 0f83 8f07 | 0000 4c63 | c549 63db | 498b c848 
  0x0000022a6582dae0: 2bcb 48ff | c949 3bc8 | 0f83 7707 | 0000 8bdd | ffcb 3bdd | 0f83 6b07 | 0000 4489 | 5424 284d 
  0x0000022a6582db00: 63d1 493b | ca0f 8355 | 0700 0041 | 3bd9 0f83 | a007 0000 | 443b dd0f | 839e 0700 | 00b9 401f 
  0x0000022a6582db20: 0000 4533 | dbeb 31c4 | c1f9 7ec1 | c4e1 f97e | c8c4 c1f9 | 7ee8 c4c1 | 797e fb4d | 8b97 4803 
  0x0000022a6582db40: 0000 41ff | c341 8502 | 443b 5c24 | 280f 8df7 | f5ff ff4c | 894c 2420 | 4c8b 4c24 | 2045 8b51 
  0x0000022a6582db60: 1047 8b54 | d40c 4585 | d276 d041 | 8bf2 c5fb | 1044 2420 | 4963 d349 | 8bd8 482b | da45 8b54 
  0x0000022a6582db80: 990c c4c1 | 796e d247 | 8b4c d40c | 448b 5490 | 10c4 c179 | 6eda 438b | 7cd4 0c4c | 8b54 2420 
  0x0000022a6582dba0: 458b 5492 | 10c4 c179 | 6ee2 478b | 54d4 0c8b | 5c98 0c41 | 8b54 dc0c | 4585 c90f | 868c 0500 
  0x0000022a6582dbc0: 0089 5424 | 30c5 796e | c344 8954 | 242c 897c | 2424 c4c1 | 796e fbc4 | c1f9 6ee8 | c4e1 f96e 
  0x0000022a6582dbe0: c841 bb01 | 0000 0045 | 3bd9 ba01 | 0000 0041 | 0f4f d144 | 894c 2420 | c4c1 797e | da4f 8d04 
  0x0000022a6582dc00: d4c4 c179 | 7ed2 4f8d | 0cd4 458b | d849 8d3c | dc41 c1eb | 02c4 c179 | 7ee2 4b8d | 2cd4 4183 
  0x0000022a6582dc20: e303 4403 | da41 f7db | 4183 e303 | 4403 da44 | 3b5c 2420 | 448b 5424 | 2045 0f4f | da33 dbeb 
  0x0000022a6582dc40: 11c4 e1f9 | 7ec8 c4c1 | 797e fbe9 | 9501 0000 | 8bd8 3b5c | 2420 73e9 | 418b 7499 | 103b 5c24 
  0x0000022a6582dc60: 240f 835d | 0300 0041 | 8974 9810 | 3b5c 242c | 0f83 a603 | 0000 448b | 549d 103b | 5c24 300f 
  0x0000022a6582dc80: 83f7 0300 | 0044 8954 | 9f10 c4c1 | f97e c245 | 8b52 1043 | 8b54 d40c | 8bc3 ffc0 | 3bc2 0f8d 
  0x0000022a6582dca0: 83fe ffff | 413b c37c | a74c 6354 | 2420 4c63 | 5c24 3048 | 6374 242c | 4c63 6c24 | 244d 3bd5 
  0x0000022a6582dcc0: 448b 5424 | 2044 0f4f | 5424 244c | 63ea 4d63 | f24c 3bf6 | 440f 4f54 | 242c 49ff | cd49 63f2 
  0x0000022a6582dce0: 493b f344 | 0f4f 5424 | 3045 8bdd | 4963 f249 | 3bf5 450f | 4fd3 418b | f283 c6f9 | 443b d641 
  0x0000022a6582dd00: ba00 0000 | 8041 0f4c | f23b c60f | 8d43 0400 | 00ff c344 | 8bde 442b | db3b f344 | 0f4c 5c24 
  0x0000022a6582dd20: 0c41 81fb | 401f 0000 | 440f 47d9 | 4403 db90 | c4c1 7a6f | 7499 10c4 | c17a 7f74 | 9810 c5fa 
  0x0000022a6582dd40: 6f74 9d10 | c5fa 7f74 | 9f10 c4c1 | 7a6f 7499 | 20c4 c17a | 7f74 9820 | c5fa 6f74 | 9d20 c5fa 
  0x0000022a6582dd60: 7f74 9f20 | 83c3 0841 | 3bdb 7cc4 | 4d8b 9748 | 0300 0041 | 8502 3bde | 7c99 3b5c | 2420 7d5b 
  0x0000022a6582dd80: 3b5c 2420 | 0f83 b7fe | ffff 418b | 7499 103b | 5c24 240f | 832b 0200 | 0041 8974 | 9810 3b5c 
  0x0000022a6582dda0: 242c 0f83 | 7402 0000 | 448b 549d | 103b 5c24 | 300f 83c5 | 0200 0044 | 8954 9f10 | c4c1 f97e 
  0x0000022a6582ddc0: c245 8b52 | 1047 8b5c | d40c ffc3 | 413b db0f | 8d52 fdff | ff3b 5c24 | 207c a5c4 | e1f9 7ec8 
  0x0000022a6582dde0: c4c1 797e | fbba e4ff | ffff 488b | 2c24 448b | 5424 0844 | 8914 244c | 8b54 2418 | 4c89 5424 
  0x0000022a6582de00: 0844 8b54 | 2410 4489 | 5424 0444 | 8b54 2414 | 4489 5424 | 10c5 fb11 | 4424 1848 | 8944 2420 
  0x0000022a6582de20: 4489 5c24 | 1489 5c24 | 2c89 5c24 | 30c5 fa11 | 5c24 34c5 | fa11 5424 | 3866 6690 | c5f8 77e8 
  0x0000022a6582de40: bc44 44f8 | c4e1 f97e | cae9 59f9 | ffff c57a | 2cd9 4181 | fb00 0000 | 8075 1048 | 83ec 08c5 
  0x0000022a6582de60: fa11 0c24 | e88a 323f | f841 5be9 | c4f2 ffff | c57a 2cd0 | 4181 fa00 | 0000 8075 | 1048 83ec 
  0x0000022a6582de80: 08c5 fa11 | 0424 e868 | 323f f841 | 5ae9 72f2 | ffff ffc6 | bae4 ffff | ff48 8b2c | 2444 8b54 
  0x0000022a6582dea0: 2408 4489 | 1424 4c8b | 5424 184c | 8954 2408 | 448b 5424 | 2844 8954 | 2404 448b | 5c24 2c44 
  0x0000022a6582dec0: 895c 2410 | c5fb 1144 | 2418 4c89 | 7424 2089 | 7424 144c | 894c 2428 | 894c 2430 | 895c 2434 
  0x0000022a6582dee0: c5f8 77e8 | 1844 44f8 | 458b 5b18 | 4d8b 8748 | 0300 0041 | 8500 4585 | db0f 8499 | 0400 0049 
  0x0000022a6582df00: c1e3 03e9 | 4eee ffff | 4533 c933 | d245 33d2 | e90b eeff | ff33 d2c4 | c1f9 7ee2 | 41c6 4211 
  0x0000022a6582df20: 0145 33c9 | 4533 d2e9 | f4ed ffff | 41f7 dae9 | c7f1 ffff | 41f7 dbe9 | edf1 ffff | 448b 6c24 
  0x0000022a6582df40: 088b 5424 | 0c4d 8bc6 | 448b 5424 | 2844 8b5c | 242c e92e | f6ff ff45 | 33c9 33d2 | 4533 d2e9 
  0x0000022a6582df60: bced ffff | ba45 ffff | ffc4 e1f9 | 7ec5 c5fb | 110c 24c5 | fb11 5c24 | 0889 4c24 | 1844 894c 
  0x0000022a6582df80: 241c 6690 | c5f8 77e8 | 7443 44f8 | c4c1 796e | d2ba e6ff | ffff 498b | ebc5 fa11 | 1424 6690 
  0x0000022a6582dfa0: c5f8 77e8 | 5843 44f8 | 4489 4c24 | 10ba e6ff | ffff 8bef | 4489 5424 | 0466 6690 | c5f8 77e8 
  0x0000022a6582dfc0: 3c43 44f8 | bae4 ffff | ff48 8b2c | 2444 8b54 | 2408 4489 | 1424 4c8b | 5424 184c | 8954 2408 
  0x0000022a6582dfe0: 448b 5424 | 1044 8954 | 2404 448b | 5c24 1444 | 895c 2410 | c5fb 1144 | 2418 c5fb | 114c 2420 
  0x0000022a6582e000: c5fa 117c | 2414 895c | 242c 8974 | 2430 c5fa | 115c 2434 | c5f8 77e8 | e442 44f8 | bae4 ffff 
  0x0000022a6582e020: ff48 8b2c | 2444 8b54 | 2408 4489 | 1424 4c8b | 5424 184c | 8954 2408 | 448b 5424 | 1044 8954 
  0x0000022a6582e040: 2404 448b | 5c24 1444 | 895c 2410 | c5fb 1144 | 2418 c5fb | 114c 2420 | c5fa 117c | 2414 895c 
  0x0000022a6582e060: 242c 895c | 2430 c5fa | 1164 2434 | c57a 1144 | 2438 6690 | c5f8 77e8 | 8442 44f8 | bae4 ffff 
  0x0000022a6582e080: ff48 8b2c | 2444 8b44 | 2408 4489 | 0424 4c8b | 5c24 184c | 895c 2408 | 448b 5c24 | 1044 895c 
  0x0000022a6582e0a0: 2404 448b | 4424 1444 | 8944 2410 | c5fb 1144 | 2418 c5fb | 114c 2420 | c5fa 117c | 2414 895c 
  0x0000022a6582e0c0: 242c 4489 | 5424 30c5 | 7a11 4424 | 3466 6690 | c5f8 77e8 | 2842 44f8 | baf6 ffff | ff66 6690 
  0x0000022a6582e0e0: c5f8 77e8 | 1842 44f8 | 49c1 e303 | e9a0 feff | ffba f6ff | ffff 6690 | c5f8 77e8 | 0042 44f8 
  0x0000022a6582e100: 418b 6cfc | 0cd1 fdff | c5ba 76ff | ffff 4c8b | 5424 184c | 8954 2410 | 448b 5c24 | 2844 895c 
  0x0000022a6582e120: 240c 448b | 5424 2c44 | 8954 2418 | 4889 4424 | 2844 8974 | 241c 6690 | c5f8 77e8 | c041 44f8 
  0x0000022a6582e140: 8bdd 41bb | 0100 0000 | e9f0 f7ff | ff33 dbe9 | 91fc ffff | 8bd8 e91f | fcff ffba | deff ffff 
  0x0000022a6582e160: c5fa 1144 | 2408 c5fa | 114c 240c | 4489 4c24 | 104c 8944 | 2420 6690 | c5f8 77e8 | 8041 44f8 
  0x0000022a6582e180: bae4 ffff | ff48 8b2c | 24c5 fa11 | 0c24 c5fa | 1154 2404 | 4c8b 5424 | 184c 8954 | 2408 c5fa 
  0x0000022a6582e1a0: 1144 2418 | 4c89 4424 | 2066 6690 | c5f8 77e8 | 4c41 44f8 | 4c8b 0c24 | 488b 7424 | 18ba beff 
  0x0000022a6582e1c0: ffff 498b | e948 8934 | 2448 8944 | 2408 4489 | 5424 1044 | 895c 2418 | 4489 5c24 | 1c89 4c24 
  0x0000022a6582e1e0: 2066 6690 | c5f8 77e8 | 1441 44f8 | 4c8b 0c24 | 488b 7424 | 18eb c648 | 8b74 2418 | ebbf ba45 
  0x0000022a6582e200: ffff ff48 | 8b2c 24c5 | fa11 0424 | c5fa 114c | 2404 c5fa | 1154 2408 | 4889 7c24 | 104c 8944 
  0x0000022a6582e220: 2418 4489 | 4c24 2044 | 895c 2424 | c5f8 77e8 | cc40 44f8 | ba45 ffff | ff4c 8b44 | 2418 4c89 
  0x0000022a6582e240: 4424 0848 | 8944 2410 | 4489 5424 | 1844 895c | 241c 4489 | 6c24 2090 | c5f8 77e8 | a040 44f8 
  0x0000022a6582e260: 448b 5424 | 28ba beff | ffff 488b | 2c24 448b | 4424 0844 | 8904 244c | 8b5c 2418 | 4c89 5c24 
  0x0000022a6582e280: 0844 8b5c | 2410 4489 | 5c24 0444 | 8b44 2414 | 4489 4424 | 104c 8b5c | 2420 4c89 | 5c24 1848 
  0x0000022a6582e2a0: 8944 2420 | 4489 5424 | 1466 6690 | c5f8 77e8 | 4c40 44f8 | 448b 5424 | 28eb aa44 | 8b54 2428 
  0x0000022a6582e2c0: eba3 bae4 | ffff ff44 | 896c 2408 | 4c8b 4c24 | 184c 894c | 2410 4489 | 5424 0c44 | 895c 2418 
  0x0000022a6582e2e0: 4c89 4424 | 2866 6690 | c5f8 77e8 | 1040 44f8 | babe ffff | ff48 8b2c | 2444 8b5c | 2408 4489 
  0x0000022a6582e300: 1c24 4c8b | 5424 184c | 8954 2408 | 4c8b 5424 | 204c 8954 | 2418 4889 | 4424 2090 | c5f8 77e8 
  0x0000022a6582e320: dc3f 44f8 | bae4 ffff | ff48 8b2c | 2444 892c | 244c 8b4c | 2418 4c89 | 4c24 0844 | 8954 2404 
  0x0000022a6582e340: 4489 5c24 | 104c 8944 | 2420 894c | 2414 6690 | c5f8 77e8 | a83f 44f8 | ba76 ffff | ffc5 fa11 
  0x0000022a6582e360: 4424 08c5 | fa11 4c24 | 0cc5 fa11 | 5424 1044 | 894c 2414 | 4c89 5424 | 2889 4c24 | 3444 895c 
  0x0000022a6582e380: 2438 6690 | c5f8 77e8 | 743f 44f8 | b801 0000 | 0033 d2e9 | 5fe9 ffff | baf4 ffff | ff48 8b2c 
  0x0000022a6582e3a0: 24c5 fa11 | 0424 c5fa | 114c 2404 | c5fa 1154 | 2408 6690 | c5f8 77e8 | 443f 44f8 | ba45 ffff 
  0x0000022a6582e3c0: ffc5 fa11 | 4424 08c5 | fa11 4c24 | 0cc5 fa11 | 5424 10c5 | fb11 6424 | 2044 8944 | 2414 4489 
  0x0000022a6582e3e0: 5424 2890 | c5f8 77e8 | 143f 44f8 | 33f6 e9a1 | faff ff33 | f6ba e4ff | ffff 488b | 2c24 448b 
  0x0000022a6582e400: 5424 0844 | 8914 244c | 8b54 2418 | 4c89 5424 | 0844 8b5c | 2428 4489 | 5c24 0444 | 8b5c 242c 
  0x0000022a6582e420: 4489 5c24 | 10c5 fb11 | 4424 184c | 8974 2428 | 8974 2430 | c5f8 77e8 | c43e 44f8 | 33f6 bae4 
  0x0000022a6582e440: ffff ff4c | 8b54 2418 | 4c89 5424 | 1044 8b54 | 2428 4489 | 5424 0c44 | 8b5c 242c | 4489 5c24 
  0x0000022a6582e460: 18c5 fb11 | 4424 204c | 8974 2428 | 894c 2430 | 8974 2434 | c5fa 114c | 243c 6690 | c5f8 77e8 
  0x0000022a6582e480: 7c3e 44f8 | be03 0000 | 00c5 f97e | dfc4 e1f9 | 7ed0 4c8b | 6c24 20c5 | f97e e2eb | 05be 0100 
  0x0000022a6582e4a0: 0000 3bf7 | 0f8d 4bff | ffff 6690 | 3bf7 0f83 | 41ff ffff | c4c1 f97e | c245 8b5a | 1047 8b54 
  0x0000022a6582e4c0: dc0c 418b | 6cb6 1041 | 8bca 2b4c | 2438 ffc9 | 3bf2 0f83 | 66ff ffff | 418b 5cb0 | 1045 8b5c 
  0x0000022a6582e4e0: ec0c 4d8d | 0cec 413b | cb0f 83a5 | f9ff ff4d | 63da 4d2b | dd43 895c | 990c ffc6 | 413b f20f 
  0x0000022a6582e500: 8d96 edff | ff3b f77c | a3e9 e7fe | ffff be01 | 0000 00e9 | 7cf9 ffff | be02 0000 | 00e9 72f9 
  0x0000022a6582e520: ffff be03 | 0000 00e9 | 68f9 ffff | be04 0000 | 00e9 5ef9 | ffff babe | ffff ff48 | 8b2c 2444 
  0x0000022a6582e540: 8b54 2408 | 4489 1424 | 4c8b 5424 | 184c 8954 | 2408 4c8b | 5424 204c | 8954 2418 | 4c89 7424 
  0x0000022a6582e560: 2066 6690 | c5f8 77e8 | 943d 44f8 | ba45 ffff | ffc5 fa11 | 4424 08c5 | fa11 4c24 | 0cc5 fa11 
  0x0000022a6582e580: 5424 10c5 | fb11 6424 | 2844 8944 | 2414 4489 | 5424 304c | 895c 2438 | 895c 2434 | c5f8 77e8 
  0x0000022a6582e5a0: 5c3d 44f8 | 4585 d240 | 0f95 c540 | 0fb6 ed83 | f501 ba45 | ffff ffc5 | fa11 4424 | 08c5 fa11 
  0x0000022a6582e5c0: 4c24 0cc5 | fa11 5424 | 1044 894c | 2414 c5fb | 1164 2428 | 4489 5c24 | 3066 6690 | c5f8 77e8 
  0x0000022a6582e5e0: 1c3d 44f8 | ba45 ffff | ffc5 fa11 | 4424 08c5 | fa11 4c24 | 0cc5 fa11 | 5424 10c5 | fb11 6424 
  0x0000022a6582e600: 284c 895c | 2430 4489 | 5424 144c | 8944 2438 | 895c 2440 | c5f8 77e8 | e43c 44f8 | 418b f2e9 
  0x0000022a6582e620: 70f8 ffff | bade ffff | ff48 8b2c | 24c5 fa11 | 0424 c5fa | 114c 2404 | c5fa 1154 | 2408 4c8b 
  0x0000022a6582e640: 4c24 184c | 894c 2410 | c5fb 1164 | 2420 4c89 | 5c24 2844 | 8954 240c | 4489 4424 | 3466 6690 
  0x0000022a6582e660: c5f8 77e8 | 983c 44f8 | bade ffff | ffc5 fa11 | 4424 08c5 | fa11 4c24 | 0cc5 fa11 | 5424 1090 
  0x0000022a6582e680: c5f8 77e8 | 783c 44f8 | bade ffff | ff48 8b2c | 24c5 fa11 | 0424 c5fa | 114c 2404 | c5fa 1154 
  0x0000022a6582e6a0: 2408 4c8b | 5c24 184c | 895c 2410 | c5fb 1164 | 2420 4489 | 4424 0c44 | 8954 2428 | 4489 4c24 
  0x0000022a6582e6c0: 3066 6690 | c5f8 77e8 | 343c 44f8 | baf6 ffff | ff8b e989 | 1c24 6690 | c5f8 77e8 | 203c 44f8 
  0x0000022a6582e6e0: baf6 ffff | ff66 6690 | c5f8 77e8 | 103c 44f8 | c4c1 796e | d2ba f6ff | ffff c5f9 | 7ed5 6690 
  0x0000022a6582e700: c5f8 77e8 | f83b 44f8 | 4489 4c24 | 10ba f6ff | ffff 4489 | 1424 6690 | c5f8 77e8 | e03b 44f8 
  0x0000022a6582e720: baf6 ffff | ff66 6690 | c5f8 77e8 | d03b 44f8 | ba76 ffff | ff48 8b2c | 2444 8b54 | 2408 4489 
  0x0000022a6582e740: 1424 4c8b | 5424 184c | 8954 2408 | 448b 5424 | 1044 8954 | 2404 448b | 4424 1444 | 8944 2410 
  0x0000022a6582e760: 48ff 7424 | 2048 8f44 | 2418 4889 | 4424 2044 | 895c 2414 | 8974 2428 | c5f8 77e8 | 803b 44f8 
  0x0000022a6582e780: baf6 ffff | ff66 6690 | c5f8 77e8 | 703b 44f8 | 488b d0eb | 0848 8bd0 | eb03 488b | d0c5 f877 
  0x0000022a6582e7a0: 4883 c460 | 5de9 d6e5 | 4ef8 baf6 | ffff ff49 | 8be8 6690 | c5f8 77e8 | 443b 44f8 | baf6 ffff 
  0x0000022a6582e7c0: ff66 6690 | c5f8 77e8 | 343b 44f8 | 488b 7424 | 18e9 e7f9 | ffff 488b | 7424 18e9 | ddf9 ffff 
  0x0000022a6582e7e0: baf6 ffff | ff66 6690 | c5f8 77e8 | 103b 44f8 | baf6 ffff | ff66 6690 | c5f8 77e8 | 003b 44f8 
  0x0000022a6582e800: ba45 ffff | ff48 8b2c | 24c5 fa11 | 0424 c5fa | 114c 2404 | c5fa 1154 | 2408 4c8b | 5c24 184c 
  0x0000022a6582e820: 895c 2410 | c5fb 1164 | 2420 4489 | 4424 0c44 | 8954 2428 | 4489 4c24 | 2c66 6690 | c5f8 77e8 
  0x0000022a6582e840: bc3a 44f8 | baf6 ffff | ff66 6690 | c5f8 77e8 | ac3a 44f8 | baf6 ffff | ff66 6690 | c5f8 77e8 
  0x0000022a6582e860: 9c3a 44f8 | ba76 ffff | ff48 8b2c | 2444 8b54 | 2408 4489 | 1424 4c8b | 5424 184c | 8954 2408 
  0x0000022a6582e880: 448b 5c24 | 2844 895c | 2404 48ff | 7424 2048 | 8f44 2418 | 4c89 7424 | 2089 7424 | 2866 6690 
  0x0000022a6582e8a0: c5f8 77e8 | 583a 44f8 | baf6 ffff | ff66 6690 | c5f8 77e8 | 483a 44f8 | baf6 ffff | ff66 6690 
  0x0000022a6582e8c0: c5f8 77e8 | 383a 44f8 | ba45 ffff | ff48 8b2c | 24c5 fa11 | 0424 c5fa | 114c 2404 | c5fa 1154 
  0x0000022a6582e8e0: 2408 4c8b | 4c24 184c | 894c 2410 | c5fb 1164 | 2420 4c89 | 5c24 2844 | 8954 240c | 4489 4424 
  0x0000022a6582e900: 3066 6690 | c5f8 77e8 | f439 44f8 | 49ba 5bd8 | 8265 2a02 | 0000 4d89 | 9758 0300 | 00e9 de4a 
  0x0000022a6582e920: 44f8 f4f4 | f4f4 f4f4 | f4f4 f4f4 | f4f4 f4f4 | f4f4 f4f4 | f4f4 f4f4 | f4f4 f4f4 | f4f4 f4f4 
  0x0000022a6582e940: e93b 5f4e | f8e8 0000 | 0000 4883 | 2c24 05e9 | 4c3d 44f8 | f4f4 f4f4 
[/MachCode]
--------------------------------------------------------------------------------


---------------  P R O C E S S  ---------------

Threads class SMR info:
_java_thread_list=0x0000022a7aa52940, length=27, elements={
0x0000022a797d1420, 0x0000022a797d1ce0, 0x0000022a7a10df30, 0x0000022a7a10e7f0,
0x0000022a7a1116d0, 0x0000022a7a1125a0, 0x0000022a7a11d860, 0x0000022a7a11f580,
0x0000022a7a130e60, 0x0000022a7a25f660, 0x0000022a7a263b90, 0x0000022a7a26e730,
0x0000022a7a281610, 0x0000022a5612b610, 0x0000022a7a46b3d0, 0x0000022a7a48e500,
0x0000022a7a48ef60, 0x0000022a7a9048f0, 0x0000022a7a928c70, 0x0000022a7a929140,
0x0000022a7a954560, 0x0000022a7a968b30, 0x0000022a7a969040, 0x0000022a7a969550,
0x0000022a7a969e70, 0x0000022a7a96a790, 0x0000022a7a956be0
}

Java Threads: ( => current thread )
  0x0000022a797d1420 JavaThread "Reference Handler" daemon [_thread_blocked, id=11640, stack(0x000000831bc00000,0x000000831bd00000)]
  0x0000022a797d1ce0 JavaThread "Finalizer" daemon [_thread_blocked, id=8616, stack(0x000000831bd00000,0x000000831be00000)]
  0x0000022a7a10df30 JavaThread "Signal Dispatcher" daemon [_thread_blocked, id=22336, stack(0x000000831be00000,0x000000831bf00000)]
  0x0000022a7a10e7f0 JavaThread "Attach Listener" daemon [_thread_blocked, id=17092, stack(0x000000831bf00000,0x000000831c000000)]
  0x0000022a7a1116d0 JavaThread "Service Thread" daemon [_thread_blocked, id=1116, stack(0x000000831c000000,0x000000831c100000)]
  0x0000022a7a1125a0 JavaThread "Monitor Deflation Thread" daemon [_thread_blocked, id=14600, stack(0x000000831c100000,0x000000831c200000)]
  0x0000022a7a11d860 JavaThread "C2 CompilerThread0" daemon [_thread_blocked, id=22416, stack(0x000000831c200000,0x000000831c300000)]
  0x0000022a7a11f580 JavaThread "C1 CompilerThread0" daemon [_thread_blocked, id=14060, stack(0x000000831c300000,0x000000831c400000)]
  0x0000022a7a130e60 JavaThread "Sweeper thread" daemon [_thread_blocked, id=25152, stack(0x000000831c400000,0x000000831c500000)]
  0x0000022a7a25f660 JavaThread "C1 CompilerThread1" daemon [_thread_blocked, id=10500, stack(0x000000831c500000,0x000000831c600000)]
  0x0000022a7a263b90 JavaThread "C1 CompilerThread2" daemon [_thread_blocked, id=12072, stack(0x000000831c600000,0x000000831c700000)]
  0x0000022a7a26e730 JavaThread "Notification Thread" daemon [_thread_blocked, id=26224, stack(0x000000831c700000,0x000000831c800000)]
  0x0000022a7a281610 JavaThread "Common-Cleaner" daemon [_thread_blocked, id=13396, stack(0x000000831c900000,0x000000831ca00000)]
  0x0000022a5612b610 JavaThread "DestroyJavaVM" [_thread_blocked, id=24856, stack(0x000000831b500000,0x000000831b600000)]
  0x0000022a7a46b3d0 JavaThread "Java2D Disposer" daemon [_thread_blocked, id=19732, stack(0x000000831cb00000,0x000000831cc00000)]
  0x0000022a7a48e500 JavaThread "AWT-Shutdown" [_thread_blocked, id=23196, stack(0x000000831cd00000,0x000000831ce00000)]
  0x0000022a7a48ef60 JavaThread "AWT-Windows" daemon [_thread_in_native, id=16216, stack(0x000000831ce00000,0x000000831cf00000)]
  0x0000022a7a9048f0 JavaThread "AWT-EventQueue-0" [_thread_blocked, id=21076, stack(0x000000831db00000,0x000000831dc00000)]
=>0x0000022a7a928c70 JavaThread "Thread-2" [_thread_in_Java, id=19008, stack(0x000000831dc00000,0x000000831dd00000)]
  0x0000022a7a929140 JavaThread "Thread-1" [_thread_in_Java, id=17904, stack(0x000000831dd00000,0x000000831de00000)]
  0x0000022a7a954560 JavaThread "D3D Screen Updater" daemon [_thread_blocked, id=12044, stack(0x000000831ca00000,0x000000831cb00000)]
  0x0000022a7a968b30 JavaThread "C2 CompilerThread1" daemon [_thread_blocked, id=17872, stack(0x000000831cc00000,0x000000831cd00000)]
  0x0000022a7a969040 JavaThread "C2 CompilerThread2" daemon [_thread_blocked, id=25352, stack(0x000000831de00000,0x000000831df00000)]
  0x0000022a7a969550 JavaThread "C2 CompilerThread3" daemon [_thread_blocked, id=20784, stack(0x000000831df00000,0x000000831e000000)]
  0x0000022a7a969e70 JavaThread "C2 CompilerThread4" daemon [_thread_blocked, id=8236, stack(0x000000831e000000,0x000000831e100000)]
  0x0000022a7a96a790 JavaThread "C2 CompilerThread5" daemon [_thread_blocked, id=14360, stack(0x000000831e100000,0x000000831e200000)]
  0x0000022a7a956be0 JavaThread "Thread-3" [_thread_in_Java, id=2616, stack(0x000000831e200000,0x000000831e300000)]

Other Threads:
  0x0000022a797cdca0 VMThread "VM Thread" [stack: 0x000000831bb00000,0x000000831bc00000] [id=1980]
  0x0000022a7a27e620 WatcherThread [stack: 0x000000831c800000,0x000000831c900000] [id=3080]
  0x0000022a561950f0 GCTaskThread "GC Thread#0" [stack: 0x000000831b600000,0x000000831b700000] [id=15028]
  0x0000022a7ab37170 GCTaskThread "GC Thread#1" [stack: 0x000000831e300000,0x000000831e400000] [id=9672]
  0x0000022a7aa4f9e0 GCTaskThread "GC Thread#2" [stack: 0x000000831e400000,0x000000831e500000] [id=24300]
  0x0000022a7ab2a4f0 GCTaskThread "GC Thread#3" [stack: 0x000000831e500000,0x000000831e600000] [id=20948]
  0x0000022a7ab23640 GCTaskThread "GC Thread#4" [stack: 0x000000831e600000,0x000000831e700000] [id=2016]
  0x0000022a7ab238f0 GCTaskThread "GC Thread#5" [stack: 0x000000831e700000,0x000000831e800000] [id=16512]
  0x0000022a7ab283d0 GCTaskThread "GC Thread#6" [stack: 0x000000831e800000,0x000000831e900000] [id=22348]
  0x0000022a7ab28680 GCTaskThread "GC Thread#7" [stack: 0x000000831e900000,0x000000831ea00000] [id=6792]
  0x0000022a7ab28d40 GCTaskThread "GC Thread#8" [stack: 0x000000831ea00000,0x000000831eb00000] [id=14136]
  0x0000022a7ab29400 GCTaskThread "GC Thread#9" [stack: 0x000000831eb00000,0x000000831ec00000] [id=24952]
  0x0000022a7ab296b0 GCTaskThread "GC Thread#10" [stack: 0x000000831ec00000,0x000000831ed00000] [id=21324]
  0x0000022a7ab95300 GCTaskThread "GC Thread#11" [stack: 0x000000831ed00000,0x000000831ee00000] [id=3684]
  0x0000022a561a69e0 ConcurrentGCThread "G1 Main Marker" [stack: 0x000000831b700000,0x000000831b800000] [id=12644]
  0x0000022a561a8ab0 ConcurrentGCThread "G1 Conc#0" [stack: 0x000000831b800000,0x000000831b900000] [id=1968]
  0x0000022a5620e820 ConcurrentGCThread "G1 Refine#0" [stack: 0x000000831b900000,0x000000831ba00000] [id=19752]
  0x0000022a7ab96810 ConcurrentGCThread "G1 Refine#1" [stack: 0x000000831ee00000,0x000000831ef00000] [id=4080]
  0x0000022a796871c0 ConcurrentGCThread "G1 Service" [stack: 0x000000831ba00000,0x000000831bb00000] [id=7076]

Threads with active compile tasks:

VM state: not at safepoint (normal execution)

VM Mutex/Monitor currently owned by a thread: None

Heap address: 0x0000000709600000, size: 3946 MB, Compressed Oops mode: Zero based, Oop shift amount: 3

CDS archive(s) mapped at: [0x0000000800000000-0x0000000800bc0000-0x0000000800bc0000), size 12320768, SharedBaseAddress: 0x0000000800000000, ArchiveRelocationMode: 0.
Compressed class space mapped at: 0x0000000800c00000-0x0000000840c00000, reserved size: 1073741824
Narrow klass base: 0x0000000800000000, Narrow klass shift: 0, Narrow klass range: 0x100000000

GC Precious Log:
 CPUs: 16 total, 16 available
 Memory: 15776M
 Large Page Support: Disabled
 NUMA Support: Disabled
 Compressed Oops: Enabled (Zero based)
 Heap Region Size: 2M
 Heap Min Capacity: 8M
 Heap Initial Capacity: 248M
 Heap Max Capacity: 3946M
 Pre-touch: Disabled
 Parallel Workers: 13
 Concurrent Workers: 3
 Concurrent Refinement Workers: 13
 Periodic GC: Disabled

Heap:
 garbage-first heap   total 253952K, used 14508K [0x0000000709600000, 0x0000000800000000)
  region size 2048K, 5 young (10240K), 2 survivors (4096K)
 Metaspace       used 6914K, committed 7104K, reserved 1056768K
  class space    used 752K, committed 832K, reserved 1048576K

Heap Regions: E=young(eden), S=young(survivor), O=old, HS=humongous(starts), HC=humongous(continues), CS=collection set, F=free, OA=open archive, CA=closed archive, TAMS=top-at-mark-start (previous, next)
|   0|0x0000000709600000, 0x0000000709800000, 0x0000000709800000|100%|HS|  |TAMS 0x0000000709600000, 0x0000000709600000| Complete 
|   1|0x0000000709800000, 0x0000000709a00000, 0x0000000709a00000|100%|HC|  |TAMS 0x0000000709800000, 0x0000000709800000| Complete 
|   2|0x0000000709a00000, 0x0000000709c00000, 0x0000000709c00000|100%| O|  |TAMS 0x0000000709a00000, 0x0000000709a00000| Untracked 
|   3|0x0000000709c00000, 0x0000000709c2b200, 0x0000000709e00000|  8%| O|  |TAMS 0x0000000709c00000, 0x0000000709c00000| Untracked 
|   4|0x0000000709e00000, 0x0000000709e00000, 0x000000070a000000|  0%| F|  |TAMS 0x0000000709e00000, 0x0000000709e00000| Untracked 
|   5|0x000000070a000000, 0x000000070a000000, 0x000000070a200000|  0%| F|  |TAMS 0x000000070a000000, 0x000000070a000000| Untracked 
|   6|0x000000070a200000, 0x000000070a200000, 0x000000070a400000|  0%| F|  |TAMS 0x000000070a200000, 0x000000070a200000| Untracked 
|   7|0x000000070a400000, 0x000000070a400000, 0x000000070a600000|  0%| F|  |TAMS 0x000000070a400000, 0x000000070a400000| Untracked 
|   8|0x000000070a600000, 0x000000070a600000, 0x000000070a800000|  0%| F|  |TAMS 0x000000070a600000, 0x000000070a600000| Untracked 
|   9|0x000000070a800000, 0x000000070a800000, 0x000000070aa00000|  0%| F|  |TAMS 0x000000070a800000, 0x000000070a800000| Untracked 
|  10|0x000000070aa00000, 0x000000070aa00000, 0x000000070ac00000|  0%| F|  |TAMS 0x000000070aa00000, 0x000000070aa00000| Untracked 
|  11|0x000000070ac00000, 0x000000070ac00000, 0x000000070ae00000|  0%| F|  |TAMS 0x000000070ac00000, 0x000000070ac00000| Untracked 
|  12|0x000000070ae00000, 0x000000070ae00000, 0x000000070b000000|  0%| F|  |TAMS 0x000000070ae00000, 0x000000070ae00000| Untracked 
|  13|0x000000070b000000, 0x000000070b000000, 0x000000070b200000|  0%| F|  |TAMS 0x000000070b000000, 0x000000070b000000| Untracked 
|  14|0x000000070b200000, 0x000000070b200000, 0x000000070b400000|  0%| F|  |TAMS 0x000000070b200000, 0x000000070b200000| Untracked 
|  15|0x000000070b400000, 0x000000070b400000, 0x000000070b600000|  0%| F|  |TAMS 0x000000070b400000, 0x000000070b400000| Untracked 
|  16|0x000000070b600000, 0x000000070b600000, 0x000000070b800000|  0%| F|  |TAMS 0x000000070b600000, 0x000000070b600000| Untracked 
|  17|0x000000070b800000, 0x000000070b800000, 0x000000070ba00000|  0%| F|  |TAMS 0x000000070b800000, 0x000000070b800000| Untracked 
|  18|0x000000070ba00000, 0x000000070ba00000, 0x000000070bc00000|  0%| F|  |TAMS 0x000000070ba00000, 0x000000070ba00000| Untracked 
|  19|0x000000070bc00000, 0x000000070bc00000, 0x000000070be00000|  0%| F|  |TAMS 0x000000070bc00000, 0x000000070bc00000| Untracked 
|  20|0x000000070be00000, 0x000000070be00000, 0x000000070c000000|  0%| F|  |TAMS 0x000000070be00000, 0x000000070be00000| Untracked 
|  21|0x000000070c000000, 0x000000070c000000, 0x000000070c200000|  0%| F|  |TAMS 0x000000070c000000, 0x000000070c000000| Untracked 
|  22|0x000000070c200000, 0x000000070c200000, 0x000000070c400000|  0%| F|  |TAMS 0x000000070c200000, 0x000000070c200000| Untracked 
|  23|0x000000070c400000, 0x000000070c400000, 0x000000070c600000|  0%| F|  |TAMS 0x000000070c400000, 0x000000070c400000| Untracked 
|  24|0x000000070c600000, 0x000000070c600000, 0x000000070c800000|  0%| F|  |TAMS 0x000000070c600000, 0x000000070c600000| Untracked 
|  25|0x000000070c800000, 0x000000070c800000, 0x000000070ca00000|  0%| F|  |TAMS 0x000000070c800000, 0x000000070c800000| Untracked 
|  26|0x000000070ca00000, 0x000000070ca00000, 0x000000070cc00000|  0%| F|  |TAMS 0x000000070ca00000, 0x000000070ca00000| Untracked 
|  27|0x000000070cc00000, 0x000000070cc00000, 0x000000070ce00000|  0%| F|  |TAMS 0x000000070cc00000, 0x000000070cc00000| Untracked 
|  28|0x000000070ce00000, 0x000000070ce00000, 0x000000070d000000|  0%| F|  |TAMS 0x000000070ce00000, 0x000000070ce00000| Untracked 
|  29|0x000000070d000000, 0x000000070d000000, 0x000000070d200000|  0%| F|  |TAMS 0x000000070d000000, 0x000000070d000000| Untracked 
|  30|0x000000070d200000, 0x000000070d200000, 0x000000070d400000|  0%| F|  |TAMS 0x000000070d200000, 0x000000070d200000| Untracked 
|  31|0x000000070d400000, 0x000000070d400000, 0x000000070d600000|  0%| F|  |TAMS 0x000000070d400000, 0x000000070d400000| Untracked 
|  32|0x000000070d600000, 0x000000070d600000, 0x000000070d800000|  0%| F|  |TAMS 0x000000070d600000, 0x000000070d600000| Untracked 
|  33|0x000000070d800000, 0x000000070d800000, 0x000000070da00000|  0%| F|  |TAMS 0x000000070d800000, 0x000000070d800000| Untracked 
|  34|0x000000070da00000, 0x000000070da00000, 0x000000070dc00000|  0%| F|  |TAMS 0x000000070da00000, 0x000000070da00000| Untracked 
|  35|0x000000070dc00000, 0x000000070dc00000, 0x000000070de00000|  0%| F|  |TAMS 0x000000070dc00000, 0x000000070dc00000| Untracked 
|  36|0x000000070de00000, 0x000000070de00000, 0x000000070e000000|  0%| F|  |TAMS 0x000000070de00000, 0x000000070de00000| Untracked 
|  37|0x000000070e000000, 0x000000070e000000, 0x000000070e200000|  0%| F|  |TAMS 0x000000070e000000, 0x000000070e000000| Untracked 
|  38|0x000000070e200000, 0x000000070e200000, 0x000000070e400000|  0%| F|  |TAMS 0x000000070e200000, 0x000000070e200000| Untracked 
|  39|0x000000070e400000, 0x000000070e400000, 0x000000070e600000|  0%| F|  |TAMS 0x000000070e400000, 0x000000070e400000| Untracked 
|  40|0x000000070e600000, 0x000000070e600000, 0x000000070e800000|  0%| F|  |TAMS 0x000000070e600000, 0x000000070e600000| Untracked 
|  41|0x000000070e800000, 0x000000070e800000, 0x000000070ea00000|  0%| F|  |TAMS 0x000000070e800000, 0x000000070e800000| Untracked 
|  42|0x000000070ea00000, 0x000000070ea00000, 0x000000070ec00000|  0%| F|  |TAMS 0x000000070ea00000, 0x000000070ea00000| Untracked 
|  43|0x000000070ec00000, 0x000000070ec00000, 0x000000070ee00000|  0%| F|  |TAMS 0x000000070ec00000, 0x000000070ec00000| Untracked 
|  44|0x000000070ee00000, 0x000000070ee00000, 0x000000070f000000|  0%| F|  |TAMS 0x000000070ee00000, 0x000000070ee00000| Untracked 
|  45|0x000000070f000000, 0x000000070f000000, 0x000000070f200000|  0%| F|  |TAMS 0x000000070f000000, 0x000000070f000000| Untracked 
|  46|0x000000070f200000, 0x000000070f200000, 0x000000070f400000|  0%| F|  |TAMS 0x000000070f200000, 0x000000070f200000| Untracked 
|  47|0x000000070f400000, 0x000000070f400000, 0x000000070f600000|  0%| F|  |TAMS 0x000000070f400000, 0x000000070f400000| Untracked 
|  48|0x000000070f600000, 0x000000070f600000, 0x000000070f800000|  0%| F|  |TAMS 0x000000070f600000, 0x000000070f600000| Untracked 
|  49|0x000000070f800000, 0x000000070f800000, 0x000000070fa00000|  0%| F|  |TAMS 0x000000070f800000, 0x000000070f800000| Untracked 
|  50|0x000000070fa00000, 0x000000070fa00000, 0x000000070fc00000|  0%| F|  |TAMS 0x000000070fa00000, 0x000000070fa00000| Untracked 
|  51|0x000000070fc00000, 0x000000070fc00000, 0x000000070fe00000|  0%| F|  |TAMS 0x000000070fc00000, 0x000000070fc00000| Untracked 
|  52|0x000000070fe00000, 0x000000070fe00000, 0x0000000710000000|  0%| F|  |TAMS 0x000000070fe00000, 0x000000070fe00000| Untracked 
|  53|0x0000000710000000, 0x0000000710000000, 0x0000000710200000|  0%| F|  |TAMS 0x0000000710000000, 0x0000000710000000| Untracked 
|  54|0x0000000710200000, 0x0000000710200000, 0x0000000710400000|  0%| F|  |TAMS 0x0000000710200000, 0x0000000710200000| Untracked 
|  55|0x0000000710400000, 0x0000000710400000, 0x0000000710600000|  0%| F|  |TAMS 0x0000000710400000, 0x0000000710400000| Untracked 
|  56|0x0000000710600000, 0x0000000710600000, 0x0000000710800000|  0%| F|  |TAMS 0x0000000710600000, 0x0000000710600000| Untracked 
|  57|0x0000000710800000, 0x0000000710800000, 0x0000000710a00000|  0%| F|  |TAMS 0x0000000710800000, 0x0000000710800000| Untracked 
|  58|0x0000000710a00000, 0x0000000710a00000, 0x0000000710c00000|  0%| F|  |TAMS 0x0000000710a00000, 0x0000000710a00000| Untracked 
|  59|0x0000000710c00000, 0x0000000710c00000, 0x0000000710e00000|  0%| F|  |TAMS 0x0000000710c00000, 0x0000000710c00000| Untracked 
|  60|0x0000000710e00000, 0x0000000710e00000, 0x0000000711000000|  0%| F|  |TAMS 0x0000000710e00000, 0x0000000710e00000| Untracked 
|  61|0x0000000711000000, 0x0000000711000000, 0x0000000711200000|  0%| F|  |TAMS 0x0000000711000000, 0x0000000711000000| Untracked 
|  62|0x0000000711200000, 0x0000000711200000, 0x0000000711400000|  0%| F|  |TAMS 0x0000000711200000, 0x0000000711200000| Untracked 
|  63|0x0000000711400000, 0x0000000711400000, 0x0000000711600000|  0%| F|  |TAMS 0x0000000711400000, 0x0000000711400000| Untracked 
|  64|0x0000000711600000, 0x0000000711600000, 0x0000000711800000|  0%| F|  |TAMS 0x0000000711600000, 0x0000000711600000| Untracked 
|  65|0x0000000711800000, 0x0000000711800000, 0x0000000711a00000|  0%| F|  |TAMS 0x0000000711800000, 0x0000000711800000| Untracked 
|  66|0x0000000711a00000, 0x0000000711a00000, 0x0000000711c00000|  0%| F|  |TAMS 0x0000000711a00000, 0x0000000711a00000| Untracked 
|  67|0x0000000711c00000, 0x0000000711c00000, 0x0000000711e00000|  0%| F|  |TAMS 0x0000000711c00000, 0x0000000711c00000| Untracked 
|  68|0x0000000711e00000, 0x0000000711e00000, 0x0000000712000000|  0%| F|  |TAMS 0x0000000711e00000, 0x0000000711e00000| Untracked 
|  69|0x0000000712000000, 0x0000000712000000, 0x0000000712200000|  0%| F|  |TAMS 0x0000000712000000, 0x0000000712000000| Untracked 
|  70|0x0000000712200000, 0x0000000712200000, 0x0000000712400000|  0%| F|  |TAMS 0x0000000712200000, 0x0000000712200000| Untracked 
|  71|0x0000000712400000, 0x0000000712400000, 0x0000000712600000|  0%| F|  |TAMS 0x0000000712400000, 0x0000000712400000| Untracked 
|  72|0x0000000712600000, 0x0000000712600000, 0x0000000712800000|  0%| F|  |TAMS 0x0000000712600000, 0x0000000712600000| Untracked 
|  73|0x0000000712800000, 0x0000000712800000, 0x0000000712a00000|  0%| F|  |TAMS 0x0000000712800000, 0x0000000712800000| Untracked 
|  74|0x0000000712a00000, 0x0000000712a00000, 0x0000000712c00000|  0%| F|  |TAMS 0x0000000712a00000, 0x0000000712a00000| Untracked 
|  75|0x0000000712c00000, 0x0000000712c00000, 0x0000000712e00000|  0%| F|  |TAMS 0x0000000712c00000, 0x0000000712c00000| Untracked 
|  76|0x0000000712e00000, 0x0000000712e00000, 0x0000000713000000|  0%| F|  |TAMS 0x0000000712e00000, 0x0000000712e00000| Untracked 
|  77|0x0000000713000000, 0x0000000713000000, 0x0000000713200000|  0%| F|  |TAMS 0x0000000713000000, 0x0000000713000000| Untracked 
|  78|0x0000000713200000, 0x0000000713200000, 0x0000000713400000|  0%| F|  |TAMS 0x0000000713200000, 0x0000000713200000| Untracked 
|  79|0x0000000713400000, 0x0000000713400000, 0x0000000713600000|  0%| F|  |TAMS 0x0000000713400000, 0x0000000713400000| Untracked 
|  80|0x0000000713600000, 0x0000000713600000, 0x0000000713800000|  0%| F|  |TAMS 0x0000000713600000, 0x0000000713600000| Untracked 
|  81|0x0000000713800000, 0x0000000713800000, 0x0000000713a00000|  0%| F|  |TAMS 0x0000000713800000, 0x0000000713800000| Untracked 
|  82|0x0000000713a00000, 0x0000000713a00000, 0x0000000713c00000|  0%| F|  |TAMS 0x0000000713a00000, 0x0000000713a00000| Untracked 
|  83|0x0000000713c00000, 0x0000000713c00000, 0x0000000713e00000|  0%| F|  |TAMS 0x0000000713c00000, 0x0000000713c00000| Untracked 
|  84|0x0000000713e00000, 0x0000000713e00000, 0x0000000714000000|  0%| F|  |TAMS 0x0000000713e00000, 0x0000000713e00000| Untracked 
|  85|0x0000000714000000, 0x0000000714000000, 0x0000000714200000|  0%| F|  |TAMS 0x0000000714000000, 0x0000000714000000| Untracked 
|  86|0x0000000714200000, 0x0000000714200000, 0x0000000714400000|  0%| F|  |TAMS 0x0000000714200000, 0x0000000714200000| Untracked 
|  87|0x0000000714400000, 0x0000000714400000, 0x0000000714600000|  0%| F|  |TAMS 0x0000000714400000, 0x0000000714400000| Untracked 
|  88|0x0000000714600000, 0x0000000714600000, 0x0000000714800000|  0%| F|  |TAMS 0x0000000714600000, 0x0000000714600000| Untracked 
|  89|0x0000000714800000, 0x0000000714800000, 0x0000000714a00000|  0%| F|  |TAMS 0x0000000714800000, 0x0000000714800000| Untracked 
|  90|0x0000000714a00000, 0x0000000714a00000, 0x0000000714c00000|  0%| F|  |TAMS 0x0000000714a00000, 0x0000000714a00000| Untracked 
|  91|0x0000000714c00000, 0x0000000714c00000, 0x0000000714e00000|  0%| F|  |TAMS 0x0000000714c00000, 0x0000000714c00000| Untracked 
|  92|0x0000000714e00000, 0x0000000714e00000, 0x0000000715000000|  0%| F|  |TAMS 0x0000000714e00000, 0x0000000714e00000| Untracked 
|  93|0x0000000715000000, 0x0000000715000000, 0x0000000715200000|  0%| F|  |TAMS 0x0000000715000000, 0x0000000715000000| Untracked 
|  94|0x0000000715200000, 0x0000000715200000, 0x0000000715400000|  0%| F|  |TAMS 0x0000000715200000, 0x0000000715200000| Untracked 
|  95|0x0000000715400000, 0x0000000715400000, 0x0000000715600000|  0%| F|  |TAMS 0x0000000715400000, 0x0000000715400000| Untracked 
|  96|0x0000000715600000, 0x0000000715600000, 0x0000000715800000|  0%| F|  |TAMS 0x0000000715600000, 0x0000000715600000| Untracked 
|  97|0x0000000715800000, 0x0000000715800000, 0x0000000715a00000|  0%| F|  |TAMS 0x0000000715800000, 0x0000000715800000| Untracked 
|  98|0x0000000715a00000, 0x0000000715a00000, 0x0000000715c00000|  0%| F|  |TAMS 0x0000000715a00000, 0x0000000715a00000| Untracked 
|  99|0x0000000715c00000, 0x0000000715c00000, 0x0000000715e00000|  0%| F|  |TAMS 0x0000000715c00000, 0x0000000715c00000| Untracked 
| 100|0x0000000715e00000, 0x0000000715e00000, 0x0000000716000000|  0%| F|  |TAMS 0x0000000715e00000, 0x0000000715e00000| Untracked 
| 101|0x0000000716000000, 0x0000000716000000, 0x0000000716200000|  0%| F|  |TAMS 0x0000000716000000, 0x0000000716000000| Untracked 
| 102|0x0000000716200000, 0x0000000716200000, 0x0000000716400000|  0%| F|  |TAMS 0x0000000716200000, 0x0000000716200000| Untracked 
| 103|0x0000000716400000, 0x0000000716400000, 0x0000000716600000|  0%| F|  |TAMS 0x0000000716400000, 0x0000000716400000| Untracked 
| 104|0x0000000716600000, 0x0000000716600000, 0x0000000716800000|  0%| F|  |TAMS 0x0000000716600000, 0x0000000716600000| Untracked 
| 105|0x0000000716800000, 0x0000000716800000, 0x0000000716a00000|  0%| F|  |TAMS 0x0000000716800000, 0x0000000716800000| Untracked 
| 106|0x0000000716a00000, 0x0000000716a00000, 0x0000000716c00000|  0%| F|  |TAMS 0x0000000716a00000, 0x0000000716a00000| Untracked 
| 107|0x0000000716c00000, 0x0000000716c00000, 0x0000000716e00000|  0%| F|  |TAMS 0x0000000716c00000, 0x0000000716c00000| Untracked 
| 108|0x0000000716e00000, 0x0000000716e00000, 0x0000000717000000|  0%| F|  |TAMS 0x0000000716e00000, 0x0000000716e00000| Untracked 
| 109|0x0000000717000000, 0x0000000717000000, 0x0000000717200000|  0%| F|  |TAMS 0x0000000717000000, 0x0000000717000000| Untracked 
| 110|0x0000000717200000, 0x0000000717200000, 0x0000000717400000|  0%| F|  |TAMS 0x0000000717200000, 0x0000000717200000| Untracked 
| 111|0x0000000717400000, 0x0000000717600000, 0x0000000717600000|100%| S|CS|TAMS 0x0000000717400000, 0x0000000717400000| Complete 
| 112|0x0000000717600000, 0x0000000717800000, 0x0000000717800000|100%| S|CS|TAMS 0x0000000717600000, 0x0000000717600000| Complete 
| 113|0x0000000717800000, 0x0000000717800000, 0x0000000717a00000|  0%| F|  |TAMS 0x0000000717800000, 0x0000000717800000| Untracked 
| 114|0x0000000717a00000, 0x0000000717a00000, 0x0000000717c00000|  0%| F|  |TAMS 0x0000000717a00000, 0x0000000717a00000| Untracked 
| 115|0x0000000717c00000, 0x0000000717c00000, 0x0000000717e00000|  0%| F|  |TAMS 0x0000000717c00000, 0x0000000717c00000| Untracked 
| 116|0x0000000717e00000, 0x0000000717e00000, 0x0000000718000000|  0%| F|  |TAMS 0x0000000717e00000, 0x0000000717e00000| Untracked 
| 117|0x0000000718000000, 0x0000000718000000, 0x0000000718200000|  0%| F|  |TAMS 0x0000000718000000, 0x0000000718000000| Untracked 
| 118|0x0000000718200000, 0x0000000718200000, 0x0000000718400000|  0%| F|  |TAMS 0x0000000718200000, 0x0000000718200000| Untracked 
| 119|0x0000000718400000, 0x0000000718400000, 0x0000000718600000|  0%| F|  |TAMS 0x0000000718400000, 0x0000000718400000| Untracked 
| 120|0x0000000718600000, 0x0000000718600000, 0x0000000718800000|  0%| F|  |TAMS 0x0000000718600000, 0x0000000718600000| Untracked 
| 121|0x0000000718800000, 0x00000007189434b0, 0x0000000718a00000| 63%| E|  |TAMS 0x0000000718800000, 0x0000000718800000| Complete 
| 122|0x0000000718a00000, 0x0000000718c00000, 0x0000000718c00000|100%| E|CS|TAMS 0x0000000718a00000, 0x0000000718a00000| Complete 
| 123|0x0000000718c00000, 0x0000000718e00000, 0x0000000718e00000|100%| E|CS|TAMS 0x0000000718c00000, 0x0000000718c00000| Complete 

Card table byte_map: [0x0000022a6dc60000,0x0000022a6e420000] _byte_map_base: 0x0000022a6a415000

Marking Bits (Prev, Next): (CMBitMap*) 0x0000022a56196a20, (CMBitMap*) 0x0000022a56196a60
 Prev Bits: [0x0000022a6ebe0000, 0x0000022a72988000)
 Next Bits: [0x0000022a72990000, 0x0000022a76738000)

Polling page: 0x0000022a55910000

Metaspace:

Usage:
  Non-class:      6.02 MB used.
      Class:    752.12 KB used.
       Both:      6.75 MB used.

Virtual space:
  Non-class space:        8.00 MB reserved,       6.12 MB ( 77%) committed,  1 nodes.
      Class space:        1.00 GB reserved,     832.00 KB ( <1%) committed,  1 nodes.
             Both:        1.01 GB reserved,       6.94 MB ( <1%) committed. 

Chunk freelists:
   Non-Class:  1.89 MB
       Class:  3.22 MB
        Both:  5.12 MB

MaxMetaspaceSize: unlimited
CompressedClassSpaceSize: 1.00 GB
Initial GC threshold: 21.00 MB
Current GC threshold: 21.00 MB
CDS: on
MetaspaceReclaimPolicy: balanced
 - commit_granule_bytes: 65536.
 - commit_granule_words: 8192.
 - virtual_space_node_default_size: 1048576.
 - enlarge_chunks_in_place: 1.
 - new_chunks_are_fully_committed: 0.
 - uncommit_free_chunks: 1.
 - use_allocation_guard: 0.
 - handle_deallocations: 1.


Internal statistics:

num_allocs_failed_limit: 0.
num_arena_births: 128.
num_arena_deaths: 0.
num_vsnodes_births: 2.
num_vsnodes_deaths: 0.
num_space_committed: 111.
num_space_uncommitted: 0.
num_chunks_returned_to_freelist: 0.
num_chunks_taken_from_freelist: 177.
num_chunk_merges: 0.
num_chunk_splits: 106.
num_chunks_enlarged: 52.
num_purges: 0.
num_inconsistent_stats: 0.

CodeHeap 'non-profiled nmethods': size=119168Kb used=453Kb max_used=453Kb free=118715Kb
 bounds [0x0000022a657c0000, 0x0000022a65a30000, 0x0000022a6cc20000]
CodeHeap 'profiled nmethods': size=119104Kb used=1507Kb max_used=1507Kb free=117596Kb
 bounds [0x0000022a5e370000, 0x0000022a5e5e0000, 0x0000022a657c0000]
CodeHeap 'non-nmethods': size=7488Kb used=2383Kb max_used=2416Kb free=5104Kb
 bounds [0x0000022a5dc20000, 0x0000022a5de90000, 0x0000022a5e370000]
 total_blobs=1685 nmethods=1104 adapters=492
 compilation: enabled
              stopped_count=0, restarted_count=0
 full_count=0

Compilation events (20 events):
Event: 0.860 Thread 0x0000022a7a263b90 1085       3       sun.java2d.pipe.RenderBuffer::putLong (26 bytes)
Event: 0.860 Thread 0x0000022a7a25f660 1086       3       jdk.internal.misc.Unsafe::putLong (8 bytes)
Event: 0.860 Thread 0x0000022a7a25f660 nmethod 1086 0x0000022a5e4e7490 code [0x0000022a5e4e7620, 0x0000022a5e4e7738]
Event: 0.860 Thread 0x0000022a7a263b90 nmethod 1085 0x0000022a5e4e7810 code [0x0000022a5e4e79a0, 0x0000022a5e4e7b38]
Event: 0.860 Thread 0x0000022a7a11d860 1088 %     4       summit.gfx.Renderer::rotate @ 21 (62 bytes)
Event: 0.862 Thread 0x0000022a7a11f580 1089       1       summit.game.entity.Entity::inWater (5 bytes)
Event: 0.862 Thread 0x0000022a7a25f660 1090       1       summit.game.GameUpdateEvent::getDeltaTime (5 bytes)
Event: 0.862 Thread 0x0000022a7a25f660 nmethod 1090 0x0000022a65829510 code [0x0000022a658296a0, 0x0000022a65829778]
Event: 0.862 Thread 0x0000022a7a11f580 nmethod 1089 0x0000022a65829810 code [0x0000022a658299a0, 0x0000022a65829a78]
Event: 0.864 Thread 0x0000022a7a968b30 1091       4       java.util.HashMap::get (19 bytes)
Event: 0.867 Thread 0x0000022a7a11d860 nmethod 1088% 0x0000022a65829b10 code [0x0000022a65829ca0, 0x0000022a6582a0d8]
Event: 0.868 Thread 0x0000022a7a968b30 nmethod 1091 0x0000022a6582a310 code [0x0000022a6582a4c0, 0x0000022a6582aa98]
Event: 0.873 Thread 0x0000022a7a96a790 1092       4       summit.gfx.Renderer::rotate (62 bytes)
Event: 0.875 Thread 0x0000022a7a968b30 1093 %     4       summit.gfx.Renderer::filterFrame @ 10 (57 bytes)
Event: 0.883 Thread 0x0000022a7a968b30 nmethod 1093% 0x0000022a6582ae10 code [0x0000022a6582afa0, 0x0000022a6582b5d8]
Event: 0.884 Thread 0x0000022a7a96a790 nmethod 1092 0x0000022a6582b890 code [0x0000022a6582ba20, 0x0000022a6582bf98]
Event: 0.887 Thread 0x0000022a7a11f580 1094       3       summit.game.tile.WaterTile::paint (48 bytes)
Event: 0.888 Thread 0x0000022a7a11f580 nmethod 1094 0x0000022a5e4e7c10 code [0x0000022a5e4e7e80, 0x0000022a5e4e89f8]
Event: 0.896 Thread 0x0000022a7a968b30 1095       4       summit.gfx.Renderer::filterFrame (57 bytes)
Event: 0.900 Thread 0x0000022a7a968b30 nmethod 1095 0x0000022a6582c290 code [0x0000022a6582c420, 0x0000022a6582c698]

GC Heap History (2 events):
Event: 0.846 GC heap before
{Heap before GC invocations=0 (full 0):
 garbage-first heap   total 253952K, used 26624K [0x0000000709600000, 0x0000000800000000)
  region size 2048K, 11 young (22528K), 0 survivors (0K)
 Metaspace       used 6904K, committed 7104K, reserved 1056768K
  class space    used 752K, committed 832K, reserved 1048576K
}
Event: 0.849 GC heap after
{Heap after GC invocations=1 (full 0):
 garbage-first heap   total 253952K, used 10412K [0x0000000709600000, 0x0000000800000000)
  region size 2048K, 2 young (4096K), 2 survivors (4096K)
 Metaspace       used 6904K, committed 7104K, reserved 1056768K
  class space    used 752K, committed 832K, reserved 1048576K
}

Deoptimization events (20 events):
Event: 0.852 Thread 0x0000022a7a928c70 DEOPT PACKING pc=0x0000022a5e4dd7a2 sp=0x000000831dcff010
Event: 0.852 Thread 0x0000022a7a928c70 DEOPT UNPACKING pc=0x0000022a5dc72b43 sp=0x000000831dcfe4b8 mode 0
Event: 0.852 Thread 0x0000022a7a928c70 DEOPT PACKING pc=0x0000022a5e4dd7a2 sp=0x000000831dcff010
Event: 0.852 Thread 0x0000022a7a928c70 DEOPT UNPACKING pc=0x0000022a5dc72b43 sp=0x000000831dcfe4b8 mode 0
Event: 0.853 Thread 0x0000022a7a928c70 DEOPT PACKING pc=0x0000022a5e4dd7a2 sp=0x000000831dcff010
Event: 0.853 Thread 0x0000022a7a928c70 DEOPT UNPACKING pc=0x0000022a5dc72b43 sp=0x000000831dcfe4b8 mode 0
Event: 0.853 Thread 0x0000022a7a928c70 DEOPT PACKING pc=0x0000022a5e4dd7a2 sp=0x000000831dcff010
Event: 0.853 Thread 0x0000022a7a928c70 DEOPT UNPACKING pc=0x0000022a5dc72b43 sp=0x000000831dcfe4b8 mode 0
Event: 0.853 Thread 0x0000022a7a928c70 DEOPT PACKING pc=0x0000022a5e4dd7a2 sp=0x000000831dcff010
Event: 0.853 Thread 0x0000022a7a928c70 DEOPT UNPACKING pc=0x0000022a5dc72b43 sp=0x000000831dcfe4b8 mode 0
Event: 0.853 Thread 0x0000022a7a928c70 DEOPT PACKING pc=0x0000022a5e4dd7a2 sp=0x000000831dcff010
Event: 0.853 Thread 0x0000022a7a928c70 DEOPT UNPACKING pc=0x0000022a5dc72b43 sp=0x000000831dcfe4b8 mode 0
Event: 0.854 Thread 0x0000022a7a928c70 DEOPT PACKING pc=0x0000022a5e4dd7a2 sp=0x000000831dcff010
Event: 0.854 Thread 0x0000022a7a928c70 DEOPT UNPACKING pc=0x0000022a5dc72b43 sp=0x000000831dcfe4b8 mode 0
Event: 0.854 Thread 0x0000022a7a928c70 DEOPT PACKING pc=0x0000022a5e4dd7a2 sp=0x000000831dcff010
Event: 0.854 Thread 0x0000022a7a928c70 DEOPT UNPACKING pc=0x0000022a5dc72b43 sp=0x000000831dcfe4b8 mode 0
Event: 0.873 Thread 0x0000022a7a928c70 DEOPT PACKING pc=0x0000022a5e4def1d sp=0x000000831dcfed40
Event: 0.873 Thread 0x0000022a7a928c70 DEOPT UNPACKING pc=0x0000022a5dc72b43 sp=0x000000831dcfe1d0 mode 0
Event: 0.896 Thread 0x0000022a7a928c70 DEOPT PACKING pc=0x0000022a5e4e1857 sp=0x000000831dcff0d0
Event: 0.896 Thread 0x0000022a7a928c70 DEOPT UNPACKING pc=0x0000022a5dc72b43 sp=0x000000831dcfe578 mode 0

Classes unloaded (0 events):
No events

Classes redefined (0 events):
No events

Internal exceptions (15 events):
Event: 0.054 Thread 0x0000022a7a286290 Exception <a 'java/lang/ClassNotFoundException'{0x0000000718a2b280}: sun/awt/resources/spi/awtProvider> (0x0000000718a2b280) 
thrown [s\src\hotspot\share\classfile\systemDictionary.cpp, line 256]
Event: 0.073 Thread 0x0000022a7a286290 Exception <a 'java/io/FileNotFoundException'{0x0000000718af4da8}> (0x0000000718af4da8) 
thrown [s\src\hotspot\share\prims\jni.cpp, line 516]
Event: 0.079 Thread 0x0000022a7a286290 Exception <a 'java/io/FileNotFoundException'{0x0000000718b21d00}> (0x0000000718b21d00) 
thrown [s\src\hotspot\share\prims\jni.cpp, line 516]
Event: 0.093 Thread 0x0000022a7a286290 Exception <a 'java/lang/NoSuchMethodError'{0x0000000718bc7f90}: 'java.lang.Object java.lang.invoke.DirectMethodHandle$Holder.invokeStaticInit(java.lang.Object)'> (0x0000000718bc7f90) 
thrown [s\src\hotspot\share\interpreter\linkResolver.cpp, line 759]
Event: 0.236 Thread 0x0000022a7a286290 Exception <a 'java/lang/NoSuchMethodError'{0x0000000718766788}: 'void java.lang.invoke.DirectMethodHandle$Holder.invokeSpecial(java.lang.Object, java.lang.Object, java.lang.Object)'> (0x0000000718766788) 
thrown [s\src\hotspot\share\interpreter\linkResolver.cpp, line 759]
Event: 0.242 Thread 0x0000022a7a286290 Exception <a 'java/lang/NoSuchMethodError'{0x0000000718790a20}: 'java.lang.Object java.lang.invoke.DirectMethodHandle$Holder.newInvokeSpecial(java.lang.Object, java.lang.Object, java.lang.Object, java.lang.Object, java.lang.Object)'> (0x0000000718790a20) 
thrown [s\src\hotspot\share\interpreter\linkResolver.cpp, line 759]
Event: 0.243 Thread 0x0000022a7a286290 Exception <a 'java/lang/NoSuchMethodError'{0x000000071879c3e8}: 'java.lang.Object java.lang.invoke.DirectMethodHandle$Holder.invokeStatic(java.lang.Object, int, java.lang.Object, java.lang.Object, java.lang.Object, java.lang.Object)'> (0x000000071879c3e8) 
thrown [s\src\hotspot\share\interpreter\linkResolver.cpp, line 759]
Event: 0.246 Thread 0x0000022a7a286290 Exception <a 'java/lang/NoSuchMethodError'{0x00000007187c1b08}: 'java.lang.Object java.lang.invoke.DirectMethodHandle$Holder.invokeStatic(java.lang.Object, int, java.lang.Object)'> (0x00000007187c1b08) 
thrown [s\src\hotspot\share\interpreter\linkResolver.cpp, line 759]
Event: 0.265 Thread 0x0000022a7a286290 Exception <a 'java/lang/ClassNotFoundException'{0x000000071847a018}: com/sun/swing/internal/plaf/metal/resources/spi/metalProvider> (0x000000071847a018) 
thrown [s\src\hotspot\share\classfile\systemDictionary.cpp, line 256]
Event: 0.266 Thread 0x0000022a7a286290 Exception <a 'java/lang/ClassNotFoundException'{0x000000071847dea0}: com/sun/swing/internal/plaf/basic/resources/spi/basicProvider> (0x000000071847dea0) 
thrown [s\src\hotspot\share\classfile\systemDictionary.cpp, line 256]
Event: 0.279 Thread 0x0000022a7a48ef60 Exception <a 'java/lang/NoSuchMethodError'{0x0000000718680998}: 'void java.lang.invoke.DirectMethodHandle$Holder.invokeVirtual(java.lang.Object, java.lang.Object)'> (0x0000000718680998) 
thrown [s\src\hotspot\share\interpreter\linkResolver.cpp, line 759]
Event: 0.291 Thread 0x0000022a7a286290 Exception <a 'java/lang/NoSuchMethodError'{0x00000007184bbde8}: 'void java.lang.invoke.DirectMethodHandle$Holder.invokeStaticInit(java.lang.Object)'> (0x00000007184bbde8) 
thrown [s\src\hotspot\share\interpreter\linkResolver.cpp, line 759]
Event: 0.775 Thread 0x0000022a7a9048f0 Implicit null exception at 0x0000022a6580fcd5 to 0x0000022a6580fdf8
Event: 0.775 Thread 0x0000022a7a9048f0 Implicit null exception at 0x0000022a65810e0b to 0x0000022a65811064
Event: 0.777 Thread 0x0000022a7a9048f0 Implicit null exception at 0x0000022a6580f856 to 0x0000022a6580f954

VM Operations (16 events):
Event: 0.040 Executing VM operation: HandshakeAllThreads
Event: 0.040 Executing VM operation: HandshakeAllThreads done
Event: 0.265 Executing VM operation: HandshakeAllThreads
Event: 0.265 Executing VM operation: HandshakeAllThreads done
Event: 0.309 Executing VM operation: HandshakeAllThreads
Event: 0.309 Executing VM operation: HandshakeAllThreads done
Event: 0.337 Executing VM operation: HandshakeAllThreads
Event: 0.337 Executing VM operation: HandshakeAllThreads done
Event: 0.755 Executing VM operation: HandshakeAllThreads
Event: 0.755 Executing VM operation: HandshakeAllThreads done
Event: 0.786 Executing VM operation: HandshakeAllThreads
Event: 0.786 Executing VM operation: HandshakeAllThreads done
Event: 0.788 Executing VM operation: HandshakeAllThreads
Event: 0.788 Executing VM operation: HandshakeAllThreads done
Event: 0.846 Executing VM operation: G1CollectForAllocation
Event: 0.849 Executing VM operation: G1CollectForAllocation done

Events (20 events):
Event: 0.365 loading class java/text/AttributedCharacterIterator
Event: 0.365 loading class java/text/CharacterIterator
Event: 0.365 loading class java/text/CharacterIterator done
Event: 0.365 loading class java/text/AttributedCharacterIterator done
Event: 0.365 loading class java/text/AttributedString$AttributedStringIterator done
Event: 0.372 loading class sun/awt/image/BufImgSurfaceManager
Event: 0.372 loading class sun/awt/image/BufImgSurfaceManager done
Event: 0.372 loading class sun/awt/image/BufImgSurfaceData
Event: 0.373 loading class sun/awt/image/BufImgSurfaceData done
Event: 0.373 loading class sun/awt/image/BufImgSurfaceData$ICMColorData
Event: 0.373 loading class sun/awt/image/BufImgSurfaceData$ICMColorData done
Event: 0.707 Thread 0x0000022a7a46d6f0 Thread exited: 0x0000022a7a46d6f0
Event: 0.752 loading class java/lang/Math$RandomNumberGeneratorHolder
Event: 0.752 loading class java/lang/Math$RandomNumberGeneratorHolder done
Event: 0.769 Thread 0x0000022a7a968b30 Thread added: 0x0000022a7a968b30
Event: 0.770 Thread 0x0000022a7a969040 Thread added: 0x0000022a7a969040
Event: 0.770 Thread 0x0000022a7a969550 Thread added: 0x0000022a7a969550
Event: 0.770 Thread 0x0000022a7a969e70 Thread added: 0x0000022a7a969e70
Event: 0.770 Thread 0x0000022a7a96a790 Thread added: 0x0000022a7a96a790
Event: 0.790 Thread 0x0000022a7a956be0 Thread added: 0x0000022a7a956be0


Dynamic libraries:
0x00007ff796dc0000 - 0x00007ff796dce000 	C:\Users\aadiu\AppData\Local\Programs\Eclipse Adoptium\jdk-17.0.4.101-hotspot\bin\java.exe
0x00007ffb36970000 - 0x00007ffb36b68000 	C:\Windows\SYSTEM32\ntdll.dll
0x00007ffb352a0000 - 0x00007ffb3535f000 	C:\Windows\System32\KERNEL32.DLL
0x00007ffb34310000 - 0x00007ffb345e2000 	C:\Windows\System32\KERNELBASE.dll
0x00007ffb34110000 - 0x00007ffb34210000 	C:\Windows\System32\ucrtbase.dll
0x00007ffb31af0000 - 0x00007ffb31b09000 	C:\Users\aadiu\AppData\Local\Programs\Eclipse Adoptium\jdk-17.0.4.101-hotspot\bin\VCRUNTIME140.dll
0x00007ffb26d60000 - 0x00007ffb26d78000 	C:\Users\aadiu\AppData\Local\Programs\Eclipse Adoptium\jdk-17.0.4.101-hotspot\bin\jli.dll
0x00007ffb35530000 - 0x00007ffb356cd000 	C:\Windows\System32\USER32.dll
0x00007ffb34720000 - 0x00007ffb34742000 	C:\Windows\System32\win32u.dll
0x00007ffb20b10000 - 0x00007ffb20daa000 	C:\Windows\WinSxS\amd64_microsoft.windows.common-controls_6595b64144ccf1df_6.0.19041.1110_none_60b5254171f9507e\COMCTL32.dll
0x00007ffb35fa0000 - 0x00007ffb35fcb000 	C:\Windows\System32\GDI32.dll
0x00007ffb35f00000 - 0x00007ffb35f9e000 	C:\Windows\System32\msvcrt.dll
0x00007ffb34750000 - 0x00007ffb3485f000 	C:\Windows\System32\gdi32full.dll
0x00007ffb345f0000 - 0x00007ffb3468d000 	C:\Windows\System32\msvcp_win.dll
0x00007ffb356f0000 - 0x00007ffb35722000 	C:\Windows\System32\IMM32.DLL
0x00007ffb31e90000 - 0x00007ffb31e9c000 	C:\Users\aadiu\AppData\Local\Programs\Eclipse Adoptium\jdk-17.0.4.101-hotspot\bin\vcruntime140_1.dll
0x00007ffb153c0000 - 0x00007ffb15451000 	C:\Users\aadiu\AppData\Local\Programs\Eclipse Adoptium\jdk-17.0.4.101-hotspot\bin\msvcp140.dll
0x00007ffabaac0000 - 0x00007ffabb706000 	C:\Users\aadiu\AppData\Local\Programs\Eclipse Adoptium\jdk-17.0.4.101-hotspot\bin\server\jvm.dll
0x00007ffb34ec0000 - 0x00007ffb34f6e000 	C:\Windows\System32\ADVAPI32.dll
0x00007ffb35e60000 - 0x00007ffb35efc000 	C:\Windows\System32\sechost.dll
0x00007ffb35ba0000 - 0x00007ffb35cc5000 	C:\Windows\System32\RPCRT4.dll
0x00007ffb34eb0000 - 0x00007ffb34eb8000 	C:\Windows\System32\PSAPI.DLL
0x00007ffb2d720000 - 0x00007ffb2d72a000 	C:\Windows\SYSTEM32\VERSION.dll
0x00007ffb1d990000 - 0x00007ffb1d999000 	C:\Windows\SYSTEM32\WSOCK32.dll
0x00007ffb31d40000 - 0x00007ffb31d67000 	C:\Windows\SYSTEM32\WINMM.dll
0x00007ffb35160000 - 0x00007ffb351cb000 	C:\Windows\System32\WS2_32.dll
0x00007ffb31fa0000 - 0x00007ffb31fb2000 	C:\Windows\SYSTEM32\kernel.appcore.dll
0x00007ffb2a2a0000 - 0x00007ffb2a2aa000 	C:\Users\aadiu\AppData\Local\Programs\Eclipse Adoptium\jdk-17.0.4.101-hotspot\bin\jimage.dll
0x00007ffb31b50000 - 0x00007ffb31d34000 	C:\Windows\SYSTEM32\DBGHELP.DLL
0x00007ffb31b20000 - 0x00007ffb31b4c000 	C:\Windows\SYSTEM32\dbgcore.DLL
0x00007ffb34690000 - 0x00007ffb34712000 	C:\Windows\System32\bcryptPrimitives.dll
0x00007ffb24f60000 - 0x00007ffb24f85000 	C:\Users\aadiu\AppData\Local\Programs\Eclipse Adoptium\jdk-17.0.4.101-hotspot\bin\java.dll
0x00007ffafa3c0000 - 0x00007ffafa496000 	C:\Users\aadiu\AppData\Local\Programs\Eclipse Adoptium\jdk-17.0.4.101-hotspot\bin\jsvml.dll
0x00007ffb35fd0000 - 0x00007ffb36713000 	C:\Windows\System32\SHELL32.dll
0x00007ffb32130000 - 0x00007ffb328c2000 	C:\Windows\SYSTEM32\windows.storage.dll
0x00007ffb34ad0000 - 0x00007ffb34e24000 	C:\Windows\System32\combase.dll
0x00007ffb33a60000 - 0x00007ffb33a90000 	C:\Windows\SYSTEM32\Wldp.dll
0x00007ffb349c0000 - 0x00007ffb34a6d000 	C:\Windows\System32\SHCORE.dll
0x00007ffb35020000 - 0x00007ffb35075000 	C:\Windows\System32\shlwapi.dll
0x00007ffb33fb0000 - 0x00007ffb33fcf000 	C:\Windows\SYSTEM32\profapi.dll
0x00007ffaf7000000 - 0x00007ffaf718e000 	C:\Users\aadiu\AppData\Local\Programs\Eclipse Adoptium\jdk-17.0.4.101-hotspot\bin\awt.dll
0x00007ffb351d0000 - 0x00007ffb3529d000 	C:\Windows\System32\OLEAUT32.dll
0x00007ffb31300000 - 0x00007ffb31391000 	C:\Windows\SYSTEM32\apphelp.dll
0x00007ffb1fa70000 - 0x00007ffb1fa88000 	C:\Users\aadiu\AppData\Local\Programs\Eclipse Adoptium\jdk-17.0.4.101-hotspot\bin\zip.dll
0x00007ffb31410000 - 0x00007ffb314ae000 	C:\Windows\system32\uxtheme.dll
0x00007ffb353f0000 - 0x00007ffb35505000 	C:\Windows\System32\MSCTF.dll
0x00007ffb35cd0000 - 0x00007ffb35dfa000 	C:\Windows\System32\ole32.dll
0x00007ffb31590000 - 0x00007ffb315bf000 	C:\Windows\system32\DWMAPI.DLL
0x00007ffadadb0000 - 0x00007ffadaed5000 	C:\Windows\system32\opengl32.dll
0x00007ffada100000 - 0x00007ffada12c000 	C:\Windows\SYSTEM32\GLU32.dll
0x00007ffb269b0000 - 0x00007ffb26b7f000 	C:\Windows\system32\d3d9.dll
0x00007ffb28d70000 - 0x00007ffb28f28000 	C:\Windows\System32\DriverStore\FileRepository\u0370468.inf_amd64_5e4260b11257b6e9\B370372\aticfx64.dll
0x00007ffb1f320000 - 0x00007ffb1f354000 	C:\Windows\System32\DriverStore\FileRepository\u0370468.inf_amd64_5e4260b11257b6e9\B370372\atiu9p64.dll
0x00007ffab93e0000 - 0x00007ffaba134000 	C:\Windows\System32\DriverStore\FileRepository\u0370468.inf_amd64_5e4260b11257b6e9\B370372\atiumd64.dll
0x000000006c4b0000 - 0x000000006d324000 	C:\Windows\System32\DriverStore\FileRepository\u0370468.inf_amd64_5e4260b11257b6e9\B370372\atiumd6a.dll
0x00007ffb35730000 - 0x00007ffb35b98000 	C:\Windows\System32\SETUPAPI.dll
0x00007ffb34210000 - 0x00007ffb3425e000 	C:\Windows\System32\cfgmgr32.dll
0x00007ffb33e30000 - 0x00007ffb33e7b000 	C:\Windows\SYSTEM32\POWRPROF.dll
0x00007ffb34070000 - 0x00007ffb34097000 	C:\Windows\System32\bcrypt.dll
0x00007ffb33e10000 - 0x00007ffb33e22000 	C:\Windows\SYSTEM32\UMPDC.dll
0x00007ffb29180000 - 0x00007ffb291b0000 	C:\Windows\SYSTEM32\amdihk64.dll
0x00007ffb29960000 - 0x00007ffb2999b000 	C:\Windows\SYSTEM32\dxcore.dll
0x00007ffb12520000 - 0x00007ffb125a6000 	C:\Users\aadiu\AppData\Local\Programs\Eclipse Adoptium\jdk-17.0.4.101-hotspot\bin\freetype.dll
0x00007ffb0acc0000 - 0x00007ffb0ad68000 	C:\Users\aadiu\AppData\Local\Programs\Eclipse Adoptium\jdk-17.0.4.101-hotspot\bin\fontmanager.dll
0x00007ffb28f30000 - 0x00007ffb29029000 	C:\Windows\SYSTEM32\textinputframework.dll
0x00007ffb309d0000 - 0x00007ffb30ac2000 	C:\Windows\System32\CoreMessaging.dll
0x00007ffb30e70000 - 0x00007ffb311ce000 	C:\Windows\System32\CoreUIComponents.dll
0x00007ffb33190000 - 0x00007ffb331c3000 	C:\Windows\SYSTEM32\ntmarta.dll
0x00007ffb30200000 - 0x00007ffb30354000 	C:\Windows\SYSTEM32\wintypes.dll

dbghelp: loaded successfully - version: 4.0.5 - missing functions: none
symbol engine: initialized successfully - sym options: 0x614 - pdb path: .;C:\Users\aadiu\AppData\Local\Programs\Eclipse Adoptium\jdk-17.0.4.101-hotspot\bin;C:\Windows\SYSTEM32;C:\Windows\WinSxS\amd64_microsoft.windows.common-controls_6595b64144ccf1df_6.0.19041.1110_none_60b5254171f9507e;C:\Users\aadiu\AppData\Local\Programs\Eclipse Adoptium\jdk-17.0.4.101-hotspot\bin\server;C:\Windows\System32\DriverStore\FileRepository\u0370468.inf_amd64_5e4260b11257b6e9\B370372

VM Arguments:
jvm_args: -XX:+ShowCodeDetailsInExceptionMessages 
java_command: summit.Main
java_class_path (initial): C:\Users\aadiu\AppData\Roaming\Code\User\workspaceStorage\1c2e286de9ea8afffefde57d2c4cc9eb\redhat.java\jdt_ws\Summit_aca78153\bin
Launcher Type: SUN_STANDARD

[Global flags]
     intx CICompilerCount                          = 12                                        {product} {ergonomic}
     uint ConcGCThreads                            = 3                                         {product} {ergonomic}
     uint G1ConcRefinementThreads                  = 13                                        {product} {ergonomic}
   size_t G1HeapRegionSize                         = 2097152                                   {product} {ergonomic}
    uintx GCDrainStackTargetSize                   = 64                                        {product} {ergonomic}
   size_t InitialHeapSize                          = 260046848                                 {product} {ergonomic}
   size_t MarkStackSize                            = 4194304                                   {product} {ergonomic}
   size_t MaxHeapSize                              = 4137680896                                {product} {ergonomic}
   size_t MaxNewSize                               = 2480930816                                {product} {ergonomic}
   size_t MinHeapDeltaBytes                        = 2097152                                   {product} {ergonomic}
   size_t MinHeapSize                              = 8388608                                   {product} {ergonomic}
    uintx NonNMethodCodeHeapSize                   = 7602480                                {pd product} {ergonomic}
    uintx NonProfiledCodeHeapSize                  = 122027880                              {pd product} {ergonomic}
    uintx ProfiledCodeHeapSize                     = 122027880                              {pd product} {ergonomic}
    uintx ReservedCodeCacheSize                    = 251658240                              {pd product} {ergonomic}
     bool SegmentedCodeCache                       = true                                      {product} {ergonomic}
     bool ShowCodeDetailsInExceptionMessages       = true                                   {manageable} {command line}
   size_t SoftMaxHeapSize                          = 4137680896                             {manageable} {ergonomic}
     bool UseCompressedClassPointers               = true                           {product lp64_product} {ergonomic}
     bool UseCompressedOops                        = true                           {product lp64_product} {ergonomic}
     bool UseG1GC                                  = true                                      {product} {ergonomic}
     bool UseLargePagesIndividualAllocation        = false                                  {pd product} {ergonomic}

Logging:
Log output configuration:
 #0: stdout all=warning uptime,level,tags
 #1: stderr all=off uptime,level,tags

Environment Variables:
JAVA_HOME=C:\Users\aadiu\AppData\Local\Programs\Eclipse Adoptium\jdk-17.0.4.101-hotspot\
PATH=C:\Program Files (x86)\Razer Chroma SDK\bin;C:\Program Files\Razer Chroma SDK\bin;C:\Program Files (x86)\Razer\ChromaBroadcast\bin;C:\Program Files\Razer\ChromaBroadcast\bin;C:\Program Files (x86)\Common Files\Oracle\Java\javapath;C:\Program Files\Python38\Scripts\;C:\Program Files\Python38\;C:\Windows\system32;C:\Windows;C:\Windows\System32\Wbem;C:\Windows\System32\WindowsPowerShell\v1.0\;C:\Windows\System32\OpenSSH\;C:\Program Files (x86)\NVIDIA Corporation\PhysX\Common;C:\Program Files\NVIDIA Corporation\NVIDIA NvDLISR;C:\Users\aadiu\AppData\Local\Microsoft\WindowsApps;C:\Users\aadiu\AppData\Local\Programs\Microsoft VS Code\bin;C:\Windows\system32\config\systemprofile\AppData\Local\Microsoft\WindowsApps;C:\Program Files\dotnet\;C:\Program Files\Git\cmd;C:\MinGW\bin\;C:\Program Files (x86)\Windows Kits\10\Windows Performance Toolkit\;C:\Users\aadiu\AppData\Local\Programs\Eclipse Adoptium\jdk-17.0.4.101-hotspot\bin;C:\Users\aadiu\AppData\Local\Microsoft\WindowsApps;C:\Users\aadiu\AppData\Local\Programs\Microsoft VS Code\bin;C:\Users\aadiu\AppData\Local\GitHubDesktop\bin
USERNAME=aadiu
LANG=en_US.UTF-8
OS=Windows_NT
PROCESSOR_IDENTIFIER=AMD64 Family 25 Model 80 Stepping 0, AuthenticAMD
TMP=C:\Users\aadiu\AppData\Local\Temp
TEMP=C:\Users\aadiu\AppData\Local\Temp



---------------  S Y S T E M  ---------------

OS:
 Windows 10 , 64 bit Build 19041 (10.0.19041.2251)
OS uptime: 2 days 7:44 hours

CPU: total 16 (initial active 16) (16 cores per cpu, 2 threads per core) family 25 model 80 stepping 0 microcode 0x0, cx8, cmov, fxsr, ht, mmx, 3dnowpref, sse, sse2, sse3, ssse3, sse4a, sse4.1, sse4.2, popcnt, lzcnt, tsc, tscinvbit, avx, avx2, aes, erms, clmul, bmi1, bmi2, adx, sha, fma, vzeroupper, clflush, clflushopt

Memory: 4k page, system-wide physical 15776M (8133M free)
TotalPageFile size 20128M (AvailPageFile size 9172M)
current process WorkingSet (physical memory assigned to process): 121M, peak: 123M
current process commit charge ("private bytes"): 430M, peak: 432M

vm_info: OpenJDK 64-Bit Server VM (17.0.4.1+1) for windows-amd64 JRE (17.0.4.1+1), built on Aug 17 2022 07:42:43 by "temurin" with MS VC++ 16.7 (VS2019)

END.
