#
# A fatal error has been detected by the Java Runtime Environment:
#
#  EXCEPTION_ACCESS_VIOLATION (0xc0000005) at pc=0x000001b3ebf62d3a, pid=22488, tid=19452
#
# JRE version: OpenJDK Runtime Environment Temurin-17.0.2+8 (17.0.2+8) (build 17.0.2+8)
# Java VM: OpenJDK 64-Bit Server VM Temurin-17.0.2+8 (17.0.2+8, mixed mode, sharing, tiered, compressed oops, compressed class ptrs, g1 gc, windows-amd64)
# Problematic frame:
# J 1065 c2 summit.gfx.Renderer.render(Ljava/lang/String;FFILsummit/gfx/ColorFilter;)V (276 bytes) @ 0x000001b3ebf62d3a [0x000001b3ebf620a0+0x0000000000000c9a]
#
# No core dump will be written. Minidumps are not enabled by default on client versions of Windows
#
# If you would like to submit a bug report, please visit:
#   https://github.com/adoptium/adoptium-support/issues
#

---------------  S U M M A R Y ------------

Command Line: -XX:+ShowCodeDetailsInExceptionMessages summit.Main

Host: AMD Ryzen 9 5900HS with Radeon Graphics        , 16 cores, 15G,  Windows 10 , 64 bit Build 19041 (10.0.19041.2251)
Time: Mon Nov 14 18:53:39 2022 Central Standard Time elapsed time: 0.866669 seconds (0d 0h 0m 0s)

---------------  T H R E A D  ---------------

Current thread (0x000001b3812c09f0):  JavaThread "Thread-2" [_thread_in_Java, id=19452, stack(0x00000077c9800000,0x00000077c9900000)]

Stack: [0x00000077c9800000,0x00000077c9900000],  sp=0x00000077c98fef50,  free space=1019k
Native frames: (J=compiled Java code, j=interpreted, Vv=VM code, C=native code)
C  0x000001b3ebf62d3a


siginfo: EXCEPTION_ACCESS_VIOLATION (0xc0000005), reading address 0x0000000b186e4478


Register to memory mapping:

RIP=0x000001b3ebf62d3a is at entry_point+3226 in (nmethod*)0x000001b3ebf61e90
RAX=0x00000007189af838 is an oop: [[I 
{0x00000007189af838} - klass: {type array int}[]
 - length: 16
RBX=3809331349 is a compressed pointer to object: [[I 
{0x00000007186e44a8} - klass: {type array int}[]
 - length: 144
RCX=0x00000000000000c9 is an unknown value
RDX=0x0 is NULL
RSP=0x00000077c98fef50 is pointing into the stack for thread: 0x000001b3812c09f0
RBP=0x0000000000000090 is an unknown value
RSI=0x0 is NULL
RDI=0x00000000fffffff0 is an unknown value
R8 =0x00000000fffffff0 is an unknown value
R9 =0x00000007186e4498 is an oop: summit.gfx.Renderer 
{0x00000007186e4498} - klass: 'summit/gfx/Renderer'
 - ---- fields (total size 2 words):
 - private 'frame' '[[I' @12  a {type array int}[144] {0x00000007186e44a8} (e30dc895)
R10=0x0000000000000010 is an unknown value
R11=0x00000007186e44a8 is an oop: [[I 
{0x00000007186e44a8} - klass: {type array int}[]
 - length: 144
R12=0x0 is NULL
R13=0x00000007189d8eb0 is an oop: [Ljava.util.HashMap$Node; 
{0x00000007189d8eb0} - klass: 'java/util/HashMap$Node'[]
 - length: 128
R14=0x0 is NULL
R15=0x000001b3812c09f0 is a thread


Registers:
RAX=0x00000007189af838, RBX=0x00000000e30dc895, RCX=0x00000000000000c9, RDX=0x0000000000000000
RSP=0x00000077c98fef50, RBP=0x0000000000000090, RSI=0x0000000000000000, RDI=0x00000000fffffff0
R8 =0x00000000fffffff0, R9 =0x00000007186e4498, R10=0x0000000000000010, R11=0x00000007186e44a8
R12=0x0000000000000000, R13=0x00000007189d8eb0, R14=0x0000000000000000, R15=0x000001b3812c09f0
RIP=0x000001b3ebf62d3a, EFLAGS=0x0000000000010287

Top of Stack: (sp=0x00000077c98fef50)
0x00000077c98fef50:   0000010000000000 00000000000000d8
0x00000077c98fef60:   fffffff0000000c8 0000000000000000
0x00000077c98fef70:   0000001000000010 0000000900000010
0x00000077c98fef80:   0000000700000009 0000000000000000
0x00000077c98fef90:   0000000000000003 000001b342f00000
0x00000077c98fefa0:   0000000043500000 000000071817bff8
0x00000077c98fefb0:   00000077c98ff190 000001b3e4c26414
0x00000077c98fefc0:   00000077c98ff060 00000077c98ff0f8
0x00000077c98fefd0:   000001b3e43694fe 000001b3ebf4a899
0x00000077c98fefe0:   01d8f88cb32eed14 0000000000000000
0x00000077c98feff0:   0000000000000000 00000007186e4498
0x00000077c98ff000:   000000071817bff8 000001b300000000
0x00000077c98ff010:   0000000000000000 000001b3e43694fe
0x00000077c98ff020:   00000077c98ff190 000001b3e4c25f6c
0x00000077c98ff030:   00000077c98ff030 000001b38043c4c4
0x00000077c98ff040:   00000077c98ff090 000001b38060e5a0 

Instructions: (pc=0x000001b3ebf62d3a)
0x000001b3ebf62c3a:   f9 6e e1 41 8b cb ff c1 41 8b f8 e9 c8 00 00 00
0x000001b3ebf62c4a:   66 0f 1f 44 00 00 44 2b 5c 24 10 41 8b d3 ff c2
0x000001b3ebf62c5a:   45 8b d8 41 3b d2 0f 83 78 04 00 00 45 8b 4c dc
0x000001b3ebf62c6a:   10 47 8b 4c cc 0c 45 3b d9 0f 83 63 01 00 00 c4
0x000001b3ebf62c7a:   c1 f9 7e d0 45 8b 4c 80 10 47 8b 44 cc 0c 49 c1
0x000001b3ebf62c8a:   e1 03 41 3b d0 0f 83 6f 04 00 00 45 8b 44 91 10
0x000001b3ebf62c9a:   41 83 f8 ff 0f 84 2e 01 00 00 41 8b 54 f4 0c 44
0x000001b3ebf62caa:   3b da 0f 83 6e 04 00 00 47 89 44 9d 10 33 d2 c4
0x000001b3ebf62cba:   c1 f9 7e d0 45 8b 48 10 47 8b 4c cc 0c 44 03 4c
0x000001b3ebf62cca:   24 10 4d 8b b7 48 03 00 00 45 8b c3 41 ff c0 41
0x000001b3ebf62cda:   85 06 45 3b c1 0f 8c 6b ff ff ff 4d 8b 9f 48 03
0x000001b3ebf62cea:   00 00 ff c7 41 85 03 3b 3c 24 0f 8d ec 00 00 00
0x000001b3ebf62cfa:   c4 c1 f9 7e c1 c4 e1 f9 7e ce c5 f9 7e da 44 8b
0x000001b3ebf62d0a:   5c 24 10 44 8b 44 24 14 44 3b 5c 24 08 0f 8d df
0x000001b3ebf62d1a:   00 00 00 44 89 44 24 14 44 89 5c 24 10 c5 f9 6e
0x000001b3ebf62d2a:   da c4 e1 f9 6e ce c4 c1 f9 6e c1 c4 c1 f9 7e e3
0x000001b3ebf62d3a:   41 8b 74 bb 10 8b c7 41 2b c0 3b fd 0f 83 20 fe
0x000001b3ebf62d4a:   ff ff 44 8b 5c 24 10 44 3b 5c 24 04 0f 83 10 fe
0x000001b3ebf62d5a:   ff ff c4 c1 f9 7e d3 45 8b 5c 83 10 47 8b 4c dc
0x000001b3ebf62d6a:   0c 45 85 c9 0f 86 e0 04 00 00 47 8b 44 dc 10 41
0x000001b3ebf62d7a:   83 f8 ff 0f 84 99 00 00 00 45 8b 4c f4 0c 44 8b
0x000001b3ebf62d8a:   5c 24 10 45 3b d9 0f 83 8f 03 00 00 4d 8d 0c f4
0x000001b3ebf62d9a:   47 89 44 99 10 33 d2 c4 c1 f9 7e d3 45 8b 5b 10
0x000001b3ebf62daa:   47 8b 44 dc 0c 44 03 44 24 10 41 3b c8 0f 8d 28
0x000001b3ebf62dba:   ff ff ff 3b fd 73 65 4d 8d 2c f4 44 8b d9 ba 01
0x000001b3ebf62dca:   00 00 00 e9 8b fe ff ff c4 e1 f9 7e ca e9 dd fe
0x000001b3ebf62dda:   ff ff c4 e1 f9 7e ca e9 d3 fe ff ff c5 f8 77 48
0x000001b3ebf62dea:   83 c4 60 5d 49 3b a7 40 03 00 00 0f 87 f5 0a 00
0x000001b3ebf62dfa:   00 c3 44 89 44 24 14 44 89 5c 24 10 c5 f9 6e da
0x000001b3ebf62e0a:   c4 e1 f9 6e ce c4 c1 f9 6e c1 48 8b d6 e9 c9 fe
0x000001b3ebf62e1a:   ff ff c4 e1 f9 7e ca e9 7b ff ff ff 44 8b d9 41
0x000001b3ebf62e2a:   b8 01 00 00 00 eb 1d 0f 1f 84 00 00 00 00 00 0f 


Stack slot to memory mapping:
stack at sp + 0 slots: 0x0000010000000000 is an unknown value
stack at sp + 1 slots: 0x00000000000000d8 is an unknown value
stack at sp + 2 slots: 0xfffffff0000000c8 is an unknown value
stack at sp + 3 slots: 0x0 is NULL
stack at sp + 4 slots: 0x0000001000000010 is an unknown value
stack at sp + 5 slots: 0x0000000900000010 is an unknown value
stack at sp + 6 slots: 0x0000000700000009 is an unknown value
stack at sp + 7 slots: 0x0 is NULL

--------------------------------------------------------------------------------
[Constant Pool (empty)]

--------------------------------------------------------------------------------

[MachCode]
  0x000001b3ebf620a0: 448b 5208 | 49bb 0000 | 0000 0800 | 0000 4d03 | d349 3bc2 | 0f85 c6a9 | 44f8 6690 | 0f1f 4000 
  0x000001b3ebf620c0: 8984 2400 | 90ff ff55 | 4883 ec60 | c4c1 f96e | d048 897c | 2418 c4c1 | 796e d948 | 8914 2449 
  0x000001b3ebf620e0: ba08 30a0 | 1807 0000 | 0041 8b6a | 7045 8b5c | ec08 4181 | fbe0 ad0b | 000f 85e1 | 1100 004d 
  0x000001b3ebf62100: 8d14 ec45 | 8b5a 2443 | 8b4c dc0c | 85c9 0f86 | 6e12 0000 | 4f8d 2cdc | 4d85 c00f | 84b1 0f00 
  0x000001b3ebf62120: 0045 8b40 | 0cff c945 | 85c0 0f85 | 8600 0000 | c4c1 f97e | d245 0fb6 | 5211 4585 | d20f 855d 
  0x000001b3ebf62140: 0f00 00c4 | c1f9 7ed2 | 450f be52 | 1045 85d2 | 0f85 9214 | 0000 c4c1 | f97e d241 | 8b6a 1441 
  0x000001b3ebf62160: 8b7c ec0c | 85ff 0f86 | 400f 0000 | 448b c741 | ffc8 443b | c70f 83a5 | 1300 0045 | 0fb6 5cec 
  0x000001b3ebf62180: 1044 8bcf | 4183 c1fd | 453b c141 | b800 0000 | 8045 0f4c | c841 8bdb | c1e3 0541 | 2bdb 4d8d 
  0x000001b3ebf621a0: 04ec 4183 | f901 0f8e | a413 0000 | be01 0000 | 0045 33d2 | eb3b 458b | d041 c1ea | 1045 33d0 
  0x000001b3ebf621c0: 4123 ca33 | d2e9 ea00 | 0000 450f | b65c 3010 | 4103 dbff | c63b f70f | 8db9 0000 | 0044 8bdb 
  0x000001b3ebf621e0: 41c1 e305 | 442b db41 | 8bdb ebde | c4c1 797e | e241 8bd1 | 2bd6 443b | ce41 0f4c | d281 faa0 
  0x000001b3ebf62200: 0f00 00b8 | a00f 0000 | 0f47 d003 | d6c4 c179 | 6ee2 0f1f | 8000 0000 | 000f 1f80 | 0000 0000 
  0x000001b3ebf62220: 4863 c645 | 0fb6 5400 | 1041 0fb6 | 6c00 1345 | 0fb6 5c00 | 1141 0fb6 | 4400 1241 | 03da 448b 
  0x000001b3ebf62240: f341 c1e6 | 0544 2bf3 | 4503 f345 | 8bd6 41c1 | e205 452b | d644 03d0 | 458b da41 | c1e3 0545 
  0x000001b3ebf62260: 2bda 4403 | dd41 8bdb | c1e3 0541 | 2bdb 83c6 | 043b f27c | ab49 8b87 | 4803 0000 | 8500 413b 
  0x000001b3ebf62280: f10f 8c65 | ffff ffc5 | f97e e23b | f70f 8c37 | ffff ff41 | 8bdb 85db | 0f84 100e | 0000 c4c1 
  0x000001b3ebf622a0: f97e d241 | 895a 0c44 | 8bd3 41c1 | ea10 4433 | d341 23ca | 458b 5c8d | 1047 8b4c | dc0c 453b 
  0x000001b3ebf622c0: ca0f 85cc | 0b00 0047 | 8b4c dc10 | 4d8b c149 | c1e0 03c4 | e1f9 7ed1 | 4c3b c10f | 8422 0100 
  0x000001b3ebf622e0: 000f be59 | 1049 3bc8 | 0f84 1501 | 0000 478b | 44cc 0841 | 81f8 70e9 | 0000 0f85 | 7c13 0000 
  0x000001b3ebf62300: 4f8d 04cc | 410f be68 | 103b dd0f | 859f 1200 | 0045 8b48 | 148b 5914 | 478b 44cc | 0c41 8b4c 
  0x000001b3ebf62320: dc0c 413b | c80f 85b9 | 1100 004f | 8d04 cc4b | 8d74 cc10 | 4d8d 04dc | 498d 7cdc | 1085 c90f 
  0x000001b3ebf62340: 84a5 0000 | 008b c183 | e01f 83e1 | e00f 844b | 0000 0048 | 8d3c 0f48 | 8d34 0e48 | f7d9 c5fe 
  0x000001b3ebf62360: 6f2c 0fc5 | fe6f 240e | c5d5 efec | c4e2 7d17 | ed0f 857a | 0000 0048 | 83c1 2075 | e185 c00f 
  0x000001b3ebf62380: 8465 0000 | 00c5 fe6f | 6c07 e0c5 | fe6f 6406 | e0c5 d5ef | ecc4 e27d | 17ed 7555 | eb4c 8bc8 
  0x000001b3ebf623a0: 83e1 fc74 | 1948 8d3c | 0f48 8d34 | 0e48 f7d9 | 8b1c 0f3b | 1c0e 7539 | 4883 c104 | 75f2 f7c0 
  0x000001b3ebf623c0: 0200 0000 | 7412 0fb7 | 1f0f b70e | 3bd9 7521 | 488d 7f02 | 488d 7602 | f7c0 0100 | 0000 740a 
  0x000001b3ebf623e0: 0fb6 1f0f | b60e 3bd9 | 7507 b801 | 0000 00eb | 0233 c0c5 | d5ef edc5 | ddef e485 | c00f 84e1 
  0x000001b3ebf62400: 1000 0049 | c1e3 0341 | 8b6b 1445 | 8b5c ec08 | 4181 fb08 | 6d00 000f | 853f 1200 | 0049 8d04 
  0x000001b3ebf62420: ec44 8b50 | 0c45 85d2 | 0f86 d60e | 0000 448b | 5810 478b | 44dc 0c41 | d1fa 41d1 | f8c4 c179 
  0x000001b3ebf62440: 6ed2 c5f8 | 5bd2 c4c1 | 796e e8c5 | f85b edc5 | f25c cac5 | fa5c d5c4 | c179 7ed2 | c5f9 7ecb 
  0x000001b3ebf62460: 458b da41 | c1eb 1744 | 8bc3 41c1 | e817 450f | b6db b995 | 0000 0041 | 2bcb 450f | b6c0 41b9 
  0x000001b3ebf62480: 9500 0000 | 452b c8f7 | c1e0 ffff | ff0f 85cb | 0b00 0045 | 8bda 4181 | e3ff ff7f | 0041 81cb 
  0x000001b3ebf624a0: 0000 8000 | 4585 d20f | 8c15 0c00 | 0041 d3fb | 41ff c341 | d1fb 41f7 | c1e0 ffff | ff0f 8579 
  0x000001b3ebf624c0: 0b00 0044 | 8bc3 4181 | e0ff ff7f | 0041 81c8 | 0000 8000 | 85db 0f8c | ee0b 0000 | 418b c941 
  0x000001b3ebf624e0: d3f8 41ff | c041 d1f8 | c4c1 797e | da45 85d2 | 7508 4533 | d2e9 8f06 | 0000 41f7 | c204 0000 
  0x000001b3ebf62500: 0074 2e44 | 8944 2410 | 4489 5c24 | 0c89 5424 | 0841 8bea | 488b d090 | c5f8 77e8 | 2081 ccf8 
  0x000001b3ebf62520: 448b d58b | 5424 0844 | 8b5c 240c | 448b 4424 | 1041 f7c2 | 0100 0000 | 0f84 7702 | 0000 8b68 
  0x000001b3ebf62540: 0c85 ed0f | 866f 0f00 | 0044 8b48 | 1047 8b4c | cc0c 4489 | 4c24 1089 | 6c24 1448 | 8944 2428 
  0x000001b3ebf62560: 4489 4424 | 2444 895c | 2420 8954 | 240c 4489 | 5424 0848 | ba08 6d00 | 0008 0000 | 0044 8bc5 
  0x000001b3ebf62580: c5f8 77e8 | f89e 4ff8 | 448b dd41 | ffcb 443b | dd0f 83af | 0e00 0044 | 8b50 0c45 | 85d2 0f86 
  0x000001b3ebf625a0: a20e 0000 | 453b da0f | 8399 0e00 | 008b 6c24 | 10ff cd8b | 7424 10d1 | fe4c 6344 | 2410 448b 
  0x000001b3ebf625c0: ee41 83c5 | fe41 3bf5 | 41ba 0000 | 0080 450f | 4cea 4c63 | d649 8bd8 | 492b da44 | 8bde 41ff 
  0x000001b3ebf625e0: c348 ffcb | 4533 f6e9 | 0001 0000 | 0f1f 4000 | 8bd7 448b | 5490 0c8b | 7c24 102b | f948 63d9 
  0x000001b3ebf62600: 4589 549b | 1044 8b54 | 9810 4589 | 5493 0c49 | 8bd0 482b | d344 8b54 | 9008 4589 | 549b 1444 
  0x000001b3ebf62620: 8b54 9814 | 4589 5493 | 0844 8b54 | 9004 4589 | 549b 1844 | 8b54 9818 | 4589 5493 | 0444 8b14 
  0x000001b3ebf62640: 9045 8954 | 9b1c 448b | 5498 1c45 | 8914 9383 | c7fc 83c1 | 0441 3bc9 | 7c96 4d8b | 9748 0300 
  0x000001b3ebf62660: 0041 8502 | 413b cd7d | 298b d745 | 8bcd 442b | c944 3be9 | 440f 4c4c | 240c 4181 | f9a0 0f00 
  0x000001b3ebf62680: 00bf a00f | 0000 440f | 47cf 4403 | c9e9 60ff | ffff c4e1 | f97e cb3b | 4c24 307d | 2d66 6690 
  0x000001b3ebf626a0: 448b 54b8 | 0c45 8954 | 8b10 448b | 5488 1045 | 8954 bb0c | 448b d141 | ffc2 443b | 5424 307d 
  0x000001b3ebf626c0: 098b fd2b | f941 8bca | ebd6 4d8b | 9748 0300 | 0041 ffc6 | 4185 0244 | 3b74 2414 | 0f8d bb00 
  0x000001b3ebf626e0: 0000 c4e1 | f97e c044 | 8b5c 2430 | 4c8b 5424 | 2841 8b7a | 1085 ff0f | 8460 0b00 | 0047 8b54 
  0x000001b3ebf62700: b210 438b | 54d4 0c42 | 8b4c b010 | 458b 4ccc | 0c44 895c | 2430 c4e1 | f96e c04c | 63da 493b 
  0x000001b3ebf62720: db0f 8345 | 0b00 003b | ea0f 833d | 0b00 0045 | 85c9 0f86 | 340b 0000 | 413b f10f | 832b 0b00 
  0x000001b3ebf62740: 0085 d20f | 8623 0b00 | 003b f20f | 831b 0b00 | 004d 63d9 | 493b db0f | 830f 0b00 | 0041 3be9 
  0x000001b3ebf62760: 0f83 060b | 0000 4d8d | 1ccc 4b8d | 04d4 428b | 7c80 0c41 | 897c cc10 | 478b 54d4 | 1047 8954 
  0x000001b3ebf62780: 830c 4183 | fd01 0f8e | 280b 0000 | 8bd5 b901 | 0000 00c4 | e1f9 6ecb | e9ce feff | ffc4 e1f9 
  0x000001b3ebf627a0: 7ec0 448b | 5424 088b | 5424 0c44 | 8b5c 2420 | 448b 4424 | 2441 f7c2 | 0200 0000 | 0f84 c703 
  0x000001b3ebf627c0: 0000 8b58 | 0c85 db0f | 86b7 0c00 | 008b 4810 | 458b 4ccc | 0c89 5c24 | 2848 8944 | 2420 4489 
  0x000001b3ebf627e0: 4424 1444 | 895c 2410 | 8954 240c | 4489 5424 | 0848 ba08 | 6d00 0008 | 0000 0044 | 8bc3 6690 
  0x000001b3ebf62800: c5f8 77e8 | 789c 4ff8 | 448b 500c | 448b 5c24 | 2841 d1fb | 458b c341 | ffc0 4585 | d20f 86c6 
  0x000001b3ebf62820: 0b00 0045 | 3bda 0f83 | bd0b 0000 | 4863 6c24 | 284d 63cb | 488b cd49 | 2bc9 48ff | c948 3bcd 
  0x000001b3ebf62840: 0f83 a30b | 0000 448b | 4c24 2841 | ffc9 443b | 4c24 280f | 8390 0b00 | 0044 8944 | 242c 4d63 
  0x000001b3ebf62860: c249 3bc8 | 0f83 7a0b | 0000 453b | ca0f 83c5 | 0b00 0044 | 3b5c 2428 | 0f83 c10b | 0000 4533 
  0x000001b3ebf62880: d2eb 31c4 | c1f9 7ec3 | c4c1 797e | cac4 e1f9 | 7ee8 c4e1 | f97e f54d | 8b87 4803 | 0000 41ff 
  0x000001b3ebf628a0: c241 8500 | 443b 5424 | 2c0f 8dc7 | 0200 004c | 895c 2420 | 4c8b 5c24 | 2045 8b4b | 1043 8b5c 
  0x000001b3ebf628c0: cc0c 85db | 76d1 c5fb | 1044 2420 | c4c1 796e | ca4d 63c2 | 4c8b dd4d | 2bd8 4c8b | 5424 2047 
  0x000001b3ebf628e0: 8b54 9a0c | c4c1 796e | da47 8b74 | d40c 468b | 5480 10c4 | c179 6ee2 | 478b 4cd4 | 0c4c 8b54 
  0x000001b3ebf62900: 2420 478b | 5482 10c4 | c179 6ed2 | 438b 4cd4 | 0c42 8b7c | 980c 458b | 6cfc 0c45 | 85f6 0f86 
  0x000001b3ebf62920: ac09 0000 | 41bb 0100 | 0000 453b | de41 ba01 | 0000 0045 | 0f4f d6c4 | c179 7ee3 | 4f8d 04dc 
  0x000001b3ebf62940: c4c1 797e | db4b 8d14 | dc41 8bd8 | 498d 34fc | c1eb 02c4 | c179 7ed3 | 49c1 e303 | 83e3 0341 
  0x000001b3ebf62960: 03da f7db | 83e3 0341 | 03da 413b | de41 0f4f | de45 33d2 | eb0e 6690 | 448b d144 | 8b4c 2420 
  0x000001b3ebf62980: 8b4c 2424 | 453b d60f | 837e 0100 | 00c5 796e | c789 4c24 | 2444 894c | 2420 c4e1 | f96e f5c4 
  0x000001b3ebf629a0: e1f9 6ee8 | 468b 4c92 | 1044 3b54 | 2420 0f83 | 8807 0000 | 4789 4c90 | 1044 3bd1 | 0f83 d607 
  0x000001b3ebf629c0: 0000 478b | 4c93 1045 | 3bd5 0f83 | 2808 0000 | 4689 4c96 | 10c4 c1f9 | 7ec1 418b | 4910 458b 
  0x000001b3ebf629e0: 4ccc 0c41 | 8bca ffc1 | 413b c90f | 8d92 feff | ff3b cb0f | 8c7f ffff | ff49 63de | 4963 fd48 
  0x000001b3ebf62a00: 6344 2424 | 4863 6c24 | 2048 3bdd | 418b de0f | 4f5c 2420 | 4963 e94c | 63cb 4c3b | c80f 4f5c 
  0x000001b3ebf62a20: 2424 48ff | cd4c 63cb | 4c3b cf41 | 0f4f dd44 | 8bcd 4863 | fb48 3bfd | 410f 4fd9 | 448b cb41 
  0x000001b3ebf62a40: 83c1 f941 | 3bd9 bb00 | 0000 8044 | 0f4c cb41 | 3bc9 0f8d | 8008 0000 | 41ff c20f | 1f44 0000 
  0x000001b3ebf62a60: c4a1 7a6f | 7c92 10c4 | 817a 7f7c | 9010 c481 | 7a6f 7c93 | 10c4 a17a | 7f7c 9610 | c4a1 7a6f 
  0x000001b3ebf62a80: 7c92 20c4 | 817a 7f7c | 9020 c481 | 7a6f 7c93 | 20c4 a17a | 7f7c 9620 | 4183 c208 | 453b d17c 
  0x000001b3ebf62aa0: bf45 3bd6 | 7d59 6690 | 453b d673 | 5946 8b4c | 9210 443b | 5424 200f | 837f 0600 | 0047 894c 
  0x000001b3ebf62ac0: 9010 443b | 5424 240f | 83cb 0600 | 0047 8b4c | 9310 453b | d50f 831d | 0700 0046 | 894c 9610 
  0x000001b3ebf62ae0: c4c1 f97e | c141 8b49 | 1045 8b4c | cc0c 41ff | c245 3bd1 | 0f8d 89fd | ffff 453b | d67c a9c4 
  0x000001b3ebf62b00: e1f9 7ee8 | eb05 c4e1 | f97e e8ba | e4ff ffff | 488b 2c24 | 448b 5c24 | 0844 891c | 244c 8b5c 
  0x000001b3ebf62b20: 2418 4c89 | 5c24 0844 | 8b5c 2410 | 4489 5c24 | 0444 8b44 | 2414 4489 | 4424 10c5 | fb11 4424 
  0x000001b3ebf62b40: 1848 8944 | 2420 4489 | 5424 2844 | 8954 242c | c5fa 114c | 2430 c5fa | 1164 2434 | c5fa 115c 
  0x000001b3ebf62b60: 2438 6690 | c5f8 77e8 | 94f7 44f8 | c4e1 f97e | cae9 2b02 | 0000 8b54 | 240c 448b | 5c24 1044 
  0x000001b3ebf62b80: 8b44 2414 | 448b 5424 | 0841 8bea | c1fd 0385 | ed0f 8521 | 0800 0044 | 8b50 0c41 | 8bc8 4103 
  0x000001b3ebf62ba0: ca44 3bc1 | 0f8d 3c02 | 0000 4d63 | ca49 63d8 | 418b f8f7 | df48 63ff | 4803 df49 | 3bd9 0f83 
  0x000001b3ebf62bc0: 7407 0000 | 4863 d948 | 03df 48ff | cb49 3bd9 | 0f83 9a07 | 0000 4c8b | 0c24 418b | 590c 418b 
  0x000001b3ebf62be0: 6cdc 0c85 | ed0f 8690 | 0700 0041 | 8b7c dc10 | 418b 7cfc | 0c48 8b74 | 2418 4885 | f60f 853e 
  0x000001b3ebf62c00: 0700 0045 | 85d2 0f86 | 3507 0000 | 448b 5010 | 478b 54d4 | 0c45 85d2 | 0f86 2307 | 0000 897c 
  0x000001b3ebf62c20: 2404 890c | 24c4 e1f9 | 6ed0 418b | ca41 03cb | 894c 2408 | 498d 0cdc | c4e1 f96e | e141 8bcb 
  0x000001b3ebf62c40: ffc1 418b | f8e9 c800 | 0000 660f | 1f44 0000 | 442b 5c24 | 1041 8bd3 | ffc2 458b | d841 3bd2 
  0x000001b3ebf62c60: 0f83 7804 | 0000 458b | 4cdc 1047 | 8b4c cc0c | 453b d90f | 8363 0100 | 00c4 c1f9 | 7ed0 458b 
  0x000001b3ebf62c80: 4c80 1047 | 8b44 cc0c | 49c1 e103 | 413b d00f | 836f 0400 | 0045 8b44 | 9110 4183 | f8ff 0f84 
  0x000001b3ebf62ca0: 2e01 0000 | 418b 54f4 | 0c44 3bda | 0f83 6e04 | 0000 4789 | 449d 1033 | d2c4 c1f9 | 7ed0 458b 
  0x000001b3ebf62cc0: 4810 478b | 4ccc 0c44 | 034c 2410 | 4d8b b748 | 0300 0045 | 8bc3 41ff | c041 8506 | 453b c10f 
  0x000001b3ebf62ce0: 8c6b ffff | ff4d 8b9f | 4803 0000 | ffc7 4185 | 033b 3c24 | 0f8d ec00 | 0000 c4c1 | f97e c1c4 
  0x000001b3ebf62d00: e1f9 7ece | c5f9 7eda | 448b 5c24 | 1044 8b44 | 2414 443b | 5c24 080f | 8ddf 0000 | 0044 8944 
  0x000001b3ebf62d20: 2414 4489 | 5c24 10c5 | f96e dac4 | e1f9 6ece | c4c1 f96e | c1c4 c1f9 | 7ee3 418b | 74bb 108b 
  0x000001b3ebf62d40: c741 2bc0 | 3bfd 0f83 | 20fe ffff | 448b 5c24 | 1044 3b5c | 2404 0f83 | 10fe ffff | c4c1 f97e 
  0x000001b3ebf62d60: d345 8b5c | 8310 478b | 4cdc 0c45 | 85c9 0f86 | e004 0000 | 478b 44dc | 1041 83f8 | ff0f 8499 
  0x000001b3ebf62d80: 0000 0045 | 8b4c f40c | 448b 5c24 | 1045 3bd9 | 0f83 8f03 | 0000 4d8d | 0cf4 4789 | 4499 1033 
  0x000001b3ebf62da0: d2c4 c1f9 | 7ed3 458b | 5b10 478b | 44dc 0c44 | 0344 2410 | 413b c80f | 8d28 ffff | ff3b fd73 
  0x000001b3ebf62dc0: 654d 8d2c | f444 8bd9 | ba01 0000 | 00e9 8bfe | ffff c4e1 | f97e cae9 | ddfe ffff | c4e1 f97e 
  0x000001b3ebf62de0: cae9 d3fe | ffff c5f8 | 7748 83c4 | 605d 493b | a740 0300 | 000f 87f5 | 0a00 00c3 | 4489 4424 
  0x000001b3ebf62e00: 1444 895c | 2410 c5f9 | 6eda c4e1 | f96e cec4 | c1f9 6ec1 | 488b d6e9 | c9fe ffff | c4e1 f97e 
  0x000001b3ebf62e20: cae9 7bff | ffff 448b | d941 b801 | 0000 00eb | 1d0f 1f84 | 0000 0000 | 000f 1f80 | 0000 0000 
  0x000001b3ebf62e40: 442b 5c24 | 1045 8bc3 | 41ff c044 | 8bda 453b | c20f 8387 | 0200 0045 | 3b64 dc10 | 0f84 5e04 
  0x000001b3ebf62e60: 0000 c4e1 | f97e d244 | 8b4a 1047 | 8b44 cc0c | 4403 4424 | 104d 8b8f | 4803 0000 | 418b d3ff 
  0x000001b3ebf62e80: c241 8501 | 413b d07c | b7c4 e1f9 | 7eca e952 | feff ff43 | 8b6c dc18 | 85ed 0f84 | bc06 0000 
  0x000001b3ebf62ea0: 478b 4cdc | 0841 81f9 | 98b0 1400 | 0f84 ce06 | 0000 4d8d | 1cec 458b | 430c 453b | c20f 85bd 
  0x000001b3ebf62ec0: 0100 0045 | 8b43 104d | 8bc8 49c1 | e103 c4e1 | f97e d14c | 3bc9 0f84 | 2bf5 ffff | 0fbe 5910 
  0x000001b3ebf62ee0: 493b c90f | 841e f5ff | ff47 8b4c | c408 4181 | f970 e900 | 000f 85c5 | 0700 0049 | c1e0 0341 
  0x000001b3ebf62f00: 0fbe 6810 | 3bdd 0f85 | 1807 0000 | 418b 7814 | 448b 4914 | 458b 44fc | 0c43 8b4c | cc0c 413b 
  0x000001b3ebf62f20: c80f 85d8 | 0000 004d | 8d04 fc49 | 8d74 fc10 | 4f8d 04cc | 4b8d 7ccc | 1085 c90f | 84a5 0000 
  0x000001b3ebf62f40: 008b c183 | e01f 83e1 | e00f 844b | 0000 0048 | 8d3c 0f48 | 8d34 0e48 | f7d9 c5fe | 6f24 0fc5 
  0x000001b3ebf62f60: fe6f 2c0e | c5dd efe5 | c4e2 7d17 | e40f 857a | 0000 0048 | 83c1 2075 | e185 c00f | 8465 0000 
  0x000001b3ebf62f80: 00c5 fe6f | 6407 e0c5 | fe6f 6c06 | e0c5 ddef | e5c4 e27d | 17e4 7555 | eb4c 8bc8 | 83e1 fc74 
  0x000001b3ebf62fa0: 1948 8d3c | 0f48 8d34 | 0e48 f7d9 | 8b1c 0f3b | 1c0e 7539 | 4883 c104 | 75f2 f7c0 | 0200 0000 
  0x000001b3ebf62fc0: 7412 0fb7 | 1f0f b70e | 3bd9 7521 | 488d 7f02 | 488d 7602 | f7c0 0100 | 0000 740a | 0fb6 1f0f 
  0x000001b3ebf62fe0: b60e 3bd9 | 7507 b801 | 0000 00eb | 0233 c0c5 | ddef e4c5 | d5ef ed85 | c00f 8508 | f4ff ffba 
  0x000001b3ebf63000: 45ff ffff | 488b 2c24 | c5fa 1104 | 24c5 fa11 | 4c24 04c5 | fa11 5c24 | 084c 8b44 | 2418 4c89 
  0x000001b3ebf63020: 4424 10c5 | fb11 5424 | 184c 895c | 2420 4489 | 5424 0c90 | c5f8 77e8 | c4f2 44f8 | c57a 2cc1 
  0x000001b3ebf63040: 4181 f800 | 0000 8075 | 1048 83ec | 08c5 fa11 | 0c24 e89c | e03f f841 | 58e9 8af4 | ffff c57a 
  0x000001b3ebf63060: 2cda 4181 | fb00 0000 | 8075 1048 | 83ec 08c5 | fa11 1424 | e87a e03f | f841 5be9 | 36f4 ffff 
  0x000001b3ebf63080: 458b 4318 | 4d8b 9f48 | 0300 0041 | 8503 4585 | c00f 84c5 | 0400 004f | 8d1c c4e9 | 16fe ffff 
  0x000001b3ebf630a0: 33c9 33d2 | 4533 d2e9 | 08f2 ffff | 33d2 c4c1 | f97e d241 | c642 1101 | 33c9 4533 | d2e9 f2f1 
  0x000001b3ebf630c0: ffff 41f7 | dbe9 e3f3 | ffff 41f7 | d8e9 0af4 | ffff 33c9 | 33d2 4533 | d2e9 d6f1 | ffff ba45 
  0x000001b3ebf630e0: ffff ffc4 | e1f9 7ec5 | c5fb 110c | 24c5 fb11 | 5424 0889 | 7c24 1844 | 895c 241c | c5f8 77e8 
  0x000001b3ebf63100: fcf1 44f8 | c5f9 6eda | bae6 ffff | ff49 8be9 | c5fa 111c | 2466 6690 | c5f8 77e8 | e0f1 44f8 
  0x000001b3ebf63120: 4489 5c24 | 10ba e6ff | ffff 8bee | 4489 4424 | 0466 6690 | c5f8 77e8 | c4f1 44f8 | bae4 ffff 
  0x000001b3ebf63140: ff48 8b2c | 2444 8b5c | 2408 4489 | 1c24 4c8b | 5c24 184c | 895c 2408 | 448b 5c24 | 1044 895c 
  0x000001b3ebf63160: 2404 448b | 4424 1444 | 8944 2410 | c5fb 1144 | 2418 c5fb | 116c 2420 | 4489 5424 | 2844 894c 
  0x000001b3ebf63180: 242c c5fa | 114c 2430 | c5fa 1164 | 2434 6690 | c5f8 77e8 | 68f1 44f8 | bae4 ffff | ff48 8b2c 
  0x000001b3ebf631a0: 2444 8b5c | 2408 4489 | 1c24 4c8b | 5c24 184c | 895c 2408 | 448b 4424 | 1044 8944 | 2404 448b 
  0x000001b3ebf631c0: 5c24 1444 | 895c 2410 | c5fb 1144 | 2418 c5fb | 116c 2420 | 4489 5424 | 2844 8954 | 242c c5fa 
  0x000001b3ebf631e0: 114c 2430 | c5fa 1154 | 2434 c57a | 1144 2438 | c5f8 77e8 | 08f1 44f8 | bae4 ffff | ff48 8b2c 
  0x000001b3ebf63200: 2444 8b44 | 2408 4489 | 0424 4c8b | 5c24 184c | 895c 2408 | 448b 4424 | 1044 8944 | 2404 448b 
  0x000001b3ebf63220: 5c24 1444 | 895c 2410 | c5fb 1144 | 2418 c5fb | 116c 2420 | 4489 5424 | 2844 894c | 242c c5fa 
  0x000001b3ebf63240: 114c 2430 | c57a 1144 | 2434 6690 | c5f8 77e8 | acf0 44f8 | 4f8d 0cdc | e9ab feff | ffba f6ff 
  0x000001b3ebf63260: ffff 6690 | c5f8 77e8 | 94f0 44f8 | 418b 6cfc | 0cd1 fdff | c5ba 76ff | ffff 4c8b | 5424 184c 
  0x000001b3ebf63280: 8954 2410 | 448b 5424 | 2044 8954 | 240c 448b | 5c24 2444 | 895c 2418 | 4c8b 5424 | 284c 8954 
  0x000001b3ebf632a0: 2420 4889 | 4424 2844 | 8974 241c | c5f8 77e8 | 4cf0 44f8 | 8bfd b901 | 0000 00e9 | d7f3 ffff 
  0x000001b3ebf632c0: baf6 ffff | ff66 6690 | c5f8 77e8 | 30f0 44f8 | 4533 d2e9 | 33f8 ffff | 448b d1e9 | c1f7 ffff 
  0x000001b3ebf632e0: bade ffff | ffc5 fa11 | 4424 08c5 | fa11 4c24 | 0c44 894c | 2410 4c89 | 4424 2090 | c5f8 77e8 
  0x000001b3ebf63300: fcef 44f8 | bae4 ffff | ff48 8b2c | 24c5 fa11 | 0c24 c5fa | 115c 2404 | 4c8b 5424 | 184c 8954 
  0x000001b3ebf63320: 2408 c5fa | 1144 2410 | 4889 4424 | 2066 6690 | c5f8 77e8 | c8ef 44f8 | 4c8b 0c24 | 488b 7424 
  0x000001b3ebf63340: 18ba beff | ffff 498b | e948 8934 | 2448 8944 | 2408 4489 | 5c24 1044 | 8944 2418 | 4489 4424 
  0x000001b3ebf63360: 1c89 4c24 | 2066 6690 | c5f8 77e8 | 90ef 44f8 | 4c8b 0c24 | 488b 7424 | 18eb c648 | 8b74 2418 
  0x000001b3ebf63380: ebbf ba45 | ffff ff48 | 8b2c 24c5 | fa11 0424 | c5fa 114c | 2404 4489 | 4c24 0848 | 897c 2410 
  0x000001b3ebf633a0: 4c89 4424 | 1889 4c24 | 2044 895c | 2424 6690 | c5f8 77e8 | 48ef 44f8 | ba45 ffff | ff4c 8b4c 
  0x000001b3ebf633c0: 2418 4c89 | 4c24 0848 | 8944 2410 | 4489 5c24 | 1844 8944 | 241c 4489 | 5424 2090 | c5f8 77e8 
  0x000001b3ebf633e0: 1cef 44f8 | 448b 4424 | 2cba beff | ffff 488b | 2c24 448b | 5c24 0844 | 891c 244c | 8b54 2418 
  0x000001b3ebf63400: 4c89 5424 | 0844 8b54 | 2410 4489 | 5424 0444 | 8b5c 2414 | 4489 5c24 | 104c 8b54 | 2420 4c89 
  0x000001b3ebf63420: 5424 1848 | 8944 2420 | 4489 4424 | 1466 6690 | c5f8 77e8 | c8ee 44f8 | 448b 4424 | 2ceb aa44 
  0x000001b3ebf63440: 8b44 242c | eba3 babe | ffff ff48 | 8b2c 2444 | 8b5c 2408 | 4489 1c24 | 4c8b 5424 | 184c 8954 
  0x000001b3ebf63460: 2408 448b | 5424 2044 | 8954 2404 | 448b 5c24 | 2444 895c | 2410 4889 | 4424 2090 | c5f8 77e8 
  0x000001b3ebf63480: 7cee 44f8 | bae4 ffff | ff48 8b2c | 2444 8914 | 244c 8b54 | 2418 4c89 | 5424 0844 | 895c 2404 
  0x000001b3ebf634a0: 4489 4424 | 1048 8944 | 2420 895c | 2414 6690 | c5f8 77e8 | 48ee 44f8 | bae4 ffff | ff44 8954 
  0x000001b3ebf634c0: 2408 4c8b | 5424 184c | 8954 2410 | 4489 5c24 | 0c44 8944 | 2418 4889 | 4424 2890 | c5f8 77e8 
  0x000001b3ebf634e0: 1cee 44f8 | ba45 ffff | ff48 8b2c | 24c5 fa11 | 0424 c5fa | 114c 2404 | c5fa 115c | 2408 4c8b 
  0x000001b3ebf63500: 4424 184c | 8944 2410 | c5fb 1154 | 2418 4489 | 5c24 0c44 | 8954 2420 | c5f8 77e8 | e0ed 44f8 
  0x000001b3ebf63520: ba76 ffff | ffc5 fa11 | 4424 08c5 | fa11 4c24 | 0c44 894c | 2410 894c | 2414 4c89 | 5424 2889 
  0x000001b3ebf63540: 7c24 3444 | 895c 2438 | c5f8 77e8 | b0ed 44f8 | be01 0000 | 0033 d2e9 | 2fed ffff | baf4 ffff 
  0x000001b3ebf63560: ff48 8b2c | 24c5 fa11 | 0424 c5fa | 114c 2404 | c5fa 115c | 2408 6690 | c5f8 77e8 | 80ed 44f8 
  0x000001b3ebf63580: ba45 ffff | ffc5 fa11 | 4424 08c5 | fa11 4c24 | 0cc5 fa11 | 5c24 10c5 | fb11 5424 | 2044 895c 
  0x000001b3ebf635a0: 2414 4489 | 5424 2890 | c5f8 77e8 | 50ed 44f8 | ba45 ffff | ffc5 fa11 | 4424 08c5 | fa11 4c24 
  0x000001b3ebf635c0: 0cc5 fa11 | 5c24 10c5 | fb11 5424 | 2844 895c | 2414 4489 | 5424 304c | 8944 2438 | 895c 2434 
  0x000001b3ebf635e0: c5f8 77e8 | 18ed 44f8 | 4585 d240 | 0f95 c540 | 0fb6 ed83 | f501 ba45 | ffff ffc5 | fa11 4424 
  0x000001b3ebf63600: 08c5 fa11 | 4c24 0c44 | 894c 2410 | 894c 2414 | c5fb 1154 | 2428 4489 | 5c24 3090 | c5f8 77e8 
  0x000001b3ebf63620: dcec 44f8 | ba45 ffff | ffc5 fa11 | 4424 08c5 | fa11 4c24 | 0cc5 fa11 | 5c24 10c5 | fb11 5424 
  0x000001b3ebf63640: 284c 895c | 2430 4489 | 5424 144c | 8944 2438 | 895c 2440 | c5f8 77e8 | a4ec 44f8 | bade ffff 
  0x000001b3ebf63660: ffc5 fa11 | 4424 08c5 | fa11 4c24 | 0cc5 fa11 | 5c24 1090 | c5f8 77e8 | 84ec 44f8 | bade ffff 
  0x000001b3ebf63680: ff48 8b2c | 24c5 fa11 | 0424 c5fa | 114c 2404 | c5fa 115c | 2408 4c8b | 4424 184c | 8944 2410 
  0x000001b3ebf636a0: c5fb 1154 | 2420 4489 | 5c24 0c44 | 8954 2428 | 4489 4c24 | 3066 6690 | c5f8 77e8 | 40ec 44f8 
  0x000001b3ebf636c0: bade ffff | ff48 8b2c | 24c5 fa11 | 0424 c5fa | 114c 2404 | c5fa 115c | 2408 4c8b | 4c24 184c 
  0x000001b3ebf636e0: 894c 2410 | c5fb 1154 | 2420 4c89 | 5c24 2844 | 8954 240c | 4489 4424 | 3466 6690 | c5f8 77e8 
  0x000001b3ebf63700: fceb 44f8 | baf6 ffff | ff66 6690 | c5f8 77e8 | eceb 44f8 | c5f9 6eda | baf6 ffff | ffc5 f97e 
  0x000001b3ebf63720: dd66 6690 | c5f8 77e8 | d4eb 44f8 | 4489 5c24 | 10ba f6ff | ffff 4489 | 0424 6690 | c5f8 77e8 
  0x000001b3ebf63740: bceb 44f8 | baf6 ffff | ff66 6690 | c5f8 77e8 | aceb 44f8 | ba76 ffff | ff48 8b2c | 2444 8b54 
  0x000001b3ebf63760: 2408 4489 | 1424 4c8b | 5424 184c | 8954 2408 | 448b 5c24 | 1044 895c | 2404 448b | 5424 1444 
  0x000001b3ebf63780: 8954 2410 | 48ff 7424 | 2048 8f44 | 2418 4889 | 4424 20c5 | fa11 4c24 | 1489 5c24 | 2866 6690 
  0x000001b3ebf637a0: c5f8 77e8 | 58eb 44f8 | baf6 ffff | ff66 6690 | c5f8 77e8 | 48eb 44f8 | 488b d0eb | 0848 8bd0 
  0x000001b3ebf637c0: eb03 488b | d0c5 f877 | 4883 c460 | 5de9 ae95 | 4ff8 baf6 | ffff ff49 | 8be8 6690 | c5f8 77e8 
  0x000001b3ebf637e0: 1ceb 44f8 | baf6 ffff | ff66 6690 | c5f8 77e8 | 0ceb 44f8 | baf6 ffff | ff66 6690 | c5f8 77e8 
  0x000001b3ebf63800: fcea 44f8 | 488b 7424 | 18e9 33fb | ffff 488b | 7424 18e9 | 29fb ffff | baf6 ffff | ff66 6690 
  0x000001b3ebf63820: c5f8 77e8 | d8ea 44f8 | baf6 ffff | ff66 6690 | c5f8 77e8 | c8ea 44f8 | baf6 ffff | ff66 6690 
  0x000001b3ebf63840: c5f8 77e8 | b8ea 44f8 | baf6 ffff | ff66 6690 | c5f8 77e8 | a8ea 44f8 | ba45 ffff | ff48 8b2c 
  0x000001b3ebf63860: 24c5 fa11 | 0424 c5fa | 114c 2404 | c5fa 115c | 2408 4c8b | 4424 184c | 8944 2410 | c5fb 1154 
  0x000001b3ebf63880: 2420 4489 | 5c24 0c44 | 8954 2428 | 4489 4c24 | 2c66 6690 | c5f8 77e8 | 64ea 44f8 | baf6 ffff 
  0x000001b3ebf638a0: ff66 6690 | c5f8 77e8 | 54ea 44f8 | ba45 ffff | ff48 8b2c | 24c5 fa11 | 0424 c5fa | 114c 2404 
  0x000001b3ebf638c0: c5fa 115c | 2408 4c8b | 4c24 184c | 894c 2410 | c5fb 1154 | 2420 4c89 | 5c24 2844 | 8954 240c 
  0x000001b3ebf638e0: 4489 4424 | 3066 6690 | c5f8 77e8 | 10ea 44f8 | 49ba ee2d | f6eb b301 | 0000 4d89 | 9758 0300 
  0x000001b3ebf63900: 00e9 fafa | 44f8 f4f4 | f4f4 f4f4 | f4f4 f4f4 | f4f4 f4f4 | f4f4 f4f4 | f4f4 f4f4 | f4f4 f4f4 
  0x000001b3ebf63920: 48bb 0000 | 0000 0000 | 0000 e9fb | ffff ffe9 | 4c12 4ff8 | e800 0000 | 0048 832c | 2405 e95d 
  0x000001b3ebf63940: ed44 f8f4 | f4f4 f4f4 
[/MachCode]
--------------------------------------------------------------------------------


---------------  P R O C E S S  ---------------

Threads class SMR info:
_java_thread_list=0x000001b3812f6df0, length=26, elements={
0x000001b3ffe2b720, 0x000001b3ffe2db40, 0x000001b3ffe479e0, 0x000001b3ffe497a0,
0x000001b3ffe4a150, 0x000001b3ffe4ab00, 0x000001b3ffe4bf80, 0x000001b3ffe4d720,
0x000001b3ffe4e800, 0x000001b380908fe0, 0x000001b38090b500, 0x000001b380936aa0,
0x000001b380942760, 0x000001b3dc8943d0, 0x000001b380b31840, 0x000001b380b5b200,
0x000001b380b6c890, 0x000001b381276820, 0x000001b3812c09f0, 0x000001b3812c4400,
0x000001b3812c48d0, 0x000001b3812fce80, 0x000001b3812fb8c0, 0x000001b3812fbdd0,
0x000001b3812fc2e0, 0x000001b3812c2250
}

Java Threads: ( => current thread )
  0x000001b3ffe2b720 JavaThread "Reference Handler" daemon [_thread_blocked, id=1528, stack(0x00000077c7800000,0x00000077c7900000)]
  0x000001b3ffe2db40 JavaThread "Finalizer" daemon [_thread_blocked, id=13560, stack(0x00000077c7900000,0x00000077c7a00000)]
  0x000001b3ffe479e0 JavaThread "Signal Dispatcher" daemon [_thread_blocked, id=18152, stack(0x00000077c7a00000,0x00000077c7b00000)]
  0x000001b3ffe497a0 JavaThread "Attach Listener" daemon [_thread_blocked, id=11512, stack(0x00000077c7b00000,0x00000077c7c00000)]
  0x000001b3ffe4a150 JavaThread "Service Thread" daemon [_thread_blocked, id=19400, stack(0x00000077c7c00000,0x00000077c7d00000)]
  0x000001b3ffe4ab00 JavaThread "Monitor Deflation Thread" daemon [_thread_blocked, id=2812, stack(0x00000077c7d00000,0x00000077c7e00000)]
  0x000001b3ffe4bf80 JavaThread "C2 CompilerThread0" daemon [_thread_blocked, id=9628, stack(0x00000077c7e00000,0x00000077c7f00000)]
  0x000001b3ffe4d720 JavaThread "C1 CompilerThread0" daemon [_thread_blocked, id=2248, stack(0x00000077c7f00000,0x00000077c8000000)]
  0x000001b3ffe4e800 JavaThread "Sweeper thread" daemon [_thread_blocked, id=1776, stack(0x00000077c8000000,0x00000077c8100000)]
  0x000001b380908fe0 JavaThread "C1 CompilerThread1" daemon [_thread_blocked, id=19984, stack(0x00000077c8100000,0x00000077c8200000)]
  0x000001b38090b500 JavaThread "C1 CompilerThread2" daemon [_thread_blocked, id=16864, stack(0x00000077c8200000,0x00000077c8300000)]
  0x000001b380936aa0 JavaThread "Notification Thread" daemon [_thread_blocked, id=15612, stack(0x00000077c8300000,0x00000077c8400000)]
  0x000001b380942760 JavaThread "Common-Cleaner" daemon [_thread_blocked, id=19852, stack(0x00000077c8500000,0x00000077c8600000)]
  0x000001b3dc8943d0 JavaThread "DestroyJavaVM" [_thread_blocked, id=10584, stack(0x00000077c7100000,0x00000077c7200000)]
  0x000001b380b31840 JavaThread "Java2D Disposer" daemon [_thread_blocked, id=11288, stack(0x00000077c8700000,0x00000077c8800000)]
  0x000001b380b5b200 JavaThread "AWT-Shutdown" [_thread_blocked, id=21360, stack(0x00000077c8900000,0x00000077c8a00000)]
  0x000001b380b6c890 JavaThread "AWT-Windows" daemon [_thread_in_native, id=6760, stack(0x00000077c8a00000,0x00000077c8b00000)]
  0x000001b381276820 JavaThread "AWT-EventQueue-0" [_thread_blocked, id=22180, stack(0x00000077c9700000,0x00000077c9800000)]
=>0x000001b3812c09f0 JavaThread "Thread-2" [_thread_in_Java, id=19452, stack(0x00000077c9800000,0x00000077c9900000)]
  0x000001b3812c4400 JavaThread "Thread-1" [_thread_in_Java, id=1080, stack(0x00000077c9900000,0x00000077c9a00000)]
  0x000001b3812c48d0 JavaThread "D3D Screen Updater" daemon [_thread_blocked, id=15468, stack(0x00000077c8600000,0x00000077c8700000)]
  0x000001b3812fce80 JavaThread "C2 CompilerThread1" daemon [_thread_blocked, id=20756, stack(0x00000077c8800000,0x00000077c8900000)]
  0x000001b3812fb8c0 JavaThread "C2 CompilerThread2" daemon [_thread_blocked, id=10752, stack(0x00000077c9a00000,0x00000077c9b00000)]
  0x000001b3812fbdd0 JavaThread "C2 CompilerThread3" daemon [_thread_blocked, id=17208, stack(0x00000077c9b00000,0x00000077c9c00000)]
  0x000001b3812fc2e0 JavaThread "C2 CompilerThread4" daemon [_thread_blocked, id=19728, stack(0x00000077c9c00000,0x00000077c9d00000)]
  0x000001b3812c2250 JavaThread "Thread-3" [_thread_in_Java, id=15028, stack(0x00000077c9d00000,0x00000077c9e00000)]

Other Threads:
  0x000001b3ffe26cc0 VMThread "VM Thread" [stack: 0x00000077c7700000,0x00000077c7800000] [id=11484]
  0x000001b38093db60 WatcherThread [stack: 0x00000077c8400000,0x00000077c8500000] [id=7112]
  0x000001b3dc8dd140 GCTaskThread "GC Thread#0" [stack: 0x00000077c7200000,0x00000077c7300000] [id=24356]
  0x000001b3dc8ed710 ConcurrentGCThread "G1 Main Marker" [stack: 0x00000077c7300000,0x00000077c7400000] [id=14584]
  0x000001b3dc8ef8d0 ConcurrentGCThread "G1 Conc#0" [stack: 0x00000077c7400000,0x00000077c7500000] [id=10340]
  0x000001b3ffcf24d0 ConcurrentGCThread "G1 Refine#0" [stack: 0x00000077c7500000,0x00000077c7600000] [id=22040]
  0x000001b3ffcf2df0 ConcurrentGCThread "G1 Service" [stack: 0x00000077c7600000,0x00000077c7700000] [id=5348]

Threads with active compile tasks:

VM state: not at safepoint (normal execution)

VM Mutex/Monitor currently owned by a thread: None

Heap address: 0x0000000709600000, size: 3946 MB, Compressed Oops mode: Zero based, Oop shift amount: 3

CDS archive(s) mapped at: [0x0000000800000000-0x0000000800bc0000-0x0000000800bc0000), size 12320768, SharedBaseAddress: 0x0000000800000000, ArchiveRelocationMode: 0.
Compressed class space mapped at: 0x0000000800c00000-0x0000000840c00000, reserved size: 1073741824
Narrow klass base: 0x0000000800000000, Narrow klass shift: 0, Narrow klass range: 0x100000000

GC Precious Log:
 CPUs: 16 total, 16 available
 Memory: 15776M
 Large Page Support: Disabled
 NUMA Support: Disabled
 Compressed Oops: Enabled (Zero based)
 Heap Region Size: 2M
 Heap Min Capacity: 8M
 Heap Initial Capacity: 248M
 Heap Max Capacity: 3946M
 Pre-touch: Disabled
 Parallel Workers: 13
 Concurrent Workers: 3
 Concurrent Refinement Workers: 13
 Periodic GC: Disabled

Heap:
 garbage-first heap   total 253952K, used 22528K [0x0000000709600000, 0x0000000800000000)
  region size 2048K, 10 young (20480K), 0 survivors (0K)
 Metaspace       used 6940K, committed 7104K, reserved 1056768K
  class space    used 751K, committed 832K, reserved 1048576K

Heap Regions: E=young(eden), S=young(survivor), O=old, HS=humongous(starts), HC=humongous(continues), CS=collection set, F=free, OA=open archive, CA=closed archive, TAMS=top-at-mark-start (previous, next)
|   0|0x0000000709600000, 0x0000000709800000, 0x0000000709800000|100%|HS|  |TAMS 0x0000000709600000, 0x0000000709600000| Complete 
|   1|0x0000000709800000, 0x0000000709a00000, 0x0000000709a00000|100%|HC|  |TAMS 0x0000000709800000, 0x0000000709800000| Complete 
|   2|0x0000000709a00000, 0x0000000709a00000, 0x0000000709c00000|  0%| F|  |TAMS 0x0000000709a00000, 0x0000000709a00000| Untracked 
|   3|0x0000000709c00000, 0x0000000709c00000, 0x0000000709e00000|  0%| F|  |TAMS 0x0000000709c00000, 0x0000000709c00000| Untracked 
|   4|0x0000000709e00000, 0x0000000709e00000, 0x000000070a000000|  0%| F|  |TAMS 0x0000000709e00000, 0x0000000709e00000| Untracked 
|   5|0x000000070a000000, 0x000000070a000000, 0x000000070a200000|  0%| F|  |TAMS 0x000000070a000000, 0x000000070a000000| Untracked 
|   6|0x000000070a200000, 0x000000070a200000, 0x000000070a400000|  0%| F|  |TAMS 0x000000070a200000, 0x000000070a200000| Untracked 
|   7|0x000000070a400000, 0x000000070a400000, 0x000000070a600000|  0%| F|  |TAMS 0x000000070a400000, 0x000000070a400000| Untracked 
|   8|0x000000070a600000, 0x000000070a600000, 0x000000070a800000|  0%| F|  |TAMS 0x000000070a600000, 0x000000070a600000| Untracked 
|   9|0x000000070a800000, 0x000000070a800000, 0x000000070aa00000|  0%| F|  |TAMS 0x000000070a800000, 0x000000070a800000| Untracked 
|  10|0x000000070aa00000, 0x000000070aa00000, 0x000000070ac00000|  0%| F|  |TAMS 0x000000070aa00000, 0x000000070aa00000| Untracked 
|  11|0x000000070ac00000, 0x000000070ac00000, 0x000000070ae00000|  0%| F|  |TAMS 0x000000070ac00000, 0x000000070ac00000| Untracked 
|  12|0x000000070ae00000, 0x000000070ae00000, 0x000000070b000000|  0%| F|  |TAMS 0x000000070ae00000, 0x000000070ae00000| Untracked 
|  13|0x000000070b000000, 0x000000070b000000, 0x000000070b200000|  0%| F|  |TAMS 0x000000070b000000, 0x000000070b000000| Untracked 
|  14|0x000000070b200000, 0x000000070b200000, 0x000000070b400000|  0%| F|  |TAMS 0x000000070b200000, 0x000000070b200000| Untracked 
|  15|0x000000070b400000, 0x000000070b400000, 0x000000070b600000|  0%| F|  |TAMS 0x000000070b400000, 0x000000070b400000| Untracked 
|  16|0x000000070b600000, 0x000000070b600000, 0x000000070b800000|  0%| F|  |TAMS 0x000000070b600000, 0x000000070b600000| Untracked 
|  17|0x000000070b800000, 0x000000070b800000, 0x000000070ba00000|  0%| F|  |TAMS 0x000000070b800000, 0x000000070b800000| Untracked 
|  18|0x000000070ba00000, 0x000000070ba00000, 0x000000070bc00000|  0%| F|  |TAMS 0x000000070ba00000, 0x000000070ba00000| Untracked 
|  19|0x000000070bc00000, 0x000000070bc00000, 0x000000070be00000|  0%| F|  |TAMS 0x000000070bc00000, 0x000000070bc00000| Untracked 
|  20|0x000000070be00000, 0x000000070be00000, 0x000000070c000000|  0%| F|  |TAMS 0x000000070be00000, 0x000000070be00000| Untracked 
|  21|0x000000070c000000, 0x000000070c000000, 0x000000070c200000|  0%| F|  |TAMS 0x000000070c000000, 0x000000070c000000| Untracked 
|  22|0x000000070c200000, 0x000000070c200000, 0x000000070c400000|  0%| F|  |TAMS 0x000000070c200000, 0x000000070c200000| Untracked 
|  23|0x000000070c400000, 0x000000070c400000, 0x000000070c600000|  0%| F|  |TAMS 0x000000070c400000, 0x000000070c400000| Untracked 
|  24|0x000000070c600000, 0x000000070c600000, 0x000000070c800000|  0%| F|  |TAMS 0x000000070c600000, 0x000000070c600000| Untracked 
|  25|0x000000070c800000, 0x000000070c800000, 0x000000070ca00000|  0%| F|  |TAMS 0x000000070c800000, 0x000000070c800000| Untracked 
|  26|0x000000070ca00000, 0x000000070ca00000, 0x000000070cc00000|  0%| F|  |TAMS 0x000000070ca00000, 0x000000070ca00000| Untracked 
|  27|0x000000070cc00000, 0x000000070cc00000, 0x000000070ce00000|  0%| F|  |TAMS 0x000000070cc00000, 0x000000070cc00000| Untracked 
|  28|0x000000070ce00000, 0x000000070ce00000, 0x000000070d000000|  0%| F|  |TAMS 0x000000070ce00000, 0x000000070ce00000| Untracked 
|  29|0x000000070d000000, 0x000000070d000000, 0x000000070d200000|  0%| F|  |TAMS 0x000000070d000000, 0x000000070d000000| Untracked 
|  30|0x000000070d200000, 0x000000070d200000, 0x000000070d400000|  0%| F|  |TAMS 0x000000070d200000, 0x000000070d200000| Untracked 
|  31|0x000000070d400000, 0x000000070d400000, 0x000000070d600000|  0%| F|  |TAMS 0x000000070d400000, 0x000000070d400000| Untracked 
|  32|0x000000070d600000, 0x000000070d600000, 0x000000070d800000|  0%| F|  |TAMS 0x000000070d600000, 0x000000070d600000| Untracked 
|  33|0x000000070d800000, 0x000000070d800000, 0x000000070da00000|  0%| F|  |TAMS 0x000000070d800000, 0x000000070d800000| Untracked 
|  34|0x000000070da00000, 0x000000070da00000, 0x000000070dc00000|  0%| F|  |TAMS 0x000000070da00000, 0x000000070da00000| Untracked 
|  35|0x000000070dc00000, 0x000000070dc00000, 0x000000070de00000|  0%| F|  |TAMS 0x000000070dc00000, 0x000000070dc00000| Untracked 
|  36|0x000000070de00000, 0x000000070de00000, 0x000000070e000000|  0%| F|  |TAMS 0x000000070de00000, 0x000000070de00000| Untracked 
|  37|0x000000070e000000, 0x000000070e000000, 0x000000070e200000|  0%| F|  |TAMS 0x000000070e000000, 0x000000070e000000| Untracked 
|  38|0x000000070e200000, 0x000000070e200000, 0x000000070e400000|  0%| F|  |TAMS 0x000000070e200000, 0x000000070e200000| Untracked 
|  39|0x000000070e400000, 0x000000070e400000, 0x000000070e600000|  0%| F|  |TAMS 0x000000070e400000, 0x000000070e400000| Untracked 
|  40|0x000000070e600000, 0x000000070e600000, 0x000000070e800000|  0%| F|  |TAMS 0x000000070e600000, 0x000000070e600000| Untracked 
|  41|0x000000070e800000, 0x000000070e800000, 0x000000070ea00000|  0%| F|  |TAMS 0x000000070e800000, 0x000000070e800000| Untracked 
|  42|0x000000070ea00000, 0x000000070ea00000, 0x000000070ec00000|  0%| F|  |TAMS 0x000000070ea00000, 0x000000070ea00000| Untracked 
|  43|0x000000070ec00000, 0x000000070ec00000, 0x000000070ee00000|  0%| F|  |TAMS 0x000000070ec00000, 0x000000070ec00000| Untracked 
|  44|0x000000070ee00000, 0x000000070ee00000, 0x000000070f000000|  0%| F|  |TAMS 0x000000070ee00000, 0x000000070ee00000| Untracked 
|  45|0x000000070f000000, 0x000000070f000000, 0x000000070f200000|  0%| F|  |TAMS 0x000000070f000000, 0x000000070f000000| Untracked 
|  46|0x000000070f200000, 0x000000070f200000, 0x000000070f400000|  0%| F|  |TAMS 0x000000070f200000, 0x000000070f200000| Untracked 
|  47|0x000000070f400000, 0x000000070f400000, 0x000000070f600000|  0%| F|  |TAMS 0x000000070f400000, 0x000000070f400000| Untracked 
|  48|0x000000070f600000, 0x000000070f600000, 0x000000070f800000|  0%| F|  |TAMS 0x000000070f600000, 0x000000070f600000| Untracked 
|  49|0x000000070f800000, 0x000000070f800000, 0x000000070fa00000|  0%| F|  |TAMS 0x000000070f800000, 0x000000070f800000| Untracked 
|  50|0x000000070fa00000, 0x000000070fa00000, 0x000000070fc00000|  0%| F|  |TAMS 0x000000070fa00000, 0x000000070fa00000| Untracked 
|  51|0x000000070fc00000, 0x000000070fc00000, 0x000000070fe00000|  0%| F|  |TAMS 0x000000070fc00000, 0x000000070fc00000| Untracked 
|  52|0x000000070fe00000, 0x000000070fe00000, 0x0000000710000000|  0%| F|  |TAMS 0x000000070fe00000, 0x000000070fe00000| Untracked 
|  53|0x0000000710000000, 0x0000000710000000, 0x0000000710200000|  0%| F|  |TAMS 0x0000000710000000, 0x0000000710000000| Untracked 
|  54|0x0000000710200000, 0x0000000710200000, 0x0000000710400000|  0%| F|  |TAMS 0x0000000710200000, 0x0000000710200000| Untracked 
|  55|0x0000000710400000, 0x0000000710400000, 0x0000000710600000|  0%| F|  |TAMS 0x0000000710400000, 0x0000000710400000| Untracked 
|  56|0x0000000710600000, 0x0000000710600000, 0x0000000710800000|  0%| F|  |TAMS 0x0000000710600000, 0x0000000710600000| Untracked 
|  57|0x0000000710800000, 0x0000000710800000, 0x0000000710a00000|  0%| F|  |TAMS 0x0000000710800000, 0x0000000710800000| Untracked 
|  58|0x0000000710a00000, 0x0000000710a00000, 0x0000000710c00000|  0%| F|  |TAMS 0x0000000710a00000, 0x0000000710a00000| Untracked 
|  59|0x0000000710c00000, 0x0000000710c00000, 0x0000000710e00000|  0%| F|  |TAMS 0x0000000710c00000, 0x0000000710c00000| Untracked 
|  60|0x0000000710e00000, 0x0000000710e00000, 0x0000000711000000|  0%| F|  |TAMS 0x0000000710e00000, 0x0000000710e00000| Untracked 
|  61|0x0000000711000000, 0x0000000711000000, 0x0000000711200000|  0%| F|  |TAMS 0x0000000711000000, 0x0000000711000000| Untracked 
|  62|0x0000000711200000, 0x0000000711200000, 0x0000000711400000|  0%| F|  |TAMS 0x0000000711200000, 0x0000000711200000| Untracked 
|  63|0x0000000711400000, 0x0000000711400000, 0x0000000711600000|  0%| F|  |TAMS 0x0000000711400000, 0x0000000711400000| Untracked 
|  64|0x0000000711600000, 0x0000000711600000, 0x0000000711800000|  0%| F|  |TAMS 0x0000000711600000, 0x0000000711600000| Untracked 
|  65|0x0000000711800000, 0x0000000711800000, 0x0000000711a00000|  0%| F|  |TAMS 0x0000000711800000, 0x0000000711800000| Untracked 
|  66|0x0000000711a00000, 0x0000000711a00000, 0x0000000711c00000|  0%| F|  |TAMS 0x0000000711a00000, 0x0000000711a00000| Untracked 
|  67|0x0000000711c00000, 0x0000000711c00000, 0x0000000711e00000|  0%| F|  |TAMS 0x0000000711c00000, 0x0000000711c00000| Untracked 
|  68|0x0000000711e00000, 0x0000000711e00000, 0x0000000712000000|  0%| F|  |TAMS 0x0000000711e00000, 0x0000000711e00000| Untracked 
|  69|0x0000000712000000, 0x0000000712000000, 0x0000000712200000|  0%| F|  |TAMS 0x0000000712000000, 0x0000000712000000| Untracked 
|  70|0x0000000712200000, 0x0000000712200000, 0x0000000712400000|  0%| F|  |TAMS 0x0000000712200000, 0x0000000712200000| Untracked 
|  71|0x0000000712400000, 0x0000000712400000, 0x0000000712600000|  0%| F|  |TAMS 0x0000000712400000, 0x0000000712400000| Untracked 
|  72|0x0000000712600000, 0x0000000712600000, 0x0000000712800000|  0%| F|  |TAMS 0x0000000712600000, 0x0000000712600000| Untracked 
|  73|0x0000000712800000, 0x0000000712800000, 0x0000000712a00000|  0%| F|  |TAMS 0x0000000712800000, 0x0000000712800000| Untracked 
|  74|0x0000000712a00000, 0x0000000712a00000, 0x0000000712c00000|  0%| F|  |TAMS 0x0000000712a00000, 0x0000000712a00000| Untracked 
|  75|0x0000000712c00000, 0x0000000712c00000, 0x0000000712e00000|  0%| F|  |TAMS 0x0000000712c00000, 0x0000000712c00000| Untracked 
|  76|0x0000000712e00000, 0x0000000712e00000, 0x0000000713000000|  0%| F|  |TAMS 0x0000000712e00000, 0x0000000712e00000| Untracked 
|  77|0x0000000713000000, 0x0000000713000000, 0x0000000713200000|  0%| F|  |TAMS 0x0000000713000000, 0x0000000713000000| Untracked 
|  78|0x0000000713200000, 0x0000000713200000, 0x0000000713400000|  0%| F|  |TAMS 0x0000000713200000, 0x0000000713200000| Untracked 
|  79|0x0000000713400000, 0x0000000713400000, 0x0000000713600000|  0%| F|  |TAMS 0x0000000713400000, 0x0000000713400000| Untracked 
|  80|0x0000000713600000, 0x0000000713600000, 0x0000000713800000|  0%| F|  |TAMS 0x0000000713600000, 0x0000000713600000| Untracked 
|  81|0x0000000713800000, 0x0000000713800000, 0x0000000713a00000|  0%| F|  |TAMS 0x0000000713800000, 0x0000000713800000| Untracked 
|  82|0x0000000713a00000, 0x0000000713a00000, 0x0000000713c00000|  0%| F|  |TAMS 0x0000000713a00000, 0x0000000713a00000| Untracked 
|  83|0x0000000713c00000, 0x0000000713c00000, 0x0000000713e00000|  0%| F|  |TAMS 0x0000000713c00000, 0x0000000713c00000| Untracked 
|  84|0x0000000713e00000, 0x0000000713e00000, 0x0000000714000000|  0%| F|  |TAMS 0x0000000713e00000, 0x0000000713e00000| Untracked 
|  85|0x0000000714000000, 0x0000000714000000, 0x0000000714200000|  0%| F|  |TAMS 0x0000000714000000, 0x0000000714000000| Untracked 
|  86|0x0000000714200000, 0x0000000714200000, 0x0000000714400000|  0%| F|  |TAMS 0x0000000714200000, 0x0000000714200000| Untracked 
|  87|0x0000000714400000, 0x0000000714400000, 0x0000000714600000|  0%| F|  |TAMS 0x0000000714400000, 0x0000000714400000| Untracked 
|  88|0x0000000714600000, 0x0000000714600000, 0x0000000714800000|  0%| F|  |TAMS 0x0000000714600000, 0x0000000714600000| Untracked 
|  89|0x0000000714800000, 0x0000000714800000, 0x0000000714a00000|  0%| F|  |TAMS 0x0000000714800000, 0x0000000714800000| Untracked 
|  90|0x0000000714a00000, 0x0000000714a00000, 0x0000000714c00000|  0%| F|  |TAMS 0x0000000714a00000, 0x0000000714a00000| Untracked 
|  91|0x0000000714c00000, 0x0000000714c00000, 0x0000000714e00000|  0%| F|  |TAMS 0x0000000714c00000, 0x0000000714c00000| Untracked 
|  92|0x0000000714e00000, 0x0000000714e00000, 0x0000000715000000|  0%| F|  |TAMS 0x0000000714e00000, 0x0000000714e00000| Untracked 
|  93|0x0000000715000000, 0x0000000715000000, 0x0000000715200000|  0%| F|  |TAMS 0x0000000715000000, 0x0000000715000000| Untracked 
|  94|0x0000000715200000, 0x0000000715200000, 0x0000000715400000|  0%| F|  |TAMS 0x0000000715200000, 0x0000000715200000| Untracked 
|  95|0x0000000715400000, 0x0000000715400000, 0x0000000715600000|  0%| F|  |TAMS 0x0000000715400000, 0x0000000715400000| Untracked 
|  96|0x0000000715600000, 0x0000000715600000, 0x0000000715800000|  0%| F|  |TAMS 0x0000000715600000, 0x0000000715600000| Untracked 
|  97|0x0000000715800000, 0x0000000715800000, 0x0000000715a00000|  0%| F|  |TAMS 0x0000000715800000, 0x0000000715800000| Untracked 
|  98|0x0000000715a00000, 0x0000000715a00000, 0x0000000715c00000|  0%| F|  |TAMS 0x0000000715a00000, 0x0000000715a00000| Untracked 
|  99|0x0000000715c00000, 0x0000000715c00000, 0x0000000715e00000|  0%| F|  |TAMS 0x0000000715c00000, 0x0000000715c00000| Untracked 
| 100|0x0000000715e00000, 0x0000000715e00000, 0x0000000716000000|  0%| F|  |TAMS 0x0000000715e00000, 0x0000000715e00000| Untracked 
| 101|0x0000000716000000, 0x0000000716000000, 0x0000000716200000|  0%| F|  |TAMS 0x0000000716000000, 0x0000000716000000| Untracked 
| 102|0x0000000716200000, 0x0000000716200000, 0x0000000716400000|  0%| F|  |TAMS 0x0000000716200000, 0x0000000716200000| Untracked 
| 103|0x0000000716400000, 0x0000000716400000, 0x0000000716600000|  0%| F|  |TAMS 0x0000000716400000, 0x0000000716400000| Untracked 
| 104|0x0000000716600000, 0x0000000716600000, 0x0000000716800000|  0%| F|  |TAMS 0x0000000716600000, 0x0000000716600000| Untracked 
| 105|0x0000000716800000, 0x0000000716800000, 0x0000000716a00000|  0%| F|  |TAMS 0x0000000716800000, 0x0000000716800000| Untracked 
| 106|0x0000000716a00000, 0x0000000716a00000, 0x0000000716c00000|  0%| F|  |TAMS 0x0000000716a00000, 0x0000000716a00000| Untracked 
| 107|0x0000000716c00000, 0x0000000716c00000, 0x0000000716e00000|  0%| F|  |TAMS 0x0000000716c00000, 0x0000000716c00000| Untracked 
| 108|0x0000000716e00000, 0x0000000716e00000, 0x0000000717000000|  0%| F|  |TAMS 0x0000000716e00000, 0x0000000716e00000| Untracked 
| 109|0x0000000717000000, 0x0000000717000000, 0x0000000717200000|  0%| F|  |TAMS 0x0000000717000000, 0x0000000717000000| Untracked 
| 110|0x0000000717200000, 0x0000000717200000, 0x0000000717400000|  0%| F|  |TAMS 0x0000000717200000, 0x0000000717200000| Untracked 
| 111|0x0000000717400000, 0x0000000717400000, 0x0000000717600000|  0%| F|  |TAMS 0x0000000717400000, 0x0000000717400000| Untracked 
| 112|0x0000000717600000, 0x0000000717600000, 0x0000000717800000|  0%| F|  |TAMS 0x0000000717600000, 0x0000000717600000| Untracked 
| 113|0x0000000717800000, 0x0000000717800000, 0x0000000717a00000|  0%| F|  |TAMS 0x0000000717800000, 0x0000000717800000| Untracked 
| 114|0x0000000717a00000, 0x0000000717bc3220, 0x0000000717c00000| 88%| E|  |TAMS 0x0000000717a00000, 0x0000000717a00000| Complete 
| 115|0x0000000717c00000, 0x0000000717e00000, 0x0000000717e00000|100%| E|CS|TAMS 0x0000000717c00000, 0x0000000717c00000| Complete 
| 116|0x0000000717e00000, 0x0000000718000000, 0x0000000718000000|100%| E|CS|TAMS 0x0000000717e00000, 0x0000000717e00000| Complete 
| 117|0x0000000718000000, 0x0000000718200000, 0x0000000718200000|100%| E|CS|TAMS 0x0000000718000000, 0x0000000718000000| Complete 
| 118|0x0000000718200000, 0x0000000718400000, 0x0000000718400000|100%| E|CS|TAMS 0x0000000718200000, 0x0000000718200000| Complete 
| 119|0x0000000718400000, 0x0000000718600000, 0x0000000718600000|100%| E|CS|TAMS 0x0000000718400000, 0x0000000718400000| Complete 
| 120|0x0000000718600000, 0x0000000718800000, 0x0000000718800000|100%| E|CS|TAMS 0x0000000718600000, 0x0000000718600000| Complete 
| 121|0x0000000718800000, 0x0000000718a00000, 0x0000000718a00000|100%| E|CS|TAMS 0x0000000718800000, 0x0000000718800000| Complete 
| 122|0x0000000718a00000, 0x0000000718c00000, 0x0000000718c00000|100%| E|CS|TAMS 0x0000000718a00000, 0x0000000718a00000| Complete 
| 123|0x0000000718c00000, 0x0000000718e00000, 0x0000000718e00000|100%| E|CS|TAMS 0x0000000718c00000, 0x0000000718c00000| Complete 

Card table byte_map: [0x000001b3f43b0000,0x000001b3f4b70000] _byte_map_base: 0x000001b3f0b65000

Marking Bits (Prev, Next): (CMBitMap*) 0x000001b3dc8dd750, (CMBitMap*) 0x000001b3dc8dd790
 Prev Bits: [0x000001b3f5330000, 0x000001b3f90d8000)
 Next Bits: [0x000001b3f90e0000, 0x000001b3fce88000)

Polling page: 0x000001b3da810000

Metaspace:

Usage:
  Non-class:      6.04 MB used.
      Class:    751.91 KB used.
       Both:      6.78 MB used.

Virtual space:
  Non-class space:        8.00 MB reserved,       6.12 MB ( 77%) committed,  1 nodes.
      Class space:        1.00 GB reserved,     832.00 KB ( <1%) committed,  1 nodes.
             Both:        1.01 GB reserved,       6.94 MB ( <1%) committed. 

Chunk freelists:
   Non-Class:  1.89 MB
       Class:  3.22 MB
        Both:  5.12 MB

MaxMetaspaceSize: unlimited
CompressedClassSpaceSize: 1.00 GB
Initial GC threshold: 21.00 MB
Current GC threshold: 21.00 MB
CDS: on
MetaspaceReclaimPolicy: balanced
 - commit_granule_bytes: 65536.
 - commit_granule_words: 8192.
 - virtual_space_node_default_size: 1048576.
 - enlarge_chunks_in_place: 1.
 - new_chunks_are_fully_committed: 0.
 - uncommit_free_chunks: 1.
 - use_allocation_guard: 0.
 - handle_deallocations: 1.


Internal statistics:

num_allocs_failed_limit: 0.
num_arena_births: 128.
num_arena_deaths: 0.
num_vsnodes_births: 2.
num_vsnodes_deaths: 0.
num_space_committed: 111.
num_space_uncommitted: 0.
num_chunks_returned_to_freelist: 0.
num_chunks_taken_from_freelist: 177.
num_chunk_merges: 0.
num_chunk_splits: 106.
num_chunks_enlarged: 52.
num_purges: 0.
num_inconsistent_stats: 0.

CodeHeap 'non-profiled nmethods': size=119168Kb used=408Kb max_used=408Kb free=118759Kb
 bounds [0x000001b3ebf00000, 0x000001b3ec170000, 0x000001b3f3360000]
CodeHeap 'profiled nmethods': size=119104Kb used=1523Kb max_used=1523Kb free=117580Kb
 bounds [0x000001b3e4ab0000, 0x000001b3e4d20000, 0x000001b3ebf00000]
CodeHeap 'non-nmethods': size=7488Kb used=2384Kb max_used=2413Kb free=5103Kb
 bounds [0x000001b3e4360000, 0x000001b3e45d0000, 0x000001b3e4ab0000]
 total_blobs=1664 nmethods=1084 adapters=491
 compilation: enabled
              stopped_count=0, restarted_count=0
 full_count=0

Compilation events (20 events):
Event: 0.847 Thread 0x000001b380908fe0 1070       3       summit.gfx.Renderer::fillRect (70 bytes)
Event: 0.847 Thread 0x000001b3ffe4d720 nmethod 1069 0x000001b3e4c2ac10 code [0x000001b3e4c2ada0, 0x000001b3e4c2af98]
Event: 0.847 Thread 0x000001b380908fe0 nmethod 1070 0x000001b3e4c2b010 code [0x000001b3e4c2b1e0, 0x000001b3e4c2b6d8]
Event: 0.847 Thread 0x000001b3ffe4d720 1071       3       sun.awt.EventQueueItem::<init> (10 bytes)
Event: 0.847 Thread 0x000001b3ffe4d720 nmethod 1071 0x000001b3e4c2b910 code [0x000001b3e4c2baa0, 0x000001b3e4c2bc58]
Event: 0.847 Thread 0x000001b3ffe4d720 1072       1       java.awt.EventDispatchThread$1::evaluate (2 bytes)
Event: 0.847 Thread 0x000001b380908fe0 1073  s    1       java.awt.EventDispatchThread::getEventQueue (5 bytes)
Event: 0.847 Thread 0x000001b3ffe4d720 nmethod 1072 0x000001b3ebf60a10 code [0x000001b3ebf60ba0, 0x000001b3ebf60c78]
Event: 0.848 Thread 0x000001b380908fe0 nmethod 1073 0x000001b3ebf60d10 code [0x000001b3ebf60ea0, 0x000001b3ebf61018]
Event: 0.848 Thread 0x000001b380908fe0 1074 %     3       summit.gfx.Renderer::filterFrame @ 10 (57 bytes)
Event: 0.848 Thread 0x000001b380908fe0 nmethod 1074% 0x000001b3e4c2bd10 code [0x000001b3e4c2bee0, 0x000001b3e4c2c348]
Event: 0.848 Thread 0x000001b3ffe4d720 1075       3       summit.gfx.Renderer::filterFrame (57 bytes)
Event: 0.848 Thread 0x000001b3812fce80 nmethod 1068% 0x000001b3ebf61090 code [0x000001b3ebf61220, 0x000001b3ebf61658]
Event: 0.849 Thread 0x000001b3ffe4d720 nmethod 1075 0x000001b3e4c2c610 code [0x000001b3e4c2c7e0, 0x000001b3e4c2cba8]
Event: 0.856 Thread 0x000001b38090b500 1076       1       summit.game.entity.Entity::inWater (5 bytes)
Event: 0.856 Thread 0x000001b3ffe4d720 1077       1       summit.game.GameUpdateEvent::getDeltaTime (5 bytes)
Event: 0.856 Thread 0x000001b38090b500 nmethod 1076 0x000001b3ebf61890 code [0x000001b3ebf61a20, 0x000001b3ebf61af8]
Event: 0.856 Thread 0x000001b3ffe4d720 nmethod 1077 0x000001b3ebf61b90 code [0x000001b3ebf61d20, 0x000001b3ebf61df8]
Event: 0.857 Thread 0x000001b3ffe4bf80 1078       4       summit.gfx.Renderer::rotate (62 bytes)
Event: 0.863 Thread 0x000001b3812fb8c0 nmethod 1065 0x000001b3ebf61e90 code [0x000001b3ebf620a0, 0x000001b3ebf63948]

GC Heap History (0 events):
No events

Deoptimization events (20 events):
Event: 0.823 Thread 0x000001b3812c2250 DEOPT PACKING pc=0x000001b3e4c24679 sp=0x00000077c9dff2e0
Event: 0.823 Thread 0x000001b3812c2250 DEOPT UNPACKING pc=0x000001b3e43b2b43 sp=0x00000077c9dfe788 mode 0
Event: 0.824 Thread 0x000001b3812c2250 DEOPT PACKING pc=0x000001b3e4c24679 sp=0x00000077c9dff2e0
Event: 0.824 Thread 0x000001b3812c2250 DEOPT UNPACKING pc=0x000001b3e43b2b43 sp=0x00000077c9dfe788 mode 0
Event: 0.825 Thread 0x000001b3812c2250 DEOPT PACKING pc=0x000001b3e4c24679 sp=0x00000077c9dff2e0
Event: 0.825 Thread 0x000001b3812c2250 DEOPT UNPACKING pc=0x000001b3e43b2b43 sp=0x00000077c9dfe788 mode 0
Event: 0.826 Thread 0x000001b3812c2250 DEOPT PACKING pc=0x000001b3e4c24679 sp=0x00000077c9dff2e0
Event: 0.826 Thread 0x000001b3812c2250 DEOPT UNPACKING pc=0x000001b3e43b2b43 sp=0x00000077c9dfe788 mode 0
Event: 0.826 Thread 0x000001b3812c2250 DEOPT PACKING pc=0x000001b3e4c24679 sp=0x00000077c9dff2e0
Event: 0.826 Thread 0x000001b3812c2250 DEOPT UNPACKING pc=0x000001b3e43b2b43 sp=0x00000077c9dfe788 mode 0
Event: 0.827 Thread 0x000001b3812c2250 DEOPT PACKING pc=0x000001b3e4c24679 sp=0x00000077c9dff2e0
Event: 0.827 Thread 0x000001b3812c2250 DEOPT UNPACKING pc=0x000001b3e43b2b43 sp=0x00000077c9dfe788 mode 0
Event: 0.843 Thread 0x000001b3812c09f0 Uncommon trap: trap_request=0xffffff45 fr.pc=0x000001b3ebf5ec5c relative=0x00000000000003bc
Event: 0.843 Thread 0x000001b3812c09f0 Uncommon trap: reason=unstable_if action=reinterpret pc=0x000001b3ebf5ec5c method=summit.gfx.Renderer.inArrBounds(IIII)Z @ 15 c2
Event: 0.843 Thread 0x000001b3812c09f0 DEOPT PACKING pc=0x000001b3ebf5ec5c sp=0x00000077c98fef50
Event: 0.843 Thread 0x000001b3812c09f0 DEOPT UNPACKING pc=0x000001b3e43b23a3 sp=0x00000077c98fee58 mode 2
Event: 0.857 Thread 0x000001b3812c09f0 DEOPT PACKING pc=0x000001b3e4c2a91d sp=0x00000077c98feea0
Event: 0.857 Thread 0x000001b3812c09f0 DEOPT UNPACKING pc=0x000001b3e43b2b43 sp=0x00000077c98fe330 mode 0
Event: 0.862 Thread 0x000001b3812c09f0 DEOPT PACKING pc=0x000001b3e4c2a91d sp=0x00000077c98feea0
Event: 0.862 Thread 0x000001b3812c09f0 DEOPT UNPACKING pc=0x000001b3e43b2b43 sp=0x00000077c98fe330 mode 0

Classes unloaded (0 events):
No events

Classes redefined (0 events):
No events

Internal exceptions (14 events):
Event: 0.062 Thread 0x000001b380943c40 Exception <a 'java/lang/ClassNotFoundException'{0x0000000718a2c1c8}: sun/awt/resources/spi/awtProvider> (0x0000000718a2c1c8) 
thrown [e:\jenkins\tmp\workspace\build\src\src\hotspot\share\classfile\systemDictionary.cpp, line 256]
Event: 0.082 Thread 0x000001b380943c40 Exception <a 'java/io/FileNotFoundException'{0x0000000718b666c8}> (0x0000000718b666c8) 
thrown [e:\jenkins\tmp\workspace\build\src\src\hotspot\share\prims\jni.cpp, line 516]
Event: 0.088 Thread 0x000001b380943c40 Exception <a 'java/io/FileNotFoundException'{0x0000000718b93620}> (0x0000000718b93620) 
thrown [e:\jenkins\tmp\workspace\build\src\src\hotspot\share\prims\jni.cpp, line 516]
Event: 0.101 Thread 0x000001b380943c40 Exception <a 'java/lang/NoSuchMethodError'{0x0000000718bc9050}: 'java.lang.Object java.lang.invoke.DirectMethodHandle$Holder.invokeStaticInit(java.lang.Object)'> (0x0000000718bc9050) 
thrown [e:\jenkins\tmp\workspace\build\src\src\hotspot\share\interpreter\linkResolver.cpp, line 766]
Event: 0.247 Thread 0x000001b380943c40 Exception <a 'java/lang/NoSuchMethodError'{0x0000000718762b08}: 'void java.lang.invoke.DirectMethodHandle$Holder.invokeSpecial(java.lang.Object, java.lang.Object, java.lang.Object)'> (0x0000000718762b08) 
thrown [e:\jenkins\tmp\workspace\build\src\src\hotspot\share\interpreter\linkResolver.cpp, line 766]
Event: 0.254 Thread 0x000001b380943c40 Exception <a 'java/lang/NoSuchMethodError'{0x000000071878cda0}: 'java.lang.Object java.lang.invoke.DirectMethodHandle$Holder.newInvokeSpecial(java.lang.Object, java.lang.Object, java.lang.Object, java.lang.Object, java.lang.Object)'> (0x000000071878cda0) 
thrown [e:\jenkins\tmp\workspace\build\src\src\hotspot\share\interpreter\linkResolver.cpp, line 766]
Event: 0.255 Thread 0x000001b380943c40 Exception <a 'java/lang/NoSuchMethodError'{0x0000000718798768}: 'java.lang.Object java.lang.invoke.DirectMethodHandle$Holder.invokeStatic(java.lang.Object, int, java.lang.Object, java.lang.Object, java.lang.Object, java.lang.Object)'> (0x0000000718798768) 
thrown [e:\jenkins\tmp\workspace\build\src\src\hotspot\share\interpreter\linkResolver.cpp, line 766]
Event: 0.258 Thread 0x000001b380943c40 Exception <a 'java/lang/NoSuchMethodError'{0x00000007187bde88}: 'java.lang.Object java.lang.invoke.DirectMethodHandle$Holder.invokeStatic(java.lang.Object, int, java.lang.Object)'> (0x00000007187bde88) 
thrown [e:\jenkins\tmp\workspace\build\src\src\hotspot\share\interpreter\linkResolver.cpp, line 766]
Event: 0.276 Thread 0x000001b380943c40 Exception <a 'java/lang/ClassNotFoundException'{0x0000000718476108}: com/sun/swing/internal/plaf/metal/resources/spi/metalProvider> (0x0000000718476108) 
thrown [e:\jenkins\tmp\workspace\build\src\src\hotspot\share\classfile\systemDictionary.cpp, line 256]
Event: 0.277 Thread 0x000001b380943c40 Exception <a 'java/lang/ClassNotFoundException'{0x0000000718479fe0}: com/sun/swing/internal/plaf/basic/resources/spi/basicProvider> (0x0000000718479fe0) 
thrown [e:\jenkins\tmp\workspace\build\src\src\hotspot\share\classfile\systemDictionary.cpp, line 256]
Event: 0.290 Thread 0x000001b380b6c890 Exception <a 'java/lang/NoSuchMethodError'{0x0000000718680998}: 'void java.lang.invoke.DirectMethodHandle$Holder.invokeVirtual(java.lang.Object, java.lang.Object)'> (0x0000000718680998) 
thrown [e:\jenkins\tmp\workspace\build\src\src\hotspot\share\interpreter\linkResolver.cpp, line 766]
Event: 0.302 Thread 0x000001b380943c40 Exception <a 'java/lang/NoSuchMethodError'{0x00000007184b7ff0}: 'void java.lang.invoke.DirectMethodHandle$Holder.invokeStaticInit(java.lang.Object)'> (0x00000007184b7ff0) 
thrown [e:\jenkins\tmp\workspace\build\src\src\hotspot\share\interpreter\linkResolver.cpp, line 766]
Event: 0.792 Thread 0x000001b381276820 Implicit null exception at 0x000001b3ebf502d6 to 0x000001b3ebf503d4
Event: 0.799 Thread 0x000001b381276820 Implicit null exception at 0x000001b3ebf51c55 to 0x000001b3ebf51d78

VM Operations (10 events):
Event: 0.046 Executing VM operation: HandshakeAllThreads
Event: 0.046 Executing VM operation: HandshakeAllThreads done
Event: 0.276 Executing VM operation: HandshakeAllThreads
Event: 0.276 Executing VM operation: HandshakeAllThreads done
Event: 0.320 Executing VM operation: HandshakeAllThreads
Event: 0.320 Executing VM operation: HandshakeAllThreads done
Event: 0.347 Executing VM operation: HandshakeAllThreads
Event: 0.347 Executing VM operation: HandshakeAllThreads done
Event: 0.777 Executing VM operation: HandshakeAllThreads
Event: 0.777 Executing VM operation: HandshakeAllThreads done

Events (20 events):
Event: 0.371 loading class javax/swing/text/JTextComponent
Event: 0.371 loading class javax/swing/Scrollable
Event: 0.372 loading class javax/swing/Scrollable done
Event: 0.372 loading class javax/swing/text/JTextComponent done
Event: 0.372 loading class java/awt/event/MouseWheelEvent
Event: 0.372 loading class java/awt/event/MouseWheelEvent done
Event: 0.378 loading class sun/awt/image/BufImgSurfaceManager
Event: 0.378 loading class sun/awt/image/BufImgSurfaceManager done
Event: 0.378 loading class sun/awt/image/BufImgSurfaceData
Event: 0.378 loading class sun/awt/image/BufImgSurfaceData done
Event: 0.378 loading class sun/awt/image/BufImgSurfaceData$ICMColorData
Event: 0.378 loading class sun/awt/image/BufImgSurfaceData$ICMColorData done
Event: 0.691 Thread 0x000001b380b3c420 Thread exited: 0x000001b380b3c420
Event: 0.774 loading class java/lang/Math$RandomNumberGeneratorHolder
Event: 0.775 loading class java/lang/Math$RandomNumberGeneratorHolder done
Event: 0.788 Thread 0x000001b3812fce80 Thread added: 0x000001b3812fce80
Event: 0.789 Thread 0x000001b3812fb8c0 Thread added: 0x000001b3812fb8c0
Event: 0.789 Thread 0x000001b3812fbdd0 Thread added: 0x000001b3812fbdd0
Event: 0.789 Thread 0x000001b3812fc2e0 Thread added: 0x000001b3812fc2e0
Event: 0.801 Thread 0x000001b3812c2250 Thread added: 0x000001b3812c2250


Dynamic libraries:
0x00007ff7039e0000 - 0x00007ff7039ee000 	C:\Users\aadiu\AppData\Local\Programs\Eclipse Adoptium\jdk-17.0.2.8-hotspot\bin\java.exe
0x00007ffb36970000 - 0x00007ffb36b68000 	C:\Windows\SYSTEM32\ntdll.dll
0x00007ffb352a0000 - 0x00007ffb3535f000 	C:\Windows\System32\KERNEL32.DLL
0x00007ffb34310000 - 0x00007ffb345e2000 	C:\Windows\System32\KERNELBASE.dll
0x00007ffb34110000 - 0x00007ffb34210000 	C:\Windows\System32\ucrtbase.dll
0x00007ffb31b00000 - 0x00007ffb31b18000 	C:\Users\aadiu\AppData\Local\Programs\Eclipse Adoptium\jdk-17.0.2.8-hotspot\bin\jli.dll
0x00007ffb1e2d0000 - 0x00007ffb1e2e9000 	C:\Users\aadiu\AppData\Local\Programs\Eclipse Adoptium\jdk-17.0.2.8-hotspot\bin\VCRUNTIME140.dll
0x00007ffb35530000 - 0x00007ffb356cd000 	C:\Windows\System32\USER32.dll
0x00007ffb34720000 - 0x00007ffb34742000 	C:\Windows\System32\win32u.dll
0x00007ffb20b10000 - 0x00007ffb20daa000 	C:\Windows\WinSxS\amd64_microsoft.windows.common-controls_6595b64144ccf1df_6.0.19041.1110_none_60b5254171f9507e\COMCTL32.dll
0x00007ffb35f00000 - 0x00007ffb35f9e000 	C:\Windows\System32\msvcrt.dll
0x00007ffb35fa0000 - 0x00007ffb35fcb000 	C:\Windows\System32\GDI32.dll
0x00007ffb34750000 - 0x00007ffb3485f000 	C:\Windows\System32\gdi32full.dll
0x00007ffb345f0000 - 0x00007ffb3468d000 	C:\Windows\System32\msvcp_win.dll
0x00007ffb356f0000 - 0x00007ffb35722000 	C:\Windows\System32\IMM32.DLL
0x00007ffb31d70000 - 0x00007ffb31d7c000 	C:\Users\aadiu\AppData\Local\Programs\Eclipse Adoptium\jdk-17.0.2.8-hotspot\bin\vcruntime140_1.dll
0x00007ffb0bb30000 - 0x00007ffb0bbc1000 	C:\Users\aadiu\AppData\Local\Programs\Eclipse Adoptium\jdk-17.0.2.8-hotspot\bin\msvcp140.dll
0x00007ffabf480000 - 0x00007ffac00c7000 	C:\Users\aadiu\AppData\Local\Programs\Eclipse Adoptium\jdk-17.0.2.8-hotspot\bin\server\jvm.dll
0x00007ffb34ec0000 - 0x00007ffb34f6e000 	C:\Windows\System32\ADVAPI32.dll
0x00007ffb35e60000 - 0x00007ffb35efc000 	C:\Windows\System32\sechost.dll
0x00007ffb35ba0000 - 0x00007ffb35cc5000 	C:\Windows\System32\RPCRT4.dll
0x00007ffb34eb0000 - 0x00007ffb34eb8000 	C:\Windows\System32\PSAPI.DLL
0x00007ffb2d720000 - 0x00007ffb2d72a000 	C:\Windows\SYSTEM32\VERSION.dll
0x00007ffb1d990000 - 0x00007ffb1d999000 	C:\Windows\SYSTEM32\WSOCK32.dll
0x00007ffb31d40000 - 0x00007ffb31d67000 	C:\Windows\SYSTEM32\WINMM.dll
0x00007ffb35160000 - 0x00007ffb351cb000 	C:\Windows\System32\WS2_32.dll
0x00007ffb31fa0000 - 0x00007ffb31fb2000 	C:\Windows\SYSTEM32\kernel.appcore.dll
0x00007ffb31af0000 - 0x00007ffb31afa000 	C:\Users\aadiu\AppData\Local\Programs\Eclipse Adoptium\jdk-17.0.2.8-hotspot\bin\jimage.dll
0x00007ffb31b50000 - 0x00007ffb31d34000 	C:\Windows\SYSTEM32\DBGHELP.DLL
0x00007ffb31b20000 - 0x00007ffb31b4c000 	C:\Windows\SYSTEM32\dbgcore.DLL
0x00007ffb34690000 - 0x00007ffb34712000 	C:\Windows\System32\bcryptPrimitives.dll
0x00007ffb19c60000 - 0x00007ffb19c85000 	C:\Users\aadiu\AppData\Local\Programs\Eclipse Adoptium\jdk-17.0.2.8-hotspot\bin\java.dll
0x00007ffafa4c0000 - 0x00007ffafa596000 	C:\Users\aadiu\AppData\Local\Programs\Eclipse Adoptium\jdk-17.0.2.8-hotspot\bin\jsvml.dll
0x00007ffb35fd0000 - 0x00007ffb36713000 	C:\Windows\System32\SHELL32.dll
0x00007ffb32130000 - 0x00007ffb328c2000 	C:\Windows\SYSTEM32\windows.storage.dll
0x00007ffb34ad0000 - 0x00007ffb34e24000 	C:\Windows\System32\combase.dll
0x00007ffb33a60000 - 0x00007ffb33a90000 	C:\Windows\SYSTEM32\Wldp.dll
0x00007ffb349c0000 - 0x00007ffb34a6d000 	C:\Windows\System32\SHCORE.dll
0x00007ffb35020000 - 0x00007ffb35075000 	C:\Windows\System32\shlwapi.dll
0x00007ffb33fb0000 - 0x00007ffb33fcf000 	C:\Windows\SYSTEM32\profapi.dll
0x00007ffaf5980000 - 0x00007ffaf5b0e000 	C:\Users\aadiu\AppData\Local\Programs\Eclipse Adoptium\jdk-17.0.2.8-hotspot\bin\awt.dll
0x00007ffb351d0000 - 0x00007ffb3529d000 	C:\Windows\System32\OLEAUT32.dll
0x00007ffb31300000 - 0x00007ffb31391000 	C:\Windows\SYSTEM32\apphelp.dll
0x00007ffb1cb70000 - 0x00007ffb1cb88000 	C:\Users\aadiu\AppData\Local\Programs\Eclipse Adoptium\jdk-17.0.2.8-hotspot\bin\zip.dll
0x00007ffb31410000 - 0x00007ffb314ae000 	C:\Windows\system32\uxtheme.dll
0x00007ffb353f0000 - 0x00007ffb35505000 	C:\Windows\System32\MSCTF.dll
0x00007ffb35cd0000 - 0x00007ffb35dfa000 	C:\Windows\System32\ole32.dll
0x00007ffb31590000 - 0x00007ffb315bf000 	C:\Windows\system32\DWMAPI.DLL
0x00007ffadadb0000 - 0x00007ffadaed5000 	C:\Windows\system32\opengl32.dll
0x00007ffada100000 - 0x00007ffada12c000 	C:\Windows\SYSTEM32\GLU32.dll
0x00007ffb269b0000 - 0x00007ffb26b7f000 	C:\Windows\system32\d3d9.dll
0x00007ffb28d70000 - 0x00007ffb28f28000 	C:\Windows\System32\DriverStore\FileRepository\u0370468.inf_amd64_5e4260b11257b6e9\B370372\aticfx64.dll
0x00007ffb12520000 - 0x00007ffb12554000 	C:\Windows\System32\DriverStore\FileRepository\u0370468.inf_amd64_5e4260b11257b6e9\B370372\atiu9p64.dll
0x00007ffabe720000 - 0x00007ffabf474000 	C:\Windows\System32\DriverStore\FileRepository\u0370468.inf_amd64_5e4260b11257b6e9\B370372\atiumd64.dll
0x000000006c4b0000 - 0x000000006d324000 	C:\Windows\System32\DriverStore\FileRepository\u0370468.inf_amd64_5e4260b11257b6e9\B370372\atiumd6a.dll
0x00007ffb35730000 - 0x00007ffb35b98000 	C:\Windows\System32\SETUPAPI.dll
0x00007ffb34210000 - 0x00007ffb3425e000 	C:\Windows\System32\cfgmgr32.dll
0x00007ffb33e30000 - 0x00007ffb33e7b000 	C:\Windows\SYSTEM32\POWRPROF.dll
0x00007ffb34070000 - 0x00007ffb34097000 	C:\Windows\System32\bcrypt.dll
0x00007ffb33e10000 - 0x00007ffb33e22000 	C:\Windows\SYSTEM32\UMPDC.dll
0x00007ffb29180000 - 0x00007ffb291b0000 	C:\Windows\SYSTEM32\amdihk64.dll
0x00007ffb29960000 - 0x00007ffb2999b000 	C:\Windows\SYSTEM32\dxcore.dll
0x00007ffb0d970000 - 0x00007ffb0d9f9000 	C:\Users\aadiu\AppData\Local\Programs\Eclipse Adoptium\jdk-17.0.2.8-hotspot\bin\freetype.dll
0x00007ffb0ba80000 - 0x00007ffb0bb28000 	C:\Users\aadiu\AppData\Local\Programs\Eclipse Adoptium\jdk-17.0.2.8-hotspot\bin\fontmanager.dll
0x00007ffb28f30000 - 0x00007ffb29029000 	C:\Windows\SYSTEM32\textinputframework.dll
0x00007ffb30e70000 - 0x00007ffb311ce000 	C:\Windows\System32\CoreUIComponents.dll
0x00007ffb309d0000 - 0x00007ffb30ac2000 	C:\Windows\System32\CoreMessaging.dll
0x00007ffb33190000 - 0x00007ffb331c3000 	C:\Windows\SYSTEM32\ntmarta.dll
0x00007ffb30200000 - 0x00007ffb30354000 	C:\Windows\SYSTEM32\wintypes.dll

dbghelp: loaded successfully - version: 4.0.5 - missing functions: none
symbol engine: initialized successfully - sym options: 0x614 - pdb path: .;C:\Users\aadiu\AppData\Local\Programs\Eclipse Adoptium\jdk-17.0.2.8-hotspot\bin;C:\Windows\SYSTEM32;C:\Windows\WinSxS\amd64_microsoft.windows.common-controls_6595b64144ccf1df_6.0.19041.1110_none_60b5254171f9507e;C:\Users\aadiu\AppData\Local\Programs\Eclipse Adoptium\jdk-17.0.2.8-hotspot\bin\server;C:\Windows\System32\DriverStore\FileRepository\u0370468.inf_amd64_5e4260b11257b6e9\B370372

VM Arguments:
jvm_args: -XX:+ShowCodeDetailsInExceptionMessages 
java_command: summit.Main
java_class_path (initial): C:\Users\aadiu\AppData\Roaming\Code\User\workspaceStorage\929b6f7fce9865a60d0bbe8b6a275a21\redhat.java\jdt_ws\Summit Game_948de7c9\bin
Launcher Type: SUN_STANDARD

[Global flags]
     intx CICompilerCount                          = 12                                        {product} {ergonomic}
     uint ConcGCThreads                            = 3                                         {product} {ergonomic}
     uint G1ConcRefinementThreads                  = 13                                        {product} {ergonomic}
   size_t G1HeapRegionSize                         = 2097152                                   {product} {ergonomic}
    uintx GCDrainStackTargetSize                   = 64                                        {product} {ergonomic}
   size_t InitialHeapSize                          = 260046848                                 {product} {ergonomic}
   size_t MarkStackSize                            = 4194304                                   {product} {ergonomic}
   size_t MaxHeapSize                              = 4137680896                                {product} {ergonomic}
   size_t MaxNewSize                               = 2480930816                                {product} {ergonomic}
   size_t MinHeapDeltaBytes                        = 2097152                                   {product} {ergonomic}
   size_t MinHeapSize                              = 8388608                                   {product} {ergonomic}
    uintx NonNMethodCodeHeapSize                   = 7602480                                {pd product} {ergonomic}
    uintx NonProfiledCodeHeapSize                  = 122027880                              {pd product} {ergonomic}
    uintx ProfiledCodeHeapSize                     = 122027880                              {pd product} {ergonomic}
    uintx ReservedCodeCacheSize                    = 251658240                              {pd product} {ergonomic}
     bool SegmentedCodeCache                       = true                                      {product} {ergonomic}
     bool ShowCodeDetailsInExceptionMessages       = true                                   {manageable} {command line}
   size_t SoftMaxHeapSize                          = 4137680896                             {manageable} {ergonomic}
     bool UseCompressedClassPointers               = true                           {product lp64_product} {ergonomic}
     bool UseCompressedOops                        = true                           {product lp64_product} {ergonomic}
     bool UseG1GC                                  = true                                      {product} {ergonomic}
     bool UseLargePagesIndividualAllocation        = false                                  {pd product} {ergonomic}

Logging:
Log output configuration:
 #0: stdout all=warning uptime,level,tags
 #1: stderr all=off uptime,level,tags

Environment Variables:
JAVA_HOME=C:\Users\aadiu\AppData\Local\Programs\Eclipse Adoptium\jdk-17.0.2.8-hotspot\
PATH=C:\Program Files (x86)\Razer Chroma SDK\bin;C:\Program Files\Razer Chroma SDK\bin;C:\Program Files (x86)\Razer\ChromaBroadcast\bin;C:\Program Files\Razer\ChromaBroadcast\bin;C:\Program Files (x86)\Common Files\Oracle\Java\javapath;C:\Program Files\Python38\Scripts\;C:\Program Files\Python38\;C:\Windows\system32;C:\Windows;C:\Windows\System32\Wbem;C:\Windows\System32\WindowsPowerShell\v1.0\;C:\Windows\System32\OpenSSH\;C:\Program Files (x86)\NVIDIA Corporation\PhysX\Common;C:\Program Files\NVIDIA Corporation\NVIDIA NvDLISR;C:\Users\aadiu\AppData\Local\Microsoft\WindowsApps;C:\Users\aadiu\AppData\Local\Programs\Microsoft VS Code\bin;C:\Windows\system32\config\systemprofile\AppData\Local\Microsoft\WindowsApps;C:\Program Files\dotnet\;C:\Program Files\Git\cmd;C:\MinGW\bin\;C:\Program Files (x86)\Windows Kits\10\Windows Performance Toolkit\;C:\Users\aadiu\AppData\Local\Programs\Eclipse Adoptium\jdk-17.0.2.8-hotspot\bin;C:\Users\aadiu\AppData\Local\Microsoft\WindowsApps;C:\Users\aadiu\AppData\Local\Programs\Microsoft VS Code\bin;C:\Users\aadiu\AppData\Local\GitHubDesktop\bin
USERNAME=aadiu
LANG=en_US.UTF-8
OS=Windows_NT
PROCESSOR_IDENTIFIER=AMD64 Family 25 Model 80 Stepping 0, AuthenticAMD



---------------  S Y S T E M  ---------------

OS:
 Windows 10 , 64 bit Build 19041 (10.0.19041.2251)
OS uptime: 1 days 8:20 hours

CPU: total 16 (initial active 16) (16 cores per cpu, 2 threads per core) family 25 model 80 stepping 0 microcode 0x0, cx8, cmov, fxsr, ht, mmx, 3dnowpref, sse, sse2, sse3, ssse3, sse4a, sse4.1, sse4.2, popcnt, lzcnt, tsc, tscinvbit, avx, avx2, aes, erms, clmul, bmi1, bmi2, adx, sha, fma, vzeroupper, clflush, clflushopt

Memory: 4k page, system-wide physical 15776M (7678M free)
TotalPageFile size 20128M (AvailPageFile size 6925M)
current process WorkingSet (physical memory assigned to process): 109M, peak: 110M
current process commit charge ("private bytes"): 428M, peak: 428M

vm_info: OpenJDK 64-Bit Server VM (17.0.2+8) for windows-amd64 JRE (17.0.2+8), built on Jan 20 2022 04:52:34 by "" with MS VC++ 16.7 (VS2019)

END.
