#
# A fatal error has been detected by the Java Runtime Environment:
#
#  EXCEPTION_ACCESS_VIOLATION (0xc0000005) at pc=0x0000011a4a1eb303, pid=3180, tid=13128
#
# JRE version: OpenJDK Runtime Environment Temurin-17.0.4.1+1 (17.0.4.1+1) (build 17.0.4.1+1)
# Java VM: OpenJDK 64-Bit Server VM Temurin-17.0.4.1+1 (17.0.4.1+1, mixed mode, sharing, tiered, compressed oops, compressed class ptrs, g1 gc, windows-amd64)
# Problematic frame:
# J 1225 c2 summit.gfx.Renderer.render(Ljava/lang/String;FFILsummit/gfx/ColorFilter;)V (282 bytes) @ 0x0000011a4a1eb303 [0x0000011a4a1eada0+0x0000000000000563]
#
# No core dump will be written. Minidumps are not enabled by default on client versions of Windows
#
# If you would like to submit a bug report, please visit:
#   https://github.com/adoptium/adoptium-support/issues
#

---------------  S U M M A R Y ------------

Command Line: -XX:+ShowCodeDetailsInExceptionMessages summit.Main

Host: AMD Ryzen 9 5900HS with Radeon Graphics        , 16 cores, 15G,  Windows 10 , 64 bit Build 19041 (10.0.19041.2251)
Time: Tue Nov 15 18:43:06 2022 Central Standard Time elapsed time: 1.888993 seconds (0d 0h 0m 1s)

---------------  T H R E A D  ---------------

Current thread (0x0000011a5f408710):  JavaThread "Thread-2" [_thread_in_Java, id=13128, stack(0x000000020b700000,0x000000020b800000)]

Stack: [0x000000020b700000,0x000000020b800000],  sp=0x000000020b7fec30,  free space=1019k
Native frames: (J=compiled Java code, j=interpreted, Vv=VM code, C=native code)
C  0x0000011a4a1eb303


siginfo: EXCEPTION_ACCESS_VIOLATION (0xc0000005), reading address 0x0000000b17648df0


Register to memory mapping:

RIP=0x0000011a4a1eb303 is at entry_point+1379 in (nmethod*)0x0000011a4a1eab90
RAX=0x00000000ffffffe9 is an unknown value
RBX=0x00000000fffffff0 is an unknown value
RCX=0x0000000000000090 is an unknown value
RDX=0x0 is NULL
RSP=0x000000020b7fec30 is pointing into the stack for thread: 0x0000011a5f408710
RBP=0x0000000000000010 is an unknown value
RSI=0x0 is NULL
RDI=3807154628 is a compressed pointer to object: [[I 
{0x0000000717648e20} - klass: {type array int}[]
 - length: 144
R8 =0x00000000fffffff0 is an unknown value
R9 =0x0000000717648e10 is an oop: summit.gfx.Renderer 
{0x0000000717648e10} - klass: 'summit/gfx/Renderer'
 - ---- fields (total size 2 words):
 - private 'frame' '[[I' @12  a {type array int}[144] {0x0000000717648e20} (e2ec91c4)
R10=0x0000000717648e20 is an oop: [[I 
{0x0000000717648e20} - klass: {type array int}[]
 - length: 144
R11=0x00000000ffffffe8 is an unknown value
R12=0x0 is NULL
R13=0x000000020b7feee0 is pointing into the stack for thread: 0x0000011a5f408710
R14=0x0 is NULL
R15=0x0000011a5f408710 is a thread


Registers:
RAX=0x00000000ffffffe9, RBX=0x00000000fffffff0, RCX=0x0000000000000090, RDX=0x0000000000000000
RSP=0x000000020b7fec30, RBP=0x0000000000000010, RSI=0x0000000000000000, RDI=0x00000000e2ec91c4
R8 =0x00000000fffffff0, R9 =0x0000000717648e10, R10=0x0000000717648e20, R11=0x00000000ffffffe8
R12=0x0000000000000000, R13=0x000000020b7feee0, R14=0x0000000000000000, R15=0x0000011a5f408710
RIP=0x0000011a4a1eb303, EFLAGS=0x0000000000010287

Top of Stack: (sp=0x000000020b7fec30)
0x000000020b7fec30:   0000010000000000 00000000fffffff8
0x000000020b7fec40:   fffffff0ffffffe8 00000000ffffffe8
0x000000020b7fec50:   0000001000000010 0000001000000009
0x000000020b7fec60:   0000001000000010 0000000000000000
0x000000020b7fec70:   0000000000000003 0000011a43280000
0x000000020b7fec80:   00000007c1800000 0000000717634338
0x000000020b7fec90:   000000020b7fef38 0000011a42eeab84
0x000000020b7feca0:   000000020b7fed00 409e000000000000
0x000000020b7fecb0:   0000000000000030 0000000000000000
0x000000020b7fecc0:   000000020b7fee18 0000000000000000
0x000000020b7fecd0:   0000000717634780 0000000717648e10
0x000000020b7fece0:   0000000717634338 4094000000000000
0x000000020b7fecf0:   0000000000000000 000000071857b22c
0x000000020b7fed00:   000000020b7fef38 0000011a42eeb36c
0x000000020b7fed10:   000000071857b22c 000000071857afc8
0x000000020b7fed20:   00000007176347b0 000000020b7fed28 

Instructions: (pc=0x0000011a4a1eb303)
0x0000011a4a1eb203:   86 ac 0f 00 00 45 3b d0 0f 83 a3 0f 00 00 8b 6c
0x0000011a4a1eb213:   24 2c ff cd 44 8b 6c 24 2c 41 d1 fd 4c 63 44 24
0x0000011a4a1eb223:   2c 41 8b f5 83 c6 fe 44 3b ee 41 bb 00 00 00 80
0x0000011a4a1eb233:   41 0f 4c f3 4d 63 d5 49 8b d8 49 2b da 45 8b dd
0x0000011a4a1eb243:   41 ff c3 48 ff cb 45 33 f6 e9 57 03 00 00 c4 c1
0x0000011a4a1eb253:   f9 7e c9 e9 0e 01 00 00 0f 1f 44 00 00 44 2b 5c
0x0000011a4a1eb263:   24 10 45 8b cb 41 ff c1 45 8b da 44 3b cd 0f 83
0x0000011a4a1eb273:   c3 0b 00 00 45 3b 64 fc 10 0f 84 16 0d 00 00 c4
0x0000011a4a1eb283:   c1 f9 7e d9 45 8b 51 10 43 8b 5c d4 0c 03 5c 24
0x0000011a4a1eb293:   10 4d 8b 8f 48 03 00 00 45 8b d3 41 ff c2 41 85
0x0000011a4a1eb2a3:   01 44 3b d3 7c b7 c4 c1 f9 7e c9 4d 8b 97 48 03
0x0000011a4a1eb2b3:   00 00 41 ff c0 41 85 02 44 3b 04 24 0f 8d 97 01
0x0000011a4a1eb2c3:   00 00 c4 c1 f9 7e c1 c4 e1 f9 7e ce c5 f9 7e d2
0x0000011a4a1eb2d3:   44 8b 5c 24 10 8b 5c 24 14 44 3b 5c 24 08 0f 8d
0x0000011a4a1eb2e3:   99 01 00 00 89 5c 24 14 44 89 5c 24 10 c5 f9 6e
0x0000011a4a1eb2f3:   d2 c4 e1 f9 6e ce c4 c1 f9 6e c1 c4 c1 f9 7e e2
0x0000011a4a1eb303:   43 8b 74 82 10 41 8b d8 2b 5c 24 14 44 3b c1 0f
0x0000011a4a1eb313:   83 39 ff ff ff 44 3b 5c 24 04 0f 83 2e ff ff ff
0x0000011a4a1eb323:   c4 c1 f9 7e da 45 8b 5c 9a 10 47 8b 54 dc 0c 45
0x0000011a4a1eb333:   85 d2 0f 86 6d 0c 00 00 47 8b 54 dc 10 41 83 fa
0x0000011a4a1eb343:   ff 0f 84 55 01 00 00 45 8b 4c f4 0c 44 8b 5c 24
0x0000011a4a1eb353:   10 45 3b d9 0f 83 d6 00 00 00 4d 8d 0c f4 47 89
0x0000011a4a1eb363:   54 99 10 45 33 c9 c4 c1 f9 7e da 45 8b 52 10 47
0x0000011a4a1eb373:   8b 5c d4 0c 44 03 5c 24 10 41 3b c3 0f 8d 29 ff
0x0000011a4a1eb383:   ff ff 44 3b c1 0f 83 e4 00 00 00 4d 8d 2c f4 44
0x0000011a4a1eb393:   8b d8 41 be 01 00 00 00 eb 44 66 66 90 47 89 54
0x0000011a4a1eb3a3:   9d 10 45 33 c9 c4 c1 f9 7e da 45 8b 52 10 47 8b
0x0000011a4a1eb3b3:   54 d4 0c 44 03 54 24 10 4d 8b b7 48 03 00 00 41
0x0000011a4a1eb3c3:   8b d3 ff c2 41 85 06 41 3b d2 0f 8d db fe ff ff
0x0000011a4a1eb3d3:   44 2b 5c 24 10 45 8b f3 41 ff c6 44 8b da 44 3b
0x0000011a4a1eb3e3:   f5 0f 83 50 0a 00 00 45 8b 54 fc 10 47 8b 54 d4
0x0000011a4a1eb3f3:   0c 45 3b da 73 59 c4 c1 f9 7e da 41 8b 54 9a 10 


Stack slot to memory mapping:
stack at sp + 0 slots: 0x0000010000000000 is an unknown value
stack at sp + 1 slots: 0x00000000fffffff8 is an unknown value
stack at sp + 2 slots: 0xfffffff0ffffffe8 is an unknown value
stack at sp + 3 slots: 0x00000000ffffffe8 is an unknown value
stack at sp + 4 slots: 0x0000001000000010 is an unknown value
stack at sp + 5 slots: 0x0000001000000009 is an unknown value
stack at sp + 6 slots: 0x0000001000000010 is an unknown value
stack at sp + 7 slots: 0x0 is NULL

--------------------------------------------------------------------------------
[Constant Pool (empty)]

--------------------------------------------------------------------------------

[MachCode]
  0x0000011a4a1eada0: 448b 5208 | 49bb 0000 | 0000 0800 | 0000 4d03 | d349 3bc2 | 0f85 c61c | 44f8 6690 | 0f1f 4000 
  0x0000011a4a1eadc0: 8984 2400 | 90ff ff55 | 4883 ec60 | 4889 7c24 | 10c4 c179 | 6ed1 c5f8 | 28d9 4889 | 1424 4d8b 
  0x0000011a4a1eade0: d049 bb80 | 0760 1707 | 0000 0041 | 8b6b 7045 | 8b44 ec08 | 4181 f8e0 | ad0b 000f | 850e 1200 
  0x0000011a4a1eae00: 004d 8d1c | ec45 8b4b | 2447 8b44 | cc0c 4585 | c00f 86a5 | 1200 004b | 8d0c cc4d | 85d2 0f84 
  0x0000011a4a1eae20: 0910 0000 | 418b 5a0c | 41ff c885 | db0f 84d5 | 0d00 0044 | 8bdb 41c1 | eb10 4433 | db45 23c3 
  0x0000011a4a1eae40: 33d2 468b | 4481 1047 | 8b4c c40c | 453b cb0f | 850f 0c00 | 0043 8b4c | c410 4c8b | c949 c1e1 
  0x0000011a4a1eae60: 034d 3bca | 0f84 5a01 | 0000 410f | be7a 104d | 3bd1 0f84 | 4c01 0000 | 418b 5ccc | 0881 fb70 
  0x0000011a4a1eae80: e900 000f | 853b 1500 | 004d 8d0c | cc41 0fbe | 6910 3bfd | 0f85 1e14 | 0000 418b | 5914 418b 
  0x0000011a4a1eaea0: 7a14 458b | 4cdc 0c41 | 8b4c fc0c | 413b c90f | 85d4 0000 | 004d 8d0c | dc49 8d74 | dc10 4d8d 
  0x0000011a4a1eaec0: 0cfc 498d | 7cfc 1085 | c90f 84a5 | 0000 008b | c183 e01f | 83e1 e00f | 844b 0000 | 0048 8d3c 
  0x0000011a4a1eaee0: 0f48 8d34 | 0e48 f7d9 | c5fe 6f24 | 0fc5 fe6f | 0c0e c5dd | efe1 c4e2 | 7d17 e40f | 857a 0000 
  0x0000011a4a1eaf00: 0048 83c1 | 2075 e185 | c00f 8465 | 0000 00c5 | fe6f 6407 | e0c5 fe6f | 4c06 e0c5 | ddef e1c4 
  0x0000011a4a1eaf20: e27d 17e4 | 7555 eb4c | 8bc8 83e1 | fc74 1948 | 8d3c 0f48 | 8d34 0e48 | f7d9 8b1c | 0f3b 1c0e 
  0x0000011a4a1eaf40: 7539 4883 | c104 75f2 | f7c0 0200 | 0000 7412 | 0fb7 1f0f | b70e 3bd9 | 7521 488d | 7f02 488d 
  0x0000011a4a1eaf60: 7602 f7c0 | 0100 0000 | 740a 0fb6 | 1f0f b60e | 3bd9 7507 | b801 0000 | 00eb 0233 | c0c5 ddef 
  0x0000011a4a1eaf80: e4c5 f5ef | c985 c075 | 3bba 45ff | ffff 488b | 2c24 c5fa | 1114 244c | 8b4c 2410 | 4c89 4c24 
  0x0000011a4a1eafa0: 08c5 fa11 | 4424 04c5 | fa11 5c24 | 104c 8954 | 2418 4489 | 4424 1444 | 895c 2420 | c5f8 77e8 
  0x0000011a4a1eafc0: 3c73 44f8 | 49c1 e003 | 418b 6814 | 458b 54ec | 0841 81fa | 086d 0000 | 0f85 c613 | 0000 498d 
  0x0000011a4a1eafe0: 04ec 448b | 580c 4585 | db0f 8645 | 1000 0044 | 8b40 1047 | 8b54 c40c | 41d1 fb41 | d1fa c4c1 
  0x0000011a4a1eb000: 796e e3c5 | f85b e4c4 | c179 6eca | c5f8 5bc9 | c5e2 5ce4 | c5fa 5cc1 | c4c1 797e | c0c4 c179 
  0x0000011a4a1eb020: 7ee2 458b | c841 c1e9 | 1741 8bca | c1e9 1745 | 0fb6 c9bb | 9500 0000 | 412b d90f | b6c9 bf95 
  0x0000011a4a1eb040: 0000 002b | f9f7 c3e0 | ffff ff0f | 856c 0d00 | 0045 8bd8 | 4181 e3ff | ff7f 0041 | 81cb 0000 
  0x0000011a4a1eb060: 8000 4585 | c00f 8cba | 0d00 008b | cb41 d3fb | 41ff c341 | d1fb f7c7 | e0ff ffff | 0f85 1b0d 
  0x0000011a4a1eb080: 0000 418b | da81 e3ff | ff7f 0081 | cb00 0080 | 0045 85d2 | 0f8c 840d | 0000 8bcf | d3fb ffc3 
  0x0000011a4a1eb0a0: d1fb c4c1 | 797e d245 | 85d2 0f85 | d600 0000 | 4533 d2eb | 128b 5424 | 0c44 8b5c | 2418 8b5c 
  0x0000011a4a1eb0c0: 241c 448b | 5424 0841 | 8bea c1fd | 0385 ed0f | 851f 1000 | 008b 680c | 448b c344 | 03c5 413b 
  0x0000011a4a1eb0e0: d80f 8d75 | 0300 004c | 63d5 4c63 | cb8b cbf7 | d948 63c9 | 4c03 c94d | 3bca 0f83 | 680f 0000 
  0x0000011a4a1eb100: 4d63 c84c | 03c9 49ff | c94d 3bca | 0f83 8a0f | 0000 4c8b | 0c24 418b | 790c 418b | 4cfc 0c85 
  0x0000011a4a1eb120: c90f 8680 | 0f00 0045 | 8b54 fc10 | 478b 54d4 | 0c85 ed0f | 8675 0f00 | 008b 7010 | 418b 6cf4 
  0x0000011a4a1eb140: 0c85 ed0f | 866c 0f00 | 0048 8b74 | 2410 4885 | f60f 851a | 0f00 0044 | 8954 2404 | 4489 0424 
  0x0000011a4a1eb160: c4e1 f96e | d844 8bd5 | 4503 d344 | 8954 2408 | 4d8d 14fc | c4c1 f96e | e241 8bc3 | ffc0 448b 
  0x0000011a4a1eb180: c3e9 5601 | 0000 41f7 | c204 0000 | 000f 85d7 | 0b00 0041 | f7c2 0100 | 0000 0f84 | d004 0000 
  0x0000011a4a1eb1a0: 8b68 0c85 | ed0f 8651 | 1000 0044 | 8b48 1047 | 8b4c cc0c | 4489 4c24 | 2c89 6c24 | 2848 8944 
  0x0000011a4a1eb1c0: 2420 895c | 241c 4489 | 5c24 1889 | 5424 0c44 | 8954 2408 | 48ba 086d | 0000 0800 | 0000 448b 
  0x0000011a4a1eb1e0: c566 6690 | c5f8 77e8 | 9412 4ff8 | 448b d541 | ffca 443b | d50f 83b9 | 0f00 0044 | 8b40 0c45 
  0x0000011a4a1eb200: 85c0 0f86 | ac0f 0000 | 453b d00f | 83a3 0f00 | 008b 6c24 | 2cff cd44 | 8b6c 242c | 41d1 fd4c 
  0x0000011a4a1eb220: 6344 242c | 418b f583 | c6fe 443b | ee41 bb00 | 0000 8041 | 0f4c f34d | 63d5 498b | d849 2bda 
  0x0000011a4a1eb240: 458b dd41 | ffc3 48ff | cb45 33f6 | e957 0300 | 00c4 c1f9 | 7ec9 e90e | 0100 000f | 1f44 0000 
  0x0000011a4a1eb260: 442b 5c24 | 1045 8bcb | 41ff c145 | 8bda 443b | cd0f 83c3 | 0b00 0045 | 3b64 fc10 | 0f84 160d 
  0x0000011a4a1eb280: 0000 c4c1 | f97e d945 | 8b51 1043 | 8b5c d40c | 035c 2410 | 4d8b 8f48 | 0300 0045 | 8bd3 41ff 
  0x0000011a4a1eb2a0: c241 8501 | 443b d37c | b7c4 c1f9 | 7ec9 4d8b | 9748 0300 | 0041 ffc0 | 4185 0244 | 3b04 240f 
  0x0000011a4a1eb2c0: 8d97 0100 | 00c4 c1f9 | 7ec1 c4e1 | f97e cec5 | f97e d244 | 8b5c 2410 | 8b5c 2414 | 443b 5c24 
  0x0000011a4a1eb2e0: 080f 8d99 | 0100 0089 | 5c24 1444 | 895c 2410 | c5f9 6ed2 | c4e1 f96e | cec4 c1f9 | 6ec1 c4c1 
  0x0000011a4a1eb300: f97e e243 | 8b74 8210 | 418b d82b | 5c24 1444 | 3bc1 0f83 | 39ff ffff | 443b 5c24 | 040f 832e 
  0x0000011a4a1eb320: ffff ffc4 | c1f9 7eda | 458b 5c9a | 1047 8b54 | dc0c 4585 | d20f 866d | 0c00 0047 | 8b54 dc10 
  0x0000011a4a1eb340: 4183 faff | 0f84 5501 | 0000 458b | 4cf4 0c44 | 8b5c 2410 | 453b d90f | 83d6 0000 | 004d 8d0c 
  0x0000011a4a1eb360: f447 8954 | 9910 4533 | c9c4 c1f9 | 7eda 458b | 5210 478b | 5cd4 0c44 | 035c 2410 | 413b c30f 
  0x0000011a4a1eb380: 8d29 ffff | ff44 3bc1 | 0f83 e400 | 0000 4d8d | 2cf4 448b | d841 be01 | 0000 00eb | 4466 6690 
  0x0000011a4a1eb3a0: 4789 549d | 1045 33c9 | c4c1 f97e | da45 8b52 | 1047 8b54 | d40c 4403 | 5424 104d | 8bb7 4803 
  0x0000011a4a1eb3c0: 0000 418b | d3ff c241 | 8506 413b | d20f 8ddb | feff ff44 | 2b5c 2410 | 458b f341 | ffc6 448b 
  0x0000011a4a1eb3e0: da44 3bf5 | 0f83 500a | 0000 458b | 54fc 1047 | 8b54 d40c | 453b da73 | 59c4 c1f9 | 7eda 418b 
  0x0000011a4a1eb400: 549a 1045 | 8b4c d40c | 4d8d 14d4 | 453b f10f | 834f 0a00 | 0047 8b54 | b210 4183 | faff 7428 
  0x0000011a4a1eb420: 458b 4cf4 | 0c45 3bd9 | 0f82 72ff | ffff 4489 | 5c24 10ba | e6ff ffff | 8bee 4489 | 5424 0490 
  0x0000011a4a1eb440: c5f8 77e8 | b86e 44f8 | c4c1 f97e | c9e9 56ff | ffff c4c1 | f97e c9e9 | 4cff ffff | c5f8 7748 
  0x0000011a4a1eb460: 83c4 605d | 493b a740 | 0300 000f | 877f 1100 | 00c3 448b | d841 b901 | 0000 00e9 | eefd ffff 
  0x0000011a4a1eb480: 895c 2414 | 4489 5c24 | 10c5 f96e | d2c4 e1f9 | 6ece c4c1 | f96e c14c | 8bce e90f | feff ffc4 
  0x0000011a4a1eb4a0: c1f9 7ec9 | e9c0 feff | ff0f 1f80 | 0000 0000 | 8bd7 448b | 5490 0c8b | 7c24 2c2b | f948 63d9 
  0x0000011a4a1eb4c0: 4589 549b | 1044 8b54 | 9810 4589 | 5493 0c49 | 8bd0 482b | d344 8b54 | 9008 4589 | 549b 1444 
  0x0000011a4a1eb4e0: 8b54 9814 | 4589 5493 | 0844 8b54 | 9004 4589 | 549b 1844 | 8b54 9818 | 4589 5493 | 0444 8b14 
  0x0000011a4a1eb500: 9045 8954 | 9b1c 448b | 5498 1c45 | 8914 9383 | c7fc 83c1 | 0441 3bc9 | 7c96 4d8b | 9748 0300 
  0x0000011a4a1eb520: 0041 8502 | 3bce 7d28 | 8bd7 448b | ce44 2bc9 | 3bf1 440f | 4c4c 240c | 4181 f9a0 | 0f00 00bf 
  0x0000011a4a1eb540: a00f 0000 | 440f 47cf | 4403 c9e9 | 62ff ffff | c4e1 f97e | cb3b 4c24 | 307d 2b90 | 448b 54b8 
  0x0000011a4a1eb560: 0c45 8954 | 8b10 448b | 5488 1045 | 8954 bb0c | 448b d141 | ffc2 443b | 5424 307d | 098b fd2b 
  0x0000011a4a1eb580: f941 8bca | ebd6 4d8b | 9748 0300 | 0041 ffc6 | 4185 0244 | 3b74 2428 | 0f8d bb00 | 0000 c4e1 
  0x0000011a4a1eb5a0: f97e c044 | 8b5c 2430 | 4c8b 5424 | 2041 8b7a | 1085 ff0f | 84f8 0900 | 0047 8b54 | b210 438b 
  0x0000011a4a1eb5c0: 54d4 0c42 | 8b4c b010 | 458b 4ccc | 0c44 895c | 2430 c4e1 | f96e c04c | 63da 493b | db0f 83dd 
  0x0000011a4a1eb5e0: 0900 003b | ea0f 83d5 | 0900 0045 | 85c9 0f86 | cc09 0000 | 453b e90f | 83c3 0900 | 0085 d20f 
  0x0000011a4a1eb600: 86bb 0900 | 0044 3bea | 0f83 b209 | 0000 4d63 | d949 3bdb | 0f83 a609 | 0000 413b | e90f 839d 
  0x0000011a4a1eb620: 0900 004d | 8d1c cc4b | 8d04 d442 | 8b7c 800c | 4189 7ccc | 1047 8b4c | d410 4789 | 4c83 0c83 
  0x0000011a4a1eb640: fe01 0f8e | ac09 0000 | 8bd5 b901 | 0000 00c4 | e1f9 6ecb | e9d1 feff | ffc4 e1f9 | 7ec0 448b 
  0x0000011a4a1eb660: 5424 088b | 5424 0c44 | 8b5c 2418 | 8b5c 241c | 41f7 c202 | 0000 000f | 844a faff | ff44 8b40 
  0x0000011a4a1eb680: 0c45 85c0 | 0f86 f80a | 0000 448b | 4810 478b | 4ccc 0c41 | 8be8 4889 | 4424 2089 | 5c24 1c44 
  0x0000011a4a1eb6a0: 895c 2418 | 8954 240c | 4489 5424 | 0848 ba08 | 6d00 0008 | 0000 0090 | c5f8 77e8 | c00d 4ff8 
  0x0000011a4a1eb6c0: 448b 500c | 448b c541 | d1f8 458b | c841 ffc1 | 4585 d20f | 864c 0a00 | 0045 3bc2 | 0f83 430a 
  0x0000011a4a1eb6e0: 0000 4863 | cd4d 63d8 | 488b d949 | 2bdb 48ff | cb48 3bd9 | 0f83 2b0a | 0000 448b | dd41 ffcb 
  0x0000011a4a1eb700: 443b dd0f | 831c 0a00 | 0044 894c | 2428 4d63 | ca49 3bd9 | 0f83 060a | 0000 453b | da0f 8351 
  0x0000011a4a1eb720: 0a00 0044 | 3bc5 0f83 | 4f0a 0000 | bb40 1f00 | 0045 33c0 | eb31 c4c1 | f97e c1c4 | e1f9 7ee0 
  0x0000011a4a1eb740: c4e1 f97e | e9c4 c179 | 7ef8 4d8b | 9748 0300 | 0041 ffc0 | 4185 0244 | 3b44 2428 | 0f8d 53f9 
  0x0000011a4a1eb760: ffff 4c89 | 4c24 204c | 8b4c 2420 | 458b 5910 | 478b 54dc | 0c45 85d2 | 76d0 458b | eac5 fb10 
  0x0000011a4a1eb780: 4424 2049 | 63d0 4c8b | c94c 2bca | 4c8b 5424 | 2047 8b54 | 8a0c c4c1 | 796e ca47 | 8b5c d40c 
  0x0000011a4a1eb7a0: 448b 5490 | 10c4 c179 | 6ed2 438b | 7cd4 0c4c | 8b54 2420 | 458b 5492 | 10c4 c179 | 6eda 478b 
  0x0000011a4a1eb7c0: 54d4 0c46 | 8b4c 880c | 438b 54cc | 0c45 85db | 0f86 2a08 | 0000 8954 | 2430 c441 | 796e c144 
  0x0000011a4a1eb7e0: 8954 242c | 897c 2424 | c4c1 796e | f8c4 e1f9 | 6ee9 c4e1 | f96e e041 | b801 0000 | 0045 3bc3 
  0x0000011a4a1eb800: 450f 4fc3 | 4489 5c24 | 20c4 c179 | 7ed2 4b8d | 3cd4 c4c1 | 797e cb4b | 8d14 dc44 | 8bd7 4b8d 
  0x0000011a4a1eb820: 34cc 41c1 | ea02 c4c1 | 797e db4b | 8d04 dc41 | 83e2 0345 | 03d0 41f7 | da41 83e2 | 0345 03d0 
  0x0000011a4a1eb840: 443b 5424 | 2044 8b5c | 2420 450f | 4fd3 33c9 | eb15 c4e1 | f97e e0c4 | c179 7ef8 | e9a4 0100 
  0x0000011a4a1eb860: 0066 6690 | 418b c83b | 4c24 2073 | e544 8b44 | 8a10 3b4c | 2424 0f83 | 0406 0000 | 4489 448f 
  0x0000011a4a1eb880: 103b 4c24 | 2c0f 8351 | 0600 0044 | 8b4c 8810 | 3b4c 2430 | 0f83 a206 | 0000 4489 | 4c8e 10c4 
  0x0000011a4a1eb8a0: c1f9 7ec3 | 458b 5b10 | 478b 5cdc | 0c44 895c | 2434 448b | c141 ffc0 | 453b c30f | 8d75 feff 
  0x0000011a4a1eb8c0: ff45 3bc2 | 7c9e 4963 | eb4c 636c | 2430 48ff | cd4c 6374 | 242c 448b | d54c 635c | 2424 4c63 
  0x0000011a4a1eb8e0: 4c24 204d | 3bcb 448b | 4c24 2044 | 0f4f 4c24 | 244d 63d9 | 4d3b de44 | 0f4f 4c24 | 2c4d 63d9 
  0x0000011a4a1eb900: 4d3b dd44 | 0f4f 4c24 | 304d 63d9 | 4c3b dd45 | 0f4f ca45 | 8bd1 4183 | c2f9 453b | ca41 b900 
  0x0000011a4a1eb920: 0000 8045 | 0f4c d145 | 3bc2 0f8d | d706 0000 | ffc1 458b | c244 2bc1 | 443b d144 | 0f4c 4424 
  0x0000011a4a1eb940: 0c41 81f8 | 401f 0000 | 440f 47c3 | 4403 c190 | c5fa 6f74 | 8a10 c5fa | 7f74 8f10 | c5fa 6f74 
  0x0000011a4a1eb960: 8810 c5fa | 7f74 8e10 | c5fa 6f74 | 8a20 c5fa | 7f74 8f20 | c5fa 6f74 | 8820 c5fa | 7f74 8e20 
  0x0000011a4a1eb980: 83c1 0841 | 3bc8 7cc8 | 4d8b 9f48 | 0300 0041 | 8503 413b | ca7c 9b3b | 4c24 207d | 5e66 6690 
  0x0000011a4a1eb9a0: 3b4c 2420 | 0f83 a8fe | ffff 448b | 448a 103b | 4c24 240f | 83c7 0400 | 0044 8944 | 8f10 3b4c 
  0x0000011a4a1eb9c0: 242c 0f83 | 1405 0000 | 448b 4c88 | 103b 4c24 | 300f 8365 | 0500 0044 | 894c 8e10 | c4c1 f97e 
  0x0000011a4a1eb9e0: c245 8b5a | 1047 8b54 | dc0c ffc1 | 413b ca0f | 8d41 fdff | ff3b 4c24 | 207c a5c4 | e1f9 7ee0 
  0x0000011a4a1eba00: c4c1 797e | f8ba e4ff | ffff 488b | 2c24 448b | 5c24 0844 | 891c 244c | 8b54 2410 | 4c89 5424 
  0x0000011a4a1eba20: 0844 8b54 | 2418 4489 | 5424 0444 | 8b5c 241c | 4489 5c24 | 10c5 fb11 | 4424 1848 | 8944 2420 
  0x0000011a4a1eba40: 4489 4424 | 1489 4c24 | 2c89 4c24 | 30c5 fa11 | 5424 34c5 | fa11 4c24 | 3866 6690 | c5f8 77e8 
  0x0000011a4a1eba60: 9c68 44f8 | 438b 6cc4 | 1885 ed0f | 84ab 0700 | 0047 8b4c | c408 4181 | f9e0 b114 | 000f 84c5 
  0x0000011a4a1eba80: 0700 004d | 8d04 ec41 | 8b48 0c41 | 3bcb 0f85 | 4b03 0000 | 458b 4810 | 498b c948 | c1e1 0349 
  0x0000011a4a1ebaa0: 3bca 0f84 | 20f5 ffff | 410f be5a | 104c 3bd1 | 0f84 12f5 | ffff 438b | 7ccc 0881 | ff70 e900 
  0x0000011a4a1ebac0: 000f 859d | 0800 0049 | c1e1 0341 | 0fbe 6910 | 3bdd 0f85 | 5408 0000 | 418b 7914 | 458b 4a14 
  0x0000011a4a1ebae0: 418b 5cfc | 0c43 8b4c | cc0c 3bcb | 0f85 d800 | 0000 498d | 1cfc 498d | 74fc 104b | 8d1c cc4b 
  0x0000011a4a1ebb00: 8d7c cc10 | 85c9 0f84 | a500 0000 | 8bc1 83e0 | 1f83 e1e0 | 0f84 4b00 | 0000 488d | 3c0f 488d 
  0x0000011a4a1ebb20: 340e 48f7 | d9c5 fe6f | 240f c5fe | 6f0c 0ec5 | ddef e1c4 | e27d 17e4 | 0f85 7a00 | 0000 4883 
  0x0000011a4a1ebb40: c120 75e1 | 85c0 0f84 | 6500 0000 | c5fe 6f64 | 07e0 c5fe | 6f4c 06e0 | c5dd efe1 | c4e2 7d17 
  0x0000011a4a1ebb60: e475 55eb | 4c8b c883 | e1fc 7419 | 488d 3c0f | 488d 340e | 48f7 d98b | 1c0f 3b1c | 0e75 3948 
  0x0000011a4a1ebb80: 83c1 0475 | f2f7 c002 | 0000 0074 | 120f b71f | 0fb7 0e3b | d975 2148 | 8d7f 0248 | 8d76 02f7 
  0x0000011a4a1ebba0: c001 0000 | 0074 0a0f | b61f 0fb6 | 0e3b d975 | 07b8 0100 | 0000 eb02 | 33c0 c5dd | efe4 c5f5 
  0x0000011a4a1ebbc0: efc9 85c0 | 0f85 fef3 | ffff ba45 | ffff ff48 | 8b2c 24c5 | fa11 1424 | 4c8b 4c24 | 104c 894c 
  0x0000011a4a1ebbe0: 2408 c5fa | 1144 2404 | c5fa 115c | 2410 4c89 | 5424 184c | 8944 2420 | 4489 5c24 | 1466 6690 
  0x0000011a4a1ebc00: c5f8 77e8 | f866 44f8 | 450f b65a | 1145 85db | 0f85 e901 | 0000 450f | be5a 1045 | 85db 0f85 
  0x0000011a4a1ebc20: cc06 0000 | 418b 4214 | 418b 6cc4 | 0c85 ed0f | 86d7 0100 | 008b fdff | cf3b fd0f | 8337 0600 
  0x0000011a4a1ebc40: 0045 0fb6 | 5cc4 108b | dd83 c3fd | 3bfb bf00 | 0000 800f | 4cdf 418b | fbc1 e705 | 412b fb4d 
  0x0000011a4a1ebc60: 8d2c c483 | fb01 0f8e | 4006 0000 | be01 0000 | 0045 33c9 | eb2f 450f | b65c 3510 | 4103 fbff 
  0x0000011a4a1ebc80: c63b f50f | 8dc3 0000 | 0044 8bdf | 41c1 e305 | 442b df41 | 8bfb ebde | 4d8b d6c4 | c179 7ec8 
  0x0000011a4a1ebca0: c4c1 797e | e18b c32b | c63b de41 | 0f4c c181 | f8a0 0f00 | 0041 bba0 | 0f00 0041 | 0f47 c303 
  0x0000011a4a1ebcc0: c64d 8bf2 | c4c1 796e | c8c4 c179 | 6ee1 6690 | 4c63 de47 | 0fb6 541d | 1047 0fb6 | 4c1d 1347 
  0x0000011a4a1ebce0: 0fb6 441d | 1143 0fb6 | 541d 1241 | 03fa 448b | d741 c1e2 | 0544 2bd7 | 4503 d041 | 8bfa c1e7 
  0x0000011a4a1ebd00: 0541 2bfa | 03fa 448b | df41 c1e3 | 0544 2bdf | 4503 d941 | 8bfb c1e7 | 0541 2bfb | 83c6 043b 
  0x0000011a4a1ebd20: f07c ad4d | 8b97 4803 | 0000 4185 | 023b f30f | 8c63 ffff | ff4d 8bd6 | c4c1 797e | c8c5 f97e 
  0x0000011a4a1ebd40: e23b f50f | 8c2d ffff | ff41 8bfb | 85ff 0f84 | ba00 0000 | 4189 7a0c | 448b df41 | c1eb 1044 
  0x0000011a4a1ebd60: 33df 4523 | c3e9 d8f0 | ffff 895c | 2418 4489 | 5c24 0c89 | 5424 0841 | 8bea 488b | d066 6690 
  0x0000011a4a1ebd80: c5f8 77e8 | b860 d0f8 | 448b d58b | 5424 0844 | 8b5c 240c | 8b5c 2418 | e9f6 f3ff | ffc5 fa2c 
  0x0000011a4a1ebda0: dc81 fb00 | 0000 8075 | 0f48 83ec | 08c5 fa11 | 2424 e83c | 533f f85b | e9e5 f2ff | ffc5 7a2c 
  0x0000011a4a1ebdc0: d841 81fb | 0000 0080 | 7510 4883 | ec08 c5fa | 1104 24e8 | 1b53 3ff8 | 415b e997 | f2ff ff45 
  0x0000011a4a1ebde0: 8b40 184d | 8b8f 4803 | 0000 4185 | 0145 85c0 | 0f84 2604 | 0000 49c1 | e003 e988 | fcff ff45 
  0x0000011a4a1ebe00: 33c0 33d2 | 4533 dbe9 | 36f0 ffff | 33d2 41c6 | 4211 0145 | 33c0 4533 | dbe9 24f0 | ffff f7db 
  0x0000011a4a1ebe20: e975 f2ff | ff41 f7db | e93e f2ff | ff45 33c0 | 33d2 4533 | dbe9 08f0 | ffff ba45 | ffff ffc4 
  0x0000011a4a1ebe40: e1f9 7ec5 | c5fb 110c | 24c5 fb11 | 5c24 0844 | 8944 2418 | 4489 5c24 | 1c66 6690 | c5f8 77e8 
  0x0000011a4a1ebe60: 9c64 44f8 | c4c1 796e | d6ba e6ff | ffff 498b | eac5 fa11 | 1424 6690 | c5f8 77e8 | 8064 44f8 
  0x0000011a4a1ebe80: bae4 ffff | ff48 8b2c | 2444 8b54 | 2408 4489 | 1424 4c8b | 5424 104c | 8954 2408 | 448b 5424 
  0x0000011a4a1ebea0: 1844 8954 | 2404 448b | 5c24 1c44 | 895c 2410 | c5fb 1144 | 2418 c5fb | 1164 2420 | c5fa 117c 
  0x0000011a4a1ebec0: 2414 894c | 242c 4489 | 4424 30c5 | fa11 5424 | 3466 6690 | c5f8 77e8 | 2464 44f8 | bae4 ffff 
  0x0000011a4a1ebee0: ff48 8b2c | 2444 8b54 | 2408 4489 | 1424 4c8b | 5424 104c | 8954 2408 | 448b 5424 | 1844 8954 
  0x0000011a4a1ebf00: 2404 448b | 5c24 1c44 | 895c 2410 | c5fb 1144 | 2418 c5fb | 1164 2420 | c5fa 117c | 2414 894c 
  0x0000011a4a1ebf20: 242c 894c | 2430 c5fa | 115c 2434 | c57a 1144 | 2438 6690 | c5f8 77e8 | c463 44f8 | bae4 ffff 
  0x0000011a4a1ebf40: ff48 8b2c | 2444 8b5c | 2408 4489 | 1c24 4c8b | 5424 104c | 8954 2408 | 448b 5c24 | 1844 895c 
  0x0000011a4a1ebf60: 2404 448b | 5424 1c44 | 8954 2410 | c5fb 1144 | 2418 c5fb | 1164 2420 | c5fa 117c | 2414 894c 
  0x0000011a4a1ebf80: 242c 4489 | 4c24 30c5 | 7a11 4424 | 3466 6690 | c5f8 77e8 | 6863 44f8 | baf6 ffff | ff66 6690 
  0x0000011a4a1ebfa0: c5f8 77e8 | 5863 44f8 | 4f8d 14dc | e9b8 feff | ffba f6ff | ffff 6690 | c5f8 77e8 | 4063 44f8 
  0x0000011a4a1ebfc0: 418b 6cfc | 0cd1 fdff | c5ba 76ff | ffff 448b | 5424 1844 | 8954 240c | 448b 5c24 | 1c44 895c 
  0x0000011a4a1ebfe0: 2418 4889 | 4424 2844 | 8974 241c | c5f8 77e8 | 0c63 44f8 | 8bfd b901 | 0000 00e9 | 55f5 ffff 
  0x0000011a4a1ec000: 33c9 e9fe | f9ff ff41 | 8bc8 e988 | f9ff ffba | deff ffff | 4489 4c24 | 08c5 fa11 | 4424 0cc5 
  0x0000011a4a1ec020: fa11 4c24 | 184c 8954 | 2420 6690 | c5f8 77e8 | cc62 44f8 | bae4 ffff | ff48 8b2c | 24c5 fa11 
  0x0000011a4a1ec040: 1424 4c8b | 5424 104c | 8954 2408 | c5fa 115c | 2404 c5fa | 1144 2418 | 4889 4424 | 2066 6690 
  0x0000011a4a1ec060: c5f8 77e8 | 9862 44f8 | 4c8b 0c24 | 488b 7424 | 10ba beff | ffff 498b | e948 8934 | 2448 8944 
  0x0000011a4a1ec080: 2408 4489 | 5c24 1089 | 5c24 1889 | 5c24 1c44 | 8944 2420 | c5f8 77e8 | 6462 44f8 | 4c8b 0c24 
  0x0000011a4a1ec0a0: 488b 7424 | 10eb ca48 | 8b74 2410 | ebc3 488b | 7424 10eb | bc48 8b74 | 2410 ebb5 | ba45 ffff 
  0x0000011a4a1ec0c0: ff48 8b2c | 24c5 fa11 | 1424 4889 | 7c24 08c5 | fa11 4424 | 04c5 fa11 | 4c24 104c | 8954 2418 
  0x0000011a4a1ec0e0: 4489 4c24 | 1444 8944 | 2424 6690 | c5f8 77e8 | 0c62 44f8 | ba45 ffff | ff4c 8b44 | 2410 4c89 
  0x0000011a4a1ec100: 4424 0848 | 8944 2410 | 4489 5c24 | 1889 5c24 | 1c44 8954 | 2420 6690 | c5f8 77e8 | e061 44f8 
  0x0000011a4a1ec120: 448b 4c24 | 28ba beff | ffff 488b | 2c24 448b | 5c24 0844 | 891c 244c | 8b54 2410 | 4c89 5424 
  0x0000011a4a1ec140: 0844 8b54 | 2418 4489 | 5424 0444 | 8b5c 241c | 4489 5c24 | 104c 8b54 | 2420 4c89 | 5424 1848 
  0x0000011a4a1ec160: 8944 2420 | 4489 4c24 | 1466 6690 | c5f8 77e8 | 8c61 44f8 | 448b 4c24 | 28eb aa44 | 8b4c 2428 
  0x0000011a4a1ec180: eba3 bae4 | ffff ff48 | 8b2c 2444 | 8914 244c | 8b54 2410 | 4c89 5424 | 0844 895c | 2404 895c 
  0x0000011a4a1ec1a0: 2410 4889 | 4424 2044 | 8944 2414 | c5f8 77e8 | 4c61 44f8 | babe ffff | ff48 8b2c | 2444 8b54 
  0x0000011a4a1ec1c0: 2408 4489 | 1424 4c8b | 5424 104c | 8954 2408 | 448b 5c24 | 1844 895c | 2404 448b | 5424 1c44 
  0x0000011a4a1ec1e0: 8954 2410 | 4c8b 5424 | 204c 8954 | 2418 4889 | 4424 2090 | c5f8 77e8 | 0461 44f8 | bae4 ffff 
  0x0000011a4a1ec200: ff44 8954 | 2408 4489 | 5c24 0c89 | 5c24 1848 | 8944 2428 | c5f8 77e8 | e460 44f8 | baf4 ffff 
  0x0000011a4a1ec220: ff48 8b2c | 24c5 fa11 | 1424 4c8b | 5424 104c | 8954 2408 | c5fa 1144 | 2404 c5fa | 115c 2410 
  0x0000011a4a1ec240: c5f8 77e8 | b860 44f8 | ba45 ffff | ffc5 fa11 | 5424 08c5 | fa11 4424 | 0cc5 fa11 | 5c24 184c 
  0x0000011a4a1ec260: 8954 2420 | 4489 4424 | 1c44 895c | 2428 6690 | c5f8 77e8 | 8860 44f8 | ba76 ffff | ffc5 fa11 
  0x0000011a4a1ec280: 5424 08c5 | fa11 4424 | 0cc5 fa11 | 4c24 1844 | 894c 241c | 4489 4424 | 284c 8954 | 2430 8944 
  0x0000011a4a1ec2a0: 242c 6690 | c5f8 77e8 | 5460 44f8 | be01 0000 | 0033 d2e9 | 89fa ffff | ba45 ffff | ffc5 fa11 
  0x0000011a4a1ec2c0: 5424 08c5 | fa11 4424 | 0cc5 fa11 | 5c24 1844 | 8944 241c | 4489 5c24 | 284c 8954 | 2430 4c89 
  0x0000011a4a1ec2e0: 4c24 3889 | 7c24 2c90 | c5f8 77e8 | 1060 44f8 | 4585 db40 | 0f95 c540 | 0fb6 ed83 | f501 ba45 
  0x0000011a4a1ec300: ffff ffc5 | fa11 5424 | 08c5 fa11 | 4424 0cc5 | fa11 4c24 | 1844 894c | 241c 4489 | 4424 284c 
  0x0000011a4a1ec320: 8954 2430 | c5f8 77e8 | d45f 44f8 | ba45 ffff | ffc5 fa11 | 5424 08c5 | fa11 4424 | 0cc5 fa11 
  0x0000011a4a1ec340: 5c24 184c | 8944 2428 | 4489 5c24 | 1c4c 8954 | 2430 4c89 | 4c24 3889 | 5c24 4090 | c5f8 77e8 
  0x0000011a4a1ec360: 9c5f 44f8 | bade ffff | ff48 8b2c | 24c5 fa11 | 1424 488b | 4c24 1048 | 894c 2408 | c5fa 1144 
  0x0000011a4a1ec380: 2404 c5fa | 115c 2410 | 4c89 4424 | 2044 895c | 2414 4c89 | 5424 2844 | 894c 2434 | c5f8 77e8 
  0x0000011a4a1ec3a0: 5c5f 44f8 | bade ffff | ffc5 fa11 | 5424 08c5 | fa11 4424 | 0cc5 fa11 | 5c24 1890 | c5f8 77e8 
  0x0000011a4a1ec3c0: 3c5f 44f8 | bade ffff | ff48 8b2c | 24c5 fa11 | 1424 4c8b | 4c24 104c | 894c 2408 | c5fa 1144 
  0x0000011a4a1ec3e0: 2404 c5fa | 115c 2410 | 4489 4424 | 1444 895c | 2420 4c89 | 5424 2889 | 4c24 3090 | c5f8 77e8 
  0x0000011a4a1ec400: fc5e 44f8 | baf6 ffff | ff66 6690 | c5f8 77e8 | ec5e 44f8 | c4c1 796e | d6ba f6ff | ffff c5f9 
  0x0000011a4a1ec420: 7ed5 6690 | c5f8 77e8 | d45e 44f8 | 4489 5c24 | 10ba f6ff | ffff 4489 | 1424 6690 | c5f8 77e8 
  0x0000011a4a1ec440: bc5e 44f8 | baf6 ffff | ff66 6690 | c5f8 77e8 | ac5e 44f8 | ba76 ffff | ff48 8b2c | 2444 8b54 
  0x0000011a4a1ec460: 2408 4489 | 1424 4c8b | 5424 104c | 8954 2408 | 448b 5c24 | 1844 895c | 2404 448b | 5424 1c44 
  0x0000011a4a1ec480: 8954 2410 | 48ff 7424 | 2048 8f44 | 2418 4889 | 4424 2044 | 8944 2414 | 4489 6c24 | 2866 6690 
  0x0000011a4a1ec4a0: c5f8 77e8 | 585e 44f8 | baf6 ffff | ff66 6690 | c5f8 77e8 | 485e 44f8 | 488b d0eb | 0848 8bd0 
  0x0000011a4a1ec4c0: eb03 488b | d0c5 f877 | 4883 c460 | 5de9 2e6a | 4ff8 baf6 | ffff ff49 | 8bea 6690 | c5f8 77e8 
  0x0000011a4a1ec4e0: 1c5e 44f8 | baf6 ffff | ff66 6690 | c5f8 77e8 | 0c5e 44f8 | baf6 ffff | ff66 6690 | c5f8 77e8 
  0x0000011a4a1ec500: fc5d 44f8 | 488b 7424 | 10e9 63fb | ffff 488b | 7424 10e9 | 59fb ffff | 488b 7424 | 10e9 4ffb 
  0x0000011a4a1ec520: ffff baf6 | ffff ff90 | c5f8 77e8 | d05d 44f8 | baf6 ffff | ff66 6690 | c5f8 77e8 | c05d 44f8 
  0x0000011a4a1ec540: baf6 ffff | ff66 6690 | c5f8 77e8 | b05d 44f8 | baf6 ffff | ff66 6690 | c5f8 77e8 | a05d 44f8 
  0x0000011a4a1ec560: ba45 ffff | ff48 8b2c | 24c5 fa11 | 1424 4c8b | 4c24 104c | 894c 2408 | c5fa 1144 | 2404 c5fa 
  0x0000011a4a1ec580: 115c 2410 | 4489 4424 | 1444 895c | 2420 894c | 2424 4c89 | 5424 2890 | c5f8 77e8 | 605d 44f8 
  0x0000011a4a1ec5a0: baf6 ffff | ff66 6690 | c5f8 77e8 | 505d 44f8 | ba45 ffff | ff48 8b2c | 24c5 fa11 | 1424 488b 
  0x0000011a4a1ec5c0: 4c24 1048 | 894c 2408 | c5fa 1144 | 2404 c5fa | 115c 2410 | 4c89 4424 | 2044 895c | 2414 4489 
  0x0000011a4a1ec5e0: 4c24 284c | 8954 2430 | c5f8 77e8 | 105d 44f8 | 49ba 64b4 | 1e4a 1a01 | 0000 4d89 | 9758 0300 
  0x0000011a4a1ec600: 00e9 fa6d | 44f8 f4f4 | f4f4 f4f4 | f4f4 f4f4 | f4f4 f4f4 | f4f4 f4f4 | f4f4 f4f4 | f4f4 f4f4 
  0x0000011a4a1ec620: 48bb 0000 | 0000 0000 | 0000 e9fb | ffff ffe9 | 4c85 4ef8 | e800 0000 | 0048 832c | 2405 e95d 
  0x0000011a4a1ec640: 6044 f8f4 | f4f4 f4f4 
[/MachCode]
--------------------------------------------------------------------------------


---------------  P R O C E S S  ---------------

Threads class SMR info:
_java_thread_list=0x0000011a5fb3f100, length=22, elements={
0x0000011a5e8a96d0, 0x0000011a5e8aa340, 0x0000011a5f403860, 0x0000011a5f404820,
0x0000011a5f4078a0, 0x0000011a5f406f00, 0x0000011a5f40d480, 0x0000011a5f415f30,
0x0000011a5f421100, 0x0000011a5f51c0d0, 0x0000011a5f406090, 0x0000011a5f407d70,
0x0000011a5f406a30, 0x0000011a5f4073d0, 0x0000011a5f4056f0, 0x0000011a5f405220,
0x0000011a5f406560, 0x0000011a5f408710, 0x0000011a5f405bc0, 0x0000011a5f408240,
0x0000011a5fb85c70, 0x0000011a5fb7c200
}

Java Threads: ( => current thread )
  0x0000011a5e8a96d0 JavaThread "Reference Handler" daemon [_thread_blocked, id=21132, stack(0x0000000209800000,0x0000000209900000)]
  0x0000011a5e8aa340 JavaThread "Finalizer" daemon [_thread_blocked, id=24088, stack(0x0000000209900000,0x0000000209a00000)]
  0x0000011a5f403860 JavaThread "Signal Dispatcher" daemon [_thread_blocked, id=19272, stack(0x0000000209a00000,0x0000000209b00000)]
  0x0000011a5f404820 JavaThread "Attach Listener" daemon [_thread_blocked, id=10704, stack(0x0000000209b00000,0x0000000209c00000)]
  0x0000011a5f4078a0 JavaThread "Service Thread" daemon [_thread_blocked, id=22420, stack(0x0000000209c00000,0x0000000209d00000)]
  0x0000011a5f406f00 JavaThread "Monitor Deflation Thread" daemon [_thread_blocked, id=22184, stack(0x0000000209d00000,0x0000000209e00000)]
  0x0000011a5f40d480 JavaThread "C2 CompilerThread0" daemon [_thread_blocked, id=17016, stack(0x0000000209e00000,0x0000000209f00000)]
  0x0000011a5f415f30 JavaThread "C1 CompilerThread0" daemon [_thread_blocked, id=5140, stack(0x0000000209f00000,0x000000020a000000)]
  0x0000011a5f421100 JavaThread "Sweeper thread" daemon [_thread_blocked, id=23936, stack(0x000000020a000000,0x000000020a100000)]
  0x0000011a5f51c0d0 JavaThread "C1 CompilerThread1" daemon [_thread_blocked, id=23196, stack(0x000000020a100000,0x000000020a200000)]
  0x0000011a5f406090 JavaThread "Notification Thread" daemon [_thread_blocked, id=1652, stack(0x000000020a200000,0x000000020a300000)]
  0x0000011a5f407d70 JavaThread "Common-Cleaner" daemon [_thread_blocked, id=23832, stack(0x000000020a400000,0x000000020a500000)]
  0x0000011a5f406a30 JavaThread "DestroyJavaVM" [_thread_blocked, id=5608, stack(0x0000000209100000,0x0000000209200000)]
  0x0000011a5f4073d0 JavaThread "Java2D Disposer" daemon [_thread_blocked, id=22716, stack(0x000000020a600000,0x000000020a700000)]
  0x0000011a5f4056f0 JavaThread "AWT-Shutdown" [_thread_blocked, id=24288, stack(0x000000020a800000,0x000000020a900000)]
  0x0000011a5f405220 JavaThread "AWT-Windows" daemon [_thread_in_native, id=21912, stack(0x000000020a900000,0x000000020aa00000)]
  0x0000011a5f406560 JavaThread "AWT-EventQueue-0" [_thread_blocked, id=6180, stack(0x000000020b600000,0x000000020b700000)]
=>0x0000011a5f408710 JavaThread "Thread-2" [_thread_in_Java, id=13128, stack(0x000000020b700000,0x000000020b800000)]
  0x0000011a5f405bc0 JavaThread "Thread-1" [_thread_in_Java, id=14972, stack(0x000000020b800000,0x000000020b900000)]
  0x0000011a5f408240 JavaThread "D3D Screen Updater" daemon [_thread_blocked, id=9860, stack(0x000000020a500000,0x000000020a600000)]
  0x0000011a5fb85c70 JavaThread "C2 CompilerThread1" daemon [_thread_blocked, id=25892, stack(0x000000020a700000,0x000000020a800000)]
  0x0000011a5fb7c200 JavaThread "C2 CompilerThread2" daemon [_thread_blocked, id=18512, stack(0x000000020b900000,0x000000020ba00000)]

Other Threads:
  0x0000011a5e8a3bd0 VMThread "VM Thread" [stack: 0x0000000209700000,0x0000000209800000] [id=896]
  0x0000011a5f5491e0 WatcherThread [stack: 0x000000020a300000,0x000000020a400000] [id=9884]
  0x0000011a39376eb0 GCTaskThread "GC Thread#0" [stack: 0x0000000209200000,0x0000000209300000] [id=24440]
  0x0000011a5fb3a490 GCTaskThread "GC Thread#1" [stack: 0x000000020ba00000,0x000000020bb00000] [id=20080]
  0x0000011a5fb40840 GCTaskThread "GC Thread#2" [stack: 0x000000020bb00000,0x000000020bc00000] [id=26460]
  0x0000011a5fb40f00 GCTaskThread "GC Thread#3" [stack: 0x000000020bc00000,0x000000020bd00000] [id=15944]
  0x0000011a5fb71720 GCTaskThread "GC Thread#4" [stack: 0x000000020bd00000,0x000000020be00000] [id=18520]
  0x0000011a5fb719d0 GCTaskThread "GC Thread#5" [stack: 0x000000020be00000,0x000000020bf00000] [id=14688]
  0x0000011a5fb72090 GCTaskThread "GC Thread#6" [stack: 0x000000020bf00000,0x000000020c000000] [id=5564]
  0x0000011a5fb72340 GCTaskThread "GC Thread#7" [stack: 0x000000020c000000,0x000000020c100000] [id=26596]
  0x0000011a5fb725f0 GCTaskThread "GC Thread#8" [stack: 0x000000020c100000,0x000000020c200000] [id=18280]
  0x0000011a5fb80c70 GCTaskThread "GC Thread#9" [stack: 0x000000020c200000,0x000000020c300000] [id=13284]
  0x0000011a39388490 ConcurrentGCThread "G1 Main Marker" [stack: 0x0000000209300000,0x0000000209400000] [id=1384]
  0x0000011a3938a650 ConcurrentGCThread "G1 Conc#0" [stack: 0x0000000209400000,0x0000000209500000] [id=9228]
  0x0000011a393ee9b0 ConcurrentGCThread "G1 Refine#0" [stack: 0x0000000209500000,0x0000000209600000] [id=20460]
  0x0000011a5e75c520 ConcurrentGCThread "G1 Service" [stack: 0x0000000209600000,0x0000000209700000] [id=14000]

Threads with active compile tasks:

VM state: not at safepoint (normal execution)

VM Mutex/Monitor currently owned by a thread: None

Heap address: 0x0000000709600000, size: 3946 MB, Compressed Oops mode: Zero based, Oop shift amount: 3

CDS archive(s) mapped at: [0x0000000800000000-0x0000000800bc0000-0x0000000800bc0000), size 12320768, SharedBaseAddress: 0x0000000800000000, ArchiveRelocationMode: 0.
Compressed class space mapped at: 0x0000000800c00000-0x0000000840c00000, reserved size: 1073741824
Narrow klass base: 0x0000000800000000, Narrow klass shift: 0, Narrow klass range: 0x100000000

GC Precious Log:
 CPUs: 16 total, 16 available
 Memory: 15776M
 Large Page Support: Disabled
 NUMA Support: Disabled
 Compressed Oops: Enabled (Zero based)
 Heap Region Size: 2M
 Heap Min Capacity: 8M
 Heap Initial Capacity: 248M
 Heap Max Capacity: 3946M
 Pre-touch: Disabled
 Parallel Workers: 13
 Concurrent Workers: 3
 Concurrent Refinement Workers: 13
 Periodic GC: Disabled

Heap:
 garbage-first heap   total 253952K, used 17442K [0x0000000709600000, 0x0000000800000000)
  region size 2048K, 7 young (14336K), 2 survivors (4096K)
 Metaspace       used 7161K, committed 7424K, reserved 1056768K
  class space    used 772K, committed 896K, reserved 1048576K

Heap Regions: E=young(eden), S=young(survivor), O=old, HS=humongous(starts), HC=humongous(continues), CS=collection set, F=free, OA=open archive, CA=closed archive, TAMS=top-at-mark-start (previous, next)
|   0|0x0000000709600000, 0x0000000709800000, 0x0000000709800000|100%|HS|  |TAMS 0x0000000709600000, 0x0000000709600000| Complete 
|   1|0x0000000709800000, 0x0000000709a00000, 0x0000000709a00000|100%|HC|  |TAMS 0x0000000709800000, 0x0000000709800000| Complete 
|   2|0x0000000709a00000, 0x0000000709b08a00, 0x0000000709c00000| 51%| O|  |TAMS 0x0000000709a00000, 0x0000000709a00000| Untracked 
|   3|0x0000000709c00000, 0x0000000709c00000, 0x0000000709e00000|  0%| F|  |TAMS 0x0000000709c00000, 0x0000000709c00000| Untracked 
|   4|0x0000000709e00000, 0x0000000709e00000, 0x000000070a000000|  0%| F|  |TAMS 0x0000000709e00000, 0x0000000709e00000| Untracked 
|   5|0x000000070a000000, 0x000000070a000000, 0x000000070a200000|  0%| F|  |TAMS 0x000000070a000000, 0x000000070a000000| Untracked 
|   6|0x000000070a200000, 0x000000070a200000, 0x000000070a400000|  0%| F|  |TAMS 0x000000070a200000, 0x000000070a200000| Untracked 
|   7|0x000000070a400000, 0x000000070a400000, 0x000000070a600000|  0%| F|  |TAMS 0x000000070a400000, 0x000000070a400000| Untracked 
|   8|0x000000070a600000, 0x000000070a600000, 0x000000070a800000|  0%| F|  |TAMS 0x000000070a600000, 0x000000070a600000| Untracked 
|   9|0x000000070a800000, 0x000000070a800000, 0x000000070aa00000|  0%| F|  |TAMS 0x000000070a800000, 0x000000070a800000| Untracked 
|  10|0x000000070aa00000, 0x000000070aa00000, 0x000000070ac00000|  0%| F|  |TAMS 0x000000070aa00000, 0x000000070aa00000| Untracked 
|  11|0x000000070ac00000, 0x000000070ac00000, 0x000000070ae00000|  0%| F|  |TAMS 0x000000070ac00000, 0x000000070ac00000| Untracked 
|  12|0x000000070ae00000, 0x000000070ae00000, 0x000000070b000000|  0%| F|  |TAMS 0x000000070ae00000, 0x000000070ae00000| Untracked 
|  13|0x000000070b000000, 0x000000070b000000, 0x000000070b200000|  0%| F|  |TAMS 0x000000070b000000, 0x000000070b000000| Untracked 
|  14|0x000000070b200000, 0x000000070b200000, 0x000000070b400000|  0%| F|  |TAMS 0x000000070b200000, 0x000000070b200000| Untracked 
|  15|0x000000070b400000, 0x000000070b400000, 0x000000070b600000|  0%| F|  |TAMS 0x000000070b400000, 0x000000070b400000| Untracked 
|  16|0x000000070b600000, 0x000000070b600000, 0x000000070b800000|  0%| F|  |TAMS 0x000000070b600000, 0x000000070b600000| Untracked 
|  17|0x000000070b800000, 0x000000070b800000, 0x000000070ba00000|  0%| F|  |TAMS 0x000000070b800000, 0x000000070b800000| Untracked 
|  18|0x000000070ba00000, 0x000000070ba00000, 0x000000070bc00000|  0%| F|  |TAMS 0x000000070ba00000, 0x000000070ba00000| Untracked 
|  19|0x000000070bc00000, 0x000000070bc00000, 0x000000070be00000|  0%| F|  |TAMS 0x000000070bc00000, 0x000000070bc00000| Untracked 
|  20|0x000000070be00000, 0x000000070be00000, 0x000000070c000000|  0%| F|  |TAMS 0x000000070be00000, 0x000000070be00000| Untracked 
|  21|0x000000070c000000, 0x000000070c000000, 0x000000070c200000|  0%| F|  |TAMS 0x000000070c000000, 0x000000070c000000| Untracked 
|  22|0x000000070c200000, 0x000000070c200000, 0x000000070c400000|  0%| F|  |TAMS 0x000000070c200000, 0x000000070c200000| Untracked 
|  23|0x000000070c400000, 0x000000070c400000, 0x000000070c600000|  0%| F|  |TAMS 0x000000070c400000, 0x000000070c400000| Untracked 
|  24|0x000000070c600000, 0x000000070c600000, 0x000000070c800000|  0%| F|  |TAMS 0x000000070c600000, 0x000000070c600000| Untracked 
|  25|0x000000070c800000, 0x000000070c800000, 0x000000070ca00000|  0%| F|  |TAMS 0x000000070c800000, 0x000000070c800000| Untracked 
|  26|0x000000070ca00000, 0x000000070ca00000, 0x000000070cc00000|  0%| F|  |TAMS 0x000000070ca00000, 0x000000070ca00000| Untracked 
|  27|0x000000070cc00000, 0x000000070cc00000, 0x000000070ce00000|  0%| F|  |TAMS 0x000000070cc00000, 0x000000070cc00000| Untracked 
|  28|0x000000070ce00000, 0x000000070ce00000, 0x000000070d000000|  0%| F|  |TAMS 0x000000070ce00000, 0x000000070ce00000| Untracked 
|  29|0x000000070d000000, 0x000000070d000000, 0x000000070d200000|  0%| F|  |TAMS 0x000000070d000000, 0x000000070d000000| Untracked 
|  30|0x000000070d200000, 0x000000070d200000, 0x000000070d400000|  0%| F|  |TAMS 0x000000070d200000, 0x000000070d200000| Untracked 
|  31|0x000000070d400000, 0x000000070d400000, 0x000000070d600000|  0%| F|  |TAMS 0x000000070d400000, 0x000000070d400000| Untracked 
|  32|0x000000070d600000, 0x000000070d600000, 0x000000070d800000|  0%| F|  |TAMS 0x000000070d600000, 0x000000070d600000| Untracked 
|  33|0x000000070d800000, 0x000000070d800000, 0x000000070da00000|  0%| F|  |TAMS 0x000000070d800000, 0x000000070d800000| Untracked 
|  34|0x000000070da00000, 0x000000070da00000, 0x000000070dc00000|  0%| F|  |TAMS 0x000000070da00000, 0x000000070da00000| Untracked 
|  35|0x000000070dc00000, 0x000000070dc00000, 0x000000070de00000|  0%| F|  |TAMS 0x000000070dc00000, 0x000000070dc00000| Untracked 
|  36|0x000000070de00000, 0x000000070de00000, 0x000000070e000000|  0%| F|  |TAMS 0x000000070de00000, 0x000000070de00000| Untracked 
|  37|0x000000070e000000, 0x000000070e000000, 0x000000070e200000|  0%| F|  |TAMS 0x000000070e000000, 0x000000070e000000| Untracked 
|  38|0x000000070e200000, 0x000000070e200000, 0x000000070e400000|  0%| F|  |TAMS 0x000000070e200000, 0x000000070e200000| Untracked 
|  39|0x000000070e400000, 0x000000070e400000, 0x000000070e600000|  0%| F|  |TAMS 0x000000070e400000, 0x000000070e400000| Untracked 
|  40|0x000000070e600000, 0x000000070e600000, 0x000000070e800000|  0%| F|  |TAMS 0x000000070e600000, 0x000000070e600000| Untracked 
|  41|0x000000070e800000, 0x000000070e800000, 0x000000070ea00000|  0%| F|  |TAMS 0x000000070e800000, 0x000000070e800000| Untracked 
|  42|0x000000070ea00000, 0x000000070ea00000, 0x000000070ec00000|  0%| F|  |TAMS 0x000000070ea00000, 0x000000070ea00000| Untracked 
|  43|0x000000070ec00000, 0x000000070ec00000, 0x000000070ee00000|  0%| F|  |TAMS 0x000000070ec00000, 0x000000070ec00000| Untracked 
|  44|0x000000070ee00000, 0x000000070ee00000, 0x000000070f000000|  0%| F|  |TAMS 0x000000070ee00000, 0x000000070ee00000| Untracked 
|  45|0x000000070f000000, 0x000000070f000000, 0x000000070f200000|  0%| F|  |TAMS 0x000000070f000000, 0x000000070f000000| Untracked 
|  46|0x000000070f200000, 0x000000070f200000, 0x000000070f400000|  0%| F|  |TAMS 0x000000070f200000, 0x000000070f200000| Untracked 
|  47|0x000000070f400000, 0x000000070f400000, 0x000000070f600000|  0%| F|  |TAMS 0x000000070f400000, 0x000000070f400000| Untracked 
|  48|0x000000070f600000, 0x000000070f600000, 0x000000070f800000|  0%| F|  |TAMS 0x000000070f600000, 0x000000070f600000| Untracked 
|  49|0x000000070f800000, 0x000000070f800000, 0x000000070fa00000|  0%| F|  |TAMS 0x000000070f800000, 0x000000070f800000| Untracked 
|  50|0x000000070fa00000, 0x000000070fa00000, 0x000000070fc00000|  0%| F|  |TAMS 0x000000070fa00000, 0x000000070fa00000| Untracked 
|  51|0x000000070fc00000, 0x000000070fc00000, 0x000000070fe00000|  0%| F|  |TAMS 0x000000070fc00000, 0x000000070fc00000| Untracked 
|  52|0x000000070fe00000, 0x000000070fe00000, 0x0000000710000000|  0%| F|  |TAMS 0x000000070fe00000, 0x000000070fe00000| Untracked 
|  53|0x0000000710000000, 0x0000000710000000, 0x0000000710200000|  0%| F|  |TAMS 0x0000000710000000, 0x0000000710000000| Untracked 
|  54|0x0000000710200000, 0x0000000710200000, 0x0000000710400000|  0%| F|  |TAMS 0x0000000710200000, 0x0000000710200000| Untracked 
|  55|0x0000000710400000, 0x0000000710400000, 0x0000000710600000|  0%| F|  |TAMS 0x0000000710400000, 0x0000000710400000| Untracked 
|  56|0x0000000710600000, 0x0000000710600000, 0x0000000710800000|  0%| F|  |TAMS 0x0000000710600000, 0x0000000710600000| Untracked 
|  57|0x0000000710800000, 0x0000000710800000, 0x0000000710a00000|  0%| F|  |TAMS 0x0000000710800000, 0x0000000710800000| Untracked 
|  58|0x0000000710a00000, 0x0000000710a00000, 0x0000000710c00000|  0%| F|  |TAMS 0x0000000710a00000, 0x0000000710a00000| Untracked 
|  59|0x0000000710c00000, 0x0000000710c00000, 0x0000000710e00000|  0%| F|  |TAMS 0x0000000710c00000, 0x0000000710c00000| Untracked 
|  60|0x0000000710e00000, 0x0000000710e00000, 0x0000000711000000|  0%| F|  |TAMS 0x0000000710e00000, 0x0000000710e00000| Untracked 
|  61|0x0000000711000000, 0x0000000711000000, 0x0000000711200000|  0%| F|  |TAMS 0x0000000711000000, 0x0000000711000000| Untracked 
|  62|0x0000000711200000, 0x0000000711200000, 0x0000000711400000|  0%| F|  |TAMS 0x0000000711200000, 0x0000000711200000| Untracked 
|  63|0x0000000711400000, 0x0000000711400000, 0x0000000711600000|  0%| F|  |TAMS 0x0000000711400000, 0x0000000711400000| Untracked 
|  64|0x0000000711600000, 0x0000000711600000, 0x0000000711800000|  0%| F|  |TAMS 0x0000000711600000, 0x0000000711600000| Untracked 
|  65|0x0000000711800000, 0x0000000711800000, 0x0000000711a00000|  0%| F|  |TAMS 0x0000000711800000, 0x0000000711800000| Untracked 
|  66|0x0000000711a00000, 0x0000000711a00000, 0x0000000711c00000|  0%| F|  |TAMS 0x0000000711a00000, 0x0000000711a00000| Untracked 
|  67|0x0000000711c00000, 0x0000000711c00000, 0x0000000711e00000|  0%| F|  |TAMS 0x0000000711c00000, 0x0000000711c00000| Untracked 
|  68|0x0000000711e00000, 0x0000000711e00000, 0x0000000712000000|  0%| F|  |TAMS 0x0000000711e00000, 0x0000000711e00000| Untracked 
|  69|0x0000000712000000, 0x0000000712000000, 0x0000000712200000|  0%| F|  |TAMS 0x0000000712000000, 0x0000000712000000| Untracked 
|  70|0x0000000712200000, 0x0000000712200000, 0x0000000712400000|  0%| F|  |TAMS 0x0000000712200000, 0x0000000712200000| Untracked 
|  71|0x0000000712400000, 0x0000000712400000, 0x0000000712600000|  0%| F|  |TAMS 0x0000000712400000, 0x0000000712400000| Untracked 
|  72|0x0000000712600000, 0x0000000712600000, 0x0000000712800000|  0%| F|  |TAMS 0x0000000712600000, 0x0000000712600000| Untracked 
|  73|0x0000000712800000, 0x0000000712800000, 0x0000000712a00000|  0%| F|  |TAMS 0x0000000712800000, 0x0000000712800000| Untracked 
|  74|0x0000000712a00000, 0x0000000712a00000, 0x0000000712c00000|  0%| F|  |TAMS 0x0000000712a00000, 0x0000000712a00000| Untracked 
|  75|0x0000000712c00000, 0x0000000712c00000, 0x0000000712e00000|  0%| F|  |TAMS 0x0000000712c00000, 0x0000000712c00000| Untracked 
|  76|0x0000000712e00000, 0x0000000712e00000, 0x0000000713000000|  0%| F|  |TAMS 0x0000000712e00000, 0x0000000712e00000| Untracked 
|  77|0x0000000713000000, 0x0000000713000000, 0x0000000713200000|  0%| F|  |TAMS 0x0000000713000000, 0x0000000713000000| Untracked 
|  78|0x0000000713200000, 0x0000000713200000, 0x0000000713400000|  0%| F|  |TAMS 0x0000000713200000, 0x0000000713200000| Untracked 
|  79|0x0000000713400000, 0x0000000713400000, 0x0000000713600000|  0%| F|  |TAMS 0x0000000713400000, 0x0000000713400000| Untracked 
|  80|0x0000000713600000, 0x0000000713600000, 0x0000000713800000|  0%| F|  |TAMS 0x0000000713600000, 0x0000000713600000| Untracked 
|  81|0x0000000713800000, 0x0000000713800000, 0x0000000713a00000|  0%| F|  |TAMS 0x0000000713800000, 0x0000000713800000| Untracked 
|  82|0x0000000713a00000, 0x0000000713a00000, 0x0000000713c00000|  0%| F|  |TAMS 0x0000000713a00000, 0x0000000713a00000| Untracked 
|  83|0x0000000713c00000, 0x0000000713c00000, 0x0000000713e00000|  0%| F|  |TAMS 0x0000000713c00000, 0x0000000713c00000| Untracked 
|  84|0x0000000713e00000, 0x0000000713e00000, 0x0000000714000000|  0%| F|  |TAMS 0x0000000713e00000, 0x0000000713e00000| Untracked 
|  85|0x0000000714000000, 0x0000000714000000, 0x0000000714200000|  0%| F|  |TAMS 0x0000000714000000, 0x0000000714000000| Untracked 
|  86|0x0000000714200000, 0x0000000714200000, 0x0000000714400000|  0%| F|  |TAMS 0x0000000714200000, 0x0000000714200000| Untracked 
|  87|0x0000000714400000, 0x0000000714400000, 0x0000000714600000|  0%| F|  |TAMS 0x0000000714400000, 0x0000000714400000| Untracked 
|  88|0x0000000714600000, 0x0000000714600000, 0x0000000714800000|  0%| F|  |TAMS 0x0000000714600000, 0x0000000714600000| Untracked 
|  89|0x0000000714800000, 0x0000000714800000, 0x0000000714a00000|  0%| F|  |TAMS 0x0000000714800000, 0x0000000714800000| Untracked 
|  90|0x0000000714a00000, 0x0000000714a00000, 0x0000000714c00000|  0%| F|  |TAMS 0x0000000714a00000, 0x0000000714a00000| Untracked 
|  91|0x0000000714c00000, 0x0000000714c00000, 0x0000000714e00000|  0%| F|  |TAMS 0x0000000714c00000, 0x0000000714c00000| Untracked 
|  92|0x0000000714e00000, 0x0000000714e00000, 0x0000000715000000|  0%| F|  |TAMS 0x0000000714e00000, 0x0000000714e00000| Untracked 
|  93|0x0000000715000000, 0x0000000715000000, 0x0000000715200000|  0%| F|  |TAMS 0x0000000715000000, 0x0000000715000000| Untracked 
|  94|0x0000000715200000, 0x0000000715200000, 0x0000000715400000|  0%| F|  |TAMS 0x0000000715200000, 0x0000000715200000| Untracked 
|  95|0x0000000715400000, 0x0000000715400000, 0x0000000715600000|  0%| F|  |TAMS 0x0000000715400000, 0x0000000715400000| Untracked 
|  96|0x0000000715600000, 0x0000000715600000, 0x0000000715800000|  0%| F|  |TAMS 0x0000000715600000, 0x0000000715600000| Untracked 
|  97|0x0000000715800000, 0x0000000715800000, 0x0000000715a00000|  0%| F|  |TAMS 0x0000000715800000, 0x0000000715800000| Untracked 
|  98|0x0000000715a00000, 0x0000000715a00000, 0x0000000715c00000|  0%| F|  |TAMS 0x0000000715a00000, 0x0000000715a00000| Untracked 
|  99|0x0000000715c00000, 0x0000000715c00000, 0x0000000715e00000|  0%| F|  |TAMS 0x0000000715c00000, 0x0000000715c00000| Untracked 
| 100|0x0000000715e00000, 0x0000000715e00000, 0x0000000716000000|  0%| F|  |TAMS 0x0000000715e00000, 0x0000000715e00000| Untracked 
| 101|0x0000000716000000, 0x0000000716000000, 0x0000000716200000|  0%| F|  |TAMS 0x0000000716000000, 0x0000000716000000| Untracked 
| 102|0x0000000716200000, 0x0000000716200000, 0x0000000716400000|  0%| F|  |TAMS 0x0000000716200000, 0x0000000716200000| Untracked 
| 103|0x0000000716400000, 0x0000000716400000, 0x0000000716600000|  0%| F|  |TAMS 0x0000000716400000, 0x0000000716400000| Untracked 
| 104|0x0000000716600000, 0x0000000716600000, 0x0000000716800000|  0%| F|  |TAMS 0x0000000716600000, 0x0000000716600000| Untracked 
| 105|0x0000000716800000, 0x0000000716800000, 0x0000000716a00000|  0%| F|  |TAMS 0x0000000716800000, 0x0000000716800000| Untracked 
| 106|0x0000000716a00000, 0x0000000716a00000, 0x0000000716c00000|  0%| F|  |TAMS 0x0000000716a00000, 0x0000000716a00000| Untracked 
| 107|0x0000000716c00000, 0x0000000716c00000, 0x0000000716e00000|  0%| F|  |TAMS 0x0000000716c00000, 0x0000000716c00000| Untracked 
| 108|0x0000000716e00000, 0x0000000716e00000, 0x0000000717000000|  0%| F|  |TAMS 0x0000000716e00000, 0x0000000716e00000| Untracked 
| 109|0x0000000717000000, 0x0000000717000000, 0x0000000717200000|  0%| F|  |TAMS 0x0000000717000000, 0x0000000717000000| Untracked 
| 110|0x0000000717200000, 0x0000000717200000, 0x0000000717400000|  0%| F|  |TAMS 0x0000000717200000, 0x0000000717200000| Untracked 
| 111|0x0000000717400000, 0x0000000717600000, 0x0000000717600000|100%| S|CS|TAMS 0x0000000717400000, 0x0000000717400000| Complete 
| 112|0x0000000717600000, 0x0000000717800000, 0x0000000717800000|100%| S|CS|TAMS 0x0000000717600000, 0x0000000717600000| Complete 
| 113|0x0000000717800000, 0x0000000717800000, 0x0000000717a00000|  0%| F|  |TAMS 0x0000000717800000, 0x0000000717800000| Untracked 
| 114|0x0000000717a00000, 0x0000000717a00000, 0x0000000717c00000|  0%| F|  |TAMS 0x0000000717a00000, 0x0000000717a00000| Untracked 
| 115|0x0000000717c00000, 0x0000000717c00000, 0x0000000717e00000|  0%| F|  |TAMS 0x0000000717c00000, 0x0000000717c00000| Untracked 
| 116|0x0000000717e00000, 0x0000000717e00000, 0x0000000718000000|  0%| F|  |TAMS 0x0000000717e00000, 0x0000000717e00000| Untracked 
| 117|0x0000000718000000, 0x0000000718000000, 0x0000000718200000|  0%| F|  |TAMS 0x0000000718000000, 0x0000000718000000| Untracked 
| 118|0x0000000718200000, 0x0000000718200000, 0x0000000718400000|  0%| F|  |TAMS 0x0000000718200000, 0x0000000718200000| Untracked 
| 119|0x0000000718400000, 0x00000007185ab448, 0x0000000718600000| 83%| E|  |TAMS 0x0000000718400000, 0x0000000718400000| Complete 
| 120|0x0000000718600000, 0x0000000718800000, 0x0000000718800000|100%| E|CS|TAMS 0x0000000718600000, 0x0000000718600000| Complete 
| 121|0x0000000718800000, 0x0000000718a00000, 0x0000000718a00000|100%| E|CS|TAMS 0x0000000718800000, 0x0000000718800000| Complete 
| 122|0x0000000718a00000, 0x0000000718c00000, 0x0000000718c00000|100%| E|CS|TAMS 0x0000000718a00000, 0x0000000718a00000| Complete 
| 123|0x0000000718c00000, 0x0000000718e00000, 0x0000000718e00000|100%| E|CS|TAMS 0x0000000718c00000, 0x0000000718c00000| Complete 

Card table byte_map: [0x0000011a52d50000,0x0000011a53510000] _byte_map_base: 0x0000011a4f505000

Marking Bits (Prev, Next): (CMBitMap*) 0x0000011a393784d0, (CMBitMap*) 0x0000011a39378510
 Prev Bits: [0x0000011a53cd0000, 0x0000011a57a78000)
 Next Bits: [0x0000011a57a80000, 0x0000011a5b828000)

Polling page: 0x0000011a390a0000

Metaspace:

Usage:
  Non-class:      6.24 MB used.
      Class:    772.71 KB used.
       Both:      6.99 MB used.

Virtual space:
  Non-class space:        8.00 MB reserved,       6.38 MB ( 80%) committed,  1 nodes.
      Class space:        1.00 GB reserved,     896.00 KB ( <1%) committed,  1 nodes.
             Both:        1.01 GB reserved,       7.25 MB ( <1%) committed. 

Chunk freelists:
   Non-Class:  880.00 KB
       Class:  3.10 MB
        Both:  3.96 MB

MaxMetaspaceSize: unlimited
CompressedClassSpaceSize: 1.00 GB
Initial GC threshold: 21.00 MB
Current GC threshold: 21.00 MB
CDS: on
MetaspaceReclaimPolicy: balanced
 - commit_granule_bytes: 65536.
 - commit_granule_words: 8192.
 - virtual_space_node_default_size: 1048576.
 - enlarge_chunks_in_place: 1.
 - new_chunks_are_fully_committed: 0.
 - uncommit_free_chunks: 1.
 - use_allocation_guard: 0.
 - handle_deallocations: 1.


Internal statistics:

num_allocs_failed_limit: 0.
num_arena_births: 128.
num_arena_deaths: 0.
num_vsnodes_births: 2.
num_vsnodes_deaths: 0.
num_space_committed: 116.
num_space_uncommitted: 0.
num_chunks_returned_to_freelist: 0.
num_chunks_taken_from_freelist: 180.
num_chunk_merges: 0.
num_chunk_splits: 107.
num_chunks_enlarged: 52.
num_purges: 0.
num_inconsistent_stats: 0.

CodeHeap 'non-profiled nmethods': size=119168Kb used=444Kb max_used=444Kb free=118723Kb
 bounds [0x0000011a4a180000, 0x0000011a4a3f0000, 0x0000011a515e0000]
CodeHeap 'profiled nmethods': size=119104Kb used=1806Kb max_used=1806Kb free=117297Kb
 bounds [0x0000011a42d30000, 0x0000011a42fa0000, 0x0000011a4a180000]
CodeHeap 'non-nmethods': size=7488Kb used=1821Kb max_used=1849Kb free=5666Kb
 bounds [0x0000011a425e0000, 0x0000011a42850000, 0x0000011a42d30000]
 total_blobs=1815 nmethods=1236 adapters=491
 compilation: enabled
              stopped_count=0, restarted_count=0
 full_count=0

Compilation events (20 events):
Event: 1.847 Thread 0x0000011a5f415f30 1227       3       summit.gfx.PaintEvent::renderLater (10 bytes)
Event: 1.848 Thread 0x0000011a5f415f30 nmethod 1227 0x0000011a42ef1110 code [0x0000011a42ef1300, 0x0000011a42ef1988]
Event: 1.848 Thread 0x0000011a5f415f30 1228       1       summit.game.tile.Tile::getLight (5 bytes)
Event: 1.848 Thread 0x0000011a5f415f30 nmethod 1228 0x0000011a4a1e9710 code [0x0000011a4a1e98a0, 0x0000011a4a1e9978]
Event: 1.850 Thread 0x0000011a5f415f30 1229       3       summit.gfx.Renderer::rotate (62 bytes)
Event: 1.850 Thread 0x0000011a5f415f30 nmethod 1229 0x0000011a42ef1c90 code [0x0000011a42ef1e40, 0x0000011a42ef21d8]
Event: 1.856 Thread 0x0000011a5f415f30 1230 %     3       summit.gfx.Renderer::filterFrame @ 10 (57 bytes)
Event: 1.857 Thread 0x0000011a5f415f30 nmethod 1230% 0x0000011a42ef2410 code [0x0000011a42ef25e0, 0x0000011a42ef2a28]
Event: 1.857 Thread 0x0000011a5f415f30 1231       3       summit.gfx.Renderer::filterFrame (57 bytes)
Event: 1.857 Thread 0x0000011a5f40d480 1232       4       summit.gfx.Renderer::renderLight (229 bytes)
Event: 1.857 Thread 0x0000011a5f415f30 nmethod 1231 0x0000011a42ef2d10 code [0x0000011a42ef2ee0, 0x0000011a42ef32a8]
Event: 1.858 Thread 0x0000011a5f415f30 1233       3       summit.gfx.Light::paint (21 bytes)
Event: 1.858 Thread 0x0000011a5f415f30 nmethod 1233 0x0000011a42ef3510 code [0x0000011a42ef36c0, 0x0000011a42ef3868]
Event: 1.862 Thread 0x0000011a5f40d480 nmethod 1232 0x0000011a4a1e9a10 code [0x0000011a4a1e9be0, 0x0000011a4a1ea058]
Event: 1.869 Thread 0x0000011a5f40d480 1234 %     4       summit.gfx.Renderer::rotate @ 21 (62 bytes)
Event: 1.875 Thread 0x0000011a5f40d480 nmethod 1234% 0x0000011a4a1ea390 code [0x0000011a4a1ea520, 0x0000011a4a1ea958]
Event: 1.877 Thread 0x0000011a5f40d480 1235       4       summit.gfx.Renderer::rotate (62 bytes)
Event: 1.880 Thread 0x0000011a5fb85c70 1236 %     4       summit.gfx.Renderer::filterFrame @ 10 (57 bytes)
Event: 1.881 Thread 0x0000011a5fb7c200 nmethod 1225 0x0000011a4a1eab90 code [0x0000011a4a1eada0, 0x0000011a4a1ec648]
Event: 1.886 Thread 0x0000011a5fb7c200 1237 %     4       summit.gfx.Renderer::render @ 124 (282 bytes)

GC Heap History (2 events):
Event: 1.794 GC heap before
{Heap before GC invocations=0 (full 0):
 garbage-first heap   total 253952K, used 26624K [0x0000000709600000, 0x0000000800000000)
  region size 2048K, 11 young (22528K), 0 survivors (0K)
 Metaspace       used 7111K, committed 7360K, reserved 1056768K
  class space    used 765K, committed 896K, reserved 1048576K
}
Event: 1.797 GC heap after
{Heap after GC invocations=1 (full 0):
 garbage-first heap   total 253952K, used 9250K [0x0000000709600000, 0x0000000800000000)
  region size 2048K, 2 young (4096K), 2 survivors (4096K)
 Metaspace       used 7111K, committed 7360K, reserved 1056768K
  class space    used 765K, committed 896K, reserved 1048576K
}

Deoptimization events (20 events):
Event: 1.860 Thread 0x0000011a5f408710 DEOPT PACKING pc=0x0000011a42eefe22 sp=0x000000020b7fee50
Event: 1.860 Thread 0x0000011a5f408710 DEOPT UNPACKING pc=0x0000011a42632b43 sp=0x000000020b7fe2f8 mode 0
Event: 1.860 Thread 0x0000011a5f408710 DEOPT PACKING pc=0x0000011a42eefe22 sp=0x000000020b7fee50
Event: 1.860 Thread 0x0000011a5f408710 DEOPT UNPACKING pc=0x0000011a42632b43 sp=0x000000020b7fe2f8 mode 0
Event: 1.860 Thread 0x0000011a5f408710 DEOPT PACKING pc=0x0000011a42eefe22 sp=0x000000020b7fee50
Event: 1.860 Thread 0x0000011a5f408710 DEOPT UNPACKING pc=0x0000011a42632b43 sp=0x000000020b7fe2f8 mode 0
Event: 1.860 Thread 0x0000011a5f408710 DEOPT PACKING pc=0x0000011a42eefe22 sp=0x000000020b7fee50
Event: 1.860 Thread 0x0000011a5f408710 DEOPT UNPACKING pc=0x0000011a42632b43 sp=0x000000020b7fe2f8 mode 0
Event: 1.861 Thread 0x0000011a5f408710 DEOPT PACKING pc=0x0000011a42eefe22 sp=0x000000020b7fee50
Event: 1.861 Thread 0x0000011a5f408710 DEOPT UNPACKING pc=0x0000011a42632b43 sp=0x000000020b7fe2f8 mode 0
Event: 1.861 Thread 0x0000011a5f408710 DEOPT PACKING pc=0x0000011a42eefe22 sp=0x000000020b7fee50
Event: 1.861 Thread 0x0000011a5f408710 DEOPT UNPACKING pc=0x0000011a42632b43 sp=0x000000020b7fe2f8 mode 0
Event: 1.861 Thread 0x0000011a5f408710 DEOPT PACKING pc=0x0000011a42eefe22 sp=0x000000020b7fee50
Event: 1.861 Thread 0x0000011a5f408710 DEOPT UNPACKING pc=0x0000011a42632b43 sp=0x000000020b7fe2f8 mode 0
Event: 1.861 Thread 0x0000011a5f408710 DEOPT PACKING pc=0x0000011a42eefe22 sp=0x000000020b7fee50
Event: 1.861 Thread 0x0000011a5f408710 DEOPT UNPACKING pc=0x0000011a42632b43 sp=0x000000020b7fe2f8 mode 0
Event: 1.861 Thread 0x0000011a5f408710 DEOPT PACKING pc=0x0000011a42eefe22 sp=0x000000020b7fee50
Event: 1.861 Thread 0x0000011a5f408710 DEOPT UNPACKING pc=0x0000011a42632b43 sp=0x000000020b7fe2f8 mode 0
Event: 1.877 Thread 0x0000011a5f408710 DEOPT PACKING pc=0x0000011a42ef211d sp=0x000000020b7feb80
Event: 1.877 Thread 0x0000011a5f408710 DEOPT UNPACKING pc=0x0000011a42632b43 sp=0x000000020b7fe010 mode 0

Classes unloaded (0 events):
No events

Classes redefined (0 events):
No events

Internal exceptions (13 events):
Event: 0.058 Thread 0x0000011a5f408240 Exception <a 'java/lang/ClassNotFoundException'{0x0000000718a2b8d8}: sun/awt/resources/spi/awtProvider> (0x0000000718a2b8d8) 
thrown [s\src\hotspot\share\classfile\systemDictionary.cpp, line 256]
Event: 0.077 Thread 0x0000011a5f408240 Exception <a 'java/io/FileNotFoundException'{0x0000000718a849c0}> (0x0000000718a849c0) 
thrown [s\src\hotspot\share\prims\jni.cpp, line 516]
Event: 0.082 Thread 0x0000011a5f408240 Exception <a 'java/io/FileNotFoundException'{0x0000000718ab1918}> (0x0000000718ab1918) 
thrown [s\src\hotspot\share\prims\jni.cpp, line 516]
Event: 0.096 Thread 0x0000011a5f408240 Exception <a 'java/lang/NoSuchMethodError'{0x0000000718ae7400}: 'java.lang.Object java.lang.invoke.DirectMethodHandle$Holder.invokeStaticInit(java.lang.Object)'> (0x0000000718ae7400) 
thrown [s\src\hotspot\share\interpreter\linkResolver.cpp, line 759]
Event: 0.257 Thread 0x0000011a5f408240 Exception <a 'java/lang/NoSuchMethodError'{0x0000000718685150}: 'void java.lang.invoke.DirectMethodHandle$Holder.invokeSpecial(java.lang.Object, java.lang.Object, java.lang.Object)'> (0x0000000718685150) 
thrown [s\src\hotspot\share\interpreter\linkResolver.cpp, line 759]
Event: 0.264 Thread 0x0000011a5f408240 Exception <a 'java/lang/NoSuchMethodError'{0x00000007186af3e8}: 'java.lang.Object java.lang.invoke.DirectMethodHandle$Holder.newInvokeSpecial(java.lang.Object, java.lang.Object, java.lang.Object, java.lang.Object, java.lang.Object)'> (0x00000007186af3e8) 
thrown [s\src\hotspot\share\interpreter\linkResolver.cpp, line 759]
Event: 0.265 Thread 0x0000011a5f408240 Exception <a 'java/lang/NoSuchMethodError'{0x00000007186badb0}: 'java.lang.Object java.lang.invoke.DirectMethodHandle$Holder.invokeStatic(java.lang.Object, int, java.lang.Object, java.lang.Object, java.lang.Object, java.lang.Object)'> (0x00000007186badb0) 
thrown [s\src\hotspot\share\interpreter\linkResolver.cpp, line 759]
Event: 0.268 Thread 0x0000011a5f408240 Exception <a 'java/lang/NoSuchMethodError'{0x00000007186e04d0}: 'java.lang.Object java.lang.invoke.DirectMethodHandle$Holder.invokeStatic(java.lang.Object, int, java.lang.Object)'> (0x00000007186e04d0) 
thrown [s\src\hotspot\share\interpreter\linkResolver.cpp, line 759]
Event: 0.286 Thread 0x0000011a5f408240 Exception <a 'java/lang/ClassNotFoundException'{0x0000000718798308}: com/sun/swing/internal/plaf/metal/resources/spi/metalProvider> (0x0000000718798308) 
thrown [s\src\hotspot\share\classfile\systemDictionary.cpp, line 256]
Event: 0.287 Thread 0x0000011a5f408240 Exception <a 'java/lang/ClassNotFoundException'{0x000000071879c190}: com/sun/swing/internal/plaf/basic/resources/spi/basicProvider> (0x000000071879c190) 
thrown [s\src\hotspot\share\classfile\systemDictionary.cpp, line 256]
Event: 0.299 Thread 0x0000011a5f405220 Exception <a 'java/lang/NoSuchMethodError'{0x0000000718964028}: 'void java.lang.invoke.DirectMethodHandle$Holder.invokeVirtual(java.lang.Object, java.lang.Object)'> (0x0000000718964028) 
thrown [s\src\hotspot\share\interpreter\linkResolver.cpp, line 759]
Event: 0.310 Thread 0x0000011a5f408240 Exception <a 'java/lang/NoSuchMethodError'{0x0000000718417318}: 'void java.lang.invoke.DirectMethodHandle$Holder.invokeStaticInit(java.lang.Object)'> (0x0000000718417318) 
thrown [s\src\hotspot\share\interpreter\linkResolver.cpp, line 759]
Event: 1.792 Thread 0x0000011a5f406560 Implicit null exception at 0x0000011a4a1d8bd6 to 0x0000011a4a1d8cd4

VM Operations (14 events):
Event: 0.043 Executing VM operation: HandshakeAllThreads
Event: 0.043 Executing VM operation: HandshakeAllThreads done
Event: 0.286 Executing VM operation: HandshakeAllThreads
Event: 0.286 Executing VM operation: HandshakeAllThreads done
Event: 0.326 Executing VM operation: HandshakeAllThreads
Event: 0.326 Executing VM operation: HandshakeAllThreads done
Event: 0.354 Executing VM operation: HandshakeAllThreads
Event: 0.354 Executing VM operation: HandshakeAllThreads done
Event: 1.365 Executing VM operation: Cleanup
Event: 1.365 Executing VM operation: Cleanup done
Event: 1.779 Executing VM operation: HandshakeAllThreads
Event: 1.779 Executing VM operation: HandshakeAllThreads done
Event: 1.794 Executing VM operation: G1CollectForAllocation
Event: 1.797 Executing VM operation: G1CollectForAllocation done

Events (20 events):
Event: 1.544 loading class javax/swing/JComponent$IntVector
Event: 1.544 loading class javax/swing/JComponent$IntVector done
Event: 1.545 loading class java/applet/Applet
Event: 1.545 loading class java/awt/Panel
Event: 1.545 loading class java/awt/Panel done
Event: 1.545 loading class java/applet/Applet done
Event: 1.545 loading class javax/swing/JInternalFrame
Event: 1.545 loading class javax/swing/JInternalFrame done
Event: 1.545 loading class javax/swing/KeyboardManager
Event: 1.545 loading class javax/swing/KeyboardManager done
Event: 1.546 loading class javax/swing/Popup$HeavyWeightWindow
Event: 1.546 loading class sun/awt/ModalExclude
Event: 1.546 loading class sun/awt/ModalExclude done
Event: 1.546 loading class javax/swing/JWindow
Event: 1.546 loading class javax/swing/JWindow done
Event: 1.546 loading class javax/swing/Popup$HeavyWeightWindow done
Event: 1.786 loading class java/lang/Math$RandomNumberGeneratorHolder
Event: 1.786 loading class java/lang/Math$RandomNumberGeneratorHolder done
Event: 1.789 Thread 0x0000011a5fb85c70 Thread added: 0x0000011a5fb85c70
Event: 1.791 Thread 0x0000011a5fb7c200 Thread added: 0x0000011a5fb7c200


Dynamic libraries:
0x00007ff796dc0000 - 0x00007ff796dce000 	C:\Users\aadiu\AppData\Local\Programs\Eclipse Adoptium\jdk-17.0.4.101-hotspot\bin\java.exe
0x00007ffb36970000 - 0x00007ffb36b68000 	C:\Windows\SYSTEM32\ntdll.dll
0x00007ffb352a0000 - 0x00007ffb3535f000 	C:\Windows\System32\KERNEL32.DLL
0x00007ffb34310000 - 0x00007ffb345e2000 	C:\Windows\System32\KERNELBASE.dll
0x00007ffb34110000 - 0x00007ffb34210000 	C:\Windows\System32\ucrtbase.dll
0x00007ffb1b800000 - 0x00007ffb1b818000 	C:\Users\aadiu\AppData\Local\Programs\Eclipse Adoptium\jdk-17.0.4.101-hotspot\bin\jli.dll
0x00007ffb1cbe0000 - 0x00007ffb1cbf9000 	C:\Users\aadiu\AppData\Local\Programs\Eclipse Adoptium\jdk-17.0.4.101-hotspot\bin\VCRUNTIME140.dll
0x00007ffb35530000 - 0x00007ffb356cd000 	C:\Windows\System32\USER32.dll
0x00007ffb20b10000 - 0x00007ffb20daa000 	C:\Windows\WinSxS\amd64_microsoft.windows.common-controls_6595b64144ccf1df_6.0.19041.1110_none_60b5254171f9507e\COMCTL32.dll
0x00007ffb34720000 - 0x00007ffb34742000 	C:\Windows\System32\win32u.dll
0x00007ffb35f00000 - 0x00007ffb35f9e000 	C:\Windows\System32\msvcrt.dll
0x00007ffb35fa0000 - 0x00007ffb35fcb000 	C:\Windows\System32\GDI32.dll
0x00007ffb34750000 - 0x00007ffb3485f000 	C:\Windows\System32\gdi32full.dll
0x00007ffb345f0000 - 0x00007ffb3468d000 	C:\Windows\System32\msvcp_win.dll
0x00007ffb356f0000 - 0x00007ffb35722000 	C:\Windows\System32\IMM32.DLL
0x00007ffb25ee0000 - 0x00007ffb25eec000 	C:\Users\aadiu\AppData\Local\Programs\Eclipse Adoptium\jdk-17.0.4.101-hotspot\bin\vcruntime140_1.dll
0x00007ffb0acc0000 - 0x00007ffb0ad51000 	C:\Users\aadiu\AppData\Local\Programs\Eclipse Adoptium\jdk-17.0.4.101-hotspot\bin\msvcp140.dll
0x00007ffab94f0000 - 0x00007ffaba136000 	C:\Users\aadiu\AppData\Local\Programs\Eclipse Adoptium\jdk-17.0.4.101-hotspot\bin\server\jvm.dll
0x00007ffb34ec0000 - 0x00007ffb34f6e000 	C:\Windows\System32\ADVAPI32.dll
0x00007ffb35e60000 - 0x00007ffb35efc000 	C:\Windows\System32\sechost.dll
0x00007ffb35ba0000 - 0x00007ffb35cc5000 	C:\Windows\System32\RPCRT4.dll
0x00007ffb34eb0000 - 0x00007ffb34eb8000 	C:\Windows\System32\PSAPI.DLL
0x00007ffb1d990000 - 0x00007ffb1d999000 	C:\Windows\SYSTEM32\WSOCK32.dll
0x00007ffb31d40000 - 0x00007ffb31d67000 	C:\Windows\SYSTEM32\WINMM.dll
0x00007ffb2d720000 - 0x00007ffb2d72a000 	C:\Windows\SYSTEM32\VERSION.dll
0x00007ffb35160000 - 0x00007ffb351cb000 	C:\Windows\System32\WS2_32.dll
0x00007ffb31fa0000 - 0x00007ffb31fb2000 	C:\Windows\SYSTEM32\kernel.appcore.dll
0x00007ffb25e20000 - 0x00007ffb25e2a000 	C:\Users\aadiu\AppData\Local\Programs\Eclipse Adoptium\jdk-17.0.4.101-hotspot\bin\jimage.dll
0x00007ffb31b50000 - 0x00007ffb31d34000 	C:\Windows\SYSTEM32\DBGHELP.DLL
0x00007ffb31b20000 - 0x00007ffb31b4c000 	C:\Windows\SYSTEM32\dbgcore.DLL
0x00007ffb34690000 - 0x00007ffb34712000 	C:\Windows\System32\bcryptPrimitives.dll
0x00007ffb182c0000 - 0x00007ffb182e5000 	C:\Users\aadiu\AppData\Local\Programs\Eclipse Adoptium\jdk-17.0.4.101-hotspot\bin\java.dll
0x00007ffafa4c0000 - 0x00007ffafa596000 	C:\Users\aadiu\AppData\Local\Programs\Eclipse Adoptium\jdk-17.0.4.101-hotspot\bin\jsvml.dll
0x00007ffb35fd0000 - 0x00007ffb36713000 	C:\Windows\System32\SHELL32.dll
0x00007ffb32130000 - 0x00007ffb328c2000 	C:\Windows\SYSTEM32\windows.storage.dll
0x00007ffb34ad0000 - 0x00007ffb34e24000 	C:\Windows\System32\combase.dll
0x00007ffb33a60000 - 0x00007ffb33a90000 	C:\Windows\SYSTEM32\Wldp.dll
0x00007ffb349c0000 - 0x00007ffb34a6d000 	C:\Windows\System32\SHCORE.dll
0x00007ffb35020000 - 0x00007ffb35075000 	C:\Windows\System32\shlwapi.dll
0x00007ffb33fb0000 - 0x00007ffb33fcf000 	C:\Windows\SYSTEM32\profapi.dll
0x00007ffaf7000000 - 0x00007ffaf718e000 	C:\Users\aadiu\AppData\Local\Programs\Eclipse Adoptium\jdk-17.0.4.101-hotspot\bin\awt.dll
0x00007ffb351d0000 - 0x00007ffb3529d000 	C:\Windows\System32\OLEAUT32.dll
0x00007ffb31300000 - 0x00007ffb31391000 	C:\Windows\SYSTEM32\apphelp.dll
0x00007ffb17aa0000 - 0x00007ffb17ab8000 	C:\Users\aadiu\AppData\Local\Programs\Eclipse Adoptium\jdk-17.0.4.101-hotspot\bin\zip.dll
0x00007ffb31410000 - 0x00007ffb314ae000 	C:\Windows\system32\uxtheme.dll
0x00007ffb353f0000 - 0x00007ffb35505000 	C:\Windows\System32\MSCTF.dll
0x00007ffb35cd0000 - 0x00007ffb35dfa000 	C:\Windows\System32\ole32.dll
0x00007ffb31590000 - 0x00007ffb315bf000 	C:\Windows\system32\DWMAPI.DLL
0x00007ffadadb0000 - 0x00007ffadaed5000 	C:\Windows\system32\opengl32.dll
0x00007ffada100000 - 0x00007ffada12c000 	C:\Windows\SYSTEM32\GLU32.dll
0x00007ffb269b0000 - 0x00007ffb26b7f000 	C:\Windows\system32\d3d9.dll
0x00007ffb28d70000 - 0x00007ffb28f28000 	C:\Windows\System32\DriverStore\FileRepository\u0370468.inf_amd64_5e4260b11257b6e9\B370372\aticfx64.dll
0x00007ffb13650000 - 0x00007ffb13684000 	C:\Windows\System32\DriverStore\FileRepository\u0370468.inf_amd64_5e4260b11257b6e9\B370372\atiu9p64.dll
0x00007ffab8790000 - 0x00007ffab94e4000 	C:\Windows\System32\DriverStore\FileRepository\u0370468.inf_amd64_5e4260b11257b6e9\B370372\atiumd64.dll
0x000000006c4b0000 - 0x000000006d324000 	C:\Windows\System32\DriverStore\FileRepository\u0370468.inf_amd64_5e4260b11257b6e9\B370372\atiumd6a.dll
0x00007ffb35730000 - 0x00007ffb35b98000 	C:\Windows\System32\SETUPAPI.dll
0x00007ffb34210000 - 0x00007ffb3425e000 	C:\Windows\System32\cfgmgr32.dll
0x00007ffb33e30000 - 0x00007ffb33e7b000 	C:\Windows\SYSTEM32\POWRPROF.dll
0x00007ffb34070000 - 0x00007ffb34097000 	C:\Windows\System32\bcrypt.dll
0x00007ffb33e10000 - 0x00007ffb33e22000 	C:\Windows\SYSTEM32\UMPDC.dll
0x00007ffb29180000 - 0x00007ffb291b0000 	C:\Windows\SYSTEM32\amdihk64.dll
0x00007ffb29960000 - 0x00007ffb2999b000 	C:\Windows\SYSTEM32\dxcore.dll
0x00007ffaf9990000 - 0x00007ffaf9a16000 	C:\Users\aadiu\AppData\Local\Programs\Eclipse Adoptium\jdk-17.0.4.101-hotspot\bin\freetype.dll
0x00007ffaf93d0000 - 0x00007ffaf9478000 	C:\Users\aadiu\AppData\Local\Programs\Eclipse Adoptium\jdk-17.0.4.101-hotspot\bin\fontmanager.dll
0x00007ffb28f30000 - 0x00007ffb29029000 	C:\Windows\SYSTEM32\textinputframework.dll
0x00007ffb30e70000 - 0x00007ffb311ce000 	C:\Windows\System32\CoreUIComponents.dll
0x00007ffb309d0000 - 0x00007ffb30ac2000 	C:\Windows\System32\CoreMessaging.dll
0x00007ffb30200000 - 0x00007ffb30354000 	C:\Windows\SYSTEM32\wintypes.dll
0x00007ffb33190000 - 0x00007ffb331c3000 	C:\Windows\SYSTEM32\ntmarta.dll

dbghelp: loaded successfully - version: 4.0.5 - missing functions: none
symbol engine: initialized successfully - sym options: 0x614 - pdb path: .;C:\Users\aadiu\AppData\Local\Programs\Eclipse Adoptium\jdk-17.0.4.101-hotspot\bin;C:\Windows\SYSTEM32;C:\Windows\WinSxS\amd64_microsoft.windows.common-controls_6595b64144ccf1df_6.0.19041.1110_none_60b5254171f9507e;C:\Users\aadiu\AppData\Local\Programs\Eclipse Adoptium\jdk-17.0.4.101-hotspot\bin\server;C:\Windows\System32\DriverStore\FileRepository\u0370468.inf_amd64_5e4260b11257b6e9\B370372

VM Arguments:
jvm_args: -XX:+ShowCodeDetailsInExceptionMessages 
java_command: summit.Main
java_class_path (initial): C:\Users\aadiu\AppData\Roaming\Code\User\workspaceStorage\929b6f7fce9865a60d0bbe8b6a275a21\redhat.java\jdt_ws\Summit Game_948de7c9\bin
Launcher Type: SUN_STANDARD

[Global flags]
     intx CICompilerCount                          = 12                                        {product} {ergonomic}
     uint ConcGCThreads                            = 3                                         {product} {ergonomic}
     uint G1ConcRefinementThreads                  = 13                                        {product} {ergonomic}
   size_t G1HeapRegionSize                         = 2097152                                   {product} {ergonomic}
    uintx GCDrainStackTargetSize                   = 64                                        {product} {ergonomic}
   size_t InitialHeapSize                          = 260046848                                 {product} {ergonomic}
   size_t MarkStackSize                            = 4194304                                   {product} {ergonomic}
   size_t MaxHeapSize                              = 4137680896                                {product} {ergonomic}
   size_t MaxNewSize                               = 2480930816                                {product} {ergonomic}
   size_t MinHeapDeltaBytes                        = 2097152                                   {product} {ergonomic}
   size_t MinHeapSize                              = 8388608                                   {product} {ergonomic}
    uintx NonNMethodCodeHeapSize                   = 7602480                                {pd product} {ergonomic}
    uintx NonProfiledCodeHeapSize                  = 122027880                              {pd product} {ergonomic}
    uintx ProfiledCodeHeapSize                     = 122027880                              {pd product} {ergonomic}
    uintx ReservedCodeCacheSize                    = 251658240                              {pd product} {ergonomic}
     bool SegmentedCodeCache                       = true                                      {product} {ergonomic}
     bool ShowCodeDetailsInExceptionMessages       = true                                   {manageable} {command line}
   size_t SoftMaxHeapSize                          = 4137680896                             {manageable} {ergonomic}
     bool UseCompressedClassPointers               = true                           {product lp64_product} {ergonomic}
     bool UseCompressedOops                        = true                           {product lp64_product} {ergonomic}
     bool UseG1GC                                  = true                                      {product} {ergonomic}
     bool UseLargePagesIndividualAllocation        = false                                  {pd product} {ergonomic}

Logging:
Log output configuration:
 #0: stdout all=warning uptime,level,tags
 #1: stderr all=off uptime,level,tags

Environment Variables:
JAVA_HOME=C:\Users\aadiu\AppData\Local\Programs\Eclipse Adoptium\jdk-17.0.4.101-hotspot\
PATH=C:\Program Files (x86)\Razer Chroma SDK\bin;C:\Program Files\Razer Chroma SDK\bin;C:\Program Files (x86)\Razer\ChromaBroadcast\bin;C:\Program Files\Razer\ChromaBroadcast\bin;C:\Program Files (x86)\Common Files\Oracle\Java\javapath;C:\Program Files\Python38\Scripts\;C:\Program Files\Python38\;C:\Windows\system32;C:\Windows;C:\Windows\System32\Wbem;C:\Windows\System32\WindowsPowerShell\v1.0\;C:\Windows\System32\OpenSSH\;C:\Program Files (x86)\NVIDIA Corporation\PhysX\Common;C:\Program Files\NVIDIA Corporation\NVIDIA NvDLISR;C:\Users\aadiu\AppData\Local\Microsoft\WindowsApps;C:\Users\aadiu\AppData\Local\Programs\Microsoft VS Code\bin;C:\Windows\system32\config\systemprofile\AppData\Local\Microsoft\WindowsApps;C:\Program Files\dotnet\;C:\Program Files\Git\cmd;C:\MinGW\bin\;C:\Program Files (x86)\Windows Kits\10\Windows Performance Toolkit\;C:\Users\aadiu\AppData\Local\Programs\Eclipse Adoptium\jdk-17.0.4.101-hotspot\bin;C:\Users\aadiu\AppData\Local\Microsoft\WindowsApps;C:\Users\aadiu\AppData\Local\Programs\Microsoft VS Code\bin;C:\Users\aadiu\AppData\Local\GitHubDesktop\bin
USERNAME=aadiu
LANG=en_US.UTF-8
OS=Windows_NT
PROCESSOR_IDENTIFIER=AMD64 Family 25 Model 80 Stepping 0, AuthenticAMD
TMP=C:\Users\aadiu\AppData\Local\Temp
TEMP=C:\Users\aadiu\AppData\Local\Temp



---------------  S Y S T E M  ---------------

OS:
 Windows 10 , 64 bit Build 19041 (10.0.19041.2251)
OS uptime: 2 days 8:09 hours

CPU: total 16 (initial active 16) (16 cores per cpu, 2 threads per core) family 25 model 80 stepping 0 microcode 0x0, cx8, cmov, fxsr, ht, mmx, 3dnowpref, sse, sse2, sse3, ssse3, sse4a, sse4.1, sse4.2, popcnt, lzcnt, tsc, tscinvbit, avx, avx2, aes, erms, clmul, bmi1, bmi2, adx, sha, fma, vzeroupper, clflush, clflushopt

Memory: 4k page, system-wide physical 15776M (8085M free)
TotalPageFile size 20128M (AvailPageFile size 9106M)
current process WorkingSet (physical memory assigned to process): 122M, peak: 122M
current process commit charge ("private bytes"): 429M, peak: 429M

vm_info: OpenJDK 64-Bit Server VM (17.0.4.1+1) for windows-amd64 JRE (17.0.4.1+1), built on Aug 17 2022 07:42:43 by "temurin" with MS VC++ 16.7 (VS2019)

END.
