#
# A fatal error has been detected by the Java Runtime Environment:
#
#  EXCEPTION_ACCESS_VIOLATION (0xc0000005) at pc=0x0000020807c0a805, pid=20672, tid=2444
#
# JRE version: OpenJDK Runtime Environment Temurin-17.0.2+8 (17.0.2+8) (build 17.0.2+8)
# Java VM: OpenJDK 64-Bit Server VM Temurin-17.0.2+8 (17.0.2+8, mixed mode, sharing, tiered, compressed oops, compressed class ptrs, g1 gc, windows-amd64)
# Problematic frame:
# J 1083 c2 summit.gfx.Renderer.render(Ljava/lang/String;FFILsummit/gfx/ColorFilter;)V (276 bytes) @ 0x0000020807c0a805 [0x0000020807c09c20+0x0000000000000be5]
#
# No core dump will be written. Minidumps are not enabled by default on client versions of Windows
#
# If you would like to submit a bug report, please visit:
#   https://github.com/adoptium/adoptium-support/issues
#

---------------  S U M M A R Y ------------

Command Line: -XX:+ShowCodeDetailsInExceptionMessages summit.Main

Host: AMD Ryzen 9 5900HS with Radeon Graphics        , 16 cores, 15G,  Windows 10 , 64 bit Build 19041 (10.0.19041.2251)
Time: Mon Nov 14 18:45:44 2022 Central Standard Time elapsed time: 1.049410 seconds (0d 0h 0m 1s)

---------------  T H R E A D  ---------------

Current thread (0x0000020819fc2d00):  JavaThread "Thread-2" [_thread_in_Java, id=2444, stack(0x000000dbf2800000,0x000000dbf2900000)]

Stack: [0x000000dbf2800000,0x000000dbf2900000],  sp=0x000000dbf28ff000,  free space=1020k
Native frames: (J=compiled Java code, j=interpreted, Vv=VM code, C=native code)
C  0x0000020807c0a805


siginfo: EXCEPTION_ACCESS_VIOLATION (0xc0000005), reading address 0x0000000b176b25a8


Register to memory mapping:

RIP=0x0000020807c0a805 is at entry_point+3045 in (nmethod*)0x0000020807c09a10
RAX=0x0 is NULL
RBX=0x0000000717746220 is an oop: [[I 
{0x0000000717746220} - klass: {type array int}[]
 - length: 16
RCX=0x00000000fffffff0 is an unknown value
RDX=0x0 is NULL
RSP=0x000000dbf28ff000 is pointing into the stack for thread: 0x0000020819fc2d00
RBP=0x0000000000000090 is an unknown value
RSI=0x00000000000000e9 is an unknown value
RDI=3807208635 is a compressed pointer to object: [[I 
{0x00000007176b25d8} - klass: {type array int}[]
 - length: 144
R8 =0x00000000fffffff0 is an unknown value
R9 =0x000000071762bb30 is an oop: summit.gfx.Renderer 
{0x000000071762bb30} - klass: 'summit/gfx/Renderer'
 - ---- fields (total size 2 words):
 - private 'frame' '[[I' @12  a {type array int}[144] {0x00000007176b25d8} (e2ed64bb)
R10=0x00000007176b25d8 is an oop: [[I 
{0x00000007176b25d8} - klass: {type array int}[]
 - length: 144
R11=0x0000000000000010 is an unknown value
R12=0x0 is NULL
R13=0x000000dbf28ff1e8 is pointing into the stack for thread: 0x0000020819fc2d00
R14=0x00000007176a6370 is an oop: [Ljava.util.HashMap$Node; 
{0x00000007176a6370} - klass: 'java/util/HashMap$Node'[]
 - length: 128
R15=0x0000020819fc2d00 is a thread


Registers:
RAX=0x0000000000000000, RBX=0x0000000717746220, RCX=0x00000000fffffff0, RDX=0x0000000000000000
RSP=0x000000dbf28ff000, RBP=0x0000000000000090, RSI=0x00000000000000e9, RDI=0x00000000e2ed64bb
R8 =0x00000000fffffff0, R9 =0x000000071762bb30, R10=0x00000007176b25d8, R11=0x0000000000000010
R12=0x0000000000000000, R13=0x000000dbf28ff1e8, R14=0x00000007176a6370, R15=0x0000020819fc2d00
RIP=0x0000020807c0a805, EFLAGS=0x0000000000010287

Top of Stack: (sp=0x000000dbf28ff000)
0x000000dbf28ff000:   0000010000000000 00000000000000f8
0x000000dbf28ff010:   fffffff0000000e8 0000000000000000
0x000000dbf28ff020:   0000001000000010 0000000000000010
0x000000dbf28ff030:   0000020800000009 000000071762bb30
0x000000dbf28ff040:   0000000000000000 0000020807c09c40
0x000000dbf28ff050:   41c0000043700000 0000000000000206
0x000000dbf28ff060:   000000dbf28ff240 00000208008ccd14
0x000000dbf28ff070:   00000208008d29c0 000002081903b578
0x000000dbf28ff080:   000000dbf28ff1f8 000002080001546d
0x000000dbf28ff090:   0000020800008e10 0000000800000000
0x000000dbf28ff0a0:   000000dbf28ff240 000000071762bb30
0x000000dbf28ff0b0:   0000000717600780 0000020800000000
0x000000dbf28ff0c0:   0000000000000000 0000000800000000
0x000000dbf28ff0d0:   000000dbf28ff240 00000208008cd46c
0x000000dbf28ff0e0:   ffffffffffffffff 000002081903b578
0x000000dbf28ff0f0:   0000000000000000 0000000000000000 

Instructions: (pc=0x0000020807c0a805)
0x0000020807c0a705:   c4 e1 f9 7e ca e9 62 01 00 00 90 44 2b 4c 24 10
0x0000020807c0a715:   45 8b d1 41 ff c2 45 8b c8 45 3b d3 0f 83 7d 09
0x0000020807c0a725:   00 00 45 8b 44 fc 10 47 8b 44 c4 0c 45 3b c8 0f
0x0000020807c0a735:   83 73 01 00 00 c4 c1 f9 7e d0 45 8b 44 80 10 43
0x0000020807c0a745:   8b 54 c4 0c 49 c1 e0 03 44 3b d2 0f 83 76 09 00
0x0000020807c0a755:   00 47 8b 54 90 10 41 83 fa ff 0f 84 3e 01 00 00
0x0000020807c0a765:   45 8b 44 dc 0c 45 3b c8 0f 83 75 09 00 00 47 89
0x0000020807c0a775:   54 8d 10 33 d2 c4 c1 f9 7e d2 45 8b 42 10 47 8b
0x0000020807c0a785:   54 c4 0c 44 03 54 24 10 4d 8b b7 48 03 00 00 45
0x0000020807c0a795:   8b c1 41 ff c0 41 85 06 45 3b c2 0f 8c 6a ff ff
0x0000020807c0a7a5:   ff 4d 8b 97 48 03 00 00 ff c1 41 85 02 3b 0c 24
0x0000020807c0a7b5:   0f 8d fc 00 00 00 c4 c1 f9 7e c1 c4 e1 f9 7e c8
0x0000020807c0a7c5:   c5 f9 7e da c4 e1 f9 7e d3 44 8b 54 24 10 44 8b
0x0000020807c0a7d5:   44 24 14 44 3b 54 24 08 0f 8d 50 01 00 00 44 89
0x0000020807c0a7e5:   44 24 14 44 89 54 24 10 c4 e1 f9 6e d3 c5 f9 6e
0x0000020807c0a7f5:   da c4 e1 f9 6e c8 c4 c1 f9 6e c1 c4 c1 f9 7e e2
0x0000020807c0a805:   41 8b 5c 8a 10 8b c1 41 2b c0 3b cd 0f 83 ee fe
0x0000020807c0a815:   ff ff 44 8b 54 24 10 44 3b 54 24 04 0f 83 de fe
0x0000020807c0a825:   ff ff c4 c1 f9 7e d2 45 8b 54 82 10 47 8b 4c d4
0x0000020807c0a835:   0c 45 85 c9 0f 86 ed 09 00 00 47 8b 54 d4 10 41
0x0000020807c0a845:   83 fa ff 0f 84 8b 05 00 00 45 8b 44 dc 0c 44 8b
0x0000020807c0a855:   4c 24 10 45 3b c8 0f 83 8c 08 00 00 4d 8d 0c dc
0x0000020807c0a865:   44 8b 44 24 10 47 89 54 81 10 33 d2 c4 c1 f9 7e
0x0000020807c0a875:   d2 45 8b 42 10 47 8b 54 c4 0c 44 03 54 24 10 41
0x0000020807c0a885:   3b f2 0f 8d 19 ff ff ff 3b cd 73 3c 4d 8d 2c dc
0x0000020807c0a895:   44 8b ce 41 ba 01 00 00 00 e9 7b fe ff ff c4 e1
0x0000020807c0a8a5:   f9 7e ca e9 cd fe ff ff c4 e1 f9 7e ca e9 c3 fe
0x0000020807c0a8b5:   ff ff c5 f8 77 48 83 c4 60 5d 49 3b a7 40 03 00
0x0000020807c0a8c5:   00 0f 87 bc 10 00 00 c3 44 8b ce 41 ba 01 00 00
0x0000020807c0a8d5:   00 eb 16 0f 1f 84 00 00 00 00 00 44 2b 4c 24 10
0x0000020807c0a8e5:   45 8b d1 41 ff c2 44 8b cb 45 3b d3 0f 83 ad 07
0x0000020807c0a8f5:   00 00 45 3b 64 fc 10 0f 84 1a 09 00 00 c4 c1 f9 


Stack slot to memory mapping:
stack at sp + 0 slots: 0x0000010000000000 is an unknown value
stack at sp + 1 slots: 0x00000000000000f8 is an unknown value
stack at sp + 2 slots: 0xfffffff0000000e8 is an unknown value
stack at sp + 3 slots: 0x0 is NULL
stack at sp + 4 slots: 0x0000001000000010 is an unknown value
stack at sp + 5 slots: 0x0000000000000010 is an unknown value
stack at sp + 6 slots: 0x0000020800000009 points into unknown readable memory: 00 00 00 00 00 00 00
stack at sp + 7 slots: 0x000000071762bb30 is an oop: summit.gfx.Renderer 
{0x000000071762bb30} - klass: 'summit/gfx/Renderer'
 - ---- fields (total size 2 words):
 - private 'frame' '[[I' @12  a {type array int}[144] {0x00000007176b25d8} (e2ed64bb)

--------------------------------------------------------------------------------
[Constant Pool (empty)]

--------------------------------------------------------------------------------

[MachCode]
  0x0000020807c09c20: 448b 5208 | 49bb 0000 | 0000 0800 | 0000 4d03 | d349 3bc2 | 0f85 462e | 44f8 6690 | 0f1f 4000 
  0x0000020807c09c40: 8984 2400 | 90ff ff55 | 4883 ec60 | c4c1 f96e | d848 897c | 2418 c4c1 | 796e d148 | 8914 2449 
  0x0000020807c09c60: bad8 b562 | 1707 0000 | 0041 8b6a | 7045 8b5c | ec08 4181 | fbe0 ad0b | 000f 8520 | 1600 004d 
  0x0000020807c09c80: 8d14 ec45 | 8b5a 2447 | 8b4c dc0c | 4585 c90f | 86f7 1600 | 004f 8d34 | dc4d 85c0 | 0f84 f513 
  0x0000020807c09ca0: 0000 458b | 400c 41ff | c945 85c0 | 7576 c4c1 | f97e da45 | 0fb6 5211 | 4585 d20f | 8587 1300 
  0x0000020807c09cc0: 00c4 c1f9 | 7eda 450f | be52 1045 | 85d2 0f85 | 4819 0000 | c4c1 f97e | da41 8b6a | 1441 8b4c 
  0x0000020807c09ce0: ec0c 85c9 | 0f86 6b13 | 0000 448b | c141 ffc8 | 443b c10f | 8324 1800 | 0045 0fb6 | 44ec 108b 
  0x0000020807c09d00: d983 c3fd | 418b f8c1 | e705 412b | f84d 8d1c | ec83 fb01 | 0f8e 3618 | 0000 b801 | 0000 0045 
  0x0000020807c09d20: 33c0 eb3b | 458b d041 | c1ea 1045 | 33d0 4523 | ca33 d2e9 | e800 0000 | 450f b644 | 0310 4103 
  0x0000020807c09d40: f8ff c03b | c10f 8db7 | 0000 0044 | 8bc7 41c1 | e005 442b | c741 8bf8 | ebde c4c1 | 797e e08b 
  0x0000020807c09d60: d12b d083 | c2fd 3bd8 | 410f 4cd0 | 81fa a00f | 0000 41ba | a00f 0000 | 410f 47d2 | 03d0 c4c1 
  0x0000020807c09d80: 796e e00f | 1f80 0000 | 0000 660f | 1f44 0000 | 4863 e845 | 0fb6 542b | 1041 0fb6 | 742b 1345 
  0x0000020807c09da0: 0fb6 442b | 1145 0fb6 | 6c2b 1241 | 03fa 8bef | c1e5 052b | ef41 03e8 | 448b d541 | c1e2 0544 
  0x0000020807c09dc0: 2bd5 4503 | d545 8bc2 | 41c1 e005 | 452b c244 | 03c6 418b | f8c1 e705 | 412b f883 | c004 3bc2 
  0x0000020807c09de0: 7cae 498b | b748 0300 | 0085 063b | c30f 8c67 | ffff ffc5 | f97e e23b | c10f 8c39 | ffff ff41 
  0x0000020807c09e00: 8bf8 85ff | 0f84 4d12 | 0000 c4c1 | f97e da41 | 897a 0c44 | 8bd7 41c1 | ea10 4433 | d745 23ca 
  0x0000020807c09e20: 478b 448e | 1047 8b4c | c40c 453b | ca0f 85b0 | 0f00 0047 | 8b4c c410 | 4d8b d949 | c1e3 03c4 
  0x0000020807c09e40: e1f9 7ed9 | 4c3b d90f | 845f 0100 | 000f be49 | 10c4 e1f9 | 7edb 493b | db0f 844d | 0100 0047 
  0x0000020807c09e60: 8b5c cc08 | 4181 fb70 | e900 000f | 858f 1800 | 004f 8d1c | cc41 0fbe | 6b10 3bcd | 0f85 6217 
  0x0000020807c09e80: 0000 458b | 5b14 8b5b | 1447 8b4c | dc0c 418b | 4cdc 0c41 | 3bc9 0f85 | d400 0000 | 4f8d 0cdc 
  0x0000020807c09ea0: 4b8d 74dc | 104d 8d1c | dc49 8d7c | dc10 85c9 | 0f84 a500 | 0000 8bc1 | 83e0 1f83 | e1e0 0f84 
  0x0000020807c09ec0: 4b00 0000 | 488d 3c0f | 488d 340e | 48f7 d9c5 | fe6f 2c0f | c5fe 6f24 | 0ec5 d5ef | ecc4 e27d 
  0x0000020807c09ee0: 17ed 0f85 | 7a00 0000 | 4883 c120 | 75e1 85c0 | 0f84 6500 | 0000 c5fe | 6f6c 07e0 | c5fe 6f64 
  0x0000020807c09f00: 06e0 c5d5 | efec c4e2 | 7d17 ed75 | 55eb 4c8b | c883 e1fc | 7419 488d | 3c0f 488d | 340e 48f7 
  0x0000020807c09f20: d98b 1c0f | 3b1c 0e75 | 3948 83c1 | 0475 f2f7 | c002 0000 | 0074 120f | b71f 0fb7 | 0e3b d975 
  0x0000020807c09f40: 2148 8d7f | 0248 8d76 | 02f7 c001 | 0000 0074 | 0a0f b61f | 0fb6 0e3b | d975 07b8 | 0100 0000 
  0x0000020807c09f60: eb02 33c0 | c5d5 efed | c5dd efe4 | 85c0 753c | ba45 ffff | ff48 8b2c | 24c5 fa11 | 0424 c5fa 
  0x0000020807c09f80: 114c 2404 | c5fa 1154 | 2408 4c8b | 5c24 184c | 895c 2410 | c5fb 115c | 2418 4489 | 4424 0c44 
  0x0000020807c09fa0: 8954 2420 | c5f8 77e8 | 5483 44f8 | 4f8d 1cc4 | 418b 6b14 | 458b 5cec | 0841 81fb | 086d 0000 
  0x0000020807c09fc0: 0f85 d616 | 0000 498d | 1cec 8b7b | 0c85 ff0f | 86ef 1200 | 0044 8b5b | 1047 8b5c | dc0c 41d1 
  0x0000020807c09fe0: fbc4 c179 | 6ee3 c5f8 | 5be4 c5fa | 5cc4 c4c1 | 797e c045 | 8bd0 41c1 | ea17 450f | b6d2 b995 
  0x0000020807c0a000: 0000 0041 | 2bca f7c1 | e0ff ffff | 0f85 9c0f | 0000 458b | d041 81e2 | ffff 7f00 | 4181 ca00 
  0x0000020807c0a020: 0080 0045 | 85c0 0f8c | 6310 0000 | 41d3 fa41 | ffc2 41d1 | fa44 8bdf | 41d1 fbc4 | c179 6ec3 
  0x0000020807c0a040: c5f8 5bc0 | c5f2 5cc8 | c4c1 797e | cb45 8bcb | 41c1 e917 | 450f b6c9 | b995 0000 | 0041 2bc9 
  0x0000020807c0a060: f7c1 e0ff | ffff 0f85 | 200f 0000 | 458b c341 | 81e0 ffff | 7f00 4181 | c800 0080 | 0045 85db 
  0x0000020807c0a080: 0f8c 0110 | 0000 41d3 | f841 ffc0 | 41d1 f8c4 | c179 7ed3 | 4585 db0f | 85d7 0000 | 0045 33db 
  0x0000020807c0a0a0: eb16 8b54 | 240c 498b | d844 8b54 | 2410 448b | 4424 1444 | 8b5c 2408 | 418b ebc1 | fd03 85ed 
  0x0000020807c0a0c0: 0f85 fe12 | 0000 448b | 5b0c 418b | c841 03cb | 443b c10f | 8dde 0700 | 004d 63cb | 4963 f841 
  0x0000020807c0a0e0: 8bf0 f7de | 4863 f648 | 03fe 493b | f90f 8305 | 1200 0048 | 63f9 4803 | fe48 ffcf | 493b f90f 
  0x0000020807c0a100: 832b 1200 | 004c 8b0c | 2441 8b79 | 0c41 8b6c | fc0c 85ed | 0f86 2112 | 0000 418b | 74fc 1041 
  0x0000020807c0a120: 8b74 f40c | 488b 4424 | 1848 85c0 | 0f85 cf11 | 0000 4585 | db0f 86c6 | 1100 0044 | 8b5b 1047 
  0x0000020807c0a140: 8b5c dc0c | 4585 db0f | 86b4 1100 | 0089 7424 | 0489 0c24 | 418b cb41 | 03ca 894c | 2408 418b 
  0x0000020807c0a160: f2ff c649 | 8d0c fcc4 | e1f9 6ee1 | 418b c8e9 | 6406 0000 | 41f7 c304 | 0000 000f | 84e3 0300 
  0x0000020807c0a180: 008b 4b10 | 458b 4ccc | 0c44 8944 | 242c 4489 | 5424 2889 | 7c24 1448 | 895c 2420 | 8954 240c 
  0x0000020807c0a1a0: 4489 5c24 | 0848 ba08 | 6d00 0008 | 0000 0044 | 8bc7 6690 | c5f8 77e8 | c425 4ff8 | 448b 5c24 
  0x0000020807c0a1c0: 1441 ffcb | 443b 5c24 | 140f 838d | 1300 008b | 480c 85c9 | 0f86 8213 | 0000 4c63 | c145 33c9 
  0x0000020807c0a1e0: eb30 c5f9 | 7ed1 c4c1 | f97e d8c4 | e1f9 7ec3 | 448b 4c24 | 384d 8b97 | 4803 0000 | 41ff c141 
  0x0000020807c0a200: 8502 443b | 4c24 140f | 8d5f 0e00 | 0048 895c | 2420 488b | 5c24 2044 | 8b5b 1047 | 8b54 dc0c 
  0x0000020807c0a220: 4585 d276 | d041 8bf2 | 4489 4c24 | 38c5 fb10 | 4424 2049 | 63d1 448b | 5493 10c4 | c179 6eca 
  0x0000020807c0a240: 478b 74d4 | 0c85 c90f | 86cc 0200 | 008b 6810 | 448b ce44 | 2b4c 2438 | 41ff c945 | 85f6 0f86 
  0x0000020807c0a260: de10 0000 | 438b 5cd4 | 1045 8b54 | ec0c 4d8d | 1cec 453b | ca0f 8375 | 1100 004c | 63d6 4c2b 
  0x0000020807c0a280: d243 895c | 930c 83fe | 010f 8e5c | ffff ff4d | 63d6 4d3b | c244 8bd1 | 450f 4fd6 | c4c1 797e 
  0x0000020807c0a2a0: cb4f 8d2c | dc41 8bea | ffcd 443b | d541 ba00 | 0000 8041 | 0f4c ea83 | fd01 0f8e | 3811 0000 
  0x0000020807c0a2c0: 4c8b 5424 | 2045 8b5a | 1043 8b74 | dc0c c4c1 | 797e ca43 | 8b5c d414 | 8b78 1444 | 8bce 442b 
  0x0000020807c0a2e0: 4c24 3841 | ffc9 458b | 54fc 0c4d | 8d1c fc45 | 3bca 0f83 | 0b11 0000 | 4889 5424 | 20c4 c1f9 
  0x0000020807c0a300: 6ed8 c5f9 | 6ed1 4c63 | c649 8bc8 | 482b ca41 | 895c 8b0c | 83fe 020f | 8ec5 feff | ffc4 c179 
  0x0000020807c0a320: 7eca 438b | 5cd4 188b | 7818 458b | 54fc 0c4d | 8d1c fc45 | 3bca 0f83 | 2011 0000 | 4189 5c8b 
  0x0000020807c0a340: 0c83 fe03 | 0f8e 98fe | ffff 41ba | 0300 0000 | 443b d50f | 8d4a 0100 | 00c4 c179 | 7eca 438b 
  0x0000020807c0a360: 5cd4 1c8b | 781c 458b | 54fc 0c4d | 8d1c fc45 | 3bca 0f83 | 8411 0000 | 4189 5c8b | 0c83 fe04 
  0x0000020807c0a380: 0f8e 5cfe | ffff c4c1 | 797e ca43 | 8b5c d420 | 448b 5020 | 438b 7cd4 | 0c4f 8d1c | d444 3bcf 
  0x0000020807c0a3a0: 0f83 6111 | 0000 4189 | 5c8b 0c83 | fe05 0f8e | 2efe ffff | 4d8b d049 | 83c2 fe4c | 63dd 418b 
  0x0000020807c0a3c0: da49 ffc8 | 418b f84d | 3bd8 448b | c544 0f4f | c74d 63d8 | 4d3b da44 | 0f4f c341 | 83f8 050f 
  0x0000020807c0a3e0: 8e2d 1100 | 0041 ba05 | 0000 000f | 1f44 0000 | 438b 5c95 | 1042 8b54 | 9010 418b | 7cd4 0c4d 
  0x0000020807c0a400: 8d1c d444 | 3bcf 0f83 | c70b 0000 | 4189 5c8b | 0c42 8b54 | 9014 438b | 5c95 1441 | 8b7c d40c 
  0x0000020807c0a420: 4d8d 1cd4 | 443b cf0f | 83a3 0b00 | 0041 895c | 8b0c 4183 | c202 453b | d07c b544 | 3bd5 7d63 
  0x0000020807c0a440: 438b 5c95 | 1046 8b44 | 9010 438b | 7cc4 0c4f | 8d1c c444 | 3bcf 0f83 | 770b 0000 | 4189 5c8b 
  0x0000020807c0a460: 0c45 8bc2 | 41ff c044 | 3bc6 0f8d | 72fd ffff | 438b 5c95 | 1442 8b54 | 9014 418b | 7cd4 0c4d 
  0x0000020807c0a480: 8d1c d444 | 3bcf 0f83 | d011 0000 | 4189 5c8b | 0c41 83c2 | 0244 3bd6 | 0f8d 44fd | ffff 443b 
  0x0000020807c0a4a0: d57c 9dc5 | f97e d1c4 | c1f9 7ed8 | 488b 5424 | 2044 3bd1 | 7d66 6690 | 443b d173 | 5fc4 c1f9 
  0x0000020807c0a4c0: 7ec3 458b | 5b10 438b | 7cdc 0c42 | 8b6c 9010 | 448b cf44 | 2b4c 2438 | 41ff c945 | 3bd6 0f83 
  0x0000020807c0a4e0: 610e 0000 | 438b 5c95 | 1041 8b74 | ec0c 4d8d | 1cec 443b | ce0f 83d8 | 0a00 004c | 63cf 4c2b 
  0x0000020807c0a500: ca43 895c | 8b0c 41ff | c244 3bd7 | 0f8d d9fc | ffff 443b | d17c a1eb | 0345 33d2 | bae4 ffff 
  0x0000020807c0a520: ff48 8b2c | 2444 8b5c | 2408 4489 | 1c24 4c8b | 5c24 184c | 895c 2408 | 448b 4424 | 2844 8944 
  0x0000020807c0a540: 2404 448b | 4424 2c44 | 8944 2410 | c5fb 1144 | 2418 4889 | 4424 2844 | 8954 2430 | c5f8 77e8 
  0x0000020807c0a560: 9c7d 44f8 | 41f7 c301 | 0000 000f | 84cb 0000 | 008b 4b0c | 85c9 0f86 | 4c0f 0000 | 448b 4b10 
  0x0000020807c0a580: 438b 7ccc | 0c89 7c24 | 1089 4c24 | 1444 8944 | 242c 4489 | 5424 2848 | 895c 2420 | 8954 240c 
  0x0000020807c0a5a0: 4489 5c24 | 0848 ba08 | 6d00 0008 | 0000 0044 | 8bc1 448b | cf66 6690 | c5f8 77e8 | c021 4ff8 
  0x0000020807c0a5c0: 448b 5c24 | 1441 ffcb | 443b 5c24 | 140f 83c1 | 0e00 0044 | 8b50 0c45 | 85d2 0f86 | b40e 0000 
  0x0000020807c0a5e0: 453b da0f | 83ab 0e00 | 008b 6c24 | 10ff cd8b | 4c24 10d1 | f94c 634c | 2410 448b | e941 83c5 
  0x0000020807c0a600: fe41 3bcd | 41ba 0000 | 0080 450f | 4cea 4c63 | d149 8bd1 | 492b d28b | f1ff c648 | ffca 4533 
  0x0000020807c0a620: f6e9 f806 | 0000 448b | 5c24 088b | 5424 0c48 | 8bde 448b | 5424 2844 | 8b44 242c | 41f7 c302 
  0x0000020807c0a640: 0000 000f | 846f faff | ff8b 6b0c | 85ed 0f86 | 130e 0000 | 448b 4b10 | 478b 4ccc | 0c89 6c24 
  0x0000020807c0a660: 2844 8944 | 2414 4489 | 5424 1048 | 895c 2420 | 8954 240c | 4489 5c24 | 0848 ba08 | 6d00 0008 
  0x0000020807c0a680: 0000 0044 | 8bc5 6690 | c5f8 77e8 | f020 4ff8 | 4c8b c045 | 8b58 0c44 | 8bcd 41d1 | f945 8bd1 
  0x0000020807c0a6a0: 41ff c245 | 85db 0f86 | 620d 0000 | 453b cb0f | 8359 0d00 | 0048 63ed | 4963 d948 | 8bcd 482b 
  0x0000020807c0a6c0: cb48 ffc9 | 483b cd0f | 8341 0d00 | 008b 5c24 | 28ff cb3b | 5c24 280f | 8331 0d00 | 0049 63fb 
  0x0000020807c0a6e0: 483b cf0f | 8325 0d00 | 0041 3bdb | 0f83 1c0d | 0000 443b | 4c24 280f | 8311 0d00 | 0045 33db 
  0x0000020807c0a700: e986 0200 | 00c4 e1f9 | 7eca e962 | 0100 0090 | 442b 4c24 | 1045 8bd1 | 41ff c245 | 8bc8 453b 
  0x0000020807c0a720: d30f 837d | 0900 0045 | 8b44 fc10 | 478b 44c4 | 0c45 3bc8 | 0f83 7301 | 0000 c4c1 | f97e d045 
  0x0000020807c0a740: 8b44 8010 | 438b 54c4 | 0c49 c1e0 | 0344 3bd2 | 0f83 7609 | 0000 478b | 5490 1041 | 83fa ff0f 
  0x0000020807c0a760: 843e 0100 | 0045 8b44 | dc0c 453b | c80f 8375 | 0900 0047 | 8954 8d10 | 33d2 c4c1 | f97e d245 
  0x0000020807c0a780: 8b42 1047 | 8b54 c40c | 4403 5424 | 104d 8bb7 | 4803 0000 | 458b c141 | ffc0 4185 | 0645 3bc2 
  0x0000020807c0a7a0: 0f8c 6aff | ffff 4d8b | 9748 0300 | 00ff c141 | 8502 3b0c | 240f 8dfc | 0000 00c4 | c1f9 7ec1 
  0x0000020807c0a7c0: c4e1 f97e | c8c5 f97e | dac4 e1f9 | 7ed3 448b | 5424 1044 | 8b44 2414 | 443b 5424 | 080f 8d50 
  0x0000020807c0a7e0: 0100 0044 | 8944 2414 | 4489 5424 | 10c4 e1f9 | 6ed3 c5f9 | 6eda c4e1 | f96e c8c4 | c1f9 6ec1 
  0x0000020807c0a800: c4c1 f97e | e241 8b5c | 8a10 8bc1 | 412b c03b | cd0f 83ee | feff ff44 | 8b54 2410 | 443b 5424 
  0x0000020807c0a820: 040f 83de | feff ffc4 | c1f9 7ed2 | 458b 5482 | 1047 8b4c | d40c 4585 | c90f 86ed | 0900 0047 
  0x0000020807c0a840: 8b54 d410 | 4183 faff | 0f84 8b05 | 0000 458b | 44dc 0c44 | 8b4c 2410 | 453b c80f | 838c 0800 
  0x0000020807c0a860: 004d 8d0c | dc44 8b44 | 2410 4789 | 5481 1033 | d2c4 c1f9 | 7ed2 458b | 4210 478b | 54c4 0c44 
  0x0000020807c0a880: 0354 2410 | 413b f20f | 8d19 ffff | ff3b cd73 | 3c4d 8d2c | dc44 8bce | 41ba 0100 | 0000 e97b 
  0x0000020807c0a8a0: feff ffc4 | e1f9 7eca | e9cd feff | ffc4 e1f9 | 7eca e9c3 | feff ffc5 | f877 4883 | c460 5d49 
  0x0000020807c0a8c0: 3ba7 4003 | 0000 0f87 | bc10 0000 | c344 8bce | 41ba 0100 | 0000 eb16 | 0f1f 8400 | 0000 0000 
  0x0000020807c0a8e0: 442b 4c24 | 1045 8bd1 | 41ff c244 | 8bcb 453b | d30f 83ad | 0700 0045 | 3b64 fc10 | 0f84 1a09 
  0x0000020807c0a900: 0000 c4c1 | f97e d245 | 8b42 1047 | 8b54 c40c | 4403 5424 | 104d 8b87 | 4803 0000 | 418b d9ff 
  0x0000020807c0a920: c341 8500 | 413b da7c | b7c4 e1f9 | 7eca e973 | feff ff44 | 8944 2414 | 4489 5424 | 10c4 e1f9 
  0x0000020807c0a940: 6ed3 c5f9 | 6eda c4e1 | f96e c8c4 | c1f9 6ec1 | 488b d0e9 | 4efe ffff | c4c1 f97e | c1c4 c1f9 
  0x0000020807c0a960: 7ec8 c4c1 | 797e dac4 | c179 7ee3 | c4e1 f97e | ed49 8b8f | 4803 0000 | 41ff c385 | 0145 3bda 
  0x0000020807c0a980: 0f8d 1cf7 | ffff 4c89 | 4c24 204c | 8b4c 2420 | 418b 4910 | 418b 4ccc | 0c85 c976 | d4c4 c179 
  0x0000020807c0a9a0: 6eda c4c1 | f96e c8c5 | fb10 4424 | 20c4 c179 | 6ee3 4d63 | c34c 8bdd | 4d2b d847 | 8b54 990c 
  0x0000020807c0a9c0: c4c1 796e | d247 8b6c | d40c c4c1 | f97e ca47 | 8b54 8210 | c4c1 796e | f243 8b54 | d40c 478b 
  0x0000020807c0a9e0: 5481 10c4 | c179 6efa | 438b 74d4 | 0cc4 c1f9 | 7eca 438b | 5c9a 0c45 | 8b74 dc0c | 4585 ed0f 
  0x0000020807c0aa00: 868c 0800 | 0041 ba01 | 0000 0045 | 3bd5 450f | 4fd5 c4c1 | 797e f349 | c1e3 03c4 | c179 7ed0 
  0x0000020807c0aa20: 49c1 e003 | 418b fb4d | 8d0c dcc1 | ef02 c5f9 | 7ef9 498d | 04cc 83e7 | 0341 03fa | f7df 83e7 
  0x0000020807c0aa40: 0341 03fa | 413b fd41 | 0f4f fd33 | c9eb 0790 | 8bca 8b54 | 2420 413b | cd0f 8358 | 0100 0045 
  0x0000020807c0aa60: 8b54 8810 | 3bca 0f83 | 9806 0000 | 4589 548b | 103b ce0f | 83eb 0600 | 0044 8b54 | 8810 413b 
  0x0000020807c0aa80: ce0f 833d | 0700 0045 | 8954 8910 | c4c1 f97e | c245 8b52 | 1047 8b54 | d40c c579 | 6ec3 8974 
  0x0000020807c0aaa0: 2424 8954 | 2420 c4e1 | f96e ed8b | d1ff c241 | 3bd2 0f8d | a0fe ffff | 3bd7 7c94 | 4963 dd49 
  0x0000020807c0aac0: 63f6 4863 | 6c24 2448 | 637c 2420 | 483b df41 | 8bfd 0f4f | 7c24 2049 | 63da 4c63 | d74c 3bd5 
  0x0000020807c0aae0: 0f4f 7c24 | 2448 ffcb | 4c63 d74c | 3bd6 410f | 4ffe 448b | d348 63f7 | 483b f341 | 0f4f fa44 
  0x0000020807c0ab00: 8bd7 4183 | c2f9 413b | fabf 0000 | 0080 440f | 4cd7 413b | d20f 8d7d | 0700 00ff | c166 6690 
  0x0000020807c0ab20: c441 7a6f | 4c88 10c4 | 417a 7f4c | 8b10 c57a | 6f4c 8810 | c441 7a7f | 4c89 10c4 | 417a 6f4c 
  0x0000020807c0ab40: 8820 c441 | 7a7f 4c8b | 20c5 7a6f | 4c88 20c4 | 417a 7f4c | 8920 83c1 | 0841 3bca | 7cc2 413b 
  0x0000020807c0ab60: cd7d 5490 | 413b cd73 | 4e45 8b54 | 8810 3b4c | 2420 0f83 | 8c05 0000 | 4589 548b | 103b 4c24 
  0x0000020807c0ab80: 240f 83d9 | 0500 0044 | 8b54 8810 | 413b ce0f | 832b 0600 | 0045 8954 | 8910 c4c1 | f97e c245 
  0x0000020807c0aba0: 8b52 1043 | 8b5c d40c | ffc1 3bcb | 0f8d a6fd | ffff 413b | cd7c adba | e4ff ffff | 488b 2c24 
  0x0000020807c0abc0: 448b 5424 | 0844 8914 | 244c 8b54 | 2418 4c89 | 5424 0844 | 8b5c 2410 | 4489 5c24 | 0444 8b54 
  0x0000020807c0abe0: 2414 4489 | 5424 10c5 | fb11 4424 | 1889 4c24 | 2089 4c24 | 24c5 fb11 | 4c24 28c5 | fa11 6424 
  0x0000020807c0ac00: 30c5 fa11 | 7424 34c5 | fa11 5424 | 3866 6690 | c5f8 77e8 | e876 44f8 | 0f1f 8400 | 0000 0000 
  0x0000020807c0ac20: 448b c342 | 8b4c 870c | 8b5c 2410 | 412b db49 | 63d3 894c | 9010 8b4c | 9710 4289 | 4c80 0c49 
  0x0000020807c0ac40: 8bc9 482b | ca44 8b44 | 8f08 4489 | 4490 1444 | 8b44 9714 | 4489 4488 | 0844 8b44 | 8f04 4489 
  0x0000020807c0ac60: 4490 1844 | 8b44 9718 | 4489 4488 | 0444 8b04 | 8f44 8944 | 901c 448b | 4497 1c44 | 8904 8883 
  0x0000020807c0ac80: c3fc 4183 | c304 453b | da7c 954d | 8b97 4803 | 0000 4185 | 0245 3bdd | 7d2a 448b | c345 8bd5 
  0x0000020807c0aca0: 452b d345 | 3beb 440f | 4c54 240c | 4181 faa0 | 0f00 00b9 | a00f 0000 | 440f 47d1 | 4503 d3e9 
  0x0000020807c0acc0: 5fff ffff | c5f9 7ec1 | c4e1 f97e | ca44 3b5c | 2430 7d2b | 448b 549f | 0c46 8954 | 9810 468b 
  0x0000020807c0ace0: 549f 1044 | 8954 980c | 458b d341 | ffc2 443b | 5424 307d | 0a8b dd41 | 2bdb 458b | daeb d54d 
  0x0000020807c0ad00: 8b97 4803 | 0000 41ff | c641 8502 | 443b 7424 | 140f 8d0f | f9ff ff48 | 8bc6 8b74 | 2430 4c8b 
  0x0000020807c0ad20: 5424 2041 | 8b7a 1085 | ff0f 8406 | 0500 0047 | 8b5c b210 | 478b 54dc | 0c42 8b5c | b010 458b 
  0x0000020807c0ad40: 44dc 0c89 | 7424 30c5 | f96e c148 | 8bf0 4963 | ca48 3bd1 | 0f83 ea04 | 0000 413b | ea0f 83e1 
  0x0000020807c0ad60: 0400 0045 | 85c0 0f86 | d804 0000 | c5f9 7ec1 | 413b c80f | 83cb 0400 | 0045 85d2 | 0f86 c204 
  0x0000020807c0ad80: 0000 413b | ca0f 83b9 | 0400 004d | 63d0 493b | d20f 83ad | 0400 0041 | 3be8 0f83 | a404 0000 
  0x0000020807c0ada0: 498d 04dc | 4b8d 3cdc | 468b 548f | 0c45 8954 | dc10 478b | 5cdc 1046 | 895c 880c | 4183 fd01 
  0x0000020807c0adc0: 0f8e be04 | 0000 448b | c541 bb01 | 0000 00c4 | e1f9 6eca | e9c4 feff | ffc4 e1f9 | 7eca e98e 
  0x0000020807c0ade0: faff ff43 | 8b6c c418 | 85ed 0f84 | a007 0000 | 478b 4cc4 | 0841 81f9 | 98b0 1400 | 0f84 b207 
  0x0000020807c0ae00: 0000 4d8d | 1cec 458b | 430c 453b | c20f 8515 | 0200 0045 | 8b4b 104d | 8bc1 49c1 | e003 c4e1 
  0x0000020807c0ae20: f97e d94c | 3bc1 0f84 | 84f1 ffff | 0fbe 5910 | 493b c80f | 8477 f1ff | ff47 8b44 | cc08 4181 
  0x0000020807c0ae40: f870 e900 | 000f 8571 | 0800 004f | 8d04 cc41 | 0fbe 6810 | 3bdd 0f85 | 0808 0000 | 418b 5814 
  0x0000020807c0ae60: 448b 4914 | 458b 44dc | 0c43 8b4c | cc0c 413b | c80f 85d8 | 0000 004d | 8d04 dc49 | 8d74 dc10 
  0x0000020807c0ae80: 4f8d 04cc | 4b8d 7ccc | 1085 c90f | 84a5 0000 | 008b c183 | e01f 83e1 | e00f 844b | 0000 0048 
  0x0000020807c0aea0: 8d3c 0f48 | 8d34 0e48 | f7d9 c5fe | 6f2c 0fc5 | fe6f 240e | c5d5 efec | c4e2 7d17 | ed0f 857a 
  0x0000020807c0aec0: 0000 0048 | 83c1 2075 | e185 c00f | 8465 0000 | 00c5 fe6f | 6c07 e0c5 | fe6f 6406 | e0c5 d5ef 
  0x0000020807c0aee0: ecc4 e27d | 17ed 7555 | eb4c 8bc8 | 83e1 fc74 | 1948 8d3c | 0f48 8d34 | 0e48 f7d9 | 8b1c 0f3b 
  0x0000020807c0af00: 1c0e 7539 | 4883 c104 | 75f2 f7c0 | 0200 0000 | 7412 0fb7 | 1f0f b70e | 3bd9 7521 | 488d 7f02 
  0x0000020807c0af20: 488d 7602 | f7c0 0100 | 0000 740a | 0fb6 1f0f | b60e 3bd9 | 7507 b801 | 0000 00eb | 0233 c0c5 
  0x0000020807c0af40: d5ef edc5 | ddef e485 | c00f 8561 | f0ff ffba | 45ff ffff | 488b 2c24 | c5fa 1104 | 24c5 fa11 
  0x0000020807c0af60: 4c24 04c5 | fa11 5424 | 084c 8b44 | 2418 4c89 | 4424 10c5 | fb11 5c24 | 184c 895c | 2420 4489 
  0x0000020807c0af80: 5424 0c90 | c5f8 77e8 | 7473 44f8 | c57a 2cc1 | 4181 f800 | 0000 8075 | 1048 83ec | 08c5 fa11 
  0x0000020807c0afa0: 0c24 e84c | 613f f841 | 58e9 e1f0 | ffff c57a | 2cd0 4181 | fa00 0000 | 8075 1048 | 83ec 08c5 
  0x0000020807c0afc0: fa11 0424 | e82a 613f | f841 5ae9 | 65f0 ffff | 41ff c2ba | e4ff ffff | 488b 2c24 | 448b 4424 
  0x0000020807c0afe0: 0844 8904 | 244c 8b44 | 2418 4c89 | 4424 0844 | 8b44 2428 | 4489 4424 | 048b 4c24 | 2c89 4c24 
  0x0000020807c0b000: 10c5 fb11 | 4424 1848 | 8944 2420 | 4489 5424 | 144c 895c | 2428 4489 | 4c24 3089 | 5c24 3490 
  0x0000020807c0b020: c5f8 77e8 | d872 44f8 | 458b 5b18 | 4d8b 8748 | 0300 0041 | 8500 4585 | db0f 8451 | 0500 0049 
  0x0000020807c0b040: c1e3 03e9 | befd ffff | 4533 c933 | d245 33d2 | e9cb edff | ff33 d2c4 | c1f9 7eda | 41c6 4211 
  0x0000020807c0b060: 0145 33c9 | 4533 d2e9 | b4ed ffff | 448b 5c24 | 088b 5424 | 0c48 8bd8 | 448b 5424 | 2844 8b44 
  0x0000020807c0b080: 242c e9dd | f4ff ff41 | f7d8 e9f7 | efff ff41 | f7da e995 | efff ff45 | 33c9 33d2 | 4533 d2e9 
  0x0000020807c0b0a0: 7ced ffff | ba45 ffff | ffc4 e1f9 | 7ec5 c5fb | 110c 24c5 | fb11 5424 | 0889 4c24 | 1844 894c 
  0x0000020807c0b0c0: 241c 6690 | c5f8 77e8 | 3472 44f8 | c4c1 796e | daba e6ff | ffff 498b | e8c5 fa11 | 1c24 6690 
  0x0000020807c0b0e0: c5f8 77e8 | 1872 44f8 | 4489 4c24 | 10ba e6ff | ffff 8beb | 4489 5424 | 0466 6690 | c5f8 77e8 
  0x0000020807c0b100: fc71 44f8 | bae4 ffff | ff48 8b2c | 2444 8b44 | 2408 4489 | 0424 4c8b | 5c24 184c | 895c 2408 
  0x0000020807c0b120: 448b 4424 | 1044 8944 | 2404 448b | 5c24 1444 | 895c 2410 | c5fb 1144 | 2418 894c | 2420 4489 
  0x0000020807c0b140: 5424 24c5 | fb11 4c24 | 28c5 fa11 | 6424 30c5 | fa11 7424 | 3466 6690 | c5f8 77e8 | a071 44f8 
  0x0000020807c0b160: c579 7ec3 | bae4 ffff | ff48 8b2c | 2444 8b54 | 2408 4489 | 1424 4c8b | 5424 184c | 8954 2408 
  0x0000020807c0b180: 448b 5c24 | 1044 895c | 2404 448b | 5424 1444 | 8954 2410 | c5fb 1144 | 2418 894c | 2420 894c 
  0x0000020807c0b1a0: 2424 c5fb | 114c 2428 | c5fa 1164 | 2430 c5fa | 117c 2434 | 895c 2438 | c5f8 77e8 | 4071 44f8 
  0x0000020807c0b1c0: c579 7ec3 | bae4 ffff | ff48 8b2c | 2444 8b5c | 2408 4489 | 1c24 4c8b | 5c24 184c | 895c 2408 
  0x0000020807c0b1e0: 448b 4424 | 1044 8944 | 2404 448b | 5c24 1444 | 895c 2410 | c5fb 1144 | 2418 894c | 2420 4489 
  0x0000020807c0b200: 5424 24c5 | fb11 4c24 | 28c5 fa11 | 6424 3089 | 5c24 3490 | c5f8 77e8 | e470 44f8 | baf6 ffff 
  0x0000020807c0b220: ff66 6690 | c5f8 77e8 | d470 44f8 | 4f8d 04d4 | e99c feff | ffba f6ff | ffff 6690 | c5f8 77e8 
  0x0000020807c0b240: bc70 44f8 | 418b 6cfc | 0cd1 fdff | c5ba 76ff | ffff 4c8b | 5424 184c | 8954 2410 | 448b 5c24 
  0x0000020807c0b260: 2844 895c | 240c 448b | 5424 2c44 | 8954 2418 | 4889 4424 | 2844 8974 | 241c 6690 | c5f8 77e8 
  0x0000020807c0b280: 7c70 44f8 | 8bdd 41bb | 0100 0000 | e93c faff | ff33 c9e9 | 1ff9 ffff | 8bca e9bf | f8ff ffba 
  0x0000020807c0b2a0: deff ffff | c5fa 1144 | 2408 c5fa | 114c 240c | 4489 4c24 | 104c 8944 | 2420 6690 | c5f8 77e8 
  0x0000020807c0b2c0: 3c70 44f8 | bae4 ffff | ff48 8b2c | 24c5 fa11 | 0c24 c5fa | 1154 2404 | 4c8b 5424 | 184c 8954 
  0x0000020807c0b2e0: 2408 c5fa | 1144 2418 | 4889 5c24 | 2066 6690 | c5f8 77e8 | 0870 44f8 | 4c8b 0c24 | 488b 4424 
  0x0000020807c0b300: 18ba beff | ffff 498b | e948 8904 | 2448 895c | 2408 4489 | 5424 1044 | 8944 2418 | 4489 4424 
  0x0000020807c0b320: 1c89 4c24 | 2066 6690 | c5f8 77e8 | d06f 44f8 | 4c8b 0c24 | 488b 4424 | 18eb c648 | 8b44 2418 
  0x0000020807c0b340: ebbf 4533 | d2ba e4ff | ffff 4c8b | 5c24 184c | 895c 2410 | 448b 5c24 | 2844 895c | 240c 448b 
  0x0000020807c0b360: 4424 2c44 | 8944 2418 | c5fb 1144 | 2420 4889 | 4424 2844 | 894c 2430 | 4489 5424 | 34c5 fa11 
  0x0000020807c0b380: 4c24 3c90 | c5f8 77e8 | 746f 44f8 | ba45 ffff | ff48 8b2c | 24c5 fa11 | 0424 c5fa | 114c 2404 
  0x0000020807c0b3a0: c5fa 1154 | 2408 4889 | 7c24 104c | 8944 2418 | 4489 4c24 | 2044 895c | 2424 6690 | c5f8 77e8 
  0x0000020807c0b3c0: 3c6f 44f8 | ba45 ffff | ff4c 8b4c | 2418 4c89 | 4c24 0848 | 895c 2410 | 4489 5424 | 1844 8944 
  0x0000020807c0b3e0: 241c 4489 | 5c24 2090 | c5f8 77e8 | 106f 44f8 | 4533 d2e9 | dbfb ffff | 41ba 0100 | 0000 e9ae 
  0x0000020807c0b400: f0ff ff41 | ba01 0000 | 00e9 c5fb | ffff babe | ffff ff48 | 8b2c 2444 | 8b4c 2408 | 4489 0c24 
  0x0000020807c0b420: 4c8b 5c24 | 184c 895c | 2408 448b | 5c24 1044 | 895c 2404 | 448b 4c24 | 1444 894c | 2410 4c8b 
  0x0000020807c0b440: 5c24 204c | 895c 2418 | 4c89 4424 | 2044 8954 | 2414 6690 | c5f8 77e8 | a46e 44f8 | 41ba 0200 
  0x0000020807c0b460: 0000 e96c | fbff ffba | e4ff ffff | 4489 5c24 | 084c 8b5c | 2418 4c89 | 5c24 1044 | 8954 240c 
  0x0000020807c0b480: 4489 4424 | 1848 895c | 2428 6690 | c5f8 77e8 | 6c6e 44f8 | babe ffff | ff48 8b2c | 2444 8b5c 
  0x0000020807c0b4a0: 2408 4489 | 1c24 4c8b | 5424 184c | 8954 2408 | 4c8b 5424 | 204c 8954 | 2418 4889 | 4424 2090 
  0x0000020807c0b4c0: c5f8 77e8 | 386e 44f8 | bae4 ffff | ff48 8b2c | 2444 891c | 244c 8b5c | 2418 4c89 | 5c24 0844 
  0x0000020807c0b4e0: 8954 2404 | 4489 4424 | 1048 895c | 2420 894c | 2414 6690 | c5f8 77e8 | 046e 44f8 | 41ba 0300 
  0x0000020807c0b500: 0000 e9cc | faff ff41 | ba04 0000 | 00e9 c1fa | ffff 41ba | 0500 0000 | e91e efff | ffba 76ff 
  0x0000020807c0b520: ffff c5fa | 1144 2408 | c5fa 114c | 240c c5fa | 1154 2410 | 4489 4c24 | 144c 8954 | 2428 894c 
  0x0000020807c0b540: 2434 4489 | 5c24 3890 | c5f8 77e8 | b06d 44f8 | b801 0000 | 0033 d2e9 | 9be8 ffff | babe ffff 
  0x0000020807c0b560: ff48 8b2c | 2444 8b54 | 2408 4489 | 1424 4c8b | 5424 184c | 8954 2408 | 4c8b 5424 | 204c 8954 
  0x0000020807c0b580: 2418 4889 | 4424 2090 | c5f8 77e8 | 706d 44f8 | baf4 ffff | ff48 8b2c | 24c5 fa11 | 0424 c5fa 
  0x0000020807c0b5a0: 114c 2404 | c5fa 1154 | 2408 6690 | c5f8 77e8 | 4c6d 44f8 | ba45 ffff | ffc5 fa11 | 4424 08c5 
  0x0000020807c0b5c0: fa11 4c24 | 0cc5 fa11 | 5424 10c5 | fb11 5c24 | 2044 8944 | 2414 4489 | 5424 2890 | c5f8 77e8 
  0x0000020807c0b5e0: 1c6d 44f8 | ba45 ffff | ffc5 fa11 | 4424 08c5 | fa11 4c24 | 0cc5 fa11 | 5424 10c5 | fb11 5c24 
  0x0000020807c0b600: 2844 8944 | 2414 4489 | 5424 304c | 895c 2438 | 894c 2434 | c5f8 77e8 | e46c 44f8 | 4585 d240 
  0x0000020807c0b620: 0f95 c540 | 0fb6 ed83 | f501 ba45 | ffff ffc5 | fa11 4424 | 08c5 fa11 | 4c24 0cc5 | fa11 5424 
  0x0000020807c0b640: 1044 894c | 2414 c5fb | 115c 2428 | 4489 5c24 | 3066 6690 | c5f8 77e8 | a46c 44f8 | 458b d0e9 
  0x0000020807c0b660: 6ff9 ffff | ba45 ffff | ffc5 fa11 | 4424 08c5 | fa11 4c24 | 0cc5 fa11 | 5424 10c5 | fb11 5c24 
  0x0000020807c0b680: 284c 895c | 2430 4489 | 5424 144c | 8944 2438 | 895c 2440 | c5f8 77e8 | 646c 44f8 | bade ffff 
  0x0000020807c0b6a0: ffc5 fa11 | 4424 08c5 | fa11 4c24 | 0cc5 fa11 | 5424 1090 | c5f8 77e8 | 446c 44f8 | bade ffff 
  0x0000020807c0b6c0: ff48 8b2c | 24c5 fa11 | 0424 c5fa | 114c 2404 | c5fa 1154 | 2408 4c8b | 4424 184c | 8944 2410 
  0x0000020807c0b6e0: c5fb 115c | 2420 4c89 | 5c24 2844 | 8954 240c | 4489 4c24 | 3466 6690 | c5f8 77e8 | 006c 44f8 
  0x0000020807c0b700: bade ffff | ff48 8b2c | 24c5 fa11 | 0424 c5fa | 114c 2404 | c5fa 1154 | 2408 4c8b | 5c24 184c 
  0x0000020807c0b720: 895c 2410 | c5fb 115c | 2420 4489 | 4424 0c44 | 8954 2428 | 4489 4c24 | 3066 6690 | c5f8 77e8 
  0x0000020807c0b740: bc6b 44f8 | baf6 ffff | ff41 8be9 | 891c 2490 | c5f8 77e8 | a86b 44f8 | baf6 ffff | ff66 6690 
  0x0000020807c0b760: c5f8 77e8 | 986b 44f8 | c4c1 796e | daba f6ff | ffff c5f9 | 7edd 6690 | c5f8 77e8 | 806b 44f8 
  0x0000020807c0b780: 4489 4c24 | 10ba f6ff | ffff 4489 | 1424 6690 | c5f8 77e8 | 686b 44f8 | baf6 ffff | ff66 6690 
  0x0000020807c0b7a0: c5f8 77e8 | 586b 44f8 | ba76 ffff | ff48 8b2c | 2444 8b54 | 2408 4489 | 1424 4c8b | 5424 184c 
  0x0000020807c0b7c0: 8954 2408 | 448b 5424 | 1044 8954 | 2404 448b | 5c24 1444 | 895c 2410 | 48ff 7424 | 2048 8f44 
  0x0000020807c0b7e0: 2418 c5fb | 114c 2420 | c5fa 1164 | 2414 894c | 2428 6690 | c5f8 77e8 | 046b 44f8 | baf6 ffff 
  0x0000020807c0b800: ff66 6690 | c5f8 77e8 | f46a 44f8 | 488b d0eb | 0848 8bd0 | eb03 488b | d0c5 f877 | 4883 c460 
  0x0000020807c0b820: 5de9 5a18 | 4ff8 baf6 | ffff ff49 | 8be8 6690 | c5f8 77e8 | c86a 44f8 | baf6 ffff | ff66 6690 
  0x0000020807c0b840: c5f8 77e8 | b86a 44f8 | baf6 ffff | ff66 6690 | c5f8 77e8 | a86a 44f8 | 488b 4424 | 18e9 9ffa 
  0x0000020807c0b860: ffff 488b | 4424 18e9 | 95fa ffff | baf6 ffff | ff66 6690 | c5f8 77e8 | 846a 44f8 | ba76 ffff 
  0x0000020807c0b880: ff48 8b2c | 2444 8b54 | 2408 4489 | 1424 4c8b | 5424 184c | 8954 2408 | 448b 5c24 | 2844 895c 
  0x0000020807c0b8a0: 2404 48ff | 7424 2048 | 8f44 2418 | 4889 4424 | 2089 7424 | 2866 6690 | c5f8 77e8 | 406a 44f8 
  0x0000020807c0b8c0: ba45 ffff | ff48 8b2c | 24c5 fa11 | 0424 c5fa | 114c 2404 | c5fa 1154 | 2408 4c8b | 5c24 184c 
  0x0000020807c0b8e0: 895c 2410 | c5fb 115c | 2420 4489 | 4424 0c44 | 8954 2428 | 4489 4c24 | 2c66 6690 | c5f8 77e8 
  0x0000020807c0b900: fc69 44f8 | baf6 ffff | ff66 6690 | c5f8 77e8 | ec69 44f8 | baf6 ffff | ff66 6690 | c5f8 77e8 
  0x0000020807c0b920: dc69 44f8 | baf6 ffff | ff66 6690 | c5f8 77e8 | cc69 44f8 | baf6 ffff | ff66 6690 | c5f8 77e8 
  0x0000020807c0b940: bc69 44f8 | ba45 ffff | ff48 8b2c | 24c5 fa11 | 0424 c5fa | 114c 2404 | c5fa 1154 | 2408 4c8b 
  0x0000020807c0b960: 4424 184c | 8944 2410 | c5fb 115c | 2420 4c89 | 5c24 2844 | 8954 240c | 4489 4c24 | 3066 6690 
  0x0000020807c0b980: c5f8 77e8 | 7869 44f8 | 49ba bfa8 | c007 0802 | 0000 4d89 | 9758 0300 | 00e9 627a | 44f8 f4f4 
  0x0000020807c0b9a0: e95b c445 | f8e8 0000 | 0000 4883 | 2c24 05e9 | ec6c 44f8 | f4f4 f4f4 
[/MachCode]
--------------------------------------------------------------------------------


---------------  P R O C E S S  ---------------

Threads class SMR info:
_java_thread_list=0x0000020819fc0060, length=24, elements={
0x000002087f70b280, 0x000002087f70d3e0, 0x000002087f726f20, 0x000002087f7278d0,
0x000002087f72ce70, 0x000002087f72d820, 0x000002087f72dde0, 0x000002087f72e2f0,
0x000002087f72f4c0, 0x00000208195f57e0, 0x00000208195fc110, 0x0000020819612cf0,
0x000002081962f220, 0x0000020872cee520, 0x00000208196f4340, 0x0000020819836130,
0x0000020819822390, 0x000002081984c3e0, 0x0000020819f226b0, 0x0000020819fc2d00,
0x0000020819fc4090, 0x0000020819fc36f0, 0x0000020819fd8300, 0x0000020819fc3bc0
}

Java Threads: ( => current thread )
  0x000002087f70b280 JavaThread "Reference Handler" daemon [_thread_blocked, id=16356, stack(0x000000dbf0800000,0x000000dbf0900000)]
  0x000002087f70d3e0 JavaThread "Finalizer" daemon [_thread_blocked, id=5616, stack(0x000000dbf0900000,0x000000dbf0a00000)]
  0x000002087f726f20 JavaThread "Signal Dispatcher" daemon [_thread_blocked, id=23600, stack(0x000000dbf0a00000,0x000000dbf0b00000)]
  0x000002087f7278d0 JavaThread "Attach Listener" daemon [_thread_blocked, id=21100, stack(0x000000dbf0b00000,0x000000dbf0c00000)]
  0x000002087f72ce70 JavaThread "Service Thread" daemon [_thread_blocked, id=9932, stack(0x000000dbf0c00000,0x000000dbf0d00000)]
  0x000002087f72d820 JavaThread "Monitor Deflation Thread" daemon [_thread_blocked, id=16164, stack(0x000000dbf0d00000,0x000000dbf0e00000)]
  0x000002087f72dde0 JavaThread "C2 CompilerThread0" daemon [_thread_blocked, id=16800, stack(0x000000dbf0e00000,0x000000dbf0f00000)]
  0x000002087f72e2f0 JavaThread "C1 CompilerThread0" daemon [_thread_blocked, id=22268, stack(0x000000dbf0f00000,0x000000dbf1000000)]
  0x000002087f72f4c0 JavaThread "Sweeper thread" daemon [_thread_blocked, id=1692, stack(0x000000dbf1000000,0x000000dbf1100000)]
  0x00000208195f57e0 JavaThread "C1 CompilerThread1" daemon [_thread_blocked, id=17340, stack(0x000000dbf1100000,0x000000dbf1200000)]
  0x00000208195fc110 JavaThread "C1 CompilerThread2" daemon [_thread_blocked, id=21492, stack(0x000000dbf1200000,0x000000dbf1300000)]
  0x0000020819612cf0 JavaThread "Notification Thread" daemon [_thread_blocked, id=19512, stack(0x000000dbf1300000,0x000000dbf1400000)]
  0x000002081962f220 JavaThread "Common-Cleaner" daemon [_thread_blocked, id=16724, stack(0x000000dbf1500000,0x000000dbf1600000)]
  0x0000020872cee520 JavaThread "DestroyJavaVM" [_thread_blocked, id=21296, stack(0x000000dbf0100000,0x000000dbf0200000)]
  0x00000208196f4340 JavaThread "Java2D Disposer" daemon [_thread_blocked, id=13636, stack(0x000000dbf1700000,0x000000dbf1800000)]
  0x0000020819836130 JavaThread "C2 CompilerThread1" daemon [_thread_blocked, id=23368, stack(0x000000dbf1800000,0x000000dbf1900000)]
  0x0000020819822390 JavaThread "AWT-Shutdown" [_thread_blocked, id=3460, stack(0x000000dbf1900000,0x000000dbf1a00000)]
  0x000002081984c3e0 JavaThread "AWT-Windows" daemon [_thread_in_native, id=19488, stack(0x000000dbf1a00000,0x000000dbf1b00000)]
  0x0000020819f226b0 JavaThread "AWT-EventQueue-0" [_thread_blocked, id=23364, stack(0x000000dbf2700000,0x000000dbf2800000)]
=>0x0000020819fc2d00 JavaThread "Thread-2" [_thread_in_Java, id=2444, stack(0x000000dbf2800000,0x000000dbf2900000)]
  0x0000020819fc4090 JavaThread "Thread-1" [_thread_in_Java, id=13904, stack(0x000000dbf2900000,0x000000dbf2a00000)]
  0x0000020819fc36f0 JavaThread "D3D Screen Updater" daemon [_thread_blocked, id=18244, stack(0x000000dbf1600000,0x000000dbf1700000)]
  0x0000020819fd8300 JavaThread "C2 CompilerThread2" daemon [_thread_blocked, id=14972, stack(0x000000dbf2a00000,0x000000dbf2b00000)]
  0x0000020819fc3bc0 JavaThread "Thread-3" [_thread_in_Java, id=22992, stack(0x000000dbf2b00000,0x000000dbf2c00000)]

Other Threads:
  0x000002087f704480 VMThread "VM Thread" [stack: 0x000000dbf0700000,0x000000dbf0800000] [id=17388]
  0x00000208196201a0 WatcherThread [stack: 0x000000dbf1400000,0x000000dbf1500000] [id=18248]
  0x0000020872d3be40 GCTaskThread "GC Thread#0" [stack: 0x000000dbf0200000,0x000000dbf0300000] [id=9140]
  0x000002081a391550 GCTaskThread "GC Thread#1" [stack: 0x000000dbf2c00000,0x000000dbf2d00000] [id=8588]
  0x000002081a055b20 GCTaskThread "GC Thread#2" [stack: 0x000000dbf2d00000,0x000000dbf2e00000] [id=5520]
  0x000002081a17abc0 GCTaskThread "GC Thread#3" [stack: 0x000000dbf2e00000,0x000000dbf2f00000] [id=16684]
  0x000002081a273a60 GCTaskThread "GC Thread#4" [stack: 0x000000dbf2f00000,0x000000dbf3000000] [id=23144]
  0x000002081a0ccec0 GCTaskThread "GC Thread#5" [stack: 0x000000dbf3000000,0x000000dbf3100000] [id=12712]
  0x000002081a0cd790 GCTaskThread "GC Thread#6" [stack: 0x000000dbf3100000,0x000000dbf3200000] [id=20988]
  0x000002081a0cda40 GCTaskThread "GC Thread#7" [stack: 0x000000dbf3200000,0x000000dbf3300000] [id=9984]
  0x000002081a055000 GCTaskThread "GC Thread#8" [stack: 0x000000dbf3300000,0x000000dbf3400000] [id=20472]
  0x000002081a0552b0 GCTaskThread "GC Thread#9" [stack: 0x000000dbf3400000,0x000000dbf3500000] [id=20996]
  0x000002081a18b6b0 GCTaskThread "GC Thread#10" [stack: 0x000000dbf3500000,0x000000dbf3600000] [id=9108]
  0x000002081a18aea0 GCTaskThread "GC Thread#11" [stack: 0x000000dbf3600000,0x000000dbf3700000] [id=24292]
  0x0000020872d4c410 ConcurrentGCThread "G1 Main Marker" [stack: 0x000000dbf0300000,0x000000dbf0400000] [id=20004]
  0x0000020872d508e0 ConcurrentGCThread "G1 Conc#0" [stack: 0x000000dbf0400000,0x000000dbf0500000] [id=9272]
  0x000002087f5d34e0 ConcurrentGCThread "G1 Refine#0" [stack: 0x000000dbf0500000,0x000000dbf0600000] [id=14720]
  0x000002087f5d3ca0 ConcurrentGCThread "G1 Service" [stack: 0x000000dbf0600000,0x000000dbf0700000] [id=3936]

Threads with active compile tasks:

VM state: not at safepoint (normal execution)

VM Mutex/Monitor currently owned by a thread: None

Heap address: 0x0000000709600000, size: 3946 MB, Compressed Oops mode: Zero based, Oop shift amount: 3

CDS archive(s) mapped at: [0x0000000800000000-0x0000000800bc0000-0x0000000800bc0000), size 12320768, SharedBaseAddress: 0x0000000800000000, ArchiveRelocationMode: 0.
Compressed class space mapped at: 0x0000000800c00000-0x0000000840c00000, reserved size: 1073741824
Narrow klass base: 0x0000000800000000, Narrow klass shift: 0, Narrow klass range: 0x100000000

GC Precious Log:
 CPUs: 16 total, 16 available
 Memory: 15776M
 Large Page Support: Disabled
 NUMA Support: Disabled
 Compressed Oops: Enabled (Zero based)
 Heap Region Size: 2M
 Heap Min Capacity: 8M
 Heap Initial Capacity: 248M
 Heap Max Capacity: 3946M
 Pre-touch: Disabled
 Parallel Workers: 13
 Concurrent Workers: 3
 Concurrent Refinement Workers: 13
 Periodic GC: Disabled

Heap:
 garbage-first heap   total 253952K, used 13835K [0x0000000709600000, 0x0000000800000000)
  region size 2048K, 5 young (10240K), 2 survivors (4096K)
 Metaspace       used 6949K, committed 7104K, reserved 1056768K
  class space    used 751K, committed 832K, reserved 1048576K

Heap Regions: E=young(eden), S=young(survivor), O=old, HS=humongous(starts), HC=humongous(continues), CS=collection set, F=free, OA=open archive, CA=closed archive, TAMS=top-at-mark-start (previous, next)
|   0|0x0000000709600000, 0x0000000709800000, 0x0000000709800000|100%|HS|  |TAMS 0x0000000709600000, 0x0000000709600000| Complete 
|   1|0x0000000709800000, 0x0000000709a00000, 0x0000000709a00000|100%|HC|  |TAMS 0x0000000709800000, 0x0000000709800000| Complete 
|   2|0x0000000709a00000, 0x0000000709b82e00, 0x0000000709c00000| 75%| O|  |TAMS 0x0000000709a00000, 0x0000000709a00000| Untracked 
|   3|0x0000000709c00000, 0x0000000709c00000, 0x0000000709e00000|  0%| F|  |TAMS 0x0000000709c00000, 0x0000000709c00000| Untracked 
|   4|0x0000000709e00000, 0x0000000709e00000, 0x000000070a000000|  0%| F|  |TAMS 0x0000000709e00000, 0x0000000709e00000| Untracked 
|   5|0x000000070a000000, 0x000000070a000000, 0x000000070a200000|  0%| F|  |TAMS 0x000000070a000000, 0x000000070a000000| Untracked 
|   6|0x000000070a200000, 0x000000070a200000, 0x000000070a400000|  0%| F|  |TAMS 0x000000070a200000, 0x000000070a200000| Untracked 
|   7|0x000000070a400000, 0x000000070a400000, 0x000000070a600000|  0%| F|  |TAMS 0x000000070a400000, 0x000000070a400000| Untracked 
|   8|0x000000070a600000, 0x000000070a600000, 0x000000070a800000|  0%| F|  |TAMS 0x000000070a600000, 0x000000070a600000| Untracked 
|   9|0x000000070a800000, 0x000000070a800000, 0x000000070aa00000|  0%| F|  |TAMS 0x000000070a800000, 0x000000070a800000| Untracked 
|  10|0x000000070aa00000, 0x000000070aa00000, 0x000000070ac00000|  0%| F|  |TAMS 0x000000070aa00000, 0x000000070aa00000| Untracked 
|  11|0x000000070ac00000, 0x000000070ac00000, 0x000000070ae00000|  0%| F|  |TAMS 0x000000070ac00000, 0x000000070ac00000| Untracked 
|  12|0x000000070ae00000, 0x000000070ae00000, 0x000000070b000000|  0%| F|  |TAMS 0x000000070ae00000, 0x000000070ae00000| Untracked 
|  13|0x000000070b000000, 0x000000070b000000, 0x000000070b200000|  0%| F|  |TAMS 0x000000070b000000, 0x000000070b000000| Untracked 
|  14|0x000000070b200000, 0x000000070b200000, 0x000000070b400000|  0%| F|  |TAMS 0x000000070b200000, 0x000000070b200000| Untracked 
|  15|0x000000070b400000, 0x000000070b400000, 0x000000070b600000|  0%| F|  |TAMS 0x000000070b400000, 0x000000070b400000| Untracked 
|  16|0x000000070b600000, 0x000000070b600000, 0x000000070b800000|  0%| F|  |TAMS 0x000000070b600000, 0x000000070b600000| Untracked 
|  17|0x000000070b800000, 0x000000070b800000, 0x000000070ba00000|  0%| F|  |TAMS 0x000000070b800000, 0x000000070b800000| Untracked 
|  18|0x000000070ba00000, 0x000000070ba00000, 0x000000070bc00000|  0%| F|  |TAMS 0x000000070ba00000, 0x000000070ba00000| Untracked 
|  19|0x000000070bc00000, 0x000000070bc00000, 0x000000070be00000|  0%| F|  |TAMS 0x000000070bc00000, 0x000000070bc00000| Untracked 
|  20|0x000000070be00000, 0x000000070be00000, 0x000000070c000000|  0%| F|  |TAMS 0x000000070be00000, 0x000000070be00000| Untracked 
|  21|0x000000070c000000, 0x000000070c000000, 0x000000070c200000|  0%| F|  |TAMS 0x000000070c000000, 0x000000070c000000| Untracked 
|  22|0x000000070c200000, 0x000000070c200000, 0x000000070c400000|  0%| F|  |TAMS 0x000000070c200000, 0x000000070c200000| Untracked 
|  23|0x000000070c400000, 0x000000070c400000, 0x000000070c600000|  0%| F|  |TAMS 0x000000070c400000, 0x000000070c400000| Untracked 
|  24|0x000000070c600000, 0x000000070c600000, 0x000000070c800000|  0%| F|  |TAMS 0x000000070c600000, 0x000000070c600000| Untracked 
|  25|0x000000070c800000, 0x000000070c800000, 0x000000070ca00000|  0%| F|  |TAMS 0x000000070c800000, 0x000000070c800000| Untracked 
|  26|0x000000070ca00000, 0x000000070ca00000, 0x000000070cc00000|  0%| F|  |TAMS 0x000000070ca00000, 0x000000070ca00000| Untracked 
|  27|0x000000070cc00000, 0x000000070cc00000, 0x000000070ce00000|  0%| F|  |TAMS 0x000000070cc00000, 0x000000070cc00000| Untracked 
|  28|0x000000070ce00000, 0x000000070ce00000, 0x000000070d000000|  0%| F|  |TAMS 0x000000070ce00000, 0x000000070ce00000| Untracked 
|  29|0x000000070d000000, 0x000000070d000000, 0x000000070d200000|  0%| F|  |TAMS 0x000000070d000000, 0x000000070d000000| Untracked 
|  30|0x000000070d200000, 0x000000070d200000, 0x000000070d400000|  0%| F|  |TAMS 0x000000070d200000, 0x000000070d200000| Untracked 
|  31|0x000000070d400000, 0x000000070d400000, 0x000000070d600000|  0%| F|  |TAMS 0x000000070d400000, 0x000000070d400000| Untracked 
|  32|0x000000070d600000, 0x000000070d600000, 0x000000070d800000|  0%| F|  |TAMS 0x000000070d600000, 0x000000070d600000| Untracked 
|  33|0x000000070d800000, 0x000000070d800000, 0x000000070da00000|  0%| F|  |TAMS 0x000000070d800000, 0x000000070d800000| Untracked 
|  34|0x000000070da00000, 0x000000070da00000, 0x000000070dc00000|  0%| F|  |TAMS 0x000000070da00000, 0x000000070da00000| Untracked 
|  35|0x000000070dc00000, 0x000000070dc00000, 0x000000070de00000|  0%| F|  |TAMS 0x000000070dc00000, 0x000000070dc00000| Untracked 
|  36|0x000000070de00000, 0x000000070de00000, 0x000000070e000000|  0%| F|  |TAMS 0x000000070de00000, 0x000000070de00000| Untracked 
|  37|0x000000070e000000, 0x000000070e000000, 0x000000070e200000|  0%| F|  |TAMS 0x000000070e000000, 0x000000070e000000| Untracked 
|  38|0x000000070e200000, 0x000000070e200000, 0x000000070e400000|  0%| F|  |TAMS 0x000000070e200000, 0x000000070e200000| Untracked 
|  39|0x000000070e400000, 0x000000070e400000, 0x000000070e600000|  0%| F|  |TAMS 0x000000070e400000, 0x000000070e400000| Untracked 
|  40|0x000000070e600000, 0x000000070e600000, 0x000000070e800000|  0%| F|  |TAMS 0x000000070e600000, 0x000000070e600000| Untracked 
|  41|0x000000070e800000, 0x000000070e800000, 0x000000070ea00000|  0%| F|  |TAMS 0x000000070e800000, 0x000000070e800000| Untracked 
|  42|0x000000070ea00000, 0x000000070ea00000, 0x000000070ec00000|  0%| F|  |TAMS 0x000000070ea00000, 0x000000070ea00000| Untracked 
|  43|0x000000070ec00000, 0x000000070ec00000, 0x000000070ee00000|  0%| F|  |TAMS 0x000000070ec00000, 0x000000070ec00000| Untracked 
|  44|0x000000070ee00000, 0x000000070ee00000, 0x000000070f000000|  0%| F|  |TAMS 0x000000070ee00000, 0x000000070ee00000| Untracked 
|  45|0x000000070f000000, 0x000000070f000000, 0x000000070f200000|  0%| F|  |TAMS 0x000000070f000000, 0x000000070f000000| Untracked 
|  46|0x000000070f200000, 0x000000070f200000, 0x000000070f400000|  0%| F|  |TAMS 0x000000070f200000, 0x000000070f200000| Untracked 
|  47|0x000000070f400000, 0x000000070f400000, 0x000000070f600000|  0%| F|  |TAMS 0x000000070f400000, 0x000000070f400000| Untracked 
|  48|0x000000070f600000, 0x000000070f600000, 0x000000070f800000|  0%| F|  |TAMS 0x000000070f600000, 0x000000070f600000| Untracked 
|  49|0x000000070f800000, 0x000000070f800000, 0x000000070fa00000|  0%| F|  |TAMS 0x000000070f800000, 0x000000070f800000| Untracked 
|  50|0x000000070fa00000, 0x000000070fa00000, 0x000000070fc00000|  0%| F|  |TAMS 0x000000070fa00000, 0x000000070fa00000| Untracked 
|  51|0x000000070fc00000, 0x000000070fc00000, 0x000000070fe00000|  0%| F|  |TAMS 0x000000070fc00000, 0x000000070fc00000| Untracked 
|  52|0x000000070fe00000, 0x000000070fe00000, 0x0000000710000000|  0%| F|  |TAMS 0x000000070fe00000, 0x000000070fe00000| Untracked 
|  53|0x0000000710000000, 0x0000000710000000, 0x0000000710200000|  0%| F|  |TAMS 0x0000000710000000, 0x0000000710000000| Untracked 
|  54|0x0000000710200000, 0x0000000710200000, 0x0000000710400000|  0%| F|  |TAMS 0x0000000710200000, 0x0000000710200000| Untracked 
|  55|0x0000000710400000, 0x0000000710400000, 0x0000000710600000|  0%| F|  |TAMS 0x0000000710400000, 0x0000000710400000| Untracked 
|  56|0x0000000710600000, 0x0000000710600000, 0x0000000710800000|  0%| F|  |TAMS 0x0000000710600000, 0x0000000710600000| Untracked 
|  57|0x0000000710800000, 0x0000000710800000, 0x0000000710a00000|  0%| F|  |TAMS 0x0000000710800000, 0x0000000710800000| Untracked 
|  58|0x0000000710a00000, 0x0000000710a00000, 0x0000000710c00000|  0%| F|  |TAMS 0x0000000710a00000, 0x0000000710a00000| Untracked 
|  59|0x0000000710c00000, 0x0000000710c00000, 0x0000000710e00000|  0%| F|  |TAMS 0x0000000710c00000, 0x0000000710c00000| Untracked 
|  60|0x0000000710e00000, 0x0000000710e00000, 0x0000000711000000|  0%| F|  |TAMS 0x0000000710e00000, 0x0000000710e00000| Untracked 
|  61|0x0000000711000000, 0x0000000711000000, 0x0000000711200000|  0%| F|  |TAMS 0x0000000711000000, 0x0000000711000000| Untracked 
|  62|0x0000000711200000, 0x0000000711200000, 0x0000000711400000|  0%| F|  |TAMS 0x0000000711200000, 0x0000000711200000| Untracked 
|  63|0x0000000711400000, 0x0000000711400000, 0x0000000711600000|  0%| F|  |TAMS 0x0000000711400000, 0x0000000711400000| Untracked 
|  64|0x0000000711600000, 0x0000000711600000, 0x0000000711800000|  0%| F|  |TAMS 0x0000000711600000, 0x0000000711600000| Untracked 
|  65|0x0000000711800000, 0x0000000711800000, 0x0000000711a00000|  0%| F|  |TAMS 0x0000000711800000, 0x0000000711800000| Untracked 
|  66|0x0000000711a00000, 0x0000000711a00000, 0x0000000711c00000|  0%| F|  |TAMS 0x0000000711a00000, 0x0000000711a00000| Untracked 
|  67|0x0000000711c00000, 0x0000000711c00000, 0x0000000711e00000|  0%| F|  |TAMS 0x0000000711c00000, 0x0000000711c00000| Untracked 
|  68|0x0000000711e00000, 0x0000000711e00000, 0x0000000712000000|  0%| F|  |TAMS 0x0000000711e00000, 0x0000000711e00000| Untracked 
|  69|0x0000000712000000, 0x0000000712000000, 0x0000000712200000|  0%| F|  |TAMS 0x0000000712000000, 0x0000000712000000| Untracked 
|  70|0x0000000712200000, 0x0000000712200000, 0x0000000712400000|  0%| F|  |TAMS 0x0000000712200000, 0x0000000712200000| Untracked 
|  71|0x0000000712400000, 0x0000000712400000, 0x0000000712600000|  0%| F|  |TAMS 0x0000000712400000, 0x0000000712400000| Untracked 
|  72|0x0000000712600000, 0x0000000712600000, 0x0000000712800000|  0%| F|  |TAMS 0x0000000712600000, 0x0000000712600000| Untracked 
|  73|0x0000000712800000, 0x0000000712800000, 0x0000000712a00000|  0%| F|  |TAMS 0x0000000712800000, 0x0000000712800000| Untracked 
|  74|0x0000000712a00000, 0x0000000712a00000, 0x0000000712c00000|  0%| F|  |TAMS 0x0000000712a00000, 0x0000000712a00000| Untracked 
|  75|0x0000000712c00000, 0x0000000712c00000, 0x0000000712e00000|  0%| F|  |TAMS 0x0000000712c00000, 0x0000000712c00000| Untracked 
|  76|0x0000000712e00000, 0x0000000712e00000, 0x0000000713000000|  0%| F|  |TAMS 0x0000000712e00000, 0x0000000712e00000| Untracked 
|  77|0x0000000713000000, 0x0000000713000000, 0x0000000713200000|  0%| F|  |TAMS 0x0000000713000000, 0x0000000713000000| Untracked 
|  78|0x0000000713200000, 0x0000000713200000, 0x0000000713400000|  0%| F|  |TAMS 0x0000000713200000, 0x0000000713200000| Untracked 
|  79|0x0000000713400000, 0x0000000713400000, 0x0000000713600000|  0%| F|  |TAMS 0x0000000713400000, 0x0000000713400000| Untracked 
|  80|0x0000000713600000, 0x0000000713600000, 0x0000000713800000|  0%| F|  |TAMS 0x0000000713600000, 0x0000000713600000| Untracked 
|  81|0x0000000713800000, 0x0000000713800000, 0x0000000713a00000|  0%| F|  |TAMS 0x0000000713800000, 0x0000000713800000| Untracked 
|  82|0x0000000713a00000, 0x0000000713a00000, 0x0000000713c00000|  0%| F|  |TAMS 0x0000000713a00000, 0x0000000713a00000| Untracked 
|  83|0x0000000713c00000, 0x0000000713c00000, 0x0000000713e00000|  0%| F|  |TAMS 0x0000000713c00000, 0x0000000713c00000| Untracked 
|  84|0x0000000713e00000, 0x0000000713e00000, 0x0000000714000000|  0%| F|  |TAMS 0x0000000713e00000, 0x0000000713e00000| Untracked 
|  85|0x0000000714000000, 0x0000000714000000, 0x0000000714200000|  0%| F|  |TAMS 0x0000000714000000, 0x0000000714000000| Untracked 
|  86|0x0000000714200000, 0x0000000714200000, 0x0000000714400000|  0%| F|  |TAMS 0x0000000714200000, 0x0000000714200000| Untracked 
|  87|0x0000000714400000, 0x0000000714400000, 0x0000000714600000|  0%| F|  |TAMS 0x0000000714400000, 0x0000000714400000| Untracked 
|  88|0x0000000714600000, 0x0000000714600000, 0x0000000714800000|  0%| F|  |TAMS 0x0000000714600000, 0x0000000714600000| Untracked 
|  89|0x0000000714800000, 0x0000000714800000, 0x0000000714a00000|  0%| F|  |TAMS 0x0000000714800000, 0x0000000714800000| Untracked 
|  90|0x0000000714a00000, 0x0000000714a00000, 0x0000000714c00000|  0%| F|  |TAMS 0x0000000714a00000, 0x0000000714a00000| Untracked 
|  91|0x0000000714c00000, 0x0000000714c00000, 0x0000000714e00000|  0%| F|  |TAMS 0x0000000714c00000, 0x0000000714c00000| Untracked 
|  92|0x0000000714e00000, 0x0000000714e00000, 0x0000000715000000|  0%| F|  |TAMS 0x0000000714e00000, 0x0000000714e00000| Untracked 
|  93|0x0000000715000000, 0x0000000715000000, 0x0000000715200000|  0%| F|  |TAMS 0x0000000715000000, 0x0000000715000000| Untracked 
|  94|0x0000000715200000, 0x0000000715200000, 0x0000000715400000|  0%| F|  |TAMS 0x0000000715200000, 0x0000000715200000| Untracked 
|  95|0x0000000715400000, 0x0000000715400000, 0x0000000715600000|  0%| F|  |TAMS 0x0000000715400000, 0x0000000715400000| Untracked 
|  96|0x0000000715600000, 0x0000000715600000, 0x0000000715800000|  0%| F|  |TAMS 0x0000000715600000, 0x0000000715600000| Untracked 
|  97|0x0000000715800000, 0x0000000715800000, 0x0000000715a00000|  0%| F|  |TAMS 0x0000000715800000, 0x0000000715800000| Untracked 
|  98|0x0000000715a00000, 0x0000000715a00000, 0x0000000715c00000|  0%| F|  |TAMS 0x0000000715a00000, 0x0000000715a00000| Untracked 
|  99|0x0000000715c00000, 0x0000000715c00000, 0x0000000715e00000|  0%| F|  |TAMS 0x0000000715c00000, 0x0000000715c00000| Untracked 
| 100|0x0000000715e00000, 0x0000000715e00000, 0x0000000716000000|  0%| F|  |TAMS 0x0000000715e00000, 0x0000000715e00000| Untracked 
| 101|0x0000000716000000, 0x0000000716000000, 0x0000000716200000|  0%| F|  |TAMS 0x0000000716000000, 0x0000000716000000| Untracked 
| 102|0x0000000716200000, 0x0000000716200000, 0x0000000716400000|  0%| F|  |TAMS 0x0000000716200000, 0x0000000716200000| Untracked 
| 103|0x0000000716400000, 0x0000000716400000, 0x0000000716600000|  0%| F|  |TAMS 0x0000000716400000, 0x0000000716400000| Untracked 
| 104|0x0000000716600000, 0x0000000716600000, 0x0000000716800000|  0%| F|  |TAMS 0x0000000716600000, 0x0000000716600000| Untracked 
| 105|0x0000000716800000, 0x0000000716800000, 0x0000000716a00000|  0%| F|  |TAMS 0x0000000716800000, 0x0000000716800000| Untracked 
| 106|0x0000000716a00000, 0x0000000716a00000, 0x0000000716c00000|  0%| F|  |TAMS 0x0000000716a00000, 0x0000000716a00000| Untracked 
| 107|0x0000000716c00000, 0x0000000716c00000, 0x0000000716e00000|  0%| F|  |TAMS 0x0000000716c00000, 0x0000000716c00000| Untracked 
| 108|0x0000000716e00000, 0x0000000716e00000, 0x0000000717000000|  0%| F|  |TAMS 0x0000000716e00000, 0x0000000716e00000| Untracked 
| 109|0x0000000717000000, 0x0000000717000000, 0x0000000717200000|  0%| F|  |TAMS 0x0000000717000000, 0x0000000717000000| Untracked 
| 110|0x0000000717200000, 0x0000000717200000, 0x0000000717400000|  0%| F|  |TAMS 0x0000000717200000, 0x0000000717200000| Untracked 
| 111|0x0000000717400000, 0x0000000717600000, 0x0000000717600000|100%| S|CS|TAMS 0x0000000717400000, 0x0000000717400000| Complete 
| 112|0x0000000717600000, 0x0000000717800000, 0x0000000717800000|100%| S|CS|TAMS 0x0000000717600000, 0x0000000717600000| Complete 
| 113|0x0000000717800000, 0x0000000717800000, 0x0000000717a00000|  0%| F|  |TAMS 0x0000000717800000, 0x0000000717800000| Untracked 
| 114|0x0000000717a00000, 0x0000000717a00000, 0x0000000717c00000|  0%| F|  |TAMS 0x0000000717a00000, 0x0000000717a00000| Untracked 
| 115|0x0000000717c00000, 0x0000000717c00000, 0x0000000717e00000|  0%| F|  |TAMS 0x0000000717c00000, 0x0000000717c00000| Untracked 
| 116|0x0000000717e00000, 0x0000000717e00000, 0x0000000718000000|  0%| F|  |TAMS 0x0000000717e00000, 0x0000000717e00000| Untracked 
| 117|0x0000000718000000, 0x0000000718000000, 0x0000000718200000|  0%| F|  |TAMS 0x0000000718000000, 0x0000000718000000| Untracked 
| 118|0x0000000718200000, 0x0000000718200000, 0x0000000718400000|  0%| F|  |TAMS 0x0000000718200000, 0x0000000718200000| Untracked 
| 119|0x0000000718400000, 0x0000000718400000, 0x0000000718600000|  0%| F|  |TAMS 0x0000000718400000, 0x0000000718400000| Untracked 
| 120|0x0000000718600000, 0x0000000718600000, 0x0000000718800000|  0%| F|  |TAMS 0x0000000718600000, 0x0000000718600000| Untracked 
| 121|0x0000000718800000, 0x00000007189315e8, 0x0000000718a00000| 59%| E|  |TAMS 0x0000000718800000, 0x0000000718800000| Complete 
| 122|0x0000000718a00000, 0x0000000718c00000, 0x0000000718c00000|100%| E|CS|TAMS 0x0000000718a00000, 0x0000000718a00000| Complete 
| 123|0x0000000718c00000, 0x0000000718e00000, 0x0000000718e00000|100%| E|CS|TAMS 0x0000000718c00000, 0x0000000718c00000| Complete 

Card table byte_map: [0x000002087d720000,0x000002087dee0000] _byte_map_base: 0x0000020879ed5000

Marking Bits (Prev, Next): (CMBitMap*) 0x0000020872d3c450, (CMBitMap*) 0x0000020872d3c490
 Prev Bits: [0x000002080f000000, 0x0000020812da8000)
 Next Bits: [0x0000020812db0000, 0x0000020816b58000)

Polling page: 0x0000020872dd0000

Metaspace:

Usage:
  Non-class:      6.05 MB used.
      Class:    751.91 KB used.
       Both:      6.79 MB used.

Virtual space:
  Non-class space:        8.00 MB reserved,       6.12 MB ( 77%) committed,  1 nodes.
      Class space:        1.00 GB reserved,     832.00 KB ( <1%) committed,  1 nodes.
             Both:        1.01 GB reserved,       6.94 MB ( <1%) committed. 

Chunk freelists:
   Non-Class:  1.89 MB
       Class:  3.22 MB
        Both:  5.12 MB

MaxMetaspaceSize: unlimited
CompressedClassSpaceSize: 1.00 GB
Initial GC threshold: 21.00 MB
Current GC threshold: 21.00 MB
CDS: on
MetaspaceReclaimPolicy: balanced
 - commit_granule_bytes: 65536.
 - commit_granule_words: 8192.
 - virtual_space_node_default_size: 1048576.
 - enlarge_chunks_in_place: 1.
 - new_chunks_are_fully_committed: 0.
 - uncommit_free_chunks: 1.
 - use_allocation_guard: 0.
 - handle_deallocations: 1.


Internal statistics:

num_allocs_failed_limit: 0.
num_arena_births: 128.
num_arena_deaths: 0.
num_vsnodes_births: 2.
num_vsnodes_deaths: 0.
num_space_committed: 111.
num_space_uncommitted: 0.
num_chunks_returned_to_freelist: 0.
num_chunks_taken_from_freelist: 177.
num_chunk_merges: 0.
num_chunk_splits: 106.
num_chunks_enlarged: 52.
num_purges: 0.
num_inconsistent_stats: 0.

CodeHeap 'non-profiled nmethods': size=119168Kb used=438Kb max_used=438Kb free=118729Kb
 bounds [0x0000020807ba0000, 0x0000020807e10000, 0x000002080f000000]
CodeHeap 'profiled nmethods': size=119104Kb used=1577Kb max_used=1577Kb free=117527Kb
 bounds [0x0000020800750000, 0x00000208009c0000, 0x0000020807ba0000]
CodeHeap 'non-nmethods': size=7488Kb used=2384Kb max_used=2415Kb free=5103Kb
 bounds [0x0000020800000000, 0x0000020800270000, 0x0000020800750000]
 total_blobs=1699 nmethods=1119 adapters=491
 compilation: enabled
              stopped_count=0, restarted_count=0
 full_count=0

Compilation events (20 events):
Event: 1.012 Thread 0x000002087f72e2f0 nmethod 1100 0x00000208008d7e10 code [0x00000208008d7fc0, 0x00000208008d81e8]
Event: 1.012 Thread 0x00000208195f57e0 1103       3       java.lang.ref.Reference::clear (5 bytes)
Event: 1.012 Thread 0x00000208195fc110 nmethod 1101 0x00000208008d8290 code [0x00000208008d8480, 0x00000208008d8b88]
Event: 1.012 Thread 0x00000208195f57e0 nmethod 1103 0x00000208008d8d90 code [0x00000208008d8f20, 0x00000208008d9068]
Event: 1.017 Thread 0x00000208195f57e0 1105       3       java.util.HashMap::clear (50 bytes)
Event: 1.017 Thread 0x00000208195f57e0 nmethod 1105 0x00000208008d9110 code [0x00000208008d92c0, 0x00000208008d96b8]
Event: 1.017 Thread 0x00000208195f57e0 1106       3       sun.java2d.pipe.Region::isRectangular (13 bytes)
Event: 1.017 Thread 0x00000208195f57e0 nmethod 1106 0x00000208008d9810 code [0x00000208008d99a0, 0x00000208008d9b18]
Event: 1.021 Thread 0x00000208195f57e0 1107       3       java.util.concurrent.locks.ReentrantLock$Sync::isHeldExclusively (16 bytes)
Event: 1.021 Thread 0x00000208195f57e0 nmethod 1107 0x00000208008d9b90 code [0x00000208008d9d20, 0x00000208008d9eb8]
Event: 1.025 Thread 0x00000208195f57e0 1109       3       java.util.HashSet::clear (8 bytes)
Event: 1.025 Thread 0x00000208195f57e0 nmethod 1109 0x00000208008d9f90 code [0x00000208008da140, 0x00000208008da308]
Event: 1.025 Thread 0x0000020819fd8300 1110       4       java.lang.Math::round (56 bytes)
Event: 1.026 Thread 0x0000020819fd8300 nmethod 1110 0x0000020807c08210 code [0x0000020807c08380, 0x0000020807c08438]
Event: 1.028 Thread 0x0000020819fd8300 1111 %     4       summit.gfx.Renderer::renderLight @ 64 (225 bytes)
Event: 1.029 Thread 0x000002087f72e2f0 1112       1       java.nio.Buffer::position (5 bytes)
Event: 1.029 Thread 0x000002087f72e2f0 nmethod 1112 0x0000020807c08510 code [0x0000020807c086a0, 0x0000020807c08778]
Event: 1.032 Thread 0x000002087f72e2f0 1113       1       java.awt.image.ColorModel::getTransparency (5 bytes)
Event: 1.032 Thread 0x000002087f72e2f0 nmethod 1113 0x0000020807c08810 code [0x0000020807c089a0, 0x0000020807c08a78]
Event: 1.039 Thread 0x0000020819fd8300 nmethod 1111% 0x0000020807c08b10 code [0x0000020807c08cc0, 0x0000020807c09718]

GC Heap History (2 events):
Event: 1.008 GC heap before
{Heap before GC invocations=0 (full 0):
 garbage-first heap   total 253952K, used 26624K [0x0000000709600000, 0x0000000800000000)
  region size 2048K, 11 young (22528K), 0 survivors (0K)
 Metaspace       used 6945K, committed 7104K, reserved 1056768K
  class space    used 751K, committed 832K, reserved 1048576K
}
Event: 1.012 GC heap after
{Heap after GC invocations=1 (full 0):
 garbage-first heap   total 253952K, used 9739K [0x0000000709600000, 0x0000000800000000)
  region size 2048K, 2 young (4096K), 2 survivors (4096K)
 Metaspace       used 6945K, committed 7104K, reserved 1056768K
  class space    used 751K, committed 832K, reserved 1048576K
}

Deoptimization events (20 events):
Event: 1.044 Thread 0x0000020819fc2d00 DEOPT PACKING pc=0x00000208008d17ba sp=0x000000dbf28fefc0
Event: 1.044 Thread 0x0000020819fc2d00 DEOPT UNPACKING pc=0x0000020800052b43 sp=0x000000dbf28fe470 mode 0
Event: 1.044 Thread 0x0000020819fc2d00 DEOPT PACKING pc=0x00000208008d17ba sp=0x000000dbf28fef10
Event: 1.044 Thread 0x0000020819fc2d00 DEOPT UNPACKING pc=0x0000020800052b43 sp=0x000000dbf28fe3c0 mode 0
Event: 1.044 Thread 0x0000020819fc2d00 DEOPT PACKING pc=0x00000208008d17ba sp=0x000000dbf28fefc0
Event: 1.044 Thread 0x0000020819fc2d00 DEOPT UNPACKING pc=0x0000020800052b43 sp=0x000000dbf28fe470 mode 0
Event: 1.044 Thread 0x0000020819fc2d00 DEOPT PACKING pc=0x00000208008d17ba sp=0x000000dbf28fefc0
Event: 1.044 Thread 0x0000020819fc2d00 DEOPT UNPACKING pc=0x0000020800052b43 sp=0x000000dbf28fe470 mode 0
Event: 1.044 Thread 0x0000020819fc2d00 DEOPT PACKING pc=0x00000208008d17ba sp=0x000000dbf28fefc0
Event: 1.044 Thread 0x0000020819fc2d00 DEOPT UNPACKING pc=0x0000020800052b43 sp=0x000000dbf28fe470 mode 0
Event: 1.045 Thread 0x0000020819fc2d00 DEOPT PACKING pc=0x00000208008d17ba sp=0x000000dbf28fef10
Event: 1.045 Thread 0x0000020819fc2d00 DEOPT UNPACKING pc=0x0000020800052b43 sp=0x000000dbf28fe3c0 mode 0
Event: 1.045 Thread 0x0000020819fc2d00 DEOPT PACKING pc=0x00000208008d17ba sp=0x000000dbf28fefc0
Event: 1.045 Thread 0x0000020819fc2d00 DEOPT UNPACKING pc=0x0000020800052b43 sp=0x000000dbf28fe470 mode 0
Event: 1.045 Thread 0x0000020819fc2d00 DEOPT PACKING pc=0x00000208008d17ba sp=0x000000dbf28fefc0
Event: 1.045 Thread 0x0000020819fc2d00 DEOPT UNPACKING pc=0x0000020800052b43 sp=0x000000dbf28fe470 mode 0
Event: 1.045 Thread 0x0000020819fc2d00 DEOPT PACKING pc=0x00000208008d17ba sp=0x000000dbf28fefc0
Event: 1.045 Thread 0x0000020819fc2d00 DEOPT UNPACKING pc=0x0000020800052b43 sp=0x000000dbf28fe470 mode 0
Event: 1.045 Thread 0x0000020819fc2d00 DEOPT PACKING pc=0x00000208008d17ba sp=0x000000dbf28fefc0
Event: 1.045 Thread 0x0000020819fc2d00 DEOPT UNPACKING pc=0x0000020800052b43 sp=0x000000dbf28fe470 mode 0

Classes unloaded (0 events):
No events

Classes redefined (0 events):
No events

Internal exceptions (13 events):
Event: 0.053 Thread 0x0000020819630b00 Exception <a 'java/lang/ClassNotFoundException'{0x0000000718a2c1c8}: sun/awt/resources/spi/awtProvider> (0x0000000718a2c1c8) 
thrown [e:\jenkins\tmp\workspace\build\src\src\hotspot\share\classfile\systemDictionary.cpp, line 256]
Event: 0.073 Thread 0x0000020819630b00 Exception <a 'java/io/FileNotFoundException'{0x0000000718b666c8}> (0x0000000718b666c8) 
thrown [e:\jenkins\tmp\workspace\build\src\src\hotspot\share\prims\jni.cpp, line 516]
Event: 0.078 Thread 0x0000020819630b00 Exception <a 'java/io/FileNotFoundException'{0x0000000718b93620}> (0x0000000718b93620) 
thrown [e:\jenkins\tmp\workspace\build\src\src\hotspot\share\prims\jni.cpp, line 516]
Event: 0.091 Thread 0x0000020819630b00 Exception <a 'java/lang/NoSuchMethodError'{0x0000000718bc8fd0}: 'java.lang.Object java.lang.invoke.DirectMethodHandle$Holder.invokeStaticInit(java.lang.Object)'> (0x0000000718bc8fd0) 
thrown [e:\jenkins\tmp\workspace\build\src\src\hotspot\share\interpreter\linkResolver.cpp, line 766]
Event: 0.241 Thread 0x0000020819630b00 Exception <a 'java/lang/NoSuchMethodError'{0x0000000718762a18}: 'void java.lang.invoke.DirectMethodHandle$Holder.invokeSpecial(java.lang.Object, java.lang.Object, java.lang.Object)'> (0x0000000718762a18) 
thrown [e:\jenkins\tmp\workspace\build\src\src\hotspot\share\interpreter\linkResolver.cpp, line 766]
Event: 0.250 Thread 0x0000020819630b00 Exception <a 'java/lang/NoSuchMethodError'{0x000000071878ccb0}: 'java.lang.Object java.lang.invoke.DirectMethodHandle$Holder.newInvokeSpecial(java.lang.Object, java.lang.Object, java.lang.Object, java.lang.Object, java.lang.Object)'> (0x000000071878ccb0) 
thrown [e:\jenkins\tmp\workspace\build\src\src\hotspot\share\interpreter\linkResolver.cpp, line 766]
Event: 0.251 Thread 0x0000020819630b00 Exception <a 'java/lang/NoSuchMethodError'{0x0000000718798678}: 'java.lang.Object java.lang.invoke.DirectMethodHandle$Holder.invokeStatic(java.lang.Object, int, java.lang.Object, java.lang.Object, java.lang.Object, java.lang.Object)'> (0x0000000718798678) 
thrown [e:\jenkins\tmp\workspace\build\src\src\hotspot\share\interpreter\linkResolver.cpp, line 766]
Event: 0.256 Thread 0x0000020819630b00 Exception <a 'java/lang/NoSuchMethodError'{0x00000007187bdd98}: 'java.lang.Object java.lang.invoke.DirectMethodHandle$Holder.invokeStatic(java.lang.Object, int, java.lang.Object)'> (0x00000007187bdd98) 
thrown [e:\jenkins\tmp\workspace\build\src\src\hotspot\share\interpreter\linkResolver.cpp, line 766]
Event: 0.275 Thread 0x0000020819630b00 Exception <a 'java/lang/ClassNotFoundException'{0x0000000718476138}: com/sun/swing/internal/plaf/metal/resources/spi/metalProvider> (0x0000000718476138) 
thrown [e:\jenkins\tmp\workspace\build\src\src\hotspot\share\classfile\systemDictionary.cpp, line 256]
Event: 0.276 Thread 0x0000020819630b00 Exception <a 'java/lang/ClassNotFoundException'{0x000000071847a010}: com/sun/swing/internal/plaf/basic/resources/spi/basicProvider> (0x000000071847a010) 
thrown [e:\jenkins\tmp\workspace\build\src\src\hotspot\share\classfile\systemDictionary.cpp, line 256]
Event: 0.287 Thread 0x000002081984c3e0 Exception <a 'java/lang/NoSuchMethodError'{0x0000000718680998}: 'void java.lang.invoke.DirectMethodHandle$Holder.invokeVirtual(java.lang.Object, java.lang.Object)'> (0x0000000718680998) 
thrown [e:\jenkins\tmp\workspace\build\src\src\hotspot\share\interpreter\linkResolver.cpp, line 766]
Event: 0.298 Thread 0x0000020819630b00 Exception <a 'java/lang/NoSuchMethodError'{0x00000007184b8020}: 'void java.lang.invoke.DirectMethodHandle$Holder.invokeStaticInit(java.lang.Object)'> (0x00000007184b8020) 
thrown [e:\jenkins\tmp\workspace\build\src\src\hotspot\share\interpreter\linkResolver.cpp, line 766]
Event: 0.921 Thread 0x0000020819f226b0 Implicit null exception at 0x0000020807bf1dd6 to 0x0000020807bf1ed4

VM Operations (12 events):
Event: 0.039 Executing VM operation: HandshakeAllThreads
Event: 0.039 Executing VM operation: HandshakeAllThreads done
Event: 0.274 Executing VM operation: HandshakeAllThreads
Event: 0.274 Executing VM operation: HandshakeAllThreads done
Event: 0.315 Executing VM operation: HandshakeAllThreads
Event: 0.315 Executing VM operation: HandshakeAllThreads done
Event: 0.340 Executing VM operation: HandshakeAllThreads
Event: 0.341 Executing VM operation: HandshakeAllThreads done
Event: 0.905 Executing VM operation: HandshakeAllThreads
Event: 0.905 Executing VM operation: HandshakeAllThreads done
Event: 1.008 Executing VM operation: G1CollectForAllocation
Event: 1.012 Executing VM operation: G1CollectForAllocation done

Events (20 events):
Event: 0.363 loading class sun/awt/im/CompositionAreaHandler
Event: 0.363 loading class sun/awt/im/CompositionAreaHandler done
Event: 0.363 loading class java/text/AttributedString
Event: 0.363 loading class java/text/AttributedString done
Event: 0.363 loading class java/text/AttributedString$AttributedStringIterator
Event: 0.363 loading class java/text/AttributedCharacterIterator
Event: 0.363 loading class java/text/CharacterIterator
Event: 0.363 loading class java/text/CharacterIterator done
Event: 0.363 loading class java/text/AttributedCharacterIterator done
Event: 0.363 loading class java/text/AttributedString$AttributedStringIterator done
Event: 0.372 loading class sun/awt/image/BufImgSurfaceManager
Event: 0.372 loading class sun/awt/image/BufImgSurfaceManager done
Event: 0.372 loading class sun/awt/image/BufImgSurfaceData
Event: 0.373 loading class sun/awt/image/BufImgSurfaceData done
Event: 0.373 loading class sun/awt/image/BufImgSurfaceData$ICMColorData
Event: 0.373 loading class sun/awt/image/BufImgSurfaceData$ICMColorData done
Event: 0.902 loading class java/lang/Math$RandomNumberGeneratorHolder
Event: 0.902 loading class java/lang/Math$RandomNumberGeneratorHolder done
Event: 0.917 Thread 0x0000020819fd8300 Thread added: 0x0000020819fd8300
Event: 0.940 Thread 0x0000020819fc3bc0 Thread added: 0x0000020819fc3bc0


Dynamic libraries:
0x00007ff7039e0000 - 0x00007ff7039ee000 	C:\Users\aadiu\AppData\Local\Programs\Eclipse Adoptium\jdk-17.0.2.8-hotspot\bin\java.exe
0x00007ffb36970000 - 0x00007ffb36b68000 	C:\Windows\SYSTEM32\ntdll.dll
0x00007ffb352a0000 - 0x00007ffb3535f000 	C:\Windows\System32\KERNEL32.DLL
0x00007ffb34310000 - 0x00007ffb345e2000 	C:\Windows\System32\KERNELBASE.dll
0x00007ffb34110000 - 0x00007ffb34210000 	C:\Windows\System32\ucrtbase.dll
0x00007ffb1e3d0000 - 0x00007ffb1e3e8000 	C:\Users\aadiu\AppData\Local\Programs\Eclipse Adoptium\jdk-17.0.2.8-hotspot\bin\jli.dll
0x00007ffb1e3b0000 - 0x00007ffb1e3c9000 	C:\Users\aadiu\AppData\Local\Programs\Eclipse Adoptium\jdk-17.0.2.8-hotspot\bin\VCRUNTIME140.dll
0x00007ffb35530000 - 0x00007ffb356cd000 	C:\Windows\System32\USER32.dll
0x00007ffb34720000 - 0x00007ffb34742000 	C:\Windows\System32\win32u.dll
0x00007ffb20b10000 - 0x00007ffb20daa000 	C:\Windows\WinSxS\amd64_microsoft.windows.common-controls_6595b64144ccf1df_6.0.19041.1110_none_60b5254171f9507e\COMCTL32.dll
0x00007ffb35fa0000 - 0x00007ffb35fcb000 	C:\Windows\System32\GDI32.dll
0x00007ffb35f00000 - 0x00007ffb35f9e000 	C:\Windows\System32\msvcrt.dll
0x00007ffb34750000 - 0x00007ffb3485f000 	C:\Windows\System32\gdi32full.dll
0x00007ffb345f0000 - 0x00007ffb3468d000 	C:\Windows\System32\msvcp_win.dll
0x00007ffb356f0000 - 0x00007ffb35722000 	C:\Windows\System32\IMM32.DLL
0x00007ffb24f60000 - 0x00007ffb24f6c000 	C:\Users\aadiu\AppData\Local\Programs\Eclipse Adoptium\jdk-17.0.2.8-hotspot\bin\vcruntime140_1.dll
0x00007ffb0bad0000 - 0x00007ffb0bb61000 	C:\Users\aadiu\AppData\Local\Programs\Eclipse Adoptium\jdk-17.0.2.8-hotspot\bin\msvcp140.dll
0x00007ffabe230000 - 0x00007ffabee77000 	C:\Users\aadiu\AppData\Local\Programs\Eclipse Adoptium\jdk-17.0.2.8-hotspot\bin\server\jvm.dll
0x00007ffb34ec0000 - 0x00007ffb34f6e000 	C:\Windows\System32\ADVAPI32.dll
0x00007ffb35e60000 - 0x00007ffb35efc000 	C:\Windows\System32\sechost.dll
0x00007ffb35ba0000 - 0x00007ffb35cc5000 	C:\Windows\System32\RPCRT4.dll
0x00007ffb34eb0000 - 0x00007ffb34eb8000 	C:\Windows\System32\PSAPI.DLL
0x00007ffb2d720000 - 0x00007ffb2d72a000 	C:\Windows\SYSTEM32\VERSION.dll
0x00007ffb1d990000 - 0x00007ffb1d999000 	C:\Windows\SYSTEM32\WSOCK32.dll
0x00007ffb31d40000 - 0x00007ffb31d67000 	C:\Windows\SYSTEM32\WINMM.dll
0x00007ffb35160000 - 0x00007ffb351cb000 	C:\Windows\System32\WS2_32.dll
0x00007ffb31fa0000 - 0x00007ffb31fb2000 	C:\Windows\SYSTEM32\kernel.appcore.dll
0x00007ffb20810000 - 0x00007ffb2081a000 	C:\Users\aadiu\AppData\Local\Programs\Eclipse Adoptium\jdk-17.0.2.8-hotspot\bin\jimage.dll
0x00007ffb31b50000 - 0x00007ffb31d34000 	C:\Windows\SYSTEM32\DBGHELP.DLL
0x00007ffb31b20000 - 0x00007ffb31b4c000 	C:\Windows\SYSTEM32\dbgcore.DLL
0x00007ffb34690000 - 0x00007ffb34712000 	C:\Windows\System32\bcryptPrimitives.dll
0x00007ffb1e380000 - 0x00007ffb1e3a5000 	C:\Users\aadiu\AppData\Local\Programs\Eclipse Adoptium\jdk-17.0.2.8-hotspot\bin\java.dll
0x00007ffb0b2a0000 - 0x00007ffb0b376000 	C:\Users\aadiu\AppData\Local\Programs\Eclipse Adoptium\jdk-17.0.2.8-hotspot\bin\jsvml.dll
0x00007ffb35fd0000 - 0x00007ffb36713000 	C:\Windows\System32\SHELL32.dll
0x00007ffb32130000 - 0x00007ffb328c2000 	C:\Windows\SYSTEM32\windows.storage.dll
0x00007ffb34ad0000 - 0x00007ffb34e24000 	C:\Windows\System32\combase.dll
0x00007ffb33a60000 - 0x00007ffb33a90000 	C:\Windows\SYSTEM32\Wldp.dll
0x00007ffb349c0000 - 0x00007ffb34a6d000 	C:\Windows\System32\SHCORE.dll
0x00007ffb35020000 - 0x00007ffb35075000 	C:\Windows\System32\shlwapi.dll
0x00007ffb33fb0000 - 0x00007ffb33fcf000 	C:\Windows\SYSTEM32\profapi.dll
0x00007ffaf5980000 - 0x00007ffaf5b0e000 	C:\Users\aadiu\AppData\Local\Programs\Eclipse Adoptium\jdk-17.0.2.8-hotspot\bin\awt.dll
0x00007ffb351d0000 - 0x00007ffb3529d000 	C:\Windows\System32\OLEAUT32.dll
0x00007ffb31300000 - 0x00007ffb31391000 	C:\Windows\SYSTEM32\apphelp.dll
0x00007ffb1e360000 - 0x00007ffb1e378000 	C:\Users\aadiu\AppData\Local\Programs\Eclipse Adoptium\jdk-17.0.2.8-hotspot\bin\zip.dll
0x00007ffb31410000 - 0x00007ffb314ae000 	C:\Windows\system32\uxtheme.dll
0x00007ffb353f0000 - 0x00007ffb35505000 	C:\Windows\System32\MSCTF.dll
0x00007ffb35cd0000 - 0x00007ffb35dfa000 	C:\Windows\System32\ole32.dll
0x00007ffb31590000 - 0x00007ffb315bf000 	C:\Windows\system32\DWMAPI.DLL
0x00007ffadadb0000 - 0x00007ffadaed5000 	C:\Windows\system32\opengl32.dll
0x00007ffada100000 - 0x00007ffada12c000 	C:\Windows\SYSTEM32\GLU32.dll
0x00007ffb269b0000 - 0x00007ffb26b7f000 	C:\Windows\system32\d3d9.dll
0x00007ffb28d70000 - 0x00007ffb28f28000 	C:\Windows\System32\DriverStore\FileRepository\u0370468.inf_amd64_5e4260b11257b6e9\B370372\aticfx64.dll
0x00007ffb12520000 - 0x00007ffb12554000 	C:\Windows\System32\DriverStore\FileRepository\u0370468.inf_amd64_5e4260b11257b6e9\B370372\atiu9p64.dll
0x00007ffabd4d0000 - 0x00007ffabe224000 	C:\Windows\System32\DriverStore\FileRepository\u0370468.inf_amd64_5e4260b11257b6e9\B370372\atiumd64.dll
0x000000006c4b0000 - 0x000000006d324000 	C:\Windows\System32\DriverStore\FileRepository\u0370468.inf_amd64_5e4260b11257b6e9\B370372\atiumd6a.dll
0x00007ffb35730000 - 0x00007ffb35b98000 	C:\Windows\System32\SETUPAPI.dll
0x00007ffb34210000 - 0x00007ffb3425e000 	C:\Windows\System32\cfgmgr32.dll
0x00007ffb33e30000 - 0x00007ffb33e7b000 	C:\Windows\SYSTEM32\POWRPROF.dll
0x00007ffb34070000 - 0x00007ffb34097000 	C:\Windows\System32\bcrypt.dll
0x00007ffb33e10000 - 0x00007ffb33e22000 	C:\Windows\SYSTEM32\UMPDC.dll
0x00007ffb29180000 - 0x00007ffb291b0000 	C:\Windows\SYSTEM32\amdihk64.dll
0x00007ffb29960000 - 0x00007ffb2999b000 	C:\Windows\SYSTEM32\dxcore.dll
0x00007ffb0b400000 - 0x00007ffb0b489000 	C:\Users\aadiu\AppData\Local\Programs\Eclipse Adoptium\jdk-17.0.2.8-hotspot\bin\freetype.dll
0x00007ffb0b1f0000 - 0x00007ffb0b298000 	C:\Users\aadiu\AppData\Local\Programs\Eclipse Adoptium\jdk-17.0.2.8-hotspot\bin\fontmanager.dll
0x00007ffb28f30000 - 0x00007ffb29029000 	C:\Windows\SYSTEM32\textinputframework.dll
0x00007ffb309d0000 - 0x00007ffb30ac2000 	C:\Windows\System32\CoreMessaging.dll
0x00007ffb30e70000 - 0x00007ffb311ce000 	C:\Windows\System32\CoreUIComponents.dll
0x00007ffb33190000 - 0x00007ffb331c3000 	C:\Windows\SYSTEM32\ntmarta.dll
0x00007ffb30200000 - 0x00007ffb30354000 	C:\Windows\SYSTEM32\wintypes.dll

dbghelp: loaded successfully - version: 4.0.5 - missing functions: none
symbol engine: initialized successfully - sym options: 0x614 - pdb path: .;C:\Users\aadiu\AppData\Local\Programs\Eclipse Adoptium\jdk-17.0.2.8-hotspot\bin;C:\Windows\SYSTEM32;C:\Windows\WinSxS\amd64_microsoft.windows.common-controls_6595b64144ccf1df_6.0.19041.1110_none_60b5254171f9507e;C:\Users\aadiu\AppData\Local\Programs\Eclipse Adoptium\jdk-17.0.2.8-hotspot\bin\server;C:\Windows\System32\DriverStore\FileRepository\u0370468.inf_amd64_5e4260b11257b6e9\B370372

VM Arguments:
jvm_args: -XX:+ShowCodeDetailsInExceptionMessages 
java_command: summit.Main
java_class_path (initial): C:\Users\aadiu\AppData\Roaming\Code\User\workspaceStorage\929b6f7fce9865a60d0bbe8b6a275a21\redhat.java\jdt_ws\Summit Game_948de7c9\bin
Launcher Type: SUN_STANDARD

[Global flags]
     intx CICompilerCount                          = 12                                        {product} {ergonomic}
     uint ConcGCThreads                            = 3                                         {product} {ergonomic}
     uint G1ConcRefinementThreads                  = 13                                        {product} {ergonomic}
   size_t G1HeapRegionSize                         = 2097152                                   {product} {ergonomic}
    uintx GCDrainStackTargetSize                   = 64                                        {product} {ergonomic}
   size_t InitialHeapSize                          = 260046848                                 {product} {ergonomic}
   size_t MarkStackSize                            = 4194304                                   {product} {ergonomic}
   size_t MaxHeapSize                              = 4137680896                                {product} {ergonomic}
   size_t MaxNewSize                               = 2480930816                                {product} {ergonomic}
   size_t MinHeapDeltaBytes                        = 2097152                                   {product} {ergonomic}
   size_t MinHeapSize                              = 8388608                                   {product} {ergonomic}
    uintx NonNMethodCodeHeapSize                   = 7602480                                {pd product} {ergonomic}
    uintx NonProfiledCodeHeapSize                  = 122027880                              {pd product} {ergonomic}
    uintx ProfiledCodeHeapSize                     = 122027880                              {pd product} {ergonomic}
    uintx ReservedCodeCacheSize                    = 251658240                              {pd product} {ergonomic}
     bool SegmentedCodeCache                       = true                                      {product} {ergonomic}
     bool ShowCodeDetailsInExceptionMessages       = true                                   {manageable} {command line}
   size_t SoftMaxHeapSize                          = 4137680896                             {manageable} {ergonomic}
     bool UseCompressedClassPointers               = true                           {product lp64_product} {ergonomic}
     bool UseCompressedOops                        = true                           {product lp64_product} {ergonomic}
     bool UseG1GC                                  = true                                      {product} {ergonomic}
     bool UseLargePagesIndividualAllocation        = false                                  {pd product} {ergonomic}

Logging:
Log output configuration:
 #0: stdout all=warning uptime,level,tags
 #1: stderr all=off uptime,level,tags

Environment Variables:
JAVA_HOME=C:\Users\aadiu\AppData\Local\Programs\Eclipse Adoptium\jdk-17.0.2.8-hotspot\
PATH=C:\Program Files (x86)\Razer Chroma SDK\bin;C:\Program Files\Razer Chroma SDK\bin;C:\Program Files (x86)\Razer\ChromaBroadcast\bin;C:\Program Files\Razer\ChromaBroadcast\bin;C:\Program Files (x86)\Common Files\Oracle\Java\javapath;C:\Program Files\Python38\Scripts\;C:\Program Files\Python38\;C:\Windows\system32;C:\Windows;C:\Windows\System32\Wbem;C:\Windows\System32\WindowsPowerShell\v1.0\;C:\Windows\System32\OpenSSH\;C:\Program Files (x86)\NVIDIA Corporation\PhysX\Common;C:\Program Files\NVIDIA Corporation\NVIDIA NvDLISR;C:\Users\aadiu\AppData\Local\Microsoft\WindowsApps;C:\Users\aadiu\AppData\Local\Programs\Microsoft VS Code\bin;C:\Windows\system32\config\systemprofile\AppData\Local\Microsoft\WindowsApps;C:\Program Files\dotnet\;C:\Program Files\Git\cmd;C:\MinGW\bin\;C:\Program Files (x86)\Windows Kits\10\Windows Performance Toolkit\;C:\Users\aadiu\AppData\Local\Programs\Eclipse Adoptium\jdk-17.0.2.8-hotspot\bin;C:\Users\aadiu\AppData\Local\Microsoft\WindowsApps;C:\Users\aadiu\AppData\Local\Programs\Microsoft VS Code\bin;C:\Users\aadiu\AppData\Local\GitHubDesktop\bin
USERNAME=aadiu
LANG=en_US.UTF-8
OS=Windows_NT
PROCESSOR_IDENTIFIER=AMD64 Family 25 Model 80 Stepping 0, AuthenticAMD



---------------  S Y S T E M  ---------------

OS:
 Windows 10 , 64 bit Build 19041 (10.0.19041.2251)
OS uptime: 1 days 8:12 hours

CPU: total 16 (initial active 16) (16 cores per cpu, 2 threads per core) family 25 model 80 stepping 0 microcode 0x0, cx8, cmov, fxsr, ht, mmx, 3dnowpref, sse, sse2, sse3, ssse3, sse4a, sse4.1, sse4.2, popcnt, lzcnt, tsc, tscinvbit, avx, avx2, aes, erms, clmul, bmi1, bmi2, adx, sha, fma, vzeroupper, clflush, clflushopt

Memory: 4k page, system-wide physical 15776M (7632M free)
TotalPageFile size 20128M (AvailPageFile size 6987M)
current process WorkingSet (physical memory assigned to process): 119M, peak: 121M
current process commit charge ("private bytes"): 428M, peak: 431M

vm_info: OpenJDK 64-Bit Server VM (17.0.2+8) for windows-amd64 JRE (17.0.2+8), built on Jan 20 2022 04:52:34 by "" with MS VC++ 16.7 (VS2019)

END.
