#
# A fatal error has been detected by the Java Runtime Environment:
#
#  EXCEPTION_ACCESS_VIOLATION (0xc0000005) at pc=0x0000016da2d16b95, pid=23536, tid=7560
#
# JRE version: OpenJDK Runtime Environment Temurin-17.0.2+8 (17.0.2+8) (build 17.0.2+8)
# Java VM: OpenJDK 64-Bit Server VM Temurin-17.0.2+8 (17.0.2+8, mixed mode, sharing, tiered, compressed oops, compressed class ptrs, g1 gc, windows-amd64)
# Problematic frame:
# J 1070 c2 summit.gfx.Renderer.render(Ljava/lang/String;FFILsummit/gfx/ColorFilter;)V (287 bytes) @ 0x0000016da2d16b95 [0x0000016da2d163a0+0x00000000000007f5]
#
# No core dump will be written. Minidumps are not enabled by default on client versions of Windows
#
# If you would like to submit a bug report, please visit:
#   https://github.com/adoptium/adoptium-support/issues
#

---------------  S U M M A R Y ------------

Command Line: -XX:+ShowCodeDetailsInExceptionMessages summit.Main

Host: AMD Ryzen 9 5900HS with Radeon Graphics        , 16 cores, 15G,  Windows 10 , 64 bit Build 19041 (10.0.19041.2251)
Time: Mon Nov 14 19:39:43 2022 Central Standard Time elapsed time: 0.880233 seconds (0d 0h 0m 0s)

---------------  T H R E A D  ---------------

Current thread (0x0000016db813f930):  JavaThread "graphicsthread" [_thread_in_Java, id=7560, stack(0x0000000d43800000,0x0000000d43900000)]

Stack: [0x0000000d43800000,0x0000000d43900000],  sp=0x0000000d438fee40,  free space=1019k
Native frames: (J=compiled Java code, j=interpreted, Vv=VM code, C=native code)
C  0x0000016da2d16b95


siginfo: EXCEPTION_ACCESS_VIOLATION (0xc0000005), reading address 0x0000000b186e44b8


Register to memory mapping:

RIP=0x0000016da2d16b95 is at entry_point+2037 in (nmethod*)0x0000016da2d16190
RAX=0x0 is NULL
RBX=0x00000000fffffff0 is an unknown value
RCX=0x00000007186e44d8 is an oop: summit.gfx.Renderer 
{0x00000007186e44d8} - klass: 'summit/gfx/Renderer'
 - ---- fields (total size 2 words):
 - private 'frame' '[[I' @12  a {type array int}[144] {0x00000007186e44e8} (e30dc89d)
RDX=0x0 is NULL
RSP=0x0000000d438fee40 is pointing into the stack for thread: 0x0000016db813f930
RBP=0x0000000000000090 is an unknown value
RSI=0x00000000ffffffe9 is an unknown value
RDI=3809331357 is a compressed pointer to object: [[I 
{0x00000007186e44e8} - klass: {type array int}[]
 - length: 144
R8 =0x00000000fffffff0 is an unknown value
R9 =0x000000071783abf8 is an oop: [[I 
{0x000000071783abf8} - klass: {type array int}[]
 - length: 16
R10=0x0000000000000010 is an unknown value
R11=0x00000007186e44e8 is an oop: [[I 
{0x00000007186e44e8} - klass: {type array int}[]
 - length: 144
R12=0x0 is NULL
R13=3809697703 is a compressed pointer to object: [I 
{0x00000007189afd38} - klass: {type array int}
 - length: 16
R14=0x0000000000000010 is an unknown value
R15=0x0000016db813f930 is a thread


Registers:
RAX=0x0000000000000000, RBX=0x00000000fffffff0, RCX=0x00000007186e44d8, RDX=0x0000000000000000
RSP=0x0000000d438fee40, RBP=0x0000000000000090, RSI=0x00000000ffffffe9, RDI=0x00000000e30dc89d
R8 =0x00000000fffffff0, R9 =0x000000071783abf8, R10=0x0000000000000010, R11=0x00000007186e44e8
R12=0x0000000000000000, R13=0x00000000e3135fa7, R14=0x0000000000000010, R15=0x0000016db813f930
RIP=0x0000016da2d16b95, EFLAGS=0x0000000000010287

Top of Stack: (sp=0x0000000d438fee40)
0x0000000d438fee40:   0000010000000000 ffffffe8fffffff8
0x0000000d438fee50:   fffffff0ffffffe8 0000000000000000
0x0000000d438fee60:   00000010ffffffe8 00000007189a50c0
0x0000000d438fee70:   0000000700000009 0000000000000000
0x0000000d438fee80:   0000000000000004 0000016d43280000
0x0000000d438fee90:   00000000c1800000 000000071817c600
0x0000000d438feea0:   0000000d438ff080 0000016d9b9d7114
0x0000000d438feeb0:   0000000d438fef50 0000000d438fefe8
0x0000000d438feec0:   0000016d9b1194fe 0000000000000000
0x0000000d438feed0:   0000000000000000 0000000000000000
0x0000000d438feee0:   0000000000000000 00000007186e44d8
0x0000000d438feef0:   000000071817c600 0000000000000004
0x0000000d438fef00:   0000000000000000 0000000000000000
0x0000000d438fef10:   0000000d438ff080 0000016d9b9d836c
0x0000000d438fef20:   409e000000000000 0000000000000000
0x0000000d438fef30:   0000000000000000 0000000000000000 

Instructions: (pc=0x0000016da2d16b95)
0x0000016da2d16a95:   cf 00 00 00 0f 1f 80 00 00 00 00 44 2b 4c 24 10
0x0000016da2d16aa5:   45 8b e9 41 ff c5 44 8b ca 45 3b ea 0f 83 fa 08
0x0000016da2d16ab5:   00 00 45 8b 5c fc 10 47 8b 5c dc 0c 45 3b cb 0f
0x0000016da2d16ac5:   83 73 01 00 00 c4 c1 f9 7e d3 45 8b 5c 8b 10 47
0x0000016da2d16ad5:   8b 44 dc 0c 49 c1 e3 03 45 3b e8 0f 83 f2 08 00
0x0000016da2d16ae5:   00 47 8b 44 ab 10 41 83 f8 ff 0f 84 3e 01 00 00
0x0000016da2d16af5:   45 8b 5c c4 0c 45 3b cb 0f 83 f1 08 00 00 47 89
0x0000016da2d16b05:   44 8e 10 45 33 ed c4 c1 f9 7e d3 45 8b 43 10 47
0x0000016da2d16b15:   8b 5c c4 0c 44 03 5c 24 10 4d 8b 87 48 03 00 00
0x0000016da2d16b25:   41 8b d1 ff c2 41 85 00 41 3b d3 0f 8c 6a ff ff
0x0000016da2d16b35:   ff 4d 8b 9f 48 03 00 00 ff c3 41 85 03 3b 1c 24
0x0000016da2d16b45:   0f 8d fc 00 00 00 c4 e1 f9 7e c1 c4 e1 f9 7e c8
0x0000016da2d16b55:   c5 f9 7e da 44 8b 5c 24 10 44 8b 44 24 14 c4 c1
0x0000016da2d16b65:   f9 7e d1 44 3b 5c 24 08 0f 8d ea 00 00 00 c4 c1
0x0000016da2d16b75:   f9 6e d1 44 89 44 24 14 44 89 5c 24 10 c5 f9 6e
0x0000016da2d16b85:   da c4 e1 f9 6e c8 c4 e1 f9 6e c1 c4 c1 f9 7e e3
0x0000016da2d16b95:   41 8b 44 9b 10 8b cb 41 2b c8 3b dd 0f 83 4e 05
0x0000016da2d16ba5:   00 00 44 8b 44 24 10 44 3b 44 24 04 0f 83 3e 05
0x0000016da2d16bb5:   00 00 45 8b 5c 89 10 47 8b 4c dc 0c 45 85 c9 0f
0x0000016da2d16bc5:   86 5e 09 00 00 47 8b 44 dc 10 41 83 f8 ff 0f 84
0x0000016da2d16bd5:   12 05 00 00 45 8b 5c c4 0c 44 8b 4c 24 10 45 3b
0x0000016da2d16be5:   cb 0f 83 0d 08 00 00 4d 8d 0c c4 44 8b 5c 24 10
0x0000016da2d16bf5:   47 89 44 99 10 45 33 ed c4 c1 f9 7e d3 45 8b 43
0x0000016da2d16c05:   10 47 8b 5c c4 0c 44 03 5c 24 10 41 3b f3 0f 8d
0x0000016da2d16c15:   1d ff ff ff 3b dd 0f 83 de 04 00 00 4d 8d 34 c4
0x0000016da2d16c25:   44 8b ce 41 bd 01 00 00 00 e9 7b fe ff ff c4 c1
0x0000016da2d16c35:   f9 7e cd e9 ce fe ff ff c4 c1 f9 7e cd e9 c4 fe
0x0000016da2d16c45:   ff ff c5 f8 77 48 83 c4 60 5d 49 3b a7 40 03 00
0x0000016da2d16c55:   00 0f 87 5c 0f 00 00 c3 c4 c1 f9 6e d1 44 89 44
0x0000016da2d16c65:   24 14 44 89 5c 24 10 c5 f9 6e da c4 e1 f9 6e c8
0x0000016da2d16c75:   c4 e1 f9 6e c1 4c 8b e8 e9 b4 fe ff ff c4 c1 f9
0x0000016da2d16c85:   7e c1 c4 e1 f9 7e c9 c4 c1 79 7e d0 c4 c1 79 7e 


Stack slot to memory mapping:
stack at sp + 0 slots: 0x0000010000000000 is an unknown value
stack at sp + 1 slots: 0xffffffe8fffffff8 is an unknown value
stack at sp + 2 slots: 0xfffffff0ffffffe8 is an unknown value
stack at sp + 3 slots: 0x0 is NULL
stack at sp + 4 slots: 0x00000010ffffffe8 is an unknown value
stack at sp + 5 slots: 0x00000007189a50c0 is an oop: [[I 
{0x00000007189a50c0} - klass: {type array int}[]
 - length: 16
stack at sp + 6 slots: 0x0000000700000009 is an unknown value
stack at sp + 7 slots: 0x0 is NULL

--------------------------------------------------------------------------------
[Constant Pool (empty)]

--------------------------------------------------------------------------------

[MachCode]
  0x0000016da2d163a0: 448b 5208 | 49bb 0000 | 0000 0800 | 0000 4d03 | d349 3bc2 | 0f85 c666 | 44f8 6690 | 0f1f 4000 
  0x0000016da2d163c0: 8984 2400 | 90ff ff55 | 4883 ec60 | c4c1 f96e | d848 897c | 2418 c4c1 | 796e d148 | 8914 2449 
  0x0000016da2d163e0: ba08 30a0 | 1807 0000 | 0041 8b6a | 7045 8b5c | ec08 4181 | fbe0 ad0b | 000f 85b3 | 1100 004d 
  0x0000016da2d16400: 8d14 ec45 | 8b5a 2447 | 8b4c dc0c | 4585 c90f | 8641 1200 | 004f 8d34 | dc4d 85c0 | 0f84 820f 
  0x0000016da2d16420: 0000 458b | 400c 41ff | c945 85c0 | 757f c4c1 | f97e da45 | 0fb6 5211 | 4585 d20f | 852f 0f00 
  0x0000016da2d16440: 00c4 c1f9 | 7eda 450f | be52 1045 | 85d2 0f85 | 5814 0000 | c4c1 f97e | da41 8b6a | 1441 8b4c 
  0x0000016da2d16460: ec0c 85c9 | 0f86 130f | 0000 8bf9 | ffcf 3bf9 | 0f83 6a13 | 0000 450f | b644 ec10 | 8bd9 83c3 
  0x0000016da2d16480: fd3b fb41 | bb00 0000 | 8041 0f4c | db41 8bf8 | c1e7 0541 | 2bf8 4d8d | 1cec 83fb | 010f 8e71 
  0x0000016da2d164a0: 1300 00b8 | 0100 0000 | 4533 d2eb | 3b45 8bd0 | 41c1 ea10 | 4533 d045 | 23ca 33d2 | e9df 0000 
  0x0000016da2d164c0: 0045 0fb6 | 4403 1041 | 03f8 ffc0 | 3bc1 0f8d | ae00 0000 | 448b c741 | c1e0 0544 | 2bc7 418b 
  0x0000016da2d164e0: f8eb dec4 | c179 7ee2 | 8bd3 2bd0 | 3bd8 410f | 4cd2 81fa | a00f 0000 | bea0 0f00 | 000f 47d6 
  0x0000016da2d16500: 03d0 c4c1 | 796e e266 | 0f1f 8400 | 0000 0000 | 4863 e845 | 0fb6 542b | 1041 0fb6 | 742b 1345 
  0x0000016da2d16520: 0fb6 442b | 1145 0fb6 | 6c2b 1241 | 03fa 8bef | c1e5 052b | ef41 03e8 | 448b d541 | c1e2 0544 
  0x0000016da2d16540: 2bd5 4503 | d545 8bc2 | 41c1 e005 | 452b c244 | 03c6 418b | f8c1 e705 | 412b f883 | c004 3bc2 
  0x0000016da2d16560: 7cae 498b | b748 0300 | 0085 063b | c30f 8c70 | ffff ffc5 | f97e e23b | c10f 8c42 | ffff ff41 
  0x0000016da2d16580: 8bf8 85ff | 0f84 f50d | 0000 c4c1 | f97e da41 | 897a 0c44 | 8bd7 41c1 | ea10 4433 | d745 23ca 
  0x0000016da2d165a0: 478b 448e | 1047 8b4c | c40c 453b | ca0f 85b0 | 0b00 0047 | 8b4c c410 | 4d8b d949 | c1e3 03c4 
  0x0000016da2d165c0: e1f9 7ed9 | 4c3b d90f | 8422 0100 | 000f be59 | 1049 3bcb | 0f84 1501 | 0000 478b | 5ccc 0841 
  0x0000016da2d165e0: 81fb 70e9 | 0000 0f85 | 5813 0000 | 4f8d 1ccc | 410f be6b | 103b dd0f | 8577 1200 | 0045 8b5b 
  0x0000016da2d16600: 148b 5914 | 478b 4cdc | 0c41 8b4c | dc0c 413b | c90f 858d | 1100 004f | 8d0c dc4b | 8d74 dc10 
  0x0000016da2d16620: 4d8d 1cdc | 498d 7cdc | 1085 c90f | 84a5 0000 | 008b c183 | e01f 83e1 | e00f 844b | 0000 0048 
  0x0000016da2d16640: 8d3c 0f48 | 8d34 0e48 | f7d9 c5fe | 6f2c 0fc5 | fe6f 240e | c5d5 efec | c4e2 7d17 | ed0f 857a 
  0x0000016da2d16660: 0000 0048 | 83c1 2075 | e185 c00f | 8465 0000 | 00c5 fe6f | 6c07 e0c5 | fe6f 6406 | e0c5 d5ef 
  0x0000016da2d16680: ecc4 e27d | 17ed 7555 | eb4c 8bc8 | 83e1 fc74 | 1948 8d3c | 0f48 8d34 | 0e48 f7d9 | 8b1c 0f3b 
  0x0000016da2d166a0: 1c0e 7539 | 4883 c104 | 75f2 f7c0 | 0200 0000 | 7412 0fb7 | 1f0f b70e | 3bd9 7521 | 488d 7f02 
  0x0000016da2d166c0: 488d 7602 | f7c0 0100 | 0000 740a | 0fb6 1f0f | b60e 3bd9 | 7507 b801 | 0000 00eb | 0233 c0c5 
  0x0000016da2d166e0: d5ef edc5 | ddef e485 | c00f 84b5 | 1000 004f | 8d1c c441 | 8b6b 1445 | 8b5c ec08 | 4181 fb08 
  0x0000016da2d16700: 6d00 000f | 851b 1200 | 004d 8d0c | ec45 8b51 | 0c45 85d2 | 0f86 be0e | 0000 458b | 5910 478b 
  0x0000016da2d16720: 44dc 0c41 | d1fa 41d1 | f8c4 c179 | 6eda c5f8 | 5bdb c4c1 | 796e e8c5 | f85b edc5 | f25c cbc5 
  0x0000016da2d16740: fa5c ddc4 | c179 7eda | c5f9 7ecf | 458b da41 | c1eb 1744 | 8bc7 41c1 | e817 450f | b6db b995 
  0x0000016da2d16760: 0000 0041 | 2bcb 450f | b6c0 bb95 | 0000 0041 | 2bd8 f7c1 | e0ff ffff | 0f85 b00b | 0000 458b 
  0x0000016da2d16780: da41 81e3 | ffff 7f00 | 4181 cb00 | 0080 0045 | 85d2 0f8c | 040c 0000 | 41d3 fb41 | ffc3 41d1 
  0x0000016da2d167a0: fbf7 c3e0 | ffff ff0f | 855f 0b00 | 0044 8bc7 | 4181 e0ff | ff7f 0041 | 81c8 0000 | 8000 85ff 
  0x0000016da2d167c0: 0f8c ce0b | 0000 8bcb | 41d3 f841 | ffc0 41d1 | f8c4 c179 | 7ed2 4585 | d275 0845 | 33d2 e9fb 
  0x0000016da2d167e0: 0100 0041 | f7c2 0400 | 0000 7430 | 4489 4424 | 1044 895c | 240c 8954 | 2408 418b | ea49 8bd1 
  0x0000016da2d16800: c5f8 77e8 | 18e6 ffff | 4c8b c844 | 8bd5 8b54 | 2408 448b | 5c24 0c44 | 8b44 2410 | 41f7 c201 
  0x0000016da2d16820: 0000 000f | 84ca 0000 | 0041 8b69 | 0c85 ed0f | 8643 0f00 | 0041 8b49 | 1041 8b4c | cc0c 894c 
  0x0000016da2d16840: 2410 896c | 2414 4c89 | 4c24 2844 | 8944 2424 | 4489 5c24 | 2089 5424 | 0c44 8954 | 2408 48ba 
  0x0000016da2d16860: 086d 0000 | 0800 0000 | 448b c544 | 8bc9 6690 | c5f8 77e8 | 085c 4ff8 | 448b dd41 | ffcb 443b 
  0x0000016da2d16880: dd0f 83b1 | 0e00 0044 | 8b50 0c45 | 85d2 0f86 | a40e 0000 | 453b da0f | 839b 0e00 | 0044 8b74 
  0x0000016da2d168a0: 2410 41ff | ce8b 7424 | 10d1 fe4c | 6344 2410 | 8bee 83c5 | fe3b f541 | bb00 0000 | 8041 0f4c 
  0x0000016da2d168c0: eb4c 63d6 | 498b d849 | 2bda 448b | de41 ffc3 | 48ff cb45 | 33ed e95e | 0700 00c4 | c1f9 7ec1 
  0x0000016da2d168e0: 448b 5424 | 088b 5424 | 0c44 8b5c | 2420 448b | 4424 2441 | f7c2 0200 | 0000 0f84 | de00 0000 
  0x0000016da2d16900: 498b d941 | 8b49 0c85 | c90f 86f5 | 0d00 0045 | 8b49 1047 | 8b4c cc0c | 894c 2428 | 4889 5c24 
  0x0000016da2d16920: 2044 8944 | 2414 4489 | 5c24 1089 | 5424 0c44 | 8954 2408 | 48ba 086d | 0000 0800 | 0000 448b 
  0x0000016da2d16940: c166 6690 | c5f8 77e8 | 345b 4ff8 | 488b c844 | 8b51 0c44 | 8b5c 2428 | 41d1 fb45 | 8bc3 41ff 
  0x0000016da2d16960: c045 85d2 | 0f86 4e0d | 0000 453b | da0f 8345 | 0d00 0048 | 636c 2428 | 4d63 cb48 | 8bdd 492b 
  0x0000016da2d16980: d948 ffcb | 483b dd0f | 832b 0d00 | 0044 8b4c | 2428 41ff | c944 3b4c | 2428 0f83 | 180d 0000 
  0x0000016da2d169a0: 4963 fa48 | 3bdf 0f83 | 0c0d 0000 | 453b ca0f | 8303 0d00 | 0044 3b5c | 2428 0f83 | f80c 0000 
  0x0000016da2d169c0: 4533 d2e9 | ee02 0000 | 4c8b c98b | 5424 0c44 | 8b5c 2410 | 448b 4424 | 1444 8b54 | 2408 418b 
  0x0000016da2d169e0: eac1 fd03 | 85ed 0f85 | a00c 0000 | 458b 510c | 418b d841 | 03da 443b | c30f 8d48 | 0200 0049 
  0x0000016da2d16a00: 63ca 4963 | f841 8bf0 | f7de 4863 | f648 03fe | 483b f90f | 83f3 0b00 | 0048 63fb | 4803 fe48 
  0x0000016da2d16a20: ffcf 483b | f90f 8319 | 0c00 0048 | 8b0c 248b | 790c 418b | 6cfc 0c85 | ed0f 8610 | 0c00 0041 
  0x0000016da2d16a40: 8b74 fc10 | 418b 74f4 | 0c48 8b44 | 2418 4885 | c00f 85be | 0b00 0045 | 85d2 0f86 | b50b 0000 
  0x0000016da2d16a60: 458b 5110 | 478b 54d4 | 0c45 85d2 | 0f86 a30b | 0000 8974 | 2404 891c | 2441 8bda | 4103 db89 
  0x0000016da2d16a80: 5c24 0849 | 8d1c fcc4 | e1f9 6ee3 | 418b f3ff | c641 8bd8 | e9cf 0000 | 000f 1f80 | 0000 0000 
  0x0000016da2d16aa0: 442b 4c24 | 1045 8be9 | 41ff c544 | 8bca 453b | ea0f 83fa | 0800 0045 | 8b5c fc10 | 478b 5cdc 
  0x0000016da2d16ac0: 0c45 3bcb | 0f83 7301 | 0000 c4c1 | f97e d345 | 8b5c 8b10 | 478b 44dc | 0c49 c1e3 | 0345 3be8 
  0x0000016da2d16ae0: 0f83 f208 | 0000 478b | 44ab 1041 | 83f8 ff0f | 843e 0100 | 0045 8b5c | c40c 453b | cb0f 83f1 
  0x0000016da2d16b00: 0800 0047 | 8944 8e10 | 4533 edc4 | c1f9 7ed3 | 458b 4310 | 478b 5cc4 | 0c44 035c | 2410 4d8b 
  0x0000016da2d16b20: 8748 0300 | 0041 8bd1 | ffc2 4185 | 0041 3bd3 | 0f8c 6aff | ffff 4d8b | 9f48 0300 | 00ff c341 
  0x0000016da2d16b40: 8503 3b1c | 240f 8dfc | 0000 00c4 | e1f9 7ec1 | c4e1 f97e | c8c5 f97e | da44 8b5c | 2410 448b 
  0x0000016da2d16b60: 4424 14c4 | c1f9 7ed1 | 443b 5c24 | 080f 8dea | 0000 00c4 | c1f9 6ed1 | 4489 4424 | 1444 895c 
  0x0000016da2d16b80: 2410 c5f9 | 6eda c4e1 | f96e c8c4 | e1f9 6ec1 | c4c1 f97e | e341 8b44 | 9b10 8bcb | 412b c83b 
  0x0000016da2d16ba0: dd0f 834e | 0500 0044 | 8b44 2410 | 443b 4424 | 040f 833e | 0500 0045 | 8b5c 8910 | 478b 4cdc 
  0x0000016da2d16bc0: 0c45 85c9 | 0f86 5e09 | 0000 478b | 44dc 1041 | 83f8 ff0f | 8412 0500 | 0045 8b5c | c40c 448b 
  0x0000016da2d16be0: 4c24 1045 | 3bcb 0f83 | 0d08 0000 | 4d8d 0cc4 | 448b 5c24 | 1047 8944 | 9910 4533 | edc4 c1f9 
  0x0000016da2d16c00: 7ed3 458b | 4310 478b | 5cc4 0c44 | 035c 2410 | 413b f30f | 8d1d ffff | ff3b dd0f | 83de 0400 
  0x0000016da2d16c20: 004d 8d34 | c444 8bce | 41bd 0100 | 0000 e97b | feff ffc4 | c1f9 7ecd | e9ce feff | ffc4 c1f9 
  0x0000016da2d16c40: 7ecd e9c4 | feff ffc5 | f877 4883 | c460 5d49 | 3ba7 4003 | 0000 0f87 | 5c0f 0000 | c3c4 c1f9 
  0x0000016da2d16c60: 6ed1 4489 | 4424 1444 | 895c 2410 | c5f9 6eda | c4e1 f96e | c8c4 e1f9 | 6ec1 4c8b | e8e9 b4fe 
  0x0000016da2d16c80: ffff c4c1 | f97e c1c4 | e1f9 7ec9 | c4c1 797e | d0c4 c179 | 7eda c4e1 | f97e fd4d | 8b9f 4803 
  0x0000016da2d16ca0: 0000 41ff | c241 8503 | 453b d00f | 8d17 fdff | ff4c 894c | 2420 4c8b | 4c24 2045 | 8b59 1043 
  0x0000016da2d16cc0: 8b7c dc0c | 85ff 76d3 | c4c1 796e | d0c4 e1f9 | 6ec9 c5fb | 1044 2420 | c4c1 796e | da4d 63c2 
  0x0000016da2d16ce0: 4c8b dd4d | 2bd8 478b | 5499 0cc4 | c179 6eea | 478b 6cd4 | 0c46 8b54 | 8110 c4c1 | 796e e243 
  0x0000016da2d16d00: 8b54 d40c | 478b 5481 | 10c4 c179 | 6ef2 438b | 74d4 0c42 | 8b5c 990c | 458b 74dc | 0c45 85ed 
  0x0000016da2d16d20: 0f86 7e08 | 0000 41ba | 0100 0000 | 453b d545 | 0f4f d5c4 | c179 7ee3 | 49c1 e303 | c4c1 797e 
  0x0000016da2d16d40: e849 c1e0 | 0341 8bfb | 4d8d 0cdc | c1ef 02c5 | f97e f149 | 8d04 cc83 | e703 4103 | faf7 df83 
  0x0000016da2d16d60: e703 4103 | fa41 3bfd | 410f 4ffd | 33c9 eb06 | 8bca 8b54 | 2420 413b | cd0f 8359 | 0100 0045 
  0x0000016da2d16d80: 8b54 8810 | 3bca 0f83 | 8406 0000 | 4589 548b | 103b ce0f | 83d7 0600 | 0044 8b54 | 8810 413b 
  0x0000016da2d16da0: ce0f 8329 | 0700 0045 | 8954 8910 | c4c1 f97e | c245 8b52 | 1047 8b54 | d40c c579 | 6ecb 8974 
  0x0000016da2d16dc0: 2424 8954 | 2420 c4e1 | f96e fd8b | d1ff c241 | 3bd2 0f8d | aafe ffff | 3bd7 7c94 | 4963 dd49 
  0x0000016da2d16de0: 63f6 4863 | 6c24 2448 | 637c 2420 | 483b df41 | 8bfd 0f4f | 7c24 2049 | 63da 4c63 | d74c 3bd5 
  0x0000016da2d16e00: 0f4f 7c24 | 2448 ffcb | 4c63 d74c | 3bd6 410f | 4ffe 448b | d348 63f7 | 483b f341 | 0f4f fa44 
  0x0000016da2d16e20: 8bd7 4183 | c2f9 413b | fabf 0000 | 0080 440f | 4cd7 413b | d20f 8d70 | 0700 00ff | c166 6690 
  0x0000016da2d16e40: c441 7a6f | 4488 10c4 | 417a 7f44 | 8b10 c57a | 6f44 8810 | c441 7a7f | 4489 10c4 | 417a 6f44 
  0x0000016da2d16e60: 8820 c441 | 7a7f 448b | 20c5 7a6f | 4488 20c4 | 417a 7f44 | 8920 83c1 | 0841 3bca | 7cc2 413b 
  0x0000016da2d16e80: cd7d 5590 | 413b cd73 | 4f45 8b54 | 8810 3b4c | 2420 0f83 | 7805 0000 | 4589 548b | 103b 4c24 
  0x0000016da2d16ea0: 240f 83c5 | 0500 0044 | 8b54 8810 | 413b ce0f | 8317 0600 | 0045 8954 | 8910 c4c1 | f97e c241 
  0x0000016da2d16ec0: 8b5a 1045 | 8b54 dc0c | ffc1 413b | ca0f 8daf | fdff ff41 | 3bcd 7cac | bae4 ffff | ff48 8b2c 
  0x0000016da2d16ee0: 2444 8b5c | 2408 4489 | 1c24 4c8b | 5424 184c | 8954 2408 | 448b 5424 | 1044 8954 | 2404 448b 
  0x0000016da2d16f00: 5c24 1444 | 895c 2410 | c5fb 1144 | 2418 894c | 2420 894c | 2424 c5fb | 114c 2428 | c5fa 115c 
  0x0000016da2d16f20: 2430 c5fa | 1164 2434 | c5fa 116c | 2438 6690 | c5f8 77e8 | c8b3 44f8 | 0f1f 8400 | 0000 0000 
  0x0000016da2d16f40: 8bd7 448b | 5490 0c8b | 7c24 102b | f948 63d9 | 4589 549b | 1044 8b54 | 9810 4589 | 5493 0c49 
  0x0000016da2d16f60: 8bd0 482b | d344 8b54 | 9008 4589 | 549b 1444 | 8b54 9814 | 4589 5493 | 0844 8b54 | 9004 4589 
  0x0000016da2d16f80: 549b 1844 | 8b54 9818 | 4589 5493 | 0444 8b14 | 9045 8954 | 9b1c 448b | 5498 1c45 | 8914 9383 
  0x0000016da2d16fa0: c7fc 83c1 | 0441 3bc9 | 7c96 4d8b | 9748 0300 | 0041 8502 | 3bcd 7d28 | 8bd7 448b | cd44 2bc9 
  0x0000016da2d16fc0: 3be9 440f | 4c4c 240c | 4181 f9a0 | 0f00 00bf | a00f 0000 | 440f 47cf | 4403 c9e9 | 62ff ffff 
  0x0000016da2d16fe0: c4e1 f97e | cb3b 4c24 | 307d 2c90 | 448b 54b8 | 0c45 8954 | 8b10 448b | 5488 1045 | 8954 bb0c 
  0x0000016da2d17000: 448b d141 | ffc2 443b | 5424 307d | 0a41 8bfe | 2bf9 418b | caeb d54d | 8b97 4803 | 0000 41ff 
  0x0000016da2d17020: c541 8502 | 443b 6c24 | 140f 8dac | f8ff ffc4 | e1f9 7ec0 | 448b 5c24 | 304c 8b54 | 2428 418b 
  0x0000016da2d17040: 7a10 85ff | 0f84 e704 | 0000 478b | 54aa 1043 | 8b54 d40c | 428b 4ca8 | 1045 8b4c | cc0c 4489 
  0x0000016da2d17060: 5c24 30c4 | e1f9 6ec0 | 4c63 da49 | 3bdb 0f83 | cc04 0000 | 443b f20f | 83c3 0400 | 0045 85c9 
  0x0000016da2d17080: 0f86 ba04 | 0000 413b | f10f 83b1 | 0400 0085 | d20f 86a9 | 0400 003b | f20f 83a1 | 0400 004d 
  0x0000016da2d170a0: 63d9 493b | db0f 8395 | 0400 0045 | 3bf1 0f83 | 8c04 0000 | 4d8d 1ccc | 4b8d 04d4 | 428b 7c80 
  0x0000016da2d170c0: 0c41 897c | cc10 478b | 4cd4 1047 | 894c 830c | 83fd 010f | 8eaf 0400 | 0041 8bd6 | b901 0000 
  0x0000016da2d170e0: 00c4 e1f9 | 6ecb e9cf | feff ffc4 | c1f9 7ecd | e908 fbff | ffc4 c1f9 | 7ecd e9fe | faff ff44 
  0x0000016da2d17100: 8bce 41bb | 0100 0000 | eb14 660f | 1f44 0000 | 442b 4c24 | 1045 8bd9 | 41ff c344 | 8bc9 453b 
  0x0000016da2d17120: da0f 838a | 0200 0045 | 3b64 fc10 | 0f84 6304 | 0000 c4c1 | f97e d345 | 8b5b 1047 | 8b5c dc0c 
  0x0000016da2d17140: 4403 5c24 | 104d 8b87 | 4803 0000 | 418b c9ff | c141 8500 | 413b cb7c | b7c4 c1f9 | 7ecd e9d3 
  0x0000016da2d17160: f9ff ff43 | 8b6c c418 | 85ed 0f84 | b006 0000 | 478b 4cc4 | 0841 81f9 | 98b0 1400 | 0f84 c206 
  0x0000016da2d17180: 0000 4d8d | 1cec 458b | 430c 453b | c20f 85bd | 0100 0045 | 8b4b 104d | 8bc1 49c1 | e003 c4e1 
  0x0000016da2d171a0: f97e d94c | 3bc1 0f84 | 47f5 ffff | 0fbe 5910 | 493b c80f | 843a f5ff | ff47 8b44 | cc08 4181 
  0x0000016da2d171c0: f870 e900 | 000f 85bd | 0700 004f | 8d04 cc41 | 0fbe 6810 | 3bdd 0f85 | 1007 0000 | 418b 7814 
  0x0000016da2d171e0: 448b 4914 | 458b 44fc | 0c43 8b4c | cc0c 413b | c80f 85d8 | 0000 004d | 8d04 fc49 | 8d74 fc10 
  0x0000016da2d17200: 4f8d 04cc | 4b8d 7ccc | 1085 c90f | 84a5 0000 | 008b c183 | e01f 83e1 | e00f 844b | 0000 0048 
  0x0000016da2d17220: 8d3c 0f48 | 8d34 0e48 | f7d9 c5fe | 6f24 0fc5 | fe6f 2c0e | c5dd efe5 | c4e2 7d17 | e40f 857a 
  0x0000016da2d17240: 0000 0048 | 83c1 2075 | e185 c00f | 8465 0000 | 00c5 fe6f | 6407 e0c5 | fe6f 6c06 | e0c5 ddef 
  0x0000016da2d17260: e5c4 e27d | 17e4 7555 | eb4c 8bc8 | 83e1 fc74 | 1948 8d3c | 0f48 8d34 | 0e48 f7d9 | 8b1c 0f3b 
  0x0000016da2d17280: 1c0e 7539 | 4883 c104 | 75f2 f7c0 | 0200 0000 | 7412 0fb7 | 1f0f b70e | 3bd9 7521 | 488d 7f02 
  0x0000016da2d172a0: 488d 7602 | f7c0 0100 | 0000 740a | 0fb6 1f0f | b60e 3bd9 | 7507 b801 | 0000 00eb | 0233 c0c5 
  0x0000016da2d172c0: ddef e4c5 | d5ef ed85 | c00f 8524 | f4ff ffba | 45ff ffff | 488b 2c24 | c5fa 1104 | 24c5 fa11 
  0x0000016da2d172e0: 4c24 04c5 | fa11 5424 | 084c 8b44 | 2418 4c89 | 4424 10c5 | fb11 5c24 | 184c 895c | 2420 4489 
  0x0000016da2d17300: 5424 0c90 | c5f8 77e8 | f4af 44f8 | c57a 2cc1 | 4181 f800 | 0000 8075 | 1048 83ec | 08c5 fa11 
  0x0000016da2d17320: 0c24 e8cc | 9d3f f841 | 58e9 a3f4 | ffff c57a | 2cdb 4181 | fb00 0000 | 8075 1048 | 83ec 08c5 
  0x0000016da2d17340: fa11 1c24 | e8aa 9d3f | f841 5be9 | 51f4 ffff | 458b 4318 | 4d8b 9f48 | 0300 0041 | 8503 4585 
  0x0000016da2d17360: c00f 84b9 | 0400 004f | 8d1c c4e9 | 16fe ffff | 4533 c933 | d245 33d2 | e923 f2ff | ff33 d2c4 
  0x0000016da2d17380: c1f9 7eda | 41c6 4211 | 0145 33c9 | 4533 d2e9 | 0cf2 ffff | 41f7 d8e9 | 2af4 ffff | 41f7 dbe9 
  0x0000016da2d173a0: f4f3 ffff | 4533 c933 | d245 33d2 | e9ef f1ff | ffba 45ff | ffff c4e1 | f97e c5c5 | fb11 0c24 
  0x0000016da2d173c0: c5fb 1154 | 2408 895c | 2418 4489 | 4c24 1c90 | c5f8 77e8 | 28af 44f8 | c4c1 796e | ddba e6ff 
  0x0000016da2d173e0: ffff 498b | ebc5 fa11 | 1c24 6690 | c5f8 77e8 | 0caf 44f8 | 4489 4c24 | 10ba e6ff | ffff 8be8 
  0x0000016da2d17400: 4489 4424 | 0466 6690 | c5f8 77e8 | f0ae 44f8 | bae4 ffff | ff48 8b2c | 2444 8b5c | 2408 4489 
  0x0000016da2d17420: 1c24 4c8b | 5c24 184c | 895c 2408 | 448b 5c24 | 1044 895c | 2404 448b | 4424 1444 | 8944 2410 
  0x0000016da2d17440: c5fb 1144 | 2418 894c | 2420 4489 | 5424 24c5 | fb11 4c24 | 28c5 fa11 | 5c24 30c5 | fa11 6424 
  0x0000016da2d17460: 3466 6690 | c5f8 77e8 | 94ae 44f8 | c579 7ecb | bae4 ffff | ff48 8b2c | 2444 8b5c | 2408 4489 
  0x0000016da2d17480: 1c24 4c8b | 5424 184c | 8954 2408 | 448b 5424 | 1044 8954 | 2404 448b | 5c24 1444 | 895c 2410 
  0x0000016da2d174a0: c5fb 1144 | 2418 894c | 2420 894c | 2424 c5fb | 114c 2428 | c5fa 115c | 2430 c5fa | 1174 2434 
  0x0000016da2d174c0: 895c 2438 | c5f8 77e8 | 34ae 44f8 | c579 7ecb | bae4 ffff | ff48 8b2c | 2444 8b44 | 2408 4489 
  0x0000016da2d174e0: 0424 4c8b | 5c24 184c | 895c 2408 | 448b 5c24 | 1044 895c | 2404 448b | 4424 1444 | 8944 2410 
  0x0000016da2d17500: c5fb 1144 | 2418 894c | 2420 4489 | 5424 24c5 | fb11 4c24 | 28c5 fa11 | 5c24 3089 | 5c24 3490 
  0x0000016da2d17520: c5f8 77e8 | d8ad 44f8 | 49c1 e303 | e9ac feff | ffba f6ff | ffff 6690 | c5f8 77e8 | c0ad 44f8 
  0x0000016da2d17540: 418b 6cfc | 0cd1 fdff | c5ba 76ff | ffff 4c8b | 5424 184c | 8954 2410 | 448b 5c24 | 2044 895c 
  0x0000016da2d17560: 240c 448b | 5424 2444 | 8954 2418 | 4c8b 5424 | 284c 8954 | 2420 4889 | 4424 2844 | 896c 241c 
  0x0000016da2d17580: c5f8 77e8 | 78ad 44f8 | 418b feb9 | 0100 0000 | e950 faff | ffba f6ff | ffff 6690 | c5f8 77e8 
  0x0000016da2d175a0: 5cad 44f8 | 33c9 e92d | f9ff ff8b | cae9 ccf8 | ffff bade | ffff ffc5 | fa11 4424 | 08c5 fa11 
  0x0000016da2d175c0: 4c24 0c44 | 894c 2410 | 4c89 4424 | 2066 6690 | c5f8 77e8 | 28ad 44f8 | bae4 ffff | ff48 8b2c 
  0x0000016da2d175e0: 24c5 fa11 | 0c24 c5fa | 1154 2404 | 4c8b 5424 | 184c 8954 | 2408 c5fa | 1144 2410 | 4c89 4c24 
  0x0000016da2d17600: 2066 6690 | c5f8 77e8 | f4ac 44f8 | 488b 0c24 | 488b 4424 | 18ba beff | ffff 488b | e948 8904 
  0x0000016da2d17620: 244c 894c | 2408 4489 | 5c24 1044 | 8944 2418 | 4489 4424 | 1c89 5c24 | 2066 6690 | c5f8 77e8 
  0x0000016da2d17640: bcac 44f8 | 488b 0c24 | 488b 4424 | 18eb c648 | 8b44 2418 | ebbf ba45 | ffff ff48 | 8b2c 24c5 
  0x0000016da2d17660: fa11 0424 | c5fa 114c | 2404 c5fa | 1154 2408 | 4889 7c24 | 104c 8944 | 2418 4489 | 4c24 2044 
  0x0000016da2d17680: 895c 2424 | c5f8 77e8 | 74ac 44f8 | ba45 ffff | ff48 8b4c | 2418 4889 | 4c24 084c | 894c 2410 
  0x0000016da2d176a0: 4489 5c24 | 1844 8944 | 241c 4489 | 5424 2090 | c5f8 77e8 | 48ac 44f8 | babe ffff | ff48 8b2c 
  0x0000016da2d176c0: 2444 8b5c | 2408 4489 | 1c24 4c8b | 5424 184c | 8954 2408 | 448b 5424 | 1044 8954 | 2404 448b 
  0x0000016da2d176e0: 5c24 1444 | 895c 2410 | 4c8b 5424 | 204c 8954 | 2418 4889 | 4c24 2044 | 8944 2414 | c5f8 77e8 
  0x0000016da2d17700: fcab 44f8 | bae4 ffff | ff48 8b2c | 2444 8914 | 244c 8b54 | 2418 4c89 | 5424 0844 | 895c 2404 
  0x0000016da2d17720: 4489 4424 | 104c 894c | 2420 894c | 2414 6690 | c5f8 77e8 | c8ab 44f8 | babe ffff | ff48 8b2c 
  0x0000016da2d17740: 2444 8b5c | 2408 4489 | 1c24 4c8b | 5424 184c | 8954 2408 | 448b 5424 | 2044 8954 | 2404 448b 
  0x0000016da2d17760: 5c24 2444 | 895c 2410 | 4889 4424 | 2066 6690 | c5f8 77e8 | 88ab 44f8 | bae4 ffff | ff44 8954 
  0x0000016da2d17780: 2408 4c8b | 5424 184c | 8954 2410 | 4489 5c24 | 0c44 8944 | 2418 4c89 | 4c24 2890 | c5f8 77e8 
  0x0000016da2d177a0: 5cab 44f8 | ba45 ffff | ff48 8b2c | 24c5 fa11 | 0424 c5fa | 114c 2404 | c5fa 1154 | 2408 4c8b 
  0x0000016da2d177c0: 5c24 184c | 895c 2410 | c5fb 115c | 2418 4489 | 4424 0c44 | 8954 2420 | c5f8 77e8 | 20ab 44f8 
  0x0000016da2d177e0: ba76 ffff | ffc5 fa11 | 4424 08c5 | fa11 4c24 | 0cc5 fa11 | 5424 1044 | 894c 2414 | 4c89 5424 
  0x0000016da2d17800: 2889 4c24 | 3444 895c | 2438 6690 | c5f8 77e8 | ecaa 44f8 | b801 0000 | 0033 d2e9 | 57ed ffff 
  0x0000016da2d17820: baf4 ffff | ff48 8b2c | 24c5 fa11 | 0424 c5fa | 114c 2404 | c5fa 1154 | 2408 6690 | c5f8 77e8 
  0x0000016da2d17840: bcaa 44f8 | ba45 ffff | ffc5 fa11 | 4424 08c5 | fa11 4c24 | 0cc5 fa11 | 5424 10c5 | fb11 5c24 
  0x0000016da2d17860: 2044 8944 | 2414 4489 | 5424 2890 | c5f8 77e8 | 8caa 44f8 | ba45 ffff | ffc5 fa11 | 4424 08c5 
  0x0000016da2d17880: fa11 4c24 | 0cc5 fa11 | 5424 10c5 | fb11 5c24 | 2844 8944 | 2414 4489 | 5424 304c | 895c 2438 
  0x0000016da2d178a0: 895c 2434 | c5f8 77e8 | 54aa 44f8 | 4585 d240 | 0f95 c540 | 0fb6 ed83 | f501 ba45 | ffff ffc5 
  0x0000016da2d178c0: fa11 4424 | 08c5 fa11 | 4c24 0cc5 | fa11 5424 | 1044 894c | 2414 c5fb | 115c 2428 | 4489 5c24 
  0x0000016da2d178e0: 3066 6690 | c5f8 77e8 | 14aa 44f8 | ba45 ffff | ffc5 fa11 | 4424 08c5 | fa11 4c24 | 0cc5 fa11 
  0x0000016da2d17900: 5424 10c5 | fb11 5c24 | 284c 895c | 2430 4489 | 5424 144c | 8944 2438 | 895c 2440 | c5f8 77e8 
  0x0000016da2d17920: dca9 44f8 | bade ffff | ffc5 fa11 | 4424 08c5 | fa11 4c24 | 0cc5 fa11 | 5424 1090 | c5f8 77e8 
  0x0000016da2d17940: bca9 44f8 | bade ffff | ff48 8b2c | 24c5 fa11 | 0424 c5fa | 114c 2404 | c5fa 1154 | 2408 4c8b 
  0x0000016da2d17960: 5c24 184c | 895c 2410 | c5fb 115c | 2420 4489 | 4424 0c44 | 8954 2428 | 4489 4c24 | 3066 6690 
  0x0000016da2d17980: c5f8 77e8 | 78a9 44f8 | bade ffff | ff48 8b2c | 24c5 fa11 | 0424 c5fa | 114c 2404 | c5fa 1154 
  0x0000016da2d179a0: 2408 4c8b | 4424 184c | 8944 2410 | c5fb 115c | 2420 4c89 | 5c24 2844 | 8954 240c | 4489 4c24 
  0x0000016da2d179c0: 3466 6690 | c5f8 77e8 | 34a9 44f8 | baf6 ffff | ff66 6690 | c5f8 77e8 | 24a9 44f8 | c4c1 796e 
  0x0000016da2d179e0: ddba f6ff | ffff c5f9 | 7edd 6690 | c5f8 77e8 | 0ca9 44f8 | 4489 4c24 | 10ba f6ff | ffff 4489 
  0x0000016da2d17a00: 0424 6690 | c5f8 77e8 | f4a8 44f8 | baf6 ffff | ff66 6690 | c5f8 77e8 | e4a8 44f8 | ba76 ffff 
  0x0000016da2d17a20: ff48 8b2c | 2444 8b54 | 2408 4489 | 1424 4c8b | 5424 184c | 8954 2408 | 448b 5c24 | 1044 895c 
  0x0000016da2d17a40: 2404 448b | 5424 1444 | 8954 2410 | 48ff 7424 | 2048 8f44 | 2418 4889 | 4c24 20c5 | fa11 5c24 
  0x0000016da2d17a60: 1489 7c24 | 2866 6690 | c5f8 77e8 | 90a8 44f8 | baf6 ffff | ff66 6690 | c5f8 77e8 | 80a8 44f8 
  0x0000016da2d17a80: 488b d0eb | 0848 8bd0 | eb03 488b | d0c5 f877 | 4883 c460 | 5de9 66b4 | 4ff8 baf6 | ffff ff49 
  0x0000016da2d17aa0: 8be8 6690 | c5f8 77e8 | 54a8 44f8 | baf6 ffff | ff66 6690 | c5f8 77e8 | 44a8 44f8 | baf6 ffff 
  0x0000016da2d17ac0: ff66 6690 | c5f8 77e8 | 34a8 44f8 | 488b 4424 | 18e9 3ffb | ffff 488b | 4424 18e9 | 35fb ffff 
  0x0000016da2d17ae0: baf6 ffff | ff66 6690 | c5f8 77e8 | 10a8 44f8 | baf6 ffff | ff66 6690 | c5f8 77e8 | 00a8 44f8 
  0x0000016da2d17b00: baf6 ffff | ff66 6690 | c5f8 77e8 | f0a7 44f8 | baf6 ffff | ff66 6690 | c5f8 77e8 | e0a7 44f8 
  0x0000016da2d17b20: ba45 ffff | ff48 8b2c | 24c5 fa11 | 0424 c5fa | 114c 2404 | c5fa 1154 | 2408 4c8b | 5c24 184c 
  0x0000016da2d17b40: 895c 2410 | c5fb 115c | 2420 4489 | 4424 0c44 | 8954 2428 | 4489 4c24 | 2c66 6690 | c5f8 77e8 
  0x0000016da2d17b60: 9ca7 44f8 | baf6 ffff | ff66 6690 | c5f8 77e8 | 8ca7 44f8 | ba45 ffff | ff48 8b2c | 24c5 fa11 
  0x0000016da2d17b80: 0424 c5fa | 114c 2404 | c5fa 1154 | 2408 4c8b | 4424 184c | 8944 2410 | c5fb 115c | 2420 4c89 
  0x0000016da2d17ba0: 5c24 2844 | 8954 240c | 4489 4c24 | 3066 6690 | c5f8 77e8 | 48a7 44f8 | 49ba 4f6c | d1a2 6d01 
  0x0000016da2d17bc0: 0000 4d89 | 9758 0300 | 00e9 32b8 | 44f8 f4f4 | f4f4 f4f4 | f4f4 f4f4 | f4f4 f4f4 | f4f4 f4f4 
  0x0000016da2d17be0: 48bb 0000 | 0000 0000 | 0000 e9fb | ffff ffe9 | 8cc9 4ef8 | e800 0000 | 0048 832c | 2405 e99d 
  0x0000016da2d17c00: aa44 f8f4 | f4f4 f4f4 
[/MachCode]
--------------------------------------------------------------------------------


---------------  P R O C E S S  ---------------

Threads class SMR info:
_java_thread_list=0x0000016db8169190, length=24, elements={
0x0000016db6bdf0a0, 0x0000016db6be0c30, 0x0000016db6bf5420, 0x0000016db6bf6cf0,
0x0000016db6bf75b0, 0x0000016db6bf7e70, 0x0000016db6bf8b10, 0x0000016db6c049d0,
0x0000016db6c05ec0, 0x0000016db79268c0, 0x0000016db792df70, 0x0000016db7959b50,
0x0000016db7962a00, 0x0000016d9363e270, 0x0000016db7b2b2a0, 0x0000016db7b4c120,
0x0000016db7b4cf90, 0x0000016db8170a90, 0x0000016db813f930, 0x0000016db813fe50,
0x0000016db8141b30, 0x0000016db7b10fc0, 0x0000016db7b12400, 0x0000016db81429a0
}

Java Threads: ( => current thread )
  0x0000016db6bdf0a0 JavaThread "Reference Handler" daemon [_thread_blocked, id=16784, stack(0x0000000d41800000,0x0000000d41900000)]
  0x0000016db6be0c30 JavaThread "Finalizer" daemon [_thread_blocked, id=23520, stack(0x0000000d41900000,0x0000000d41a00000)]
  0x0000016db6bf5420 JavaThread "Signal Dispatcher" daemon [_thread_blocked, id=22944, stack(0x0000000d41a00000,0x0000000d41b00000)]
  0x0000016db6bf6cf0 JavaThread "Attach Listener" daemon [_thread_blocked, id=9976, stack(0x0000000d41b00000,0x0000000d41c00000)]
  0x0000016db6bf75b0 JavaThread "Service Thread" daemon [_thread_blocked, id=21780, stack(0x0000000d41c00000,0x0000000d41d00000)]
  0x0000016db6bf7e70 JavaThread "Monitor Deflation Thread" daemon [_thread_blocked, id=13560, stack(0x0000000d41d00000,0x0000000d41e00000)]
  0x0000016db6bf8b10 JavaThread "C2 CompilerThread0" daemon [_thread_blocked, id=22624, stack(0x0000000d41e00000,0x0000000d41f00000)]
  0x0000016db6c049d0 JavaThread "C1 CompilerThread0" daemon [_thread_blocked, id=8836, stack(0x0000000d41f00000,0x0000000d42000000)]
  0x0000016db6c05ec0 JavaThread "Sweeper thread" daemon [_thread_blocked, id=11100, stack(0x0000000d42000000,0x0000000d42100000)]
  0x0000016db79268c0 JavaThread "C1 CompilerThread1" daemon [_thread_blocked, id=17276, stack(0x0000000d42100000,0x0000000d42200000)]
  0x0000016db792df70 JavaThread "C1 CompilerThread2" daemon [_thread_blocked, id=23468, stack(0x0000000d42200000,0x0000000d42300000)]
  0x0000016db7959b50 JavaThread "Notification Thread" daemon [_thread_blocked, id=17180, stack(0x0000000d42300000,0x0000000d42400000)]
  0x0000016db7962a00 JavaThread "Common-Cleaner" daemon [_thread_blocked, id=23788, stack(0x0000000d42500000,0x0000000d42600000)]
  0x0000016d9363e270 JavaThread "DestroyJavaVM" [_thread_blocked, id=9808, stack(0x0000000d41100000,0x0000000d41200000)]
  0x0000016db7b2b2a0 JavaThread "Java2D Disposer" daemon [_thread_blocked, id=13388, stack(0x0000000d42700000,0x0000000d42800000)]
  0x0000016db7b4c120 JavaThread "AWT-Shutdown" [_thread_blocked, id=23296, stack(0x0000000d42900000,0x0000000d42a00000)]
  0x0000016db7b4cf90 JavaThread "AWT-Windows" daemon [_thread_in_native, id=3776, stack(0x0000000d42a00000,0x0000000d42b00000)]
  0x0000016db8170a90 JavaThread "AWT-EventQueue-0" [_thread_blocked, id=12944, stack(0x0000000d43700000,0x0000000d43800000)]
=>0x0000016db813f930 JavaThread "graphicsthread" [_thread_in_Java, id=7560, stack(0x0000000d43800000,0x0000000d43900000)]
  0x0000016db813fe50 JavaThread "Thread-1" [_thread_in_Java, id=6252, stack(0x0000000d43900000,0x0000000d43a00000)]
  0x0000016db8141b30 JavaThread "D3D Screen Updater" daemon [_thread_blocked, id=1784, stack(0x0000000d42600000,0x0000000d42700000)]
  0x0000016db7b10fc0 JavaThread "C2 CompilerThread1" daemon [_thread_blocked, id=20420, stack(0x0000000d42800000,0x0000000d42900000)]
  0x0000016db7b12400 JavaThread "C2 CompilerThread2" daemon [_thread_blocked, id=19592, stack(0x0000000d43a00000,0x0000000d43b00000)]
  0x0000016db81429a0 JavaThread "gameupdatethread" [_thread_in_Java, id=3784, stack(0x0000000d43b00000,0x0000000d43c00000)]

Other Threads:
  0x0000016db6bd8dd0 VMThread "VM Thread" [stack: 0x0000000d41700000,0x0000000d41800000] [id=23264]
  0x0000016d936b6440 WatcherThread [stack: 0x0000000d42400000,0x0000000d42500000] [id=17248]
  0x0000016d9368bba0 GCTaskThread "GC Thread#0" [stack: 0x0000000d41200000,0x0000000d41300000] [id=7620]
  0x0000016d9369d490 ConcurrentGCThread "G1 Main Marker" [stack: 0x0000000d41300000,0x0000000d41400000] [id=12472]
  0x0000016d9369f560 ConcurrentGCThread "G1 Conc#0" [stack: 0x0000000d41400000,0x0000000d41500000] [id=23804]
  0x0000016d9370eb00 ConcurrentGCThread "G1 Refine#0" [stack: 0x0000000d41500000,0x0000000d41600000] [id=21700]
  0x0000016d9370f330 ConcurrentGCThread "G1 Service" [stack: 0x0000000d41600000,0x0000000d41700000] [id=10008]

Threads with active compile tasks:

VM state: not at safepoint (normal execution)

VM Mutex/Monitor currently owned by a thread: None

Heap address: 0x0000000709600000, size: 3946 MB, Compressed Oops mode: Zero based, Oop shift amount: 3

CDS archive(s) mapped at: [0x0000000800000000-0x0000000800bc0000-0x0000000800bc0000), size 12320768, SharedBaseAddress: 0x0000000800000000, ArchiveRelocationMode: 0.
Compressed class space mapped at: 0x0000000800c00000-0x0000000840c00000, reserved size: 1073741824
Narrow klass base: 0x0000000800000000, Narrow klass shift: 0, Narrow klass range: 0x100000000

GC Precious Log:
 CPUs: 16 total, 16 available
 Memory: 15776M
 Large Page Support: Disabled
 NUMA Support: Disabled
 Compressed Oops: Enabled (Zero based)
 Heap Region Size: 2M
 Heap Min Capacity: 8M
 Heap Initial Capacity: 248M
 Heap Max Capacity: 3946M
 Pre-touch: Disabled
 Parallel Workers: 13
 Concurrent Workers: 3
 Concurrent Refinement Workers: 13
 Periodic GC: Disabled

Heap:
 garbage-first heap   total 253952K, used 24576K [0x0000000709600000, 0x0000000800000000)
  region size 2048K, 11 young (22528K), 0 survivors (0K)
 Metaspace       used 6942K, committed 7104K, reserved 1056768K
  class space    used 751K, committed 832K, reserved 1048576K

Heap Regions: E=young(eden), S=young(survivor), O=old, HS=humongous(starts), HC=humongous(continues), CS=collection set, F=free, OA=open archive, CA=closed archive, TAMS=top-at-mark-start (previous, next)
|   0|0x0000000709600000, 0x0000000709800000, 0x0000000709800000|100%|HS|  |TAMS 0x0000000709600000, 0x0000000709600000| Complete 
|   1|0x0000000709800000, 0x0000000709a00000, 0x0000000709a00000|100%|HC|  |TAMS 0x0000000709800000, 0x0000000709800000| Complete 
|   2|0x0000000709a00000, 0x0000000709a00000, 0x0000000709c00000|  0%| F|  |TAMS 0x0000000709a00000, 0x0000000709a00000| Untracked 
|   3|0x0000000709c00000, 0x0000000709c00000, 0x0000000709e00000|  0%| F|  |TAMS 0x0000000709c00000, 0x0000000709c00000| Untracked 
|   4|0x0000000709e00000, 0x0000000709e00000, 0x000000070a000000|  0%| F|  |TAMS 0x0000000709e00000, 0x0000000709e00000| Untracked 
|   5|0x000000070a000000, 0x000000070a000000, 0x000000070a200000|  0%| F|  |TAMS 0x000000070a000000, 0x000000070a000000| Untracked 
|   6|0x000000070a200000, 0x000000070a200000, 0x000000070a400000|  0%| F|  |TAMS 0x000000070a200000, 0x000000070a200000| Untracked 
|   7|0x000000070a400000, 0x000000070a400000, 0x000000070a600000|  0%| F|  |TAMS 0x000000070a400000, 0x000000070a400000| Untracked 
|   8|0x000000070a600000, 0x000000070a600000, 0x000000070a800000|  0%| F|  |TAMS 0x000000070a600000, 0x000000070a600000| Untracked 
|   9|0x000000070a800000, 0x000000070a800000, 0x000000070aa00000|  0%| F|  |TAMS 0x000000070a800000, 0x000000070a800000| Untracked 
|  10|0x000000070aa00000, 0x000000070aa00000, 0x000000070ac00000|  0%| F|  |TAMS 0x000000070aa00000, 0x000000070aa00000| Untracked 
|  11|0x000000070ac00000, 0x000000070ac00000, 0x000000070ae00000|  0%| F|  |TAMS 0x000000070ac00000, 0x000000070ac00000| Untracked 
|  12|0x000000070ae00000, 0x000000070ae00000, 0x000000070b000000|  0%| F|  |TAMS 0x000000070ae00000, 0x000000070ae00000| Untracked 
|  13|0x000000070b000000, 0x000000070b000000, 0x000000070b200000|  0%| F|  |TAMS 0x000000070b000000, 0x000000070b000000| Untracked 
|  14|0x000000070b200000, 0x000000070b200000, 0x000000070b400000|  0%| F|  |TAMS 0x000000070b200000, 0x000000070b200000| Untracked 
|  15|0x000000070b400000, 0x000000070b400000, 0x000000070b600000|  0%| F|  |TAMS 0x000000070b400000, 0x000000070b400000| Untracked 
|  16|0x000000070b600000, 0x000000070b600000, 0x000000070b800000|  0%| F|  |TAMS 0x000000070b600000, 0x000000070b600000| Untracked 
|  17|0x000000070b800000, 0x000000070b800000, 0x000000070ba00000|  0%| F|  |TAMS 0x000000070b800000, 0x000000070b800000| Untracked 
|  18|0x000000070ba00000, 0x000000070ba00000, 0x000000070bc00000|  0%| F|  |TAMS 0x000000070ba00000, 0x000000070ba00000| Untracked 
|  19|0x000000070bc00000, 0x000000070bc00000, 0x000000070be00000|  0%| F|  |TAMS 0x000000070bc00000, 0x000000070bc00000| Untracked 
|  20|0x000000070be00000, 0x000000070be00000, 0x000000070c000000|  0%| F|  |TAMS 0x000000070be00000, 0x000000070be00000| Untracked 
|  21|0x000000070c000000, 0x000000070c000000, 0x000000070c200000|  0%| F|  |TAMS 0x000000070c000000, 0x000000070c000000| Untracked 
|  22|0x000000070c200000, 0x000000070c200000, 0x000000070c400000|  0%| F|  |TAMS 0x000000070c200000, 0x000000070c200000| Untracked 
|  23|0x000000070c400000, 0x000000070c400000, 0x000000070c600000|  0%| F|  |TAMS 0x000000070c400000, 0x000000070c400000| Untracked 
|  24|0x000000070c600000, 0x000000070c600000, 0x000000070c800000|  0%| F|  |TAMS 0x000000070c600000, 0x000000070c600000| Untracked 
|  25|0x000000070c800000, 0x000000070c800000, 0x000000070ca00000|  0%| F|  |TAMS 0x000000070c800000, 0x000000070c800000| Untracked 
|  26|0x000000070ca00000, 0x000000070ca00000, 0x000000070cc00000|  0%| F|  |TAMS 0x000000070ca00000, 0x000000070ca00000| Untracked 
|  27|0x000000070cc00000, 0x000000070cc00000, 0x000000070ce00000|  0%| F|  |TAMS 0x000000070cc00000, 0x000000070cc00000| Untracked 
|  28|0x000000070ce00000, 0x000000070ce00000, 0x000000070d000000|  0%| F|  |TAMS 0x000000070ce00000, 0x000000070ce00000| Untracked 
|  29|0x000000070d000000, 0x000000070d000000, 0x000000070d200000|  0%| F|  |TAMS 0x000000070d000000, 0x000000070d000000| Untracked 
|  30|0x000000070d200000, 0x000000070d200000, 0x000000070d400000|  0%| F|  |TAMS 0x000000070d200000, 0x000000070d200000| Untracked 
|  31|0x000000070d400000, 0x000000070d400000, 0x000000070d600000|  0%| F|  |TAMS 0x000000070d400000, 0x000000070d400000| Untracked 
|  32|0x000000070d600000, 0x000000070d600000, 0x000000070d800000|  0%| F|  |TAMS 0x000000070d600000, 0x000000070d600000| Untracked 
|  33|0x000000070d800000, 0x000000070d800000, 0x000000070da00000|  0%| F|  |TAMS 0x000000070d800000, 0x000000070d800000| Untracked 
|  34|0x000000070da00000, 0x000000070da00000, 0x000000070dc00000|  0%| F|  |TAMS 0x000000070da00000, 0x000000070da00000| Untracked 
|  35|0x000000070dc00000, 0x000000070dc00000, 0x000000070de00000|  0%| F|  |TAMS 0x000000070dc00000, 0x000000070dc00000| Untracked 
|  36|0x000000070de00000, 0x000000070de00000, 0x000000070e000000|  0%| F|  |TAMS 0x000000070de00000, 0x000000070de00000| Untracked 
|  37|0x000000070e000000, 0x000000070e000000, 0x000000070e200000|  0%| F|  |TAMS 0x000000070e000000, 0x000000070e000000| Untracked 
|  38|0x000000070e200000, 0x000000070e200000, 0x000000070e400000|  0%| F|  |TAMS 0x000000070e200000, 0x000000070e200000| Untracked 
|  39|0x000000070e400000, 0x000000070e400000, 0x000000070e600000|  0%| F|  |TAMS 0x000000070e400000, 0x000000070e400000| Untracked 
|  40|0x000000070e600000, 0x000000070e600000, 0x000000070e800000|  0%| F|  |TAMS 0x000000070e600000, 0x000000070e600000| Untracked 
|  41|0x000000070e800000, 0x000000070e800000, 0x000000070ea00000|  0%| F|  |TAMS 0x000000070e800000, 0x000000070e800000| Untracked 
|  42|0x000000070ea00000, 0x000000070ea00000, 0x000000070ec00000|  0%| F|  |TAMS 0x000000070ea00000, 0x000000070ea00000| Untracked 
|  43|0x000000070ec00000, 0x000000070ec00000, 0x000000070ee00000|  0%| F|  |TAMS 0x000000070ec00000, 0x000000070ec00000| Untracked 
|  44|0x000000070ee00000, 0x000000070ee00000, 0x000000070f000000|  0%| F|  |TAMS 0x000000070ee00000, 0x000000070ee00000| Untracked 
|  45|0x000000070f000000, 0x000000070f000000, 0x000000070f200000|  0%| F|  |TAMS 0x000000070f000000, 0x000000070f000000| Untracked 
|  46|0x000000070f200000, 0x000000070f200000, 0x000000070f400000|  0%| F|  |TAMS 0x000000070f200000, 0x000000070f200000| Untracked 
|  47|0x000000070f400000, 0x000000070f400000, 0x000000070f600000|  0%| F|  |TAMS 0x000000070f400000, 0x000000070f400000| Untracked 
|  48|0x000000070f600000, 0x000000070f600000, 0x000000070f800000|  0%| F|  |TAMS 0x000000070f600000, 0x000000070f600000| Untracked 
|  49|0x000000070f800000, 0x000000070f800000, 0x000000070fa00000|  0%| F|  |TAMS 0x000000070f800000, 0x000000070f800000| Untracked 
|  50|0x000000070fa00000, 0x000000070fa00000, 0x000000070fc00000|  0%| F|  |TAMS 0x000000070fa00000, 0x000000070fa00000| Untracked 
|  51|0x000000070fc00000, 0x000000070fc00000, 0x000000070fe00000|  0%| F|  |TAMS 0x000000070fc00000, 0x000000070fc00000| Untracked 
|  52|0x000000070fe00000, 0x000000070fe00000, 0x0000000710000000|  0%| F|  |TAMS 0x000000070fe00000, 0x000000070fe00000| Untracked 
|  53|0x0000000710000000, 0x0000000710000000, 0x0000000710200000|  0%| F|  |TAMS 0x0000000710000000, 0x0000000710000000| Untracked 
|  54|0x0000000710200000, 0x0000000710200000, 0x0000000710400000|  0%| F|  |TAMS 0x0000000710200000, 0x0000000710200000| Untracked 
|  55|0x0000000710400000, 0x0000000710400000, 0x0000000710600000|  0%| F|  |TAMS 0x0000000710400000, 0x0000000710400000| Untracked 
|  56|0x0000000710600000, 0x0000000710600000, 0x0000000710800000|  0%| F|  |TAMS 0x0000000710600000, 0x0000000710600000| Untracked 
|  57|0x0000000710800000, 0x0000000710800000, 0x0000000710a00000|  0%| F|  |TAMS 0x0000000710800000, 0x0000000710800000| Untracked 
|  58|0x0000000710a00000, 0x0000000710a00000, 0x0000000710c00000|  0%| F|  |TAMS 0x0000000710a00000, 0x0000000710a00000| Untracked 
|  59|0x0000000710c00000, 0x0000000710c00000, 0x0000000710e00000|  0%| F|  |TAMS 0x0000000710c00000, 0x0000000710c00000| Untracked 
|  60|0x0000000710e00000, 0x0000000710e00000, 0x0000000711000000|  0%| F|  |TAMS 0x0000000710e00000, 0x0000000710e00000| Untracked 
|  61|0x0000000711000000, 0x0000000711000000, 0x0000000711200000|  0%| F|  |TAMS 0x0000000711000000, 0x0000000711000000| Untracked 
|  62|0x0000000711200000, 0x0000000711200000, 0x0000000711400000|  0%| F|  |TAMS 0x0000000711200000, 0x0000000711200000| Untracked 
|  63|0x0000000711400000, 0x0000000711400000, 0x0000000711600000|  0%| F|  |TAMS 0x0000000711400000, 0x0000000711400000| Untracked 
|  64|0x0000000711600000, 0x0000000711600000, 0x0000000711800000|  0%| F|  |TAMS 0x0000000711600000, 0x0000000711600000| Untracked 
|  65|0x0000000711800000, 0x0000000711800000, 0x0000000711a00000|  0%| F|  |TAMS 0x0000000711800000, 0x0000000711800000| Untracked 
|  66|0x0000000711a00000, 0x0000000711a00000, 0x0000000711c00000|  0%| F|  |TAMS 0x0000000711a00000, 0x0000000711a00000| Untracked 
|  67|0x0000000711c00000, 0x0000000711c00000, 0x0000000711e00000|  0%| F|  |TAMS 0x0000000711c00000, 0x0000000711c00000| Untracked 
|  68|0x0000000711e00000, 0x0000000711e00000, 0x0000000712000000|  0%| F|  |TAMS 0x0000000711e00000, 0x0000000711e00000| Untracked 
|  69|0x0000000712000000, 0x0000000712000000, 0x0000000712200000|  0%| F|  |TAMS 0x0000000712000000, 0x0000000712000000| Untracked 
|  70|0x0000000712200000, 0x0000000712200000, 0x0000000712400000|  0%| F|  |TAMS 0x0000000712200000, 0x0000000712200000| Untracked 
|  71|0x0000000712400000, 0x0000000712400000, 0x0000000712600000|  0%| F|  |TAMS 0x0000000712400000, 0x0000000712400000| Untracked 
|  72|0x0000000712600000, 0x0000000712600000, 0x0000000712800000|  0%| F|  |TAMS 0x0000000712600000, 0x0000000712600000| Untracked 
|  73|0x0000000712800000, 0x0000000712800000, 0x0000000712a00000|  0%| F|  |TAMS 0x0000000712800000, 0x0000000712800000| Untracked 
|  74|0x0000000712a00000, 0x0000000712a00000, 0x0000000712c00000|  0%| F|  |TAMS 0x0000000712a00000, 0x0000000712a00000| Untracked 
|  75|0x0000000712c00000, 0x0000000712c00000, 0x0000000712e00000|  0%| F|  |TAMS 0x0000000712c00000, 0x0000000712c00000| Untracked 
|  76|0x0000000712e00000, 0x0000000712e00000, 0x0000000713000000|  0%| F|  |TAMS 0x0000000712e00000, 0x0000000712e00000| Untracked 
|  77|0x0000000713000000, 0x0000000713000000, 0x0000000713200000|  0%| F|  |TAMS 0x0000000713000000, 0x0000000713000000| Untracked 
|  78|0x0000000713200000, 0x0000000713200000, 0x0000000713400000|  0%| F|  |TAMS 0x0000000713200000, 0x0000000713200000| Untracked 
|  79|0x0000000713400000, 0x0000000713400000, 0x0000000713600000|  0%| F|  |TAMS 0x0000000713400000, 0x0000000713400000| Untracked 
|  80|0x0000000713600000, 0x0000000713600000, 0x0000000713800000|  0%| F|  |TAMS 0x0000000713600000, 0x0000000713600000| Untracked 
|  81|0x0000000713800000, 0x0000000713800000, 0x0000000713a00000|  0%| F|  |TAMS 0x0000000713800000, 0x0000000713800000| Untracked 
|  82|0x0000000713a00000, 0x0000000713a00000, 0x0000000713c00000|  0%| F|  |TAMS 0x0000000713a00000, 0x0000000713a00000| Untracked 
|  83|0x0000000713c00000, 0x0000000713c00000, 0x0000000713e00000|  0%| F|  |TAMS 0x0000000713c00000, 0x0000000713c00000| Untracked 
|  84|0x0000000713e00000, 0x0000000713e00000, 0x0000000714000000|  0%| F|  |TAMS 0x0000000713e00000, 0x0000000713e00000| Untracked 
|  85|0x0000000714000000, 0x0000000714000000, 0x0000000714200000|  0%| F|  |TAMS 0x0000000714000000, 0x0000000714000000| Untracked 
|  86|0x0000000714200000, 0x0000000714200000, 0x0000000714400000|  0%| F|  |TAMS 0x0000000714200000, 0x0000000714200000| Untracked 
|  87|0x0000000714400000, 0x0000000714400000, 0x0000000714600000|  0%| F|  |TAMS 0x0000000714400000, 0x0000000714400000| Untracked 
|  88|0x0000000714600000, 0x0000000714600000, 0x0000000714800000|  0%| F|  |TAMS 0x0000000714600000, 0x0000000714600000| Untracked 
|  89|0x0000000714800000, 0x0000000714800000, 0x0000000714a00000|  0%| F|  |TAMS 0x0000000714800000, 0x0000000714800000| Untracked 
|  90|0x0000000714a00000, 0x0000000714a00000, 0x0000000714c00000|  0%| F|  |TAMS 0x0000000714a00000, 0x0000000714a00000| Untracked 
|  91|0x0000000714c00000, 0x0000000714c00000, 0x0000000714e00000|  0%| F|  |TAMS 0x0000000714c00000, 0x0000000714c00000| Untracked 
|  92|0x0000000714e00000, 0x0000000714e00000, 0x0000000715000000|  0%| F|  |TAMS 0x0000000714e00000, 0x0000000714e00000| Untracked 
|  93|0x0000000715000000, 0x0000000715000000, 0x0000000715200000|  0%| F|  |TAMS 0x0000000715000000, 0x0000000715000000| Untracked 
|  94|0x0000000715200000, 0x0000000715200000, 0x0000000715400000|  0%| F|  |TAMS 0x0000000715200000, 0x0000000715200000| Untracked 
|  95|0x0000000715400000, 0x0000000715400000, 0x0000000715600000|  0%| F|  |TAMS 0x0000000715400000, 0x0000000715400000| Untracked 
|  96|0x0000000715600000, 0x0000000715600000, 0x0000000715800000|  0%| F|  |TAMS 0x0000000715600000, 0x0000000715600000| Untracked 
|  97|0x0000000715800000, 0x0000000715800000, 0x0000000715a00000|  0%| F|  |TAMS 0x0000000715800000, 0x0000000715800000| Untracked 
|  98|0x0000000715a00000, 0x0000000715a00000, 0x0000000715c00000|  0%| F|  |TAMS 0x0000000715a00000, 0x0000000715a00000| Untracked 
|  99|0x0000000715c00000, 0x0000000715c00000, 0x0000000715e00000|  0%| F|  |TAMS 0x0000000715c00000, 0x0000000715c00000| Untracked 
| 100|0x0000000715e00000, 0x0000000715e00000, 0x0000000716000000|  0%| F|  |TAMS 0x0000000715e00000, 0x0000000715e00000| Untracked 
| 101|0x0000000716000000, 0x0000000716000000, 0x0000000716200000|  0%| F|  |TAMS 0x0000000716000000, 0x0000000716000000| Untracked 
| 102|0x0000000716200000, 0x0000000716200000, 0x0000000716400000|  0%| F|  |TAMS 0x0000000716200000, 0x0000000716200000| Untracked 
| 103|0x0000000716400000, 0x0000000716400000, 0x0000000716600000|  0%| F|  |TAMS 0x0000000716400000, 0x0000000716400000| Untracked 
| 104|0x0000000716600000, 0x0000000716600000, 0x0000000716800000|  0%| F|  |TAMS 0x0000000716600000, 0x0000000716600000| Untracked 
| 105|0x0000000716800000, 0x0000000716800000, 0x0000000716a00000|  0%| F|  |TAMS 0x0000000716800000, 0x0000000716800000| Untracked 
| 106|0x0000000716a00000, 0x0000000716a00000, 0x0000000716c00000|  0%| F|  |TAMS 0x0000000716a00000, 0x0000000716a00000| Untracked 
| 107|0x0000000716c00000, 0x0000000716c00000, 0x0000000716e00000|  0%| F|  |TAMS 0x0000000716c00000, 0x0000000716c00000| Untracked 
| 108|0x0000000716e00000, 0x0000000716e00000, 0x0000000717000000|  0%| F|  |TAMS 0x0000000716e00000, 0x0000000716e00000| Untracked 
| 109|0x0000000717000000, 0x0000000717000000, 0x0000000717200000|  0%| F|  |TAMS 0x0000000717000000, 0x0000000717000000| Untracked 
| 110|0x0000000717200000, 0x0000000717200000, 0x0000000717400000|  0%| F|  |TAMS 0x0000000717200000, 0x0000000717200000| Untracked 
| 111|0x0000000717400000, 0x0000000717400000, 0x0000000717600000|  0%| F|  |TAMS 0x0000000717400000, 0x0000000717400000| Untracked 
| 112|0x0000000717600000, 0x0000000717600000, 0x0000000717800000|  0%| F|  |TAMS 0x0000000717600000, 0x0000000717600000| Untracked 
| 113|0x0000000717800000, 0x0000000717871250, 0x0000000717a00000| 22%| E|  |TAMS 0x0000000717800000, 0x0000000717800000| Complete 
| 114|0x0000000717a00000, 0x0000000717c00000, 0x0000000717c00000|100%| E|CS|TAMS 0x0000000717a00000, 0x0000000717a00000| Complete 
| 115|0x0000000717c00000, 0x0000000717e00000, 0x0000000717e00000|100%| E|CS|TAMS 0x0000000717c00000, 0x0000000717c00000| Complete 
| 116|0x0000000717e00000, 0x0000000718000000, 0x0000000718000000|100%| E|CS|TAMS 0x0000000717e00000, 0x0000000717e00000| Complete 
| 117|0x0000000718000000, 0x0000000718200000, 0x0000000718200000|100%| E|CS|TAMS 0x0000000718000000, 0x0000000718000000| Complete 
| 118|0x0000000718200000, 0x0000000718400000, 0x0000000718400000|100%| E|CS|TAMS 0x0000000718200000, 0x0000000718200000| Complete 
| 119|0x0000000718400000, 0x0000000718600000, 0x0000000718600000|100%| E|CS|TAMS 0x0000000718400000, 0x0000000718400000| Complete 
| 120|0x0000000718600000, 0x0000000718800000, 0x0000000718800000|100%| E|CS|TAMS 0x0000000718600000, 0x0000000718600000| Complete 
| 121|0x0000000718800000, 0x0000000718a00000, 0x0000000718a00000|100%| E|CS|TAMS 0x0000000718800000, 0x0000000718800000| Complete 
| 122|0x0000000718a00000, 0x0000000718c00000, 0x0000000718c00000|100%| E|CS|TAMS 0x0000000718a00000, 0x0000000718a00000| Complete 
| 123|0x0000000718c00000, 0x0000000718e00000, 0x0000000718e00000|100%| E|CS|TAMS 0x0000000718c00000, 0x0000000718c00000| Complete 

Card table byte_map: [0x0000016dab160000,0x0000016dab920000] _byte_map_base: 0x0000016da7915000

Marking Bits (Prev, Next): (CMBitMap*) 0x0000016d9368d4d0, (CMBitMap*) 0x0000016d9368d510
 Prev Bits: [0x0000016dac0e0000, 0x0000016dafe88000)
 Next Bits: [0x0000016dafe90000, 0x0000016db3c38000)

Polling page: 0x0000016d915c0000

Metaspace:

Usage:
  Non-class:      6.05 MB used.
      Class:    751.91 KB used.
       Both:      6.78 MB used.

Virtual space:
  Non-class space:        8.00 MB reserved,       6.12 MB ( 77%) committed,  1 nodes.
      Class space:        1.00 GB reserved,     832.00 KB ( <1%) committed,  1 nodes.
             Both:        1.01 GB reserved,       6.94 MB ( <1%) committed. 

Chunk freelists:
   Non-Class:  1.89 MB
       Class:  3.22 MB
        Both:  5.12 MB

MaxMetaspaceSize: unlimited
CompressedClassSpaceSize: 1.00 GB
Initial GC threshold: 21.00 MB
Current GC threshold: 21.00 MB
CDS: on
MetaspaceReclaimPolicy: balanced
 - commit_granule_bytes: 65536.
 - commit_granule_words: 8192.
 - virtual_space_node_default_size: 1048576.
 - enlarge_chunks_in_place: 1.
 - new_chunks_are_fully_committed: 0.
 - uncommit_free_chunks: 1.
 - use_allocation_guard: 0.
 - handle_deallocations: 1.


Internal statistics:

num_allocs_failed_limit: 0.
num_arena_births: 128.
num_arena_deaths: 0.
num_vsnodes_births: 2.
num_vsnodes_deaths: 0.
num_space_committed: 111.
num_space_uncommitted: 0.
num_chunks_returned_to_freelist: 0.
num_chunks_taken_from_freelist: 177.
num_chunk_merges: 0.
num_chunk_splits: 106.
num_chunks_enlarged: 52.
num_purges: 0.
num_inconsistent_stats: 0.

CodeHeap 'non-profiled nmethods': size=119168Kb used=427Kb max_used=427Kb free=118740Kb
 bounds [0x0000016da2cb0000, 0x0000016da2f20000, 0x0000016daa110000]
CodeHeap 'profiled nmethods': size=119104Kb used=1529Kb max_used=1529Kb free=117574Kb
 bounds [0x0000016d9b860000, 0x0000016d9bad0000, 0x0000016da2cb0000]
CodeHeap 'non-nmethods': size=7488Kb used=2384Kb max_used=2414Kb free=5103Kb
 bounds [0x0000016d9b110000, 0x0000016d9b380000, 0x0000016d9b860000]
 total_blobs=1670 nmethods=1090 adapters=491
 compilation: enabled
              stopped_count=0, restarted_count=0
 full_count=0

Compilation events (20 events):
Event: 0.847 Thread 0x0000016db792df70 nmethod 1074 0x0000016d9b9dc090 code [0x0000016d9b9dc220, 0x0000016d9b9dc418]
Event: 0.847 Thread 0x0000016db79268c0 nmethod 1075 0x0000016d9b9dc490 code [0x0000016d9b9dc660, 0x0000016d9b9dcb58]
Event: 0.847 Thread 0x0000016db6bf8b10 nmethod 1073% 0x0000016da2d13e90 code [0x0000016da2d14020, 0x0000016da2d14458]
Event: 0.848 Thread 0x0000016db79268c0 1076 %     3       summit.gfx.Renderer::filterFrame @ 10 (57 bytes)
Event: 0.848 Thread 0x0000016db79268c0 nmethod 1076% 0x0000016d9b9dcd90 code [0x0000016d9b9dcf60, 0x0000016d9b9dd3c8]
Event: 0.849 Thread 0x0000016db79268c0 1077       3       summit.gfx.Renderer::filterFrame (57 bytes)
Event: 0.849 Thread 0x0000016db79268c0 nmethod 1077 0x0000016d9b9dd690 code [0x0000016d9b9dd860, 0x0000016d9b9ddc28]
Event: 0.853 Thread 0x0000016db792df70 1078       3       sun.java2d.d3d.D3DRenderQueue::flushBuffer (46 bytes)
Event: 0.853 Thread 0x0000016db792df70 nmethod 1078 0x0000016d9b9dde90 code [0x0000016d9b9de060, 0x0000016d9b9de3f8]
Event: 0.855 Thread 0x0000016db6bf8b10 1079       4       summit.gfx.Renderer::rotate (62 bytes)
Event: 0.863 Thread 0x0000016db792df70 1080       1       summit.game.entity.Entity::inWater (5 bytes)
Event: 0.863 Thread 0x0000016db6c049d0 1081       1       summit.game.GameUpdateEvent::getDeltaTime (5 bytes)
Event: 0.863 Thread 0x0000016db792df70 nmethod 1080 0x0000016da2d14690 code [0x0000016da2d14820, 0x0000016da2d148f8]
Event: 0.863 Thread 0x0000016db6c049d0 nmethod 1081 0x0000016da2d14990 code [0x0000016da2d14b20, 0x0000016da2d14bf8]
Event: 0.863 Thread 0x0000016db6bf8b10 nmethod 1079 0x0000016da2d14c90 code [0x0000016da2d14e20, 0x0000016da2d15398]
Event: 0.865 Thread 0x0000016db6bf8b10 1082       4       java.util.HashMap::get (19 bytes)
Event: 0.869 Thread 0x0000016db6bf8b10 nmethod 1082 0x0000016da2d15690 code [0x0000016da2d15840, 0x0000016da2d15e18]
Event: 0.871 Thread 0x0000016db6bf8b10 1083 %     4       summit.gfx.Renderer::filterFrame @ 10 (57 bytes)
Event: 0.876 Thread 0x0000016db7b10fc0 nmethod 1070 0x0000016da2d16190 code [0x0000016da2d163a0, 0x0000016da2d17c08]
Event: 0.876 Thread 0x0000016db7b12400 1084 %     4       summit.gfx.Renderer::render @ 124 (287 bytes)

GC Heap History (0 events):
No events

Deoptimization events (20 events):
Event: 0.825 Thread 0x0000016db81429a0 DEOPT PACKING pc=0x0000016d9b9d5af9 sp=0x0000000d43bfeec0
Event: 0.825 Thread 0x0000016db81429a0 DEOPT UNPACKING pc=0x0000016d9b162b43 sp=0x0000000d43bfe368 mode 0
Event: 0.826 Thread 0x0000016db81429a0 DEOPT PACKING pc=0x0000016d9b9d5af9 sp=0x0000000d43bfeec0
Event: 0.826 Thread 0x0000016db81429a0 DEOPT UNPACKING pc=0x0000016d9b162b43 sp=0x0000000d43bfe368 mode 0
Event: 0.827 Thread 0x0000016db81429a0 DEOPT PACKING pc=0x0000016d9b9d5af9 sp=0x0000000d43bfeec0
Event: 0.827 Thread 0x0000016db81429a0 DEOPT UNPACKING pc=0x0000016d9b162b43 sp=0x0000000d43bfe368 mode 0
Event: 0.828 Thread 0x0000016db81429a0 DEOPT PACKING pc=0x0000016d9b9d5af9 sp=0x0000000d43bfeec0
Event: 0.828 Thread 0x0000016db81429a0 DEOPT UNPACKING pc=0x0000016d9b162b43 sp=0x0000000d43bfe368 mode 0
Event: 0.829 Thread 0x0000016db81429a0 DEOPT PACKING pc=0x0000016d9b9d5af9 sp=0x0000000d43bfeec0
Event: 0.829 Thread 0x0000016db81429a0 DEOPT UNPACKING pc=0x0000016d9b162b43 sp=0x0000000d43bfe368 mode 0
Event: 0.829 Thread 0x0000016db81429a0 DEOPT PACKING pc=0x0000016d9b9d5af9 sp=0x0000000d43bfeec0
Event: 0.829 Thread 0x0000016db81429a0 DEOPT UNPACKING pc=0x0000016d9b162b43 sp=0x0000000d43bfe368 mode 0
Event: 0.843 Thread 0x0000016db813f930 Uncommon trap: trap_request=0xffffff45 fr.pc=0x0000016da2d120e0 relative=0x00000000000003c0
Event: 0.843 Thread 0x0000016db813f930 Uncommon trap: reason=unstable_if action=reinterpret pc=0x0000016da2d120e0 method=summit.gfx.Renderer.inArrBounds(IIII)Z @ 15 c2
Event: 0.843 Thread 0x0000016db813f930 DEOPT PACKING pc=0x0000016da2d120e0 sp=0x0000000d438fee40
Event: 0.843 Thread 0x0000016db813f930 DEOPT UNPACKING pc=0x0000016d9b1623a3 sp=0x0000000d438fed48 mode 2
Event: 0.855 Thread 0x0000016db813f930 DEOPT PACKING pc=0x0000016d9b9db09d sp=0x0000000d438fed90
Event: 0.855 Thread 0x0000016db813f930 DEOPT UNPACKING pc=0x0000016d9b162b43 sp=0x0000000d438fe220 mode 0
Event: 0.860 Thread 0x0000016db813f930 DEOPT PACKING pc=0x0000016d9b9db09d sp=0x0000000d438fed90
Event: 0.860 Thread 0x0000016db813f930 DEOPT UNPACKING pc=0x0000016d9b162b43 sp=0x0000000d438fe220 mode 0

Classes unloaded (0 events):
No events

Classes redefined (0 events):
No events

Internal exceptions (13 events):
Event: 0.054 Thread 0x0000016db7963f00 Exception <a 'java/lang/ClassNotFoundException'{0x0000000718a2c1c8}: sun/awt/resources/spi/awtProvider> (0x0000000718a2c1c8) 
thrown [e:\jenkins\tmp\workspace\build\src\src\hotspot\share\classfile\systemDictionary.cpp, line 256]
Event: 0.073 Thread 0x0000016db7963f00 Exception <a 'java/io/FileNotFoundException'{0x0000000718b666c8}> (0x0000000718b666c8) 
thrown [e:\jenkins\tmp\workspace\build\src\src\hotspot\share\prims\jni.cpp, line 516]
Event: 0.078 Thread 0x0000016db7963f00 Exception <a 'java/io/FileNotFoundException'{0x0000000718b93620}> (0x0000000718b93620) 
thrown [e:\jenkins\tmp\workspace\build\src\src\hotspot\share\prims\jni.cpp, line 516]
Event: 0.091 Thread 0x0000016db7963f00 Exception <a 'java/lang/NoSuchMethodError'{0x0000000718bc8fd0}: 'java.lang.Object java.lang.invoke.DirectMethodHandle$Holder.invokeStaticInit(java.lang.Object)'> (0x0000000718bc8fd0) 
thrown [e:\jenkins\tmp\workspace\build\src\src\hotspot\share\interpreter\linkResolver.cpp, line 766]
Event: 0.232 Thread 0x0000016db7963f00 Exception <a 'java/lang/NoSuchMethodError'{0x0000000718762a58}: 'void java.lang.invoke.DirectMethodHandle$Holder.invokeSpecial(java.lang.Object, java.lang.Object, java.lang.Object)'> (0x0000000718762a58) 
thrown [e:\jenkins\tmp\workspace\build\src\src\hotspot\share\interpreter\linkResolver.cpp, line 766]
Event: 0.238 Thread 0x0000016db7963f00 Exception <a 'java/lang/NoSuchMethodError'{0x000000071878ccf0}: 'java.lang.Object java.lang.invoke.DirectMethodHandle$Holder.newInvokeSpecial(java.lang.Object, java.lang.Object, java.lang.Object, java.lang.Object, java.lang.Object)'> (0x000000071878ccf0) 
thrown [e:\jenkins\tmp\workspace\build\src\src\hotspot\share\interpreter\linkResolver.cpp, line 766]
Event: 0.239 Thread 0x0000016db7963f00 Exception <a 'java/lang/NoSuchMethodError'{0x00000007187986b8}: 'java.lang.Object java.lang.invoke.DirectMethodHandle$Holder.invokeStatic(java.lang.Object, int, java.lang.Object, java.lang.Object, java.lang.Object, java.lang.Object)'> (0x00000007187986b8) 
thrown [e:\jenkins\tmp\workspace\build\src\src\hotspot\share\interpreter\linkResolver.cpp, line 766]
Event: 0.243 Thread 0x0000016db7963f00 Exception <a 'java/lang/NoSuchMethodError'{0x00000007187bddd8}: 'java.lang.Object java.lang.invoke.DirectMethodHandle$Holder.invokeStatic(java.lang.Object, int, java.lang.Object)'> (0x00000007187bddd8) 
thrown [e:\jenkins\tmp\workspace\build\src\src\hotspot\share\interpreter\linkResolver.cpp, line 766]
Event: 0.261 Thread 0x0000016db7963f00 Exception <a 'java/lang/ClassNotFoundException'{0x0000000718476168}: com/sun/swing/internal/plaf/metal/resources/spi/metalProvider> (0x0000000718476168) 
thrown [e:\jenkins\tmp\workspace\build\src\src\hotspot\share\classfile\systemDictionary.cpp, line 256]
Event: 0.262 Thread 0x0000016db7963f00 Exception <a 'java/lang/ClassNotFoundException'{0x000000071847a040}: com/sun/swing/internal/plaf/basic/resources/spi/basicProvider> (0x000000071847a040) 
thrown [e:\jenkins\tmp\workspace\build\src\src\hotspot\share\classfile\systemDictionary.cpp, line 256]
Event: 0.274 Thread 0x0000016db7b4cf90 Exception <a 'java/lang/NoSuchMethodError'{0x0000000718680998}: 'void java.lang.invoke.DirectMethodHandle$Holder.invokeVirtual(java.lang.Object, java.lang.Object)'> (0x0000000718680998) 
thrown [e:\jenkins\tmp\workspace\build\src\src\hotspot\share\interpreter\linkResolver.cpp, line 766]
Event: 0.284 Thread 0x0000016db7963f00 Exception <a 'java/lang/NoSuchMethodError'{0x00000007184b8050}: 'void java.lang.invoke.DirectMethodHandle$Holder.invokeStaticInit(java.lang.Object)'> (0x00000007184b8050) 
thrown [e:\jenkins\tmp\workspace\build\src\src\hotspot\share\interpreter\linkResolver.cpp, line 766]
Event: 0.792 Thread 0x0000016db8170a90 Implicit null exception at 0x0000016da2d02456 to 0x0000016da2d02554

VM Operations (10 events):
Event: 0.039 Executing VM operation: HandshakeAllThreads
Event: 0.040 Executing VM operation: HandshakeAllThreads done
Event: 0.261 Executing VM operation: HandshakeAllThreads
Event: 0.261 Executing VM operation: HandshakeAllThreads done
Event: 0.301 Executing VM operation: HandshakeAllThreads
Event: 0.301 Executing VM operation: HandshakeAllThreads done
Event: 0.326 Executing VM operation: HandshakeAllThreads
Event: 0.326 Executing VM operation: HandshakeAllThreads done
Event: 0.777 Executing VM operation: HandshakeAllThreads
Event: 0.777 Executing VM operation: HandshakeAllThreads done

Events (20 events):
Event: 0.349 loading class java/text/AttributedString
Event: 0.349 loading class java/text/AttributedString done
Event: 0.349 loading class java/text/AttributedString$AttributedStringIterator
Event: 0.349 loading class java/text/AttributedCharacterIterator
Event: 0.349 loading class java/text/CharacterIterator
Event: 0.349 loading class java/text/CharacterIterator done
Event: 0.349 loading class java/text/AttributedCharacterIterator done
Event: 0.349 loading class java/text/AttributedString$AttributedStringIterator done
Event: 0.358 loading class sun/awt/image/BufImgSurfaceManager
Event: 0.358 loading class sun/awt/image/BufImgSurfaceManager done
Event: 0.358 loading class sun/awt/image/BufImgSurfaceData
Event: 0.358 loading class sun/awt/image/BufImgSurfaceData done
Event: 0.359 loading class sun/awt/image/BufImgSurfaceData$ICMColorData
Event: 0.359 loading class sun/awt/image/BufImgSurfaceData$ICMColorData done
Event: 0.751 Thread 0x0000016db7b119e0 Thread exited: 0x0000016db7b119e0
Event: 0.775 loading class java/lang/Math$RandomNumberGeneratorHolder
Event: 0.775 loading class java/lang/Math$RandomNumberGeneratorHolder done
Event: 0.777 Thread 0x0000016db7b10fc0 Thread added: 0x0000016db7b10fc0
Event: 0.789 Thread 0x0000016db7b12400 Thread added: 0x0000016db7b12400
Event: 0.801 Thread 0x0000016db81429a0 Thread added: 0x0000016db81429a0


Dynamic libraries:
0x00007ff7039e0000 - 0x00007ff7039ee000 	C:\Users\aadiu\AppData\Local\Programs\Eclipse Adoptium\jdk-17.0.2.8-hotspot\bin\java.exe
0x00007ffb36970000 - 0x00007ffb36b68000 	C:\Windows\SYSTEM32\ntdll.dll
0x00007ffb352a0000 - 0x00007ffb3535f000 	C:\Windows\System32\KERNEL32.DLL
0x00007ffb34310000 - 0x00007ffb345e2000 	C:\Windows\System32\KERNELBASE.dll
0x00007ffb34110000 - 0x00007ffb34210000 	C:\Windows\System32\ucrtbase.dll
0x00007ffb1e3d0000 - 0x00007ffb1e3e9000 	C:\Users\aadiu\AppData\Local\Programs\Eclipse Adoptium\jdk-17.0.2.8-hotspot\bin\VCRUNTIME140.dll
0x00007ffb1e3b0000 - 0x00007ffb1e3c8000 	C:\Users\aadiu\AppData\Local\Programs\Eclipse Adoptium\jdk-17.0.2.8-hotspot\bin\jli.dll
0x00007ffb35530000 - 0x00007ffb356cd000 	C:\Windows\System32\USER32.dll
0x00007ffb20b10000 - 0x00007ffb20daa000 	C:\Windows\WinSxS\amd64_microsoft.windows.common-controls_6595b64144ccf1df_6.0.19041.1110_none_60b5254171f9507e\COMCTL32.dll
0x00007ffb34720000 - 0x00007ffb34742000 	C:\Windows\System32\win32u.dll
0x00007ffb35f00000 - 0x00007ffb35f9e000 	C:\Windows\System32\msvcrt.dll
0x00007ffb35fa0000 - 0x00007ffb35fcb000 	C:\Windows\System32\GDI32.dll
0x00007ffb34750000 - 0x00007ffb3485f000 	C:\Windows\System32\gdi32full.dll
0x00007ffb345f0000 - 0x00007ffb3468d000 	C:\Windows\System32\msvcp_win.dll
0x00007ffb356f0000 - 0x00007ffb35722000 	C:\Windows\System32\IMM32.DLL
0x00007ffb2a2a0000 - 0x00007ffb2a2ac000 	C:\Users\aadiu\AppData\Local\Programs\Eclipse Adoptium\jdk-17.0.2.8-hotspot\bin\vcruntime140_1.dll
0x00007ffb1df90000 - 0x00007ffb1e021000 	C:\Users\aadiu\AppData\Local\Programs\Eclipse Adoptium\jdk-17.0.2.8-hotspot\bin\msvcp140.dll
0x00007ffabf480000 - 0x00007ffac00c7000 	C:\Users\aadiu\AppData\Local\Programs\Eclipse Adoptium\jdk-17.0.2.8-hotspot\bin\server\jvm.dll
0x00007ffb34ec0000 - 0x00007ffb34f6e000 	C:\Windows\System32\ADVAPI32.dll
0x00007ffb35e60000 - 0x00007ffb35efc000 	C:\Windows\System32\sechost.dll
0x00007ffb35ba0000 - 0x00007ffb35cc5000 	C:\Windows\System32\RPCRT4.dll
0x00007ffb34eb0000 - 0x00007ffb34eb8000 	C:\Windows\System32\PSAPI.DLL
0x00007ffb1d990000 - 0x00007ffb1d999000 	C:\Windows\SYSTEM32\WSOCK32.dll
0x00007ffb31d40000 - 0x00007ffb31d67000 	C:\Windows\SYSTEM32\WINMM.dll
0x00007ffb2d720000 - 0x00007ffb2d72a000 	C:\Windows\SYSTEM32\VERSION.dll
0x00007ffb35160000 - 0x00007ffb351cb000 	C:\Windows\System32\WS2_32.dll
0x00007ffb31fa0000 - 0x00007ffb31fb2000 	C:\Windows\SYSTEM32\kernel.appcore.dll
0x00007ffb25f70000 - 0x00007ffb25f7a000 	C:\Users\aadiu\AppData\Local\Programs\Eclipse Adoptium\jdk-17.0.2.8-hotspot\bin\jimage.dll
0x00007ffb31b50000 - 0x00007ffb31d34000 	C:\Windows\SYSTEM32\DBGHELP.DLL
0x00007ffb31b20000 - 0x00007ffb31b4c000 	C:\Windows\SYSTEM32\dbgcore.DLL
0x00007ffb34690000 - 0x00007ffb34712000 	C:\Windows\System32\bcryptPrimitives.dll
0x00007ffb1cbf0000 - 0x00007ffb1cc15000 	C:\Users\aadiu\AppData\Local\Programs\Eclipse Adoptium\jdk-17.0.2.8-hotspot\bin\java.dll
0x00007ffb0bbb0000 - 0x00007ffb0bc86000 	C:\Users\aadiu\AppData\Local\Programs\Eclipse Adoptium\jdk-17.0.2.8-hotspot\bin\jsvml.dll
0x00007ffb35fd0000 - 0x00007ffb36713000 	C:\Windows\System32\SHELL32.dll
0x00007ffb32130000 - 0x00007ffb328c2000 	C:\Windows\SYSTEM32\windows.storage.dll
0x00007ffb34ad0000 - 0x00007ffb34e24000 	C:\Windows\System32\combase.dll
0x00007ffb33a60000 - 0x00007ffb33a90000 	C:\Windows\SYSTEM32\Wldp.dll
0x00007ffb349c0000 - 0x00007ffb34a6d000 	C:\Windows\System32\SHCORE.dll
0x00007ffb35020000 - 0x00007ffb35075000 	C:\Windows\System32\shlwapi.dll
0x00007ffb33fb0000 - 0x00007ffb33fcf000 	C:\Windows\SYSTEM32\profapi.dll
0x00007ffb0b3c0000 - 0x00007ffb0b54e000 	C:\Users\aadiu\AppData\Local\Programs\Eclipse Adoptium\jdk-17.0.2.8-hotspot\bin\awt.dll
0x00007ffb351d0000 - 0x00007ffb3529d000 	C:\Windows\System32\OLEAUT32.dll
0x00007ffb31300000 - 0x00007ffb31391000 	C:\Windows\SYSTEM32\apphelp.dll
0x00007ffb1cba0000 - 0x00007ffb1cbb8000 	C:\Users\aadiu\AppData\Local\Programs\Eclipse Adoptium\jdk-17.0.2.8-hotspot\bin\zip.dll
0x00007ffb31410000 - 0x00007ffb314ae000 	C:\Windows\system32\uxtheme.dll
0x00007ffb353f0000 - 0x00007ffb35505000 	C:\Windows\System32\MSCTF.dll
0x00007ffb35cd0000 - 0x00007ffb35dfa000 	C:\Windows\System32\ole32.dll
0x00007ffb31590000 - 0x00007ffb315bf000 	C:\Windows\system32\DWMAPI.DLL
0x00007ffadadb0000 - 0x00007ffadaed5000 	C:\Windows\system32\opengl32.dll
0x00007ffada100000 - 0x00007ffada12c000 	C:\Windows\SYSTEM32\GLU32.dll
0x00007ffb269b0000 - 0x00007ffb26b7f000 	C:\Windows\system32\d3d9.dll
0x00007ffb28d70000 - 0x00007ffb28f28000 	C:\Windows\System32\DriverStore\FileRepository\u0370468.inf_amd64_5e4260b11257b6e9\B370372\aticfx64.dll
0x00007ffb17910000 - 0x00007ffb17944000 	C:\Windows\System32\DriverStore\FileRepository\u0370468.inf_amd64_5e4260b11257b6e9\B370372\atiu9p64.dll
0x00007ffabe720000 - 0x00007ffabf474000 	C:\Windows\System32\DriverStore\FileRepository\u0370468.inf_amd64_5e4260b11257b6e9\B370372\atiumd64.dll
0x000000006c4b0000 - 0x000000006d324000 	C:\Windows\System32\DriverStore\FileRepository\u0370468.inf_amd64_5e4260b11257b6e9\B370372\atiumd6a.dll
0x00007ffb35730000 - 0x00007ffb35b98000 	C:\Windows\System32\SETUPAPI.dll
0x00007ffb34210000 - 0x00007ffb3425e000 	C:\Windows\System32\cfgmgr32.dll
0x00007ffb33e30000 - 0x00007ffb33e7b000 	C:\Windows\SYSTEM32\POWRPROF.dll
0x00007ffb34070000 - 0x00007ffb34097000 	C:\Windows\System32\bcrypt.dll
0x00007ffb33e10000 - 0x00007ffb33e22000 	C:\Windows\SYSTEM32\UMPDC.dll
0x00007ffb29180000 - 0x00007ffb291b0000 	C:\Windows\SYSTEM32\amdihk64.dll
0x00007ffb29960000 - 0x00007ffb2999b000 	C:\Windows\SYSTEM32\dxcore.dll
0x00007ffb0d970000 - 0x00007ffb0d9f9000 	C:\Users\aadiu\AppData\Local\Programs\Eclipse Adoptium\jdk-17.0.2.8-hotspot\bin\freetype.dll
0x00007ffafaaf0000 - 0x00007ffafab98000 	C:\Users\aadiu\AppData\Local\Programs\Eclipse Adoptium\jdk-17.0.2.8-hotspot\bin\fontmanager.dll
0x00007ffb28f30000 - 0x00007ffb29029000 	C:\Windows\SYSTEM32\textinputframework.dll
0x00007ffb309d0000 - 0x00007ffb30ac2000 	C:\Windows\System32\CoreMessaging.dll
0x00007ffb30e70000 - 0x00007ffb311ce000 	C:\Windows\System32\CoreUIComponents.dll
0x00007ffb33190000 - 0x00007ffb331c3000 	C:\Windows\SYSTEM32\ntmarta.dll
0x00007ffb30200000 - 0x00007ffb30354000 	C:\Windows\SYSTEM32\wintypes.dll

dbghelp: loaded successfully - version: 4.0.5 - missing functions: none
symbol engine: initialized successfully - sym options: 0x614 - pdb path: .;C:\Users\aadiu\AppData\Local\Programs\Eclipse Adoptium\jdk-17.0.2.8-hotspot\bin;C:\Windows\SYSTEM32;C:\Windows\WinSxS\amd64_microsoft.windows.common-controls_6595b64144ccf1df_6.0.19041.1110_none_60b5254171f9507e;C:\Users\aadiu\AppData\Local\Programs\Eclipse Adoptium\jdk-17.0.2.8-hotspot\bin\server;C:\Windows\System32\DriverStore\FileRepository\u0370468.inf_amd64_5e4260b11257b6e9\B370372

VM Arguments:
jvm_args: -XX:+ShowCodeDetailsInExceptionMessages 
java_command: summit.Main
java_class_path (initial): C:\Users\aadiu\AppData\Roaming\Code\User\workspaceStorage\929b6f7fce9865a60d0bbe8b6a275a21\redhat.java\jdt_ws\Summit Game_948de7c9\bin
Launcher Type: SUN_STANDARD

[Global flags]
     intx CICompilerCount                          = 12                                        {product} {ergonomic}
     uint ConcGCThreads                            = 3                                         {product} {ergonomic}
     uint G1ConcRefinementThreads                  = 13                                        {product} {ergonomic}
   size_t G1HeapRegionSize                         = 2097152                                   {product} {ergonomic}
    uintx GCDrainStackTargetSize                   = 64                                        {product} {ergonomic}
   size_t InitialHeapSize                          = 260046848                                 {product} {ergonomic}
   size_t MarkStackSize                            = 4194304                                   {product} {ergonomic}
   size_t MaxHeapSize                              = 4137680896                                {product} {ergonomic}
   size_t MaxNewSize                               = 2480930816                                {product} {ergonomic}
   size_t MinHeapDeltaBytes                        = 2097152                                   {product} {ergonomic}
   size_t MinHeapSize                              = 8388608                                   {product} {ergonomic}
    uintx NonNMethodCodeHeapSize                   = 7602480                                {pd product} {ergonomic}
    uintx NonProfiledCodeHeapSize                  = 122027880                              {pd product} {ergonomic}
    uintx ProfiledCodeHeapSize                     = 122027880                              {pd product} {ergonomic}
    uintx ReservedCodeCacheSize                    = 251658240                              {pd product} {ergonomic}
     bool SegmentedCodeCache                       = true                                      {product} {ergonomic}
     bool ShowCodeDetailsInExceptionMessages       = true                                   {manageable} {command line}
   size_t SoftMaxHeapSize                          = 4137680896                             {manageable} {ergonomic}
     bool UseCompressedClassPointers               = true                           {product lp64_product} {ergonomic}
     bool UseCompressedOops                        = true                           {product lp64_product} {ergonomic}
     bool UseG1GC                                  = true                                      {product} {ergonomic}
     bool UseLargePagesIndividualAllocation        = false                                  {pd product} {ergonomic}

Logging:
Log output configuration:
 #0: stdout all=warning uptime,level,tags
 #1: stderr all=off uptime,level,tags

Environment Variables:
JAVA_HOME=C:\Users\aadiu\AppData\Local\Programs\Eclipse Adoptium\jdk-17.0.2.8-hotspot\
PATH=C:\Program Files (x86)\Razer Chroma SDK\bin;C:\Program Files\Razer Chroma SDK\bin;C:\Program Files (x86)\Razer\ChromaBroadcast\bin;C:\Program Files\Razer\ChromaBroadcast\bin;C:\Program Files (x86)\Common Files\Oracle\Java\javapath;C:\Program Files\Python38\Scripts\;C:\Program Files\Python38\;C:\Windows\system32;C:\Windows;C:\Windows\System32\Wbem;C:\Windows\System32\WindowsPowerShell\v1.0\;C:\Windows\System32\OpenSSH\;C:\Program Files (x86)\NVIDIA Corporation\PhysX\Common;C:\Program Files\NVIDIA Corporation\NVIDIA NvDLISR;C:\Users\aadiu\AppData\Local\Microsoft\WindowsApps;C:\Users\aadiu\AppData\Local\Programs\Microsoft VS Code\bin;C:\Windows\system32\config\systemprofile\AppData\Local\Microsoft\WindowsApps;C:\Program Files\dotnet\;C:\Program Files\Git\cmd;C:\MinGW\bin\;C:\Program Files (x86)\Windows Kits\10\Windows Performance Toolkit\;C:\Users\aadiu\AppData\Local\Programs\Eclipse Adoptium\jdk-17.0.2.8-hotspot\bin;C:\Users\aadiu\AppData\Local\Microsoft\WindowsApps;C:\Users\aadiu\AppData\Local\Programs\Microsoft VS Code\bin;C:\Users\aadiu\AppData\Local\GitHubDesktop\bin
USERNAME=aadiu
LANG=en_US.UTF-8
OS=Windows_NT
PROCESSOR_IDENTIFIER=AMD64 Family 25 Model 80 Stepping 0, AuthenticAMD



---------------  S Y S T E M  ---------------

OS:
 Windows 10 , 64 bit Build 19041 (10.0.19041.2251)
OS uptime: 1 days 9:06 hours

CPU: total 16 (initial active 16) (16 cores per cpu, 2 threads per core) family 25 model 80 stepping 0 microcode 0x0, cx8, cmov, fxsr, ht, mmx, 3dnowpref, sse, sse2, sse3, ssse3, sse4a, sse4.1, sse4.2, popcnt, lzcnt, tsc, tscinvbit, avx, avx2, aes, erms, clmul, bmi1, bmi2, adx, sha, fma, vzeroupper, clflush, clflushopt

Memory: 4k page, system-wide physical 15776M (7223M free)
TotalPageFile size 20128M (AvailPageFile size 6682M)
current process WorkingSet (physical memory assigned to process): 109M, peak: 110M
current process commit charge ("private bytes"): 427M, peak: 428M

vm_info: OpenJDK 64-Bit Server VM (17.0.2+8) for windows-amd64 JRE (17.0.2+8), built on Jan 20 2022 04:52:34 by "" with MS VC++ 16.7 (VS2019)

END.
