#
# A fatal error has been detected by the Java Runtime Environment:
#
#  EXCEPTION_ACCESS_VIOLATION (0xc0000005) at pc=0x0000029e0f5f6673, pid=20504, tid=21656
#
# JRE version: OpenJDK Runtime Environment Temurin-17.0.2+8 (17.0.2+8) (build 17.0.2+8)
# Java VM: OpenJDK 64-Bit Server VM Temurin-17.0.2+8 (17.0.2+8, mixed mode, sharing, tiered, compressed oops, compressed class ptrs, g1 gc, windows-amd64)
# Problematic frame:
# J 1059 c2 summit.gfx.Renderer.render(Ljava/lang/String;FFILsummit/gfx/ColorFilter;)V (282 bytes) @ 0x0000029e0f5f6673 [0x0000029e0f5f5e20+0x0000000000000853]
#
# No core dump will be written. Minidumps are not enabled by default on client versions of Windows
#
# If you would like to submit a bug report, please visit:
#   https://github.com/adoptium/adoptium-support/issues
#

---------------  S U M M A R Y ------------

Command Line: -XX:+ShowCodeDetailsInExceptionMessages summit.Main

Host: AMD Ryzen 9 5900HS with Radeon Graphics        , 16 cores, 15G,  Windows 10 , 64 bit Build 19041 (10.0.19041.2251)
Time: Tue Nov 15 17:49:07 2022 Central Standard Time elapsed time: 0.815434 seconds (0d 0h 0m 0s)

---------------  T H R E A D  ---------------

Current thread (0x0000029e2406dba0):  JavaThread "Thread-2" [_thread_in_Java, id=21656, stack(0x000000d429500000,0x000000d429600000)]

Stack: [0x000000d429500000,0x000000d429600000],  sp=0x000000d4295fec30,  free space=1019k
Native frames: (J=compiled Java code, j=interpreted, Vv=VM code, C=native code)
C  0x0000029e0f5f6673


siginfo: EXCEPTION_ACCESS_VIOLATION (0xc0000005), reading address 0x0000000b17600398


Register to memory mapping:

RIP=0x0000029e0f5f6673 is at entry_point+2131 in (nmethod*)0x0000029e0f5f5c10
RAX=0x0000000000000089 is an unknown value
RBX=0x00000000fffffff0 is an unknown value
RCX=3807117433 is a compressed pointer to object: [[I 
{0x00000007176003c8} - klass: {type array int}[]
 - length: 144
RDX=0x0 is NULL
RSP=0x000000d4295fec30 is pointing into the stack for thread: 0x0000029e2406dba0
RBP=0x0 is NULL
RSI=0x0000000000000090 is an unknown value
RDI=0x0000000000000010 is an unknown value
R8 =0x00000000fffffff0 is an unknown value
R9 =0x0000000717600618 is an oop: summit.gfx.Renderer 
{0x0000000717600618} - klass: 'summit/gfx/Renderer'
 - ---- fields (total size 2 words):
 - private 'frame' '[[I' @12  a {type array int}[144] {0x00000007176003c8} (e2ec0079)
R10=0x00000007176003c8 is an oop: [[I 
{0x00000007176003c8} - klass: {type array int}[]
 - length: 144
R11=0x0000000000000088 is an unknown value
R12=0x0 is NULL
R13=0x0000000000000006 is an unknown value
R14=0x0000000000000010 is an unknown value
R15=0x0000029e2406dba0 is a thread


Registers:
RAX=0x0000000000000089, RBX=0x00000000fffffff0, RCX=0x00000000e2ec0079, RDX=0x0000000000000000
RSP=0x000000d4295fec30, RBP=0x0000000000000000, RSI=0x0000000000000090, RDI=0x0000000000000010
R8 =0x00000000fffffff0, R9 =0x0000000717600618, R10=0x00000007176003c8, R11=0x0000000000000088
R12=0x0000000000000000, R13=0x0000000000000006, R14=0x0000000000000010, R15=0x0000029e2406dba0
RIP=0x0000029e0f5f6673, EFLAGS=0x0000000000010287

Top of Stack: (sp=0x000000d4295fec30)
0x000000d4295fec30:   0000010000000000 0000000000000098
0x000000d4295fec40:   fffffff000000088 fffffff000000088
0x000000d4295fec50:   00000007176d9ef8 0000001000000010
0x000000d4295fec60:   0000000000000009 0000000718d2ca98
0x000000d4295fec70:   000000d4295fee18 0000029e082b4cb0
0x000000d4295fec80:   0000000718d2ca98 0000000717629c58
0x000000d4295fec90:   000000d4295fef38 0000029e082b3a14
0x000000d4295feca0:   000000d4295fed01 0000029e2302fb48
0x000000d4295fecb0:   0000000000000030 0000000718d2ca94
0x000000d4295fecc0:   000000d4295fee18 0000029e082c10b0
0x000000d4295fecd0:   0000000718d2ca94 0000000717600618
0x000000d4295fece0:   0000000717629c58 0000000000000001
0x000000d4295fecf0:   0000000000000000 0000000718cf2090
0x000000d4295fed00:   000000d4295fef38 0000029e082b466c
0x000000d4295fed10:   0000000718cf2090 0000000717756730
0x000000d4295fed20:   0000029e2406dba0 000000d4295fec90 

Instructions: (pc=0x0000029e0f5f6673)
0x0000029e0f5f6573:   44 8b 40 0c 45 85 c0 0f 86 fa 0b 00 00 45 3b d0
0x0000029e0f5f6583:   0f 83 f1 0b 00 00 8b 6c 24 2c ff cd 8b 4c 24 2c
0x0000029e0f5f6593:   d1 f9 4c 63 4c 24 2c 44 8b e9 41 83 c5 fe 41 3b
0x0000029e0f5f65a3:   cd 41 bb 00 00 00 80 45 0f 4c eb 4c 63 d1 49 8b
0x0000029e0f5f65b3:   d1 49 2b d2 8b f1 ff c6 48 ff ca 45 33 f6 e9 58
0x0000029e0f5f65c3:   03 00 00 c4 c1 f9 7e c9 e9 04 01 00 00 44 2b 5c
0x0000029e0f5f65d3:   24 10 45 8b d3 41 ff c2 44 8b db 44 3b d7 0f 83
0x0000029e0f5f65e3:   52 08 00 00 45 3b 64 cc 10 0f 84 a2 09 00 00 c4
0x0000029e0f5f65f3:   e1 f9 7e d3 44 8b 4b 10 47 8b 54 cc 0c 44 03 54
0x0000029e0f5f6603:   24 10 4d 8b 8f 48 03 00 00 41 8b db ff c3 41 85
0x0000029e0f5f6613:   01 41 3b da 7c b7 c4 c1 f9 7e c9 4d 8b 97 48 03
0x0000029e0f5f6623:   00 00 41 ff c0 41 85 02 44 3b 04 24 0f 8d a5 01
0x0000029e0f5f6633:   00 00 c4 c1 f9 7e c1 c4 e1 f9 7e cd c5 f9 7e da
0x0000029e0f5f6643:   44 8b 5c 24 10 8b 5c 24 14 44 3b 5c 24 08 0f 8d
0x0000029e0f5f6653:   99 01 00 00 89 5c 24 14 44 89 5c 24 10 c5 f9 6e
0x0000029e0f5f6663:   da c4 e1 f9 6e cd c4 c1 f9 6e c1 c4 c1 f9 7e e2
0x0000029e0f5f6673:   43 8b 6c 82 10 41 8b d8 2b 5c 24 14 44 3b c6 0f
0x0000029e0f5f6683:   83 3e ff ff ff 44 3b 5c 24 04 0f 83 33 ff ff ff
0x0000029e0f5f6693:   c4 c1 f9 7e d2 45 8b 54 9a 10 47 8b 4c d4 0c 45
0x0000029e0f5f66a3:   85 c9 0f 86 f9 08 00 00 47 8b 54 d4 10 41 83 fa
0x0000029e0f5f66b3:   ff 0f 84 55 01 00 00 45 8b 4c ec 0c 45 3b d9 0f
0x0000029e0f5f66c3:   83 db 00 00 00 4d 8d 0c ec 47 89 54 99 10 45 33
0x0000029e0f5f66d3:   c9 c4 c1 f9 7e d2 45 8b 52 10 47 8b 5c d4 0c 44
0x0000029e0f5f66e3:   03 5c 24 10 41 3b c3 0f 8d 2e ff ff ff 44 3b c6
0x0000029e0f5f66f3:   0f 83 d3 00 00 00 4d 8d 2c ec 44 8b d8 41 be 01
0x0000029e0f5f6703:   00 00 00 eb 49 0f 1f 84 00 00 00 00 00 47 89 54
0x0000029e0f5f6713:   9d 10 45 33 c9 c4 c1 f9 7e d2 41 8b 52 10 45 8b
0x0000029e0f5f6723:   54 d4 0c 44 03 54 24 10 4d 8b b7 48 03 00 00 41
0x0000029e0f5f6733:   8b d3 ff c2 41 85 06 41 3b d2 0f 8d db fe ff ff
0x0000029e0f5f6743:   44 2b 5c 24 10 45 8b f3 41 ff c6 44 8b da 44 3b
0x0000029e0f5f6753:   f7 0f 83 df 06 00 00 45 8b 54 cc 10 47 8b 54 d4
0x0000029e0f5f6763:   0c 45 3b da 73 59 c4 c1 f9 7e d2 45 8b 54 9a 10 


Stack slot to memory mapping:
stack at sp + 0 slots: 0x0000010000000000 is an unknown value
stack at sp + 1 slots: 0x0000000000000098 is an unknown value
stack at sp + 2 slots: 0xfffffff000000088 is an unknown value
stack at sp + 3 slots: 0xfffffff000000088 is an unknown value
stack at sp + 4 slots: 0x00000007176d9ef8 is an oop: [[I 
{0x00000007176d9ef8} - klass: {type array int}[]
 - length: 16
stack at sp + 5 slots: 0x0000001000000010 is an unknown value
stack at sp + 6 slots: 0x0000000000000009 is an unknown value
stack at sp + 7 slots: 
[error occurred during error reporting (inspecting top of stack), id 0xc0000005, EXCEPTION_ACCESS_VIOLATION (0xc0000005) at pc=0x00007ffabb50203a]

--------------------------------------------------------------------------------
[Constant Pool (empty)]

--------------------------------------------------------------------------------

[MachCode]
  0x0000029e0f5f5e20: 448b 5208 | 49bb 0000 | 0000 0800 | 0000 4d03 | d349 3bc2 | 0f85 466c | 44f8 6690 | 0f1f 4000 
  0x0000029e0f5f5e40: 8984 2400 | 90ff ff55 | 4883 ec60 | 4889 7c24 | 1045 8bf1 | c5f8 28e1 | 4889 1424 | 4d8b d049 
  0x0000029e0f5f5e60: bb78 a960 | 1707 0000 | 0041 8b6b | 7045 8b44 | ec08 4181 | f8e0 ad0b | 000f 858e | 1100 004d 
  0x0000029e0f5f5e80: 8d1c ec45 | 8b4b 2447 | 8b44 cc0c | 4585 c00f | 861f 1200 | 004b 8d1c | cc4d 85d2 | 0f84 8a0f 
  0x0000029e0f5f5ea0: 0000 418b | 4a0c 41ff | c885 c975 | 7045 0fb6 | 5a11 4585 | db0f 8543 | 0f00 0045 | 0fbe 5a10 
  0x0000029e0f5f5ec0: 4585 db0f | 855f 1400 | 0041 8b42 | 1441 8b6c | c40c 85ed | 0f86 310f | 0000 8bfd | ffcf 3bfd 
  0x0000029e0f5f5ee0: 0f83 6e13 | 0000 450f | b65c c410 | 8bcd 83c1 | fd3b f941 | b900 0000 | 8041 0f4c | c941 8bfb 
  0x0000029e0f5f5f00: c1e7 0541 | 2bfb 498d | 34c4 83f9 | 010f 8e75 | 1300 00b8 | 0100 0000 | 4533 c9eb | 4544 8bd9 
  0x0000029e0f5f5f20: 41c1 eb10 | 4433 d945 | 23c3 33d2 | e9f8 0000 | 0044 0fb6 | 5c06 1041 | 03fb ffc0 | 3bc5 0f8d 
  0x0000029e0f5f5f40: cc00 0000 | 448b df41 | c1e3 0544 | 2bdf 418b | fbeb dec4 | c1f9 7eca | c4c1 797e | d8c4 c179 
  0x0000029e0f5f5f60: 7ed1 8bd1 | 2bd0 3bc8 | 410f 4cd1 | 81fa a00f | 0000 41bb | a00f 0000 | 410f 47d3 | 03d0 c4c1 
  0x0000029e0f5f5f80: f96e cac4 | c179 6ed8 | c4c1 796e | d166 6690 | 4c63 c046 | 0fb6 5c06 | 1046 0fb6 | 4c06 1346 
  0x0000029e0f5f5fa0: 0fb6 5406 | 1146 0fb6 | 4406 1241 | 03fb 448b | ef41 c1e5 | 0544 2bef | 4503 ea45 | 8bd5 41c1 
  0x0000029e0f5f5fc0: e205 452b | d545 03d0 | 458b da41 | c1e3 0545 | 2bda 4503 | d941 8bfb | c1e7 0541 | 2bfb 83c0 
  0x0000029e0f5f5fe0: 043b c27c | ab4d 8b97 | 4803 0000 | 4185 023b | c10f 8c5c | ffff ffc4 | c1f9 7eca | c4c1 797e 
  0x0000029e0f5f6000: d8c5 f97e | d23b c50f | 8c24 ffff | ff41 8bfb | 85ff 0f84 | f50d 0000 | 4189 7a0c | 448b df41 
  0x0000029e0f5f6020: c1eb 1044 | 33df 4523 | c346 8b44 | 8310 478b | 4cc4 0c45 | 3bcb 0f84 | a001 0000 | 438b 6cc4 
  0x0000029e0f5f6040: 1885 ed0f | 844b 1200 | 0047 8b4c | c408 4181 | f998 b014 | 000f 8465 | 1200 004d | 8d04 ec41 
  0x0000029e0f5f6060: 8b48 0c41 | 3bcb 0f85 | 720d 0000 | 418b 4810 | 4c8b c949 | c1e1 034d | 3bca 0f84 | 9802 0000 
  0x0000029e0f5f6080: 410f be5a | 104d 3bd1 | 0f84 8a02 | 0000 418b | 7ccc 0881 | ff70 e900 | 000f 851d | 1300 004d 
  0x0000029e0f5f60a0: 8d0c cc41 | 0fbe 6910 | 3bdd 0f85 | b412 0000 | 418b 7914 | 458b 4a14 | 418b 5cfc | 0c43 8b4c 
  0x0000029e0f5f60c0: cc0c 3bcb | 0f85 d800 | 0000 498d | 1cfc 498d | 74fc 104b | 8d1c cc4b | 8d7c cc10 | 85c9 0f84 
  0x0000029e0f5f60e0: a500 0000 | 8bc1 83e0 | 1f83 e1e0 | 0f84 4b00 | 0000 488d | 3c0f 488d | 340e 48f7 | d9c5 fe6f 
  0x0000029e0f5f6100: 0c0f c5fe | 6f14 0ec5 | f5ef cac4 | e27d 17c9 | 0f85 7a00 | 0000 4883 | c120 75e1 | 85c0 0f84 
  0x0000029e0f5f6120: 6500 0000 | c5fe 6f4c | 07e0 c5fe | 6f54 06e0 | c5f5 efca | c4e2 7d17 | c975 55eb | 4c8b c883 
  0x0000029e0f5f6140: e1fc 7419 | 488d 3c0f | 488d 340e | 48f7 d98b | 1c0f 3b1c | 0e75 3948 | 83c1 0475 | f2f7 c002 
  0x0000029e0f5f6160: 0000 0074 | 120f b71f | 0fb7 0e3b | d975 2148 | 8d7f 0248 | 8d76 02f7 | c001 0000 | 0074 0a0f 
  0x0000029e0f5f6180: b61f 0fb6 | 0e3b d975 | 07b8 0100 | 0000 eb02 | 33c0 c5f5 | efc9 c5ed | efd2 85c0 | 0f85 7601 
  0x0000029e0f5f61a0: 0000 ba45 | ffff ff48 | 8b2c 2444 | 8934 244c | 8b4c 2410 | 4c89 4c24 | 08c5 fa11 | 4424 04c5 
  0x0000029e0f5f61c0: fa11 6424 | 104c 8954 | 2418 4c89 | 4424 2044 | 895c 2414 | c5f8 77e8 | 24c1 44f8 | 438b 4cc4 
  0x0000029e0f5f61e0: 104c 8bc9 | 49c1 e103 | 4d3b ca0f | 8423 0100 | 0041 0fbe | 7210 4d3b | d10f 8415 | 0100 0041 
  0x0000029e0f5f6200: 8b5c cc08 | 81fb 70e9 | 0000 0f85 | ec11 0000 | 4d8d 0ccc | 410f be69 | 103b f50f | 85cf 1000 
  0x0000029e0f5f6220: 0041 8b59 | 1441 8b7a | 1445 8b4c | dc0c 418b | 4cfc 0c41 | 3bc9 0f85 | dc0f 0000 | 4d8d 0cdc 
  0x0000029e0f5f6240: 498d 74dc | 104d 8d0c | fc49 8d7c | fc10 85c9 | 0f84 a500 | 0000 8bc1 | 83e0 1f83 | e1e0 0f84 
  0x0000029e0f5f6260: 4b00 0000 | 488d 3c0f | 488d 340e | 48f7 d9c5 | fe6f 140f | c5fe 6f0c | 0ec5 edef | d1c4 e27d 
  0x0000029e0f5f6280: 17d2 0f85 | 7a00 0000 | 4883 c120 | 75e1 85c0 | 0f84 6500 | 0000 c5fe | 6f54 07e0 | c5fe 6f4c 
  0x0000029e0f5f62a0: 06e0 c5ed | efd1 c4e2 | 7d17 d275 | 55eb 4c8b | c883 e1fc | 7419 488d | 3c0f 488d | 340e 48f7 
  0x0000029e0f5f62c0: d98b 1c0f | 3b1c 0e75 | 3948 83c1 | 0475 f2f7 | c002 0000 | 0074 120f | b71f 0fb7 | 0e3b d975 
  0x0000029e0f5f62e0: 2148 8d7f | 0248 8d76 | 02f7 c001 | 0000 0074 | 0a0f b61f | 0fb6 0e3b | d975 07b8 | 0100 0000 
  0x0000029e0f5f6300: eb02 33c0 | c5ed efd2 | c5f5 efc9 | 85c0 0f84 | 040f 0000 | 49c1 e003 | 418b 6814 | 458b 54ec 
  0x0000029e0f5f6320: 0841 81fa | 086d 0000 | 0f85 6e10 | 0000 498d | 04ec 448b | 400c 4585 | c00f 86f1 | 0c00 0044 
  0x0000029e0f5f6340: 8b58 1047 | 8b54 dc0c | 41d1 fac4 | c179 6eca | c5f8 5bc9 | c5fa 5cc9 | c4c1 797e | ca45 8bca 
  0x0000029e0f5f6360: 41c1 e917 | 450f b6c9 | b995 0000 | 0041 2bc9 | f7c1 e0ff | ffff 0f85 | 400a 0000 | 458b da41 
  0x0000029e0f5f6380: 81e3 ffff | 7f00 4181 | cb00 0080 | 0045 85d2 | 0f8c 8e0a | 0000 41d3 | fb41 ffc3 | 41d1 fb41 
  0x0000029e0f5f63a0: d1f8 c4c1 | 796e c0c5 | f85b c0c5 | da5c c8c4 | c179 7eca | 458b ca41 | c1e9 1745 | 0fb6 c9b9 
  0x0000029e0f5f63c0: 9500 0000 | 412b c9f7 | c1e0 ffff | ff0f 85c9 | 0900 0041 | 8bda 81e3 | ffff 7f00 | 81cb 0000 
  0x0000029e0f5f63e0: 8000 4585 | d20f 8c32 | 0a00 00d3 | fbff c3d1 | fb45 8bd6 | 4585 d20f | 85d6 0000 | 0045 33d2 
  0x0000029e0f5f6400: eb12 8b54 | 240c 448b | 5c24 188b | 5c24 1c44 | 8b54 2408 | 418b eac1 | fd03 85ed | 0f85 ca0c 
  0x0000029e0f5f6420: 0000 8b78 | 0c44 8bc3 | 4403 c741 | 3bd8 0f8d | a603 0000 | 4c63 d74c | 63cb 8bf3 | f7de 4863 
  0x0000029e0f5f6440: ce4c 03c9 | 4d3b ca0f | 8313 0c00 | 004d 63c8 | 4c03 c949 | ffc9 4d3b | ca0f 8335 | 0c00 004c 
  0x0000029e0f5f6460: 8b0c 2441 | 8b49 0c41 | 8b74 cc0c | 85f6 0f86 | 2b0c 0000 | 418b 6ccc | 1045 8b54 | ec0c 85ff 
  0x0000029e0f5f6480: 0f86 200c | 0000 8b68 | 1041 8b7c | ec0c 85ff | 0f86 170c | 0000 488b | 6c24 1048 | 85ed 0f85 
  0x0000029e0f5f64a0: c50b 0000 | 4489 5424 | 0444 8904 | 24c4 e1f9 | 6ed0 448b | d745 03d3 | 4489 5424 | 084d 8d14 
  0x0000029e0f5f64c0: ccc4 c1f9 | 6ee2 418b | c3ff c044 | 8bc3 e979 | 0100 0041 | f7c2 0400 | 0000 742c | 895c 2418 
  0x0000029e0f5f64e0: 4489 5c24 | 0c89 5424 | 0841 8bea | 488b d090 | c5f8 77e8 | a8ee ffff | 448b d58b | 5424 0844 
  0x0000029e0f5f6500: 8b5c 240c | 8b5c 2418 | 41f7 c201 | 0000 000f | 84dd 0400 | 008b 680c | 85ed 0f86 | d80c 0000 
  0x0000029e0f5f6520: 448b 4810 | 478b 44cc | 0c44 8944 | 242c 896c | 2428 4889 | 4424 2089 | 5c24 1c44 | 895c 2418 
  0x0000029e0f5f6540: 8954 240c | 4489 5424 | 0848 ba08 | 6d00 0008 | 0000 0044 | 8bc5 448b | 4c24 2c90 | c5f8 77e8 
  0x0000029e0f5f6560: 9ca3 4ff8 | 448b d541 | ffca 443b | d50f 8307 | 0c00 0044 | 8b40 0c45 | 85c0 0f86 | fa0b 0000 
  0x0000029e0f5f6580: 453b d00f | 83f1 0b00 | 008b 6c24 | 2cff cd8b | 4c24 2cd1 | f94c 634c | 242c 448b | e941 83c5 
  0x0000029e0f5f65a0: fe41 3bcd | 41bb 0000 | 0080 450f | 4ceb 4c63 | d149 8bd1 | 492b d28b | f1ff c648 | ffca 4533 
  0x0000029e0f5f65c0: f6e9 5803 | 0000 c4c1 | f97e c9e9 | 0401 0000 | 442b 5c24 | 1045 8bd3 | 41ff c244 | 8bdb 443b 
  0x0000029e0f5f65e0: d70f 8352 | 0800 0045 | 3b64 cc10 | 0f84 a209 | 0000 c4e1 | f97e d344 | 8b4b 1047 | 8b54 cc0c 
  0x0000029e0f5f6600: 4403 5424 | 104d 8b8f | 4803 0000 | 418b dbff | c341 8501 | 413b da7c | b7c4 c1f9 | 7ec9 4d8b 
  0x0000029e0f5f6620: 9748 0300 | 0041 ffc0 | 4185 0244 | 3b04 240f | 8da5 0100 | 00c4 c1f9 | 7ec1 c4e1 | f97e cdc5 
  0x0000029e0f5f6640: f97e da44 | 8b5c 2410 | 8b5c 2414 | 443b 5c24 | 080f 8d99 | 0100 0089 | 5c24 1444 | 895c 2410 
  0x0000029e0f5f6660: c5f9 6eda | c4e1 f96e | cdc4 c1f9 | 6ec1 c4c1 | f97e e243 | 8b6c 8210 | 418b d82b | 5c24 1444 
  0x0000029e0f5f6680: 3bc6 0f83 | 3eff ffff | 443b 5c24 | 040f 8333 | ffff ffc4 | c1f9 7ed2 | 458b 549a | 1047 8b4c 
  0x0000029e0f5f66a0: d40c 4585 | c90f 86f9 | 0800 0047 | 8b54 d410 | 4183 faff | 0f84 5501 | 0000 458b | 4cec 0c45 
  0x0000029e0f5f66c0: 3bd9 0f83 | db00 0000 | 4d8d 0cec | 4789 5499 | 1045 33c9 | c4c1 f97e | d245 8b52 | 1047 8b5c 
  0x0000029e0f5f66e0: d40c 4403 | 5c24 1041 | 3bc3 0f8d | 2eff ffff | 443b c60f | 83d3 0000 | 004d 8d2c | ec44 8bd8 
  0x0000029e0f5f6700: 41be 0100 | 0000 eb49 | 0f1f 8400 | 0000 0000 | 4789 549d | 1045 33c9 | c4c1 f97e | d241 8b52 
  0x0000029e0f5f6720: 1045 8b54 | d40c 4403 | 5424 104d | 8bb7 4803 | 0000 418b | d3ff c241 | 8506 413b | d20f 8ddb 
  0x0000029e0f5f6740: feff ff44 | 2b5c 2410 | 458b f341 | ffc6 448b | da44 3bf7 | 0f83 df06 | 0000 458b | 54cc 1047 
  0x0000029e0f5f6760: 8b54 d40c | 453b da73 | 59c4 c1f9 | 7ed2 458b | 549a 1047 | 8b4c d40c | 49c1 e203 | 453b f10f 
  0x0000029e0f5f6780: 83db 0600 | 0047 8b54 | b210 4183 | faff 7428 | 458b 4cec | 0c45 3bd9 | 0f82 72ff | ffff 4489 
  0x0000029e0f5f67a0: 5c24 10ba | e6ff ffff | 4489 5424 | 0466 6690 | c5f8 77e8 | 48bb 44f8 | c4c1 f97e | c9e9 56ff 
  0x0000029e0f5f67c0: ffff c4c1 | f97e c9e9 | 4cff ffff | 448b d841 | ba01 0000 | 00e9 04fe | ffff c5f8 | 7748 83c4 
  0x0000029e0f5f67e0: 605d 493b | a740 0300 | 000f 8739 | 0e00 00c3 | 895c 2414 | 4489 5c24 | 10c5 f96e | dac4 e1f9 
  0x0000029e0f5f6800: 6ecd c4c1 | f96e c14c | 8bcd e90f | feff ffc4 | c1f9 7ec9 | e9bb feff | ff0f 1f80 | 0000 0000 
  0x0000029e0f5f6820: 448b c342 | 8b4c 870c | 8b5c 242c | 412b db49 | 63d3 894c | 9010 8b4c | 9710 4289 | 4c80 0c49 
  0x0000029e0f5f6840: 8bc9 482b | ca44 8b44 | 8f08 4489 | 4490 1444 | 8b44 9714 | 4489 4488 | 0844 8b44 | 8f04 4489 
  0x0000029e0f5f6860: 4490 1844 | 8b44 9718 | 4489 4488 | 0444 8b04 | 8f44 8944 | 901c 448b | 4497 1c44 | 8904 8883 
  0x0000029e0f5f6880: c3fc 4183 | c304 453b | da7c 954d | 8b97 4803 | 0000 4185 | 0245 3bdd | 7d2a 448b | c345 8bd5 
  0x0000029e0f5f68a0: 452b d345 | 3beb 440f | 4c54 240c | 4181 faa0 | 0f00 00b9 | a00f 0000 | 440f 47d1 | 4503 d3e9 
  0x0000029e0f5f68c0: 5fff ffff | c5f9 7ec1 | c4e1 f97e | ca44 3b5c | 2430 7d2b | 448b 549f | 0c46 8954 | 9810 468b 
  0x0000029e0f5f68e0: 549f 1044 | 8954 980c | 458b d341 | ffc2 443b | 5424 307d | 0a8b dd41 | 2bdb 458b | daeb d54d 
  0x0000029e0f5f6900: 8b97 4803 | 0000 41ff | c641 8502 | 443b 7424 | 280f 8dc6 | 0000 0048 | 8bc6 8b74 | 2430 4c8b 
  0x0000029e0f5f6920: 5424 2041 | 8b7a 1085 | ff0f 847e | 0600 0047 | 8b5c b210 | 478b 54dc | 0c42 8b5c | b010 458b 
  0x0000029e0f5f6940: 44dc 0c89 | 7424 30c5 | f96e c948 | 8bf0 4963 | ca48 3bd1 | 0f83 6206 | 0000 413b | ea0f 8359 
  0x0000029e0f5f6960: 0600 0045 | 85c0 0f86 | 5006 0000 | c5f9 7ec9 | 413b c80f | 8343 0600 | 0045 85d2 | 0f86 3a06 
  0x0000029e0f5f6980: 0000 413b | ca0f 8331 | 0600 004d | 63d0 493b | d20f 8325 | 0600 0041 | 3be8 0f83 | 1c06 0000 
  0x0000029e0f5f69a0: 498d 04dc | 4b8d 3cdc | 468b 548f | 0c45 8954 | dc10 478b | 54dc 1046 | 8954 880c | 4183 fd01 
  0x0000029e0f5f69c0: 0f8e 2a06 | 0000 448b | c541 bb01 | 0000 00c5 | f96e c1c4 | e1f9 6eca | e9c0 feff | ff48 8bc6 
  0x0000029e0f5f69e0: 448b 5424 | 088b 5424 | 0c44 8b5c | 2418 8b5c | 241c 41f7 | c202 0000 | 000f 8415 | faff ff8b 
  0x0000029e0f5f6a00: 480c 85c9 | 0f86 ba07 | 0000 448b | 4010 478b | 4cc4 0c89 | 4c24 2848 | 8944 2420 | 895c 241c 
  0x0000029e0f5f6a20: 4489 5c24 | 1889 5424 | 0c44 8954 | 2408 48ba | 086d 0000 | 0800 0000 | 448b c190 | c5f8 77e8 
  0x0000029e0f5f6a40: bc9e 4ff8 | 448b 500c | 448b 4424 | 2841 d1f8 | 458b c841 | ffc1 4585 | d20f 86be | 0600 0045 
  0x0000029e0f5f6a60: 3bc2 0f83 | b506 0000 | 4863 6c24 | 284d 63d8 | 488b cd49 | 2bcb 48ff | c948 3bcd | 0f83 9b06 
  0x0000029e0f5f6a80: 0000 448b | 5c24 2841 | ffcb 443b | 5c24 280f | 8388 0600 | 0044 894c | 242c 4d63 | ca49 3bc9 
  0x0000029e0f5f6aa0: 0f83 7206 | 0000 453b | da0f 83bd | 0600 0044 | 3b44 2428 | 0f83 b906 | 0000 4533 | d2eb 31c4 
  0x0000029e0f5f6ac0: c1f9 7ec3 | c4c1 797e | d2c4 e1f9 | 7ee8 c4e1 | f97e f54d | 8b87 4803 | 0000 41ff | c241 8500 
  0x0000029e0f5f6ae0: 443b 5424 | 2c0f 8d17 | f9ff ff4c | 895c 2420 | 4c8b 5c24 | 2045 8b43 | 1043 8b7c | c40c 85ff 
  0x0000029e0f5f6b00: 76d1 c5fb | 1044 2420 | c4c1 796e | d24d 63c2 | 4c8b dd4d | 2bd8 4c8b | 5424 2047 | 8b54 9a0c 
  0x0000029e0f5f6b20: c4c1 796e | da47 8b6c | d40c 468b | 5480 10c4 | c179 6ee2 | 478b 4cd4 | 0c4c 8b54 | 2420 478b 
  0x0000029e0f5f6b40: 5482 10c4 | c179 6eca | 438b 4cd4 | 0c42 8b5c | 980c 458b | 74dc 0c45 | 85ed 0f86 | 9d04 0000 
  0x0000029e0f5f6b60: 41ba 0100 | 0000 453b | d545 0f4f | d5c4 c179 | 7ee3 4f8d | 04dc c4c1 | 797e db4b | 8d14 dc41 
  0x0000029e0f5f6b80: 8bf8 498d | 34dc c1ef | 02c4 c179 | 7ecb 49c1 | e303 83e7 | 0341 03fa | f7df 83e7 | 0341 03fa 
  0x0000029e0f5f6ba0: 413b fd41 | 0f4f fd45 | 33d2 eb0c | 448b d144 | 8b4c 2420 | 8b4c 2424 | 453b d50f | 837a 0100 
  0x0000029e0f5f6bc0: 00c5 796e | c389 4c24 | 2444 894c | 2420 c4e1 | f96e f5c4 | e1f9 6ee8 | 468b 4c92 | 1044 3b54 
  0x0000029e0f5f6be0: 2420 0f83 | 9402 0000 | 4789 4c90 | 1044 3bd1 | 0f83 e202 | 0000 478b | 4c93 1045 | 3bd6 0f83 
  0x0000029e0f5f6c00: 3403 0000 | 4689 4c96 | 10c4 c1f9 | 7ec1 458b | 4910 478b | 4ccc 0c41 | 8bca ffc1 | 413b c90f 
  0x0000029e0f5f6c20: 8d9a feff | ff3b cf0f | 8c7f ffff | ff49 63dd | 4963 c648 | 636c 2424 | 4863 7c24 | 2048 3bdf 
  0x0000029e0f5f6c40: 418b fd0f | 4f7c 2420 | 4963 d94c | 63cf 4c3b | cd0f 4f7c | 2424 48ff | cb4c 63cf | 4c3b c841 
  0x0000029e0f5f6c60: 0f4f fe44 | 8bcb 4863 | c748 3bc3 | 410f 4ff9 | 448b cf41 | 83c1 f941 | 3bf9 bf00 | 0000 8044 
  0x0000029e0f5f6c80: 0f4c cf41 | 3bc9 0f8d | 7903 0000 | 41ff c290 | c4a1 7a6f | 7c92 10c4 | 817a 7f7c | 9010 c481 
  0x0000029e0f5f6ca0: 7a6f 7c93 | 10c4 a17a | 7f7c 9610 | c4a1 7a6f | 7c92 20c4 | 817a 7f7c | 9020 c481 | 7a6f 7c93 
  0x0000029e0f5f6cc0: 20c4 a17a | 7f7c 9620 | 4183 c208 | 453b d17c | bf45 3bd5 | 7d59 6690 | 453b d573 | 5946 8b4c 
  0x0000029e0f5f6ce0: 9210 443b | 5424 200f | 838f 0100 | 0047 894c | 9010 443b | 5424 240f | 83db 0100 | 0047 8b4c 
  0x0000029e0f5f6d00: 9310 453b | d60f 832d | 0200 0046 | 894c 9610 | c4c1 f97e | c145 8b49 | 1043 8b4c | cc0c 41ff 
  0x0000029e0f5f6d20: c244 3bd1 | 0f8d 95fd | ffff 453b | d57c a9c4 | e1f9 7ee8 | eb05 c4e1 | f97e e8ba | e4ff ffff 
  0x0000029e0f5f6d40: 488b 2c24 | 448b 5c24 | 0844 891c | 244c 8b5c | 2410 4c89 | 5c24 0844 | 8b44 2418 | 4489 4424 
  0x0000029e0f5f6d60: 0444 8b5c | 241c 4489 | 5c24 10c5 | fb11 4424 | 1848 8944 | 2420 4489 | 5424 2844 | 8954 242c 
  0x0000029e0f5f6d80: c5fa 1154 | 2430 c5fa | 1164 2434 | c5fa 115c | 2438 6690 | c5f8 77e8 | 64b5 44f8 | c5fa 2cd9 
  0x0000029e0f5f6da0: 81fb 0000 | 0080 750f | 4883 ec08 | c5fa 110c | 24e8 3da3 | 3ff8 5be9 | 35f6 ffff | c57a 2cd9 
  0x0000029e0f5f6dc0: 4181 fb00 | 0000 8075 | 1048 83ec | 08c5 fa11 | 0c24 e81c | a33f f841 | 5be9 c1f5 | ffff 458b 
  0x0000029e0f5f6de0: 4818 4d8b | 8748 0300 | 0041 8500 | 4585 c90f | 849f 0400 | 004f 8d04 | cce9 61f2 | ffff 4533 
  0x0000029e0f5f6e00: c033 d245 | 33db e91e | f2ff ff33 | d241 c642 | 1101 4533 | c045 33db | e90c f2ff | fff7 dbe9 
  0x0000029e0f5f6e20: c7f5 ffff | 41f7 dbe9 | 6af5 ffff | 4533 c033 | d245 33db | e9f0 f1ff | ffba 45ff | ffff c4e1 
  0x0000029e0f5f6e40: f97e c5c5 | fb11 0c24 | c5fb 1154 | 2408 4489 | 4424 1844 | 895c 241c | c5f8 77e8 | a0b4 44f8 
  0x0000029e0f5f6e60: c4c1 796e | deba e6ff | ffff 498b | eac5 fa11 | 1c24 6690 | c5f8 77e8 | 84b4 44f8 | bae4 ffff 
  0x0000029e0f5f6e80: ff48 8b2c | 2444 8b44 | 2408 4489 | 0424 4c8b | 5c24 104c | 895c 2408 | 448b 5c24 | 1844 895c 
  0x0000029e0f5f6ea0: 2404 448b | 4424 1c44 | 8944 2410 | c5fb 1144 | 2418 c5fb | 116c 2420 | 4489 5424 | 2844 894c 
  0x0000029e0f5f6ec0: 242c c5fa | 1154 2430 | c5fa 1164 | 2434 6690 | c5f8 77e8 | 28b4 44f8 | bae4 ffff | ff48 8b2c 
  0x0000029e0f5f6ee0: 2444 8b5c | 2408 4489 | 1c24 4c8b | 5c24 104c | 895c 2408 | 448b 4424 | 1844 8944 | 2404 448b 
  0x0000029e0f5f6f00: 5c24 1c44 | 895c 2410 | c5fb 1144 | 2418 c5fb | 116c 2420 | 4489 5424 | 2844 8954 | 242c c5fa 
  0x0000029e0f5f6f20: 1154 2430 | c5fa 114c | 2434 c57a | 1144 2438 | c5f8 77e8 | c8b3 44f8 | bae4 ffff | ff48 8b2c 
  0x0000029e0f5f6f40: 2444 8b44 | 2408 4489 | 0424 4c8b | 5c24 104c | 895c 2408 | 448b 4424 | 1844 8944 | 2404 448b 
  0x0000029e0f5f6f60: 5c24 1c44 | 895c 2410 | c5fb 1144 | 2418 c5fb | 116c 2420 | 4489 5424 | 2844 894c | 242c c5fa 
  0x0000029e0f5f6f80: 1154 2430 | c57a 1144 | 2434 6690 | c5f8 77e8 | 6cb3 44f8 | baf6 ffff | ff66 6690 | c5f8 77e8 
  0x0000029e0f5f6fa0: 5cb3 44f8 | 49c1 e203 | e9b8 feff | ffba f6ff | ffff 6690 | c5f8 77e8 | 44b3 44f8 | 418b 6cfc 
  0x0000029e0f5f6fc0: 0cd1 fdff | c5ba 76ff | ffff 448b | 5c24 1844 | 895c 240c | 448b 5424 | 1c44 8954 | 2418 4889 
  0x0000029e0f5f6fe0: 4424 2844 | 8974 241c | c5f8 77e8 | 10b3 44f8 | 8bdd 41bb | 0100 0000 | e9d0 f8ff | ff45 33d2 
  0x0000029e0f5f7000: e936 fdff | ff44 8bd1 | e9c4 fcff | ffba deff | ffff 4489 | 4c24 08c5 | fa11 4424 | 0cc5 fa11 
  0x0000029e0f5f7020: 4c24 184c | 8954 2420 | c5f8 77e8 | d0b2 44f8 | bae4 ffff | ff48 8b2c | 2444 8934 | 244c 8b54 
  0x0000029e0f5f7040: 2410 4c89 | 5424 08c5 | fa11 6424 | 04c5 fa11 | 4424 1848 | 8944 2420 | c5f8 77e8 | a0b2 44f8 
  0x0000029e0f5f7060: 4c8b 0c24 | 488b 6c24 | 10ba beff | ffff 4c89 | 0c24 4889 | 4424 0844 | 895c 2410 | 895c 2418 
  0x0000029e0f5f7080: 895c 241c | 4489 4424 | 2066 6690 | c5f8 77e8 | 6cb2 44f8 | 4c8b 0c24 | 488b 6c24 | 10eb ca48 
  0x0000029e0f5f70a0: 8b6c 2410 | ebc3 488b | 6c24 10eb | bc48 8b6c | 2410 ebb5 | ba45 ffff | ff48 8b2c | 2444 8934 
  0x0000029e0f5f70c0: 2448 897c | 2408 c5fa | 1144 2404 | c5fa 114c | 2410 4c89 | 5424 1844 | 894c 2414 | 4489 4424 
  0x0000029e0f5f70e0: 2466 6690 | c5f8 77e8 | 14b2 44f8 | ba45 ffff | ff4c 8b44 | 2410 4c89 | 4424 0848 | 8944 2410 
  0x0000029e0f5f7100: 4489 5c24 | 1889 5c24 | 1c44 8954 | 2420 6690 | c5f8 77e8 | e8b1 44f8 | 448b 4c24 | 2cba beff 
  0x0000029e0f5f7120: ffff 488b | 2c24 448b | 5c24 0844 | 891c 244c | 8b54 2410 | 4c89 5424 | 0844 8b54 | 2418 4489 
  0x0000029e0f5f7140: 5424 0444 | 8b5c 241c | 4489 5c24 | 104c 8b54 | 2420 4c89 | 5424 1848 | 8944 2420 | 4489 4c24 
  0x0000029e0f5f7160: 1466 6690 | c5f8 77e8 | 94b1 44f8 | 448b 4c24 | 2ceb aa44 | 8b4c 242c | eba3 babe | ffff ff48 
  0x0000029e0f5f7180: 8b2c 2444 | 8b54 2408 | 4489 1424 | 4c8b 5424 | 104c 8954 | 2408 448b | 5c24 1844 | 895c 2404 
  0x0000029e0f5f71a0: 448b 5424 | 1c44 8954 | 2410 4c8b | 5424 204c | 8954 2418 | 4889 4424 | 2066 6690 | c5f8 77e8 
  0x0000029e0f5f71c0: 3cb1 44f8 | bae4 ffff | ff48 8b2c | 2444 8914 | 244c 8b54 | 2410 4c89 | 5424 0844 | 895c 2404 
  0x0000029e0f5f71e0: 895c 2410 | 4889 4424 | 2089 4c24 | 1466 6690 | c5f8 77e8 | 08b1 44f8 | bae4 ffff | ff44 8954 
  0x0000029e0f5f7200: 2408 4489 | 5c24 0c89 | 5c24 1848 | 8944 2428 | c5f8 77e8 | e8b0 44f8 | ba45 ffff | ff48 8b2c 
  0x0000029e0f5f7220: 2444 8934 | 244c 8b4c | 2410 4c89 | 4c24 08c5 | fa11 4424 | 04c5 fa11 | 6424 104c | 8954 2418 
  0x0000029e0f5f7240: 4489 4424 | 1444 895c | 2420 6690 | c5f8 77e8 | acb0 44f8 | ba76 ffff | ff44 8974 | 2408 c5fa 
  0x0000029e0f5f7260: 1144 240c | c5fa 114c | 2418 4489 | 4c24 1c44 | 8944 2428 | 4c89 5424 | 3089 4424 | 2c66 6690 
  0x0000029e0f5f7280: c5f8 77e8 | 78b0 44f8 | b801 0000 | 0033 d2e9 | 71ed ffff | baf4 ffff | ff48 8b2c | 2444 8934 
  0x0000029e0f5f72a0: 244c 8b54 | 2410 4c89 | 5424 08c5 | fa11 4424 | 04c5 fa11 | 6424 1090 | c5f8 77e8 | 40b0 44f8 
  0x0000029e0f5f72c0: ba45 ffff | ff44 8974 | 2408 c5fa | 1144 240c | c5fa 1164 | 2418 4c89 | 5424 2044 | 8944 241c 
  0x0000029e0f5f72e0: 4489 5c24 | 2866 6690 | c5f8 77e8 | 10b0 44f8 | ba45 ffff | ff44 8974 | 2408 c5fa | 1144 240c 
  0x0000029e0f5f7300: c5fa 1164 | 2418 4489 | 4424 1c44 | 895c 2428 | 4c89 5424 | 304c 894c | 2438 8974 | 242c 6690 
  0x0000029e0f5f7320: c5f8 77e8 | d8af 44f8 | 4585 db40 | 0f95 c540 | 0fb6 ed83 | f501 ba45 | ffff ff44 | 8974 2408 
  0x0000029e0f5f7340: c5fa 1144 | 240c c5fa | 114c 2418 | 4489 4c24 | 1c44 8944 | 2428 4c89 | 5424 3090 | c5f8 77e8 
  0x0000029e0f5f7360: 9caf 44f8 | ba45 ffff | ff44 8974 | 2408 c5fa | 1144 240c | c5fa 1164 | 2418 4c89 | 4424 2844 
  0x0000029e0f5f7380: 895c 241c | 4c89 5424 | 304c 894c | 2438 895c | 2440 6690 | c5f8 77e8 | 64af 44f8 | bade ffff 
  0x0000029e0f5f73a0: ff44 8974 | 2408 c5fa | 1144 240c | c5fa 1164 | 2418 6690 | c5f8 77e8 | 44af 44f8 | bade ffff 
  0x0000029e0f5f73c0: ff48 8b2c | 2444 8934 | 244c 8b4c | 2410 4c89 | 4c24 08c5 | fa11 4424 | 04c5 fa11 | 6424 104c 
  0x0000029e0f5f73e0: 8944 2420 | 4489 5c24 | 144c 8954 | 2428 894c | 2434 6690 | c5f8 77e8 | 04af 44f8 | bade ffff 
  0x0000029e0f5f7400: ff48 8b2c | 2444 8934 | 244c 8b4c | 2410 4c89 | 4c24 08c5 | fa11 4424 | 04c5 fa11 | 6424 1044 
  0x0000029e0f5f7420: 8944 2414 | 4489 5c24 | 204c 8954 | 2428 894c | 2430 6690 | c5f8 77e8 | c4ae 44f8 | baf6 ffff 
  0x0000029e0f5f7440: ff66 6690 | c5f8 77e8 | b4ae 44f8 | c4c1 796e | deba f6ff | ffff c5f9 | 7edd 6690 | c5f8 77e8 
  0x0000029e0f5f7460: 9cae 44f8 | 4489 5c24 | 10ba f6ff | ffff 4489 | 1424 6690 | c5f8 77e8 | 84ae 44f8 | baf6 ffff 
  0x0000029e0f5f7480: ff66 6690 | c5f8 77e8 | 74ae 44f8 | ba76 ffff | ff48 8b2c | 2444 8b54 | 2408 4489 | 1424 4c8b 
  0x0000029e0f5f74a0: 5424 104c | 8954 2408 | 448b 5c24 | 1844 895c | 2404 448b | 5424 1c44 | 8954 2410 | 48ff 7424 
  0x0000029e0f5f74c0: 2048 8f44 | 2418 4889 | 4424 20c5 | fa11 5424 | 1489 7c24 | 2866 6690 | c5f8 77e8 | 20ae 44f8 
  0x0000029e0f5f74e0: baf6 ffff | ff66 6690 | c5f8 77e8 | 10ae 44f8 | 488b d0eb | 0848 8bd0 | eb03 488b | d0c5 f877 
  0x0000029e0f5f7500: 4883 c460 | 5de9 f6b8 | 4ff8 baf6 | ffff ff49 | 8bea 6690 | c5f8 77e8 | e4ad 44f8 | baf6 ffff 
  0x0000029e0f5f7520: ff66 6690 | c5f8 77e8 | d4ad 44f8 | baf6 ffff | ff66 6690 | c5f8 77e8 | c4ad 44f8 | 488b 6c24 
  0x0000029e0f5f7540: 10e9 23fb | ffff 488b | 6c24 10e9 | 19fb ffff | 488b 6c24 | 10e9 0ffb | ffff baf6 | ffff ff90 
  0x0000029e0f5f7560: c5f8 77e8 | 98ad 44f8 | baf6 ffff | ff66 6690 | c5f8 77e8 | 88ad 44f8 | baf6 ffff | ff66 6690 
  0x0000029e0f5f7580: c5f8 77e8 | 78ad 44f8 | baf6 ffff | ff66 6690 | c5f8 77e8 | 68ad 44f8 | ba45 ffff | ff48 8b2c 
  0x0000029e0f5f75a0: 2444 8934 | 244c 8b4c | 2410 4c89 | 4c24 08c5 | fa11 4424 | 04c5 fa11 | 6424 1044 | 8944 2414 
  0x0000029e0f5f75c0: 4489 5c24 | 2089 4c24 | 244c 8954 | 2428 6690 | c5f8 77e8 | 28ad 44f8 | baf6 ffff | ff66 6690 
  0x0000029e0f5f75e0: c5f8 77e8 | 18ad 44f8 | ba45 ffff | ff48 8b2c | 2444 8934 | 244c 8b4c | 2410 4c89 | 4c24 08c5 
  0x0000029e0f5f7600: fa11 4424 | 04c5 fa11 | 6424 104c | 8944 2420 | 4489 5c24 | 1489 4c24 | 284c 8954 | 2430 6690 
  0x0000029e0f5f7620: c5f8 77e8 | d8ac 44f8 | 49ba e267 | 5f0f 9e02 | 0000 4d89 | 9758 0300 | 00e9 c2bd | 44f8 f4f4 
  0x0000029e0f5f7640: 48bb 0000 | 0000 0000 | 0000 e9fb | ffff ffe9 | 2cd5 4ef8 | e800 0000 | 0048 832c | 2405 e93d 
  0x0000029e0f5f7660: b044 f8f4 | f4f4 f4f4 
[/MachCode]
--------------------------------------------------------------------------------


---------------  P R O C E S S  ---------------

Threads class SMR info:
_java_thread_list=0x0000029e24049a10, length=25, elements={
0x0000029e22c2d8f0, 0x0000029e22c2e560, 0x0000029e22c499c0, 0x0000029e22c4b380,
0x0000029e22c4bd30, 0x0000029e22c4c6e0, 0x0000029e22c50970, 0x0000029e22c51410,
0x0000029e22c5c5e0, 0x0000029e23908c10, 0x0000029e23909120, 0x0000029e2393e6e0,
0x0000029e2394f200, 0x0000029e7f4df240, 0x0000029e23afba30, 0x0000029e23b26b50,
0x0000029e23b279b0, 0x0000029e24030550, 0x0000029e2406dba0, 0x0000029e2406baa0,
0x0000029e2406bf70, 0x0000029e24049010, 0x0000029e24076fa0, 0x0000029e240774b0,
0x0000029e240ab0c0
}

Java Threads: ( => current thread )
  0x0000029e22c2d8f0 JavaThread "Reference Handler" daemon [_thread_blocked, id=14936, stack(0x000000d427500000,0x000000d427600000)]
  0x0000029e22c2e560 JavaThread "Finalizer" daemon [_thread_blocked, id=16700, stack(0x000000d427600000,0x000000d427700000)]
  0x0000029e22c499c0 JavaThread "Signal Dispatcher" daemon [_thread_blocked, id=19092, stack(0x000000d427700000,0x000000d427800000)]
  0x0000029e22c4b380 JavaThread "Attach Listener" daemon [_thread_blocked, id=10176, stack(0x000000d427800000,0x000000d427900000)]
  0x0000029e22c4bd30 JavaThread "Service Thread" daemon [_thread_blocked, id=24032, stack(0x000000d427900000,0x000000d427a00000)]
  0x0000029e22c4c6e0 JavaThread "Monitor Deflation Thread" daemon [_thread_blocked, id=21072, stack(0x000000d427a00000,0x000000d427b00000)]
  0x0000029e22c50970 JavaThread "C2 CompilerThread0" daemon [_thread_blocked, id=4164, stack(0x000000d427b00000,0x000000d427c00000)]
  0x0000029e22c51410 JavaThread "C1 CompilerThread0" daemon [_thread_blocked, id=25348, stack(0x000000d427c00000,0x000000d427d00000)]
  0x0000029e22c5c5e0 JavaThread "Sweeper thread" daemon [_thread_blocked, id=16892, stack(0x000000d427d00000,0x000000d427e00000)]
  0x0000029e23908c10 JavaThread "C1 CompilerThread1" daemon [_thread_blocked, id=24216, stack(0x000000d427e00000,0x000000d427f00000)]
  0x0000029e23909120 JavaThread "C1 CompilerThread2" daemon [_thread_blocked, id=13372, stack(0x000000d427f00000,0x000000d428000000)]
  0x0000029e2393e6e0 JavaThread "Notification Thread" daemon [_thread_blocked, id=1692, stack(0x000000d428000000,0x000000d428100000)]
  0x0000029e2394f200 JavaThread "Common-Cleaner" daemon [_thread_blocked, id=11228, stack(0x000000d428200000,0x000000d428300000)]
  0x0000029e7f4df240 JavaThread "DestroyJavaVM" [_thread_blocked, id=13804, stack(0x000000d426e00000,0x000000d426f00000)]
  0x0000029e23afba30 JavaThread "Java2D Disposer" daemon [_thread_blocked, id=4840, stack(0x000000d428400000,0x000000d428500000)]
  0x0000029e23b26b50 JavaThread "AWT-Shutdown" [_thread_blocked, id=15604, stack(0x000000d428600000,0x000000d428700000)]
  0x0000029e23b279b0 JavaThread "AWT-Windows" daemon [_thread_in_native, id=11740, stack(0x000000d428700000,0x000000d428800000)]
  0x0000029e24030550 JavaThread "AWT-EventQueue-0" [_thread_blocked, id=24400, stack(0x000000d429400000,0x000000d429500000)]
=>0x0000029e2406dba0 JavaThread "Thread-2" [_thread_in_Java, id=21656, stack(0x000000d429500000,0x000000d429600000)]
  0x0000029e2406baa0 JavaThread "Thread-1" [_thread_in_Java, id=13520, stack(0x000000d429600000,0x000000d429700000)]
  0x0000029e2406bf70 JavaThread "D3D Screen Updater" daemon [_thread_blocked, id=13004, stack(0x000000d428300000,0x000000d428400000)]
  0x0000029e24049010 JavaThread "C2 CompilerThread1" daemon [_thread_blocked, id=10408, stack(0x000000d428500000,0x000000d428600000)]
  0x0000029e24076fa0 JavaThread "C2 CompilerThread2" daemon [_thread_blocked, id=19616, stack(0x000000d429700000,0x000000d429800000)]
  0x0000029e240774b0 JavaThread "C2 CompilerThread3" daemon [_thread_blocked, id=21288, stack(0x000000d429800000,0x000000d429900000)]
  0x0000029e240ab0c0 JavaThread "C2 CompilerThread4" daemon [_thread_blocked, id=18008, stack(0x000000d429900000,0x000000d429a00000)]

Other Threads:
  0x0000029e22c239e0 VMThread "VM Thread" [stack: 0x000000d427400000,0x000000d427500000] [id=1812]
  0x0000029e2394df70 WatcherThread [stack: 0x000000d428100000,0x000000d428200000] [id=20128]
  0x0000029e7f52e040 GCTaskThread "GC Thread#0" [stack: 0x000000d426f00000,0x000000d427000000] [id=18504]
  0x0000029e240b6420 GCTaskThread "GC Thread#1" [stack: 0x000000d429a00000,0x000000d429b00000] [id=11828]
  0x0000029e24318500 GCTaskThread "GC Thread#2" [stack: 0x000000d429b00000,0x000000d429c00000] [id=23236]
  0x0000029e243187b0 GCTaskThread "GC Thread#3" [stack: 0x000000d429c00000,0x000000d429d00000] [id=18984]
  0x0000029e24343040 GCTaskThread "GC Thread#4" [stack: 0x000000d429d00000,0x000000d429e00000] [id=2512]
  0x0000029e243432f0 GCTaskThread "GC Thread#5" [stack: 0x000000d429e00000,0x000000d429f00000] [id=23096]
  0x0000029e243435a0 GCTaskThread "GC Thread#6" [stack: 0x000000d429f00000,0x000000d42a000000] [id=10568]
  0x0000029e24343850 GCTaskThread "GC Thread#7" [stack: 0x000000d42a000000,0x000000d42a100000] [id=23244]
  0x0000029e242e6730 GCTaskThread "GC Thread#8" [stack: 0x000000d42a100000,0x000000d42a200000] [id=6020]
  0x0000029e242e69e0 GCTaskThread "GC Thread#9" [stack: 0x000000d42a200000,0x000000d42a300000] [id=24600]
  0x0000029e7f53e610 ConcurrentGCThread "G1 Main Marker" [stack: 0x000000d427000000,0x000000d427100000] [id=18520]
  0x0000029e7f5407d0 ConcurrentGCThread "G1 Conc#0" [stack: 0x000000d427100000,0x000000d427200000] [id=1888]
  0x0000029e22af34e0 ConcurrentGCThread "G1 Refine#0" [stack: 0x000000d427200000,0x000000d427300000] [id=22984]
  0x0000029e2409fa70 ConcurrentGCThread "G1 Refine#1" [stack: 0x000000d42a300000,0x000000d42a400000] [id=24824]
  0x0000029e22af3e00 ConcurrentGCThread "G1 Service" [stack: 0x000000d427300000,0x000000d427400000] [id=21576]

Threads with active compile tasks:

VM state: not at safepoint (normal execution)

VM Mutex/Monitor currently owned by a thread: None

Heap address: 0x0000000709600000, size: 3946 MB, Compressed Oops mode: Zero based, Oop shift amount: 3

CDS archive(s) mapped at: [0x0000000800000000-0x0000000800bc0000-0x0000000800bc0000), size 12320768, SharedBaseAddress: 0x0000000800000000, ArchiveRelocationMode: 0.
Compressed class space mapped at: 0x0000000800c00000-0x0000000840c00000, reserved size: 1073741824
Narrow klass base: 0x0000000800000000, Narrow klass shift: 0, Narrow klass range: 0x100000000

GC Precious Log:
 CPUs: 16 total, 16 available
 Memory: 15776M
 Large Page Support: Disabled
 NUMA Support: Disabled
 Compressed Oops: Enabled (Zero based)
 Heap Region Size: 2M
 Heap Min Capacity: 8M
 Heap Initial Capacity: 248M
 Heap Max Capacity: 3946M
 Pre-touch: Disabled
 Parallel Workers: 13
 Concurrent Workers: 3
 Concurrent Refinement Workers: 13
 Periodic GC: Disabled

Heap:
 garbage-first heap   total 253952K, used 10417K [0x0000000709600000, 0x0000000800000000)
  region size 2048K, 3 young (6144K), 2 survivors (4096K)
 Metaspace       used 6920K, committed 7104K, reserved 1056768K
  class space    used 750K, committed 832K, reserved 1048576K

Heap Regions: E=young(eden), S=young(survivor), O=old, HS=humongous(starts), HC=humongous(continues), CS=collection set, F=free, OA=open archive, CA=closed archive, TAMS=top-at-mark-start (previous, next)
|   0|0x0000000709600000, 0x0000000709800000, 0x0000000709800000|100%|HS|  |TAMS 0x0000000709600000, 0x0000000709600000| Complete 
|   1|0x0000000709800000, 0x0000000709a00000, 0x0000000709a00000|100%|HC|  |TAMS 0x0000000709800000, 0x0000000709800000| Complete 
|   2|0x0000000709a00000, 0x0000000709c00000, 0x0000000709c00000|100%| O|  |TAMS 0x0000000709a00000, 0x0000000709a00000| Untracked 
|   3|0x0000000709c00000, 0x0000000709c2c400, 0x0000000709e00000|  8%| O|  |TAMS 0x0000000709c00000, 0x0000000709c00000| Untracked 
|   4|0x0000000709e00000, 0x0000000709e00000, 0x000000070a000000|  0%| F|  |TAMS 0x0000000709e00000, 0x0000000709e00000| Untracked 
|   5|0x000000070a000000, 0x000000070a000000, 0x000000070a200000|  0%| F|  |TAMS 0x000000070a000000, 0x000000070a000000| Untracked 
|   6|0x000000070a200000, 0x000000070a200000, 0x000000070a400000|  0%| F|  |TAMS 0x000000070a200000, 0x000000070a200000| Untracked 
|   7|0x000000070a400000, 0x000000070a400000, 0x000000070a600000|  0%| F|  |TAMS 0x000000070a400000, 0x000000070a400000| Untracked 
|   8|0x000000070a600000, 0x000000070a600000, 0x000000070a800000|  0%| F|  |TAMS 0x000000070a600000, 0x000000070a600000| Untracked 
|   9|0x000000070a800000, 0x000000070a800000, 0x000000070aa00000|  0%| F|  |TAMS 0x000000070a800000, 0x000000070a800000| Untracked 
|  10|0x000000070aa00000, 0x000000070aa00000, 0x000000070ac00000|  0%| F|  |TAMS 0x000000070aa00000, 0x000000070aa00000| Untracked 
|  11|0x000000070ac00000, 0x000000070ac00000, 0x000000070ae00000|  0%| F|  |TAMS 0x000000070ac00000, 0x000000070ac00000| Untracked 
|  12|0x000000070ae00000, 0x000000070ae00000, 0x000000070b000000|  0%| F|  |TAMS 0x000000070ae00000, 0x000000070ae00000| Untracked 
|  13|0x000000070b000000, 0x000000070b000000, 0x000000070b200000|  0%| F|  |TAMS 0x000000070b000000, 0x000000070b000000| Untracked 
|  14|0x000000070b200000, 0x000000070b200000, 0x000000070b400000|  0%| F|  |TAMS 0x000000070b200000, 0x000000070b200000| Untracked 
|  15|0x000000070b400000, 0x000000070b400000, 0x000000070b600000|  0%| F|  |TAMS 0x000000070b400000, 0x000000070b400000| Untracked 
|  16|0x000000070b600000, 0x000000070b600000, 0x000000070b800000|  0%| F|  |TAMS 0x000000070b600000, 0x000000070b600000| Untracked 
|  17|0x000000070b800000, 0x000000070b800000, 0x000000070ba00000|  0%| F|  |TAMS 0x000000070b800000, 0x000000070b800000| Untracked 
|  18|0x000000070ba00000, 0x000000070ba00000, 0x000000070bc00000|  0%| F|  |TAMS 0x000000070ba00000, 0x000000070ba00000| Untracked 
|  19|0x000000070bc00000, 0x000000070bc00000, 0x000000070be00000|  0%| F|  |TAMS 0x000000070bc00000, 0x000000070bc00000| Untracked 
|  20|0x000000070be00000, 0x000000070be00000, 0x000000070c000000|  0%| F|  |TAMS 0x000000070be00000, 0x000000070be00000| Untracked 
|  21|0x000000070c000000, 0x000000070c000000, 0x000000070c200000|  0%| F|  |TAMS 0x000000070c000000, 0x000000070c000000| Untracked 
|  22|0x000000070c200000, 0x000000070c200000, 0x000000070c400000|  0%| F|  |TAMS 0x000000070c200000, 0x000000070c200000| Untracked 
|  23|0x000000070c400000, 0x000000070c400000, 0x000000070c600000|  0%| F|  |TAMS 0x000000070c400000, 0x000000070c400000| Untracked 
|  24|0x000000070c600000, 0x000000070c600000, 0x000000070c800000|  0%| F|  |TAMS 0x000000070c600000, 0x000000070c600000| Untracked 
|  25|0x000000070c800000, 0x000000070c800000, 0x000000070ca00000|  0%| F|  |TAMS 0x000000070c800000, 0x000000070c800000| Untracked 
|  26|0x000000070ca00000, 0x000000070ca00000, 0x000000070cc00000|  0%| F|  |TAMS 0x000000070ca00000, 0x000000070ca00000| Untracked 
|  27|0x000000070cc00000, 0x000000070cc00000, 0x000000070ce00000|  0%| F|  |TAMS 0x000000070cc00000, 0x000000070cc00000| Untracked 
|  28|0x000000070ce00000, 0x000000070ce00000, 0x000000070d000000|  0%| F|  |TAMS 0x000000070ce00000, 0x000000070ce00000| Untracked 
|  29|0x000000070d000000, 0x000000070d000000, 0x000000070d200000|  0%| F|  |TAMS 0x000000070d000000, 0x000000070d000000| Untracked 
|  30|0x000000070d200000, 0x000000070d200000, 0x000000070d400000|  0%| F|  |TAMS 0x000000070d200000, 0x000000070d200000| Untracked 
|  31|0x000000070d400000, 0x000000070d400000, 0x000000070d600000|  0%| F|  |TAMS 0x000000070d400000, 0x000000070d400000| Untracked 
|  32|0x000000070d600000, 0x000000070d600000, 0x000000070d800000|  0%| F|  |TAMS 0x000000070d600000, 0x000000070d600000| Untracked 
|  33|0x000000070d800000, 0x000000070d800000, 0x000000070da00000|  0%| F|  |TAMS 0x000000070d800000, 0x000000070d800000| Untracked 
|  34|0x000000070da00000, 0x000000070da00000, 0x000000070dc00000|  0%| F|  |TAMS 0x000000070da00000, 0x000000070da00000| Untracked 
|  35|0x000000070dc00000, 0x000000070dc00000, 0x000000070de00000|  0%| F|  |TAMS 0x000000070dc00000, 0x000000070dc00000| Untracked 
|  36|0x000000070de00000, 0x000000070de00000, 0x000000070e000000|  0%| F|  |TAMS 0x000000070de00000, 0x000000070de00000| Untracked 
|  37|0x000000070e000000, 0x000000070e000000, 0x000000070e200000|  0%| F|  |TAMS 0x000000070e000000, 0x000000070e000000| Untracked 
|  38|0x000000070e200000, 0x000000070e200000, 0x000000070e400000|  0%| F|  |TAMS 0x000000070e200000, 0x000000070e200000| Untracked 
|  39|0x000000070e400000, 0x000000070e400000, 0x000000070e600000|  0%| F|  |TAMS 0x000000070e400000, 0x000000070e400000| Untracked 
|  40|0x000000070e600000, 0x000000070e600000, 0x000000070e800000|  0%| F|  |TAMS 0x000000070e600000, 0x000000070e600000| Untracked 
|  41|0x000000070e800000, 0x000000070e800000, 0x000000070ea00000|  0%| F|  |TAMS 0x000000070e800000, 0x000000070e800000| Untracked 
|  42|0x000000070ea00000, 0x000000070ea00000, 0x000000070ec00000|  0%| F|  |TAMS 0x000000070ea00000, 0x000000070ea00000| Untracked 
|  43|0x000000070ec00000, 0x000000070ec00000, 0x000000070ee00000|  0%| F|  |TAMS 0x000000070ec00000, 0x000000070ec00000| Untracked 
|  44|0x000000070ee00000, 0x000000070ee00000, 0x000000070f000000|  0%| F|  |TAMS 0x000000070ee00000, 0x000000070ee00000| Untracked 
|  45|0x000000070f000000, 0x000000070f000000, 0x000000070f200000|  0%| F|  |TAMS 0x000000070f000000, 0x000000070f000000| Untracked 
|  46|0x000000070f200000, 0x000000070f200000, 0x000000070f400000|  0%| F|  |TAMS 0x000000070f200000, 0x000000070f200000| Untracked 
|  47|0x000000070f400000, 0x000000070f400000, 0x000000070f600000|  0%| F|  |TAMS 0x000000070f400000, 0x000000070f400000| Untracked 
|  48|0x000000070f600000, 0x000000070f600000, 0x000000070f800000|  0%| F|  |TAMS 0x000000070f600000, 0x000000070f600000| Untracked 
|  49|0x000000070f800000, 0x000000070f800000, 0x000000070fa00000|  0%| F|  |TAMS 0x000000070f800000, 0x000000070f800000| Untracked 
|  50|0x000000070fa00000, 0x000000070fa00000, 0x000000070fc00000|  0%| F|  |TAMS 0x000000070fa00000, 0x000000070fa00000| Untracked 
|  51|0x000000070fc00000, 0x000000070fc00000, 0x000000070fe00000|  0%| F|  |TAMS 0x000000070fc00000, 0x000000070fc00000| Untracked 
|  52|0x000000070fe00000, 0x000000070fe00000, 0x0000000710000000|  0%| F|  |TAMS 0x000000070fe00000, 0x000000070fe00000| Untracked 
|  53|0x0000000710000000, 0x0000000710000000, 0x0000000710200000|  0%| F|  |TAMS 0x0000000710000000, 0x0000000710000000| Untracked 
|  54|0x0000000710200000, 0x0000000710200000, 0x0000000710400000|  0%| F|  |TAMS 0x0000000710200000, 0x0000000710200000| Untracked 
|  55|0x0000000710400000, 0x0000000710400000, 0x0000000710600000|  0%| F|  |TAMS 0x0000000710400000, 0x0000000710400000| Untracked 
|  56|0x0000000710600000, 0x0000000710600000, 0x0000000710800000|  0%| F|  |TAMS 0x0000000710600000, 0x0000000710600000| Untracked 
|  57|0x0000000710800000, 0x0000000710800000, 0x0000000710a00000|  0%| F|  |TAMS 0x0000000710800000, 0x0000000710800000| Untracked 
|  58|0x0000000710a00000, 0x0000000710a00000, 0x0000000710c00000|  0%| F|  |TAMS 0x0000000710a00000, 0x0000000710a00000| Untracked 
|  59|0x0000000710c00000, 0x0000000710c00000, 0x0000000710e00000|  0%| F|  |TAMS 0x0000000710c00000, 0x0000000710c00000| Untracked 
|  60|0x0000000710e00000, 0x0000000710e00000, 0x0000000711000000|  0%| F|  |TAMS 0x0000000710e00000, 0x0000000710e00000| Untracked 
|  61|0x0000000711000000, 0x0000000711000000, 0x0000000711200000|  0%| F|  |TAMS 0x0000000711000000, 0x0000000711000000| Untracked 
|  62|0x0000000711200000, 0x0000000711200000, 0x0000000711400000|  0%| F|  |TAMS 0x0000000711200000, 0x0000000711200000| Untracked 
|  63|0x0000000711400000, 0x0000000711400000, 0x0000000711600000|  0%| F|  |TAMS 0x0000000711400000, 0x0000000711400000| Untracked 
|  64|0x0000000711600000, 0x0000000711600000, 0x0000000711800000|  0%| F|  |TAMS 0x0000000711600000, 0x0000000711600000| Untracked 
|  65|0x0000000711800000, 0x0000000711800000, 0x0000000711a00000|  0%| F|  |TAMS 0x0000000711800000, 0x0000000711800000| Untracked 
|  66|0x0000000711a00000, 0x0000000711a00000, 0x0000000711c00000|  0%| F|  |TAMS 0x0000000711a00000, 0x0000000711a00000| Untracked 
|  67|0x0000000711c00000, 0x0000000711c00000, 0x0000000711e00000|  0%| F|  |TAMS 0x0000000711c00000, 0x0000000711c00000| Untracked 
|  68|0x0000000711e00000, 0x0000000711e00000, 0x0000000712000000|  0%| F|  |TAMS 0x0000000711e00000, 0x0000000711e00000| Untracked 
|  69|0x0000000712000000, 0x0000000712000000, 0x0000000712200000|  0%| F|  |TAMS 0x0000000712000000, 0x0000000712000000| Untracked 
|  70|0x0000000712200000, 0x0000000712200000, 0x0000000712400000|  0%| F|  |TAMS 0x0000000712200000, 0x0000000712200000| Untracked 
|  71|0x0000000712400000, 0x0000000712400000, 0x0000000712600000|  0%| F|  |TAMS 0x0000000712400000, 0x0000000712400000| Untracked 
|  72|0x0000000712600000, 0x0000000712600000, 0x0000000712800000|  0%| F|  |TAMS 0x0000000712600000, 0x0000000712600000| Untracked 
|  73|0x0000000712800000, 0x0000000712800000, 0x0000000712a00000|  0%| F|  |TAMS 0x0000000712800000, 0x0000000712800000| Untracked 
|  74|0x0000000712a00000, 0x0000000712a00000, 0x0000000712c00000|  0%| F|  |TAMS 0x0000000712a00000, 0x0000000712a00000| Untracked 
|  75|0x0000000712c00000, 0x0000000712c00000, 0x0000000712e00000|  0%| F|  |TAMS 0x0000000712c00000, 0x0000000712c00000| Untracked 
|  76|0x0000000712e00000, 0x0000000712e00000, 0x0000000713000000|  0%| F|  |TAMS 0x0000000712e00000, 0x0000000712e00000| Untracked 
|  77|0x0000000713000000, 0x0000000713000000, 0x0000000713200000|  0%| F|  |TAMS 0x0000000713000000, 0x0000000713000000| Untracked 
|  78|0x0000000713200000, 0x0000000713200000, 0x0000000713400000|  0%| F|  |TAMS 0x0000000713200000, 0x0000000713200000| Untracked 
|  79|0x0000000713400000, 0x0000000713400000, 0x0000000713600000|  0%| F|  |TAMS 0x0000000713400000, 0x0000000713400000| Untracked 
|  80|0x0000000713600000, 0x0000000713600000, 0x0000000713800000|  0%| F|  |TAMS 0x0000000713600000, 0x0000000713600000| Untracked 
|  81|0x0000000713800000, 0x0000000713800000, 0x0000000713a00000|  0%| F|  |TAMS 0x0000000713800000, 0x0000000713800000| Untracked 
|  82|0x0000000713a00000, 0x0000000713a00000, 0x0000000713c00000|  0%| F|  |TAMS 0x0000000713a00000, 0x0000000713a00000| Untracked 
|  83|0x0000000713c00000, 0x0000000713c00000, 0x0000000713e00000|  0%| F|  |TAMS 0x0000000713c00000, 0x0000000713c00000| Untracked 
|  84|0x0000000713e00000, 0x0000000713e00000, 0x0000000714000000|  0%| F|  |TAMS 0x0000000713e00000, 0x0000000713e00000| Untracked 
|  85|0x0000000714000000, 0x0000000714000000, 0x0000000714200000|  0%| F|  |TAMS 0x0000000714000000, 0x0000000714000000| Untracked 
|  86|0x0000000714200000, 0x0000000714200000, 0x0000000714400000|  0%| F|  |TAMS 0x0000000714200000, 0x0000000714200000| Untracked 
|  87|0x0000000714400000, 0x0000000714400000, 0x0000000714600000|  0%| F|  |TAMS 0x0000000714400000, 0x0000000714400000| Untracked 
|  88|0x0000000714600000, 0x0000000714600000, 0x0000000714800000|  0%| F|  |TAMS 0x0000000714600000, 0x0000000714600000| Untracked 
|  89|0x0000000714800000, 0x0000000714800000, 0x0000000714a00000|  0%| F|  |TAMS 0x0000000714800000, 0x0000000714800000| Untracked 
|  90|0x0000000714a00000, 0x0000000714a00000, 0x0000000714c00000|  0%| F|  |TAMS 0x0000000714a00000, 0x0000000714a00000| Untracked 
|  91|0x0000000714c00000, 0x0000000714c00000, 0x0000000714e00000|  0%| F|  |TAMS 0x0000000714c00000, 0x0000000714c00000| Untracked 
|  92|0x0000000714e00000, 0x0000000714e00000, 0x0000000715000000|  0%| F|  |TAMS 0x0000000714e00000, 0x0000000714e00000| Untracked 
|  93|0x0000000715000000, 0x0000000715000000, 0x0000000715200000|  0%| F|  |TAMS 0x0000000715000000, 0x0000000715000000| Untracked 
|  94|0x0000000715200000, 0x0000000715200000, 0x0000000715400000|  0%| F|  |TAMS 0x0000000715200000, 0x0000000715200000| Untracked 
|  95|0x0000000715400000, 0x0000000715400000, 0x0000000715600000|  0%| F|  |TAMS 0x0000000715400000, 0x0000000715400000| Untracked 
|  96|0x0000000715600000, 0x0000000715600000, 0x0000000715800000|  0%| F|  |TAMS 0x0000000715600000, 0x0000000715600000| Untracked 
|  97|0x0000000715800000, 0x0000000715800000, 0x0000000715a00000|  0%| F|  |TAMS 0x0000000715800000, 0x0000000715800000| Untracked 
|  98|0x0000000715a00000, 0x0000000715a00000, 0x0000000715c00000|  0%| F|  |TAMS 0x0000000715a00000, 0x0000000715a00000| Untracked 
|  99|0x0000000715c00000, 0x0000000715c00000, 0x0000000715e00000|  0%| F|  |TAMS 0x0000000715c00000, 0x0000000715c00000| Untracked 
| 100|0x0000000715e00000, 0x0000000715e00000, 0x0000000716000000|  0%| F|  |TAMS 0x0000000715e00000, 0x0000000715e00000| Untracked 
| 101|0x0000000716000000, 0x0000000716000000, 0x0000000716200000|  0%| F|  |TAMS 0x0000000716000000, 0x0000000716000000| Untracked 
| 102|0x0000000716200000, 0x0000000716200000, 0x0000000716400000|  0%| F|  |TAMS 0x0000000716200000, 0x0000000716200000| Untracked 
| 103|0x0000000716400000, 0x0000000716400000, 0x0000000716600000|  0%| F|  |TAMS 0x0000000716400000, 0x0000000716400000| Untracked 
| 104|0x0000000716600000, 0x0000000716600000, 0x0000000716800000|  0%| F|  |TAMS 0x0000000716600000, 0x0000000716600000| Untracked 
| 105|0x0000000716800000, 0x0000000716800000, 0x0000000716a00000|  0%| F|  |TAMS 0x0000000716800000, 0x0000000716800000| Untracked 
| 106|0x0000000716a00000, 0x0000000716a00000, 0x0000000716c00000|  0%| F|  |TAMS 0x0000000716a00000, 0x0000000716a00000| Untracked 
| 107|0x0000000716c00000, 0x0000000716c00000, 0x0000000716e00000|  0%| F|  |TAMS 0x0000000716c00000, 0x0000000716c00000| Untracked 
| 108|0x0000000716e00000, 0x0000000716e00000, 0x0000000717000000|  0%| F|  |TAMS 0x0000000716e00000, 0x0000000716e00000| Untracked 
| 109|0x0000000717000000, 0x0000000717000000, 0x0000000717200000|  0%| F|  |TAMS 0x0000000717000000, 0x0000000717000000| Untracked 
| 110|0x0000000717200000, 0x0000000717200000, 0x0000000717400000|  0%| F|  |TAMS 0x0000000717200000, 0x0000000717200000| Untracked 
| 111|0x0000000717400000, 0x0000000717600000, 0x0000000717600000|100%| S|CS|TAMS 0x0000000717400000, 0x0000000717400000| Complete 
| 112|0x0000000717600000, 0x0000000717800000, 0x0000000717800000|100%| S|CS|TAMS 0x0000000717600000, 0x0000000717600000| Complete 
| 113|0x0000000717800000, 0x0000000717800000, 0x0000000717a00000|  0%| F|  |TAMS 0x0000000717800000, 0x0000000717800000| Untracked 
| 114|0x0000000717a00000, 0x0000000717a00000, 0x0000000717c00000|  0%| F|  |TAMS 0x0000000717a00000, 0x0000000717a00000| Untracked 
| 115|0x0000000717c00000, 0x0000000717c00000, 0x0000000717e00000|  0%| F|  |TAMS 0x0000000717c00000, 0x0000000717c00000| Untracked 
| 116|0x0000000717e00000, 0x0000000717e00000, 0x0000000718000000|  0%| F|  |TAMS 0x0000000717e00000, 0x0000000717e00000| Untracked 
| 117|0x0000000718000000, 0x0000000718000000, 0x0000000718200000|  0%| F|  |TAMS 0x0000000718000000, 0x0000000718000000| Untracked 
| 118|0x0000000718200000, 0x0000000718200000, 0x0000000718400000|  0%| F|  |TAMS 0x0000000718200000, 0x0000000718200000| Untracked 
| 119|0x0000000718400000, 0x0000000718400000, 0x0000000718600000|  0%| F|  |TAMS 0x0000000718400000, 0x0000000718400000| Untracked 
| 120|0x0000000718600000, 0x0000000718600000, 0x0000000718800000|  0%| F|  |TAMS 0x0000000718600000, 0x0000000718600000| Untracked 
| 121|0x0000000718800000, 0x0000000718800000, 0x0000000718a00000|  0%| F|  |TAMS 0x0000000718800000, 0x0000000718800000| Untracked 
| 122|0x0000000718a00000, 0x0000000718a00000, 0x0000000718c00000|  0%| F|  |TAMS 0x0000000718a00000, 0x0000000718a00000| Untracked 
| 123|0x0000000718c00000, 0x0000000718d331a0, 0x0000000718e00000| 59%| E|  |TAMS 0x0000000718c00000, 0x0000000718c00000| Complete 

Card table byte_map: [0x0000029e171b0000,0x0000029e17970000] _byte_map_base: 0x0000029e13965000

Marking Bits (Prev, Next): (CMBitMap*) 0x0000029e7f52e650, (CMBitMap*) 0x0000029e7f52e690
 Prev Bits: [0x0000029e18130000, 0x0000029e1bed8000)
 Next Bits: [0x0000029e1bee0000, 0x0000029e1fc88000)

Polling page: 0x0000029e7d440000

Metaspace:

Usage:
  Non-class:      6.03 MB used.
      Class:    750.55 KB used.
       Both:      6.76 MB used.

Virtual space:
  Non-class space:        8.00 MB reserved,       6.12 MB ( 77%) committed,  1 nodes.
      Class space:        1.00 GB reserved,     832.00 KB ( <1%) committed,  1 nodes.
             Both:        1.01 GB reserved,       6.94 MB ( <1%) committed. 

Chunk freelists:
   Non-Class:  1.89 MB
       Class:  3.22 MB
        Both:  5.12 MB

MaxMetaspaceSize: unlimited
CompressedClassSpaceSize: 1.00 GB
Initial GC threshold: 21.00 MB
Current GC threshold: 21.00 MB
CDS: on
MetaspaceReclaimPolicy: balanced
 - commit_granule_bytes: 65536.
 - commit_granule_words: 8192.
 - virtual_space_node_default_size: 1048576.
 - enlarge_chunks_in_place: 1.
 - new_chunks_are_fully_committed: 0.
 - uncommit_free_chunks: 1.
 - use_allocation_guard: 0.
 - handle_deallocations: 1.


Internal statistics:

num_allocs_failed_limit: 0.
num_arena_births: 128.
num_arena_deaths: 0.
num_vsnodes_births: 2.
num_vsnodes_deaths: 0.
num_space_committed: 111.
num_space_uncommitted: 0.
num_chunks_returned_to_freelist: 0.
num_chunks_taken_from_freelist: 177.
num_chunk_merges: 0.
num_chunk_splits: 106.
num_chunks_enlarged: 52.
num_purges: 0.
num_inconsistent_stats: 0.

CodeHeap 'non-profiled nmethods': size=119168Kb used=416Kb max_used=416Kb free=118751Kb
 bounds [0x0000029e0f590000, 0x0000029e0f800000, 0x0000029e169f0000]
CodeHeap 'profiled nmethods': size=119104Kb used=1541Kb max_used=1541Kb free=117562Kb
 bounds [0x0000029e08140000, 0x0000029e083b0000, 0x0000029e0f590000]
CodeHeap 'non-nmethods': size=7488Kb used=2382Kb max_used=2417Kb free=5105Kb
 bounds [0x0000029e079f0000, 0x0000029e07c60000, 0x0000029e08140000]
 total_blobs=1664 nmethods=1084 adapters=491
 compilation: enabled
              stopped_count=0, restarted_count=0
 full_count=0

Compilation events (20 events):
Event: 0.793 Thread 0x0000029e24049010 nmethod 1066% 0x0000029e0f5f2990 code [0x0000029e0f5f2b20, 0x0000029e0f5f2f58]
Event: 0.793 Thread 0x0000029e22c51410 nmethod 1072 0x0000029e082bdc10 code [0x0000029e082bdde0, 0x0000029e082be1a8]
Event: 0.794 Thread 0x0000029e22c51410 1074       3       summit.gfx.Light::paint (21 bytes)
Event: 0.794 Thread 0x0000029e22c51410 nmethod 1074 0x0000029e082be410 code [0x0000029e082be5c0, 0x0000029e082be788]
Event: 0.794 Thread 0x0000029e240ab0c0 nmethod 1068 0x0000029e0f5f3190 code [0x0000029e0f5f3340, 0x0000029e0f5f3918]
Event: 0.798 Thread 0x0000029e22c51410 1076       3       java.lang.ref.Reference::enqueueFromPending (19 bytes)
Event: 0.798 Thread 0x0000029e23908c10 1077   !   3       java.lang.ref.ReferenceQueue::enqueue (119 bytes)
Event: 0.798 Thread 0x0000029e22c51410 nmethod 1076 0x0000029e082be890 code [0x0000029e082bea40, 0x0000029e082bec68]
Event: 0.798 Thread 0x0000029e22c51410 1079       3       java.lang.ref.Reference::clear (5 bytes)
Event: 0.799 Thread 0x0000029e22c51410 nmethod 1079 0x0000029e082bed10 code [0x0000029e082beea0, 0x0000029e082befe8]
Event: 0.799 Thread 0x0000029e23908c10 nmethod 1077 0x0000029e082bf090 code [0x0000029e082bf280, 0x0000029e082bf988]
Event: 0.799 Thread 0x0000029e22c50970 nmethod 1073 0x0000029e0f5f4890 code [0x0000029e0f5f4a60, 0x0000029e0f5f4ed8]
Event: 0.802 Thread 0x0000029e23909120 1081       3       sun.java2d.pipe.RenderQueue::ensureCapacityAndAlignment (13 bytes)
Event: 0.803 Thread 0x0000029e22c51410 1082       3       sun.java2d.pipe.RenderQueue::ensureAlignment (28 bytes)
Event: 0.803 Thread 0x0000029e22c51410 nmethod 1082 0x0000029e082bfb90 code [0x0000029e082bfd40, 0x0000029e082bff48]
Event: 0.803 Thread 0x0000029e23909120 nmethod 1081 0x0000029e082c0090 code [0x0000029e082c0280, 0x0000029e082c06d8]
Event: 0.804 Thread 0x0000029e22c50970 1083       4       summit.gfx.Renderer::rotate (62 bytes)
Event: 0.811 Thread 0x0000029e22c51410 1084       3       summit.gfx.PaintEvent::renderLater (10 bytes)
Event: 0.811 Thread 0x0000029e22c51410 nmethod 1084 0x0000029e082c0910 code [0x0000029e082c0b00, 0x0000029e082c1188]
Event: 0.811 Thread 0x0000029e22c50970 nmethod 1083 0x0000029e0f5f5210 code [0x0000029e0f5f53a0, 0x0000029e0f5f5918]

GC Heap History (2 events):
Event: 0.795 GC heap before
{Heap before GC invocations=0 (full 0):
 garbage-first heap   total 253952K, used 26624K [0x0000000709600000, 0x0000000800000000)
  region size 2048K, 11 young (22528K), 0 survivors (0K)
 Metaspace       used 6917K, committed 7104K, reserved 1056768K
  class space    used 750K, committed 832K, reserved 1048576K
}
Event: 0.798 GC heap after
{Heap after GC invocations=1 (full 0):
 garbage-first heap   total 253952K, used 10417K [0x0000000709600000, 0x0000000800000000)
  region size 2048K, 2 young (4096K), 2 survivors (4096K)
 Metaspace       used 6917K, committed 7104K, reserved 1056768K
  class space    used 750K, committed 832K, reserved 1048576K
}

Deoptimization events (20 events):
Event: 0.793 Thread 0x0000029e2406dba0 DEOPT PACKING pc=0x0000029e082b9d22 sp=0x000000d4295fee30
Event: 0.793 Thread 0x0000029e2406dba0 DEOPT UNPACKING pc=0x0000029e07a42b43 sp=0x000000d4295fe300 mode 0
Event: 0.794 Thread 0x0000029e2406dba0 DEOPT PACKING pc=0x0000029e082b9d22 sp=0x000000d4295fee30
Event: 0.794 Thread 0x0000029e2406dba0 DEOPT UNPACKING pc=0x0000029e07a42b43 sp=0x000000d4295fe300 mode 0
Event: 0.794 Thread 0x0000029e2406dba0 DEOPT PACKING pc=0x0000029e082b9d22 sp=0x000000d4295fee30
Event: 0.794 Thread 0x0000029e2406dba0 DEOPT UNPACKING pc=0x0000029e07a42b43 sp=0x000000d4295fe300 mode 0
Event: 0.794 Thread 0x0000029e2406dba0 DEOPT PACKING pc=0x0000029e082b9d22 sp=0x000000d4295fee30
Event: 0.794 Thread 0x0000029e2406dba0 DEOPT UNPACKING pc=0x0000029e07a42b43 sp=0x000000d4295fe300 mode 0
Event: 0.794 Thread 0x0000029e2406dba0 DEOPT PACKING pc=0x0000029e082b9d22 sp=0x000000d4295fee50
Event: 0.794 Thread 0x0000029e2406dba0 DEOPT UNPACKING pc=0x0000029e07a42b43 sp=0x000000d4295fe2f8 mode 0
Event: 0.798 Thread 0x0000029e2406dba0 DEOPT PACKING pc=0x0000029e082b9d22 sp=0x000000d4295fee50
Event: 0.798 Thread 0x0000029e2406dba0 DEOPT UNPACKING pc=0x0000029e07a42b43 sp=0x000000d4295fe2f8 mode 0
Event: 0.798 Thread 0x0000029e2406dba0 DEOPT PACKING pc=0x0000029e082b9d22 sp=0x000000d4295fee50
Event: 0.798 Thread 0x0000029e2406dba0 DEOPT UNPACKING pc=0x0000029e07a42b43 sp=0x000000d4295fe2f8 mode 0
Event: 0.798 Thread 0x0000029e2406dba0 DEOPT PACKING pc=0x0000029e082b9d22 sp=0x000000d4295fee50
Event: 0.798 Thread 0x0000029e2406dba0 DEOPT UNPACKING pc=0x0000029e07a42b43 sp=0x000000d4295fe2f8 mode 0
Event: 0.804 Thread 0x0000029e2406dba0 DEOPT PACKING pc=0x0000029e082baf1d sp=0x000000d4295feb80
Event: 0.804 Thread 0x0000029e2406dba0 DEOPT UNPACKING pc=0x0000029e07a42b43 sp=0x000000d4295fe010 mode 0
Event: 0.808 Thread 0x0000029e2406dba0 DEOPT PACKING pc=0x0000029e082baf1d sp=0x000000d4295feaf0
Event: 0.808 Thread 0x0000029e2406dba0 DEOPT UNPACKING pc=0x0000029e07a42b43 sp=0x000000d4295fdf80 mode 0

Classes unloaded (0 events):
No events

Classes redefined (0 events):
No events

Internal exceptions (14 events):
Event: 0.051 Thread 0x0000029e2394fef0 Exception <a 'java/lang/ClassNotFoundException'{0x0000000718a2b1e8}: sun/awt/resources/spi/awtProvider> (0x0000000718a2b1e8) 
thrown [e:\jenkins\tmp\workspace\build\src\src\hotspot\share\classfile\systemDictionary.cpp, line 256]
Event: 0.069 Thread 0x0000029e2394fef0 Exception <a 'java/io/FileNotFoundException'{0x0000000718b656f8}> (0x0000000718b656f8) 
thrown [e:\jenkins\tmp\workspace\build\src\src\hotspot\share\prims\jni.cpp, line 516]
Event: 0.075 Thread 0x0000029e2394fef0 Exception <a 'java/io/FileNotFoundException'{0x0000000718b92650}> (0x0000000718b92650) 
thrown [e:\jenkins\tmp\workspace\build\src\src\hotspot\share\prims\jni.cpp, line 516]
Event: 0.088 Thread 0x0000029e2394fef0 Exception <a 'java/lang/NoSuchMethodError'{0x0000000718bc7e78}: 'java.lang.Object java.lang.invoke.DirectMethodHandle$Holder.invokeStaticInit(java.lang.Object)'> (0x0000000718bc7e78) 
thrown [e:\jenkins\tmp\workspace\build\src\src\hotspot\share\interpreter\linkResolver.cpp, line 766]
Event: 0.227 Thread 0x0000029e2394fef0 Exception <a 'java/lang/NoSuchMethodError'{0x0000000718764418}: 'void java.lang.invoke.DirectMethodHandle$Holder.invokeSpecial(java.lang.Object, java.lang.Object, java.lang.Object)'> (0x0000000718764418) 
thrown [e:\jenkins\tmp\workspace\build\src\src\hotspot\share\interpreter\linkResolver.cpp, line 766]
Event: 0.233 Thread 0x0000029e2394fef0 Exception <a 'java/lang/NoSuchMethodError'{0x000000071878e6b0}: 'java.lang.Object java.lang.invoke.DirectMethodHandle$Holder.newInvokeSpecial(java.lang.Object, java.lang.Object, java.lang.Object, java.lang.Object, java.lang.Object)'> (0x000000071878e6b0) 
thrown [e:\jenkins\tmp\workspace\build\src\src\hotspot\share\interpreter\linkResolver.cpp, line 766]
Event: 0.235 Thread 0x0000029e2394fef0 Exception <a 'java/lang/NoSuchMethodError'{0x000000071879a078}: 'java.lang.Object java.lang.invoke.DirectMethodHandle$Holder.invokeStatic(java.lang.Object, int, java.lang.Object, java.lang.Object, java.lang.Object, java.lang.Object)'> (0x000000071879a078) 
thrown [e:\jenkins\tmp\workspace\build\src\src\hotspot\share\interpreter\linkResolver.cpp, line 766]
Event: 0.238 Thread 0x0000029e2394fef0 Exception <a 'java/lang/NoSuchMethodError'{0x00000007187bf798}: 'java.lang.Object java.lang.invoke.DirectMethodHandle$Holder.invokeStatic(java.lang.Object, int, java.lang.Object)'> (0x00000007187bf798) 
thrown [e:\jenkins\tmp\workspace\build\src\src\hotspot\share\interpreter\linkResolver.cpp, line 766]
Event: 0.256 Thread 0x0000029e2394fef0 Exception <a 'java/lang/ClassNotFoundException'{0x0000000718477be8}: com/sun/swing/internal/plaf/metal/resources/spi/metalProvider> (0x0000000718477be8) 
thrown [e:\jenkins\tmp\workspace\build\src\src\hotspot\share\classfile\systemDictionary.cpp, line 256]
Event: 0.256 Thread 0x0000029e2394fef0 Exception <a 'java/lang/ClassNotFoundException'{0x000000071847bac0}: com/sun/swing/internal/plaf/basic/resources/spi/basicProvider> (0x000000071847bac0) 
thrown [e:\jenkins\tmp\workspace\build\src\src\hotspot\share\classfile\systemDictionary.cpp, line 256]
Event: 0.268 Thread 0x0000029e23b279b0 Exception <a 'java/lang/NoSuchMethodError'{0x0000000718680998}: 'void java.lang.invoke.DirectMethodHandle$Holder.invokeVirtual(java.lang.Object, java.lang.Object)'> (0x0000000718680998) 
thrown [e:\jenkins\tmp\workspace\build\src\src\hotspot\share\interpreter\linkResolver.cpp, line 766]
Event: 0.279 Thread 0x0000029e2394fef0 Exception <a 'java/lang/NoSuchMethodError'{0x00000007184b99f0}: 'void java.lang.invoke.DirectMethodHandle$Holder.invokeStaticInit(java.lang.Object)'> (0x00000007184b99f0) 
thrown [e:\jenkins\tmp\workspace\build\src\src\hotspot\share\interpreter\linkResolver.cpp, line 766]
Event: 0.728 Thread 0x0000029e24030550 Implicit null exception at 0x0000029e0f5e10d5 to 0x0000029e0f5e11f8
Event: 0.728 Thread 0x0000029e24030550 Implicit null exception at 0x0000029e0f5e0756 to 0x0000029e0f5e0854

VM Operations (16 events):
Event: 0.037 Executing VM operation: HandshakeAllThreads
Event: 0.037 Executing VM operation: HandshakeAllThreads done
Event: 0.255 Executing VM operation: HandshakeAllThreads
Event: 0.255 Executing VM operation: HandshakeAllThreads done
Event: 0.295 Executing VM operation: HandshakeAllThreads
Event: 0.295 Executing VM operation: HandshakeAllThreads done
Event: 0.321 Executing VM operation: HandshakeAllThreads
Event: 0.322 Executing VM operation: HandshakeAllThreads done
Event: 0.712 Executing VM operation: HandshakeAllThreads
Event: 0.712 Executing VM operation: HandshakeAllThreads done
Event: 0.739 Executing VM operation: HandshakeAllThreads
Event: 0.739 Executing VM operation: HandshakeAllThreads done
Event: 0.740 Executing VM operation: HandshakeAllThreads
Event: 0.740 Executing VM operation: HandshakeAllThreads done
Event: 0.794 Executing VM operation: G1CollectForAllocation
Event: 0.798 Executing VM operation: G1CollectForAllocation done

Events (20 events):
Event: 0.343 loading class java/awt/TextComponent done
Event: 0.343 loading class javax/swing/text/JTextComponent
Event: 0.343 loading class javax/swing/Scrollable
Event: 0.343 loading class javax/swing/Scrollable done
Event: 0.343 loading class javax/swing/text/JTextComponent done
Event: 0.346 loading class java/awt/event/MouseWheelEvent
Event: 0.346 loading class java/awt/event/MouseWheelEvent done
Event: 0.354 loading class sun/awt/image/BufImgSurfaceManager
Event: 0.354 loading class sun/awt/image/BufImgSurfaceManager done
Event: 0.355 loading class sun/awt/image/BufImgSurfaceData
Event: 0.355 loading class sun/awt/image/BufImgSurfaceData done
Event: 0.355 loading class sun/awt/image/BufImgSurfaceData$ICMColorData
Event: 0.355 loading class sun/awt/image/BufImgSurfaceData$ICMColorData done
Event: 0.672 Thread 0x0000029e23b08960 Thread exited: 0x0000029e23b08960
Event: 0.710 loading class java/lang/Math$RandomNumberGeneratorHolder
Event: 0.710 loading class java/lang/Math$RandomNumberGeneratorHolder done
Event: 0.720 Thread 0x0000029e24049010 Thread added: 0x0000029e24049010
Event: 0.724 Thread 0x0000029e24076fa0 Thread added: 0x0000029e24076fa0
Event: 0.724 Thread 0x0000029e240774b0 Thread added: 0x0000029e240774b0
Event: 0.724 Thread 0x0000029e240ab0c0 Thread added: 0x0000029e240ab0c0


Dynamic libraries:
0x00007ff7039e0000 - 0x00007ff7039ee000 	C:\Users\aadiu\AppData\Local\Programs\Eclipse Adoptium\jdk-17.0.2.8-hotspot\bin\java.exe
0x00007ffb36970000 - 0x00007ffb36b68000 	C:\Windows\SYSTEM32\ntdll.dll
0x00007ffb352a0000 - 0x00007ffb3535f000 	C:\Windows\System32\KERNEL32.DLL
0x00007ffb34310000 - 0x00007ffb345e2000 	C:\Windows\System32\KERNELBASE.dll
0x00007ffb34110000 - 0x00007ffb34210000 	C:\Windows\System32\ucrtbase.dll
0x00007ffb1b800000 - 0x00007ffb1b818000 	C:\Users\aadiu\AppData\Local\Programs\Eclipse Adoptium\jdk-17.0.2.8-hotspot\bin\jli.dll
0x00007ffb18260000 - 0x00007ffb18279000 	C:\Users\aadiu\AppData\Local\Programs\Eclipse Adoptium\jdk-17.0.2.8-hotspot\bin\VCRUNTIME140.dll
0x00007ffb35530000 - 0x00007ffb356cd000 	C:\Windows\System32\USER32.dll
0x00007ffb34720000 - 0x00007ffb34742000 	C:\Windows\System32\win32u.dll
0x00007ffb20b10000 - 0x00007ffb20daa000 	C:\Windows\WinSxS\amd64_microsoft.windows.common-controls_6595b64144ccf1df_6.0.19041.1110_none_60b5254171f9507e\COMCTL32.dll
0x00007ffb35fa0000 - 0x00007ffb35fcb000 	C:\Windows\System32\GDI32.dll
0x00007ffb35f00000 - 0x00007ffb35f9e000 	C:\Windows\System32\msvcrt.dll
0x00007ffb34750000 - 0x00007ffb3485f000 	C:\Windows\System32\gdi32full.dll
0x00007ffb345f0000 - 0x00007ffb3468d000 	C:\Windows\System32\msvcp_win.dll
0x00007ffb356f0000 - 0x00007ffb35722000 	C:\Windows\System32\IMM32.DLL
0x00007ffb1c970000 - 0x00007ffb1c97c000 	C:\Users\aadiu\AppData\Local\Programs\Eclipse Adoptium\jdk-17.0.2.8-hotspot\bin\vcruntime140_1.dll
0x00007ffaf9980000 - 0x00007ffaf9a11000 	C:\Users\aadiu\AppData\Local\Programs\Eclipse Adoptium\jdk-17.0.2.8-hotspot\bin\msvcp140.dll
0x00007ffabb230000 - 0x00007ffabbe77000 	C:\Users\aadiu\AppData\Local\Programs\Eclipse Adoptium\jdk-17.0.2.8-hotspot\bin\server\jvm.dll
0x00007ffb34ec0000 - 0x00007ffb34f6e000 	C:\Windows\System32\ADVAPI32.dll
0x00007ffb35e60000 - 0x00007ffb35efc000 	C:\Windows\System32\sechost.dll
0x00007ffb35ba0000 - 0x00007ffb35cc5000 	C:\Windows\System32\RPCRT4.dll
0x00007ffb34eb0000 - 0x00007ffb34eb8000 	C:\Windows\System32\PSAPI.DLL
0x00007ffb2d720000 - 0x00007ffb2d72a000 	C:\Windows\SYSTEM32\VERSION.dll
0x00007ffb31d40000 - 0x00007ffb31d67000 	C:\Windows\SYSTEM32\WINMM.dll
0x00007ffb1d990000 - 0x00007ffb1d999000 	C:\Windows\SYSTEM32\WSOCK32.dll
0x00007ffb35160000 - 0x00007ffb351cb000 	C:\Windows\System32\WS2_32.dll
0x00007ffb31fa0000 - 0x00007ffb31fb2000 	C:\Windows\SYSTEM32\kernel.appcore.dll
0x00007ffb1b8a0000 - 0x00007ffb1b8aa000 	C:\Users\aadiu\AppData\Local\Programs\Eclipse Adoptium\jdk-17.0.2.8-hotspot\bin\jimage.dll
0x00007ffb31b50000 - 0x00007ffb31d34000 	C:\Windows\SYSTEM32\DBGHELP.DLL
0x00007ffb31b20000 - 0x00007ffb31b4c000 	C:\Windows\SYSTEM32\dbgcore.DLL
0x00007ffb34690000 - 0x00007ffb34712000 	C:\Windows\System32\bcryptPrimitives.dll
0x00007ffb17fb0000 - 0x00007ffb17fd5000 	C:\Users\aadiu\AppData\Local\Programs\Eclipse Adoptium\jdk-17.0.2.8-hotspot\bin\java.dll
0x00007ffaf93a0000 - 0x00007ffaf9476000 	C:\Users\aadiu\AppData\Local\Programs\Eclipse Adoptium\jdk-17.0.2.8-hotspot\bin\jsvml.dll
0x00007ffb35fd0000 - 0x00007ffb36713000 	C:\Windows\System32\SHELL32.dll
0x00007ffb32130000 - 0x00007ffb328c2000 	C:\Windows\SYSTEM32\windows.storage.dll
0x00007ffb34ad0000 - 0x00007ffb34e24000 	C:\Windows\System32\combase.dll
0x00007ffb33a60000 - 0x00007ffb33a90000 	C:\Windows\SYSTEM32\Wldp.dll
0x00007ffb349c0000 - 0x00007ffb34a6d000 	C:\Windows\System32\SHCORE.dll
0x00007ffb35020000 - 0x00007ffb35075000 	C:\Windows\System32\shlwapi.dll
0x00007ffb33fb0000 - 0x00007ffb33fcf000 	C:\Windows\SYSTEM32\profapi.dll
0x00007ffae3b90000 - 0x00007ffae3d1e000 	C:\Users\aadiu\AppData\Local\Programs\Eclipse Adoptium\jdk-17.0.2.8-hotspot\bin\awt.dll
0x00007ffb351d0000 - 0x00007ffb3529d000 	C:\Windows\System32\OLEAUT32.dll
0x00007ffb31300000 - 0x00007ffb31391000 	C:\Windows\SYSTEM32\apphelp.dll
0x00007ffb16630000 - 0x00007ffb16648000 	C:\Users\aadiu\AppData\Local\Programs\Eclipse Adoptium\jdk-17.0.2.8-hotspot\bin\zip.dll
0x00007ffb31410000 - 0x00007ffb314ae000 	C:\Windows\system32\uxtheme.dll
0x00007ffb353f0000 - 0x00007ffb35505000 	C:\Windows\System32\MSCTF.dll
0x00007ffb35cd0000 - 0x00007ffb35dfa000 	C:\Windows\System32\ole32.dll
0x00007ffb31590000 - 0x00007ffb315bf000 	C:\Windows\system32\DWMAPI.DLL
0x00007ffadadb0000 - 0x00007ffadaed5000 	C:\Windows\system32\opengl32.dll
0x00007ffada100000 - 0x00007ffada12c000 	C:\Windows\SYSTEM32\GLU32.dll
0x00007ffb269b0000 - 0x00007ffb26b7f000 	C:\Windows\system32\d3d9.dll
0x00007ffb28d70000 - 0x00007ffb28f28000 	C:\Windows\System32\DriverStore\FileRepository\u0370468.inf_amd64_5e4260b11257b6e9\B370372\aticfx64.dll
0x00007ffb128f0000 - 0x00007ffb12924000 	C:\Windows\System32\DriverStore\FileRepository\u0370468.inf_amd64_5e4260b11257b6e9\B370372\atiu9p64.dll
0x00007ffaba4d0000 - 0x00007ffabb224000 	C:\Windows\System32\DriverStore\FileRepository\u0370468.inf_amd64_5e4260b11257b6e9\B370372\atiumd64.dll
0x000000006c4b0000 - 0x000000006d324000 	C:\Windows\System32\DriverStore\FileRepository\u0370468.inf_amd64_5e4260b11257b6e9\B370372\atiumd6a.dll
0x00007ffb35730000 - 0x00007ffb35b98000 	C:\Windows\System32\SETUPAPI.dll
0x00007ffb34210000 - 0x00007ffb3425e000 	C:\Windows\System32\cfgmgr32.dll
0x00007ffb33e30000 - 0x00007ffb33e7b000 	C:\Windows\SYSTEM32\POWRPROF.dll
0x00007ffb34070000 - 0x00007ffb34097000 	C:\Windows\System32\bcrypt.dll
0x00007ffb33e10000 - 0x00007ffb33e22000 	C:\Windows\SYSTEM32\UMPDC.dll
0x00007ffb29180000 - 0x00007ffb291b0000 	C:\Windows\SYSTEM32\amdihk64.dll
0x00007ffb29960000 - 0x00007ffb2999b000 	C:\Windows\SYSTEM32\dxcore.dll
0x00007ffaf8c10000 - 0x00007ffaf8c99000 	C:\Users\aadiu\AppData\Local\Programs\Eclipse Adoptium\jdk-17.0.2.8-hotspot\bin\freetype.dll
0x00007ffaf8250000 - 0x00007ffaf82f8000 	C:\Users\aadiu\AppData\Local\Programs\Eclipse Adoptium\jdk-17.0.2.8-hotspot\bin\fontmanager.dll
0x00007ffb28f30000 - 0x00007ffb29029000 	C:\Windows\SYSTEM32\textinputframework.dll
0x00007ffb30e70000 - 0x00007ffb311ce000 	C:\Windows\System32\CoreUIComponents.dll
0x00007ffb309d0000 - 0x00007ffb30ac2000 	C:\Windows\System32\CoreMessaging.dll
0x00007ffb33190000 - 0x00007ffb331c3000 	C:\Windows\SYSTEM32\ntmarta.dll
0x00007ffb30200000 - 0x00007ffb30354000 	C:\Windows\SYSTEM32\wintypes.dll

dbghelp: loaded successfully - version: 4.0.5 - missing functions: none
symbol engine: initialized successfully - sym options: 0x614 - pdb path: .;C:\Users\aadiu\AppData\Local\Programs\Eclipse Adoptium\jdk-17.0.2.8-hotspot\bin;C:\Windows\SYSTEM32;C:\Windows\WinSxS\amd64_microsoft.windows.common-controls_6595b64144ccf1df_6.0.19041.1110_none_60b5254171f9507e;C:\Users\aadiu\AppData\Local\Programs\Eclipse Adoptium\jdk-17.0.2.8-hotspot\bin\server;C:\Windows\System32\DriverStore\FileRepository\u0370468.inf_amd64_5e4260b11257b6e9\B370372

VM Arguments:
jvm_args: -XX:+ShowCodeDetailsInExceptionMessages 
java_command: summit.Main
java_class_path (initial): C:\Users\aadiu\AppData\Roaming\Code\User\workspaceStorage\1c2e286de9ea8afffefde57d2c4cc9eb\redhat.java\jdt_ws\Summit_aca78153\bin
Launcher Type: SUN_STANDARD

[Global flags]
     intx CICompilerCount                          = 12                                        {product} {ergonomic}
     uint ConcGCThreads                            = 3                                         {product} {ergonomic}
     uint G1ConcRefinementThreads                  = 13                                        {product} {ergonomic}
   size_t G1HeapRegionSize                         = 2097152                                   {product} {ergonomic}
    uintx GCDrainStackTargetSize                   = 64                                        {product} {ergonomic}
   size_t InitialHeapSize                          = 260046848                                 {product} {ergonomic}
   size_t MarkStackSize                            = 4194304                                   {product} {ergonomic}
   size_t MaxHeapSize                              = 4137680896                                {product} {ergonomic}
   size_t MaxNewSize                               = 2480930816                                {product} {ergonomic}
   size_t MinHeapDeltaBytes                        = 2097152                                   {product} {ergonomic}
   size_t MinHeapSize                              = 8388608                                   {product} {ergonomic}
    uintx NonNMethodCodeHeapSize                   = 7602480                                {pd product} {ergonomic}
    uintx NonProfiledCodeHeapSize                  = 122027880                              {pd product} {ergonomic}
    uintx ProfiledCodeHeapSize                     = 122027880                              {pd product} {ergonomic}
    uintx ReservedCodeCacheSize                    = 251658240                              {pd product} {ergonomic}
     bool SegmentedCodeCache                       = true                                      {product} {ergonomic}
     bool ShowCodeDetailsInExceptionMessages       = true                                   {manageable} {command line}
   size_t SoftMaxHeapSize                          = 4137680896                             {manageable} {ergonomic}
     bool UseCompressedClassPointers               = true                           {product lp64_product} {ergonomic}
     bool UseCompressedOops                        = true                           {product lp64_product} {ergonomic}
     bool UseG1GC                                  = true                                      {product} {ergonomic}
     bool UseLargePagesIndividualAllocation        = false                                  {pd product} {ergonomic}

Logging:
Log output configuration:
 #0: stdout all=warning uptime,level,tags
 #1: stderr all=off uptime,level,tags

Environment Variables:
JAVA_HOME=C:\Users\aadiu\AppData\Local\Programs\Eclipse Adoptium\jdk-17.0.2.8-hotspot\
PATH=C:\Program Files (x86)\Razer Chroma SDK\bin;C:\Program Files\Razer Chroma SDK\bin;C:\Program Files (x86)\Razer\ChromaBroadcast\bin;C:\Program Files\Razer\ChromaBroadcast\bin;C:\Program Files (x86)\Common Files\Oracle\Java\javapath;C:\Program Files\Python38\Scripts\;C:\Program Files\Python38\;C:\Windows\system32;C:\Windows;C:\Windows\System32\Wbem;C:\Windows\System32\WindowsPowerShell\v1.0\;C:\Windows\System32\OpenSSH\;C:\Program Files (x86)\NVIDIA Corporation\PhysX\Common;C:\Program Files\NVIDIA Corporation\NVIDIA NvDLISR;C:\Users\aadiu\AppData\Local\Microsoft\WindowsApps;C:\Users\aadiu\AppData\Local\Programs\Microsoft VS Code\bin;C:\Windows\system32\config\systemprofile\AppData\Local\Microsoft\WindowsApps;C:\Program Files\dotnet\;C:\Program Files\Git\cmd;C:\MinGW\bin\;C:\Program Files (x86)\Windows Kits\10\Windows Performance Toolkit\;C:\Users\aadiu\AppData\Local\Programs\Eclipse Adoptium\jdk-17.0.2.8-hotspot\bin;C:\Users\aadiu\AppData\Local\Microsoft\WindowsApps;C:\Users\aadiu\AppData\Local\Programs\Microsoft VS Code\bin;C:\Users\aadiu\AppData\Local\GitHubDesktop\bin
USERNAME=aadiu
LANG=en_US.UTF-8
OS=Windows_NT
PROCESSOR_IDENTIFIER=AMD64 Family 25 Model 80 Stepping 0, AuthenticAMD



---------------  S Y S T E M  ---------------

OS:
 Windows 10 , 64 bit Build 19041 (10.0.19041.2251)
OS uptime: 2 days 7:15 hours

CPU: total 16 (initial active 16) (16 cores per cpu, 2 threads per core) family 25 model 80 stepping 0 microcode 0x0, cx8, cmov, fxsr, ht, mmx, 3dnowpref, sse, sse2, sse3, ssse3, sse4a, sse4.1, sse4.2, popcnt, lzcnt, tsc, tscinvbit, avx, avx2, aes, erms, clmul, bmi1, bmi2, adx, sha, fma, vzeroupper, clflush, clflushopt

Memory: 4k page, system-wide physical 15776M (8577M free)
TotalPageFile size 20128M (AvailPageFile size 9598M)
current process WorkingSet (physical memory assigned to process): 120M, peak: 121M
current process commit charge ("private bytes"): 429M, peak: 430M

vm_info: OpenJDK 64-Bit Server VM (17.0.2+8) for windows-amd64 JRE (17.0.2+8), built on Jan 20 2022 04:52:34 by "" with MS VC++ 16.7 (VS2019)

END.
