#
# A fatal error has been detected by the Java Runtime Environment:
#
#  EXCEPTION_ACCESS_VIOLATION (0xc0000005) at pc=0x0000015be882517b, pid=7520, tid=5520
#
# JRE version: OpenJDK Runtime Environment Temurin-17.0.2+8 (17.0.2+8) (build 17.0.2+8)
# Java VM: OpenJDK 64-Bit Server VM Temurin-17.0.2+8 (17.0.2+8, mixed mode, sharing, tiered, compressed oops, compressed class ptrs, g1 gc, windows-amd64)
# Problematic frame:
# J 1062 c2 summit.gfx.Renderer.render(Ljava/lang/String;FFILsummit/gfx/ColorFilter;)V (276 bytes) @ 0x0000015be882517b [0x0000015be8824520+0x0000000000000c5b]
#
# No core dump will be written. Minidumps are not enabled by default on client versions of Windows
#
# If you would like to submit a bug report, please visit:
#   https://github.com/adoptium/adoptium-support/issues
#

---------------  S U M M A R Y ------------

Command Line: -XX:+ShowCodeDetailsInExceptionMessages summit.Main

Host: AMD Ryzen 9 5900HS with Radeon Graphics        , 16 cores, 15G,  Windows 10 , 64 bit Build 19041 (10.0.19041.2251)
Time: Mon Nov 14 18:53:20 2022 Central Standard Time elapsed time: 0.873557 seconds (0d 0h 0m 0s)

---------------  T H R E A D  ---------------

Current thread (0x0000015bfdbb91c0):  JavaThread "Thread-2" [_thread_in_Java, id=5520, stack(0x00000015afe00000,0x00000015aff00000)]

Stack: [0x00000015afe00000,0x00000015aff00000],  sp=0x00000015afefee90,  free space=1019k
Native frames: (J=compiled Java code, j=interpreted, Vv=VM code, C=native code)
C  0x0000015be882517b


siginfo: EXCEPTION_ACCESS_VIOLATION (0xc0000005), reading address 0x0000000b186043e8


Register to memory mapping:

RIP=0x0000015be882517b is at entry_point+3163 in (nmethod*)0x0000015be8824310
RAX=0x0000000000000009 is an unknown value
RBX=3809216643 is a compressed pointer to object: [[I 
{0x0000000718604418} - klass: {type array int}[]
 - length: 144
RCX=0x00000000fffffff0 is an unknown value
RDX=0x0 is NULL
RSP=0x00000015afefee90 is pointing into the stack for thread: 0x0000015bfdbb91c0
RBP=0x0000000000000090 is an unknown value
RSI=0x0 is NULL
RDI=0x0000000000000100 is an unknown value
R8 =0x00000000fffffff0 is an unknown value
R9 =0x0000000718604408 is an oop: summit.gfx.Renderer 
{0x0000000718604408} - klass: 'summit/gfx/Renderer'
 - ---- fields (total size 2 words):
 - private 'frame' '[[I' @12  a {type array int}[144] {0x0000000718604418} (e30c0883)
R10=0x0000000000000010 is an unknown value
R11=0x0000000718604418 is an oop: [[I 
{0x0000000718604418} - klass: {type array int}[]
 - length: 144
R12=0x0 is NULL
R13=0x0000000000000010 is an unknown value
R14=0x0000000000000010 is an unknown value
R15=0x0000015bfdbb91c0 is a thread


Registers:
RAX=0x0000000000000009, RBX=0x00000000e30c0883, RCX=0x00000000fffffff0, RDX=0x0000000000000000
RSP=0x00000015afefee90, RBP=0x0000000000000090, RSI=0x0000000000000000, RDI=0x0000000000000100
R8 =0x00000000fffffff0, R9 =0x0000000718604408, R10=0x0000000000000010, R11=0x0000000718604418
R12=0x0000000000000000, R13=0x0000000000000010, R14=0x0000000000000010, R15=0x0000015bfdbb91c0
RIP=0x0000015be882517b, EFLAGS=0x0000000000010287

Top of Stack: (sp=0x00000015afefee90)
0x00000015afefee90:   0000010000000000 0000000000000018
0x00000015afefeea0:   fffffff000000008 fffffff000000008
0x00000015afefeeb0:   0000001000000010 0000000900000010
0x00000015afefeec0:   0000001000000009 000000b000000100
0x00000015afefeed0:   000000a000000004 0000015b43280000
0x00000015afefeee0:   0000000041800000 0000000718023978
0x00000015afefeef0:   00000015afeff0d0 0000015be14dd514
0x00000015afefef00:   00000015afefefa0 00000015afeff038
0x00000015afefef10:   0000015be0c294fe 0000000000000000
0x00000015afefef20:   0000000000000000 0000000000000000
0x00000015afefef30:   0000000000000000 0000000718604408
0x00000015afefef40:   0000000718023978 0000000000000002
0x00000015afefef50:   0000000000000000 0000000000000000
0x00000015afefef60:   00000015afeff0d0 0000015be14dd06c
0x00000015afefef70:   409e000000000000 0000000000000000
0x00000015afefef80:   0000000000000000 0000000000000000 

Instructions: (pc=0x0000015be882517b)
0x0000015be882507b:   6e e1 41 8b c3 ff c0 41 8b c8 e9 c9 00 00 00 66
0x0000015be882508b:   0f 1f 44 00 00 44 2b 4c 24 10 45 8b f1 41 ff c6
0x0000015be882509b:   44 8b ca 45 3b f2 0f 83 9f 04 00 00 45 8b 5c dc
0x0000015be88250ab:   10 47 8b 5c dc 0c 45 3b cb 0f 83 6a 01 00 00 c4
0x0000015be88250bb:   c1 f9 7e d3 45 8b 5c bb 10 43 8b 54 dc 0c 49 c1
0x0000015be88250cb:   e3 03 44 3b f2 0f 83 96 04 00 00 47 8b 5c b3 10
0x0000015be88250db:   41 83 fb ff 0f 84 35 01 00 00 41 8b 54 f4 0c 44
0x0000015be88250eb:   3b ca 0f 83 95 04 00 00 47 89 5c 88 10 45 33 ed
0x0000015be88250fb:   c4 c1 f9 7e d3 41 8b 53 10 45 8b 5c d4 0c 44 03
0x0000015be882510b:   5c 24 10 4d 8b b7 48 03 00 00 41 8b d1 ff c2 41
0x0000015be882511b:   85 06 41 3b d3 0f 8c 6a ff ff ff 4d 8b 9f 48 03
0x0000015be882512b:   00 00 ff c1 41 85 03 3b 0c 24 0f 8d f3 00 00 00
0x0000015be882513b:   c4 c1 f9 7e c1 c4 e1 f9 7e ce c5 f9 7e da 44 8b
0x0000015be882514b:   5c 24 10 44 8b 44 24 14 44 3b 5c 24 08 0f 8d e6
0x0000015be882515b:   00 00 00 44 89 44 24 14 44 89 5c 24 10 c5 f9 6e
0x0000015be882516b:   da c4 e1 f9 6e ce c4 c1 f9 6e c1 c4 c1 f9 7e e3
0x0000015be882517b:   41 8b 74 8b 10 8b f9 41 2b f8 3b cd 0f 83 1f fe
0x0000015be882518b:   ff ff 44 8b 5c 24 10 44 3b 5c 24 04 0f 83 0f fe
0x0000015be882519b:   ff ff c4 c1 f9 7e d3 45 8b 5c bb 10 47 8b 4c dc
0x0000015be88251ab:   0c 45 85 c9 0f 86 07 05 00 00 47 8b 5c dc 10 41
0x0000015be88251bb:   83 fb ff 0f 84 a0 00 00 00 45 8b 44 f4 0c 44 8b
0x0000015be88251cb:   4c 24 10 45 3b c8 0f 83 b6 03 00 00 4d 8d 0c f4
0x0000015be88251db:   44 8b 44 24 10 47 89 5c 81 10 45 33 ed c4 c1 f9
0x0000015be88251eb:   7e d3 45 8b 43 10 47 8b 5c c4 0c 44 03 5c 24 10
0x0000015be88251fb:   41 3b c3 0f 8d 22 ff ff ff 3b cd 73 66 4d 8d 04
0x0000015be882520b:   f4 44 8b c8 41 be 01 00 00 00 e9 84 fe ff ff c4
0x0000015be882521b:   c1 f9 7e cd e9 d7 fe ff ff c4 c1 f9 7e cd e9 cd
0x0000015be882522b:   fe ff ff c5 f8 77 48 83 c4 60 5d 49 3b a7 40 03
0x0000015be882523b:   00 00 0f 87 f9 0a 00 00 c3 44 89 44 24 14 44 89
0x0000015be882524b:   5c 24 10 c5 f9 6e da c4 e1 f9 6e ce c4 c1 f9 6e
0x0000015be882525b:   c1 4c 8b ee e9 c2 fe ff ff c4 c1 f9 7e cd e9 7a
0x0000015be882526b:   ff ff ff 44 8b c8 41 bb 01 00 00 00 eb 15 0f 1f 


Stack slot to memory mapping:
stack at sp + 0 slots: 0x0000010000000000 is an unknown value
stack at sp + 1 slots: 0x0000000000000018 is an unknown value
stack at sp + 2 slots: 0xfffffff000000008 is an unknown value
stack at sp + 3 slots: 0xfffffff000000008 is an unknown value
stack at sp + 4 slots: 0x0000001000000010 is an unknown value
stack at sp + 5 slots: 0x0000000900000010 is an unknown value
stack at sp + 6 slots: 0x0000001000000009 is an unknown value
stack at sp + 7 slots: 0x000000b000000100 is an unknown value

--------------------------------------------------------------------------------
[Constant Pool (empty)]

--------------------------------------------------------------------------------

[MachCode]
  0x0000015be8824520: 448b 5208 | 49bb 0000 | 0000 0800 | 0000 4d03 | d349 3bc2 | 0f85 4685 | 44f8 6690 | 0f1f 4000 
  0x0000015be8824540: 8984 2400 | 90ff ff55 | 4883 ec60 | 4889 7c24 | 1045 8bf1 | c5f8 28e9 | 4889 1424 | 4d8b d049 
  0x0000015be8824560: bba8 35a0 | 1807 0000 | 0041 8b6b | 7045 8b5c | ec08 4181 | fbe0 ad0b | 000f 85b5 | 1100 004d 
  0x0000015be8824580: 8d1c ec45 | 8b5b 2447 | 8b44 dc0c | 4585 c00f | 863d 1200 | 004b 8d1c | dc4d 85d2 | 0f84 970f 
  0x0000015be88245a0: 0000 418b | 4a0c 41ff | c885 c975 | 6c41 0fb6 | 4a11 85c9 | 0f85 500f | 0000 410f | be4a 1085 
  0x0000015be88245c0: c90f 857d | 1400 0045 | 8b4a 1443 | 8b6c cc0c | 85ed 0f86 | 4f0f 0000 | 8bd5 ffca | 3bd5 0f83 
  0x0000015be88245e0: 8c13 0000 | 470f b65c | cc10 8bcd | 83c1 fd3b | d1bf 0000 | 0080 0f4c | cf41 8bfb | c1e7 0541 
  0x0000015be8824600: 2bfb 4b8d | 34cc 83f9 | 010f 8e95 | 1300 00b8 | 0100 0000 | 4533 c9eb | 4544 8bd9 | 41c1 eb10 
  0x0000015be8824620: 4433 d945 | 23c3 33d2 | e9fc 0000 | 0044 0fb6 | 4c06 1041 | 03f9 ffc0 | 3bc5 0f8d | d000 0000 
  0x0000015be8824640: 448b cf41 | c1e1 0544 | 2bcf 418b | f9eb dec4 | c1f9 7eca | c4c1 797e | d8c4 c179 | 7ed1 8bd1 
  0x0000015be8824660: 2bd0 3bc8 | 410f 4cd1 | 81fa a00f | 0000 41bb | a00f 0000 | 410f 47d3 | 03d0 c4c1 | f96e cac4 
  0x0000015be8824680: c179 6ed8 | c4c1 796e | d10f 1f80 | 0000 0000 | 4c63 c046 | 0fb6 5c06 | 1046 0fb6 | 4c06 1346 
  0x0000015be88246a0: 0fb6 5406 | 1146 0fb6 | 4406 1241 | 03fb 448b | ef41 c1e5 | 0544 2bef | 4503 ea45 | 8bd5 41c1 
  0x0000015be88246c0: e205 452b | d545 03d0 | 458b da41 | c1e3 0545 | 2bda 4503 | d941 8bfb | c1e7 0541 | 2bfb 83c0 
  0x0000015be88246e0: 043b c27c | ab4d 8b97 | 4803 0000 | 4185 023b | c10f 8c58 | ffff ffc4 | c1f9 7eca | c4c1 797e 
  0x0000015be8824700: d8c5 f97e | d23b c50f | 8c20 ffff | ff41 8bfb | 85ff 0f84 | 110e 0000 | 4189 7a0c | 448b df41 
  0x0000015be8824720: c1eb 1044 | 33df 4523 | c346 8b44 | 8310 438b | 4cc4 0c41 | 3bcb 0f85 | 970b 0000 | 438b 4cc4 
  0x0000015be8824740: 104c 8bc9 | 49c1 e103 | 4d3b ca0f | 8423 0100 | 0041 0fbe | 7a10 4d3b | d10f 8415 | 0100 0045 
  0x0000015be8824760: 8b4c cc08 | 4181 f970 | e900 000f | 8567 1300 | 004d 8d0c | cc41 0fbe | 6910 3bfd | 0f85 8a12 
  0x0000015be8824780: 0000 458b | 4914 418b | 6a14 438b | 7ccc 0c41 | 8b4c ec0c | 3bcf 0f85 | 9811 0000 | 4b8d 1ccc 
  0x0000015be88247a0: 4b8d 74cc | 104d 8d0c | ec49 8d7c | ec10 85c9 | 0f84 a500 | 0000 8bc1 | 83e0 1f83 | e1e0 0f84 
  0x0000015be88247c0: 4b00 0000 | 488d 3c0f | 488d 340e | 48f7 d9c5 | fe6f 140f | c5fe 6f0c | 0ec5 edef | d1c4 e27d 
  0x0000015be88247e0: 17d2 0f85 | 7a00 0000 | 4883 c120 | 75e1 85c0 | 0f84 6500 | 0000 c5fe | 6f54 07e0 | c5fe 6f4c 
  0x0000015be8824800: 06e0 c5ed | efd1 c4e2 | 7d17 d275 | 55eb 4c8b | c883 e1fc | 7419 488d | 3c0f 488d | 340e 48f7 
  0x0000015be8824820: d98b 1c0f | 3b1c 0e75 | 3948 83c1 | 0475 f2f7 | c002 0000 | 0074 120f | b71f 0fb7 | 0e3b d975 
  0x0000015be8824840: 2148 8d7f | 0248 8d76 | 02f7 c001 | 0000 0074 | 0a0f b61f | 0fb6 0e3b | d975 07b8 | 0100 0000 
  0x0000015be8824860: eb02 33c0 | c5ed efd2 | c5f5 efc9 | 85c0 0f84 | c010 0000 | 49c1 e003 | 418b 6814 | 458b 5cec 
  0x0000015be8824880: 0841 81fb | 086d 0000 | 0f85 2a12 | 0000 498d | 04ec 448b | 500c 4585 | d20f 86b9 | 0e00 0044 
  0x0000015be88248a0: 8b58 1047 | 8b44 dc0c | 41d1 f8c4 | c179 6ed0 | c5f8 5bd2 | c5fa 5cc2 | c4c1 797e | c145 8bd9 
  0x0000015be88248c0: 41c1 eb17 | 450f b6db | b995 0000 | 0041 2bcb | f7c1 e0ff | ffff 0f85 | 980b 0000 | 458b d941 
  0x0000015be88248e0: 81e3 ffff | 7f00 4181 | cb00 0080 | 0045 85c9 | 0f8c 210c | 0000 41d3 | fb41 ffc3 | 41d1 fb41 
  0x0000015be8824900: d1fa c4c1 | 796e cac5 | f85b c9c5 | d25c c1c4 | c179 7ec1 | 458b d141 | c1ea 1745 | 0fb6 d2b9 
  0x0000015be8824920: 9500 0000 | 412b caf7 | c1e0 ffff | ff0f 8563 | 0b00 0045 | 8bc1 4181 | e0ff ff7f | 0041 81c8 
  0x0000015be8824940: 0000 8000 | 4585 c90f | 8cd2 0b00 | 0041 d3f8 | 41ff c041 | d1f8 458b | d645 85d2 | 7508 4533 
  0x0000015be8824960: d2e9 6306 | 0000 41f7 | c204 0000 | 000f 8545 | 0b00 0041 | f7c2 0100 | 0000 0f84 | 7f02 0000 
  0x0000015be8824980: 8b68 0c85 | ed0f 86f1 | 0e00 0044 | 8b48 1047 | 8b4c cc0c | 4489 4c24 | 2c89 6c24 | 2848 8944 
  0x0000015be88249a0: 2420 4489 | 4424 1c44 | 895c 2418 | 8954 240c | 4489 5424 | 0848 ba08 | 6d00 0008 | 0000 0044 
  0x0000015be88249c0: 8bc5 6690 | c5f8 77e8 | b47a 4ff8 | 448b dd41 | ffcb 443b | dd0f 8359 | 0e00 0044 | 8b50 0c45 
  0x0000015be88249e0: 85d2 0f86 | 4c0e 0000 | 453b da0f | 8343 0e00 | 008b 6c24 | 2cff cd8b | 4c24 2cd1 | f94c 634c 
  0x0000015be8824a00: 242c 448b | e941 83c5 | fe41 3bcd | 41bb 0000 | 0080 450f | 4ceb 4c63 | d149 8bd1 | 492b d28b 
  0x0000015be8824a20: f1ff c648 | ffca 4533 | f6e9 0001 | 0000 6690 | 448b c342 | 8b4c 870c | 8b5c 242c | 412b db49 
  0x0000015be8824a40: 63d3 894c | 9010 8b4c | 9710 4289 | 4c80 0c49 | 8bc9 482b | ca44 8b44 | 8f08 4489 | 4490 1444 
  0x0000015be8824a60: 8b44 9714 | 4489 4488 | 0844 8b44 | 8f04 4489 | 4490 1844 | 8b44 9718 | 4489 4488 | 0444 8b04 
  0x0000015be8824a80: 8f44 8944 | 901c 448b | 4497 1c44 | 8904 8883 | c3fc 4183 | c304 453b | da7c 954d | 8b97 4803 
  0x0000015be8824aa0: 0000 4185 | 0245 3bdd | 7d2a 448b | c345 8bd5 | 452b d345 | 3beb 440f | 4c54 240c | 4181 faa0 
  0x0000015be8824ac0: 0f00 00b9 | a00f 0000 | 440f 47d1 | 4503 d3e9 | 5fff ffff | c5f9 7ec9 | c4e1 f97e | c244 3b5c 
  0x0000015be8824ae0: 2430 7d2b | 448b 549f | 0c46 8954 | 9810 468b | 549f 1044 | 8954 980c | 458b d341 | ffc2 443b 
  0x0000015be8824b00: 5424 307d | 0a8b dd41 | 2bdb 458b | daeb d54d | 8b97 4803 | 0000 41ff | c641 8502 | 443b 7424 
  0x0000015be8824b20: 280f 8dc2 | 0000 0048 | 8bc6 8b74 | 2430 4c8b | 5424 2041 | 8b7a 1085 | ff0f 8486 | 0b00 0047 
  0x0000015be8824b40: 8b5c b210 | 478b 54dc | 0c42 8b5c | b010 458b | 44dc 0c89 | 7424 30c5 | f96e c948 | 8bf0 4963 
  0x0000015be8824b60: ca48 3bd1 | 0f83 6a0b | 0000 413b | ea0f 8361 | 0b00 0045 | 85c0 0f86 | 580b 0000 | c5f9 7ec9 
  0x0000015be8824b80: 413b c80f | 834b 0b00 | 0045 85d2 | 0f86 420b | 0000 413b | ca0f 8339 | 0b00 004d | 63d0 493b 
  0x0000015be8824ba0: d20f 832d | 0b00 0041 | 3be8 0f83 | 240b 0000 | 498d 04dc | 4b8d 3cdc | 468b 548f | 0c45 8954 
  0x0000015be8824bc0: dc10 478b | 54dc 1046 | 8954 880c | 4183 fd01 | 0f8e 320b | 0000 448b | c541 bb01 | 0000 00c4 
  0x0000015be8824be0: e1f9 6ec2 | e9c4 feff | ff48 8bc6 | 448b 5424 | 088b 5424 | 0c44 8b5c | 2418 448b | 4424 1c41 
  0x0000015be8824c00: f7c2 0200 | 0000 0f84 | bd03 0000 | 8b58 0c85 | db0f 86eb | 0c00 008b | 4810 458b | 4ccc 0c89 
  0x0000015be8824c20: 5c24 2848 | 8944 2420 | 4489 4424 | 1c44 895c | 2418 8954 | 240c 4489 | 5424 0848 | ba08 6d00 
  0x0000015be8824c40: 0008 0000 | 0044 8bc3 | c5f8 77e8 | 3078 4ff8 | 448b 500c | 448b 4424 | 2841 d1f8 | 458b c841 
  0x0000015be8824c60: ffc1 4585 | d20f 863a | 0c00 0045 | 3bc2 0f83 | 310c 0000 | 4863 6c24 | 284d 63d8 | 488b cd49 
  0x0000015be8824c80: 2bcb 48ff | c948 3bcd | 0f83 170c | 0000 448b | 5c24 2841 | ffcb 443b | 5c24 280f | 8304 0c00 
  0x0000015be8824ca0: 0044 894c | 242c 4d63 | ca49 3bc9 | 0f83 ee0b | 0000 453b | da0f 8339 | 0c00 0044 | 3b44 2428 
  0x0000015be8824cc0: 0f83 350c | 0000 4533 | d2eb 31c4 | c1f9 7ec3 | c4c1 797e | d2c4 e1f9 | 7ee8 c4e1 | f97e f54d 
  0x0000015be8824ce0: 8b87 4803 | 0000 41ff | c241 8500 | 443b 5424 | 2c0f 8dbf | 0200 004c | 895c 2420 | 4c8b 5c24 
  0x0000015be8824d00: 2045 8b4b | 1043 8b7c | cc0c 85ff | 76d1 c5fb | 1044 2420 | c4c1 796e | d24d 63c2 | 4c8b dd4d 
  0x0000015be8824d20: 2bd8 4c8b | 5424 2047 | 8b54 9a0c | c4c1 796e | da47 8b6c | d40c 468b | 5480 10c4 | c179 6ee2 
  0x0000015be8824d40: 478b 4cd4 | 0c4c 8b54 | 2420 478b | 5482 10c4 | c179 6eca | 438b 4cd4 | 0c42 8b5c | 980c 458b 
  0x0000015be8824d60: 74dc 0c45 | 85ed 0f86 | b809 0000 | 41ba 0100 | 0000 453b | d545 0f4f | d5c4 c179 | 7ee3 4f8d 
  0x0000015be8824d80: 04dc c4c1 | 797e db4b | 8d14 dc41 | 8bf8 498d | 34dc c1ef | 02c4 c179 | 7ecb 49c1 | e303 83e7 
  0x0000015be8824da0: 0341 03fa | f7df 83e7 | 0341 03fa | 413b fd41 | 0f4f fd45 | 33d2 eb0c | 448b d144 | 8b4c 2420 
  0x0000015be8824dc0: 8b4c 2424 | 453b d50f | 837e 0100 | 00c5 796e | c389 4c24 | 2444 894c | 2420 c4e1 | f96e f5c4 
  0x0000015be8824de0: e1f9 6ee8 | 468b 4c92 | 1044 3b54 | 2420 0f83 | b007 0000 | 4789 4c90 | 1044 3bd1 | 0f83 fe07 
  0x0000015be8824e00: 0000 478b | 4c93 1045 | 3bd6 0f83 | 5008 0000 | 4689 4c96 | 10c4 c1f9 | 7ec1 458b | 4910 478b 
  0x0000015be8824e20: 4ccc 0c41 | 8bca ffc1 | 413b c90f | 8d9a feff | ff3b cf0f | 8c7f ffff | ff49 63dd | 4963 c648 
  0x0000015be8824e40: 636c 2424 | 4863 7c24 | 2048 3bdf | 418b fd0f | 4f7c 2420 | 4963 d94c | 63cf 4c3b | cd0f 4f7c 
  0x0000015be8824e60: 2424 48ff | cb4c 63cf | 4c3b c841 | 0f4f fe44 | 8bcb 4863 | c748 3bc3 | 410f 4ff9 | 448b cf41 
  0x0000015be8824e80: 83c1 f941 | 3bf9 bf00 | 0000 8044 | 0f4c cf41 | 3bc9 0f8d | 9408 0000 | 41ff c20f | 1f44 0000 
  0x0000015be8824ea0: c4a1 7a6f | 7c92 10c4 | 817a 7f7c | 9010 c481 | 7a6f 7c93 | 10c4 a17a | 7f7c 9610 | c4a1 7a6f 
  0x0000015be8824ec0: 7c92 20c4 | 817a 7f7c | 9020 c481 | 7a6f 7c93 | 20c4 a17a | 7f7c 9620 | 4183 c208 | 453b d17c 
  0x0000015be8824ee0: bf45 3bd5 | 7d59 6690 | 453b d573 | 5946 8b4c | 9210 443b | 5424 200f | 83a7 0600 | 0047 894c 
  0x0000015be8824f00: 9010 443b | 5424 240f | 83f3 0600 | 0047 8b4c | 9310 453b | d60f 8345 | 0700 0046 | 894c 9610 
  0x0000015be8824f20: c4c1 f97e | c145 8b49 | 1043 8b4c | cc0c 41ff | c244 3bd1 | 0f8d 91fd | ffff 453b | d57c a9c4 
  0x0000015be8824f40: e1f9 7ee8 | eb05 c4e1 | f97e e8ba | e4ff ffff | 488b 2c24 | 448b 5c24 | 0844 891c | 244c 8b5c 
  0x0000015be8824f60: 2410 4c89 | 5c24 0844 | 8b44 2418 | 4489 4424 | 0444 8b5c | 241c 4489 | 5c24 10c5 | fb11 4424 
  0x0000015be8824f80: 1848 8944 | 2420 4489 | 5424 2844 | 8954 242c | c5fa 1154 | 2430 c5fa | 1164 2434 | c5fa 115c 
  0x0000015be8824fa0: 2438 6690 | c5f8 77e8 | 54d3 44f8 | c4c1 f97e | cde9 3202 | 0000 8b54 | 240c 448b | 5c24 1844 
  0x0000015be8824fc0: 8b44 241c | 448b 5424 | 0841 8bea | c1fd 0385 | ed0f 8531 | 0800 0044 | 8b50 0c41 | 8bc8 4103 
  0x0000015be8824fe0: ca44 3bc1 | 0f8d 4402 | 0000 4d63 | ca49 63d8 | 418b f8f7 | df48 63ff | 4803 df49 | 3bd9 0f83 
  0x0000015be8825000: 8407 0000 | 4863 d948 | 03df 48ff | cb49 3bd9 | 0f83 aa07 | 0000 4c8b | 0c24 418b | 590c 418b 
  0x0000015be8825020: 6cdc 0c85 | ed0f 86a0 | 0700 0041 | 8b7c dc10 | 418b 7cfc | 0c48 8b74 | 2410 4885 | f60f 854e 
  0x0000015be8825040: 0700 0045 | 85d2 0f86 | 4507 0000 | 448b 5010 | 478b 54d4 | 0c45 85d2 | 0f86 3307 | 0000 897c 
  0x0000015be8825060: 2404 890c | 24c4 e1f9 | 6ed0 418b | ca41 03cb | 894c 2408 | 498d 0cdc | c4e1 f96e | e141 8bc3 
  0x0000015be8825080: ffc0 418b | c8e9 c900 | 0000 660f | 1f44 0000 | 442b 4c24 | 1045 8bf1 | 41ff c644 | 8bca 453b 
  0x0000015be88250a0: f20f 839f | 0400 0045 | 8b5c dc10 | 478b 5cdc | 0c45 3bcb | 0f83 6a01 | 0000 c4c1 | f97e d345 
  0x0000015be88250c0: 8b5c bb10 | 438b 54dc | 0c49 c1e3 | 0344 3bf2 | 0f83 9604 | 0000 478b | 5cb3 1041 | 83fb ff0f 
  0x0000015be88250e0: 8435 0100 | 0041 8b54 | f40c 443b | ca0f 8395 | 0400 0047 | 895c 8810 | 4533 edc4 | c1f9 7ed3 
  0x0000015be8825100: 418b 5310 | 458b 5cd4 | 0c44 035c | 2410 4d8b | b748 0300 | 0041 8bd1 | ffc2 4185 | 0641 3bd3 
  0x0000015be8825120: 0f8c 6aff | ffff 4d8b | 9f48 0300 | 00ff c141 | 8503 3b0c | 240f 8df3 | 0000 00c4 | c1f9 7ec1 
  0x0000015be8825140: c4e1 f97e | cec5 f97e | da44 8b5c | 2410 448b | 4424 1444 | 3b5c 2408 | 0f8d e600 | 0000 4489 
  0x0000015be8825160: 4424 1444 | 895c 2410 | c5f9 6eda | c4e1 f96e | cec4 c1f9 | 6ec1 c4c1 | f97e e341 | 8b74 8b10 
  0x0000015be8825180: 8bf9 412b | f83b cd0f | 831f feff | ff44 8b5c | 2410 443b | 5c24 040f | 830f feff | ffc4 c1f9 
  0x0000015be88251a0: 7ed3 458b | 5cbb 1047 | 8b4c dc0c | 4585 c90f | 8607 0500 | 0047 8b5c | dc10 4183 | fbff 0f84 
  0x0000015be88251c0: a000 0000 | 458b 44f4 | 0c44 8b4c | 2410 453b | c80f 83b6 | 0300 004d | 8d0c f444 | 8b44 2410 
  0x0000015be88251e0: 4789 5c81 | 1045 33ed | c4c1 f97e | d345 8b43 | 1047 8b5c | c40c 4403 | 5c24 1041 | 3bc3 0f8d 
  0x0000015be8825200: 22ff ffff | 3bcd 7366 | 4d8d 04f4 | 448b c841 | be01 0000 | 00e9 84fe | ffff c4c1 | f97e cde9 
  0x0000015be8825220: d7fe ffff | c4c1 f97e | cde9 cdfe | ffff c5f8 | 7748 83c4 | 605d 493b | a740 0300 | 000f 87f9 
  0x0000015be8825240: 0a00 00c3 | 4489 4424 | 1444 895c | 2410 c5f9 | 6eda c4e1 | f96e cec4 | c1f9 6ec1 | 4c8b eee9 
  0x0000015be8825260: c2fe ffff | c4c1 f97e | cde9 7aff | ffff 448b | c841 bb01 | 0000 00eb | 150f 1f80 | 0000 0000 
  0x0000015be8825280: 442b 4c24 | 1045 8bd9 | 41ff c344 | 8bcf 453b | da0f 83af | 0200 0045 | 3b64 dc10 | 0f84 7304 
  0x0000015be88252a0: 0000 c4e1 | f97e d744 | 8b47 1047 | 8b5c c40c | 4403 5c24 | 104d 8b87 | 4803 0000 | 418b f9ff 
  0x0000015be88252c0: c741 8500 | 413b fb7c | b7c4 c1f9 | 7ecd e953 | feff ff43 | 8b6c c418 | 85ed 0f84 | d006 0000 
  0x0000015be88252e0: 438b 4cc4 | 0881 f998 | b014 000f | 84eb 0600 | 004d 8d04 | ec45 8b48 | 0c45 3bcb | 0f85 e801 
  0x0000015be8825300: 0000 418b | 4810 4c8b | c949 c1e1 | 034d 3bca | 0f84 62f5 | ffff 410f | be7a 104d | 3bd1 0f84 
  0x0000015be8825320: 54f5 ffff | 458b 4ccc | 0841 81f9 | 70e9 0000 | 0f85 e207 | 0000 4d8d | 0ccc 410f | be69 103b 
  0x0000015be8825340: fd0f 8539 | 0700 0041 | 8b59 1445 | 8b4a 1441 | 8b74 dc0c | 438b 4ccc | 0c3b ce0f | 85d8 0000 
  0x0000015be8825360: 0049 8d3c | dc49 8d74 | dc10 4b8d | 1ccc 4b8d | 7ccc 1085 | c90f 84a5 | 0000 008b | c183 e01f 
  0x0000015be8825380: 83e1 e00f | 844b 0000 | 0048 8d3c | 0f48 8d34 | 0e48 f7d9 | c5fe 6f0c | 0fc5 fe6f | 140e c5f5 
  0x0000015be88253a0: efca c4e2 | 7d17 c90f | 857a 0000 | 0048 83c1 | 2075 e185 | c00f 8465 | 0000 00c5 | fe6f 4c07 
  0x0000015be88253c0: e0c5 fe6f | 5406 e0c5 | f5ef cac4 | e27d 17c9 | 7555 eb4c | 8bc8 83e1 | fc74 1948 | 8d3c 0f48 
  0x0000015be88253e0: 8d34 0e48 | f7d9 8b1c | 0f3b 1c0e | 7539 4883 | c104 75f2 | f7c0 0200 | 0000 7412 | 0fb7 1f0f 
  0x0000015be8825400: b70e 3bd9 | 7521 488d | 7f02 488d | 7602 f7c0 | 0100 0000 | 740a 0fb6 | 1f0f b60e | 3bd9 7507 
  0x0000015be8825420: b801 0000 | 00eb 0233 | c0c5 f5ef | c9c5 edef | d285 c00f | 853f f4ff | ffba 45ff | ffff 488b 
  0x0000015be8825440: 2c24 4489 | 3424 4c8b | 4c24 104c | 894c 2408 | c5fa 1144 | 2404 c5fa | 116c 2410 | 4c89 5424 
  0x0000015be8825460: 184c 8944 | 2420 4489 | 5c24 1490 | c5f8 77e8 | 8cce 44f8 | c57a 2cd8 | 4181 fb00 | 0000 8075 
  0x0000015be8825480: 1048 83ec | 08c5 fa11 | 0424 e864 | bc3f f841 | 5be9 69f4 | ffff c57a | 2cc0 4181 | f800 0000 
  0x0000015be88254a0: 8075 1048 | 83ec 08c5 | fa11 0424 | e842 bc3f | f841 58e9 | 9ef4 ffff | 4489 4424 | 1844 895c 
  0x0000015be88254c0: 240c 8954 | 2408 418b | ea48 8bd0 | c5f8 77e8 | ecc9 cbf8 | 448b d58b | 5424 0844 | 8b5c 240c 
  0x0000015be88254e0: 448b 4424 | 18e9 89f4 | ffff 458b | 4818 4d8b | 8748 0300 | 0041 8500 | 4585 c90f | 84af 0400 
  0x0000015be8825500: 004f 8d04 | cce9 ebfd | ffff 4533 | c033 d245 | 33db e912 | f2ff ff41 | f7db e9d7 | f3ff ff41 
  0x0000015be8825520: f7d8 e926 | f4ff ff33 | d241 c642 | 1101 4533 | c045 33db | e9f0 f1ff | ff45 33c0 | 33d2 4533 
  0x0000015be8825540: dbe9 e3f1 | ffff ba45 | ffff ffc4 | e1f9 7ec5 | c5fb 110c | 24c5 fb11 | 5424 0889 | 4c24 1844 
  0x0000015be8825560: 894c 241c | c5f8 77e8 | 94cd 44f8 | c4c1 796e | deba e6ff | ffff 498b | ebc5 fa11 | 1c24 6690 
  0x0000015be8825580: c5f8 77e8 | 78cd 44f8 | 4489 4c24 | 10ba e6ff | ffff 8bee | 4489 5c24 | 0466 6690 | c5f8 77e8 
  0x0000015be88255a0: 5ccd 44f8 | bae4 ffff | ff48 8b2c | 2444 8b44 | 2408 4489 | 0424 4c8b | 5c24 104c | 895c 2408 
  0x0000015be88255c0: 448b 5c24 | 1844 895c | 2404 448b | 4424 1c44 | 8944 2410 | c5fb 1144 | 2418 c5fb | 116c 2420 
  0x0000015be88255e0: 4489 5424 | 2844 894c | 242c c5fa | 1154 2430 | c5fa 1164 | 2434 6690 | c5f8 77e8 | 00cd 44f8 
  0x0000015be8825600: bae4 ffff | ff48 8b2c | 2444 8b5c | 2408 4489 | 1c24 4c8b | 5c24 104c | 895c 2408 | 448b 4424 
  0x0000015be8825620: 1844 8944 | 2404 448b | 5c24 1c44 | 895c 2410 | c5fb 1144 | 2418 c5fb | 116c 2420 | 4489 5424 
  0x0000015be8825640: 2844 8954 | 242c c5fa | 1154 2430 | c5fa 114c | 2434 c57a | 1144 2438 | c5f8 77e8 | a0cc 44f8 
  0x0000015be8825660: bae4 ffff | ff48 8b2c | 2444 8b44 | 2408 4489 | 0424 4c8b | 5c24 104c | 895c 2408 | 448b 4424 
  0x0000015be8825680: 1844 8944 | 2404 448b | 5c24 1c44 | 895c 2410 | c5fb 1144 | 2418 c5fb | 116c 2420 | 4489 5424 
  0x0000015be88256a0: 2844 894c | 242c c5fa | 1154 2430 | c57a 1144 | 2434 6690 | c5f8 77e8 | 44cc 44f8 | 49c1 e303 
  0x0000015be88256c0: e9ac feff | ffba f6ff | ffff 6690 | c5f8 77e8 | 2ccc 44f8 | 418b 6cfc | 0cd1 fdff | c5ba 76ff 
  0x0000015be88256e0: ffff 448b | 5c24 1844 | 895c 240c | 448b 5424 | 1c44 8954 | 2418 4889 | 4424 2844 | 8974 241c 
  0x0000015be8825700: c5f8 77e8 | f8cb 44f8 | 8bdd 41bb | 0100 0000 | e9c8 f3ff | ffba f6ff | ffff 6690 | c5f8 77e8 
  0x0000015be8825720: dccb 44f8 | 4533 d2e9 | 1ff8 ffff | 448b d1e9 | adf7 ffff | bade ffff | ff44 894c | 2408 c5fa 
  0x0000015be8825740: 1144 240c | c5fa 114c | 2418 4c89 | 4424 2090 | c5f8 77e8 | a8cb 44f8 | bae4 ffff | ff48 8b2c 
  0x0000015be8825760: 2444 8934 | 244c 8b54 | 2410 4c89 | 5424 08c5 | fa11 6c24 | 04c5 fa11 | 4424 1848 | 8944 2420 
  0x0000015be8825780: c5f8 77e8 | 78cb 44f8 | 4c8b 0c24 | 488b 7424 | 10ba beff | ffff 498b | e948 8934 | 2448 8944 
  0x0000015be88257a0: 2408 4489 | 5c24 1044 | 8944 2418 | 4489 4424 | 1c89 4c24 | 2066 6690 | c5f8 77e8 | 40cb 44f8 
  0x0000015be88257c0: 4c8b 0c24 | 488b 7424 | 10eb c648 | 8b74 2410 | ebbf ba45 | ffff ff48 | 8b2c 2444 | 890c 2448 
  0x0000015be88257e0: 897c 2408 | c5fa 1144 | 2404 c5fa | 114c 2410 | 4c89 5424 | 1844 895c | 2414 4489 | 4424 2490 
  0x0000015be8825800: c5f8 77e8 | f8ca 44f8 | ba45 ffff | ff4c 8b4c | 2410 4c89 | 4c24 0848 | 8944 2410 | 4489 5c24 
  0x0000015be8825820: 1844 8944 | 241c 4489 | 5424 2090 | c5f8 77e8 | ccca 44f8 | babe ffff | ff48 8b2c | 2444 8b54 
  0x0000015be8825840: 2408 4489 | 1424 4c8b | 5424 104c | 8954 2408 | 448b 5c24 | 1844 895c | 2404 448b | 5424 1c44 
  0x0000015be8825860: 8954 2410 | 4c8b 5424 | 204c 8954 | 2418 4889 | 4424 2090 | c5f8 77e8 | 84ca 44f8 | bae4 ffff 
  0x0000015be8825880: ff44 8954 | 2408 4489 | 5c24 0c44 | 8944 2418 | 4889 4424 | 2866 6690 | c5f8 77e8 | 60ca 44f8 
  0x0000015be88258a0: 448b 4c24 | 2cba beff | ffff 488b | 2c24 448b | 5c24 0844 | 891c 244c | 8b54 2410 | 4c89 5424 
  0x0000015be88258c0: 0844 8b54 | 2418 4489 | 5424 0444 | 8b5c 241c | 4489 5c24 | 104c 8b54 | 2420 4c89 | 5424 1848 
  0x0000015be88258e0: 8944 2420 | 4489 4c24 | 1466 6690 | c5f8 77e8 | 0cca 44f8 | 448b 4c24 | 2ceb aa44 | 8b4c 242c 
  0x0000015be8825900: eba3 bae4 | ffff ff48 | 8b2c 2444 | 8914 244c | 8b54 2410 | 4c89 5424 | 0844 895c | 2404 4489 
  0x0000015be8825920: 4424 1048 | 8944 2420 | 895c 2414 | c5f8 77e8 | ccc9 44f8 | ba45 ffff | ff48 8b2c | 2444 8934 
  0x0000015be8825940: 244c 8b4c | 2410 4c89 | 4c24 08c5 | fa11 4424 | 04c5 fa11 | 6c24 104c | 8954 2418 | 4489 4424 
  0x0000015be8825960: 1444 895c | 2420 6690 | c5f8 77e8 | 90c9 44f8 | ba76 ffff | ff44 8974 | 2408 c5fa | 1144 240c 
  0x0000015be8825980: c5fa 114c | 2418 4489 | 5c24 1c44 | 8944 2428 | 4c89 5424 | 3044 894c | 242c 6690 | c5f8 77e8 
  0x0000015be88259a0: 5cc9 44f8 | b801 0000 | 0033 d2e9 | 55ed ffff | baf4 ffff | ff48 8b2c | 2444 8934 | 244c 8b54 
  0x0000015be88259c0: 2410 4c89 | 5424 08c5 | fa11 4424 | 04c5 fa11 | 6c24 1090 | c5f8 77e8 | 24c9 44f8 | ba45 ffff 
  0x0000015be88259e0: ff44 8974 | 2408 c5fa | 1144 240c | c5fa 116c | 2418 4c89 | 5424 2044 | 8944 241c | 4489 5c24 
  0x0000015be8825a00: 2866 6690 | c5f8 77e8 | f4c8 44f8 | ba45 ffff | ff44 8974 | 2408 c5fa | 1144 240c | c5fa 116c 
  0x0000015be8825a20: 2418 4489 | 4424 1c44 | 895c 2428 | 4c89 5424 | 304c 894c | 2438 897c | 242c 6690 | c5f8 77e8 
  0x0000015be8825a40: bcc8 44f8 | 85c9 400f | 95c5 400f | b6ed 83f5 | 01ba 45ff | ffff 4489 | 4c24 08c5 | fa11 4424 
  0x0000015be8825a60: 0cc5 fa11 | 4c24 1844 | 895c 241c | 4489 4424 | 284c 8954 | 2430 6690 | c5f8 77e8 | 80c8 44f8 
  0x0000015be8825a80: ba45 ffff | ff44 8974 | 2408 c5fa | 1144 240c | c5fa 116c | 2418 4c89 | 4424 2844 | 895c 241c 
  0x0000015be8825aa0: 4c89 5424 | 304c 894c | 2438 897c | 2440 6690 | c5f8 77e8 | 48c8 44f8 | bade ffff | ff44 8974 
  0x0000015be8825ac0: 2408 c5fa | 1144 240c | c5fa 116c | 2418 6690 | c5f8 77e8 | 28c8 44f8 | bade ffff | ff48 8b2c 
  0x0000015be8825ae0: 2444 8934 | 244c 8b4c | 2410 4c89 | 4c24 08c5 | fa11 4424 | 04c5 fa11 | 6c24 1044 | 8944 2414 
  0x0000015be8825b00: 4489 5c24 | 204c 8954 | 2428 894c | 2430 6690 | c5f8 77e8 | e8c7 44f8 | bade ffff | ff48 8b2c 
  0x0000015be8825b20: 2444 8934 | 244c 8b4c | 2410 4c89 | 4c24 08c5 | fa11 4424 | 04c5 fa11 | 6c24 104c | 8944 2420 
  0x0000015be8825b40: 4489 5c24 | 144c 8954 | 2428 894c | 2434 6690 | c5f8 77e8 | a8c7 44f8 | baf6 ffff | ff66 6690 
  0x0000015be8825b60: c5f8 77e8 | 98c7 44f8 | c4c1 796e | deba f6ff | ffff c5f9 | 7edd 6690 | c5f8 77e8 | 80c7 44f8 
  0x0000015be8825b80: 4489 4c24 | 10ba f6ff | ffff 4489 | 1c24 6690 | c5f8 77e8 | 68c7 44f8 | baf6 ffff | ff66 6690 
  0x0000015be8825ba0: c5f8 77e8 | 58c7 44f8 | ba76 ffff | ff48 8b2c | 2444 8b54 | 2408 4489 | 1424 4c8b | 5424 104c 
  0x0000015be8825bc0: 8954 2408 | 448b 5c24 | 1844 895c | 2404 448b | 5424 1c44 | 8954 2410 | 48ff 7424 | 2048 8f44 
  0x0000015be8825be0: 2418 4889 | 4424 20c5 | fa11 5424 | 1489 7c24 | 2866 6690 | c5f8 77e8 | 04c7 44f8 | baf6 ffff 
  0x0000015be8825c00: ff66 6690 | c5f8 77e8 | f4c6 44f8 | 488b d0eb | 0848 8bd0 | eb03 488b | d0c5 f877 | 4883 c460 
  0x0000015be8825c20: 5de9 5a71 | 4ff8 baf6 | ffff ff49 | 8be8 6690 | c5f8 77e8 | c8c6 44f8 | baf6 ffff | ff66 6690 
  0x0000015be8825c40: c5f8 77e8 | b8c6 44f8 | baf6 ffff | ff66 6690 | c5f8 77e8 | a8c6 44f8 | 488b 7424 | 10e9 2ffb 
  0x0000015be8825c60: ffff 488b | 7424 10e9 | 25fb ffff | baf6 ffff | ff66 6690 | c5f8 77e8 | 84c6 44f8 | baf6 ffff 
  0x0000015be8825c80: ff66 6690 | c5f8 77e8 | 74c6 44f8 | baf6 ffff | ff66 6690 | c5f8 77e8 | 64c6 44f8 | baf6 ffff 
  0x0000015be8825ca0: ff66 6690 | c5f8 77e8 | 54c6 44f8 | ba45 ffff | ff48 8b2c | 2444 8934 | 244c 8b4c | 2410 4c89 
  0x0000015be8825cc0: 4c24 08c5 | fa11 4424 | 04c5 fa11 | 6c24 1044 | 8944 2414 | 4489 5c24 | 2089 4c24 | 244c 8954 
  0x0000015be8825ce0: 2428 6690 | c5f8 77e8 | 14c6 44f8 | baf6 ffff | ff66 6690 | c5f8 77e8 | 04c6 44f8 | ba45 ffff 
  0x0000015be8825d00: ff48 8b2c | 2444 8934 | 244c 8b4c | 2410 4c89 | 4c24 08c5 | fa11 4424 | 04c5 fa11 | 6c24 104c 
  0x0000015be8825d20: 8944 2420 | 4489 5c24 | 1489 4c24 | 284c 8954 | 2430 6690 | c5f8 77e8 | c4c5 44f8 | 49ba 3652 
  0x0000015be8825d40: 82e8 5b01 | 0000 4d89 | 9758 0300 | 00e9 aed6 | 44f8 f4f4 | f4f4 f4f4 | f4f4 f4f4 | f4f4 f4f4 
  0x0000015be8825d60: 48bb 0000 | 0000 0000 | 0000 e9fb | ffff ffe9 | 0cee 4ef8 | e800 0000 | 0048 832c | 2405 e91d 
  0x0000015be8825d80: c944 f8f4 | f4f4 f4f4 
[/MachCode]
--------------------------------------------------------------------------------


---------------  P R O C E S S  ---------------

Threads class SMR info:
_java_thread_list=0x0000015bfdbb71b0, length=25, elements={
0x0000015bfc7a16a0, 0x0000015bfc7a3060, 0x0000015bfc7b8380, 0x0000015bfc7b8d30,
0x0000015bfc7b9cf0, 0x0000015bfc7ba6a0, 0x0000015bfc7bb380, 0x0000015bfc7c7330,
0x0000015bfd120870, 0x0000015bfd218a10, 0x0000015bfd242430, 0x0000015bfd24c110,
0x0000015bd91500c0, 0x0000015bfd425f80, 0x0000015bfd43b5e0, 0x0000015bfd46dbf0,
0x0000015bfdb1b300, 0x0000015bfdbb91c0, 0x0000015bfdb73540, 0x0000015bfdb76a30,
0x0000015bfd4ac920, 0x0000015bfd4ace30, 0x0000015bfd4ad340, 0x0000015bfdbf1c10,
0x0000015bfdb73a10
}

Java Threads: ( => current thread )
  0x0000015bfc7a16a0 JavaThread "Reference Handler" daemon [_thread_blocked, id=14860, stack(0x00000015adf00000,0x00000015ae000000)]
  0x0000015bfc7a3060 JavaThread "Finalizer" daemon [_thread_blocked, id=3432, stack(0x00000015ae000000,0x00000015ae100000)]
  0x0000015bfc7b8380 JavaThread "Signal Dispatcher" daemon [_thread_blocked, id=20836, stack(0x00000015ae100000,0x00000015ae200000)]
  0x0000015bfc7b8d30 JavaThread "Attach Listener" daemon [_thread_blocked, id=23704, stack(0x00000015ae200000,0x00000015ae300000)]
  0x0000015bfc7b9cf0 JavaThread "Service Thread" daemon [_thread_blocked, id=21612, stack(0x00000015ae300000,0x00000015ae400000)]
  0x0000015bfc7ba6a0 JavaThread "Monitor Deflation Thread" daemon [_thread_blocked, id=13592, stack(0x00000015ae400000,0x00000015ae500000)]
  0x0000015bfc7bb380 JavaThread "C2 CompilerThread0" daemon [_thread_blocked, id=23052, stack(0x00000015ae500000,0x00000015ae600000)]
  0x0000015bfc7c7330 JavaThread "C1 CompilerThread0" daemon [_thread_blocked, id=10896, stack(0x00000015ae600000,0x00000015ae700000)]
  0x0000015bfd120870 JavaThread "Sweeper thread" daemon [_thread_blocked, id=22460, stack(0x00000015ae700000,0x00000015ae800000)]
  0x0000015bfd218a10 JavaThread "C1 CompilerThread1" daemon [_thread_blocked, id=22404, stack(0x00000015ae800000,0x00000015ae900000)]
  0x0000015bfd242430 JavaThread "Notification Thread" daemon [_thread_blocked, id=13184, stack(0x00000015ae900000,0x00000015aea00000)]
  0x0000015bfd24c110 JavaThread "Common-Cleaner" daemon [_thread_blocked, id=5196, stack(0x00000015aeb00000,0x00000015aec00000)]
  0x0000015bd91500c0 JavaThread "DestroyJavaVM" [_thread_blocked, id=20232, stack(0x00000015ad800000,0x00000015ad900000)]
  0x0000015bfd425f80 JavaThread "Java2D Disposer" daemon [_thread_blocked, id=21420, stack(0x00000015aed00000,0x00000015aee00000)]
  0x0000015bfd43b5e0 JavaThread "AWT-Shutdown" [_thread_blocked, id=1500, stack(0x00000015aef00000,0x00000015af000000)]
  0x0000015bfd46dbf0 JavaThread "AWT-Windows" daemon [_thread_in_native, id=17388, stack(0x00000015af000000,0x00000015af100000)]
  0x0000015bfdb1b300 JavaThread "AWT-EventQueue-0" [_thread_blocked, id=23144, stack(0x00000015afd00000,0x00000015afe00000)]
=>0x0000015bfdbb91c0 JavaThread "Thread-2" [_thread_in_Java, id=5520, stack(0x00000015afe00000,0x00000015aff00000)]
  0x0000015bfdb73540 JavaThread "Thread-1" [_thread_in_Java, id=12208, stack(0x00000015aff00000,0x00000015b0000000)]
  0x0000015bfdb76a30 JavaThread "D3D Screen Updater" daemon [_thread_blocked, id=22728, stack(0x00000015aec00000,0x00000015aed00000)]
  0x0000015bfd4ac920 JavaThread "C2 CompilerThread1" daemon [_thread_blocked, id=12472, stack(0x00000015aee00000,0x00000015aef00000)]
  0x0000015bfd4ace30 JavaThread "C2 CompilerThread2" daemon [_thread_blocked, id=23056, stack(0x00000015b0000000,0x00000015b0100000)]
  0x0000015bfd4ad340 JavaThread "C2 CompilerThread3" daemon [_thread_blocked, id=2696, stack(0x00000015b0100000,0x00000015b0200000)]
  0x0000015bfdbf1c10 JavaThread "C2 CompilerThread4" daemon [_thread_blocked, id=308, stack(0x00000015b0200000,0x00000015b0300000)]
  0x0000015bfdb73a10 JavaThread "Thread-3" [_thread_in_Java, id=19296, stack(0x00000015b0300000,0x00000015b0400000)]

Other Threads:
  0x0000015bfc79bd00 VMThread "VM Thread" [stack: 0x00000015ade00000,0x00000015adf00000] [id=4124]
  0x0000015bd91c3c50 WatcherThread [stack: 0x00000015aea00000,0x00000015aeb00000] [id=13552]
  0x0000015bd919d580 GCTaskThread "GC Thread#0" [stack: 0x00000015ad900000,0x00000015ada00000] [id=17560]
  0x0000015bd91ad9f0 ConcurrentGCThread "G1 Main Marker" [stack: 0x00000015ada00000,0x00000015adb00000] [id=20672]
  0x0000015bd91afa50 ConcurrentGCThread "G1 Conc#0" [stack: 0x00000015adb00000,0x00000015adc00000] [id=13508]
  0x0000015bfc6630e0 ConcurrentGCThread "G1 Refine#0" [stack: 0x00000015adc00000,0x00000015add00000] [id=8480]
  0x0000015bfc6638a0 ConcurrentGCThread "G1 Service" [stack: 0x00000015add00000,0x00000015ade00000] [id=14620]

Threads with active compile tasks:

VM state: not at safepoint (normal execution)

VM Mutex/Monitor currently owned by a thread: None

Heap address: 0x0000000709600000, size: 3946 MB, Compressed Oops mode: Zero based, Oop shift amount: 3

CDS archive(s) mapped at: [0x0000000800000000-0x0000000800bc0000-0x0000000800bc0000), size 12320768, SharedBaseAddress: 0x0000000800000000, ArchiveRelocationMode: 0.
Compressed class space mapped at: 0x0000000800c00000-0x0000000840c00000, reserved size: 1073741824
Narrow klass base: 0x0000000800000000, Narrow klass shift: 0, Narrow klass range: 0x100000000

GC Precious Log:
 CPUs: 16 total, 16 available
 Memory: 15776M
 Large Page Support: Disabled
 NUMA Support: Disabled
 Compressed Oops: Enabled (Zero based)
 Heap Region Size: 2M
 Heap Min Capacity: 8M
 Heap Initial Capacity: 248M
 Heap Max Capacity: 3946M
 Pre-touch: Disabled
 Parallel Workers: 13
 Concurrent Workers: 3
 Concurrent Refinement Workers: 13
 Periodic GC: Disabled

Heap:
 garbage-first heap   total 253952K, used 22528K [0x0000000709600000, 0x0000000800000000)
  region size 2048K, 10 young (20480K), 0 survivors (0K)
 Metaspace       used 6926K, committed 7104K, reserved 1056768K
  class space    used 751K, committed 832K, reserved 1048576K

Heap Regions: E=young(eden), S=young(survivor), O=old, HS=humongous(starts), HC=humongous(continues), CS=collection set, F=free, OA=open archive, CA=closed archive, TAMS=top-at-mark-start (previous, next)
|   0|0x0000000709600000, 0x0000000709800000, 0x0000000709800000|100%|HS|  |TAMS 0x0000000709600000, 0x0000000709600000| Complete 
|   1|0x0000000709800000, 0x0000000709a00000, 0x0000000709a00000|100%|HC|  |TAMS 0x0000000709800000, 0x0000000709800000| Complete 
|   2|0x0000000709a00000, 0x0000000709a00000, 0x0000000709c00000|  0%| F|  |TAMS 0x0000000709a00000, 0x0000000709a00000| Untracked 
|   3|0x0000000709c00000, 0x0000000709c00000, 0x0000000709e00000|  0%| F|  |TAMS 0x0000000709c00000, 0x0000000709c00000| Untracked 
|   4|0x0000000709e00000, 0x0000000709e00000, 0x000000070a000000|  0%| F|  |TAMS 0x0000000709e00000, 0x0000000709e00000| Untracked 
|   5|0x000000070a000000, 0x000000070a000000, 0x000000070a200000|  0%| F|  |TAMS 0x000000070a000000, 0x000000070a000000| Untracked 
|   6|0x000000070a200000, 0x000000070a200000, 0x000000070a400000|  0%| F|  |TAMS 0x000000070a200000, 0x000000070a200000| Untracked 
|   7|0x000000070a400000, 0x000000070a400000, 0x000000070a600000|  0%| F|  |TAMS 0x000000070a400000, 0x000000070a400000| Untracked 
|   8|0x000000070a600000, 0x000000070a600000, 0x000000070a800000|  0%| F|  |TAMS 0x000000070a600000, 0x000000070a600000| Untracked 
|   9|0x000000070a800000, 0x000000070a800000, 0x000000070aa00000|  0%| F|  |TAMS 0x000000070a800000, 0x000000070a800000| Untracked 
|  10|0x000000070aa00000, 0x000000070aa00000, 0x000000070ac00000|  0%| F|  |TAMS 0x000000070aa00000, 0x000000070aa00000| Untracked 
|  11|0x000000070ac00000, 0x000000070ac00000, 0x000000070ae00000|  0%| F|  |TAMS 0x000000070ac00000, 0x000000070ac00000| Untracked 
|  12|0x000000070ae00000, 0x000000070ae00000, 0x000000070b000000|  0%| F|  |TAMS 0x000000070ae00000, 0x000000070ae00000| Untracked 
|  13|0x000000070b000000, 0x000000070b000000, 0x000000070b200000|  0%| F|  |TAMS 0x000000070b000000, 0x000000070b000000| Untracked 
|  14|0x000000070b200000, 0x000000070b200000, 0x000000070b400000|  0%| F|  |TAMS 0x000000070b200000, 0x000000070b200000| Untracked 
|  15|0x000000070b400000, 0x000000070b400000, 0x000000070b600000|  0%| F|  |TAMS 0x000000070b400000, 0x000000070b400000| Untracked 
|  16|0x000000070b600000, 0x000000070b600000, 0x000000070b800000|  0%| F|  |TAMS 0x000000070b600000, 0x000000070b600000| Untracked 
|  17|0x000000070b800000, 0x000000070b800000, 0x000000070ba00000|  0%| F|  |TAMS 0x000000070b800000, 0x000000070b800000| Untracked 
|  18|0x000000070ba00000, 0x000000070ba00000, 0x000000070bc00000|  0%| F|  |TAMS 0x000000070ba00000, 0x000000070ba00000| Untracked 
|  19|0x000000070bc00000, 0x000000070bc00000, 0x000000070be00000|  0%| F|  |TAMS 0x000000070bc00000, 0x000000070bc00000| Untracked 
|  20|0x000000070be00000, 0x000000070be00000, 0x000000070c000000|  0%| F|  |TAMS 0x000000070be00000, 0x000000070be00000| Untracked 
|  21|0x000000070c000000, 0x000000070c000000, 0x000000070c200000|  0%| F|  |TAMS 0x000000070c000000, 0x000000070c000000| Untracked 
|  22|0x000000070c200000, 0x000000070c200000, 0x000000070c400000|  0%| F|  |TAMS 0x000000070c200000, 0x000000070c200000| Untracked 
|  23|0x000000070c400000, 0x000000070c400000, 0x000000070c600000|  0%| F|  |TAMS 0x000000070c400000, 0x000000070c400000| Untracked 
|  24|0x000000070c600000, 0x000000070c600000, 0x000000070c800000|  0%| F|  |TAMS 0x000000070c600000, 0x000000070c600000| Untracked 
|  25|0x000000070c800000, 0x000000070c800000, 0x000000070ca00000|  0%| F|  |TAMS 0x000000070c800000, 0x000000070c800000| Untracked 
|  26|0x000000070ca00000, 0x000000070ca00000, 0x000000070cc00000|  0%| F|  |TAMS 0x000000070ca00000, 0x000000070ca00000| Untracked 
|  27|0x000000070cc00000, 0x000000070cc00000, 0x000000070ce00000|  0%| F|  |TAMS 0x000000070cc00000, 0x000000070cc00000| Untracked 
|  28|0x000000070ce00000, 0x000000070ce00000, 0x000000070d000000|  0%| F|  |TAMS 0x000000070ce00000, 0x000000070ce00000| Untracked 
|  29|0x000000070d000000, 0x000000070d000000, 0x000000070d200000|  0%| F|  |TAMS 0x000000070d000000, 0x000000070d000000| Untracked 
|  30|0x000000070d200000, 0x000000070d200000, 0x000000070d400000|  0%| F|  |TAMS 0x000000070d200000, 0x000000070d200000| Untracked 
|  31|0x000000070d400000, 0x000000070d400000, 0x000000070d600000|  0%| F|  |TAMS 0x000000070d400000, 0x000000070d400000| Untracked 
|  32|0x000000070d600000, 0x000000070d600000, 0x000000070d800000|  0%| F|  |TAMS 0x000000070d600000, 0x000000070d600000| Untracked 
|  33|0x000000070d800000, 0x000000070d800000, 0x000000070da00000|  0%| F|  |TAMS 0x000000070d800000, 0x000000070d800000| Untracked 
|  34|0x000000070da00000, 0x000000070da00000, 0x000000070dc00000|  0%| F|  |TAMS 0x000000070da00000, 0x000000070da00000| Untracked 
|  35|0x000000070dc00000, 0x000000070dc00000, 0x000000070de00000|  0%| F|  |TAMS 0x000000070dc00000, 0x000000070dc00000| Untracked 
|  36|0x000000070de00000, 0x000000070de00000, 0x000000070e000000|  0%| F|  |TAMS 0x000000070de00000, 0x000000070de00000| Untracked 
|  37|0x000000070e000000, 0x000000070e000000, 0x000000070e200000|  0%| F|  |TAMS 0x000000070e000000, 0x000000070e000000| Untracked 
|  38|0x000000070e200000, 0x000000070e200000, 0x000000070e400000|  0%| F|  |TAMS 0x000000070e200000, 0x000000070e200000| Untracked 
|  39|0x000000070e400000, 0x000000070e400000, 0x000000070e600000|  0%| F|  |TAMS 0x000000070e400000, 0x000000070e400000| Untracked 
|  40|0x000000070e600000, 0x000000070e600000, 0x000000070e800000|  0%| F|  |TAMS 0x000000070e600000, 0x000000070e600000| Untracked 
|  41|0x000000070e800000, 0x000000070e800000, 0x000000070ea00000|  0%| F|  |TAMS 0x000000070e800000, 0x000000070e800000| Untracked 
|  42|0x000000070ea00000, 0x000000070ea00000, 0x000000070ec00000|  0%| F|  |TAMS 0x000000070ea00000, 0x000000070ea00000| Untracked 
|  43|0x000000070ec00000, 0x000000070ec00000, 0x000000070ee00000|  0%| F|  |TAMS 0x000000070ec00000, 0x000000070ec00000| Untracked 
|  44|0x000000070ee00000, 0x000000070ee00000, 0x000000070f000000|  0%| F|  |TAMS 0x000000070ee00000, 0x000000070ee00000| Untracked 
|  45|0x000000070f000000, 0x000000070f000000, 0x000000070f200000|  0%| F|  |TAMS 0x000000070f000000, 0x000000070f000000| Untracked 
|  46|0x000000070f200000, 0x000000070f200000, 0x000000070f400000|  0%| F|  |TAMS 0x000000070f200000, 0x000000070f200000| Untracked 
|  47|0x000000070f400000, 0x000000070f400000, 0x000000070f600000|  0%| F|  |TAMS 0x000000070f400000, 0x000000070f400000| Untracked 
|  48|0x000000070f600000, 0x000000070f600000, 0x000000070f800000|  0%| F|  |TAMS 0x000000070f600000, 0x000000070f600000| Untracked 
|  49|0x000000070f800000, 0x000000070f800000, 0x000000070fa00000|  0%| F|  |TAMS 0x000000070f800000, 0x000000070f800000| Untracked 
|  50|0x000000070fa00000, 0x000000070fa00000, 0x000000070fc00000|  0%| F|  |TAMS 0x000000070fa00000, 0x000000070fa00000| Untracked 
|  51|0x000000070fc00000, 0x000000070fc00000, 0x000000070fe00000|  0%| F|  |TAMS 0x000000070fc00000, 0x000000070fc00000| Untracked 
|  52|0x000000070fe00000, 0x000000070fe00000, 0x0000000710000000|  0%| F|  |TAMS 0x000000070fe00000, 0x000000070fe00000| Untracked 
|  53|0x0000000710000000, 0x0000000710000000, 0x0000000710200000|  0%| F|  |TAMS 0x0000000710000000, 0x0000000710000000| Untracked 
|  54|0x0000000710200000, 0x0000000710200000, 0x0000000710400000|  0%| F|  |TAMS 0x0000000710200000, 0x0000000710200000| Untracked 
|  55|0x0000000710400000, 0x0000000710400000, 0x0000000710600000|  0%| F|  |TAMS 0x0000000710400000, 0x0000000710400000| Untracked 
|  56|0x0000000710600000, 0x0000000710600000, 0x0000000710800000|  0%| F|  |TAMS 0x0000000710600000, 0x0000000710600000| Untracked 
|  57|0x0000000710800000, 0x0000000710800000, 0x0000000710a00000|  0%| F|  |TAMS 0x0000000710800000, 0x0000000710800000| Untracked 
|  58|0x0000000710a00000, 0x0000000710a00000, 0x0000000710c00000|  0%| F|  |TAMS 0x0000000710a00000, 0x0000000710a00000| Untracked 
|  59|0x0000000710c00000, 0x0000000710c00000, 0x0000000710e00000|  0%| F|  |TAMS 0x0000000710c00000, 0x0000000710c00000| Untracked 
|  60|0x0000000710e00000, 0x0000000710e00000, 0x0000000711000000|  0%| F|  |TAMS 0x0000000710e00000, 0x0000000710e00000| Untracked 
|  61|0x0000000711000000, 0x0000000711000000, 0x0000000711200000|  0%| F|  |TAMS 0x0000000711000000, 0x0000000711000000| Untracked 
|  62|0x0000000711200000, 0x0000000711200000, 0x0000000711400000|  0%| F|  |TAMS 0x0000000711200000, 0x0000000711200000| Untracked 
|  63|0x0000000711400000, 0x0000000711400000, 0x0000000711600000|  0%| F|  |TAMS 0x0000000711400000, 0x0000000711400000| Untracked 
|  64|0x0000000711600000, 0x0000000711600000, 0x0000000711800000|  0%| F|  |TAMS 0x0000000711600000, 0x0000000711600000| Untracked 
|  65|0x0000000711800000, 0x0000000711800000, 0x0000000711a00000|  0%| F|  |TAMS 0x0000000711800000, 0x0000000711800000| Untracked 
|  66|0x0000000711a00000, 0x0000000711a00000, 0x0000000711c00000|  0%| F|  |TAMS 0x0000000711a00000, 0x0000000711a00000| Untracked 
|  67|0x0000000711c00000, 0x0000000711c00000, 0x0000000711e00000|  0%| F|  |TAMS 0x0000000711c00000, 0x0000000711c00000| Untracked 
|  68|0x0000000711e00000, 0x0000000711e00000, 0x0000000712000000|  0%| F|  |TAMS 0x0000000711e00000, 0x0000000711e00000| Untracked 
|  69|0x0000000712000000, 0x0000000712000000, 0x0000000712200000|  0%| F|  |TAMS 0x0000000712000000, 0x0000000712000000| Untracked 
|  70|0x0000000712200000, 0x0000000712200000, 0x0000000712400000|  0%| F|  |TAMS 0x0000000712200000, 0x0000000712200000| Untracked 
|  71|0x0000000712400000, 0x0000000712400000, 0x0000000712600000|  0%| F|  |TAMS 0x0000000712400000, 0x0000000712400000| Untracked 
|  72|0x0000000712600000, 0x0000000712600000, 0x0000000712800000|  0%| F|  |TAMS 0x0000000712600000, 0x0000000712600000| Untracked 
|  73|0x0000000712800000, 0x0000000712800000, 0x0000000712a00000|  0%| F|  |TAMS 0x0000000712800000, 0x0000000712800000| Untracked 
|  74|0x0000000712a00000, 0x0000000712a00000, 0x0000000712c00000|  0%| F|  |TAMS 0x0000000712a00000, 0x0000000712a00000| Untracked 
|  75|0x0000000712c00000, 0x0000000712c00000, 0x0000000712e00000|  0%| F|  |TAMS 0x0000000712c00000, 0x0000000712c00000| Untracked 
|  76|0x0000000712e00000, 0x0000000712e00000, 0x0000000713000000|  0%| F|  |TAMS 0x0000000712e00000, 0x0000000712e00000| Untracked 
|  77|0x0000000713000000, 0x0000000713000000, 0x0000000713200000|  0%| F|  |TAMS 0x0000000713000000, 0x0000000713000000| Untracked 
|  78|0x0000000713200000, 0x0000000713200000, 0x0000000713400000|  0%| F|  |TAMS 0x0000000713200000, 0x0000000713200000| Untracked 
|  79|0x0000000713400000, 0x0000000713400000, 0x0000000713600000|  0%| F|  |TAMS 0x0000000713400000, 0x0000000713400000| Untracked 
|  80|0x0000000713600000, 0x0000000713600000, 0x0000000713800000|  0%| F|  |TAMS 0x0000000713600000, 0x0000000713600000| Untracked 
|  81|0x0000000713800000, 0x0000000713800000, 0x0000000713a00000|  0%| F|  |TAMS 0x0000000713800000, 0x0000000713800000| Untracked 
|  82|0x0000000713a00000, 0x0000000713a00000, 0x0000000713c00000|  0%| F|  |TAMS 0x0000000713a00000, 0x0000000713a00000| Untracked 
|  83|0x0000000713c00000, 0x0000000713c00000, 0x0000000713e00000|  0%| F|  |TAMS 0x0000000713c00000, 0x0000000713c00000| Untracked 
|  84|0x0000000713e00000, 0x0000000713e00000, 0x0000000714000000|  0%| F|  |TAMS 0x0000000713e00000, 0x0000000713e00000| Untracked 
|  85|0x0000000714000000, 0x0000000714000000, 0x0000000714200000|  0%| F|  |TAMS 0x0000000714000000, 0x0000000714000000| Untracked 
|  86|0x0000000714200000, 0x0000000714200000, 0x0000000714400000|  0%| F|  |TAMS 0x0000000714200000, 0x0000000714200000| Untracked 
|  87|0x0000000714400000, 0x0000000714400000, 0x0000000714600000|  0%| F|  |TAMS 0x0000000714400000, 0x0000000714400000| Untracked 
|  88|0x0000000714600000, 0x0000000714600000, 0x0000000714800000|  0%| F|  |TAMS 0x0000000714600000, 0x0000000714600000| Untracked 
|  89|0x0000000714800000, 0x0000000714800000, 0x0000000714a00000|  0%| F|  |TAMS 0x0000000714800000, 0x0000000714800000| Untracked 
|  90|0x0000000714a00000, 0x0000000714a00000, 0x0000000714c00000|  0%| F|  |TAMS 0x0000000714a00000, 0x0000000714a00000| Untracked 
|  91|0x0000000714c00000, 0x0000000714c00000, 0x0000000714e00000|  0%| F|  |TAMS 0x0000000714c00000, 0x0000000714c00000| Untracked 
|  92|0x0000000714e00000, 0x0000000714e00000, 0x0000000715000000|  0%| F|  |TAMS 0x0000000714e00000, 0x0000000714e00000| Untracked 
|  93|0x0000000715000000, 0x0000000715000000, 0x0000000715200000|  0%| F|  |TAMS 0x0000000715000000, 0x0000000715000000| Untracked 
|  94|0x0000000715200000, 0x0000000715200000, 0x0000000715400000|  0%| F|  |TAMS 0x0000000715200000, 0x0000000715200000| Untracked 
|  95|0x0000000715400000, 0x0000000715400000, 0x0000000715600000|  0%| F|  |TAMS 0x0000000715400000, 0x0000000715400000| Untracked 
|  96|0x0000000715600000, 0x0000000715600000, 0x0000000715800000|  0%| F|  |TAMS 0x0000000715600000, 0x0000000715600000| Untracked 
|  97|0x0000000715800000, 0x0000000715800000, 0x0000000715a00000|  0%| F|  |TAMS 0x0000000715800000, 0x0000000715800000| Untracked 
|  98|0x0000000715a00000, 0x0000000715a00000, 0x0000000715c00000|  0%| F|  |TAMS 0x0000000715a00000, 0x0000000715a00000| Untracked 
|  99|0x0000000715c00000, 0x0000000715c00000, 0x0000000715e00000|  0%| F|  |TAMS 0x0000000715c00000, 0x0000000715c00000| Untracked 
| 100|0x0000000715e00000, 0x0000000715e00000, 0x0000000716000000|  0%| F|  |TAMS 0x0000000715e00000, 0x0000000715e00000| Untracked 
| 101|0x0000000716000000, 0x0000000716000000, 0x0000000716200000|  0%| F|  |TAMS 0x0000000716000000, 0x0000000716000000| Untracked 
| 102|0x0000000716200000, 0x0000000716200000, 0x0000000716400000|  0%| F|  |TAMS 0x0000000716200000, 0x0000000716200000| Untracked 
| 103|0x0000000716400000, 0x0000000716400000, 0x0000000716600000|  0%| F|  |TAMS 0x0000000716400000, 0x0000000716400000| Untracked 
| 104|0x0000000716600000, 0x0000000716600000, 0x0000000716800000|  0%| F|  |TAMS 0x0000000716600000, 0x0000000716600000| Untracked 
| 105|0x0000000716800000, 0x0000000716800000, 0x0000000716a00000|  0%| F|  |TAMS 0x0000000716800000, 0x0000000716800000| Untracked 
| 106|0x0000000716a00000, 0x0000000716a00000, 0x0000000716c00000|  0%| F|  |TAMS 0x0000000716a00000, 0x0000000716a00000| Untracked 
| 107|0x0000000716c00000, 0x0000000716c00000, 0x0000000716e00000|  0%| F|  |TAMS 0x0000000716c00000, 0x0000000716c00000| Untracked 
| 108|0x0000000716e00000, 0x0000000716e00000, 0x0000000717000000|  0%| F|  |TAMS 0x0000000716e00000, 0x0000000716e00000| Untracked 
| 109|0x0000000717000000, 0x0000000717000000, 0x0000000717200000|  0%| F|  |TAMS 0x0000000717000000, 0x0000000717000000| Untracked 
| 110|0x0000000717200000, 0x0000000717200000, 0x0000000717400000|  0%| F|  |TAMS 0x0000000717200000, 0x0000000717200000| Untracked 
| 111|0x0000000717400000, 0x0000000717400000, 0x0000000717600000|  0%| F|  |TAMS 0x0000000717400000, 0x0000000717400000| Untracked 
| 112|0x0000000717600000, 0x0000000717600000, 0x0000000717800000|  0%| F|  |TAMS 0x0000000717600000, 0x0000000717600000| Untracked 
| 113|0x0000000717800000, 0x0000000717800000, 0x0000000717a00000|  0%| F|  |TAMS 0x0000000717800000, 0x0000000717800000| Untracked 
| 114|0x0000000717a00000, 0x0000000717ae1d10, 0x0000000717c00000| 44%| E|  |TAMS 0x0000000717a00000, 0x0000000717a00000| Complete 
| 115|0x0000000717c00000, 0x0000000717e00000, 0x0000000717e00000|100%| E|CS|TAMS 0x0000000717c00000, 0x0000000717c00000| Complete 
| 116|0x0000000717e00000, 0x0000000718000000, 0x0000000718000000|100%| E|CS|TAMS 0x0000000717e00000, 0x0000000717e00000| Complete 
| 117|0x0000000718000000, 0x0000000718200000, 0x0000000718200000|100%| E|CS|TAMS 0x0000000718000000, 0x0000000718000000| Complete 
| 118|0x0000000718200000, 0x0000000718400000, 0x0000000718400000|100%| E|CS|TAMS 0x0000000718200000, 0x0000000718200000| Complete 
| 119|0x0000000718400000, 0x0000000718600000, 0x0000000718600000|100%| E|CS|TAMS 0x0000000718400000, 0x0000000718400000| Complete 
| 120|0x0000000718600000, 0x0000000718800000, 0x0000000718800000|100%| E|CS|TAMS 0x0000000718600000, 0x0000000718600000| Complete 
| 121|0x0000000718800000, 0x0000000718a00000, 0x0000000718a00000|100%| E|CS|TAMS 0x0000000718800000, 0x0000000718800000| Complete 
| 122|0x0000000718a00000, 0x0000000718c00000, 0x0000000718c00000|100%| E|CS|TAMS 0x0000000718a00000, 0x0000000718a00000| Complete 
| 123|0x0000000718c00000, 0x0000000718e00000, 0x0000000718e00000|100%| E|CS|TAMS 0x0000000718c00000, 0x0000000718c00000| Complete 

Card table byte_map: [0x0000015bf0c60000,0x0000015bf1420000] _byte_map_base: 0x0000015bed415000

Marking Bits (Prev, Next): (CMBitMap*) 0x0000015bd919da30, (CMBitMap*) 0x0000015bd919da70
 Prev Bits: [0x0000015bf1be0000, 0x0000015bf5988000)
 Next Bits: [0x0000015bf5990000, 0x0000015bf9738000)

Polling page: 0x0000015bd70f0000

Metaspace:

Usage:
  Non-class:      6.03 MB used.
      Class:    751.91 KB used.
       Both:      6.76 MB used.

Virtual space:
  Non-class space:        8.00 MB reserved,       6.12 MB ( 77%) committed,  1 nodes.
      Class space:        1.00 GB reserved,     832.00 KB ( <1%) committed,  1 nodes.
             Both:        1.01 GB reserved,       6.94 MB ( <1%) committed. 

Chunk freelists:
   Non-Class:  1.89 MB
       Class:  3.22 MB
        Both:  5.12 MB

MaxMetaspaceSize: unlimited
CompressedClassSpaceSize: 1.00 GB
Initial GC threshold: 21.00 MB
Current GC threshold: 21.00 MB
CDS: on
MetaspaceReclaimPolicy: balanced
 - commit_granule_bytes: 65536.
 - commit_granule_words: 8192.
 - virtual_space_node_default_size: 1048576.
 - enlarge_chunks_in_place: 1.
 - new_chunks_are_fully_committed: 0.
 - uncommit_free_chunks: 1.
 - use_allocation_guard: 0.
 - handle_deallocations: 1.


Internal statistics:

num_allocs_failed_limit: 0.
num_arena_births: 128.
num_arena_deaths: 0.
num_vsnodes_births: 2.
num_vsnodes_deaths: 0.
num_space_committed: 111.
num_space_uncommitted: 0.
num_chunks_returned_to_freelist: 0.
num_chunks_taken_from_freelist: 177.
num_chunk_merges: 0.
num_chunk_splits: 106.
num_chunks_enlarged: 52.
num_purges: 0.
num_inconsistent_stats: 0.

CodeHeap 'non-profiled nmethods': size=119168Kb used=420Kb max_used=420Kb free=118747Kb
 bounds [0x0000015be87c0000, 0x0000015be8a30000, 0x0000015befc20000]
CodeHeap 'profiled nmethods': size=119104Kb used=1490Kb max_used=1490Kb free=117613Kb
 bounds [0x0000015be1370000, 0x0000015be15e0000, 0x0000015be87c0000]
CodeHeap 'non-nmethods': size=7488Kb used=1820Kb max_used=1851Kb free=5667Kb
 bounds [0x0000015be0c20000, 0x0000015be0e90000, 0x0000015be1370000]
 total_blobs=1659 nmethods=1080 adapters=491
 compilation: enabled
              stopped_count=0, restarted_count=0
 full_count=0

Compilation events (20 events):
Event: 0.834 Thread 0x0000015bfdbf1c10 nmethod 1063 0x0000015be8822a10 code [0x0000015be8822bc0, 0x0000015be8823198]
Event: 0.839 Thread 0x0000015bfc7c7330 1065       3       summit.gfx.Renderer::toIntRGB (51 bytes)
Event: 0.839 Thread 0x0000015bfd218a10 1066       3       summit.gfx.Renderer::fillRect (70 bytes)
Event: 0.839 Thread 0x0000015bfc7c7330 nmethod 1065 0x0000015be14e2490 code [0x0000015be14e2620, 0x0000015be14e2818]
Event: 0.839 Thread 0x0000015bfd218a10 nmethod 1066 0x0000015be14e2890 code [0x0000015be14e2a60, 0x0000015be14e2f58]
Event: 0.840 Thread 0x0000015bfc7c7330 1067 %     3       summit.gfx.Renderer::filterFrame @ 10 (57 bytes)
Event: 0.840 Thread 0x0000015bfc7c7330 nmethod 1067% 0x0000015be14e3190 code [0x0000015be14e3360, 0x0000015be14e37c8]
Event: 0.840 Thread 0x0000015bfc7c7330 1068       3       summit.gfx.Renderer::filterFrame (57 bytes)
Event: 0.840 Thread 0x0000015bfc7c7330 nmethod 1068 0x0000015be14e3a90 code [0x0000015be14e3c60, 0x0000015be14e4028]
Event: 0.843 Thread 0x0000015bfc7c7330 1069       3       java.awt.Component::getCursor_NoClientCode (30 bytes)
Event: 0.843 Thread 0x0000015bfc7c7330 nmethod 1069 0x0000015be14e4290 code [0x0000015be14e4480, 0x0000015be14e4828]
Event: 0.852 Thread 0x0000015bfd4ad340 1070 %     4       summit.gfx.Renderer::rotate @ 21 (62 bytes)
Event: 0.857 Thread 0x0000015bfd218a10 1071       1       summit.game.entity.Entity::inWater (5 bytes)
Event: 0.857 Thread 0x0000015bfc7c7330 1072       1       summit.game.GameUpdateEvent::getDeltaTime (5 bytes)
Event: 0.857 Thread 0x0000015bfc7c7330 nmethod 1072 0x0000015be8823510 code [0x0000015be88236a0, 0x0000015be8823778]
Event: 0.857 Thread 0x0000015bfd218a10 nmethod 1071 0x0000015be8823810 code [0x0000015be88239a0, 0x0000015be8823a78]
Event: 0.859 Thread 0x0000015bfd4ad340 nmethod 1070% 0x0000015be8823b10 code [0x0000015be8823ca0, 0x0000015be88240d8]
Event: 0.862 Thread 0x0000015bfdbf1c10 1073 %     4       summit.gfx.Renderer::filterFrame @ 10 (57 bytes)
Event: 0.868 Thread 0x0000015bfd4ace30 1074       4       summit.gfx.Renderer::rotate (62 bytes)
Event: 0.869 Thread 0x0000015bfc7bb380 nmethod 1062 0x0000015be8824310 code [0x0000015be8824520, 0x0000015be8825d88]

GC Heap History (0 events):
No events

Deoptimization events (20 events):
Event: 0.823 Thread 0x0000015bfdbb91c0 DEOPT PACKING pc=0x0000015be881df78 sp=0x00000015afefeea0
Event: 0.823 Thread 0x0000015bfdbb91c0 DEOPT UNPACKING pc=0x0000015be0c723a3 sp=0x00000015afefee20 mode 2
Event: 0.823 Thread 0x0000015bfdbb91c0 Uncommon trap: trap_request=0xffffffbe fr.pc=0x0000015be881df78 relative=0x00000000000009f8
Event: 0.823 Thread 0x0000015bfdbb91c0 Uncommon trap: reason=profile_predicate action=maybe_recompile pc=0x0000015be881df78 method=summit.gfx.Renderer.render(Ljava/lang/String;FFILsummit/gfx/ColorFilter;)V @ 258 c2
Event: 0.823 Thread 0x0000015bfdbb91c0 DEOPT PACKING pc=0x0000015be881df78 sp=0x00000015afefeea0
Event: 0.823 Thread 0x0000015bfdbb91c0 DEOPT UNPACKING pc=0x0000015be0c723a3 sp=0x00000015afefee20 mode 2
Event: 0.823 Thread 0x0000015bfdbb91c0 Uncommon trap: trap_request=0xffffffbe fr.pc=0x0000015be881df78 relative=0x00000000000009f8
Event: 0.823 Thread 0x0000015bfdbb91c0 Uncommon trap: reason=profile_predicate action=maybe_recompile pc=0x0000015be881df78 method=summit.gfx.Renderer.render(Ljava/lang/String;FFILsummit/gfx/ColorFilter;)V @ 258 c2
Event: 0.823 Thread 0x0000015bfdbb91c0 DEOPT PACKING pc=0x0000015be881df78 sp=0x00000015afefeea0
Event: 0.823 Thread 0x0000015bfdbb91c0 DEOPT UNPACKING pc=0x0000015be0c723a3 sp=0x00000015afefee20 mode 2
Event: 0.823 Thread 0x0000015bfdbb91c0 Uncommon trap: trap_request=0xffffffbe fr.pc=0x0000015be881df78 relative=0x00000000000009f8
Event: 0.823 Thread 0x0000015bfdbb91c0 Uncommon trap: reason=profile_predicate action=maybe_recompile pc=0x0000015be881df78 method=summit.gfx.Renderer.render(Ljava/lang/String;FFILsummit/gfx/ColorFilter;)V @ 258 c2
Event: 0.823 Thread 0x0000015bfdbb91c0 DEOPT PACKING pc=0x0000015be881df78 sp=0x00000015afefeea0
Event: 0.823 Thread 0x0000015bfdbb91c0 DEOPT UNPACKING pc=0x0000015be0c723a3 sp=0x00000015afefee20 mode 2
Event: 0.823 Thread 0x0000015bfdb73a10 DEOPT PACKING pc=0x0000015be14db779 sp=0x00000015b03feff0
Event: 0.823 Thread 0x0000015bfdb73a10 DEOPT UNPACKING pc=0x0000015be0c72b43 sp=0x00000015b03fe498 mode 0
Event: 0.824 Thread 0x0000015bfdb73a10 DEOPT PACKING pc=0x0000015be14db779 sp=0x00000015b03feff0
Event: 0.824 Thread 0x0000015bfdb73a10 DEOPT UNPACKING pc=0x0000015be0c72b43 sp=0x00000015b03fe498 mode 0
Event: 0.868 Thread 0x0000015bfdbb91c0 DEOPT PACKING pc=0x0000015be14e219d sp=0x00000015afefede0
Event: 0.868 Thread 0x0000015bfdbb91c0 DEOPT UNPACKING pc=0x0000015be0c72b43 sp=0x00000015afefe270 mode 0

Classes unloaded (0 events):
No events

Classes redefined (0 events):
No events

Internal exceptions (14 events):
Event: 0.053 Thread 0x0000015bfd2514c0 Exception <a 'java/lang/ClassNotFoundException'{0x0000000718a2c768}: sun/awt/resources/spi/awtProvider> (0x0000000718a2c768) 
thrown [e:\jenkins\tmp\workspace\build\src\src\hotspot\share\classfile\systemDictionary.cpp, line 256]
Event: 0.072 Thread 0x0000015bfd2514c0 Exception <a 'java/io/FileNotFoundException'{0x0000000718a857d0}> (0x0000000718a857d0) 
thrown [e:\jenkins\tmp\workspace\build\src\src\hotspot\share\prims\jni.cpp, line 516]
Event: 0.077 Thread 0x0000015bfd2514c0 Exception <a 'java/io/FileNotFoundException'{0x0000000718ab2728}> (0x0000000718ab2728) 
thrown [e:\jenkins\tmp\workspace\build\src\src\hotspot\share\prims\jni.cpp, line 516]
Event: 0.091 Thread 0x0000015bfd2514c0 Exception <a 'java/lang/NoSuchMethodError'{0x0000000718ae8120}: 'java.lang.Object java.lang.invoke.DirectMethodHandle$Holder.invokeStaticInit(java.lang.Object)'> (0x0000000718ae8120) 
thrown [e:\jenkins\tmp\workspace\build\src\src\hotspot\share\interpreter\linkResolver.cpp, line 766]
Event: 0.231 Thread 0x0000015bfd2514c0 Exception <a 'java/lang/NoSuchMethodError'{0x0000000718682988}: 'void java.lang.invoke.DirectMethodHandle$Holder.invokeSpecial(java.lang.Object, java.lang.Object, java.lang.Object)'> (0x0000000718682988) 
thrown [e:\jenkins\tmp\workspace\build\src\src\hotspot\share\interpreter\linkResolver.cpp, line 766]
Event: 0.237 Thread 0x0000015bfd2514c0 Exception <a 'java/lang/NoSuchMethodError'{0x00000007186acc20}: 'java.lang.Object java.lang.invoke.DirectMethodHandle$Holder.newInvokeSpecial(java.lang.Object, java.lang.Object, java.lang.Object, java.lang.Object, java.lang.Object)'> (0x00000007186acc20) 
thrown [e:\jenkins\tmp\workspace\build\src\src\hotspot\share\interpreter\linkResolver.cpp, line 766]
Event: 0.239 Thread 0x0000015bfd2514c0 Exception <a 'java/lang/NoSuchMethodError'{0x00000007186b85e8}: 'java.lang.Object java.lang.invoke.DirectMethodHandle$Holder.invokeStatic(java.lang.Object, int, java.lang.Object, java.lang.Object, java.lang.Object, java.lang.Object)'> (0x00000007186b85e8) 
thrown [e:\jenkins\tmp\workspace\build\src\src\hotspot\share\interpreter\linkResolver.cpp, line 766]
Event: 0.242 Thread 0x0000015bfd2514c0 Exception <a 'java/lang/NoSuchMethodError'{0x00000007186ddd08}: 'java.lang.Object java.lang.invoke.DirectMethodHandle$Holder.invokeStatic(java.lang.Object, int, java.lang.Object)'> (0x00000007186ddd08) 
thrown [e:\jenkins\tmp\workspace\build\src\src\hotspot\share\interpreter\linkResolver.cpp, line 766]
Event: 0.260 Thread 0x0000015bfd2514c0 Exception <a 'java/lang/ClassNotFoundException'{0x0000000718795bf0}: com/sun/swing/internal/plaf/metal/resources/spi/metalProvider> (0x0000000718795bf0) 
thrown [e:\jenkins\tmp\workspace\build\src\src\hotspot\share\classfile\systemDictionary.cpp, line 256]
Event: 0.261 Thread 0x0000015bfd2514c0 Exception <a 'java/lang/ClassNotFoundException'{0x0000000718799ac8}: com/sun/swing/internal/plaf/basic/resources/spi/basicProvider> (0x0000000718799ac8) 
thrown [e:\jenkins\tmp\workspace\build\src\src\hotspot\share\classfile\systemDictionary.cpp, line 256]
Event: 0.272 Thread 0x0000015bfd46dbf0 Exception <a 'java/lang/NoSuchMethodError'{0x0000000718964028}: 'void java.lang.invoke.DirectMethodHandle$Holder.invokeVirtual(java.lang.Object, java.lang.Object)'> (0x0000000718964028) 
thrown [e:\jenkins\tmp\workspace\build\src\src\hotspot\share\interpreter\linkResolver.cpp, line 766]
Event: 0.283 Thread 0x0000015bfd2514c0 Exception <a 'java/lang/NoSuchMethodError'{0x00000007184117d0}: 'void java.lang.invoke.DirectMethodHandle$Holder.invokeStaticInit(java.lang.Object)'> (0x00000007184117d0) 
thrown [e:\jenkins\tmp\workspace\build\src\src\hotspot\share\interpreter\linkResolver.cpp, line 766]
Event: 0.783 Thread 0x0000015bfdb1b300 Implicit null exception at 0x0000015be8811e56 to 0x0000015be8811f54
Event: 0.792 Thread 0x0000015bfdb1b300 Implicit null exception at 0x0000015be88137d5 to 0x0000015be88138f8

VM Operations (10 events):
Event: 0.039 Executing VM operation: HandshakeAllThreads
Event: 0.039 Executing VM operation: HandshakeAllThreads done
Event: 0.260 Executing VM operation: HandshakeAllThreads
Event: 0.260 Executing VM operation: HandshakeAllThreads done
Event: 0.299 Executing VM operation: HandshakeAllThreads
Event: 0.299 Executing VM operation: HandshakeAllThreads done
Event: 0.327 Executing VM operation: HandshakeAllThreads
Event: 0.327 Executing VM operation: HandshakeAllThreads done
Event: 0.767 Executing VM operation: HandshakeAllThreads
Event: 0.767 Executing VM operation: HandshakeAllThreads done

Events (20 events):
Event: 0.349 loading class java/text/AttributedString$AttributedStringIterator
Event: 0.349 loading class java/text/AttributedCharacterIterator
Event: 0.349 loading class java/text/CharacterIterator
Event: 0.349 loading class java/text/CharacterIterator done
Event: 0.349 loading class java/text/AttributedCharacterIterator done
Event: 0.349 loading class java/text/AttributedString$AttributedStringIterator done
Event: 0.362 loading class sun/awt/image/BufImgSurfaceManager
Event: 0.362 loading class sun/awt/image/BufImgSurfaceManager done
Event: 0.362 loading class sun/awt/image/BufImgSurfaceData
Event: 0.362 loading class sun/awt/image/BufImgSurfaceData done
Event: 0.362 loading class sun/awt/image/BufImgSurfaceData$ICMColorData
Event: 0.362 loading class sun/awt/image/BufImgSurfaceData$ICMColorData done
Event: 0.699 Thread 0x0000015bfd42a460 Thread exited: 0x0000015bfd42a460
Event: 0.764 loading class java/lang/Math$RandomNumberGeneratorHolder
Event: 0.764 loading class java/lang/Math$RandomNumberGeneratorHolder done
Event: 0.772 Thread 0x0000015bfd4ac920 Thread added: 0x0000015bfd4ac920
Event: 0.780 Thread 0x0000015bfd4ace30 Thread added: 0x0000015bfd4ace30
Event: 0.780 Thread 0x0000015bfd4ad340 Thread added: 0x0000015bfd4ad340
Event: 0.780 Thread 0x0000015bfdbf1c10 Thread added: 0x0000015bfdbf1c10
Event: 0.794 Thread 0x0000015bfdb73a10 Thread added: 0x0000015bfdb73a10


Dynamic libraries:
0x00007ff7039e0000 - 0x00007ff7039ee000 	C:\Users\aadiu\AppData\Local\Programs\Eclipse Adoptium\jdk-17.0.2.8-hotspot\bin\java.exe
0x00007ffb36970000 - 0x00007ffb36b68000 	C:\Windows\SYSTEM32\ntdll.dll
0x00007ffb352a0000 - 0x00007ffb3535f000 	C:\Windows\System32\KERNEL32.DLL
0x00007ffb34310000 - 0x00007ffb345e2000 	C:\Windows\System32\KERNELBASE.dll
0x00007ffb34110000 - 0x00007ffb34210000 	C:\Windows\System32\ucrtbase.dll
0x00007ffb31b00000 - 0x00007ffb31b18000 	C:\Users\aadiu\AppData\Local\Programs\Eclipse Adoptium\jdk-17.0.2.8-hotspot\bin\jli.dll
0x00007ffb1e2d0000 - 0x00007ffb1e2e9000 	C:\Users\aadiu\AppData\Local\Programs\Eclipse Adoptium\jdk-17.0.2.8-hotspot\bin\VCRUNTIME140.dll
0x00007ffb35530000 - 0x00007ffb356cd000 	C:\Windows\System32\USER32.dll
0x00007ffb34720000 - 0x00007ffb34742000 	C:\Windows\System32\win32u.dll
0x00007ffb20b10000 - 0x00007ffb20daa000 	C:\Windows\WinSxS\amd64_microsoft.windows.common-controls_6595b64144ccf1df_6.0.19041.1110_none_60b5254171f9507e\COMCTL32.dll
0x00007ffb35fa0000 - 0x00007ffb35fcb000 	C:\Windows\System32\GDI32.dll
0x00007ffb35f00000 - 0x00007ffb35f9e000 	C:\Windows\System32\msvcrt.dll
0x00007ffb34750000 - 0x00007ffb3485f000 	C:\Windows\System32\gdi32full.dll
0x00007ffb345f0000 - 0x00007ffb3468d000 	C:\Windows\System32\msvcp_win.dll
0x00007ffb356f0000 - 0x00007ffb35722000 	C:\Windows\System32\IMM32.DLL
0x00007ffb31d70000 - 0x00007ffb31d7c000 	C:\Users\aadiu\AppData\Local\Programs\Eclipse Adoptium\jdk-17.0.2.8-hotspot\bin\vcruntime140_1.dll
0x00007ffb0bb30000 - 0x00007ffb0bbc1000 	C:\Users\aadiu\AppData\Local\Programs\Eclipse Adoptium\jdk-17.0.2.8-hotspot\bin\msvcp140.dll
0x00007ffabf480000 - 0x00007ffac00c7000 	C:\Users\aadiu\AppData\Local\Programs\Eclipse Adoptium\jdk-17.0.2.8-hotspot\bin\server\jvm.dll
0x00007ffb34ec0000 - 0x00007ffb34f6e000 	C:\Windows\System32\ADVAPI32.dll
0x00007ffb35e60000 - 0x00007ffb35efc000 	C:\Windows\System32\sechost.dll
0x00007ffb35ba0000 - 0x00007ffb35cc5000 	C:\Windows\System32\RPCRT4.dll
0x00007ffb34eb0000 - 0x00007ffb34eb8000 	C:\Windows\System32\PSAPI.DLL
0x00007ffb1d990000 - 0x00007ffb1d999000 	C:\Windows\SYSTEM32\WSOCK32.dll
0x00007ffb2d720000 - 0x00007ffb2d72a000 	C:\Windows\SYSTEM32\VERSION.dll
0x00007ffb35160000 - 0x00007ffb351cb000 	C:\Windows\System32\WS2_32.dll
0x00007ffb31d40000 - 0x00007ffb31d67000 	C:\Windows\SYSTEM32\WINMM.dll
0x00007ffb31fa0000 - 0x00007ffb31fb2000 	C:\Windows\SYSTEM32\kernel.appcore.dll
0x00007ffb31af0000 - 0x00007ffb31afa000 	C:\Users\aadiu\AppData\Local\Programs\Eclipse Adoptium\jdk-17.0.2.8-hotspot\bin\jimage.dll
0x00007ffb31b50000 - 0x00007ffb31d34000 	C:\Windows\SYSTEM32\DBGHELP.DLL
0x00007ffb31b20000 - 0x00007ffb31b4c000 	C:\Windows\SYSTEM32\dbgcore.DLL
0x00007ffb34690000 - 0x00007ffb34712000 	C:\Windows\System32\bcryptPrimitives.dll
0x00007ffb19c60000 - 0x00007ffb19c85000 	C:\Users\aadiu\AppData\Local\Programs\Eclipse Adoptium\jdk-17.0.2.8-hotspot\bin\java.dll
0x00007ffafa4c0000 - 0x00007ffafa596000 	C:\Users\aadiu\AppData\Local\Programs\Eclipse Adoptium\jdk-17.0.2.8-hotspot\bin\jsvml.dll
0x00007ffb35fd0000 - 0x00007ffb36713000 	C:\Windows\System32\SHELL32.dll
0x00007ffb32130000 - 0x00007ffb328c2000 	C:\Windows\SYSTEM32\windows.storage.dll
0x00007ffb34ad0000 - 0x00007ffb34e24000 	C:\Windows\System32\combase.dll
0x00007ffb33a60000 - 0x00007ffb33a90000 	C:\Windows\SYSTEM32\Wldp.dll
0x00007ffb349c0000 - 0x00007ffb34a6d000 	C:\Windows\System32\SHCORE.dll
0x00007ffb35020000 - 0x00007ffb35075000 	C:\Windows\System32\shlwapi.dll
0x00007ffb33fb0000 - 0x00007ffb33fcf000 	C:\Windows\SYSTEM32\profapi.dll
0x00007ffaf5980000 - 0x00007ffaf5b0e000 	C:\Users\aadiu\AppData\Local\Programs\Eclipse Adoptium\jdk-17.0.2.8-hotspot\bin\awt.dll
0x00007ffb351d0000 - 0x00007ffb3529d000 	C:\Windows\System32\OLEAUT32.dll
0x00007ffb31300000 - 0x00007ffb31391000 	C:\Windows\SYSTEM32\apphelp.dll
0x00007ffb1cb70000 - 0x00007ffb1cb88000 	C:\Users\aadiu\AppData\Local\Programs\Eclipse Adoptium\jdk-17.0.2.8-hotspot\bin\zip.dll
0x00007ffb31410000 - 0x00007ffb314ae000 	C:\Windows\system32\uxtheme.dll
0x00007ffb353f0000 - 0x00007ffb35505000 	C:\Windows\System32\MSCTF.dll
0x00007ffb35cd0000 - 0x00007ffb35dfa000 	C:\Windows\System32\ole32.dll
0x00007ffb31590000 - 0x00007ffb315bf000 	C:\Windows\system32\DWMAPI.DLL
0x00007ffadadb0000 - 0x00007ffadaed5000 	C:\Windows\system32\opengl32.dll
0x00007ffada100000 - 0x00007ffada12c000 	C:\Windows\SYSTEM32\GLU32.dll
0x00007ffb269b0000 - 0x00007ffb26b7f000 	C:\Windows\system32\d3d9.dll
0x00007ffb28d70000 - 0x00007ffb28f28000 	C:\Windows\System32\DriverStore\FileRepository\u0370468.inf_amd64_5e4260b11257b6e9\B370372\aticfx64.dll
0x00007ffb12520000 - 0x00007ffb12554000 	C:\Windows\System32\DriverStore\FileRepository\u0370468.inf_amd64_5e4260b11257b6e9\B370372\atiu9p64.dll
0x00007ffabe720000 - 0x00007ffabf474000 	C:\Windows\System32\DriverStore\FileRepository\u0370468.inf_amd64_5e4260b11257b6e9\B370372\atiumd64.dll
0x000000006c4b0000 - 0x000000006d324000 	C:\Windows\System32\DriverStore\FileRepository\u0370468.inf_amd64_5e4260b11257b6e9\B370372\atiumd6a.dll
0x00007ffb35730000 - 0x00007ffb35b98000 	C:\Windows\System32\SETUPAPI.dll
0x00007ffb34210000 - 0x00007ffb3425e000 	C:\Windows\System32\cfgmgr32.dll
0x00007ffb33e30000 - 0x00007ffb33e7b000 	C:\Windows\SYSTEM32\POWRPROF.dll
0x00007ffb34070000 - 0x00007ffb34097000 	C:\Windows\System32\bcrypt.dll
0x00007ffb33e10000 - 0x00007ffb33e22000 	C:\Windows\SYSTEM32\UMPDC.dll
0x00007ffb29180000 - 0x00007ffb291b0000 	C:\Windows\SYSTEM32\amdihk64.dll
0x00007ffb29960000 - 0x00007ffb2999b000 	C:\Windows\SYSTEM32\dxcore.dll
0x00007ffb0d970000 - 0x00007ffb0d9f9000 	C:\Users\aadiu\AppData\Local\Programs\Eclipse Adoptium\jdk-17.0.2.8-hotspot\bin\freetype.dll
0x00007ffb0ba80000 - 0x00007ffb0bb28000 	C:\Users\aadiu\AppData\Local\Programs\Eclipse Adoptium\jdk-17.0.2.8-hotspot\bin\fontmanager.dll
0x00007ffb28f30000 - 0x00007ffb29029000 	C:\Windows\SYSTEM32\textinputframework.dll
0x00007ffb30e70000 - 0x00007ffb311ce000 	C:\Windows\System32\CoreUIComponents.dll
0x00007ffb309d0000 - 0x00007ffb30ac2000 	C:\Windows\System32\CoreMessaging.dll
0x00007ffb33190000 - 0x00007ffb331c3000 	C:\Windows\SYSTEM32\ntmarta.dll
0x00007ffb30200000 - 0x00007ffb30354000 	C:\Windows\SYSTEM32\wintypes.dll

dbghelp: loaded successfully - version: 4.0.5 - missing functions: none
symbol engine: initialized successfully - sym options: 0x614 - pdb path: .;C:\Users\aadiu\AppData\Local\Programs\Eclipse Adoptium\jdk-17.0.2.8-hotspot\bin;C:\Windows\SYSTEM32;C:\Windows\WinSxS\amd64_microsoft.windows.common-controls_6595b64144ccf1df_6.0.19041.1110_none_60b5254171f9507e;C:\Users\aadiu\AppData\Local\Programs\Eclipse Adoptium\jdk-17.0.2.8-hotspot\bin\server;C:\Windows\System32\DriverStore\FileRepository\u0370468.inf_amd64_5e4260b11257b6e9\B370372

VM Arguments:
jvm_args: -XX:+ShowCodeDetailsInExceptionMessages 
java_command: summit.Main
java_class_path (initial): C:\Users\aadiu\AppData\Roaming\Code\User\workspaceStorage\929b6f7fce9865a60d0bbe8b6a275a21\redhat.java\jdt_ws\Summit Game_948de7c9\bin
Launcher Type: SUN_STANDARD

[Global flags]
     intx CICompilerCount                          = 12                                        {product} {ergonomic}
     uint ConcGCThreads                            = 3                                         {product} {ergonomic}
     uint G1ConcRefinementThreads                  = 13                                        {product} {ergonomic}
   size_t G1HeapRegionSize                         = 2097152                                   {product} {ergonomic}
    uintx GCDrainStackTargetSize                   = 64                                        {product} {ergonomic}
   size_t InitialHeapSize                          = 260046848                                 {product} {ergonomic}
   size_t MarkStackSize                            = 4194304                                   {product} {ergonomic}
   size_t MaxHeapSize                              = 4137680896                                {product} {ergonomic}
   size_t MaxNewSize                               = 2480930816                                {product} {ergonomic}
   size_t MinHeapDeltaBytes                        = 2097152                                   {product} {ergonomic}
   size_t MinHeapSize                              = 8388608                                   {product} {ergonomic}
    uintx NonNMethodCodeHeapSize                   = 7602480                                {pd product} {ergonomic}
    uintx NonProfiledCodeHeapSize                  = 122027880                              {pd product} {ergonomic}
    uintx ProfiledCodeHeapSize                     = 122027880                              {pd product} {ergonomic}
    uintx ReservedCodeCacheSize                    = 251658240                              {pd product} {ergonomic}
     bool SegmentedCodeCache                       = true                                      {product} {ergonomic}
     bool ShowCodeDetailsInExceptionMessages       = true                                   {manageable} {command line}
   size_t SoftMaxHeapSize                          = 4137680896                             {manageable} {ergonomic}
     bool UseCompressedClassPointers               = true                           {product lp64_product} {ergonomic}
     bool UseCompressedOops                        = true                           {product lp64_product} {ergonomic}
     bool UseG1GC                                  = true                                      {product} {ergonomic}
     bool UseLargePagesIndividualAllocation        = false                                  {pd product} {ergonomic}

Logging:
Log output configuration:
 #0: stdout all=warning uptime,level,tags
 #1: stderr all=off uptime,level,tags

Environment Variables:
JAVA_HOME=C:\Users\aadiu\AppData\Local\Programs\Eclipse Adoptium\jdk-17.0.2.8-hotspot\
PATH=C:\Program Files (x86)\Razer Chroma SDK\bin;C:\Program Files\Razer Chroma SDK\bin;C:\Program Files (x86)\Razer\ChromaBroadcast\bin;C:\Program Files\Razer\ChromaBroadcast\bin;C:\Program Files (x86)\Common Files\Oracle\Java\javapath;C:\Program Files\Python38\Scripts\;C:\Program Files\Python38\;C:\Windows\system32;C:\Windows;C:\Windows\System32\Wbem;C:\Windows\System32\WindowsPowerShell\v1.0\;C:\Windows\System32\OpenSSH\;C:\Program Files (x86)\NVIDIA Corporation\PhysX\Common;C:\Program Files\NVIDIA Corporation\NVIDIA NvDLISR;C:\Users\aadiu\AppData\Local\Microsoft\WindowsApps;C:\Users\aadiu\AppData\Local\Programs\Microsoft VS Code\bin;C:\Windows\system32\config\systemprofile\AppData\Local\Microsoft\WindowsApps;C:\Program Files\dotnet\;C:\Program Files\Git\cmd;C:\MinGW\bin\;C:\Program Files (x86)\Windows Kits\10\Windows Performance Toolkit\;C:\Users\aadiu\AppData\Local\Programs\Eclipse Adoptium\jdk-17.0.2.8-hotspot\bin;C:\Users\aadiu\AppData\Local\Microsoft\WindowsApps;C:\Users\aadiu\AppData\Local\Programs\Microsoft VS Code\bin;C:\Users\aadiu\AppData\Local\GitHubDesktop\bin
USERNAME=aadiu
LANG=en_US.UTF-8
OS=Windows_NT
PROCESSOR_IDENTIFIER=AMD64 Family 25 Model 80 Stepping 0, AuthenticAMD



---------------  S Y S T E M  ---------------

OS:
 Windows 10 , 64 bit Build 19041 (10.0.19041.2251)
OS uptime: 1 days 8:19 hours

CPU: total 16 (initial active 16) (16 cores per cpu, 2 threads per core) family 25 model 80 stepping 0 microcode 0x0, cx8, cmov, fxsr, ht, mmx, 3dnowpref, sse, sse2, sse3, ssse3, sse4a, sse4.1, sse4.2, popcnt, lzcnt, tsc, tscinvbit, avx, avx2, aes, erms, clmul, bmi1, bmi2, adx, sha, fma, vzeroupper, clflush, clflushopt

Memory: 4k page, system-wide physical 15776M (7715M free)
TotalPageFile size 20128M (AvailPageFile size 6975M)
current process WorkingSet (physical memory assigned to process): 110M, peak: 110M
current process commit charge ("private bytes"): 428M, peak: 429M

vm_info: OpenJDK 64-Bit Server VM (17.0.2+8) for windows-amd64 JRE (17.0.2+8), built on Jan 20 2022 04:52:34 by "" with MS VC++ 16.7 (VS2019)

END.
