#
# A fatal error has been detected by the Java Runtime Environment:
#
#  EXCEPTION_ACCESS_VIOLATION (0xc0000005) at pc=0x0000025051fba8fb, pid=3988, tid=22784
#
# JRE version: OpenJDK Runtime Environment Temurin-17.0.2+8 (17.0.2+8) (build 17.0.2+8)
# Java VM: OpenJDK 64-Bit Server VM Temurin-17.0.2+8 (17.0.2+8, mixed mode, sharing, tiered, compressed oops, compressed class ptrs, g1 gc, windows-amd64)
# Problematic frame:
# J 1104 c2 summit.gfx.Renderer.render(Ljava/lang/String;FFILsummit/gfx/ColorFilter;)V (276 bytes) @ 0x0000025051fba8fb [0x0000025051fb9d20+0x0000000000000bdb]
#
# No core dump will be written. Minidumps are not enabled by default on client versions of Windows
#
# If you would like to submit a bug report, please visit:
#   https://github.com/adoptium/adoptium-support/issues
#

---------------  S U M M A R Y ------------

Command Line: -XX:+ShowCodeDetailsInExceptionMessages summit.Main

Host: AMD Ryzen 9 5900HS with Radeon Graphics        , 16 cores, 15G,  Windows 10 , 64 bit Build 19041 (10.0.19041.2251)
Time: Mon Nov 14 18:52:40 2022 Central Standard Time elapsed time: 1.063270 seconds (0d 0h 0m 1s)

---------------  T H R E A D  ---------------

Current thread (0x0000025067b417e0):  JavaThread "Thread-2" [_thread_in_Java, id=22784, stack(0x000000e810900000,0x000000e810a00000)]

Stack: [0x000000e810900000,0x000000e810a00000],  sp=0x000000e8109fec30,  free space=1019k
Native frames: (J=compiled Java code, j=interpreted, Vv=VM code, C=native code)
C  0x0000025051fba8fb


siginfo: EXCEPTION_ACCESS_VIOLATION (0xc0000005), reading address 0x0000000b1863e8d8


Register to memory mapping:

RIP=0x0000025051fba8fb is at entry_point+3035 in (nmethod*)0x0000025051fb9b10
RAX=0x00000007178e02b8 is an oop: [[I 
{0x00000007178e02b8} - klass: {type array int}[]
 - length: 16
RBX=0x00000000ffffffe9 is an unknown value
RCX=3809246497 is a compressed pointer to object: [[I 
{0x000000071863e908} - klass: {type array int}[]
 - length: 144
RDX=0x0 is NULL
RSP=0x000000e8109fec30 is pointing into the stack for thread: 0x0000025067b417e0
RBP=0x0 is NULL
RSI=0x0 is NULL
RDI=0x00000000fffffff0 is an unknown value
R8 =0x000000071863e8f8 is an oop: summit.gfx.Renderer 
{0x000000071863e8f8} - klass: 'summit/gfx/Renderer'
 - ---- fields (total size 2 words):
 - private 'frame' '[[I' @12  a {type array int}[144] {0x000000071863e908} (e30c7d21)
R9 =0x0000000000000010 is an unknown value
R10=0x000000071863e908 is an oop: [[I 
{0x000000071863e908} - klass: {type array int}[]
 - length: 144
R11=0x00000000fffffff0 is an unknown value
R12=0x0 is NULL
R13=0x0000000000000090 is an unknown value
R14=0x0000000000000010 is an unknown value
R15=0x0000025067b417e0 is a thread


Registers:
RAX=0x00000007178e02b8, RBX=0x00000000ffffffe9, RCX=0x00000000e30c7d21, RDX=0x0000000000000000
RSP=0x000000e8109fec30, RBP=0x0000000000000000, RSI=0x0000000000000000, RDI=0x00000000fffffff0
R8 =0x000000071863e8f8, R9 =0x0000000000000010, R10=0x000000071863e908, R11=0x00000000fffffff0
R12=0x0000000000000000, R13=0x0000000000000090, R14=0x0000000000000010, R15=0x0000025067b417e0
RIP=0x0000025051fba8fb, EFLAGS=0x0000000000010287

Top of Stack: (sp=0x000000e8109fec30)
0x000000e8109fec30:   0000010000000000 00000000fffffff8
0x000000e8109fec40:   fffffff0ffffffe8 0000000000000000
0x000000e8109fec50:   000000000000000f fffffff0ffffffe8
0x000000e8109fec60:   0000000700000009 000000000000000f
0x000000e8109fec70:   0000000000000001 0000025043280000
0x000000e8109fec80:   00000000c1800000 000000071817d2c0
0x000000e8109fec90:   000000e8109fee70 000002504ac80e14
0x000000e8109feca0:   000000e8109fed40 000000e8109fedd8
0x000000e8109fecb0:   000002504a3b94fe 0000000000000000
0x000000e8109fecc0:   0000000000000000 0000000000000000
0x000000e8109fecd0:   0000000000000000 000000071863e8f8
0x000000e8109fece0:   000000071817d2c0 0000000000000004
0x000000e8109fecf0:   0000000000000000 0000000000000000
0x000000e8109fed00:   000000e8109fee70 000002504ac8156c
0x000000e8109fed10:   409e000000000000 0000000000000000
0x000000e8109fed20:   0000000000000000 0000000000000000 

Instructions: (pc=0x0000025051fba8fb)
0x0000025051fba7fb:   45 33 d2 e9 13 02 00 00 0f 1f 80 00 00 00 00 66
0x0000025051fba80b:   0f 1f 44 00 00 44 2b 5c 24 10 45 8b f3 41 ff c6
0x0000025051fba81b:   44 8b de 45 3b f1 0f 83 a2 09 00 00 45 8b 54 cc
0x0000025051fba82b:   10 47 8b 54 d4 0c 45 3b da 0f 83 6b 01 00 00 c4
0x0000025051fba83b:   c1 f9 7e d2 45 8b 54 92 10 47 8b 44 d4 0c 49 c1
0x0000025051fba84b:   e2 03 45 3b f0 0f 83 9a 09 00 00 47 8b 54 b2 10
0x0000025051fba85b:   41 83 fa ff 0f 84 36 01 00 00 45 8b 44 c4 0c 45
0x0000025051fba86b:   3b d8 0f 83 99 09 00 00 46 89 54 9d 10 45 33 c0
0x0000025051fba87b:   c4 c1 f9 7e d2 41 8b 72 10 45 8b 54 f4 0c 44 03
0x0000025051fba88b:   54 24 10 4d 8b b7 48 03 00 00 41 8b f3 ff c6 41
0x0000025051fba89b:   85 06 41 3b f2 0f 8c 6a ff ff ff 4d 8b 97 48 03
0x0000025051fba8ab:   00 00 ff c7 41 85 02 3b 3c 24 0f 8d f4 00 00 00
0x0000025051fba8bb:   c4 c1 f9 7e c0 c4 e1 f9 7e ce c5 f9 7e da 44 8b
0x0000025051fba8cb:   54 24 10 44 8b 5c 24 14 44 3b 54 24 08 0f 8d e7
0x0000025051fba8db:   00 00 00 44 89 5c 24 14 44 89 54 24 10 c5 f9 6e
0x0000025051fba8eb:   da c4 e1 f9 6e ce c4 c1 f9 6e c0 c4 c1 f9 7e e2
0x0000025051fba8fb:   41 8b 44 ba 10 8b d7 41 2b d3 41 3b fd 0f 83 89
0x0000025051fba90b:   05 00 00 44 8b 54 24 10 44 3b 54 24 04 0f 83 79
0x0000025051fba91b:   05 00 00 c4 c1 f9 7e d2 45 8b 54 92 10 47 8b 44
0x0000025051fba92b:   d4 0c 45 85 c0 0f 86 0a 0a 00 00 47 8b 54 d4 10
0x0000025051fba93b:   41 83 fa ff 0f 84 4a 05 00 00 45 8b 44 c4 0c 44
0x0000025051fba94b:   8b 5c 24 10 45 3b d8 0f 83 b9 08 00 00 4d 8d 04
0x0000025051fba95b:   c4 47 89 54 98 10 45 33 c0 c4 c1 f9 7e d2 45 8b
0x0000025051fba96b:   52 10 47 8b 5c d4 0c 44 03 5c 24 10 41 3b db 0f
0x0000025051fba97b:   8d 26 ff ff ff 41 3b fd 0f 83 bf 06 00 00 49 8d
0x0000025051fba98b:   2c c4 44 8b db 41 be 01 00 00 00 e9 83 fe ff ff
0x0000025051fba99b:   c4 c1 f9 7e c8 e9 d6 fe ff ff c4 c1 f9 7e c8 e9
0x0000025051fba9ab:   cc fe ff ff c5 f8 77 48 83 c4 60 5d 49 3b a7 40
0x0000025051fba9bb:   03 00 00 0f 87 f0 10 00 00 c3 44 89 5c 24 14 44
0x0000025051fba9cb:   89 54 24 10 c5 f9 6e da c4 e1 f9 6e ce c4 c1 f9
0x0000025051fba9db:   6e c0 4c 8b c6 e9 c1 fe ff ff c4 c1 f9 7e c3 c4
0x0000025051fba9eb:   c1 79 7e d2 c4 e1 f9 7e e0 c4 e1 f9 7e f5 4d 8b 


Stack slot to memory mapping:
stack at sp + 0 slots: 0x0000010000000000 is an unknown value
stack at sp + 1 slots: 0x00000000fffffff8 is an unknown value
stack at sp + 2 slots: 0xfffffff0ffffffe8 is an unknown value
stack at sp + 3 slots: 0x0 is NULL
stack at sp + 4 slots: 0x000000000000000f is an unknown value
stack at sp + 5 slots: 0xfffffff0ffffffe8 is an unknown value
stack at sp + 6 slots: 0x0000000700000009 is an unknown value
stack at sp + 7 slots: 0x000000000000000f is an unknown value

--------------------------------------------------------------------------------
[Constant Pool (empty)]

--------------------------------------------------------------------------------

[MachCode]
  0x0000025051fb9d20: 448b 5208 | 49bb 0000 | 0000 0800 | 0000 4d03 | d349 3bc2 | 0f85 462d | 44f8 6690 | 0f1f 4000 
  0x0000025051fb9d40: 8984 2400 | 90ff ff55 | 4883 ec60 | c4c1 f96e | d848 897c | 2418 c4c1 | 796e d148 | 8914 2449 
  0x0000025051fb9d60: ba08 30a0 | 1807 0000 | 0041 8b6a | 7045 8b5c | ec08 4181 | fbe0 ad0b | 000f 8545 | 1600 004d 
  0x0000025051fb9d80: 8d14 ec45 | 8b5a 2443 | 8b4c dc0c | 85c9 0f86 | 1c17 0000 | 4f8d 2cdc | 4d85 c00f | 841c 1400 
  0x0000025051fb9da0: 0045 8b40 | 0cff c945 | 85c0 7579 | c4c1 f97e | da45 0fb6 | 5211 4585 | d20f 85b1 | 1300 00c4 
  0x0000025051fb9dc0: c1f9 7eda | 450f be52 | 1045 85d2 | 0f85 7a19 | 0000 c4c1 | f97e da41 | 8b6a 1441 | 8b7c ec0c 
  0x0000025051fb9de0: 85ff 0f86 | a413 0000 | 448b c741 | ffc8 443b | c70f 8345 | 1800 0045 | 0fb6 5cec | 1044 8bcf 
  0x0000025051fb9e00: 4183 c1fd | 418b dbc1 | e305 412b | db4d 8d04 | ec41 83f9 | 010f 8e51 | 1800 00be | 0100 0000 
  0x0000025051fb9e20: 4533 dbeb | 3b45 8bd0 | 41c1 ea10 | 4533 d041 | 23ca 33d2 | e9eb 0000 | 0045 0fb6 | 5c30 1041 
  0x0000025051fb9e40: 03db ffc6 | 3bf7 0f8d | ba00 0000 | 448b db41 | c1e3 0544 | 2bdb 418b | dbeb dec4 | c179 7ee3 
  0x0000025051fb9e60: 8bd7 2bd6 | 83c2 fd44 | 3bce 410f | 4cd3 81fa | a00f 0000 | 41ba a00f | 0000 410f | 47d2 03d6 
  0x0000025051fb9e80: c4c1 796e | e366 6666 | 0f1f 8400 | 0000 0000 | 4863 c645 | 0fb6 5400 | 1041 0fb6 | 6c00 1345 
  0x0000025051fb9ea0: 0fb6 5c00 | 1141 0fb6 | 4400 1241 | 03da 448b | f341 c1e6 | 0544 2bf3 | 4503 f345 | 8bd6 41c1 
  0x0000025051fb9ec0: e205 452b | d644 03d0 | 458b da41 | c1e3 0545 | 2bda 4403 | dd41 8bdb | c1e3 0541 | 2bdb 83c6 
  0x0000025051fb9ee0: 043b f27c | ab49 8b87 | 4803 0000 | 8500 413b | f10f 8c64 | ffff ffc5 | f97e e23b | f70f 8c36 
  0x0000025051fb9f00: ffff ff41 | 8bdb 85db | 0f84 8012 | 0000 c4c1 | f97e da41 | 895a 0c44 | 8bd3 41c1 | ea10 4433 
  0x0000025051fb9f20: d341 23ca | 458b 5c8d | 1047 8b4c | dc0c 453b | ca0f 8568 | 0f00 0047 | 8b4c dc10 | 4d8b c149 
  0x0000025051fb9f40: c1e0 03c4 | e1f9 7ed9 | 4c3b c10f | 845f 0100 | 000f be49 | 10c4 e1f9 | 7edb 493b | d80f 844d 
  0x0000025051fb9f60: 0100 0047 | 8b44 cc08 | 4181 f870 | e900 000f | 85b7 1800 | 004f 8d04 | cc41 0fbe | 6810 3bcd 
  0x0000025051fb9f80: 0f85 8e17 | 0000 458b | 4014 8b5b | 1447 8b4c | c40c 418b | 4cdc 0c41 | 3bc9 0f85 | d400 0000 
  0x0000025051fb9fa0: 4f8d 0cc4 | 4b8d 74c4 | 104d 8d04 | dc49 8d7c | dc10 85c9 | 0f84 a500 | 0000 8bc1 | 83e0 1f83 
  0x0000025051fb9fc0: e1e0 0f84 | 4b00 0000 | 488d 3c0f | 488d 340e | 48f7 d9c5 | fe6f 2c0f | c5fe 6f24 | 0ec5 d5ef 
  0x0000025051fb9fe0: ecc4 e27d | 17ed 0f85 | 7a00 0000 | 4883 c120 | 75e1 85c0 | 0f84 6500 | 0000 c5fe | 6f6c 07e0 
  0x0000025051fba000: c5fe 6f64 | 06e0 c5d5 | efec c4e2 | 7d17 ed75 | 55eb 4c8b | c883 e1fc | 7419 488d | 3c0f 488d 
  0x0000025051fba020: 340e 48f7 | d98b 1c0f | 3b1c 0e75 | 3948 83c1 | 0475 f2f7 | c002 0000 | 0074 120f | b71f 0fb7 
  0x0000025051fba040: 0e3b d975 | 2148 8d7f | 0248 8d76 | 02f7 c001 | 0000 0074 | 0a0f b61f | 0fb6 0e3b | d975 07b8 
  0x0000025051fba060: 0100 0000 | eb02 33c0 | c5d5 efed | c5dd efe4 | 85c0 753c | ba45 ffff | ff48 8b2c | 24c5 fa11 
  0x0000025051fba080: 0424 c5fa | 114c 2404 | c5fa 1154 | 2408 4c8b | 4424 184c | 8944 2410 | c5fb 115c | 2418 4489 
  0x0000025051fba0a0: 5c24 0c44 | 8954 2420 | c5f8 77e8 | 5082 44f8 | 49c1 e303 | 418b 6b14 | 458b 5cec | 0841 81fb 
  0x0000025051fba0c0: 086d 0000 | 0f85 4217 | 0000 498d | 1cec 8b7b | 0c85 ff0f | 860f 1300 | 0044 8b5b | 1047 8b5c 
  0x0000025051fba0e0: dc0c 41d1 | fbc4 c179 | 6ee3 c5f8 | 5be4 c5fa | 5cc4 c4c1 | 797e c045 | 8bd0 41c1 | ea17 450f 
  0x0000025051fba100: b6d2 b995 | 0000 0041 | 2bca f7c1 | e0ff ffff | 0f85 9d0f | 0000 458b | d041 81e2 | ffff 7f00 
  0x0000025051fba120: 4181 ca00 | 0080 0045 | 85c0 0f8c | 5410 0000 | 41d3 fa41 | ffc2 41d1 | fa44 8bdf | 41d1 fbc4 
  0x0000025051fba140: c179 6ec3 | c5f8 5bc0 | c5f2 5cc8 | c4c1 797e | c845 8bc8 | 41c1 e917 | 450f b6c9 | b995 0000 
  0x0000025051fba160: 0041 2bc9 | f7c1 e0ff | ffff 0f85 | 650f 0000 | 458b d841 | 81e3 ffff | 7f00 4181 | cb00 0080 
  0x0000025051fba180: 0045 85c0 | 0f8c f20f | 0000 41d3 | fb41 ffc3 | 41d1 fbc4 | c179 7ed0 | 4585 c00f | 85dd 0000 
  0x0000025051fba1a0: 0045 33c0 | 488b c3eb | 138b 5424 | 0c44 8b54 | 2410 448b | 5c24 1444 | 8b44 2408 | 418b e8c1 
  0x0000025051fba1c0: fd03 85ed | 0f85 1a13 | 0000 448b | 480c 418b | db41 03d9 | 443b db0f | 8dd2 0700 | 004d 63c1 
  0x0000025051fba1e0: 4963 cb41 | 8bfb f7df | 4863 ff48 | 03cf 493b | c80f 8325 | 1200 0048 | 63cb 4803 | cf48 ffc9 
  0x0000025051fba200: 493b c80f | 834b 1200 | 004c 8b04 | 2441 8b48 | 0c45 8b6c | cc0c 4585 | ed0f 8640 | 1200 0041 
  0x0000025051fba220: 8b7c cc10 | 418b 7cfc | 0c48 8b74 | 2418 4885 | f60f 85ee | 1100 0045 | 85c9 0f86 | e511 0000 
  0x0000025051fba240: 448b 4810 | 478b 4ccc | 0c45 85c9 | 0f86 d311 | 0000 897c | 2404 891c | 24c4 e1f9 | 6ed0 418b 
  0x0000025051fba260: d941 03da | 895c 2408 | 418b daff | c349 8d3c | ccc4 e1f9 | 6ee7 418b | fbe9 5506 | 0000 41f7 
  0x0000025051fba280: c004 0000 | 000f 84d1 | 0300 008b | 4b10 458b | 4ccc 0c44 | 895c 242c | 4489 5424 | 2889 7c24 
  0x0000025051fba2a0: 1448 895c | 2420 8954 | 240c 4489 | 4424 0848 | ba08 6d00 | 0008 0000 | 0044 8bc7 | c5f8 77e8 
  0x0000025051fba2c0: bc21 4ff8 | 448b 5c24 | 1441 ffcb | 443b 5c24 | 140f 8309 | 1400 008b | 580c 85db | 0f86 fe13 
  0x0000025051fba2e0: 0000 4c63 | c345 33c9 | eb30 c5f9 | 7ed3 c4c1 | f97e d8c4 | e1f9 7ec1 | 448b 4c24 | 384d 8b97 
  0x0000025051fba300: 4803 0000 | 41ff c141 | 8502 443b | 4c24 140f | 8d8d 0e00 | 0048 894c | 2420 488b | 4c24 2044 
  0x0000025051fba320: 8b59 1047 | 8b54 dc0c | 4585 d276 | d045 8bea | 4489 4c24 | 38c5 fb10 | 4424 2049 | 63f1 448b 
  0x0000025051fba340: 54b1 10c4 | c179 6eca | 478b 74d4 | 0c85 db0f | 86bc 0200 | 008b 6810 | 418b cd41 | 2bc9 ffc9 
  0x0000025051fba360: 4585 f60f | 86fd 1000 | 0047 8b4c | d410 458b | 54ec 0c4d | 8d1c ec41 | 3bca 0f83 | 2012 0000 
  0x0000025051fba380: 4d63 d54c | 2bd6 4789 | 4c93 0c41 | 83fd 010f | 8e5e ffff | ff4d 63d6 | 4d3b c244 | 8bd3 450f 
  0x0000025051fba3a0: 4fd6 c4c1 | 797e cb4f | 8d2c dc41 | 8bfa ffcf | 443b d741 | bb00 0000 | 8041 0f4c | fb83 ff01 
  0x0000025051fba3c0: 0f8e 4a12 | 0000 4c8b | 5424 2045 | 8b5a 1043 | 8b6c dc0c | c4c1 797e | ca47 8b4c | d414 8b50 
  0x0000025051fba3e0: 148b cd2b | 4c24 38ff | c945 8b54 | d40c 4d8d | 1cd4 413b | ca0f 8320 | 1200 0048 | 8974 2420 
  0x0000025051fba400: c4c1 f96e | d8c5 f96e | d348 63f5 | 4c8b c64c | 2b44 2420 | 4789 4c83 | 0c83 fd02 | 0f8e c8fe 
  0x0000025051fba420: ffff c4c1 | 797e ca47 | 8b4c d418 | 8b50 1845 | 8b54 d40c | 4d8d 1cd4 | 413b ca0f | 83e5 1100 
  0x0000025051fba440: 0047 894c | 830c 83fd | 030f 8e9b | feff ff41 | ba03 0000 | 0044 3bd7 | 0f8d 4101 | 0000 c4c1 
  0x0000025051fba460: 797e ca47 | 8b4c d41c | 8b50 1c45 | 8b54 d40c | 4d8d 1cd4 | 413b ca0f | 83b4 1100 | 0047 894c 
  0x0000025051fba480: 830c 83fd | 040f 8e5f | feff ffc4 | c179 7eca | 478b 4cd4 | 2044 8b50 | 2043 8b54 | d40c 4f8d 
  0x0000025051fba4a0: 1cd4 3bca | 0f83 ce11 | 0000 4789 | 4c83 0c83 | fd05 0f8e | 32fe ffff | 4c8b d649 | 83c2 fe4c 
  0x0000025051fba4c0: 63df 458b | ca48 ffce | 8bd6 4c3b | de8b df0f | 4fda 4c63 | db4d 3bda | 410f 4fd9 | 83fb 050f 
  0x0000025051fba4e0: 8e9e 1100 | 0041 ba05 | 0000 000f | 1f44 0000 | 478b 4c95 | 1046 8b5c | 9010 438b | 54dc 0c49 
  0x0000025051fba500: c1e3 033b | ca0f 83ef | 0b00 0047 | 894c 830c | 468b 5c90 | 1447 8b4c | 9514 438b | 54dc 0c49 
  0x0000025051fba520: c1e3 033b | ca0f 83cc | 0b00 0047 | 894c 830c | 4183 c202 | 443b d37c | b744 3bd7 | 7d61 6690 
  0x0000025051fba540: 478b 4c95 | 1042 8b5c | 9010 418b | 54dc 0c4d | 8d1c dc3b | ca0f 839f | 0b00 0047 | 894c 830c 
  0x0000025051fba560: 418b daff | c33b dd0f | 8d7d fdff | ff47 8b4c | 9514 468b | 5c90 1443 | 8b54 dc0c | 49c1 e303 
  0x0000025051fba580: 3bca 0f83 | 0012 0000 | 4789 4c83 | 0c41 83c2 | 0244 3bd5 | 0f8d 50fd | ffff 443b | d77c a1c5 
  0x0000025051fba5a0: f97e d3c4 | c1f9 7ed8 | 488b 7424 | 2044 3bd3 | 7d62 6690 | 443b d373 | 5bc4 c1f9 | 7ec3 458b 
  0x0000025051fba5c0: 5b10 438b | 54dc 0c42 | 8b6c 9010 | 8bca 2b4c | 2438 ffc9 | 453b d60f | 838c 0e00 | 0047 8b4c 
  0x0000025051fba5e0: 9510 418b | 7cec 0c4d | 8d1c ec3b | cf0f 8307 | 0b00 0048 | 63ca 482b | ce45 894c | 8b0c 41ff 
  0x0000025051fba600: c244 3bd2 | 0f8d e9fc | ffff 443b | d37c a5eb | 0345 33d2 | bae4 ffff | ff48 8b2c | 2444 8b5c 
  0x0000025051fba620: 2408 4489 | 1c24 4c8b | 5c24 184c | 895c 2408 | 448b 4424 | 2844 8944 | 2404 448b | 4424 2c44 
  0x0000025051fba640: 8944 2410 | c5fb 1144 | 2418 4889 | 4424 2844 | 8954 2430 | c5f8 77e8 | a47c 44f8 | 41f7 c001 
  0x0000025051fba660: 0000 000f | 84cc 0000 | 0044 8b4b | 0c45 85c9 | 0f86 660f | 0000 8b4b | 1041 8b7c | cc0c 897c 
  0x0000025051fba680: 2410 4489 | 4c24 1444 | 895c 242c | 4489 5424 | 2848 895c | 2420 8954 | 240c 4489 | 4424 0848 
  0x0000025051fba6a0: ba08 6d00 | 0008 0000 | 0045 8bc1 | 448b cf90 | c5f8 77e8 | c81d 4ff8 | 448b 5c24 | 1441 ffcb 
  0x0000025051fba6c0: 443b 5c24 | 140f 83dd | 0e00 0044 | 8b50 0c45 | 85d2 0f86 | d00e 0000 | 453b da0f | 83c7 0e00 
  0x0000025051fba6e0: 0044 8b74 | 2410 41ff | ce8b 5c24 | 10d1 fb4c | 6344 2410 | 8beb 83c5 | fe3b dd41 | ba00 0000 
  0x0000025051fba700: 8041 0f4c | ea4c 63d3 | 498b d049 | 2bd2 8bfb | ffc7 48ff | ca45 33ed | e9b0 0600 | 0044 8b44 
  0x0000025051fba720: 2408 8b54 | 240c c4e1 | f97e c344 | 8b54 2428 | 448b 5c24 | 2c41 f7c0 | 0200 0000 | 7508 488b 
  0x0000025051fba740: c3e9 76fa | ffff 8b6b | 0c85 ed0f | 8621 0e00 | 0044 8b4b | 1047 8b4c | cc0c 896c | 2428 4489 
  0x0000025051fba760: 5c24 1444 | 8954 2410 | 4889 5c24 | 2089 5424 | 0c44 8944 | 2408 48ba | 086d 0000 | 0800 0000 
  0x0000025051fba780: 448b c590 | c5f8 77e8 | f41c 4ff8 | 448b 400c | 448b dd41 | d1fb 458b | d341 ffc2 | 4585 c00f 
  0x0000025051fba7a0: 8670 0d00 | 0045 3bd8 | 0f83 670d | 0000 4863 | ed49 63cb | 4c8b cd4c | 2bc9 49ff | c94c 3bcd 
  0x0000025051fba7c0: 0f83 4f0d | 0000 8b4c | 2428 ffc9 | 3b4c 2428 | 0f83 3f0d | 0000 4489 | 5424 2c4d | 63d0 4d3b 
  0x0000025051fba7e0: ca0f 8329 | 0d00 0041 | 3bc8 0f83 | 740d 0000 | 443b 5c24 | 280f 8370 | 0d00 0045 | 33d2 e913 
  0x0000025051fba800: 0200 000f | 1f80 0000 | 0000 660f | 1f44 0000 | 442b 5c24 | 1045 8bf3 | 41ff c644 | 8bde 453b 
  0x0000025051fba820: f10f 83a2 | 0900 0045 | 8b54 cc10 | 478b 54d4 | 0c45 3bda | 0f83 6b01 | 0000 c4c1 | f97e d245 
  0x0000025051fba840: 8b54 9210 | 478b 44d4 | 0c49 c1e2 | 0345 3bf0 | 0f83 9a09 | 0000 478b | 54b2 1041 | 83fa ff0f 
  0x0000025051fba860: 8436 0100 | 0045 8b44 | c40c 453b | d80f 8399 | 0900 0046 | 8954 9d10 | 4533 c0c4 | c1f9 7ed2 
  0x0000025051fba880: 418b 7210 | 458b 54f4 | 0c44 0354 | 2410 4d8b | b748 0300 | 0041 8bf3 | ffc6 4185 | 0641 3bf2 
  0x0000025051fba8a0: 0f8c 6aff | ffff 4d8b | 9748 0300 | 00ff c741 | 8502 3b3c | 240f 8df4 | 0000 00c4 | c1f9 7ec0 
  0x0000025051fba8c0: c4e1 f97e | cec5 f97e | da44 8b54 | 2410 448b | 5c24 1444 | 3b54 2408 | 0f8d e700 | 0000 4489 
  0x0000025051fba8e0: 5c24 1444 | 8954 2410 | c5f9 6eda | c4e1 f96e | cec4 c1f9 | 6ec0 c4c1 | f97e e241 | 8b44 ba10 
  0x0000025051fba900: 8bd7 412b | d341 3bfd | 0f83 8905 | 0000 448b | 5424 1044 | 3b54 2404 | 0f83 7905 | 0000 c4c1 
  0x0000025051fba920: f97e d245 | 8b54 9210 | 478b 44d4 | 0c45 85c0 | 0f86 0a0a | 0000 478b | 54d4 1041 | 83fa ff0f 
  0x0000025051fba940: 844a 0500 | 0045 8b44 | c40c 448b | 5c24 1045 | 3bd8 0f83 | b908 0000 | 4d8d 04c4 | 4789 5498 
  0x0000025051fba960: 1045 33c0 | c4c1 f97e | d245 8b52 | 1047 8b5c | d40c 4403 | 5c24 1041 | 3bdb 0f8d | 26ff ffff 
  0x0000025051fba980: 413b fd0f | 83bf 0600 | 0049 8d2c | c444 8bdb | 41be 0100 | 0000 e983 | feff ffc4 | c1f9 7ec8 
  0x0000025051fba9a0: e9d6 feff | ffc4 c1f9 | 7ec8 e9cc | feff ffc5 | f877 4883 | c460 5d49 | 3ba7 4003 | 0000 0f87 
  0x0000025051fba9c0: f010 0000 | c344 895c | 2414 4489 | 5424 10c5 | f96e dac4 | e1f9 6ece | c4c1 f96e | c04c 8bc6 
  0x0000025051fba9e0: e9c1 feff | ffc4 c1f9 | 7ec3 c4c1 | 797e d2c4 | e1f9 7ee0 | c4e1 f97e | f54d 8b87 | 4803 0000 
  0x0000025051fbaa00: 41ff c241 | 8500 443b | 5424 2c0f | 8d98 f7ff | ff4c 895c | 2420 4c8b | 5c24 2045 | 8b43 1043 
  0x0000025051fbaa20: 8b7c c40c | 85ff 76d1 | c5fb 1044 | 2420 c4c1 | 796e d24d | 63c2 4c8b | dd4d 2bd8 | 4c8b 5424 
  0x0000025051fbaa40: 2047 8b54 | 9a0c c4c1 | 796e ca47 | 8b6c d40c | 468b 5480 | 10c4 c179 | 6eda 478b | 4cd4 0c4c 
  0x0000025051fbaa60: 8b54 2420 | 478b 5482 | 10c4 c179 | 6eea 438b | 4cd4 0c42 | 8b5c 980c | 458b 74dc | 0c45 85ed 
  0x0000025051fbaa80: 0f86 2e09 | 0000 41ba | 0100 0000 | 453b d545 | 0f4f d5c4 | c179 7edb | 4f8d 04dc | c4c1 797e 
  0x0000025051fbaaa0: cb4b 8d14 | dc41 8bf8 | 498d 34dc | c1ef 02c4 | c179 7eeb | 49c1 e303 | 83e7 0341 | 03fa f7df 
  0x0000025051fbaac0: 83e7 0341 | 03fa 413b | fd41 0f4f | fd45 33d2 | eb0e 6690 | 448b d144 | 8b4c 2420 | 8b4c 2424 
  0x0000025051fbaae0: 453b d50f | 8382 0100 | 00c5 f96e | fb89 4c24 | 2444 894c | 2420 c4e1 | f96e f5c4 | e1f9 6ee0 
  0x0000025051fbab00: 468b 4c92 | 1044 3b54 | 2420 0f83 | 1807 0000 | 4789 4c90 | 1044 3bd1 | 0f83 6607 | 0000 478b 
  0x0000025051fbab20: 4c93 1045 | 3bd6 0f83 | b807 0000 | 4689 4c96 | 10c4 c1f9 | 7ec1 418b | 4910 458b | 4ccc 0c41 
  0x0000025051fbab40: 8bca ffc1 | 413b c90f | 8d98 feff | ff3b cf0f | 8c7f ffff | ff49 63dd | 4963 c648 | 636c 2424 
  0x0000025051fbab60: 4863 7c24 | 2048 3bdf | 418b fd0f | 4f7c 2420 | 4963 d94c | 63cf 4c3b | cd0f 4f7c | 2424 48ff 
  0x0000025051fbab80: cb4c 63cf | 4c3b c841 | 0f4f fe44 | 8bcb 4863 | c748 3bc3 | 410f 4ff9 | 448b cf41 | 83c1 f941 
  0x0000025051fbaba0: 3bf9 bf00 | 0000 8044 | 0f4c cf41 | 3bc9 0f8d | 0808 0000 | 41ff c266 | 0f1f 8400 | 0000 0000 
  0x0000025051fbabc0: c421 7a6f | 4492 10c4 | 017a 7f44 | 9010 c401 | 7a6f 4493 | 10c4 217a | 7f44 9610 | c421 7a6f 
  0x0000025051fbabe0: 4492 20c4 | 017a 7f44 | 9020 c401 | 7a6f 4493 | 20c4 217a | 7f44 9620 | 4183 c208 | 453b d17c 
  0x0000025051fbac00: bf45 3bd5 | 7d59 6690 | 453b d573 | 5946 8b4c | 9210 443b | 5424 200f | 830b 0600 | 0047 894c 
  0x0000025051fbac20: 9010 443b | 5424 240f | 8357 0600 | 0047 8b4c | 9310 453b | d60f 83a9 | 0600 0046 | 894c 9610 
  0x0000025051fbac40: c4c1 f97e | c141 8b49 | 1045 8b4c | cc0c 41ff | c245 3bd1 | 0f8d 8bfd | ffff 453b | d57c a9c4 
  0x0000025051fbac60: e1f9 7ee0 | eb05 c4e1 | f97e e0ba | e4ff ffff | 488b 2c24 | 448b 4424 | 0844 8904 | 244c 8b5c 
  0x0000025051fbac80: 2418 4c89 | 5c24 0844 | 8b44 2410 | 4489 4424 | 0444 8b5c | 2414 4489 | 5c24 10c5 | fb11 4424 
  0x0000025051fbaca0: 1848 8944 | 2420 4489 | 5424 2844 | 8954 242c | c5fa 1154 | 2430 c5fa | 115c 2434 | c5fa 114c 
  0x0000025051fbacc0: 2438 6690 | c5f8 77e8 | 3476 44f8 | 0f1f 4000 | 448b d942 | 8b5c 9f0c | 8b4c 2410 | 412b c949 
  0x0000025051fbace0: 63d1 895c | 9010 8b5c | 9710 4289 | 5c98 0c49 | 8bd8 482b | da44 8b5c | 9f08 4489 | 5c90 1444 
  0x0000025051fbad00: 8b5c 9714 | 4489 5c98 | 0844 8b5c | 9f04 4489 | 5c90 1844 | 8b5c 9718 | 4489 5c98 | 0444 8b1c 
  0x0000025051fbad20: 9f44 895c | 901c 8b74 | 971c 8934 | 9883 c1fc | 4183 c104 | 453b ca7c | 974d 8b97 | 4803 0000 
  0x0000025051fbad40: 4185 0244 | 3bcd 7d2a | 448b d944 | 8bd5 452b | d141 3be9 | 440f 4c54 | 240c 4181 | faa0 0f00 
  0x0000025051fbad60: 00b9 a00f | 0000 440f | 47d1 4503 | d1e9 61ff | ffff c5f9 | 7ecb c4e1 | f97e d244 | 3b4c 2430 
  0x0000025051fbad80: 7d2a 6690 | 8b74 8f0c | 4289 7488 | 1042 8b74 | 8f10 8974 | 880c 418b | f1ff c63b | 7424 307d 
  0x0000025051fbada0: 0b41 8bce | 412b c944 | 8bce ebd8 | 4d8b 9748 | 0300 0041 | ffc5 4185 | 0244 3b6c | 2414 0f8d 
  0x0000025051fbadc0: 59f9 ffff | c4e1 f97e | c08b 7c24 | 304c 8b54 | 2420 418b | 7210 85f6 | 0f84 6b05 | 0000 478b 
  0x0000025051fbade0: 4caa 1047 | 8b54 cc0c | 428b 4ca8 | 1045 8b5c | cc0c 897c | 2430 488b | fa8b d3c4 | e1f9 6ec0 
  0x0000025051fbae00: 4963 da48 | 3bfb 0f83 | 4c05 0000 | 453b f20f | 8343 0500 | 0045 85db | 0f86 3a05 | 0000 8bda 
  0x0000025051fbae20: 413b db0f | 832f 0500 | 0045 85d2 | 0f86 2605 | 0000 413b | da0f 831d | 0500 004d | 63d3 488b 
  0x0000025051fbae40: d749 3bd2 | 0f83 0e05 | 0000 453b | f30f 8305 | 0500 0049 | 8d04 cc4b | 8d3c cc42 | 8b74 870c 
  0x0000025051fbae60: 4189 74cc | 1047 8b5c | cc10 4689 | 5c80 0c83 | fd01 0f8e | 2005 0000 | 458b de41 | b901 0000 
  0x0000025051fbae80: 00c5 f96e | cbc4 e1f9 | 6ed2 e9bc | feff ff4c | 8bc6 e9cd | faff ff4c | 8bc6 e9c5 | faff ff43 
  0x0000025051fbaea0: 8b6c dc18 | 85ed 0f84 | e207 0000 | 478b 4cdc | 0841 81f9 | 98b0 1400 | 0f84 f207 | 0000 4d8d 
  0x0000025051fbaec0: 1cec 458b | 430c 453b | c20f 8581 | 0200 0045 | 8b43 104d | 8bc8 49c1 | e103 c4e1 | f97e d94c 
  0x0000025051fbaee0: 3bc9 0f84 | ccf1 ffff | 0fbe 5910 | 493b c90f | 84bf f1ff | ff47 8b4c | c408 4181 | f970 e900 
  0x0000025051fbaf00: 000f 85c1 | 0800 0049 | c1e0 0341 | 0fbe 6810 | 3bdd 0f85 | 7808 0000 | 418b 5814 | 448b 4914 
  0x0000025051fbaf20: 458b 44dc | 0c43 8b4c | cc0c 413b | c80f 85d8 | 0000 004d | 8d04 dc49 | 8d74 dc10 | 4f8d 04cc 
  0x0000025051fbaf40: 4b8d 7ccc | 1085 c90f | 84a5 0000 | 008b c183 | e01f 83e1 | e00f 844b | 0000 0048 | 8d3c 0f48 
  0x0000025051fbaf60: 8d34 0e48 | f7d9 c5fe | 6f2c 0fc5 | fe6f 240e | c5d5 efec | c4e2 7d17 | ed0f 857a | 0000 0048 
  0x0000025051fbaf80: 83c1 2075 | e185 c00f | 8465 0000 | 00c5 fe6f | 6c07 e0c5 | fe6f 6406 | e0c5 d5ef | ecc4 e27d 
  0x0000025051fbafa0: 17ed 7555 | eb4c 8bc8 | 83e1 fc74 | 1948 8d3c | 0f48 8d34 | 0e48 f7d9 | 8b1c 0f3b | 1c0e 7539 
  0x0000025051fbafc0: 4883 c104 | 75f2 f7c0 | 0200 0000 | 7412 0fb7 | 1f0f b70e | 3bd9 7521 | 488d 7f02 | 488d 7602 
  0x0000025051fbafe0: f7c0 0100 | 0000 740a | 0fb6 1f0f | b60e 3bd9 | 7507 b801 | 0000 00eb | 0233 c0c5 | d5ef edc5 
  0x0000025051fbb000: ddef e485 | c00f 85a9 | f0ff ffba | 45ff ffff | 488b 2c24 | c5fa 1104 | 24c5 fa11 | 4c24 04c5 
  0x0000025051fbb020: fa11 5424 | 084c 8b44 | 2418 4c89 | 4424 10c5 | fb11 5c24 | 184c 895c | 2420 4489 | 5424 0c90 
  0x0000025051fbb040: c5f8 77e8 | b872 44f8 | 448b db41 | ba01 0000 | 00eb 1b0f | 1f80 0000 | 0000 660f | 1f44 0000 
  0x0000025051fbb060: 442b 5c24 | 1045 8bd3 | 41ff c244 | 8bda 453b | d10f 8352 | 0100 0045 | 3b64 cc10 | 0f84 2403 
  0x0000025051fbb080: 0000 c4e1 | f97e d244 | 8b42 1047 | 8b54 c40c | 4403 5424 | 104d 8b87 | 4803 0000 | 418b d3ff 
  0x0000025051fbb0a0: c241 8500 | 413b d27c | b7c4 c1f9 | 7ec8 e9f3 | f7ff ffc5 | 7a2c d041 | 81fa 0000 | 0080 7510 
  0x0000025051fbb0c0: 4883 ec08 | c5fa 1104 | 24e8 2560 | 3ff8 415a | e964 f0ff | ffc5 7a2c | d941 81fb | 0000 0080 
  0x0000025051fbb0e0: 7510 4883 | ec08 c5fa | 110c 24e8 | 0360 3ff8 | 415b e99c | f0ff ff41 | ffc2 bae4 | ffff ff48 
  0x0000025051fbb100: 8b2c 2444 | 8b44 2408 | 4489 0424 | 4c8b 4424 | 184c 8944 | 2408 8b5c | 2428 895c | 2404 448b 
  0x0000025051fbb120: 4424 2c44 | 8944 2410 | c5fb 1144 | 2418 4889 | 4424 2044 | 8954 2414 | 4c89 5c24 | 2889 4c24 
  0x0000025051fbb140: 3044 894c | 2434 6690 | c5f8 77e8 | b071 44f8 | 458b 5b18 | 4d8b 8748 | 0300 0041 | 8500 4585 
  0x0000025051fbb160: db0f 8427 | 0500 0049 | c1e3 03e9 | 52fd ffff | 33c9 33d2 | 4533 d2e9 | a8ed ffff | 41f7 dbe9 
  0x0000025051fbb180: 06f0 ffff | 41f7 dae9 | a4ef ffff | 33d2 c4c1 | f97e da41 | c642 1101 | 33c9 4533 | d2e9 82ed 
  0x0000025051fbb1a0: ffff 448b | 4424 088b | 5424 0c48 | 8bd8 448b | 5424 2844 | 8b5c 242c | e99f f4ff | ff33 c933 
  0x0000025051fbb1c0: d245 33d2 | e95b edff | ffba 45ff | ffff c4e1 | f97e c5c5 | fb11 0c24 | c5fb 1154 | 2408 897c 
  0x0000025051fbb1e0: 2418 4489 | 5c24 1c90 | c5f8 77e8 | 1071 44f8 | c4c1 796e | deba e6ff | ffff 498b | eac5 fa11 
  0x0000025051fbb200: 1c24 6690 | c5f8 77e8 | f470 44f8 | 4489 5c24 | 10ba e6ff | ffff 8be8 | 4489 5424 | 0466 6690 
  0x0000025051fbb220: c5f8 77e8 | d870 44f8 | bae4 ffff | ff48 8b2c | 2444 8b5c | 2408 4489 | 1c24 4c8b | 5c24 184c 
  0x0000025051fbb240: 895c 2408 | 448b 4424 | 1044 8944 | 2404 448b | 5c24 1444 | 895c 2410 | c5fb 1144 | 2418 c5fb 
  0x0000025051fbb260: 1164 2420 | 4489 5424 | 2844 894c | 242c c5fa | 1154 2430 | c5fa 115c | 2434 6690 | c5f8 77e8 
  0x0000025051fbb280: 7c70 44f8 | bae4 ffff | ff48 8b2c | 2444 8b44 | 2408 4489 | 0424 4c8b | 5c24 184c | 895c 2408 
  0x0000025051fbb2a0: 448b 5c24 | 1044 895c | 2404 448b | 4424 1444 | 8944 2410 | c5fb 1144 | 2418 c5fb | 1164 2420 
  0x0000025051fbb2c0: 4489 5424 | 2844 8954 | 242c c5fa | 1154 2430 | c5fa 116c | 2434 c5fa | 117c 2438 | c5f8 77e8 
  0x0000025051fbb2e0: 1c70 44f8 | bae4 ffff | ff48 8b2c | 2444 8b5c | 2408 4489 | 1c24 4c8b | 5c24 184c | 895c 2408 
  0x0000025051fbb300: 448b 5c24 | 1044 895c | 2404 448b | 4424 1444 | 8944 2410 | c5fb 1144 | 2418 c5fb | 1164 2420 
  0x0000025051fbb320: 4489 5424 | 2844 894c | 242c c5fa | 1154 2430 | c5fa 117c | 2434 6690 | c5f8 77e8 | c06f 44f8 
  0x0000025051fbb340: 49c1 e203 | e9ac feff | ffba f6ff | ffff 6690 | c5f8 77e8 | a86f 44f8 | 418b 6cf4 | 0cd1 fdff 
  0x0000025051fbb360: c5ba 76ff | ffff 4c8b | 5424 184c | 8954 2410 | 448b 5c24 | 2844 895c | 240c 448b | 5424 2c44 
  0x0000025051fbb380: 8954 2418 | 4889 4424 | 2844 896c | 241c 6690 | c5f8 77e8 | 686f 44f8 | 418b ce41 | b901 0000 
  0x0000025051fbb3a0: 00e9 d5f9 | ffff baf6 | ffff ff90 | c5f8 77e8 | 4c6f 44f8 | 4533 d2e9 | aff8 ffff | 448b d1e9 
  0x0000025051fbb3c0: 3df8 ffff | bade ffff | ffc5 fa11 | 4424 08c5 | fa11 4c24 | 0c44 894c | 2410 4c89 | 4424 2090 
  0x0000025051fbb3e0: c5f8 77e8 | 186f 44f8 | bae4 ffff | ff48 8b2c | 24c5 fa11 | 0c24 c5fa | 1154 2404 | 4c8b 5424 
  0x0000025051fbb400: 184c 8954 | 2408 c5fa | 1144 2418 | 4889 5c24 | 2066 6690 | c5f8 77e8 | e46e 44f8 | 4c8b 0424 
  0x0000025051fbb420: 488b 7424 | 18ba beff | ffff 498b | e848 8934 | 2448 8944 | 2408 4489 | 5424 1044 | 895c 2418 
  0x0000025051fbb440: 4489 5c24 | 1c89 5c24 | 2066 6690 | c5f8 77e8 | ac6e 44f8 | 4c8b 0424 | 488b 7424 | 18eb c648 
  0x0000025051fbb460: 8b74 2418 | ebbf 4533 | d2ba e4ff | ffff 4c8b | 5c24 184c | 895c 2410 | 448b 4424 | 2844 8944 
  0x0000025051fbb480: 240c 448b | 4424 2c44 | 8944 2418 | c5fb 1144 | 2420 4889 | 4424 2889 | 4c24 3044 | 8954 2434 
  0x0000025051fbb4a0: c5fa 114c | 243c 6690 | c5f8 77e8 | 506e 44f8 | ba45 ffff | ff48 8b2c | 24c5 fa11 | 0424 c5fa 
  0x0000025051fbb4c0: 114c 2404 | 4489 4c24 | 0848 897c | 2410 4c89 | 4424 1889 | 4c24 2044 | 895c 2424 | c5f8 77e8 
  0x0000025051fbb4e0: 1c6e 44f8 | ba45 ffff | ff4c 8b4c | 2418 4c89 | 4c24 0848 | 8944 2410 | 4489 5424 | 1844 895c 
  0x0000025051fbb500: 241c 4489 | 4424 2090 | c5f8 77e8 | f06d 44f8 | 448b 5424 | 2cba beff | ffff 488b | 2c24 448b 
  0x0000025051fbb520: 4424 0844 | 8904 244c | 8b5c 2418 | 4c89 5c24 | 0844 8b5c | 2410 4489 | 5c24 0444 | 8b44 2414 
  0x0000025051fbb540: 4489 4424 | 104c 8b5c | 2420 4c89 | 5c24 1848 | 8944 2420 | 4489 5424 | 1466 6690 | c5f8 77e8 
  0x0000025051fbb560: 9c6d 44f8 | 448b 5424 | 2ceb aa44 | 8b54 242c | eba3 bae4 | ffff ff44 | 8944 2408 | 4c8b 4424 
  0x0000025051fbb580: 184c 8944 | 2410 4489 | 5424 0c44 | 895c 2418 | 4889 5c24 | 2866 6690 | c5f8 77e8 | 606d 44f8 
  0x0000025051fbb5a0: 4533 d2e9 | 52fb ffff | babe ffff | ff48 8b2c | 2444 8b5c | 2408 4489 | 1c24 4c8b | 5424 184c 
  0x0000025051fbb5c0: 8954 2408 | 4c8b 5424 | 204c 8954 | 2418 4889 | 4424 2090 | c5f8 77e8 | 246d 44f8 | bae4 ffff 
  0x0000025051fbb5e0: ff48 8b2c | 2444 8904 | 244c 8b44 | 2418 4c89 | 4424 0844 | 8954 2404 | 4489 5c24 | 1048 895c 
  0x0000025051fbb600: 2420 4489 | 4c24 1490 | c5f8 77e8 | f06c 44f8 | 41ba 0100 | 0000 e992 | efff ff41 | ba01 0000 
  0x0000025051fbb620: 00e9 d4fa | ffff 41ba | 0200 0000 | e9c9 faff | ff41 ba03 | 0000 00e9 | befa ffff | ba76 ffff 
  0x0000025051fbb640: ffc5 fa11 | 4424 08c5 | fa11 4c24 | 0c44 894c | 2410 894c | 2414 4c89 | 5424 2889 | 7c24 3444 
  0x0000025051fbb660: 895c 2438 | c5f8 77e8 | 946c 44f8 | be01 0000 | 0033 d2e9 | 83e8 ffff | 41ba 0400 | 0000 e977 
  0x0000025051fbb680: faff ff41 | ba05 0000 | 00e9 abee | ffff baf4 | ffff ff48 | 8b2c 24c5 | fa11 0424 | c5fa 114c 
  0x0000025051fbb6a0: 2404 c5fa | 1154 2408 | c5f8 77e8 | 506c 44f8 | ba45 ffff | ffc5 fa11 | 4424 08c5 | fa11 4c24 
  0x0000025051fbb6c0: 0cc5 fa11 | 5424 10c5 | fb11 5c24 | 2044 895c | 2414 4489 | 5424 2890 | c5f8 77e8 | 206c 44f8 
  0x0000025051fbb6e0: babe ffff | ff48 8b2c | 2444 8b54 | 2408 4489 | 1424 4c8b | 5424 184c | 8954 2408 | 4c8b 5424 
  0x0000025051fbb700: 204c 8954 | 2418 4889 | 4424 2090 | c5f8 77e8 | ec6b 44f8 | ba45 ffff | ffc5 fa11 | 4424 08c5 
  0x0000025051fbb720: fa11 4c24 | 0cc5 fa11 | 5424 10c5 | fb11 5c24 | 2844 895c | 2414 4489 | 5424 304c | 8944 2438 
  0x0000025051fbb740: 894c 2434 | c5f8 77e8 | b46b 44f8 | 4585 d240 | 0f95 c540 | 0fb6 ed83 | f501 ba45 | ffff ffc5 
  0x0000025051fbb760: fa11 4424 | 08c5 fa11 | 4c24 0c44 | 894c 2410 | 894c 2414 | c5fb 115c | 2428 4489 | 5c24 3090 
  0x0000025051fbb780: c5f8 77e8 | 786b 44f8 | 448b d3e9 | 6af9 ffff | ba45 ffff | ffc5 fa11 | 4424 08c5 | fa11 4c24 
  0x0000025051fbb7a0: 0cc5 fa11 | 5424 10c5 | fb11 5c24 | 284c 895c | 2430 4489 | 5424 144c | 8944 2438 | 895c 2440 
  0x0000025051fbb7c0: c5f8 77e8 | 386b 44f8 | bade ffff | ff48 8b2c | 24c5 fa11 | 0424 c5fa | 114c 2404 | c5fa 1154 
  0x0000025051fbb7e0: 2408 4c8b | 4c24 184c | 894c 2410 | c5fb 115c | 2420 4c89 | 5c24 2844 | 8954 240c | 4489 4424 
  0x0000025051fbb800: 3466 6690 | c5f8 77e8 | f46a 44f8 | bade ffff | ffc5 fa11 | 4424 08c5 | fa11 4c24 | 0cc5 fa11 
  0x0000025051fbb820: 5424 1090 | c5f8 77e8 | d46a 44f8 | bade ffff | ff48 8b2c | 24c5 fa11 | 0424 c5fa | 114c 2404 
  0x0000025051fbb840: c5fa 1154 | 2408 4c8b | 4424 184c | 8944 2410 | c5fb 115c | 2420 4489 | 5c24 0c44 | 8954 2428 
  0x0000025051fbb860: 4489 4c24 | 3066 6690 | c5f8 77e8 | 906a 44f8 | baf6 ffff | ff8b e944 | 890c 2490 | c5f8 77e8 
  0x0000025051fbb880: 7c6a 44f8 | baf6 ffff | ff66 6690 | c5f8 77e8 | 6c6a 44f8 | c4c1 796e | deba f6ff | ffff c5f9 
  0x0000025051fbb8a0: 7edd 6690 | c5f8 77e8 | 546a 44f8 | 4489 5c24 | 10ba f6ff | ffff 4489 | 1424 6690 | c5f8 77e8 
  0x0000025051fbb8c0: 3c6a 44f8 | baf6 ffff | ff66 6690 | c5f8 77e8 | 2c6a 44f8 | ba76 ffff | ff48 8b2c | 2444 8b54 
  0x0000025051fbb8e0: 2408 4489 | 1424 4c8b | 5424 184c | 8954 2408 | 448b 5424 | 1044 8954 | 2404 448b | 5c24 1444 
  0x0000025051fbb900: 895c 2410 | 48ff 7424 | 2048 8f44 | 2418 4889 | 4424 20c5 | fa11 5424 | 1489 7c24 | 2866 6690 
  0x0000025051fbb920: c5f8 77e8 | d869 44f8 | baf6 ffff | ff66 6690 | c5f8 77e8 | c869 44f8 | 488b d0eb | 0848 8bd0 
  0x0000025051fbb940: eb03 488b | d0c5 f877 | 4883 c460 | 5de9 ae73 | 4ff8 baf6 | ffff ff49 | 8be8 6690 | c5f8 77e8 
  0x0000025051fbb960: 9c69 44f8 | baf6 ffff | ff66 6690 | c5f8 77e8 | 8c69 44f8 | 488b 7424 | 18e9 a7fa | ffff 488b 
  0x0000025051fbb980: 7424 18e9 | 9dfa ffff | baf6 ffff | ff66 6690 | c5f8 77e8 | 6869 44f8 | baf6 ffff | ff66 6690 
  0x0000025051fbb9a0: c5f8 77e8 | 5869 44f8 | baf6 ffff | ff66 6690 | c5f8 77e8 | 4869 44f8 | ba76 ffff | ff48 8b2c 
  0x0000025051fbb9c0: 2444 8b54 | 2408 4489 | 1424 4c8b | 5424 184c | 8954 2408 | 448b 5c24 | 2844 895c | 2404 48ff 
  0x0000025051fbb9e0: 7424 2048 | 8f44 2418 | 4889 4424 | 2044 896c | 2428 6690 | c5f8 77e8 | 0469 44f8 | baf6 ffff 
  0x0000025051fbba00: ff66 6690 | c5f8 77e8 | f468 44f8 | ba45 ffff | ff48 8b2c | 24c5 fa11 | 0424 c5fa | 114c 2404 
  0x0000025051fbba20: c5fa 1154 | 2408 4c8b | 4424 184c | 8944 2410 | c5fb 115c | 2420 4489 | 5c24 0c44 | 8954 2428 
  0x0000025051fbba40: 4489 4c24 | 2c66 6690 | c5f8 77e8 | b068 44f8 | baf6 ffff | ff66 6690 | c5f8 77e8 | a068 44f8 
  0x0000025051fbba60: baf6 ffff | ff66 6690 | c5f8 77e8 | 9068 44f8 | ba45 ffff | ff48 8b2c | 24c5 fa11 | 0424 c5fa 
  0x0000025051fbba80: 114c 2404 | c5fa 1154 | 2408 4c8b | 4c24 184c | 894c 2410 | c5fb 115c | 2420 4c89 | 5c24 2844 
  0x0000025051fbbaa0: 8954 240c | 4489 4424 | 3066 6690 | c5f8 77e8 | 4c68 44f8 | 49ba b7a9 | fb51 5002 | 0000 4d89 
  0x0000025051fbbac0: 9758 0300 | 00e9 3679 | 44f8 f4f4 | f4f4 f4f4 | f4f4 f4f4 | f4f4 f4f4 | f4f4 f4f4 | f4f4 f4f4 
  0x0000025051fbbae0: e99b 8d4e | f8e8 0000 | 0000 4883 | 2c24 05e9 | ac6b 44f8 | f4f4 f4f4 
[/MachCode]
--------------------------------------------------------------------------------


---------------  P R O C E S S  ---------------

Threads class SMR info:
_java_thread_list=0x0000025067b3ee50, length=24, elements={
0x000002506667ed20, 0x00000250666809a0, 0x0000025066695ef0, 0x00000250666978b0,
0x0000025066698260, 0x0000025066698c10, 0x000002506669cdf0, 0x00000250666a58a0,
0x00000250666b0a70, 0x0000025067109aa0, 0x000002506711f890, 0x0000025067129b70,
0x000002504110e5e0, 0x00000250672f3420, 0x000002506733aa00, 0x0000025067344560,
0x0000025067a8e1b0, 0x0000025067b417e0, 0x0000025067b43eb0, 0x0000025067b43510,
0x00000250673545b0, 0x0000025067b10de0, 0x0000025067b11700, 0x0000025067b41d00
}

Java Threads: ( => current thread )
  0x000002506667ed20 JavaThread "Reference Handler" daemon [_thread_blocked, id=22740, stack(0x000000e80ea00000,0x000000e80eb00000)]
  0x00000250666809a0 JavaThread "Finalizer" daemon [_thread_blocked, id=20556, stack(0x000000e80eb00000,0x000000e80ec00000)]
  0x0000025066695ef0 JavaThread "Signal Dispatcher" daemon [_thread_blocked, id=596, stack(0x000000e80ec00000,0x000000e80ed00000)]
  0x00000250666978b0 JavaThread "Attach Listener" daemon [_thread_blocked, id=20796, stack(0x000000e80ed00000,0x000000e80ee00000)]
  0x0000025066698260 JavaThread "Service Thread" daemon [_thread_blocked, id=22840, stack(0x000000e80ee00000,0x000000e80ef00000)]
  0x0000025066698c10 JavaThread "Monitor Deflation Thread" daemon [_thread_blocked, id=22568, stack(0x000000e80ef00000,0x000000e80f000000)]
  0x000002506669cdf0 JavaThread "C2 CompilerThread0" daemon [_thread_blocked, id=21412, stack(0x000000e80f000000,0x000000e80f100000)]
  0x00000250666a58a0 JavaThread "C1 CompilerThread0" daemon [_thread_blocked, id=23020, stack(0x000000e80f100000,0x000000e80f200000)]
  0x00000250666b0a70 JavaThread "Sweeper thread" daemon [_thread_blocked, id=23832, stack(0x000000e80f200000,0x000000e80f300000)]
  0x0000025067109aa0 JavaThread "C1 CompilerThread1" daemon [_thread_blocked, id=10932, stack(0x000000e80f300000,0x000000e80f400000)]
  0x000002506711f890 JavaThread "Notification Thread" daemon [_thread_blocked, id=21852, stack(0x000000e80f400000,0x000000e80f500000)]
  0x0000025067129b70 JavaThread "Common-Cleaner" daemon [_thread_blocked, id=19916, stack(0x000000e80f600000,0x000000e80f700000)]
  0x000002504110e5e0 JavaThread "DestroyJavaVM" [_thread_blocked, id=17932, stack(0x000000e80e300000,0x000000e80e400000)]
  0x00000250672f3420 JavaThread "Java2D Disposer" daemon [_thread_blocked, id=1512, stack(0x000000e80f800000,0x000000e80f900000)]
  0x000002506733aa00 JavaThread "AWT-Shutdown" [_thread_blocked, id=24312, stack(0x000000e80fa00000,0x000000e80fb00000)]
  0x0000025067344560 JavaThread "AWT-Windows" daemon [_thread_in_native, id=524, stack(0x000000e80fb00000,0x000000e80fc00000)]
  0x0000025067a8e1b0 JavaThread "AWT-EventQueue-0" [_thread_blocked, id=4700, stack(0x000000e810800000,0x000000e810900000)]
=>0x0000025067b417e0 JavaThread "Thread-2" [_thread_in_Java, id=22784, stack(0x000000e810900000,0x000000e810a00000)]
  0x0000025067b43eb0 JavaThread "Thread-1" [_thread_in_Java, id=20928, stack(0x000000e810a00000,0x000000e810b00000)]
  0x0000025067b43510 JavaThread "D3D Screen Updater" daemon [_thread_blocked, id=17180, stack(0x000000e80f700000,0x000000e80f800000)]
  0x00000250673545b0 JavaThread "C2 CompilerThread1" daemon [_thread_blocked, id=10796, stack(0x000000e80f900000,0x000000e80fa00000)]
  0x0000025067b10de0 JavaThread "C2 CompilerThread2" daemon [_thread_blocked, id=6660, stack(0x000000e810b00000,0x000000e810c00000)]
  0x0000025067b11700 JavaThread "C2 CompilerThread3" daemon [_thread_blocked, id=15640, stack(0x000000e810c00000,0x000000e810d00000)]
  0x0000025067b41d00 JavaThread "Thread-3" [_thread_in_Java, id=7804, stack(0x000000e810d00000,0x000000e810e00000)]

Other Threads:
  0x0000025066679220 VMThread "VM Thread" [stack: 0x000000e80e900000,0x000000e80ea00000] [id=21972]
  0x00000250411a0710 WatcherThread [stack: 0x000000e80f500000,0x000000e80f600000] [id=1476]
  0x000002504115c310 GCTaskThread "GC Thread#0" [stack: 0x000000e80e400000,0x000000e80e500000] [id=15196]
  0x000002504116c8e0 ConcurrentGCThread "G1 Main Marker" [stack: 0x000000e80e500000,0x000000e80e600000] [id=16040]
  0x00000250411709b0 ConcurrentGCThread "G1 Conc#0" [stack: 0x000000e80e600000,0x000000e80e700000] [id=21300]
  0x00000250665434e0 ConcurrentGCThread "G1 Refine#0" [stack: 0x000000e80e700000,0x000000e80e800000] [id=22640]
  0x0000025066543e00 ConcurrentGCThread "G1 Service" [stack: 0x000000e80e800000,0x000000e80e900000] [id=6788]

Threads with active compile tasks:

VM state: not at safepoint (normal execution)

VM Mutex/Monitor currently owned by a thread: None

Heap address: 0x0000000709600000, size: 3946 MB, Compressed Oops mode: Zero based, Oop shift amount: 3

CDS archive(s) mapped at: [0x0000000800000000-0x0000000800bc0000-0x0000000800bc0000), size 12320768, SharedBaseAddress: 0x0000000800000000, ArchiveRelocationMode: 0.
Compressed class space mapped at: 0x0000000800c00000-0x0000000840c00000, reserved size: 1073741824
Narrow klass base: 0x0000000800000000, Narrow klass shift: 0, Narrow klass range: 0x100000000

GC Precious Log:
 CPUs: 16 total, 16 available
 Memory: 15776M
 Large Page Support: Disabled
 NUMA Support: Disabled
 Compressed Oops: Enabled (Zero based)
 Heap Region Size: 2M
 Heap Min Capacity: 8M
 Heap Initial Capacity: 248M
 Heap Max Capacity: 3946M
 Pre-touch: Disabled
 Parallel Workers: 13
 Concurrent Workers: 3
 Concurrent Refinement Workers: 13
 Periodic GC: Disabled

Heap:
 garbage-first heap   total 253952K, used 24576K [0x0000000709600000, 0x0000000800000000)
  region size 2048K, 11 young (22528K), 0 survivors (0K)
 Metaspace       used 6964K, committed 7104K, reserved 1056768K
  class space    used 751K, committed 832K, reserved 1048576K

Heap Regions: E=young(eden), S=young(survivor), O=old, HS=humongous(starts), HC=humongous(continues), CS=collection set, F=free, OA=open archive, CA=closed archive, TAMS=top-at-mark-start (previous, next)
|   0|0x0000000709600000, 0x0000000709800000, 0x0000000709800000|100%|HS|  |TAMS 0x0000000709600000, 0x0000000709600000| Complete 
|   1|0x0000000709800000, 0x0000000709a00000, 0x0000000709a00000|100%|HC|  |TAMS 0x0000000709800000, 0x0000000709800000| Complete 
|   2|0x0000000709a00000, 0x0000000709a00000, 0x0000000709c00000|  0%| F|  |TAMS 0x0000000709a00000, 0x0000000709a00000| Untracked 
|   3|0x0000000709c00000, 0x0000000709c00000, 0x0000000709e00000|  0%| F|  |TAMS 0x0000000709c00000, 0x0000000709c00000| Untracked 
|   4|0x0000000709e00000, 0x0000000709e00000, 0x000000070a000000|  0%| F|  |TAMS 0x0000000709e00000, 0x0000000709e00000| Untracked 
|   5|0x000000070a000000, 0x000000070a000000, 0x000000070a200000|  0%| F|  |TAMS 0x000000070a000000, 0x000000070a000000| Untracked 
|   6|0x000000070a200000, 0x000000070a200000, 0x000000070a400000|  0%| F|  |TAMS 0x000000070a200000, 0x000000070a200000| Untracked 
|   7|0x000000070a400000, 0x000000070a400000, 0x000000070a600000|  0%| F|  |TAMS 0x000000070a400000, 0x000000070a400000| Untracked 
|   8|0x000000070a600000, 0x000000070a600000, 0x000000070a800000|  0%| F|  |TAMS 0x000000070a600000, 0x000000070a600000| Untracked 
|   9|0x000000070a800000, 0x000000070a800000, 0x000000070aa00000|  0%| F|  |TAMS 0x000000070a800000, 0x000000070a800000| Untracked 
|  10|0x000000070aa00000, 0x000000070aa00000, 0x000000070ac00000|  0%| F|  |TAMS 0x000000070aa00000, 0x000000070aa00000| Untracked 
|  11|0x000000070ac00000, 0x000000070ac00000, 0x000000070ae00000|  0%| F|  |TAMS 0x000000070ac00000, 0x000000070ac00000| Untracked 
|  12|0x000000070ae00000, 0x000000070ae00000, 0x000000070b000000|  0%| F|  |TAMS 0x000000070ae00000, 0x000000070ae00000| Untracked 
|  13|0x000000070b000000, 0x000000070b000000, 0x000000070b200000|  0%| F|  |TAMS 0x000000070b000000, 0x000000070b000000| Untracked 
|  14|0x000000070b200000, 0x000000070b200000, 0x000000070b400000|  0%| F|  |TAMS 0x000000070b200000, 0x000000070b200000| Untracked 
|  15|0x000000070b400000, 0x000000070b400000, 0x000000070b600000|  0%| F|  |TAMS 0x000000070b400000, 0x000000070b400000| Untracked 
|  16|0x000000070b600000, 0x000000070b600000, 0x000000070b800000|  0%| F|  |TAMS 0x000000070b600000, 0x000000070b600000| Untracked 
|  17|0x000000070b800000, 0x000000070b800000, 0x000000070ba00000|  0%| F|  |TAMS 0x000000070b800000, 0x000000070b800000| Untracked 
|  18|0x000000070ba00000, 0x000000070ba00000, 0x000000070bc00000|  0%| F|  |TAMS 0x000000070ba00000, 0x000000070ba00000| Untracked 
|  19|0x000000070bc00000, 0x000000070bc00000, 0x000000070be00000|  0%| F|  |TAMS 0x000000070bc00000, 0x000000070bc00000| Untracked 
|  20|0x000000070be00000, 0x000000070be00000, 0x000000070c000000|  0%| F|  |TAMS 0x000000070be00000, 0x000000070be00000| Untracked 
|  21|0x000000070c000000, 0x000000070c000000, 0x000000070c200000|  0%| F|  |TAMS 0x000000070c000000, 0x000000070c000000| Untracked 
|  22|0x000000070c200000, 0x000000070c200000, 0x000000070c400000|  0%| F|  |TAMS 0x000000070c200000, 0x000000070c200000| Untracked 
|  23|0x000000070c400000, 0x000000070c400000, 0x000000070c600000|  0%| F|  |TAMS 0x000000070c400000, 0x000000070c400000| Untracked 
|  24|0x000000070c600000, 0x000000070c600000, 0x000000070c800000|  0%| F|  |TAMS 0x000000070c600000, 0x000000070c600000| Untracked 
|  25|0x000000070c800000, 0x000000070c800000, 0x000000070ca00000|  0%| F|  |TAMS 0x000000070c800000, 0x000000070c800000| Untracked 
|  26|0x000000070ca00000, 0x000000070ca00000, 0x000000070cc00000|  0%| F|  |TAMS 0x000000070ca00000, 0x000000070ca00000| Untracked 
|  27|0x000000070cc00000, 0x000000070cc00000, 0x000000070ce00000|  0%| F|  |TAMS 0x000000070cc00000, 0x000000070cc00000| Untracked 
|  28|0x000000070ce00000, 0x000000070ce00000, 0x000000070d000000|  0%| F|  |TAMS 0x000000070ce00000, 0x000000070ce00000| Untracked 
|  29|0x000000070d000000, 0x000000070d000000, 0x000000070d200000|  0%| F|  |TAMS 0x000000070d000000, 0x000000070d000000| Untracked 
|  30|0x000000070d200000, 0x000000070d200000, 0x000000070d400000|  0%| F|  |TAMS 0x000000070d200000, 0x000000070d200000| Untracked 
|  31|0x000000070d400000, 0x000000070d400000, 0x000000070d600000|  0%| F|  |TAMS 0x000000070d400000, 0x000000070d400000| Untracked 
|  32|0x000000070d600000, 0x000000070d600000, 0x000000070d800000|  0%| F|  |TAMS 0x000000070d600000, 0x000000070d600000| Untracked 
|  33|0x000000070d800000, 0x000000070d800000, 0x000000070da00000|  0%| F|  |TAMS 0x000000070d800000, 0x000000070d800000| Untracked 
|  34|0x000000070da00000, 0x000000070da00000, 0x000000070dc00000|  0%| F|  |TAMS 0x000000070da00000, 0x000000070da00000| Untracked 
|  35|0x000000070dc00000, 0x000000070dc00000, 0x000000070de00000|  0%| F|  |TAMS 0x000000070dc00000, 0x000000070dc00000| Untracked 
|  36|0x000000070de00000, 0x000000070de00000, 0x000000070e000000|  0%| F|  |TAMS 0x000000070de00000, 0x000000070de00000| Untracked 
|  37|0x000000070e000000, 0x000000070e000000, 0x000000070e200000|  0%| F|  |TAMS 0x000000070e000000, 0x000000070e000000| Untracked 
|  38|0x000000070e200000, 0x000000070e200000, 0x000000070e400000|  0%| F|  |TAMS 0x000000070e200000, 0x000000070e200000| Untracked 
|  39|0x000000070e400000, 0x000000070e400000, 0x000000070e600000|  0%| F|  |TAMS 0x000000070e400000, 0x000000070e400000| Untracked 
|  40|0x000000070e600000, 0x000000070e600000, 0x000000070e800000|  0%| F|  |TAMS 0x000000070e600000, 0x000000070e600000| Untracked 
|  41|0x000000070e800000, 0x000000070e800000, 0x000000070ea00000|  0%| F|  |TAMS 0x000000070e800000, 0x000000070e800000| Untracked 
|  42|0x000000070ea00000, 0x000000070ea00000, 0x000000070ec00000|  0%| F|  |TAMS 0x000000070ea00000, 0x000000070ea00000| Untracked 
|  43|0x000000070ec00000, 0x000000070ec00000, 0x000000070ee00000|  0%| F|  |TAMS 0x000000070ec00000, 0x000000070ec00000| Untracked 
|  44|0x000000070ee00000, 0x000000070ee00000, 0x000000070f000000|  0%| F|  |TAMS 0x000000070ee00000, 0x000000070ee00000| Untracked 
|  45|0x000000070f000000, 0x000000070f000000, 0x000000070f200000|  0%| F|  |TAMS 0x000000070f000000, 0x000000070f000000| Untracked 
|  46|0x000000070f200000, 0x000000070f200000, 0x000000070f400000|  0%| F|  |TAMS 0x000000070f200000, 0x000000070f200000| Untracked 
|  47|0x000000070f400000, 0x000000070f400000, 0x000000070f600000|  0%| F|  |TAMS 0x000000070f400000, 0x000000070f400000| Untracked 
|  48|0x000000070f600000, 0x000000070f600000, 0x000000070f800000|  0%| F|  |TAMS 0x000000070f600000, 0x000000070f600000| Untracked 
|  49|0x000000070f800000, 0x000000070f800000, 0x000000070fa00000|  0%| F|  |TAMS 0x000000070f800000, 0x000000070f800000| Untracked 
|  50|0x000000070fa00000, 0x000000070fa00000, 0x000000070fc00000|  0%| F|  |TAMS 0x000000070fa00000, 0x000000070fa00000| Untracked 
|  51|0x000000070fc00000, 0x000000070fc00000, 0x000000070fe00000|  0%| F|  |TAMS 0x000000070fc00000, 0x000000070fc00000| Untracked 
|  52|0x000000070fe00000, 0x000000070fe00000, 0x0000000710000000|  0%| F|  |TAMS 0x000000070fe00000, 0x000000070fe00000| Untracked 
|  53|0x0000000710000000, 0x0000000710000000, 0x0000000710200000|  0%| F|  |TAMS 0x0000000710000000, 0x0000000710000000| Untracked 
|  54|0x0000000710200000, 0x0000000710200000, 0x0000000710400000|  0%| F|  |TAMS 0x0000000710200000, 0x0000000710200000| Untracked 
|  55|0x0000000710400000, 0x0000000710400000, 0x0000000710600000|  0%| F|  |TAMS 0x0000000710400000, 0x0000000710400000| Untracked 
|  56|0x0000000710600000, 0x0000000710600000, 0x0000000710800000|  0%| F|  |TAMS 0x0000000710600000, 0x0000000710600000| Untracked 
|  57|0x0000000710800000, 0x0000000710800000, 0x0000000710a00000|  0%| F|  |TAMS 0x0000000710800000, 0x0000000710800000| Untracked 
|  58|0x0000000710a00000, 0x0000000710a00000, 0x0000000710c00000|  0%| F|  |TAMS 0x0000000710a00000, 0x0000000710a00000| Untracked 
|  59|0x0000000710c00000, 0x0000000710c00000, 0x0000000710e00000|  0%| F|  |TAMS 0x0000000710c00000, 0x0000000710c00000| Untracked 
|  60|0x0000000710e00000, 0x0000000710e00000, 0x0000000711000000|  0%| F|  |TAMS 0x0000000710e00000, 0x0000000710e00000| Untracked 
|  61|0x0000000711000000, 0x0000000711000000, 0x0000000711200000|  0%| F|  |TAMS 0x0000000711000000, 0x0000000711000000| Untracked 
|  62|0x0000000711200000, 0x0000000711200000, 0x0000000711400000|  0%| F|  |TAMS 0x0000000711200000, 0x0000000711200000| Untracked 
|  63|0x0000000711400000, 0x0000000711400000, 0x0000000711600000|  0%| F|  |TAMS 0x0000000711400000, 0x0000000711400000| Untracked 
|  64|0x0000000711600000, 0x0000000711600000, 0x0000000711800000|  0%| F|  |TAMS 0x0000000711600000, 0x0000000711600000| Untracked 
|  65|0x0000000711800000, 0x0000000711800000, 0x0000000711a00000|  0%| F|  |TAMS 0x0000000711800000, 0x0000000711800000| Untracked 
|  66|0x0000000711a00000, 0x0000000711a00000, 0x0000000711c00000|  0%| F|  |TAMS 0x0000000711a00000, 0x0000000711a00000| Untracked 
|  67|0x0000000711c00000, 0x0000000711c00000, 0x0000000711e00000|  0%| F|  |TAMS 0x0000000711c00000, 0x0000000711c00000| Untracked 
|  68|0x0000000711e00000, 0x0000000711e00000, 0x0000000712000000|  0%| F|  |TAMS 0x0000000711e00000, 0x0000000711e00000| Untracked 
|  69|0x0000000712000000, 0x0000000712000000, 0x0000000712200000|  0%| F|  |TAMS 0x0000000712000000, 0x0000000712000000| Untracked 
|  70|0x0000000712200000, 0x0000000712200000, 0x0000000712400000|  0%| F|  |TAMS 0x0000000712200000, 0x0000000712200000| Untracked 
|  71|0x0000000712400000, 0x0000000712400000, 0x0000000712600000|  0%| F|  |TAMS 0x0000000712400000, 0x0000000712400000| Untracked 
|  72|0x0000000712600000, 0x0000000712600000, 0x0000000712800000|  0%| F|  |TAMS 0x0000000712600000, 0x0000000712600000| Untracked 
|  73|0x0000000712800000, 0x0000000712800000, 0x0000000712a00000|  0%| F|  |TAMS 0x0000000712800000, 0x0000000712800000| Untracked 
|  74|0x0000000712a00000, 0x0000000712a00000, 0x0000000712c00000|  0%| F|  |TAMS 0x0000000712a00000, 0x0000000712a00000| Untracked 
|  75|0x0000000712c00000, 0x0000000712c00000, 0x0000000712e00000|  0%| F|  |TAMS 0x0000000712c00000, 0x0000000712c00000| Untracked 
|  76|0x0000000712e00000, 0x0000000712e00000, 0x0000000713000000|  0%| F|  |TAMS 0x0000000712e00000, 0x0000000712e00000| Untracked 
|  77|0x0000000713000000, 0x0000000713000000, 0x0000000713200000|  0%| F|  |TAMS 0x0000000713000000, 0x0000000713000000| Untracked 
|  78|0x0000000713200000, 0x0000000713200000, 0x0000000713400000|  0%| F|  |TAMS 0x0000000713200000, 0x0000000713200000| Untracked 
|  79|0x0000000713400000, 0x0000000713400000, 0x0000000713600000|  0%| F|  |TAMS 0x0000000713400000, 0x0000000713400000| Untracked 
|  80|0x0000000713600000, 0x0000000713600000, 0x0000000713800000|  0%| F|  |TAMS 0x0000000713600000, 0x0000000713600000| Untracked 
|  81|0x0000000713800000, 0x0000000713800000, 0x0000000713a00000|  0%| F|  |TAMS 0x0000000713800000, 0x0000000713800000| Untracked 
|  82|0x0000000713a00000, 0x0000000713a00000, 0x0000000713c00000|  0%| F|  |TAMS 0x0000000713a00000, 0x0000000713a00000| Untracked 
|  83|0x0000000713c00000, 0x0000000713c00000, 0x0000000713e00000|  0%| F|  |TAMS 0x0000000713c00000, 0x0000000713c00000| Untracked 
|  84|0x0000000713e00000, 0x0000000713e00000, 0x0000000714000000|  0%| F|  |TAMS 0x0000000713e00000, 0x0000000713e00000| Untracked 
|  85|0x0000000714000000, 0x0000000714000000, 0x0000000714200000|  0%| F|  |TAMS 0x0000000714000000, 0x0000000714000000| Untracked 
|  86|0x0000000714200000, 0x0000000714200000, 0x0000000714400000|  0%| F|  |TAMS 0x0000000714200000, 0x0000000714200000| Untracked 
|  87|0x0000000714400000, 0x0000000714400000, 0x0000000714600000|  0%| F|  |TAMS 0x0000000714400000, 0x0000000714400000| Untracked 
|  88|0x0000000714600000, 0x0000000714600000, 0x0000000714800000|  0%| F|  |TAMS 0x0000000714600000, 0x0000000714600000| Untracked 
|  89|0x0000000714800000, 0x0000000714800000, 0x0000000714a00000|  0%| F|  |TAMS 0x0000000714800000, 0x0000000714800000| Untracked 
|  90|0x0000000714a00000, 0x0000000714a00000, 0x0000000714c00000|  0%| F|  |TAMS 0x0000000714a00000, 0x0000000714a00000| Untracked 
|  91|0x0000000714c00000, 0x0000000714c00000, 0x0000000714e00000|  0%| F|  |TAMS 0x0000000714c00000, 0x0000000714c00000| Untracked 
|  92|0x0000000714e00000, 0x0000000714e00000, 0x0000000715000000|  0%| F|  |TAMS 0x0000000714e00000, 0x0000000714e00000| Untracked 
|  93|0x0000000715000000, 0x0000000715000000, 0x0000000715200000|  0%| F|  |TAMS 0x0000000715000000, 0x0000000715000000| Untracked 
|  94|0x0000000715200000, 0x0000000715200000, 0x0000000715400000|  0%| F|  |TAMS 0x0000000715200000, 0x0000000715200000| Untracked 
|  95|0x0000000715400000, 0x0000000715400000, 0x0000000715600000|  0%| F|  |TAMS 0x0000000715400000, 0x0000000715400000| Untracked 
|  96|0x0000000715600000, 0x0000000715600000, 0x0000000715800000|  0%| F|  |TAMS 0x0000000715600000, 0x0000000715600000| Untracked 
|  97|0x0000000715800000, 0x0000000715800000, 0x0000000715a00000|  0%| F|  |TAMS 0x0000000715800000, 0x0000000715800000| Untracked 
|  98|0x0000000715a00000, 0x0000000715a00000, 0x0000000715c00000|  0%| F|  |TAMS 0x0000000715a00000, 0x0000000715a00000| Untracked 
|  99|0x0000000715c00000, 0x0000000715c00000, 0x0000000715e00000|  0%| F|  |TAMS 0x0000000715c00000, 0x0000000715c00000| Untracked 
| 100|0x0000000715e00000, 0x0000000715e00000, 0x0000000716000000|  0%| F|  |TAMS 0x0000000715e00000, 0x0000000715e00000| Untracked 
| 101|0x0000000716000000, 0x0000000716000000, 0x0000000716200000|  0%| F|  |TAMS 0x0000000716000000, 0x0000000716000000| Untracked 
| 102|0x0000000716200000, 0x0000000716200000, 0x0000000716400000|  0%| F|  |TAMS 0x0000000716200000, 0x0000000716200000| Untracked 
| 103|0x0000000716400000, 0x0000000716400000, 0x0000000716600000|  0%| F|  |TAMS 0x0000000716400000, 0x0000000716400000| Untracked 
| 104|0x0000000716600000, 0x0000000716600000, 0x0000000716800000|  0%| F|  |TAMS 0x0000000716600000, 0x0000000716600000| Untracked 
| 105|0x0000000716800000, 0x0000000716800000, 0x0000000716a00000|  0%| F|  |TAMS 0x0000000716800000, 0x0000000716800000| Untracked 
| 106|0x0000000716a00000, 0x0000000716a00000, 0x0000000716c00000|  0%| F|  |TAMS 0x0000000716a00000, 0x0000000716a00000| Untracked 
| 107|0x0000000716c00000, 0x0000000716c00000, 0x0000000716e00000|  0%| F|  |TAMS 0x0000000716c00000, 0x0000000716c00000| Untracked 
| 108|0x0000000716e00000, 0x0000000716e00000, 0x0000000717000000|  0%| F|  |TAMS 0x0000000716e00000, 0x0000000716e00000| Untracked 
| 109|0x0000000717000000, 0x0000000717000000, 0x0000000717200000|  0%| F|  |TAMS 0x0000000717000000, 0x0000000717000000| Untracked 
| 110|0x0000000717200000, 0x0000000717200000, 0x0000000717400000|  0%| F|  |TAMS 0x0000000717200000, 0x0000000717200000| Untracked 
| 111|0x0000000717400000, 0x0000000717400000, 0x0000000717600000|  0%| F|  |TAMS 0x0000000717400000, 0x0000000717400000| Untracked 
| 112|0x0000000717600000, 0x0000000717600000, 0x0000000717800000|  0%| F|  |TAMS 0x0000000717600000, 0x0000000717600000| Untracked 
| 113|0x0000000717800000, 0x0000000717952728, 0x0000000717a00000| 66%| E|  |TAMS 0x0000000717800000, 0x0000000717800000| Complete 
| 114|0x0000000717a00000, 0x0000000717c00000, 0x0000000717c00000|100%| E|CS|TAMS 0x0000000717a00000, 0x0000000717a00000| Complete 
| 115|0x0000000717c00000, 0x0000000717e00000, 0x0000000717e00000|100%| E|CS|TAMS 0x0000000717c00000, 0x0000000717c00000| Complete 
| 116|0x0000000717e00000, 0x0000000718000000, 0x0000000718000000|100%| E|CS|TAMS 0x0000000717e00000, 0x0000000717e00000| Complete 
| 117|0x0000000718000000, 0x0000000718200000, 0x0000000718200000|100%| E|CS|TAMS 0x0000000718000000, 0x0000000718000000| Complete 
| 118|0x0000000718200000, 0x0000000718400000, 0x0000000718400000|100%| E|CS|TAMS 0x0000000718200000, 0x0000000718200000| Complete 
| 119|0x0000000718400000, 0x0000000718600000, 0x0000000718600000|100%| E|CS|TAMS 0x0000000718400000, 0x0000000718400000| Complete 
| 120|0x0000000718600000, 0x0000000718800000, 0x0000000718800000|100%| E|CS|TAMS 0x0000000718600000, 0x0000000718600000| Complete 
| 121|0x0000000718800000, 0x0000000718a00000, 0x0000000718a00000|100%| E|CS|TAMS 0x0000000718800000, 0x0000000718800000| Complete 
| 122|0x0000000718a00000, 0x0000000718c00000, 0x0000000718c00000|100%| E|CS|TAMS 0x0000000718a00000, 0x0000000718a00000| Complete 
| 123|0x0000000718c00000, 0x0000000718e00000, 0x0000000718e00000|100%| E|CS|TAMS 0x0000000718c00000, 0x0000000718c00000| Complete 

Card table byte_map: [0x000002505ab50000,0x000002505b310000] _byte_map_base: 0x0000025057305000

Marking Bits (Prev, Next): (CMBitMap*) 0x000002504115c920, (CMBitMap*) 0x000002504115c960
 Prev Bits: [0x000002505bad0000, 0x000002505f878000)
 Next Bits: [0x000002505f880000, 0x0000025063628000)

Polling page: 0x00000250411f0000

Metaspace:

Usage:
  Non-class:      6.07 MB used.
      Class:    751.91 KB used.
       Both:      6.80 MB used.

Virtual space:
  Non-class space:        8.00 MB reserved,       6.12 MB ( 77%) committed,  1 nodes.
      Class space:        1.00 GB reserved,     832.00 KB ( <1%) committed,  1 nodes.
             Both:        1.01 GB reserved,       6.94 MB ( <1%) committed. 

Chunk freelists:
   Non-Class:  1.89 MB
       Class:  3.22 MB
        Both:  5.12 MB

MaxMetaspaceSize: unlimited
CompressedClassSpaceSize: 1.00 GB
Initial GC threshold: 21.00 MB
Current GC threshold: 21.00 MB
CDS: on
MetaspaceReclaimPolicy: balanced
 - commit_granule_bytes: 65536.
 - commit_granule_words: 8192.
 - virtual_space_node_default_size: 1048576.
 - enlarge_chunks_in_place: 1.
 - new_chunks_are_fully_committed: 0.
 - uncommit_free_chunks: 1.
 - use_allocation_guard: 0.
 - handle_deallocations: 1.


Internal statistics:

num_allocs_failed_limit: 0.
num_arena_births: 128.
num_arena_deaths: 0.
num_vsnodes_births: 2.
num_vsnodes_deaths: 0.
num_space_committed: 111.
num_space_uncommitted: 0.
num_chunks_returned_to_freelist: 0.
num_chunks_taken_from_freelist: 177.
num_chunk_merges: 0.
num_chunk_splits: 106.
num_chunks_enlarged: 52.
num_purges: 0.
num_inconsistent_stats: 0.

CodeHeap 'non-profiled nmethods': size=119168Kb used=441Kb max_used=441Kb free=118726Kb
 bounds [0x0000025051f50000, 0x00000250521c0000, 0x00000250593b0000]
CodeHeap 'profiled nmethods': size=119104Kb used=1580Kb max_used=1580Kb free=117523Kb
 bounds [0x000002504ab00000, 0x000002504ad70000, 0x0000025051f50000]
CodeHeap 'non-nmethods': size=7488Kb used=1820Kb max_used=1848Kb free=5667Kb
 bounds [0x000002504a3b0000, 0x000002504a620000, 0x000002504ab00000]
 total_blobs=1707 nmethods=1128 adapters=491
 compilation: enabled
              stopped_count=0, restarted_count=0
 full_count=0

Compilation events (20 events):
Event: 1.021 Thread 0x0000025067109aa0 1114       1       summit.game.GameUpdateEvent::getDeltaTime (5 bytes)
Event: 1.021 Thread 0x00000250666a58a0 nmethod 1113 0x0000025051fb7e10 code [0x0000025051fb7fa0, 0x0000025051fb8078]
Event: 1.021 Thread 0x0000025067109aa0 nmethod 1114 0x0000025051fb8110 code [0x0000025051fb82a0, 0x0000025051fb8378]
Event: 1.027 Thread 0x0000025067b10de0 nmethod 1112 0x0000025051fb8410 code [0x0000025051fb85a0, 0x0000025051fb8b18]
Event: 1.032 Thread 0x0000025067b10de0 1115 %     4       summit.gfx.Renderer::filterFrame @ 10 (57 bytes)
Event: 1.038 Thread 0x00000250666a58a0 1116       1       sun.java2d.d3d.D3DSurfaceData::getType (5 bytes)
Event: 1.038 Thread 0x0000025067109aa0 1117   !   3       sun.awt.image.SurfaceManager::getManager (47 bytes)
Event: 1.038 Thread 0x00000250666a58a0 nmethod 1116 0x0000025051fb8e10 code [0x0000025051fb8fa0, 0x0000025051fb9078]
Event: 1.038 Thread 0x00000250666a58a0 1118       3       java.awt.Image$1::getSurfaceManager (5 bytes)
Event: 1.038 Thread 0x00000250666a58a0 nmethod 1118 0x000002504ac87510 code [0x000002504ac876a0, 0x000002504ac877b8]
Event: 1.038 Thread 0x0000025067109aa0 nmethod 1117 0x000002504ac87890 code [0x000002504ac87aa0, 0x000002504ac88218]
Event: 1.040 Thread 0x0000025067b10de0 nmethod 1115% 0x0000025051fb9110 code [0x0000025051fb92a0, 0x0000025051fb9858]
Event: 1.041 Thread 0x0000025067109aa0 1119       3       summit.game.tile.WaterTile::paint (40 bytes)
Event: 1.041 Thread 0x0000025067109aa0 nmethod 1119 0x000002504ac88590 code [0x000002504ac887a0, 0x000002504ac88c88]
Event: 1.053 Thread 0x00000250666a58a0 1120 %     3       summit.gfx.Renderer::renderLight @ 64 (225 bytes)
Event: 1.054 Thread 0x00000250666a58a0 nmethod 1120% 0x000002504ac88e10 code [0x000002504ac89060, 0x000002504ac89bb8]
Event: 1.054 Thread 0x0000025067109aa0 1121       3       summit.gfx.Renderer::renderLight (225 bytes)
Event: 1.054 Thread 0x00000250673545b0 1122       4       summit.gfx.Renderer::filterFrame (57 bytes)
Event: 1.055 Thread 0x0000025067109aa0 nmethod 1121 0x000002504ac8a090 code [0x000002504ac8a2e0, 0x000002504ac8acf8]
Event: 1.057 Thread 0x000002506669cdf0 nmethod 1104 0x0000025051fb9b10 code [0x0000025051fb9d20, 0x0000025051fbbaf8]

GC Heap History (0 events):
No events

Deoptimization events (20 events):
Event: 0.993 Thread 0x0000025067b417e0 DEOPT PACKING pc=0x0000025051fb1698 sp=0x000000e8109fec40
Event: 0.993 Thread 0x0000025067b417e0 DEOPT UNPACKING pc=0x000002504a4023a3 sp=0x000000e8109febc0 mode 2
Event: 0.993 Thread 0x0000025067b417e0 Uncommon trap: trap_request=0xffffffbe fr.pc=0x0000025051fb1698 relative=0x0000000000000a18
Event: 0.993 Thread 0x0000025067b417e0 Uncommon trap: reason=profile_predicate action=maybe_recompile pc=0x0000025051fb1698 method=summit.gfx.Renderer.render(Ljava/lang/String;FFILsummit/gfx/ColorFilter;)V @ 258 c2
Event: 0.993 Thread 0x0000025067b417e0 DEOPT PACKING pc=0x0000025051fb1698 sp=0x000000e8109fec40
Event: 0.993 Thread 0x0000025067b417e0 DEOPT UNPACKING pc=0x000002504a4023a3 sp=0x000000e8109febc0 mode 2
Event: 0.993 Thread 0x0000025067b417e0 Uncommon trap: trap_request=0xffffffbe fr.pc=0x0000025051fb1698 relative=0x0000000000000a18
Event: 0.993 Thread 0x0000025067b417e0 Uncommon trap: reason=profile_predicate action=maybe_recompile pc=0x0000025051fb1698 method=summit.gfx.Renderer.render(Ljava/lang/String;FFILsummit/gfx/ColorFilter;)V @ 258 c2
Event: 0.993 Thread 0x0000025067b417e0 DEOPT PACKING pc=0x0000025051fb1698 sp=0x000000e8109fec40
Event: 0.993 Thread 0x0000025067b417e0 DEOPT UNPACKING pc=0x000002504a4023a3 sp=0x000000e8109febc0 mode 2
Event: 0.993 Thread 0x0000025067b417e0 Uncommon trap: trap_request=0xffffffbe fr.pc=0x0000025051fb1698 relative=0x0000000000000a18
Event: 0.993 Thread 0x0000025067b417e0 Uncommon trap: reason=profile_predicate action=maybe_recompile pc=0x0000025051fb1698 method=summit.gfx.Renderer.render(Ljava/lang/String;FFILsummit/gfx/ColorFilter;)V @ 258 c2
Event: 0.993 Thread 0x0000025067b417e0 DEOPT PACKING pc=0x0000025051fb1698 sp=0x000000e8109fec40
Event: 0.993 Thread 0x0000025067b417e0 DEOPT UNPACKING pc=0x000002504a4023a3 sp=0x000000e8109febc0 mode 2
Event: 1.020 Thread 0x0000025067b417e0 DEOPT PACKING pc=0x000002504ac8501d sp=0x000000e8109feb80
Event: 1.020 Thread 0x0000025067b417e0 DEOPT UNPACKING pc=0x000002504a402b43 sp=0x000000e8109fe010 mode 0
Event: 1.024 Thread 0x0000025067b417e0 DEOPT PACKING pc=0x000002504ac8501d sp=0x000000e8109feb80
Event: 1.024 Thread 0x0000025067b417e0 DEOPT UNPACKING pc=0x000002504a402b43 sp=0x000000e8109fe010 mode 0
Event: 1.054 Thread 0x0000025067b417e0 DEOPT PACKING pc=0x000002504ac86de4 sp=0x000000e8109fee40
Event: 1.054 Thread 0x0000025067b417e0 DEOPT UNPACKING pc=0x000002504a402b43 sp=0x000000e8109fe2f8 mode 0

Classes unloaded (0 events):
No events

Classes redefined (0 events):
No events

Internal exceptions (14 events):
Event: 0.051 Thread 0x000002506712ce70 Exception <a 'java/lang/ClassNotFoundException'{0x0000000718a2c1c8}: sun/awt/resources/spi/awtProvider> (0x0000000718a2c1c8) 
thrown [e:\jenkins\tmp\workspace\build\src\src\hotspot\share\classfile\systemDictionary.cpp, line 256]
Event: 0.069 Thread 0x000002506712ce70 Exception <a 'java/io/FileNotFoundException'{0x0000000718af5c78}> (0x0000000718af5c78) 
thrown [e:\jenkins\tmp\workspace\build\src\src\hotspot\share\prims\jni.cpp, line 516]
Event: 0.075 Thread 0x000002506712ce70 Exception <a 'java/io/FileNotFoundException'{0x0000000718b22bd0}> (0x0000000718b22bd0) 
thrown [e:\jenkins\tmp\workspace\build\src\src\hotspot\share\prims\jni.cpp, line 516]
Event: 0.088 Thread 0x000002506712ce70 Exception <a 'java/lang/NoSuchMethodError'{0x0000000718b585c0}: 'java.lang.Object java.lang.invoke.DirectMethodHandle$Holder.invokeStaticInit(java.lang.Object)'> (0x0000000718b585c0) 
thrown [e:\jenkins\tmp\workspace\build\src\src\hotspot\share\interpreter\linkResolver.cpp, line 766]
Event: 0.225 Thread 0x000002506712ce70 Exception <a 'java/lang/NoSuchMethodError'{0x00000007186bce80}: 'void java.lang.invoke.DirectMethodHandle$Holder.invokeSpecial(java.lang.Object, java.lang.Object, java.lang.Object)'> (0x00000007186bce80) 
thrown [e:\jenkins\tmp\workspace\build\src\src\hotspot\share\interpreter\linkResolver.cpp, line 766]
Event: 0.231 Thread 0x000002506712ce70 Exception <a 'java/lang/NoSuchMethodError'{0x00000007186e7388}: 'java.lang.Object java.lang.invoke.DirectMethodHandle$Holder.newInvokeSpecial(java.lang.Object, java.lang.Object, java.lang.Object, java.lang.Object, java.lang.Object)'> (0x00000007186e7388) 
thrown [e:\jenkins\tmp\workspace\build\src\src\hotspot\share\interpreter\linkResolver.cpp, line 766]
Event: 0.232 Thread 0x000002506712ce70 Exception <a 'java/lang/NoSuchMethodError'{0x00000007186f2d50}: 'java.lang.Object java.lang.invoke.DirectMethodHandle$Holder.invokeStatic(java.lang.Object, int, java.lang.Object, java.lang.Object, java.lang.Object, java.lang.Object)'> (0x00000007186f2d50) 
thrown [e:\jenkins\tmp\workspace\build\src\src\hotspot\share\interpreter\linkResolver.cpp, line 766]
Event: 0.235 Thread 0x000002506712ce70 Exception <a 'java/lang/NoSuchMethodError'{0x0000000718718470}: 'java.lang.Object java.lang.invoke.DirectMethodHandle$Holder.invokeStatic(java.lang.Object, int, java.lang.Object)'> (0x0000000718718470) 
thrown [e:\jenkins\tmp\workspace\build\src\src\hotspot\share\interpreter\linkResolver.cpp, line 766]
Event: 0.253 Thread 0x000002506712ce70 Exception <a 'java/lang/ClassNotFoundException'{0x00000007187d06d8}: com/sun/swing/internal/plaf/metal/resources/spi/metalProvider> (0x00000007187d06d8) 
thrown [e:\jenkins\tmp\workspace\build\src\src\hotspot\share\classfile\systemDictionary.cpp, line 256]
Event: 0.254 Thread 0x000002506712ce70 Exception <a 'java/lang/ClassNotFoundException'{0x00000007187d45b0}: com/sun/swing/internal/plaf/basic/resources/spi/basicProvider> (0x00000007187d45b0) 
thrown [e:\jenkins\tmp\workspace\build\src\src\hotspot\share\classfile\systemDictionary.cpp, line 256]
Event: 0.266 Thread 0x0000025067344560 Exception <a 'java/lang/NoSuchMethodError'{0x00000007189d4a78}: 'void java.lang.invoke.DirectMethodHandle$Holder.invokeVirtual(java.lang.Object, java.lang.Object)'> (0x00000007189d4a78) 
thrown [e:\jenkins\tmp\workspace\build\src\src\hotspot\share\interpreter\linkResolver.cpp, line 766]
Event: 0.276 Thread 0x000002506712ce70 Exception <a 'java/lang/NoSuchMethodError'{0x0000000718483d18}: 'void java.lang.invoke.DirectMethodHandle$Holder.invokeStaticInit(java.lang.Object)'> (0x0000000718483d18) 
thrown [e:\jenkins\tmp\workspace\build\src\src\hotspot\share\interpreter\linkResolver.cpp, line 766]
Event: 0.952 Thread 0x0000025067a8e1b0 Implicit null exception at 0x0000025051fa4a55 to 0x0000025051fa4b78
Event: 0.952 Thread 0x0000025067a8e1b0 Implicit null exception at 0x0000025051fa5b56 to 0x0000025051fa5c54

VM Operations (10 events):
Event: 0.037 Executing VM operation: HandshakeAllThreads
Event: 0.037 Executing VM operation: HandshakeAllThreads done
Event: 0.253 Executing VM operation: HandshakeAllThreads
Event: 0.253 Executing VM operation: HandshakeAllThreads done
Event: 0.293 Executing VM operation: HandshakeAllThreads
Event: 0.293 Executing VM operation: HandshakeAllThreads done
Event: 0.318 Executing VM operation: HandshakeAllThreads
Event: 0.318 Executing VM operation: HandshakeAllThreads done
Event: 0.936 Executing VM operation: HandshakeAllThreads
Event: 0.936 Executing VM operation: HandshakeAllThreads done

Events (20 events):
Event: 0.340 loading class java/awt/TextComponent done
Event: 0.340 loading class javax/swing/text/JTextComponent
Event: 0.340 loading class javax/swing/Scrollable
Event: 0.340 loading class javax/swing/Scrollable done
Event: 0.340 loading class javax/swing/text/JTextComponent done
Event: 0.342 loading class java/awt/event/MouseWheelEvent
Event: 0.342 loading class java/awt/event/MouseWheelEvent done
Event: 0.361 loading class sun/awt/image/BufImgSurfaceManager
Event: 0.361 loading class sun/awt/image/BufImgSurfaceManager done
Event: 0.361 loading class sun/awt/image/BufImgSurfaceData
Event: 0.361 loading class sun/awt/image/BufImgSurfaceData done
Event: 0.361 loading class sun/awt/image/BufImgSurfaceData$ICMColorData
Event: 0.361 loading class sun/awt/image/BufImgSurfaceData$ICMColorData done
Event: 0.697 Thread 0x00000250672f8b40 Thread exited: 0x00000250672f8b40
Event: 0.934 loading class java/lang/Math$RandomNumberGeneratorHolder
Event: 0.934 loading class java/lang/Math$RandomNumberGeneratorHolder done
Event: 0.949 Thread 0x00000250673545b0 Thread added: 0x00000250673545b0
Event: 0.949 Thread 0x0000025067b10de0 Thread added: 0x0000025067b10de0
Event: 0.949 Thread 0x0000025067b11700 Thread added: 0x0000025067b11700
Event: 0.962 Thread 0x0000025067b41d00 Thread added: 0x0000025067b41d00


Dynamic libraries:
0x00007ff7039e0000 - 0x00007ff7039ee000 	C:\Users\aadiu\AppData\Local\Programs\Eclipse Adoptium\jdk-17.0.2.8-hotspot\bin\java.exe
0x00007ffb36970000 - 0x00007ffb36b68000 	C:\Windows\SYSTEM32\ntdll.dll
0x00007ffb352a0000 - 0x00007ffb3535f000 	C:\Windows\System32\KERNEL32.DLL
0x00007ffb34310000 - 0x00007ffb345e2000 	C:\Windows\System32\KERNELBASE.dll
0x00007ffb34110000 - 0x00007ffb34210000 	C:\Windows\System32\ucrtbase.dll
0x00007ffb31b00000 - 0x00007ffb31b18000 	C:\Users\aadiu\AppData\Local\Programs\Eclipse Adoptium\jdk-17.0.2.8-hotspot\bin\jli.dll
0x00007ffb1e2d0000 - 0x00007ffb1e2e9000 	C:\Users\aadiu\AppData\Local\Programs\Eclipse Adoptium\jdk-17.0.2.8-hotspot\bin\VCRUNTIME140.dll
0x00007ffb35530000 - 0x00007ffb356cd000 	C:\Windows\System32\USER32.dll
0x00007ffb34720000 - 0x00007ffb34742000 	C:\Windows\System32\win32u.dll
0x00007ffb20b10000 - 0x00007ffb20daa000 	C:\Windows\WinSxS\amd64_microsoft.windows.common-controls_6595b64144ccf1df_6.0.19041.1110_none_60b5254171f9507e\COMCTL32.dll
0x00007ffb35fa0000 - 0x00007ffb35fcb000 	C:\Windows\System32\GDI32.dll
0x00007ffb35f00000 - 0x00007ffb35f9e000 	C:\Windows\System32\msvcrt.dll
0x00007ffb34750000 - 0x00007ffb3485f000 	C:\Windows\System32\gdi32full.dll
0x00007ffb345f0000 - 0x00007ffb3468d000 	C:\Windows\System32\msvcp_win.dll
0x00007ffb356f0000 - 0x00007ffb35722000 	C:\Windows\System32\IMM32.DLL
0x00007ffb31d70000 - 0x00007ffb31d7c000 	C:\Users\aadiu\AppData\Local\Programs\Eclipse Adoptium\jdk-17.0.2.8-hotspot\bin\vcruntime140_1.dll
0x00007ffb0bb30000 - 0x00007ffb0bbc1000 	C:\Users\aadiu\AppData\Local\Programs\Eclipse Adoptium\jdk-17.0.2.8-hotspot\bin\msvcp140.dll
0x00007ffabf480000 - 0x00007ffac00c7000 	C:\Users\aadiu\AppData\Local\Programs\Eclipse Adoptium\jdk-17.0.2.8-hotspot\bin\server\jvm.dll
0x00007ffb34ec0000 - 0x00007ffb34f6e000 	C:\Windows\System32\ADVAPI32.dll
0x00007ffb35e60000 - 0x00007ffb35efc000 	C:\Windows\System32\sechost.dll
0x00007ffb35ba0000 - 0x00007ffb35cc5000 	C:\Windows\System32\RPCRT4.dll
0x00007ffb34eb0000 - 0x00007ffb34eb8000 	C:\Windows\System32\PSAPI.DLL
0x00007ffb1d990000 - 0x00007ffb1d999000 	C:\Windows\SYSTEM32\WSOCK32.dll
0x00007ffb31d40000 - 0x00007ffb31d67000 	C:\Windows\SYSTEM32\WINMM.dll
0x00007ffb2d720000 - 0x00007ffb2d72a000 	C:\Windows\SYSTEM32\VERSION.dll
0x00007ffb35160000 - 0x00007ffb351cb000 	C:\Windows\System32\WS2_32.dll
0x00007ffb31fa0000 - 0x00007ffb31fb2000 	C:\Windows\SYSTEM32\kernel.appcore.dll
0x00007ffb31af0000 - 0x00007ffb31afa000 	C:\Users\aadiu\AppData\Local\Programs\Eclipse Adoptium\jdk-17.0.2.8-hotspot\bin\jimage.dll
0x00007ffb31b50000 - 0x00007ffb31d34000 	C:\Windows\SYSTEM32\DBGHELP.DLL
0x00007ffb31b20000 - 0x00007ffb31b4c000 	C:\Windows\SYSTEM32\dbgcore.DLL
0x00007ffb34690000 - 0x00007ffb34712000 	C:\Windows\System32\bcryptPrimitives.dll
0x00007ffb19c60000 - 0x00007ffb19c85000 	C:\Users\aadiu\AppData\Local\Programs\Eclipse Adoptium\jdk-17.0.2.8-hotspot\bin\java.dll
0x00007ffafa4c0000 - 0x00007ffafa596000 	C:\Users\aadiu\AppData\Local\Programs\Eclipse Adoptium\jdk-17.0.2.8-hotspot\bin\jsvml.dll
0x00007ffb35fd0000 - 0x00007ffb36713000 	C:\Windows\System32\SHELL32.dll
0x00007ffb32130000 - 0x00007ffb328c2000 	C:\Windows\SYSTEM32\windows.storage.dll
0x00007ffb34ad0000 - 0x00007ffb34e24000 	C:\Windows\System32\combase.dll
0x00007ffb33a60000 - 0x00007ffb33a90000 	C:\Windows\SYSTEM32\Wldp.dll
0x00007ffb349c0000 - 0x00007ffb34a6d000 	C:\Windows\System32\SHCORE.dll
0x00007ffb35020000 - 0x00007ffb35075000 	C:\Windows\System32\shlwapi.dll
0x00007ffb33fb0000 - 0x00007ffb33fcf000 	C:\Windows\SYSTEM32\profapi.dll
0x00007ffaf5980000 - 0x00007ffaf5b0e000 	C:\Users\aadiu\AppData\Local\Programs\Eclipse Adoptium\jdk-17.0.2.8-hotspot\bin\awt.dll
0x00007ffb351d0000 - 0x00007ffb3529d000 	C:\Windows\System32\OLEAUT32.dll
0x00007ffb31300000 - 0x00007ffb31391000 	C:\Windows\SYSTEM32\apphelp.dll
0x00007ffb1cb70000 - 0x00007ffb1cb88000 	C:\Users\aadiu\AppData\Local\Programs\Eclipse Adoptium\jdk-17.0.2.8-hotspot\bin\zip.dll
0x00007ffb31410000 - 0x00007ffb314ae000 	C:\Windows\system32\uxtheme.dll
0x00007ffb353f0000 - 0x00007ffb35505000 	C:\Windows\System32\MSCTF.dll
0x00007ffb35cd0000 - 0x00007ffb35dfa000 	C:\Windows\System32\ole32.dll
0x00007ffb31590000 - 0x00007ffb315bf000 	C:\Windows\system32\DWMAPI.DLL
0x00007ffadadb0000 - 0x00007ffadaed5000 	C:\Windows\system32\opengl32.dll
0x00007ffada100000 - 0x00007ffada12c000 	C:\Windows\SYSTEM32\GLU32.dll
0x00007ffb269b0000 - 0x00007ffb26b7f000 	C:\Windows\system32\d3d9.dll
0x00007ffb28d70000 - 0x00007ffb28f28000 	C:\Windows\System32\DriverStore\FileRepository\u0370468.inf_amd64_5e4260b11257b6e9\B370372\aticfx64.dll
0x00007ffb128f0000 - 0x00007ffb12924000 	C:\Windows\System32\DriverStore\FileRepository\u0370468.inf_amd64_5e4260b11257b6e9\B370372\atiu9p64.dll
0x00007ffabe720000 - 0x00007ffabf474000 	C:\Windows\System32\DriverStore\FileRepository\u0370468.inf_amd64_5e4260b11257b6e9\B370372\atiumd64.dll
0x000000006c4b0000 - 0x000000006d324000 	C:\Windows\System32\DriverStore\FileRepository\u0370468.inf_amd64_5e4260b11257b6e9\B370372\atiumd6a.dll
0x00007ffb35730000 - 0x00007ffb35b98000 	C:\Windows\System32\SETUPAPI.dll
0x00007ffb34210000 - 0x00007ffb3425e000 	C:\Windows\System32\cfgmgr32.dll
0x00007ffb33e30000 - 0x00007ffb33e7b000 	C:\Windows\SYSTEM32\POWRPROF.dll
0x00007ffb34070000 - 0x00007ffb34097000 	C:\Windows\System32\bcrypt.dll
0x00007ffb33e10000 - 0x00007ffb33e22000 	C:\Windows\SYSTEM32\UMPDC.dll
0x00007ffb29180000 - 0x00007ffb291b0000 	C:\Windows\SYSTEM32\amdihk64.dll
0x00007ffb29960000 - 0x00007ffb2999b000 	C:\Windows\SYSTEM32\dxcore.dll
0x00007ffb0d970000 - 0x00007ffb0d9f9000 	C:\Users\aadiu\AppData\Local\Programs\Eclipse Adoptium\jdk-17.0.2.8-hotspot\bin\freetype.dll
0x00007ffb0ba80000 - 0x00007ffb0bb28000 	C:\Users\aadiu\AppData\Local\Programs\Eclipse Adoptium\jdk-17.0.2.8-hotspot\bin\fontmanager.dll
0x00007ffb28f30000 - 0x00007ffb29029000 	C:\Windows\SYSTEM32\textinputframework.dll
0x00007ffb30e70000 - 0x00007ffb311ce000 	C:\Windows\System32\CoreUIComponents.dll
0x00007ffb309d0000 - 0x00007ffb30ac2000 	C:\Windows\System32\CoreMessaging.dll
0x00007ffb33190000 - 0x00007ffb331c3000 	C:\Windows\SYSTEM32\ntmarta.dll
0x00007ffb30200000 - 0x00007ffb30354000 	C:\Windows\SYSTEM32\wintypes.dll

dbghelp: loaded successfully - version: 4.0.5 - missing functions: none
symbol engine: initialized successfully - sym options: 0x614 - pdb path: .;C:\Users\aadiu\AppData\Local\Programs\Eclipse Adoptium\jdk-17.0.2.8-hotspot\bin;C:\Windows\SYSTEM32;C:\Windows\WinSxS\amd64_microsoft.windows.common-controls_6595b64144ccf1df_6.0.19041.1110_none_60b5254171f9507e;C:\Users\aadiu\AppData\Local\Programs\Eclipse Adoptium\jdk-17.0.2.8-hotspot\bin\server;C:\Windows\System32\DriverStore\FileRepository\u0370468.inf_amd64_5e4260b11257b6e9\B370372

VM Arguments:
jvm_args: -XX:+ShowCodeDetailsInExceptionMessages 
java_command: summit.Main
java_class_path (initial): C:\Users\aadiu\AppData\Roaming\Code\User\workspaceStorage\929b6f7fce9865a60d0bbe8b6a275a21\redhat.java\jdt_ws\Summit Game_948de7c9\bin
Launcher Type: SUN_STANDARD

[Global flags]
     intx CICompilerCount                          = 12                                        {product} {ergonomic}
     uint ConcGCThreads                            = 3                                         {product} {ergonomic}
     uint G1ConcRefinementThreads                  = 13                                        {product} {ergonomic}
   size_t G1HeapRegionSize                         = 2097152                                   {product} {ergonomic}
    uintx GCDrainStackTargetSize                   = 64                                        {product} {ergonomic}
   size_t InitialHeapSize                          = 260046848                                 {product} {ergonomic}
   size_t MarkStackSize                            = 4194304                                   {product} {ergonomic}
   size_t MaxHeapSize                              = 4137680896                                {product} {ergonomic}
   size_t MaxNewSize                               = 2480930816                                {product} {ergonomic}
   size_t MinHeapDeltaBytes                        = 2097152                                   {product} {ergonomic}
   size_t MinHeapSize                              = 8388608                                   {product} {ergonomic}
    uintx NonNMethodCodeHeapSize                   = 7602480                                {pd product} {ergonomic}
    uintx NonProfiledCodeHeapSize                  = 122027880                              {pd product} {ergonomic}
    uintx ProfiledCodeHeapSize                     = 122027880                              {pd product} {ergonomic}
    uintx ReservedCodeCacheSize                    = 251658240                              {pd product} {ergonomic}
     bool SegmentedCodeCache                       = true                                      {product} {ergonomic}
     bool ShowCodeDetailsInExceptionMessages       = true                                   {manageable} {command line}
   size_t SoftMaxHeapSize                          = 4137680896                             {manageable} {ergonomic}
     bool UseCompressedClassPointers               = true                           {product lp64_product} {ergonomic}
     bool UseCompressedOops                        = true                           {product lp64_product} {ergonomic}
     bool UseG1GC                                  = true                                      {product} {ergonomic}
     bool UseLargePagesIndividualAllocation        = false                                  {pd product} {ergonomic}

Logging:
Log output configuration:
 #0: stdout all=warning uptime,level,tags
 #1: stderr all=off uptime,level,tags

Environment Variables:
JAVA_HOME=C:\Users\aadiu\AppData\Local\Programs\Eclipse Adoptium\jdk-17.0.2.8-hotspot\
PATH=C:\Program Files (x86)\Razer Chroma SDK\bin;C:\Program Files\Razer Chroma SDK\bin;C:\Program Files (x86)\Razer\ChromaBroadcast\bin;C:\Program Files\Razer\ChromaBroadcast\bin;C:\Program Files (x86)\Common Files\Oracle\Java\javapath;C:\Program Files\Python38\Scripts\;C:\Program Files\Python38\;C:\Windows\system32;C:\Windows;C:\Windows\System32\Wbem;C:\Windows\System32\WindowsPowerShell\v1.0\;C:\Windows\System32\OpenSSH\;C:\Program Files (x86)\NVIDIA Corporation\PhysX\Common;C:\Program Files\NVIDIA Corporation\NVIDIA NvDLISR;C:\Users\aadiu\AppData\Local\Microsoft\WindowsApps;C:\Users\aadiu\AppData\Local\Programs\Microsoft VS Code\bin;C:\Windows\system32\config\systemprofile\AppData\Local\Microsoft\WindowsApps;C:\Program Files\dotnet\;C:\Program Files\Git\cmd;C:\MinGW\bin\;C:\Program Files (x86)\Windows Kits\10\Windows Performance Toolkit\;C:\Users\aadiu\AppData\Local\Programs\Eclipse Adoptium\jdk-17.0.2.8-hotspot\bin;C:\Users\aadiu\AppData\Local\Microsoft\WindowsApps;C:\Users\aadiu\AppData\Local\Programs\Microsoft VS Code\bin;C:\Users\aadiu\AppData\Local\GitHubDesktop\bin
USERNAME=aadiu
LANG=en_US.UTF-8
OS=Windows_NT
PROCESSOR_IDENTIFIER=AMD64 Family 25 Model 80 Stepping 0, AuthenticAMD



---------------  S Y S T E M  ---------------

OS:
 Windows 10 , 64 bit Build 19041 (10.0.19041.2251)
OS uptime: 1 days 8:19 hours

CPU: total 16 (initial active 16) (16 cores per cpu, 2 threads per core) family 25 model 80 stepping 0 microcode 0x0, cx8, cmov, fxsr, ht, mmx, 3dnowpref, sse, sse2, sse3, ssse3, sse4a, sse4.1, sse4.2, popcnt, lzcnt, tsc, tscinvbit, avx, avx2, aes, erms, clmul, bmi1, bmi2, adx, sha, fma, vzeroupper, clflush, clflushopt

Memory: 4k page, system-wide physical 15776M (7686M free)
TotalPageFile size 20128M (AvailPageFile size 6921M)
current process WorkingSet (physical memory assigned to process): 112M, peak: 113M
current process commit charge ("private bytes"): 428M, peak: 429M

vm_info: OpenJDK 64-Bit Server VM (17.0.2+8) for windows-amd64 JRE (17.0.2+8), built on Jan 20 2022 04:52:34 by "" with MS VC++ 16.7 (VS2019)

END.
