#
# A fatal error has been detected by the Java Runtime Environment:
#
#  EXCEPTION_ACCESS_VIOLATION (0xc0000005) at pc=0x0000024ce590c9d3, pid=9692, tid=24776
#
# JRE version: OpenJDK Runtime Environment Temurin-17.0.2+8 (17.0.2+8) (build 17.0.2+8)
# Java VM: OpenJDK 64-Bit Server VM Temurin-17.0.2+8 (17.0.2+8, mixed mode, sharing, tiered, compressed oops, compressed class ptrs, g1 gc, windows-amd64)
# Problematic frame:
# J 1089 c2 summit.gfx.Renderer.render(Ljava/lang/String;FFILsummit/gfx/ColorFilter;)V (282 bytes) @ 0x0000024ce590c9d3 [0x0000024ce590bda0+0x0000000000000c33]
#
# No core dump will be written. Minidumps are not enabled by default on client versions of Windows
#
# If you would like to submit a bug report, please visit:
#   https://github.com/adoptium/adoptium-support/issues
#

---------------  S U M M A R Y ------------

Command Line: -XX:+ShowCodeDetailsInExceptionMessages summit.Main

Host: AMD Ryzen 9 5900HS with Radeon Graphics        , 16 cores, 15G,  Windows 10 , 64 bit Build 19041 (10.0.19041.2251)
Time: Tue Nov 15 17:41:51 2022 Central Standard Time elapsed time: 0.881850 seconds (0d 0h 0m 0s)

---------------  T H R E A D  ---------------

Current thread (0x0000024cfaa48720):  JavaThread "Thread-2" [_thread_in_Java, id=24776, stack(0x000000e0ce600000,0x000000e0ce700000)]

Stack: [0x000000e0ce600000,0x000000e0ce700000],  sp=0x000000e0ce6fec40,  free space=1019k
Native frames: (J=compiled Java code, j=interpreted, Vv=VM code, C=native code)
C  0x0000024ce590c9d3


siginfo: EXCEPTION_ACCESS_VIOLATION (0xc0000005), reading address 0x0000000b176119a0


Register to memory mapping:

RIP=0x0000024ce590c9d3 is at entry_point+3123 in (nmethod*)0x0000024ce590bb90
RAX=0x0000000718808b18 is an oop: [[I 
{0x0000000718808b18} - klass: {type array int}[]
 - length: 16
RBX=0x00000000fffffff0 is an unknown value
RCX=3807126330 is a compressed pointer to object: [[I 
{0x00000007176119d0} - klass: {type array int}[]
 - length: 144
RDX=0x0 is NULL
RSP=0x000000e0ce6fec40 is pointing into the stack for thread: 0x0000024cfaa48720
RBP=0x0 is NULL
RSI=0x0000000000000090 is an unknown value
RDI=0x0000000000000010 is an unknown value
R8 =0x00000000fffffff0 is an unknown value
R9 =0x0000000717611c20 is an oop: summit.gfx.Renderer 
{0x0000000717611c20} - klass: 'summit/gfx/Renderer'
 - ---- fields (total size 2 words):
 - private 'frame' '[[I' @12  a {type array int}[144] {0x00000007176119d0} (e2ec233a)
R10=0x00000007176119d0 is an oop: [[I 
{0x00000007176119d0} - klass: {type array int}[]
 - length: 144
R11=0x0000000000000028 is an unknown value
R12=0x0 is NULL
R13=0x0000000000000029 is an unknown value
R14=0x0000000000000010 is an unknown value
R15=0x0000024cfaa48720 is a thread


Registers:
RAX=0x0000000718808b18, RBX=0x00000000fffffff0, RCX=0x00000000e2ec233a, RDX=0x0000000000000000
RSP=0x000000e0ce6fec40, RBP=0x0000000000000000, RSI=0x0000000000000090, RDI=0x0000000000000010
R8 =0x00000000fffffff0, R9 =0x0000000717611c20, R10=0x00000007176119d0, R11=0x0000000000000028
R12=0x0000000000000000, R13=0x0000000000000029, R14=0x0000000000000010, R15=0x0000024cfaa48720
RIP=0x0000024ce590c9d3, EFLAGS=0x0000000000010287

Top of Stack: (sp=0x000000e0ce6fec40)
0x000000e0ce6fec40:   0000010000000000 0000000000000038
0x000000e0ce6fec50:   fffffff000000028 0000000000000000
0x000000e0ce6fec60:   fffffff000000028 000000071774c498
0x000000e0ce6fec70:   0000000000000009 0000000718b71bc0
0x000000e0ce6fec80:   000000e0ce6fee28 0000024cde5cab30
0x000000e0ce6fec90:   0000000718b71bc0 000000071761a6e0
0x000000e0ce6feca0:   000000e0ce6fef48 0000024cde5c9214
0x000000e0ce6fecb0:   0000024cde5cfd40 0000024cfa43ad88
0x000000e0ce6fecc0:   0000000000000030 0000000718b71bbc
0x000000e0ce6fecd0:   000000e0ce6fee28 0000024cde5d1730
0x000000e0ce6fece0:   0000000718b71bbc 0000000717611c20
0x000000e0ce6fecf0:   000000071761a6e0 0000000700000001
0x000000e0ce6fed00:   0000000000000000 0000000800c0eb60
0x000000e0ce6fed10:   000000e0ce6fef48 0000024cde5ca4ec
0x000000e0ce6fed20:   ffffffffffffffff 0000024cfa43ad88
0x000000e0ce6fed30:   000000e0ce6fed30 0000024cfa1dcf96 

Instructions: (pc=0x0000024ce590c9d3)
0x0000024ce590c8d3:   41 8b 7c fc 0c 85 ff 0f 86 9d 07 00 00 48 8b 6c
0x0000024ce590c8e3:   24 18 48 85 ed 0f 85 4b 07 00 00 44 89 54 24 04
0x0000024ce590c8f3:   44 89 04 24 c4 e1 f9 6e d8 44 8b d7 45 03 d3 44
0x0000024ce590c903:   89 54 24 08 4d 8d 14 cc c4 c1 f9 6e e2 45 8b eb
0x0000024ce590c913:   41 ff c5 44 8b c3 e9 8e 00 00 00 48 8b d5 e9 17
0x0000024ce590c923:   01 00 00 66 66 0f 1f 84 00 00 00 00 00 44 2b 4c
0x0000024ce590c933:   24 10 45 8b d9 41 ff c3 45 8b ca 44 3b df 0f 83
0x0000024ce590c943:   a8 04 00 00 45 3b 64 cc 10 0f 84 fa 05 00 00 c4
0x0000024ce590c953:   c1 f9 7e db 45 8b 53 10 43 8b 5c d4 0c 03 5c 24
0x0000024ce590c963:   10 4d 8b 9f 48 03 00 00 45 8b d1 41 ff c2 41 85
0x0000024ce590c973:   03 44 3b d3 7c b7 c4 e1 f9 7e ca 4d 8b 97 48 03
0x0000024ce590c983:   00 00 41 ff c0 41 85 02 44 3b 04 24 0f 8d b5 01
0x0000024ce590c993:   00 00 c4 c1 f9 7e c1 c4 e1 f9 7e cd c5 f9 7e d2
0x0000024ce590c9a3:   44 8b 5c 24 10 8b 5c 24 14 44 3b 5c 24 08 0f 8d
0x0000024ce590c9b3:   a9 01 00 00 89 5c 24 14 44 89 5c 24 10 c5 f9 6e
0x0000024ce590c9c3:   d2 c4 e1 f9 6e cd c4 c1 f9 6e c1 c4 c1 f9 7e e2
0x0000024ce590c9d3:   43 8b 5c 82 10 41 8b c0 2b 44 24 14 44 3b c6 0f
0x0000024ce590c9e3:   83 36 ff ff ff 44 3b 5c 24 04 0f 83 2b ff ff ff
0x0000024ce590c9f3:   c4 c1 f9 7e da 45 8b 5c 82 10 47 8b 54 dc 0c 45
0x0000024ce590ca03:   85 d2 0f 86 51 05 00 00 47 8b 54 dc 10 41 83 fa
0x0000024ce590ca13:   ff 0f 84 65 01 00 00 45 8b 5c dc 0c 44 8b 4c 24
0x0000024ce590ca23:   10 45 3b cb 0f 83 e6 00 00 00 4d 8d 0c dc 44 8b
0x0000024ce590ca33:   5c 24 10 47 89 54 99 10 33 d2 c4 c1 f9 7e da 45
0x0000024ce590ca43:   8b 5a 10 47 8b 54 dc 0c 44 03 54 24 10 45 3b ea
0x0000024ce590ca53:   0f 8d 25 ff ff ff 44 3b c6 0f 83 da 00 00 00 49
0x0000024ce590ca63:   8d 2c dc 45 8b cd 41 ba 01 00 00 00 eb 50 0f 1f
0x0000024ce590ca73:   84 00 00 00 00 00 0f 1f 80 00 00 00 00 46 89 54
0x0000024ce590ca83:   8d 10 33 d2 c4 c1 f9 7e da 45 8b 52 10 47 8b 54
0x0000024ce590ca93:   d4 0c 44 03 54 24 10 4d 8b b7 48 03 00 00 45 8b
0x0000024ce590caa3:   d9 41 ff c3 41 85 06 45 3b da 0f 8d cb fe ff ff
0x0000024ce590cab3:   44 2b 4c 24 10 45 8b d1 41 ff c2 45 8b cb 44 3b
0x0000024ce590cac3:   d7 0f 83 25 03 00 00 45 8b 5c cc 10 47 8b 5c dc 


Stack slot to memory mapping:
stack at sp + 0 slots: 0x0000010000000000 is an unknown value
stack at sp + 1 slots: 0x0000000000000038 is an unknown value
stack at sp + 2 slots: 0xfffffff000000028 is an unknown value
stack at sp + 3 slots: 0x0 is NULL
stack at sp + 4 slots: 0xfffffff000000028 is an unknown value
stack at sp + 5 slots: 0x000000071774c498 is an oop: [[I 
{0x000000071774c498} - klass: {type array int}[]
 - length: 16
stack at sp + 6 slots: 0x0000000000000009 is an unknown value
stack at sp + 7 slots: 0x0000000718b71bc0 is pointing into object: [Ljava.lang.Object; 
{0x0000000718b71b30} - klass: 'java/lang/Object'[]
 - length: 40

--------------------------------------------------------------------------------
[Constant Pool (empty)]

--------------------------------------------------------------------------------

[MachCode]
  0x0000024ce590bda0: 448b 5208 | 49bb 0000 | 0000 0800 | 0000 4d03 | d349 3bc2 | 0f85 c60c | 44f8 6690 | 0f1f 4000 
  0x0000024ce590bdc0: 8984 2400 | 90ff ff55 | 4883 ec60 | c4c1 f96e | e048 897c | 2418 c4c1 | 796e d948 | 8914 2449 
  0x0000024ce590bde0: ba08 2f62 | 1707 0000 | 0041 8b6a | 7045 8b5c | ec08 4181 | fbe0 ad0b | 000f 85da | 1100 004d 
  0x0000024ce590be00: 8d14 ec45 | 8b5a 2447 | 8b4c dc0c | 4585 c90f | 866f 1200 | 004f 8d34 | dc4d 85c0 | 0f84 c00f 
  0x0000024ce590be20: 0000 458b | 400c 41ff | c945 85c0 | 757f c4c1 | f97e e245 | 0fb6 5211 | 4585 d20f | 856e 0f00 
  0x0000024ce590be40: 00c4 c1f9 | 7ee2 450f | be52 1045 | 85d2 0f85 | a414 0000 | c4c1 f97e | e241 8b6a | 1441 8b4c 
  0x0000024ce590be60: ec0c 85c9 | 0f86 520f | 0000 8bf9 | ffcf 3bf9 | 0f83 b613 | 0000 450f | b644 ec10 | 8bd9 83c3 
  0x0000024ce590be80: fd3b fb41 | ba00 0000 | 8041 0f4c | da41 8bf8 | c1e7 0541 | 2bf8 4d8d | 1cec 83fb | 010f 8ebd 
  0x0000024ce590bea0: 1300 00b8 | 0100 0000 | 4533 c0eb | 3b45 8bd0 | 41c1 ea10 | 4533 d045 | 23ca 33d2 | e9df 0000 
  0x0000024ce590bec0: 0045 0fb6 | 4403 1041 | 03f8 ffc0 | 3bc1 0f8d | ae00 0000 | 448b c741 | c1e0 0544 | 2bc7 418b 
  0x0000024ce590bee0: f8eb dec4 | c179 7ed0 | 8bd3 2bd0 | 3bd8 410f | 4cd0 81fa | a00f 0000 | 41ba a00f | 0000 410f 
  0x0000024ce590bf00: 47d2 03d0 | c4c1 796e | d00f 1f80 | 0000 0000 | 4863 e845 | 0fb6 542b | 1041 0fb6 | 742b 1345 
  0x0000024ce590bf20: 0fb6 442b | 1145 0fb6 | 6c2b 1241 | 03fa 8bef | c1e5 052b | ef41 03e8 | 448b d541 | c1e2 0544 
  0x0000024ce590bf40: 2bd5 4503 | d545 8bc2 | 41c1 e005 | 452b c244 | 03c6 418b | f8c1 e705 | 412b f883 | c004 3bc2 
  0x0000024ce590bf60: 7cae 498b | b748 0300 | 0085 063b | c30f 8c70 | ffff ffc5 | f97e d23b | c10f 8c42 | ffff ff41 
  0x0000024ce590bf80: 8bf8 85ff | 0f84 340e | 0000 c4c1 | f97e e241 | 897a 0c44 | 8bd7 41c1 | ea10 4433 | d745 23ca 
  0x0000024ce590bfa0: 478b 448e | 1047 8b4c | c40c 453b | ca0f 84a9 | 0100 0043 | 8b6c c418 | 85ed 0f84 | ac12 0000 
  0x0000024ce590bfc0: 478b 4cc4 | 0841 81f9 | 98b0 1400 | 0f84 be12 | 0000 4d8d | 1cec 458b | 430c 453b | c20f 85ac 
  0x0000024ce590bfe0: 0d00 0045 | 8b4b 104d | 8bc1 49c1 | e003 c4e1 | f97e e14c | 3bc1 0f84 | a502 0000 | 0fbe 5910 
  0x0000024ce590c000: 493b c80f | 8498 0200 | 0047 8b44 | cc08 4181 | f870 e900 | 000f 85b9 | 1300 004f | 8d04 cc41 
  0x0000024ce590c020: 0fbe 6810 | 3bdd 0f85 | 0c13 0000 | 418b 5814 | 448b 4914 | 458b 44dc | 0c43 8b4c | cc0c 413b 
  0x0000024ce590c040: c80f 85d8 | 0000 004d | 8d04 dc49 | 8d74 dc10 | 4f8d 04cc | 4b8d 7ccc | 1085 c90f | 84a5 0000 
  0x0000024ce590c060: 008b c183 | e01f 83e1 | e00f 844b | 0000 0048 | 8d3c 0f48 | 8d34 0e48 | f7d9 c5fe | 6f14 0fc5 
  0x0000024ce590c080: fe6f 2c0e | c5ed efd5 | c4e2 7d17 | d20f 857a | 0000 0048 | 83c1 2075 | e185 c00f | 8465 0000 
  0x0000024ce590c0a0: 00c5 fe6f | 5407 e0c5 | fe6f 6c06 | e0c5 edef | d5c4 e27d | 17d2 7555 | eb4c 8bc8 | 83e1 fc74 
  0x0000024ce590c0c0: 1948 8d3c | 0f48 8d34 | 0e48 f7d9 | 8b1c 0f3b | 1c0e 7539 | 4883 c104 | 75f2 f7c0 | 0200 0000 
  0x0000024ce590c0e0: 7412 0fb7 | 1f0f b70e | 3bd9 7521 | 488d 7f02 | 488d 7602 | f7c0 0100 | 0000 740a | 0fb6 1f0f 
  0x0000024ce590c100: b60e 3bd9 | 7507 b801 | 0000 00eb | 0233 c0c5 | edef d2c5 | d5ef ed85 | c00f 8582 | 0100 00ba 
  0x0000024ce590c120: 45ff ffff | 488b 2c24 | c5fa 1104 | 24c5 fa11 | 4c24 04c5 | fa11 5c24 | 084c 8b44 | 2418 4c89 
  0x0000024ce590c140: 4424 10c5 | fb11 6424 | 184c 895c | 2420 4489 | 5424 0c90 | c5f8 77e8 | a461 44f8 | 478b 5cc4 
  0x0000024ce590c160: 104d 8bcb | 49c1 e103 | c4e1 f97e | e14c 3bc9 | 0f84 2701 | 0000 0fbe | 4910 c4e1 | f97e e349 
  0x0000024ce590c180: 3bd9 0f84 | 1501 0000 | 478b 4cdc | 0841 81f9 | 70e9 0000 | 0f85 f611 | 0000 49c1 | e303 410f 
  0x0000024ce590c1a0: be6b 103b | cd0f 8515 | 1100 0045 | 8b5b 148b | 5b14 478b | 4cdc 0c41 | 8b4c dc0c | 413b c90f 
  0x0000024ce590c1c0: 852b 1000 | 004f 8d0c | dc4b 8d74 | dc10 4d8d | 1cdc 498d | 7cdc 1085 | c90f 84a5 | 0000 008b 
  0x0000024ce590c1e0: c183 e01f | 83e1 e00f | 844b 0000 | 0048 8d3c | 0f48 8d34 | 0e48 f7d9 | c5fe 6f2c | 0fc5 fe6f 
  0x0000024ce590c200: 140e c5d5 | efea c4e2 | 7d17 ed0f | 857a 0000 | 0048 83c1 | 2075 e185 | c00f 8465 | 0000 00c5 
  0x0000024ce590c220: fe6f 6c07 | e0c5 fe6f | 5406 e0c5 | d5ef eac4 | e27d 17ed | 7555 eb4c | 8bc8 83e1 | fc74 1948 
  0x0000024ce590c240: 8d3c 0f48 | 8d34 0e48 | f7d9 8b1c | 0f3b 1c0e | 7539 4883 | c104 75f2 | f7c0 0200 | 0000 7412 
  0x0000024ce590c260: 0fb7 1f0f | b70e 3bd9 | 7521 488d | 7f02 488d | 7602 f7c0 | 0100 0000 | 740a 0fb6 | 1f0f b60e 
  0x0000024ce590c280: 3bd9 7507 | b801 0000 | 00eb 0233 | c0c5 d5ef | edc5 edef | d285 c00f | 8453 0f00 | 004f 8d1c 
  0x0000024ce590c2a0: c441 8b6b | 1445 8b5c | ec08 4181 | fb08 6d00 | 000f 85b9 | 1000 0049 | 8d04 ec44 | 8b50 0c45 
  0x0000024ce590c2c0: 85d2 0f86 | 340d 0000 | 448b 5810 | 478b 44dc | 0c41 d1fa | 41d1 f8c4 | c179 6ed2 | c5f8 5bd2 
  0x0000024ce590c2e0: c4c1 796e | e8c5 f85b | edc5 f25c | cac5 fa5c | d5c4 c179 | 7ed2 c4c1 | 797e c945 | 8bda 41c1 
  0x0000024ce590c300: eb17 458b | c141 c1e8 | 1745 0fb6 | dbb9 9500 | 0000 412b | cb45 0fb6 | c0be 9500 | 0000 412b 
  0x0000024ce590c320: f0f7 c1e0 | ffff ff0f | 8520 0a00 | 0045 8bda | 4181 e3ff | ff7f 0041 | 81cb 0000 | 8000 4585 
  0x0000024ce590c340: d20f 8c93 | 0a00 0041 | d3fb 41ff | c341 d1fb | f7c6 e0ff | ffff 0f85 | 130a 0000 | 418b d981 
  0x0000024ce590c360: e3ff ff7f | 0081 cb00 | 0080 0045 | 85c9 0f8c | 5f0a 0000 | 8bce d3fb | ffc3 d1fb | c4c1 797e 
  0x0000024ce590c380: d845 85c0 | 7508 4533 | c0e9 d004 | 0000 41f7 | c004 0000 | 0074 2d89 | 5c24 1044 | 895c 240c 
  0x0000024ce590c3a0: 8954 2408 | 418b e848 | 8bd0 6690 | c5f8 77e8 | 6ce2 ffff | 448b c58b | 5424 0844 | 8b5c 240c 
  0x0000024ce590c3c0: 8b5c 2410 | 41f7 c001 | 0000 000f | 84ca 0000 | 0044 8b48 | 0c45 85c9 | 0f86 de0d | 0000 448b 
  0x0000024ce590c3e0: 5010 438b | 4cd4 0c89 | 4c24 1044 | 894c 2414 | 4889 4424 | 2889 5c24 | 2444 895c | 2420 8954 
  0x0000024ce590c400: 240c 4489 | 4424 0848 | ba08 6d00 | 0008 0000 | 0045 8bc1 | 448b c990 | c5f8 77e8 | 6000 4ff8 
  0x0000024ce590c420: 448b 5c24 | 1441 ffcb | 443b 5c24 | 140f 8349 | 0d00 0044 | 8b50 0c45 | 85d2 0f86 | 3c0d 0000 
  0x0000024ce590c440: 453b da0f | 8333 0d00 | 008b 6c24 | 10ff cd8b | 4c24 10d1 | f94c 634c | 2410 448b | e941 83c5 
  0x0000024ce590c460: fe41 3bcd | 41bb 0000 | 0080 450f | 4ceb 4c63 | d149 8bd1 | 492b d28b | f1ff c648 | ffca 4533 
  0x0000024ce590c480: f6e9 0808 | 0000 488b | c644 8b44 | 2408 8b54 | 240c 448b | 5c24 208b | 5c24 2441 | f7c0 0200 
  0x0000024ce590c4a0: 0000 0f84 | b603 0000 | 448b 500c | 4585 d20f | 8695 0c00 | 0044 8b48 | 1047 8b4c | cc0c 4489 
  0x0000024ce590c4c0: 5424 2848 | 8944 2420 | 895c 2414 | 4489 5c24 | 1089 5424 | 0c44 8944 | 2408 48ba | 086d 0000 
  0x0000024ce590c4e0: 0800 0000 | 458b c290 | c5f8 77e8 | 90ff 4ef8 | 448b 500c | 448b 4424 | 2841 d1f8 | 458b c841 
  0x0000024ce590c500: ffc1 4585 | d20f 86e2 | 0b00 0045 | 3bc2 0f83 | d90b 0000 | 4863 6c24 | 284d 63d8 | 488b cd49 
  0x0000024ce590c520: 2bcb 48ff | c948 3bcd | 0f83 bf0b | 0000 448b | 5c24 2841 | ffcb 443b | 5c24 280f | 83ac 0b00 
  0x0000024ce590c540: 0044 894c | 242c 4d63 | ca49 3bc9 | 0f83 960b | 0000 453b | da0f 83e1 | 0b00 0044 | 3b44 2428 
  0x0000024ce590c560: 0f83 dd0b | 0000 4533 | d2eb 31c4 | c1f9 7ec3 | c4c1 797e | d2c4 e1f9 | 7ee0 c4e1 | f97e f54d 
  0x0000024ce590c580: 8b87 4803 | 0000 41ff | c241 8500 | 443b 5424 | 2c0f 8db5 | 0200 004c | 895c 2420 | 4c8b 5c24 
  0x0000024ce590c5a0: 2045 8b43 | 1043 8b7c | c40c 85ff | 76d1 c5fb | 1044 2420 | c4c1 796e | d24d 63c2 | 4c8b dd4d 
  0x0000024ce590c5c0: 2bd8 4c8b | 5424 2047 | 8b54 9a0c | c4c1 796e | ca47 8b6c | d40c 468b | 5480 10c4 | c179 6eda 
  0x0000024ce590c5e0: 478b 4cd4 | 0c4c 8b54 | 2420 478b | 5482 10c4 | c179 6eea | 438b 4cd4 | 0c42 8b5c | 980c 458b 
  0x0000024ce590c600: 74dc 0c45 | 85ed 0f86 | bd09 0000 | 41ba 0100 | 0000 453b | d545 0f4f | d5c4 c179 | 7edb 4f8d 
  0x0000024ce590c620: 04dc c4c1 | 797e cb4b | 8d14 dc41 | 8bf8 498d | 34dc c1ef | 02c4 c179 | 7eeb 49c1 | e303 83e7 
  0x0000024ce590c640: 0341 03fa | f7df 83e7 | 0341 03fa | 413b fd41 | 0f4f fd45 | 33d2 eb0c | 448b d144 | 8b4c 2420 
  0x0000024ce590c660: 8b4c 2424 | 453b d50f | 837e 0100 | 00c5 796e | c389 4c24 | 2444 894c | 2420 c4e1 | f96e f5c4 
  0x0000024ce590c680: e1f9 6ee0 | 468b 4c92 | 1044 3b54 | 2420 0f83 | a007 0000 | 4789 4c90 | 1044 3bd1 | 0f83 ee07 
  0x0000024ce590c6a0: 0000 478b | 4c93 1045 | 3bd6 0f83 | 4008 0000 | 4689 4c96 | 10c4 c1f9 | 7ec1 458b | 4910 478b 
  0x0000024ce590c6c0: 4ccc 0c41 | 8bca ffc1 | 413b c90f | 8d9a feff | ff3b cf0f | 8c7f ffff | ff49 63dd | 4963 c648 
  0x0000024ce590c6e0: 636c 2424 | 4863 7c24 | 2048 3bdf | 418b fd0f | 4f7c 2420 | 4963 d94c | 63cf 4c3b | cd0f 4f7c 
  0x0000024ce590c700: 2424 48ff | cb4c 63cf | 4c3b c841 | 0f4f fe44 | 8bcb 4863 | c748 3bc3 | 410f 4ff9 | 448b cf41 
  0x0000024ce590c720: 83c1 f941 | 3bf9 bf00 | 0000 8044 | 0f4c cf41 | 3bc9 0f8d | 9908 0000 | 41ff c20f | 1f44 0000 
  0x0000024ce590c740: c4a1 7a6f | 7c92 10c4 | 817a 7f7c | 9010 c481 | 7a6f 7c93 | 10c4 a17a | 7f7c 9610 | c4a1 7a6f 
  0x0000024ce590c760: 7c92 20c4 | 817a 7f7c | 9020 c481 | 7a6f 7c93 | 20c4 a17a | 7f7c 9620 | 4183 c208 | 453b d17c 
  0x0000024ce590c780: bf45 3bd5 | 7d59 6690 | 453b d573 | 5946 8b4c | 9210 443b | 5424 200f | 8397 0600 | 0047 894c 
  0x0000024ce590c7a0: 9010 443b | 5424 240f | 83e3 0600 | 0047 8b4c | 9310 453b | d60f 8335 | 0700 0046 | 894c 9610 
  0x0000024ce590c7c0: c4c1 f97e | c145 8b49 | 1043 8b4c | cc0c 41ff | c244 3bd1 | 0f8d 91fd | ffff 453b | d57c a9c4 
  0x0000024ce590c7e0: e1f9 7ee0 | eb05 c4e1 | f97e e0ba | e4ff ffff | 488b 2c24 | 448b 4424 | 0844 8904 | 244c 8b5c 
  0x0000024ce590c800: 2418 4c89 | 5c24 0844 | 8b44 2410 | 4489 4424 | 0444 8b5c | 2414 4489 | 5c24 10c5 | fb11 4424 
  0x0000024ce590c820: 1848 8944 | 2420 4489 | 5424 2844 | 8954 242c | c5fa 1154 | 2430 c5fa | 115c 2434 | c5fa 114c 
  0x0000024ce590c840: 2438 6690 | c5f8 77e8 | b45a 44f8 | 8b54 240c | 448b 5c24 | 108b 5c24 | 1444 8b44 | 2408 418b 
  0x0000024ce590c860: e8c1 fd03 | 85ed 0f85 | 5008 0000 | 8b78 0c44 | 8bc3 4403 | c741 3bd8 | 0f8d cc02 | 0000 4c63 
  0x0000024ce590c880: d74c 63cb | 8bcb f7d9 | 4863 c94c | 03c9 4d3b | ca0f 8399 | 0700 004d | 63c8 4c03 | c949 ffc9 
  0x0000024ce590c8a0: 4d3b ca0f | 83bb 0700 | 004c 8b0c | 2441 8b49 | 0c41 8b74 | cc0c 85f6 | 0f86 b107 | 0000 458b 
  0x0000024ce590c8c0: 54cc 1047 | 8b54 d40c | 85ff 0f86 | a607 0000 | 8b78 1041 | 8b7c fc0c | 85ff 0f86 | 9d07 0000 
  0x0000024ce590c8e0: 488b 6c24 | 1848 85ed | 0f85 4b07 | 0000 4489 | 5424 0444 | 8904 24c4 | e1f9 6ed8 | 448b d745 
  0x0000024ce590c900: 03d3 4489 | 5424 084d | 8d14 ccc4 | c1f9 6ee2 | 458b eb41 | ffc5 448b | c3e9 8e00 | 0000 488b 
  0x0000024ce590c920: d5e9 1701 | 0000 6666 | 0f1f 8400 | 0000 0000 | 442b 4c24 | 1045 8bd9 | 41ff c345 | 8bca 443b 
  0x0000024ce590c940: df0f 83a8 | 0400 0045 | 3b64 cc10 | 0f84 fa05 | 0000 c4c1 | f97e db45 | 8b53 1043 | 8b5c d40c 
  0x0000024ce590c960: 035c 2410 | 4d8b 9f48 | 0300 0045 | 8bd1 41ff | c241 8503 | 443b d37c | b7c4 e1f9 | 7eca 4d8b 
  0x0000024ce590c980: 9748 0300 | 0041 ffc0 | 4185 0244 | 3b04 240f | 8db5 0100 | 00c4 c1f9 | 7ec1 c4e1 | f97e cdc5 
  0x0000024ce590c9a0: f97e d244 | 8b5c 2410 | 8b5c 2414 | 443b 5c24 | 080f 8da9 | 0100 0089 | 5c24 1444 | 895c 2410 
  0x0000024ce590c9c0: c5f9 6ed2 | c4e1 f96e | cdc4 c1f9 | 6ec1 c4c1 | f97e e243 | 8b5c 8210 | 418b c02b | 4424 1444 
  0x0000024ce590c9e0: 3bc6 0f83 | 36ff ffff | 443b 5c24 | 040f 832b | ffff ffc4 | c1f9 7eda | 458b 5c82 | 1047 8b54 
  0x0000024ce590ca00: dc0c 4585 | d20f 8651 | 0500 0047 | 8b54 dc10 | 4183 faff | 0f84 6501 | 0000 458b | 5cdc 0c44 
  0x0000024ce590ca20: 8b4c 2410 | 453b cb0f | 83e6 0000 | 004d 8d0c | dc44 8b5c | 2410 4789 | 5499 1033 | d2c4 c1f9 
  0x0000024ce590ca40: 7eda 458b | 5a10 478b | 54dc 0c44 | 0354 2410 | 453b ea0f | 8d25 ffff | ff44 3bc6 | 0f83 da00 
  0x0000024ce590ca60: 0000 498d | 2cdc 458b | cd41 ba01 | 0000 00eb | 500f 1f84 | 0000 0000 | 000f 1f80 | 0000 0000 
  0x0000024ce590ca80: 4689 548d | 1033 d2c4 | c1f9 7eda | 458b 5210 | 478b 54d4 | 0c44 0354 | 2410 4d8b | b748 0300 
  0x0000024ce590caa0: 0045 8bd9 | 41ff c341 | 8506 453b | da0f 8dcb | feff ff44 | 2b4c 2410 | 458b d141 | ffc2 458b 
  0x0000024ce590cac0: cb44 3bd7 | 0f83 2503 | 0000 458b | 5ccc 1047 | 8b5c dc0c | 453b cb73 | 59c4 c1f9 | 7edb 458b 
  0x0000024ce590cae0: 7483 1043 | 8b54 f40c | 4f8d 1cf4 | 443b d20f | 8323 0300 | 0047 8b54 | 9310 4183 | faff 7428 
  0x0000024ce590cb00: 458b 5cdc | 0c45 3bcb | 0f82 72ff | ffff 4489 | 4c24 10ba | e6ff ffff | 8beb 4489 | 5424 0490 
  0x0000024ce590cb20: c5f8 77e8 | d857 44f8 | c4e1 f97e | cae9 55ff | ffff c4e1 | f97e cae9 | 4bff ffff | 458b cd41 
  0x0000024ce590cb40: bb01 0000 | 00e9 f4fd | ffff c5f8 | 7748 83c4 | 605d 493b | a740 0300 | 000f 87ad | 0a00 00c3 
  0x0000024ce590cb60: 895c 2414 | 4489 5c24 | 10c5 f96e | d2c4 e1f9 | 6ecd c4c1 | f96e c148 | 8bd5 e9ff | fdff ff48 
  0x0000024ce590cb80: 8bd5 e9b6 | feff ff66 | 0f1f 8400 | 0000 0000 | 448b c342 | 8b4c 870c | 8b5c 2410 | 412b db49 
  0x0000024ce590cba0: 63d3 894c | 9010 8b4c | 9710 4289 | 4c80 0c49 | 8bc9 482b | ca44 8b44 | 8f08 4489 | 4490 1444 
  0x0000024ce590cbc0: 8b44 9714 | 4489 4488 | 0844 8b44 | 8f04 4489 | 4490 1844 | 8b44 9718 | 4489 4488 | 0444 8b04 
  0x0000024ce590cbe0: 8f44 8944 | 901c 448b | 4497 1c44 | 8904 8883 | c3fc 4183 | c304 453b | da7c 954d | 8b97 4803 
  0x0000024ce590cc00: 0000 4185 | 0245 3bdd | 7d2a 448b | c345 8bd5 | 452b d345 | 3beb 440f | 4c54 240c | 4181 faa0 
  0x0000024ce590cc20: 0f00 00bb | a00f 0000 | 440f 47d3 | 4503 d3e9 | 5fff ffff | c5f9 7ec1 | c4e1 f97e | ca44 3b5c 
  0x0000024ce590cc40: 2430 7d2b | 448b 549f | 0c46 8954 | 9810 468b | 549f 1044 | 8954 980c | 458b d341 | ffc2 443b 
  0x0000024ce590cc60: 5424 307d | 0a8b dd41 | 2bdb 458b | daeb d54d | 8b97 4803 | 0000 41ff | c641 8502 | 443b 7424 
  0x0000024ce590cc80: 140f 8dff | f7ff ff48 | 8bc6 8b74 | 2430 4c8b | 5424 2841 | 8b7a 1085 | ff0f 84c6 | 0200 0047 
  0x0000024ce590cca0: 8b5c b210 | 478b 54dc | 0c42 8b5c | b010 458b | 44dc 0c89 | 7424 30c5 | f96e c948 | 8bf0 4963 
  0x0000024ce590ccc0: ca48 3bd1 | 0f83 aa02 | 0000 413b | ea0f 83a1 | 0200 0045 | 85c0 0f86 | 9802 0000 | c5f9 7ec9 
  0x0000024ce590cce0: 413b c80f | 838b 0200 | 0045 85d2 | 0f86 8202 | 0000 413b | ca0f 8379 | 0200 004d | 63d0 493b 
  0x0000024ce590cd00: d20f 836d | 0200 0041 | 3be8 0f83 | 6402 0000 | 498d 04dc | 4b8d 3cdc | 468b 548f | 0c45 8954 
  0x0000024ce590cd20: dc10 478b | 54dc 1046 | 8954 880c | 4183 fd01 | 0f8e 8602 | 0000 448b | c541 bb01 | 0000 00c5 
  0x0000024ce590cd40: f96e c1c4 | e1f9 6eca | e9c0 feff | ffc5 7a2c | da41 81fb | 0000 0080 | 7510 4883 | ec08 c5fa 
  0x0000024ce590cd60: 1114 24e8 | 8b43 3ff8 | 415b e9e1 | f5ff ffc5 | fa2c d981 | fb00 0000 | 8075 0f48 | 83ec 08c5 
  0x0000024ce590cd80: fa11 0c24 | e86a 433f | f85b e9ed | f5ff ff45 | 8b5b 184d | 8b87 4803 | 0000 4185 | 0045 85db 
  0x0000024ce590cda0: 0f84 c604 | 0000 49c1 | e303 e927 | f2ff ff45 | 33c9 33d2 | 4533 d2e9 | e4f1 ffff | 33d2 c4c1 
  0x0000024ce590cdc0: f97e e241 | c642 1101 | 4533 c945 | 33d2 e9cd | f1ff fff7 | dbe9 9af5 | ffff 41f7 | dbe9 65f5 
  0x0000024ce590cde0: ffff 4533 | c933 d245 | 33d2 e9b1 | f1ff ffba | 45ff ffff | c4e1 f97e | c5c5 fb11 | 0c24 c5fb 
  0x0000024ce590ce00: 115c 2408 | 4489 4424 | 1844 894c | 241c 6690 | c5f8 77e8 | e854 44f8 | c4c1 796e | d2ba e6ff 
  0x0000024ce590ce20: ffff 498b | ebc5 fa11 | 1424 6690 | c5f8 77e8 | cc54 44f8 | bae4 ffff | ff48 8b2c | 2444 8b5c 
  0x0000024ce590ce40: 2408 4489 | 1c24 4c8b | 5c24 184c | 895c 2408 | 448b 4424 | 1044 8944 | 2404 448b | 5c24 1444 
  0x0000024ce590ce60: 895c 2410 | c5fb 1144 | 2418 c5fb | 1164 2420 | 4489 5424 | 2844 894c | 242c c5fa | 1154 2430 
  0x0000024ce590ce80: c5fa 115c | 2434 6690 | c5f8 77e8 | 7054 44f8 | bae4 ffff | ff48 8b2c | 2444 8b5c | 2408 4489 
  0x0000024ce590cea0: 1c24 4c8b | 5c24 184c | 895c 2408 | 448b 4424 | 1044 8944 | 2404 448b | 5c24 1444 | 895c 2410 
  0x0000024ce590cec0: c5fb 1144 | 2418 c5fb | 1164 2420 | 4489 5424 | 2844 8954 | 242c c5fa | 1154 2430 | c5fa 116c 
  0x0000024ce590cee0: 2434 c57a | 1144 2438 | c5f8 77e8 | 1054 44f8 | bae4 ffff | ff48 8b2c | 2444 8b44 | 2408 4489 
  0x0000024ce590cf00: 0424 4c8b | 5c24 184c | 895c 2408 | 448b 4424 | 1044 8944 | 2404 448b | 5c24 1444 | 895c 2410 
  0x0000024ce590cf20: c5fb 1144 | 2418 c5fb | 1164 2420 | 4489 5424 | 2844 894c | 242c c5fa | 1154 2430 | c57a 1144 
  0x0000024ce590cf40: 2434 6690 | c5f8 77e8 | b453 44f8 | baf6 ffff | ff66 6690 | c5f8 77e8 | a453 44f8 | 49c1 e303 
  0x0000024ce590cf60: e9b8 feff | ffba f6ff | ffff 6690 | c5f8 77e8 | 8c53 44f8 | 418b 6cfc | 0cd1 fdff | c5ba 76ff 
  0x0000024ce590cf80: ffff 4c8b | 5424 184c | 8954 2410 | 448b 5424 | 2044 8954 | 240c 448b | 5c24 2444 | 895c 2418 
  0x0000024ce590cfa0: 4c8b 5424 | 284c 8954 | 2420 4889 | 4424 2844 | 8974 241c | c5f8 77e8 | 4453 44f8 | 8bdd 41bb 
  0x0000024ce590cfc0: 0100 0000 | e974 fcff | ff45 33d2 | e91a f8ff | ff44 8bd1 | e9a8 f7ff | ffba deff | ffff c5fa 
  0x0000024ce590cfe0: 1144 2408 | c5fa 114c | 240c 4489 | 4c24 104c | 8944 2420 | c5f8 77e8 | 0453 44f8 | bae4 ffff 
  0x0000024ce590d000: ff48 8b2c | 24c5 fa11 | 0c24 c5fa | 115c 2404 | 4c8b 5424 | 184c 8954 | 2408 c5fa | 1144 2410 
  0x0000024ce590d020: 4889 4424 | 2066 6690 | c5f8 77e8 | d052 44f8 | 4c8b 0c24 | 488b 6c24 | 18ba beff | ffff 4c89 
  0x0000024ce590d040: 0c24 4889 | 4424 0844 | 895c 2410 | 895c 2418 | 895c 241c | 4489 4424 | 2066 6690 | c5f8 77e8 
  0x0000024ce590d060: 9c52 44f8 | 4c8b 0c24 | 488b 6c24 | 18eb ca48 | 8b6c 2418 | ebc3 488b | 6c24 18eb | bc48 8b6c 
  0x0000024ce590d080: 2418 ebb5 | ba45 ffff | ff48 8b2c | 24c5 fa11 | 0424 c5fa | 114c 2404 | c5fa 115c | 2408 4889 
  0x0000024ce590d0a0: 7c24 104c | 8944 2418 | 4489 4c24 | 2044 895c | 2424 6690 | c5f8 77e8 | 4452 44f8 | ba45 ffff 
  0x0000024ce590d0c0: ff4c 8b54 | 2418 4c89 | 5424 0848 | 8944 2410 | 4489 5c24 | 1889 5c24 | 1c44 8944 | 2420 6690 
  0x0000024ce590d0e0: c5f8 77e8 | 1852 44f8 | 448b 4c24 | 2cba beff | ffff 488b | 2c24 448b | 5424 0844 | 8914 244c 
  0x0000024ce590d100: 8b54 2418 | 4c89 5424 | 0844 8b5c | 2410 4489 | 5c24 0444 | 8b54 2414 | 4489 5424 | 104c 8b54 
  0x0000024ce590d120: 2420 4c89 | 5424 1848 | 8944 2420 | 4489 4c24 | 1466 6690 | c5f8 77e8 | c451 44f8 | 448b 4c24 
  0x0000024ce590d140: 2ceb aa44 | 8b4c 242c | eba3 bae4 | ffff ff48 | 8b2c 2444 | 8904 244c | 8b44 2418 | 4c89 4424 
  0x0000024ce590d160: 0844 895c | 2404 895c | 2410 4889 | 4424 2044 | 8954 2414 | c5f8 77e8 | 8451 44f8 | babe ffff 
  0x0000024ce590d180: ff48 8b2c | 2444 8b54 | 2408 4489 | 1424 4c8b | 5424 184c | 8954 2408 | 448b 5c24 | 2044 895c 
  0x0000024ce590d1a0: 2404 448b | 5424 2444 | 8954 2410 | 4889 4424 | 2066 6690 | c5f8 77e8 | 4451 44f8 | bae4 ffff 
  0x0000024ce590d1c0: ff48 8b2c | 2444 8904 | 244c 8b54 | 2418 4c89 | 5424 0844 | 895c 2404 | 895c 2410 | 4889 4424 
  0x0000024ce590d1e0: 2044 894c | 2414 6690 | c5f8 77e8 | 1051 44f8 | ba45 ffff | ff48 8b2c | 24c5 fa11 | 0424 c5fa 
  0x0000024ce590d200: 114c 2404 | c5fa 115c | 2408 4c8b | 5c24 184c | 895c 2410 | c5fb 1164 | 2418 4489 | 4424 0c44 
  0x0000024ce590d220: 8954 2420 | c5f8 77e8 | d450 44f8 | ba76 ffff | ffc5 fa11 | 4424 08c5 | fa11 4c24 | 0cc5 fa11 
  0x0000024ce590d240: 5c24 1044 | 894c 2414 | 4c89 5424 | 2889 4c24 | 3444 895c | 2438 6690 | c5f8 77e8 | a050 44f8 
  0x0000024ce590d260: b801 0000 | 0033 d2e9 | 0bed ffff | baf4 ffff | ff48 8b2c | 24c5 fa11 | 0424 c5fa | 114c 2404 
  0x0000024ce590d280: c5fa 115c | 2408 6690 | c5f8 77e8 | 7050 44f8 | ba45 ffff | ffc5 fa11 | 4424 08c5 | fa11 4c24 
  0x0000024ce590d2a0: 0cc5 fa11 | 5c24 10c5 | fb11 6424 | 2044 8944 | 2414 4489 | 5424 2890 | c5f8 77e8 | 4050 44f8 
  0x0000024ce590d2c0: ba45 ffff | ffc5 fa11 | 4424 08c5 | fa11 4c24 | 0cc5 fa11 | 5c24 10c5 | fb11 6424 | 2844 8944 
  0x0000024ce590d2e0: 2414 4489 | 5424 304c | 895c 2438 | 894c 2434 | c5f8 77e8 | 0850 44f8 | 4585 d240 | 0f95 c540 
  0x0000024ce590d300: 0fb6 ed83 | f501 ba45 | ffff ffc5 | fa11 4424 | 08c5 fa11 | 4c24 0cc5 | fa11 5c24 | 1044 894c 
  0x0000024ce590d320: 2414 c5fb | 1164 2428 | 4489 5c24 | 3066 6690 | c5f8 77e8 | c84f 44f8 | ba45 ffff | ffc5 fa11 
  0x0000024ce590d340: 4424 08c5 | fa11 4c24 | 0cc5 fa11 | 5c24 10c5 | fb11 6424 | 284c 895c | 2430 4489 | 5424 144c 
  0x0000024ce590d360: 8944 2438 | 895c 2440 | c5f8 77e8 | 904f 44f8 | bade ffff | ffc5 fa11 | 4424 08c5 | fa11 4c24 
  0x0000024ce590d380: 0cc5 fa11 | 5c24 1090 | c5f8 77e8 | 704f 44f8 | bade ffff | ff48 8b2c | 24c5 fa11 | 0424 c5fa 
  0x0000024ce590d3a0: 114c 2404 | c5fa 115c | 2408 4c8b | 4c24 184c | 894c 2410 | c5fb 1164 | 2420 4489 | 4424 0c44 
  0x0000024ce590d3c0: 8954 2428 | 4489 5c24 | 3066 6690 | c5f8 77e8 | 2c4f 44f8 | bade ffff | ff48 8b2c | 24c5 fa11 
  0x0000024ce590d3e0: 0424 c5fa | 114c 2404 | c5fa 115c | 2408 4c8b | 4424 184c | 8944 2410 | c5fb 1164 | 2420 4c89 
  0x0000024ce590d400: 5c24 2844 | 8954 240c | 4489 4c24 | 3466 6690 | c5f8 77e8 | e84e 44f8 | baf6 ffff | ff66 6690 
  0x0000024ce590d420: c5f8 77e8 | d84e 44f8 | c4c1 796e | d2ba f6ff | ffff c5f9 | 7ed5 6690 | c5f8 77e8 | c04e 44f8 
  0x0000024ce590d440: 4489 4c24 | 10ba f6ff | ffff 4489 | 1424 6690 | c5f8 77e8 | a84e 44f8 | baf6 ffff | ff66 6690 
  0x0000024ce590d460: c5f8 77e8 | 984e 44f8 | ba76 ffff | ff48 8b2c | 2444 8b5c | 2408 4489 | 1c24 4c8b | 5424 184c 
  0x0000024ce590d480: 8954 2408 | 448b 5424 | 1044 8954 | 2404 448b | 5c24 1444 | 895c 2410 | 48ff 7424 | 2048 8f44 
  0x0000024ce590d4a0: 2418 4889 | 4424 20c5 | fa11 5424 | 1489 7c24 | 2866 6690 | c5f8 77e8 | 444e 44f8 | baf6 ffff 
  0x0000024ce590d4c0: ff66 6690 | c5f8 77e8 | 344e 44f8 | 488b d0eb | 0848 8bd0 | eb03 488b | d0c5 f877 | 4883 c460 
  0x0000024ce590d4e0: 5de9 1a5a | 4ff8 baf6 | ffff ff49 | 8be8 6690 | c5f8 77e8 | 084e 44f8 | baf6 ffff | ff66 6690 
  0x0000024ce590d500: c5f8 77e8 | f84d 44f8 | baf6 ffff | ff66 6690 | c5f8 77e8 | e84d 44f8 | 488b 6c24 | 18e9 17fb 
  0x0000024ce590d520: ffff 488b | 6c24 18e9 | 0dfb ffff | 488b 6c24 | 18e9 03fb | ffff baf6 | ffff ff90 | c5f8 77e8 
  0x0000024ce590d540: bc4d 44f8 | baf6 ffff | ff66 6690 | c5f8 77e8 | ac4d 44f8 | baf6 ffff | ff66 6690 | c5f8 77e8 
  0x0000024ce590d560: 9c4d 44f8 | baf6 ffff | ff66 6690 | c5f8 77e8 | 8c4d 44f8 | ba45 ffff | ff48 8b2c | 24c5 fa11 
  0x0000024ce590d580: 0424 c5fa | 114c 2404 | c5fa 115c | 2408 4c8b | 4c24 184c | 894c 2410 | c5fb 1164 | 2420 4489 
  0x0000024ce590d5a0: 4424 0c44 | 8954 2428 | 4489 5c24 | 2c66 6690 | c5f8 77e8 | 484d 44f8 | baf6 ffff | ff66 6690 
  0x0000024ce590d5c0: c5f8 77e8 | 384d 44f8 | ba45 ffff | ff48 8b2c | 24c5 fa11 | 0424 c5fa | 114c 2404 | c5fa 115c 
  0x0000024ce590d5e0: 2408 4c8b | 4424 184c | 8944 2410 | c5fb 1164 | 2420 4c89 | 5c24 2844 | 8954 240c | 4489 4c24 
  0x0000024ce590d600: 3066 6690 | c5f8 77e8 | f44c 44f8 | 49ba 52cb | 90e5 4c02 | 0000 4d89 | 9758 0300 | 00e9 de5d 
  0x0000024ce590d620: 44f8 f4f4 | f4f4 f4f4 | f4f4 f4f4 | f4f4 f4f4 | f4f4 f4f4 | f4f4 f4f4 | f4f4 f4f4 | f4f4 f4f4 
  0x0000024ce590d640: 48bb 0000 | 0000 0000 | 0000 e9fb | ffff ffe9 | ac9e 45f8 | e800 0000 | 0048 832c | 2405 e93d 
  0x0000024ce590d660: 5044 f8f4 | f4f4 f4f4 
[/MachCode]
--------------------------------------------------------------------------------


---------------  P R O C E S S  ---------------

Threads class SMR info:
_java_thread_list=0x0000024cfb1507b0, length=28, elements={
0x0000024cf9fbde00, 0x0000024cf9fbea70, 0x0000024cf9fdb050, 0x0000024cf9fdca10,
0x0000024cf9fdd3c0, 0x0000024cf9fde180, 0x0000024cf9fe2920, 0x0000024cf9feb3d0,
0x0000024cfa908070, 0x0000024cfaa1aa80, 0x0000024cfaa1dcf0, 0x0000024cfaa48250,
0x0000024cfaa46a40, 0x0000024cfaa49f30, 0x0000024cfaa490c0, 0x0000024cfaa473e0,
0x0000024cfaa478b0, 0x0000024cfaa47d80, 0x0000024cfaa48720, 0x0000024cfaa48bf0,
0x0000024cfaa49a60, 0x0000024cfb148500, 0x0000024cfb148a10, 0x0000024cfb148f20,
0x0000024cfb149840, 0x0000024cfb149d50, 0x0000024cfb14dd30, 0x0000024cfaa46f10
}

Java Threads: ( => current thread )
  0x0000024cf9fbde00 JavaThread "Reference Handler" daemon [_thread_blocked, id=13836, stack(0x000000e0cc700000,0x000000e0cc800000)]
  0x0000024cf9fbea70 JavaThread "Finalizer" daemon [_thread_blocked, id=23160, stack(0x000000e0cc800000,0x000000e0cc900000)]
  0x0000024cf9fdb050 JavaThread "Signal Dispatcher" daemon [_thread_blocked, id=17064, stack(0x000000e0cc900000,0x000000e0cca00000)]
  0x0000024cf9fdca10 JavaThread "Attach Listener" daemon [_thread_blocked, id=23352, stack(0x000000e0cca00000,0x000000e0ccb00000)]
  0x0000024cf9fdd3c0 JavaThread "Service Thread" daemon [_thread_blocked, id=18796, stack(0x000000e0ccb00000,0x000000e0ccc00000)]
  0x0000024cf9fde180 JavaThread "Monitor Deflation Thread" daemon [_thread_blocked, id=16056, stack(0x000000e0ccc00000,0x000000e0ccd00000)]
  0x0000024cf9fe2920 JavaThread "C2 CompilerThread0" daemon [_thread_blocked, id=2504, stack(0x000000e0ccd00000,0x000000e0cce00000)]
  0x0000024cf9feb3d0 JavaThread "C1 CompilerThread0" daemon [_thread_blocked, id=5756, stack(0x000000e0cce00000,0x000000e0ccf00000)]
  0x0000024cfa908070 JavaThread "Sweeper thread" daemon [_thread_blocked, id=5980, stack(0x000000e0ccf00000,0x000000e0cd000000)]
  0x0000024cfaa1aa80 JavaThread "C1 CompilerThread1" daemon [_thread_blocked, id=21744, stack(0x000000e0cd000000,0x000000e0cd100000)]
  0x0000024cfaa1dcf0 JavaThread "C1 CompilerThread2" daemon [_thread_blocked, id=25940, stack(0x000000e0cd100000,0x000000e0cd200000)]
  0x0000024cfaa48250 JavaThread "Notification Thread" daemon [_thread_blocked, id=23280, stack(0x000000e0cd200000,0x000000e0cd300000)]
  0x0000024cfaa46a40 JavaThread "Common-Cleaner" daemon [_thread_blocked, id=6712, stack(0x000000e0cd400000,0x000000e0cd500000)]
  0x0000024cfaa49f30 JavaThread "DestroyJavaVM" [_thread_blocked, id=21340, stack(0x000000e0cc000000,0x000000e0cc100000)]
  0x0000024cfaa490c0 JavaThread "Java2D Disposer" daemon [_thread_blocked, id=1704, stack(0x000000e0cd600000,0x000000e0cd700000)]
  0x0000024cfaa473e0 JavaThread "AWT-Shutdown" [_thread_blocked, id=5824, stack(0x000000e0cd800000,0x000000e0cd900000)]
  0x0000024cfaa478b0 JavaThread "AWT-Windows" daemon [_thread_in_native, id=22348, stack(0x000000e0cd900000,0x000000e0cda00000)]
  0x0000024cfaa47d80 JavaThread "AWT-EventQueue-0" [_thread_blocked, id=5932, stack(0x000000e0cd700000,0x000000e0cd800000)]
=>0x0000024cfaa48720 JavaThread "Thread-2" [_thread_in_Java, id=24776, stack(0x000000e0ce600000,0x000000e0ce700000)]
  0x0000024cfaa48bf0 JavaThread "Thread-1" [_thread_in_Java, id=25236, stack(0x000000e0ce700000,0x000000e0ce800000)]
  0x0000024cfaa49a60 JavaThread "D3D Screen Updater" daemon [_thread_blocked, id=13024, stack(0x000000e0cd500000,0x000000e0cd600000)]
  0x0000024cfb148500 JavaThread "C2 CompilerThread1" daemon [_thread_blocked, id=13176, stack(0x000000e0ce800000,0x000000e0ce900000)]
  0x0000024cfb148a10 JavaThread "C2 CompilerThread2" daemon [_thread_blocked, id=21132, stack(0x000000e0ce900000,0x000000e0cea00000)]
  0x0000024cfb148f20 JavaThread "C2 CompilerThread3" daemon [_thread_blocked, id=11144, stack(0x000000e0cea00000,0x000000e0ceb00000)]
  0x0000024cfb149840 JavaThread "C2 CompilerThread4" daemon [_thread_blocked, id=6660, stack(0x000000e0ceb00000,0x000000e0cec00000)]
  0x0000024cfb149d50 JavaThread "C2 CompilerThread5" daemon [_thread_blocked, id=21404, stack(0x000000e0cec00000,0x000000e0ced00000)]
  0x0000024cfb14dd30 JavaThread "C2 CompilerThread6" daemon [_thread_blocked, id=7412, stack(0x000000e0ced00000,0x000000e0cee00000)]
  0x0000024cfaa46f10 JavaThread "Thread-3" [_thread_in_Java, id=24268, stack(0x000000e0cee00000,0x000000e0cef00000)]

Other Threads:
  0x0000024cf9fb73e0 VMThread "VM Thread" [stack: 0x000000e0cc600000,0x000000e0cc700000] [id=22016]
  0x0000024cfaa517d0 WatcherThread [stack: 0x000000e0cd300000,0x000000e0cd400000] [id=14088]
  0x0000024cd4a6ccc0 GCTaskThread "GC Thread#0" [stack: 0x000000e0cc100000,0x000000e0cc200000] [id=20492]
  0x0000024cfb24b660 GCTaskThread "GC Thread#1" [stack: 0x000000e0cef00000,0x000000e0cf000000] [id=19004]
  0x0000024cfb3cb480 GCTaskThread "GC Thread#2" [stack: 0x000000e0cf000000,0x000000e0cf100000] [id=20236]
  0x0000024cfb3cbb40 GCTaskThread "GC Thread#3" [stack: 0x000000e0cf100000,0x000000e0cf200000] [id=20892]
  0x0000024cfb3cbdf0 GCTaskThread "GC Thread#4" [stack: 0x000000e0cf200000,0x000000e0cf300000] [id=20232]
  0x0000024cfb44d790 GCTaskThread "GC Thread#5" [stack: 0x000000e0cf300000,0x000000e0cf400000] [id=7964]
  0x0000024cfb44da40 GCTaskThread "GC Thread#6" [stack: 0x000000e0cf400000,0x000000e0cf500000] [id=19284]
  0x0000024cfb44dcf0 GCTaskThread "GC Thread#7" [stack: 0x000000e0cf500000,0x000000e0cf600000] [id=25944]
  0x0000024cfb324b50 GCTaskThread "GC Thread#8" [stack: 0x000000e0cf600000,0x000000e0cf700000] [id=23164]
  0x0000024cfb325a30 GCTaskThread "GC Thread#9" [stack: 0x000000e0cf700000,0x000000e0cf800000] [id=25716]
  0x0000024cfb325ce0 GCTaskThread "GC Thread#10" [stack: 0x000000e0cf800000,0x000000e0cf900000] [id=25020]
  0x0000024cfb498e20 GCTaskThread "GC Thread#11" [stack: 0x000000e0cf900000,0x000000e0cfa00000] [id=18544]
  0x0000024cd4a7d290 ConcurrentGCThread "G1 Main Marker" [stack: 0x000000e0cc200000,0x000000e0cc300000] [id=7100]
  0x0000024cd4a80350 ConcurrentGCThread "G1 Conc#0" [stack: 0x000000e0cc300000,0x000000e0cc400000] [id=25264]
  0x0000024cf9e834e0 ConcurrentGCThread "G1 Refine#0" [stack: 0x000000e0cc400000,0x000000e0cc500000] [id=22396]
  0x0000024cfb2893c0 ConcurrentGCThread "G1 Refine#1" [stack: 0x000000e0cfa00000,0x000000e0cfb00000] [id=12064]
  0x0000024cf9e83e00 ConcurrentGCThread "G1 Service" [stack: 0x000000e0cc500000,0x000000e0cc600000] [id=15924]

Threads with active compile tasks:

VM state: not at safepoint (normal execution)

VM Mutex/Monitor currently owned by a thread: None

Heap address: 0x0000000709600000, size: 3946 MB, Compressed Oops mode: Zero based, Oop shift amount: 3

CDS archive(s) mapped at: [0x0000000800000000-0x0000000800bc0000-0x0000000800bc0000), size 12320768, SharedBaseAddress: 0x0000000800000000, ArchiveRelocationMode: 0.
Compressed class space mapped at: 0x0000000800c00000-0x0000000840c00000, reserved size: 1073741824
Narrow klass base: 0x0000000800000000, Narrow klass shift: 0, Narrow klass range: 0x100000000

GC Precious Log:
 CPUs: 16 total, 16 available
 Memory: 15776M
 Large Page Support: Disabled
 NUMA Support: Disabled
 Compressed Oops: Enabled (Zero based)
 Heap Region Size: 2M
 Heap Min Capacity: 8M
 Heap Initial Capacity: 248M
 Heap Max Capacity: 3946M
 Pre-touch: Disabled
 Parallel Workers: 13
 Concurrent Workers: 3
 Concurrent Refinement Workers: 13
 Periodic GC: Disabled

Heap:
 garbage-first heap   total 253952K, used 14513K [0x0000000709600000, 0x0000000800000000)
  region size 2048K, 5 young (10240K), 2 survivors (4096K)
 Metaspace       used 6944K, committed 7104K, reserved 1056768K
  class space    used 752K, committed 832K, reserved 1048576K

Heap Regions: E=young(eden), S=young(survivor), O=old, HS=humongous(starts), HC=humongous(continues), CS=collection set, F=free, OA=open archive, CA=closed archive, TAMS=top-at-mark-start (previous, next)
|   0|0x0000000709600000, 0x0000000709800000, 0x0000000709800000|100%|HS|  |TAMS 0x0000000709600000, 0x0000000709600000| Complete 
|   1|0x0000000709800000, 0x0000000709a00000, 0x0000000709a00000|100%|HC|  |TAMS 0x0000000709800000, 0x0000000709800000| Complete 
|   2|0x0000000709a00000, 0x0000000709c00000, 0x0000000709c00000|100%| O|  |TAMS 0x0000000709a00000, 0x0000000709a00000| Untracked 
|   3|0x0000000709c00000, 0x0000000709c2c400, 0x0000000709e00000|  8%| O|  |TAMS 0x0000000709c00000, 0x0000000709c00000| Untracked 
|   4|0x0000000709e00000, 0x0000000709e00000, 0x000000070a000000|  0%| F|  |TAMS 0x0000000709e00000, 0x0000000709e00000| Untracked 
|   5|0x000000070a000000, 0x000000070a000000, 0x000000070a200000|  0%| F|  |TAMS 0x000000070a000000, 0x000000070a000000| Untracked 
|   6|0x000000070a200000, 0x000000070a200000, 0x000000070a400000|  0%| F|  |TAMS 0x000000070a200000, 0x000000070a200000| Untracked 
|   7|0x000000070a400000, 0x000000070a400000, 0x000000070a600000|  0%| F|  |TAMS 0x000000070a400000, 0x000000070a400000| Untracked 
|   8|0x000000070a600000, 0x000000070a600000, 0x000000070a800000|  0%| F|  |TAMS 0x000000070a600000, 0x000000070a600000| Untracked 
|   9|0x000000070a800000, 0x000000070a800000, 0x000000070aa00000|  0%| F|  |TAMS 0x000000070a800000, 0x000000070a800000| Untracked 
|  10|0x000000070aa00000, 0x000000070aa00000, 0x000000070ac00000|  0%| F|  |TAMS 0x000000070aa00000, 0x000000070aa00000| Untracked 
|  11|0x000000070ac00000, 0x000000070ac00000, 0x000000070ae00000|  0%| F|  |TAMS 0x000000070ac00000, 0x000000070ac00000| Untracked 
|  12|0x000000070ae00000, 0x000000070ae00000, 0x000000070b000000|  0%| F|  |TAMS 0x000000070ae00000, 0x000000070ae00000| Untracked 
|  13|0x000000070b000000, 0x000000070b000000, 0x000000070b200000|  0%| F|  |TAMS 0x000000070b000000, 0x000000070b000000| Untracked 
|  14|0x000000070b200000, 0x000000070b200000, 0x000000070b400000|  0%| F|  |TAMS 0x000000070b200000, 0x000000070b200000| Untracked 
|  15|0x000000070b400000, 0x000000070b400000, 0x000000070b600000|  0%| F|  |TAMS 0x000000070b400000, 0x000000070b400000| Untracked 
|  16|0x000000070b600000, 0x000000070b600000, 0x000000070b800000|  0%| F|  |TAMS 0x000000070b600000, 0x000000070b600000| Untracked 
|  17|0x000000070b800000, 0x000000070b800000, 0x000000070ba00000|  0%| F|  |TAMS 0x000000070b800000, 0x000000070b800000| Untracked 
|  18|0x000000070ba00000, 0x000000070ba00000, 0x000000070bc00000|  0%| F|  |TAMS 0x000000070ba00000, 0x000000070ba00000| Untracked 
|  19|0x000000070bc00000, 0x000000070bc00000, 0x000000070be00000|  0%| F|  |TAMS 0x000000070bc00000, 0x000000070bc00000| Untracked 
|  20|0x000000070be00000, 0x000000070be00000, 0x000000070c000000|  0%| F|  |TAMS 0x000000070be00000, 0x000000070be00000| Untracked 
|  21|0x000000070c000000, 0x000000070c000000, 0x000000070c200000|  0%| F|  |TAMS 0x000000070c000000, 0x000000070c000000| Untracked 
|  22|0x000000070c200000, 0x000000070c200000, 0x000000070c400000|  0%| F|  |TAMS 0x000000070c200000, 0x000000070c200000| Untracked 
|  23|0x000000070c400000, 0x000000070c400000, 0x000000070c600000|  0%| F|  |TAMS 0x000000070c400000, 0x000000070c400000| Untracked 
|  24|0x000000070c600000, 0x000000070c600000, 0x000000070c800000|  0%| F|  |TAMS 0x000000070c600000, 0x000000070c600000| Untracked 
|  25|0x000000070c800000, 0x000000070c800000, 0x000000070ca00000|  0%| F|  |TAMS 0x000000070c800000, 0x000000070c800000| Untracked 
|  26|0x000000070ca00000, 0x000000070ca00000, 0x000000070cc00000|  0%| F|  |TAMS 0x000000070ca00000, 0x000000070ca00000| Untracked 
|  27|0x000000070cc00000, 0x000000070cc00000, 0x000000070ce00000|  0%| F|  |TAMS 0x000000070cc00000, 0x000000070cc00000| Untracked 
|  28|0x000000070ce00000, 0x000000070ce00000, 0x000000070d000000|  0%| F|  |TAMS 0x000000070ce00000, 0x000000070ce00000| Untracked 
|  29|0x000000070d000000, 0x000000070d000000, 0x000000070d200000|  0%| F|  |TAMS 0x000000070d000000, 0x000000070d000000| Untracked 
|  30|0x000000070d200000, 0x000000070d200000, 0x000000070d400000|  0%| F|  |TAMS 0x000000070d200000, 0x000000070d200000| Untracked 
|  31|0x000000070d400000, 0x000000070d400000, 0x000000070d600000|  0%| F|  |TAMS 0x000000070d400000, 0x000000070d400000| Untracked 
|  32|0x000000070d600000, 0x000000070d600000, 0x000000070d800000|  0%| F|  |TAMS 0x000000070d600000, 0x000000070d600000| Untracked 
|  33|0x000000070d800000, 0x000000070d800000, 0x000000070da00000|  0%| F|  |TAMS 0x000000070d800000, 0x000000070d800000| Untracked 
|  34|0x000000070da00000, 0x000000070da00000, 0x000000070dc00000|  0%| F|  |TAMS 0x000000070da00000, 0x000000070da00000| Untracked 
|  35|0x000000070dc00000, 0x000000070dc00000, 0x000000070de00000|  0%| F|  |TAMS 0x000000070dc00000, 0x000000070dc00000| Untracked 
|  36|0x000000070de00000, 0x000000070de00000, 0x000000070e000000|  0%| F|  |TAMS 0x000000070de00000, 0x000000070de00000| Untracked 
|  37|0x000000070e000000, 0x000000070e000000, 0x000000070e200000|  0%| F|  |TAMS 0x000000070e000000, 0x000000070e000000| Untracked 
|  38|0x000000070e200000, 0x000000070e200000, 0x000000070e400000|  0%| F|  |TAMS 0x000000070e200000, 0x000000070e200000| Untracked 
|  39|0x000000070e400000, 0x000000070e400000, 0x000000070e600000|  0%| F|  |TAMS 0x000000070e400000, 0x000000070e400000| Untracked 
|  40|0x000000070e600000, 0x000000070e600000, 0x000000070e800000|  0%| F|  |TAMS 0x000000070e600000, 0x000000070e600000| Untracked 
|  41|0x000000070e800000, 0x000000070e800000, 0x000000070ea00000|  0%| F|  |TAMS 0x000000070e800000, 0x000000070e800000| Untracked 
|  42|0x000000070ea00000, 0x000000070ea00000, 0x000000070ec00000|  0%| F|  |TAMS 0x000000070ea00000, 0x000000070ea00000| Untracked 
|  43|0x000000070ec00000, 0x000000070ec00000, 0x000000070ee00000|  0%| F|  |TAMS 0x000000070ec00000, 0x000000070ec00000| Untracked 
|  44|0x000000070ee00000, 0x000000070ee00000, 0x000000070f000000|  0%| F|  |TAMS 0x000000070ee00000, 0x000000070ee00000| Untracked 
|  45|0x000000070f000000, 0x000000070f000000, 0x000000070f200000|  0%| F|  |TAMS 0x000000070f000000, 0x000000070f000000| Untracked 
|  46|0x000000070f200000, 0x000000070f200000, 0x000000070f400000|  0%| F|  |TAMS 0x000000070f200000, 0x000000070f200000| Untracked 
|  47|0x000000070f400000, 0x000000070f400000, 0x000000070f600000|  0%| F|  |TAMS 0x000000070f400000, 0x000000070f400000| Untracked 
|  48|0x000000070f600000, 0x000000070f600000, 0x000000070f800000|  0%| F|  |TAMS 0x000000070f600000, 0x000000070f600000| Untracked 
|  49|0x000000070f800000, 0x000000070f800000, 0x000000070fa00000|  0%| F|  |TAMS 0x000000070f800000, 0x000000070f800000| Untracked 
|  50|0x000000070fa00000, 0x000000070fa00000, 0x000000070fc00000|  0%| F|  |TAMS 0x000000070fa00000, 0x000000070fa00000| Untracked 
|  51|0x000000070fc00000, 0x000000070fc00000, 0x000000070fe00000|  0%| F|  |TAMS 0x000000070fc00000, 0x000000070fc00000| Untracked 
|  52|0x000000070fe00000, 0x000000070fe00000, 0x0000000710000000|  0%| F|  |TAMS 0x000000070fe00000, 0x000000070fe00000| Untracked 
|  53|0x0000000710000000, 0x0000000710000000, 0x0000000710200000|  0%| F|  |TAMS 0x0000000710000000, 0x0000000710000000| Untracked 
|  54|0x0000000710200000, 0x0000000710200000, 0x0000000710400000|  0%| F|  |TAMS 0x0000000710200000, 0x0000000710200000| Untracked 
|  55|0x0000000710400000, 0x0000000710400000, 0x0000000710600000|  0%| F|  |TAMS 0x0000000710400000, 0x0000000710400000| Untracked 
|  56|0x0000000710600000, 0x0000000710600000, 0x0000000710800000|  0%| F|  |TAMS 0x0000000710600000, 0x0000000710600000| Untracked 
|  57|0x0000000710800000, 0x0000000710800000, 0x0000000710a00000|  0%| F|  |TAMS 0x0000000710800000, 0x0000000710800000| Untracked 
|  58|0x0000000710a00000, 0x0000000710a00000, 0x0000000710c00000|  0%| F|  |TAMS 0x0000000710a00000, 0x0000000710a00000| Untracked 
|  59|0x0000000710c00000, 0x0000000710c00000, 0x0000000710e00000|  0%| F|  |TAMS 0x0000000710c00000, 0x0000000710c00000| Untracked 
|  60|0x0000000710e00000, 0x0000000710e00000, 0x0000000711000000|  0%| F|  |TAMS 0x0000000710e00000, 0x0000000710e00000| Untracked 
|  61|0x0000000711000000, 0x0000000711000000, 0x0000000711200000|  0%| F|  |TAMS 0x0000000711000000, 0x0000000711000000| Untracked 
|  62|0x0000000711200000, 0x0000000711200000, 0x0000000711400000|  0%| F|  |TAMS 0x0000000711200000, 0x0000000711200000| Untracked 
|  63|0x0000000711400000, 0x0000000711400000, 0x0000000711600000|  0%| F|  |TAMS 0x0000000711400000, 0x0000000711400000| Untracked 
|  64|0x0000000711600000, 0x0000000711600000, 0x0000000711800000|  0%| F|  |TAMS 0x0000000711600000, 0x0000000711600000| Untracked 
|  65|0x0000000711800000, 0x0000000711800000, 0x0000000711a00000|  0%| F|  |TAMS 0x0000000711800000, 0x0000000711800000| Untracked 
|  66|0x0000000711a00000, 0x0000000711a00000, 0x0000000711c00000|  0%| F|  |TAMS 0x0000000711a00000, 0x0000000711a00000| Untracked 
|  67|0x0000000711c00000, 0x0000000711c00000, 0x0000000711e00000|  0%| F|  |TAMS 0x0000000711c00000, 0x0000000711c00000| Untracked 
|  68|0x0000000711e00000, 0x0000000711e00000, 0x0000000712000000|  0%| F|  |TAMS 0x0000000711e00000, 0x0000000711e00000| Untracked 
|  69|0x0000000712000000, 0x0000000712000000, 0x0000000712200000|  0%| F|  |TAMS 0x0000000712000000, 0x0000000712000000| Untracked 
|  70|0x0000000712200000, 0x0000000712200000, 0x0000000712400000|  0%| F|  |TAMS 0x0000000712200000, 0x0000000712200000| Untracked 
|  71|0x0000000712400000, 0x0000000712400000, 0x0000000712600000|  0%| F|  |TAMS 0x0000000712400000, 0x0000000712400000| Untracked 
|  72|0x0000000712600000, 0x0000000712600000, 0x0000000712800000|  0%| F|  |TAMS 0x0000000712600000, 0x0000000712600000| Untracked 
|  73|0x0000000712800000, 0x0000000712800000, 0x0000000712a00000|  0%| F|  |TAMS 0x0000000712800000, 0x0000000712800000| Untracked 
|  74|0x0000000712a00000, 0x0000000712a00000, 0x0000000712c00000|  0%| F|  |TAMS 0x0000000712a00000, 0x0000000712a00000| Untracked 
|  75|0x0000000712c00000, 0x0000000712c00000, 0x0000000712e00000|  0%| F|  |TAMS 0x0000000712c00000, 0x0000000712c00000| Untracked 
|  76|0x0000000712e00000, 0x0000000712e00000, 0x0000000713000000|  0%| F|  |TAMS 0x0000000712e00000, 0x0000000712e00000| Untracked 
|  77|0x0000000713000000, 0x0000000713000000, 0x0000000713200000|  0%| F|  |TAMS 0x0000000713000000, 0x0000000713000000| Untracked 
|  78|0x0000000713200000, 0x0000000713200000, 0x0000000713400000|  0%| F|  |TAMS 0x0000000713200000, 0x0000000713200000| Untracked 
|  79|0x0000000713400000, 0x0000000713400000, 0x0000000713600000|  0%| F|  |TAMS 0x0000000713400000, 0x0000000713400000| Untracked 
|  80|0x0000000713600000, 0x0000000713600000, 0x0000000713800000|  0%| F|  |TAMS 0x0000000713600000, 0x0000000713600000| Untracked 
|  81|0x0000000713800000, 0x0000000713800000, 0x0000000713a00000|  0%| F|  |TAMS 0x0000000713800000, 0x0000000713800000| Untracked 
|  82|0x0000000713a00000, 0x0000000713a00000, 0x0000000713c00000|  0%| F|  |TAMS 0x0000000713a00000, 0x0000000713a00000| Untracked 
|  83|0x0000000713c00000, 0x0000000713c00000, 0x0000000713e00000|  0%| F|  |TAMS 0x0000000713c00000, 0x0000000713c00000| Untracked 
|  84|0x0000000713e00000, 0x0000000713e00000, 0x0000000714000000|  0%| F|  |TAMS 0x0000000713e00000, 0x0000000713e00000| Untracked 
|  85|0x0000000714000000, 0x0000000714000000, 0x0000000714200000|  0%| F|  |TAMS 0x0000000714000000, 0x0000000714000000| Untracked 
|  86|0x0000000714200000, 0x0000000714200000, 0x0000000714400000|  0%| F|  |TAMS 0x0000000714200000, 0x0000000714200000| Untracked 
|  87|0x0000000714400000, 0x0000000714400000, 0x0000000714600000|  0%| F|  |TAMS 0x0000000714400000, 0x0000000714400000| Untracked 
|  88|0x0000000714600000, 0x0000000714600000, 0x0000000714800000|  0%| F|  |TAMS 0x0000000714600000, 0x0000000714600000| Untracked 
|  89|0x0000000714800000, 0x0000000714800000, 0x0000000714a00000|  0%| F|  |TAMS 0x0000000714800000, 0x0000000714800000| Untracked 
|  90|0x0000000714a00000, 0x0000000714a00000, 0x0000000714c00000|  0%| F|  |TAMS 0x0000000714a00000, 0x0000000714a00000| Untracked 
|  91|0x0000000714c00000, 0x0000000714c00000, 0x0000000714e00000|  0%| F|  |TAMS 0x0000000714c00000, 0x0000000714c00000| Untracked 
|  92|0x0000000714e00000, 0x0000000714e00000, 0x0000000715000000|  0%| F|  |TAMS 0x0000000714e00000, 0x0000000714e00000| Untracked 
|  93|0x0000000715000000, 0x0000000715000000, 0x0000000715200000|  0%| F|  |TAMS 0x0000000715000000, 0x0000000715000000| Untracked 
|  94|0x0000000715200000, 0x0000000715200000, 0x0000000715400000|  0%| F|  |TAMS 0x0000000715200000, 0x0000000715200000| Untracked 
|  95|0x0000000715400000, 0x0000000715400000, 0x0000000715600000|  0%| F|  |TAMS 0x0000000715400000, 0x0000000715400000| Untracked 
|  96|0x0000000715600000, 0x0000000715600000, 0x0000000715800000|  0%| F|  |TAMS 0x0000000715600000, 0x0000000715600000| Untracked 
|  97|0x0000000715800000, 0x0000000715800000, 0x0000000715a00000|  0%| F|  |TAMS 0x0000000715800000, 0x0000000715800000| Untracked 
|  98|0x0000000715a00000, 0x0000000715a00000, 0x0000000715c00000|  0%| F|  |TAMS 0x0000000715a00000, 0x0000000715a00000| Untracked 
|  99|0x0000000715c00000, 0x0000000715c00000, 0x0000000715e00000|  0%| F|  |TAMS 0x0000000715c00000, 0x0000000715c00000| Untracked 
| 100|0x0000000715e00000, 0x0000000715e00000, 0x0000000716000000|  0%| F|  |TAMS 0x0000000715e00000, 0x0000000715e00000| Untracked 
| 101|0x0000000716000000, 0x0000000716000000, 0x0000000716200000|  0%| F|  |TAMS 0x0000000716000000, 0x0000000716000000| Untracked 
| 102|0x0000000716200000, 0x0000000716200000, 0x0000000716400000|  0%| F|  |TAMS 0x0000000716200000, 0x0000000716200000| Untracked 
| 103|0x0000000716400000, 0x0000000716400000, 0x0000000716600000|  0%| F|  |TAMS 0x0000000716400000, 0x0000000716400000| Untracked 
| 104|0x0000000716600000, 0x0000000716600000, 0x0000000716800000|  0%| F|  |TAMS 0x0000000716600000, 0x0000000716600000| Untracked 
| 105|0x0000000716800000, 0x0000000716800000, 0x0000000716a00000|  0%| F|  |TAMS 0x0000000716800000, 0x0000000716800000| Untracked 
| 106|0x0000000716a00000, 0x0000000716a00000, 0x0000000716c00000|  0%| F|  |TAMS 0x0000000716a00000, 0x0000000716a00000| Untracked 
| 107|0x0000000716c00000, 0x0000000716c00000, 0x0000000716e00000|  0%| F|  |TAMS 0x0000000716c00000, 0x0000000716c00000| Untracked 
| 108|0x0000000716e00000, 0x0000000716e00000, 0x0000000717000000|  0%| F|  |TAMS 0x0000000716e00000, 0x0000000716e00000| Untracked 
| 109|0x0000000717000000, 0x0000000717000000, 0x0000000717200000|  0%| F|  |TAMS 0x0000000717000000, 0x0000000717000000| Untracked 
| 110|0x0000000717200000, 0x0000000717200000, 0x0000000717400000|  0%| F|  |TAMS 0x0000000717200000, 0x0000000717200000| Untracked 
| 111|0x0000000717400000, 0x0000000717600000, 0x0000000717600000|100%| S|CS|TAMS 0x0000000717400000, 0x0000000717400000| Complete 
| 112|0x0000000717600000, 0x0000000717800000, 0x0000000717800000|100%| S|CS|TAMS 0x0000000717600000, 0x0000000717600000| Complete 
| 113|0x0000000717800000, 0x0000000717800000, 0x0000000717a00000|  0%| F|  |TAMS 0x0000000717800000, 0x0000000717800000| Untracked 
| 114|0x0000000717a00000, 0x0000000717a00000, 0x0000000717c00000|  0%| F|  |TAMS 0x0000000717a00000, 0x0000000717a00000| Untracked 
| 115|0x0000000717c00000, 0x0000000717c00000, 0x0000000717e00000|  0%| F|  |TAMS 0x0000000717c00000, 0x0000000717c00000| Untracked 
| 116|0x0000000717e00000, 0x0000000717e00000, 0x0000000718000000|  0%| F|  |TAMS 0x0000000717e00000, 0x0000000717e00000| Untracked 
| 117|0x0000000718000000, 0x0000000718000000, 0x0000000718200000|  0%| F|  |TAMS 0x0000000718000000, 0x0000000718000000| Untracked 
| 118|0x0000000718200000, 0x0000000718200000, 0x0000000718400000|  0%| F|  |TAMS 0x0000000718200000, 0x0000000718200000| Untracked 
| 119|0x0000000718400000, 0x0000000718400000, 0x0000000718600000|  0%| F|  |TAMS 0x0000000718400000, 0x0000000718400000| Untracked 
| 120|0x0000000718600000, 0x0000000718600000, 0x0000000718800000|  0%| F|  |TAMS 0x0000000718600000, 0x0000000718600000| Untracked 
| 121|0x0000000718800000, 0x00000007188a5988, 0x0000000718a00000| 32%| E|  |TAMS 0x0000000718800000, 0x0000000718800000| Complete 
| 122|0x0000000718a00000, 0x0000000718c00000, 0x0000000718c00000|100%| E|CS|TAMS 0x0000000718a00000, 0x0000000718a00000| Complete 
| 123|0x0000000718c00000, 0x0000000718e00000, 0x0000000718e00000|100%| E|CS|TAMS 0x0000000718c00000, 0x0000000718c00000| Complete 

Card table byte_map: [0x0000024cee490000,0x0000024ceec50000] _byte_map_base: 0x0000024ceac45000

Marking Bits (Prev, Next): (CMBitMap*) 0x0000024cd4a6d2d0, (CMBitMap*) 0x0000024cd4a6d310
 Prev Bits: [0x0000024cef410000, 0x0000024cf31b8000)
 Next Bits: [0x0000024cf31c0000, 0x0000024cf6f68000)

Polling page: 0x0000024cd4b00000

Metaspace:

Usage:
  Non-class:      6.05 MB used.
      Class:    752.12 KB used.
       Both:      6.78 MB used.

Virtual space:
  Non-class space:        8.00 MB reserved,       6.12 MB ( 77%) committed,  1 nodes.
      Class space:        1.00 GB reserved,     832.00 KB ( <1%) committed,  1 nodes.
             Both:        1.01 GB reserved,       6.94 MB ( <1%) committed. 

Chunk freelists:
   Non-Class:  1.89 MB
       Class:  3.22 MB
        Both:  5.12 MB

MaxMetaspaceSize: unlimited
CompressedClassSpaceSize: 1.00 GB
Initial GC threshold: 21.00 MB
Current GC threshold: 21.00 MB
CDS: on
MetaspaceReclaimPolicy: balanced
 - commit_granule_bytes: 65536.
 - commit_granule_words: 8192.
 - virtual_space_node_default_size: 1048576.
 - enlarge_chunks_in_place: 1.
 - new_chunks_are_fully_committed: 0.
 - uncommit_free_chunks: 1.
 - use_allocation_guard: 0.
 - handle_deallocations: 1.


Internal statistics:

num_allocs_failed_limit: 0.
num_arena_births: 128.
num_arena_deaths: 0.
num_vsnodes_births: 2.
num_vsnodes_deaths: 0.
num_space_committed: 111.
num_space_uncommitted: 0.
num_chunks_returned_to_freelist: 0.
num_chunks_taken_from_freelist: 177.
num_chunk_merges: 0.
num_chunk_splits: 106.
num_chunks_enlarged: 52.
num_purges: 0.
num_inconsistent_stats: 0.

CodeHeap 'non-profiled nmethods': size=119168Kb used=447Kb max_used=447Kb free=118720Kb
 bounds [0x0000024ce58a0000, 0x0000024ce5b10000, 0x0000024cecd00000]
CodeHeap 'profiled nmethods': size=119104Kb used=1563Kb max_used=1563Kb free=117540Kb
 bounds [0x0000024cde450000, 0x0000024cde6c0000, 0x0000024ce58a0000]
CodeHeap 'non-nmethods': size=7488Kb used=2383Kb max_used=2416Kb free=5104Kb
 bounds [0x0000024cddd00000, 0x0000024cddf70000, 0x0000024cde450000]
 total_blobs=1703 nmethods=1123 adapters=491
 compilation: enabled
              stopped_count=0, restarted_count=0
 full_count=0

Compilation events (20 events):
Event: 0.841 Thread 0x0000024cfb149840 1101       4       summit.gfx.Renderer::renderLight (229 bytes)
Event: 0.846 Thread 0x0000024cf9feb3d0 1103       3       java.lang.ref.Reference::enqueueFromPending (19 bytes)
Event: 0.846 Thread 0x0000024cfaa1dcf0 1105   !   3       java.lang.ref.ReferenceQueue::enqueue (119 bytes)
Event: 0.846 Thread 0x0000024cfaa1aa80 1106       3       summit.gfx.Light::paint (21 bytes)
Event: 0.846 Thread 0x0000024cf9feb3d0 nmethod 1103 0x0000024cde5d3910 code [0x0000024cde5d3ac0, 0x0000024cde5d3ce8]
Event: 0.846 Thread 0x0000024cfaa1aa80 nmethod 1106 0x0000024cde5d3d90 code [0x0000024cde5d3f40, 0x0000024cde5d4108]
Event: 0.846 Thread 0x0000024cfaa1aa80 1107       3       java.lang.ref.Reference::clear (5 bytes)
Event: 0.846 Thread 0x0000024cf9feb3d0 1109       3       sun.java2d.d3d.D3DRenderQueue::flushBuffer (46 bytes)
Event: 0.846 Thread 0x0000024cfaa1dcf0 nmethod 1105 0x0000024cde5d4210 code [0x0000024cde5d4400, 0x0000024cde5d4b08]
Event: 0.846 Thread 0x0000024cfaa1aa80 nmethod 1107 0x0000024cde5d4d10 code [0x0000024cde5d4ea0, 0x0000024cde5d4fe8]
Event: 0.846 Thread 0x0000024cf9feb3d0 nmethod 1109 0x0000024cde5d5090 code [0x0000024cde5d5260, 0x0000024cde5d55f8]
Event: 0.848 Thread 0x0000024cf9fe2920 nmethod 1094% 0x0000024ce5909310 code [0x0000024ce59094a0, 0x0000024ce59098d8]
Event: 0.850 Thread 0x0000024cfb149840 nmethod 1101 0x0000024ce5909b10 code [0x0000024ce5909ce0, 0x0000024ce590a158]
Event: 0.859 Thread 0x0000024cfb149840 1110       4       summit.gfx.Renderer::rotate (62 bytes)
Event: 0.866 Thread 0x0000024cfaa1dcf0 1111       3       java.awt.Component::getInputContext (16 bytes)
Event: 0.867 Thread 0x0000024cfaa1dcf0 nmethod 1111 0x0000024cde5d5790 code [0x0000024cde5d5940, 0x0000024cde5d5b88]
Event: 0.867 Thread 0x0000024cfb149840 nmethod 1110 0x0000024ce590a490 code [0x0000024ce590a620, 0x0000024ce590ab98]
Event: 0.868 Thread 0x0000024cfb148a10 1112 %     4       summit.gfx.Renderer::filterFrame @ 10 (57 bytes)
Event: 0.876 Thread 0x0000024cfb148a10 nmethod 1112% 0x0000024ce590b290 code [0x0000024ce590b420, 0x0000024ce590b978]
Event: 0.877 Thread 0x0000024cfaa1aa80 1114       3       summit.game.tile.WaterTile::paint (48 bytes)

GC Heap History (2 events):
Event: 0.842 GC heap before
{Heap before GC invocations=0 (full 0):
 garbage-first heap   total 253952K, used 26624K [0x0000000709600000, 0x0000000800000000)
  region size 2048K, 11 young (22528K), 0 survivors (0K)
 Metaspace       used 6940K, committed 7104K, reserved 1056768K
  class space    used 752K, committed 832K, reserved 1048576K
}
Event: 0.845 GC heap after
{Heap after GC invocations=1 (full 0):
 garbage-first heap   total 253952K, used 10417K [0x0000000709600000, 0x0000000800000000)
  region size 2048K, 2 young (4096K), 2 survivors (4096K)
 Metaspace       used 6940K, committed 7104K, reserved 1056768K
  class space    used 752K, committed 832K, reserved 1048576K
}

Deoptimization events (20 events):
Event: 0.848 Thread 0x0000024cfaa48720 DEOPT PACKING pc=0x0000024cde5cf522 sp=0x000000e0ce6fee60
Event: 0.848 Thread 0x0000024cfaa48720 DEOPT UNPACKING pc=0x0000024cddd52b43 sp=0x000000e0ce6fe308 mode 0
Event: 0.848 Thread 0x0000024cfaa48720 DEOPT PACKING pc=0x0000024cde5cf522 sp=0x000000e0ce6fee60
Event: 0.848 Thread 0x0000024cfaa48720 DEOPT UNPACKING pc=0x0000024cddd52b43 sp=0x000000e0ce6fe308 mode 0
Event: 0.849 Thread 0x0000024cfaa48720 DEOPT PACKING pc=0x0000024cde5cf522 sp=0x000000e0ce6fee60
Event: 0.849 Thread 0x0000024cfaa48720 DEOPT UNPACKING pc=0x0000024cddd52b43 sp=0x000000e0ce6fe308 mode 0
Event: 0.849 Thread 0x0000024cfaa48720 DEOPT PACKING pc=0x0000024cde5cf522 sp=0x000000e0ce6fee60
Event: 0.849 Thread 0x0000024cfaa48720 DEOPT UNPACKING pc=0x0000024cddd52b43 sp=0x000000e0ce6fe308 mode 0
Event: 0.849 Thread 0x0000024cfaa48720 DEOPT PACKING pc=0x0000024cde5cf522 sp=0x000000e0ce6fee60
Event: 0.849 Thread 0x0000024cfaa48720 DEOPT UNPACKING pc=0x0000024cddd52b43 sp=0x000000e0ce6fe308 mode 0
Event: 0.849 Thread 0x0000024cfaa48720 DEOPT PACKING pc=0x0000024cde5cf522 sp=0x000000e0ce6fee60
Event: 0.849 Thread 0x0000024cfaa48720 DEOPT UNPACKING pc=0x0000024cddd52b43 sp=0x000000e0ce6fe308 mode 0
Event: 0.850 Thread 0x0000024cfaa48720 DEOPT PACKING pc=0x0000024cde5cf522 sp=0x000000e0ce6fee60
Event: 0.850 Thread 0x0000024cfaa48720 DEOPT UNPACKING pc=0x0000024cddd52b43 sp=0x000000e0ce6fe308 mode 0
Event: 0.850 Thread 0x0000024cfaa48720 DEOPT PACKING pc=0x0000024cde5cf522 sp=0x000000e0ce6fee60
Event: 0.850 Thread 0x0000024cfaa48720 DEOPT UNPACKING pc=0x0000024cddd52b43 sp=0x000000e0ce6fe308 mode 0
Event: 0.859 Thread 0x0000024cfaa48720 DEOPT PACKING pc=0x0000024cde5d0c9d sp=0x000000e0ce6feb00
Event: 0.859 Thread 0x0000024cfaa48720 DEOPT UNPACKING pc=0x0000024cddd52b43 sp=0x000000e0ce6fdf90 mode 0
Event: 0.864 Thread 0x0000024cfaa48720 DEOPT PACKING pc=0x0000024cde5d0c9d sp=0x000000e0ce6feb90
Event: 0.864 Thread 0x0000024cfaa48720 DEOPT UNPACKING pc=0x0000024cddd52b43 sp=0x000000e0ce6fe020 mode 0

Classes unloaded (0 events):
No events

Classes redefined (0 events):
No events

Internal exceptions (14 events):
Event: 0.051 Thread 0x0000024cfaa46f10 Exception <a 'java/lang/ClassNotFoundException'{0x0000000718a2b1e8}: sun/awt/resources/spi/awtProvider> (0x0000000718a2b1e8) 
thrown [e:\jenkins\tmp\workspace\build\src\src\hotspot\share\classfile\systemDictionary.cpp, line 256]
Event: 0.070 Thread 0x0000024cfaa46f10 Exception <a 'java/io/FileNotFoundException'{0x0000000718b656f8}> (0x0000000718b656f8) 
thrown [e:\jenkins\tmp\workspace\build\src\src\hotspot\share\prims\jni.cpp, line 516]
Event: 0.075 Thread 0x0000024cfaa46f10 Exception <a 'java/io/FileNotFoundException'{0x0000000718b92650}> (0x0000000718b92650) 
thrown [e:\jenkins\tmp\workspace\build\src\src\hotspot\share\prims\jni.cpp, line 516]
Event: 0.089 Thread 0x0000024cfaa46f10 Exception <a 'java/lang/NoSuchMethodError'{0x0000000718bc7e78}: 'java.lang.Object java.lang.invoke.DirectMethodHandle$Holder.invokeStaticInit(java.lang.Object)'> (0x0000000718bc7e78) 
thrown [e:\jenkins\tmp\workspace\build\src\src\hotspot\share\interpreter\linkResolver.cpp, line 766]
Event: 0.229 Thread 0x0000024cfaa46f10 Exception <a 'java/lang/NoSuchMethodError'{0x0000000718764418}: 'void java.lang.invoke.DirectMethodHandle$Holder.invokeSpecial(java.lang.Object, java.lang.Object, java.lang.Object)'> (0x0000000718764418) 
thrown [e:\jenkins\tmp\workspace\build\src\src\hotspot\share\interpreter\linkResolver.cpp, line 766]
Event: 0.236 Thread 0x0000024cfaa46f10 Exception <a 'java/lang/NoSuchMethodError'{0x000000071878e6b0}: 'java.lang.Object java.lang.invoke.DirectMethodHandle$Holder.newInvokeSpecial(java.lang.Object, java.lang.Object, java.lang.Object, java.lang.Object, java.lang.Object)'> (0x000000071878e6b0) 
thrown [e:\jenkins\tmp\workspace\build\src\src\hotspot\share\interpreter\linkResolver.cpp, line 766]
Event: 0.237 Thread 0x0000024cfaa46f10 Exception <a 'java/lang/NoSuchMethodError'{0x000000071879a078}: 'java.lang.Object java.lang.invoke.DirectMethodHandle$Holder.invokeStatic(java.lang.Object, int, java.lang.Object, java.lang.Object, java.lang.Object, java.lang.Object)'> (0x000000071879a078) 
thrown [e:\jenkins\tmp\workspace\build\src\src\hotspot\share\interpreter\linkResolver.cpp, line 766]
Event: 0.240 Thread 0x0000024cfaa46f10 Exception <a 'java/lang/NoSuchMethodError'{0x00000007187bf798}: 'java.lang.Object java.lang.invoke.DirectMethodHandle$Holder.invokeStatic(java.lang.Object, int, java.lang.Object)'> (0x00000007187bf798) 
thrown [e:\jenkins\tmp\workspace\build\src\src\hotspot\share\interpreter\linkResolver.cpp, line 766]
Event: 0.258 Thread 0x0000024cfaa46f10 Exception <a 'java/lang/ClassNotFoundException'{0x0000000718477ba0}: com/sun/swing/internal/plaf/metal/resources/spi/metalProvider> (0x0000000718477ba0) 
thrown [e:\jenkins\tmp\workspace\build\src\src\hotspot\share\classfile\systemDictionary.cpp, line 256]
Event: 0.259 Thread 0x0000024cfaa46f10 Exception <a 'java/lang/ClassNotFoundException'{0x000000071847ba78}: com/sun/swing/internal/plaf/basic/resources/spi/basicProvider> (0x000000071847ba78) 
thrown [e:\jenkins\tmp\workspace\build\src\src\hotspot\share\classfile\systemDictionary.cpp, line 256]
Event: 0.270 Thread 0x0000024cfaa478b0 Exception <a 'java/lang/NoSuchMethodError'{0x0000000718680998}: 'void java.lang.invoke.DirectMethodHandle$Holder.invokeVirtual(java.lang.Object, java.lang.Object)'> (0x0000000718680998) 
thrown [e:\jenkins\tmp\workspace\build\src\src\hotspot\share\interpreter\linkResolver.cpp, line 766]
Event: 0.281 Thread 0x0000024cfaa46f10 Exception <a 'java/lang/NoSuchMethodError'{0x00000007184b99a8}: 'void java.lang.invoke.DirectMethodHandle$Holder.invokeStaticInit(java.lang.Object)'> (0x00000007184b99a8) 
thrown [e:\jenkins\tmp\workspace\build\src\src\hotspot\share\interpreter\linkResolver.cpp, line 766]
Event: 0.772 Thread 0x0000024cfaa47d80 Implicit null exception at 0x0000024ce58f0055 to 0x0000024ce58f0178
Event: 0.772 Thread 0x0000024cfaa47d80 Implicit null exception at 0x0000024ce58f08d6 to 0x0000024ce58f09d4

VM Operations (16 events):
Event: 0.037 Executing VM operation: HandshakeAllThreads
Event: 0.037 Executing VM operation: HandshakeAllThreads done
Event: 0.258 Executing VM operation: HandshakeAllThreads
Event: 0.258 Executing VM operation: HandshakeAllThreads done
Event: 0.297 Executing VM operation: HandshakeAllThreads
Event: 0.297 Executing VM operation: HandshakeAllThreads done
Event: 0.323 Executing VM operation: HandshakeAllThreads
Event: 0.324 Executing VM operation: HandshakeAllThreads done
Event: 0.755 Executing VM operation: HandshakeAllThreads
Event: 0.755 Executing VM operation: HandshakeAllThreads done
Event: 0.781 Executing VM operation: HandshakeAllThreads
Event: 0.781 Executing VM operation: HandshakeAllThreads done
Event: 0.782 Executing VM operation: HandshakeAllThreads
Event: 0.783 Executing VM operation: HandshakeAllThreads done
Event: 0.842 Executing VM operation: G1CollectForAllocation
Event: 0.845 Executing VM operation: G1CollectForAllocation done

Events (20 events):
Event: 0.345 loading class java/text/AttributedCharacterIterator
Event: 0.345 loading class java/text/CharacterIterator
Event: 0.345 loading class java/text/CharacterIterator done
Event: 0.345 loading class java/text/AttributedCharacterIterator done
Event: 0.345 loading class java/text/AttributedString$AttributedStringIterator done
Event: 0.354 loading class sun/awt/image/BufImgSurfaceManager
Event: 0.354 loading class sun/awt/image/BufImgSurfaceManager done
Event: 0.354 loading class sun/awt/image/BufImgSurfaceData
Event: 0.354 loading class sun/awt/image/BufImgSurfaceData done
Event: 0.354 loading class sun/awt/image/BufImgSurfaceData$ICMColorData
Event: 0.354 loading class sun/awt/image/BufImgSurfaceData$ICMColorData done
Event: 0.753 loading class java/lang/Math$RandomNumberGeneratorHolder
Event: 0.753 loading class java/lang/Math$RandomNumberGeneratorHolder done
Event: 0.768 Thread 0x0000024cfb148500 Thread added: 0x0000024cfb148500
Event: 0.768 Thread 0x0000024cfb148a10 Thread added: 0x0000024cfb148a10
Event: 0.768 Thread 0x0000024cfb148f20 Thread added: 0x0000024cfb148f20
Event: 0.768 Thread 0x0000024cfb149840 Thread added: 0x0000024cfb149840
Event: 0.768 Thread 0x0000024cfb149d50 Thread added: 0x0000024cfb149d50
Event: 0.768 Thread 0x0000024cfb14dd30 Thread added: 0x0000024cfb14dd30
Event: 0.784 Thread 0x0000024cfaa46f10 Thread added: 0x0000024cfaa46f10


Dynamic libraries:
0x00007ff7039e0000 - 0x00007ff7039ee000 	C:\Users\aadiu\AppData\Local\Programs\Eclipse Adoptium\jdk-17.0.2.8-hotspot\bin\java.exe
0x00007ffb36970000 - 0x00007ffb36b68000 	C:\Windows\SYSTEM32\ntdll.dll
0x00007ffb352a0000 - 0x00007ffb3535f000 	C:\Windows\System32\KERNEL32.DLL
0x00007ffb34310000 - 0x00007ffb345e2000 	C:\Windows\System32\KERNELBASE.dll
0x00007ffb34110000 - 0x00007ffb34210000 	C:\Windows\System32\ucrtbase.dll
0x00007ffb1dfe0000 - 0x00007ffb1dff8000 	C:\Users\aadiu\AppData\Local\Programs\Eclipse Adoptium\jdk-17.0.2.8-hotspot\bin\jli.dll
0x00007ffb1dfc0000 - 0x00007ffb1dfd9000 	C:\Users\aadiu\AppData\Local\Programs\Eclipse Adoptium\jdk-17.0.2.8-hotspot\bin\VCRUNTIME140.dll
0x00007ffb35530000 - 0x00007ffb356cd000 	C:\Windows\System32\USER32.dll
0x00007ffb20b10000 - 0x00007ffb20daa000 	C:\Windows\WinSxS\amd64_microsoft.windows.common-controls_6595b64144ccf1df_6.0.19041.1110_none_60b5254171f9507e\COMCTL32.dll
0x00007ffb34720000 - 0x00007ffb34742000 	C:\Windows\System32\win32u.dll
0x00007ffb35fa0000 - 0x00007ffb35fcb000 	C:\Windows\System32\GDI32.dll
0x00007ffb35f00000 - 0x00007ffb35f9e000 	C:\Windows\System32\msvcrt.dll
0x00007ffb34750000 - 0x00007ffb3485f000 	C:\Windows\System32\gdi32full.dll
0x00007ffb345f0000 - 0x00007ffb3468d000 	C:\Windows\System32\msvcp_win.dll
0x00007ffb356f0000 - 0x00007ffb35722000 	C:\Windows\System32\IMM32.DLL
0x00007ffb2e4e0000 - 0x00007ffb2e4ec000 	C:\Users\aadiu\AppData\Local\Programs\Eclipse Adoptium\jdk-17.0.2.8-hotspot\bin\vcruntime140_1.dll
0x00007ffb0af30000 - 0x00007ffb0afc1000 	C:\Users\aadiu\AppData\Local\Programs\Eclipse Adoptium\jdk-17.0.2.8-hotspot\bin\msvcp140.dll
0x00007ffabe360000 - 0x00007ffabefa7000 	C:\Users\aadiu\AppData\Local\Programs\Eclipse Adoptium\jdk-17.0.2.8-hotspot\bin\server\jvm.dll
0x00007ffb34ec0000 - 0x00007ffb34f6e000 	C:\Windows\System32\ADVAPI32.dll
0x00007ffb35e60000 - 0x00007ffb35efc000 	C:\Windows\System32\sechost.dll
0x00007ffb35ba0000 - 0x00007ffb35cc5000 	C:\Windows\System32\RPCRT4.dll
0x00007ffb34eb0000 - 0x00007ffb34eb8000 	C:\Windows\System32\PSAPI.DLL
0x00007ffb1d990000 - 0x00007ffb1d999000 	C:\Windows\SYSTEM32\WSOCK32.dll
0x00007ffb31d40000 - 0x00007ffb31d67000 	C:\Windows\SYSTEM32\WINMM.dll
0x00007ffb2d720000 - 0x00007ffb2d72a000 	C:\Windows\SYSTEM32\VERSION.dll
0x00007ffb35160000 - 0x00007ffb351cb000 	C:\Windows\System32\WS2_32.dll
0x00007ffb31fa0000 - 0x00007ffb31fb2000 	C:\Windows\SYSTEM32\kernel.appcore.dll
0x00007ffb2a2a0000 - 0x00007ffb2a2aa000 	C:\Users\aadiu\AppData\Local\Programs\Eclipse Adoptium\jdk-17.0.2.8-hotspot\bin\jimage.dll
0x00007ffb31b50000 - 0x00007ffb31d34000 	C:\Windows\SYSTEM32\DBGHELP.DLL
0x00007ffb31b20000 - 0x00007ffb31b4c000 	C:\Windows\SYSTEM32\dbgcore.DLL
0x00007ffb34690000 - 0x00007ffb34712000 	C:\Windows\System32\bcryptPrimitives.dll
0x00007ffb19cd0000 - 0x00007ffb19cf5000 	C:\Users\aadiu\AppData\Local\Programs\Eclipse Adoptium\jdk-17.0.2.8-hotspot\bin\java.dll
0x00007ffafa4c0000 - 0x00007ffafa596000 	C:\Users\aadiu\AppData\Local\Programs\Eclipse Adoptium\jdk-17.0.2.8-hotspot\bin\jsvml.dll
0x00007ffb35fd0000 - 0x00007ffb36713000 	C:\Windows\System32\SHELL32.dll
0x00007ffb32130000 - 0x00007ffb328c2000 	C:\Windows\SYSTEM32\windows.storage.dll
0x00007ffb34ad0000 - 0x00007ffb34e24000 	C:\Windows\System32\combase.dll
0x00007ffb33a60000 - 0x00007ffb33a90000 	C:\Windows\SYSTEM32\Wldp.dll
0x00007ffb349c0000 - 0x00007ffb34a6d000 	C:\Windows\System32\SHCORE.dll
0x00007ffb35020000 - 0x00007ffb35075000 	C:\Windows\System32\shlwapi.dll
0x00007ffb33fb0000 - 0x00007ffb33fcf000 	C:\Windows\SYSTEM32\profapi.dll
0x00007ffaecfe0000 - 0x00007ffaed16e000 	C:\Users\aadiu\AppData\Local\Programs\Eclipse Adoptium\jdk-17.0.2.8-hotspot\bin\awt.dll
0x00007ffb351d0000 - 0x00007ffb3529d000 	C:\Windows\System32\OLEAUT32.dll
0x00007ffb31300000 - 0x00007ffb31391000 	C:\Windows\SYSTEM32\apphelp.dll
0x00007ffb1b800000 - 0x00007ffb1b818000 	C:\Users\aadiu\AppData\Local\Programs\Eclipse Adoptium\jdk-17.0.2.8-hotspot\bin\zip.dll
0x00007ffb31410000 - 0x00007ffb314ae000 	C:\Windows\system32\uxtheme.dll
0x00007ffb353f0000 - 0x00007ffb35505000 	C:\Windows\System32\MSCTF.dll
0x00007ffb35cd0000 - 0x00007ffb35dfa000 	C:\Windows\System32\ole32.dll
0x00007ffb31590000 - 0x00007ffb315bf000 	C:\Windows\system32\DWMAPI.DLL
0x00007ffadadb0000 - 0x00007ffadaed5000 	C:\Windows\system32\opengl32.dll
0x00007ffada100000 - 0x00007ffada12c000 	C:\Windows\SYSTEM32\GLU32.dll
0x00007ffb269b0000 - 0x00007ffb26b7f000 	C:\Windows\system32\d3d9.dll
0x00007ffb28d70000 - 0x00007ffb28f28000 	C:\Windows\System32\DriverStore\FileRepository\u0370468.inf_amd64_5e4260b11257b6e9\B370372\aticfx64.dll
0x00007ffb17fc0000 - 0x00007ffb17ff4000 	C:\Windows\System32\DriverStore\FileRepository\u0370468.inf_amd64_5e4260b11257b6e9\B370372\atiu9p64.dll
0x00007ffabbff0000 - 0x00007ffabcd44000 	C:\Windows\System32\DriverStore\FileRepository\u0370468.inf_amd64_5e4260b11257b6e9\B370372\atiumd64.dll
0x000000006c4b0000 - 0x000000006d324000 	C:\Windows\System32\DriverStore\FileRepository\u0370468.inf_amd64_5e4260b11257b6e9\B370372\atiumd6a.dll
0x00007ffb35730000 - 0x00007ffb35b98000 	C:\Windows\System32\SETUPAPI.dll
0x00007ffb34210000 - 0x00007ffb3425e000 	C:\Windows\System32\cfgmgr32.dll
0x00007ffb33e30000 - 0x00007ffb33e7b000 	C:\Windows\SYSTEM32\POWRPROF.dll
0x00007ffb34070000 - 0x00007ffb34097000 	C:\Windows\System32\bcrypt.dll
0x00007ffb33e10000 - 0x00007ffb33e22000 	C:\Windows\SYSTEM32\UMPDC.dll
0x00007ffb29180000 - 0x00007ffb291b0000 	C:\Windows\SYSTEM32\amdihk64.dll
0x00007ffb29960000 - 0x00007ffb2999b000 	C:\Windows\SYSTEM32\dxcore.dll
0x00007ffaf9990000 - 0x00007ffaf9a19000 	C:\Users\aadiu\AppData\Local\Programs\Eclipse Adoptium\jdk-17.0.2.8-hotspot\bin\freetype.dll
0x00007ffaf93d0000 - 0x00007ffaf9478000 	C:\Users\aadiu\AppData\Local\Programs\Eclipse Adoptium\jdk-17.0.2.8-hotspot\bin\fontmanager.dll
0x00007ffb28f30000 - 0x00007ffb29029000 	C:\Windows\SYSTEM32\textinputframework.dll
0x00007ffb30e70000 - 0x00007ffb311ce000 	C:\Windows\System32\CoreUIComponents.dll
0x00007ffb309d0000 - 0x00007ffb30ac2000 	C:\Windows\System32\CoreMessaging.dll
0x00007ffb33190000 - 0x00007ffb331c3000 	C:\Windows\SYSTEM32\ntmarta.dll
0x00007ffb30200000 - 0x00007ffb30354000 	C:\Windows\SYSTEM32\wintypes.dll

dbghelp: loaded successfully - version: 4.0.5 - missing functions: none
symbol engine: initialized successfully - sym options: 0x614 - pdb path: .;C:\Users\aadiu\AppData\Local\Programs\Eclipse Adoptium\jdk-17.0.2.8-hotspot\bin;C:\Windows\SYSTEM32;C:\Windows\WinSxS\amd64_microsoft.windows.common-controls_6595b64144ccf1df_6.0.19041.1110_none_60b5254171f9507e;C:\Users\aadiu\AppData\Local\Programs\Eclipse Adoptium\jdk-17.0.2.8-hotspot\bin\server;C:\Windows\System32\DriverStore\FileRepository\u0370468.inf_amd64_5e4260b11257b6e9\B370372

VM Arguments:
jvm_args: -XX:+ShowCodeDetailsInExceptionMessages 
java_command: summit.Main
java_class_path (initial): C:\Users\aadiu\AppData\Roaming\Code\User\workspaceStorage\1c2e286de9ea8afffefde57d2c4cc9eb\redhat.java\jdt_ws\Summit_aca78153\bin
Launcher Type: SUN_STANDARD

[Global flags]
     intx CICompilerCount                          = 12                                        {product} {ergonomic}
     uint ConcGCThreads                            = 3                                         {product} {ergonomic}
     uint G1ConcRefinementThreads                  = 13                                        {product} {ergonomic}
   size_t G1HeapRegionSize                         = 2097152                                   {product} {ergonomic}
    uintx GCDrainStackTargetSize                   = 64                                        {product} {ergonomic}
   size_t InitialHeapSize                          = 260046848                                 {product} {ergonomic}
   size_t MarkStackSize                            = 4194304                                   {product} {ergonomic}
   size_t MaxHeapSize                              = 4137680896                                {product} {ergonomic}
   size_t MaxNewSize                               = 2480930816                                {product} {ergonomic}
   size_t MinHeapDeltaBytes                        = 2097152                                   {product} {ergonomic}
   size_t MinHeapSize                              = 8388608                                   {product} {ergonomic}
    uintx NonNMethodCodeHeapSize                   = 7602480                                {pd product} {ergonomic}
    uintx NonProfiledCodeHeapSize                  = 122027880                              {pd product} {ergonomic}
    uintx ProfiledCodeHeapSize                     = 122027880                              {pd product} {ergonomic}
    uintx ReservedCodeCacheSize                    = 251658240                              {pd product} {ergonomic}
     bool SegmentedCodeCache                       = true                                      {product} {ergonomic}
     bool ShowCodeDetailsInExceptionMessages       = true                                   {manageable} {command line}
   size_t SoftMaxHeapSize                          = 4137680896                             {manageable} {ergonomic}
     bool UseCompressedClassPointers               = true                           {product lp64_product} {ergonomic}
     bool UseCompressedOops                        = true                           {product lp64_product} {ergonomic}
     bool UseG1GC                                  = true                                      {product} {ergonomic}
     bool UseLargePagesIndividualAllocation        = false                                  {pd product} {ergonomic}

Logging:
Log output configuration:
 #0: stdout all=warning uptime,level,tags
 #1: stderr all=off uptime,level,tags

Environment Variables:
JAVA_HOME=C:\Users\aadiu\AppData\Local\Programs\Eclipse Adoptium\jdk-17.0.2.8-hotspot\
PATH=C:\Program Files (x86)\Razer Chroma SDK\bin;C:\Program Files\Razer Chroma SDK\bin;C:\Program Files (x86)\Razer\ChromaBroadcast\bin;C:\Program Files\Razer\ChromaBroadcast\bin;C:\Program Files (x86)\Common Files\Oracle\Java\javapath;C:\Program Files\Python38\Scripts\;C:\Program Files\Python38\;C:\Windows\system32;C:\Windows;C:\Windows\System32\Wbem;C:\Windows\System32\WindowsPowerShell\v1.0\;C:\Windows\System32\OpenSSH\;C:\Program Files (x86)\NVIDIA Corporation\PhysX\Common;C:\Program Files\NVIDIA Corporation\NVIDIA NvDLISR;C:\Users\aadiu\AppData\Local\Microsoft\WindowsApps;C:\Users\aadiu\AppData\Local\Programs\Microsoft VS Code\bin;C:\Windows\system32\config\systemprofile\AppData\Local\Microsoft\WindowsApps;C:\Program Files\dotnet\;C:\Program Files\Git\cmd;C:\MinGW\bin\;C:\Program Files (x86)\Windows Kits\10\Windows Performance Toolkit\;C:\Users\aadiu\AppData\Local\Programs\Eclipse Adoptium\jdk-17.0.2.8-hotspot\bin;C:\Users\aadiu\AppData\Local\Microsoft\WindowsApps;C:\Users\aadiu\AppData\Local\Programs\Microsoft VS Code\bin;C:\Users\aadiu\AppData\Local\GitHubDesktop\bin
USERNAME=aadiu
LANG=en_US.UTF-8
OS=Windows_NT
PROCESSOR_IDENTIFIER=AMD64 Family 25 Model 80 Stepping 0, AuthenticAMD



---------------  S Y S T E M  ---------------

OS:
 Windows 10 , 64 bit Build 19041 (10.0.19041.2251)
OS uptime: 2 days 7:08 hours

CPU: total 16 (initial active 16) (16 cores per cpu, 2 threads per core) family 25 model 80 stepping 0 microcode 0x0, cx8, cmov, fxsr, ht, mmx, 3dnowpref, sse, sse2, sse3, ssse3, sse4a, sse4.1, sse4.2, popcnt, lzcnt, tsc, tscinvbit, avx, avx2, aes, erms, clmul, bmi1, bmi2, adx, sha, fma, vzeroupper, clflush, clflushopt

Memory: 4k page, system-wide physical 15776M (8893M free)
TotalPageFile size 20128M (AvailPageFile size 9611M)
current process WorkingSet (physical memory assigned to process): 121M, peak: 122M
current process commit charge ("private bytes"): 429M, peak: 430M

vm_info: OpenJDK 64-Bit Server VM (17.0.2+8) for windows-amd64 JRE (17.0.2+8), built on Jan 20 2022 04:52:34 by "" with MS VC++ 16.7 (VS2019)

END.
