#
# A fatal error has been detected by the Java Runtime Environment:
#
#  EXCEPTION_ACCESS_VIOLATION (0xc0000005) at pc=0x00000181b306edab, pid=13164, tid=25476
#
# JRE version: OpenJDK Runtime Environment Temurin-17.0.4.1+1 (17.0.4.1+1) (build 17.0.4.1+1)
# Java VM: OpenJDK 64-Bit Server VM Temurin-17.0.4.1+1 (17.0.4.1+1, mixed mode, sharing, tiered, compressed oops, compressed class ptrs, g1 gc, windows-amd64)
# Problematic frame:
# J 1295 c2 summit.gfx.Renderer.render(Ljava/lang/String;FFILsummit/gfx/ColorFilter;)V (282 bytes) @ 0x00000181b306edab [0x00000181b306dda0+0x000000000000100b]
#
# No core dump will be written. Minidumps are not enabled by default on client versions of Windows
#
# If you would like to submit a bug report, please visit:
#   https://github.com/adoptium/adoptium-support/issues
#

---------------  S U M M A R Y ------------

Command Line: -XX:+ShowCodeDetailsInExceptionMessages summit.Main

Host: AMD Ryzen 9 5900HS with Radeon Graphics        , 16 cores, 15G,  Windows 10 , 64 bit Build 19041 (10.0.19041.2251)
Time: Tue Nov 15 18:42:52 2022 Central Standard Time elapsed time: 2.856819 seconds (0d 0h 0m 2s)

---------------  T H R E A D  ---------------

Current thread (0x00000181c6f43b30):  JavaThread "Thread-2" [_thread_in_Java, id=25476, stack(0x0000000c01200000,0x0000000c01300000)]

Stack: [0x0000000c01200000,0x0000000c01300000],  sp=0x0000000c012feeb0,  free space=1019k
Native frames: (J=compiled Java code, j=interpreted, Vv=VM code, C=native code)
C  0x00000181b306edab


siginfo: EXCEPTION_ACCESS_VIOLATION (0xc0000005), reading address 0x0000000b1771e9f0


Register to memory mapping:

RIP=0x00000181b306edab is at entry_point+4107 in (nmethod*)0x00000181b306db90
RAX=0x0000000000000069 is an unknown value
RBX=3807264068 is a compressed pointer to object: [[I 
{0x000000071771ea20} - klass: {type array int}[]
 - length: 144
RCX=0x00000000fffffff0 is an unknown value
RDX=0x0 is NULL
RSP=0x0000000c012feeb0 is pointing into the stack for thread: 0x00000181c6f43b30
RBP=0x0000000000000090 is an unknown value
RSI=0x0 is NULL
RDI=0x0000000000000100 is an unknown value
R8 =0x0000000000000010 is an unknown value
R9 =0x000000071763e7e0 is an oop: summit.gfx.Renderer 
{0x000000071763e7e0} - klass: 'summit/gfx/Renderer'
 - ---- fields (total size 2 words):
 - private 'frame' '[[I' @12  a {type array int}[144] {0x000000071771ea20} (e2ee3d44)
R10=0x000000071771ea20 is an oop: [[I 
{0x000000071771ea20} - klass: {type array int}[]
 - length: 144
R11=0x00000000fffffff0 is an unknown value
R12=0x0 is NULL
R13=0x0000000000000001 is an unknown value
R14=0x0000000000000010 is an unknown value
R15=0x00000181c6f43b30 is a thread


Registers:
RAX=0x0000000000000069, RBX=0x00000000e2ee3d44, RCX=0x00000000fffffff0, RDX=0x0000000000000000
RSP=0x0000000c012feeb0, RBP=0x0000000000000090, RSI=0x0000000000000000, RDI=0x0000000000000100
R8 =0x0000000000000010, R9 =0x000000071763e7e0, R10=0x000000071771ea20, R11=0x00000000fffffff0
R12=0x0000000000000000, R13=0x0000000000000001, R14=0x0000000000000010, R15=0x00000181c6f43b30
RIP=0x00000181b306edab, EFLAGS=0x0000000000010287

Top of Stack: (sp=0x0000000c012feeb0)
0x0000000c012feeb0:   0000010000000000 0000000000000078
0x0000000c012feec0:   fffffff000000068 0000000000000000
0x0000000c012feed0:   00000007176ecc68 fffffff000000068
0x0000000c012feee0:   0000000700000009 000000000000000f
0x0000000c012feef0:   0000000000000001 0000018142600000
0x0000000c012fef00:   0000000042e00000 00000007186b2ef0
0x0000000c012fef10:   0000000c012ff1b8 00000181abda4d04
0x0000000c012fef20:   0000000c012fefc0 00007ffab9704ac8
0x0000000c012fef30:   00000181c6f43b30 0000000718219cd8
0x0000000c012fef40:   0000000717ad7c78 00007ffa00000050
0x0000000c012fef50:   0000000718201028 000000071763e7e0
0x0000000c012fef60:   00000007186b2ef0 0000000700000001
0x0000000c012fef70:   0000000000000000 000000000000007b
0x0000000c012fef80:   0000000c012ff1b8 00000181abda54ec
0x0000000c012fef90:   01d8f9545c173a73 0000000000000000
0x0000000c012fefa0:   0000000700000000 0000000000000000 

Instructions: (pc=0x00000181b306edab)
0x00000181b306ecab:   7e ca e9 65 01 00 00 0f 1f 80 00 00 00 00 0f 1f
0x00000181b306ecbb:   80 00 00 00 00 44 2b 4c 24 10 45 8b d1 41 ff c2
0x00000181b306eccb:   45 8b cb 45 3b d0 0f 83 ed 04 00 00 45 8b 5c dc
0x00000181b306ecdb:   10 47 8b 5c dc 0c 45 3b cb 0f 83 69 01 00 00 c4
0x00000181b306eceb:   c1 f9 7e db 45 8b 74 b3 10 43 8b 54 f4 0c 4f 8d
0x00000181b306ecfb:   1c f4 44 3b d2 0f 83 e6 04 00 00 47 8b 54 93 10
0x00000181b306ed0b:   41 83 fa ff 0f 84 34 01 00 00 45 8b 5c fc 0c 45
0x00000181b306ed1b:   3b cb 0f 83 e5 04 00 00 47 89 54 8d 10 33 d2 c4
0x00000181b306ed2b:   c1 f9 7e da 45 8b 52 10 47 8b 54 d4 0c 44 03 54
0x00000181b306ed3b:   24 10 4d 8b b7 48 03 00 00 45 8b d9 41 ff c3 41
0x00000181b306ed4b:   85 06 45 3b da 0f 8c 6a ff ff ff 4d 8b 97 48 03
0x00000181b306ed5b:   00 00 ff c1 41 85 02 3b 0c 24 0f 8d 58 01 00 00
0x00000181b306ed6b:   c4 c1 f9 7e c1 c4 e1 f9 7e ce c5 f9 7e d2 44 8b
0x00000181b306ed7b:   54 24 10 44 8b 5c 24 14 44 3b 54 24 08 0f 8d 4b
0x00000181b306ed8b:   01 00 00 44 89 5c 24 14 44 89 54 24 10 c5 f9 6e
0x00000181b306ed9b:   d2 c4 e1 f9 6e ce c4 c1 f9 6e c1 c4 c1 f9 7e e2
0x00000181b306edab:   41 8b 7c 8a 10 8b f1 41 2b f3 3b cd 0f 83 eb fe
0x00000181b306edbb:   ff ff 44 8b 5c 24 10 44 3b 5c 24 04 0f 83 db fe
0x00000181b306edcb:   ff ff c4 c1 f9 7e da 45 8b 5c b2 10 47 8b 54 dc
0x00000181b306eddb:   0c 45 85 d2 0f 86 67 05 00 00 47 8b 54 dc 10 41
0x00000181b306edeb:   83 fa ff 0f 84 05 01 00 00 45 8b 5c fc 0c 44 8b
0x00000181b306edfb:   4c 24 10 45 3b cb 0f 83 06 04 00 00 4d 8d 0c fc
0x00000181b306ee0b:   44 8b 5c 24 10 47 89 54 99 10 33 d2 c4 c1 f9 7e
0x00000181b306ee1b:   da 45 8b 5a 10 47 8b 54 dc 0c 44 03 54 24 10 41
0x00000181b306ee2b:   3b c2 0f 8d 23 ff ff ff 3b cd 73 26 4d 8d 2c fc
0x00000181b306ee3b:   44 8b c8 41 ba 01 00 00 00 e9 85 fe ff ff c4 e1
0x00000181b306ee4b:   f9 7e ca e9 d7 fe ff ff c4 e1 f9 7e ca e9 cd fe
0x00000181b306ee5b:   ff ff 44 8b c8 41 bb 01 00 00 00 eb 16 0f 1f 84
0x00000181b306ee6b:   00 00 00 00 00 44 2b 4c 24 10 45 8b d9 41 ff c3
0x00000181b306ee7b:   45 8b ca 45 3b d8 0f 83 3d 03 00 00 45 3b 64 dc
0x00000181b306ee8b:   10 0f 84 aa 04 00 00 c4 c1 f9 7e db 45 8b 53 10
0x00000181b306ee9b:   43 8b 7c d4 0c 03 7c 24 10 4d 8b 9f 48 03 00 00 


Stack slot to memory mapping:
stack at sp + 0 slots: 0x0000010000000000 is an unknown value
stack at sp + 1 slots: 0x0000000000000078 is an unknown value
stack at sp + 2 slots: 0xfffffff000000068 is an unknown value
stack at sp + 3 slots: 0x0 is NULL
stack at sp + 4 slots: 0x00000007176ecc68 is an oop: [[I 
{0x00000007176ecc68} - klass: {type array int}[]
 - length: 16
stack at sp + 5 slots: 0xfffffff000000068 is an unknown value
stack at sp + 6 slots: 0x0000000700000009 is an unknown value
stack at sp + 7 slots: 0x000000000000000f is an unknown value

--------------------------------------------------------------------------------
[Constant Pool (empty)]

--------------------------------------------------------------------------------

[MachCode]
  0x00000181b306dda0: 448b 5208 | 49bb 0000 | 0000 0800 | 0000 4d03 | d349 3bc2 | 0f85 c6ec | 43f8 6690 | 0f1f 4000 
  0x00000181b306ddc0: 8984 2400 | 90ff ff55 | 4883 ec60 | c4c1 f96e | e048 897c | 2418 c4c1 | 796e d148 | 8914 2449 
  0x00000181b306dde0: bac0 4b63 | 1707 0000 | 0041 8b6a | 7045 8b5c | ec08 4181 | fbe0 ad0b | 000f 85c0 | 1500 004d 
  0x00000181b306de00: 8d14 ec45 | 8b5a 2447 | 8b4c dc0c | 4585 c90f | 864d 1600 | 004f 8d34 | dc4d 85c0 | 0f84 9513 
  0x00000181b306de20: 0000 458b | 400c 41ff | c945 85c0 | 7576 c4c1 | f97e e245 | 0fb6 5211 | 4585 d20f | 8527 1300 
  0x00000181b306de40: 00c4 c1f9 | 7ee2 450f | be52 1045 | 85d2 0f85 | ec19 0000 | c4c1 f97e | e241 8b6a | 1441 8b4c 
  0x00000181b306de60: ec0c 85c9 | 0f86 0b13 | 0000 448b | c141 ffc8 | 443b c10f | 837f 1700 | 0045 0fb6 | 44ec 108b 
  0x00000181b306de80: d983 c3fd | 418b f8c1 | e705 412b | f84d 8d1c | ec83 fb01 | 0f8e 9217 | 0000 b801 | 0000 0045 
  0x00000181b306dea0: 33d2 eb3b | 458b d041 | c1ea 1045 | 33d0 4523 | ca33 d2e9 | e800 0000 | 450f b644 | 0310 4103 
  0x00000181b306dec0: f8ff c03b | c10f 8db7 | 0000 0044 | 8bc7 41c1 | e005 442b | c741 8bf8 | ebde c4c1 | 797e da8b 
  0x00000181b306dee0: d12b d083 | c2fd 3bd8 | 410f 4cd2 | 81fa a00f | 0000 bea0 | 0f00 000f | 47d6 03d0 | c4c1 796e 
  0x00000181b306df00: da0f 1f84 | 0000 0000 | 000f 1f80 | 0000 0000 | 4863 e845 | 0fb6 542b | 1041 0fb6 | 742b 1345 
  0x00000181b306df20: 0fb6 442b | 1145 0fb6 | 6c2b 1241 | 03fa 8bef | c1e5 052b | ef41 03e8 | 448b d541 | c1e2 0544 
  0x00000181b306df40: 2bd5 4503 | d545 8bc2 | 41c1 e005 | 452b c244 | 03c6 418b | f8c1 e705 | 412b f883 | c004 3bc2 
  0x00000181b306df60: 7cae 498b | b748 0300 | 0085 063b | c30f 8c67 | ffff ffc5 | f97e da3b | c10f 8c39 | ffff ff41 
  0x00000181b306df80: 8bf8 85ff | 0f84 ed11 | 0000 c4c1 | f97e e241 | 897a 0c44 | 8bd7 41c1 | ea10 4433 | d745 23ca 
  0x00000181b306dfa0: 478b 448e | 1047 8b4c | c40c 453b | ca0f 8550 | 0f00 0047 | 8b4c c410 | 4d8b d949 | c1e3 03c4 
  0x00000181b306dfc0: e1f9 7ee1 | 4c3b d90f | 8422 0100 | 000f be59 | 1049 3bcb | 0f84 1501 | 0000 478b | 5ccc 0841 
  0x00000181b306dfe0: 81fb 70e9 | 0000 0f85 | 3819 0000 | 4f8d 1ccc | 410f be6b | 103b dd0f | 850b 1800 | 0045 8b4b 
  0x00000181b306e000: 148b 5914 | 478b 5ccc | 0c41 8b4c | dc0c 413b | cb0f 85a5 | 1500 004f | 8d1c cc4b | 8d74 cc10 
  0x00000181b306e020: 4d8d 1cdc | 498d 7cdc | 1085 c90f | 84a5 0000 | 008b c183 | e01f 83e1 | e00f 844b | 0000 0048 
  0x00000181b306e040: 8d3c 0f48 | 8d34 0e48 | f7d9 c5fe | 6f1c 0fc5 | fe6f 2c0e | c5e5 efdd | c4e2 7d17 | db0f 857a 
  0x00000181b306e060: 0000 0048 | 83c1 2075 | e185 c00f | 8465 0000 | 00c5 fe6f | 5c07 e0c5 | fe6f 6c06 | e0c5 e5ef 
  0x00000181b306e080: ddc4 e27d | 17db 7555 | eb4c 8bc8 | 83e1 fc74 | 1948 8d3c | 0f48 8d34 | 0e48 f7d9 | 8b1c 0f3b 
  0x00000181b306e0a0: 1c0e 7539 | 4883 c104 | 75f2 f7c0 | 0200 0000 | 7412 0fb7 | 1f0f b70e | 3bd9 7521 | 488d 7f02 
  0x00000181b306e0c0: 488d 7602 | f7c0 0100 | 0000 740a | 0fb6 1f0f | b60e 3bd9 | 7507 b801 | 0000 00eb | 0233 c0c5 
  0x00000181b306e0e0: e5ef dbc5 | d5ef ed85 | c00f 84cd | 1400 004f | 8d1c c441 | 8b6b 1445 | 8b5c ec08 | 4181 fb08 
  0x00000181b306e100: 6d00 000f | 85b7 1700 | 004d 8d04 | ec41 8b58 | 0c85 db0f | 86cb 1200 | 0045 8b58 | 1047 8b5c 
  0x00000181b306e120: dc0c 448b | d341 d1fa | 41d1 fbc4 | c179 6ee2 | c5f8 5be4 | c5f2 5ccc | c4c1 796e | e3c5 f85b 
  0x00000181b306e140: e4c5 fa5c | c4c4 c179 | 7ec1 c5f9 | 7ece 458b | d141 c1ea | 1744 8bde | 41c1 eb17 | 450f b6d2 
  0x00000181b306e160: b995 0000 | 0041 2bca | 450f b6db | bf95 0000 | 0041 2bfb | f7c1 e0ff | ffff 0f85 | 2c0f 0000 
  0x00000181b306e180: 458b d141 | 81e2 ffff | 7f00 4181 | ca00 0080 | 0045 85c9 | 0f8c fa0f | 0000 41d3 | fa41 ffc2 
  0x00000181b306e1a0: 41d1 faf7 | c7e0 ffff | ff0f 851f | 0f00 0044 | 8bde 4181 | e3ff ff7f | 0041 81cb | 0000 8000 
  0x00000181b306e1c0: 85f6 0f8c | c40f 0000 | 8bcf 41d3 | fb41 ffc3 | 41d1 fbc4 | c179 7ed5 | 4585 ed75 | 0b45 33ed 
  0x00000181b306e1e0: 498b c0e9 | ff09 0000 | 41f7 c504 | 0000 000f | 8464 0300 | 0045 8b48 | 1047 8b4c | cc0c 4489 
  0x00000181b306e200: 5c24 2c44 | 8954 2428 | 895c 2414 | 4c89 4424 | 2089 5424 | 0c44 896c | 2408 48ba | 086d 0000 
  0x00000181b306e220: 0800 0000 | 448b c390 | c5f8 77e8 | 50e2 4ef8 | 4c8b f044 | 8b54 2414 | 41ff ca44 | 3b54 2414 
  0x00000181b306e240: 0f83 8e15 | 0000 418b | 7e0c 85ff | 0f86 8215 | 0000 4863 | c745 33db | eb2f c5f9 | 7edf c4e1 
  0x00000181b306e260: f97e d0c4 | c1f9 7ec0 | 448b 5c24 | 3849 8b8f | 4803 0000 | 41ff c385 | 0144 3b5c | 2414 0f8d 
  0x00000181b306e280: 180f 0000 | 4c89 4424 | 204c 8b44 | 2420 458b | 5010 478b | 54d4 0c45 | 85d2 76d1 | 418b f244 
  0x00000181b306e2a0: 895c 2438 | c5fb 1044 | 2420 4d63 | eb47 8b54 | a810 c4c1 | 796e ca43 | 8b54 d40c | 85ff 0f86 
  0x00000181b306e2c0: 7b13 0000 | 418b 6e10 | 8bce 412b | cbff c985 | d20f 86b1 | 1300 0043 | 8b5c d410 | 458b 54ec 
  0x00000181b306e2e0: 0c4d 8d0c | ec41 3bca | 0f83 4a13 | 0000 4c63 | d64d 2bd5 | 4389 5c91 | 0c83 fe01 | 0f8e 61ff 
  0x00000181b306e300: ffff 4c63 | d249 3bc2 | 448b df44 | 0f4f dac4 | c179 7ec8 | 49c1 e003 | 418b ebff | cd44 3bdd 
  0x00000181b306e320: 41bb 0000 | 0080 410f | 4ceb 83fd | 010f 8eb6 | 1300 004c | 8b54 2420 | 458b 5210 | 478b 5cd4 
  0x00000181b306e340: 0cc4 c179 | 7eca 438b | 5cd4 1441 | 8b76 1441 | 8bcb 2b4c | 2438 ffc9 | 458b 54f4 | 0c4d 8d0c 
  0x00000181b306e360: f441 3bca | 0f83 f013 | 0000 c5f9 | 6ee2 4c89 | 6c24 20c4 | e1f9 6ed0 | c5f9 6edf | 4963 c348 
  0x00000181b306e380: 8bd0 492b | d541 895c | 910c 4183 | fb02 0f8e | c6fe ffff | c4c1 797e | ca43 8b5c | d418 418b 
  0x00000181b306e3a0: 7618 458b | 54f4 0c4d | 8d0c f441 | 3bca 0f83 | b013 0000 | 4189 5c91 | 0c41 83fb | 030f 8e97 
  0x00000181b306e3c0: feff ff41 | b903 0000 | 0044 3bcd | 0f8d fe12 | 0000 c4c1 | 797e ca43 | 8b5c d41c | 418b 761c 
  0x00000181b306e3e0: 458b 54f4 | 0c4d 8d0c | f441 3bca | 0f83 ce13 | 0000 4189 | 5c91 0c41 | 83fb 040f | 8e59 feff 
  0x00000181b306e400: ffc4 c179 | 7eca 438b | 5cd4 2045 | 8b56 2043 | 8b74 d40c | 4f8d 0cd4 | 3bce 0f83 | aa13 0000 
  0x00000181b306e420: 4189 5c91 | 0c41 83fb | 050f 8e2b | feff ff4c | 8bc8 4983 | c1fe 48ff | c841 8bd9 | 448b d048 
  0x00000181b306e440: 63fd 483b | f844 8bed | 450f 4fea | 4d63 d54d | 3bd1 440f | 4feb be05 | 0000 0041 | 83fd 050f 
  0x00000181b306e460: 8e87 0000 | 00b8 d007 | 0000 418b | fd2b fe44 | 3bee 0f4c | 7c24 0c81 | ffd0 0700 | 000f 47f8 
  0x00000181b306e480: 03fe 0f1f | 8000 0000 | 000f 1f80 | 0000 0000 | 418b 5cb0 | 1045 8b4c | b610 478b | 54cc 0c49 
  0x00000181b306e4a0: c1e1 0341 | 3bca 0f83 | 660c 0000 | 4189 5c91 | 0c45 8b4c | b614 418b | 5cb0 1447 | 8b54 cc0c 
  0x00000181b306e4c0: 49c1 e103 | 413b ca0f | 8343 0c00 | 0041 895c | 910c 83c6 | 023b f77c | b74d 8b97 | 4803 0000 
  0x00000181b306e4e0: 4185 0241 | 3bf5 0f8c | 7eff ffff | 3bf5 0f8d | e111 0000 | 418b 5cb0 | 1045 8b4c | b610 478b 
  0x00000181b306e500: 54cc 0c49 | c1e1 0341 | 3bca 0f83 | 020c 0000 | 4189 5c91 | 0c44 8bd6 | 41ff c245 | 3bd3 0f8d 
  0x00000181b306e520: 36fd ffff | 418b 5cb0 | 1445 8b4c | b614 438b | 7ccc 0c49 | c1e1 033b | cf0f 8379 | 1300 0041 
  0x00000181b306e540: 895c 910c | 83c6 0241 | 3bf3 0f8d | 0afd ffff | 3bf5 7ca0 | e97c 1100 | 0041 f7c5 | 0100 0000 
  0x00000181b306e560: 0f84 8902 | 0000 458b | 480c 4585 | c90f 8615 | 1000 0041 | 8b58 1041 | 8b4c dc0c | 894c 2410 
  0x00000181b306e580: 4489 4c24 | 1444 895c | 242c 4489 | 5424 284c | 8944 2420 | 8954 240c | 4489 6c24 | 0848 ba08 
  0x00000181b306e5a0: 6d00 0008 | 0000 0045 | 8bc1 448b | c966 6690 | c5f8 77e8 | c8de 4ef8 | 448b 5424 | 1441 ffca 
  0x00000181b306e5c0: 443b 5424 | 140f 8389 | 0f00 0044 | 8b40 0c45 | 85c0 0f86 | 7c0f 0000 | 453b d00f | 8373 0f00 
  0x00000181b306e5e0: 008b 6c24 | 10ff cd8b | 4c24 10d1 | f94c 634c | 2410 448b | e941 83c5 | fe41 3bcd | 41ba 0000 
  0x00000181b306e600: 0080 450f | 4cea 4c63 | d149 8bd1 | 492b d28b | f1ff c648 | ffca 4533 | f6e9 0001 | 0000 6690 
  0x00000181b306e620: 448b c342 | 8b4c 870c | 8b5c 2410 | 412b db49 | 63d3 894c | 9010 8b4c | 9710 4289 | 4c80 0c49 
  0x00000181b306e640: 8bc9 482b | ca44 8b44 | 8f08 4489 | 4490 1444 | 8b44 9714 | 4489 4488 | 0844 8b44 | 8f04 4489 
  0x00000181b306e660: 4490 1844 | 8b44 9718 | 4489 4488 | 0444 8b04 | 8f44 8944 | 901c 448b | 4497 1c44 | 8904 8883 
  0x00000181b306e680: c3fc 4183 | c304 453b | da7c 954d | 8b97 4803 | 0000 4185 | 0245 3bdd | 7d2a 448b | c345 8bd5 
  0x00000181b306e6a0: 452b d345 | 3beb 440f | 4c54 240c | 4181 faa0 | 0f00 00b9 | a00f 0000 | 440f 47d1 | 4503 d3e9 
  0x00000181b306e6c0: 5fff ffff | c5f9 7ec9 | c4e1 f97e | c244 3b5c | 2430 7d2b | 448b 549f | 0c46 8954 | 9810 468b 
  0x00000181b306e6e0: 549f 1044 | 8954 980c | 458b d341 | ffc2 443b | 5424 307d | 0a8b dd41 | 2bdb 458b | daeb d54d 
  0x00000181b306e700: 8b97 4803 | 0000 41ff | c641 8502 | 443b 7424 | 140f 8dc2 | 0000 0048 | 8bc6 8b74 | 2430 4c8b 
  0x00000181b306e720: 5424 2041 | 8b7a 1085 | ff0f 8426 | 0c00 0047 | 8b5c b210 | 478b 54dc | 0c42 8b5c | b010 458b 
  0x00000181b306e740: 44dc 0c89 | 7424 30c5 | f96e c948 | 8bf0 4963 | ca48 3bd1 | 0f83 0a0c | 0000 413b | ea0f 8301 
  0x00000181b306e760: 0c00 0045 | 85c0 0f86 | f80b 0000 | c5f9 7ec9 | 413b c80f | 83eb 0b00 | 0045 85d2 | 0f86 e20b 
  0x00000181b306e780: 0000 413b | ca0f 83d9 | 0b00 004d | 63d0 493b | d20f 83cd | 0b00 0041 | 3be8 0f83 | c40b 0000 
  0x00000181b306e7a0: 498d 04dc | 4b8d 3cdc | 468b 548f | 0c45 8954 | dc10 478b | 5cdc 1046 | 895c 880c | 4183 fd01 
  0x00000181b306e7c0: 0f8e de0b | 0000 448b | c541 bb01 | 0000 00c4 | e1f9 6ec2 | e9c4 feff | ff44 8b6c | 2408 8b54 
  0x00000181b306e7e0: 240c 4c8b | c644 8b54 | 2428 448b | 5c24 2c41 | f7c5 0200 | 0000 7508 | 498b c0e9 | e703 0000 
  0x00000181b306e800: 418b 680c | 85ed 0f86 | 1a0d 0000 | 418b 4810 | 458b 4ccc | 0c44 895c | 2414 4489 | 5424 104c 
  0x00000181b306e820: 8944 2420 | 8954 240c | 4489 6c24 | 0848 ba08 | 6d00 0008 | 0000 0044 | 8bc5 6690 | c5f8 77e8 
  0x00000181b306e840: 3cdc 4ef8 | 448b 480c | 448b dd41 | d1fb 458b | d341 ffc2 | 4585 c90f | 866c 0c00 | 0045 3bd9 
  0x00000181b306e860: 0f83 630c | 0000 4c63 | c549 63db | 498b c848 | 2bcb 48ff | c949 3bc8 | 0f83 4b0c | 0000 8bdd 
  0x00000181b306e880: ffcb 3bdd | 0f83 3f0c | 0000 4489 | 5424 284d | 63d1 493b | ca0f 8329 | 0c00 0041 | 3bd9 0f83 
  0x00000181b306e8a0: 740c 0000 | 443b dd0f | 8372 0c00 | 00b9 401f | 0000 4533 | dbeb 31c4 | c1f9 7ec1 | c4e1 f97e 
  0x00000181b306e8c0: c8c4 c1f9 | 7ee8 c4c1 | 797e fb4d | 8b97 4803 | 0000 41ff | c341 8502 | 443b 5c24 | 280f 8df1 
  0x00000181b306e8e0: 0200 004c | 894c 2420 | 4c8b 4c24 | 2045 8b51 | 1047 8b54 | d40c 4585 | d276 d041 | 8bf2 c5fb 
  0x00000181b306e900: 1044 2420 | 4963 d349 | 8bd8 482b | da45 8b54 | 990c c4c1 | 796e d247 | 8b4c d40c | 448b 5490 
  0x00000181b306e920: 10c4 c179 | 6eda 438b | 7cd4 0c4c | 8b54 2420 | 458b 5492 | 10c4 c179 | 6ee2 478b | 54d4 0c8b 
  0x00000181b306e940: 5c98 0c41 | 8b54 dc0c | 4585 c90f | 8660 0a00 | 0089 5424 | 30c5 796e | c344 8954 | 242c 897c 
  0x00000181b306e960: 2424 c4c1 | 796e fbc4 | c1f9 6ee8 | c4e1 f96e | c841 bb01 | 0000 0045 | 3bd9 ba01 | 0000 0041 
  0x00000181b306e980: 0f4f d144 | 894c 2420 | c4c1 797e | da4f 8d04 | d4c4 c179 | 7ed2 4f8d | 0cd4 458b | d849 8d3c 
  0x00000181b306e9a0: dc41 c1eb | 02c4 c179 | 7ee2 4b8d | 2cd4 4183 | e303 4403 | da41 f7db | 4183 e303 | 4403 da44 
  0x00000181b306e9c0: 3b5c 2420 | 448b 5424 | 2045 0f4f | da33 dbeb | 11c4 e1f9 | 7ec8 c4c1 | 797e fbe9 | 9501 0000 
  0x00000181b306e9e0: 8bd8 3b5c | 2420 73e9 | 458b 5499 | 103b 5c24 | 240f 832d | 0800 0045 | 8954 9810 | 3b5c 242c 
  0x00000181b306ea00: 0f83 7a08 | 0000 448b | 549d 103b | 5c24 300f | 83cb 0800 | 0044 8954 | 9f10 c4c1 | f97e c245 
  0x00000181b306ea20: 8b52 1043 | 8b54 d40c | 8bc3 ffc0 | 3bc2 0f8d | 83fe ffff | 413b c37c | a74c 6354 | 2420 4c63 
  0x00000181b306ea40: 5c24 3048 | 6374 242c | 4c63 6c24 | 244d 3bd5 | 448b 5424 | 2044 0f4f | 5424 244c | 63ea 4d63 
  0x00000181b306ea60: f24c 3bf6 | 440f 4f54 | 242c 49ff | cd49 63f2 | 493b f344 | 0f4f 5424 | 3045 8bdd | 4963 f249 
  0x00000181b306ea80: 3bf5 450f | 4fd3 418b | f283 c6f9 | 443b d641 | ba00 0000 | 8041 0f4c | f23b c60f | 8d17 0900 
  0x00000181b306eaa0: 00ff c344 | 8bde 442b | db3b f344 | 0f4c 5c24 | 0c41 81fb | 401f 0000 | 440f 47d9 | 4403 db90 
  0x00000181b306eac0: c4c1 7a6f | 7499 10c4 | c17a 7f74 | 9810 c5fa | 6f74 9d10 | c5fa 7f74 | 9f10 c4c1 | 7a6f 7499 
  0x00000181b306eae0: 20c4 c17a | 7f74 9820 | c5fa 6f74 | 9d20 c5fa | 7f74 9f20 | 83c3 0841 | 3bdb 7cc4 | 4d8b 9748 
  0x00000181b306eb00: 0300 0041 | 8502 3bde | 7c99 3b5c | 2420 7d5b | 3b5c 2420 | 0f83 b7fe | ffff 458b | 5499 103b 
  0x00000181b306eb20: 5c24 240f | 83fb 0600 | 0045 8954 | 9810 3b5c | 242c 0f83 | 4807 0000 | 448b 549d | 103b 5c24 
  0x00000181b306eb40: 300f 8399 | 0700 0044 | 8954 9f10 | c4c1 f97e | c245 8b52 | 1047 8b5c | d40c ffc3 | 413b db0f 
  0x00000181b306eb60: 8d52 fdff | ff3b 5c24 | 207c a5c4 | e1f9 7ec8 | c4c1 797e | fbba e4ff | ffff 488b | 2c24 448b 
  0x00000181b306eb80: 5424 0844 | 8914 244c | 8b54 2418 | 4c89 5424 | 0844 8b54 | 2410 4489 | 5424 0444 | 8b54 2414 
  0x00000181b306eba0: 4489 5424 | 10c5 fb11 | 4424 1848 | 8944 2420 | 4489 5c24 | 1489 5c24 | 2c89 5c24 | 30c5 fa11 
  0x00000181b306ebc0: 5c24 34c5 | fa11 5424 | 3866 6690 | c5f8 77e8 | 2c37 44f8 | 8b54 240c | 448b 5424 | 1044 8b5c 
  0x00000181b306ebe0: 2414 448b | 6c24 0841 | 8bed c1fd | 0385 ed0f | 85a3 0800 | 0044 8b40 | 0c41 8bcb | 4103 c844 
  0x00000181b306ec00: 3bd9 0f8d | bb02 0000 | 4d63 c849 | 63db 418b | fbf7 df48 | 63ff 4803 | df49 3bd9 | 0f83 f607 
  0x00000181b306ec20: 0000 4863 | d948 03df | 48ff cb49 | 3bd9 0f83 | 1c08 0000 | 4c8b 0c24 | 418b 590c | 418b 6cdc 
  0x00000181b306ec40: 0c85 ed0f | 8612 0800 | 0041 8b7c | dc10 418b | 7cfc 0c48 | 8b74 2418 | 4885 f60f | 85c0 0700 
  0x00000181b306ec60: 0045 85c0 | 0f86 b707 | 0000 448b | 4010 478b | 44c4 0c45 | 85c0 0f86 | a507 0000 | 897c 2404 
  0x00000181b306ec80: 890c 24c4 | e1f9 6ed8 | 418b c841 | 03ca 894c | 2408 418b | c2ff c049 | 8d0c dcc4 | e1f9 6ee1 
  0x00000181b306eca0: 418b cbe9 | db00 0000 | c4e1 f97e | cae9 6501 | 0000 0f1f | 8000 0000 | 000f 1f80 | 0000 0000 
  0x00000181b306ecc0: 442b 4c24 | 1045 8bd1 | 41ff c245 | 8bcb 453b | d00f 83ed | 0400 0045 | 8b5c dc10 | 478b 5cdc 
  0x00000181b306ece0: 0c45 3bcb | 0f83 6901 | 0000 c4c1 | f97e db45 | 8b74 b310 | 438b 54f4 | 0c4f 8d1c | f444 3bd2 
  0x00000181b306ed00: 0f83 e604 | 0000 478b | 5493 1041 | 83fa ff0f | 8434 0100 | 0045 8b5c | fc0c 453b | cb0f 83e5 
  0x00000181b306ed20: 0400 0047 | 8954 8d10 | 33d2 c4c1 | f97e da45 | 8b52 1047 | 8b54 d40c | 4403 5424 | 104d 8bb7 
  0x00000181b306ed40: 4803 0000 | 458b d941 | ffc3 4185 | 0645 3bda | 0f8c 6aff | ffff 4d8b | 9748 0300 | 00ff c141 
  0x00000181b306ed60: 8502 3b0c | 240f 8d58 | 0100 00c4 | c1f9 7ec1 | c4e1 f97e | cec5 f97e | d244 8b54 | 2410 448b 
  0x00000181b306ed80: 5c24 1444 | 3b54 2408 | 0f8d 4b01 | 0000 4489 | 5c24 1444 | 8954 2410 | c5f9 6ed2 | c4e1 f96e 
  0x00000181b306eda0: cec4 c1f9 | 6ec1 c4c1 | f97e e241 | 8b7c 8a10 | 8bf1 412b | f33b cd0f | 83eb feff | ff44 8b5c 
  0x00000181b306edc0: 2410 443b | 5c24 040f | 83db feff | ffc4 c1f9 | 7eda 458b | 5cb2 1047 | 8b54 dc0c | 4585 d20f 
  0x00000181b306ede0: 8667 0500 | 0047 8b54 | dc10 4183 | faff 0f84 | 0501 0000 | 458b 5cfc | 0c44 8b4c | 2410 453b 
  0x00000181b306ee00: cb0f 8306 | 0400 004d | 8d0c fc44 | 8b5c 2410 | 4789 5499 | 1033 d2c4 | c1f9 7eda | 458b 5a10 
  0x00000181b306ee20: 478b 54dc | 0c44 0354 | 2410 413b | c20f 8d23 | ffff ff3b | cd73 264d | 8d2c fc44 | 8bc8 41ba 
  0x00000181b306ee40: 0100 0000 | e985 feff | ffc4 e1f9 | 7eca e9d7 | feff ffc4 | e1f9 7eca | e9cd feff | ff44 8bc8 
  0x00000181b306ee60: 41bb 0100 | 0000 eb16 | 0f1f 8400 | 0000 0000 | 442b 4c24 | 1045 8bd9 | 41ff c345 | 8bca 453b 
  0x00000181b306ee80: d80f 833d | 0300 0045 | 3b64 dc10 | 0f84 aa04 | 0000 c4c1 | f97e db45 | 8b53 1043 | 8b7c d40c 
  0x00000181b306eea0: 037c 2410 | 4d8b 9f48 | 0300 0045 | 8bd1 41ff | c241 8503 | 443b d77c | b7c4 e1f9 | 7eca e993 
  0x00000181b306eec0: feff ffc5 | f877 4883 | c460 5d49 | 3ba7 4003 | 0000 0f87 | d00c 0000 | c344 895c | 2414 4489 
  0x00000181b306eee0: 5424 10c5 | f96e d2c4 | e1f9 6ece | c4c1 f96e | c148 8bd6 | e95d feff | ffc4 e1f9 | 7eca e914 
  0x00000181b306ef00: ffff ff43 | 8b6c c418 | 85ed 0f84 | 5e08 0000 | 478b 4cc4 | 0841 81f9 | e0b1 1400 | 0f84 6e08 
  0x00000181b306ef20: 0000 4d8d | 1cec 458b | 430c 453b | c20f 85bd | 0100 0045 | 8b43 104d | 8bc8 49c1 | e103 c4e1 
  0x00000181b306ef40: f97e e14c | 3bc9 0f84 | a7f1 ffff | 0fbe 5910 | 493b c90f | 849a f1ff | ff47 8b4c | c408 4181 
  0x00000181b306ef60: f970 e900 | 000f 8575 | 0900 0049 | c1e0 0341 | 0fbe 6810 | 3bdd 0f85 | 0409 0000 | 418b 7814 
  0x00000181b306ef80: 448b 4914 | 458b 44fc | 0c43 8b4c | cc0c 413b | c80f 85d8 | 0000 004d | 8d04 fc49 | 8d74 fc10 
  0x00000181b306efa0: 4f8d 04cc | 4b8d 7ccc | 1085 c90f | 84a5 0000 | 008b c183 | e01f 83e1 | e00f 844b | 0000 0048 
  0x00000181b306efc0: 8d3c 0f48 | 8d34 0e48 | f7d9 c5fe | 6f2c 0fc5 | fe6f 1c0e | c5d5 efeb | c4e2 7d17 | ed0f 857a 
  0x00000181b306efe0: 0000 0048 | 83c1 2075 | e185 c00f | 8465 0000 | 00c5 fe6f | 6c07 e0c5 | fe6f 5c06 | e0c5 d5ef 
  0x00000181b306f000: ebc4 e27d | 17ed 7555 | eb4c 8bc8 | 83e1 fc74 | 1948 8d3c | 0f48 8d34 | 0e48 f7d9 | 8b1c 0f3b 
  0x00000181b306f020: 1c0e 7539 | 4883 c104 | 75f2 f7c0 | 0200 0000 | 7412 0fb7 | 1f0f b70e | 3bd9 7521 | 488d 7f02 
  0x00000181b306f040: 488d 7602 | f7c0 0100 | 0000 740a | 0fb6 1f0f | b60e 3bd9 | 7507 b801 | 0000 00eb | 0233 c0c5 
  0x00000181b306f060: d5ef edc5 | e5ef db85 | c00f 8584 | f0ff ffba | 45ff ffff | 488b 2c24 | c5fa 1104 | 24c5 fa11 
  0x00000181b306f080: 4c24 04c5 | fa11 5424 | 084c 8b44 | 2418 4c89 | 4424 10c5 | fb11 6424 | 184c 895c | 2420 4489 
  0x00000181b306f0a0: 5424 0c90 | c5f8 77e8 | 5432 44f8 | c57a 2cd0 | 4181 fa00 | 0000 8075 | 1048 83ec | 08c5 fa11 
  0x00000181b306f0c0: 0424 e82c | 203f f841 | 5ae9 d5f0 | ffff c57a | 2cd9 4181 | fb00 0000 | 8075 1048 | 83ec 08c5 
  0x00000181b306f0e0: fa11 0c24 | e80a 203f | f841 5be9 | e3f0 ffff | 458b 5b18 | 4d8b 8748 | 0300 0041 | 8500 4585 
  0x00000181b306f100: db0f 8467 | 0600 0049 | c1e3 03e9 | 16fe ffff | ffc6 bae4 | ffff ff48 | 8b2c 2444 | 8b54 2408 
  0x00000181b306f120: 4489 1424 | 4c8b 5424 | 184c 8954 | 2408 448b | 5424 2844 | 8954 2404 | 448b 5c24 | 2c44 895c 
  0x00000181b306f140: 2410 c5fb | 1144 2418 | 4c89 7424 | 2089 7424 | 144c 894c | 2428 894c | 2430 895c | 2434 6690 
  0x00000181b306f160: c5f8 77e8 | 9831 44f8 | 4533 c933 | d245 33d2 | e92b eeff | ff33 d2c4 | c1f9 7ee2 | 41c6 4211 
  0x00000181b306f180: 0145 33c9 | 4533 d2e9 | 14ee ffff | 41f7 dbe9 | 34f0 ffff | 41f7 dae9 | feef ffff | 448b 6c24 
  0x00000181b306f1a0: 088b 5424 | 0c4d 8bc6 | 448b 5424 | 2844 8b5c | 242c e9a2 | f3ff ff45 | 33c9 33d2 | 4533 d2e9 
  0x00000181b306f1c0: dced ffff | ba45 ffff | ffc4 e1f9 | 7ec5 c5fb | 110c 24c5 | fb11 5c24 | 0889 4c24 | 1844 894c 
  0x00000181b306f1e0: 241c 6690 | c5f8 77e8 | 1431 44f8 | c4c1 796e | d2ba e6ff | ffff 498b | ebc5 fa11 | 1424 6690 
  0x00000181b306f200: c5f8 77e8 | f830 44f8 | 4489 4c24 | 10ba e6ff | ffff 8bef | 4489 5424 | 0466 6690 | c5f8 77e8 
  0x00000181b306f220: dc30 44f8 | bae4 ffff | ff48 8b2c | 2444 8b5c | 2408 4489 | 1c24 4c8b | 5c24 184c | 895c 2408 
  0x00000181b306f240: 448b 5c24 | 1044 895c | 2404 448b | 4424 1444 | 8944 2410 | c5fb 1144 | 2418 c5fb | 114c 2420 
  0x00000181b306f260: c5fa 117c | 2414 895c | 242c 4489 | 5424 30c5 | fa11 5c24 | 3466 6690 | c5f8 77e8 | 8030 44f8 
  0x00000181b306f280: bae4 ffff | ff48 8b2c | 2444 8b54 | 2408 4489 | 1424 4c8b | 5424 184c | 8954 2408 | 448b 5424 
  0x00000181b306f2a0: 1044 8954 | 2404 448b | 5c24 1444 | 895c 2410 | c5fb 1144 | 2418 c5fb | 114c 2420 | c5fa 117c 
  0x00000181b306f2c0: 2414 895c | 242c 895c | 2430 c5fa | 1164 2434 | c57a 1144 | 2438 6690 | c5f8 77e8 | 2030 44f8 
  0x00000181b306f2e0: bae4 ffff | ff48 8b2c | 2444 8b44 | 2408 4489 | 0424 4c8b | 5c24 184c | 895c 2408 | 448b 5c24 
  0x00000181b306f300: 1044 895c | 2404 448b | 4424 1444 | 8944 2410 | c5fb 1144 | 2418 c5fb | 114c 2420 | c5fa 117c 
  0x00000181b306f320: 2414 895c | 242c 4489 | 5424 30c5 | 7a11 4424 | 3466 6690 | c5f8 77e8 | c42f 44f8 | baf6 ffff 
  0x00000181b306f340: ff66 6690 | c5f8 77e8 | b42f 44f8 | 49c1 e303 | e99c feff | ffba f6ff | ffff 6690 | c5f8 77e8 
  0x00000181b306f360: 9c2f 44f8 | 418b 6cfc | 0cd1 fdff | c5ba 76ff | ffff 4c8b | 5424 184c | 8954 2410 | 448b 5c24 
  0x00000181b306f380: 2844 895c | 240c 448b | 5424 2c44 | 8954 2418 | 4889 4424 | 2844 8974 | 241c 6690 | c5f8 77e8 
  0x00000181b306f3a0: 5c2f 44f8 | 8bdd 41bb | 0100 0000 | e91c f3ff | ff33 dbe9 | bdf7 ffff | 8bd8 e94b | f7ff ffba 
  0x00000181b306f3c0: deff ffff | c5fa 1144 | 2408 c5fa | 114c 240c | 4489 4c24 | 104c 8944 | 2420 6690 | c5f8 77e8 
  0x00000181b306f3e0: 1c2f 44f8 | bae4 ffff | ff48 8b2c | 24c5 fa11 | 0c24 c5fa | 1154 2404 | 4c8b 5424 | 184c 8954 
  0x00000181b306f400: 2408 c5fa | 1144 2418 | 4c89 4424 | 2066 6690 | c5f8 77e8 | e82e 44f8 | 4c8b 0c24 | 488b 7424 
  0x00000181b306f420: 18ba beff | ffff 498b | e948 8934 | 2448 8944 | 2408 4489 | 5424 1044 | 895c 2418 | 4489 5c24 
  0x00000181b306f440: 1c89 4c24 | 2066 6690 | c5f8 77e8 | b02e 44f8 | 4c8b 0c24 | 488b 7424 | 18eb c648 | 8b74 2418 
  0x00000181b306f460: ebbf ba45 | ffff ff48 | 8b2c 24c5 | fa11 0424 | c5fa 114c | 2404 c5fa | 1154 2408 | 4889 7c24 
  0x00000181b306f480: 104c 8944 | 2418 4489 | 4c24 2044 | 895c 2424 | c5f8 77e8 | 682e 44f8 | ba45 ffff | ff4c 8b44 
  0x00000181b306f4a0: 2418 4c89 | 4424 0848 | 8944 2410 | 4489 5424 | 1844 895c | 241c 4489 | 6c24 2090 | c5f8 77e8 
  0x00000181b306f4c0: 3c2e 44f8 | 448b 5424 | 28ba beff | ffff 488b | 2c24 448b | 4424 0844 | 8904 244c | 8b5c 2418 
  0x00000181b306f4e0: 4c89 5c24 | 0844 8b5c | 2410 4489 | 5c24 0444 | 8b44 2414 | 4489 4424 | 104c 8b5c | 2420 4c89 
  0x00000181b306f500: 5c24 1848 | 8944 2420 | 4489 5424 | 1466 6690 | c5f8 77e8 | e82d 44f8 | 448b 5424 | 28eb aa44 
  0x00000181b306f520: 8b54 2428 | eba3 bae4 | ffff ff44 | 896c 2408 | 4c8b 4c24 | 184c 894c | 2410 4489 | 5424 0c44 
  0x00000181b306f540: 895c 2418 | 4c89 4424 | 2866 6690 | c5f8 77e8 | ac2d 44f8 | babe ffff | ff48 8b2c | 2444 8b5c 
  0x00000181b306f560: 2408 4489 | 1c24 4c8b | 5424 184c | 8954 2408 | 4c8b 5424 | 204c 8954 | 2418 4889 | 4424 2090 
  0x00000181b306f580: c5f8 77e8 | 782d 44f8 | bae4 ffff | ff48 8b2c | 2444 892c | 2448 8b4c | 2418 4889 | 4c24 0844 
  0x00000181b306f5a0: 8954 2404 | 4489 5c24 | 104c 8944 | 2420 4489 | 4c24 1490 | c5f8 77e8 | 442d 44f8 | ba45 ffff 
  0x00000181b306f5c0: ff48 8b2c | 24c5 fa11 | 0424 c5fa | 114c 2404 | c5fa 1154 | 2408 4c8b | 5c24 184c | 895c 2410 
  0x00000181b306f5e0: c5fb 1164 | 2418 4489 | 4424 0c44 | 8954 2420 | c5f8 77e8 | 082d 44f8 | ba76 ffff | ffc5 fa11 
  0x00000181b306f600: 4424 08c5 | fa11 4c24 | 0cc5 fa11 | 5424 1044 | 894c 2414 | 4c89 5424 | 2889 4c24 | 3444 895c 
  0x00000181b306f620: 2438 6690 | c5f8 77e8 | d42c 44f8 | b801 0000 | 0033 d2e9 | 3fe9 ffff | 33f6 e9d3 | faff ff33 
  0x00000181b306f640: f6ba e4ff | ffff 488b | 2c24 448b | 5424 0844 | 8914 244c | 8b54 2418 | 4c89 5424 | 0844 8b5c 
  0x00000181b306f660: 2428 4489 | 5c24 0444 | 8b5c 242c | 4489 5c24 | 10c5 fb11 | 4424 184c | 8974 2428 | 8974 2430 
  0x00000181b306f680: c5f8 77e8 | 782c 44f8 | 33f6 bae4 | ffff ff4c | 8b54 2418 | 4c89 5424 | 1044 8b54 | 2428 4489 
  0x00000181b306f6a0: 5424 0c44 | 8b5c 242c | 4489 5c24 | 18c5 fb11 | 4424 204c | 8974 2428 | 894c 2430 | 8974 2434 
  0x00000181b306f6c0: c5fa 114c | 243c 6690 | c5f8 77e8 | 302c 44f8 | be03 0000 | 00c5 f97e | dfc4 e1f9 | 7ed0 4c8b 
  0x00000181b306f6e0: 6c24 20c5 | f97e e2eb | 05be 0100 | 0000 3bf7 | 0f8d 4bff | ffff 6690 | 3bf7 0f83 | 41ff ffff 
  0x00000181b306f700: c4c1 f97e | c245 8b5a | 1047 8b54 | dc0c 418b | 6cb6 1041 | 8bca 2b4c | 2438 ffc9 | 3bf2 0f83 
  0x00000181b306f720: 66ff ffff | 418b 5cb0 | 1045 8b5c | ec0c 4d8d | 0cec 413b | cb0f 83d7 | f9ff ff4d | 63da 4d2b 
  0x00000181b306f740: dd43 895c | 990c ffc6 | 413b f20f | 8d12 ebff | ff3b f77c | a3e9 e7fe | ffff be01 | 0000 00e9 
  0x00000181b306f760: aef9 ffff | be02 0000 | 00e9 a4f9 | ffff baf4 | ffff ff48 | 8b2c 24c5 | fa11 0424 | c5fa 114c 
  0x00000181b306f780: 2404 c5fa | 1154 2408 | c5f8 77e8 | 702b 44f8 | ba45 ffff | ffc5 fa11 | 4424 08c5 | fa11 4c24 
  0x00000181b306f7a0: 0cc5 fa11 | 5424 10c5 | fb11 6424 | 2044 8944 | 2414 4489 | 5424 2890 | c5f8 77e8 | 402b 44f8 
  0x00000181b306f7c0: be03 0000 | 00e9 48f9 | ffff be04 | 0000 00e9 | 3ef9 ffff | babe ffff | ff48 8b2c | 2444 8b54 
  0x00000181b306f7e0: 2408 4489 | 1424 4c8b | 5424 184c | 8954 2408 | 4c8b 5424 | 204c 8954 | 2418 4c89 | 7424 2090 
  0x00000181b306f800: c5f8 77e8 | f82a 44f8 | ba45 ffff | ffc5 fa11 | 4424 08c5 | fa11 4c24 | 0cc5 fa11 | 5424 10c5 
  0x00000181b306f820: fb11 6424 | 2844 8944 | 2414 4489 | 5424 304c | 895c 2438 | 895c 2434 | c5f8 77e8 | c02a 44f8 
  0x00000181b306f840: 4585 d240 | 0f95 c540 | 0fb6 ed83 | f501 ba45 | ffff ffc5 | fa11 4424 | 08c5 fa11 | 4c24 0cc5 
  0x00000181b306f860: fa11 5424 | 1044 894c | 2414 c5fb | 1164 2428 | 4489 5c24 | 3066 6690 | c5f8 77e8 | 802a 44f8 
  0x00000181b306f880: ba45 ffff | ffc5 fa11 | 4424 08c5 | fa11 4c24 | 0cc5 fa11 | 5424 10c5 | fb11 6424 | 284c 895c 
  0x00000181b306f8a0: 2430 4489 | 5424 144c | 8944 2438 | 895c 2440 | c5f8 77e8 | 482a 44f8 | 418b f2e9 | 52f8 ffff 
  0x00000181b306f8c0: bade ffff | ffc5 fa11 | 4424 08c5 | fa11 4c24 | 0cc5 fa11 | 5424 1090 | c5f8 77e8 | 202a 44f8 
  0x00000181b306f8e0: bade ffff | ff48 8b2c | 24c5 fa11 | 0424 c5fa | 114c 2404 | c5fa 1154 | 2408 4c8b | 4c24 184c 
  0x00000181b306f900: 894c 2410 | c5fb 1164 | 2420 4c89 | 5c24 2844 | 8954 240c | 4489 4424 | 3466 6690 | c5f8 77e8 
  0x00000181b306f920: dc29 44f8 | bade ffff | ff48 8b2c | 24c5 fa11 | 0424 c5fa | 114c 2404 | c5fa 1154 | 2408 4c8b 
  0x00000181b306f940: 5c24 184c | 895c 2410 | c5fb 1164 | 2420 4489 | 4424 0c44 | 8954 2428 | 4489 4c24 | 3066 6690 
  0x00000181b306f960: c5f8 77e8 | 9829 44f8 | baf6 ffff | ff8b e989 | 1c24 6690 | c5f8 77e8 | 8429 44f8 | baf6 ffff 
  0x00000181b306f980: ff66 6690 | c5f8 77e8 | 7429 44f8 | c4c1 796e | d2ba f6ff | ffff c5f9 | 7ed5 6690 | c5f8 77e8 
  0x00000181b306f9a0: 5c29 44f8 | 4489 4c24 | 10ba f6ff | ffff 4489 | 1424 6690 | c5f8 77e8 | 4429 44f8 | baf6 ffff 
  0x00000181b306f9c0: ff66 6690 | c5f8 77e8 | 3429 44f8 | ba76 ffff | ff48 8b2c | 2444 8b54 | 2408 4489 | 1424 4c8b 
  0x00000181b306f9e0: 5424 184c | 8954 2408 | 448b 5424 | 1044 8954 | 2404 448b | 4424 1444 | 8944 2410 | 48ff 7424 
  0x00000181b306fa00: 2048 8f44 | 2418 4889 | 4424 2044 | 895c 2414 | 8974 2428 | c5f8 77e8 | e428 44f8 | baf6 ffff 
  0x00000181b306fa20: ff66 6690 | c5f8 77e8 | d428 44f8 | 488b d0eb | 0848 8bd0 | eb03 488b | d0c5 f877 | 4883 c460 
  0x00000181b306fa40: 5de9 ba32 | 4ff8 baf6 | ffff ff49 | 8be8 6690 | c5f8 77e8 | a828 44f8 | baf6 ffff | ff66 6690 
  0x00000181b306fa60: c5f8 77e8 | 9828 44f8 | 488b 7424 | 18e9 aff9 | ffff 488b | 7424 18e9 | a5f9 ffff | baf6 ffff 
  0x00000181b306fa80: ff66 6690 | c5f8 77e8 | 7428 44f8 | baf6 ffff | ff66 6690 | c5f8 77e8 | 6428 44f8 | ba45 ffff 
  0x00000181b306faa0: ff48 8b2c | 24c5 fa11 | 0424 c5fa | 114c 2404 | c5fa 1154 | 2408 4c8b | 5c24 184c | 895c 2410 
  0x00000181b306fac0: c5fb 1164 | 2420 4489 | 4424 0c44 | 8954 2428 | 4489 4c24 | 2c66 6690 | c5f8 77e8 | 2028 44f8 
  0x00000181b306fae0: baf6 ffff | ff66 6690 | c5f8 77e8 | 1028 44f8 | baf6 ffff | ff66 6690 | c5f8 77e8 | 0028 44f8 
  0x00000181b306fb00: ba76 ffff | ff48 8b2c | 2444 8b54 | 2408 4489 | 1424 4c8b | 5424 184c | 8954 2408 | 448b 5c24 
  0x00000181b306fb20: 2844 895c | 2404 48ff | 7424 2048 | 8f44 2418 | 4c89 7424 | 2089 7424 | 2866 6690 | c5f8 77e8 
  0x00000181b306fb40: bc27 44f8 | baf6 ffff | ff66 6690 | c5f8 77e8 | ac27 44f8 | baf6 ffff | ff66 6690 | c5f8 77e8 
  0x00000181b306fb60: 9c27 44f8 | ba45 ffff | ff48 8b2c | 24c5 fa11 | 0424 c5fa | 114c 2404 | c5fa 1154 | 2408 4c8b 
  0x00000181b306fb80: 4c24 184c | 894c 2410 | c5fb 1164 | 2420 4c89 | 5c24 2844 | 8954 240c | 4489 4424 | 3066 6690 
  0x00000181b306fba0: c5f8 77e8 | 5827 44f8 | 49ba cbee | 06b3 8101 | 0000 4d89 | 9758 0300 | 00e9 4238 | 44f8 f4f4 
  0x00000181b306fbc0: e9bb 434e | f8e8 0000 | 0000 4883 | 2c24 05e9 | cc2a 44f8 | f4f4 f4f4 
[/MachCode]
--------------------------------------------------------------------------------


---------------  P R O C E S S  ---------------

Threads class SMR info:
_java_thread_list=0x00000181c7a5c020, length=22, elements={
0x00000181c6f26020, 0x00000181c6f27430, 0x00000181c6f3fee0, 0x00000181c6f40890,
0x00000181c6f41ff0, 0x00000181c6f46680, 0x00000181c7908c10, 0x00000181c7929e60,
0x00000181c6f4c490, 0x00000181c7a435f0, 0x00000181c6f449a0, 0x00000181c6f43660,
0x00000181c6f45810, 0x00000181c6f461b0, 0x00000181c6f45ce0, 0x00000181c6f43190,
0x00000181c6f45340, 0x00000181c6f43b30, 0x00000181c6f444d0, 0x00000181c6f44000,
0x00000181c84557c0, 0x00000181c8455cd0
}

Java Threads: ( => current thread )
  0x00000181c6f26020 JavaThread "Reference Handler" daemon [_thread_blocked, id=23952, stack(0x0000000c7f200000,0x0000000c7f300000)]
  0x00000181c6f27430 JavaThread "Finalizer" daemon [_thread_blocked, id=5980, stack(0x0000000c7f300000,0x0000000c7f400000)]
  0x00000181c6f3fee0 JavaThread "Signal Dispatcher" daemon [_thread_blocked, id=8820, stack(0x0000000c7f400000,0x0000000c7f500000)]
  0x00000181c6f40890 JavaThread "Attach Listener" daemon [_thread_blocked, id=14884, stack(0x0000000c7f500000,0x0000000c7f600000)]
  0x00000181c6f41ff0 JavaThread "Service Thread" daemon [_thread_blocked, id=10108, stack(0x0000000c7f600000,0x0000000c7f700000)]
  0x00000181c6f46680 JavaThread "Monitor Deflation Thread" daemon [_thread_blocked, id=16664, stack(0x0000000c7f700000,0x0000000c7f800000)]
  0x00000181c7908c10 JavaThread "C2 CompilerThread0" daemon [_thread_blocked, id=7408, stack(0x0000000c7f800000,0x0000000c7f900000)]
  0x00000181c7929e60 JavaThread "C1 CompilerThread0" daemon [_thread_blocked, id=8000, stack(0x0000000c7f900000,0x0000000c7fa00000)]
  0x00000181c6f4c490 JavaThread "Sweeper thread" daemon [_thread_blocked, id=16448, stack(0x0000000c7fa00000,0x0000000c7fb00000)]
  0x00000181c7a435f0 JavaThread "C1 CompilerThread1" daemon [_thread_blocked, id=19052, stack(0x0000000c7fb00000,0x0000000c7fc00000)]
  0x00000181c6f449a0 JavaThread "Notification Thread" daemon [_thread_blocked, id=23844, stack(0x0000000c7fd00000,0x0000000c7fe00000)]
  0x00000181c6f43660 JavaThread "Common-Cleaner" daemon [_thread_blocked, id=19288, stack(0x0000000c7ff00000,0x0000000c80000000)]
  0x00000181c6f45810 JavaThread "DestroyJavaVM" [_thread_blocked, id=26532, stack(0x0000000c7eb00000,0x0000000c7ec00000)]
  0x00000181c6f461b0 JavaThread "Java2D Disposer" daemon [_thread_blocked, id=8680, stack(0x0000000c00100000,0x0000000c00200000)]
  0x00000181c6f45ce0 JavaThread "AWT-Shutdown" [_thread_blocked, id=2064, stack(0x0000000c00300000,0x0000000c00400000)]
  0x00000181c6f43190 JavaThread "AWT-Windows" daemon [_thread_in_native, id=26556, stack(0x0000000c00400000,0x0000000c00500000)]
  0x00000181c6f45340 JavaThread "AWT-EventQueue-0" [_thread_blocked, id=8800, stack(0x0000000c01100000,0x0000000c01200000)]
=>0x00000181c6f43b30 JavaThread "Thread-2" [_thread_in_Java, id=25476, stack(0x0000000c01200000,0x0000000c01300000)]
  0x00000181c6f444d0 JavaThread "Thread-1" [_thread_in_Java, id=21456, stack(0x0000000c01300000,0x0000000c01400000)]
  0x00000181c6f44000 JavaThread "D3D Screen Updater" daemon [_thread_blocked, id=1960, stack(0x0000000c00000000,0x0000000c00100000)]
  0x00000181c84557c0 JavaThread "C2 CompilerThread1" daemon [_thread_blocked, id=10780, stack(0x0000000c01c00000,0x0000000c01d00000)]
  0x00000181c8455cd0 JavaThread "C2 CompilerThread2" daemon [_thread_blocked, id=5612, stack(0x0000000c01d00000,0x0000000c01e00000)]

Other Threads:
  0x00000181c6f1db80 VMThread "VM Thread" [stack: 0x0000000c7f100000,0x0000000c7f200000] [id=22704]
  0x00000181c7a62700 WatcherThread [stack: 0x0000000c7fe00000,0x0000000c7ff00000] [id=14500]
  0x00000181a39d8cc0 GCTaskThread "GC Thread#0" [stack: 0x0000000c7ec00000,0x0000000c7ed00000] [id=6792]
  0x00000181c840d2d0 GCTaskThread "GC Thread#1" [stack: 0x0000000c00200000,0x0000000c00300000] [id=5116]
  0x00000181c84410d0 GCTaskThread "GC Thread#2" [stack: 0x0000000c01400000,0x0000000c01500000] [id=8940]
  0x00000181c8441380 GCTaskThread "GC Thread#3" [stack: 0x0000000c01500000,0x0000000c01600000] [id=24980]
  0x00000181c8441630 GCTaskThread "GC Thread#4" [stack: 0x0000000c01600000,0x0000000c01700000] [id=26336]
  0x00000181c8417c10 GCTaskThread "GC Thread#5" [stack: 0x0000000c01700000,0x0000000c01800000] [id=13568]
  0x00000181c8418ae0 GCTaskThread "GC Thread#6" [stack: 0x0000000c01800000,0x0000000c01900000] [id=3860]
  0x00000181c841a3e0 GCTaskThread "GC Thread#7" [stack: 0x0000000c01900000,0x0000000c01a00000] [id=26388]
  0x00000181c841e6a0 GCTaskThread "GC Thread#8" [stack: 0x0000000c01a00000,0x0000000c01b00000] [id=8888]
  0x00000181c841f580 GCTaskThread "GC Thread#9" [stack: 0x0000000c01b00000,0x0000000c01c00000] [id=5024]
  0x00000181a39e9290 ConcurrentGCThread "G1 Main Marker" [stack: 0x0000000c7ed00000,0x0000000c7ee00000] [id=24300]
  0x00000181a39eb450 ConcurrentGCThread "G1 Conc#0" [stack: 0x0000000c7ee00000,0x0000000c7ef00000] [id=20452]
  0x00000181c6ddb520 ConcurrentGCThread "G1 Refine#0" [stack: 0x0000000c7ef00000,0x0000000c7f000000] [id=21184]
  0x00000181c6ddbd50 ConcurrentGCThread "G1 Service" [stack: 0x0000000c7f000000,0x0000000c7f100000] [id=12656]

Threads with active compile tasks:

VM state: not at safepoint (normal execution)

VM Mutex/Monitor currently owned by a thread: None

Heap address: 0x0000000709600000, size: 3946 MB, Compressed Oops mode: Zero based, Oop shift amount: 3

CDS archive(s) mapped at: [0x0000000800000000-0x0000000800bc0000-0x0000000800bc0000), size 12320768, SharedBaseAddress: 0x0000000800000000, ArchiveRelocationMode: 0.
Compressed class space mapped at: 0x0000000800c00000-0x0000000840c00000, reserved size: 1073741824
Narrow klass base: 0x0000000800000000, Narrow klass shift: 0, Narrow klass range: 0x100000000

GC Precious Log:
 CPUs: 16 total, 16 available
 Memory: 15776M
 Large Page Support: Disabled
 NUMA Support: Disabled
 Compressed Oops: Enabled (Zero based)
 Heap Region Size: 2M
 Heap Min Capacity: 8M
 Heap Initial Capacity: 248M
 Heap Max Capacity: 3946M
 Pre-touch: Disabled
 Parallel Workers: 13
 Concurrent Workers: 3
 Concurrent Refinement Workers: 13
 Periodic GC: Disabled

Heap:
 garbage-first heap   total 253952K, used 24742K [0x0000000709600000, 0x0000000800000000)
  region size 2048K, 12 young (24576K), 2 survivors (4096K)
 Metaspace       used 7225K, committed 7488K, reserved 1056768K
  class space    used 772K, committed 896K, reserved 1048576K

Heap Regions: E=young(eden), S=young(survivor), O=old, HS=humongous(starts), HC=humongous(continues), CS=collection set, F=free, OA=open archive, CA=closed archive, TAMS=top-at-mark-start (previous, next)
|   0|0x0000000709600000, 0x0000000709800000, 0x0000000709800000|100%|HS|  |TAMS 0x0000000709600000, 0x0000000709600000| Complete 
|   1|0x0000000709800000, 0x0000000709a00000, 0x0000000709a00000|100%|HC|  |TAMS 0x0000000709800000, 0x0000000709800000| Complete 
|   2|0x0000000709a00000, 0x0000000709a00000, 0x0000000709c00000|  0%| F|  |TAMS 0x0000000709a00000, 0x0000000709a00000| Untracked 
|   3|0x0000000709c00000, 0x0000000709c00000, 0x0000000709e00000|  0%| F|  |TAMS 0x0000000709c00000, 0x0000000709c00000| Untracked 
|   4|0x0000000709e00000, 0x0000000709e00000, 0x000000070a000000|  0%| F|  |TAMS 0x0000000709e00000, 0x0000000709e00000| Untracked 
|   5|0x000000070a000000, 0x000000070a000000, 0x000000070a200000|  0%| F|  |TAMS 0x000000070a000000, 0x000000070a000000| Untracked 
|   6|0x000000070a200000, 0x000000070a200000, 0x000000070a400000|  0%| F|  |TAMS 0x000000070a200000, 0x000000070a200000| Untracked 
|   7|0x000000070a400000, 0x000000070a400000, 0x000000070a600000|  0%| F|  |TAMS 0x000000070a400000, 0x000000070a400000| Untracked 
|   8|0x000000070a600000, 0x000000070a600000, 0x000000070a800000|  0%| F|  |TAMS 0x000000070a600000, 0x000000070a600000| Untracked 
|   9|0x000000070a800000, 0x000000070a800000, 0x000000070aa00000|  0%| F|  |TAMS 0x000000070a800000, 0x000000070a800000| Untracked 
|  10|0x000000070aa00000, 0x000000070aa00000, 0x000000070ac00000|  0%| F|  |TAMS 0x000000070aa00000, 0x000000070aa00000| Untracked 
|  11|0x000000070ac00000, 0x000000070ac00000, 0x000000070ae00000|  0%| F|  |TAMS 0x000000070ac00000, 0x000000070ac00000| Untracked 
|  12|0x000000070ae00000, 0x000000070ae00000, 0x000000070b000000|  0%| F|  |TAMS 0x000000070ae00000, 0x000000070ae00000| Untracked 
|  13|0x000000070b000000, 0x000000070b000000, 0x000000070b200000|  0%| F|  |TAMS 0x000000070b000000, 0x000000070b000000| Untracked 
|  14|0x000000070b200000, 0x000000070b200000, 0x000000070b400000|  0%| F|  |TAMS 0x000000070b200000, 0x000000070b200000| Untracked 
|  15|0x000000070b400000, 0x000000070b400000, 0x000000070b600000|  0%| F|  |TAMS 0x000000070b400000, 0x000000070b400000| Untracked 
|  16|0x000000070b600000, 0x000000070b600000, 0x000000070b800000|  0%| F|  |TAMS 0x000000070b600000, 0x000000070b600000| Untracked 
|  17|0x000000070b800000, 0x000000070b800000, 0x000000070ba00000|  0%| F|  |TAMS 0x000000070b800000, 0x000000070b800000| Untracked 
|  18|0x000000070ba00000, 0x000000070ba00000, 0x000000070bc00000|  0%| F|  |TAMS 0x000000070ba00000, 0x000000070ba00000| Untracked 
|  19|0x000000070bc00000, 0x000000070bc00000, 0x000000070be00000|  0%| F|  |TAMS 0x000000070bc00000, 0x000000070bc00000| Untracked 
|  20|0x000000070be00000, 0x000000070be00000, 0x000000070c000000|  0%| F|  |TAMS 0x000000070be00000, 0x000000070be00000| Untracked 
|  21|0x000000070c000000, 0x000000070c000000, 0x000000070c200000|  0%| F|  |TAMS 0x000000070c000000, 0x000000070c000000| Untracked 
|  22|0x000000070c200000, 0x000000070c200000, 0x000000070c400000|  0%| F|  |TAMS 0x000000070c200000, 0x000000070c200000| Untracked 
|  23|0x000000070c400000, 0x000000070c400000, 0x000000070c600000|  0%| F|  |TAMS 0x000000070c400000, 0x000000070c400000| Untracked 
|  24|0x000000070c600000, 0x000000070c600000, 0x000000070c800000|  0%| F|  |TAMS 0x000000070c600000, 0x000000070c600000| Untracked 
|  25|0x000000070c800000, 0x000000070c800000, 0x000000070ca00000|  0%| F|  |TAMS 0x000000070c800000, 0x000000070c800000| Untracked 
|  26|0x000000070ca00000, 0x000000070ca00000, 0x000000070cc00000|  0%| F|  |TAMS 0x000000070ca00000, 0x000000070ca00000| Untracked 
|  27|0x000000070cc00000, 0x000000070cc00000, 0x000000070ce00000|  0%| F|  |TAMS 0x000000070cc00000, 0x000000070cc00000| Untracked 
|  28|0x000000070ce00000, 0x000000070ce00000, 0x000000070d000000|  0%| F|  |TAMS 0x000000070ce00000, 0x000000070ce00000| Untracked 
|  29|0x000000070d000000, 0x000000070d000000, 0x000000070d200000|  0%| F|  |TAMS 0x000000070d000000, 0x000000070d000000| Untracked 
|  30|0x000000070d200000, 0x000000070d200000, 0x000000070d400000|  0%| F|  |TAMS 0x000000070d200000, 0x000000070d200000| Untracked 
|  31|0x000000070d400000, 0x000000070d400000, 0x000000070d600000|  0%| F|  |TAMS 0x000000070d400000, 0x000000070d400000| Untracked 
|  32|0x000000070d600000, 0x000000070d600000, 0x000000070d800000|  0%| F|  |TAMS 0x000000070d600000, 0x000000070d600000| Untracked 
|  33|0x000000070d800000, 0x000000070d800000, 0x000000070da00000|  0%| F|  |TAMS 0x000000070d800000, 0x000000070d800000| Untracked 
|  34|0x000000070da00000, 0x000000070da00000, 0x000000070dc00000|  0%| F|  |TAMS 0x000000070da00000, 0x000000070da00000| Untracked 
|  35|0x000000070dc00000, 0x000000070dc00000, 0x000000070de00000|  0%| F|  |TAMS 0x000000070dc00000, 0x000000070dc00000| Untracked 
|  36|0x000000070de00000, 0x000000070de00000, 0x000000070e000000|  0%| F|  |TAMS 0x000000070de00000, 0x000000070de00000| Untracked 
|  37|0x000000070e000000, 0x000000070e000000, 0x000000070e200000|  0%| F|  |TAMS 0x000000070e000000, 0x000000070e000000| Untracked 
|  38|0x000000070e200000, 0x000000070e200000, 0x000000070e400000|  0%| F|  |TAMS 0x000000070e200000, 0x000000070e200000| Untracked 
|  39|0x000000070e400000, 0x000000070e400000, 0x000000070e600000|  0%| F|  |TAMS 0x000000070e400000, 0x000000070e400000| Untracked 
|  40|0x000000070e600000, 0x000000070e600000, 0x000000070e800000|  0%| F|  |TAMS 0x000000070e600000, 0x000000070e600000| Untracked 
|  41|0x000000070e800000, 0x000000070e800000, 0x000000070ea00000|  0%| F|  |TAMS 0x000000070e800000, 0x000000070e800000| Untracked 
|  42|0x000000070ea00000, 0x000000070ea00000, 0x000000070ec00000|  0%| F|  |TAMS 0x000000070ea00000, 0x000000070ea00000| Untracked 
|  43|0x000000070ec00000, 0x000000070ec00000, 0x000000070ee00000|  0%| F|  |TAMS 0x000000070ec00000, 0x000000070ec00000| Untracked 
|  44|0x000000070ee00000, 0x000000070ee00000, 0x000000070f000000|  0%| F|  |TAMS 0x000000070ee00000, 0x000000070ee00000| Untracked 
|  45|0x000000070f000000, 0x000000070f000000, 0x000000070f200000|  0%| F|  |TAMS 0x000000070f000000, 0x000000070f000000| Untracked 
|  46|0x000000070f200000, 0x000000070f200000, 0x000000070f400000|  0%| F|  |TAMS 0x000000070f200000, 0x000000070f200000| Untracked 
|  47|0x000000070f400000, 0x000000070f400000, 0x000000070f600000|  0%| F|  |TAMS 0x000000070f400000, 0x000000070f400000| Untracked 
|  48|0x000000070f600000, 0x000000070f600000, 0x000000070f800000|  0%| F|  |TAMS 0x000000070f600000, 0x000000070f600000| Untracked 
|  49|0x000000070f800000, 0x000000070f800000, 0x000000070fa00000|  0%| F|  |TAMS 0x000000070f800000, 0x000000070f800000| Untracked 
|  50|0x000000070fa00000, 0x000000070fa00000, 0x000000070fc00000|  0%| F|  |TAMS 0x000000070fa00000, 0x000000070fa00000| Untracked 
|  51|0x000000070fc00000, 0x000000070fc00000, 0x000000070fe00000|  0%| F|  |TAMS 0x000000070fc00000, 0x000000070fc00000| Untracked 
|  52|0x000000070fe00000, 0x000000070fe00000, 0x0000000710000000|  0%| F|  |TAMS 0x000000070fe00000, 0x000000070fe00000| Untracked 
|  53|0x0000000710000000, 0x0000000710000000, 0x0000000710200000|  0%| F|  |TAMS 0x0000000710000000, 0x0000000710000000| Untracked 
|  54|0x0000000710200000, 0x0000000710200000, 0x0000000710400000|  0%| F|  |TAMS 0x0000000710200000, 0x0000000710200000| Untracked 
|  55|0x0000000710400000, 0x0000000710400000, 0x0000000710600000|  0%| F|  |TAMS 0x0000000710400000, 0x0000000710400000| Untracked 
|  56|0x0000000710600000, 0x0000000710600000, 0x0000000710800000|  0%| F|  |TAMS 0x0000000710600000, 0x0000000710600000| Untracked 
|  57|0x0000000710800000, 0x0000000710800000, 0x0000000710a00000|  0%| F|  |TAMS 0x0000000710800000, 0x0000000710800000| Untracked 
|  58|0x0000000710a00000, 0x0000000710a00000, 0x0000000710c00000|  0%| F|  |TAMS 0x0000000710a00000, 0x0000000710a00000| Untracked 
|  59|0x0000000710c00000, 0x0000000710c00000, 0x0000000710e00000|  0%| F|  |TAMS 0x0000000710c00000, 0x0000000710c00000| Untracked 
|  60|0x0000000710e00000, 0x0000000710e00000, 0x0000000711000000|  0%| F|  |TAMS 0x0000000710e00000, 0x0000000710e00000| Untracked 
|  61|0x0000000711000000, 0x0000000711000000, 0x0000000711200000|  0%| F|  |TAMS 0x0000000711000000, 0x0000000711000000| Untracked 
|  62|0x0000000711200000, 0x0000000711200000, 0x0000000711400000|  0%| F|  |TAMS 0x0000000711200000, 0x0000000711200000| Untracked 
|  63|0x0000000711400000, 0x0000000711400000, 0x0000000711600000|  0%| F|  |TAMS 0x0000000711400000, 0x0000000711400000| Untracked 
|  64|0x0000000711600000, 0x0000000711600000, 0x0000000711800000|  0%| F|  |TAMS 0x0000000711600000, 0x0000000711600000| Untracked 
|  65|0x0000000711800000, 0x0000000711800000, 0x0000000711a00000|  0%| F|  |TAMS 0x0000000711800000, 0x0000000711800000| Untracked 
|  66|0x0000000711a00000, 0x0000000711a00000, 0x0000000711c00000|  0%| F|  |TAMS 0x0000000711a00000, 0x0000000711a00000| Untracked 
|  67|0x0000000711c00000, 0x0000000711c00000, 0x0000000711e00000|  0%| F|  |TAMS 0x0000000711c00000, 0x0000000711c00000| Untracked 
|  68|0x0000000711e00000, 0x0000000711e00000, 0x0000000712000000|  0%| F|  |TAMS 0x0000000711e00000, 0x0000000711e00000| Untracked 
|  69|0x0000000712000000, 0x0000000712000000, 0x0000000712200000|  0%| F|  |TAMS 0x0000000712000000, 0x0000000712000000| Untracked 
|  70|0x0000000712200000, 0x0000000712200000, 0x0000000712400000|  0%| F|  |TAMS 0x0000000712200000, 0x0000000712200000| Untracked 
|  71|0x0000000712400000, 0x0000000712400000, 0x0000000712600000|  0%| F|  |TAMS 0x0000000712400000, 0x0000000712400000| Untracked 
|  72|0x0000000712600000, 0x0000000712600000, 0x0000000712800000|  0%| F|  |TAMS 0x0000000712600000, 0x0000000712600000| Untracked 
|  73|0x0000000712800000, 0x0000000712800000, 0x0000000712a00000|  0%| F|  |TAMS 0x0000000712800000, 0x0000000712800000| Untracked 
|  74|0x0000000712a00000, 0x0000000712a00000, 0x0000000712c00000|  0%| F|  |TAMS 0x0000000712a00000, 0x0000000712a00000| Untracked 
|  75|0x0000000712c00000, 0x0000000712c00000, 0x0000000712e00000|  0%| F|  |TAMS 0x0000000712c00000, 0x0000000712c00000| Untracked 
|  76|0x0000000712e00000, 0x0000000712e00000, 0x0000000713000000|  0%| F|  |TAMS 0x0000000712e00000, 0x0000000712e00000| Untracked 
|  77|0x0000000713000000, 0x0000000713000000, 0x0000000713200000|  0%| F|  |TAMS 0x0000000713000000, 0x0000000713000000| Untracked 
|  78|0x0000000713200000, 0x0000000713200000, 0x0000000713400000|  0%| F|  |TAMS 0x0000000713200000, 0x0000000713200000| Untracked 
|  79|0x0000000713400000, 0x0000000713400000, 0x0000000713600000|  0%| F|  |TAMS 0x0000000713400000, 0x0000000713400000| Untracked 
|  80|0x0000000713600000, 0x0000000713600000, 0x0000000713800000|  0%| F|  |TAMS 0x0000000713600000, 0x0000000713600000| Untracked 
|  81|0x0000000713800000, 0x0000000713800000, 0x0000000713a00000|  0%| F|  |TAMS 0x0000000713800000, 0x0000000713800000| Untracked 
|  82|0x0000000713a00000, 0x0000000713a00000, 0x0000000713c00000|  0%| F|  |TAMS 0x0000000713a00000, 0x0000000713a00000| Untracked 
|  83|0x0000000713c00000, 0x0000000713c00000, 0x0000000713e00000|  0%| F|  |TAMS 0x0000000713c00000, 0x0000000713c00000| Untracked 
|  84|0x0000000713e00000, 0x0000000713e00000, 0x0000000714000000|  0%| F|  |TAMS 0x0000000713e00000, 0x0000000713e00000| Untracked 
|  85|0x0000000714000000, 0x0000000714000000, 0x0000000714200000|  0%| F|  |TAMS 0x0000000714000000, 0x0000000714000000| Untracked 
|  86|0x0000000714200000, 0x0000000714200000, 0x0000000714400000|  0%| F|  |TAMS 0x0000000714200000, 0x0000000714200000| Untracked 
|  87|0x0000000714400000, 0x0000000714400000, 0x0000000714600000|  0%| F|  |TAMS 0x0000000714400000, 0x0000000714400000| Untracked 
|  88|0x0000000714600000, 0x0000000714600000, 0x0000000714800000|  0%| F|  |TAMS 0x0000000714600000, 0x0000000714600000| Untracked 
|  89|0x0000000714800000, 0x0000000714800000, 0x0000000714a00000|  0%| F|  |TAMS 0x0000000714800000, 0x0000000714800000| Untracked 
|  90|0x0000000714a00000, 0x0000000714a00000, 0x0000000714c00000|  0%| F|  |TAMS 0x0000000714a00000, 0x0000000714a00000| Untracked 
|  91|0x0000000714c00000, 0x0000000714c00000, 0x0000000714e00000|  0%| F|  |TAMS 0x0000000714c00000, 0x0000000714c00000| Untracked 
|  92|0x0000000714e00000, 0x0000000714e00000, 0x0000000715000000|  0%| F|  |TAMS 0x0000000714e00000, 0x0000000714e00000| Untracked 
|  93|0x0000000715000000, 0x0000000715000000, 0x0000000715200000|  0%| F|  |TAMS 0x0000000715000000, 0x0000000715000000| Untracked 
|  94|0x0000000715200000, 0x0000000715200000, 0x0000000715400000|  0%| F|  |TAMS 0x0000000715200000, 0x0000000715200000| Untracked 
|  95|0x0000000715400000, 0x0000000715400000, 0x0000000715600000|  0%| F|  |TAMS 0x0000000715400000, 0x0000000715400000| Untracked 
|  96|0x0000000715600000, 0x0000000715600000, 0x0000000715800000|  0%| F|  |TAMS 0x0000000715600000, 0x0000000715600000| Untracked 
|  97|0x0000000715800000, 0x0000000715800000, 0x0000000715a00000|  0%| F|  |TAMS 0x0000000715800000, 0x0000000715800000| Untracked 
|  98|0x0000000715a00000, 0x0000000715a00000, 0x0000000715c00000|  0%| F|  |TAMS 0x0000000715a00000, 0x0000000715a00000| Untracked 
|  99|0x0000000715c00000, 0x0000000715c00000, 0x0000000715e00000|  0%| F|  |TAMS 0x0000000715c00000, 0x0000000715c00000| Untracked 
| 100|0x0000000715e00000, 0x0000000715e00000, 0x0000000716000000|  0%| F|  |TAMS 0x0000000715e00000, 0x0000000715e00000| Untracked 
| 101|0x0000000716000000, 0x0000000716000000, 0x0000000716200000|  0%| F|  |TAMS 0x0000000716000000, 0x0000000716000000| Untracked 
| 102|0x0000000716200000, 0x0000000716200000, 0x0000000716400000|  0%| F|  |TAMS 0x0000000716200000, 0x0000000716200000| Untracked 
| 103|0x0000000716400000, 0x0000000716400000, 0x0000000716600000|  0%| F|  |TAMS 0x0000000716400000, 0x0000000716400000| Untracked 
| 104|0x0000000716600000, 0x0000000716600000, 0x0000000716800000|  0%| F|  |TAMS 0x0000000716600000, 0x0000000716600000| Untracked 
| 105|0x0000000716800000, 0x0000000716800000, 0x0000000716a00000|  0%| F|  |TAMS 0x0000000716800000, 0x0000000716800000| Untracked 
| 106|0x0000000716a00000, 0x0000000716a00000, 0x0000000716c00000|  0%| F|  |TAMS 0x0000000716a00000, 0x0000000716a00000| Untracked 
| 107|0x0000000716c00000, 0x0000000716c00000, 0x0000000716e00000|  0%| F|  |TAMS 0x0000000716c00000, 0x0000000716c00000| Untracked 
| 108|0x0000000716e00000, 0x0000000716e00000, 0x0000000717000000|  0%| F|  |TAMS 0x0000000716e00000, 0x0000000716e00000| Untracked 
| 109|0x0000000717000000, 0x0000000717000000, 0x0000000717200000|  0%| F|  |TAMS 0x0000000717000000, 0x0000000717000000| Untracked 
| 110|0x0000000717200000, 0x0000000717200000, 0x0000000717400000|  0%| F|  |TAMS 0x0000000717200000, 0x0000000717200000| Untracked 
| 111|0x0000000717400000, 0x0000000717429980, 0x0000000717600000|  8%| S|CS|TAMS 0x0000000717400000, 0x0000000717400000| Complete 
| 112|0x0000000717600000, 0x0000000717800000, 0x0000000717800000|100%| S|CS|TAMS 0x0000000717600000, 0x0000000717600000| Complete 
| 113|0x0000000717800000, 0x0000000717800000, 0x0000000717a00000|  0%| F|  |TAMS 0x0000000717800000, 0x0000000717800000| Untracked 
| 114|0x0000000717a00000, 0x0000000717b46610, 0x0000000717c00000| 63%| E|  |TAMS 0x0000000717a00000, 0x0000000717a00000| Complete 
| 115|0x0000000717c00000, 0x0000000717e00000, 0x0000000717e00000|100%| E|CS|TAMS 0x0000000717c00000, 0x0000000717c00000| Complete 
| 116|0x0000000717e00000, 0x0000000718000000, 0x0000000718000000|100%| E|CS|TAMS 0x0000000717e00000, 0x0000000717e00000| Complete 
| 117|0x0000000718000000, 0x0000000718200000, 0x0000000718200000|100%| E|CS|TAMS 0x0000000718000000, 0x0000000718000000| Complete 
| 118|0x0000000718200000, 0x0000000718400000, 0x0000000718400000|100%| E|CS|TAMS 0x0000000718200000, 0x0000000718200000| Complete 
| 119|0x0000000718400000, 0x0000000718600000, 0x0000000718600000|100%| E|CS|TAMS 0x0000000718400000, 0x0000000718400000| Complete 
| 120|0x0000000718600000, 0x0000000718800000, 0x0000000718800000|100%| E|CS|TAMS 0x0000000718600000, 0x0000000718600000| Complete 
| 121|0x0000000718800000, 0x0000000718a00000, 0x0000000718a00000|100%| E|CS|TAMS 0x0000000718800000, 0x0000000718800000| Complete 
| 122|0x0000000718a00000, 0x0000000718c00000, 0x0000000718c00000|100%| E|CS|TAMS 0x0000000718a00000, 0x0000000718a00000| Complete 
| 123|0x0000000718c00000, 0x0000000718e00000, 0x0000000718e00000|100%| E|CS|TAMS 0x0000000718c00000, 0x0000000718c00000| Complete 

Card table byte_map: [0x00000181bb4a0000,0x00000181bbc60000] _byte_map_base: 0x00000181b7c55000

Marking Bits (Prev, Next): (CMBitMap*) 0x00000181a39d92d0, (CMBitMap*) 0x00000181a39d9310
 Prev Bits: [0x00000181bc420000, 0x00000181c01c8000)
 Next Bits: [0x00000181c01d0000, 0x00000181c3f78000)

Polling page: 0x00000181a1640000

Metaspace:

Usage:
  Non-class:      6.30 MB used.
      Class:    772.71 KB used.
       Both:      7.06 MB used.

Virtual space:
  Non-class space:        8.00 MB reserved,       6.44 MB ( 80%) committed,  1 nodes.
      Class space:        1.00 GB reserved,     896.00 KB ( <1%) committed,  1 nodes.
             Both:        1.01 GB reserved,       7.31 MB ( <1%) committed. 

Chunk freelists:
   Non-Class:  880.00 KB
       Class:  3.10 MB
        Both:  3.96 MB

MaxMetaspaceSize: unlimited
CompressedClassSpaceSize: 1.00 GB
Initial GC threshold: 21.00 MB
Current GC threshold: 21.00 MB
CDS: on
MetaspaceReclaimPolicy: balanced
 - commit_granule_bytes: 65536.
 - commit_granule_words: 8192.
 - virtual_space_node_default_size: 1048576.
 - enlarge_chunks_in_place: 1.
 - new_chunks_are_fully_committed: 0.
 - uncommit_free_chunks: 1.
 - use_allocation_guard: 0.
 - handle_deallocations: 1.


Internal statistics:

num_allocs_failed_limit: 0.
num_arena_births: 128.
num_arena_deaths: 0.
num_vsnodes_births: 2.
num_vsnodes_deaths: 0.
num_space_committed: 117.
num_space_uncommitted: 0.
num_chunks_returned_to_freelist: 0.
num_chunks_taken_from_freelist: 180.
num_chunk_merges: 0.
num_chunk_splits: 107.
num_chunks_enlarged: 52.
num_purges: 0.
num_inconsistent_stats: 0.

CodeHeap 'non-profiled nmethods': size=119168Kb used=450Kb max_used=450Kb free=118717Kb
 bounds [0x00000181b3000000, 0x00000181b3270000, 0x00000181ba460000]
CodeHeap 'profiled nmethods': size=119104Kb used=2047Kb max_used=2047Kb free=117056Kb
 bounds [0x00000181abbb0000, 0x00000181abe20000, 0x00000181b3000000]
CodeHeap 'non-nmethods': size=7488Kb used=1822Kb max_used=2398Kb free=5666Kb
 bounds [0x00000181ab460000, 0x00000181ab6d0000, 0x00000181abbb0000]
 total_blobs=1886 nmethods=1307 adapters=491
 compilation: enabled
              stopped_count=0, restarted_count=0
 full_count=0

Compilation events (20 events):
Event: 2.798 Thread 0x00000181c8455cd0 1296 %     4       summit.gfx.Renderer::rotate @ 21 (62 bytes)
Event: 2.799 Thread 0x00000181c7a435f0 1297 %     3       summit.gfx.Renderer::filterFrame @ 10 (57 bytes)
Event: 2.800 Thread 0x00000181c7a435f0 nmethod 1297% 0x00000181abdacb90 code [0x00000181abdacd60, 0x00000181abdad1a8]
Event: 2.800 Thread 0x00000181c7a435f0 1298       3       summit.gfx.Renderer::filterFrame (57 bytes)
Event: 2.800 Thread 0x00000181c84557c0 1299       4       summit.gfx.Renderer::renderLight (229 bytes)
Event: 2.800 Thread 0x00000181c7a435f0 nmethod 1298 0x00000181abdad490 code [0x00000181abdad660, 0x00000181abdada28]
Event: 2.801 Thread 0x00000181c7a435f0 1300       3       summit.gfx.Light::paint (21 bytes)
Event: 2.801 Thread 0x00000181c7a435f0 nmethod 1300 0x00000181abdadc90 code [0x00000181abdade40, 0x00000181abdae008]
Event: 2.803 Thread 0x00000181c8455cd0 nmethod 1296% 0x00000181b306af10 code [0x00000181b306b0a0, 0x00000181b306b4d8]
Event: 2.806 Thread 0x00000181c84557c0 nmethod 1299 0x00000181b306b710 code [0x00000181b306b8e0, 0x00000181b306bd58]
Event: 2.815 Thread 0x00000181c8455cd0 1301       4       summit.gfx.Renderer::rotate (62 bytes)
Event: 2.824 Thread 0x00000181c84557c0 1302 %     4       summit.gfx.Renderer::filterFrame @ 10 (57 bytes)
Event: 2.827 Thread 0x00000181c8455cd0 nmethod 1301 0x00000181b306c090 code [0x00000181b306c220, 0x00000181b306c798]
Event: 2.832 Thread 0x00000181c7929e60 1303       3       summit.game.tile.WaterTile::paint (48 bytes)
Event: 2.832 Thread 0x00000181c84557c0 nmethod 1302% 0x00000181b306ca90 code [0x00000181b306cc20, 0x00000181b306d258]
Event: 2.832 Thread 0x00000181c7929e60 nmethod 1303 0x00000181abdae110 code [0x00000181abdae380, 0x00000181abdaeef8]
Event: 2.841 Thread 0x00000181c7929e60 1304       3       javax.swing.JComponent::getFlag (20 bytes)
Event: 2.842 Thread 0x00000181c7929e60 nmethod 1304 0x00000181abdaf390 code [0x00000181abdaf520, 0x00000181abdaf698]
Event: 2.842 Thread 0x00000181c8455cd0 1305       4       summit.gfx.Renderer::filterFrame (57 bytes)
Event: 2.845 Thread 0x00000181c8455cd0 nmethod 1305 0x00000181b306d510 code [0x00000181b306d6a0, 0x00000181b306d918]

GC Heap History (2 events):
Event: 2.106 GC heap before
{Heap before GC invocations=0 (full 0):
 garbage-first heap   total 253952K, used 26624K [0x0000000709600000, 0x0000000800000000)
  region size 2048K, 11 young (22528K), 0 survivors (0K)
 Metaspace       used 7055K, committed 7360K, reserved 1056768K
  class space    used 749K, committed 896K, reserved 1048576K
}
Event: 2.109 GC heap after
{Heap after GC invocations=1 (full 0):
 garbage-first heap   total 253952K, used 6310K [0x0000000709600000, 0x0000000800000000)
  region size 2048K, 2 young (4096K), 2 survivors (4096K)
 Metaspace       used 7055K, committed 7360K, reserved 1056768K
  class space    used 749K, committed 896K, reserved 1048576K
}

Deoptimization events (20 events):
Event: 2.804 Thread 0x00000181c6f43b30 DEOPT PACKING pc=0x00000181abdaa5a2 sp=0x0000000c012ff0d0
Event: 2.804 Thread 0x00000181c6f43b30 DEOPT UNPACKING pc=0x00000181ab4b2b43 sp=0x0000000c012fe578 mode 0
Event: 2.805 Thread 0x00000181c6f43b30 DEOPT PACKING pc=0x00000181abdaa5a2 sp=0x0000000c012ff0d0
Event: 2.805 Thread 0x00000181c6f43b30 DEOPT UNPACKING pc=0x00000181ab4b2b43 sp=0x0000000c012fe578 mode 0
Event: 2.805 Thread 0x00000181c6f43b30 DEOPT PACKING pc=0x00000181abdaa5a2 sp=0x0000000c012ff0d0
Event: 2.805 Thread 0x00000181c6f43b30 DEOPT UNPACKING pc=0x00000181ab4b2b43 sp=0x0000000c012fe578 mode 0
Event: 2.805 Thread 0x00000181c6f43b30 DEOPT PACKING pc=0x00000181abdaa5a2 sp=0x0000000c012ff0d0
Event: 2.805 Thread 0x00000181c6f43b30 DEOPT UNPACKING pc=0x00000181ab4b2b43 sp=0x0000000c012fe578 mode 0
Event: 2.805 Thread 0x00000181c6f43b30 DEOPT PACKING pc=0x00000181abdaa5a2 sp=0x0000000c012ff0d0
Event: 2.805 Thread 0x00000181c6f43b30 DEOPT UNPACKING pc=0x00000181ab4b2b43 sp=0x0000000c012fe578 mode 0
Event: 2.805 Thread 0x00000181c6f43b30 DEOPT PACKING pc=0x00000181abdaa5a2 sp=0x0000000c012ff0d0
Event: 2.805 Thread 0x00000181c6f43b30 DEOPT UNPACKING pc=0x00000181ab4b2b43 sp=0x0000000c012fe578 mode 0
Event: 2.806 Thread 0x00000181c6f43b30 DEOPT PACKING pc=0x00000181abdaa5a2 sp=0x0000000c012ff0d0
Event: 2.806 Thread 0x00000181c6f43b30 DEOPT UNPACKING pc=0x00000181ab4b2b43 sp=0x0000000c012fe578 mode 0
Event: 2.815 Thread 0x00000181c6f43b30 DEOPT PACKING pc=0x00000181abdabd1d sp=0x0000000c012fed70
Event: 2.815 Thread 0x00000181c6f43b30 DEOPT UNPACKING pc=0x00000181ab4b2b43 sp=0x0000000c012fe200 mode 0
Event: 2.820 Thread 0x00000181c6f43b30 DEOPT PACKING pc=0x00000181abdabd1d sp=0x0000000c012fee00
Event: 2.820 Thread 0x00000181c6f43b30 DEOPT UNPACKING pc=0x00000181ab4b2b43 sp=0x0000000c012fe290 mode 0
Event: 2.842 Thread 0x00000181c6f43b30 DEOPT PACKING pc=0x00000181abdad957 sp=0x0000000c012ff190
Event: 2.842 Thread 0x00000181c6f43b30 DEOPT UNPACKING pc=0x00000181ab4b2b43 sp=0x0000000c012fe638 mode 0

Classes unloaded (0 events):
No events

Classes redefined (0 events):
No events

Internal exceptions (14 events):
Event: 0.055 Thread 0x00000181c6f44000 Exception <a 'java/lang/ClassNotFoundException'{0x0000000718a2b390}: sun/awt/resources/spi/awtProvider> (0x0000000718a2b390) 
thrown [s\src\hotspot\share\classfile\systemDictionary.cpp, line 256]
Event: 0.074 Thread 0x00000181c6f44000 Exception <a 'java/io/FileNotFoundException'{0x0000000718b65908}> (0x0000000718b65908) 
thrown [s\src\hotspot\share\prims\jni.cpp, line 516]
Event: 0.079 Thread 0x00000181c6f44000 Exception <a 'java/io/FileNotFoundException'{0x0000000718b92860}> (0x0000000718b92860) 
thrown [s\src\hotspot\share\prims\jni.cpp, line 516]
Event: 0.093 Thread 0x00000181c6f44000 Exception <a 'java/lang/NoSuchMethodError'{0x0000000718bc82f0}: 'java.lang.Object java.lang.invoke.DirectMethodHandle$Holder.invokeStaticInit(java.lang.Object)'> (0x0000000718bc82f0) 
thrown [s\src\hotspot\share\interpreter\linkResolver.cpp, line 759]
Event: 0.271 Thread 0x00000181c6f44000 Exception <a 'java/lang/NoSuchMethodError'{0x0000000718766b80}: 'void java.lang.invoke.DirectMethodHandle$Holder.invokeSpecial(java.lang.Object, java.lang.Object, java.lang.Object)'> (0x0000000718766b80) 
thrown [s\src\hotspot\share\interpreter\linkResolver.cpp, line 759]
Event: 0.277 Thread 0x00000181c6f44000 Exception <a 'java/lang/NoSuchMethodError'{0x0000000718790e18}: 'java.lang.Object java.lang.invoke.DirectMethodHandle$Holder.newInvokeSpecial(java.lang.Object, java.lang.Object, java.lang.Object, java.lang.Object, java.lang.Object)'> (0x0000000718790e18) 
thrown [s\src\hotspot\share\interpreter\linkResolver.cpp, line 759]
Event: 0.278 Thread 0x00000181c6f44000 Exception <a 'java/lang/NoSuchMethodError'{0x000000071879c7e0}: 'java.lang.Object java.lang.invoke.DirectMethodHandle$Holder.invokeStatic(java.lang.Object, int, java.lang.Object, java.lang.Object, java.lang.Object, java.lang.Object)'> (0x000000071879c7e0) 
thrown [s\src\hotspot\share\interpreter\linkResolver.cpp, line 759]
Event: 0.281 Thread 0x00000181c6f44000 Exception <a 'java/lang/NoSuchMethodError'{0x00000007187c1f00}: 'java.lang.Object java.lang.invoke.DirectMethodHandle$Holder.invokeStatic(java.lang.Object, int, java.lang.Object)'> (0x00000007187c1f00) 
thrown [s\src\hotspot\share\interpreter\linkResolver.cpp, line 759]
Event: 0.299 Thread 0x00000181c6f44000 Exception <a 'java/lang/ClassNotFoundException'{0x000000071847a0f0}: com/sun/swing/internal/plaf/metal/resources/spi/metalProvider> (0x000000071847a0f0) 
thrown [s\src\hotspot\share\classfile\systemDictionary.cpp, line 256]
Event: 0.300 Thread 0x00000181c6f44000 Exception <a 'java/lang/ClassNotFoundException'{0x000000071847df78}: com/sun/swing/internal/plaf/basic/resources/spi/basicProvider> (0x000000071847df78) 
thrown [s\src\hotspot\share\classfile\systemDictionary.cpp, line 256]
Event: 0.322 Thread 0x00000181c6f43190 Exception <a 'java/lang/NoSuchMethodError'{0x0000000718680998}: 'void java.lang.invoke.DirectMethodHandle$Holder.invokeVirtual(java.lang.Object, java.lang.Object)'> (0x0000000718680998) 
thrown [s\src\hotspot\share\interpreter\linkResolver.cpp, line 759]
Event: 0.333 Thread 0x00000181c6f44000 Exception <a 'java/lang/NoSuchMethodError'{0x00000007184bbfa0}: 'void java.lang.invoke.DirectMethodHandle$Holder.invokeStaticInit(java.lang.Object)'> (0x00000007184bbfa0) 
thrown [s\src\hotspot\share\interpreter\linkResolver.cpp, line 759]
Event: 2.717 Thread 0x00000181c6f45340 Implicit null exception at 0x00000181b3059655 to 0x00000181b3059778
Event: 2.717 Thread 0x00000181c6f45340 Implicit null exception at 0x00000181b305a056 to 0x00000181b305a154

VM Operations (14 events):
Event: 0.040 Executing VM operation: HandshakeAllThreads
Event: 0.040 Executing VM operation: HandshakeAllThreads done
Event: 0.299 Executing VM operation: HandshakeAllThreads
Event: 0.299 Executing VM operation: HandshakeAllThreads done
Event: 0.350 Executing VM operation: HandshakeAllThreads
Event: 0.350 Executing VM operation: HandshakeAllThreads done
Event: 0.377 Executing VM operation: HandshakeAllThreads
Event: 0.377 Executing VM operation: HandshakeAllThreads done
Event: 1.377 Executing VM operation: Cleanup
Event: 1.377 Executing VM operation: Cleanup done
Event: 2.106 Executing VM operation: G1CollectForAllocation
Event: 2.109 Executing VM operation: G1CollectForAllocation done
Event: 2.676 Executing VM operation: HandshakeAllThreads
Event: 2.676 Executing VM operation: HandshakeAllThreads done

Events (20 events):
Event: 2.028 loading class javax/swing/JComponent$IntVector done
Event: 2.028 loading class java/applet/Applet
Event: 2.028 loading class java/awt/Panel
Event: 2.028 loading class java/awt/Panel done
Event: 2.029 loading class java/applet/Applet done
Event: 2.029 loading class javax/swing/JInternalFrame
Event: 2.029 loading class javax/swing/JInternalFrame done
Event: 2.029 loading class javax/swing/KeyboardManager
Event: 2.029 loading class javax/swing/KeyboardManager done
Event: 2.029 loading class javax/swing/Popup$HeavyWeightWindow
Event: 2.029 loading class sun/awt/ModalExclude
Event: 2.029 loading class sun/awt/ModalExclude done
Event: 2.029 loading class javax/swing/JWindow
Event: 2.029 loading class javax/swing/JWindow done
Event: 2.029 loading class javax/swing/Popup$HeavyWeightWindow done
Event: 2.585 Thread 0x00000181c7a5bdc0 Thread exited: 0x00000181c7a5bdc0
Event: 2.711 loading class java/lang/Math$RandomNumberGeneratorHolder
Event: 2.711 loading class java/lang/Math$RandomNumberGeneratorHolder done
Event: 2.714 Thread 0x00000181c84557c0 Thread added: 0x00000181c84557c0
Event: 2.714 Thread 0x00000181c8455cd0 Thread added: 0x00000181c8455cd0


Dynamic libraries:
0x00007ff796dc0000 - 0x00007ff796dce000 	C:\Users\aadiu\AppData\Local\Programs\Eclipse Adoptium\jdk-17.0.4.101-hotspot\bin\java.exe
0x00007ffb36970000 - 0x00007ffb36b68000 	C:\Windows\SYSTEM32\ntdll.dll
0x00007ffb352a0000 - 0x00007ffb3535f000 	C:\Windows\System32\KERNEL32.DLL
0x00007ffb34310000 - 0x00007ffb345e2000 	C:\Windows\System32\KERNELBASE.dll
0x00007ffb34110000 - 0x00007ffb34210000 	C:\Windows\System32\ucrtbase.dll
0x00007ffb1b800000 - 0x00007ffb1b818000 	C:\Users\aadiu\AppData\Local\Programs\Eclipse Adoptium\jdk-17.0.4.101-hotspot\bin\jli.dll
0x00007ffb1cbe0000 - 0x00007ffb1cbf9000 	C:\Users\aadiu\AppData\Local\Programs\Eclipse Adoptium\jdk-17.0.4.101-hotspot\bin\VCRUNTIME140.dll
0x00007ffb35530000 - 0x00007ffb356cd000 	C:\Windows\System32\USER32.dll
0x00007ffb20b10000 - 0x00007ffb20daa000 	C:\Windows\WinSxS\amd64_microsoft.windows.common-controls_6595b64144ccf1df_6.0.19041.1110_none_60b5254171f9507e\COMCTL32.dll
0x00007ffb34720000 - 0x00007ffb34742000 	C:\Windows\System32\win32u.dll
0x00007ffb35f00000 - 0x00007ffb35f9e000 	C:\Windows\System32\msvcrt.dll
0x00007ffb35fa0000 - 0x00007ffb35fcb000 	C:\Windows\System32\GDI32.dll
0x00007ffb34750000 - 0x00007ffb3485f000 	C:\Windows\System32\gdi32full.dll
0x00007ffb345f0000 - 0x00007ffb3468d000 	C:\Windows\System32\msvcp_win.dll
0x00007ffb356f0000 - 0x00007ffb35722000 	C:\Windows\System32\IMM32.DLL
0x00007ffb25ee0000 - 0x00007ffb25eec000 	C:\Users\aadiu\AppData\Local\Programs\Eclipse Adoptium\jdk-17.0.4.101-hotspot\bin\vcruntime140_1.dll
0x00007ffb0acc0000 - 0x00007ffb0ad51000 	C:\Users\aadiu\AppData\Local\Programs\Eclipse Adoptium\jdk-17.0.4.101-hotspot\bin\msvcp140.dll
0x00007ffab94f0000 - 0x00007ffaba136000 	C:\Users\aadiu\AppData\Local\Programs\Eclipse Adoptium\jdk-17.0.4.101-hotspot\bin\server\jvm.dll
0x00007ffb34ec0000 - 0x00007ffb34f6e000 	C:\Windows\System32\ADVAPI32.dll
0x00007ffb35e60000 - 0x00007ffb35efc000 	C:\Windows\System32\sechost.dll
0x00007ffb35ba0000 - 0x00007ffb35cc5000 	C:\Windows\System32\RPCRT4.dll
0x00007ffb34eb0000 - 0x00007ffb34eb8000 	C:\Windows\System32\PSAPI.DLL
0x00007ffb1d990000 - 0x00007ffb1d999000 	C:\Windows\SYSTEM32\WSOCK32.dll
0x00007ffb31d40000 - 0x00007ffb31d67000 	C:\Windows\SYSTEM32\WINMM.dll
0x00007ffb2d720000 - 0x00007ffb2d72a000 	C:\Windows\SYSTEM32\VERSION.dll
0x00007ffb35160000 - 0x00007ffb351cb000 	C:\Windows\System32\WS2_32.dll
0x00007ffb31fa0000 - 0x00007ffb31fb2000 	C:\Windows\SYSTEM32\kernel.appcore.dll
0x00007ffb25e20000 - 0x00007ffb25e2a000 	C:\Users\aadiu\AppData\Local\Programs\Eclipse Adoptium\jdk-17.0.4.101-hotspot\bin\jimage.dll
0x00007ffb31b50000 - 0x00007ffb31d34000 	C:\Windows\SYSTEM32\DBGHELP.DLL
0x00007ffb31b20000 - 0x00007ffb31b4c000 	C:\Windows\SYSTEM32\dbgcore.DLL
0x00007ffb34690000 - 0x00007ffb34712000 	C:\Windows\System32\bcryptPrimitives.dll
0x00007ffb182c0000 - 0x00007ffb182e5000 	C:\Users\aadiu\AppData\Local\Programs\Eclipse Adoptium\jdk-17.0.4.101-hotspot\bin\java.dll
0x00007ffafa4c0000 - 0x00007ffafa596000 	C:\Users\aadiu\AppData\Local\Programs\Eclipse Adoptium\jdk-17.0.4.101-hotspot\bin\jsvml.dll
0x00007ffb35fd0000 - 0x00007ffb36713000 	C:\Windows\System32\SHELL32.dll
0x00007ffb32130000 - 0x00007ffb328c2000 	C:\Windows\SYSTEM32\windows.storage.dll
0x00007ffb34ad0000 - 0x00007ffb34e24000 	C:\Windows\System32\combase.dll
0x00007ffb33a60000 - 0x00007ffb33a90000 	C:\Windows\SYSTEM32\Wldp.dll
0x00007ffb349c0000 - 0x00007ffb34a6d000 	C:\Windows\System32\SHCORE.dll
0x00007ffb35020000 - 0x00007ffb35075000 	C:\Windows\System32\shlwapi.dll
0x00007ffb33fb0000 - 0x00007ffb33fcf000 	C:\Windows\SYSTEM32\profapi.dll
0x00007ffaf7000000 - 0x00007ffaf718e000 	C:\Users\aadiu\AppData\Local\Programs\Eclipse Adoptium\jdk-17.0.4.101-hotspot\bin\awt.dll
0x00007ffb351d0000 - 0x00007ffb3529d000 	C:\Windows\System32\OLEAUT32.dll
0x00007ffb31300000 - 0x00007ffb31391000 	C:\Windows\SYSTEM32\apphelp.dll
0x00007ffb17aa0000 - 0x00007ffb17ab8000 	C:\Users\aadiu\AppData\Local\Programs\Eclipse Adoptium\jdk-17.0.4.101-hotspot\bin\zip.dll
0x00007ffb31410000 - 0x00007ffb314ae000 	C:\Windows\system32\uxtheme.dll
0x00007ffb353f0000 - 0x00007ffb35505000 	C:\Windows\System32\MSCTF.dll
0x00007ffb35cd0000 - 0x00007ffb35dfa000 	C:\Windows\System32\ole32.dll
0x00007ffb31590000 - 0x00007ffb315bf000 	C:\Windows\system32\DWMAPI.DLL
0x00007ffadadb0000 - 0x00007ffadaed5000 	C:\Windows\system32\opengl32.dll
0x00007ffada100000 - 0x00007ffada12c000 	C:\Windows\SYSTEM32\GLU32.dll
0x00007ffb269b0000 - 0x00007ffb26b7f000 	C:\Windows\system32\d3d9.dll
0x00007ffb28d70000 - 0x00007ffb28f28000 	C:\Windows\System32\DriverStore\FileRepository\u0370468.inf_amd64_5e4260b11257b6e9\B370372\aticfx64.dll
0x00007ffb13650000 - 0x00007ffb13684000 	C:\Windows\System32\DriverStore\FileRepository\u0370468.inf_amd64_5e4260b11257b6e9\B370372\atiu9p64.dll
0x00007ffab8790000 - 0x00007ffab94e4000 	C:\Windows\System32\DriverStore\FileRepository\u0370468.inf_amd64_5e4260b11257b6e9\B370372\atiumd64.dll
0x000000006c4b0000 - 0x000000006d324000 	C:\Windows\System32\DriverStore\FileRepository\u0370468.inf_amd64_5e4260b11257b6e9\B370372\atiumd6a.dll
0x00007ffb35730000 - 0x00007ffb35b98000 	C:\Windows\System32\SETUPAPI.dll
0x00007ffb34210000 - 0x00007ffb3425e000 	C:\Windows\System32\cfgmgr32.dll
0x00007ffb33e30000 - 0x00007ffb33e7b000 	C:\Windows\SYSTEM32\POWRPROF.dll
0x00007ffb34070000 - 0x00007ffb34097000 	C:\Windows\System32\bcrypt.dll
0x00007ffb33e10000 - 0x00007ffb33e22000 	C:\Windows\SYSTEM32\UMPDC.dll
0x00007ffb29180000 - 0x00007ffb291b0000 	C:\Windows\SYSTEM32\amdihk64.dll
0x00007ffb29960000 - 0x00007ffb2999b000 	C:\Windows\SYSTEM32\dxcore.dll
0x00007ffaf9990000 - 0x00007ffaf9a16000 	C:\Users\aadiu\AppData\Local\Programs\Eclipse Adoptium\jdk-17.0.4.101-hotspot\bin\freetype.dll
0x00007ffaf93d0000 - 0x00007ffaf9478000 	C:\Users\aadiu\AppData\Local\Programs\Eclipse Adoptium\jdk-17.0.4.101-hotspot\bin\fontmanager.dll
0x00007ffb28f30000 - 0x00007ffb29029000 	C:\Windows\SYSTEM32\textinputframework.dll
0x00007ffb30e70000 - 0x00007ffb311ce000 	C:\Windows\System32\CoreUIComponents.dll
0x00007ffb309d0000 - 0x00007ffb30ac2000 	C:\Windows\System32\CoreMessaging.dll
0x00007ffb33190000 - 0x00007ffb331c3000 	C:\Windows\SYSTEM32\ntmarta.dll
0x00007ffb30200000 - 0x00007ffb30354000 	C:\Windows\SYSTEM32\wintypes.dll

dbghelp: loaded successfully - version: 4.0.5 - missing functions: none
symbol engine: initialized successfully - sym options: 0x614 - pdb path: .;C:\Users\aadiu\AppData\Local\Programs\Eclipse Adoptium\jdk-17.0.4.101-hotspot\bin;C:\Windows\SYSTEM32;C:\Windows\WinSxS\amd64_microsoft.windows.common-controls_6595b64144ccf1df_6.0.19041.1110_none_60b5254171f9507e;C:\Users\aadiu\AppData\Local\Programs\Eclipse Adoptium\jdk-17.0.4.101-hotspot\bin\server;C:\Windows\System32\DriverStore\FileRepository\u0370468.inf_amd64_5e4260b11257b6e9\B370372

VM Arguments:
jvm_args: -XX:+ShowCodeDetailsInExceptionMessages 
java_command: summit.Main
java_class_path (initial): C:\Users\aadiu\AppData\Roaming\Code\User\workspaceStorage\929b6f7fce9865a60d0bbe8b6a275a21\redhat.java\jdt_ws\Summit Game_948de7c9\bin
Launcher Type: SUN_STANDARD

[Global flags]
     intx CICompilerCount                          = 12                                        {product} {ergonomic}
     uint ConcGCThreads                            = 3                                         {product} {ergonomic}
     uint G1ConcRefinementThreads                  = 13                                        {product} {ergonomic}
   size_t G1HeapRegionSize                         = 2097152                                   {product} {ergonomic}
    uintx GCDrainStackTargetSize                   = 64                                        {product} {ergonomic}
   size_t InitialHeapSize                          = 260046848                                 {product} {ergonomic}
   size_t MarkStackSize                            = 4194304                                   {product} {ergonomic}
   size_t MaxHeapSize                              = 4137680896                                {product} {ergonomic}
   size_t MaxNewSize                               = 2480930816                                {product} {ergonomic}
   size_t MinHeapDeltaBytes                        = 2097152                                   {product} {ergonomic}
   size_t MinHeapSize                              = 8388608                                   {product} {ergonomic}
    uintx NonNMethodCodeHeapSize                   = 7602480                                {pd product} {ergonomic}
    uintx NonProfiledCodeHeapSize                  = 122027880                              {pd product} {ergonomic}
    uintx ProfiledCodeHeapSize                     = 122027880                              {pd product} {ergonomic}
    uintx ReservedCodeCacheSize                    = 251658240                              {pd product} {ergonomic}
     bool SegmentedCodeCache                       = true                                      {product} {ergonomic}
     bool ShowCodeDetailsInExceptionMessages       = true                                   {manageable} {command line}
   size_t SoftMaxHeapSize                          = 4137680896                             {manageable} {ergonomic}
     bool UseCompressedClassPointers               = true                           {product lp64_product} {ergonomic}
     bool UseCompressedOops                        = true                           {product lp64_product} {ergonomic}
     bool UseG1GC                                  = true                                      {product} {ergonomic}
     bool UseLargePagesIndividualAllocation        = false                                  {pd product} {ergonomic}

Logging:
Log output configuration:
 #0: stdout all=warning uptime,level,tags
 #1: stderr all=off uptime,level,tags

Environment Variables:
JAVA_HOME=C:\Users\aadiu\AppData\Local\Programs\Eclipse Adoptium\jdk-17.0.4.101-hotspot\
PATH=C:\Program Files (x86)\Razer Chroma SDK\bin;C:\Program Files\Razer Chroma SDK\bin;C:\Program Files (x86)\Razer\ChromaBroadcast\bin;C:\Program Files\Razer\ChromaBroadcast\bin;C:\Program Files (x86)\Common Files\Oracle\Java\javapath;C:\Program Files\Python38\Scripts\;C:\Program Files\Python38\;C:\Windows\system32;C:\Windows;C:\Windows\System32\Wbem;C:\Windows\System32\WindowsPowerShell\v1.0\;C:\Windows\System32\OpenSSH\;C:\Program Files (x86)\NVIDIA Corporation\PhysX\Common;C:\Program Files\NVIDIA Corporation\NVIDIA NvDLISR;C:\Users\aadiu\AppData\Local\Microsoft\WindowsApps;C:\Users\aadiu\AppData\Local\Programs\Microsoft VS Code\bin;C:\Windows\system32\config\systemprofile\AppData\Local\Microsoft\WindowsApps;C:\Program Files\dotnet\;C:\Program Files\Git\cmd;C:\MinGW\bin\;C:\Program Files (x86)\Windows Kits\10\Windows Performance Toolkit\;C:\Users\aadiu\AppData\Local\Programs\Eclipse Adoptium\jdk-17.0.4.101-hotspot\bin;C:\Users\aadiu\AppData\Local\Microsoft\WindowsApps;C:\Users\aadiu\AppData\Local\Programs\Microsoft VS Code\bin;C:\Users\aadiu\AppData\Local\GitHubDesktop\bin
USERNAME=aadiu
LANG=en_US.UTF-8
OS=Windows_NT
PROCESSOR_IDENTIFIER=AMD64 Family 25 Model 80 Stepping 0, AuthenticAMD
TMP=C:\Users\aadiu\AppData\Local\Temp
TEMP=C:\Users\aadiu\AppData\Local\Temp



---------------  S Y S T E M  ---------------

OS:
 Windows 10 , 64 bit Build 19041 (10.0.19041.2251)
OS uptime: 2 days 8:09 hours

CPU: total 16 (initial active 16) (16 cores per cpu, 2 threads per core) family 25 model 80 stepping 0 microcode 0x0, cx8, cmov, fxsr, ht, mmx, 3dnowpref, sse, sse2, sse3, ssse3, sse4a, sse4.1, sse4.2, popcnt, lzcnt, tsc, tscinvbit, avx, avx2, aes, erms, clmul, bmi1, bmi2, adx, sha, fma, vzeroupper, clflush, clflushopt

Memory: 4k page, system-wide physical 15776M (8164M free)
TotalPageFile size 20128M (AvailPageFile size 9181M)
current process WorkingSet (physical memory assigned to process): 120M, peak: 121M
current process commit charge ("private bytes"): 430M, peak: 431M

vm_info: OpenJDK 64-Bit Server VM (17.0.4.1+1) for windows-amd64 JRE (17.0.4.1+1), built on Aug 17 2022 07:42:43 by "temurin" with MS VC++ 16.7 (VS2019)

END.
