#
# A fatal error has been detected by the Java Runtime Environment:
#
#  EXCEPTION_ACCESS_VIOLATION (0xc0000005) at pc=0x0000020859228020, pid=15224, tid=3568
#
# JRE version: OpenJDK Runtime Environment Temurin-17.0.2+8 (17.0.2+8) (build 17.0.2+8)
# Java VM: OpenJDK 64-Bit Server VM Temurin-17.0.2+8 (17.0.2+8, mixed mode, sharing, tiered, compressed oops, compressed class ptrs, g1 gc, windows-amd64)
# Problematic frame:
# J 1135% c2 summit.gfx.Renderer.render(Ljava/lang/String;FFILsummit/gfx/ColorFilter;)V (287 bytes) @ 0x0000020859228020 [0x0000020859227e20+0x0000000000000200]
#
# No core dump will be written. Minidumps are not enabled by default on client versions of Windows
#
# If you would like to submit a bug report, please visit:
#   https://github.com/adoptium/adoptium-support/issues
#

---------------  S U M M A R Y ------------

Command Line: -XX:+ShowCodeDetailsInExceptionMessages summit.Main

Host: AMD Ryzen 9 5900HS with Radeon Graphics        , 16 cores, 15G,  Windows 10 , 64 bit Build 19041 (10.0.19041.2251)
Time: Mon Nov 14 19:42:34 2022 Central Standard Time elapsed time: 1.174298 seconds (0d 0h 0m 1s)

---------------  T H R E A D  ---------------

Current thread (0x000002086ed85fc0):  JavaThread "graphicsthread" [_thread_in_Java, id=3568, stack(0x000000a269e00000,0x000000a269f00000)]

Stack: [0x000000a269e00000,0x000000a269f00000],  sp=0x000000a269efed90,  free space=1019k
Native frames: (J=compiled Java code, j=interpreted, Vv=VM code, C=native code)
C  0x0000020859228020


siginfo: EXCEPTION_ACCESS_VIOLATION (0xc0000005), reading address 0x0000000b176414d4


Register to memory mapping:

RIP=0x0000020859228020 is at entry_point+512 in (nmethod*)0x0000020859227c90
RAX=0x00000000ffffffff is an unknown value
RBX=0x000000000000000f is an unknown value
RCX=0x0 is NULL
RDX=0x0 is NULL
RSP=0x000000a269efed90 is pointing into the stack for thread: 0x000002086ed85fc0
RBP=3807150745 is a compressed pointer to object: [[I 
{0x00000007176414c8} - klass: {type array int}[]
 - length: 144
RSI=0x0000000718ddd208 is an oop: [[I 
{0x0000000718ddd208} - klass: {type array int}[]
 - length: 16
RDI=0x00000000fffffff0 is an unknown value
R8 =0x0000000000000090 is an unknown value
R9 =0x000000071763cca0 is an oop: summit.gfx.Renderer 
{0x000000071763cca0} - klass: 'summit/gfx/Renderer'
 - ---- fields (total size 2 words):
 - private 'frame' '[[I' @12  a {type array int}[144] {0x00000007176414c8} (e2ec8299)
R10=0x0000000000000100 is an unknown value
R11=0x00000007176414c8 is an oop: [[I 
{0x00000007176414c8} - klass: {type array int}[]
 - length: 144
R12=0x0 is NULL
R13=0x000000071763cca0 is an oop: summit.gfx.Renderer 
{0x000000071763cca0} - klass: 'summit/gfx/Renderer'
 - ---- fields (total size 2 words):
 - private 'frame' '[[I' @12  a {type array int}[144] {0x00000007176414c8} (e2ec8299)
R14=0x0000000000000078 is an unknown value
R15=0x000002086ed85fc0 is a thread


Registers:
RAX=0x00000000ffffffff, RBX=0x000000000000000f, RCX=0x0000000000000000, RDX=0x0000000000000000
RSP=0x000000a269efed90, RBP=0x00000000e2ec8299, RSI=0x0000000718ddd208, RDI=0x00000000fffffff0
R8 =0x0000000000000090, R9 =0x000000071763cca0, R10=0x0000000000000100, R11=0x00000007176414c8
R12=0x0000000000000000, R13=0x000000071763cca0, R14=0x0000000000000078, R15=0x000002086ed85fc0
RIP=0x0000020859228020, EFLAGS=0x0000000000010206

Top of Stack: (sp=0x000000a269efed90)
0x000000a269efed90:   0000000000000088 0000000000000000
0x000000a269efeda0:   00000000fffffff0 0000000000000078
0x000000a269efedb0:   00000010fffffff0 0000000000000000
0x000000a269efedc0:   0000020800000003 00000007c1000000
0x000000a269efedd0:   000000a243000000 000000071761a800
0x000000a269efede0:   000000a269efefc0 0000020851efc714
0x000000a269efedf0:   003b46b4b3b07779 0000020851efcae0
0x000000a269efee00:   000002086e21f6d0 0000000000000202
0x000000a269efee10:   000000a269efefc0 0000020851f04284
0x000000a269efee20:   01d8f89388efbad4 000000071763cca0
0x000000a269efee30:   000000071761a800 0000000700000003
0x000000a269efee40:   0000000000000000 0000000800c0eb68
0x000000a269efee50:   000000a269efefc0 0000020851efce6c
0x000000a269efee60:   ffffffffffffffff 000002086e202b30
0x000000a269efee70:   000000a269efeec0 000002086e215bf0
0x000000a269efee80:   000002086e222260 00000007175c7b80 

Instructions: (pc=0x0000020859228020)
0x0000020859227f20:   83 33 02 00 00 45 8b 44 ec 10 43 8b 4c c4 0c 44
0x0000020859227f30:   3b d1 0f 83 7e 01 00 00 45 8b 44 dc 0c 41 3b d0
0x0000020859227f40:   0f 83 4e 02 00 00 41 8b 4c 93 10 83 f9 ff 0f 84
0x0000020859227f50:   58 01 00 00 43 8b 54 cc 0c 44 3b d2 0f 83 4a 02
0x0000020859227f60:   00 00 42 89 4c 97 10 45 33 ed 44 8b 46 10 43 8b
0x0000020859227f70:   4c c4 0c 41 03 ce 49 8b 97 48 03 00 00 45 8b c2
0x0000020859227f80:   41 ff c0 85 02 44 3b c1 7c 86 8b d8 8b 7c 24 20
0x0000020859227f90:   c4 c1 f9 7e c1 c4 e1 f9 7e c9 c5 f9 7e da c4 c1
0x0000020859227fa0:   79 7e e3 c5 f9 7e e8 4d 8b 97 48 03 00 00 ff c3
0x0000020859227fb0:   41 85 02 3b da 0f 8d 05 01 00 00 44 8b 46 10 47
0x0000020859227fc0:   8b 54 c4 0c 44 89 54 24 24 45 8b c2 45 03 c6 45
0x0000020859227fd0:   3b f0 0f 8d fb 00 00 00 45 85 d2 0f 86 e7 01 00
0x0000020859227fe0:   00 41 8b 69 0c 45 8b 44 ec 0c 45 85 c0 0f 86 da
0x0000020859227ff0:   01 00 00 45 8b 54 ec 10 47 8b 54 d4 0c c5 f9 6e
0x0000020859228000:   e8 c4 c1 79 6e e3 c5 f9 6e da c4 e1 f9 6e c9 c4
0x0000020859228010:   c1 f9 6e c1 89 7c 24 20 8b c3 2b df 4d 8d 1c ec
0x0000020859228020:   45 8b 4c 83 10 41 3b c0 0f 83 b4 00 00 00 45 3b
0x0000020859228030:   f2 0f 83 ab 00 00 00 44 8b 5c 9e 10 47 8b 54 dc
0x0000020859228040:   0c 45 85 d2 0f 86 8e 01 00 00 43 8b 4c dc 10 83
0x0000020859228050:   f9 ff 0f 84 83 00 00 00 47 8b 5c cc 0c 45 3b f3
0x0000020859228060:   0f 83 49 01 00 00 4f 8d 14 cc 43 89 4c b2 10 45
0x0000020859228070:   33 ed 44 8b 56 10 47 8b 54 d4 0c 45 03 d6 c4 c1
0x0000020859228080:   79 7e e3 45 3b da 0f 8d fe fe ff ff 41 3b c0 73
0x0000020859228090:   56 8b 5c 9e 10 4b 8d 3c cc 4d 8d 1c dc c4 c1 79
0x00000208592280a0:   7e e2 ba 01 00 00 00 e9 6f fe ff ff c4 c1 f9 7e
0x00000208592280b0:   cd e9 b4 fe ff ff c4 c1 f9 7e cd e9 aa fe ff ff
0x00000208592280c0:   48 83 c4 50 5d 49 3b a7 40 03 00 00 0f 87 ae 01
0x00000208592280d0:   00 00 c3 4c 8b e9 e9 cc fe ff ff c4 c1 f9 7e cd
0x00000208592280e0:   eb 90 4c 8b e9 eb 8b 45 8b d3 41 bb 01 00 00 00
0x00000208592280f0:   eb 1a 0f 1f 80 00 00 00 00 0f 1f 80 00 00 00 00
0x0000020859228100:   45 2b d6 45 8b da 41 ff c3 45 8b d1 44 3b 5c 24
0x0000020859228110:   24 73 45 45 3b 64 ec 10 0f 84 c0 00 00 00 44 8b 


Stack slot to memory mapping:
stack at sp + 0 slots: 0x0000000000000088 is an unknown value
stack at sp + 1 slots: 0x0 is NULL
stack at sp + 2 slots: 0x00000000fffffff0 is an unknown value
stack at sp + 3 slots: 0x0000000000000078 is an unknown value
stack at sp + 4 slots: 0x00000010fffffff0 is an unknown value
stack at sp + 5 slots: 0x0 is NULL
stack at sp + 6 slots: 0x0000020800000003 is an unknown value
stack at sp + 7 slots: 0x00000007c1000000 is an unallocated location in the heap

--------------------------------------------------------------------------------
[Constant Pool (empty)]

--------------------------------------------------------------------------------

[MachCode]
  0x0000020859227e20: cc0f 1f84 | 0000 0000 | 000f 1f80 | 0000 0000 | 8984 2400 | 90ff ff55 | 4883 ec50 | 4c8b 6a50 
  0x0000020859227e40: 488b 6a28 | 8b5a 0848 | 8b72 2044 | 8b72 188b | 7a10 488b | ca49 bae0 | bd52 bffa | 7f00 0041 
  0x0000020859227e60: ffd2 4d85 | ed0f 84de | 0200 0045 | 8b55 0841 | 81fa 70b5 | c000 0f85 | 9403 0000 | 4d8b cd48 
  0x0000020859227e80: 85ed 0f84 | c902 0000 | 448b 5d08 | 4181 fbd8 | d6c0 000f | 8577 0300 | 0048 8bcd | 448b 5608 
  0x0000020859227ea0: 4181 fa08 | 6d00 000f | 8563 0300 | 008b 560c | 85d2 0f86 | 3203 0000 | 4c63 c244 | 8bdf 41f7 
  0x0000020859227ec0: db4c 63d3 | 4d63 db4d | 03d3 4d3b | d00f 8317 | 0300 0003 | d74c 63d2 | 4d03 d349 | ffca 4d3b 
  0x0000020859227ee0: d00f 8303 | 0300 004d | 85c9 0f84 | fa02 0000 | 4885 c90f | 85f1 0200 | 0045 8bde | 41ff c333 
  0x0000020859227f00: c0e9 b500 | 0000 6666 | 0f1f 8400 | 0000 0000 | 452b d641 | 8bd2 ffc2 | 458b d03b | 5424 240f 
  0x0000020859227f20: 8333 0200 | 0045 8b44 | ec10 438b | 4cc4 0c44 | 3bd1 0f83 | 7e01 0000 | 458b 44dc | 0c41 3bd0 
  0x0000020859227f40: 0f83 4e02 | 0000 418b | 4c93 1083 | f9ff 0f84 | 5801 0000 | 438b 54cc | 0c44 3bd2 | 0f83 4a02 
  0x0000020859227f60: 0000 4289 | 4c97 1045 | 33ed 448b | 4610 438b | 4cc4 0c41 | 03ce 498b | 9748 0300 | 0045 8bc2 
  0x0000020859227f80: 41ff c085 | 0244 3bc1 | 7c86 8bd8 | 8b7c 2420 | c4c1 f97e | c1c4 e1f9 | 7ec9 c5f9 | 7eda c4c1 
  0x0000020859227fa0: 797e e3c5 | f97e e84d | 8b97 4803 | 0000 ffc3 | 4185 023b | da0f 8d05 | 0100 0044 | 8b46 1047 
  0x0000020859227fc0: 8b54 c40c | 4489 5424 | 2445 8bc2 | 4503 c645 | 3bf0 0f8d | fb00 0000 | 4585 d20f | 86e7 0100 
  0x0000020859227fe0: 0041 8b69 | 0c45 8b44 | ec0c 4585 | c00f 86da | 0100 0045 | 8b54 ec10 | 478b 54d4 | 0cc5 f96e 
  0x0000020859228000: e8c4 c179 | 6ee3 c5f9 | 6eda c4e1 | f96e c9c4 | c1f9 6ec1 | 897c 2420 | 8bc3 2bdf | 4d8d 1cec 
  0x0000020859228020: 458b 4c83 | 1041 3bc0 | 0f83 b400 | 0000 453b | f20f 83ab | 0000 0044 | 8b5c 9e10 | 478b 54dc 
  0x0000020859228040: 0c45 85d2 | 0f86 8e01 | 0000 438b | 4cdc 1083 | f9ff 0f84 | 8300 0000 | 478b 5ccc | 0c45 3bf3 
  0x0000020859228060: 0f83 4901 | 0000 4f8d | 14cc 4389 | 4cb2 1045 | 33ed 448b | 5610 478b | 54d4 0c45 | 03d6 c4c1 
  0x0000020859228080: 797e e345 | 3bda 0f8d | fefe ffff | 413b c073 | 568b 5c9e | 104b 8d3c | cc4d 8d1c | dcc4 c179 
  0x00000208592280a0: 7ee2 ba01 | 0000 00e9 | 6ffe ffff | c4c1 f97e | cde9 b4fe | ffff c4c1 | f97e cde9 | aafe ffff 
  0x00000208592280c0: 4883 c450 | 5d49 3ba7 | 4003 0000 | 0f87 ae01 | 0000 c34c | 8be9 e9cc | feff ffc4 | c1f9 7ecd 
  0x00000208592280e0: eb90 4c8b | e9eb 8b45 | 8bd3 41bb | 0100 0000 | eb1a 0f1f | 8000 0000 | 000f 1f80 | 0000 0000 
  0x0000020859228100: 452b d645 | 8bda 41ff | c345 8bd1 | 443b 5c24 | 2473 4545 | 3b64 ec10 | 0f84 c000 | 0000 448b 
  0x0000020859228120: 5e10 478b | 5cdc 0c45 | 03de 4d8b | 8748 0300 | 0045 8bca | 41ff c141 | 8500 453b | cb7c c1c4 
  0x0000020859228140: c1f9 7ecd | e941 feff | ff45 33c9 | e92e fdff | ff33 c9e9 | 44fd ffff | 8bd8 8b7c | 2420 c4c1 
  0x0000020859228160: f97e c1c4 | e1f9 7ec9 | ba45 ffff | ff49 8be9 | 4889 4c24 | 2048 8974 | 2428 4489 | 7424 3089 
  0x0000020859228180: 7c24 3489 | 5c24 3844 | 8954 243c | 6666 90e8 | 6ca1 44f8 | c5f9 6eea | bae6 ffff | ff49 8beb 
  0x00000208592281a0: c5fa 116c | 2420 90e8 | 54a1 44f8 | 458b f2ba | e6ff ffff | 418b e944 | 8974 2420 | 894c 2424 
  0x00000208592281c0: 6666 90e8 | 38a1 44f8 | 458b d6eb | 9bba e6ff | ffff 90e8 | 28a1 44f8 | 49c1 e303 | ebba baf6 
  0x00000208592281e0: ffff ffe8 | 18a1 44f8 | 33f6 babe | ffff ff49 | 8be9 4889 | 4c24 2048 | 8974 2428 | 4489 7424 
  0x0000020859228200: 3089 7c24 | 3489 5c24 | 3866 90e8 | f0a0 44f8 | ba8d ffff | ff48 8974 | 2420 4489 | 7424 2889 
  0x0000020859228220: 7c24 2c89 | 5c24 304c | 896c 2438 | 6666 90e8 | cca0 44f8 | baf6 ffff | ff66 90e8 | c0a0 44f8 
  0x0000020859228240: c5f9 6eea | baf6 ffff | ffc5 f97e | ed66 90e8 | aca0 44f8 | 458b f2ba | f6ff ffff | 418b ee89 
  0x0000020859228260: 4c24 20e8 | 98a0 44f8 | baf6 ffff | ff66 90e8 | 8ca0 44f8 | baf6 ffff | ff66 90e8 | 80a0 44f8 
  0x0000020859228280: 49ba c580 | 2259 0802 | 0000 4d89 | 9758 0300 | 00e9 6ab1 | 44f8 f4f4 | f4f4 f4f4 | f4f4 f4f4 
  0x00000208592282a0: e9db c24e | f8e8 0000 | 0000 4883 | 2c24 05e9 | eca3 44f8 | f4f4 f4f4 
[/MachCode]
--------------------------------------------------------------------------------


---------------  P R O C E S S  ---------------

Threads class SMR info:
_java_thread_list=0x000002086edf1be0, length=26, elements={
0x000002086d8bf880, 0x000002086d8c1500, 0x000002086d8d6c10, 0x000002086d8d89d0,
0x000002086d8d9380, 0x000002086d8d9d30, 0x000002086d8ddfd0, 0x000002086d8dea70,
0x000002086d8f1c30, 0x000002086e509f30, 0x000002086e510460, 0x000002086e52fa10,
0x000002086e53e760, 0x000002084838f7b0, 0x000002086e70df30, 0x000002086e735d50,
0x000002086e736220, 0x000002086ed66450, 0x000002086ed85fc0, 0x000002086ed87350,
0x000002086ed89030, 0x000002086edde630, 0x000002086edf2280, 0x000002086edf2790,
0x000002086edf0660, 0x000002086ed88b60
}

Java Threads: ( => current thread )
  0x000002086d8bf880 JavaThread "Reference Handler" daemon [_thread_blocked, id=5692, stack(0x000000a267e00000,0x000000a267f00000)]
  0x000002086d8c1500 JavaThread "Finalizer" daemon [_thread_blocked, id=22908, stack(0x000000a267f00000,0x000000a268000000)]
  0x000002086d8d6c10 JavaThread "Signal Dispatcher" daemon [_thread_blocked, id=23864, stack(0x000000a268000000,0x000000a268100000)]
  0x000002086d8d89d0 JavaThread "Attach Listener" daemon [_thread_blocked, id=20632, stack(0x000000a268100000,0x000000a268200000)]
  0x000002086d8d9380 JavaThread "Service Thread" daemon [_thread_blocked, id=17208, stack(0x000000a268200000,0x000000a268300000)]
  0x000002086d8d9d30 JavaThread "Monitor Deflation Thread" daemon [_thread_blocked, id=23312, stack(0x000000a268300000,0x000000a268400000)]
  0x000002086d8ddfd0 JavaThread "C2 CompilerThread0" daemon [_thread_blocked, id=6992, stack(0x000000a268400000,0x000000a268500000)]
  0x000002086d8dea70 JavaThread "C1 CompilerThread0" daemon [_thread_blocked, id=23344, stack(0x000000a268500000,0x000000a268600000)]
  0x000002086d8f1c30 JavaThread "Sweeper thread" daemon [_thread_blocked, id=16528, stack(0x000000a268600000,0x000000a268700000)]
  0x000002086e509f30 JavaThread "C1 CompilerThread1" daemon [_thread_blocked, id=23536, stack(0x000000a268700000,0x000000a268800000)]
  0x000002086e510460 JavaThread "C1 CompilerThread2" daemon [_thread_blocked, id=22524, stack(0x000000a268800000,0x000000a268900000)]
  0x000002086e52fa10 JavaThread "Notification Thread" daemon [_thread_blocked, id=22180, stack(0x000000a268900000,0x000000a268a00000)]
  0x000002086e53e760 JavaThread "Common-Cleaner" daemon [_thread_blocked, id=7696, stack(0x000000a268b00000,0x000000a268c00000)]
  0x000002084838f7b0 JavaThread "DestroyJavaVM" [_thread_blocked, id=22144, stack(0x000000a267700000,0x000000a267800000)]
  0x000002086e70df30 JavaThread "Java2D Disposer" daemon [_thread_blocked, id=17156, stack(0x000000a268d00000,0x000000a268e00000)]
  0x000002086e735d50 JavaThread "AWT-Shutdown" [_thread_blocked, id=22168, stack(0x000000a268f00000,0x000000a269000000)]
  0x000002086e736220 JavaThread "AWT-Windows" daemon [_thread_in_native, id=8628, stack(0x000000a269000000,0x000000a269100000)]
  0x000002086ed66450 JavaThread "AWT-EventQueue-0" [_thread_blocked, id=22680, stack(0x000000a269d00000,0x000000a269e00000)]
=>0x000002086ed85fc0 JavaThread "graphicsthread" [_thread_in_Java, id=3568, stack(0x000000a269e00000,0x000000a269f00000)]
  0x000002086ed87350 JavaThread "Thread-1" [_thread_in_Java, id=3132, stack(0x000000a269f00000,0x000000a26a000000)]
  0x000002086ed89030 JavaThread "D3D Screen Updater" daemon [_thread_blocked, id=17760, stack(0x000000a268c00000,0x000000a268d00000)]
  0x000002086edde630 JavaThread "C2 CompilerThread1" daemon [_thread_blocked, id=7596, stack(0x000000a268e00000,0x000000a268f00000)]
  0x000002086edf2280 JavaThread "C2 CompilerThread2" daemon [_thread_blocked, id=21512, stack(0x000000a26a000000,0x000000a26a100000)]
  0x000002086edf2790 JavaThread "C2 CompilerThread3" daemon [_thread_blocked, id=13328, stack(0x000000a26a100000,0x000000a26a200000)]
  0x000002086edf0660 JavaThread "C2 CompilerThread4" daemon [_thread_blocked, id=18804, stack(0x000000a26a200000,0x000000a26a300000)]
  0x000002086ed88b60 JavaThread "gameupdatethread" [_thread_in_Java, id=18884, stack(0x000000a26a300000,0x000000a26a400000)]

Other Threads:
  0x000002086d8b50b0 VMThread "VM Thread" [stack: 0x000000a267d00000,0x000000a267e00000] [id=13480]
  0x000002086e53bf10 WatcherThread [stack: 0x000000a268a00000,0x000000a268b00000] [id=13044]
  0x00000208483de460 GCTaskThread "GC Thread#0" [stack: 0x000000a267800000,0x000000a267900000] [id=19840]
  0x000002086ede2380 GCTaskThread "GC Thread#1" [stack: 0x000000a26a400000,0x000000a26a500000] [id=5476]
  0x000002086ee0aef0 GCTaskThread "GC Thread#2" [stack: 0x000000a26a500000,0x000000a26a600000] [id=15636]
  0x000002086ef5e440 GCTaskThread "GC Thread#3" [stack: 0x000000a26a600000,0x000000a26a700000] [id=2888]
  0x000002086ede0b50 GCTaskThread "GC Thread#4" [stack: 0x000000a26a700000,0x000000a26a800000] [id=22956]
  0x000002086f16bde0 GCTaskThread "GC Thread#5" [stack: 0x000000a26a800000,0x000000a26a900000] [id=6124]
  0x000002086f16c090 GCTaskThread "GC Thread#6" [stack: 0x000000a26a900000,0x000000a26aa00000] [id=5772]
  0x000002086f0c8d90 GCTaskThread "GC Thread#7" [stack: 0x000000a26aa00000,0x000000a26ab00000] [id=23756]
  0x000002086f0c9040 GCTaskThread "GC Thread#8" [stack: 0x000000a26ab00000,0x000000a26ac00000] [id=23080]
  0x000002086f0c92f0 GCTaskThread "GC Thread#9" [stack: 0x000000a26ac00000,0x000000a26ad00000] [id=24052]
  0x000002086f0c99b0 GCTaskThread "GC Thread#10" [stack: 0x000000a26ad00000,0x000000a26ae00000] [id=3884]
  0x000002086f0ab260 GCTaskThread "GC Thread#11" [stack: 0x000000a26ae00000,0x000000a26af00000] [id=23980]
  0x00000208483eea30 ConcurrentGCThread "G1 Main Marker" [stack: 0x000000a267900000,0x000000a267a00000] [id=17368]
  0x00000208483f0bf0 ConcurrentGCThread "G1 Conc#0" [stack: 0x000000a267a00000,0x000000a267b00000] [id=24292]
  0x000002084845e740 ConcurrentGCThread "G1 Refine#0" [stack: 0x000000a267b00000,0x000000a267c00000] [id=19536]
  0x000002084845f060 ConcurrentGCThread "G1 Service" [stack: 0x000000a267c00000,0x000000a267d00000] [id=3780]

Threads with active compile tasks:

VM state: not at safepoint (normal execution)

VM Mutex/Monitor currently owned by a thread: None

Heap address: 0x0000000709600000, size: 3946 MB, Compressed Oops mode: Zero based, Oop shift amount: 3

CDS archive(s) mapped at: [0x0000000800000000-0x0000000800bc0000-0x0000000800bc0000), size 12320768, SharedBaseAddress: 0x0000000800000000, ArchiveRelocationMode: 0.
Compressed class space mapped at: 0x0000000800c00000-0x0000000840c00000, reserved size: 1073741824
Narrow klass base: 0x0000000800000000, Narrow klass shift: 0, Narrow klass range: 0x100000000

GC Precious Log:
 CPUs: 16 total, 16 available
 Memory: 15776M
 Large Page Support: Disabled
 NUMA Support: Disabled
 Compressed Oops: Enabled (Zero based)
 Heap Region Size: 2M
 Heap Min Capacity: 8M
 Heap Initial Capacity: 248M
 Heap Max Capacity: 3946M
 Pre-touch: Disabled
 Parallel Workers: 13
 Concurrent Workers: 3
 Concurrent Refinement Workers: 13
 Periodic GC: Disabled

Heap:
 garbage-first heap   total 253952K, used 9738K [0x0000000709600000, 0x0000000800000000)
  region size 2048K, 3 young (6144K), 2 survivors (4096K)
 Metaspace       used 6990K, committed 7168K, reserved 1056768K
  class space    used 751K, committed 832K, reserved 1048576K

Heap Regions: E=young(eden), S=young(survivor), O=old, HS=humongous(starts), HC=humongous(continues), CS=collection set, F=free, OA=open archive, CA=closed archive, TAMS=top-at-mark-start (previous, next)
|   0|0x0000000709600000, 0x0000000709800000, 0x0000000709800000|100%|HS|  |TAMS 0x0000000709600000, 0x0000000709600000| Complete 
|   1|0x0000000709800000, 0x0000000709a00000, 0x0000000709a00000|100%|HC|  |TAMS 0x0000000709800000, 0x0000000709800000| Complete 
|   2|0x0000000709a00000, 0x0000000709b82800, 0x0000000709c00000| 75%| O|  |TAMS 0x0000000709a00000, 0x0000000709a00000| Untracked 
|   3|0x0000000709c00000, 0x0000000709c00000, 0x0000000709e00000|  0%| F|  |TAMS 0x0000000709c00000, 0x0000000709c00000| Untracked 
|   4|0x0000000709e00000, 0x0000000709e00000, 0x000000070a000000|  0%| F|  |TAMS 0x0000000709e00000, 0x0000000709e00000| Untracked 
|   5|0x000000070a000000, 0x000000070a000000, 0x000000070a200000|  0%| F|  |TAMS 0x000000070a000000, 0x000000070a000000| Untracked 
|   6|0x000000070a200000, 0x000000070a200000, 0x000000070a400000|  0%| F|  |TAMS 0x000000070a200000, 0x000000070a200000| Untracked 
|   7|0x000000070a400000, 0x000000070a400000, 0x000000070a600000|  0%| F|  |TAMS 0x000000070a400000, 0x000000070a400000| Untracked 
|   8|0x000000070a600000, 0x000000070a600000, 0x000000070a800000|  0%| F|  |TAMS 0x000000070a600000, 0x000000070a600000| Untracked 
|   9|0x000000070a800000, 0x000000070a800000, 0x000000070aa00000|  0%| F|  |TAMS 0x000000070a800000, 0x000000070a800000| Untracked 
|  10|0x000000070aa00000, 0x000000070aa00000, 0x000000070ac00000|  0%| F|  |TAMS 0x000000070aa00000, 0x000000070aa00000| Untracked 
|  11|0x000000070ac00000, 0x000000070ac00000, 0x000000070ae00000|  0%| F|  |TAMS 0x000000070ac00000, 0x000000070ac00000| Untracked 
|  12|0x000000070ae00000, 0x000000070ae00000, 0x000000070b000000|  0%| F|  |TAMS 0x000000070ae00000, 0x000000070ae00000| Untracked 
|  13|0x000000070b000000, 0x000000070b000000, 0x000000070b200000|  0%| F|  |TAMS 0x000000070b000000, 0x000000070b000000| Untracked 
|  14|0x000000070b200000, 0x000000070b200000, 0x000000070b400000|  0%| F|  |TAMS 0x000000070b200000, 0x000000070b200000| Untracked 
|  15|0x000000070b400000, 0x000000070b400000, 0x000000070b600000|  0%| F|  |TAMS 0x000000070b400000, 0x000000070b400000| Untracked 
|  16|0x000000070b600000, 0x000000070b600000, 0x000000070b800000|  0%| F|  |TAMS 0x000000070b600000, 0x000000070b600000| Untracked 
|  17|0x000000070b800000, 0x000000070b800000, 0x000000070ba00000|  0%| F|  |TAMS 0x000000070b800000, 0x000000070b800000| Untracked 
|  18|0x000000070ba00000, 0x000000070ba00000, 0x000000070bc00000|  0%| F|  |TAMS 0x000000070ba00000, 0x000000070ba00000| Untracked 
|  19|0x000000070bc00000, 0x000000070bc00000, 0x000000070be00000|  0%| F|  |TAMS 0x000000070bc00000, 0x000000070bc00000| Untracked 
|  20|0x000000070be00000, 0x000000070be00000, 0x000000070c000000|  0%| F|  |TAMS 0x000000070be00000, 0x000000070be00000| Untracked 
|  21|0x000000070c000000, 0x000000070c000000, 0x000000070c200000|  0%| F|  |TAMS 0x000000070c000000, 0x000000070c000000| Untracked 
|  22|0x000000070c200000, 0x000000070c200000, 0x000000070c400000|  0%| F|  |TAMS 0x000000070c200000, 0x000000070c200000| Untracked 
|  23|0x000000070c400000, 0x000000070c400000, 0x000000070c600000|  0%| F|  |TAMS 0x000000070c400000, 0x000000070c400000| Untracked 
|  24|0x000000070c600000, 0x000000070c600000, 0x000000070c800000|  0%| F|  |TAMS 0x000000070c600000, 0x000000070c600000| Untracked 
|  25|0x000000070c800000, 0x000000070c800000, 0x000000070ca00000|  0%| F|  |TAMS 0x000000070c800000, 0x000000070c800000| Untracked 
|  26|0x000000070ca00000, 0x000000070ca00000, 0x000000070cc00000|  0%| F|  |TAMS 0x000000070ca00000, 0x000000070ca00000| Untracked 
|  27|0x000000070cc00000, 0x000000070cc00000, 0x000000070ce00000|  0%| F|  |TAMS 0x000000070cc00000, 0x000000070cc00000| Untracked 
|  28|0x000000070ce00000, 0x000000070ce00000, 0x000000070d000000|  0%| F|  |TAMS 0x000000070ce00000, 0x000000070ce00000| Untracked 
|  29|0x000000070d000000, 0x000000070d000000, 0x000000070d200000|  0%| F|  |TAMS 0x000000070d000000, 0x000000070d000000| Untracked 
|  30|0x000000070d200000, 0x000000070d200000, 0x000000070d400000|  0%| F|  |TAMS 0x000000070d200000, 0x000000070d200000| Untracked 
|  31|0x000000070d400000, 0x000000070d400000, 0x000000070d600000|  0%| F|  |TAMS 0x000000070d400000, 0x000000070d400000| Untracked 
|  32|0x000000070d600000, 0x000000070d600000, 0x000000070d800000|  0%| F|  |TAMS 0x000000070d600000, 0x000000070d600000| Untracked 
|  33|0x000000070d800000, 0x000000070d800000, 0x000000070da00000|  0%| F|  |TAMS 0x000000070d800000, 0x000000070d800000| Untracked 
|  34|0x000000070da00000, 0x000000070da00000, 0x000000070dc00000|  0%| F|  |TAMS 0x000000070da00000, 0x000000070da00000| Untracked 
|  35|0x000000070dc00000, 0x000000070dc00000, 0x000000070de00000|  0%| F|  |TAMS 0x000000070dc00000, 0x000000070dc00000| Untracked 
|  36|0x000000070de00000, 0x000000070de00000, 0x000000070e000000|  0%| F|  |TAMS 0x000000070de00000, 0x000000070de00000| Untracked 
|  37|0x000000070e000000, 0x000000070e000000, 0x000000070e200000|  0%| F|  |TAMS 0x000000070e000000, 0x000000070e000000| Untracked 
|  38|0x000000070e200000, 0x000000070e200000, 0x000000070e400000|  0%| F|  |TAMS 0x000000070e200000, 0x000000070e200000| Untracked 
|  39|0x000000070e400000, 0x000000070e400000, 0x000000070e600000|  0%| F|  |TAMS 0x000000070e400000, 0x000000070e400000| Untracked 
|  40|0x000000070e600000, 0x000000070e600000, 0x000000070e800000|  0%| F|  |TAMS 0x000000070e600000, 0x000000070e600000| Untracked 
|  41|0x000000070e800000, 0x000000070e800000, 0x000000070ea00000|  0%| F|  |TAMS 0x000000070e800000, 0x000000070e800000| Untracked 
|  42|0x000000070ea00000, 0x000000070ea00000, 0x000000070ec00000|  0%| F|  |TAMS 0x000000070ea00000, 0x000000070ea00000| Untracked 
|  43|0x000000070ec00000, 0x000000070ec00000, 0x000000070ee00000|  0%| F|  |TAMS 0x000000070ec00000, 0x000000070ec00000| Untracked 
|  44|0x000000070ee00000, 0x000000070ee00000, 0x000000070f000000|  0%| F|  |TAMS 0x000000070ee00000, 0x000000070ee00000| Untracked 
|  45|0x000000070f000000, 0x000000070f000000, 0x000000070f200000|  0%| F|  |TAMS 0x000000070f000000, 0x000000070f000000| Untracked 
|  46|0x000000070f200000, 0x000000070f200000, 0x000000070f400000|  0%| F|  |TAMS 0x000000070f200000, 0x000000070f200000| Untracked 
|  47|0x000000070f400000, 0x000000070f400000, 0x000000070f600000|  0%| F|  |TAMS 0x000000070f400000, 0x000000070f400000| Untracked 
|  48|0x000000070f600000, 0x000000070f600000, 0x000000070f800000|  0%| F|  |TAMS 0x000000070f600000, 0x000000070f600000| Untracked 
|  49|0x000000070f800000, 0x000000070f800000, 0x000000070fa00000|  0%| F|  |TAMS 0x000000070f800000, 0x000000070f800000| Untracked 
|  50|0x000000070fa00000, 0x000000070fa00000, 0x000000070fc00000|  0%| F|  |TAMS 0x000000070fa00000, 0x000000070fa00000| Untracked 
|  51|0x000000070fc00000, 0x000000070fc00000, 0x000000070fe00000|  0%| F|  |TAMS 0x000000070fc00000, 0x000000070fc00000| Untracked 
|  52|0x000000070fe00000, 0x000000070fe00000, 0x0000000710000000|  0%| F|  |TAMS 0x000000070fe00000, 0x000000070fe00000| Untracked 
|  53|0x0000000710000000, 0x0000000710000000, 0x0000000710200000|  0%| F|  |TAMS 0x0000000710000000, 0x0000000710000000| Untracked 
|  54|0x0000000710200000, 0x0000000710200000, 0x0000000710400000|  0%| F|  |TAMS 0x0000000710200000, 0x0000000710200000| Untracked 
|  55|0x0000000710400000, 0x0000000710400000, 0x0000000710600000|  0%| F|  |TAMS 0x0000000710400000, 0x0000000710400000| Untracked 
|  56|0x0000000710600000, 0x0000000710600000, 0x0000000710800000|  0%| F|  |TAMS 0x0000000710600000, 0x0000000710600000| Untracked 
|  57|0x0000000710800000, 0x0000000710800000, 0x0000000710a00000|  0%| F|  |TAMS 0x0000000710800000, 0x0000000710800000| Untracked 
|  58|0x0000000710a00000, 0x0000000710a00000, 0x0000000710c00000|  0%| F|  |TAMS 0x0000000710a00000, 0x0000000710a00000| Untracked 
|  59|0x0000000710c00000, 0x0000000710c00000, 0x0000000710e00000|  0%| F|  |TAMS 0x0000000710c00000, 0x0000000710c00000| Untracked 
|  60|0x0000000710e00000, 0x0000000710e00000, 0x0000000711000000|  0%| F|  |TAMS 0x0000000710e00000, 0x0000000710e00000| Untracked 
|  61|0x0000000711000000, 0x0000000711000000, 0x0000000711200000|  0%| F|  |TAMS 0x0000000711000000, 0x0000000711000000| Untracked 
|  62|0x0000000711200000, 0x0000000711200000, 0x0000000711400000|  0%| F|  |TAMS 0x0000000711200000, 0x0000000711200000| Untracked 
|  63|0x0000000711400000, 0x0000000711400000, 0x0000000711600000|  0%| F|  |TAMS 0x0000000711400000, 0x0000000711400000| Untracked 
|  64|0x0000000711600000, 0x0000000711600000, 0x0000000711800000|  0%| F|  |TAMS 0x0000000711600000, 0x0000000711600000| Untracked 
|  65|0x0000000711800000, 0x0000000711800000, 0x0000000711a00000|  0%| F|  |TAMS 0x0000000711800000, 0x0000000711800000| Untracked 
|  66|0x0000000711a00000, 0x0000000711a00000, 0x0000000711c00000|  0%| F|  |TAMS 0x0000000711a00000, 0x0000000711a00000| Untracked 
|  67|0x0000000711c00000, 0x0000000711c00000, 0x0000000711e00000|  0%| F|  |TAMS 0x0000000711c00000, 0x0000000711c00000| Untracked 
|  68|0x0000000711e00000, 0x0000000711e00000, 0x0000000712000000|  0%| F|  |TAMS 0x0000000711e00000, 0x0000000711e00000| Untracked 
|  69|0x0000000712000000, 0x0000000712000000, 0x0000000712200000|  0%| F|  |TAMS 0x0000000712000000, 0x0000000712000000| Untracked 
|  70|0x0000000712200000, 0x0000000712200000, 0x0000000712400000|  0%| F|  |TAMS 0x0000000712200000, 0x0000000712200000| Untracked 
|  71|0x0000000712400000, 0x0000000712400000, 0x0000000712600000|  0%| F|  |TAMS 0x0000000712400000, 0x0000000712400000| Untracked 
|  72|0x0000000712600000, 0x0000000712600000, 0x0000000712800000|  0%| F|  |TAMS 0x0000000712600000, 0x0000000712600000| Untracked 
|  73|0x0000000712800000, 0x0000000712800000, 0x0000000712a00000|  0%| F|  |TAMS 0x0000000712800000, 0x0000000712800000| Untracked 
|  74|0x0000000712a00000, 0x0000000712a00000, 0x0000000712c00000|  0%| F|  |TAMS 0x0000000712a00000, 0x0000000712a00000| Untracked 
|  75|0x0000000712c00000, 0x0000000712c00000, 0x0000000712e00000|  0%| F|  |TAMS 0x0000000712c00000, 0x0000000712c00000| Untracked 
|  76|0x0000000712e00000, 0x0000000712e00000, 0x0000000713000000|  0%| F|  |TAMS 0x0000000712e00000, 0x0000000712e00000| Untracked 
|  77|0x0000000713000000, 0x0000000713000000, 0x0000000713200000|  0%| F|  |TAMS 0x0000000713000000, 0x0000000713000000| Untracked 
|  78|0x0000000713200000, 0x0000000713200000, 0x0000000713400000|  0%| F|  |TAMS 0x0000000713200000, 0x0000000713200000| Untracked 
|  79|0x0000000713400000, 0x0000000713400000, 0x0000000713600000|  0%| F|  |TAMS 0x0000000713400000, 0x0000000713400000| Untracked 
|  80|0x0000000713600000, 0x0000000713600000, 0x0000000713800000|  0%| F|  |TAMS 0x0000000713600000, 0x0000000713600000| Untracked 
|  81|0x0000000713800000, 0x0000000713800000, 0x0000000713a00000|  0%| F|  |TAMS 0x0000000713800000, 0x0000000713800000| Untracked 
|  82|0x0000000713a00000, 0x0000000713a00000, 0x0000000713c00000|  0%| F|  |TAMS 0x0000000713a00000, 0x0000000713a00000| Untracked 
|  83|0x0000000713c00000, 0x0000000713c00000, 0x0000000713e00000|  0%| F|  |TAMS 0x0000000713c00000, 0x0000000713c00000| Untracked 
|  84|0x0000000713e00000, 0x0000000713e00000, 0x0000000714000000|  0%| F|  |TAMS 0x0000000713e00000, 0x0000000713e00000| Untracked 
|  85|0x0000000714000000, 0x0000000714000000, 0x0000000714200000|  0%| F|  |TAMS 0x0000000714000000, 0x0000000714000000| Untracked 
|  86|0x0000000714200000, 0x0000000714200000, 0x0000000714400000|  0%| F|  |TAMS 0x0000000714200000, 0x0000000714200000| Untracked 
|  87|0x0000000714400000, 0x0000000714400000, 0x0000000714600000|  0%| F|  |TAMS 0x0000000714400000, 0x0000000714400000| Untracked 
|  88|0x0000000714600000, 0x0000000714600000, 0x0000000714800000|  0%| F|  |TAMS 0x0000000714600000, 0x0000000714600000| Untracked 
|  89|0x0000000714800000, 0x0000000714800000, 0x0000000714a00000|  0%| F|  |TAMS 0x0000000714800000, 0x0000000714800000| Untracked 
|  90|0x0000000714a00000, 0x0000000714a00000, 0x0000000714c00000|  0%| F|  |TAMS 0x0000000714a00000, 0x0000000714a00000| Untracked 
|  91|0x0000000714c00000, 0x0000000714c00000, 0x0000000714e00000|  0%| F|  |TAMS 0x0000000714c00000, 0x0000000714c00000| Untracked 
|  92|0x0000000714e00000, 0x0000000714e00000, 0x0000000715000000|  0%| F|  |TAMS 0x0000000714e00000, 0x0000000714e00000| Untracked 
|  93|0x0000000715000000, 0x0000000715000000, 0x0000000715200000|  0%| F|  |TAMS 0x0000000715000000, 0x0000000715000000| Untracked 
|  94|0x0000000715200000, 0x0000000715200000, 0x0000000715400000|  0%| F|  |TAMS 0x0000000715200000, 0x0000000715200000| Untracked 
|  95|0x0000000715400000, 0x0000000715400000, 0x0000000715600000|  0%| F|  |TAMS 0x0000000715400000, 0x0000000715400000| Untracked 
|  96|0x0000000715600000, 0x0000000715600000, 0x0000000715800000|  0%| F|  |TAMS 0x0000000715600000, 0x0000000715600000| Untracked 
|  97|0x0000000715800000, 0x0000000715800000, 0x0000000715a00000|  0%| F|  |TAMS 0x0000000715800000, 0x0000000715800000| Untracked 
|  98|0x0000000715a00000, 0x0000000715a00000, 0x0000000715c00000|  0%| F|  |TAMS 0x0000000715a00000, 0x0000000715a00000| Untracked 
|  99|0x0000000715c00000, 0x0000000715c00000, 0x0000000715e00000|  0%| F|  |TAMS 0x0000000715c00000, 0x0000000715c00000| Untracked 
| 100|0x0000000715e00000, 0x0000000715e00000, 0x0000000716000000|  0%| F|  |TAMS 0x0000000715e00000, 0x0000000715e00000| Untracked 
| 101|0x0000000716000000, 0x0000000716000000, 0x0000000716200000|  0%| F|  |TAMS 0x0000000716000000, 0x0000000716000000| Untracked 
| 102|0x0000000716200000, 0x0000000716200000, 0x0000000716400000|  0%| F|  |TAMS 0x0000000716200000, 0x0000000716200000| Untracked 
| 103|0x0000000716400000, 0x0000000716400000, 0x0000000716600000|  0%| F|  |TAMS 0x0000000716400000, 0x0000000716400000| Untracked 
| 104|0x0000000716600000, 0x0000000716600000, 0x0000000716800000|  0%| F|  |TAMS 0x0000000716600000, 0x0000000716600000| Untracked 
| 105|0x0000000716800000, 0x0000000716800000, 0x0000000716a00000|  0%| F|  |TAMS 0x0000000716800000, 0x0000000716800000| Untracked 
| 106|0x0000000716a00000, 0x0000000716a00000, 0x0000000716c00000|  0%| F|  |TAMS 0x0000000716a00000, 0x0000000716a00000| Untracked 
| 107|0x0000000716c00000, 0x0000000716c00000, 0x0000000716e00000|  0%| F|  |TAMS 0x0000000716c00000, 0x0000000716c00000| Untracked 
| 108|0x0000000716e00000, 0x0000000716e00000, 0x0000000717000000|  0%| F|  |TAMS 0x0000000716e00000, 0x0000000716e00000| Untracked 
| 109|0x0000000717000000, 0x0000000717000000, 0x0000000717200000|  0%| F|  |TAMS 0x0000000717000000, 0x0000000717000000| Untracked 
| 110|0x0000000717200000, 0x0000000717200000, 0x0000000717400000|  0%| F|  |TAMS 0x0000000717200000, 0x0000000717200000| Untracked 
| 111|0x0000000717400000, 0x0000000717600000, 0x0000000717600000|100%| S|CS|TAMS 0x0000000717400000, 0x0000000717400000| Complete 
| 112|0x0000000717600000, 0x0000000717800000, 0x0000000717800000|100%| S|CS|TAMS 0x0000000717600000, 0x0000000717600000| Complete 
| 113|0x0000000717800000, 0x0000000717800000, 0x0000000717a00000|  0%| F|  |TAMS 0x0000000717800000, 0x0000000717800000| Untracked 
| 114|0x0000000717a00000, 0x0000000717a00000, 0x0000000717c00000|  0%| F|  |TAMS 0x0000000717a00000, 0x0000000717a00000| Untracked 
| 115|0x0000000717c00000, 0x0000000717c00000, 0x0000000717e00000|  0%| F|  |TAMS 0x0000000717c00000, 0x0000000717c00000| Untracked 
| 116|0x0000000717e00000, 0x0000000717e00000, 0x0000000718000000|  0%| F|  |TAMS 0x0000000717e00000, 0x0000000717e00000| Untracked 
| 117|0x0000000718000000, 0x0000000718000000, 0x0000000718200000|  0%| F|  |TAMS 0x0000000718000000, 0x0000000718000000| Untracked 
| 118|0x0000000718200000, 0x0000000718200000, 0x0000000718400000|  0%| F|  |TAMS 0x0000000718200000, 0x0000000718200000| Untracked 
| 119|0x0000000718400000, 0x0000000718400000, 0x0000000718600000|  0%| F|  |TAMS 0x0000000718400000, 0x0000000718400000| Untracked 
| 120|0x0000000718600000, 0x0000000718600000, 0x0000000718800000|  0%| F|  |TAMS 0x0000000718600000, 0x0000000718600000| Untracked 
| 121|0x0000000718800000, 0x0000000718800000, 0x0000000718a00000|  0%| F|  |TAMS 0x0000000718800000, 0x0000000718800000| Untracked 
| 122|0x0000000718a00000, 0x0000000718a00000, 0x0000000718c00000|  0%| F|  |TAMS 0x0000000718a00000, 0x0000000718a00000| Untracked 
| 123|0x0000000718c00000, 0x0000000718e00000, 0x0000000718e00000|100%| E|  |TAMS 0x0000000718c00000, 0x0000000718c00000| Complete 

Card table byte_map: [0x0000020861d90000,0x0000020862550000] _byte_map_base: 0x000002085e545000

Marking Bits (Prev, Next): (CMBitMap*) 0x00000208483dea70, (CMBitMap*) 0x00000208483deab0
 Prev Bits: [0x0000020862d10000, 0x0000020866ab8000)
 Next Bits: [0x0000020866ac0000, 0x000002086a868000)

Polling page: 0x0000020848160000

Metaspace:

Usage:
  Non-class:      6.09 MB used.
      Class:    751.62 KB used.
       Both:      6.83 MB used.

Virtual space:
  Non-class space:        8.00 MB reserved,       6.19 MB ( 77%) committed,  1 nodes.
      Class space:        1.00 GB reserved,     832.00 KB ( <1%) committed,  1 nodes.
             Both:        1.01 GB reserved,       7.00 MB ( <1%) committed. 

Chunk freelists:
   Non-Class:  1.86 MB
       Class:  3.22 MB
        Both:  5.08 MB

MaxMetaspaceSize: unlimited
CompressedClassSpaceSize: 1.00 GB
Initial GC threshold: 21.00 MB
Current GC threshold: 21.00 MB
CDS: on
MetaspaceReclaimPolicy: balanced
 - commit_granule_bytes: 65536.
 - commit_granule_words: 8192.
 - virtual_space_node_default_size: 1048576.
 - enlarge_chunks_in_place: 1.
 - new_chunks_are_fully_committed: 0.
 - uncommit_free_chunks: 1.
 - use_allocation_guard: 0.
 - handle_deallocations: 1.


Internal statistics:

num_allocs_failed_limit: 0.
num_arena_births: 128.
num_arena_deaths: 0.
num_vsnodes_births: 2.
num_vsnodes_deaths: 0.
num_space_committed: 112.
num_space_uncommitted: 0.
num_chunks_returned_to_freelist: 0.
num_chunks_taken_from_freelist: 178.
num_chunk_merges: 0.
num_chunk_splits: 106.
num_chunks_enlarged: 52.
num_purges: 0.
num_inconsistent_stats: 0.

CodeHeap 'non-profiled nmethods': size=119168Kb used=444Kb max_used=444Kb free=118723Kb
 bounds [0x00000208591c0000, 0x0000020859430000, 0x0000020860620000]
CodeHeap 'profiled nmethods': size=119104Kb used=1617Kb max_used=1617Kb free=117486Kb
 bounds [0x0000020851d70000, 0x0000020851fe0000, 0x00000208591c0000]
CodeHeap 'non-nmethods': size=7488Kb used=2383Kb max_used=2404Kb free=5105Kb
 bounds [0x0000020851620000, 0x0000020851890000, 0x0000020851d70000]
 total_blobs=1739 nmethods=1159 adapters=491
 compilation: enabled
              stopped_count=0, restarted_count=0
 full_count=0

Compilation events (20 events):
Event: 1.137 Thread 0x000002086e509f30 1142       3       summit.gfx.Renderer::filterFrame (57 bytes)
Event: 1.138 Thread 0x000002086e509f30 nmethod 1142 0x0000020851f02210 code [0x0000020851f023e0, 0x0000020851f027a8]
Event: 1.142 Thread 0x000002086edf0660 1143 %     4       summit.gfx.Renderer::rotate @ 21 (62 bytes)
Event: 1.147 Thread 0x000002086edf0660 nmethod 1143% 0x0000020859228610 code [0x00000208592287a0, 0x0000020859228bd8]
Event: 1.149 Thread 0x000002086d8dea70 1144       1       summit.game.entity.Entity::inWater (5 bytes)
Event: 1.149 Thread 0x000002086e510460 1145       1       summit.game.GameUpdateEvent::getDeltaTime (5 bytes)
Event: 1.149 Thread 0x000002086d8dea70 nmethod 1144 0x0000020859228e10 code [0x0000020859228fa0, 0x0000020859229078]
Event: 1.149 Thread 0x000002086e510460 nmethod 1145 0x0000020859229110 code [0x00000208592292a0, 0x0000020859229378]
Event: 1.152 Thread 0x000002086d8ddfd0 1146       4       summit.gfx.Renderer::rotate (62 bytes)
Event: 1.159 Thread 0x000002086e510460 1147       3       java.lang.ref.Reference::enqueueFromPending (19 bytes)
Event: 1.159 Thread 0x000002086e509f30 1148   !   3       java.lang.ref.ReferenceQueue::enqueue (119 bytes)
Event: 1.159 Thread 0x000002086d8ddfd0 nmethod 1146 0x0000020859229810 code [0x00000208592299a0, 0x0000020859229f18]
Event: 1.159 Thread 0x000002086e510460 nmethod 1147 0x0000020851f02a10 code [0x0000020851f02bc0, 0x0000020851f02de8]
Event: 1.160 Thread 0x000002086e510460 1150       3       java.lang.ref.Reference::clear (5 bytes)
Event: 1.160 Thread 0x000002086e509f30 nmethod 1148 0x0000020851f02e90 code [0x0000020851f03080, 0x0000020851f03788]
Event: 1.160 Thread 0x000002086e510460 nmethod 1150 0x0000020851f03990 code [0x0000020851f03b20, 0x0000020851f03c68]
Event: 1.160 Thread 0x000002086edf2280 1152 %     4       summit.gfx.Renderer::filterFrame @ 10 (57 bytes)
Event: 1.167 Thread 0x000002086d8dea70 1153       3       summit.game.tile.WaterTile::paint (40 bytes)
Event: 1.167 Thread 0x000002086d8dea70 nmethod 1153 0x0000020851f03d10 code [0x0000020851f03f20, 0x0000020851f04408]
Event: 1.167 Thread 0x000002086edf2280 nmethod 1152% 0x000002085922a610 code [0x000002085922a7a0, 0x000002085922ad38]

GC Heap History (2 events):
Event: 1.156 GC heap before
{Heap before GC invocations=0 (full 0):
 garbage-first heap   total 253952K, used 26624K [0x0000000709600000, 0x0000000800000000)
  region size 2048K, 11 young (22528K), 0 survivors (0K)
 Metaspace       used 6987K, committed 7168K, reserved 1056768K
  class space    used 751K, committed 832K, reserved 1048576K
}
Event: 1.159 GC heap after
{Heap after GC invocations=1 (full 0):
 garbage-first heap   total 253952K, used 9738K [0x0000000709600000, 0x0000000800000000)
  region size 2048K, 2 young (4096K), 2 survivors (4096K)
 Metaspace       used 6987K, committed 7168K, reserved 1056768K
  class space    used 751K, committed 832K, reserved 1048576K
}

Deoptimization events (20 events):
Event: 1.115 Thread 0x000002086ed88b60 DEOPT PACKING pc=0x0000020851efb579 sp=0x000000a26a3ff470
Event: 1.115 Thread 0x000002086ed88b60 DEOPT UNPACKING pc=0x0000020851672b43 sp=0x000000a26a3fe918 mode 0
Event: 1.116 Thread 0x000002086ed88b60 DEOPT PACKING pc=0x0000020851efb579 sp=0x000000a26a3ff470
Event: 1.116 Thread 0x000002086ed88b60 DEOPT UNPACKING pc=0x0000020851672b43 sp=0x000000a26a3fe918 mode 0
Event: 1.117 Thread 0x000002086ed88b60 DEOPT PACKING pc=0x0000020851efb579 sp=0x000000a26a3ff470
Event: 1.117 Thread 0x000002086ed88b60 DEOPT UNPACKING pc=0x0000020851672b43 sp=0x000000a26a3fe918 mode 0
Event: 1.118 Thread 0x000002086ed88b60 DEOPT PACKING pc=0x0000020851efb579 sp=0x000000a26a3ff470
Event: 1.118 Thread 0x000002086ed88b60 DEOPT UNPACKING pc=0x0000020851672b43 sp=0x000000a26a3fe918 mode 0
Event: 1.118 Thread 0x000002086ed88b60 DEOPT PACKING pc=0x0000020851efb579 sp=0x000000a26a3ff470
Event: 1.118 Thread 0x000002086ed88b60 DEOPT UNPACKING pc=0x0000020851672b43 sp=0x000000a26a3fe918 mode 0
Event: 1.119 Thread 0x000002086ed88b60 DEOPT PACKING pc=0x0000020851efb579 sp=0x000000a26a3ff470
Event: 1.119 Thread 0x000002086ed88b60 DEOPT UNPACKING pc=0x0000020851672b43 sp=0x000000a26a3fe918 mode 0
Event: 1.120 Thread 0x000002086ed88b60 DEOPT PACKING pc=0x0000020851efb579 sp=0x000000a26a3ff470
Event: 1.120 Thread 0x000002086ed88b60 DEOPT UNPACKING pc=0x0000020851672b43 sp=0x000000a26a3fe918 mode 0
Event: 1.132 Thread 0x000002086ed85fc0 Uncommon trap: trap_request=0xffffff45 fr.pc=0x0000020859225ed4 relative=0x00000000000003b4
Event: 1.132 Thread 0x000002086ed85fc0 Uncommon trap: reason=unstable_if action=reinterpret pc=0x0000020859225ed4 method=summit.gfx.Renderer.inArrBounds(IIII)Z @ 15 c2
Event: 1.132 Thread 0x000002086ed85fc0 DEOPT PACKING pc=0x0000020859225ed4 sp=0x000000a269efed80
Event: 1.132 Thread 0x000002086ed85fc0 DEOPT UNPACKING pc=0x00000208516723a3 sp=0x000000a269efec88 mode 2
Event: 1.152 Thread 0x000002086ed85fc0 DEOPT PACKING pc=0x0000020851f0091d sp=0x000000a269efecd0
Event: 1.152 Thread 0x000002086ed85fc0 DEOPT UNPACKING pc=0x0000020851672b43 sp=0x000000a269efe160 mode 0

Classes unloaded (0 events):
No events

Classes redefined (0 events):
No events

Internal exceptions (14 events):
Event: 0.055 Thread 0x000002086e53fc40 Exception <a 'java/lang/ClassNotFoundException'{0x0000000718a2c1c8}: sun/awt/resources/spi/awtProvider> (0x0000000718a2c1c8) 
thrown [e:\jenkins\tmp\workspace\build\src\src\hotspot\share\classfile\systemDictionary.cpp, line 256]
Event: 0.077 Thread 0x000002086e53fc40 Exception <a 'java/io/FileNotFoundException'{0x0000000718af5c78}> (0x0000000718af5c78) 
thrown [e:\jenkins\tmp\workspace\build\src\src\hotspot\share\prims\jni.cpp, line 516]
Event: 0.082 Thread 0x000002086e53fc40 Exception <a 'java/io/FileNotFoundException'{0x0000000718b22bd0}> (0x0000000718b22bd0) 
thrown [e:\jenkins\tmp\workspace\build\src\src\hotspot\share\prims\jni.cpp, line 516]
Event: 0.095 Thread 0x000002086e53fc40 Exception <a 'java/lang/NoSuchMethodError'{0x0000000718bc8fd0}: 'java.lang.Object java.lang.invoke.DirectMethodHandle$Holder.invokeStaticInit(java.lang.Object)'> (0x0000000718bc8fd0) 
thrown [e:\jenkins\tmp\workspace\build\src\src\hotspot\share\interpreter\linkResolver.cpp, line 766]
Event: 0.234 Thread 0x000002086e53fc40 Exception <a 'java/lang/NoSuchMethodError'{0x0000000718762a58}: 'void java.lang.invoke.DirectMethodHandle$Holder.invokeSpecial(java.lang.Object, java.lang.Object, java.lang.Object)'> (0x0000000718762a58) 
thrown [e:\jenkins\tmp\workspace\build\src\src\hotspot\share\interpreter\linkResolver.cpp, line 766]
Event: 0.241 Thread 0x000002086e53fc40 Exception <a 'java/lang/NoSuchMethodError'{0x000000071878ccf0}: 'java.lang.Object java.lang.invoke.DirectMethodHandle$Holder.newInvokeSpecial(java.lang.Object, java.lang.Object, java.lang.Object, java.lang.Object, java.lang.Object)'> (0x000000071878ccf0) 
thrown [e:\jenkins\tmp\workspace\build\src\src\hotspot\share\interpreter\linkResolver.cpp, line 766]
Event: 0.242 Thread 0x000002086e53fc40 Exception <a 'java/lang/NoSuchMethodError'{0x00000007187986b8}: 'java.lang.Object java.lang.invoke.DirectMethodHandle$Holder.invokeStatic(java.lang.Object, int, java.lang.Object, java.lang.Object, java.lang.Object, java.lang.Object)'> (0x00000007187986b8) 
thrown [e:\jenkins\tmp\workspace\build\src\src\hotspot\share\interpreter\linkResolver.cpp, line 766]
Event: 0.245 Thread 0x000002086e53fc40 Exception <a 'java/lang/NoSuchMethodError'{0x00000007187bddd8}: 'java.lang.Object java.lang.invoke.DirectMethodHandle$Holder.invokeStatic(java.lang.Object, int, java.lang.Object)'> (0x00000007187bddd8) 
thrown [e:\jenkins\tmp\workspace\build\src\src\hotspot\share\interpreter\linkResolver.cpp, line 766]
Event: 0.263 Thread 0x000002086e53fc40 Exception <a 'java/lang/ClassNotFoundException'{0x0000000718476168}: com/sun/swing/internal/plaf/metal/resources/spi/metalProvider> (0x0000000718476168) 
thrown [e:\jenkins\tmp\workspace\build\src\src\hotspot\share\classfile\systemDictionary.cpp, line 256]
Event: 0.264 Thread 0x000002086e53fc40 Exception <a 'java/lang/ClassNotFoundException'{0x000000071847a040}: com/sun/swing/internal/plaf/basic/resources/spi/basicProvider> (0x000000071847a040) 
thrown [e:\jenkins\tmp\workspace\build\src\src\hotspot\share\classfile\systemDictionary.cpp, line 256]
Event: 0.276 Thread 0x000002086e736220 Exception <a 'java/lang/NoSuchMethodError'{0x0000000718680998}: 'void java.lang.invoke.DirectMethodHandle$Holder.invokeVirtual(java.lang.Object, java.lang.Object)'> (0x0000000718680998) 
thrown [e:\jenkins\tmp\workspace\build\src\src\hotspot\share\interpreter\linkResolver.cpp, line 766]
Event: 0.286 Thread 0x000002086e53fc40 Exception <a 'java/lang/NoSuchMethodError'{0x00000007184b8050}: 'void java.lang.invoke.DirectMethodHandle$Holder.invokeStaticInit(java.lang.Object)'> (0x00000007184b8050) 
thrown [e:\jenkins\tmp\workspace\build\src\src\hotspot\share\interpreter\linkResolver.cpp, line 766]
Event: 1.082 Thread 0x000002086ed66450 Implicit null exception at 0x00000208592187d5 to 0x00000208592188f8
Event: 1.082 Thread 0x000002086ed66450 Implicit null exception at 0x0000020859217e56 to 0x0000020859217f54

VM Operations (14 events):
Event: 0.039 Executing VM operation: HandshakeAllThreads
Event: 0.039 Executing VM operation: HandshakeAllThreads done
Event: 0.263 Executing VM operation: HandshakeAllThreads
Event: 0.263 Executing VM operation: HandshakeAllThreads done
Event: 0.302 Executing VM operation: HandshakeAllThreads
Event: 0.302 Executing VM operation: HandshakeAllThreads done
Event: 0.327 Executing VM operation: HandshakeAllThreads
Event: 0.327 Executing VM operation: HandshakeAllThreads done
Event: 1.065 Executing VM operation: HandshakeAllThreads
Event: 1.065 Executing VM operation: HandshakeAllThreads done
Event: 1.065 Executing VM operation: Cleanup
Event: 1.065 Executing VM operation: Cleanup done
Event: 1.156 Executing VM operation: G1CollectForAllocation
Event: 1.159 Executing VM operation: G1CollectForAllocation done

Events (20 events):
Event: 0.347 loading class javax/swing/text/JTextComponent
Event: 0.348 loading class javax/swing/Scrollable
Event: 0.348 loading class javax/swing/Scrollable done
Event: 0.348 loading class javax/swing/text/JTextComponent done
Event: 0.349 loading class java/awt/event/MouseWheelEvent
Event: 0.350 loading class java/awt/event/MouseWheelEvent done
Event: 0.357 loading class sun/awt/image/BufImgSurfaceManager
Event: 0.357 loading class sun/awt/image/BufImgSurfaceManager done
Event: 0.357 loading class sun/awt/image/BufImgSurfaceData
Event: 0.358 loading class sun/awt/image/BufImgSurfaceData done
Event: 0.358 loading class sun/awt/image/BufImgSurfaceData$ICMColorData
Event: 0.358 loading class sun/awt/image/BufImgSurfaceData$ICMColorData done
Event: 0.737 Thread 0x000002086e719ec0 Thread exited: 0x000002086e719ec0
Event: 1.063 loading class java/lang/Math$RandomNumberGeneratorHolder
Event: 1.063 loading class java/lang/Math$RandomNumberGeneratorHolder done
Event: 1.077 Thread 0x000002086edde630 Thread added: 0x000002086edde630
Event: 1.078 Thread 0x000002086edf2280 Thread added: 0x000002086edf2280
Event: 1.078 Thread 0x000002086edf2790 Thread added: 0x000002086edf2790
Event: 1.078 Thread 0x000002086edf0660 Thread added: 0x000002086edf0660
Event: 1.092 Thread 0x000002086ed88b60 Thread added: 0x000002086ed88b60


Dynamic libraries:
0x00007ff7039e0000 - 0x00007ff7039ee000 	C:\Users\aadiu\AppData\Local\Programs\Eclipse Adoptium\jdk-17.0.2.8-hotspot\bin\java.exe
0x00007ffb36970000 - 0x00007ffb36b68000 	C:\Windows\SYSTEM32\ntdll.dll
0x00007ffb352a0000 - 0x00007ffb3535f000 	C:\Windows\System32\KERNEL32.DLL
0x00007ffb34310000 - 0x00007ffb345e2000 	C:\Windows\System32\KERNELBASE.dll
0x00007ffb34110000 - 0x00007ffb34210000 	C:\Windows\System32\ucrtbase.dll
0x00007ffb1e3d0000 - 0x00007ffb1e3e8000 	C:\Users\aadiu\AppData\Local\Programs\Eclipse Adoptium\jdk-17.0.2.8-hotspot\bin\jli.dll
0x00007ffb1e3b0000 - 0x00007ffb1e3c9000 	C:\Users\aadiu\AppData\Local\Programs\Eclipse Adoptium\jdk-17.0.2.8-hotspot\bin\VCRUNTIME140.dll
0x00007ffb35530000 - 0x00007ffb356cd000 	C:\Windows\System32\USER32.dll
0x00007ffb20b10000 - 0x00007ffb20daa000 	C:\Windows\WinSxS\amd64_microsoft.windows.common-controls_6595b64144ccf1df_6.0.19041.1110_none_60b5254171f9507e\COMCTL32.dll
0x00007ffb34720000 - 0x00007ffb34742000 	C:\Windows\System32\win32u.dll
0x00007ffb35fa0000 - 0x00007ffb35fcb000 	C:\Windows\System32\GDI32.dll
0x00007ffb35f00000 - 0x00007ffb35f9e000 	C:\Windows\System32\msvcrt.dll
0x00007ffb34750000 - 0x00007ffb3485f000 	C:\Windows\System32\gdi32full.dll
0x00007ffb345f0000 - 0x00007ffb3468d000 	C:\Windows\System32\msvcp_win.dll
0x00007ffb356f0000 - 0x00007ffb35722000 	C:\Windows\System32\IMM32.DLL
0x00007ffb2a2a0000 - 0x00007ffb2a2ac000 	C:\Users\aadiu\AppData\Local\Programs\Eclipse Adoptium\jdk-17.0.2.8-hotspot\bin\vcruntime140_1.dll
0x00007ffb1df90000 - 0x00007ffb1e021000 	C:\Users\aadiu\AppData\Local\Programs\Eclipse Adoptium\jdk-17.0.2.8-hotspot\bin\msvcp140.dll
0x00007ffabf480000 - 0x00007ffac00c7000 	C:\Users\aadiu\AppData\Local\Programs\Eclipse Adoptium\jdk-17.0.2.8-hotspot\bin\server\jvm.dll
0x00007ffb34ec0000 - 0x00007ffb34f6e000 	C:\Windows\System32\ADVAPI32.dll
0x00007ffb35e60000 - 0x00007ffb35efc000 	C:\Windows\System32\sechost.dll
0x00007ffb35ba0000 - 0x00007ffb35cc5000 	C:\Windows\System32\RPCRT4.dll
0x00007ffb34eb0000 - 0x00007ffb34eb8000 	C:\Windows\System32\PSAPI.DLL
0x00007ffb2d720000 - 0x00007ffb2d72a000 	C:\Windows\SYSTEM32\VERSION.dll
0x00007ffb1d990000 - 0x00007ffb1d999000 	C:\Windows\SYSTEM32\WSOCK32.dll
0x00007ffb31d40000 - 0x00007ffb31d67000 	C:\Windows\SYSTEM32\WINMM.dll
0x00007ffb35160000 - 0x00007ffb351cb000 	C:\Windows\System32\WS2_32.dll
0x00007ffb31fa0000 - 0x00007ffb31fb2000 	C:\Windows\SYSTEM32\kernel.appcore.dll
0x00007ffb25f70000 - 0x00007ffb25f7a000 	C:\Users\aadiu\AppData\Local\Programs\Eclipse Adoptium\jdk-17.0.2.8-hotspot\bin\jimage.dll
0x00007ffb31b50000 - 0x00007ffb31d34000 	C:\Windows\SYSTEM32\DBGHELP.DLL
0x00007ffb31b20000 - 0x00007ffb31b4c000 	C:\Windows\SYSTEM32\dbgcore.DLL
0x00007ffb34690000 - 0x00007ffb34712000 	C:\Windows\System32\bcryptPrimitives.dll
0x00007ffb1cbf0000 - 0x00007ffb1cc15000 	C:\Users\aadiu\AppData\Local\Programs\Eclipse Adoptium\jdk-17.0.2.8-hotspot\bin\java.dll
0x00007ffb0bbb0000 - 0x00007ffb0bc86000 	C:\Users\aadiu\AppData\Local\Programs\Eclipse Adoptium\jdk-17.0.2.8-hotspot\bin\jsvml.dll
0x00007ffb35fd0000 - 0x00007ffb36713000 	C:\Windows\System32\SHELL32.dll
0x00007ffb32130000 - 0x00007ffb328c2000 	C:\Windows\SYSTEM32\windows.storage.dll
0x00007ffb34ad0000 - 0x00007ffb34e24000 	C:\Windows\System32\combase.dll
0x00007ffb33a60000 - 0x00007ffb33a90000 	C:\Windows\SYSTEM32\Wldp.dll
0x00007ffb349c0000 - 0x00007ffb34a6d000 	C:\Windows\System32\SHCORE.dll
0x00007ffb35020000 - 0x00007ffb35075000 	C:\Windows\System32\shlwapi.dll
0x00007ffb33fb0000 - 0x00007ffb33fcf000 	C:\Windows\SYSTEM32\profapi.dll
0x00007ffb0b3c0000 - 0x00007ffb0b54e000 	C:\Users\aadiu\AppData\Local\Programs\Eclipse Adoptium\jdk-17.0.2.8-hotspot\bin\awt.dll
0x00007ffb351d0000 - 0x00007ffb3529d000 	C:\Windows\System32\OLEAUT32.dll
0x00007ffb31300000 - 0x00007ffb31391000 	C:\Windows\SYSTEM32\apphelp.dll
0x00007ffb1cba0000 - 0x00007ffb1cbb8000 	C:\Users\aadiu\AppData\Local\Programs\Eclipse Adoptium\jdk-17.0.2.8-hotspot\bin\zip.dll
0x00007ffb31410000 - 0x00007ffb314ae000 	C:\Windows\system32\uxtheme.dll
0x00007ffb353f0000 - 0x00007ffb35505000 	C:\Windows\System32\MSCTF.dll
0x00007ffb35cd0000 - 0x00007ffb35dfa000 	C:\Windows\System32\ole32.dll
0x00007ffb31590000 - 0x00007ffb315bf000 	C:\Windows\system32\DWMAPI.DLL
0x00007ffadadb0000 - 0x00007ffadaed5000 	C:\Windows\system32\opengl32.dll
0x00007ffada100000 - 0x00007ffada12c000 	C:\Windows\SYSTEM32\GLU32.dll
0x00007ffb269b0000 - 0x00007ffb26b7f000 	C:\Windows\system32\d3d9.dll
0x00007ffb28d70000 - 0x00007ffb28f28000 	C:\Windows\System32\DriverStore\FileRepository\u0370468.inf_amd64_5e4260b11257b6e9\B370372\aticfx64.dll
0x00007ffb17910000 - 0x00007ffb17944000 	C:\Windows\System32\DriverStore\FileRepository\u0370468.inf_amd64_5e4260b11257b6e9\B370372\atiu9p64.dll
0x00007ffabe720000 - 0x00007ffabf474000 	C:\Windows\System32\DriverStore\FileRepository\u0370468.inf_amd64_5e4260b11257b6e9\B370372\atiumd64.dll
0x000000006c4b0000 - 0x000000006d324000 	C:\Windows\System32\DriverStore\FileRepository\u0370468.inf_amd64_5e4260b11257b6e9\B370372\atiumd6a.dll
0x00007ffb35730000 - 0x00007ffb35b98000 	C:\Windows\System32\SETUPAPI.dll
0x00007ffb34210000 - 0x00007ffb3425e000 	C:\Windows\System32\cfgmgr32.dll
0x00007ffb33e30000 - 0x00007ffb33e7b000 	C:\Windows\SYSTEM32\POWRPROF.dll
0x00007ffb34070000 - 0x00007ffb34097000 	C:\Windows\System32\bcrypt.dll
0x00007ffb33e10000 - 0x00007ffb33e22000 	C:\Windows\SYSTEM32\UMPDC.dll
0x00007ffb29180000 - 0x00007ffb291b0000 	C:\Windows\SYSTEM32\amdihk64.dll
0x00007ffb29960000 - 0x00007ffb2999b000 	C:\Windows\SYSTEM32\dxcore.dll
0x00007ffb0d970000 - 0x00007ffb0d9f9000 	C:\Users\aadiu\AppData\Local\Programs\Eclipse Adoptium\jdk-17.0.2.8-hotspot\bin\freetype.dll
0x00007ffafaaf0000 - 0x00007ffafab98000 	C:\Users\aadiu\AppData\Local\Programs\Eclipse Adoptium\jdk-17.0.2.8-hotspot\bin\fontmanager.dll
0x00007ffb28f30000 - 0x00007ffb29029000 	C:\Windows\SYSTEM32\textinputframework.dll
0x00007ffb30e70000 - 0x00007ffb311ce000 	C:\Windows\System32\CoreUIComponents.dll
0x00007ffb309d0000 - 0x00007ffb30ac2000 	C:\Windows\System32\CoreMessaging.dll
0x00007ffb33190000 - 0x00007ffb331c3000 	C:\Windows\SYSTEM32\ntmarta.dll
0x00007ffb30200000 - 0x00007ffb30354000 	C:\Windows\SYSTEM32\wintypes.dll

dbghelp: loaded successfully - version: 4.0.5 - missing functions: none
symbol engine: initialized successfully - sym options: 0x614 - pdb path: .;C:\Users\aadiu\AppData\Local\Programs\Eclipse Adoptium\jdk-17.0.2.8-hotspot\bin;C:\Windows\SYSTEM32;C:\Windows\WinSxS\amd64_microsoft.windows.common-controls_6595b64144ccf1df_6.0.19041.1110_none_60b5254171f9507e;C:\Users\aadiu\AppData\Local\Programs\Eclipse Adoptium\jdk-17.0.2.8-hotspot\bin\server;C:\Windows\System32\DriverStore\FileRepository\u0370468.inf_amd64_5e4260b11257b6e9\B370372

VM Arguments:
jvm_args: -XX:+ShowCodeDetailsInExceptionMessages 
java_command: summit.Main
java_class_path (initial): C:\Users\aadiu\AppData\Roaming\Code\User\workspaceStorage\929b6f7fce9865a60d0bbe8b6a275a21\redhat.java\jdt_ws\Summit Game_948de7c9\bin
Launcher Type: SUN_STANDARD

[Global flags]
     intx CICompilerCount                          = 12                                        {product} {ergonomic}
     uint ConcGCThreads                            = 3                                         {product} {ergonomic}
     uint G1ConcRefinementThreads                  = 13                                        {product} {ergonomic}
   size_t G1HeapRegionSize                         = 2097152                                   {product} {ergonomic}
    uintx GCDrainStackTargetSize                   = 64                                        {product} {ergonomic}
   size_t InitialHeapSize                          = 260046848                                 {product} {ergonomic}
   size_t MarkStackSize                            = 4194304                                   {product} {ergonomic}
   size_t MaxHeapSize                              = 4137680896                                {product} {ergonomic}
   size_t MaxNewSize                               = 2480930816                                {product} {ergonomic}
   size_t MinHeapDeltaBytes                        = 2097152                                   {product} {ergonomic}
   size_t MinHeapSize                              = 8388608                                   {product} {ergonomic}
    uintx NonNMethodCodeHeapSize                   = 7602480                                {pd product} {ergonomic}
    uintx NonProfiledCodeHeapSize                  = 122027880                              {pd product} {ergonomic}
    uintx ProfiledCodeHeapSize                     = 122027880                              {pd product} {ergonomic}
    uintx ReservedCodeCacheSize                    = 251658240                              {pd product} {ergonomic}
     bool SegmentedCodeCache                       = true                                      {product} {ergonomic}
     bool ShowCodeDetailsInExceptionMessages       = true                                   {manageable} {command line}
   size_t SoftMaxHeapSize                          = 4137680896                             {manageable} {ergonomic}
     bool UseCompressedClassPointers               = true                           {product lp64_product} {ergonomic}
     bool UseCompressedOops                        = true                           {product lp64_product} {ergonomic}
     bool UseG1GC                                  = true                                      {product} {ergonomic}
     bool UseLargePagesIndividualAllocation        = false                                  {pd product} {ergonomic}

Logging:
Log output configuration:
 #0: stdout all=warning uptime,level,tags
 #1: stderr all=off uptime,level,tags

Environment Variables:
JAVA_HOME=C:\Users\aadiu\AppData\Local\Programs\Eclipse Adoptium\jdk-17.0.2.8-hotspot\
PATH=C:\Program Files (x86)\Razer Chroma SDK\bin;C:\Program Files\Razer Chroma SDK\bin;C:\Program Files (x86)\Razer\ChromaBroadcast\bin;C:\Program Files\Razer\ChromaBroadcast\bin;C:\Program Files (x86)\Common Files\Oracle\Java\javapath;C:\Program Files\Python38\Scripts\;C:\Program Files\Python38\;C:\Windows\system32;C:\Windows;C:\Windows\System32\Wbem;C:\Windows\System32\WindowsPowerShell\v1.0\;C:\Windows\System32\OpenSSH\;C:\Program Files (x86)\NVIDIA Corporation\PhysX\Common;C:\Program Files\NVIDIA Corporation\NVIDIA NvDLISR;C:\Users\aadiu\AppData\Local\Microsoft\WindowsApps;C:\Users\aadiu\AppData\Local\Programs\Microsoft VS Code\bin;C:\Windows\system32\config\systemprofile\AppData\Local\Microsoft\WindowsApps;C:\Program Files\dotnet\;C:\Program Files\Git\cmd;C:\MinGW\bin\;C:\Program Files (x86)\Windows Kits\10\Windows Performance Toolkit\;C:\Users\aadiu\AppData\Local\Programs\Eclipse Adoptium\jdk-17.0.2.8-hotspot\bin;C:\Users\aadiu\AppData\Local\Microsoft\WindowsApps;C:\Users\aadiu\AppData\Local\Programs\Microsoft VS Code\bin;C:\Users\aadiu\AppData\Local\GitHubDesktop\bin
USERNAME=aadiu
LANG=en_US.UTF-8
OS=Windows_NT
PROCESSOR_IDENTIFIER=AMD64 Family 25 Model 80 Stepping 0, AuthenticAMD



---------------  S Y S T E M  ---------------

OS:
 Windows 10 , 64 bit Build 19041 (10.0.19041.2251)
OS uptime: 1 days 9:09 hours

CPU: total 16 (initial active 16) (16 cores per cpu, 2 threads per core) family 25 model 80 stepping 0 microcode 0x0, cx8, cmov, fxsr, ht, mmx, 3dnowpref, sse, sse2, sse3, ssse3, sse4a, sse4.1, sse4.2, popcnt, lzcnt, tsc, tscinvbit, avx, avx2, aes, erms, clmul, bmi1, bmi2, adx, sha, fma, vzeroupper, clflush, clflushopt

Memory: 4k page, system-wide physical 15776M (7159M free)
TotalPageFile size 20128M (AvailPageFile size 6639M)
current process WorkingSet (physical memory assigned to process): 118M, peak: 120M
current process commit charge ("private bytes"): 428M, peak: 430M

vm_info: OpenJDK 64-Bit Server VM (17.0.2+8) for windows-amd64 JRE (17.0.2+8), built on Jan 20 2022 04:52:34 by "" with MS VC++ 16.7 (VS2019)

END.
