#
# A fatal error has been detected by the Java Runtime Environment:
#
#  EXCEPTION_ACCESS_VIOLATION (0xc0000005) at pc=0x0000020b9b6db05a, pid=19692, tid=24396
#
# JRE version: OpenJDK Runtime Environment Temurin-17.0.2+8 (17.0.2+8) (build 17.0.2+8)
# Java VM: OpenJDK 64-Bit Server VM Temurin-17.0.2+8 (17.0.2+8, mixed mode, sharing, tiered, compressed oops, compressed class ptrs, g1 gc, windows-amd64)
# Problematic frame:
# J 1119 c2 summit.gfx.Renderer.render(Ljava/lang/String;FFILsummit/gfx/ColorFilter;)V (276 bytes) @ 0x0000020b9b6db05a [0x0000020b9b6da3a0+0x0000000000000cba]
#
# No core dump will be written. Minidumps are not enabled by default on client versions of Windows
#
# If you would like to submit a bug report, please visit:
#   https://github.com/adoptium/adoptium-support/issues
#

---------------  S U M M A R Y ------------

Command Line: -XX:+ShowCodeDetailsInExceptionMessages summit.Main

Host: AMD Ryzen 9 5900HS with Radeon Graphics        , 16 cores, 15G,  Windows 10 , 64 bit Build 19041 (10.0.19041.2251)
Time: Mon Nov 14 19:22:47 2022 Central Standard Time elapsed time: 1.322449 seconds (0d 0h 0m 1s)

---------------  T H R E A D  ---------------

Current thread (0x0000020bb0feb3f0):  JavaThread "Thread-2" [_thread_in_Java, id=24396, stack(0x0000009182000000,0x0000009182100000)]

Stack: [0x0000009182000000,0x0000009182100000],  sp=0x00000091820ff240,  free space=1020k
Native frames: (J=compiled Java code, j=interpreted, Vv=VM code, C=native code)
C  0x0000020b9b6db05a


siginfo: EXCEPTION_ACCESS_VIOLATION (0xc0000005), reading address 0x0000000b1760efe8


Register to memory mapping:

RIP=0x0000020b9b6db05a is at entry_point+3258 in (nmethod*)0x0000020b9b6da190
RAX=0x0000000718deebf8 is an oop: [[I 
{0x0000000718deebf8} - klass: {type array int}[]
 - length: 16
RBX=3807124995 is a compressed pointer to object: [[I 
{0x000000071760f018} - klass: {type array int}[]
 - length: 144
RCX=0x00000000000000f9 is an unknown value
RDX=0x0 is NULL
RSP=0x00000091820ff240 is pointing into the stack for thread: 0x0000020bb0feb3f0
RBP=0x0000000000000090 is an unknown value
RSI=0x0 is NULL
RDI=0x00000000fffffff0 is an unknown value
R8 =0x00000000fffffff0 is an unknown value
R9 =0x0000000717608fa8 is an oop: summit.gfx.Renderer 
{0x0000000717608fa8} - klass: 'summit/gfx/Renderer'
 - ---- fields (total size 2 words):
 - private 'frame' '[[I' @12  a {type array int}[144] {0x000000071760f018} (e2ec1e03)
R10=0x0000000000000010 is an unknown value
R11=0x000000071760f018 is an oop: [[I 
{0x000000071760f018} - klass: {type array int}[]
 - length: 144
R12=0x0 is NULL
R13=3807281933 is a compressed pointer to object: [I 
{0x0000000717741868} - klass: {type array int}
 - length: 16
R14=0x0000000000000010 is an unknown value
R15=0x0000020bb0feb3f0 is a thread


Registers:
RAX=0x0000000718deebf8, RBX=0x00000000e2ec1e03, RCX=0x00000000000000f9, RDX=0x0000000000000000
RSP=0x00000091820ff240, RBP=0x0000000000000090, RSI=0x0000000000000000, RDI=0x00000000fffffff0
R8 =0x00000000fffffff0, R9 =0x0000000717608fa8, R10=0x0000000000000010, R11=0x000000071760f018
R12=0x0000000000000000, R13=0x00000000e2ee830d, R14=0x0000000000000010, R15=0x0000020bb0feb3f0
RIP=0x0000020b9b6db05a, EFLAGS=0x0000000000010287

Top of Stack: (sp=0x00000091820ff240)
0x00000091820ff240:   0000010000000000 000000f800000108
0x00000091820ff250:   fffffff0000000f8 00000000fffffff0
0x00000091820ff260:   00000000fffffff0 00000000000000f8
0x00000091820ff270:   0000000718dee690 0000000000000000
0x00000091820ff280:   0000000000000001 0000020bc1000000
0x00000091820ff290:   0000000043800000 0000000717608fb8
0x00000091820ff2a0:   00000091820ff480 0000020b943a8514
0x00000091820ff2b0:   00000091820ff350 00000091820ff3e8
0x00000091820ff2c0:   0000020b93ad94fe 0000020b9b6c2299
0x00000091820ff2d0:   01d8f890c5617238 0000000000000000
0x00000091820ff2e0:   0000000000000000 0000000717608fa8
0x00000091820ff2f0:   000000071763cf90 0000020b00000004
0x00000091820ff300:   0000000000000000 0000020b93ad94fe
0x00000091820ff310:   00000091820ff480 0000020b943a8c6c
0x00000091820ff320:   00000091820ff320 0000020bb0600054
0x00000091820ff330:   00000091820ff380 0000020bb0607eb8 

Instructions: (pc=0x0000020b9b6db05a)
0x0000020b9b6daf5a:   f9 6e e1 41 8b cb ff c1 41 8b f8 e9 c8 00 00 00
0x0000020b9b6daf6a:   66 0f 1f 44 00 00 44 2b 5c 24 10 41 8b d3 ff c2
0x0000020b9b6daf7a:   45 8b d8 41 3b d2 0f 83 6e 04 00 00 45 8b 4c dc
0x0000020b9b6daf8a:   10 47 8b 4c cc 0c 45 3b d9 0f 83 63 01 00 00 c4
0x0000020b9b6daf9a:   c1 f9 7e d0 45 8b 4c 80 10 47 8b 44 cc 0c 49 c1
0x0000020b9b6dafaa:   e1 03 41 3b d0 0f 83 67 04 00 00 45 8b 44 91 10
0x0000020b9b6dafba:   41 83 f8 ff 0f 84 2e 01 00 00 41 8b 54 f4 0c 44
0x0000020b9b6dafca:   3b da 0f 83 66 04 00 00 47 89 44 9d 10 33 d2 c4
0x0000020b9b6dafda:   c1 f9 7e d0 45 8b 48 10 47 8b 4c cc 0c 44 03 4c
0x0000020b9b6dafea:   24 10 4d 8b b7 48 03 00 00 45 8b c3 41 ff c0 41
0x0000020b9b6daffa:   85 06 45 3b c1 0f 8c 6b ff ff ff 4d 8b 9f 48 03
0x0000020b9b6db00a:   00 00 ff c7 41 85 03 3b 3c 24 0f 8d ec 00 00 00
0x0000020b9b6db01a:   c4 c1 f9 7e c1 c4 e1 f9 7e ce c5 f9 7e da 44 8b
0x0000020b9b6db02a:   5c 24 10 44 8b 44 24 14 44 3b 5c 24 08 0f 8d df
0x0000020b9b6db03a:   00 00 00 44 89 44 24 14 44 89 5c 24 10 c5 f9 6e
0x0000020b9b6db04a:   da c4 e1 f9 6e ce c4 c1 f9 6e c1 c4 c1 f9 7e e3
0x0000020b9b6db05a:   41 8b 74 bb 10 8b c7 41 2b c0 3b fd 0f 83 20 fe
0x0000020b9b6db06a:   ff ff 44 8b 5c 24 10 44 3b 5c 24 04 0f 83 10 fe
0x0000020b9b6db07a:   ff ff c4 c1 f9 7e d3 45 8b 5c 83 10 47 8b 4c dc
0x0000020b9b6db08a:   0c 45 85 c9 0f 86 d8 04 00 00 47 8b 44 dc 10 41
0x0000020b9b6db09a:   83 f8 ff 0f 84 99 00 00 00 45 8b 4c f4 0c 44 8b
0x0000020b9b6db0aa:   5c 24 10 45 3b d9 0f 83 87 03 00 00 4d 8d 0c f4
0x0000020b9b6db0ba:   47 89 44 99 10 33 d2 c4 c1 f9 7e d3 45 8b 5b 10
0x0000020b9b6db0ca:   47 8b 44 dc 0c 44 03 44 24 10 41 3b c8 0f 8d 28
0x0000020b9b6db0da:   ff ff ff 3b fd 73 65 4d 8d 2c f4 44 8b d9 ba 01
0x0000020b9b6db0ea:   00 00 00 e9 8b fe ff ff c4 e1 f9 7e ca e9 dd fe
0x0000020b9b6db0fa:   ff ff c4 e1 f9 7e ca e9 d3 fe ff ff c5 f8 77 48
0x0000020b9b6db10a:   83 c4 60 5d 49 3b a7 40 03 00 00 0f 87 99 0a 00
0x0000020b9b6db11a:   00 c3 44 89 44 24 14 44 89 5c 24 10 c5 f9 6e da
0x0000020b9b6db12a:   c4 e1 f9 6e ce c4 c1 f9 6e c1 48 8b d6 e9 c9 fe
0x0000020b9b6db13a:   ff ff c4 e1 f9 7e ca e9 7b ff ff ff 44 8b d9 41
0x0000020b9b6db14a:   b8 01 00 00 00 eb 1d 0f 1f 84 00 00 00 00 00 0f 


Stack slot to memory mapping:
stack at sp + 0 slots: 0x0000010000000000 is an unknown value
stack at sp + 1 slots: 0x000000f800000108 is an unknown value
stack at sp + 2 slots: 0xfffffff0000000f8 is an unknown value
stack at sp + 3 slots: 0x00000000fffffff0 is an unknown value
stack at sp + 4 slots: 0x00000000fffffff0 is an unknown value
stack at sp + 5 slots: 0x00000000000000f8 is an unknown value
stack at sp + 6 slots: 0x0000000718dee690 is an oop: [[I 
{0x0000000718dee690} - klass: {type array int}[]
 - length: 16
stack at sp + 7 slots: 0x0 is NULL

--------------------------------------------------------------------------------
[Constant Pool (empty)]

--------------------------------------------------------------------------------

[MachCode]
  0x0000020b9b6da3a0: 448b 5208 | 49bb 0000 | 0000 0800 | 0000 4d03 | d349 3bc2 | 0f85 c626 | 44f8 6690 | 0f1f 4000 
  0x0000020b9b6da3c0: 8984 2400 | 90ff ff55 | 4883 ec60 | 4889 7c24 | 10c4 c179 | 6ed1 c5f8 | 28e9 4889 | 1424 4d8b 
  0x0000020b9b6da3e0: d049 bb38 | 1661 1707 | 0000 0041 | 8b6b 7045 | 8b5c ec08 | 4181 fbe0 | ad0b 000f | 85e3 1100 
  0x0000020b9b6da400: 004d 8d1c | ec45 8b5b | 2447 8b44 | dc0c 4585 | c00f 866f | 1200 004b | 8d0c dc4d | 85d2 0f84 
  0x0000020b9b6da420: c30f 0000 | 418b 5a0c | 41ff c885 | db75 6c41 | 0fb6 5a11 | 85db 0f85 | 7c0f 0000 | 410f be5a 
  0x0000020b9b6da440: 1085 db0f | 8573 1400 | 0045 8b4a | 1443 8b6c | cc0c 85ed | 0f86 6b0f | 0000 8bd5 | ffca 3bd5 
  0x0000020b9b6da460: 0f83 8213 | 0000 470f | b65c cc10 | 8bdd 83c3 | fd3b d3bf | 0000 0080 | 0f4c df41 | 8bfb c1e7 
  0x0000020b9b6da480: 0541 2bfb | 4f8d 2ccc | 83fb 010f | 8e8b 1300 | 00be 0100 | 0000 4533 | c9eb 4344 | 8bdb 41c1 
  0x0000020b9b6da4a0: eb10 4433 | db45 23c3 | 33d2 e9f6 | 0000 0045 | 0fb6 4c35 | 1041 03f9 | ffc6 3bf5 | 0f8d ca00 
  0x0000020b9b6da4c0: 0000 448b | cf41 c1e1 | 0544 2bcf | 418b f9eb | de4d 8bd6 | c4c1 797e | d8c4 c179 | 7ec9 8bc3 
  0x0000020b9b6da4e0: 2bc6 3bde | 410f 4cc1 | 81f8 a00f | 0000 41bb | a00f 0000 | 410f 47c3 | 03c6 4d8b | f2c4 c179 
  0x0000020b9b6da500: 6ed8 c4c1 | 796e c966 | 0f1f 8400 | 0000 0000 | 4c63 de47 | 0fb6 541d | 1047 0fb6 | 4c1d 1347 
  0x0000020b9b6da520: 0fb6 441d | 1143 0fb6 | 541d 1241 | 03fa 448b | d741 c1e2 | 0544 2bd7 | 4503 d041 | 8bfa c1e7 
  0x0000020b9b6da540: 0541 2bfa | 03fa 448b | df41 c1e3 | 0544 2bdf | 4503 d941 | 8bfb c1e7 | 0541 2bfb | 83c6 043b 
  0x0000020b9b6da560: f07c ad4d | 8b97 4803 | 0000 4185 | 023b f30f | 8c5c ffff | ff4d 8bd6 | c4c1 797e | d8c5 f97e 
  0x0000020b9b6da580: ca3b f50f | 8c26 ffff | ff41 8bfb | 85ff 0f84 | 330e 0000 | 4189 7a0c | 448b df41 | c1eb 1044 
  0x0000020b9b6da5a0: 33df 4523 | c346 8b4c | 8110 438b | 4ccc 0c41 | 3bcb 0f85 | fb0b 0000 | 478b 44cc | 1049 8bc8 
  0x0000020b9b6da5c0: 48c1 e103 | 493b ca0f | 845b 0100 | 0041 0fbe | 7a10 4c3b | d10f 844d | 0100 0043 | 8b4c c408 
  0x0000020b9b6da5e0: 81f9 70e9 | 0000 0f85 | 6413 0000 | 49c1 e003 | 410f be68 | 103b fd0f | 8587 1200 | 0045 8b40 
  0x0000020b9b6da600: 1441 8b6a | 1443 8b7c | c40c 418b | 4cec 0c3b | cf0f 85d4 | 0000 004b | 8d1c c44b | 8d74 c410 
  0x0000020b9b6da620: 4d8d 04ec | 498d 7cec | 1085 c90f | 84a5 0000 | 008b c183 | e01f 83e1 | e00f 844b | 0000 0048 
  0x0000020b9b6da640: 8d3c 0f48 | 8d34 0e48 | f7d9 c5fe | 6f1c 0fc5 | fe6f 0c0e | c5e5 efd9 | c4e2 7d17 | db0f 857a 
  0x0000020b9b6da660: 0000 0048 | 83c1 2075 | e185 c00f | 8465 0000 | 00c5 fe6f | 5c07 e0c5 | fe6f 4c06 | e0c5 e5ef 
  0x0000020b9b6da680: d9c4 e27d | 17db 7555 | eb4c 8bc8 | 83e1 fc74 | 1948 8d3c | 0f48 8d34 | 0e48 f7d9 | 8b1c 0f3b 
  0x0000020b9b6da6a0: 1c0e 7539 | 4883 c104 | 75f2 f7c0 | 0200 0000 | 7412 0fb7 | 1f0f b70e | 3bd9 7521 | 488d 7f02 
  0x0000020b9b6da6c0: 488d 7602 | f7c0 0100 | 0000 740a | 0fb6 1f0f | b60e 3bd9 | 7507 b801 | 0000 00eb | 0233 c0c5 
  0x0000020b9b6da6e0: e5ef dbc5 | f5ef c985 | c075 3dba | 45ff ffff | 488b 2c24 | c5fa 1114 | 244c 8b44 | 2410 4c89 
  0x0000020b9b6da700: 4424 08c5 | fa11 4424 | 04c5 fa11 | 6c24 104c | 8954 2418 | 4489 4c24 | 1444 895c | 2420 6690 
  0x0000020b9b6da720: c5f8 77e8 | d87b 44f8 | 4f8d 04cc | 418b 6814 | 458b 5cec | 0841 81fb | 086d 0000 | 0f85 ee11 
  0x0000020b9b6da740: 0000 498d | 04ec 448b | 500c 4585 | d20f 86b5 | 0e00 0044 | 8b58 1047 | 8b44 dc0c | 41d1 fa41 
  0x0000020b9b6da760: d1f8 c4c1 | 796e cac5 | f85b c9c4 | c179 6ee0 | c5f8 5be4 | c5d2 5cc9 | c5fa 5cdc | c4c1 797e 
  0x0000020b9b6da780: dac5 f97e | cb45 8bda | 41c1 eb17 | 448b c341 | c1e8 1745 | 0fb6 dbb9 | 9500 0000 | 412b cb45 
  0x0000020b9b6da7a0: 0fb6 c0bf | 9500 0000 | 412b f8f7 | c1e0 ffff | ff0f 859d | 0b00 0045 | 8bda 4181 | e3ff ff7f 
  0x0000020b9b6da7c0: 0041 81cb | 0000 8000 | 4585 d20f | 8c0e 0c00 | 0041 d3fb | 41ff c341 | d1fb f7c7 | e0ff ffff 
  0x0000020b9b6da7e0: 0f85 900b | 0000 448b | c341 81e0 | ffff 7f00 | 4181 c800 | 0080 0085 | db0f 8cd8 | 0b00 008b 
  0x0000020b9b6da800: cf41 d3f8 | 41ff c041 | d1f8 c4c1 | 797e d245 | 85d2 7508 | 4533 d2e9 | 8d06 0000 | 41f7 c204 
  0x0000020b9b6da820: 0000 0074 | 3044 8944 | 2418 4489 | 5c24 0c89 | 5424 0841 | 8bea 488b | d066 6690 | c5f8 77e8 
  0x0000020b9b6da840: dcf0 ffff | 448b d58b | 5424 0844 | 8b5c 240c | 448b 4424 | 1841 f7c2 | 0100 0000 | 0f84 7f02 
  0x0000020b9b6da860: 0000 8b68 | 0c85 ed0f | 86c3 0e00 | 0044 8b48 | 1047 8b4c | cc0c 4489 | 4c24 2c89 | 6c24 2848 
  0x0000020b9b6da880: 8944 2420 | 4489 4424 | 1c44 895c | 2418 8954 | 240c 4489 | 5424 0848 | ba08 6d00 | 0008 0000 
  0x0000020b9b6da8a0: 0044 8bc5 | c5f8 77e8 | d41b 4ff8 | 448b dd41 | ffcb 443b | dd0f 832d | 0e00 0044 | 8b50 0c45 
  0x0000020b9b6da8c0: 85d2 0f86 | 200e 0000 | 453b da0f | 8317 0e00 | 0044 8b74 | 242c 41ff | ce44 8b6c | 242c 41d1 
  0x0000020b9b6da8e0: fd4c 6344 | 242c 418b | ed83 c5fe | 443b ed41 | ba00 0000 | 8041 0f4c | ea4d 63d5 | 498b d849 
  0x0000020b9b6da900: 2bda 458b | dd41 ffc3 | 48ff cb33 | f6e9 0501 | 0000 0f1f | 8000 0000 | 000f 1f80 | 0000 0000 
  0x0000020b9b6da920: 8bd7 448b | 5490 0c8b | 7c24 2c2b | f948 63d9 | 4589 549b | 1044 8b54 | 9810 4589 | 5493 0c49 
  0x0000020b9b6da940: 8bd0 482b | d344 8b54 | 9008 4589 | 549b 1444 | 8b54 9814 | 4589 5493 | 0844 8b54 | 9004 4589 
  0x0000020b9b6da960: 549b 1844 | 8b54 9818 | 4589 5493 | 0444 8b14 | 9045 8954 | 9b1c 448b | 5498 1c45 | 8914 9383 
  0x0000020b9b6da980: c7fc 83c1 | 0441 3bc9 | 7c96 4d8b | 9748 0300 | 0041 8502 | 3bcd 7d28 | 8bd7 448b | cd44 2bc9 
  0x0000020b9b6da9a0: 3be9 440f | 4c4c 240c | 4181 f9a0 | 0f00 00bf | a00f 0000 | 440f 47cf | 4403 c9e9 | 62ff ffff 
  0x0000020b9b6da9c0: c4e1 f97e | cb3b 4c24 | 307d 2c90 | 448b 54b8 | 0c45 8954 | 8b10 448b | 5488 1045 | 8954 bb0c 
  0x0000020b9b6da9e0: 448b d141 | ffc2 443b | 5424 307d | 0a41 8bfe | 2bf9 418b | caeb d54d | 8b97 4803 | 0000 ffc6 
  0x0000020b9b6daa00: 4185 023b | 7424 280f | 8dbc 0000 | 00c4 e1f9 | 7ec0 448b | 5c24 304c | 8b54 2420 | 418b 7a10 
  0x0000020b9b6daa20: 85ff 0f84 | 4d0b 0000 | 458b 54b2 | 1043 8b54 | d40c 8b4c | b010 458b | 4ccc 0c44 | 895c 2430 
  0x0000020b9b6daa40: c4e1 f96e | c04c 63da | 493b db0f | 8333 0b00 | 0044 3bf2 | 0f83 2a0b | 0000 4585 | c90f 8621 
  0x0000020b9b6daa60: 0b00 0045 | 3be9 0f83 | 180b 0000 | 85d2 0f86 | 100b 0000 | 443b ea0f | 8307 0b00 | 004d 63d9 
  0x0000020b9b6daa80: 493b db0f | 83fb 0a00 | 0045 3bf1 | 0f83 f20a | 0000 4d8d | 1ccc 4b8d | 04d4 428b | 7c80 0c41 
  0x0000020b9b6daaa0: 897c cc10 | 478b 4cd4 | 1047 894c | 830c 83fd | 010f 8e01 | 0b00 0041 | 8bd6 b901 | 0000 00c4 
  0x0000020b9b6daac0: e1f9 6ecb | e9d1 feff | ffc4 e1f9 | 7ec0 448b | 5424 088b | 5424 0c44 | 8b5c 2418 | 448b 4424 
  0x0000020b9b6daae0: 1c41 f7c2 | 0200 0000 | 0f84 bb03 | 0000 8b58 | 0c85 db0f | 86bd 0c00 | 008b 4810 | 458b 4ccc 
  0x0000020b9b6dab00: 0c89 5c24 | 2848 8944 | 2420 4489 | 4424 1c44 | 895c 2418 | 8954 240c | 4489 5424 | 0848 ba08 
  0x0000020b9b6dab20: 6d00 0008 | 0000 0044 | 8bc3 6690 | c5f8 77e8 | 4c19 4ff8 | 448b 500c | 448b 5c24 | 2841 d1fb 
  0x0000020b9b6dab40: 458b c341 | ffc0 4585 | d20f 860a | 0c00 0045 | 3bda 0f83 | 010c 0000 | 4863 6c24 | 284d 63cb 
  0x0000020b9b6dab60: 488b cd49 | 2bc9 48ff | c948 3bcd | 0f83 e70b | 0000 448b | 4c24 2841 | ffc9 443b | 4c24 280f 
  0x0000020b9b6dab80: 83d4 0b00 | 0044 8944 | 242c 4d63 | c249 3bc8 | 0f83 be0b | 0000 453b | ca0f 8309 | 0c00 0044 
  0x0000020b9b6daba0: 3b5c 2428 | 0f83 050c | 0000 4533 | d2eb 31c4 | c1f9 7ec3 | c4c1 797e | d2c4 e1f9 | 7ee8 c4e1 
  0x0000020b9b6dabc0: f97e f54d | 8b87 4803 | 0000 41ff | c241 8500 | 443b 5424 | 2c0f 8dbb | 0200 004c | 895c 2420 
  0x0000020b9b6dabe0: 4c8b 5c24 | 2045 8b4b | 1043 8b5c | cc0c 85db | 76d1 c5fb | 1044 2420 | c4c1 796e | d24d 63c2 
  0x0000020b9b6dac00: 4c8b dd4d | 2bd8 4c8b | 5424 2047 | 8b54 9a0c | c4c1 796e | da47 8b74 | d40c 468b | 5480 10c4 
  0x0000020b9b6dac20: c179 6ee2 | 478b 4cd4 | 0c4c 8b54 | 2420 478b | 5482 10c4 | c179 6eca | 438b 4cd4 | 0c42 8b7c 
  0x0000020b9b6dac40: 980c 458b | 6cfc 0c45 | 85f6 0f86 | 8409 0000 | 41ba 0100 | 0000 453b | d645 0f4f | d6c4 c179 
  0x0000020b9b6dac60: 7ee3 4f8d | 04dc c4c1 | 797e db4b | 8d14 dc41 | 8bd8 498d | 34fc c1eb | 02c4 c179 | 7ecb 49c1 
  0x0000020b9b6dac80: e303 83e3 | 0341 03da | f7db 83e3 | 0341 03da | 413b de41 | 0f4f de45 | 33d2 eb0c | 448b d144 
  0x0000020b9b6daca0: 8b4c 2420 | 8b4c 2424 | 453b d60f | 837a 0100 | 00c5 f96e | ff89 4c24 | 2444 894c | 2420 c4e1 
  0x0000020b9b6dacc0: f96e f5c4 | e1f9 6ee8 | 468b 4c92 | 1044 3b54 | 2420 0f83 | 7c07 0000 | 4789 4c90 | 1044 3bd1 
  0x0000020b9b6dace0: 0f83 ca07 | 0000 478b | 4c93 1045 | 3bd5 0f83 | 1c08 0000 | 4689 4c96 | 10c4 c1f9 | 7ec1 458b 
  0x0000020b9b6dad00: 4910 478b | 4ccc 0c41 | 8bca ffc1 | 413b c90f | 8d9a feff | ff3b cb0f | 8c7f ffff | ff49 63de 
  0x0000020b9b6dad20: 4963 fd48 | 6344 2424 | 4863 6c24 | 2048 3bdd | 418b de0f | 4f5c 2420 | 4963 e94c | 63cb 4c3b 
  0x0000020b9b6dad40: c80f 4f5c | 2424 48ff | cd4c 63cb | 4c3b cf41 | 0f4f dd44 | 8bcd 4863 | fb48 3bfd | 410f 4fd9 
  0x0000020b9b6dad60: 448b cb41 | 83c1 f941 | 3bd9 bb00 | 0000 8044 | 0f4c cb41 | 3bc9 0f8d | 6008 0000 | 41ff c290 
  0x0000020b9b6dad80: c421 7a6f | 4492 10c4 | 017a 7f44 | 9010 c401 | 7a6f 4493 | 10c4 217a | 7f44 9610 | c421 7a6f 
  0x0000020b9b6dada0: 4492 20c4 | 017a 7f44 | 9020 c401 | 7a6f 4493 | 20c4 217a | 7f44 9620 | 4183 c208 | 453b d17c 
  0x0000020b9b6dadc0: bf45 3bd6 | 7d59 6690 | 453b d673 | 5946 8b4c | 9210 443b | 5424 200f | 8377 0600 | 0047 894c 
  0x0000020b9b6dade0: 9010 443b | 5424 240f | 83c3 0600 | 0047 8b4c | 9310 453b | d50f 8315 | 0700 0046 | 894c 9610 
  0x0000020b9b6dae00: c4c1 f97e | c145 8b49 | 1043 8b4c | cc0c 41ff | c244 3bd1 | 0f8d 95fd | ffff 453b | d67c a9c4 
  0x0000020b9b6dae20: e1f9 7ee8 | eb05 c4e1 | f97e e8ba | e4ff ffff | 488b 2c24 | 448b 5c24 | 0844 891c | 244c 8b5c 
  0x0000020b9b6dae40: 2410 4c89 | 5c24 0844 | 8b44 2418 | 4489 4424 | 0444 8b5c | 241c 4489 | 5c24 10c5 | fb11 4424 
  0x0000020b9b6dae60: 1848 8944 | 2420 4489 | 5424 2844 | 8954 242c | c5fa 1154 | 2430 c5fa | 1164 2434 | c5fa 115c 
  0x0000020b9b6dae80: 2438 6690 | c5f8 77e8 | 7474 44f8 | c4e1 f97e | cae9 2b02 | 0000 8b54 | 240c 448b | 5c24 1844 
  0x0000020b9b6daea0: 8b44 241c | 448b 5424 | 0841 8bea | c1fd 0385 | ed0f 8505 | 0800 0044 | 8b50 0c41 | 8bc8 4103 
  0x0000020b9b6daec0: ca44 3bc1 | 0f8d 3c02 | 0000 4d63 | ca49 63d8 | 418b f8f7 | df48 63ff | 4803 df49 | 3bd9 0f83 
  0x0000020b9b6daee0: 5807 0000 | 4863 d948 | 03df 48ff | cb49 3bd9 | 0f83 7e07 | 0000 4c8b | 0c24 418b | 590c 418b 
  0x0000020b9b6daf00: 6cdc 0c85 | ed0f 8674 | 0700 0041 | 8b7c dc10 | 418b 7cfc | 0c48 8b74 | 2410 4885 | f60f 8522 
  0x0000020b9b6daf20: 0700 0045 | 85d2 0f86 | 1907 0000 | 448b 5010 | 478b 54d4 | 0c45 85d2 | 0f86 0707 | 0000 897c 
  0x0000020b9b6daf40: 2404 890c | 24c4 e1f9 | 6ed0 418b | ca41 03cb | 894c 2408 | 498d 0cdc | c4e1 f96e | e141 8bcb 
  0x0000020b9b6daf60: ffc1 418b | f8e9 c800 | 0000 660f | 1f44 0000 | 442b 5c24 | 1041 8bd3 | ffc2 458b | d841 3bd2 
  0x0000020b9b6daf80: 0f83 6e04 | 0000 458b | 4cdc 1047 | 8b4c cc0c | 453b d90f | 8363 0100 | 00c4 c1f9 | 7ed0 458b 
  0x0000020b9b6dafa0: 4c80 1047 | 8b44 cc0c | 49c1 e103 | 413b d00f | 8367 0400 | 0045 8b44 | 9110 4183 | f8ff 0f84 
  0x0000020b9b6dafc0: 2e01 0000 | 418b 54f4 | 0c44 3bda | 0f83 6604 | 0000 4789 | 449d 1033 | d2c4 c1f9 | 7ed0 458b 
  0x0000020b9b6dafe0: 4810 478b | 4ccc 0c44 | 034c 2410 | 4d8b b748 | 0300 0045 | 8bc3 41ff | c041 8506 | 453b c10f 
  0x0000020b9b6db000: 8c6b ffff | ff4d 8b9f | 4803 0000 | ffc7 4185 | 033b 3c24 | 0f8d ec00 | 0000 c4c1 | f97e c1c4 
  0x0000020b9b6db020: e1f9 7ece | c5f9 7eda | 448b 5c24 | 1044 8b44 | 2414 443b | 5c24 080f | 8ddf 0000 | 0044 8944 
  0x0000020b9b6db040: 2414 4489 | 5c24 10c5 | f96e dac4 | e1f9 6ece | c4c1 f96e | c1c4 c1f9 | 7ee3 418b | 74bb 108b 
  0x0000020b9b6db060: c741 2bc0 | 3bfd 0f83 | 20fe ffff | 448b 5c24 | 1044 3b5c | 2404 0f83 | 10fe ffff | c4c1 f97e 
  0x0000020b9b6db080: d345 8b5c | 8310 478b | 4cdc 0c45 | 85c9 0f86 | d804 0000 | 478b 44dc | 1041 83f8 | ff0f 8499 
  0x0000020b9b6db0a0: 0000 0045 | 8b4c f40c | 448b 5c24 | 1045 3bd9 | 0f83 8703 | 0000 4d8d | 0cf4 4789 | 4499 1033 
  0x0000020b9b6db0c0: d2c4 c1f9 | 7ed3 458b | 5b10 478b | 44dc 0c44 | 0344 2410 | 413b c80f | 8d28 ffff | ff3b fd73 
  0x0000020b9b6db0e0: 654d 8d2c | f444 8bd9 | ba01 0000 | 00e9 8bfe | ffff c4e1 | f97e cae9 | ddfe ffff | c4e1 f97e 
  0x0000020b9b6db100: cae9 d3fe | ffff c5f8 | 7748 83c4 | 605d 493b | a740 0300 | 000f 8799 | 0a00 00c3 | 4489 4424 
  0x0000020b9b6db120: 1444 895c | 2410 c5f9 | 6eda c4e1 | f96e cec4 | c1f9 6ec1 | 488b d6e9 | c9fe ffff | c4e1 f97e 
  0x0000020b9b6db140: cae9 7bff | ffff 448b | d941 b801 | 0000 00eb | 1d0f 1f84 | 0000 0000 | 000f 1f80 | 0000 0000 
  0x0000020b9b6db160: 442b 5c24 | 1045 8bc3 | 41ff c044 | 8bda 453b | c20f 837d | 0200 0045 | 3b64 dc10 | 0f84 4304 
  0x0000020b9b6db180: 0000 c4e1 | f97e d244 | 8b4a 1047 | 8b44 cc0c | 4403 4424 | 104d 8b8f | 4803 0000 | 418b d3ff 
  0x0000020b9b6db1a0: c241 8501 | 413b d07c | b7c4 e1f9 | 7eca e952 | feff ff43 | 8b6c cc18 | 85ed 0f84 | 6806 0000 
  0x0000020b9b6db1c0: 438b 4ccc | 0881 f998 | b014 000f | 8483 0600 | 004d 8d04 | ec45 8b48 | 0c45 3bcb | 0f85 b601 
  0x0000020b9b6db1e0: 0000 458b | 4810 498b | c948 c1e1 | 0349 3bca | 0f84 36f5 | ffff 410f | be7a 104c | 3bd1 0f84 
  0x0000020b9b6db200: 28f5 ffff | 438b 4ccc | 0881 f970 | e900 000f | 857b 0700 | 0049 c1e1 | 0341 0fbe | 6910 3bfd 
  0x0000020b9b6db220: 0f85 d206 | 0000 458b | 4914 418b | 5a14 438b | 74cc 0c41 | 8b4c dc0c | 3bce 0f85 | d800 0000 
  0x0000020b9b6db240: 4b8d 3ccc | 4b8d 74cc | 104d 8d0c | dc49 8d7c | dc10 85c9 | 0f84 a500 | 0000 8bc1 | 83e0 1f83 
  0x0000020b9b6db260: e1e0 0f84 | 4b00 0000 | 488d 3c0f | 488d 340e | 48f7 d9c5 | fe6f 0c0f | c5fe 6f1c | 0ec5 f5ef 
  0x0000020b9b6db280: cbc4 e27d | 17c9 0f85 | 7a00 0000 | 4883 c120 | 75e1 85c0 | 0f84 6500 | 0000 c5fe | 6f4c 07e0 
  0x0000020b9b6db2a0: c5fe 6f5c | 06e0 c5f5 | efcb c4e2 | 7d17 c975 | 55eb 4c8b | c883 e1fc | 7419 488d | 3c0f 488d 
  0x0000020b9b6db2c0: 340e 48f7 | d98b 1c0f | 3b1c 0e75 | 3948 83c1 | 0475 f2f7 | c002 0000 | 0074 120f | b71f 0fb7 
  0x0000020b9b6db2e0: 0e3b d975 | 2148 8d7f | 0248 8d76 | 02f7 c001 | 0000 0074 | 0a0f b61f | 0fb6 0e3b | d975 07b8 
  0x0000020b9b6db300: 0100 0000 | eb02 33c0 | c5f5 efc9 | c5e5 efdb | 85c0 0f85 | 14f4 ffff | ba45 ffff | ff48 8b2c 
  0x0000020b9b6db320: 24c5 fa11 | 1424 4c8b | 4c24 104c | 894c 2408 | c5fa 1144 | 2404 c5fa | 116c 2410 | 4c89 5424 
  0x0000020b9b6db340: 184c 8944 | 2420 4489 | 5c24 1490 | c5f8 77e8 | ac6f 44f8 | c57a 2cdb | 4181 fb00 | 0000 8075 
  0x0000020b9b6db360: 1048 83ec | 08c5 fa11 | 1c24 e884 | 5d3f f841 | 5be9 64f4 | ffff c57a | 2cc1 4181 | f800 0000 
  0x0000020b9b6db380: 8075 1048 | 83ec 08c5 | fa11 0c24 | e862 5d3f | f841 58e9 | 72f4 ffff | 458b 4818 | 4d8b 8748 
  0x0000020b9b6db3a0: 0300 0041 | 8500 4585 | c90f 8479 | 0400 004f | 8d04 cce9 | 1dfe ffff | 4533 c033 | d245 33db 
  0x0000020b9b6db3c0: e9e0 f1ff | ff33 d241 | c642 1101 | 4533 c045 | 33db e9ce | f1ff ff41 | f7d8 e920 | f4ff ff41 
  0x0000020b9b6db3e0: f7db e9ea | f3ff ff45 | 33c0 33d2 | 4533 dbe9 | b1f1 ffff | ba45 ffff | ffc4 e1f9 | 7ec5 c5fb 
  0x0000020b9b6db400: 110c 24c5 | fb11 5424 | 0889 7c24 | 1844 895c | 241c 6690 | c5f8 77e8 | e46e 44f8 | c5f9 6eda 
  0x0000020b9b6db420: bae6 ffff | ff49 8be9 | c5fa 111c | 2466 6690 | c5f8 77e8 | c86e 44f8 | 4489 5c24 | 10ba e6ff 
  0x0000020b9b6db440: ffff 8bee | 4489 4424 | 0466 6690 | c5f8 77e8 | ac6e 44f8 | bae4 ffff | ff48 8b2c | 2444 8b5c 
  0x0000020b9b6db460: 2408 4489 | 1c24 4c8b | 5c24 104c | 895c 2408 | 448b 5c24 | 1844 895c | 2404 448b | 4424 1c44 
  0x0000020b9b6db480: 8944 2410 | c5fb 1144 | 2418 c5fb | 116c 2420 | 4489 5424 | 2844 894c | 242c c5fa | 1154 2430 
  0x0000020b9b6db4a0: c5fa 1164 | 2434 6690 | c5f8 77e8 | 506e 44f8 | bae4 ffff | ff48 8b2c | 2444 8b44 | 2408 4489 
  0x0000020b9b6db4c0: 0424 4c8b | 5c24 104c | 895c 2408 | 448b 5c24 | 1844 895c | 2404 448b | 4424 1c44 | 8944 2410 
  0x0000020b9b6db4e0: c5fb 1144 | 2418 c5fb | 116c 2420 | 4489 5424 | 2844 8954 | 242c c5fa | 1154 2430 | c5fa 114c 
  0x0000020b9b6db500: 2434 c5fa | 117c 2438 | c5f8 77e8 | f06d 44f8 | bae4 ffff | ff48 8b2c | 2444 8b5c | 2408 4489 
  0x0000020b9b6db520: 1c24 4c8b | 5c24 104c | 895c 2408 | 448b 5c24 | 1844 895c | 2404 448b | 4424 1c44 | 8944 2410 
  0x0000020b9b6db540: c5fb 1144 | 2418 c5fb | 116c 2420 | 4489 5424 | 2844 894c | 242c c5fa | 1154 2430 | c5fa 117c 
  0x0000020b9b6db560: 2434 6690 | c5f8 77e8 | 946d 44f8 | 4f8d 0cdc | e9ab feff | ffba f6ff | ffff 6690 | c5f8 77e8 
  0x0000020b9b6db580: 7c6d 44f8 | 418b 6cfc | 0cd1 fdff | c5ba 76ff | ffff 448b | 5424 1844 | 8954 240c | 448b 5c24 
  0x0000020b9b6db5a0: 1c44 895c | 2418 4889 | 4424 2889 | 7424 1c90 | c5f8 77e8 | 486d 44f8 | 418b feb9 | 0100 0000 
  0x0000020b9b6db5c0: e900 f4ff | ffba f6ff | ffff 6690 | c5f8 77e8 | 2c6d 44f8 | 4533 d2e9 | 4ff8 ffff | 448b d1e9 
  0x0000020b9b6db5e0: ddf7 ffff | bade ffff | ff44 894c | 2408 c5fa | 1144 240c | c5fa 114c | 2418 4c89 | 4424 2090 
  0x0000020b9b6db600: c5f8 77e8 | f86c 44f8 | bae4 ffff | ff48 8b2c | 24c5 fa11 | 1424 4c8b | 5424 104c | 8954 2408 
  0x0000020b9b6db620: c5fa 116c | 2404 c5fa | 1144 2418 | 4889 4424 | 2066 6690 | c5f8 77e8 | c46c 44f8 | 4c8b 0c24 
  0x0000020b9b6db640: 488b 7424 | 10ba beff | ffff 498b | e948 8934 | 2448 8944 | 2408 4489 | 5c24 1044 | 8944 2418 
  0x0000020b9b6db660: 4489 4424 | 1c89 4c24 | 2066 6690 | c5f8 77e8 | 8c6c 44f8 | 4c8b 0c24 | 488b 7424 | 10eb c648 
  0x0000020b9b6db680: 8b74 2410 | ebbf ba45 | ffff ff48 | 8b2c 2444 | 890c 2448 | 897c 2408 | c5fa 1144 | 2404 c5fa 
  0x0000020b9b6db6a0: 114c 2410 | 4c89 5424 | 1844 895c | 2414 4489 | 4424 2490 | c5f8 77e8 | 446c 44f8 | ba45 ffff 
  0x0000020b9b6db6c0: ff4c 8b4c | 2410 4c89 | 4c24 0848 | 8944 2410 | 4489 5c24 | 1844 8944 | 241c 4489 | 5424 2090 
  0x0000020b9b6db6e0: c5f8 77e8 | 186c 44f8 | babe ffff | ff48 8b2c | 2444 8b54 | 2408 4489 | 1424 4c8b | 5424 104c 
  0x0000020b9b6db700: 8954 2408 | 448b 5c24 | 1844 895c | 2404 448b | 5424 1c44 | 8954 2410 | 4c8b 5424 | 204c 8954 
  0x0000020b9b6db720: 2418 4889 | 4424 2090 | c5f8 77e8 | d06b 44f8 | bae4 ffff | ff44 8954 | 2408 4489 | 5c24 0c44 
  0x0000020b9b6db740: 8944 2418 | 4889 4424 | 2866 6690 | c5f8 77e8 | ac6b 44f8 | 448b 4424 | 2cba beff | ffff 488b 
  0x0000020b9b6db760: 2c24 448b | 5c24 0844 | 891c 244c | 8b54 2410 | 4c89 5424 | 0844 8b54 | 2418 4489 | 5424 0444 
  0x0000020b9b6db780: 8b5c 241c | 4489 5c24 | 104c 8b54 | 2420 4c89 | 5424 1848 | 8944 2420 | 4489 4424 | 1466 6690 
  0x0000020b9b6db7a0: c5f8 77e8 | 586b 44f8 | 448b 4424 | 2ceb aa44 | 8b44 242c | eba3 bae4 | ffff ff48 | 8b2c 2444 
  0x0000020b9b6db7c0: 8914 244c | 8b54 2410 | 4c89 5424 | 0844 895c | 2404 4489 | 4424 1048 | 8944 2420 | 895c 2414 
  0x0000020b9b6db7e0: c5f8 77e8 | 186b 44f8 | ba76 ffff | ffc5 fa11 | 5424 08c5 | fa11 4424 | 0cc5 fa11 | 4c24 1844 
  0x0000020b9b6db800: 895c 241c | 4489 4424 | 284c 8954 | 2430 4489 | 4c24 2c90 | c5f8 77e8 | e46a 44f8 | be01 0000 
  0x0000020b9b6db820: 0033 d2e9 | 59ed ffff | baf4 ffff | ff48 8b2c | 24c5 fa11 | 1424 4c8b | 5424 104c | 8954 2408 
  0x0000020b9b6db840: c5fa 1144 | 2404 c5fa | 116c 2410 | c5f8 77e8 | ac6a 44f8 | ba45 ffff | ffc5 fa11 | 5424 08c5 
  0x0000020b9b6db860: fa11 4424 | 0cc5 fa11 | 6c24 184c | 8954 2420 | 4489 4c24 | 1c44 895c | 2428 6690 | c5f8 77e8 
  0x0000020b9b6db880: 7c6a 44f8 | ba45 ffff | ffc5 fa11 | 5424 08c5 | fa11 4424 | 0cc5 fa11 | 6c24 1844 | 894c 241c 
  0x0000020b9b6db8a0: 4489 5c24 | 284c 8954 | 2430 4c89 | 4424 3889 | 7c24 2c90 | c5f8 77e8 | 446a 44f8 | 85db 400f 
  0x0000020b9b6db8c0: 95c5 400f | b6ed 83f5 | 01ba 45ff | ffff 4489 | 4c24 08c5 | fa11 4424 | 0cc5 fa11 | 4c24 1844 
  0x0000020b9b6db8e0: 895c 241c | 4489 4424 | 284c 8954 | 2430 6690 | c5f8 77e8 | 086a 44f8 | ba45 ffff | ffc5 fa11 
  0x0000020b9b6db900: 5424 08c5 | fa11 4424 | 0cc5 fa11 | 6c24 184c | 8944 2428 | 4489 5c24 | 1c4c 8954 | 2430 4c89 
  0x0000020b9b6db920: 4c24 3889 | 7c24 4090 | c5f8 77e8 | d069 44f8 | bade ffff | ffc5 fa11 | 5424 08c5 | fa11 4424 
  0x0000020b9b6db940: 0cc5 fa11 | 6c24 1890 | c5f8 77e8 | b069 44f8 | bade ffff | ff48 8b2c | 24c5 fa11 | 1424 488b 
  0x0000020b9b6db960: 4c24 1048 | 894c 2408 | c5fa 1144 | 2404 c5fa | 116c 2410 | 4489 4c24 | 1444 895c | 2420 4c89 
  0x0000020b9b6db980: 5424 2844 | 8944 2430 | c5f8 77e8 | 7069 44f8 | bade ffff | ff48 8b2c | 24c5 fa11 | 1424 488b 
  0x0000020b9b6db9a0: 4c24 1048 | 894c 2408 | c5fa 1144 | 2404 c5fa | 116c 2410 | 4c89 4424 | 2044 895c | 2414 4c89 
  0x0000020b9b6db9c0: 5424 2844 | 894c 2434 | c5f8 77e8 | 3069 44f8 | baf6 ffff | ff66 6690 | c5f8 77e8 | 2069 44f8 
  0x0000020b9b6db9e0: c5f9 6eda | baf6 ffff | ffc5 f97e | dd66 6690 | c5f8 77e8 | 0869 44f8 | 4489 5c24 | 10ba f6ff 
  0x0000020b9b6dba00: ffff 4489 | 0424 6690 | c5f8 77e8 | f068 44f8 | baf6 ffff | ff66 6690 | c5f8 77e8 | e068 44f8 
  0x0000020b9b6dba20: ba76 ffff | ff48 8b2c | 2444 8b54 | 2408 4489 | 1424 4c8b | 5424 104c | 8954 2408 | 448b 5c24 
  0x0000020b9b6dba40: 1844 895c | 2404 448b | 5424 1c44 | 8954 2410 | 48ff 7424 | 2048 8f44 | 2418 4889 | 4424 20c5 
  0x0000020b9b6dba60: fa11 5424 | 1489 5c24 | 2866 6690 | c5f8 77e8 | 8c68 44f8 | baf6 ffff | ff66 6690 | c5f8 77e8 
  0x0000020b9b6dba80: 7c68 44f8 | 488b d0eb | 0848 8bd0 | eb03 488b | d0c5 f877 | 4883 c460 | 5de9 e212 | 4ff8 baf6 
  0x0000020b9b6dbaa0: ffff ff49 | 8be8 6690 | c5f8 77e8 | 5068 44f8 | baf6 ffff | ff66 6690 | c5f8 77e8 | 4068 44f8 
  0x0000020b9b6dbac0: baf6 ffff | ff66 6690 | c5f8 77e8 | 3068 44f8 | 488b 7424 | 10e9 6bfb | ffff 488b | 7424 10e9 
  0x0000020b9b6dbae0: 61fb ffff | baf6 ffff | ff66 6690 | c5f8 77e8 | 0c68 44f8 | baf6 ffff | ff66 6690 | c5f8 77e8 
  0x0000020b9b6dbb00: fc67 44f8 | baf6 ffff | ff66 6690 | c5f8 77e8 | ec67 44f8 | baf6 ffff | ff66 6690 | c5f8 77e8 
  0x0000020b9b6dbb20: dc67 44f8 | ba45 ffff | ff48 8b2c | 24c5 fa11 | 1424 488b | 4c24 1048 | 894c 2408 | c5fa 1144 
  0x0000020b9b6dbb40: 2404 c5fa | 116c 2410 | 4489 4c24 | 1444 895c | 2420 4489 | 4424 244c | 8954 2428 | c5f8 77e8 
  0x0000020b9b6dbb60: 9c67 44f8 | baf6 ffff | ff66 6690 | c5f8 77e8 | 8c67 44f8 | ba45 ffff | ff48 8b2c | 24c5 fa11 
  0x0000020b9b6dbb80: 1424 488b | 4c24 1048 | 894c 2408 | c5fa 1144 | 2404 c5fa | 116c 2410 | 4c89 4424 | 2044 895c 
  0x0000020b9b6dbba0: 2414 4489 | 4c24 284c | 8954 2430 | c5f8 77e8 | 4c67 44f8 | 49ba 0eb1 | 6d9b 0b02 | 0000 4d89 
  0x0000020b9b6dbbc0: 9758 0300 | 00e9 3678 | 44f8 f4f4 | f4f4 f4f4 | f4f4 f4f4 | f4f4 f4f4 | f4f4 f4f4 | f4f4 f4f4 
  0x0000020b9b6dbbe0: 48bb 0000 | 0000 0000 | 0000 e9fb | ffff ffe9 | 8c8f 4ef8 | e800 0000 | 0048 832c | 2405 e99d 
  0x0000020b9b6dbc00: 6a44 f8f4 | f4f4 f4f4 
[/MachCode]
--------------------------------------------------------------------------------


---------------  P R O C E S S  ---------------

Threads class SMR info:
_java_thread_list=0x0000020bb1039ff0, length=26, elements={
0x0000020bafdae3c0, 0x0000020bafdaf030, 0x0000020bafdc5030, 0x0000020bafdc6df0,
0x0000020bafdc77a0, 0x0000020bafdc8150, 0x0000020bafdcb5f0, 0x0000020bafdd5d40,
0x0000020bafde2350, 0x0000020bb090d5d0, 0x0000020bb090faf0, 0x0000020bb093f090,
0x0000020bb094cb90, 0x0000020b8a82db40, 0x0000020bb0b11200, 0x0000020bb0b3a630,
0x0000020bb0b3ae50, 0x0000020bb0fbb930, 0x0000020bb0feb3f0, 0x0000020bb1001070,
0x0000020bb1002880, 0x0000020bb105a650, 0x0000020bb1059210, 0x0000020bb1059c30,
0x0000020bb105a140, 0x0000020bb1001540
}

Java Threads: ( => current thread )
  0x0000020bafdae3c0 JavaThread "Reference Handler" daemon [_thread_blocked, id=12204, stack(0x0000009180000000,0x0000009180100000)]
  0x0000020bafdaf030 JavaThread "Finalizer" daemon [_thread_blocked, id=22368, stack(0x0000009180100000,0x0000009180200000)]
  0x0000020bafdc5030 JavaThread "Signal Dispatcher" daemon [_thread_blocked, id=20676, stack(0x0000009180200000,0x0000009180300000)]
  0x0000020bafdc6df0 JavaThread "Attach Listener" daemon [_thread_blocked, id=21868, stack(0x0000009180300000,0x0000009180400000)]
  0x0000020bafdc77a0 JavaThread "Service Thread" daemon [_thread_blocked, id=15992, stack(0x0000009180400000,0x0000009180500000)]
  0x0000020bafdc8150 JavaThread "Monitor Deflation Thread" daemon [_thread_blocked, id=16824, stack(0x0000009180500000,0x0000009180600000)]
  0x0000020bafdcb5f0 JavaThread "C2 CompilerThread0" daemon [_thread_blocked, id=22000, stack(0x0000009180600000,0x0000009180700000)]
  0x0000020bafdd5d40 JavaThread "C1 CompilerThread0" daemon [_thread_blocked, id=18648, stack(0x0000009180700000,0x0000009180800000)]
  0x0000020bafde2350 JavaThread "Sweeper thread" daemon [_thread_blocked, id=23388, stack(0x0000009180800000,0x0000009180900000)]
  0x0000020bb090d5d0 JavaThread "C1 CompilerThread1" daemon [_thread_blocked, id=1512, stack(0x0000009180900000,0x0000009180a00000)]
  0x0000020bb090faf0 JavaThread "C1 CompilerThread2" daemon [_thread_blocked, id=22248, stack(0x0000009180a00000,0x0000009180b00000)]
  0x0000020bb093f090 JavaThread "Notification Thread" daemon [_thread_blocked, id=20092, stack(0x0000009180b00000,0x0000009180c00000)]
  0x0000020bb094cb90 JavaThread "Common-Cleaner" daemon [_thread_blocked, id=18404, stack(0x0000009180d00000,0x0000009180e00000)]
  0x0000020b8a82db40 JavaThread "DestroyJavaVM" [_thread_blocked, id=24500, stack(0x00000091ff900000,0x00000091ffa00000)]
  0x0000020bb0b11200 JavaThread "Java2D Disposer" daemon [_thread_blocked, id=2892, stack(0x0000009180f00000,0x0000009181000000)]
  0x0000020bb0b3a630 JavaThread "AWT-Shutdown" [_thread_blocked, id=22020, stack(0x0000009181100000,0x0000009181200000)]
  0x0000020bb0b3ae50 JavaThread "AWT-Windows" daemon [_thread_in_native, id=1476, stack(0x0000009181200000,0x0000009181300000)]
  0x0000020bb0fbb930 JavaThread "AWT-EventQueue-0" [_thread_blocked, id=2396, stack(0x0000009181f00000,0x0000009182000000)]
=>0x0000020bb0feb3f0 JavaThread "Thread-2" [_thread_in_Java, id=24396, stack(0x0000009182000000,0x0000009182100000)]
  0x0000020bb1001070 JavaThread "Thread-1" [_thread_in_Java, id=9912, stack(0x0000009182100000,0x0000009182200000)]
  0x0000020bb1002880 JavaThread "D3D Screen Updater" daemon [_thread_blocked, id=23196, stack(0x0000009180e00000,0x0000009180f00000)]
  0x0000020bb105a650 JavaThread "C2 CompilerThread1" daemon [_thread_blocked, id=7188, stack(0x0000009181000000,0x0000009181100000)]
  0x0000020bb1059210 JavaThread "C2 CompilerThread2" daemon [_thread_blocked, id=20712, stack(0x0000009182200000,0x0000009182300000)]
  0x0000020bb1059c30 JavaThread "C2 CompilerThread3" daemon [_thread_blocked, id=17320, stack(0x0000009182300000,0x0000009182400000)]
  0x0000020bb105a140 JavaThread "C2 CompilerThread4" daemon [_thread_blocked, id=23040, stack(0x0000009182400000,0x0000009182500000)]
  0x0000020bb1001540 JavaThread "Thread-3" [_thread_in_Java, id=21576, stack(0x0000009182500000,0x0000009182600000)]

Other Threads:
  0x0000020bafda88c0 VMThread "VM Thread" [stack: 0x00000091fff00000,0x0000009200000000] [id=24424]
  0x0000020b8a89bb70 WatcherThread [stack: 0x0000009180c00000,0x0000009180d00000] [id=8968]
  0x0000020b8a87b530 GCTaskThread "GC Thread#0" [stack: 0x00000091ffa00000,0x00000091ffb00000] [id=24356]
  0x0000020bb114e220 GCTaskThread "GC Thread#1" [stack: 0x0000009182600000,0x0000009182700000] [id=7804]
  0x0000020bb114e4d0 GCTaskThread "GC Thread#2" [stack: 0x0000009182700000,0x0000009182800000] [id=23700]
  0x0000020bb114e780 GCTaskThread "GC Thread#3" [stack: 0x0000009182800000,0x0000009182900000] [id=16876]
  0x0000020bb114ea30 GCTaskThread "GC Thread#4" [stack: 0x0000009182900000,0x0000009182a00000] [id=9184]
  0x0000020bb124f770 GCTaskThread "GC Thread#5" [stack: 0x0000009182a00000,0x0000009182b00000] [id=16320]
  0x0000020bb11f8ab0 GCTaskThread "GC Thread#6" [stack: 0x0000009182b00000,0x0000009182c00000] [id=20276]
  0x0000020bb124fe30 GCTaskThread "GC Thread#7" [stack: 0x0000009182c00000,0x0000009182d00000] [id=21064]
  0x0000020bb1115950 GCTaskThread "GC Thread#8" [stack: 0x0000009182d00000,0x0000009182e00000] [id=11076]
  0x0000020bb1115c00 GCTaskThread "GC Thread#9" [stack: 0x0000009182e00000,0x0000009182f00000] [id=21348]
  0x0000020bb1115eb0 GCTaskThread "GC Thread#10" [stack: 0x0000009182f00000,0x0000009183000000] [id=15612]
  0x0000020bb117c520 GCTaskThread "GC Thread#11" [stack: 0x0000009183000000,0x0000009183100000] [id=2184]
  0x0000020b8a88bb00 ConcurrentGCThread "G1 Main Marker" [stack: 0x00000091ffb00000,0x00000091ffc00000] [id=24116]
  0x0000020b8a88dcc0 ConcurrentGCThread "G1 Conc#0" [stack: 0x00000091ffc00000,0x00000091ffd00000] [id=14632]
  0x0000020b8a8fcf10 ConcurrentGCThread "G1 Refine#0" [stack: 0x00000091ffd00000,0x00000091ffe00000] [id=18204]
  0x0000020b8a8fd830 ConcurrentGCThread "G1 Service" [stack: 0x00000091ffe00000,0x00000091fff00000] [id=3640]

Threads with active compile tasks:

VM state: not at safepoint (normal execution)

VM Mutex/Monitor currently owned by a thread: None

Heap address: 0x0000000709600000, size: 3946 MB, Compressed Oops mode: Zero based, Oop shift amount: 3

CDS archive(s) mapped at: [0x0000000800000000-0x0000000800bc0000-0x0000000800bc0000), size 12320768, SharedBaseAddress: 0x0000000800000000, ArchiveRelocationMode: 0.
Compressed class space mapped at: 0x0000000800c00000-0x0000000840c00000, reserved size: 1073741824
Narrow klass base: 0x0000000800000000, Narrow klass shift: 0, Narrow klass range: 0x100000000

GC Precious Log:
 CPUs: 16 total, 16 available
 Memory: 15776M
 Large Page Support: Disabled
 NUMA Support: Disabled
 Compressed Oops: Enabled (Zero based)
 Heap Region Size: 2M
 Heap Min Capacity: 8M
 Heap Initial Capacity: 248M
 Heap Max Capacity: 3946M
 Pre-touch: Disabled
 Parallel Workers: 13
 Concurrent Workers: 3
 Concurrent Refinement Workers: 13
 Periodic GC: Disabled

Heap:
 garbage-first heap   total 253952K, used 11803K [0x0000000709600000, 0x0000000800000000)
  region size 2048K, 4 young (8192K), 2 survivors (4096K)
 Metaspace       used 6978K, committed 7104K, reserved 1056768K
  class space    used 751K, committed 832K, reserved 1048576K

Heap Regions: E=young(eden), S=young(survivor), O=old, HS=humongous(starts), HC=humongous(continues), CS=collection set, F=free, OA=open archive, CA=closed archive, TAMS=top-at-mark-start (previous, next)
|   0|0x0000000709600000, 0x0000000709800000, 0x0000000709800000|100%|HS|  |TAMS 0x0000000709600000, 0x0000000709600000| Complete 
|   1|0x0000000709800000, 0x0000000709a00000, 0x0000000709a00000|100%|HC|  |TAMS 0x0000000709800000, 0x0000000709800000| Complete 
|   2|0x0000000709a00000, 0x0000000709b86c00, 0x0000000709c00000| 76%| O|  |TAMS 0x0000000709a00000, 0x0000000709a00000| Untracked 
|   3|0x0000000709c00000, 0x0000000709c00000, 0x0000000709e00000|  0%| F|  |TAMS 0x0000000709c00000, 0x0000000709c00000| Untracked 
|   4|0x0000000709e00000, 0x0000000709e00000, 0x000000070a000000|  0%| F|  |TAMS 0x0000000709e00000, 0x0000000709e00000| Untracked 
|   5|0x000000070a000000, 0x000000070a000000, 0x000000070a200000|  0%| F|  |TAMS 0x000000070a000000, 0x000000070a000000| Untracked 
|   6|0x000000070a200000, 0x000000070a200000, 0x000000070a400000|  0%| F|  |TAMS 0x000000070a200000, 0x000000070a200000| Untracked 
|   7|0x000000070a400000, 0x000000070a400000, 0x000000070a600000|  0%| F|  |TAMS 0x000000070a400000, 0x000000070a400000| Untracked 
|   8|0x000000070a600000, 0x000000070a600000, 0x000000070a800000|  0%| F|  |TAMS 0x000000070a600000, 0x000000070a600000| Untracked 
|   9|0x000000070a800000, 0x000000070a800000, 0x000000070aa00000|  0%| F|  |TAMS 0x000000070a800000, 0x000000070a800000| Untracked 
|  10|0x000000070aa00000, 0x000000070aa00000, 0x000000070ac00000|  0%| F|  |TAMS 0x000000070aa00000, 0x000000070aa00000| Untracked 
|  11|0x000000070ac00000, 0x000000070ac00000, 0x000000070ae00000|  0%| F|  |TAMS 0x000000070ac00000, 0x000000070ac00000| Untracked 
|  12|0x000000070ae00000, 0x000000070ae00000, 0x000000070b000000|  0%| F|  |TAMS 0x000000070ae00000, 0x000000070ae00000| Untracked 
|  13|0x000000070b000000, 0x000000070b000000, 0x000000070b200000|  0%| F|  |TAMS 0x000000070b000000, 0x000000070b000000| Untracked 
|  14|0x000000070b200000, 0x000000070b200000, 0x000000070b400000|  0%| F|  |TAMS 0x000000070b200000, 0x000000070b200000| Untracked 
|  15|0x000000070b400000, 0x000000070b400000, 0x000000070b600000|  0%| F|  |TAMS 0x000000070b400000, 0x000000070b400000| Untracked 
|  16|0x000000070b600000, 0x000000070b600000, 0x000000070b800000|  0%| F|  |TAMS 0x000000070b600000, 0x000000070b600000| Untracked 
|  17|0x000000070b800000, 0x000000070b800000, 0x000000070ba00000|  0%| F|  |TAMS 0x000000070b800000, 0x000000070b800000| Untracked 
|  18|0x000000070ba00000, 0x000000070ba00000, 0x000000070bc00000|  0%| F|  |TAMS 0x000000070ba00000, 0x000000070ba00000| Untracked 
|  19|0x000000070bc00000, 0x000000070bc00000, 0x000000070be00000|  0%| F|  |TAMS 0x000000070bc00000, 0x000000070bc00000| Untracked 
|  20|0x000000070be00000, 0x000000070be00000, 0x000000070c000000|  0%| F|  |TAMS 0x000000070be00000, 0x000000070be00000| Untracked 
|  21|0x000000070c000000, 0x000000070c000000, 0x000000070c200000|  0%| F|  |TAMS 0x000000070c000000, 0x000000070c000000| Untracked 
|  22|0x000000070c200000, 0x000000070c200000, 0x000000070c400000|  0%| F|  |TAMS 0x000000070c200000, 0x000000070c200000| Untracked 
|  23|0x000000070c400000, 0x000000070c400000, 0x000000070c600000|  0%| F|  |TAMS 0x000000070c400000, 0x000000070c400000| Untracked 
|  24|0x000000070c600000, 0x000000070c600000, 0x000000070c800000|  0%| F|  |TAMS 0x000000070c600000, 0x000000070c600000| Untracked 
|  25|0x000000070c800000, 0x000000070c800000, 0x000000070ca00000|  0%| F|  |TAMS 0x000000070c800000, 0x000000070c800000| Untracked 
|  26|0x000000070ca00000, 0x000000070ca00000, 0x000000070cc00000|  0%| F|  |TAMS 0x000000070ca00000, 0x000000070ca00000| Untracked 
|  27|0x000000070cc00000, 0x000000070cc00000, 0x000000070ce00000|  0%| F|  |TAMS 0x000000070cc00000, 0x000000070cc00000| Untracked 
|  28|0x000000070ce00000, 0x000000070ce00000, 0x000000070d000000|  0%| F|  |TAMS 0x000000070ce00000, 0x000000070ce00000| Untracked 
|  29|0x000000070d000000, 0x000000070d000000, 0x000000070d200000|  0%| F|  |TAMS 0x000000070d000000, 0x000000070d000000| Untracked 
|  30|0x000000070d200000, 0x000000070d200000, 0x000000070d400000|  0%| F|  |TAMS 0x000000070d200000, 0x000000070d200000| Untracked 
|  31|0x000000070d400000, 0x000000070d400000, 0x000000070d600000|  0%| F|  |TAMS 0x000000070d400000, 0x000000070d400000| Untracked 
|  32|0x000000070d600000, 0x000000070d600000, 0x000000070d800000|  0%| F|  |TAMS 0x000000070d600000, 0x000000070d600000| Untracked 
|  33|0x000000070d800000, 0x000000070d800000, 0x000000070da00000|  0%| F|  |TAMS 0x000000070d800000, 0x000000070d800000| Untracked 
|  34|0x000000070da00000, 0x000000070da00000, 0x000000070dc00000|  0%| F|  |TAMS 0x000000070da00000, 0x000000070da00000| Untracked 
|  35|0x000000070dc00000, 0x000000070dc00000, 0x000000070de00000|  0%| F|  |TAMS 0x000000070dc00000, 0x000000070dc00000| Untracked 
|  36|0x000000070de00000, 0x000000070de00000, 0x000000070e000000|  0%| F|  |TAMS 0x000000070de00000, 0x000000070de00000| Untracked 
|  37|0x000000070e000000, 0x000000070e000000, 0x000000070e200000|  0%| F|  |TAMS 0x000000070e000000, 0x000000070e000000| Untracked 
|  38|0x000000070e200000, 0x000000070e200000, 0x000000070e400000|  0%| F|  |TAMS 0x000000070e200000, 0x000000070e200000| Untracked 
|  39|0x000000070e400000, 0x000000070e400000, 0x000000070e600000|  0%| F|  |TAMS 0x000000070e400000, 0x000000070e400000| Untracked 
|  40|0x000000070e600000, 0x000000070e600000, 0x000000070e800000|  0%| F|  |TAMS 0x000000070e600000, 0x000000070e600000| Untracked 
|  41|0x000000070e800000, 0x000000070e800000, 0x000000070ea00000|  0%| F|  |TAMS 0x000000070e800000, 0x000000070e800000| Untracked 
|  42|0x000000070ea00000, 0x000000070ea00000, 0x000000070ec00000|  0%| F|  |TAMS 0x000000070ea00000, 0x000000070ea00000| Untracked 
|  43|0x000000070ec00000, 0x000000070ec00000, 0x000000070ee00000|  0%| F|  |TAMS 0x000000070ec00000, 0x000000070ec00000| Untracked 
|  44|0x000000070ee00000, 0x000000070ee00000, 0x000000070f000000|  0%| F|  |TAMS 0x000000070ee00000, 0x000000070ee00000| Untracked 
|  45|0x000000070f000000, 0x000000070f000000, 0x000000070f200000|  0%| F|  |TAMS 0x000000070f000000, 0x000000070f000000| Untracked 
|  46|0x000000070f200000, 0x000000070f200000, 0x000000070f400000|  0%| F|  |TAMS 0x000000070f200000, 0x000000070f200000| Untracked 
|  47|0x000000070f400000, 0x000000070f400000, 0x000000070f600000|  0%| F|  |TAMS 0x000000070f400000, 0x000000070f400000| Untracked 
|  48|0x000000070f600000, 0x000000070f600000, 0x000000070f800000|  0%| F|  |TAMS 0x000000070f600000, 0x000000070f600000| Untracked 
|  49|0x000000070f800000, 0x000000070f800000, 0x000000070fa00000|  0%| F|  |TAMS 0x000000070f800000, 0x000000070f800000| Untracked 
|  50|0x000000070fa00000, 0x000000070fa00000, 0x000000070fc00000|  0%| F|  |TAMS 0x000000070fa00000, 0x000000070fa00000| Untracked 
|  51|0x000000070fc00000, 0x000000070fc00000, 0x000000070fe00000|  0%| F|  |TAMS 0x000000070fc00000, 0x000000070fc00000| Untracked 
|  52|0x000000070fe00000, 0x000000070fe00000, 0x0000000710000000|  0%| F|  |TAMS 0x000000070fe00000, 0x000000070fe00000| Untracked 
|  53|0x0000000710000000, 0x0000000710000000, 0x0000000710200000|  0%| F|  |TAMS 0x0000000710000000, 0x0000000710000000| Untracked 
|  54|0x0000000710200000, 0x0000000710200000, 0x0000000710400000|  0%| F|  |TAMS 0x0000000710200000, 0x0000000710200000| Untracked 
|  55|0x0000000710400000, 0x0000000710400000, 0x0000000710600000|  0%| F|  |TAMS 0x0000000710400000, 0x0000000710400000| Untracked 
|  56|0x0000000710600000, 0x0000000710600000, 0x0000000710800000|  0%| F|  |TAMS 0x0000000710600000, 0x0000000710600000| Untracked 
|  57|0x0000000710800000, 0x0000000710800000, 0x0000000710a00000|  0%| F|  |TAMS 0x0000000710800000, 0x0000000710800000| Untracked 
|  58|0x0000000710a00000, 0x0000000710a00000, 0x0000000710c00000|  0%| F|  |TAMS 0x0000000710a00000, 0x0000000710a00000| Untracked 
|  59|0x0000000710c00000, 0x0000000710c00000, 0x0000000710e00000|  0%| F|  |TAMS 0x0000000710c00000, 0x0000000710c00000| Untracked 
|  60|0x0000000710e00000, 0x0000000710e00000, 0x0000000711000000|  0%| F|  |TAMS 0x0000000710e00000, 0x0000000710e00000| Untracked 
|  61|0x0000000711000000, 0x0000000711000000, 0x0000000711200000|  0%| F|  |TAMS 0x0000000711000000, 0x0000000711000000| Untracked 
|  62|0x0000000711200000, 0x0000000711200000, 0x0000000711400000|  0%| F|  |TAMS 0x0000000711200000, 0x0000000711200000| Untracked 
|  63|0x0000000711400000, 0x0000000711400000, 0x0000000711600000|  0%| F|  |TAMS 0x0000000711400000, 0x0000000711400000| Untracked 
|  64|0x0000000711600000, 0x0000000711600000, 0x0000000711800000|  0%| F|  |TAMS 0x0000000711600000, 0x0000000711600000| Untracked 
|  65|0x0000000711800000, 0x0000000711800000, 0x0000000711a00000|  0%| F|  |TAMS 0x0000000711800000, 0x0000000711800000| Untracked 
|  66|0x0000000711a00000, 0x0000000711a00000, 0x0000000711c00000|  0%| F|  |TAMS 0x0000000711a00000, 0x0000000711a00000| Untracked 
|  67|0x0000000711c00000, 0x0000000711c00000, 0x0000000711e00000|  0%| F|  |TAMS 0x0000000711c00000, 0x0000000711c00000| Untracked 
|  68|0x0000000711e00000, 0x0000000711e00000, 0x0000000712000000|  0%| F|  |TAMS 0x0000000711e00000, 0x0000000711e00000| Untracked 
|  69|0x0000000712000000, 0x0000000712000000, 0x0000000712200000|  0%| F|  |TAMS 0x0000000712000000, 0x0000000712000000| Untracked 
|  70|0x0000000712200000, 0x0000000712200000, 0x0000000712400000|  0%| F|  |TAMS 0x0000000712200000, 0x0000000712200000| Untracked 
|  71|0x0000000712400000, 0x0000000712400000, 0x0000000712600000|  0%| F|  |TAMS 0x0000000712400000, 0x0000000712400000| Untracked 
|  72|0x0000000712600000, 0x0000000712600000, 0x0000000712800000|  0%| F|  |TAMS 0x0000000712600000, 0x0000000712600000| Untracked 
|  73|0x0000000712800000, 0x0000000712800000, 0x0000000712a00000|  0%| F|  |TAMS 0x0000000712800000, 0x0000000712800000| Untracked 
|  74|0x0000000712a00000, 0x0000000712a00000, 0x0000000712c00000|  0%| F|  |TAMS 0x0000000712a00000, 0x0000000712a00000| Untracked 
|  75|0x0000000712c00000, 0x0000000712c00000, 0x0000000712e00000|  0%| F|  |TAMS 0x0000000712c00000, 0x0000000712c00000| Untracked 
|  76|0x0000000712e00000, 0x0000000712e00000, 0x0000000713000000|  0%| F|  |TAMS 0x0000000712e00000, 0x0000000712e00000| Untracked 
|  77|0x0000000713000000, 0x0000000713000000, 0x0000000713200000|  0%| F|  |TAMS 0x0000000713000000, 0x0000000713000000| Untracked 
|  78|0x0000000713200000, 0x0000000713200000, 0x0000000713400000|  0%| F|  |TAMS 0x0000000713200000, 0x0000000713200000| Untracked 
|  79|0x0000000713400000, 0x0000000713400000, 0x0000000713600000|  0%| F|  |TAMS 0x0000000713400000, 0x0000000713400000| Untracked 
|  80|0x0000000713600000, 0x0000000713600000, 0x0000000713800000|  0%| F|  |TAMS 0x0000000713600000, 0x0000000713600000| Untracked 
|  81|0x0000000713800000, 0x0000000713800000, 0x0000000713a00000|  0%| F|  |TAMS 0x0000000713800000, 0x0000000713800000| Untracked 
|  82|0x0000000713a00000, 0x0000000713a00000, 0x0000000713c00000|  0%| F|  |TAMS 0x0000000713a00000, 0x0000000713a00000| Untracked 
|  83|0x0000000713c00000, 0x0000000713c00000, 0x0000000713e00000|  0%| F|  |TAMS 0x0000000713c00000, 0x0000000713c00000| Untracked 
|  84|0x0000000713e00000, 0x0000000713e00000, 0x0000000714000000|  0%| F|  |TAMS 0x0000000713e00000, 0x0000000713e00000| Untracked 
|  85|0x0000000714000000, 0x0000000714000000, 0x0000000714200000|  0%| F|  |TAMS 0x0000000714000000, 0x0000000714000000| Untracked 
|  86|0x0000000714200000, 0x0000000714200000, 0x0000000714400000|  0%| F|  |TAMS 0x0000000714200000, 0x0000000714200000| Untracked 
|  87|0x0000000714400000, 0x0000000714400000, 0x0000000714600000|  0%| F|  |TAMS 0x0000000714400000, 0x0000000714400000| Untracked 
|  88|0x0000000714600000, 0x0000000714600000, 0x0000000714800000|  0%| F|  |TAMS 0x0000000714600000, 0x0000000714600000| Untracked 
|  89|0x0000000714800000, 0x0000000714800000, 0x0000000714a00000|  0%| F|  |TAMS 0x0000000714800000, 0x0000000714800000| Untracked 
|  90|0x0000000714a00000, 0x0000000714a00000, 0x0000000714c00000|  0%| F|  |TAMS 0x0000000714a00000, 0x0000000714a00000| Untracked 
|  91|0x0000000714c00000, 0x0000000714c00000, 0x0000000714e00000|  0%| F|  |TAMS 0x0000000714c00000, 0x0000000714c00000| Untracked 
|  92|0x0000000714e00000, 0x0000000714e00000, 0x0000000715000000|  0%| F|  |TAMS 0x0000000714e00000, 0x0000000714e00000| Untracked 
|  93|0x0000000715000000, 0x0000000715000000, 0x0000000715200000|  0%| F|  |TAMS 0x0000000715000000, 0x0000000715000000| Untracked 
|  94|0x0000000715200000, 0x0000000715200000, 0x0000000715400000|  0%| F|  |TAMS 0x0000000715200000, 0x0000000715200000| Untracked 
|  95|0x0000000715400000, 0x0000000715400000, 0x0000000715600000|  0%| F|  |TAMS 0x0000000715400000, 0x0000000715400000| Untracked 
|  96|0x0000000715600000, 0x0000000715600000, 0x0000000715800000|  0%| F|  |TAMS 0x0000000715600000, 0x0000000715600000| Untracked 
|  97|0x0000000715800000, 0x0000000715800000, 0x0000000715a00000|  0%| F|  |TAMS 0x0000000715800000, 0x0000000715800000| Untracked 
|  98|0x0000000715a00000, 0x0000000715a00000, 0x0000000715c00000|  0%| F|  |TAMS 0x0000000715a00000, 0x0000000715a00000| Untracked 
|  99|0x0000000715c00000, 0x0000000715c00000, 0x0000000715e00000|  0%| F|  |TAMS 0x0000000715c00000, 0x0000000715c00000| Untracked 
| 100|0x0000000715e00000, 0x0000000715e00000, 0x0000000716000000|  0%| F|  |TAMS 0x0000000715e00000, 0x0000000715e00000| Untracked 
| 101|0x0000000716000000, 0x0000000716000000, 0x0000000716200000|  0%| F|  |TAMS 0x0000000716000000, 0x0000000716000000| Untracked 
| 102|0x0000000716200000, 0x0000000716200000, 0x0000000716400000|  0%| F|  |TAMS 0x0000000716200000, 0x0000000716200000| Untracked 
| 103|0x0000000716400000, 0x0000000716400000, 0x0000000716600000|  0%| F|  |TAMS 0x0000000716400000, 0x0000000716400000| Untracked 
| 104|0x0000000716600000, 0x0000000716600000, 0x0000000716800000|  0%| F|  |TAMS 0x0000000716600000, 0x0000000716600000| Untracked 
| 105|0x0000000716800000, 0x0000000716800000, 0x0000000716a00000|  0%| F|  |TAMS 0x0000000716800000, 0x0000000716800000| Untracked 
| 106|0x0000000716a00000, 0x0000000716a00000, 0x0000000716c00000|  0%| F|  |TAMS 0x0000000716a00000, 0x0000000716a00000| Untracked 
| 107|0x0000000716c00000, 0x0000000716c00000, 0x0000000716e00000|  0%| F|  |TAMS 0x0000000716c00000, 0x0000000716c00000| Untracked 
| 108|0x0000000716e00000, 0x0000000716e00000, 0x0000000717000000|  0%| F|  |TAMS 0x0000000716e00000, 0x0000000716e00000| Untracked 
| 109|0x0000000717000000, 0x0000000717000000, 0x0000000717200000|  0%| F|  |TAMS 0x0000000717000000, 0x0000000717000000| Untracked 
| 110|0x0000000717200000, 0x0000000717200000, 0x0000000717400000|  0%| F|  |TAMS 0x0000000717200000, 0x0000000717200000| Untracked 
| 111|0x0000000717400000, 0x0000000717600000, 0x0000000717600000|100%| S|CS|TAMS 0x0000000717400000, 0x0000000717400000| Complete 
| 112|0x0000000717600000, 0x0000000717800000, 0x0000000717800000|100%| S|CS|TAMS 0x0000000717600000, 0x0000000717600000| Complete 
| 113|0x0000000717800000, 0x0000000717800000, 0x0000000717a00000|  0%| F|  |TAMS 0x0000000717800000, 0x0000000717800000| Untracked 
| 114|0x0000000717a00000, 0x0000000717a00000, 0x0000000717c00000|  0%| F|  |TAMS 0x0000000717a00000, 0x0000000717a00000| Untracked 
| 115|0x0000000717c00000, 0x0000000717c00000, 0x0000000717e00000|  0%| F|  |TAMS 0x0000000717c00000, 0x0000000717c00000| Untracked 
| 116|0x0000000717e00000, 0x0000000717e00000, 0x0000000718000000|  0%| F|  |TAMS 0x0000000717e00000, 0x0000000717e00000| Untracked 
| 117|0x0000000718000000, 0x0000000718000000, 0x0000000718200000|  0%| F|  |TAMS 0x0000000718000000, 0x0000000718000000| Untracked 
| 118|0x0000000718200000, 0x0000000718200000, 0x0000000718400000|  0%| F|  |TAMS 0x0000000718200000, 0x0000000718200000| Untracked 
| 119|0x0000000718400000, 0x0000000718400000, 0x0000000718600000|  0%| F|  |TAMS 0x0000000718400000, 0x0000000718400000| Untracked 
| 120|0x0000000718600000, 0x0000000718600000, 0x0000000718800000|  0%| F|  |TAMS 0x0000000718600000, 0x0000000718600000| Untracked 
| 121|0x0000000718800000, 0x0000000718800000, 0x0000000718a00000|  0%| F|  |TAMS 0x0000000718800000, 0x0000000718800000| Untracked 
| 122|0x0000000718a00000, 0x0000000718aa80b8, 0x0000000718c00000| 32%| E|  |TAMS 0x0000000718a00000, 0x0000000718a00000| Complete 
| 123|0x0000000718c00000, 0x0000000718e00000, 0x0000000718e00000|100%| E|CS|TAMS 0x0000000718c00000, 0x0000000718c00000| Complete 

Card table byte_map: [0x0000020ba4260000,0x0000020ba4a20000] _byte_map_base: 0x0000020ba0a15000

Marking Bits (Prev, Next): (CMBitMap*) 0x0000020b8a87bb40, (CMBitMap*) 0x0000020b8a87bb80
 Prev Bits: [0x0000020ba51e0000, 0x0000020ba8f88000)
 Next Bits: [0x0000020ba8f90000, 0x0000020bacd38000)

Polling page: 0x0000020b8a910000

Metaspace:

Usage:
  Non-class:      6.08 MB used.
      Class:    751.91 KB used.
       Both:      6.81 MB used.

Virtual space:
  Non-class space:        8.00 MB reserved,       6.12 MB ( 77%) committed,  1 nodes.
      Class space:        1.00 GB reserved,     832.00 KB ( <1%) committed,  1 nodes.
             Both:        1.01 GB reserved,       6.94 MB ( <1%) committed. 

Chunk freelists:
   Non-Class:  1.88 MB
       Class:  3.22 MB
        Both:  5.10 MB

MaxMetaspaceSize: unlimited
CompressedClassSpaceSize: 1.00 GB
Initial GC threshold: 21.00 MB
Current GC threshold: 21.00 MB
CDS: on
MetaspaceReclaimPolicy: balanced
 - commit_granule_bytes: 65536.
 - commit_granule_words: 8192.
 - virtual_space_node_default_size: 1048576.
 - enlarge_chunks_in_place: 1.
 - new_chunks_are_fully_committed: 0.
 - uncommit_free_chunks: 1.
 - use_allocation_guard: 0.
 - handle_deallocations: 1.


Internal statistics:

num_allocs_failed_limit: 0.
num_arena_births: 128.
num_arena_deaths: 0.
num_vsnodes_births: 2.
num_vsnodes_deaths: 0.
num_space_committed: 111.
num_space_uncommitted: 0.
num_chunks_returned_to_freelist: 0.
num_chunks_taken_from_freelist: 178.
num_chunk_merges: 0.
num_chunk_splits: 105.
num_chunks_enlarged: 51.
num_purges: 0.
num_inconsistent_stats: 0.

CodeHeap 'non-profiled nmethods': size=119168Kb used=439Kb max_used=439Kb free=118728Kb
 bounds [0x0000020b9b670000, 0x0000020b9b8e0000, 0x0000020ba2ad0000]
CodeHeap 'profiled nmethods': size=119104Kb used=1599Kb max_used=1599Kb free=117504Kb
 bounds [0x0000020b94220000, 0x0000020b94490000, 0x0000020b9b670000]
CodeHeap 'non-nmethods': size=7488Kb used=2384Kb max_used=2413Kb free=5104Kb
 bounds [0x0000020b93ad0000, 0x0000020b93d40000, 0x0000020b94220000]
 total_blobs=1723 nmethods=1143 adapters=491
 compilation: enabled
              stopped_count=0, restarted_count=0
 full_count=0

Compilation events (20 events):
Event: 1.293 Thread 0x0000020bb090d5d0 1126       3       java.lang.ref.Reference::clear (5 bytes)
Event: 1.293 Thread 0x0000020bb090faf0 nmethod 1123 0x0000020b943aca10 code [0x0000020b943acbc0, 0x0000020b943acde8]
Event: 1.294 Thread 0x0000020bb090d5d0 nmethod 1126 0x0000020b943ace90 code [0x0000020b943ad020, 0x0000020b943ad168]
Event: 1.294 Thread 0x0000020bafdd5d40 nmethod 1124 0x0000020b943ad210 code [0x0000020b943ad400, 0x0000020b943adb08]
Event: 1.295 Thread 0x0000020bb1059210 1128 %     4       summit.gfx.Renderer::rotate @ 21 (62 bytes)
Event: 1.300 Thread 0x0000020bb090d5d0 1129       3       summit.gfx.Renderer::toIntRGB (51 bytes)
Event: 1.300 Thread 0x0000020bafdd5d40 1130       3       summit.gfx.Renderer::fillRect (70 bytes)
Event: 1.300 Thread 0x0000020bb090d5d0 nmethod 1129 0x0000020b943add10 code [0x0000020b943adea0, 0x0000020b943ae098]
Event: 1.300 Thread 0x0000020bafdd5d40 nmethod 1130 0x0000020b943ae110 code [0x0000020b943ae2e0, 0x0000020b943ae7d8]
Event: 1.301 Thread 0x0000020bb1059210 nmethod 1128% 0x0000020b9b6d8990 code [0x0000020b9b6d8b20, 0x0000020b9b6d8f58]
Event: 1.301 Thread 0x0000020bafdd5d40 1131 %     3       summit.gfx.Renderer::filterFrame @ 10 (57 bytes)
Event: 1.301 Thread 0x0000020bafdd5d40 nmethod 1131% 0x0000020b943aea10 code [0x0000020b943aebe0, 0x0000020b943af048]
Event: 1.302 Thread 0x0000020bafdd5d40 1132       3       summit.gfx.Renderer::filterFrame (57 bytes)
Event: 1.302 Thread 0x0000020bafdd5d40 nmethod 1132 0x0000020b943af310 code [0x0000020b943af4e0, 0x0000020b943af8a8]
Event: 1.308 Thread 0x0000020bb105a140 1133       4       summit.gfx.Renderer::rotate (62 bytes)
Event: 1.309 Thread 0x0000020bb090faf0 1134       1       summit.game.entity.Entity::inWater (5 bytes)
Event: 1.309 Thread 0x0000020bafdd5d40 1135       1       summit.game.GameUpdateEvent::getDeltaTime (5 bytes)
Event: 1.309 Thread 0x0000020bb090faf0 nmethod 1134 0x0000020b9b6d9190 code [0x0000020b9b6d9320, 0x0000020b9b6d93f8]
Event: 1.309 Thread 0x0000020bafdd5d40 nmethod 1135 0x0000020b9b6d9490 code [0x0000020b9b6d9620, 0x0000020b9b6d96f8]
Event: 1.315 Thread 0x0000020bb105a140 nmethod 1133 0x0000020b9b6d9790 code [0x0000020b9b6d9920, 0x0000020b9b6d9e98]

GC Heap History (2 events):
Event: 1.290 GC heap before
{Heap before GC invocations=0 (full 0):
 garbage-first heap   total 253952K, used 26624K [0x0000000709600000, 0x0000000800000000)
  region size 2048K, 11 young (22528K), 0 survivors (0K)
 Metaspace       used 6973K, committed 7104K, reserved 1056768K
  class space    used 751K, committed 832K, reserved 1048576K
}
Event: 1.293 GC heap after
{Heap after GC invocations=1 (full 0):
 garbage-first heap   total 253952K, used 9755K [0x0000000709600000, 0x0000000800000000)
  region size 2048K, 2 young (4096K), 2 survivors (4096K)
 Metaspace       used 6973K, committed 7104K, reserved 1056768K
  class space    used 751K, committed 832K, reserved 1048576K
}

Deoptimization events (20 events):
Event: 1.276 Thread 0x0000020bb1001540 DEOPT PACKING pc=0x0000020b943a6ef9 sp=0x00000091825ff5a0
Event: 1.276 Thread 0x0000020bb1001540 DEOPT UNPACKING pc=0x0000020b93b22b43 sp=0x00000091825fea48 mode 0
Event: 1.277 Thread 0x0000020bb1001540 DEOPT PACKING pc=0x0000020b943a6ef9 sp=0x00000091825ff5a0
Event: 1.277 Thread 0x0000020bb1001540 DEOPT UNPACKING pc=0x0000020b93b22b43 sp=0x00000091825fea48 mode 0
Event: 1.278 Thread 0x0000020bb1001540 DEOPT PACKING pc=0x0000020b943a6ef9 sp=0x00000091825ff5a0
Event: 1.278 Thread 0x0000020bb1001540 DEOPT UNPACKING pc=0x0000020b93b22b43 sp=0x00000091825fea48 mode 0
Event: 1.278 Thread 0x0000020bb1001540 DEOPT PACKING pc=0x0000020b943a6ef9 sp=0x00000091825ff5a0
Event: 1.278 Thread 0x0000020bb1001540 DEOPT UNPACKING pc=0x0000020b93b22b43 sp=0x00000091825fea48 mode 0
Event: 1.279 Thread 0x0000020bb1001540 DEOPT PACKING pc=0x0000020b943a6ef9 sp=0x00000091825ff5a0
Event: 1.279 Thread 0x0000020bb1001540 DEOPT UNPACKING pc=0x0000020b93b22b43 sp=0x00000091825fea48 mode 0
Event: 1.280 Thread 0x0000020bb1001540 DEOPT PACKING pc=0x0000020b943a6ef9 sp=0x00000091825ff5a0
Event: 1.280 Thread 0x0000020bb1001540 DEOPT UNPACKING pc=0x0000020b93b22b43 sp=0x00000091825fea48 mode 0
Event: 1.296 Thread 0x0000020bb0feb3f0 Uncommon trap: trap_request=0xffffff45 fr.pc=0x0000020b9b6d5fd4 relative=0x00000000000003b4
Event: 1.296 Thread 0x0000020bb0feb3f0 Uncommon trap: reason=unstable_if action=reinterpret pc=0x0000020b9b6d5fd4 method=summit.gfx.Renderer.inArrBounds(IIII)Z @ 15 c2
Event: 1.296 Thread 0x0000020bb0feb3f0 DEOPT PACKING pc=0x0000020b9b6d5fd4 sp=0x00000091820ff240
Event: 1.297 Thread 0x0000020bb0feb3f0 DEOPT UNPACKING pc=0x0000020b93b223a3 sp=0x00000091820ff148 mode 2
Event: 1.308 Thread 0x0000020bb0feb3f0 DEOPT PACKING pc=0x0000020b943aba1d sp=0x00000091820ff190
Event: 1.308 Thread 0x0000020bb0feb3f0 DEOPT UNPACKING pc=0x0000020b93b22b43 sp=0x00000091820fe620 mode 0
Event: 1.315 Thread 0x0000020bb0feb3f0 DEOPT PACKING pc=0x0000020b943aba1d sp=0x00000091820ff190
Event: 1.315 Thread 0x0000020bb0feb3f0 DEOPT UNPACKING pc=0x0000020b93b22b43 sp=0x00000091820fe620 mode 0

Classes unloaded (0 events):
No events

Classes redefined (0 events):
No events

Internal exceptions (12 events):
Event: 0.051 Thread 0x0000020bb094f0b0 Exception <a 'java/lang/ClassNotFoundException'{0x0000000718a2c1c8}: sun/awt/resources/spi/awtProvider> (0x0000000718a2c1c8) 
thrown [e:\jenkins\tmp\workspace\build\src\src\hotspot\share\classfile\systemDictionary.cpp, line 256]
Event: 0.070 Thread 0x0000020bb094f0b0 Exception <a 'java/io/FileNotFoundException'{0x0000000718af5c78}> (0x0000000718af5c78) 
thrown [e:\jenkins\tmp\workspace\build\src\src\hotspot\share\prims\jni.cpp, line 516]
Event: 0.075 Thread 0x0000020bb094f0b0 Exception <a 'java/io/FileNotFoundException'{0x0000000718b22bd0}> (0x0000000718b22bd0) 
thrown [e:\jenkins\tmp\workspace\build\src\src\hotspot\share\prims\jni.cpp, line 516]
Event: 0.088 Thread 0x0000020bb094f0b0 Exception <a 'java/lang/NoSuchMethodError'{0x0000000718bc8fd0}: 'java.lang.Object java.lang.invoke.DirectMethodHandle$Holder.invokeStaticInit(java.lang.Object)'> (0x0000000718bc8fd0) 
thrown [e:\jenkins\tmp\workspace\build\src\src\hotspot\share\interpreter\linkResolver.cpp, line 766]
Event: 0.233 Thread 0x0000020bb094f0b0 Exception <a 'java/lang/NoSuchMethodError'{0x0000000718762a28}: 'void java.lang.invoke.DirectMethodHandle$Holder.invokeSpecial(java.lang.Object, java.lang.Object, java.lang.Object)'> (0x0000000718762a28) 
thrown [e:\jenkins\tmp\workspace\build\src\src\hotspot\share\interpreter\linkResolver.cpp, line 766]
Event: 0.239 Thread 0x0000020bb094f0b0 Exception <a 'java/lang/NoSuchMethodError'{0x000000071878ccc0}: 'java.lang.Object java.lang.invoke.DirectMethodHandle$Holder.newInvokeSpecial(java.lang.Object, java.lang.Object, java.lang.Object, java.lang.Object, java.lang.Object)'> (0x000000071878ccc0) 
thrown [e:\jenkins\tmp\workspace\build\src\src\hotspot\share\interpreter\linkResolver.cpp, line 766]
Event: 0.240 Thread 0x0000020bb094f0b0 Exception <a 'java/lang/NoSuchMethodError'{0x0000000718798688}: 'java.lang.Object java.lang.invoke.DirectMethodHandle$Holder.invokeStatic(java.lang.Object, int, java.lang.Object, java.lang.Object, java.lang.Object, java.lang.Object)'> (0x0000000718798688) 
thrown [e:\jenkins\tmp\workspace\build\src\src\hotspot\share\interpreter\linkResolver.cpp, line 766]
Event: 0.243 Thread 0x0000020bb094f0b0 Exception <a 'java/lang/NoSuchMethodError'{0x00000007187bdda8}: 'java.lang.Object java.lang.invoke.DirectMethodHandle$Holder.invokeStatic(java.lang.Object, int, java.lang.Object)'> (0x00000007187bdda8) 
thrown [e:\jenkins\tmp\workspace\build\src\src\hotspot\share\interpreter\linkResolver.cpp, line 766]
Event: 0.262 Thread 0x0000020bb094f0b0 Exception <a 'java/lang/ClassNotFoundException'{0x0000000718476168}: com/sun/swing/internal/plaf/metal/resources/spi/metalProvider> (0x0000000718476168) 
thrown [e:\jenkins\tmp\workspace\build\src\src\hotspot\share\classfile\systemDictionary.cpp, line 256]
Event: 0.262 Thread 0x0000020bb094f0b0 Exception <a 'java/lang/ClassNotFoundException'{0x000000071847a040}: com/sun/swing/internal/plaf/basic/resources/spi/basicProvider> (0x000000071847a040) 
thrown [e:\jenkins\tmp\workspace\build\src\src\hotspot\share\classfile\systemDictionary.cpp, line 256]
Event: 0.274 Thread 0x0000020bb0b3ae50 Exception <a 'java/lang/NoSuchMethodError'{0x0000000718680998}: 'void java.lang.invoke.DirectMethodHandle$Holder.invokeVirtual(java.lang.Object, java.lang.Object)'> (0x0000000718680998) 
thrown [e:\jenkins\tmp\workspace\build\src\src\hotspot\share\interpreter\linkResolver.cpp, line 766]
Event: 0.285 Thread 0x0000020bb094f0b0 Exception <a 'java/lang/NoSuchMethodError'{0x00000007184b8050}: 'void java.lang.invoke.DirectMethodHandle$Holder.invokeStaticInit(java.lang.Object)'> (0x00000007184b8050) 
thrown [e:\jenkins\tmp\workspace\build\src\src\hotspot\share\interpreter\linkResolver.cpp, line 766]

VM Operations (14 events):
Event: 0.038 Executing VM operation: HandshakeAllThreads
Event: 0.038 Executing VM operation: HandshakeAllThreads done
Event: 0.261 Executing VM operation: HandshakeAllThreads
Event: 0.261 Executing VM operation: HandshakeAllThreads done
Event: 0.301 Executing VM operation: HandshakeAllThreads
Event: 0.301 Executing VM operation: HandshakeAllThreads done
Event: 0.326 Executing VM operation: HandshakeAllThreads
Event: 0.326 Executing VM operation: HandshakeAllThreads done
Event: 1.229 Executing VM operation: HandshakeAllThreads
Event: 1.229 Executing VM operation: HandshakeAllThreads done
Event: 1.229 Executing VM operation: Cleanup
Event: 1.230 Executing VM operation: Cleanup done
Event: 1.290 Executing VM operation: G1CollectForAllocation
Event: 1.293 Executing VM operation: G1CollectForAllocation done

Events (20 events):
Event: 0.347 loading class javax/swing/text/JTextComponent
Event: 0.347 loading class javax/swing/Scrollable
Event: 0.347 loading class javax/swing/Scrollable done
Event: 0.348 loading class javax/swing/text/JTextComponent done
Event: 0.348 loading class java/awt/event/MouseWheelEvent
Event: 0.348 loading class java/awt/event/MouseWheelEvent done
Event: 0.357 loading class sun/awt/image/BufImgSurfaceManager
Event: 0.357 loading class sun/awt/image/BufImgSurfaceManager done
Event: 0.357 loading class sun/awt/image/BufImgSurfaceData
Event: 0.357 loading class sun/awt/image/BufImgSurfaceData done
Event: 0.357 loading class sun/awt/image/BufImgSurfaceData$ICMColorData
Event: 0.358 loading class sun/awt/image/BufImgSurfaceData$ICMColorData done
Event: 0.880 Thread 0x0000020bb0af6ee0 Thread exited: 0x0000020bb0af6ee0
Event: 1.227 loading class java/lang/Math$RandomNumberGeneratorHolder
Event: 1.228 loading class java/lang/Math$RandomNumberGeneratorHolder done
Event: 1.242 Thread 0x0000020bb105a650 Thread added: 0x0000020bb105a650
Event: 1.242 Thread 0x0000020bb1059210 Thread added: 0x0000020bb1059210
Event: 1.242 Thread 0x0000020bb1059c30 Thread added: 0x0000020bb1059c30
Event: 1.242 Thread 0x0000020bb105a140 Thread added: 0x0000020bb105a140
Event: 1.253 Thread 0x0000020bb1001540 Thread added: 0x0000020bb1001540


Dynamic libraries:
0x00007ff7039e0000 - 0x00007ff7039ee000 	C:\Users\aadiu\AppData\Local\Programs\Eclipse Adoptium\jdk-17.0.2.8-hotspot\bin\java.exe
0x00007ffb36970000 - 0x00007ffb36b68000 	C:\Windows\SYSTEM32\ntdll.dll
0x00007ffb352a0000 - 0x00007ffb3535f000 	C:\Windows\System32\KERNEL32.DLL
0x00007ffb34310000 - 0x00007ffb345e2000 	C:\Windows\System32\KERNELBASE.dll
0x00007ffb34110000 - 0x00007ffb34210000 	C:\Windows\System32\ucrtbase.dll
0x00007ffb25f60000 - 0x00007ffb25f78000 	C:\Users\aadiu\AppData\Local\Programs\Eclipse Adoptium\jdk-17.0.2.8-hotspot\bin\jli.dll
0x00007ffb1dfa0000 - 0x00007ffb1dfb9000 	C:\Users\aadiu\AppData\Local\Programs\Eclipse Adoptium\jdk-17.0.2.8-hotspot\bin\VCRUNTIME140.dll
0x00007ffb35530000 - 0x00007ffb356cd000 	C:\Windows\System32\USER32.dll
0x00007ffb20b10000 - 0x00007ffb20daa000 	C:\Windows\WinSxS\amd64_microsoft.windows.common-controls_6595b64144ccf1df_6.0.19041.1110_none_60b5254171f9507e\COMCTL32.dll
0x00007ffb34720000 - 0x00007ffb34742000 	C:\Windows\System32\win32u.dll
0x00007ffb35fa0000 - 0x00007ffb35fcb000 	C:\Windows\System32\GDI32.dll
0x00007ffb35f00000 - 0x00007ffb35f9e000 	C:\Windows\System32\msvcrt.dll
0x00007ffb34750000 - 0x00007ffb3485f000 	C:\Windows\System32\gdi32full.dll
0x00007ffb345f0000 - 0x00007ffb3468d000 	C:\Windows\System32\msvcp_win.dll
0x00007ffb356f0000 - 0x00007ffb35722000 	C:\Windows\System32\IMM32.DLL
0x00007ffb2a2a0000 - 0x00007ffb2a2ac000 	C:\Users\aadiu\AppData\Local\Programs\Eclipse Adoptium\jdk-17.0.2.8-hotspot\bin\vcruntime140_1.dll
0x00007ffafab00000 - 0x00007ffafab91000 	C:\Users\aadiu\AppData\Local\Programs\Eclipse Adoptium\jdk-17.0.2.8-hotspot\bin\msvcp140.dll
0x00007ffabf480000 - 0x00007ffac00c7000 	C:\Users\aadiu\AppData\Local\Programs\Eclipse Adoptium\jdk-17.0.2.8-hotspot\bin\server\jvm.dll
0x00007ffb34ec0000 - 0x00007ffb34f6e000 	C:\Windows\System32\ADVAPI32.dll
0x00007ffb35e60000 - 0x00007ffb35efc000 	C:\Windows\System32\sechost.dll
0x00007ffb35ba0000 - 0x00007ffb35cc5000 	C:\Windows\System32\RPCRT4.dll
0x00007ffb34eb0000 - 0x00007ffb34eb8000 	C:\Windows\System32\PSAPI.DLL
0x00007ffb1d990000 - 0x00007ffb1d999000 	C:\Windows\SYSTEM32\WSOCK32.dll
0x00007ffb31d40000 - 0x00007ffb31d67000 	C:\Windows\SYSTEM32\WINMM.dll
0x00007ffb35160000 - 0x00007ffb351cb000 	C:\Windows\System32\WS2_32.dll
0x00007ffb2d720000 - 0x00007ffb2d72a000 	C:\Windows\SYSTEM32\VERSION.dll
0x00007ffb31fa0000 - 0x00007ffb31fb2000 	C:\Windows\SYSTEM32\kernel.appcore.dll
0x00007ffb25f50000 - 0x00007ffb25f5a000 	C:\Users\aadiu\AppData\Local\Programs\Eclipse Adoptium\jdk-17.0.2.8-hotspot\bin\jimage.dll
0x00007ffb31b50000 - 0x00007ffb31d34000 	C:\Windows\SYSTEM32\DBGHELP.DLL
0x00007ffb31b20000 - 0x00007ffb31b4c000 	C:\Windows\SYSTEM32\dbgcore.DLL
0x00007ffb34690000 - 0x00007ffb34712000 	C:\Windows\System32\bcryptPrimitives.dll
0x00007ffb1cb90000 - 0x00007ffb1cbb5000 	C:\Users\aadiu\AppData\Local\Programs\Eclipse Adoptium\jdk-17.0.2.8-hotspot\bin\java.dll
0x00007ffafa4c0000 - 0x00007ffafa596000 	C:\Users\aadiu\AppData\Local\Programs\Eclipse Adoptium\jdk-17.0.2.8-hotspot\bin\jsvml.dll
0x00007ffb35fd0000 - 0x00007ffb36713000 	C:\Windows\System32\SHELL32.dll
0x00007ffb32130000 - 0x00007ffb328c2000 	C:\Windows\SYSTEM32\windows.storage.dll
0x00007ffb34ad0000 - 0x00007ffb34e24000 	C:\Windows\System32\combase.dll
0x00007ffb33a60000 - 0x00007ffb33a90000 	C:\Windows\SYSTEM32\Wldp.dll
0x00007ffb349c0000 - 0x00007ffb34a6d000 	C:\Windows\System32\SHCORE.dll
0x00007ffb35020000 - 0x00007ffb35075000 	C:\Windows\System32\shlwapi.dll
0x00007ffb33fb0000 - 0x00007ffb33fcf000 	C:\Windows\SYSTEM32\profapi.dll
0x00007ffaf82d0000 - 0x00007ffaf845e000 	C:\Users\aadiu\AppData\Local\Programs\Eclipse Adoptium\jdk-17.0.2.8-hotspot\bin\awt.dll
0x00007ffb351d0000 - 0x00007ffb3529d000 	C:\Windows\System32\OLEAUT32.dll
0x00007ffb31300000 - 0x00007ffb31391000 	C:\Windows\SYSTEM32\apphelp.dll
0x00007ffb1cb70000 - 0x00007ffb1cb88000 	C:\Users\aadiu\AppData\Local\Programs\Eclipse Adoptium\jdk-17.0.2.8-hotspot\bin\zip.dll
0x00007ffb31410000 - 0x00007ffb314ae000 	C:\Windows\system32\uxtheme.dll
0x00007ffb353f0000 - 0x00007ffb35505000 	C:\Windows\System32\MSCTF.dll
0x00007ffb35cd0000 - 0x00007ffb35dfa000 	C:\Windows\System32\ole32.dll
0x00007ffb31590000 - 0x00007ffb315bf000 	C:\Windows\system32\DWMAPI.DLL
0x00007ffadadb0000 - 0x00007ffadaed5000 	C:\Windows\system32\opengl32.dll
0x00007ffada100000 - 0x00007ffada12c000 	C:\Windows\SYSTEM32\GLU32.dll
0x00007ffb269b0000 - 0x00007ffb26b7f000 	C:\Windows\system32\d3d9.dll
0x00007ffb28d70000 - 0x00007ffb28f28000 	C:\Windows\System32\DriverStore\FileRepository\u0370468.inf_amd64_5e4260b11257b6e9\B370372\aticfx64.dll
0x00007ffb17910000 - 0x00007ffb17944000 	C:\Windows\System32\DriverStore\FileRepository\u0370468.inf_amd64_5e4260b11257b6e9\B370372\atiu9p64.dll
0x00007ffabe720000 - 0x00007ffabf474000 	C:\Windows\System32\DriverStore\FileRepository\u0370468.inf_amd64_5e4260b11257b6e9\B370372\atiumd64.dll
0x000000006c4b0000 - 0x000000006d324000 	C:\Windows\System32\DriverStore\FileRepository\u0370468.inf_amd64_5e4260b11257b6e9\B370372\atiumd6a.dll
0x00007ffb35730000 - 0x00007ffb35b98000 	C:\Windows\System32\SETUPAPI.dll
0x00007ffb34210000 - 0x00007ffb3425e000 	C:\Windows\System32\cfgmgr32.dll
0x00007ffb33e30000 - 0x00007ffb33e7b000 	C:\Windows\SYSTEM32\POWRPROF.dll
0x00007ffb34070000 - 0x00007ffb34097000 	C:\Windows\System32\bcrypt.dll
0x00007ffb33e10000 - 0x00007ffb33e22000 	C:\Windows\SYSTEM32\UMPDC.dll
0x00007ffb29180000 - 0x00007ffb291b0000 	C:\Windows\SYSTEM32\amdihk64.dll
0x00007ffb29960000 - 0x00007ffb2999b000 	C:\Windows\SYSTEM32\dxcore.dll
0x00007ffb0d970000 - 0x00007ffb0d9f9000 	C:\Users\aadiu\AppData\Local\Programs\Eclipse Adoptium\jdk-17.0.2.8-hotspot\bin\freetype.dll
0x00007ffafa9f0000 - 0x00007ffafaa98000 	C:\Users\aadiu\AppData\Local\Programs\Eclipse Adoptium\jdk-17.0.2.8-hotspot\bin\fontmanager.dll
0x00007ffb28f30000 - 0x00007ffb29029000 	C:\Windows\SYSTEM32\textinputframework.dll
0x00007ffb30e70000 - 0x00007ffb311ce000 	C:\Windows\System32\CoreUIComponents.dll
0x00007ffb309d0000 - 0x00007ffb30ac2000 	C:\Windows\System32\CoreMessaging.dll
0x00007ffb33190000 - 0x00007ffb331c3000 	C:\Windows\SYSTEM32\ntmarta.dll
0x00007ffb30200000 - 0x00007ffb30354000 	C:\Windows\SYSTEM32\wintypes.dll

dbghelp: loaded successfully - version: 4.0.5 - missing functions: none
symbol engine: initialized successfully - sym options: 0x614 - pdb path: .;C:\Users\aadiu\AppData\Local\Programs\Eclipse Adoptium\jdk-17.0.2.8-hotspot\bin;C:\Windows\SYSTEM32;C:\Windows\WinSxS\amd64_microsoft.windows.common-controls_6595b64144ccf1df_6.0.19041.1110_none_60b5254171f9507e;C:\Users\aadiu\AppData\Local\Programs\Eclipse Adoptium\jdk-17.0.2.8-hotspot\bin\server;C:\Windows\System32\DriverStore\FileRepository\u0370468.inf_amd64_5e4260b11257b6e9\B370372

VM Arguments:
jvm_args: -XX:+ShowCodeDetailsInExceptionMessages 
java_command: summit.Main
java_class_path (initial): C:\Users\aadiu\AppData\Roaming\Code\User\workspaceStorage\929b6f7fce9865a60d0bbe8b6a275a21\redhat.java\jdt_ws\Summit Game_948de7c9\bin
Launcher Type: SUN_STANDARD

[Global flags]
     intx CICompilerCount                          = 12                                        {product} {ergonomic}
     uint ConcGCThreads                            = 3                                         {product} {ergonomic}
     uint G1ConcRefinementThreads                  = 13                                        {product} {ergonomic}
   size_t G1HeapRegionSize                         = 2097152                                   {product} {ergonomic}
    uintx GCDrainStackTargetSize                   = 64                                        {product} {ergonomic}
   size_t InitialHeapSize                          = 260046848                                 {product} {ergonomic}
   size_t MarkStackSize                            = 4194304                                   {product} {ergonomic}
   size_t MaxHeapSize                              = 4137680896                                {product} {ergonomic}
   size_t MaxNewSize                               = 2480930816                                {product} {ergonomic}
   size_t MinHeapDeltaBytes                        = 2097152                                   {product} {ergonomic}
   size_t MinHeapSize                              = 8388608                                   {product} {ergonomic}
    uintx NonNMethodCodeHeapSize                   = 7602480                                {pd product} {ergonomic}
    uintx NonProfiledCodeHeapSize                  = 122027880                              {pd product} {ergonomic}
    uintx ProfiledCodeHeapSize                     = 122027880                              {pd product} {ergonomic}
    uintx ReservedCodeCacheSize                    = 251658240                              {pd product} {ergonomic}
     bool SegmentedCodeCache                       = true                                      {product} {ergonomic}
     bool ShowCodeDetailsInExceptionMessages       = true                                   {manageable} {command line}
   size_t SoftMaxHeapSize                          = 4137680896                             {manageable} {ergonomic}
     bool UseCompressedClassPointers               = true                           {product lp64_product} {ergonomic}
     bool UseCompressedOops                        = true                           {product lp64_product} {ergonomic}
     bool UseG1GC                                  = true                                      {product} {ergonomic}
     bool UseLargePagesIndividualAllocation        = false                                  {pd product} {ergonomic}

Logging:
Log output configuration:
 #0: stdout all=warning uptime,level,tags
 #1: stderr all=off uptime,level,tags

Environment Variables:
JAVA_HOME=C:\Users\aadiu\AppData\Local\Programs\Eclipse Adoptium\jdk-17.0.2.8-hotspot\
PATH=C:\Program Files (x86)\Razer Chroma SDK\bin;C:\Program Files\Razer Chroma SDK\bin;C:\Program Files (x86)\Razer\ChromaBroadcast\bin;C:\Program Files\Razer\ChromaBroadcast\bin;C:\Program Files (x86)\Common Files\Oracle\Java\javapath;C:\Program Files\Python38\Scripts\;C:\Program Files\Python38\;C:\Windows\system32;C:\Windows;C:\Windows\System32\Wbem;C:\Windows\System32\WindowsPowerShell\v1.0\;C:\Windows\System32\OpenSSH\;C:\Program Files (x86)\NVIDIA Corporation\PhysX\Common;C:\Program Files\NVIDIA Corporation\NVIDIA NvDLISR;C:\Users\aadiu\AppData\Local\Microsoft\WindowsApps;C:\Users\aadiu\AppData\Local\Programs\Microsoft VS Code\bin;C:\Windows\system32\config\systemprofile\AppData\Local\Microsoft\WindowsApps;C:\Program Files\dotnet\;C:\Program Files\Git\cmd;C:\MinGW\bin\;C:\Program Files (x86)\Windows Kits\10\Windows Performance Toolkit\;C:\Users\aadiu\AppData\Local\Programs\Eclipse Adoptium\jdk-17.0.2.8-hotspot\bin;C:\Users\aadiu\AppData\Local\Microsoft\WindowsApps;C:\Users\aadiu\AppData\Local\Programs\Microsoft VS Code\bin;C:\Users\aadiu\AppData\Local\GitHubDesktop\bin
USERNAME=aadiu
LANG=en_US.UTF-8
OS=Windows_NT
PROCESSOR_IDENTIFIER=AMD64 Family 25 Model 80 Stepping 0, AuthenticAMD



---------------  S Y S T E M  ---------------

OS:
 Windows 10 , 64 bit Build 19041 (10.0.19041.2251)
OS uptime: 1 days 8:49 hours

CPU: total 16 (initial active 16) (16 cores per cpu, 2 threads per core) family 25 model 80 stepping 0 microcode 0x0, cx8, cmov, fxsr, ht, mmx, 3dnowpref, sse, sse2, sse3, ssse3, sse4a, sse4.1, sse4.2, popcnt, lzcnt, tsc, tscinvbit, avx, avx2, aes, erms, clmul, bmi1, bmi2, adx, sha, fma, vzeroupper, clflush, clflushopt

Memory: 4k page, system-wide physical 15776M (7369M free)
TotalPageFile size 20128M (AvailPageFile size 7105M)
current process WorkingSet (physical memory assigned to process): 118M, peak: 119M
current process commit charge ("private bytes"): 428M, peak: 429M

vm_info: OpenJDK 64-Bit Server VM (17.0.2+8) for windows-amd64 JRE (17.0.2+8), built on Jan 20 2022 04:52:34 by "" with MS VC++ 16.7 (VS2019)

END.
