#
# A fatal error has been detected by the Java Runtime Environment:
#
#  EXCEPTION_ACCESS_VIOLATION (0xc0000005) at pc=0x0000027d748ba9cb, pid=19252, tid=3580
#
# JRE version: OpenJDK Runtime Environment Temurin-17.0.2+8 (17.0.2+8) (build 17.0.2+8)
# Java VM: OpenJDK 64-Bit Server VM Temurin-17.0.2+8 (17.0.2+8, mixed mode, sharing, tiered, compressed oops, compressed class ptrs, g1 gc, windows-amd64)
# Problematic frame:
# J 1122 c2 summit.gfx.Renderer.render(Ljava/lang/String;FFILsummit/gfx/ColorFilter;)V (282 bytes) @ 0x0000027d748ba9cb [0x0000027d748b9d20+0x0000000000000cab]
#
# No core dump will be written. Minidumps are not enabled by default on client versions of Windows
#
# If you would like to submit a bug report, please visit:
#   https://github.com/adoptium/adoptium-support/issues
#

---------------  S U M M A R Y ------------

Command Line: -XX:+ShowCodeDetailsInExceptionMessages summit.Main

Host: AMD Ryzen 9 5900HS with Radeon Graphics        , 16 cores, 15G,  Windows 10 , 64 bit Build 19041 (10.0.19041.2251)
Time: Tue Nov 15 17:55:11 2022 Central Standard Time elapsed time: 1.271741 seconds (0d 0h 0m 1s)

---------------  T H R E A D  ---------------

Current thread (0x0000027d09c9c060):  JavaThread "Thread-2" [_thread_in_Java, id=3580, stack(0x000000c16ba00000,0x000000c16bb00000)]

Stack: [0x000000c16ba00000,0x000000c16bb00000],  sp=0x000000c16baff200,  free space=1020k
Native frames: (J=compiled Java code, j=interpreted, Vv=VM code, C=native code)
C  0x0000027d748ba9cb


siginfo: EXCEPTION_ACCESS_VIOLATION (0xc0000005), reading address 0x0000000b17634470


Register to memory mapping:

RIP=0x0000027d748ba9cb is at entry_point+3243 in (nmethod*)0x0000027d748b9b10
RAX=0x0000000718401438 is an oop: [[I 
{0x0000000718401438} - klass: {type array int}[]
 - length: 16
RBX=0x00000000fffffff0 is an unknown value
RCX=0x0000000000000090 is an unknown value
RDX=0x0 is NULL
RSP=0x000000c16baff200 is pointing into the stack for thread: 0x0000027d09c9c060
RBP=0x0 is NULL
RSI=0x0000000000000010 is an unknown value
RDI=3807144084 is a compressed pointer to object: [[I 
{0x00000007176344a0} - klass: {type array int}[]
 - length: 144
R8 =0x00000000fffffff8 is an unknown value
R9 =0x00000007176346f0 is an oop: summit.gfx.Renderer 
{0x00000007176346f0} - klass: 'summit/gfx/Renderer'
 - ---- fields (total size 2 words):
 - private 'frame' '[[I' @12  a {type array int}[144] {0x00000007176344a0} (e2ec6894)
R10=0x00000007176344a0 is an oop: [[I 
{0x00000007176344a0} - klass: {type array int}[]
 - length: 144
R11=0x00000000fffffff0 is an unknown value
R12=0x0 is NULL
R13=0x00000000fffffff9 is an unknown value
R14=0x0000000000000010 is an unknown value
R15=0x0000027d09c9c060 is a thread


Registers:
RAX=0x0000000718401438, RBX=0x00000000fffffff0, RCX=0x0000000000000090, RDX=0x0000000000000000
RSP=0x000000c16baff200, RBP=0x0000000000000000, RSI=0x0000000000000010, RDI=0x00000000e2ec6894
R8 =0x00000000fffffff8, R9 =0x00000007176346f0, R10=0x00000007176344a0, R11=0x00000000fffffff0
R12=0x0000000000000000, R13=0x00000000fffffff9, R14=0x0000000000000010, R15=0x0000027d09c9c060
RIP=0x0000027d748ba9cb, EFLAGS=0x0000000000010286

Top of Stack: (sp=0x000000c16baff200)
0x000000c16baff200:   0000010000000000 fffffff800000008
0x000000c16baff210:   fffffff0fffffff8 00000000fffffff0
0x000000c16baff220:   0000001000000010 0000000900000010
0x000000c16baff230:   0000027d00000009 00000007176346f0
0x000000c16baff240:   0000000000000000 0000027d748b9d40
0x000000c16baff250:   00000007187ea238 0000000000000206
0x000000c16baff260:   000000c16baff508 0000027d6d585e14
0x000000c16baff270:   000000c16baff2d0 0000027d0882fb48
0x000000c16baff280:   0000027d08991128 0000000709bc4cc0
0x000000c16baff290:   0000027d0882c528 0000000000000000
0x000000c16baff2a0:   000000c16baff2e0 00000007176346f0
0x000000c16baff2b0:   000000071763f1f8 0000000000000004
0x000000c16baff2c0:   0000000000000000 00000007187f8700
0x000000c16baff2d0:   000000c16baff508 0000027d6d5870ec
0x000000c16baff2e0:   00000007187f8700 0000000717700938
0x000000c16baff2f0:   000000c16baff2f0 0000027d089dd2b6 

Instructions: (pc=0x0000027d748ba9cb)
0x0000027d748ba8cb:   00 00 00 48 8b d5 e9 5f 01 00 00 66 66 0f 1f 84
0x0000027d748ba8db:   00 00 00 00 00 44 2b 4c 24 10 45 8b d1 41 ff c2
0x0000027d748ba8eb:   45 8b c8 44 3b d6 0f 83 85 04 00 00 45 8b 44 fc
0x0000027d748ba8fb:   10 47 8b 44 c4 0c 45 3b c8 0f 83 68 01 00 00 c4
0x0000027d748ba90b:   c1 f9 7e d8 45 8b 74 80 10 43 8b 54 f4 0c 4f 8d
0x0000027d748ba91b:   04 f4 44 3b d2 0f 83 7e 04 00 00 47 8b 54 90 10
0x0000027d748ba92b:   41 83 fa ff 0f 84 33 01 00 00 45 8b 44 dc 0c 45
0x0000027d748ba93b:   3b c8 0f 83 7d 04 00 00 46 89 54 8d 10 33 d2 c4
0x0000027d748ba94b:   c1 f9 7e da 45 8b 52 10 47 8b 54 d4 0c 44 03 54
0x0000027d748ba95b:   24 10 4d 8b b7 48 03 00 00 45 8b c1 41 ff c0 41
0x0000027d748ba96b:   85 06 45 3b c2 0f 8c 6a ff ff ff 4d 8b 97 48 03
0x0000027d748ba97b:   00 00 41 ff c3 41 85 02 44 3b 1c 24 0f 8d 56 01
0x0000027d748ba98b:   00 00 c4 c1 f9 7e c1 c4 e1 f9 7e cd c5 f9 7e d2
0x0000027d748ba99b:   44 8b 44 24 10 8b 5c 24 14 44 3b 44 24 08 0f 8d
0x0000027d748ba9ab:   4a 01 00 00 89 5c 24 14 44 89 44 24 10 c5 f9 6e
0x0000027d748ba9bb:   d2 c4 e1 f9 6e cd c4 c1 f9 6e c1 c4 c1 f9 7e e2
0x0000027d748ba9cb:   43 8b 5c 9a 10 41 8b c3 2b 44 24 14 44 3b d9 0f
0x0000027d748ba9db:   83 ee fe ff ff 44 3b 44 24 04 0f 83 e3 fe ff ff
0x0000027d748ba9eb:   c4 c1 f9 7e da 45 8b 44 82 10 47 8b 54 c4 0c 45
0x0000027d748ba9fb:   85 d2 0f 86 01 05 00 00 47 8b 54 c4 10 41 83 fa
0x0000027d748baa0b:   ff 0f 84 06 01 00 00 45 8b 44 dc 0c 44 8b 4c 24
0x0000027d748baa1b:   10 45 3b c8 0f 83 a0 03 00 00 4d 8d 0c dc 44 8b
0x0000027d748baa2b:   44 24 10 47 89 54 81 10 33 d2 c4 c1 f9 7e da 45
0x0000027d748baa3b:   8b 42 10 47 8b 54 c4 0c 44 03 54 24 10 45 3b ea
0x0000027d748baa4b:   0f 8d 25 ff ff ff 44 3b d9 73 26 49 8d 2c dc 45
0x0000027d748baa5b:   8b cd 41 ba 01 00 00 00 e9 86 fe ff ff c4 e1 f9
0x0000027d748baa6b:   7e ca e9 d8 fe ff ff c4 e1 f9 7e ca e9 ce fe ff
0x0000027d748baa7b:   ff 45 8b cd 41 b8 01 00 00 00 eb 17 66 0f 1f 84
0x0000027d748baa8b:   00 00 00 00 00 44 2b 4c 24 10 45 8b c1 41 ff c0
0x0000027d748baa9b:   45 8b ca 44 3b c6 0f 83 d5 02 00 00 45 3b 64 fc
0x0000027d748baaab:   10 0f 84 42 04 00 00 c4 c1 f9 7e d8 45 8b 50 10
0x0000027d748baabb:   43 8b 5c d4 0c 03 5c 24 10 4d 8b 87 48 03 00 00 


Stack slot to memory mapping:
stack at sp + 0 slots: 0x0000010000000000 is an unknown value
stack at sp + 1 slots: 0xfffffff800000008 is an unknown value
stack at sp + 2 slots: 0xfffffff0fffffff8 is an unknown value
stack at sp + 3 slots: 0x00000000fffffff0 is an unknown value
stack at sp + 4 slots: 0x0000001000000010 is an unknown value
stack at sp + 5 slots: 0x0000000900000010 is an unknown value
stack at sp + 6 slots: 0x0000027d00000009 points into unknown readable memory: 00 00 00 00 00 00 00
stack at sp + 7 slots: 0x00000007176346f0 is an oop: summit.gfx.Renderer 
{0x00000007176346f0} - klass: 'summit/gfx/Renderer'
 - ---- fields (total size 2 words):
 - private 'frame' '[[I' @12  a {type array int}[144] {0x00000007176344a0} (e2ec6894)

--------------------------------------------------------------------------------
[Constant Pool (empty)]

--------------------------------------------------------------------------------

[MachCode]
  0x0000027d748b9d20: 448b 5208 | 49bb 0000 | 0000 0800 | 0000 4d03 | d349 3bc2 | 0f85 462d | 44f8 6690 | 0f1f 4000 
  0x0000027d748b9d40: 8984 2400 | 90ff ff55 | 4883 ec60 | 4889 7c24 | 10c4 c179 | 6ed1 c5f8 | 28e9 4889 | 1424 4d8b 
  0x0000027d748b9d60: d049 bb80 | bf64 1707 | 0000 0041 | 8b6b 7045 | 8b5c ec08 | 4181 fbe0 | ad0b 000f | 85ed 1100 
  0x0000027d748b9d80: 004d 8d1c | ec45 8b5b | 2447 8b44 | dc0c 4585 | c00f 8685 | 1200 004b | 8d0c dc4d | 85d2 0f84 
  0x0000027d748b9da0: cb0f 0000 | 418b 5a0c | 41ff c885 | db75 6c41 | 0fb6 5a11 | 85db 0f85 | 850f 0000 | 410f be5a 
  0x0000027d748b9dc0: 1085 db0f | 859b 1400 | 0045 8b4a | 1443 8b6c | cc0c 85ed | 0f86 740f | 0000 8bd5 | ffca 3bd5 
  0x0000027d748b9de0: 0f83 aa13 | 0000 470f | b65c cc10 | 8bdd 83c3 | fd3b d3ba | 0000 0080 | 0f4c da41 | 8bfb c1e7 
  0x0000027d748b9e00: 0541 2bfb | 4f8d 2ccc | 83fb 010f | 8eb3 1300 | 00be 0100 | 0000 4533 | c9eb 4344 | 8bdb 41c1 
  0x0000027d748b9e20: eb10 4433 | db45 23c3 | 33d2 e9f6 | 0000 0045 | 0fb6 4c35 | 1041 03f9 | ffc6 3bf5 | 0f8d ca00 
  0x0000027d748b9e40: 0000 448b | cf41 c1e1 | 0544 2bcf | 418b f9eb | de4d 8bd6 | c4c1 797e | c8c4 c179 | 7ee1 8bc3 
  0x0000027d748b9e60: 2bc6 3bde | 410f 4cc1 | 81f8 a00f | 0000 41bb | a00f 0000 | 410f 47c3 | 03c6 4d8b | f2c4 c179 
  0x0000027d748b9e80: 6ec8 c4c1 | 796e e166 | 0f1f 8400 | 0000 0000 | 4c63 de47 | 0fb6 541d | 1047 0fb6 | 4c1d 1347 
  0x0000027d748b9ea0: 0fb6 441d | 1143 0fb6 | 541d 1241 | 03fa 448b | d741 c1e2 | 0544 2bd7 | 4503 d041 | 8bfa c1e7 
  0x0000027d748b9ec0: 0541 2bfa | 03fa 448b | df41 c1e3 | 0544 2bdf | 4503 d941 | 8bfb c1e7 | 0541 2bfb | 83c6 043b 
  0x0000027d748b9ee0: f07c ad4d | 8b97 4803 | 0000 4185 | 023b f30f | 8c5c ffff | ff4d 8bd6 | c4c1 797e | c8c5 f97e 
  0x0000027d748b9f00: e23b f50f | 8c26 ffff | ff41 8bfb | 85ff 0f84 | 3c0e 0000 | 4189 7a0c | 448b df41 | c1eb 1044 
  0x0000027d748b9f20: 33df 4523 | c346 8b4c | 8110 438b | 4ccc 0c41 | 3bcb 0f84 | a401 0000 | 438b 6ccc | 1885 ed0f 
  0x0000027d748b9f40: 848b 1200 | 0043 8b4c | cc08 81f9 | 98b0 1400 | 0f84 a612 | 0000 4d8d | 04ec 458b | 480c 453b 
  0x0000027d748b9f60: cb0f 85ba | 0d00 0041 | 8b48 104c | 8bc9 49c1 | e103 4d3b | ca0f 84d5 | 0200 0041 | 0fbe 7a10 
  0x0000027d748b9f80: 4d3b d10f | 84c7 0200 | 0045 8b4c | cc08 4181 | f970 e900 | 000f 853d | 1300 004d | 8d0c cc41 
  0x0000027d748b9fa0: 0fbe 6910 | 3bfd 0f85 | f412 0000 | 458b 4914 | 418b 5a14 | 438b 74cc | 0c41 8b4c | dc0c 3bce 
  0x0000027d748b9fc0: 0f85 d800 | 0000 4b8d | 3ccc 4b8d | 74cc 104d | 8d0c dc49 | 8d7c dc10 | 85c9 0f84 | a500 0000 
  0x0000027d748b9fe0: 8bc1 83e0 | 1f83 e1e0 | 0f84 4b00 | 0000 488d | 3c0f 488d | 340e 48f7 | d9c5 fe6f | 0c0f c5fe 
  0x0000027d748ba000: 6f1c 0ec5 | f5ef cbc4 | e27d 17c9 | 0f85 7a00 | 0000 4883 | c120 75e1 | 85c0 0f84 | 6500 0000 
  0x0000027d748ba020: c5fe 6f4c | 07e0 c5fe | 6f5c 06e0 | c5f5 efcb | c4e2 7d17 | c975 55eb | 4c8b c883 | e1fc 7419 
  0x0000027d748ba040: 488d 3c0f | 488d 340e | 48f7 d98b | 1c0f 3b1c | 0e75 3948 | 83c1 0475 | f2f7 c002 | 0000 0074 
  0x0000027d748ba060: 120f b71f | 0fb7 0e3b | d975 2148 | 8d7f 0248 | 8d76 02f7 | c001 0000 | 0074 0a0f | b61f 0fb6 
  0x0000027d748ba080: 0e3b d975 | 07b8 0100 | 0000 eb02 | 33c0 c5f5 | efc9 c5e5 | efdb 85c0 | 0f85 b201 | 0000 ba45 
  0x0000027d748ba0a0: ffff ff48 | 8b2c 24c5 | fa11 1424 | 4c8b 4c24 | 104c 894c | 2408 c5fa | 1144 2404 | c5fa 116c 
  0x0000027d748ba0c0: 2410 4c89 | 5424 184c | 8944 2420 | 4489 5c24 | 1466 6690 | c5f8 77e8 | 2482 44f8 | 438b 4ccc 
  0x0000027d748ba0e0: 104c 8bc1 | 49c1 e003 | 4d3b c20f | 845b 0100 | 0041 0fbe | 5a10 4d3b | d00f 844d | 0100 0045 
  0x0000027d748ba100: 8b44 cc08 | 4181 f870 | e900 000f | 8527 1200 | 004d 8d04 | cc41 0fbe | 6810 3bdd | 0f85 0a11 
  0x0000027d748ba120: 0000 458b | 4014 418b | 6a14 438b | 7cc4 0c41 | 8b4c ec0c | 3bcf 0f85 | d400 0000 | 4b8d 1cc4 
  0x0000027d748ba140: 4b8d 74c4 | 104d 8d04 | ec49 8d7c | ec10 85c9 | 0f84 a500 | 0000 8bc1 | 83e0 1f83 | e1e0 0f84 
  0x0000027d748ba160: 4b00 0000 | 488d 3c0f | 488d 340e | 48f7 d9c5 | fe6f 1c0f | c5fe 6f0c | 0ec5 e5ef | d9c4 e27d 
  0x0000027d748ba180: 17db 0f85 | 7a00 0000 | 4883 c120 | 75e1 85c0 | 0f84 6500 | 0000 c5fe | 6f5c 07e0 | c5fe 6f4c 
  0x0000027d748ba1a0: 06e0 c5e5 | efd9 c4e2 | 7d17 db75 | 55eb 4c8b | c883 e1fc | 7419 488d | 3c0f 488d | 340e 48f7 
  0x0000027d748ba1c0: d98b 1c0f | 3b1c 0e75 | 3948 83c1 | 0475 f2f7 | c002 0000 | 0074 120f | b71f 0fb7 | 0e3b d975 
  0x0000027d748ba1e0: 2148 8d7f | 0248 8d76 | 02f7 c001 | 0000 0074 | 0a0f b61f | 0fb6 0e3b | d975 07b8 | 0100 0000 
  0x0000027d748ba200: eb02 33c0 | c5e5 efdb | c5f5 efc9 | 85c0 753c | ba45 ffff | ff48 8b2c | 24c5 fa11 | 1424 4c8b 
  0x0000027d748ba220: 4424 104c | 8944 2408 | c5fa 1144 | 2404 c5fa | 116c 2410 | 4c89 5424 | 1844 894c | 2414 4489 
  0x0000027d748ba240: 5c24 2090 | c5f8 77e8 | b480 44f8 | 4f8d 04cc | 418b 6814 | 458b 5cec | 0841 81fb | 086d 0000 
  0x0000027d748ba260: 0f85 b210 | 0000 498d | 04ec 448b | 500c 4585 | d20f 861d | 0d00 0044 | 8b58 1047 | 8b44 dc0c 
  0x0000027d748ba280: 41d1 fa41 | d1f8 c4c1 | 796e cac5 | f85b c9c4 | c179 6ee0 | c5f8 5be4 | c5d2 5cc9 | c5fa 5cdc 
  0x0000027d748ba2a0: c4c1 797e | dac4 c179 | 7ec9 458b | da41 c1eb | 1745 8bc1 | 41c1 e817 | 450f b6db | b995 0000 
  0x0000027d748ba2c0: 0041 2bcb | 450f b6c0 | 41bb 9500 | 0000 452b | d8f7 c1e0 | ffff ff0f | 8522 0a00 | 0045 8bc2 
  0x0000027d748ba2e0: 4181 e0ff | ff7f 0041 | 81c8 0000 | 8000 4585 | d20f 8c70 | 0a00 0041 | d3f8 41ff | c041 d1f8 
  0x0000027d748ba300: 41f7 c3e0 | ffff ff0f | 85d2 0900 | 0041 8bd9 | 81e3 ffff | 7f00 81cb | 0000 8000 | 4585 c90f 
  0x0000027d748ba320: 8c3b 0a00 | 0041 8bcb | d3fb ffc3 | d1fb c4c1 | 797e d345 | 85db 7508 | 4533 dbe9 | ce04 0000 
  0x0000027d748ba340: 41f7 c304 | 0000 0074 | 2b89 5c24 | 1844 8944 | 240c 8954 | 2408 418b | eb48 8bd0 | c5f8 77e8 
  0x0000027d748ba360: bcdc ffff | 448b dd8b | 5424 0844 | 8b44 240c | 8b5c 2418 | 41f7 c301 | 0000 000f | 84cb 0000 
  0x0000027d748ba380: 0044 8b48 | 0c45 85c9 | 0f86 ce0d | 0000 448b | 5010 438b | 4cd4 0c89 | 4c24 2c44 | 894c 2428 
  0x0000027d748ba3a0: 4889 4424 | 2089 5c24 | 1c44 8944 | 2418 8954 | 240c 4489 | 5c24 0848 | ba08 6d00 | 0008 0000 
  0x0000027d748ba3c0: 0045 8bc1 | 448b c990 | c5f8 77e8 | b020 4ff8 | 448b 5c24 | 2841 ffcb | 443b 5c24 | 280f 8331 
  0x0000027d748ba3e0: 0d00 0044 | 8b50 0c45 | 85d2 0f86 | 240d 0000 | 453b da0f | 831b 0d00 | 0044 8b74 | 242c 41ff 
  0x0000027d748ba400: ce8b 5c24 | 2cd1 fb4c | 6344 242c | 8beb 83c5 | fe3b dd41 | bb00 0000 | 8041 0f4c | eb4c 63d3 
  0x0000027d748ba420: 498b d049 | 2bd2 8bfb | ffc7 48ff | ca45 33ed | e9e8 0700 | 00c4 e1f9 | 7ec0 448b | 5c24 088b 
  0x0000027d748ba440: 5424 0c44 | 8b44 2418 | 8b5c 241c | 41f7 c302 | 0000 000f | 84b5 0300 | 0044 8b50 | 0c45 85d2 
  0x0000027d748ba460: 0f86 7c0c | 0000 448b | 4810 478b | 4ccc 0c44 | 8954 2428 | 4889 4424 | 2089 5c24 | 1c44 8944 
  0x0000027d748ba480: 2418 8954 | 240c 4489 | 5c24 0848 | ba08 6d00 | 0008 0000 | 0045 8bc2 | c5f8 77e8 | e01f 4ff8 
  0x0000027d748ba4a0: 448b 500c | 448b 5c24 | 2841 d1fb | 458b c341 | ffc0 4585 | d20f 86ca | 0b00 0045 | 3bda 0f83 
  0x0000027d748ba4c0: c10b 0000 | 4863 6c24 | 284d 63cb | 488b cd49 | 2bc9 48ff | c948 3bcd | 0f83 a70b | 0000 448b 
  0x0000027d748ba4e0: 4c24 2841 | ffc9 443b | 4c24 280f | 8394 0b00 | 0044 8944 | 242c 4d63 | c249 3bc8 | 0f83 7e0b 
  0x0000027d748ba500: 0000 453b | ca0f 83c9 | 0b00 0044 | 3b5c 2428 | 0f83 c50b | 0000 4533 | dbeb 31c4 | c1f9 7ec2 
  0x0000027d748ba520: c4c1 797e | cbc4 e1f9 | 7ee0 c4e1 | f97e f54d | 8b87 4803 | 0000 41ff | c341 8500 | 443b 5c24 
  0x0000027d748ba540: 2c0f 8db5 | 0200 004c | 8954 2420 | 4c8b 5424 | 2045 8b42 | 1043 8b5c | c40c 85db | 76d1 c5fb 
  0x0000027d748ba560: 1044 2420 | c4c1 796e | cb4d 63c3 | 4c8b dd4d | 2bd8 478b | 549a 0cc4 | c179 6ed2 | 478b 74d4 
  0x0000027d748ba580: 0c46 8b54 | 8010 c4c1 | 796e da47 | 8b4c d40c | 4c8b 5424 | 2047 8b54 | 8210 c4c1 | 796e ea43 
  0x0000027d748ba5a0: 8b4c d40c | 428b 7c98 | 0c45 8b6c | fc0c 4585 | f60f 86a7 | 0900 0041 | bb01 0000 | 0045 3bde 
  0x0000027d748ba5c0: 41ba 0100 | 0000 450f | 4fd6 c4c1 | 797e db4f | 8d04 dcc4 | c179 7ed3 | 4b8d 14dc | 418b d849 
  0x0000027d748ba5e0: 8d34 fcc1 | eb02 c4c1 | 797e eb49 | c1e3 0383 | e303 4103 | daf7 db83 | e303 4103 | da41 3bde 
  0x0000027d748ba600: 410f 4fde | 4533 d2eb | 0f66 6690 | 448b d144 | 8b4c 2420 | 8b4c 2424 | 453b d60f | 837a 0100 
  0x0000027d748ba620: 00c5 f96e | ff89 4c24 | 2444 894c | 2420 c4e1 | f96e f5c4 | e1f9 6ee0 | 468b 4c92 | 1044 3b54 
  0x0000027d748ba640: 2420 0f83 | 9407 0000 | 4789 4c90 | 1044 3bd1 | 0f83 e207 | 0000 478b | 4c93 1045 | 3bd5 0f83 
  0x0000027d748ba660: 3408 0000 | 4689 4c96 | 10c4 c1f9 | 7ec1 418b | 4910 458b | 4ccc 0c41 | 8bca ffc1 | 413b c90f 
  0x0000027d748ba680: 8d96 feff | ff3b cb0f | 8c7f ffff | ff49 63de | 4963 fd48 | 6344 2424 | 4863 6c24 | 2048 3bdd 
  0x0000027d748ba6a0: 418b de0f | 4f5c 2420 | 4963 e94c | 63cb 4c3b | c80f 4f5c | 2424 48ff | cd4c 63cb | 4c3b cf41 
  0x0000027d748ba6c0: 0f4f dd44 | 8bcd 4863 | fb48 3bfd | 410f 4fd9 | 448b cb41 | 83c1 f941 | 3bd9 bb00 | 0000 8044 
  0x0000027d748ba6e0: 0f4c cb41 | 3bc9 0f8d | 7a08 0000 | 41ff c290 | c421 7a6f | 4492 10c4 | 017a 7f44 | 9010 c401 
  0x0000027d748ba700: 7a6f 4493 | 10c4 217a | 7f44 9610 | c421 7a6f | 4492 20c4 | 017a 7f44 | 9020 c401 | 7a6f 4493 
  0x0000027d748ba720: 20c4 217a | 7f44 9620 | 4183 c208 | 453b d17c | bf45 3bd6 | 7d59 6690 | 453b d673 | 5946 8b4c 
  0x0000027d748ba740: 9210 443b | 5424 200f | 838f 0600 | 0047 894c | 9010 443b | 5424 240f | 83db 0600 | 0047 8b4c 
  0x0000027d748ba760: 9310 453b | d50f 832d | 0700 0046 | 894c 9610 | c4c1 f97e | c141 8b49 | 1045 8b4c | cc0c 41ff 
  0x0000027d748ba780: c245 3bd1 | 0f8d 91fd | ffff 453b | d67c a9c4 | e1f9 7ee0 | eb05 c4e1 | f97e e0ba | e4ff ffff 
  0x0000027d748ba7a0: 488b 2c24 | 448b 4424 | 0844 8904 | 244c 8b5c | 2410 4c89 | 5c24 0844 | 8b5c 2418 | 4489 5c24 
  0x0000027d748ba7c0: 0444 8b44 | 241c 4489 | 4424 10c5 | fb11 4424 | 1848 8944 | 2420 4489 | 5424 2844 | 8954 242c 
  0x0000027d748ba7e0: c5fa 114c | 2430 c5fa | 115c 2434 | c5fa 1154 | 2438 6690 | c5f8 77e8 | 047b 44f8 | 8b54 240c 
  0x0000027d748ba800: 448b 4424 | 188b 5c24 | 1c44 8b5c | 2408 418b | ebc1 fd03 | 85ed 0f85 | 3808 0000 | 8b68 0c44 
  0x0000027d748ba820: 8bdb 4403 | dd41 3bdb | 0f8d b502 | 0000 4c63 | d54c 63cb | 8bcb f7d9 | 4863 c94c | 03c9 4d3b 
  0x0000027d748ba840: ca0f 8381 | 0700 004d | 63cb 4c03 | c949 ffc9 | 4d3b ca0f | 83a3 0700 | 004c 8b0c | 2441 8b79 
  0x0000027d748ba860: 0c41 8b4c | fc0c 85c9 | 0f86 9907 | 0000 458b | 54fc 1047 | 8b54 d40c | 85ed 0f86 | 8e07 0000 
  0x0000027d748ba880: 8b70 1041 | 8b74 f40c | 85f6 0f86 | 8507 0000 | 488b 6c24 | 1048 85ed | 0f85 3307 | 0000 4489 
  0x0000027d748ba8a0: 5424 0444 | 891c 24c4 | e1f9 6ed8 | 448b d645 | 03d0 4489 | 5424 084d | 8d14 fcc4 | c1f9 6ee2 
  0x0000027d748ba8c0: 458b e841 | ffc5 448b | dbe9 d600 | 0000 488b | d5e9 5f01 | 0000 6666 | 0f1f 8400 | 0000 0000 
  0x0000027d748ba8e0: 442b 4c24 | 1045 8bd1 | 41ff c245 | 8bc8 443b | d60f 8385 | 0400 0045 | 8b44 fc10 | 478b 44c4 
  0x0000027d748ba900: 0c45 3bc8 | 0f83 6801 | 0000 c4c1 | f97e d845 | 8b74 8010 | 438b 54f4 | 0c4f 8d04 | f444 3bd2 
  0x0000027d748ba920: 0f83 7e04 | 0000 478b | 5490 1041 | 83fa ff0f | 8433 0100 | 0045 8b44 | dc0c 453b | c80f 837d 
  0x0000027d748ba940: 0400 0046 | 8954 8d10 | 33d2 c4c1 | f97e da45 | 8b52 1047 | 8b54 d40c | 4403 5424 | 104d 8bb7 
  0x0000027d748ba960: 4803 0000 | 458b c141 | ffc0 4185 | 0645 3bc2 | 0f8c 6aff | ffff 4d8b | 9748 0300 | 0041 ffc3 
  0x0000027d748ba980: 4185 0244 | 3b1c 240f | 8d56 0100 | 00c4 c1f9 | 7ec1 c4e1 | f97e cdc5 | f97e d244 | 8b44 2410 
  0x0000027d748ba9a0: 8b5c 2414 | 443b 4424 | 080f 8d4a | 0100 0089 | 5c24 1444 | 8944 2410 | c5f9 6ed2 | c4e1 f96e 
  0x0000027d748ba9c0: cdc4 c1f9 | 6ec1 c4c1 | f97e e243 | 8b5c 9a10 | 418b c32b | 4424 1444 | 3bd9 0f83 | eefe ffff 
  0x0000027d748ba9e0: 443b 4424 | 040f 83e3 | feff ffc4 | c1f9 7eda | 458b 4482 | 1047 8b54 | c40c 4585 | d20f 8601 
  0x0000027d748baa00: 0500 0047 | 8b54 c410 | 4183 faff | 0f84 0601 | 0000 458b | 44dc 0c44 | 8b4c 2410 | 453b c80f 
  0x0000027d748baa20: 83a0 0300 | 004d 8d0c | dc44 8b44 | 2410 4789 | 5481 1033 | d2c4 c1f9 | 7eda 458b | 4210 478b 
  0x0000027d748baa40: 54c4 0c44 | 0354 2410 | 453b ea0f | 8d25 ffff | ff44 3bd9 | 7326 498d | 2cdc 458b | cd41 ba01 
  0x0000027d748baa60: 0000 00e9 | 86fe ffff | c4e1 f97e | cae9 d8fe | ffff c4e1 | f97e cae9 | cefe ffff | 458b cd41 
  0x0000027d748baa80: b801 0000 | 00eb 1766 | 0f1f 8400 | 0000 0000 | 442b 4c24 | 1045 8bc1 | 41ff c045 | 8bca 443b 
  0x0000027d748baaa0: c60f 83d5 | 0200 0045 | 3b64 fc10 | 0f84 4204 | 0000 c4c1 | f97e d845 | 8b50 1043 | 8b5c d40c 
  0x0000027d748baac0: 035c 2410 | 4d8b 8748 | 0300 0045 | 8bd1 41ff | c241 8500 | 443b d37c | b7c4 e1f9 | 7eca e993 
  0x0000027d748baae0: feff ffc5 | f877 4883 | c460 5d49 | 3ba7 4003 | 0000 0f87 | 6c0a 0000 | c389 5c24 | 1444 8944 
  0x0000027d748bab00: 2410 c5f9 | 6ed2 c4e1 | f96e cdc4 | c1f9 6ec1 | 488b d5e9 | 5efe ffff | 488b d5e9 | 15ff ffff 
  0x0000027d748bab20: 448b d942 | 8b5c 9f0c | 8b4c 242c | 412b c949 | 63d1 895c | 9010 8b5c | 9710 4289 | 5c98 0c49 
  0x0000027d748bab40: 8bd8 482b | da44 8b5c | 9f08 4489 | 5c90 1444 | 8b5c 9714 | 4489 5c98 | 0844 8b5c | 9f04 4489 
  0x0000027d748bab60: 5c90 1844 | 8b5c 9718 | 4489 5c98 | 0444 8b1c | 9f44 895c | 901c 8b74 | 971c 8934 | 9883 c1fc 
  0x0000027d748bab80: 4183 c104 | 453b ca7c | 974d 8b97 | 4803 0000 | 4185 0244 | 3bcd 7d2a | 448b d944 | 8bd5 452b 
  0x0000027d748baba0: d141 3be9 | 440f 4c54 | 240c 4181 | faa0 0f00 | 00bb a00f | 0000 440f | 47d3 4503 | d1e9 61ff 
  0x0000027d748babc0: ffff c5f9 | 7ed3 c4e1 | f97e ca44 | 3b4c 2430 | 7d2a 6690 | 8b74 8f0c | 4289 7488 | 1042 8b74 
  0x0000027d748babe0: 8f10 8974 | 880c 418b | f1ff c63b | 7424 307d | 0b41 8bce | 412b c944 | 8bce ebd8 | 4d8b 9748 
  0x0000027d748bac00: 0300 0041 | ffc5 4185 | 0244 3b6c | 2428 0f8d | 21f8 ffff | c4e1 f97e | c08b 7c24 | 304c 8b54 
  0x0000027d748bac20: 2420 418b | 7210 85f6 | 0f84 df02 | 0000 478b | 4caa 1047 | 8b54 cc0c | 428b 4ca8 | 1045 8b5c 
  0x0000027d748bac40: cc0c 897c | 2430 488b | fa8b d3c4 | e1f9 6ec0 | 4963 da48 | 3bfb 0f83 | c002 0000 | 453b f20f 
  0x0000027d748bac60: 83b7 0200 | 0045 85db | 0f86 ae02 | 0000 8bda | 413b db0f | 83a3 0200 | 0045 85d2 | 0f86 9a02 
  0x0000027d748bac80: 0000 413b | da0f 8391 | 0200 004d | 63d3 488b | d749 3bd2 | 0f83 8202 | 0000 453b | f30f 8379 
  0x0000027d748baca0: 0200 0049 | 8d04 cc4b | 8d3c cc42 | 8b74 870c | 4189 74cc | 1047 8b5c | cc10 4689 | 5c80 0c83 
  0x0000027d748bacc0: fd01 0f8e | 8802 0000 | 458b de41 | b901 0000 | 00c5 f96e | d3c4 e1f9 | 6eca e9bc | feff ffc5 
  0x0000027d748bace0: fa2c d981 | fb00 0000 | 8075 0f48 | 83ec 08c5 | fa11 0c24 | e8fa 633f | f85b e92f | f6ff ffc5 
  0x0000027d748bad00: 7a2c c341 | 81f8 0000 | 0080 7510 | 4883 ec08 | c5fa 111c | 24e8 d963 | 3ff8 4158 | e9df f5ff 
  0x0000027d748bad20: ff45 8b40 | 184d 8b8f | 4803 0000 | 4185 0145 | 85c0 0f84 | 9804 0000 | 49c1 e003 | e919 f2ff 
  0x0000027d748bad40: ff45 33c0 | 33d2 4533 | dbe9 d7f1 | ffff 33d2 | 41c6 4211 | 0145 33c0 | 4533 dbe9 | c5f1 ffff 
  0x0000027d748bad60: f7db e9be | f5ff ff41 | f7d8 e988 | f5ff ff45 | 33c0 33d2 | 4533 dbe9 | a9f1 ffff | ba45 ffff 
  0x0000027d748bad80: ffc4 e1f9 | 7ec5 c5fb | 110c 24c5 | fb11 5c24 | 0844 895c | 2418 4489 | 4c24 1c90 | c5f8 77e8 
  0x0000027d748bada0: 5c75 44f8 | c4c1 796e | d2ba e6ff | ffff 498b | e8c5 fa11 | 1424 6690 | c5f8 77e8 | 4075 44f8 
  0x0000027d748badc0: 4489 4c24 | 10ba e6ff | ffff 8beb | 4489 5424 | 0466 6690 | c5f8 77e8 | 2475 44f8 | bae4 ffff 
  0x0000027d748bade0: ff48 8b2c | 2444 8b5c | 2408 4489 | 1c24 4c8b | 5c24 104c | 895c 2408 | 448b 4424 | 1844 8944 
  0x0000027d748bae00: 2404 448b | 5c24 1c44 | 895c 2410 | c5fb 1144 | 2418 c5fb | 1164 2420 | 4489 5424 | 2844 894c 
  0x0000027d748bae20: 242c c5fa | 114c 2430 | c5fa 115c | 2434 6690 | c5f8 77e8 | c874 44f8 | bae4 ffff | ff48 8b2c 
  0x0000027d748bae40: 2444 8b44 | 2408 4489 | 0424 4c8b | 5c24 104c | 895c 2408 | 448b 5c24 | 1844 895c | 2404 448b 
  0x0000027d748bae60: 4424 1c44 | 8944 2410 | c5fb 1144 | 2418 c5fb | 1164 2420 | 4489 5424 | 2844 8954 | 242c c5fa 
  0x0000027d748bae80: 114c 2430 | c5fa 116c | 2434 c5fa | 117c 2438 | c5f8 77e8 | 6874 44f8 | bae4 ffff | ff48 8b2c 
  0x0000027d748baea0: 2444 8b5c | 2408 4489 | 1c24 4c8b | 5c24 104c | 895c 2408 | 448b 5c24 | 1844 895c | 2404 448b 
  0x0000027d748baec0: 4424 1c44 | 8944 2410 | c5fb 1144 | 2418 c5fb | 1164 2420 | 4489 5424 | 2844 894c | 242c c5fa 
  0x0000027d748baee0: 114c 2430 | c5fa 117c | 2434 6690 | c5f8 77e8 | 0c74 44f8 | baf6 ffff | ff66 6690 | c5f8 77e8 
  0x0000027d748baf00: fc73 44f8 | 49c1 e003 | e99c feff | ffba f6ff | ffff 6690 | c5f8 77e8 | e473 44f8 | 418b 6cf4 
  0x0000027d748baf20: 0cd1 fdff | c5ba 76ff | ffff 448b | 5424 1844 | 8954 240c | 448b 5c24 | 1c44 895c | 2418 4889 
  0x0000027d748baf40: 4424 2844 | 896c 241c | c5f8 77e8 | b073 44f8 | 418b ce41 | b901 0000 | 00e9 6dfc | ffff 4533 
  0x0000027d748baf60: d2e9 35f8 | ffff 448b | d1e9 c3f7 | ffff bade | ffff ff44 | 894c 2408 | c5fa 1144 | 240c c5fa 
  0x0000027d748baf80: 114c 2418 | 4c89 4424 | 2066 6690 | c5f8 77e8 | 6c73 44f8 | bae4 ffff | ff48 8b2c | 24c5 fa11 
  0x0000027d748bafa0: 1424 4c8b | 5424 104c | 8954 2408 | c5fa 116c | 2404 c5fa | 1144 2418 | 4889 4424 | 2066 6690 
  0x0000027d748bafc0: c5f8 77e8 | 3873 44f8 | 4c8b 0c24 | 488b 6c24 | 10ba beff | ffff 4c89 | 0c24 4889 | 4424 0844 
  0x0000027d748bafe0: 8944 2410 | 895c 2418 | 895c 241c | 4489 5c24 | 2066 6690 | c5f8 77e8 | 0473 44f8 | 4c8b 0c24 
  0x0000027d748bb000: 488b 6c24 | 10eb ca48 | 8b6c 2410 | ebc3 488b | 6c24 10eb | bc48 8b6c | 2410 ebb5 | ba45 ffff 
  0x0000027d748bb020: ff48 8b2c | 2444 890c | 2448 897c | 2408 c5fa | 1144 2404 | c5fa 114c | 2410 4c89 | 5424 1844 
  0x0000027d748bb040: 895c 2414 | 4489 4424 | 2466 6690 | c5f8 77e8 | ac72 44f8 | ba45 ffff | ff4c 8b54 | 2410 4c89 
  0x0000027d748bb060: 5424 0848 | 8944 2410 | 4489 4424 | 1889 5c24 | 1c44 895c | 2420 6690 | c5f8 77e8 | 8072 44f8 
  0x0000027d748bb080: 448b 4424 | 2cba beff | ffff 488b | 2c24 448b | 5c24 0844 | 891c 244c | 8b54 2410 | 4c89 5424 
  0x0000027d748bb0a0: 0844 8b54 | 2418 4489 | 5424 0444 | 8b5c 241c | 4489 5c24 | 104c 8b54 | 2420 4c89 | 5424 1848 
  0x0000027d748bb0c0: 8944 2420 | 4489 4424 | 1466 6690 | c5f8 77e8 | 2c72 44f8 | 448b 4424 | 2ceb aa44 | 8b44 242c 
  0x0000027d748bb0e0: eba3 bae4 | ffff ff48 | 8b2c 2444 | 891c 244c | 8b5c 2410 | 4c89 5c24 | 0844 8944 | 2404 895c 
  0x0000027d748bb100: 2410 4889 | 4424 2044 | 8954 2414 | c5f8 77e8 | ec71 44f8 | babe ffff | ff48 8b2c | 2444 8b5c 
  0x0000027d748bb120: 2408 4489 | 1c24 4c8b | 5424 104c | 8954 2408 | 448b 5424 | 1844 8954 | 2404 448b | 5c24 1c44 
  0x0000027d748bb140: 895c 2410 | 4c8b 5424 | 204c 8954 | 2418 4889 | 4424 2090 | c5f8 77e8 | a471 44f8 | bae4 ffff 
  0x0000027d748bb160: ff48 8b2c | 2444 891c | 244c 8b54 | 2410 4c89 | 5424 0844 | 8944 2404 | 895c 2410 | 4889 4424 
  0x0000027d748bb180: 2044 894c | 2414 6690 | c5f8 77e8 | 7071 44f8 | ba76 ffff | ffc5 fa11 | 5424 08c5 | fa11 4424 
  0x0000027d748bb1a0: 0cc5 fa11 | 4c24 1844 | 895c 241c | 4489 4424 | 284c 8954 | 2430 4489 | 4c24 2c90 | c5f8 77e8 
  0x0000027d748bb1c0: 3c71 44f8 | be01 0000 | 0033 d2e9 | 31ed ffff | baf4 ffff | ff48 8b2c | 24c5 fa11 | 1424 4c8b 
  0x0000027d748bb1e0: 5424 104c | 8954 2408 | c5fa 1144 | 2404 c5fa | 116c 2410 | c5f8 77e8 | 0471 44f8 | ba45 ffff 
  0x0000027d748bb200: ffc5 fa11 | 5424 08c5 | fa11 4424 | 0cc5 fa11 | 6c24 184c | 8954 2420 | 4489 4c24 | 1c44 895c 
  0x0000027d748bb220: 2428 6690 | c5f8 77e8 | d470 44f8 | ba45 ffff | ffc5 fa11 | 5424 08c5 | fa11 4424 | 0cc5 fa11 
  0x0000027d748bb240: 6c24 1844 | 894c 241c | 4489 5c24 | 284c 8954 | 2430 4c89 | 4424 3889 | 5c24 2c90 | c5f8 77e8 
  0x0000027d748bb260: 9c70 44f8 | 85db 400f | 95c5 400f | b6ed 83f5 | 01ba 45ff | ffff 4489 | 4c24 08c5 | fa11 4424 
  0x0000027d748bb280: 0cc5 fa11 | 4c24 1844 | 895c 241c | 4489 4424 | 284c 8954 | 2430 6690 | c5f8 77e8 | 6070 44f8 
  0x0000027d748bb2a0: ba45 ffff | ffc5 fa11 | 5424 08c5 | fa11 4424 | 0cc5 fa11 | 6c24 184c | 8944 2428 | 4489 5c24 
  0x0000027d748bb2c0: 1c4c 8954 | 2430 4c89 | 4c24 3889 | 7c24 4090 | c5f8 77e8 | 2870 44f8 | bade ffff | ff48 8b2c 
  0x0000027d748bb2e0: 24c5 fa11 | 1424 4c8b | 4c24 104c | 894c 2408 | c5fa 1144 | 2404 c5fa | 116c 2410 | 4c89 4424 
  0x0000027d748bb300: 2044 895c | 2414 4c89 | 5424 2889 | 4c24 3490 | c5f8 77e8 | e86f 44f8 | bade ffff | ffc5 fa11 
  0x0000027d748bb320: 5424 08c5 | fa11 4424 | 0cc5 fa11 | 6c24 1890 | c5f8 77e8 | c86f 44f8 | bade ffff | ff48 8b2c 
  0x0000027d748bb340: 24c5 fa11 | 1424 4c8b | 4424 104c | 8944 2408 | c5fa 1144 | 2404 c5fa | 116c 2410 | 4489 4c24 
  0x0000027d748bb360: 1444 895c | 2420 4c89 | 5424 2889 | 4c24 3090 | c5f8 77e8 | 886f 44f8 | baf6 ffff | ff66 6690 
  0x0000027d748bb380: c5f8 77e8 | 786f 44f8 | c4c1 796e | d2ba f6ff | ffff c5f9 | 7ed5 6690 | c5f8 77e8 | 606f 44f8 
  0x0000027d748bb3a0: 4489 4c24 | 10ba f6ff | ffff 4489 | 1424 6690 | c5f8 77e8 | 486f 44f8 | baf6 ffff | ff66 6690 
  0x0000027d748bb3c0: c5f8 77e8 | 386f 44f8 | ba76 ffff | ff48 8b2c | 2444 8b54 | 2408 4489 | 1424 4c8b | 5424 104c 
  0x0000027d748bb3e0: 8954 2408 | 448b 5424 | 1844 8954 | 2404 448b | 5c24 1c44 | 895c 2410 | 48ff 7424 | 2048 8f44 
  0x0000027d748bb400: 2418 4889 | 4424 20c5 | fa11 4c24 | 1489 5c24 | 2866 6690 | c5f8 77e8 | e46e 44f8 | baf6 ffff 
  0x0000027d748bb420: ff66 6690 | c5f8 77e8 | d46e 44f8 | 488b d0eb | 0848 8bd0 | eb03 488b | d0c5 f877 | 4883 c460 
  0x0000027d748bb440: 5de9 3a19 | 4ff8 baf6 | ffff ff49 | 8be8 6690 | c5f8 77e8 | a86e 44f8 | baf6 ffff | ff66 6690 
  0x0000027d748bb460: c5f8 77e8 | 986e 44f8 | baf6 ffff | ff66 6690 | c5f8 77e8 | 886e 44f8 | 488b 6c24 | 10e9 4ffb 
  0x0000027d748bb480: ffff 488b | 6c24 10e9 | 45fb ffff | 488b 6c24 | 10e9 3bfb | ffff baf6 | ffff ff90 | c5f8 77e8 
  0x0000027d748bb4a0: 5c6e 44f8 | baf6 ffff | ff66 6690 | c5f8 77e8 | 4c6e 44f8 | baf6 ffff | ff66 6690 | c5f8 77e8 
  0x0000027d748bb4c0: 3c6e 44f8 | baf6 ffff | ff66 6690 | c5f8 77e8 | 2c6e 44f8 | ba45 ffff | ff48 8b2c | 24c5 fa11 
  0x0000027d748bb4e0: 1424 4c8b | 4424 104c | 8944 2408 | c5fa 1144 | 2404 c5fa | 116c 2410 | 4489 4c24 | 1444 895c 
  0x0000027d748bb500: 2420 894c | 2424 4c89 | 5424 2890 | c5f8 77e8 | ec6d 44f8 | baf6 ffff | ff66 6690 | c5f8 77e8 
  0x0000027d748bb520: dc6d 44f8 | ba45 ffff | ff48 8b2c | 24c5 fa11 | 1424 4c8b | 4c24 104c | 894c 2408 | c5fa 1144 
  0x0000027d748bb540: 2404 c5fa | 116c 2410 | 4c89 4424 | 2044 895c | 2414 894c | 2428 4c89 | 5424 3090 | c5f8 77e8 
  0x0000027d748bb560: 9c6d 44f8 | 49ba ebaa | 8b74 7d02 | 0000 4d89 | 9758 0300 | 00e9 867e | 44f8 f4f4 | f4f4 f4f4 
  0x0000027d748bb580: 48bb 0000 | 0000 0000 | 0000 e9fb | ffff ffe9 | ec8c 4ef8 | e800 0000 | 0048 832c | 2405 e9fd 
  0x0000027d748bb5a0: 7044 f8f4 | f4f4 f4f4 
[/MachCode]
--------------------------------------------------------------------------------


---------------  P R O C E S S  ---------------

Threads class SMR info:
_java_thread_list=0x0000027d09d11da0, length=23, elements={
0x0000027d087de740, 0x0000027d087e03c0, 0x0000027d087f6890, 0x0000027d087f8250,
0x0000027d087f8c00, 0x0000027d087f95b0, 0x0000027d087fa950, 0x0000027d087fe8f0,
0x0000027d0913ac60, 0x0000027d0924c0e0, 0x0000027d0924c5f0, 0x0000027d092801c0,
0x0000027d09284ce0, 0x0000027d651de2c0, 0x0000027d0944bf20, 0x0000027d09470f30,
0x0000027d0947f6e0, 0x0000027d09c7bd60, 0x0000027d09c9c060, 0x0000027d09c99d60,
0x0000027d09c9b0a0, 0x0000027d09cf5f10, 0x0000027d09cf6420
}

Java Threads: ( => current thread )
  0x0000027d087de740 JavaThread "Reference Handler" daemon [_thread_blocked, id=23848, stack(0x000000c169a00000,0x000000c169b00000)]
  0x0000027d087e03c0 JavaThread "Finalizer" daemon [_thread_blocked, id=22252, stack(0x000000c169b00000,0x000000c169c00000)]
  0x0000027d087f6890 JavaThread "Signal Dispatcher" daemon [_thread_blocked, id=9532, stack(0x000000c169c00000,0x000000c169d00000)]
  0x0000027d087f8250 JavaThread "Attach Listener" daemon [_thread_blocked, id=19584, stack(0x000000c169d00000,0x000000c169e00000)]
  0x0000027d087f8c00 JavaThread "Service Thread" daemon [_thread_blocked, id=22900, stack(0x000000c169e00000,0x000000c169f00000)]
  0x0000027d087f95b0 JavaThread "Monitor Deflation Thread" daemon [_thread_blocked, id=8904, stack(0x000000c169f00000,0x000000c16a000000)]
  0x0000027d087fa950 JavaThread "C2 CompilerThread0" daemon [_thread_blocked, id=4688, stack(0x000000c16a000000,0x000000c16a100000)]
  0x0000027d087fe8f0 JavaThread "C1 CompilerThread0" daemon [_thread_blocked, id=24620, stack(0x000000c16a100000,0x000000c16a200000)]
  0x0000027d0913ac60 JavaThread "Sweeper thread" daemon [_thread_blocked, id=20144, stack(0x000000c16a200000,0x000000c16a300000)]
  0x0000027d0924c0e0 JavaThread "C1 CompilerThread1" daemon [_thread_blocked, id=2540, stack(0x000000c16a300000,0x000000c16a400000)]
  0x0000027d0924c5f0 JavaThread "C1 CompilerThread2" daemon [_thread_blocked, id=20424, stack(0x000000c16a400000,0x000000c16a500000)]
  0x0000027d092801c0 JavaThread "Notification Thread" daemon [_thread_blocked, id=18696, stack(0x000000c16a500000,0x000000c16a600000)]
  0x0000027d09284ce0 JavaThread "Common-Cleaner" daemon [_thread_blocked, id=21948, stack(0x000000c16a700000,0x000000c16a800000)]
  0x0000027d651de2c0 JavaThread "DestroyJavaVM" [_thread_blocked, id=11840, stack(0x000000c169300000,0x000000c169400000)]
  0x0000027d0944bf20 JavaThread "Java2D Disposer" daemon [_thread_blocked, id=18740, stack(0x000000c16a900000,0x000000c16aa00000)]
  0x0000027d09470f30 JavaThread "AWT-Shutdown" [_thread_blocked, id=24336, stack(0x000000c16ab00000,0x000000c16ac00000)]
  0x0000027d0947f6e0 JavaThread "AWT-Windows" daemon [_thread_in_native, id=15288, stack(0x000000c16ac00000,0x000000c16ad00000)]
  0x0000027d09c7bd60 JavaThread "AWT-EventQueue-0" [_thread_blocked, id=10192, stack(0x000000c16b900000,0x000000c16ba00000)]
=>0x0000027d09c9c060 JavaThread "Thread-2" [_thread_in_Java, id=3580, stack(0x000000c16ba00000,0x000000c16bb00000)]
  0x0000027d09c99d60 JavaThread "Thread-1" [_thread_in_Java, id=5036, stack(0x000000c16bb00000,0x000000c16bc00000)]
  0x0000027d09c9b0a0 JavaThread "D3D Screen Updater" daemon [_thread_blocked, id=25776, stack(0x000000c16a800000,0x000000c16a900000)]
  0x0000027d09cf5f10 JavaThread "C2 CompilerThread1" daemon [_thread_blocked, id=18952, stack(0x000000c16aa00000,0x000000c16ab00000)]
  0x0000027d09cf6420 JavaThread "C2 CompilerThread2" daemon [_thread_blocked, id=20708, stack(0x000000c16bc00000,0x000000c16bd00000)]

Other Threads:
  0x0000027d087d8e50 VMThread "VM Thread" [stack: 0x000000c169900000,0x000000c169a00000] [id=23392]
  0x0000027d092846a0 WatcherThread [stack: 0x000000c16a600000,0x000000c16a700000] [id=26332]
  0x0000027d6522ccb0 GCTaskThread "GC Thread#0" [stack: 0x000000c169400000,0x000000c169500000] [id=26056]
  0x0000027d09caac60 GCTaskThread "GC Thread#1" [stack: 0x000000c16bd00000,0x000000c16be00000] [id=23040]
  0x0000027d09cab320 GCTaskThread "GC Thread#2" [stack: 0x000000c16be00000,0x000000c16bf00000] [id=18900]
  0x0000027d09cab5d0 GCTaskThread "GC Thread#3" [stack: 0x000000c16bf00000,0x000000c16c000000] [id=18648]
  0x0000027d09cabc90 GCTaskThread "GC Thread#4" [stack: 0x000000c16c000000,0x000000c16c100000] [id=23228]
  0x0000027d09dfb160 GCTaskThread "GC Thread#5" [stack: 0x000000c16c100000,0x000000c16c200000] [id=26588]
  0x0000027d09dbe150 GCTaskThread "GC Thread#6" [stack: 0x000000c16c200000,0x000000c16c300000] [id=25180]
  0x0000027d09dfb410 GCTaskThread "GC Thread#7" [stack: 0x000000c16c300000,0x000000c16c400000] [id=25372]
  0x0000027d09dde8f0 GCTaskThread "GC Thread#8" [stack: 0x000000c16c400000,0x000000c16c500000] [id=25092]
  0x0000027d09ddfbc0 GCTaskThread "GC Thread#9" [stack: 0x000000c16c500000,0x000000c16c600000] [id=15588]
  0x0000027d6523f6a0 ConcurrentGCThread "G1 Main Marker" [stack: 0x000000c169500000,0x000000c169600000] [id=22000]
  0x0000027d65242760 ConcurrentGCThread "G1 Conc#0" [stack: 0x000000c169600000,0x000000c169700000] [id=4836]
  0x0000027d652bea10 ConcurrentGCThread "G1 Refine#0" [stack: 0x000000c169700000,0x000000c169800000] [id=1636]
  0x0000027d09d52b80 ConcurrentGCThread "G1 Refine#1" [stack: 0x000000c16c600000,0x000000c16c700000] [id=10836]
  0x0000027d0868f530 ConcurrentGCThread "G1 Service" [stack: 0x000000c169800000,0x000000c169900000] [id=21400]

Threads with active compile tasks:

VM state: not at safepoint (normal execution)

VM Mutex/Monitor currently owned by a thread: None

Heap address: 0x0000000709600000, size: 3946 MB, Compressed Oops mode: Zero based, Oop shift amount: 3

CDS archive(s) mapped at: [0x0000000800000000-0x0000000800bc0000-0x0000000800bc0000), size 12320768, SharedBaseAddress: 0x0000000800000000, ArchiveRelocationMode: 0.
Compressed class space mapped at: 0x0000000800c00000-0x0000000840c00000, reserved size: 1073741824
Narrow klass base: 0x0000000800000000, Narrow klass shift: 0, Narrow klass range: 0x100000000

GC Precious Log:
 CPUs: 16 total, 16 available
 Memory: 15776M
 Large Page Support: Disabled
 NUMA Support: Disabled
 Compressed Oops: Enabled (Zero based)
 Heap Region Size: 2M
 Heap Min Capacity: 8M
 Heap Initial Capacity: 248M
 Heap Max Capacity: 3946M
 Pre-touch: Disabled
 Parallel Workers: 13
 Concurrent Workers: 3
 Concurrent Refinement Workers: 13
 Periodic GC: Disabled

Heap:
 garbage-first heap   total 253952K, used 18608K [0x0000000709600000, 0x0000000800000000)
  region size 2048K, 7 young (14336K), 2 survivors (4096K)
 Metaspace       used 6958K, committed 7168K, reserved 1056768K
  class space    used 749K, committed 832K, reserved 1048576K

Heap Regions: E=young(eden), S=young(survivor), O=old, HS=humongous(starts), HC=humongous(continues), CS=collection set, F=free, OA=open archive, CA=closed archive, TAMS=top-at-mark-start (previous, next)
|   0|0x0000000709600000, 0x0000000709800000, 0x0000000709800000|100%|HS|  |TAMS 0x0000000709600000, 0x0000000709600000| Complete 
|   1|0x0000000709800000, 0x0000000709a00000, 0x0000000709a00000|100%|HC|  |TAMS 0x0000000709800000, 0x0000000709800000| Complete 
|   2|0x0000000709a00000, 0x0000000709c00000, 0x0000000709c00000|100%| O|  |TAMS 0x0000000709a00000, 0x0000000709a00000| Untracked 
|   3|0x0000000709c00000, 0x0000000709c2c000, 0x0000000709e00000|  8%| O|  |TAMS 0x0000000709c00000, 0x0000000709c00000| Untracked 
|   4|0x0000000709e00000, 0x0000000709e00000, 0x000000070a000000|  0%| F|  |TAMS 0x0000000709e00000, 0x0000000709e00000| Untracked 
|   5|0x000000070a000000, 0x000000070a000000, 0x000000070a200000|  0%| F|  |TAMS 0x000000070a000000, 0x000000070a000000| Untracked 
|   6|0x000000070a200000, 0x000000070a200000, 0x000000070a400000|  0%| F|  |TAMS 0x000000070a200000, 0x000000070a200000| Untracked 
|   7|0x000000070a400000, 0x000000070a400000, 0x000000070a600000|  0%| F|  |TAMS 0x000000070a400000, 0x000000070a400000| Untracked 
|   8|0x000000070a600000, 0x000000070a600000, 0x000000070a800000|  0%| F|  |TAMS 0x000000070a600000, 0x000000070a600000| Untracked 
|   9|0x000000070a800000, 0x000000070a800000, 0x000000070aa00000|  0%| F|  |TAMS 0x000000070a800000, 0x000000070a800000| Untracked 
|  10|0x000000070aa00000, 0x000000070aa00000, 0x000000070ac00000|  0%| F|  |TAMS 0x000000070aa00000, 0x000000070aa00000| Untracked 
|  11|0x000000070ac00000, 0x000000070ac00000, 0x000000070ae00000|  0%| F|  |TAMS 0x000000070ac00000, 0x000000070ac00000| Untracked 
|  12|0x000000070ae00000, 0x000000070ae00000, 0x000000070b000000|  0%| F|  |TAMS 0x000000070ae00000, 0x000000070ae00000| Untracked 
|  13|0x000000070b000000, 0x000000070b000000, 0x000000070b200000|  0%| F|  |TAMS 0x000000070b000000, 0x000000070b000000| Untracked 
|  14|0x000000070b200000, 0x000000070b200000, 0x000000070b400000|  0%| F|  |TAMS 0x000000070b200000, 0x000000070b200000| Untracked 
|  15|0x000000070b400000, 0x000000070b400000, 0x000000070b600000|  0%| F|  |TAMS 0x000000070b400000, 0x000000070b400000| Untracked 
|  16|0x000000070b600000, 0x000000070b600000, 0x000000070b800000|  0%| F|  |TAMS 0x000000070b600000, 0x000000070b600000| Untracked 
|  17|0x000000070b800000, 0x000000070b800000, 0x000000070ba00000|  0%| F|  |TAMS 0x000000070b800000, 0x000000070b800000| Untracked 
|  18|0x000000070ba00000, 0x000000070ba00000, 0x000000070bc00000|  0%| F|  |TAMS 0x000000070ba00000, 0x000000070ba00000| Untracked 
|  19|0x000000070bc00000, 0x000000070bc00000, 0x000000070be00000|  0%| F|  |TAMS 0x000000070bc00000, 0x000000070bc00000| Untracked 
|  20|0x000000070be00000, 0x000000070be00000, 0x000000070c000000|  0%| F|  |TAMS 0x000000070be00000, 0x000000070be00000| Untracked 
|  21|0x000000070c000000, 0x000000070c000000, 0x000000070c200000|  0%| F|  |TAMS 0x000000070c000000, 0x000000070c000000| Untracked 
|  22|0x000000070c200000, 0x000000070c200000, 0x000000070c400000|  0%| F|  |TAMS 0x000000070c200000, 0x000000070c200000| Untracked 
|  23|0x000000070c400000, 0x000000070c400000, 0x000000070c600000|  0%| F|  |TAMS 0x000000070c400000, 0x000000070c400000| Untracked 
|  24|0x000000070c600000, 0x000000070c600000, 0x000000070c800000|  0%| F|  |TAMS 0x000000070c600000, 0x000000070c600000| Untracked 
|  25|0x000000070c800000, 0x000000070c800000, 0x000000070ca00000|  0%| F|  |TAMS 0x000000070c800000, 0x000000070c800000| Untracked 
|  26|0x000000070ca00000, 0x000000070ca00000, 0x000000070cc00000|  0%| F|  |TAMS 0x000000070ca00000, 0x000000070ca00000| Untracked 
|  27|0x000000070cc00000, 0x000000070cc00000, 0x000000070ce00000|  0%| F|  |TAMS 0x000000070cc00000, 0x000000070cc00000| Untracked 
|  28|0x000000070ce00000, 0x000000070ce00000, 0x000000070d000000|  0%| F|  |TAMS 0x000000070ce00000, 0x000000070ce00000| Untracked 
|  29|0x000000070d000000, 0x000000070d000000, 0x000000070d200000|  0%| F|  |TAMS 0x000000070d000000, 0x000000070d000000| Untracked 
|  30|0x000000070d200000, 0x000000070d200000, 0x000000070d400000|  0%| F|  |TAMS 0x000000070d200000, 0x000000070d200000| Untracked 
|  31|0x000000070d400000, 0x000000070d400000, 0x000000070d600000|  0%| F|  |TAMS 0x000000070d400000, 0x000000070d400000| Untracked 
|  32|0x000000070d600000, 0x000000070d600000, 0x000000070d800000|  0%| F|  |TAMS 0x000000070d600000, 0x000000070d600000| Untracked 
|  33|0x000000070d800000, 0x000000070d800000, 0x000000070da00000|  0%| F|  |TAMS 0x000000070d800000, 0x000000070d800000| Untracked 
|  34|0x000000070da00000, 0x000000070da00000, 0x000000070dc00000|  0%| F|  |TAMS 0x000000070da00000, 0x000000070da00000| Untracked 
|  35|0x000000070dc00000, 0x000000070dc00000, 0x000000070de00000|  0%| F|  |TAMS 0x000000070dc00000, 0x000000070dc00000| Untracked 
|  36|0x000000070de00000, 0x000000070de00000, 0x000000070e000000|  0%| F|  |TAMS 0x000000070de00000, 0x000000070de00000| Untracked 
|  37|0x000000070e000000, 0x000000070e000000, 0x000000070e200000|  0%| F|  |TAMS 0x000000070e000000, 0x000000070e000000| Untracked 
|  38|0x000000070e200000, 0x000000070e200000, 0x000000070e400000|  0%| F|  |TAMS 0x000000070e200000, 0x000000070e200000| Untracked 
|  39|0x000000070e400000, 0x000000070e400000, 0x000000070e600000|  0%| F|  |TAMS 0x000000070e400000, 0x000000070e400000| Untracked 
|  40|0x000000070e600000, 0x000000070e600000, 0x000000070e800000|  0%| F|  |TAMS 0x000000070e600000, 0x000000070e600000| Untracked 
|  41|0x000000070e800000, 0x000000070e800000, 0x000000070ea00000|  0%| F|  |TAMS 0x000000070e800000, 0x000000070e800000| Untracked 
|  42|0x000000070ea00000, 0x000000070ea00000, 0x000000070ec00000|  0%| F|  |TAMS 0x000000070ea00000, 0x000000070ea00000| Untracked 
|  43|0x000000070ec00000, 0x000000070ec00000, 0x000000070ee00000|  0%| F|  |TAMS 0x000000070ec00000, 0x000000070ec00000| Untracked 
|  44|0x000000070ee00000, 0x000000070ee00000, 0x000000070f000000|  0%| F|  |TAMS 0x000000070ee00000, 0x000000070ee00000| Untracked 
|  45|0x000000070f000000, 0x000000070f000000, 0x000000070f200000|  0%| F|  |TAMS 0x000000070f000000, 0x000000070f000000| Untracked 
|  46|0x000000070f200000, 0x000000070f200000, 0x000000070f400000|  0%| F|  |TAMS 0x000000070f200000, 0x000000070f200000| Untracked 
|  47|0x000000070f400000, 0x000000070f400000, 0x000000070f600000|  0%| F|  |TAMS 0x000000070f400000, 0x000000070f400000| Untracked 
|  48|0x000000070f600000, 0x000000070f600000, 0x000000070f800000|  0%| F|  |TAMS 0x000000070f600000, 0x000000070f600000| Untracked 
|  49|0x000000070f800000, 0x000000070f800000, 0x000000070fa00000|  0%| F|  |TAMS 0x000000070f800000, 0x000000070f800000| Untracked 
|  50|0x000000070fa00000, 0x000000070fa00000, 0x000000070fc00000|  0%| F|  |TAMS 0x000000070fa00000, 0x000000070fa00000| Untracked 
|  51|0x000000070fc00000, 0x000000070fc00000, 0x000000070fe00000|  0%| F|  |TAMS 0x000000070fc00000, 0x000000070fc00000| Untracked 
|  52|0x000000070fe00000, 0x000000070fe00000, 0x0000000710000000|  0%| F|  |TAMS 0x000000070fe00000, 0x000000070fe00000| Untracked 
|  53|0x0000000710000000, 0x0000000710000000, 0x0000000710200000|  0%| F|  |TAMS 0x0000000710000000, 0x0000000710000000| Untracked 
|  54|0x0000000710200000, 0x0000000710200000, 0x0000000710400000|  0%| F|  |TAMS 0x0000000710200000, 0x0000000710200000| Untracked 
|  55|0x0000000710400000, 0x0000000710400000, 0x0000000710600000|  0%| F|  |TAMS 0x0000000710400000, 0x0000000710400000| Untracked 
|  56|0x0000000710600000, 0x0000000710600000, 0x0000000710800000|  0%| F|  |TAMS 0x0000000710600000, 0x0000000710600000| Untracked 
|  57|0x0000000710800000, 0x0000000710800000, 0x0000000710a00000|  0%| F|  |TAMS 0x0000000710800000, 0x0000000710800000| Untracked 
|  58|0x0000000710a00000, 0x0000000710a00000, 0x0000000710c00000|  0%| F|  |TAMS 0x0000000710a00000, 0x0000000710a00000| Untracked 
|  59|0x0000000710c00000, 0x0000000710c00000, 0x0000000710e00000|  0%| F|  |TAMS 0x0000000710c00000, 0x0000000710c00000| Untracked 
|  60|0x0000000710e00000, 0x0000000710e00000, 0x0000000711000000|  0%| F|  |TAMS 0x0000000710e00000, 0x0000000710e00000| Untracked 
|  61|0x0000000711000000, 0x0000000711000000, 0x0000000711200000|  0%| F|  |TAMS 0x0000000711000000, 0x0000000711000000| Untracked 
|  62|0x0000000711200000, 0x0000000711200000, 0x0000000711400000|  0%| F|  |TAMS 0x0000000711200000, 0x0000000711200000| Untracked 
|  63|0x0000000711400000, 0x0000000711400000, 0x0000000711600000|  0%| F|  |TAMS 0x0000000711400000, 0x0000000711400000| Untracked 
|  64|0x0000000711600000, 0x0000000711600000, 0x0000000711800000|  0%| F|  |TAMS 0x0000000711600000, 0x0000000711600000| Untracked 
|  65|0x0000000711800000, 0x0000000711800000, 0x0000000711a00000|  0%| F|  |TAMS 0x0000000711800000, 0x0000000711800000| Untracked 
|  66|0x0000000711a00000, 0x0000000711a00000, 0x0000000711c00000|  0%| F|  |TAMS 0x0000000711a00000, 0x0000000711a00000| Untracked 
|  67|0x0000000711c00000, 0x0000000711c00000, 0x0000000711e00000|  0%| F|  |TAMS 0x0000000711c00000, 0x0000000711c00000| Untracked 
|  68|0x0000000711e00000, 0x0000000711e00000, 0x0000000712000000|  0%| F|  |TAMS 0x0000000711e00000, 0x0000000711e00000| Untracked 
|  69|0x0000000712000000, 0x0000000712000000, 0x0000000712200000|  0%| F|  |TAMS 0x0000000712000000, 0x0000000712000000| Untracked 
|  70|0x0000000712200000, 0x0000000712200000, 0x0000000712400000|  0%| F|  |TAMS 0x0000000712200000, 0x0000000712200000| Untracked 
|  71|0x0000000712400000, 0x0000000712400000, 0x0000000712600000|  0%| F|  |TAMS 0x0000000712400000, 0x0000000712400000| Untracked 
|  72|0x0000000712600000, 0x0000000712600000, 0x0000000712800000|  0%| F|  |TAMS 0x0000000712600000, 0x0000000712600000| Untracked 
|  73|0x0000000712800000, 0x0000000712800000, 0x0000000712a00000|  0%| F|  |TAMS 0x0000000712800000, 0x0000000712800000| Untracked 
|  74|0x0000000712a00000, 0x0000000712a00000, 0x0000000712c00000|  0%| F|  |TAMS 0x0000000712a00000, 0x0000000712a00000| Untracked 
|  75|0x0000000712c00000, 0x0000000712c00000, 0x0000000712e00000|  0%| F|  |TAMS 0x0000000712c00000, 0x0000000712c00000| Untracked 
|  76|0x0000000712e00000, 0x0000000712e00000, 0x0000000713000000|  0%| F|  |TAMS 0x0000000712e00000, 0x0000000712e00000| Untracked 
|  77|0x0000000713000000, 0x0000000713000000, 0x0000000713200000|  0%| F|  |TAMS 0x0000000713000000, 0x0000000713000000| Untracked 
|  78|0x0000000713200000, 0x0000000713200000, 0x0000000713400000|  0%| F|  |TAMS 0x0000000713200000, 0x0000000713200000| Untracked 
|  79|0x0000000713400000, 0x0000000713400000, 0x0000000713600000|  0%| F|  |TAMS 0x0000000713400000, 0x0000000713400000| Untracked 
|  80|0x0000000713600000, 0x0000000713600000, 0x0000000713800000|  0%| F|  |TAMS 0x0000000713600000, 0x0000000713600000| Untracked 
|  81|0x0000000713800000, 0x0000000713800000, 0x0000000713a00000|  0%| F|  |TAMS 0x0000000713800000, 0x0000000713800000| Untracked 
|  82|0x0000000713a00000, 0x0000000713a00000, 0x0000000713c00000|  0%| F|  |TAMS 0x0000000713a00000, 0x0000000713a00000| Untracked 
|  83|0x0000000713c00000, 0x0000000713c00000, 0x0000000713e00000|  0%| F|  |TAMS 0x0000000713c00000, 0x0000000713c00000| Untracked 
|  84|0x0000000713e00000, 0x0000000713e00000, 0x0000000714000000|  0%| F|  |TAMS 0x0000000713e00000, 0x0000000713e00000| Untracked 
|  85|0x0000000714000000, 0x0000000714000000, 0x0000000714200000|  0%| F|  |TAMS 0x0000000714000000, 0x0000000714000000| Untracked 
|  86|0x0000000714200000, 0x0000000714200000, 0x0000000714400000|  0%| F|  |TAMS 0x0000000714200000, 0x0000000714200000| Untracked 
|  87|0x0000000714400000, 0x0000000714400000, 0x0000000714600000|  0%| F|  |TAMS 0x0000000714400000, 0x0000000714400000| Untracked 
|  88|0x0000000714600000, 0x0000000714600000, 0x0000000714800000|  0%| F|  |TAMS 0x0000000714600000, 0x0000000714600000| Untracked 
|  89|0x0000000714800000, 0x0000000714800000, 0x0000000714a00000|  0%| F|  |TAMS 0x0000000714800000, 0x0000000714800000| Untracked 
|  90|0x0000000714a00000, 0x0000000714a00000, 0x0000000714c00000|  0%| F|  |TAMS 0x0000000714a00000, 0x0000000714a00000| Untracked 
|  91|0x0000000714c00000, 0x0000000714c00000, 0x0000000714e00000|  0%| F|  |TAMS 0x0000000714c00000, 0x0000000714c00000| Untracked 
|  92|0x0000000714e00000, 0x0000000714e00000, 0x0000000715000000|  0%| F|  |TAMS 0x0000000714e00000, 0x0000000714e00000| Untracked 
|  93|0x0000000715000000, 0x0000000715000000, 0x0000000715200000|  0%| F|  |TAMS 0x0000000715000000, 0x0000000715000000| Untracked 
|  94|0x0000000715200000, 0x0000000715200000, 0x0000000715400000|  0%| F|  |TAMS 0x0000000715200000, 0x0000000715200000| Untracked 
|  95|0x0000000715400000, 0x0000000715400000, 0x0000000715600000|  0%| F|  |TAMS 0x0000000715400000, 0x0000000715400000| Untracked 
|  96|0x0000000715600000, 0x0000000715600000, 0x0000000715800000|  0%| F|  |TAMS 0x0000000715600000, 0x0000000715600000| Untracked 
|  97|0x0000000715800000, 0x0000000715800000, 0x0000000715a00000|  0%| F|  |TAMS 0x0000000715800000, 0x0000000715800000| Untracked 
|  98|0x0000000715a00000, 0x0000000715a00000, 0x0000000715c00000|  0%| F|  |TAMS 0x0000000715a00000, 0x0000000715a00000| Untracked 
|  99|0x0000000715c00000, 0x0000000715c00000, 0x0000000715e00000|  0%| F|  |TAMS 0x0000000715c00000, 0x0000000715c00000| Untracked 
| 100|0x0000000715e00000, 0x0000000715e00000, 0x0000000716000000|  0%| F|  |TAMS 0x0000000715e00000, 0x0000000715e00000| Untracked 
| 101|0x0000000716000000, 0x0000000716000000, 0x0000000716200000|  0%| F|  |TAMS 0x0000000716000000, 0x0000000716000000| Untracked 
| 102|0x0000000716200000, 0x0000000716200000, 0x0000000716400000|  0%| F|  |TAMS 0x0000000716200000, 0x0000000716200000| Untracked 
| 103|0x0000000716400000, 0x0000000716400000, 0x0000000716600000|  0%| F|  |TAMS 0x0000000716400000, 0x0000000716400000| Untracked 
| 104|0x0000000716600000, 0x0000000716600000, 0x0000000716800000|  0%| F|  |TAMS 0x0000000716600000, 0x0000000716600000| Untracked 
| 105|0x0000000716800000, 0x0000000716800000, 0x0000000716a00000|  0%| F|  |TAMS 0x0000000716800000, 0x0000000716800000| Untracked 
| 106|0x0000000716a00000, 0x0000000716a00000, 0x0000000716c00000|  0%| F|  |TAMS 0x0000000716a00000, 0x0000000716a00000| Untracked 
| 107|0x0000000716c00000, 0x0000000716c00000, 0x0000000716e00000|  0%| F|  |TAMS 0x0000000716c00000, 0x0000000716c00000| Untracked 
| 108|0x0000000716e00000, 0x0000000716e00000, 0x0000000717000000|  0%| F|  |TAMS 0x0000000716e00000, 0x0000000716e00000| Untracked 
| 109|0x0000000717000000, 0x0000000717000000, 0x0000000717200000|  0%| F|  |TAMS 0x0000000717000000, 0x0000000717000000| Untracked 
| 110|0x0000000717200000, 0x0000000717200000, 0x0000000717400000|  0%| F|  |TAMS 0x0000000717200000, 0x0000000717200000| Untracked 
| 111|0x0000000717400000, 0x0000000717600000, 0x0000000717600000|100%| S|CS|TAMS 0x0000000717400000, 0x0000000717400000| Complete 
| 112|0x0000000717600000, 0x0000000717800000, 0x0000000717800000|100%| S|CS|TAMS 0x0000000717600000, 0x0000000717600000| Complete 
| 113|0x0000000717800000, 0x0000000717800000, 0x0000000717a00000|  0%| F|  |TAMS 0x0000000717800000, 0x0000000717800000| Untracked 
| 114|0x0000000717a00000, 0x0000000717a00000, 0x0000000717c00000|  0%| F|  |TAMS 0x0000000717a00000, 0x0000000717a00000| Untracked 
| 115|0x0000000717c00000, 0x0000000717c00000, 0x0000000717e00000|  0%| F|  |TAMS 0x0000000717c00000, 0x0000000717c00000| Untracked 
| 116|0x0000000717e00000, 0x0000000717e00000, 0x0000000718000000|  0%| F|  |TAMS 0x0000000717e00000, 0x0000000717e00000| Untracked 
| 117|0x0000000718000000, 0x0000000718000000, 0x0000000718200000|  0%| F|  |TAMS 0x0000000718000000, 0x0000000718000000| Untracked 
| 118|0x0000000718200000, 0x0000000718200000, 0x0000000718400000|  0%| F|  |TAMS 0x0000000718200000, 0x0000000718200000| Untracked 
| 119|0x0000000718400000, 0x00000007184654b8, 0x0000000718600000| 19%| E|  |TAMS 0x0000000718400000, 0x0000000718400000| Complete 
| 120|0x0000000718600000, 0x0000000718800000, 0x0000000718800000|100%| E|CS|TAMS 0x0000000718600000, 0x0000000718600000| Complete 
| 121|0x0000000718800000, 0x0000000718a00000, 0x0000000718a00000|100%| E|CS|TAMS 0x0000000718800000, 0x0000000718800000| Complete 
| 122|0x0000000718a00000, 0x0000000718c00000, 0x0000000718c00000|100%| E|CS|TAMS 0x0000000718a00000, 0x0000000718a00000| Complete 
| 123|0x0000000718c00000, 0x0000000718e00000, 0x0000000718e00000|100%| E|CS|TAMS 0x0000000718c00000, 0x0000000718c00000| Complete 

Card table byte_map: [0x0000027d7cd00000,0x0000027d7d4c0000] _byte_map_base: 0x0000027d794b5000

Marking Bits (Prev, Next): (CMBitMap*) 0x0000027d6522f6e0, (CMBitMap*) 0x0000027d6522f720
 Prev Bits: [0x0000027d00000000, 0x0000027d03da8000)
 Next Bits: [0x0000027d03db0000, 0x0000027d07b58000)

Polling page: 0x0000027d63150000

Metaspace:

Usage:
  Non-class:      6.06 MB used.
      Class:    749.17 KB used.
       Both:      6.80 MB used.

Virtual space:
  Non-class space:        8.00 MB reserved,       6.19 MB ( 77%) committed,  1 nodes.
      Class space:        1.00 GB reserved,     832.00 KB ( <1%) committed,  1 nodes.
             Both:        1.01 GB reserved,       7.00 MB ( <1%) committed. 

Chunk freelists:
   Non-Class:  928.00 KB
       Class:  3.22 MB
        Both:  4.13 MB

MaxMetaspaceSize: unlimited
CompressedClassSpaceSize: 1.00 GB
Initial GC threshold: 21.00 MB
Current GC threshold: 21.00 MB
CDS: on
MetaspaceReclaimPolicy: balanced
 - commit_granule_bytes: 65536.
 - commit_granule_words: 8192.
 - virtual_space_node_default_size: 1048576.
 - enlarge_chunks_in_place: 1.
 - new_chunks_are_fully_committed: 0.
 - uncommit_free_chunks: 1.
 - use_allocation_guard: 0.
 - handle_deallocations: 1.


Internal statistics:

num_allocs_failed_limit: 0.
num_arena_births: 128.
num_arena_deaths: 0.
num_vsnodes_births: 2.
num_vsnodes_deaths: 0.
num_space_committed: 112.
num_space_uncommitted: 0.
num_chunks_returned_to_freelist: 0.
num_chunks_taken_from_freelist: 177.
num_chunk_merges: 0.
num_chunk_splits: 105.
num_chunks_enlarged: 52.
num_purges: 0.
num_inconsistent_stats: 0.

CodeHeap 'non-profiled nmethods': size=119168Kb used=432Kb max_used=432Kb free=118735Kb
 bounds [0x0000027d74850000, 0x0000027d74ac0000, 0x0000027d7bcb0000]
CodeHeap 'profiled nmethods': size=119104Kb used=1623Kb max_used=1623Kb free=117480Kb
 bounds [0x0000027d6d400000, 0x0000027d6d670000, 0x0000027d74850000]
CodeHeap 'non-nmethods': size=7488Kb used=2383Kb max_used=2405Kb free=5104Kb
 bounds [0x0000027d6ccb0000, 0x0000027d6cf20000, 0x0000027d6d400000]
 total_blobs=1716 nmethods=1137 adapters=490
 compilation: enabled
              stopped_count=0, restarted_count=0
 full_count=0

Compilation events (20 events):
Event: 1.235 Thread 0x0000027d087fa950 1129       4       summit.gfx.Renderer::renderLight (229 bytes)
Event: 1.235 Thread 0x0000027d0924c0e0 nmethod 1128 0x0000027d6d591110 code [0x0000027d6d5912e0, 0x0000027d6d5916a8]
Event: 1.236 Thread 0x0000027d0924c0e0 1130       3       summit.gfx.Light::paint (21 bytes)
Event: 1.236 Thread 0x0000027d0924c0e0 nmethod 1130 0x0000027d6d591910 code [0x0000027d6d591ac0, 0x0000027d6d591c88]
Event: 1.239 Thread 0x0000027d09cf6420 nmethod 1126% 0x0000027d748b6d10 code [0x0000027d748b6ea0, 0x0000027d748b72d8]
Event: 1.240 Thread 0x0000027d087fa950 nmethod 1129 0x0000027d748b7510 code [0x0000027d748b76e0, 0x0000027d748b7b58]
Event: 1.244 Thread 0x0000027d0924c0e0 1131       3       java.awt.geom.AffineTransform::calculateType (536 bytes)
Event: 1.245 Thread 0x0000027d0924c0e0 nmethod 1131 0x0000027d6d591d90 code [0x0000027d6d592060, 0x0000027d6d593138]
Event: 1.245 Thread 0x0000027d09cf6420 1132       4       summit.gfx.Renderer::rotate (62 bytes)
Event: 1.247 Thread 0x0000027d087fa950 1133 %     4       summit.gfx.Renderer::filterFrame @ 10 (57 bytes)
Event: 1.252 Thread 0x0000027d09cf6420 nmethod 1132 0x0000027d748b7e90 code [0x0000027d748b8020, 0x0000027d748b8598]
Event: 1.253 Thread 0x0000027d087fe8f0 1134       3       summit.game.tile.WaterTile::paint (48 bytes)
Event: 1.253 Thread 0x0000027d087fa950 nmethod 1133% 0x0000027d748b8890 code [0x0000027d748b8a20, 0x0000027d748b8f78]
Event: 1.254 Thread 0x0000027d087fe8f0 nmethod 1134 0x0000027d6d593290 code [0x0000027d6d593500, 0x0000027d6d594078]
Event: 1.255 Thread 0x0000027d087fa950 1135       4       summit.gfx.Renderer::filterFrame (57 bytes)
Event: 1.256 Thread 0x0000027d0924c5f0 1136  s    3       java.awt.Toolkit::getDefaultToolkit (53 bytes)
Event: 1.256 Thread 0x0000027d09cf6420 1137       4       java.util.concurrent.locks.AbstractQueuedSynchronizer::compareAndSetState (13 bytes)
Event: 1.256 Thread 0x0000027d09cf6420 nmethod 1137 0x0000027d748b9190 code [0x0000027d748b9300, 0x0000027d748b9398]
Event: 1.256 Thread 0x0000027d0924c5f0 nmethod 1136 0x0000027d6d594510 code [0x0000027d6d594820, 0x0000027d6d595aa8]
Event: 1.258 Thread 0x0000027d087fa950 nmethod 1135 0x0000027d748b9490 code [0x0000027d748b9620, 0x0000027d748b9898]

GC Heap History (2 events):
Event: 1.220 GC heap before
{Heap before GC invocations=0 (full 0):
 garbage-first heap   total 253952K, used 26624K [0x0000000709600000, 0x0000000800000000)
  region size 2048K, 11 young (22528K), 0 survivors (0K)
 Metaspace       used 6946K, committed 7104K, reserved 1056768K
  class space    used 749K, committed 832K, reserved 1048576K
}
Event: 1.223 GC heap after
{Heap after GC invocations=1 (full 0):
 garbage-first heap   total 253952K, used 10416K [0x0000000709600000, 0x0000000800000000)
  region size 2048K, 2 young (4096K), 2 survivors (4096K)
 Metaspace       used 6946K, committed 7104K, reserved 1056768K
  class space    used 749K, committed 832K, reserved 1048576K
}

Deoptimization events (20 events):
Event: 1.261 Thread 0x0000027d09c9c060 DEOPT PACKING pc=0x0000027d6d58df7b sp=0x000000c16baff090
Event: 1.261 Thread 0x0000027d09c9c060 DEOPT UNPACKING pc=0x0000027d6cd02b43 sp=0x000000c16bafe540 mode 0
Event: 1.261 Thread 0x0000027d09c9c060 DEOPT PACKING pc=0x0000027d6d58df7b sp=0x000000c16baff090
Event: 1.261 Thread 0x0000027d09c9c060 DEOPT UNPACKING pc=0x0000027d6cd02b43 sp=0x000000c16bafe540 mode 0
Event: 1.262 Thread 0x0000027d09c9c060 DEOPT PACKING pc=0x0000027d6d58df7b sp=0x000000c16baff090
Event: 1.262 Thread 0x0000027d09c9c060 DEOPT UNPACKING pc=0x0000027d6cd02b43 sp=0x000000c16bafe540 mode 0
Event: 1.262 Thread 0x0000027d09c9c060 DEOPT PACKING pc=0x0000027d6d58df7b sp=0x000000c16baff090
Event: 1.262 Thread 0x0000027d09c9c060 DEOPT UNPACKING pc=0x0000027d6cd02b43 sp=0x000000c16bafe540 mode 0
Event: 1.262 Thread 0x0000027d09c9c060 DEOPT PACKING pc=0x0000027d6d58df7b sp=0x000000c16baff090
Event: 1.262 Thread 0x0000027d09c9c060 DEOPT UNPACKING pc=0x0000027d6cd02b43 sp=0x000000c16bafe540 mode 0
Event: 1.262 Thread 0x0000027d09c9c060 DEOPT PACKING pc=0x0000027d6d58df7b sp=0x000000c16baff1c0
Event: 1.262 Thread 0x0000027d09c9c060 DEOPT UNPACKING pc=0x0000027d6cd02b43 sp=0x000000c16bafe670 mode 0
Event: 1.262 Thread 0x0000027d09c9c060 DEOPT PACKING pc=0x0000027d6d58df7b sp=0x000000c16baff1c0
Event: 1.262 Thread 0x0000027d09c9c060 DEOPT UNPACKING pc=0x0000027d6cd02b43 sp=0x000000c16bafe670 mode 0
Event: 1.263 Thread 0x0000027d09c9c060 DEOPT PACKING pc=0x0000027d6d58df7b sp=0x000000c16baff1c0
Event: 1.263 Thread 0x0000027d09c9c060 DEOPT UNPACKING pc=0x0000027d6cd02b43 sp=0x000000c16bafe670 mode 0
Event: 1.263 Thread 0x0000027d09c9c060 DEOPT PACKING pc=0x0000027d6d58df7b sp=0x000000c16baff1c0
Event: 1.263 Thread 0x0000027d09c9c060 DEOPT UNPACKING pc=0x0000027d6cd02b43 sp=0x000000c16bafe670 mode 0
Event: 1.268 Thread 0x0000027d09c9c060 DEOPT PACKING pc=0x0000027d6d58df7b sp=0x000000c16baff1c0
Event: 1.268 Thread 0x0000027d09c9c060 DEOPT UNPACKING pc=0x0000027d6cd02b43 sp=0x000000c16bafe670 mode 0

Classes unloaded (0 events):
No events

Classes redefined (0 events):
No events

Internal exceptions (14 events):
Event: 0.052 Thread 0x0000027d092869e0 Exception <a 'java/lang/ClassNotFoundException'{0x0000000718a2b1e8}: sun/awt/resources/spi/awtProvider> (0x0000000718a2b1e8) 
thrown [e:\jenkins\tmp\workspace\build\src\src\hotspot\share\classfile\systemDictionary.cpp, line 256]
Event: 0.071 Thread 0x0000027d092869e0 Exception <a 'java/io/FileNotFoundException'{0x0000000718b656f8}> (0x0000000718b656f8) 
thrown [e:\jenkins\tmp\workspace\build\src\src\hotspot\share\prims\jni.cpp, line 516]
Event: 0.076 Thread 0x0000027d092869e0 Exception <a 'java/io/FileNotFoundException'{0x0000000718b92650}> (0x0000000718b92650) 
thrown [e:\jenkins\tmp\workspace\build\src\src\hotspot\share\prims\jni.cpp, line 516]
Event: 0.090 Thread 0x0000027d092869e0 Exception <a 'java/lang/NoSuchMethodError'{0x0000000718bc7ee8}: 'java.lang.Object java.lang.invoke.DirectMethodHandle$Holder.invokeStaticInit(java.lang.Object)'> (0x0000000718bc7ee8) 
thrown [e:\jenkins\tmp\workspace\build\src\src\hotspot\share\interpreter\linkResolver.cpp, line 766]
Event: 0.230 Thread 0x0000027d092869e0 Exception <a 'java/lang/NoSuchMethodError'{0x0000000718766770}: 'void java.lang.invoke.DirectMethodHandle$Holder.invokeSpecial(java.lang.Object, java.lang.Object, java.lang.Object)'> (0x0000000718766770) 
thrown [e:\jenkins\tmp\workspace\build\src\src\hotspot\share\interpreter\linkResolver.cpp, line 766]
Event: 0.236 Thread 0x0000027d092869e0 Exception <a 'java/lang/NoSuchMethodError'{0x0000000718790a08}: 'java.lang.Object java.lang.invoke.DirectMethodHandle$Holder.newInvokeSpecial(java.lang.Object, java.lang.Object, java.lang.Object, java.lang.Object, java.lang.Object)'> (0x0000000718790a08) 
thrown [e:\jenkins\tmp\workspace\build\src\src\hotspot\share\interpreter\linkResolver.cpp, line 766]
Event: 0.237 Thread 0x0000027d092869e0 Exception <a 'java/lang/NoSuchMethodError'{0x000000071879c3d0}: 'java.lang.Object java.lang.invoke.DirectMethodHandle$Holder.invokeStatic(java.lang.Object, int, java.lang.Object, java.lang.Object, java.lang.Object, java.lang.Object)'> (0x000000071879c3d0) 
thrown [e:\jenkins\tmp\workspace\build\src\src\hotspot\share\interpreter\linkResolver.cpp, line 766]
Event: 0.240 Thread 0x0000027d092869e0 Exception <a 'java/lang/NoSuchMethodError'{0x00000007187c1af0}: 'java.lang.Object java.lang.invoke.DirectMethodHandle$Holder.invokeStatic(java.lang.Object, int, java.lang.Object)'> (0x00000007187c1af0) 
thrown [e:\jenkins\tmp\workspace\build\src\src\hotspot\share\interpreter\linkResolver.cpp, line 766]
Event: 0.258 Thread 0x0000027d092869e0 Exception <a 'java/lang/ClassNotFoundException'{0x0000000718479fd0}: com/sun/swing/internal/plaf/metal/resources/spi/metalProvider> (0x0000000718479fd0) 
thrown [e:\jenkins\tmp\workspace\build\src\src\hotspot\share\classfile\systemDictionary.cpp, line 256]
Event: 0.258 Thread 0x0000027d092869e0 Exception <a 'java/lang/ClassNotFoundException'{0x000000071847dea8}: com/sun/swing/internal/plaf/basic/resources/spi/basicProvider> (0x000000071847dea8) 
thrown [e:\jenkins\tmp\workspace\build\src\src\hotspot\share\classfile\systemDictionary.cpp, line 256]
Event: 0.270 Thread 0x0000027d0947f6e0 Exception <a 'java/lang/NoSuchMethodError'{0x0000000718680998}: 'void java.lang.invoke.DirectMethodHandle$Holder.invokeVirtual(java.lang.Object, java.lang.Object)'> (0x0000000718680998) 
thrown [e:\jenkins\tmp\workspace\build\src\src\hotspot\share\interpreter\linkResolver.cpp, line 766]
Event: 0.281 Thread 0x0000027d092869e0 Exception <a 'java/lang/NoSuchMethodError'{0x00000007184bbdd8}: 'void java.lang.invoke.DirectMethodHandle$Holder.invokeStaticInit(java.lang.Object)'> (0x00000007184bbdd8) 
thrown [e:\jenkins\tmp\workspace\build\src\src\hotspot\share\interpreter\linkResolver.cpp, line 766]
Event: 1.178 Thread 0x0000027d09c7bd60 Implicit null exception at 0x0000027d748a5587 to 0x0000027d748a57e0
Event: 1.178 Thread 0x0000027d09c7bd60 Implicit null exception at 0x0000027d748a4f55 to 0x0000027d748a5078

VM Operations (14 events):
Event: 0.038 Executing VM operation: HandshakeAllThreads
Event: 0.038 Executing VM operation: HandshakeAllThreads done
Event: 0.257 Executing VM operation: HandshakeAllThreads
Event: 0.257 Executing VM operation: HandshakeAllThreads done
Event: 0.297 Executing VM operation: HandshakeAllThreads
Event: 0.297 Executing VM operation: HandshakeAllThreads done
Event: 0.322 Executing VM operation: HandshakeAllThreads
Event: 0.322 Executing VM operation: HandshakeAllThreads done
Event: 1.164 Executing VM operation: HandshakeAllThreads
Event: 1.164 Executing VM operation: HandshakeAllThreads done
Event: 1.164 Executing VM operation: Cleanup
Event: 1.164 Executing VM operation: Cleanup done
Event: 1.220 Executing VM operation: G1CollectForAllocation
Event: 1.223 Executing VM operation: G1CollectForAllocation done

Events (20 events):
Event: 0.343 loading class java/text/AttributedString$AttributedStringIterator done
Event: 0.343 loading class java/awt/TextComponent
Event: 0.343 loading class java/awt/TextComponent done
Event: 0.343 loading class javax/swing/text/JTextComponent
Event: 0.343 loading class javax/swing/Scrollable
Event: 0.343 loading class javax/swing/Scrollable done
Event: 0.344 loading class javax/swing/text/JTextComponent done
Event: 0.346 loading class java/awt/event/MouseWheelEvent
Event: 0.346 loading class java/awt/event/MouseWheelEvent done
Event: 0.354 loading class sun/awt/image/BufImgSurfaceManager
Event: 0.355 loading class sun/awt/image/BufImgSurfaceManager done
Event: 0.355 loading class sun/awt/image/BufImgSurfaceData
Event: 0.355 loading class sun/awt/image/BufImgSurfaceData done
Event: 0.355 loading class sun/awt/image/BufImgSurfaceData$ICMColorData
Event: 0.355 loading class sun/awt/image/BufImgSurfaceData$ICMColorData done
Event: 0.666 Thread 0x0000027d0944de40 Thread exited: 0x0000027d0944de40
Event: 1.171 loading class java/lang/Math$RandomNumberGeneratorHolder
Event: 1.171 loading class java/lang/Math$RandomNumberGeneratorHolder done
Event: 1.175 Thread 0x0000027d09cf5f10 Thread added: 0x0000027d09cf5f10
Event: 1.175 Thread 0x0000027d09cf6420 Thread added: 0x0000027d09cf6420


Dynamic libraries:
0x00007ff7039e0000 - 0x00007ff7039ee000 	C:\Users\aadiu\AppData\Local\Programs\Eclipse Adoptium\jdk-17.0.2.8-hotspot\bin\java.exe
0x00007ffb36970000 - 0x00007ffb36b68000 	C:\Windows\SYSTEM32\ntdll.dll
0x00007ffb352a0000 - 0x00007ffb3535f000 	C:\Windows\System32\KERNEL32.DLL
0x00007ffb34310000 - 0x00007ffb345e2000 	C:\Windows\System32\KERNELBASE.dll
0x00007ffb34110000 - 0x00007ffb34210000 	C:\Windows\System32\ucrtbase.dll
0x00007ffb19ce0000 - 0x00007ffb19cf9000 	C:\Users\aadiu\AppData\Local\Programs\Eclipse Adoptium\jdk-17.0.2.8-hotspot\bin\VCRUNTIME140.dll
0x00007ffb18370000 - 0x00007ffb18388000 	C:\Users\aadiu\AppData\Local\Programs\Eclipse Adoptium\jdk-17.0.2.8-hotspot\bin\jli.dll
0x00007ffb35530000 - 0x00007ffb356cd000 	C:\Windows\System32\USER32.dll
0x00007ffb20b10000 - 0x00007ffb20daa000 	C:\Windows\WinSxS\amd64_microsoft.windows.common-controls_6595b64144ccf1df_6.0.19041.1110_none_60b5254171f9507e\COMCTL32.dll
0x00007ffb34720000 - 0x00007ffb34742000 	C:\Windows\System32\win32u.dll
0x00007ffb35f00000 - 0x00007ffb35f9e000 	C:\Windows\System32\msvcrt.dll
0x00007ffb35fa0000 - 0x00007ffb35fcb000 	C:\Windows\System32\GDI32.dll
0x00007ffb34750000 - 0x00007ffb3485f000 	C:\Windows\System32\gdi32full.dll
0x00007ffb345f0000 - 0x00007ffb3468d000 	C:\Windows\System32\msvcp_win.dll
0x00007ffb356f0000 - 0x00007ffb35722000 	C:\Windows\System32\IMM32.DLL
0x00007ffb1f550000 - 0x00007ffb1f55c000 	C:\Users\aadiu\AppData\Local\Programs\Eclipse Adoptium\jdk-17.0.2.8-hotspot\bin\vcruntime140_1.dll
0x00007ffafa500000 - 0x00007ffafa591000 	C:\Users\aadiu\AppData\Local\Programs\Eclipse Adoptium\jdk-17.0.2.8-hotspot\bin\msvcp140.dll
0x00007ffabbe50000 - 0x00007ffabca97000 	C:\Users\aadiu\AppData\Local\Programs\Eclipse Adoptium\jdk-17.0.2.8-hotspot\bin\server\jvm.dll
0x00007ffb34ec0000 - 0x00007ffb34f6e000 	C:\Windows\System32\ADVAPI32.dll
0x00007ffb35e60000 - 0x00007ffb35efc000 	C:\Windows\System32\sechost.dll
0x00007ffb35ba0000 - 0x00007ffb35cc5000 	C:\Windows\System32\RPCRT4.dll
0x00007ffb34eb0000 - 0x00007ffb34eb8000 	C:\Windows\System32\PSAPI.DLL
0x00007ffb1d990000 - 0x00007ffb1d999000 	C:\Windows\SYSTEM32\WSOCK32.dll
0x00007ffb2d720000 - 0x00007ffb2d72a000 	C:\Windows\SYSTEM32\VERSION.dll
0x00007ffb31d40000 - 0x00007ffb31d67000 	C:\Windows\SYSTEM32\WINMM.dll
0x00007ffb35160000 - 0x00007ffb351cb000 	C:\Windows\System32\WS2_32.dll
0x00007ffb31fa0000 - 0x00007ffb31fb2000 	C:\Windows\SYSTEM32\kernel.appcore.dll
0x00007ffb1f2d0000 - 0x00007ffb1f2da000 	C:\Users\aadiu\AppData\Local\Programs\Eclipse Adoptium\jdk-17.0.2.8-hotspot\bin\jimage.dll
0x00007ffb31b50000 - 0x00007ffb31d34000 	C:\Windows\SYSTEM32\DBGHELP.DLL
0x00007ffb31b20000 - 0x00007ffb31b4c000 	C:\Windows\SYSTEM32\dbgcore.DLL
0x00007ffb34690000 - 0x00007ffb34712000 	C:\Windows\System32\bcryptPrimitives.dll
0x00007ffb17fd0000 - 0x00007ffb17ff5000 	C:\Users\aadiu\AppData\Local\Programs\Eclipse Adoptium\jdk-17.0.2.8-hotspot\bin\java.dll
0x00007ffaf93a0000 - 0x00007ffaf9476000 	C:\Users\aadiu\AppData\Local\Programs\Eclipse Adoptium\jdk-17.0.2.8-hotspot\bin\jsvml.dll
0x00007ffb35fd0000 - 0x00007ffb36713000 	C:\Windows\System32\SHELL32.dll
0x00007ffb32130000 - 0x00007ffb328c2000 	C:\Windows\SYSTEM32\windows.storage.dll
0x00007ffb34ad0000 - 0x00007ffb34e24000 	C:\Windows\System32\combase.dll
0x00007ffb33a60000 - 0x00007ffb33a90000 	C:\Windows\SYSTEM32\Wldp.dll
0x00007ffb349c0000 - 0x00007ffb34a6d000 	C:\Windows\System32\SHCORE.dll
0x00007ffb35020000 - 0x00007ffb35075000 	C:\Windows\System32\shlwapi.dll
0x00007ffb33fb0000 - 0x00007ffb33fcf000 	C:\Windows\SYSTEM32\profapi.dll
0x00007ffae3b90000 - 0x00007ffae3d1e000 	C:\Users\aadiu\AppData\Local\Programs\Eclipse Adoptium\jdk-17.0.2.8-hotspot\bin\awt.dll
0x00007ffb351d0000 - 0x00007ffb3529d000 	C:\Windows\System32\OLEAUT32.dll
0x00007ffb31300000 - 0x00007ffb31391000 	C:\Windows\SYSTEM32\apphelp.dll
0x00007ffb17fb0000 - 0x00007ffb17fc8000 	C:\Users\aadiu\AppData\Local\Programs\Eclipse Adoptium\jdk-17.0.2.8-hotspot\bin\zip.dll
0x00007ffb31410000 - 0x00007ffb314ae000 	C:\Windows\system32\uxtheme.dll
0x00007ffb353f0000 - 0x00007ffb35505000 	C:\Windows\System32\MSCTF.dll
0x00007ffb35cd0000 - 0x00007ffb35dfa000 	C:\Windows\System32\ole32.dll
0x00007ffb31590000 - 0x00007ffb315bf000 	C:\Windows\system32\DWMAPI.DLL
0x00007ffadadb0000 - 0x00007ffadaed5000 	C:\Windows\system32\opengl32.dll
0x00007ffada100000 - 0x00007ffada12c000 	C:\Windows\SYSTEM32\GLU32.dll
0x00007ffb269b0000 - 0x00007ffb26b7f000 	C:\Windows\system32\d3d9.dll
0x00007ffb28d70000 - 0x00007ffb28f28000 	C:\Windows\System32\DriverStore\FileRepository\u0370468.inf_amd64_5e4260b11257b6e9\B370372\aticfx64.dll
0x00007ffb16610000 - 0x00007ffb16644000 	C:\Windows\System32\DriverStore\FileRepository\u0370468.inf_amd64_5e4260b11257b6e9\B370372\atiu9p64.dll
0x00007ffabb0f0000 - 0x00007ffabbe44000 	C:\Windows\System32\DriverStore\FileRepository\u0370468.inf_amd64_5e4260b11257b6e9\B370372\atiumd64.dll
0x000000006c4b0000 - 0x000000006d324000 	C:\Windows\System32\DriverStore\FileRepository\u0370468.inf_amd64_5e4260b11257b6e9\B370372\atiumd6a.dll
0x00007ffb35730000 - 0x00007ffb35b98000 	C:\Windows\System32\SETUPAPI.dll
0x00007ffb34210000 - 0x00007ffb3425e000 	C:\Windows\System32\cfgmgr32.dll
0x00007ffb33e30000 - 0x00007ffb33e7b000 	C:\Windows\SYSTEM32\POWRPROF.dll
0x00007ffb34070000 - 0x00007ffb34097000 	C:\Windows\System32\bcrypt.dll
0x00007ffb33e10000 - 0x00007ffb33e22000 	C:\Windows\SYSTEM32\UMPDC.dll
0x00007ffb29180000 - 0x00007ffb291b0000 	C:\Windows\SYSTEM32\amdihk64.dll
0x00007ffb29960000 - 0x00007ffb2999b000 	C:\Windows\SYSTEM32\dxcore.dll
0x00007ffaf9990000 - 0x00007ffaf9a19000 	C:\Users\aadiu\AppData\Local\Programs\Eclipse Adoptium\jdk-17.0.2.8-hotspot\bin\freetype.dll
0x00007ffaf8bf0000 - 0x00007ffaf8c98000 	C:\Users\aadiu\AppData\Local\Programs\Eclipse Adoptium\jdk-17.0.2.8-hotspot\bin\fontmanager.dll
0x00007ffb28f30000 - 0x00007ffb29029000 	C:\Windows\SYSTEM32\textinputframework.dll
0x00007ffb30e70000 - 0x00007ffb311ce000 	C:\Windows\System32\CoreUIComponents.dll
0x00007ffb309d0000 - 0x00007ffb30ac2000 	C:\Windows\System32\CoreMessaging.dll
0x00007ffb33190000 - 0x00007ffb331c3000 	C:\Windows\SYSTEM32\ntmarta.dll
0x00007ffb30200000 - 0x00007ffb30354000 	C:\Windows\SYSTEM32\wintypes.dll

dbghelp: loaded successfully - version: 4.0.5 - missing functions: none
symbol engine: initialized successfully - sym options: 0x614 - pdb path: .;C:\Users\aadiu\AppData\Local\Programs\Eclipse Adoptium\jdk-17.0.2.8-hotspot\bin;C:\Windows\SYSTEM32;C:\Windows\WinSxS\amd64_microsoft.windows.common-controls_6595b64144ccf1df_6.0.19041.1110_none_60b5254171f9507e;C:\Users\aadiu\AppData\Local\Programs\Eclipse Adoptium\jdk-17.0.2.8-hotspot\bin\server;C:\Windows\System32\DriverStore\FileRepository\u0370468.inf_amd64_5e4260b11257b6e9\B370372

VM Arguments:
jvm_args: -XX:+ShowCodeDetailsInExceptionMessages 
java_command: summit.Main
java_class_path (initial): C:\Users\aadiu\AppData\Roaming\Code\User\workspaceStorage\1c2e286de9ea8afffefde57d2c4cc9eb\redhat.java\jdt_ws\Summit_aca78153\bin
Launcher Type: SUN_STANDARD

[Global flags]
     intx CICompilerCount                          = 12                                        {product} {ergonomic}
     uint ConcGCThreads                            = 3                                         {product} {ergonomic}
     uint G1ConcRefinementThreads                  = 13                                        {product} {ergonomic}
   size_t G1HeapRegionSize                         = 2097152                                   {product} {ergonomic}
    uintx GCDrainStackTargetSize                   = 64                                        {product} {ergonomic}
   size_t InitialHeapSize                          = 260046848                                 {product} {ergonomic}
   size_t MarkStackSize                            = 4194304                                   {product} {ergonomic}
   size_t MaxHeapSize                              = 4137680896                                {product} {ergonomic}
   size_t MaxNewSize                               = 2480930816                                {product} {ergonomic}
   size_t MinHeapDeltaBytes                        = 2097152                                   {product} {ergonomic}
   size_t MinHeapSize                              = 8388608                                   {product} {ergonomic}
    uintx NonNMethodCodeHeapSize                   = 7602480                                {pd product} {ergonomic}
    uintx NonProfiledCodeHeapSize                  = 122027880                              {pd product} {ergonomic}
    uintx ProfiledCodeHeapSize                     = 122027880                              {pd product} {ergonomic}
    uintx ReservedCodeCacheSize                    = 251658240                              {pd product} {ergonomic}
     bool SegmentedCodeCache                       = true                                      {product} {ergonomic}
     bool ShowCodeDetailsInExceptionMessages       = true                                   {manageable} {command line}
   size_t SoftMaxHeapSize                          = 4137680896                             {manageable} {ergonomic}
     bool UseCompressedClassPointers               = true                           {product lp64_product} {ergonomic}
     bool UseCompressedOops                        = true                           {product lp64_product} {ergonomic}
     bool UseG1GC                                  = true                                      {product} {ergonomic}
     bool UseLargePagesIndividualAllocation        = false                                  {pd product} {ergonomic}

Logging:
Log output configuration:
 #0: stdout all=warning uptime,level,tags
 #1: stderr all=off uptime,level,tags

Environment Variables:
JAVA_HOME=C:\Users\aadiu\AppData\Local\Programs\Eclipse Adoptium\jdk-17.0.2.8-hotspot\
PATH=C:\Program Files (x86)\Razer Chroma SDK\bin;C:\Program Files\Razer Chroma SDK\bin;C:\Program Files (x86)\Razer\ChromaBroadcast\bin;C:\Program Files\Razer\ChromaBroadcast\bin;C:\Program Files (x86)\Common Files\Oracle\Java\javapath;C:\Program Files\Python38\Scripts\;C:\Program Files\Python38\;C:\Windows\system32;C:\Windows;C:\Windows\System32\Wbem;C:\Windows\System32\WindowsPowerShell\v1.0\;C:\Windows\System32\OpenSSH\;C:\Program Files (x86)\NVIDIA Corporation\PhysX\Common;C:\Program Files\NVIDIA Corporation\NVIDIA NvDLISR;C:\Users\aadiu\AppData\Local\Microsoft\WindowsApps;C:\Users\aadiu\AppData\Local\Programs\Microsoft VS Code\bin;C:\Windows\system32\config\systemprofile\AppData\Local\Microsoft\WindowsApps;C:\Program Files\dotnet\;C:\Program Files\Git\cmd;C:\MinGW\bin\;C:\Program Files (x86)\Windows Kits\10\Windows Performance Toolkit\;C:\Users\aadiu\AppData\Local\Programs\Eclipse Adoptium\jdk-17.0.2.8-hotspot\bin;C:\Users\aadiu\AppData\Local\Microsoft\WindowsApps;C:\Users\aadiu\AppData\Local\Programs\Microsoft VS Code\bin;C:\Users\aadiu\AppData\Local\GitHubDesktop\bin
USERNAME=aadiu
LANG=en_US.UTF-8
OS=Windows_NT
PROCESSOR_IDENTIFIER=AMD64 Family 25 Model 80 Stepping 0, AuthenticAMD



---------------  S Y S T E M  ---------------

OS:
 Windows 10 , 64 bit Build 19041 (10.0.19041.2251)
OS uptime: 2 days 7:21 hours

CPU: total 16 (initial active 16) (16 cores per cpu, 2 threads per core) family 25 model 80 stepping 0 microcode 0x0, cx8, cmov, fxsr, ht, mmx, 3dnowpref, sse, sse2, sse3, ssse3, sse4a, sse4.1, sse4.2, popcnt, lzcnt, tsc, tscinvbit, avx, avx2, aes, erms, clmul, bmi1, bmi2, adx, sha, fma, vzeroupper, clflush, clflushopt

Memory: 4k page, system-wide physical 15776M (8507M free)
TotalPageFile size 20128M (AvailPageFile size 9567M)
current process WorkingSet (physical memory assigned to process): 121M, peak: 122M
current process commit charge ("private bytes"): 428M, peak: 429M

vm_info: OpenJDK 64-Bit Server VM (17.0.2+8) for windows-amd64 JRE (17.0.2+8), built on Jan 20 2022 04:52:34 by "" with MS VC++ 16.7 (VS2019)

END.
