#
# A fatal error has been detected by the Java Runtime Environment:
#
#  EXCEPTION_ACCESS_VIOLATION (0xc0000005) at pc=0x000002c46fb3926b, pid=21300, tid=20440
#
# JRE version: OpenJDK Runtime Environment Temurin-17.0.2+8 (17.0.2+8) (build 17.0.2+8)
# Java VM: OpenJDK 64-Bit Server VM Temurin-17.0.2+8 (17.0.2+8, mixed mode, sharing, tiered, compressed oops, compressed class ptrs, g1 gc, windows-amd64)
# Problematic frame:
# J 1078 c2 summit.gfx.Renderer.render(Ljava/lang/String;FFILsummit/gfx/ColorFilter;)V (276 bytes) @ 0x000002c46fb3926b [0x000002c46fb383a0+0x0000000000000ecb]
#
# No core dump will be written. Minidumps are not enabled by default on client versions of Windows
#
# If you would like to submit a bug report, please visit:
#   https://github.com/adoptium/adoptium-support/issues
#

---------------  S U M M A R Y ------------

Command Line: -XX:+ShowCodeDetailsInExceptionMessages summit.Main

Host: AMD Ryzen 9 5900HS with Radeon Graphics        , 16 cores, 15G,  Windows 10 , 64 bit Build 19041 (10.0.19041.2251)
Time: Mon Nov 14 18:50:06 2022 Central Standard Time elapsed time: 1.001549 seconds (0d 0h 0m 1s)

---------------  T H R E A D  ---------------

Current thread (0x000002c40518a3d0):  JavaThread "Thread-2" [_thread_in_Java, id=20440, stack(0x000000d480100000,0x000000d480200000)]

Stack: [0x000000d480100000,0x000000d480200000],  sp=0x000000d4801feeb0,  free space=1019k
Native frames: (J=compiled Java code, j=interpreted, Vv=VM code, C=native code)
C  0x000002c46fb3926b


siginfo: EXCEPTION_ACCESS_VIOLATION (0xc0000005), reading address 0x0000000b186e4478


Register to memory mapping:

RIP=0x000002c46fb3926b is at entry_point+3787 in (nmethod*)0x000002c46fb38190
RAX=0x00000000ffffffe9 is an unknown value
RBX=3809331349 is a compressed pointer to object: [[I 
{0x00000007186e44a8} - klass: {type array int}[]
 - length: 144
RCX=0x00000000fffffff0 is an unknown value
RDX=0x0 is NULL
RSP=0x000000d4801feeb0 is pointing into the stack for thread: 0x000002c40518a3d0
RBP=0x0000000000000090 is an unknown value
RSI=0x0 is NULL
RDI=0x0000000000000100 is an unknown value
R8 =0x0000000000000010 is an unknown value
R9 =0x00000007186e4498 is an oop: summit.gfx.Renderer 
{0x00000007186e4498} - klass: 'summit/gfx/Renderer'
 - ---- fields (total size 2 words):
 - private 'frame' '[[I' @12  a {type array int}[144] {0x00000007186e44a8} (e30dc895)
R10=0x00000007186e44a8 is an oop: [[I 
{0x00000007186e44a8} - klass: {type array int}[]
 - length: 144
R11=0x00000000fffffff0 is an unknown value
R12=0x0 is NULL
R13=0x0000000000000010 is an unknown value
R14=0x0000000000000010 is an unknown value
R15=0x000002c40518a3d0 is a thread


Registers:
RAX=0x00000000ffffffe9, RBX=0x00000000e30dc895, RCX=0x00000000fffffff0, RDX=0x0000000000000000
RSP=0x000000d4801feeb0, RBP=0x0000000000000090, RSI=0x0000000000000000, RDI=0x0000000000000100
R8 =0x0000000000000010, R9 =0x00000007186e4498, R10=0x00000007186e44a8, R11=0x00000000fffffff0
R12=0x0000000000000000, R13=0x0000000000000010, R14=0x0000000000000010, R15=0x000002c40518a3d0
RIP=0x000002c46fb3926b, EFLAGS=0x0000000000010287

Top of Stack: (sp=0x000000d4801feeb0)
0x000000d4801feeb0:   0000010000000000 00000000fffffff8
0x000000d4801feec0:   fffffff0ffffffe8 0000001000000010
0x000000d4801feed0:   fffffff0ffffffe8 0000000900000010
0x000000d4801feee0:   0000000700000009 000000000000000f
0x000000d4801feef0:   0000000000000001 000002c443280000
0x000000d4801fef00:   00000000c1800000 0000000717e96920
0x000000d4801fef10:   000000d4801ff0f0 000002c4687f8d14
0x000000d4801fef20:   000000d4801fefc0 000000d4801ff058
0x000000d4801fef30:   000002c467f394fe 0000000000000000
0x000000d4801fef40:   0000000000000000 0000000000000000
0x000000d4801fef50:   0000000000000000 00000007186e4498
0x000000d4801fef60:   0000000717e96920 0000000000000002
0x000000d4801fef70:   0000000000000000 0000000000000000
0x000000d4801fef80:   000000d4801ff0f0 000002c4687f98ec
0x000000d4801fef90:   409e000000000000 0000000000000000
0x000000d4801fefa0:   0000000000000000 0000000000000000 

Instructions: (pc=0x000002c46fb3926b)
0x000002c46fb3916b:   0c dc c4 e1 f9 6e e1 41 8b cb e9 c9 00 00 00 66
0x000002c46fb3917b:   0f 1f 44 00 00 44 2b 4c 24 10 45 8b d1 41 ff c2
0x000002c46fb3918b:   45 8b cb 45 3b d0 0f 83 b0 06 00 00 45 8b 5c dc
0x000002c46fb3919b:   10 47 8b 5c dc 0c 45 3b cb 0f 83 6d 01 00 00 c4
0x000002c46fb391ab:   c1 f9 7e db 45 8b 74 b3 10 43 8b 54 f4 0c 4f 8d
0x000002c46fb391bb:   1c f4 44 3b d2 0f 83 aa 06 00 00 47 8b 54 93 10
0x000002c46fb391cb:   41 83 fa ff 0f 84 38 01 00 00 45 8b 5c fc 0c 45
0x000002c46fb391db:   3b cb 0f 83 a9 06 00 00 47 89 54 8d 10 33 d2 c4
0x000002c46fb391eb:   c1 f9 7e da 45 8b 52 10 47 8b 54 d4 0c 44 03 54
0x000002c46fb391fb:   24 10 4d 8b b7 48 03 00 00 45 8b d9 41 ff c3 41
0x000002c46fb3920b:   85 06 45 3b da 0f 8c 6a ff ff ff 4d 8b 97 48 03
0x000002c46fb3921b:   00 00 ff c1 41 85 02 3b 0c 24 0f 8d f6 00 00 00
0x000002c46fb3922b:   c4 c1 f9 7e c1 c4 e1 f9 7e ce c5 f9 7e d2 44 8b
0x000002c46fb3923b:   54 24 10 44 8b 5c 24 14 44 3b 54 24 08 0f 8d e9
0x000002c46fb3924b:   00 00 00 44 89 5c 24 14 44 89 54 24 10 c5 f9 6e
0x000002c46fb3925b:   d2 c4 e1 f9 6e ce c4 c1 f9 6e c1 c4 c1 f9 7e e2
0x000002c46fb3926b:   41 8b 7c 8a 10 8b f1 41 2b f3 3b cd 0f 83 1f fe
0x000002c46fb3927b:   ff ff 44 8b 5c 24 10 44 3b 5c 24 04 0f 83 0f fe
0x000002c46fb3928b:   ff ff c4 c1 f9 7e da 45 8b 5c b2 10 47 8b 54 dc
0x000002c46fb3929b:   0c 45 85 d2 0f 86 1b 07 00 00 47 8b 54 dc 10 41
0x000002c46fb392ab:   83 fa ff 0f 84 a3 00 00 00 45 8b 5c fc 0c 44 8b
0x000002c46fb392bb:   4c 24 10 45 3b cb 0f 83 ca 05 00 00 4d 8d 0c fc
0x000002c46fb392cb:   44 8b 5c 24 10 47 89 54 99 10 33 d2 c4 c1 f9 7e
0x000002c46fb392db:   da 45 8b 5a 10 47 8b 54 dc 0c 44 03 54 24 10 41
0x000002c46fb392eb:   3b c2 0f 8d 23 ff ff ff 3b cd 0f 83 2e 02 00 00
0x000002c46fb392fb:   4d 8d 2c fc 44 8b c8 41 ba 01 00 00 00 e9 81 fe
0x000002c46fb3930b:   ff ff c4 e1 f9 7e ca e9 d3 fe ff ff c4 e1 f9 7e
0x000002c46fb3931b:   ca e9 c9 fe ff ff c5 f8 77 48 83 c4 60 5d 49 3b
0x000002c46fb3932b:   a7 40 03 00 00 0f 87 f2 0d 00 00 c3 44 89 5c 24
0x000002c46fb3933b:   14 44 89 54 24 10 c5 f9 6e d2 c4 e1 f9 6e ce c4
0x000002c46fb3934b:   c1 f9 6e c1 48 8b d6 e9 bf fe ff ff c4 e1 f9 7e
0x000002c46fb3935b:   ca e9 76 ff ff ff 0f 1f 84 00 00 00 00 00 0f 1f 


Stack slot to memory mapping:
stack at sp + 0 slots: 0x0000010000000000 is an unknown value
stack at sp + 1 slots: 0x00000000fffffff8 is an unknown value
stack at sp + 2 slots: 0xfffffff0ffffffe8 is an unknown value
stack at sp + 3 slots: 0x0000001000000010 is an unknown value
stack at sp + 4 slots: 0xfffffff0ffffffe8 is an unknown value
stack at sp + 5 slots: 0x0000000900000010 is an unknown value
stack at sp + 6 slots: 0x0000000700000009 is an unknown value
stack at sp + 7 slots: 0x000000000000000f is an unknown value

--------------------------------------------------------------------------------
[Constant Pool (empty)]

--------------------------------------------------------------------------------

[MachCode]
  0x000002c46fb383a0: 448b 5208 | 49bb 0000 | 0000 0800 | 0000 4d03 | d349 3bc2 | 0f85 c646 | 44f8 6690 | 0f1f 4000 
  0x000002c46fb383c0: 8984 2400 | 90ff ff55 | 4883 ec60 | 4889 7c24 | 1045 8bf1 | c5f8 28d9 | 4889 1424 | 4d8b d049 
  0x000002c46fb383e0: bb08 30a0 | 1807 0000 | 0041 8b6b | 7045 8b44 | ec08 4181 | f8e0 ad0b | 000f 8539 | 1600 004d 
  0x000002c46fb38400: 8d1c ec45 | 8b4b 2447 | 8b44 cc0c | 4585 c00f | 8603 1700 | 004b 8d0c | cc4d 85d2 | 0f84 1814 
  0x000002c46fb38420: 0000 418b | 5a0c 41ff | c885 db75 | 6745 0fb6 | 5a11 4585 | db0f 85b5 | 1300 0045 | 0fbe 5a10 
  0x000002c46fb38440: 4585 db0f | 8593 1900 | 0041 8b42 | 1441 8b6c | c40c 85ed | 0f86 a313 | 0000 448b | dd41 ffcb 
  0x000002c46fb38460: 443b dd0f | 8354 1800 | 0045 0fb6 | 5cc4 108b | dd83 c3fd | 418b fbc1 | e705 412b | fb4d 8d2c 
  0x000002c46fb38480: c483 fb01 | 0f8e 6618 | 0000 be01 | 0000 0045 | 33c9 eb45 | 448b db41 | c1eb 1044 | 33db 4523 
  0x000002c46fb384a0: c333 d2e9 | ff00 0000 | 450f b65c | 3510 4103 | fbff c63b | f50f 8dd3 | 0000 0044 | 8bdf 41c1 
  0x000002c46fb384c0: e305 442b | df41 8bfb | ebde c4c1 | f97e cac4 | c179 7ed0 | c4c1 797e | e18b c52b | c683 c0fd 
  0x000002c46fb384e0: 3bde 410f | 4cc1 81f8 | a00f 0000 | 41bb a00f | 0000 410f | 47c3 03c6 | c4c1 f96e | cac4 c179 
  0x000002c46fb38500: 6ed0 c4c1 | 796e e166 | 0f1f 8400 | 0000 0000 | 4c63 de47 | 0fb6 541d | 1047 0fb6 | 4c1d 1347 
  0x000002c46fb38520: 0fb6 441d | 1143 0fb6 | 541d 1241 | 03fa 448b | d741 c1e2 | 0544 2bd7 | 4503 d041 | 8bfa c1e7 
  0x000002c46fb38540: 0541 2bfa | 03fa 448b | df41 c1e3 | 0544 2bdf | 4503 d941 | 8bfb c1e7 | 0541 2bfb | 83c6 043b 
  0x000002c46fb38560: f07c ad4d | 8b97 4803 | 0000 4185 | 023b f30f | 8c55 ffff | ffc4 c1f9 | 7eca c4c1 | 797e d0c5 
  0x000002c46fb38580: f97e e23b | f50f 8c1d | ffff ff41 | 8bfb 85ff | 0f84 6912 | 0000 4189 | 7a0c 448b | df41 c1eb 
  0x000002c46fb385a0: 1044 33df | 4523 c346 | 8b44 8110 | 478b 4cc4 | 0c45 3bcb | 0f85 d90f | 0000 478b | 4cc4 1049 
  0x000002c46fb385c0: 8bc9 48c1 | e103 493b | ca0f 8459 | 0100 0041 | 0fbe 7210 | 4c3b d10f | 844b 0100 | 0043 8b5c 
  0x000002c46fb385e0: cc08 81fb | 70e9 0000 | 0f85 ca18 | 0000 49c1 | e103 410f | be69 103b | f50f 85a5 | 1700 0041 
  0x000002c46fb38600: 8b59 1441 | 8b7a 1445 | 8b4c dc0c | 418b 4cfc | 0c41 3bc9 | 0f85 d400 | 0000 4d8d | 0cdc 498d 
  0x000002c46fb38620: 74dc 104d | 8d0c fc49 | 8d7c fc10 | 85c9 0f84 | a500 0000 | 8bc1 83e0 | 1f83 e1e0 | 0f84 4b00 
  0x000002c46fb38640: 0000 488d | 3c0f 488d | 340e 48f7 | d9c5 fe6f | 140f c5fe | 6f0c 0ec5 | edef d1c4 | e27d 17d2 
  0x000002c46fb38660: 0f85 7a00 | 0000 4883 | c120 75e1 | 85c0 0f84 | 6500 0000 | c5fe 6f54 | 07e0 c5fe | 6f4c 06e0 
  0x000002c46fb38680: c5ed efd1 | c4e2 7d17 | d275 55eb | 4c8b c883 | e1fc 7419 | 488d 3c0f | 488d 340e | 48f7 d98b 
  0x000002c46fb386a0: 1c0f 3b1c | 0e75 3948 | 83c1 0475 | f2f7 c002 | 0000 0074 | 120f b71f | 0fb7 0e3b | d975 2148 
  0x000002c46fb386c0: 8d7f 0248 | 8d76 02f7 | c001 0000 | 0074 0a0f | b61f 0fb6 | 0e3b d975 | 07b8 0100 | 0000 eb02 
  0x000002c46fb386e0: 33c0 c5ed | efd2 c5f5 | efc9 85c0 | 753a ba45 | ffff ff48 | 8b2c 2444 | 8934 244c | 8b4c 2410 
  0x000002c46fb38700: 4c89 4c24 | 08c5 fa11 | 4424 04c5 | fa11 5c24 | 104c 8954 | 2418 4489 | 4424 1444 | 895c 2420 
  0x000002c46fb38720: c5f8 77e8 | d89b 44f8 | 49c1 e003 | 418b 6814 | 458b 54ec | 0841 81fa | 086d 0000 | 0f85 1617 
  0x000002c46fb38740: 0000 498d | 1cec 8b73 | 0c85 f60f | 860b 1300 | 0044 8b53 | 1047 8b54 | d40c 41d1 | fac4 c179 
  0x000002c46fb38760: 6eca c5f8 | 5bc9 c5fa | 5cc9 c4c1 | 797e cb45 | 8bc3 41c1 | e817 450f | b6c0 b995 | 0000 0041 
  0x000002c46fb38780: 2bc8 f7c1 | e0ff ffff | 0f85 a60f | 0000 458b | d341 81e2 | ffff 7f00 | 4181 ca00 | 0080 0045 
  0x000002c46fb387a0: 85db 0f8c | 8210 0000 | 41d3 fa41 | ffc2 41d1 | fa44 8bc6 | 41d1 f8c4 | c179 6ec8 | c5f8 5bc9 
  0x000002c46fb387c0: c5e2 5cc1 | c4c1 797e | c145 8bd9 | 41c1 eb17 | 450f b6db | b995 0000 | 0041 2bcb | f7c1 e0ff 
  0x000002c46fb387e0: ffff 0f85 | 6e0f 0000 | 458b d941 | 81e3 ffff | 7f00 4181 | cb00 0080 | 0045 85c9 | 0f8c 3010 
  0x000002c46fb38800: 0000 41d3 | fb41 ffc3 | 41d1 fb45 | 8bc6 4585 | c075 0b45 | 33c0 488b | c3e9 9b08 | 0000 41f7 
  0x000002c46fb38820: c004 0000 | 000f 84e9 | 0300 0044 | 8b4b 1047 | 8b4c cc0c | 4489 5c24 | 2444 8954 | 2420 8974 
  0x000002c46fb38840: 2428 4889 | 5c24 1889 | 5424 0c44 | 8944 2408 | 48ba 086d | 0000 0800 | 0000 448b | c666 6690 
  0x000002c46fb38860: c5f8 77e8 | 183f 4ff8 | 448b 5424 | 2841 ffca | 443b 5424 | 280f 83e9 | 1400 008b | 480c 85c9 
  0x000002c46fb38880: 0f86 de14 | 0000 4c63 | c145 33db | eb30 c5f9 | 7ec9 c4c1 | f97e d8c4 | c1f9 7ec1 | 448b 5c24 
  0x000002c46fb388a0: 384d 8b97 | 4803 0000 | 41ff c341 | 8502 443b | 5c24 280f | 8d56 0f00 | 004c 894c | 2418 4c8b 
  0x000002c46fb388c0: 4c24 1845 | 8b51 1047 | 8b54 d40c | 4585 d276 | d041 8bfa | 4489 5c24 | 38c5 fb10 | 4424 1849 
  0x000002c46fb388e0: 63d3 458b | 5491 10c4 | c179 6ed2 | 478b 74d4 | 0c85 c90f | 86d0 0200 | 008b 6810 | 448b cf45 
  0x000002c46fb38900: 2bcb 41ff | c945 85f6 | 0f86 c811 | 0000 438b | 5cd4 1045 | 8b54 ec0c | 4d8d 1cec | 453b ca0f 
  0x000002c46fb38920: 83cf 1200 | 004c 63d7 | 4c2b d243 | 895c 930c | 83ff 010f | 8e5e ffff | ff4d 63d6 | 4d3b c244 
  0x000002c46fb38940: 8bd9 450f | 4fde c4c1 | 797e d24f | 8d2c d441 | 8beb ffcd | 443b dd41 | bb00 0000 | 8041 0f4c 
  0x000002c46fb38960: eb83 fd01 | 0f8e 9212 | 0000 4c8b | 5424 1845 | 8b52 1043 | 8b74 d40c | c4c1 797e | d243 8b5c 
  0x000002c46fb38980: d414 8b78 | 1444 8bce | 442b 4c24 | 3841 ffc9 | 458b 54fc | 0c4d 8d1c | fc45 3bca | 0f83 6512 
  0x000002c46fb389a0: 0000 4889 | 5424 18c4 | c1f9 6ed8 | c5f9 6ec9 | 4c63 c649 | 8bc8 482b | ca41 895c | 8b0c 83fe 
  0x000002c46fb389c0: 020f 8ec7 | feff ffc4 | c179 7ed2 | 438b 5cd4 | 188b 7818 | 458b 54fc | 0c4d 8d1c | fc45 3bca 
  0x000002c46fb389e0: 0f83 7612 | 0000 4189 | 5c8b 0c83 | fe03 0f8e | 9afe ffff | 41bb 0300 | 0000 443b | dd0f 8d99 
  0x000002c46fb38a00: 1200 00c4 | c179 7ed2 | 438b 5cd4 | 1c8b 781c | 458b 54fc | 0c4d 8d1c | fc45 3bca | 0f83 8512 
  0x000002c46fb38a20: 0000 4189 | 5c8b 0c83 | fe04 0f8e | 5efe ffff | c4c1 797e | d243 8b5c | d420 448b | 5020 438b 
  0x000002c46fb38a40: 7cd4 0c4f | 8d1c d444 | 3bcf 0f83 | 6212 0000 | 4189 5c8b | 0c83 fe05 | 0f8e 30fe | ffff 4d8b 
  0x000002c46fb38a60: d049 83c2 | fe4c 63dd | 418b da49 | ffc8 418b | f84d 3bd8 | 448b c544 | 0f4f c74d | 63d8 4d3b 
  0x000002c46fb38a80: da44 0f4f | c341 83f8 | 050f 8e6d | 1200 0041 | ba05 0000 | 0066 6666 | 0f1f 8400 | 0000 0000 
  0x000002c46fb38aa0: 438b 5c95 | 1042 8b54 | 9010 418b | 7cd4 0c4d | 8d1c d444 | 3bcf 0f83 | bf0c 0000 | 4189 5c8b 
  0x000002c46fb38ac0: 0c42 8b54 | 9014 438b | 5c95 1441 | 8b7c d40c | 4d8d 1cd4 | 443b cf0f | 839b 0c00 | 0041 895c 
  0x000002c46fb38ae0: 8b0c 4183 | c202 453b | d07c b544 | 3bd5 7d63 | 438b 5c95 | 1046 8b44 | 9010 438b | 7cc4 0c4f 
  0x000002c46fb38b00: 8d1c c444 | 3bcf 0f83 | 6f0c 0000 | 4189 5c8b | 0c45 8bc2 | 41ff c044 | 3bc6 0f8d | 6efd ffff 
  0x000002c46fb38b20: 438b 5c95 | 1442 8b54 | 9014 418b | 7cd4 0c4d | 8d1c d444 | 3bcf 0f83 | dc12 0000 | 4189 5c8b 
  0x000002c46fb38b40: 0c41 83c2 | 0244 3bd6 | 0f8d 40fd | ffff 443b | d57c 9dc5 | f97e c9c4 | c1f9 7ed8 | 488b 5424 
  0x000002c46fb38b60: 1844 3bd1 | 7d66 6690 | 443b d173 | 5fc4 c1f9 | 7ec3 458b | 4b10 438b | 7ccc 0c42 | 8b6c 9010 
  0x000002c46fb38b80: 448b cf44 | 2b4c 2438 | 41ff c945 | 3bd6 0f83 | 450f 0000 | 438b 5c95 | 1041 8b74 | ec0c 4d8d 
  0x000002c46fb38ba0: 1cec 443b | ce0f 83d0 | 0b00 004c | 63cf 4c2b | ca43 895c | 8b0c 41ff | c244 3bd7 | 0f8d d5fc 
  0x000002c46fb38bc0: ffff 443b | d17c a1eb | 0345 33d2 | bae4 ffff | ff48 8b2c | 2444 8b5c | 2408 4489 | 1c24 4c8b 
  0x000002c46fb38be0: 5c24 104c | 895c 2408 | 448b 4424 | 2044 8944 | 2404 448b | 5c24 2444 | 895c 2410 | c5fb 1144 
  0x000002c46fb38c00: 2418 4889 | 4424 2844 | 8954 2430 | c5f8 77e8 | ec96 44f8 | 41f7 c001 | 0000 000f | 84c7 0000 
  0x000002c46fb38c20: 008b 4b0c | 85c9 0f86 | 3b10 0000 | 8b7b 1045 | 8b4c fc0c | 4489 4c24 | 2c89 4c24 | 2844 895c 
  0x000002c46fb38c40: 241c 4489 | 5424 1848 | 895c 2420 | 8954 240c | 4489 4424 | 0848 ba08 | 6d00 0008 | 0000 0044 
  0x000002c46fb38c60: 8bc1 6690 | c5f8 77e8 | 143b 4ff8 | 448b 5424 | 2841 ffca | 443b 5424 | 280f 8393 | 0f00 0044 
  0x000002c46fb38c80: 8b40 0c45 | 85c0 0f86 | 860f 0000 | 453b d00f | 837d 0f00 | 008b 6c24 | 2cff cd8b | 4c24 2cd1 
  0x000002c46fb38ca0: f94c 634c | 242c 448b | e941 83c5 | fe41 3bcd | 41bb 0000 | 0080 450f | 4ceb 4c63 | d149 8bd1 
  0x000002c46fb38cc0: 492b d28b | f1ff c648 | ffca 4533 | f6e9 9c07 | 0000 448b | 4424 088b | 5424 0c48 | 8bde 448b 
  0x000002c46fb38ce0: 5424 1844 | 8b5c 241c | 41f7 c002 | 0000 0075 | 0848 8bc3 | e9c0 0300 | 008b 6b0c | 85ed 0f86 
  0x000002c46fb38d00: ce0e 0000 | 8b4b 1045 | 8b4c cc0c | 896c 2428 | 4489 5c24 | 2444 8954 | 2420 4889 | 5c24 1889 
  0x000002c46fb38d20: 5424 0c44 | 8944 2408 | 48ba 086d | 0000 0800 | 0000 448b | c566 6690 | c5f8 77e8 | 403a 4ff8 
  0x000002c46fb38d40: 448b 580c | 448b cd41 | d1f9 458b | d141 ffc2 | 4585 db0f | 8628 0e00 | 0045 3bcb | 0f83 1f0e 
  0x000002c46fb38d60: 0000 4863 | ed4d 63c1 | 488b cd49 | 2bc8 48ff | c948 3bcd | 0f83 070e | 0000 448b | 4424 2841 
  0x000002c46fb38d80: ffc8 443b | 4424 280f | 83f4 0d00 | 0044 8954 | 242c 4d63 | d349 3bca | 0f83 de0d | 0000 453b 
  0x000002c46fb38da0: c30f 831d | 0e00 0044 | 3b4c 2428 | 0f83 190e | 0000 4533 | d2eb 31c4 | c1f9 7ec3 | c4c1 797e 
  0x000002c46fb38dc0: cac4 e1f9 | 7ee8 c4e1 | f97e f54d | 8b87 4803 | 0000 41ff | c241 8500 | 443b 5424 | 2c0f 8dc3 
  0x000002c46fb38de0: 0200 004c | 895c 2418 | 4c8b 5c24 | 1845 8b4b | 1043 8b5c | cc0c 85db | 76d1 c5fb | 1044 2418 
  0x000002c46fb38e00: c4c1 796e | ca4d 63c2 | 4c8b dd4d | 2bd8 4c8b | 5424 1847 | 8b54 9a0c | c4c1 796e | da47 8b74 
  0x000002c46fb38e20: d40c 468b | 5480 10c4 | c179 6ee2 | 478b 4cd4 | 0c4c 8b54 | 2418 478b | 5482 10c4 | c179 6ed2 
  0x000002c46fb38e40: 438b 4cd4 | 0c42 8b7c | 980c 458b | 6cfc 0c45 | 85f6 0f86 | d00b 0000 | 41bb 0100 | 0000 453b 
  0x000002c46fb38e60: de41 ba01 | 0000 0045 | 0f4f d6c4 | c179 7ee3 | 4f8d 04dc | c4c1 797e | db4b 8d14 | dc41 8bd8 
  0x000002c46fb38e80: 498d 34fc | c1eb 02c4 | c179 7ed3 | 49c1 e303 | 83e3 0341 | 03da f7db | 83e3 0341 | 03da 413b 
  0x000002c46fb38ea0: de41 0f4f | de45 33d2 | eb0e 6690 | 448b d144 | 8b4c 2418 | 8b4c 241c | 453b d60f | 837a 0100 
  0x000002c46fb38ec0: 00c5 f96e | ff89 4c24 | 1c44 894c | 2418 c4e1 | f96e f5c4 | e1f9 6ee8 | 468b 4c92 | 1044 3b54 
  0x000002c46fb38ee0: 2418 0f83 | c009 0000 | 4789 4c90 | 1044 3bd1 | 0f83 0e0a | 0000 478b | 4c93 1045 | 3bd5 0f83 
  0x000002c46fb38f00: 600a 0000 | 4689 4c96 | 10c4 c1f9 | 7ec1 458b | 4910 478b | 4ccc 0c41 | 8bca ffc1 | 413b c90f 
  0x000002c46fb38f20: 8d92 feff | ff3b cb0f | 8c7f ffff | ff49 63de | 4963 fd48 | 6344 241c | 4863 6c24 | 1848 3bdd 
  0x000002c46fb38f40: 418b de0f | 4f5c 2418 | 4963 e94c | 63cb 4c3b | c80f 4f5c | 241c 48ff | cd4c 63cb | 4c3b cf41 
  0x000002c46fb38f60: 0f4f dd44 | 8bcd 4863 | fb48 3bfd | 410f 4fd9 | 448b cb41 | 83c1 f941 | 3bd9 bb00 | 0000 8044 
  0x000002c46fb38f80: 0f4c cb41 | 3bc9 0f8d | a40a 0000 | 41ff c290 | c421 7a6f | 4492 10c4 | 017a 7f44 | 9010 c401 
  0x000002c46fb38fa0: 7a6f 4493 | 10c4 217a | 7f44 9610 | c421 7a6f | 4492 20c4 | 017a 7f44 | 9020 c401 | 7a6f 4493 
  0x000002c46fb38fc0: 20c4 217a | 7f44 9620 | 4183 c208 | 453b d17c | bf45 3bd6 | 7d59 6690 | 453b d673 | 5946 8b4c 
  0x000002c46fb38fe0: 9210 443b | 5424 180f | 83bb 0800 | 0047 894c | 9010 443b | 5424 1c0f | 8307 0900 | 0047 8b4c 
  0x000002c46fb39000: 9310 453b | d50f 8359 | 0900 0046 | 894c 9610 | c4c1 f97e | c145 8b49 | 1043 8b4c | cc0c 41ff 
  0x000002c46fb39020: c244 3bd1 | 0f8d 8dfd | ffff 453b | d67c a9c4 | e1f9 7ee8 | eb05 c4e1 | f97e e8ba | e4ff ffff 
  0x000002c46fb39040: 488b 2c24 | 448b 5c24 | 0844 891c | 244c 8b5c | 2410 4c89 | 5c24 0844 | 8b5c 2420 | 4489 5c24 
  0x000002c46fb39060: 0444 8b44 | 2424 4489 | 4424 10c5 | fb11 4424 | 1848 8944 | 2420 4489 | 5424 2844 | 8954 242c 
  0x000002c46fb39080: c5fa 114c | 2430 c5fa | 1164 2434 | c5fa 115c | 2438 6690 | c5f8 77e8 | 6492 44f8 | c4e1 f97e 
  0x000002c46fb390a0: cae9 3102 | 0000 8b54 | 240c 448b | 5424 2044 | 8b5c 2424 | 448b 4424 | 0841 8be8 | c1fd 0385 
  0x000002c46fb390c0: ed0f 8589 | 0a00 0044 | 8b40 0c41 | 8bcb 4103 | c844 3bd9 | 0f8d 4702 | 0000 4d63 | c849 63db 
  0x000002c46fb390e0: 418b f3f7 | de48 63fe | 4803 df49 | 3bd9 0f83 | 9809 0000 | 4863 d948 | 03df 48ff | cb49 3bd9 
  0x000002c46fb39100: 0f83 be09 | 0000 4c8b | 0c24 418b | 590c 418b | 6cdc 0c85 | ed0f 86b4 | 0900 0041 | 8b74 dc10 
  0x000002c46fb39120: 418b 7cf4 | 0c48 8b74 | 2410 4885 | f60f 8562 | 0900 0045 | 85c0 0f86 | 5909 0000 | 448b 4010 
  0x000002c46fb39140: 478b 44c4 | 0c45 85c0 | 0f86 4709 | 0000 897c | 2404 890c | 24c4 e1f9 | 6ed8 418b | c841 03ca 
  0x000002c46fb39160: 894c 2408 | 418b c2ff | c049 8d0c | dcc4 e1f9 | 6ee1 418b | cbe9 c900 | 0000 660f | 1f44 0000 
  0x000002c46fb39180: 442b 4c24 | 1045 8bd1 | 41ff c245 | 8bcb 453b | d00f 83b0 | 0600 0045 | 8b5c dc10 | 478b 5cdc 
  0x000002c46fb391a0: 0c45 3bcb | 0f83 6d01 | 0000 c4c1 | f97e db45 | 8b74 b310 | 438b 54f4 | 0c4f 8d1c | f444 3bd2 
  0x000002c46fb391c0: 0f83 aa06 | 0000 478b | 5493 1041 | 83fa ff0f | 8438 0100 | 0045 8b5c | fc0c 453b | cb0f 83a9 
  0x000002c46fb391e0: 0600 0047 | 8954 8d10 | 33d2 c4c1 | f97e da45 | 8b52 1047 | 8b54 d40c | 4403 5424 | 104d 8bb7 
  0x000002c46fb39200: 4803 0000 | 458b d941 | ffc3 4185 | 0645 3bda | 0f8c 6aff | ffff 4d8b | 9748 0300 | 00ff c141 
  0x000002c46fb39220: 8502 3b0c | 240f 8df6 | 0000 00c4 | c1f9 7ec1 | c4e1 f97e | cec5 f97e | d244 8b54 | 2410 448b 
  0x000002c46fb39240: 5c24 1444 | 3b54 2408 | 0f8d e900 | 0000 4489 | 5c24 1444 | 8954 2410 | c5f9 6ed2 | c4e1 f96e 
  0x000002c46fb39260: cec4 c1f9 | 6ec1 c4c1 | f97e e241 | 8b7c 8a10 | 8bf1 412b | f33b cd0f | 831f feff | ff44 8b5c 
  0x000002c46fb39280: 2410 443b | 5c24 040f | 830f feff | ffc4 c1f9 | 7eda 458b | 5cb2 1047 | 8b54 dc0c | 4585 d20f 
  0x000002c46fb392a0: 861b 0700 | 0047 8b54 | dc10 4183 | faff 0f84 | a300 0000 | 458b 5cfc | 0c44 8b4c | 2410 453b 
  0x000002c46fb392c0: cb0f 83ca | 0500 004d | 8d0c fc44 | 8b5c 2410 | 4789 5499 | 1033 d2c4 | c1f9 7eda | 458b 5a10 
  0x000002c46fb392e0: 478b 54dc | 0c44 0354 | 2410 413b | c20f 8d23 | ffff ff3b | cd0f 832e | 0200 004d | 8d2c fc44 
  0x000002c46fb39300: 8bc8 41ba | 0100 0000 | e981 feff | ffc4 e1f9 | 7eca e9d3 | feff ffc4 | e1f9 7eca | e9c9 feff 
  0x000002c46fb39320: ffc5 f877 | 4883 c460 | 5d49 3ba7 | 4003 0000 | 0f87 f20d | 0000 c344 | 895c 2414 | 4489 5424 
  0x000002c46fb39340: 10c5 f96e | d2c4 e1f9 | 6ece c4c1 | f96e c148 | 8bd6 e9bf | feff ffc4 | e1f9 7eca | e976 ffff 
  0x000002c46fb39360: ff0f 1f84 | 0000 0000 | 000f 1f80 | 0000 0000 | 448b c342 | 8b4c 870c | 8b5c 242c | 412b db49 
  0x000002c46fb39380: 63d3 894c | 9010 8b4c | 9710 4289 | 4c80 0c49 | 8bc9 482b | ca44 8b44 | 8f08 4489 | 4490 1444 
  0x000002c46fb393a0: 8b44 9714 | 4489 4488 | 0844 8b44 | 8f04 4489 | 4490 1844 | 8b44 9718 | 4489 4488 | 0444 8b04 
  0x000002c46fb393c0: 8f44 8944 | 901c 448b | 4497 1c44 | 8904 8883 | c3fc 4183 | c304 453b | da7c 954d | 8b97 4803 
  0x000002c46fb393e0: 0000 4185 | 0245 3bdd | 7d2a 448b | c345 8bd5 | 452b d345 | 3beb 440f | 4c54 240c | 4181 faa0 
  0x000002c46fb39400: 0f00 00bb | a00f 0000 | 440f 47d3 | 4503 d3e9 | 5fff ffff | c5f9 7ec1 | c4e1 f97e | ca44 3b5c 
  0x000002c46fb39420: 2430 7d2b | 448b 549f | 0c46 8954 | 9810 468b | 549f 1044 | 8954 980c | 458b d341 | ffc2 443b 
  0x000002c46fb39440: 5424 307d | 0a8b dd41 | 2bdb 458b | daeb d54d | 8b97 4803 | 0000 41ff | c641 8502 | 443b 7424 
  0x000002c46fb39460: 280f 8d6b | f8ff ff48 | 8bc6 8b74 | 2430 4c8b | 5424 2041 | 8b7a 1085 | ff0f 844a | 0500 0047 
  0x000002c46fb39480: 8b5c b210 | 478b 54dc | 0c42 8b5c | b010 458b | 44dc 0c89 | 7424 30c5 | f96e c148 | 8bf0 4963 
  0x000002c46fb394a0: ca48 3bd1 | 0f83 2e05 | 0000 413b | ea0f 8325 | 0500 0045 | 85c0 0f86 | 1c05 0000 | c5f9 7ec1 
  0x000002c46fb394c0: 413b c80f | 830f 0500 | 0045 85d2 | 0f86 0605 | 0000 413b | ca0f 83fd | 0400 004d | 63d0 493b 
  0x000002c46fb394e0: d20f 83f1 | 0400 0041 | 3be8 0f83 | e804 0000 | 498d 04dc | 4b8d 3cdc | 468b 548f | 0c45 8954 
  0x000002c46fb39500: dc10 478b | 54dc 1046 | 8954 880c | 4183 fd01 | 0f8e f604 | 0000 448b | c541 bb01 | 0000 00c4 
  0x000002c46fb39520: e1f9 6eca | e9c4 feff | ff44 8bc8 | 41bb 0100 | 0000 eb1a | 660f 1f44 | 0000 660f | 1f44 0000 
  0x000002c46fb39540: 442b 4c24 | 1045 8bd9 | 41ff c345 | 8bca 453b | d80f 83f0 | 0200 0045 | 3b64 dc10 | 0f84 b704 
  0x000002c46fb39560: 0000 c4c1 | f97e db45 | 8b53 1043 | 8b7c d40c | 037c 2410 | 4d8b 9f48 | 0300 0045 | 8bd1 41ff 
  0x000002c46fb39580: c241 8503 | 443b d77c | b7c4 e1f9 | 7eca e983 | fcff ff43 | 8b6c c418 | 85ed 0f84 | 6707 0000 
  0x000002c46fb395a0: 478b 4cc4 | 0841 81f9 | 98b0 1400 | 0f84 8207 | 0000 4d8d | 04ec 418b | 480c 413b | cb0f 850d 
  0x000002c46fb395c0: 0200 0045 | 8b48 1049 | 8bc9 48c1 | e103 493b | ca0f 8455 | f1ff ff41 | 0fbe 5a10 | 4c3b d10f 
  0x000002c46fb395e0: 8447 f1ff | ff43 8b7c | cc08 81ff | 70e9 0000 | 0f85 8208 | 0000 49c1 | e103 410f | be69 103b 
  0x000002c46fb39600: dd0f 8519 | 0800 0041 | 8b79 1441 | 8b5a 1445 | 8b4c fc0c | 418b 4cdc | 0c41 3bc9 | 0f85 d800 
  0x000002c46fb39620: 0000 4d8d | 0cfc 498d | 74fc 104d | 8d0c dc49 | 8d7c dc10 | 85c9 0f84 | a500 0000 | 8bc1 83e0 
  0x000002c46fb39640: 1f83 e1e0 | 0f84 4b00 | 0000 488d | 3c0f 488d | 340e 48f7 | d9c5 fe6f | 140f c5fe | 6f0c 0ec5 
  0x000002c46fb39660: edef d1c4 | e27d 17d2 | 0f85 7a00 | 0000 4883 | c120 75e1 | 85c0 0f84 | 6500 0000 | c5fe 6f54 
  0x000002c46fb39680: 07e0 c5fe | 6f4c 06e0 | c5ed efd1 | c4e2 7d17 | d275 55eb | 4c8b c883 | e1fc 7419 | 488d 3c0f 
  0x000002c46fb396a0: 488d 340e | 48f7 d98b | 1c0f 3b1c | 0e75 3948 | 83c1 0475 | f2f7 c002 | 0000 0074 | 120f b71f 
  0x000002c46fb396c0: 0fb7 0e3b | d975 2148 | 8d7f 0248 | 8d76 02f7 | c001 0000 | 0074 0a0f | b61f 0fb6 | 0e3b d975 
  0x000002c46fb396e0: 07b8 0100 | 0000 eb02 | 33c0 c5ed | efd2 c5f5 | efc9 85c0 | 0f85 32f0 | ffff ba45 | ffff ff48 
  0x000002c46fb39700: 8b2c 2444 | 8934 244c | 8b4c 2410 | 4c89 4c24 | 08c5 fa11 | 4424 04c5 | fa11 5c24 | 104c 8954 
  0x000002c46fb39720: 2418 4c89 | 4424 2044 | 895c 2414 | c5f8 77e8 | cc8b 44f8 | c57a 2cd1 | 4181 fa00 | 0000 8075 
  0x000002c46fb39740: 1048 83ec | 08c5 fa11 | 0c24 e8a4 | 793f f841 | 5ae9 5bf0 | ffff c57a | 2cd8 4181 | fb00 0000 
  0x000002c46fb39760: 8075 1048 | 83ec 08c5 | fa11 0424 | e882 793f | f841 5be9 | 93f0 ffff | 41ff c2ba | e4ff ffff 
  0x000002c46fb39780: 488b 2c24 | 8b4c 2408 | 890c 244c | 8b44 2410 | 4c89 4424 | 088b 4c24 | 2089 4c24 | 0444 8b44 
  0x000002c46fb397a0: 2424 4489 | 4424 10c5 | fb11 4424 | 1848 8944 | 2420 4489 | 5424 144c | 895c 2428 | 4489 4c24 
  0x000002c46fb397c0: 3089 5c24 | 3466 6690 | c5f8 77e8 | 308b 44f8 | 458b 4818 | 4d8b 8748 | 0300 0041 | 8500 4585 
  0x000002c46fb397e0: c90f 8420 | 0500 004f | 8d04 cce9 | c6fd ffff | 4533 c033 | d245 33db | e9aa edff | ff33 d241 
  0x000002c46fb39800: c642 1101 | 4533 c045 | 33db e998 | edff ff44 | 8b44 2408 | 8b54 240c | 488b d844 | 8b54 2420 
  0x000002c46fb39820: 448b 5c24 | 24e9 eaf3 | ffff 41f7 | dae9 76ef | ffff 41f7 | dbe9 c8ef | ffff 4533 | c033 d245 
  0x000002c46fb39840: 33db e960 | edff ffba | 45ff ffff | c4e1 f97e | c5c5 fb11 | 0c24 c5fb | 115c 2408 | 894c 2418 
  0x000002c46fb39860: 4489 4c24 | 1c66 6690 | c5f8 77e8 | 908a 44f8 | c4c1 796e | d2ba e6ff | ffff 498b | ebc5 fa11 
  0x000002c46fb39880: 1424 6690 | c5f8 77e8 | 748a 44f8 | 4489 4c24 | 10ba e6ff | ffff 8bef | 4489 5424 | 0466 6690 
  0x000002c46fb398a0: c5f8 77e8 | 588a 44f8 | bae4 ffff | ff48 8b2c | 2444 8b5c | 2408 4489 | 1c24 4c8b | 5c24 104c 
  0x000002c46fb398c0: 895c 2408 | 448b 5c24 | 2044 895c | 2404 448b | 4424 2444 | 8944 2410 | c5fb 1144 | 2418 c5fb 
  0x000002c46fb398e0: 116c 2420 | 4489 5424 | 2844 894c | 242c c5fa | 114c 2430 | c5fa 1164 | 2434 6690 | c5f8 77e8 
  0x000002c46fb39900: fc89 44f8 | bae4 ffff | ff48 8b2c | 2444 8b44 | 2408 4489 | 0424 4c8b | 5c24 104c | 895c 2408 
  0x000002c46fb39920: 448b 5c24 | 2044 895c | 2404 448b | 4424 2444 | 8944 2410 | c5fb 1144 | 2418 c5fb | 116c 2420 
  0x000002c46fb39940: 4489 5424 | 2844 8954 | 242c c5fa | 114c 2430 | c5fa 1154 | 2434 c5fa | 117c 2438 | c5f8 77e8 
  0x000002c46fb39960: 9c89 44f8 | bae4 ffff | ff48 8b2c | 2444 8b5c | 2408 4489 | 1c24 4c8b | 5c24 104c | 895c 2408 
  0x000002c46fb39980: 448b 5c24 | 2044 895c | 2404 448b | 4424 2444 | 8944 2410 | c5fb 1144 | 2418 c5fb | 116c 2420 
  0x000002c46fb399a0: 4489 5424 | 2844 894c | 242c c5fa | 114c 2430 | c5fa 117c | 2434 6690 | c5f8 77e8 | 4089 44f8 
  0x000002c46fb399c0: 49c1 e303 | e9ac feff | ffba f6ff | ffff 6690 | c5f8 77e8 | 2889 44f8 | 418b 6cfc | 0cd1 fdff 
  0x000002c46fb399e0: c5ba 76ff | ffff 448b | 5424 1844 | 8954 240c | 448b 5424 | 1c44 8954 | 2418 4889 | 4424 2844 
  0x000002c46fb39a00: 8974 241c | c5f8 77e8 | f488 44f8 | 8bdd 41bb | 0100 0000 | e904 faff | ffba f6ff | ffff 6690 
  0x000002c46fb39a20: c5f8 77e8 | d888 44f8 | 4533 d2e9 | 0bf6 ffff | 448b d1e9 | 99f5 ffff | bade ffff | ff44 894c 
  0x000002c46fb39a40: 2408 c5fa | 1144 240c | c5fa 114c | 2418 4c89 | 5424 2090 | c5f8 77e8 | a488 44f8 | bae4 ffff 
  0x000002c46fb39a60: ff48 8b2c | 2444 8934 | 244c 8b54 | 2410 4c89 | 5424 0848 | 895c 2418 | c5fa 115c | 2404 c5fa 
  0x000002c46fb39a80: 1144 2420 | c5f8 77e8 | 7488 44f8 | 4c8b 0c24 | 488b 7424 | 10ba beff | ffff 498b | e948 8934 
  0x000002c46fb39aa0: 2448 8944 | 2408 4489 | 5424 1044 | 895c 2418 | 4489 5c24 | 1c89 4c24 | 2066 6690 | c5f8 77e8 
  0x000002c46fb39ac0: 3c88 44f8 | 4c8b 0c24 | 488b 7424 | 10eb c648 | 8b74 2410 | ebbf 4533 | d2ba e4ff | ffff 448b 
  0x000002c46fb39ae0: 4424 2044 | 8944 240c | 448b 5c24 | 2444 895c | 2418 c5fb | 1144 2420 | 4889 4424 | 2844 894c 
  0x000002c46fb39b00: 2430 4489 | 5424 34c5 | fa11 5424 | 3c66 6690 | c5f8 77e8 | e887 44f8 | ba45 ffff | ff48 8b2c 
  0x000002c46fb39b20: 2444 8934 | 2448 897c | 2408 c5fa | 1144 2404 | c5fa 114c | 2410 4c89 | 5424 1844 | 894c 2414 
  0x000002c46fb39b40: 4489 4424 | 2466 6690 | c5f8 77e8 | b087 44f8 | ba45 ffff | ff4c 8b4c | 2410 4c89 | 4c24 0848 
  0x000002c46fb39b60: 8944 2410 | 4489 5424 | 1844 895c | 241c 4489 | 4424 2090 | c5f8 77e8 | 8487 44f8 | 448b 5424 
  0x000002c46fb39b80: 2cba beff | ffff 488b | 2c24 448b | 4424 0844 | 8904 244c | 8b5c 2410 | 4c89 5c24 | 0844 8b5c 
  0x000002c46fb39ba0: 2420 4489 | 5c24 0444 | 8b44 2424 | 4489 4424 | 1048 8944 | 2420 4489 | 5424 1490 | c5f8 77e8 
  0x000002c46fb39bc0: 3c87 44f8 | 448b 5424 | 2ceb b644 | 8b54 242c | ebaf bae4 | ffff ff44 | 8944 2408 | 4489 5424 
  0x000002c46fb39be0: 0c44 895c | 2418 4889 | 5c24 2890 | c5f8 77e8 | 0c87 44f8 | 4533 d2e9 | 7ffb ffff | 41ba 0100 
  0x000002c46fb39c00: 0000 e95a | efff ff41 | ba01 0000 | 00e9 69fb | ffff babe | ffff ff48 | 8b2c 2444 | 8b5c 2408 
  0x000002c46fb39c20: 4489 1c24 | 4c8b 5424 | 104c 8954 | 2408 448b | 5424 1844 | 8954 2404 | 448b 5c24 | 1c44 895c 
  0x000002c46fb39c40: 2410 4c8b | 5424 204c | 8954 2418 | 4889 4424 | 2066 6690 | c5f8 77e8 | a486 44f8 | 41ba 0200 
  0x000002c46fb39c60: 0000 e914 | fbff ffba | e4ff ffff | 488b 2c24 | 4489 0424 | 4c8b 4424 | 104c 8944 | 2408 4489 
  0x000002c46fb39c80: 5424 0444 | 895c 2410 | 4889 5c24 | 2089 4c24 | 1466 6690 | c5f8 77e8 | 6486 44f8 | 41ba 0300 
  0x000002c46fb39ca0: 0000 e9ac | eeff ff41 | ba03 0000 | 00e9 c9fa | ffff 41ba | 0400 0000 | e9be faff | ffba 76ff 
  0x000002c46fb39cc0: ffff 4489 | 7424 08c5 | fa11 4424 | 0cc5 fa11 | 4c24 1844 | 894c 241c | 4489 4424 | 284c 8954 
  0x000002c46fb39ce0: 2430 8944 | 242c 6690 | c5f8 77e8 | 1086 44f8 | be01 0000 | 0033 d2e9 | 87e8 ffff | 41ba 0500 
  0x000002c46fb39d00: 0000 e9e4 | edff ffba | f4ff ffff | 488b 2c24 | 4489 3424 | 4c8b 5424 | 104c 8954 | 2408 c5fa 
  0x000002c46fb39d20: 1144 2404 | c5fa 115c | 2410 6690 | c5f8 77e8 | cc85 44f8 | ba45 ffff | ff44 8974 | 2408 c5fa 
  0x000002c46fb39d40: 1144 240c | c5fa 115c | 2418 4c89 | 5424 2044 | 8944 241c | 4489 5c24 | 2866 6690 | c5f8 77e8 
  0x000002c46fb39d60: 9c85 44f8 | babe ffff | ff48 8b2c | 2444 8b5c | 2408 4489 | 1c24 4c8b | 5424 104c | 8954 2408 
  0x000002c46fb39d80: 448b 5424 | 2044 8954 | 2404 448b | 5c24 2444 | 895c 2410 | 4889 4424 | 2066 6690 | c5f8 77e8 
  0x000002c46fb39da0: 5c85 44f8 | ba45 ffff | ff44 8974 | 2408 c5fa | 1144 240c | c5fa 115c | 2418 4489 | 4424 1c44 
  0x000002c46fb39dc0: 895c 2428 | 4c89 5424 | 304c 894c | 2438 8974 | 242c 6690 | c5f8 77e8 | 2485 44f8 | 4585 db40 
  0x000002c46fb39de0: 0f95 c540 | 0fb6 ed83 | f501 ba45 | ffff ff44 | 8974 2408 | c5fa 1144 | 240c c5fa | 114c 2418 
  0x000002c46fb39e00: 4489 4c24 | 1c44 8944 | 2428 4c89 | 5424 3090 | c5f8 77e8 | e884 44f8 | 458b d0e9 | 5bf9 ffff 
  0x000002c46fb39e20: ba45 ffff | ff44 8974 | 2408 c5fa | 1144 240c | c5fa 115c | 2418 4c89 | 4424 2844 | 895c 241c 
  0x000002c46fb39e40: 4c89 5424 | 304c 894c | 2438 895c | 2440 6690 | c5f8 77e8 | a884 44f8 | bade ffff | ff44 8974 
  0x000002c46fb39e60: 2408 c5fa | 1144 240c | c5fa 115c | 2418 6690 | c5f8 77e8 | 8884 44f8 | bade ffff | ff48 8b2c 
  0x000002c46fb39e80: 2444 8934 | 2448 8b4c | 2410 4889 | 4c24 08c5 | fa11 4424 | 04c5 fa11 | 5c24 104c | 8944 2420 
  0x000002c46fb39ea0: 4489 5c24 | 144c 8954 | 2428 4489 | 4c24 3490 | c5f8 77e8 | 4884 44f8 | bade ffff | ff48 8b2c 
  0x000002c46fb39ec0: 2444 8934 | 2448 8b4c | 2410 4889 | 4c24 08c5 | fa11 4424 | 04c5 fa11 | 5c24 1044 | 8944 2414 
  0x000002c46fb39ee0: 4489 5c24 | 204c 8954 | 2428 4489 | 4c24 3090 | c5f8 77e8 | 0884 44f8 | baf6 ffff | ff41 8be9 
  0x000002c46fb39f00: 891c 2490 | c5f8 77e8 | f483 44f8 | baf6 ffff | ff66 6690 | c5f8 77e8 | e483 44f8 | c4c1 796e 
  0x000002c46fb39f20: d2ba f6ff | ffff c5f9 | 7ed5 6690 | c5f8 77e8 | cc83 44f8 | 4489 4c24 | 10ba f6ff | ffff 4489 
  0x000002c46fb39f40: 1424 6690 | c5f8 77e8 | b483 44f8 | baf6 ffff | ff66 6690 | c5f8 77e8 | a483 44f8 | ba76 ffff 
  0x000002c46fb39f60: ff48 8b2c | 2444 8b54 | 2408 4489 | 1424 4c8b | 5424 104c | 8954 2408 | 448b 5c24 | 2044 895c 
  0x000002c46fb39f80: 2404 448b | 5424 2444 | 8954 2410 | 4889 4424 | 20c5 fa11 | 4c24 1489 | 5c24 2890 | c5f8 77e8 
  0x000002c46fb39fa0: 5c83 44f8 | baf6 ffff | ff66 6690 | c5f8 77e8 | 4c83 44f8 | 488b d0eb | 0848 8bd0 | eb03 488b 
  0x000002c46fb39fc0: d0c5 f877 | 4883 c460 | 5de9 b230 | 4ff8 baf6 | ffff ff49 | 8bea 6690 | c5f8 77e8 | 2083 44f8 
  0x000002c46fb39fe0: baf6 ffff | ff66 6690 | c5f8 77e8 | 1083 44f8 | 488b 7424 | 10e9 9bfa | ffff 488b | 7424 10e9 
  0x000002c46fb3a000: 91fa ffff | baf6 ffff | ff66 6690 | c5f8 77e8 | ec82 44f8 | baf6 ffff | ff66 6690 | c5f8 77e8 
  0x000002c46fb3a020: dc82 44f8 | baf6 ffff | ff66 6690 | c5f8 77e8 | cc82 44f8 | ba45 ffff | ff48 8b2c | 2444 8934 
  0x000002c46fb3a040: 2448 8b4c | 2410 4889 | 4c24 08c5 | fa11 4424 | 04c5 fa11 | 5c24 1044 | 8944 2414 | 4489 5c24 
  0x000002c46fb3a060: 2044 894c | 2424 4c89 | 5424 2890 | c5f8 77e8 | 8c82 44f8 | ba76 ffff | ff48 8b2c | 2444 8b54 
  0x000002c46fb3a080: 2408 4489 | 1424 4c8b | 5424 104c | 8954 2408 | 448b 5c24 | 2044 895c | 2404 448b | 5424 2444 
  0x000002c46fb3a0a0: 8954 2410 | 4889 4424 | 2089 7c24 | 2866 6690 | c5f8 77e8 | 4882 44f8 | baf6 ffff | ff66 6690 
  0x000002c46fb3a0c0: c5f8 77e8 | 3882 44f8 | baf6 ffff | ff66 6690 | c5f8 77e8 | 2882 44f8 | baf6 ffff | ff66 6690 
  0x000002c46fb3a0e0: c5f8 77e8 | 1882 44f8 | ba45 ffff | ff48 8b2c | 2444 8934 | 2448 8b4c | 2410 4889 | 4c24 08c5 
  0x000002c46fb3a100: fa11 4424 | 04c5 fa11 | 5c24 104c | 8944 2420 | 4489 5c24 | 1444 894c | 2428 4c89 | 5424 3090 
  0x000002c46fb3a120: c5f8 77e8 | d881 44f8 | 49ba 2993 | b36f c402 | 0000 4d89 | 9758 0300 | 00e9 c292 | 44f8 f4f4 
  0x000002c46fb3a140: e93b aa4e | f8e8 0000 | 0000 4883 | 2c24 05e9 | 4c85 44f8 | f4f4 f4f4 
[/MachCode]
--------------------------------------------------------------------------------


---------------  P R O C E S S  ---------------

Threads class SMR info:
_java_thread_list=0x000002c4051b8300, length=26, elements={
0x000002c47fc3ca70, 0x000002c47fc3e6f0, 0x000002c47fc54a20, 0x000002c47fc567e0,
0x000002c47fc577a0, 0x000002c47fc58150, 0x000002c47fc58ee0, 0x000002c47fc64e90,
0x000002c47fc70060, 0x000002c404926e20, 0x000002c404929340, 0x000002c40495bc90,
0x000002c404968330, 0x000002c46045fc30, 0x000002c404a03090, 0x000002c404b6db70,
0x000002c404b50600, 0x000002c405163390, 0x000002c40518a3d0, 0x000002c405190b80,
0x000002c405191050, 0x000002c4051cdcd0, 0x000002c405219ef0, 0x000002c405206f80,
0x000002c4052078a0, 0x000002c4051919f0
}

Java Threads: ( => current thread )
  0x000002c47fc3ca70 JavaThread "Reference Handler" daemon [_thread_blocked, id=11476, stack(0x000000d4fe100000,0x000000d4fe200000)]
  0x000002c47fc3e6f0 JavaThread "Finalizer" daemon [_thread_blocked, id=9568, stack(0x000000d4fe200000,0x000000d4fe300000)]
  0x000002c47fc54a20 JavaThread "Signal Dispatcher" daemon [_thread_blocked, id=21192, stack(0x000000d4fe300000,0x000000d4fe400000)]
  0x000002c47fc567e0 JavaThread "Attach Listener" daemon [_thread_blocked, id=4736, stack(0x000000d4fe400000,0x000000d4fe500000)]
  0x000002c47fc577a0 JavaThread "Service Thread" daemon [_thread_blocked, id=22272, stack(0x000000d4fe500000,0x000000d4fe600000)]
  0x000002c47fc58150 JavaThread "Monitor Deflation Thread" daemon [_thread_blocked, id=9876, stack(0x000000d4fe600000,0x000000d4fe700000)]
  0x000002c47fc58ee0 JavaThread "C2 CompilerThread0" daemon [_thread_blocked, id=10680, stack(0x000000d4fe700000,0x000000d4fe800000)]
  0x000002c47fc64e90 JavaThread "C1 CompilerThread0" daemon [_thread_blocked, id=18072, stack(0x000000d4fe800000,0x000000d4fe900000)]
  0x000002c47fc70060 JavaThread "Sweeper thread" daemon [_thread_blocked, id=24552, stack(0x000000d4fe900000,0x000000d4fea00000)]
  0x000002c404926e20 JavaThread "C1 CompilerThread1" daemon [_thread_blocked, id=20520, stack(0x000000d4fea00000,0x000000d4feb00000)]
  0x000002c404929340 JavaThread "C1 CompilerThread2" daemon [_thread_blocked, id=5860, stack(0x000000d4feb00000,0x000000d4fec00000)]
  0x000002c40495bc90 JavaThread "Notification Thread" daemon [_thread_blocked, id=5612, stack(0x000000d4fec00000,0x000000d4fed00000)]
  0x000002c404968330 JavaThread "Common-Cleaner" daemon [_thread_blocked, id=20664, stack(0x000000d4fee00000,0x000000d4fef00000)]
  0x000002c46045fc30 JavaThread "DestroyJavaVM" [_thread_blocked, id=11016, stack(0x000000d4fda00000,0x000000d4fdb00000)]
  0x000002c404a03090 JavaThread "Java2D Disposer" daemon [_thread_blocked, id=16312, stack(0x000000d4ff000000,0x000000d4ff100000)]
  0x000002c404b6db70 JavaThread "AWT-Shutdown" [_thread_blocked, id=23916, stack(0x000000d4ff200000,0x000000d4ff300000)]
  0x000002c404b50600 JavaThread "AWT-Windows" daemon [_thread_in_native, id=2952, stack(0x000000d4ff300000,0x000000d4ff400000)]
  0x000002c405163390 JavaThread "AWT-EventQueue-0" [_thread_blocked, id=4020, stack(0x000000d480000000,0x000000d480100000)]
=>0x000002c40518a3d0 JavaThread "Thread-2" [_thread_in_Java, id=20440, stack(0x000000d480100000,0x000000d480200000)]
  0x000002c405190b80 JavaThread "Thread-1" [_thread_in_Java, id=3868, stack(0x000000d480200000,0x000000d480300000)]
  0x000002c405191050 JavaThread "D3D Screen Updater" daemon [_thread_blocked, id=24084, stack(0x000000d480300000,0x000000d480400000)]
  0x000002c4051cdcd0 JavaThread "C2 CompilerThread1" daemon [_thread_blocked, id=17168, stack(0x000000d480400000,0x000000d480500000)]
  0x000002c405219ef0 JavaThread "C2 CompilerThread2" daemon [_thread_blocked, id=22536, stack(0x000000d480500000,0x000000d480600000)]
  0x000002c405206f80 JavaThread "C2 CompilerThread3" daemon [_thread_blocked, id=7712, stack(0x000000d480600000,0x000000d480700000)]
  0x000002c4052078a0 JavaThread "C2 CompilerThread4" daemon [_thread_blocked, id=22136, stack(0x000000d480700000,0x000000d480800000)]
  0x000002c4051919f0 JavaThread "Thread-3" [_thread_in_Java, id=19188, stack(0x000000d480800000,0x000000d480900000)]

Other Threads:
  0x000002c47fc37180 VMThread "VM Thread" [stack: 0x000000d4fe000000,0x000000d4fe100000] [id=4452]
  0x000002c4604d75f0 WatcherThread [stack: 0x000000d4fed00000,0x000000d4fee00000] [id=23772]
  0x000002c4604ad6d0 GCTaskThread "GC Thread#0" [stack: 0x000000d4fdb00000,0x000000d4fdc00000] [id=24364]
  0x000002c4604becb0 ConcurrentGCThread "G1 Main Marker" [stack: 0x000000d4fdc00000,0x000000d4fdd00000] [id=19924]
  0x000002c4604bfe60 ConcurrentGCThread "G1 Conc#0" [stack: 0x000000d4fdd00000,0x000000d4fde00000] [id=7580]
  0x000002c47fb030e0 ConcurrentGCThread "G1 Refine#0" [stack: 0x000000d4fde00000,0x000000d4fdf00000] [id=3640]
  0x000002c47fb03a00 ConcurrentGCThread "G1 Service" [stack: 0x000000d4fdf00000,0x000000d4fe000000] [id=13656]

Threads with active compile tasks:

VM state: not at safepoint (normal execution)

VM Mutex/Monitor currently owned by a thread: None

Heap address: 0x0000000709600000, size: 3946 MB, Compressed Oops mode: Zero based, Oop shift amount: 3

CDS archive(s) mapped at: [0x0000000800000000-0x0000000800bc0000-0x0000000800bc0000), size 12320768, SharedBaseAddress: 0x0000000800000000, ArchiveRelocationMode: 0.
Compressed class space mapped at: 0x0000000800c00000-0x0000000840c00000, reserved size: 1073741824
Narrow klass base: 0x0000000800000000, Narrow klass shift: 0, Narrow klass range: 0x100000000

GC Precious Log:
 CPUs: 16 total, 16 available
 Memory: 15776M
 Large Page Support: Disabled
 NUMA Support: Disabled
 Compressed Oops: Enabled (Zero based)
 Heap Region Size: 2M
 Heap Min Capacity: 8M
 Heap Initial Capacity: 248M
 Heap Max Capacity: 3946M
 Pre-touch: Disabled
 Parallel Workers: 13
 Concurrent Workers: 3
 Concurrent Refinement Workers: 13
 Periodic GC: Disabled

Heap:
 garbage-first heap   total 253952K, used 24576K [0x0000000709600000, 0x0000000800000000)
  region size 2048K, 11 young (22528K), 0 survivors (0K)
 Metaspace       used 6951K, committed 7104K, reserved 1056768K
  class space    used 751K, committed 832K, reserved 1048576K

Heap Regions: E=young(eden), S=young(survivor), O=old, HS=humongous(starts), HC=humongous(continues), CS=collection set, F=free, OA=open archive, CA=closed archive, TAMS=top-at-mark-start (previous, next)
|   0|0x0000000709600000, 0x0000000709800000, 0x0000000709800000|100%|HS|  |TAMS 0x0000000709600000, 0x0000000709600000| Complete 
|   1|0x0000000709800000, 0x0000000709a00000, 0x0000000709a00000|100%|HC|  |TAMS 0x0000000709800000, 0x0000000709800000| Complete 
|   2|0x0000000709a00000, 0x0000000709a00000, 0x0000000709c00000|  0%| F|  |TAMS 0x0000000709a00000, 0x0000000709a00000| Untracked 
|   3|0x0000000709c00000, 0x0000000709c00000, 0x0000000709e00000|  0%| F|  |TAMS 0x0000000709c00000, 0x0000000709c00000| Untracked 
|   4|0x0000000709e00000, 0x0000000709e00000, 0x000000070a000000|  0%| F|  |TAMS 0x0000000709e00000, 0x0000000709e00000| Untracked 
|   5|0x000000070a000000, 0x000000070a000000, 0x000000070a200000|  0%| F|  |TAMS 0x000000070a000000, 0x000000070a000000| Untracked 
|   6|0x000000070a200000, 0x000000070a200000, 0x000000070a400000|  0%| F|  |TAMS 0x000000070a200000, 0x000000070a200000| Untracked 
|   7|0x000000070a400000, 0x000000070a400000, 0x000000070a600000|  0%| F|  |TAMS 0x000000070a400000, 0x000000070a400000| Untracked 
|   8|0x000000070a600000, 0x000000070a600000, 0x000000070a800000|  0%| F|  |TAMS 0x000000070a600000, 0x000000070a600000| Untracked 
|   9|0x000000070a800000, 0x000000070a800000, 0x000000070aa00000|  0%| F|  |TAMS 0x000000070a800000, 0x000000070a800000| Untracked 
|  10|0x000000070aa00000, 0x000000070aa00000, 0x000000070ac00000|  0%| F|  |TAMS 0x000000070aa00000, 0x000000070aa00000| Untracked 
|  11|0x000000070ac00000, 0x000000070ac00000, 0x000000070ae00000|  0%| F|  |TAMS 0x000000070ac00000, 0x000000070ac00000| Untracked 
|  12|0x000000070ae00000, 0x000000070ae00000, 0x000000070b000000|  0%| F|  |TAMS 0x000000070ae00000, 0x000000070ae00000| Untracked 
|  13|0x000000070b000000, 0x000000070b000000, 0x000000070b200000|  0%| F|  |TAMS 0x000000070b000000, 0x000000070b000000| Untracked 
|  14|0x000000070b200000, 0x000000070b200000, 0x000000070b400000|  0%| F|  |TAMS 0x000000070b200000, 0x000000070b200000| Untracked 
|  15|0x000000070b400000, 0x000000070b400000, 0x000000070b600000|  0%| F|  |TAMS 0x000000070b400000, 0x000000070b400000| Untracked 
|  16|0x000000070b600000, 0x000000070b600000, 0x000000070b800000|  0%| F|  |TAMS 0x000000070b600000, 0x000000070b600000| Untracked 
|  17|0x000000070b800000, 0x000000070b800000, 0x000000070ba00000|  0%| F|  |TAMS 0x000000070b800000, 0x000000070b800000| Untracked 
|  18|0x000000070ba00000, 0x000000070ba00000, 0x000000070bc00000|  0%| F|  |TAMS 0x000000070ba00000, 0x000000070ba00000| Untracked 
|  19|0x000000070bc00000, 0x000000070bc00000, 0x000000070be00000|  0%| F|  |TAMS 0x000000070bc00000, 0x000000070bc00000| Untracked 
|  20|0x000000070be00000, 0x000000070be00000, 0x000000070c000000|  0%| F|  |TAMS 0x000000070be00000, 0x000000070be00000| Untracked 
|  21|0x000000070c000000, 0x000000070c000000, 0x000000070c200000|  0%| F|  |TAMS 0x000000070c000000, 0x000000070c000000| Untracked 
|  22|0x000000070c200000, 0x000000070c200000, 0x000000070c400000|  0%| F|  |TAMS 0x000000070c200000, 0x000000070c200000| Untracked 
|  23|0x000000070c400000, 0x000000070c400000, 0x000000070c600000|  0%| F|  |TAMS 0x000000070c400000, 0x000000070c400000| Untracked 
|  24|0x000000070c600000, 0x000000070c600000, 0x000000070c800000|  0%| F|  |TAMS 0x000000070c600000, 0x000000070c600000| Untracked 
|  25|0x000000070c800000, 0x000000070c800000, 0x000000070ca00000|  0%| F|  |TAMS 0x000000070c800000, 0x000000070c800000| Untracked 
|  26|0x000000070ca00000, 0x000000070ca00000, 0x000000070cc00000|  0%| F|  |TAMS 0x000000070ca00000, 0x000000070ca00000| Untracked 
|  27|0x000000070cc00000, 0x000000070cc00000, 0x000000070ce00000|  0%| F|  |TAMS 0x000000070cc00000, 0x000000070cc00000| Untracked 
|  28|0x000000070ce00000, 0x000000070ce00000, 0x000000070d000000|  0%| F|  |TAMS 0x000000070ce00000, 0x000000070ce00000| Untracked 
|  29|0x000000070d000000, 0x000000070d000000, 0x000000070d200000|  0%| F|  |TAMS 0x000000070d000000, 0x000000070d000000| Untracked 
|  30|0x000000070d200000, 0x000000070d200000, 0x000000070d400000|  0%| F|  |TAMS 0x000000070d200000, 0x000000070d200000| Untracked 
|  31|0x000000070d400000, 0x000000070d400000, 0x000000070d600000|  0%| F|  |TAMS 0x000000070d400000, 0x000000070d400000| Untracked 
|  32|0x000000070d600000, 0x000000070d600000, 0x000000070d800000|  0%| F|  |TAMS 0x000000070d600000, 0x000000070d600000| Untracked 
|  33|0x000000070d800000, 0x000000070d800000, 0x000000070da00000|  0%| F|  |TAMS 0x000000070d800000, 0x000000070d800000| Untracked 
|  34|0x000000070da00000, 0x000000070da00000, 0x000000070dc00000|  0%| F|  |TAMS 0x000000070da00000, 0x000000070da00000| Untracked 
|  35|0x000000070dc00000, 0x000000070dc00000, 0x000000070de00000|  0%| F|  |TAMS 0x000000070dc00000, 0x000000070dc00000| Untracked 
|  36|0x000000070de00000, 0x000000070de00000, 0x000000070e000000|  0%| F|  |TAMS 0x000000070de00000, 0x000000070de00000| Untracked 
|  37|0x000000070e000000, 0x000000070e000000, 0x000000070e200000|  0%| F|  |TAMS 0x000000070e000000, 0x000000070e000000| Untracked 
|  38|0x000000070e200000, 0x000000070e200000, 0x000000070e400000|  0%| F|  |TAMS 0x000000070e200000, 0x000000070e200000| Untracked 
|  39|0x000000070e400000, 0x000000070e400000, 0x000000070e600000|  0%| F|  |TAMS 0x000000070e400000, 0x000000070e400000| Untracked 
|  40|0x000000070e600000, 0x000000070e600000, 0x000000070e800000|  0%| F|  |TAMS 0x000000070e600000, 0x000000070e600000| Untracked 
|  41|0x000000070e800000, 0x000000070e800000, 0x000000070ea00000|  0%| F|  |TAMS 0x000000070e800000, 0x000000070e800000| Untracked 
|  42|0x000000070ea00000, 0x000000070ea00000, 0x000000070ec00000|  0%| F|  |TAMS 0x000000070ea00000, 0x000000070ea00000| Untracked 
|  43|0x000000070ec00000, 0x000000070ec00000, 0x000000070ee00000|  0%| F|  |TAMS 0x000000070ec00000, 0x000000070ec00000| Untracked 
|  44|0x000000070ee00000, 0x000000070ee00000, 0x000000070f000000|  0%| F|  |TAMS 0x000000070ee00000, 0x000000070ee00000| Untracked 
|  45|0x000000070f000000, 0x000000070f000000, 0x000000070f200000|  0%| F|  |TAMS 0x000000070f000000, 0x000000070f000000| Untracked 
|  46|0x000000070f200000, 0x000000070f200000, 0x000000070f400000|  0%| F|  |TAMS 0x000000070f200000, 0x000000070f200000| Untracked 
|  47|0x000000070f400000, 0x000000070f400000, 0x000000070f600000|  0%| F|  |TAMS 0x000000070f400000, 0x000000070f400000| Untracked 
|  48|0x000000070f600000, 0x000000070f600000, 0x000000070f800000|  0%| F|  |TAMS 0x000000070f600000, 0x000000070f600000| Untracked 
|  49|0x000000070f800000, 0x000000070f800000, 0x000000070fa00000|  0%| F|  |TAMS 0x000000070f800000, 0x000000070f800000| Untracked 
|  50|0x000000070fa00000, 0x000000070fa00000, 0x000000070fc00000|  0%| F|  |TAMS 0x000000070fa00000, 0x000000070fa00000| Untracked 
|  51|0x000000070fc00000, 0x000000070fc00000, 0x000000070fe00000|  0%| F|  |TAMS 0x000000070fc00000, 0x000000070fc00000| Untracked 
|  52|0x000000070fe00000, 0x000000070fe00000, 0x0000000710000000|  0%| F|  |TAMS 0x000000070fe00000, 0x000000070fe00000| Untracked 
|  53|0x0000000710000000, 0x0000000710000000, 0x0000000710200000|  0%| F|  |TAMS 0x0000000710000000, 0x0000000710000000| Untracked 
|  54|0x0000000710200000, 0x0000000710200000, 0x0000000710400000|  0%| F|  |TAMS 0x0000000710200000, 0x0000000710200000| Untracked 
|  55|0x0000000710400000, 0x0000000710400000, 0x0000000710600000|  0%| F|  |TAMS 0x0000000710400000, 0x0000000710400000| Untracked 
|  56|0x0000000710600000, 0x0000000710600000, 0x0000000710800000|  0%| F|  |TAMS 0x0000000710600000, 0x0000000710600000| Untracked 
|  57|0x0000000710800000, 0x0000000710800000, 0x0000000710a00000|  0%| F|  |TAMS 0x0000000710800000, 0x0000000710800000| Untracked 
|  58|0x0000000710a00000, 0x0000000710a00000, 0x0000000710c00000|  0%| F|  |TAMS 0x0000000710a00000, 0x0000000710a00000| Untracked 
|  59|0x0000000710c00000, 0x0000000710c00000, 0x0000000710e00000|  0%| F|  |TAMS 0x0000000710c00000, 0x0000000710c00000| Untracked 
|  60|0x0000000710e00000, 0x0000000710e00000, 0x0000000711000000|  0%| F|  |TAMS 0x0000000710e00000, 0x0000000710e00000| Untracked 
|  61|0x0000000711000000, 0x0000000711000000, 0x0000000711200000|  0%| F|  |TAMS 0x0000000711000000, 0x0000000711000000| Untracked 
|  62|0x0000000711200000, 0x0000000711200000, 0x0000000711400000|  0%| F|  |TAMS 0x0000000711200000, 0x0000000711200000| Untracked 
|  63|0x0000000711400000, 0x0000000711400000, 0x0000000711600000|  0%| F|  |TAMS 0x0000000711400000, 0x0000000711400000| Untracked 
|  64|0x0000000711600000, 0x0000000711600000, 0x0000000711800000|  0%| F|  |TAMS 0x0000000711600000, 0x0000000711600000| Untracked 
|  65|0x0000000711800000, 0x0000000711800000, 0x0000000711a00000|  0%| F|  |TAMS 0x0000000711800000, 0x0000000711800000| Untracked 
|  66|0x0000000711a00000, 0x0000000711a00000, 0x0000000711c00000|  0%| F|  |TAMS 0x0000000711a00000, 0x0000000711a00000| Untracked 
|  67|0x0000000711c00000, 0x0000000711c00000, 0x0000000711e00000|  0%| F|  |TAMS 0x0000000711c00000, 0x0000000711c00000| Untracked 
|  68|0x0000000711e00000, 0x0000000711e00000, 0x0000000712000000|  0%| F|  |TAMS 0x0000000711e00000, 0x0000000711e00000| Untracked 
|  69|0x0000000712000000, 0x0000000712000000, 0x0000000712200000|  0%| F|  |TAMS 0x0000000712000000, 0x0000000712000000| Untracked 
|  70|0x0000000712200000, 0x0000000712200000, 0x0000000712400000|  0%| F|  |TAMS 0x0000000712200000, 0x0000000712200000| Untracked 
|  71|0x0000000712400000, 0x0000000712400000, 0x0000000712600000|  0%| F|  |TAMS 0x0000000712400000, 0x0000000712400000| Untracked 
|  72|0x0000000712600000, 0x0000000712600000, 0x0000000712800000|  0%| F|  |TAMS 0x0000000712600000, 0x0000000712600000| Untracked 
|  73|0x0000000712800000, 0x0000000712800000, 0x0000000712a00000|  0%| F|  |TAMS 0x0000000712800000, 0x0000000712800000| Untracked 
|  74|0x0000000712a00000, 0x0000000712a00000, 0x0000000712c00000|  0%| F|  |TAMS 0x0000000712a00000, 0x0000000712a00000| Untracked 
|  75|0x0000000712c00000, 0x0000000712c00000, 0x0000000712e00000|  0%| F|  |TAMS 0x0000000712c00000, 0x0000000712c00000| Untracked 
|  76|0x0000000712e00000, 0x0000000712e00000, 0x0000000713000000|  0%| F|  |TAMS 0x0000000712e00000, 0x0000000712e00000| Untracked 
|  77|0x0000000713000000, 0x0000000713000000, 0x0000000713200000|  0%| F|  |TAMS 0x0000000713000000, 0x0000000713000000| Untracked 
|  78|0x0000000713200000, 0x0000000713200000, 0x0000000713400000|  0%| F|  |TAMS 0x0000000713200000, 0x0000000713200000| Untracked 
|  79|0x0000000713400000, 0x0000000713400000, 0x0000000713600000|  0%| F|  |TAMS 0x0000000713400000, 0x0000000713400000| Untracked 
|  80|0x0000000713600000, 0x0000000713600000, 0x0000000713800000|  0%| F|  |TAMS 0x0000000713600000, 0x0000000713600000| Untracked 
|  81|0x0000000713800000, 0x0000000713800000, 0x0000000713a00000|  0%| F|  |TAMS 0x0000000713800000, 0x0000000713800000| Untracked 
|  82|0x0000000713a00000, 0x0000000713a00000, 0x0000000713c00000|  0%| F|  |TAMS 0x0000000713a00000, 0x0000000713a00000| Untracked 
|  83|0x0000000713c00000, 0x0000000713c00000, 0x0000000713e00000|  0%| F|  |TAMS 0x0000000713c00000, 0x0000000713c00000| Untracked 
|  84|0x0000000713e00000, 0x0000000713e00000, 0x0000000714000000|  0%| F|  |TAMS 0x0000000713e00000, 0x0000000713e00000| Untracked 
|  85|0x0000000714000000, 0x0000000714000000, 0x0000000714200000|  0%| F|  |TAMS 0x0000000714000000, 0x0000000714000000| Untracked 
|  86|0x0000000714200000, 0x0000000714200000, 0x0000000714400000|  0%| F|  |TAMS 0x0000000714200000, 0x0000000714200000| Untracked 
|  87|0x0000000714400000, 0x0000000714400000, 0x0000000714600000|  0%| F|  |TAMS 0x0000000714400000, 0x0000000714400000| Untracked 
|  88|0x0000000714600000, 0x0000000714600000, 0x0000000714800000|  0%| F|  |TAMS 0x0000000714600000, 0x0000000714600000| Untracked 
|  89|0x0000000714800000, 0x0000000714800000, 0x0000000714a00000|  0%| F|  |TAMS 0x0000000714800000, 0x0000000714800000| Untracked 
|  90|0x0000000714a00000, 0x0000000714a00000, 0x0000000714c00000|  0%| F|  |TAMS 0x0000000714a00000, 0x0000000714a00000| Untracked 
|  91|0x0000000714c00000, 0x0000000714c00000, 0x0000000714e00000|  0%| F|  |TAMS 0x0000000714c00000, 0x0000000714c00000| Untracked 
|  92|0x0000000714e00000, 0x0000000714e00000, 0x0000000715000000|  0%| F|  |TAMS 0x0000000714e00000, 0x0000000714e00000| Untracked 
|  93|0x0000000715000000, 0x0000000715000000, 0x0000000715200000|  0%| F|  |TAMS 0x0000000715000000, 0x0000000715000000| Untracked 
|  94|0x0000000715200000, 0x0000000715200000, 0x0000000715400000|  0%| F|  |TAMS 0x0000000715200000, 0x0000000715200000| Untracked 
|  95|0x0000000715400000, 0x0000000715400000, 0x0000000715600000|  0%| F|  |TAMS 0x0000000715400000, 0x0000000715400000| Untracked 
|  96|0x0000000715600000, 0x0000000715600000, 0x0000000715800000|  0%| F|  |TAMS 0x0000000715600000, 0x0000000715600000| Untracked 
|  97|0x0000000715800000, 0x0000000715800000, 0x0000000715a00000|  0%| F|  |TAMS 0x0000000715800000, 0x0000000715800000| Untracked 
|  98|0x0000000715a00000, 0x0000000715a00000, 0x0000000715c00000|  0%| F|  |TAMS 0x0000000715a00000, 0x0000000715a00000| Untracked 
|  99|0x0000000715c00000, 0x0000000715c00000, 0x0000000715e00000|  0%| F|  |TAMS 0x0000000715c00000, 0x0000000715c00000| Untracked 
| 100|0x0000000715e00000, 0x0000000715e00000, 0x0000000716000000|  0%| F|  |TAMS 0x0000000715e00000, 0x0000000715e00000| Untracked 
| 101|0x0000000716000000, 0x0000000716000000, 0x0000000716200000|  0%| F|  |TAMS 0x0000000716000000, 0x0000000716000000| Untracked 
| 102|0x0000000716200000, 0x0000000716200000, 0x0000000716400000|  0%| F|  |TAMS 0x0000000716200000, 0x0000000716200000| Untracked 
| 103|0x0000000716400000, 0x0000000716400000, 0x0000000716600000|  0%| F|  |TAMS 0x0000000716400000, 0x0000000716400000| Untracked 
| 104|0x0000000716600000, 0x0000000716600000, 0x0000000716800000|  0%| F|  |TAMS 0x0000000716600000, 0x0000000716600000| Untracked 
| 105|0x0000000716800000, 0x0000000716800000, 0x0000000716a00000|  0%| F|  |TAMS 0x0000000716800000, 0x0000000716800000| Untracked 
| 106|0x0000000716a00000, 0x0000000716a00000, 0x0000000716c00000|  0%| F|  |TAMS 0x0000000716a00000, 0x0000000716a00000| Untracked 
| 107|0x0000000716c00000, 0x0000000716c00000, 0x0000000716e00000|  0%| F|  |TAMS 0x0000000716c00000, 0x0000000716c00000| Untracked 
| 108|0x0000000716e00000, 0x0000000716e00000, 0x0000000717000000|  0%| F|  |TAMS 0x0000000716e00000, 0x0000000716e00000| Untracked 
| 109|0x0000000717000000, 0x0000000717000000, 0x0000000717200000|  0%| F|  |TAMS 0x0000000717000000, 0x0000000717000000| Untracked 
| 110|0x0000000717200000, 0x0000000717200000, 0x0000000717400000|  0%| F|  |TAMS 0x0000000717200000, 0x0000000717200000| Untracked 
| 111|0x0000000717400000, 0x0000000717400000, 0x0000000717600000|  0%| F|  |TAMS 0x0000000717400000, 0x0000000717400000| Untracked 
| 112|0x0000000717600000, 0x0000000717600000, 0x0000000717800000|  0%| F|  |TAMS 0x0000000717600000, 0x0000000717600000| Untracked 
| 113|0x0000000717800000, 0x0000000717a00000, 0x0000000717a00000|100%| E|  |TAMS 0x0000000717800000, 0x0000000717800000| Complete 
| 114|0x0000000717a00000, 0x0000000717c00000, 0x0000000717c00000|100%| E|CS|TAMS 0x0000000717a00000, 0x0000000717a00000| Complete 
| 115|0x0000000717c00000, 0x0000000717e00000, 0x0000000717e00000|100%| E|CS|TAMS 0x0000000717c00000, 0x0000000717c00000| Complete 
| 116|0x0000000717e00000, 0x0000000718000000, 0x0000000718000000|100%| E|CS|TAMS 0x0000000717e00000, 0x0000000717e00000| Complete 
| 117|0x0000000718000000, 0x0000000718200000, 0x0000000718200000|100%| E|CS|TAMS 0x0000000718000000, 0x0000000718000000| Complete 
| 118|0x0000000718200000, 0x0000000718400000, 0x0000000718400000|100%| E|CS|TAMS 0x0000000718200000, 0x0000000718200000| Complete 
| 119|0x0000000718400000, 0x0000000718600000, 0x0000000718600000|100%| E|CS|TAMS 0x0000000718400000, 0x0000000718400000| Complete 
| 120|0x0000000718600000, 0x0000000718800000, 0x0000000718800000|100%| E|CS|TAMS 0x0000000718600000, 0x0000000718600000| Complete 
| 121|0x0000000718800000, 0x0000000718a00000, 0x0000000718a00000|100%| E|CS|TAMS 0x0000000718800000, 0x0000000718800000| Complete 
| 122|0x0000000718a00000, 0x0000000718c00000, 0x0000000718c00000|100%| E|CS|TAMS 0x0000000718a00000, 0x0000000718a00000| Complete 
| 123|0x0000000718c00000, 0x0000000718e00000, 0x0000000718e00000|100%| E|CS|TAMS 0x0000000718c00000, 0x0000000718c00000| Complete 

Card table byte_map: [0x000002c477f80000,0x000002c478740000] _byte_map_base: 0x000002c474735000

Marking Bits (Prev, Next): (CMBitMap*) 0x000002c4604aecf0, (CMBitMap*) 0x000002c4604aed30
 Prev Bits: [0x000002c478f00000, 0x000002c47cca8000)
 Next Bits: [0x000002c400000000, 0x000002c403da8000)

Polling page: 0x000002c45e410000

Metaspace:

Usage:
  Non-class:      6.05 MB used.
      Class:    751.91 KB used.
       Both:      6.79 MB used.

Virtual space:
  Non-class space:        8.00 MB reserved,       6.12 MB ( 77%) committed,  1 nodes.
      Class space:        1.00 GB reserved,     832.00 KB ( <1%) committed,  1 nodes.
             Both:        1.01 GB reserved,       6.94 MB ( <1%) committed. 

Chunk freelists:
   Non-Class:  1.89 MB
       Class:  3.22 MB
        Both:  5.12 MB

MaxMetaspaceSize: unlimited
CompressedClassSpaceSize: 1.00 GB
Initial GC threshold: 21.00 MB
Current GC threshold: 21.00 MB
CDS: on
MetaspaceReclaimPolicy: balanced
 - commit_granule_bytes: 65536.
 - commit_granule_words: 8192.
 - virtual_space_node_default_size: 1048576.
 - enlarge_chunks_in_place: 1.
 - new_chunks_are_fully_committed: 0.
 - uncommit_free_chunks: 1.
 - use_allocation_guard: 0.
 - handle_deallocations: 1.


Internal statistics:

num_allocs_failed_limit: 0.
num_arena_births: 128.
num_arena_deaths: 0.
num_vsnodes_births: 2.
num_vsnodes_deaths: 0.
num_space_committed: 111.
num_space_uncommitted: 0.
num_chunks_returned_to_freelist: 0.
num_chunks_taken_from_freelist: 177.
num_chunk_merges: 0.
num_chunk_splits: 106.
num_chunks_enlarged: 52.
num_purges: 0.
num_inconsistent_stats: 0.

CodeHeap 'non-profiled nmethods': size=119168Kb used=436Kb max_used=436Kb free=118731Kb
 bounds [0x000002c46fad0000, 0x000002c46fd40000, 0x000002c476f30000]
CodeHeap 'profiled nmethods': size=119104Kb used=1568Kb max_used=1568Kb free=117535Kb
 bounds [0x000002c468680000, 0x000002c4688f0000, 0x000002c46fad0000]
CodeHeap 'non-nmethods': size=7488Kb used=2383Kb max_used=2413Kb free=5104Kb
 bounds [0x000002c467f30000, 0x000002c4681a0000, 0x000002c468680000]
 total_blobs=1684 nmethods=1104 adapters=491
 compilation: enabled
              stopped_count=0, restarted_count=0
 full_count=0

Compilation events (20 events):
Event: 0.956 Thread 0x000002c404926e20 nmethod 1087 0x000002c468800f10 code [0x000002c4688014c0, 0x000002c468805058]
Event: 0.964 Thread 0x000002c405206f80 nmethod 1088 0x000002c46fb36510 code [0x000002c46fb366a0, 0x000002c46fb36bf8]
Event: 0.965 Thread 0x000002c404926e20 1090       1       summit.game.GameUpdateEvent::getDeltaTime (5 bytes)
Event: 0.965 Thread 0x000002c47fc64e90 1089       1       summit.game.entity.Entity::inWater (5 bytes)
Event: 0.965 Thread 0x000002c404926e20 nmethod 1090 0x000002c46fb36f10 code [0x000002c46fb370a0, 0x000002c46fb37178]
Event: 0.965 Thread 0x000002c47fc64e90 nmethod 1089 0x000002c46fb37210 code [0x000002c46fb373a0, 0x000002c46fb37478]
Event: 0.969 Thread 0x000002c47fc58ee0 1091 %     4       summit.gfx.Renderer::filterFrame @ 10 (57 bytes)
Event: 0.975 Thread 0x000002c47fc64e90 1092       1       sun.java2d.d3d.D3DVolatileSurfaceManager::isAccelerationEnabled (5 bytes)
Event: 0.975 Thread 0x000002c47fc64e90 nmethod 1092 0x000002c46fb37510 code [0x000002c46fb376a0, 0x000002c46fb37778]
Event: 0.977 Thread 0x000002c47fc58ee0 nmethod 1091% 0x000002c46fb37810 code [0x000002c46fb379a0, 0x000002c46fb37f38]
Event: 0.978 Thread 0x000002c47fc64e90 1093       3       summit.game.tile.WaterTile::paint (40 bytes)
Event: 0.978 Thread 0x000002c47fc64e90 nmethod 1093 0x000002c468806310 code [0x000002c468806520, 0x000002c468806a08]
Event: 0.990 Thread 0x000002c404929340 1094 %     3       summit.gfx.Renderer::renderLight @ 64 (225 bytes)
Event: 0.991 Thread 0x000002c404929340 nmethod 1094% 0x000002c468806b90 code [0x000002c468806de0, 0x000002c468807938]
Event: 0.991 Thread 0x000002c4052078a0 1095       4       summit.gfx.Renderer::filterFrame (57 bytes)
Event: 0.995 Thread 0x000002c405219ef0 nmethod 1078 0x000002c46fb38190 code [0x000002c46fb383a0, 0x000002c46fb3a158]
Event: 0.995 Thread 0x000002c47fc64e90 1096       3       sun.java2d.d3d.D3DSurfaceData::getContext (5 bytes)
Event: 0.995 Thread 0x000002c47fc64e90 nmethod 1096 0x000002c468807e10 code [0x000002c468807fa0, 0x000002c468808138]
Event: 0.996 Thread 0x000002c47fc64e90 1097       1       java.awt.BufferCapabilities::getFlipContents (5 bytes)
Event: 0.996 Thread 0x000002c47fc64e90 nmethod 1097 0x000002c46fb3b010 code [0x000002c46fb3b1a0, 0x000002c46fb3b278]

GC Heap History (0 events):
No events

Deoptimization events (20 events):
Event: 0.926 Thread 0x000002c4051919f0 DEOPT PACKING pc=0x000002c4687fa9f9 sp=0x000000d4808fef70
Event: 0.926 Thread 0x000002c4051919f0 DEOPT UNPACKING pc=0x000002c467f82b43 sp=0x000000d4808fe418 mode 0
Event: 0.927 Thread 0x000002c4051919f0 DEOPT PACKING pc=0x000002c4687fa9f9 sp=0x000000d4808fef70
Event: 0.927 Thread 0x000002c4051919f0 DEOPT UNPACKING pc=0x000002c467f82b43 sp=0x000000d4808fe418 mode 0
Event: 0.928 Thread 0x000002c4051919f0 DEOPT PACKING pc=0x000002c4687fa9f9 sp=0x000000d4808fef70
Event: 0.928 Thread 0x000002c4051919f0 DEOPT UNPACKING pc=0x000002c467f82b43 sp=0x000000d4808fe418 mode 0
Event: 0.929 Thread 0x000002c4051919f0 DEOPT PACKING pc=0x000002c4687fa9f9 sp=0x000000d4808fef70
Event: 0.929 Thread 0x000002c4051919f0 DEOPT UNPACKING pc=0x000002c467f82b43 sp=0x000000d4808fe418 mode 0
Event: 0.930 Thread 0x000002c4051919f0 DEOPT PACKING pc=0x000002c4687fa9f9 sp=0x000000d4808fef70
Event: 0.930 Thread 0x000002c4051919f0 DEOPT UNPACKING pc=0x000002c467f82b43 sp=0x000000d4808fe418 mode 0
Event: 0.931 Thread 0x000002c4051919f0 DEOPT PACKING pc=0x000002c4687fa9f9 sp=0x000000d4808fef70
Event: 0.931 Thread 0x000002c4051919f0 DEOPT UNPACKING pc=0x000002c467f82b43 sp=0x000000d4808fe418 mode 0
Event: 0.931 Thread 0x000002c4051919f0 DEOPT PACKING pc=0x000002c4687fa9f9 sp=0x000000d4808fef70
Event: 0.931 Thread 0x000002c4051919f0 DEOPT UNPACKING pc=0x000002c467f82b43 sp=0x000000d4808fe418 mode 0
Event: 0.954 Thread 0x000002c40518a3d0 DEOPT PACKING pc=0x000002c4687fd39d sp=0x000000d4801fee00
Event: 0.954 Thread 0x000002c40518a3d0 DEOPT UNPACKING pc=0x000002c467f82b43 sp=0x000000d4801fe290 mode 0
Event: 0.959 Thread 0x000002c40518a3d0 DEOPT PACKING pc=0x000002c4687fd39d sp=0x000000d4801fed70
Event: 0.959 Thread 0x000002c40518a3d0 DEOPT UNPACKING pc=0x000002c467f82b43 sp=0x000000d4801fe200 mode 0
Event: 0.991 Thread 0x000002c40518a3d0 DEOPT PACKING pc=0x000002c4687ffe64 sp=0x000000d4801ff0c0
Event: 0.991 Thread 0x000002c40518a3d0 DEOPT UNPACKING pc=0x000002c467f82b43 sp=0x000000d4801fe578 mode 0

Classes unloaded (0 events):
No events

Classes redefined (0 events):
No events

Internal exceptions (13 events):
Event: 0.052 Thread 0x000002c404969810 Exception <a 'java/lang/ClassNotFoundException'{0x0000000718a2c1c8}: sun/awt/resources/spi/awtProvider> (0x0000000718a2c1c8) 
thrown [e:\jenkins\tmp\workspace\build\src\src\hotspot\share\classfile\systemDictionary.cpp, line 256]
Event: 0.073 Thread 0x000002c404969810 Exception <a 'java/io/FileNotFoundException'{0x0000000718b666c8}> (0x0000000718b666c8) 
thrown [e:\jenkins\tmp\workspace\build\src\src\hotspot\share\prims\jni.cpp, line 516]
Event: 0.078 Thread 0x000002c404969810 Exception <a 'java/io/FileNotFoundException'{0x0000000718b93620}> (0x0000000718b93620) 
thrown [e:\jenkins\tmp\workspace\build\src\src\hotspot\share\prims\jni.cpp, line 516]
Event: 0.092 Thread 0x000002c404969810 Exception <a 'java/lang/NoSuchMethodError'{0x0000000718bc8fd0}: 'java.lang.Object java.lang.invoke.DirectMethodHandle$Holder.invokeStaticInit(java.lang.Object)'> (0x0000000718bc8fd0) 
thrown [e:\jenkins\tmp\workspace\build\src\src\hotspot\share\interpreter\linkResolver.cpp, line 766]
Event: 0.230 Thread 0x000002c404969810 Exception <a 'java/lang/NoSuchMethodError'{0x0000000718762a18}: 'void java.lang.invoke.DirectMethodHandle$Holder.invokeSpecial(java.lang.Object, java.lang.Object, java.lang.Object)'> (0x0000000718762a18) 
thrown [e:\jenkins\tmp\workspace\build\src\src\hotspot\share\interpreter\linkResolver.cpp, line 766]
Event: 0.236 Thread 0x000002c404969810 Exception <a 'java/lang/NoSuchMethodError'{0x000000071878ccb0}: 'java.lang.Object java.lang.invoke.DirectMethodHandle$Holder.newInvokeSpecial(java.lang.Object, java.lang.Object, java.lang.Object, java.lang.Object, java.lang.Object)'> (0x000000071878ccb0) 
thrown [e:\jenkins\tmp\workspace\build\src\src\hotspot\share\interpreter\linkResolver.cpp, line 766]
Event: 0.237 Thread 0x000002c404969810 Exception <a 'java/lang/NoSuchMethodError'{0x0000000718798678}: 'java.lang.Object java.lang.invoke.DirectMethodHandle$Holder.invokeStatic(java.lang.Object, int, java.lang.Object, java.lang.Object, java.lang.Object, java.lang.Object)'> (0x0000000718798678) 
thrown [e:\jenkins\tmp\workspace\build\src\src\hotspot\share\interpreter\linkResolver.cpp, line 766]
Event: 0.241 Thread 0x000002c404969810 Exception <a 'java/lang/NoSuchMethodError'{0x00000007187bdd98}: 'java.lang.Object java.lang.invoke.DirectMethodHandle$Holder.invokeStatic(java.lang.Object, int, java.lang.Object)'> (0x00000007187bdd98) 
thrown [e:\jenkins\tmp\workspace\build\src\src\hotspot\share\interpreter\linkResolver.cpp, line 766]
Event: 0.259 Thread 0x000002c404969810 Exception <a 'java/lang/ClassNotFoundException'{0x0000000718476168}: com/sun/swing/internal/plaf/metal/resources/spi/metalProvider> (0x0000000718476168) 
thrown [e:\jenkins\tmp\workspace\build\src\src\hotspot\share\classfile\systemDictionary.cpp, line 256]
Event: 0.260 Thread 0x000002c404969810 Exception <a 'java/lang/ClassNotFoundException'{0x000000071847a040}: com/sun/swing/internal/plaf/basic/resources/spi/basicProvider> (0x000000071847a040) 
thrown [e:\jenkins\tmp\workspace\build\src\src\hotspot\share\classfile\systemDictionary.cpp, line 256]
Event: 0.272 Thread 0x000002c404b50600 Exception <a 'java/lang/NoSuchMethodError'{0x0000000718680998}: 'void java.lang.invoke.DirectMethodHandle$Holder.invokeVirtual(java.lang.Object, java.lang.Object)'> (0x0000000718680998) 
thrown [e:\jenkins\tmp\workspace\build\src\src\hotspot\share\interpreter\linkResolver.cpp, line 766]
Event: 0.282 Thread 0x000002c404969810 Exception <a 'java/lang/NoSuchMethodError'{0x00000007184b8050}: 'void java.lang.invoke.DirectMethodHandle$Holder.invokeStaticInit(java.lang.Object)'> (0x00000007184b8050) 
thrown [e:\jenkins\tmp\workspace\build\src\src\hotspot\share\interpreter\linkResolver.cpp, line 766]
Event: 0.892 Thread 0x000002c405163390 Implicit null exception at 0x000002c46fb22755 to 0x000002c46fb22878

VM Operations (10 events):
Event: 0.038 Executing VM operation: HandshakeAllThreads
Event: 0.038 Executing VM operation: HandshakeAllThreads done
Event: 0.259 Executing VM operation: HandshakeAllThreads
Event: 0.259 Executing VM operation: HandshakeAllThreads done
Event: 0.298 Executing VM operation: HandshakeAllThreads
Event: 0.298 Executing VM operation: HandshakeAllThreads done
Event: 0.324 Executing VM operation: HandshakeAllThreads
Event: 0.324 Executing VM operation: HandshakeAllThreads done
Event: 0.876 Executing VM operation: HandshakeAllThreads
Event: 0.876 Executing VM operation: HandshakeAllThreads done

Events (20 events):
Event: 0.346 loading class java/text/AttributedString$AttributedStringIterator
Event: 0.346 loading class java/text/AttributedCharacterIterator
Event: 0.346 loading class java/text/CharacterIterator
Event: 0.346 loading class java/text/CharacterIterator done
Event: 0.346 loading class java/text/AttributedCharacterIterator done
Event: 0.346 loading class java/text/AttributedString$AttributedStringIterator done
Event: 0.357 loading class sun/awt/image/BufImgSurfaceManager
Event: 0.357 loading class sun/awt/image/BufImgSurfaceManager done
Event: 0.357 loading class sun/awt/image/BufImgSurfaceData
Event: 0.358 loading class sun/awt/image/BufImgSurfaceData done
Event: 0.358 loading class sun/awt/image/BufImgSurfaceData$ICMColorData
Event: 0.358 loading class sun/awt/image/BufImgSurfaceData$ICMColorData done
Event: 0.638 Thread 0x000002c404b21f30 Thread exited: 0x000002c404b21f30
Event: 0.874 loading class java/lang/Math$RandomNumberGeneratorHolder
Event: 0.874 loading class java/lang/Math$RandomNumberGeneratorHolder done
Event: 0.889 Thread 0x000002c4051cdcd0 Thread added: 0x000002c4051cdcd0
Event: 0.889 Thread 0x000002c405219ef0 Thread added: 0x000002c405219ef0
Event: 0.889 Thread 0x000002c405206f80 Thread added: 0x000002c405206f80
Event: 0.889 Thread 0x000002c4052078a0 Thread added: 0x000002c4052078a0
Event: 0.901 Thread 0x000002c4051919f0 Thread added: 0x000002c4051919f0


Dynamic libraries:
0x00007ff7039e0000 - 0x00007ff7039ee000 	C:\Users\aadiu\AppData\Local\Programs\Eclipse Adoptium\jdk-17.0.2.8-hotspot\bin\java.exe
0x00007ffb36970000 - 0x00007ffb36b68000 	C:\Windows\SYSTEM32\ntdll.dll
0x00007ffb352a0000 - 0x00007ffb3535f000 	C:\Windows\System32\KERNEL32.DLL
0x00007ffb34310000 - 0x00007ffb345e2000 	C:\Windows\System32\KERNELBASE.dll
0x00007ffb34110000 - 0x00007ffb34210000 	C:\Windows\System32\ucrtbase.dll
0x00007ffb31b00000 - 0x00007ffb31b18000 	C:\Users\aadiu\AppData\Local\Programs\Eclipse Adoptium\jdk-17.0.2.8-hotspot\bin\jli.dll
0x00007ffb1e390000 - 0x00007ffb1e3a9000 	C:\Users\aadiu\AppData\Local\Programs\Eclipse Adoptium\jdk-17.0.2.8-hotspot\bin\VCRUNTIME140.dll
0x00007ffb35530000 - 0x00007ffb356cd000 	C:\Windows\System32\USER32.dll
0x00007ffb20b10000 - 0x00007ffb20daa000 	C:\Windows\WinSxS\amd64_microsoft.windows.common-controls_6595b64144ccf1df_6.0.19041.1110_none_60b5254171f9507e\COMCTL32.dll
0x00007ffb34720000 - 0x00007ffb34742000 	C:\Windows\System32\win32u.dll
0x00007ffb35fa0000 - 0x00007ffb35fcb000 	C:\Windows\System32\GDI32.dll
0x00007ffb35f00000 - 0x00007ffb35f9e000 	C:\Windows\System32\msvcrt.dll
0x00007ffb34750000 - 0x00007ffb3485f000 	C:\Windows\System32\gdi32full.dll
0x00007ffb345f0000 - 0x00007ffb3468d000 	C:\Windows\System32\msvcp_win.dll
0x00007ffb356f0000 - 0x00007ffb35722000 	C:\Windows\System32\IMM32.DLL
0x00007ffb31f10000 - 0x00007ffb31f1c000 	C:\Users\aadiu\AppData\Local\Programs\Eclipse Adoptium\jdk-17.0.2.8-hotspot\bin\vcruntime140_1.dll
0x00007ffb0bb80000 - 0x00007ffb0bc11000 	C:\Users\aadiu\AppData\Local\Programs\Eclipse Adoptium\jdk-17.0.2.8-hotspot\bin\msvcp140.dll
0x00007ffabf480000 - 0x00007ffac00c7000 	C:\Users\aadiu\AppData\Local\Programs\Eclipse Adoptium\jdk-17.0.2.8-hotspot\bin\server\jvm.dll
0x00007ffb34ec0000 - 0x00007ffb34f6e000 	C:\Windows\System32\ADVAPI32.dll
0x00007ffb35e60000 - 0x00007ffb35efc000 	C:\Windows\System32\sechost.dll
0x00007ffb35ba0000 - 0x00007ffb35cc5000 	C:\Windows\System32\RPCRT4.dll
0x00007ffb34eb0000 - 0x00007ffb34eb8000 	C:\Windows\System32\PSAPI.DLL
0x00007ffb1d990000 - 0x00007ffb1d999000 	C:\Windows\SYSTEM32\WSOCK32.dll
0x00007ffb2d720000 - 0x00007ffb2d72a000 	C:\Windows\SYSTEM32\VERSION.dll
0x00007ffb31d40000 - 0x00007ffb31d67000 	C:\Windows\SYSTEM32\WINMM.dll
0x00007ffb35160000 - 0x00007ffb351cb000 	C:\Windows\System32\WS2_32.dll
0x00007ffb31fa0000 - 0x00007ffb31fb2000 	C:\Windows\SYSTEM32\kernel.appcore.dll
0x00007ffb31e90000 - 0x00007ffb31e9a000 	C:\Users\aadiu\AppData\Local\Programs\Eclipse Adoptium\jdk-17.0.2.8-hotspot\bin\jimage.dll
0x00007ffb31b50000 - 0x00007ffb31d34000 	C:\Windows\SYSTEM32\DBGHELP.DLL
0x00007ffb31b20000 - 0x00007ffb31b4c000 	C:\Windows\SYSTEM32\dbgcore.DLL
0x00007ffb34690000 - 0x00007ffb34712000 	C:\Windows\System32\bcryptPrimitives.dll
0x00007ffb1e360000 - 0x00007ffb1e385000 	C:\Users\aadiu\AppData\Local\Programs\Eclipse Adoptium\jdk-17.0.2.8-hotspot\bin\java.dll
0x00007ffb0baa0000 - 0x00007ffb0bb76000 	C:\Users\aadiu\AppData\Local\Programs\Eclipse Adoptium\jdk-17.0.2.8-hotspot\bin\jsvml.dll
0x00007ffb35fd0000 - 0x00007ffb36713000 	C:\Windows\System32\SHELL32.dll
0x00007ffb32130000 - 0x00007ffb328c2000 	C:\Windows\SYSTEM32\windows.storage.dll
0x00007ffb34ad0000 - 0x00007ffb34e24000 	C:\Windows\System32\combase.dll
0x00007ffb33a60000 - 0x00007ffb33a90000 	C:\Windows\SYSTEM32\Wldp.dll
0x00007ffb349c0000 - 0x00007ffb34a6d000 	C:\Windows\System32\SHCORE.dll
0x00007ffb35020000 - 0x00007ffb35075000 	C:\Windows\System32\shlwapi.dll
0x00007ffb33fb0000 - 0x00007ffb33fcf000 	C:\Windows\SYSTEM32\profapi.dll
0x00007ffb0b1f0000 - 0x00007ffb0b37e000 	C:\Users\aadiu\AppData\Local\Programs\Eclipse Adoptium\jdk-17.0.2.8-hotspot\bin\awt.dll
0x00007ffb351d0000 - 0x00007ffb3529d000 	C:\Windows\System32\OLEAUT32.dll
0x00007ffb31300000 - 0x00007ffb31391000 	C:\Windows\SYSTEM32\apphelp.dll
0x00007ffb1e340000 - 0x00007ffb1e358000 	C:\Users\aadiu\AppData\Local\Programs\Eclipse Adoptium\jdk-17.0.2.8-hotspot\bin\zip.dll
0x00007ffb31410000 - 0x00007ffb314ae000 	C:\Windows\system32\uxtheme.dll
0x00007ffb353f0000 - 0x00007ffb35505000 	C:\Windows\System32\MSCTF.dll
0x00007ffb35cd0000 - 0x00007ffb35dfa000 	C:\Windows\System32\ole32.dll
0x00007ffb31590000 - 0x00007ffb315bf000 	C:\Windows\system32\DWMAPI.DLL
0x00007ffadadb0000 - 0x00007ffadaed5000 	C:\Windows\system32\opengl32.dll
0x00007ffada100000 - 0x00007ffada12c000 	C:\Windows\SYSTEM32\GLU32.dll
0x00007ffb269b0000 - 0x00007ffb26b7f000 	C:\Windows\system32\d3d9.dll
0x00007ffb28d70000 - 0x00007ffb28f28000 	C:\Windows\System32\DriverStore\FileRepository\u0370468.inf_amd64_5e4260b11257b6e9\B370372\aticfx64.dll
0x00007ffb1dfb0000 - 0x00007ffb1dfe4000 	C:\Windows\System32\DriverStore\FileRepository\u0370468.inf_amd64_5e4260b11257b6e9\B370372\atiu9p64.dll
0x00007ffabe720000 - 0x00007ffabf474000 	C:\Windows\System32\DriverStore\FileRepository\u0370468.inf_amd64_5e4260b11257b6e9\B370372\atiumd64.dll
0x000000006c4b0000 - 0x000000006d324000 	C:\Windows\System32\DriverStore\FileRepository\u0370468.inf_amd64_5e4260b11257b6e9\B370372\atiumd6a.dll
0x00007ffb35730000 - 0x00007ffb35b98000 	C:\Windows\System32\SETUPAPI.dll
0x00007ffb34210000 - 0x00007ffb3425e000 	C:\Windows\System32\cfgmgr32.dll
0x00007ffb33e30000 - 0x00007ffb33e7b000 	C:\Windows\SYSTEM32\POWRPROF.dll
0x00007ffb34070000 - 0x00007ffb34097000 	C:\Windows\System32\bcrypt.dll
0x00007ffb33e10000 - 0x00007ffb33e22000 	C:\Windows\SYSTEM32\UMPDC.dll
0x00007ffb29180000 - 0x00007ffb291b0000 	C:\Windows\SYSTEM32\amdihk64.dll
0x00007ffb29960000 - 0x00007ffb2999b000 	C:\Windows\SYSTEM32\dxcore.dll
0x00007ffb0d970000 - 0x00007ffb0d9f9000 	C:\Users\aadiu\AppData\Local\Programs\Eclipse Adoptium\jdk-17.0.2.8-hotspot\bin\freetype.dll
0x00007ffb0b3e0000 - 0x00007ffb0b488000 	C:\Users\aadiu\AppData\Local\Programs\Eclipse Adoptium\jdk-17.0.2.8-hotspot\bin\fontmanager.dll
0x00007ffb28f30000 - 0x00007ffb29029000 	C:\Windows\SYSTEM32\textinputframework.dll
0x00007ffb30e70000 - 0x00007ffb311ce000 	C:\Windows\System32\CoreUIComponents.dll
0x00007ffb309d0000 - 0x00007ffb30ac2000 	C:\Windows\System32\CoreMessaging.dll
0x00007ffb33190000 - 0x00007ffb331c3000 	C:\Windows\SYSTEM32\ntmarta.dll
0x00007ffb30200000 - 0x00007ffb30354000 	C:\Windows\SYSTEM32\wintypes.dll

dbghelp: loaded successfully - version: 4.0.5 - missing functions: none
symbol engine: initialized successfully - sym options: 0x614 - pdb path: .;C:\Users\aadiu\AppData\Local\Programs\Eclipse Adoptium\jdk-17.0.2.8-hotspot\bin;C:\Windows\SYSTEM32;C:\Windows\WinSxS\amd64_microsoft.windows.common-controls_6595b64144ccf1df_6.0.19041.1110_none_60b5254171f9507e;C:\Users\aadiu\AppData\Local\Programs\Eclipse Adoptium\jdk-17.0.2.8-hotspot\bin\server;C:\Windows\System32\DriverStore\FileRepository\u0370468.inf_amd64_5e4260b11257b6e9\B370372

VM Arguments:
jvm_args: -XX:+ShowCodeDetailsInExceptionMessages 
java_command: summit.Main
java_class_path (initial): C:\Users\aadiu\AppData\Roaming\Code\User\workspaceStorage\929b6f7fce9865a60d0bbe8b6a275a21\redhat.java\jdt_ws\Summit Game_948de7c9\bin
Launcher Type: SUN_STANDARD

[Global flags]
     intx CICompilerCount                          = 12                                        {product} {ergonomic}
     uint ConcGCThreads                            = 3                                         {product} {ergonomic}
     uint G1ConcRefinementThreads                  = 13                                        {product} {ergonomic}
   size_t G1HeapRegionSize                         = 2097152                                   {product} {ergonomic}
    uintx GCDrainStackTargetSize                   = 64                                        {product} {ergonomic}
   size_t InitialHeapSize                          = 260046848                                 {product} {ergonomic}
   size_t MarkStackSize                            = 4194304                                   {product} {ergonomic}
   size_t MaxHeapSize                              = 4137680896                                {product} {ergonomic}
   size_t MaxNewSize                               = 2480930816                                {product} {ergonomic}
   size_t MinHeapDeltaBytes                        = 2097152                                   {product} {ergonomic}
   size_t MinHeapSize                              = 8388608                                   {product} {ergonomic}
    uintx NonNMethodCodeHeapSize                   = 7602480                                {pd product} {ergonomic}
    uintx NonProfiledCodeHeapSize                  = 122027880                              {pd product} {ergonomic}
    uintx ProfiledCodeHeapSize                     = 122027880                              {pd product} {ergonomic}
    uintx ReservedCodeCacheSize                    = 251658240                              {pd product} {ergonomic}
     bool SegmentedCodeCache                       = true                                      {product} {ergonomic}
     bool ShowCodeDetailsInExceptionMessages       = true                                   {manageable} {command line}
   size_t SoftMaxHeapSize                          = 4137680896                             {manageable} {ergonomic}
     bool UseCompressedClassPointers               = true                           {product lp64_product} {ergonomic}
     bool UseCompressedOops                        = true                           {product lp64_product} {ergonomic}
     bool UseG1GC                                  = true                                      {product} {ergonomic}
     bool UseLargePagesIndividualAllocation        = false                                  {pd product} {ergonomic}

Logging:
Log output configuration:
 #0: stdout all=warning uptime,level,tags
 #1: stderr all=off uptime,level,tags

Environment Variables:
JAVA_HOME=C:\Users\aadiu\AppData\Local\Programs\Eclipse Adoptium\jdk-17.0.2.8-hotspot\
PATH=C:\Program Files (x86)\Razer Chroma SDK\bin;C:\Program Files\Razer Chroma SDK\bin;C:\Program Files (x86)\Razer\ChromaBroadcast\bin;C:\Program Files\Razer\ChromaBroadcast\bin;C:\Program Files (x86)\Common Files\Oracle\Java\javapath;C:\Program Files\Python38\Scripts\;C:\Program Files\Python38\;C:\Windows\system32;C:\Windows;C:\Windows\System32\Wbem;C:\Windows\System32\WindowsPowerShell\v1.0\;C:\Windows\System32\OpenSSH\;C:\Program Files (x86)\NVIDIA Corporation\PhysX\Common;C:\Program Files\NVIDIA Corporation\NVIDIA NvDLISR;C:\Users\aadiu\AppData\Local\Microsoft\WindowsApps;C:\Users\aadiu\AppData\Local\Programs\Microsoft VS Code\bin;C:\Windows\system32\config\systemprofile\AppData\Local\Microsoft\WindowsApps;C:\Program Files\dotnet\;C:\Program Files\Git\cmd;C:\MinGW\bin\;C:\Program Files (x86)\Windows Kits\10\Windows Performance Toolkit\;C:\Users\aadiu\AppData\Local\Programs\Eclipse Adoptium\jdk-17.0.2.8-hotspot\bin;C:\Users\aadiu\AppData\Local\Microsoft\WindowsApps;C:\Users\aadiu\AppData\Local\Programs\Microsoft VS Code\bin;C:\Users\aadiu\AppData\Local\GitHubDesktop\bin
USERNAME=aadiu
LANG=en_US.UTF-8
OS=Windows_NT
PROCESSOR_IDENTIFIER=AMD64 Family 25 Model 80 Stepping 0, AuthenticAMD



---------------  S Y S T E M  ---------------

OS:
 Windows 10 , 64 bit Build 19041 (10.0.19041.2251)
OS uptime: 1 days 8:16 hours

CPU: total 16 (initial active 16) (16 cores per cpu, 2 threads per core) family 25 model 80 stepping 0 microcode 0x0, cx8, cmov, fxsr, ht, mmx, 3dnowpref, sse, sse2, sse3, ssse3, sse4a, sse4.1, sse4.2, popcnt, lzcnt, tsc, tscinvbit, avx, avx2, aes, erms, clmul, bmi1, bmi2, adx, sha, fma, vzeroupper, clflush, clflushopt

Memory: 4k page, system-wide physical 15776M (7733M free)
TotalPageFile size 20128M (AvailPageFile size 6994M)
current process WorkingSet (physical memory assigned to process): 112M, peak: 114M
current process commit charge ("private bytes"): 428M, peak: 430M

vm_info: OpenJDK 64-Bit Server VM (17.0.2+8) for windows-amd64 JRE (17.0.2+8), built on Jan 20 2022 04:52:34 by "" with MS VC++ 16.7 (VS2019)

END.
