#
# A fatal error has been detected by the Java Runtime Environment:
#
#  EXCEPTION_ACCESS_VIOLATION (0xc0000005) at pc=0x000001f9eb9bb97b, pid=20324, tid=19672
#
# JRE version: OpenJDK Runtime Environment Temurin-17.0.4.1+1 (17.0.4.1+1) (build 17.0.4.1+1)
# Java VM: OpenJDK 64-Bit Server VM Temurin-17.0.4.1+1 (17.0.4.1+1, mixed mode, sharing, tiered, compressed oops, compressed class ptrs, g1 gc, windows-amd64)
# Problematic frame:
# J 1322 c2 summit.gfx.Renderer.render(Ljava/lang/String;FFILsummit/gfx/ColorFilter;)V (282 bytes) @ 0x000001f9eb9bb97b [0x000001f9eb9bae20+0x0000000000000b5b]
#
# No core dump will be written. Minidumps are not enabled by default on client versions of Windows
#
# If you would like to submit a bug report, please visit:
#   https://github.com/adoptium/adoptium-support/issues
#

---------------  S U M M A R Y ------------

Command Line: -XX:+ShowCodeDetailsInExceptionMessages summit.Main

Host: AMD Ryzen 9 5900HS with Radeon Graphics        , 16 cores, 15G,  Windows 10 , 64 bit Build 19041 (10.0.19041.2251)
Time: Tue Nov 15 18:32:08 2022 Central Standard Time elapsed time: 3.113763 seconds (0d 0h 0m 3s)

---------------  T H R E A D  ---------------

Current thread (0x000001f980f33b10):  JavaThread "Thread-2" [_thread_in_Java, id=19672, stack(0x0000006af2d00000,0x0000006af2e00000)]

Stack: [0x0000006af2d00000,0x0000006af2e00000],  sp=0x0000006af2dfefc0,  free space=1019k
Native frames: (J=compiled Java code, j=interpreted, Vv=VM code, C=native code)
C  0x000001f9eb9bb97b


siginfo: EXCEPTION_ACCESS_VIOLATION (0xc0000005), reading address 0x0000000b17704e7c


Register to memory mapping:

RIP=0x000001f9eb9bb97b is at entry_point+2907 in (nmethod*)0x000001f9eb9bac10
RAX=0x00000007176b0fe0 is an oop: [[I 
{0x00000007176b0fe0} - klass: {type array int}[]
 - length: 16
RBX=0x000000000000001e is an unknown value
RCX=3807250904 is a compressed pointer to object: [[I 
{0x0000000717704ec0} - klass: {type array int}[]
 - length: 144
RDX=0x0 is NULL
RSP=0x0000006af2dfefc0 is pointing into the stack for thread: 0x000001f980f33b10
RBP=0x0 is NULL
RSI=0x0 is NULL
RDI=0x00000000ffffffeb is an unknown value
R8 =0x0000000717615170 is an oop: summit.gfx.Renderer 
{0x0000000717615170} - klass: 'summit/gfx/Renderer'
 - ---- fields (total size 2 words):
 - private 'frame' '[[I' @12  a {type array int}[144] {0x0000000717704ec0} (e2ee09d8)
R9 =0x0000000000000010 is an unknown value
R10=0x0000000717704ec0 is an oop: [[I 
{0x0000000717704ec0} - klass: {type array int}[]
 - length: 144
R11=0x00000000ffffffeb is an unknown value
R12=0x0 is NULL
R13=0x0000000000000090 is an unknown value
R14=0x0 is NULL
R15=0x000001f980f33b10 is a thread


Registers:
RAX=0x00000007176b0fe0, RBX=0x000000000000001e, RCX=0x00000000e2ee09d8, RDX=0x0000000000000000
RSP=0x0000006af2dfefc0, RBP=0x0000000000000000, RSI=0x0000000000000000, RDI=0x00000000ffffffeb
R8 =0x0000000717615170, R9 =0x0000000000000010, R10=0x0000000717704ec0, R11=0x00000000ffffffeb
R12=0x0000000000000000, R13=0x0000000000000090, R14=0x0000000000000000, R15=0x000001f980f33b10
RIP=0x000001f9eb9bb97b, EFLAGS=0x0000000000010287

Top of Stack: (sp=0x0000006af2dfefc0)
0x0000006af2dfefc0:   00000100fffffffb 000001f90000002d
0x0000006af2dfefd0:   ffffffeb0000001d 000000000000000b
0x0000006af2dfefe0:   00000000fffffffb 000000000000001d
0x0000006af2dfeff0:   0000000717bfbbf8 0000000000000000
0x0000006af2dff000:   0000001b00000002 00000007405c4e00
0x0000006af2dff010:   0000000742123b20 000000071866cb58
0x0000006af2dff020:   0000006af2dff2c8 000001f9e46e6814
0x0000006af2dff030:   0000006af2dff090 000001f98002fef0
0x0000006af2dff040:   000001f9801926c8 00000007185d36c8
0x0000006af2dff050:   0000000717bddb78 0000000000000000
0x0000006af2dff060:   0000006af2dff0a0 0000000717615170
0x0000006af2dff070:   000000071866cb58 0000000700000000
0x0000006af2dff080:   0000000000000000 0000000000000017
0x0000006af2dff090:   0000006af2dff2c8 000001f9e46e856c
0x0000006af2dff0a0:   01d8f952dc641154 000000071770ff10
0x0000006af2dff0b0:   000001f980f33b10 0000006af2dff020 

Instructions: (pc=0x000001f9eb9bb97b)
0x000001f9eb9bb87b:   02 00 00 4c 8b c6 e9 5e 01 00 00 66 66 0f 1f 84
0x000001f9eb9bb88b:   00 00 00 00 00 44 2b 5c 24 10 45 8b f3 41 ff c6
0x000001f9eb9bb89b:   44 8b de 45 3b f1 0f 83 bc 09 00 00 45 8b 54 cc
0x000001f9eb9bb8ab:   10 47 8b 54 d4 0c 45 3b da 0f 83 67 01 00 00 c4
0x000001f9eb9bb8bb:   c1 f9 7e d2 45 8b 54 92 10 47 8b 44 d4 0c 49 c1
0x000001f9eb9bb8cb:   e2 03 45 3b f0 0f 83 b6 09 00 00 47 8b 54 b2 10
0x000001f9eb9bb8db:   41 83 fa ff 0f 84 32 01 00 00 45 8b 44 c4 0c 45
0x000001f9eb9bb8eb:   3b d8 0f 83 b5 09 00 00 46 89 54 9d 10 45 33 c0
0x000001f9eb9bb8fb:   c4 c1 f9 7e d2 41 8b 72 10 45 8b 54 f4 0c 44 03
0x000001f9eb9bb90b:   54 24 10 4d 8b b7 48 03 00 00 41 8b f3 ff c6 41
0x000001f9eb9bb91b:   85 06 41 3b f2 0f 8c 6a ff ff ff 4d 8b 97 48 03
0x000001f9eb9bb92b:   00 00 ff c7 41 85 02 3b 3c 24 0f 8d 58 01 00 00
0x000001f9eb9bb93b:   c4 c1 f9 7e c0 c4 e1 f9 7e ce c5 f9 7e da 44 8b
0x000001f9eb9bb94b:   54 24 10 44 8b 5c 24 14 44 3b 54 24 08 0f 8d 4b
0x000001f9eb9bb95b:   01 00 00 44 89 5c 24 14 44 89 54 24 10 c5 f9 6e
0x000001f9eb9bb96b:   da c4 e1 f9 6e ce c4 c1 f9 6e c0 c4 c1 f9 7e e2
0x000001f9eb9bb97b:   41 8b 44 ba 10 8b d7 41 2b d3 41 3b fd 0f 83 f0
0x000001f9eb9bb98b:   fe ff ff 44 8b 54 24 10 44 3b 54 24 04 0f 83 e0
0x000001f9eb9bb99b:   fe ff ff c4 c1 f9 7e d2 45 8b 54 92 10 47 8b 44
0x000001f9eb9bb9ab:   d4 0c 45 85 c0 0f 86 32 0a 00 00 47 8b 54 d4 10
0x000001f9eb9bb9bb:   41 83 fa ff 0f 84 04 01 00 00 45 8b 44 c4 0c 44
0x000001f9eb9bb9cb:   8b 5c 24 10 45 3b d8 0f 83 d5 08 00 00 4d 8d 04
0x000001f9eb9bb9db:   c4 47 89 54 98 10 45 33 c0 c4 c1 f9 7e d2 45 8b
0x000001f9eb9bb9eb:   52 10 47 8b 5c d4 0c 44 03 5c 24 10 41 3b db 0f
0x000001f9eb9bb9fb:   8d 26 ff ff ff 41 3b fd 73 26 49 8d 2c c4 44 8b
0x000001f9eb9bba0b:   db 41 be 01 00 00 00 e9 87 fe ff ff c4 c1 f9 7e
0x000001f9eb9bba1b:   c8 e9 da fe ff ff c4 c1 f9 7e c8 e9 d0 fe ff ff
0x000001f9eb9bba2b:   44 8b db 41 ba 01 00 00 00 eb 18 66 66 0f 1f 84
0x000001f9eb9bba3b:   00 00 00 00 00 44 2b 5c 24 10 45 8b d3 41 ff c2
0x000001f9eb9bba4b:   44 8b da 45 3b d1 0f 83 0c 08 00 00 45 3b 64 cc
0x000001f9eb9bba5b:   10 0f 84 76 09 00 00 c4 e1 f9 7e d2 44 8b 42 10
0x000001f9eb9bba6b:   47 8b 54 c4 0c 44 03 54 24 10 4d 8b 87 48 03 00 


Stack slot to memory mapping:
stack at sp + 0 slots: 0x00000100fffffffb is an unknown value
stack at sp + 1 slots: 0x000001f90000002d is an unknown value
stack at sp + 2 slots: 0xffffffeb0000001d is an unknown value
stack at sp + 3 slots: 0x000000000000000b is an unknown value
stack at sp + 4 slots: 0x00000000fffffffb is an unknown value
stack at sp + 5 slots: 0x000000000000001d is an unknown value
stack at sp + 6 slots: 0x0000000717bfbbf8 is an oop: [[I 
{0x0000000717bfbbf8} - klass: {type array int}[]
 - length: 16
stack at sp + 7 slots: 0x0 is NULL

--------------------------------------------------------------------------------
[Constant Pool (empty)]

--------------------------------------------------------------------------------

[MachCode]
  0x000001f9eb9bae20: 448b 5208 | 49bb 0000 | 0000 0800 | 0000 4d03 | d349 3bc2 | 0f85 461c | 43f8 6690 | 0f1f 4000 
  0x000001f9eb9bae40: 8984 2400 | 90ff ff55 | 4883 ec60 | 4889 7c24 | 1045 8bf1 | c5f8 28e9 | 4889 1424 | 4d8b d049 
  0x000001f9eb9bae60: bb88 5861 | 1707 0000 | 0041 8b6b | 7045 8b5c | ec08 4181 | fbe0 ad0b | 000f 85d1 | 1500 004d 
  0x000001f9eb9bae80: 8d1c ec45 | 8b5b 2447 | 8b44 dc0c | 4585 c00f | 8659 1600 | 004b 8d0c | dc4d 85d2 | 0f84 b413 
  0x000001f9eb9baea0: 0000 418b | 5a0c 41ff | c885 db75 | 6241 0fb6 | 5a11 85db | 0f85 5213 | 0000 410f | be5a 1085 
  0x000001f9eb9baec0: db0f 85d1 | 1900 0045 | 8b4a 1443 | 8b6c cc0c | 85ed 0f86 | 4113 0000 | 8bfd ffcf | 3bfd 0f83 
  0x000001f9eb9baee0: 8018 0000 | 470f b65c | cc10 8bdd | 83c3 fd41 | 8bfb c1e7 | 0541 2bfb | 4f8d 2ccc | 83fb 010f 
  0x000001f9eb9baf00: 8e93 1800 | 00be 0100 | 0000 4533 | c9eb 4544 | 8bdb 41c1 | eb10 4433 | db45 23c3 | 33d2 e904 
  0x000001f9eb9baf20: 0100 0045 | 0fb6 4c35 | 1041 03f9 | ffc6 3bf5 | 0f8d d800 | 0000 448b | cf41 c1e1 | 0544 2bcf 
  0x000001f9eb9baf40: 418b f9eb | dec4 c1f9 | 7eca c4c1 | 797e d8c4 | c179 7ed1 | 8bc5 2bc6 | 83c0 fd3b | de41 0f4c 
  0x000001f9eb9baf60: c181 f8a0 | 0f00 0041 | bba0 0f00 | 0041 0f47 | c303 c6c4 | c1f9 6eca | c4c1 796e | d8c4 c179 
  0x000001f9eb9baf80: 6ed1 0f1f | 8000 0000 | 000f 1f80 | 0000 0000 | 4c63 de47 | 0fb6 541d | 1047 0fb6 | 4c1d 1347 
  0x000001f9eb9bafa0: 0fb6 441d | 1143 0fb6 | 541d 1241 | 03fa 448b | d741 c1e2 | 0544 2bd7 | 4503 d041 | 8bfa c1e7 
  0x000001f9eb9bafc0: 0541 2bfa | 03fa 448b | df41 c1e3 | 0544 2bdf | 4503 d941 | 8bfb c1e7 | 0541 2bfb | 83c6 043b 
  0x000001f9eb9bafe0: f07c ad4d | 8b97 4803 | 0000 4185 | 023b f30f | 8c50 ffff | ffc4 c1f9 | 7eca c4c1 | 797e d8c5 
  0x000001f9eb9bb000: f97e d23b | f50f 8c18 | ffff ff41 | 8bfb 85ff | 0f84 0512 | 0000 4189 | 7a0c 448b | df41 c1eb 
  0x000001f9eb9bb020: 1044 33df | 4523 c346 | 8b4c 8110 | 438b 4ccc | 0c41 3bcb | 0f85 750f | 0000 478b | 44cc 1049 
  0x000001f9eb9bb040: 8bc8 48c1 | e103 493b | ca0f 8459 | 0100 0041 | 0fbe 5a10 | 4c3b d10f | 844b 0100 | 0043 8b4c 
  0x000001f9eb9bb060: c408 81f9 | 70e9 0000 | 0f85 0619 | 0000 49c1 | e003 410f | be68 103b | dd0f 85e1 | 1700 0045 
  0x000001f9eb9bb080: 8b40 1441 | 8b6a 1443 | 8b7c c40c | 418b 4cec | 0c3b cf0f | 85d4 0000 | 004b 8d1c | c44b 8d74 
  0x000001f9eb9bb0a0: c410 4d8d | 04ec 498d | 7cec 1085 | c90f 84a5 | 0000 008b | c183 e01f | 83e1 e00f | 844b 0000 
  0x000001f9eb9bb0c0: 0048 8d3c | 0f48 8d34 | 0e48 f7d9 | c5fe 6f0c | 0fc5 fe6f | 140e c5f5 | efca c4e2 | 7d17 c90f 
  0x000001f9eb9bb0e0: 857a 0000 | 0048 83c1 | 2075 e185 | c00f 8465 | 0000 00c5 | fe6f 4c07 | e0c5 fe6f | 5406 e0c5 
  0x000001f9eb9bb100: f5ef cac4 | e27d 17c9 | 7555 eb4c | 8bc8 83e1 | fc74 1948 | 8d3c 0f48 | 8d34 0e48 | f7d9 8b1c 
  0x000001f9eb9bb120: 0f3b 1c0e | 7539 4883 | c104 75f2 | f7c0 0200 | 0000 7412 | 0fb7 1f0f | b70e 3bd9 | 7521 488d 
  0x000001f9eb9bb140: 7f02 488d | 7602 f7c0 | 0100 0000 | 740a 0fb6 | 1f0f b60e | 3bd9 7507 | b801 0000 | 00eb 0233 
  0x000001f9eb9bb160: c0c5 f5ef | c9c5 edef | d285 c075 | 3bba 45ff | ffff 488b | 2c24 4489 | 3424 4c8b | 4424 104c 
  0x000001f9eb9bb180: 8944 2408 | c5fa 1144 | 2404 c5fa | 116c 2410 | 4c89 5424 | 1844 894c | 2414 4489 | 5c24 2090 
  0x000001f9eb9bb1a0: c5f8 77e8 | 5871 43f8 | 4f8d 04cc | 418b 6814 | 458b 5cec | 0841 81fb | 086d 0000 | 0f85 9217 
  0x000001f9eb9bb1c0: 0000 498d | 1cec 8b7b | 0c85 ff0f | 86a3 1200 | 0044 8b5b | 1047 8b5c | dc0c 448b | d741 d1fa 
  0x000001f9eb9bb1e0: 41d1 fbc4 | c179 6ed2 | c5f8 5bd2 | c5d2 5cca | c4c1 796e | dbc5 f85b | dbc5 fa5c | c3c4 c179 
  0x000001f9eb9bb200: 7ec0 c5f9 | 7ece 458b | d041 c1ea | 1744 8bde | 41c1 eb17 | 450f b6d2 | b995 0000 | 0041 2bca 
  0x000001f9eb9bb220: 450f b6db | 41b9 9500 | 0000 452b | cbf7 c1e0 | ffff ff0f | 8539 0f00 | 0045 8bd0 | 4181 e2ff 
  0x000001f9eb9bb240: ff7f 0041 | 81ca 0000 | 8000 4585 | c00f 8cd8 | 0f00 0041 | d3fa 41ff | c241 d1fa | 41f7 c1e0 
  0x000001f9eb9bb260: ffff ff0f | 85e7 0e00 | 0044 8bde | 4181 e3ff | ff7f 0041 | 81cb 0000 | 8000 85f6 | 0f8c b10f 
  0x000001f9eb9bb280: 0000 418b | c941 d3fb | 41ff c341 | d1fb 458b | c645 85c0 | 0f85 dd00 | 0000 4533 | c048 8bc3 
  0x000001f9eb9bb2a0: eb13 8b54 | 240c 448b | 5424 2044 | 8b5c 2424 | 448b 4424 | 0841 8be8 | c1fd 0385 | ed0f 8561 
  0x000001f9eb9bb2c0: 1200 0044 | 8b48 0c41 | 8bdb 4103 | d944 3bdb | 0f8d bd07 | 0000 4d63 | c149 63cb | 418b fbf7 
  0x000001f9eb9bb2e0: df48 63ff | 4803 cf49 | 3bc8 0f83 | b411 0000 | 4863 cb48 | 03cf 48ff | c949 3bc8 | 0f83 da11 
  0x000001f9eb9bb300: 0000 4c8b | 0424 418b | 480c 458b | 6ccc 0c45 | 85ed 0f86 | cf11 0000 | 418b 7ccc | 1041 8b7c 
  0x000001f9eb9bb320: fc0c 488b | 7424 1048 | 85f6 0f85 | 7d11 0000 | 4585 c90f | 8674 1100 | 0044 8b48 | 1047 8b4c 
  0x000001f9eb9bb340: cc0c 4585 | c90f 8662 | 1100 0089 | 7c24 0489 | 1c24 c4e1 | f96e d041 | 8bd9 4103 | da89 5c24 
  0x000001f9eb9bb360: 0841 8bda | ffc3 498d | 3ccc c4e1 | f96e e741 | 8bfb e9dc | 0500 0041 | f7c0 0400 | 0000 0f84 
  0x000001f9eb9bb380: 5103 0000 | 448b 4b10 | 478b 4ccc | 0c44 895c | 2424 4489 | 5424 2089 | 7c24 2848 | 895c 2418 
  0x000001f9eb9bb3a0: 8954 240c | 4489 4424 | 0848 ba08 | 6d00 0008 | 0000 0044 | 8bc7 6690 | c5f8 77e8 | 4018 4ef8 
  0x000001f9eb9bb3c0: 4c8b f044 | 8b54 2428 | 41ff ca44 | 3b54 2428 | 0f83 4a14 | 0000 418b | 560c 85d2 | 0f86 3e14 
  0x000001f9eb9bb3e0: 0000 4863 | c245 33c0 | eb2f c5f9 | 7eda c4e1 | f97e d0c4 | c1f9 7ec1 | 448b 4424 | 3849 8b8f 
  0x000001f9eb9bb400: 4803 0000 | 41ff c085 | 0144 3b44 | 2428 0f8d | 270e 0000 | 4c89 4c24 | 184c 8b4c | 2418 458b 
  0x000001f9eb9bb420: 5910 478b | 54dc 0c45 | 85d2 76d1 | 418b da44 | 8944 2438 | c5fb 1044 | 2418 4d63 | e847 8b54 
  0x000001f9eb9bb440: a910 c4c1 | 796e ca43 | 8b74 d40c | 85d2 0f86 | f711 0000 | 418b 6e10 | 8bfb 412b | f8ff cf85 
  0x000001f9eb9bb460: f60f 862d | 1200 0043 | 8b4c d410 | 458b 54ec | 0c4d 8d0c | ec41 3bfa | 0f83 c611 | 0000 4c63 
  0x000001f9eb9bb480: d34d 2bd5 | 4389 4c91 | 0c83 fb01 | 0f8e 61ff | ffff 4c63 | d649 3bc2 | 448b d244 | 0f4f d6c4 
  0x000001f9eb9bb4a0: c179 7ec8 | 4f8d 1cc4 | 418b eaff | cd44 3bd5 | 41b8 0000 | 0080 410f | 4ce8 83fd | 010f 8e26 
  0x000001f9eb9bb4c0: 1200 004c | 8b54 2418 | 458b 4210 | 478b 44c4 | 0cc4 c179 | 7eca 438b | 4cd4 1441 | 8b5e 1441 
  0x000001f9eb9bb4e0: 8bf8 2b7c | 2438 ffcf | 458b 54dc | 0c4d 8d0c | dc41 3bfa | 0f83 6012 | 0000 c5f9 | 6ee6 4c89 
  0x000001f9eb9bb500: 6c24 18c4 | e1f9 6ed0 | c5f9 6eda | 4963 c04c | 8be8 4c2b | 6c24 1843 | 894c a90c | 4183 f802 
  0x000001f9eb9bb520: 0f8e c4fe | ffff c4c1 | 797e ca43 | 8b4c d418 | 418b 5e18 | 458b 54dc | 0c4d 8d0c | dc41 3bfa 
  0x000001f9eb9bb540: 0f83 5e12 | 0000 4389 | 4ca9 0c41 | 83f8 030f | 8e95 feff | ff41 b903 | 0000 0044 | 3bcd 0f8d 
  0x000001f9eb9bb560: 6c11 0000 | c4c1 797e | ca43 8b4c | d41c 418b | 5e1c 458b | 54dc 0c4d | 8d0c dc41 | 3bfa 0f83 
  0x000001f9eb9bb580: 8812 0000 | 4389 4ca9 | 0c41 83f8 | 040f 8e57 | feff ffc4 | c179 7eca | 438b 4cd4 | 2045 8b56 
  0x000001f9eb9bb5a0: 2043 8b5c | d40c 4f8d | 0cd4 3bfb | 0f83 6412 | 0000 4389 | 4ca9 0c41 | 83f8 050f | 8e29 feff 
  0x000001f9eb9bb5c0: ff4c 8bd0 | 4983 c2fe | 48ff c841 | 8bca 8bd8 | 4c63 cd4c | 3bc8 8bd5 | 0f4f d34c | 63ca 4d3b 
  0x000001f9eb9bb5e0: ca0f 4fd1 | bb05 0000 | 0083 fa05 | 0f8e 7300 | 0000 8bf2 | 2bf3 3bd3 | 0f4c 7424 | 0c81 fed0 
  0x000001f9eb9bb600: 0700 0041 | b9d0 0700 | 0041 0f47 | f103 f390 | 418b 4c9b | 1045 8b54 | 9e10 438b | 44d4 0c4f 
  0x000001f9eb9bb620: 8d0c d43b | f80f 836b | 0b00 0043 | 894c a90c | 458b 549e | 1441 8b4c | 9b14 438b | 44d4 0c4f 
  0x000001f9eb9bb640: 8d0c d43b | f80f 8349 | 0b00 0043 | 894c a90c | 83c3 023b | de7c b94d | 8b97 4803 | 0000 4185 
  0x000001f9eb9bb660: 023b da7c | 8d3b dd0f | 8d68 1000 | 0066 6690 | 418b 4c9b | 1041 8b54 | 9e10 458b | 54d4 0c4d 
  0x000001f9eb9bb680: 8d0c d441 | 3bfa 0f83 | 0a0b 0000 | 4389 4ca9 | 0c44 8bd3 | 41ff c245 | 3bd0 0f8d | 4afd ffff 
  0x000001f9eb9bb6a0: 418b 4c9b | 1441 8b74 | 9e14 418b | 54f4 0c4d | 8d0c f43b | fa0f 8351 | 1200 0043 | 894c a90c 
  0x000001f9eb9bb6c0: 83c3 0241 | 3bd8 0f8d | 1efd ffff | 3bdd 7ca0 | e900 1000 | 0041 f7c0 | 0100 0000 | 0f84 d000 
  0x000001f9eb9bb6e0: 0000 448b | 4b0c 4585 | c90f 8621 | 0f00 008b | 7b10 418b | 7cfc 0c89 | 7c24 2c44 | 894c 2428 
  0x000001f9eb9bb700: 4489 5c24 | 1c44 8954 | 2418 4889 | 5c24 2089 | 5424 0c44 | 8944 2408 | 48ba 086d | 0000 0800 
  0x000001f9eb9bb720: 0000 458b | c144 8bcf | c5f8 77e8 | d014 4ef8 | 448b 5424 | 2841 ffca | 443b 5424 | 280f 8385 
  0x000001f9eb9bb740: 0e00 0044 | 8b40 0c45 | 85c0 0f86 | 780e 0000 | 453b d00f | 836f 0e00 | 0044 8b74 | 242c 41ff 
  0x000001f9eb9bb760: ce44 8b6c | 242c 41d1 | fd48 6374 | 242c 418b | ed83 c5fe | 443b ed41 | bb00 0000 | 8041 0f4c 
  0x000001f9eb9bb780: eb4d 63d5 | 488b d649 | 2bd2 418b | fdff c748 | ffca 4533 | c0e9 6307 | 0000 448b | 4424 088b 
  0x000001f9eb9bb7a0: 5424 0cc4 | e1f9 7ec3 | 448b 5424 | 1844 8b5c | 241c 41f7 | c002 0000 | 0075 0848 | 8bc3 e9f2 
  0x000001f9eb9bb7c0: faff ff8b | 6b0c 85ed | 0f86 d80d | 0000 8b4b | 1045 8b4c | cc0c 4489 | 5c24 2444 | 8954 2420 
  0x000001f9eb9bb7e0: 4889 5c24 | 1889 5424 | 0c44 8944 | 2408 48ba | 086d 0000 | 0800 0000 | 448b c590 | c5f8 77e8 
  0x000001f9eb9bb800: fc13 4ef8 | 448b 580c | 448b cd41 | d1f9 458b | d141 ffc2 | 4585 db0f | 8638 0d00 | 0045 3bcb 
  0x000001f9eb9bb820: 0f83 2f0d | 0000 4863 | cd4d 63c1 | 488b d949 | 2bd8 48ff | cb48 3bd9 | 0f83 170d | 0000 448b 
  0x000001f9eb9bb840: c541 ffc8 | 443b c50f | 8308 0d00 | 0044 8954 | 2428 4d63 | d349 3bda | 0f83 f20c | 0000 453b 
  0x000001f9eb9bb860: c30f 8331 | 0d00 0044 | 3bcd 0f83 | 2f0d 0000 | 41b9 401f | 0000 4533 | c0e9 8402 | 0000 4c8b 
  0x000001f9eb9bb880: c6e9 5e01 | 0000 6666 | 0f1f 8400 | 0000 0000 | 442b 5c24 | 1045 8bf3 | 41ff c644 | 8bde 453b 
  0x000001f9eb9bb8a0: f10f 83bc | 0900 0045 | 8b54 cc10 | 478b 54d4 | 0c45 3bda | 0f83 6701 | 0000 c4c1 | f97e d245 
  0x000001f9eb9bb8c0: 8b54 9210 | 478b 44d4 | 0c49 c1e2 | 0345 3bf0 | 0f83 b609 | 0000 478b | 54b2 1041 | 83fa ff0f 
  0x000001f9eb9bb8e0: 8432 0100 | 0045 8b44 | c40c 453b | d80f 83b5 | 0900 0046 | 8954 9d10 | 4533 c0c4 | c1f9 7ed2 
  0x000001f9eb9bb900: 418b 7210 | 458b 54f4 | 0c44 0354 | 2410 4d8b | b748 0300 | 0041 8bf3 | ffc6 4185 | 0641 3bf2 
  0x000001f9eb9bb920: 0f8c 6aff | ffff 4d8b | 9748 0300 | 00ff c741 | 8502 3b3c | 240f 8d58 | 0100 00c4 | c1f9 7ec0 
  0x000001f9eb9bb940: c4e1 f97e | cec5 f97e | da44 8b54 | 2410 448b | 5c24 1444 | 3b54 2408 | 0f8d 4b01 | 0000 4489 
  0x000001f9eb9bb960: 5c24 1444 | 8954 2410 | c5f9 6eda | c4e1 f96e | cec4 c1f9 | 6ec0 c4c1 | f97e e241 | 8b44 ba10 
  0x000001f9eb9bb980: 8bd7 412b | d341 3bfd | 0f83 f0fe | ffff 448b | 5424 1044 | 3b54 2404 | 0f83 e0fe | ffff c4c1 
  0x000001f9eb9bb9a0: f97e d245 | 8b54 9210 | 478b 44d4 | 0c45 85c0 | 0f86 320a | 0000 478b | 54d4 1041 | 83fa ff0f 
  0x000001f9eb9bb9c0: 8404 0100 | 0045 8b44 | c40c 448b | 5c24 1045 | 3bd8 0f83 | d508 0000 | 4d8d 04c4 | 4789 5498 
  0x000001f9eb9bb9e0: 1045 33c0 | c4c1 f97e | d245 8b52 | 1047 8b5c | d40c 4403 | 5c24 1041 | 3bdb 0f8d | 26ff ffff 
  0x000001f9eb9bba00: 413b fd73 | 2649 8d2c | c444 8bdb | 41be 0100 | 0000 e987 | feff ffc4 | c1f9 7ec8 | e9da feff 
  0x000001f9eb9bba20: ffc4 c1f9 | 7ec8 e9d0 | feff ff44 | 8bdb 41ba | 0100 0000 | eb18 6666 | 0f1f 8400 | 0000 0000 
  0x000001f9eb9bba40: 442b 5c24 | 1045 8bd3 | 41ff c244 | 8bda 453b | d10f 830c | 0800 0045 | 3b64 cc10 | 0f84 7609 
  0x000001f9eb9bba60: 0000 c4e1 | f97e d244 | 8b42 1047 | 8b54 c40c | 4403 5424 | 104d 8b87 | 4803 0000 | 418b d3ff 
  0x000001f9eb9bba80: c241 8500 | 413b d27c | b7c4 c1f9 | 7ec8 e993 | feff ffc5 | f877 4883 | c460 5d49 | 3ba7 4003 
  0x000001f9eb9bbaa0: 0000 0f87 | 3c11 0000 | c344 895c | 2414 4489 | 5424 10c5 | f96e dac4 | e1f9 6ece | c4c1 f96e 
  0x000001f9eb9bbac0: c04c 8bc6 | e95d feff | ff4c 8bc6 | e913 ffff | ffc4 e1f9 | 7ec3 c4e1 | f97e e0c4 | e1f9 7ee9 
  0x000001f9eb9bbae0: c4c1 797e | f04d 8b97 | 4803 0000 | 41ff c041 | 8502 443b | 4424 280f | 8da5 f7ff | ff48 895c 
  0x000001f9eb9bbb00: 2418 488b | 5c24 1844 | 8b5b 1047 | 8b54 dc0c | 4585 d276 | d045 8bea | c5fb 1044 | 2418 4963 
  0x000001f9eb9bbb20: d048 8bd9 | 482b da4c | 8b54 2418 | 458b 549a | 0cc4 c179 | 6eca 478b | 5cd4 0c44 | 8b54 9010 
  0x000001f9eb9bbb40: c4c1 796e | d243 8b7c | d40c 4c8b | 5424 1845 | 8b54 9210 | c4c1 796e | da47 8b54 | d40c 8b5c 
  0x000001f9eb9bbb60: 980c 418b | 54dc 0c45 | 85db 0f86 | d208 0000 | 8954 2430 | c5f9 6efb | 4489 5424 | 2c89 7c24 
  0x000001f9eb9bbb80: 1cc4 c179 | 6ef0 c4e1 | f96e e9c4 | e1f9 6ee0 | 41ba 0100 | 0000 453b | d3b9 0100 | 0000 410f 
  0x000001f9eb9bbba0: 4fcb 4489 | 5c24 18c4 | c179 7ed2 | 4f8d 1cd4 | c4c1 797e | c849 c1e0 | 0341 8bdb | c4c1 797e 
  0x000001f9eb9bbbc0: fa4b 8d3c | d4c1 eb02 | c4c1 797e | da4b 8d34 | d483 e303 | 03d9 f7db | 83e3 0303 | d93b 5c24 
  0x000001f9eb9bbbe0: 1844 8b54 | 2418 410f | 4fda 33c9 | eb14 c4e1 | f97e e0c4 | c179 7ef0 | e998 0100 | 0066 6690 
  0x000001f9eb9bbc00: 8bc8 3b4c | 2418 73e6 | 418b 4488 | 103b 4c24 | 1c0f 83ad | 0600 0041 | 8944 8b10 | 3b4c 242c 
  0x000001f9eb9bbc20: 0f83 f606 | 0000 448b | 548e 103b | 4c24 300f | 8347 0700 | 0044 8954 | 8f10 c4c1 | f97e c241 
  0x000001f9eb9bbc40: 8b52 1041 | 8b54 d40c | 8bc1 ffc0 | 3bc2 0f8d | 7dfe ffff | 3bc3 7ca8 | 4863 5c24 | 184c 6354 
  0x000001f9eb9bbc60: 2430 4863 | 6c24 2c4c | 636c 241c | 493b dd8b | 5c24 180f | 4f5c 241c | 4c63 ea4c | 63f3 4c3b 
  0x000001f9eb9bbc80: f50f 4f5c | 242c 49ff | cd48 63eb | 493b ea0f | 4f5c 2430 | 458b d548 | 63eb 493b | ed41 0f4f 
  0x000001f9eb9bbca0: da8b eb83 | c5f9 3bdd | 41ba 0000 | 0080 410f | 4cea 3bc5 | 0f8d 8f07 | 0000 ffc1 | 448b d544 
  0x000001f9eb9bbcc0: 2bd1 3be9 | 440f 4c54 | 240c 4181 | fa40 1f00 | 0045 0f47 | d144 03d1 | 0f1f 8400 | 0000 0000 
  0x000001f9eb9bbce0: c441 7a6f | 4488 10c4 | 417a 7f44 | 8b10 c57a | 6f44 8e10 | c57a 7f44 | 8f10 c441 | 7a6f 4488 
  0x000001f9eb9bbd00: 20c4 417a | 7f44 8b20 | c57a 6f44 | 8e20 c57a | 7f44 8f20 | 83c1 0841 | 3bca 7cc4 | 4d8b 9748 
  0x000001f9eb9bbd20: 0300 0041 | 8502 3bcd | 7c92 3b4c | 2418 7d5b | 3b4c 2418 | 0f83 b4fe | ffff 418b | 4488 103b 
  0x000001f9eb9bbd40: 4c24 1c0f | 837b 0500 | 0041 8944 | 8b10 3b4c | 242c 0f83 | c405 0000 | 448b 548e | 103b 4c24 
  0x000001f9eb9bbd60: 300f 8315 | 0600 0044 | 8954 8f10 | c4c1 f97e | c241 8b5a | 1045 8b54 | dc0c ffc1 | 413b ca0f 
  0x000001f9eb9bbd80: 8d4c fdff | ff3b 4c24 | 187c a5c4 | e1f9 7ee0 | c4c1 797e | f0ba e4ff | ffff 488b | 2c24 448b 
  0x000001f9eb9bbda0: 5c24 0844 | 891c 244c | 8b54 2410 | 4c89 5424 | 0844 8b54 | 2420 4489 | 5424 0444 | 8b54 2424 
  0x000001f9eb9bbdc0: 4489 5424 | 10c5 fb11 | 4424 1848 | 8944 2420 | 4489 4424 | 1489 4c24 | 2c89 4c24 | 30c5 fa11 
  0x000001f9eb9bbde0: 5424 34c5 | fa11 4c24 | 3866 6690 | c5f8 77e8 | 0c65 43f8 | 660f 1f44 | 0000 660f | 1f44 0000 
  0x000001f9eb9bbe00: 448b d946 | 8b54 9f0c | 8b4c 242c | 412b c949 | 63d1 4489 | 5490 1044 | 8b54 9710 | 4689 5498 
  0x000001f9eb9bbe20: 0c4c 8bd6 | 4c2b d246 | 8b5c 9708 | 4489 5c90 | 1444 8b5c | 9714 4689 | 5c90 0846 | 8b5c 9704 
  0x000001f9eb9bbe40: 4489 5c90 | 1844 8b5c | 9718 4689 | 5c90 0446 | 8b1c 9744 | 895c 901c | 448b 5c97 | 1c46 891c 
  0x000001f9eb9bbe60: 9083 c1fc | 4183 c104 | 443b cb7c | 934d 8b97 | 4803 0000 | 4185 0244 | 3bcd 7d26 | 448b d98b 
  0x000001f9eb9bbe80: dd41 2bd9 | 413b e90f | 4c5c 240c | 81fb a00f | 0000 b9a0 | 0f00 000f | 47d9 4103 | d9e9 61ff 
  0x000001f9eb9bbea0: ffff c4e1 | f97e ca44 | 3b4c 2430 | 7d2e 6690 | 448b 548f | 0c46 8954 | 8810 468b | 548f 1044 
  0x000001f9eb9bbec0: 8954 880c | 458b d141 | ffc2 443b | 5424 307d | 0b41 8bce | 412b c945 | 8bca ebd4 | 4d8b 9748 
  0x000001f9eb9bbee0: 0300 0041 | ffc0 4185 | 0244 3b44 | 2428 0f8d | a6f8 ffff | c4e1 f97e | c08b 7c24 | 304c 8b54 
  0x000001f9eb9bbf00: 2420 418b | 4a10 85c9 | 0f84 e304 | 0000 478b | 5482 1047 | 8b5c d40c | 468b 4c80 | 1043 8b5c 
  0x000001f9eb9bbf20: cc0c 897c | 2430 c4e1 | f96e c049 | 63fb 483b | d70f 83c9 | 0400 0045 | 3bf3 0f83 | c004 0000 
  0x000001f9eb9bbf40: 85db 0f86 | b804 0000 | 443b eb0f | 83af 0400 | 0045 85db | 0f86 a604 | 0000 453b | eb0f 839d 
  0x000001f9eb9bbf60: 0400 004c | 63db 493b | d30f 8391 | 0400 0044 | 3bf3 0f83 | 8804 0000 | 4b8d 04cc | 4b8d 3cd4 
  0x000001f9eb9bbf80: 8b4c b70c | 4389 4ccc | 1047 8b5c | d410 4489 | 5cb0 0c83 | fd01 0f8e | 9804 0000 | 458b de41 
  0x000001f9eb9bbfa0: b901 0000 | 00c4 e1f9 | 6eca e9d0 | feff ff43 | 8b6c cc18 | 85ed 0f84 | f207 0000 | 438b 4ccc 
  0x000001f9eb9bbfc0: 0881 f9e0 | b114 000f | 840f 0800 | 004d 8d04 | ec45 8b48 | 0c45 3bcb | 0f85 0e02 | 0000 458b 
  0x000001f9eb9bbfe0: 4810 498b | c948 c1e1 | 0349 3bca | 0f84 baf1 | ffff 410f | be7a 104c | 3bd1 0f84 | acf1 ffff 
  0x000001f9eb9bc000: 438b 4ccc | 0881 f970 | e900 000f | 8503 0900 | 0049 c1e1 | 0341 0fbe | 6910 3bfd | 0f85 b208 
  0x000001f9eb9bc020: 0000 418b | 5914 458b | 4a14 418b | 74dc 0c43 | 8b4c cc0c | 3bce 0f85 | d800 0000 | 498d 3cdc 
  0x000001f9eb9bc040: 498d 74dc | 104b 8d1c | cc4b 8d7c | cc10 85c9 | 0f84 a500 | 0000 8bc1 | 83e0 1f83 | e1e0 0f84 
  0x000001f9eb9bc060: 4b00 0000 | 488d 3c0f | 488d 340e | 48f7 d9c5 | fe6f 140f | c5fe 6f0c | 0ec5 edef | d1c4 e27d 
  0x000001f9eb9bc080: 17d2 0f85 | 7a00 0000 | 4883 c120 | 75e1 85c0 | 0f84 6500 | 0000 c5fe | 6f54 07e0 | c5fe 6f4c 
  0x000001f9eb9bc0a0: 06e0 c5ed | efd1 c4e2 | 7d17 d275 | 55eb 4c8b | c883 e1fc | 7419 488d | 3c0f 488d | 340e 48f7 
  0x000001f9eb9bc0c0: d98b 1c0f | 3b1c 0e75 | 3948 83c1 | 0475 f2f7 | c002 0000 | 0074 120f | b71f 0fb7 | 0e3b d975 
  0x000001f9eb9bc0e0: 2148 8d7f | 0248 8d76 | 02f7 c001 | 0000 0074 | 0a0f b61f | 0fb6 0e3b | d975 07b8 | 0100 0000 
  0x000001f9eb9bc100: eb02 33c0 | c5ed efd2 | c5f5 efc9 | 85c0 0f85 | 98f0 ffff | ba45 ffff | ff48 8b2c | 2444 8934 
  0x000001f9eb9bc120: 244c 8b4c | 2410 4c89 | 4c24 08c5 | fa11 4424 | 04c5 fa11 | 6c24 104c | 8954 2418 | 4c89 4424 
  0x000001f9eb9bc140: 2044 895c | 2414 6690 | c5f8 77e8 | b061 43f8 | c57a 2cd9 | 4181 fb00 | 0000 8075 | 1048 83ec 
  0x000001f9eb9bc160: 08c5 fa11 | 0c24 e888 | 4f3e f841 | 5be9 1cf1 | ffff c57a | 2cd0 4181 | fa00 0000 | 8075 1048 
  0x000001f9eb9bc180: 83ec 08c5 | fa11 0424 | e866 4f3e | f841 5ae9 | c8f0 ffff | ffc3 bae4 | ffff ff48 | 8b2c 2444 
  0x000001f9eb9bc1a0: 8b54 2408 | 4489 1424 | 4c8b 5424 | 104c 8954 | 2408 448b | 5424 2044 | 8954 2404 | 448b 5c24 
  0x000001f9eb9bc1c0: 2444 895c | 2410 c5fb | 1144 2418 | 4c89 7424 | 2089 5c24 | 144c 894c | 2428 897c | 2430 894c 
  0x000001f9eb9bc1e0: 2434 6690 | c5f8 77e8 | 1461 43f8 | 458b 4018 | 4d8b 8f48 | 0300 0041 | 8501 4585 | c00f 84ab 
  0x000001f9eb9bc200: 0500 0049 | c1e0 03e9 | c5fd ffff | 4533 c033 | d245 33db | e90e eeff | ff33 d241 | c642 1101 
  0x000001f9eb9bc220: 4533 c045 | 33db e9fc | edff ff41 | f7da e920 | f0ff ff41 | f7db e947 | f0ff ff44 | 8b44 2408 
  0x000001f9eb9bc240: 8b54 240c | 498b de44 | 8b54 2420 | 448b 5c24 | 24e9 7ff4 | ffff 4533 | c033 d245 | 33db e9c4 
  0x000001f9eb9bc260: edff ffba | 45ff ffff | c4e1 f97e | c5c5 fb11 | 0c24 c5fb | 1154 2408 | 897c 2418 | 4489 5c24 
  0x000001f9eb9bc280: 1c66 6690 | c5f8 77e8 | 7460 43f8 | c4c1 796e | deba e6ff | ffff 498b | eac5 fa11 | 1c24 6690 
  0x000001f9eb9bc2a0: c5f8 77e8 | 5860 43f8 | 4489 5c24 | 10ba e6ff | ffff 8be8 | 4489 5424 | 0466 6690 | c5f8 77e8 
  0x000001f9eb9bc2c0: 3c60 43f8 | bae4 ffff | ff48 8b2c | 2444 8b5c | 2408 4489 | 1c24 4c8b | 5424 104c | 8954 2408 
  0x000001f9eb9bc2e0: 448b 5c24 | 2044 895c | 2404 448b | 5424 2444 | 8954 2410 | c5fb 1144 | 2418 c5fb | 1164 2420 
  0x000001f9eb9bc300: c5fa 1174 | 2414 894c | 242c 8944 | 2430 c5fa | 1154 2434 | c5f8 77e8 | e45f 43f8 | bae4 ffff 
  0x000001f9eb9bc320: ff48 8b2c | 2444 8b5c | 2408 4489 | 1c24 4c8b | 5424 104c | 8954 2408 | 448b 5424 | 2044 8954 
  0x000001f9eb9bc340: 2404 448b | 5c24 2444 | 895c 2410 | c5fb 1144 | 2418 c5fb | 1164 2420 | c5fa 1174 | 2414 894c 
  0x000001f9eb9bc360: 242c 894c | 2430 c5fa | 115c 2434 | c5fa 117c | 2438 6690 | c5f8 77e8 | 845f 43f8 | bae4 ffff 
  0x000001f9eb9bc380: ff48 8b2c | 2444 8b5c | 2408 4489 | 1c24 4c8b | 5c24 104c | 895c 2408 | 448b 5c24 | 2044 895c 
  0x000001f9eb9bc3a0: 2404 448b | 4424 2444 | 8944 2410 | c5fb 1144 | 2418 c5fb | 1164 2420 | c5fa 1174 | 2414 894c 
  0x000001f9eb9bc3c0: 242c 4489 | 5424 30c5 | fa11 7c24 | 3466 6690 | c5f8 77e8 | 285f 43f8 | baf6 ffff | ff66 6690 
  0x000001f9eb9bc3e0: c5f8 77e8 | 185f 43f8 | 49c1 e203 | e9a0 feff | ffba f6ff | ffff 6690 | c5f8 77e8 | 005f 43f8 
  0x000001f9eb9bc400: 418b 6ccc | 0cd1 fdff | c5ba 76ff | ffff 448b | 5424 1844 | 8954 240c | 448b 5424 | 1c44 8954 
  0x000001f9eb9bc420: 2418 4889 | 4424 2844 | 8944 241c | c5f8 77e8 | cc5e 43f8 | 418b ce41 | b901 0000 | 00e9 65fa 
  0x000001f9eb9bc440: ffff 33c9 | e94c f9ff | ff8b c8e9 | daf8 ffff | bade ffff | ff44 894c | 2408 c5fa | 1144 240c 
  0x000001f9eb9bc460: c5fa 114c | 2418 4c89 | 4424 2090 | c5f8 77e8 | 8c5e 43f8 | bae4 ffff | ff48 8b2c | 2444 8934 
  0x000001f9eb9bc480: 244c 8b54 | 2410 4c89 | 5424 0848 | 895c 2418 | c5fa 116c | 2404 c5fa | 1144 2420 | c5f8 77e8 
  0x000001f9eb9bc4a0: 5c5e 43f8 | 4c8b 0424 | 488b 7424 | 10ba beff | ffff 498b | e848 8934 | 2448 8944 | 2408 4489 
  0x000001f9eb9bc4c0: 5424 1044 | 895c 2418 | 4489 5c24 | 1c89 5c24 | 2066 6690 | c5f8 77e8 | 245e 43f8 | 4c8b 0424 
  0x000001f9eb9bc4e0: 488b 7424 | 10eb c648 | 8b74 2410 | ebbf ba45 | ffff ff48 | 8b2c 2444 | 890c 2448 | 897c 2408 
  0x000001f9eb9bc500: c5fa 1144 | 2404 c5fa | 114c 2410 | 4c89 5424 | 1844 895c | 2414 4489 | 4424 2490 | c5f8 77e8 
  0x000001f9eb9bc520: dc5d 43f8 | ba45 ffff | ff4c 8b4c | 2410 4c89 | 4c24 0848 | 8944 2410 | 4489 5424 | 1844 895c 
  0x000001f9eb9bc540: 241c 4489 | 4424 2090 | c5f8 77e8 | b05d 43f8 | 448b 5424 | 28ba beff | ffff 488b | 2c24 448b 
  0x000001f9eb9bc560: 4424 0844 | 8904 244c | 8b5c 2410 | 4c89 5c24 | 0844 8b5c | 2420 4489 | 5c24 0444 | 8b44 2424 
  0x000001f9eb9bc580: 4489 4424 | 1048 8944 | 2420 4489 | 5424 1490 | c5f8 77e8 | 685d 43f8 | 448b 5424 | 28eb b644 
  0x000001f9eb9bc5a0: 8b54 2428 | ebaf bae4 | ffff ff44 | 8944 2408 | 4489 5424 | 0c44 895c | 2418 4889 | 5c24 2890 
  0x000001f9eb9bc5c0: c5f8 77e8 | 385d 43f8 | babe ffff | ff48 8b2c | 2444 8b5c | 2408 4489 | 1c24 4c8b | 5424 104c 
  0x000001f9eb9bc5e0: 8954 2408 | 448b 5424 | 1844 8954 | 2404 448b | 5c24 1c44 | 895c 2410 | 4c8b 5424 | 204c 8954 
  0x000001f9eb9bc600: 2418 4889 | 4424 2090 | c5f8 77e8 | f05c 43f8 | bae4 ffff | ff48 8b2c | 2444 8904 | 244c 8b44 
  0x000001f9eb9bc620: 2410 4c89 | 4424 0844 | 8954 2404 | 4489 5c24 | 1048 895c | 2420 4489 | 4c24 1490 | c5f8 77e8 
  0x000001f9eb9bc640: bc5c 43f8 | 33db e94b | fbff ff33 | dbba e4ff | ffff 488b | 2c24 448b | 5424 0844 | 8914 244c 
  0x000001f9eb9bc660: 8b54 2410 | 4c89 5424 | 0844 8b5c | 2420 4489 | 5c24 0444 | 8b5c 2424 | 4489 5c24 | 10c5 fb11 
  0x000001f9eb9bc680: 4424 184c | 8974 2428 | 895c 2430 | c5f8 77e8 | 6c5c 43f8 | 33db bae4 | ffff ff44 | 8b54 2420 
  0x000001f9eb9bc6a0: 4489 5424 | 0c44 8b54 | 2424 4489 | 5424 18c5 | fb11 4424 | 204c 8974 | 2428 897c | 2430 895c 
  0x000001f9eb9bc6c0: 2434 c5fa | 114c 243c | c5f8 77e8 | 305c 43f8 | bb03 0000 | 00c5 f97e | dac4 e1f9 | 7ed0 4c8b 
  0x000001f9eb9bc6e0: 6c24 18c5 | f97e e6eb | 05bb 0100 | 0000 3bda | 0f8d 57ff | ffff 6690 | 3bda 0f83 | 4dff ffff 
  0x000001f9eb9bc700: c4c1 f97e | c245 8b52 | 1047 8b54 | d40c 418b | 6c9e 1041 | 8bfa 2b7c | 2438 ffcf | 3bde 0f83 
  0x000001f9eb9bc720: 72ff ffff | 418b 4c9b | 1045 8b44 | ec0c 4d8d | 0cec 413b | f80f 835b | faff ff4d | 63c2 4d2b 
  0x000001f9eb9bc740: c543 894c | 810c ffc3 | 413b da0f | 8da2 ecff | ff3b da7c | a3e9 f3fe | ffff bb01 | 0000 00e9 
  0x000001f9eb9bc760: 32fa ffff | ba76 ffff | ff44 8974 | 2408 c5fa | 1144 240c | c5fa 114c | 2418 4489 | 5c24 1c44 
  0x000001f9eb9bc780: 8944 2428 | 4c89 5424 | 3044 894c | 242c 6690 | c5f8 77e8 | 685b 43f8 | be01 0000 | 0033 d2e9 
  0x000001f9eb9bc7a0: 5fe8 ffff | bb02 0000 | 00e9 e8f9 | ffff baf4 | ffff ff48 | 8b2c 2444 | 8934 244c | 8b54 2410 
  0x000001f9eb9bc7c0: 4c89 5424 | 08c5 fa11 | 4424 04c5 | fa11 6c24 | 1066 6690 | c5f8 77e8 | 245b 43f8 | ba45 ffff 
  0x000001f9eb9bc7e0: ff44 8974 | 2408 c5fa | 1144 240c | c5fa 116c | 2418 4c89 | 5424 2044 | 894c 241c | 4489 5c24 
  0x000001f9eb9bc800: 2866 6690 | c5f8 77e8 | f45a 43f8 | bb03 0000 | 00e9 80f9 | ffff bb04 | 0000 00e9 | 76f9 ffff 
  0x000001f9eb9bc820: babe ffff | ff48 8b2c | 2444 8b5c | 2408 4489 | 1c24 4c8b | 5424 104c | 8954 2408 | 448b 5424 
  0x000001f9eb9bc840: 2044 8954 | 2404 448b | 5c24 2444 | 895c 2410 | 4c89 7424 | 2066 6690 | c5f8 77e8 | a05a 43f8 
  0x000001f9eb9bc860: ba45 ffff | ff44 8974 | 2408 c5fa | 1144 240c | c5fa 116c | 2418 4489 | 4c24 1c44 | 895c 2428 
  0x000001f9eb9bc880: 4c89 5424 | 304c 8944 | 2438 895c | 242c 6690 | c5f8 77e8 | 685a 43f8 | 85db 400f | 95c5 400f 
  0x000001f9eb9bc8a0: b6ed 83f5 | 01ba 45ff | ffff 4489 | 4c24 08c5 | fa11 4424 | 0cc5 fa11 | 4c24 1844 | 895c 241c 
  0x000001f9eb9bc8c0: 4489 4424 | 284c 8954 | 2430 6690 | c5f8 77e8 | 2c5a 43f8 | ba45 ffff | ff44 8974 | 2408 c5fa 
  0x000001f9eb9bc8e0: 1144 240c | c5fa 116c | 2418 4c89 | 4424 2844 | 895c 241c | 4c89 5424 | 304c 894c | 2438 897c 
  0x000001f9eb9bc900: 2440 6690 | c5f8 77e8 | f459 43f8 | 418b dae9 | 82f8 ffff | bade ffff | ff48 8b2c | 2444 8934 
  0x000001f9eb9bc920: 2448 8b4c | 2410 4889 | 4c24 08c5 | fa11 4424 | 04c5 fa11 | 6c24 104c | 8944 2420 | 4489 5c24 
  0x000001f9eb9bc940: 144c 8954 | 2428 4489 | 4c24 3490 | c5f8 77e8 | ac59 43f8 | bade ffff | ff44 8974 | 2408 c5fa 
  0x000001f9eb9bc960: 1144 240c | c5fa 116c | 2418 6690 | c5f8 77e8 | 8c59 43f8 | bade ffff | ff48 8b2c | 2444 8934 
  0x000001f9eb9bc980: 2448 8b4c | 2410 4889 | 4c24 08c5 | fa11 4424 | 04c5 fa11 | 6c24 1044 | 894c 2414 | 4489 5c24 
  0x000001f9eb9bc9a0: 204c 8954 | 2428 4489 | 4424 3090 | c5f8 77e8 | 4c59 43f8 | baf6 ffff | ff8b ef89 | 0c24 6690 
  0x000001f9eb9bc9c0: c5f8 77e8 | 3859 43f8 | baf6 ffff | ff66 6690 | c5f8 77e8 | 2859 43f8 | c4c1 796e | deba f6ff 
  0x000001f9eb9bc9e0: ffff c5f9 | 7edd 6690 | c5f8 77e8 | 1059 43f8 | 4489 5c24 | 10ba f6ff | ffff 4489 | 1424 6690 
  0x000001f9eb9bca00: c5f8 77e8 | f858 43f8 | baf6 ffff | ff66 6690 | c5f8 77e8 | e858 43f8 | ba76 ffff | ff48 8b2c 
  0x000001f9eb9bca20: 2444 8b54 | 2408 4489 | 1424 4c8b | 5424 104c | 8954 2408 | 448b 5c24 | 2044 895c | 2404 448b 
  0x000001f9eb9bca40: 5424 2444 | 8954 2410 | 4889 4424 | 2044 8944 | 2414 4489 | 6c24 2890 | c5f8 77e8 | a058 43f8 
  0x000001f9eb9bca60: baf6 ffff | ff66 6690 | c5f8 77e8 | 9058 43f8 | 488b d0eb | 0848 8bd0 | eb03 488b | d0c5 f877 
  0x000001f9eb9bca80: 4883 c460 | 5de9 7615 | 4ef8 baf6 | ffff ff49 | 8be8 6690 | c5f8 77e8 | 6458 43f8 | baf6 ffff 
  0x000001f9eb9bcaa0: ff66 6690 | c5f8 77e8 | 5458 43f8 | 488b 7424 | 10e9 f7f9 | ffff 488b | 7424 10e9 | edf9 ffff 
  0x000001f9eb9bcac0: baf6 ffff | ff66 6690 | c5f8 77e8 | 3058 43f8 | ba45 ffff | ff48 8b2c | 2444 8934 | 2448 8b4c 
  0x000001f9eb9bcae0: 2410 4889 | 4c24 08c5 | fa11 4424 | 04c5 fa11 | 6c24 1044 | 894c 2414 | 4489 5c24 | 2044 8944 
  0x000001f9eb9bcb00: 2424 4c89 | 5424 2890 | c5f8 77e8 | f057 43f8 | baf6 ffff | ff66 6690 | c5f8 77e8 | e057 43f8 
  0x000001f9eb9bcb20: baf6 ffff | ff66 6690 | c5f8 77e8 | d057 43f8 | ba76 ffff | ff48 8b2c | 2444 8b54 | 2408 4489 
  0x000001f9eb9bcb40: 1424 4c8b | 5424 104c | 8954 2408 | 448b 5c24 | 2044 895c | 2404 448b | 5c24 2444 | 895c 2410 
  0x000001f9eb9bcb60: 4c89 7424 | 2089 5c24 | 2866 6690 | c5f8 77e8 | 8c57 43f8 | baf6 ffff | ff66 6690 | c5f8 77e8 
  0x000001f9eb9bcb80: 7c57 43f8 | baf6 ffff | ff66 6690 | c5f8 77e8 | 6c57 43f8 | baf6 ffff | ff66 6690 | c5f8 77e8 
  0x000001f9eb9bcba0: 5c57 43f8 | ba45 ffff | ff48 8b2c | 2444 8934 | 2448 8b4c | 2410 4889 | 4c24 08c5 | fa11 4424 
  0x000001f9eb9bcbc0: 04c5 fa11 | 6c24 104c | 8944 2420 | 4489 5c24 | 1444 894c | 2428 4c89 | 5424 3090 | c5f8 77e8 
  0x000001f9eb9bcbe0: 1c57 43f8 | 49ba 9bba | 9beb f901 | 0000 4d89 | 9758 0300 | 00e9 0668 | 43f8 f4f4 | f4f4 f4f4 
  0x000001f9eb9bcc00: e97b 7f4d | f8e8 0000 | 0000 4883 | 2c24 05e9 | 8c5a 43f8 | f4f4 f4f4 
[/MachCode]
--------------------------------------------------------------------------------


---------------  P R O C E S S  ---------------

Threads class SMR info:
_java_thread_list=0x000001f9810d6e10, length=25, elements={
0x000001f9ff949ed0, 0x000001f9ff94aa50, 0x000001f9ff961d50, 0x000001f9ff963620,
0x000001f9ff963ee0, 0x000001f9ff9647a0, 0x000001f9ff966ae0, 0x000001f9ff967490,
0x000001f9ffa80860, 0x000001f9ffb946b0, 0x000001f9ffb96c80, 0x000001f9ffbca020,
0x000001f9ffbd7380, 0x000001f9dc2ad380, 0x000001f9ffd8c850, 0x000001f9ffdca240,
0x000001f9ffdcaf20, 0x000001f980ee3ca0, 0x000001f980f33b10, 0x000001f980f33fe0,
0x000001f980f07a70, 0x000001f980f46060, 0x000001f980fd6140, 0x000001f980fd6650,
0x000001f980f06260
}

Java Threads: ( => current thread )
  0x000001f9ff949ed0 JavaThread "Reference Handler" daemon [_thread_blocked, id=7076, stack(0x0000006af0d00000,0x0000006af0e00000)]
  0x000001f9ff94aa50 JavaThread "Finalizer" daemon [_thread_blocked, id=2028, stack(0x0000006af0e00000,0x0000006af0f00000)]
  0x000001f9ff961d50 JavaThread "Signal Dispatcher" daemon [_thread_blocked, id=5736, stack(0x0000006af0f00000,0x0000006af1000000)]
  0x000001f9ff963620 JavaThread "Attach Listener" daemon [_thread_blocked, id=1520, stack(0x0000006af1000000,0x0000006af1100000)]
  0x000001f9ff963ee0 JavaThread "Service Thread" daemon [_thread_blocked, id=2228, stack(0x0000006af1100000,0x0000006af1200000)]
  0x000001f9ff9647a0 JavaThread "Monitor Deflation Thread" daemon [_thread_blocked, id=4152, stack(0x0000006af1200000,0x0000006af1300000)]
  0x000001f9ff966ae0 JavaThread "C2 CompilerThread0" daemon [_thread_blocked, id=14304, stack(0x0000006af1300000,0x0000006af1400000)]
  0x000001f9ff967490 JavaThread "C1 CompilerThread0" daemon [_thread_blocked, id=892, stack(0x0000006af1400000,0x0000006af1500000)]
  0x000001f9ffa80860 JavaThread "Sweeper thread" daemon [_thread_blocked, id=19764, stack(0x0000006af1500000,0x0000006af1600000)]
  0x000001f9ffb946b0 JavaThread "C1 CompilerThread1" daemon [_thread_blocked, id=1100, stack(0x0000006af1600000,0x0000006af1700000)]
  0x000001f9ffb96c80 JavaThread "C1 CompilerThread2" daemon [_thread_blocked, id=3920, stack(0x0000006af1700000,0x0000006af1800000)]
  0x000001f9ffbca020 JavaThread "Notification Thread" daemon [_thread_blocked, id=25596, stack(0x0000006af1800000,0x0000006af1900000)]
  0x000001f9ffbd7380 JavaThread "Common-Cleaner" daemon [_thread_blocked, id=6188, stack(0x0000006af1a00000,0x0000006af1b00000)]
  0x000001f9dc2ad380 JavaThread "DestroyJavaVM" [_thread_blocked, id=17088, stack(0x0000006af0600000,0x0000006af0700000)]
  0x000001f9ffd8c850 JavaThread "Java2D Disposer" daemon [_thread_blocked, id=25564, stack(0x0000006af1c00000,0x0000006af1d00000)]
  0x000001f9ffdca240 JavaThread "AWT-Shutdown" [_thread_blocked, id=23448, stack(0x0000006af1e00000,0x0000006af1f00000)]
  0x000001f9ffdcaf20 JavaThread "AWT-Windows" daemon [_thread_in_native, id=16048, stack(0x0000006af1f00000,0x0000006af2000000)]
  0x000001f980ee3ca0 JavaThread "AWT-EventQueue-0" [_thread_blocked, id=16940, stack(0x0000006af2c00000,0x0000006af2d00000)]
=>0x000001f980f33b10 JavaThread "Thread-2" [_thread_in_Java, id=19672, stack(0x0000006af2d00000,0x0000006af2e00000)]
  0x000001f980f33fe0 JavaThread "Thread-1" [_thread_in_Java, id=14352, stack(0x0000006af2e00000,0x0000006af2f00000)]
  0x000001f980f07a70 JavaThread "D3D Screen Updater" daemon [_thread_blocked, id=3316, stack(0x0000006af1b00000,0x0000006af1c00000)]
  0x000001f980f46060 JavaThread "C2 CompilerThread1" daemon [_thread_blocked, id=9272, stack(0x0000006af3700000,0x0000006af3800000)]
  0x000001f980fd6140 JavaThread "C2 CompilerThread2" daemon [_thread_blocked, id=19272, stack(0x0000006af3800000,0x0000006af3900000)]
  0x000001f980fd6650 JavaThread "C2 CompilerThread3" daemon [_thread_blocked, id=25348, stack(0x0000006af3900000,0x0000006af3a00000)]
  0x000001f980f06260 JavaThread "Thread-3" [_thread_in_Java, id=19728, stack(0x0000006af3a00000,0x0000006af3b00000)]

Other Threads:
  0x000001f9ff941cb0 VMThread "VM Thread" [stack: 0x0000006af0c00000,0x0000006af0d00000] [id=19452]
  0x000001f9ffbd6520 WatcherThread [stack: 0x0000006af1900000,0x0000006af1a00000] [id=24588]
  0x000001f9dc317050 GCTaskThread "GC Thread#0" [stack: 0x0000006af0700000,0x0000006af0800000] [id=20688]
  0x000001f980fc5990 GCTaskThread "GC Thread#1" [stack: 0x0000006af1d00000,0x0000006af1e00000] [id=17612]
  0x000001f980fc6050 GCTaskThread "GC Thread#2" [stack: 0x0000006af2f00000,0x0000006af3000000] [id=12652]
  0x000001f980fc6300 GCTaskThread "GC Thread#3" [stack: 0x0000006af3000000,0x0000006af3100000] [id=16140]
  0x000001f980fc65b0 GCTaskThread "GC Thread#4" [stack: 0x0000006af3100000,0x0000006af3200000] [id=26204]
  0x000001f980fc9080 GCTaskThread "GC Thread#5" [stack: 0x0000006af3200000,0x0000006af3300000] [id=10192]
  0x000001f980fc9d50 GCTaskThread "GC Thread#6" [stack: 0x0000006af3300000,0x0000006af3400000] [id=9588]
  0x000001f980fca000 GCTaskThread "GC Thread#7" [stack: 0x0000006af3400000,0x0000006af3500000] [id=16268]
  0x000001f980fca6c0 GCTaskThread "GC Thread#8" [stack: 0x0000006af3500000,0x0000006af3600000] [id=11068]
  0x000001f980fcbba0 GCTaskThread "GC Thread#9" [stack: 0x0000006af3600000,0x0000006af3700000] [id=16308]
  0x000001f9dc327530 ConcurrentGCThread "G1 Main Marker" [stack: 0x0000006af0800000,0x0000006af0900000] [id=4992]
  0x000001f9dc329600 ConcurrentGCThread "G1 Conc#0" [stack: 0x0000006af0900000,0x0000006af0a00000] [id=14200]
  0x000001f9dc38e080 ConcurrentGCThread "G1 Refine#0" [stack: 0x0000006af0a00000,0x0000006af0b00000] [id=17276]
  0x000001f9dc38e8b0 ConcurrentGCThread "G1 Service" [stack: 0x0000006af0b00000,0x0000006af0c00000] [id=21840]

Threads with active compile tasks:

VM state: not at safepoint (normal execution)

VM Mutex/Monitor currently owned by a thread: None

Heap address: 0x0000000709600000, size: 3946 MB, Compressed Oops mode: Zero based, Oop shift amount: 3

CDS archive(s) mapped at: [0x0000000800000000-0x0000000800bc0000-0x0000000800bc0000), size 12320768, SharedBaseAddress: 0x0000000800000000, ArchiveRelocationMode: 0.
Compressed class space mapped at: 0x0000000800c00000-0x0000000840c00000, reserved size: 1073741824
Narrow klass base: 0x0000000800000000, Narrow klass shift: 0, Narrow klass range: 0x100000000

GC Precious Log:
 CPUs: 16 total, 16 available
 Memory: 15776M
 Large Page Support: Disabled
 NUMA Support: Disabled
 Compressed Oops: Enabled (Zero based)
 Heap Region Size: 2M
 Heap Min Capacity: 8M
 Heap Initial Capacity: 248M
 Heap Max Capacity: 3946M
 Pre-touch: Disabled
 Parallel Workers: 13
 Concurrent Workers: 3
 Concurrent Refinement Workers: 13
 Periodic GC: Disabled

Heap:
 garbage-first heap   total 253952K, used 24833K [0x0000000709600000, 0x0000000800000000)
  region size 2048K, 12 young (24576K), 2 survivors (4096K)
 Metaspace       used 7232K, committed 7488K, reserved 1056768K
  class space    used 774K, committed 896K, reserved 1048576K

Heap Regions: E=young(eden), S=young(survivor), O=old, HS=humongous(starts), HC=humongous(continues), CS=collection set, F=free, OA=open archive, CA=closed archive, TAMS=top-at-mark-start (previous, next)
|   0|0x0000000709600000, 0x0000000709800000, 0x0000000709800000|100%|HS|  |TAMS 0x0000000709600000, 0x0000000709600000| Complete 
|   1|0x0000000709800000, 0x0000000709a00000, 0x0000000709a00000|100%|HC|  |TAMS 0x0000000709800000, 0x0000000709800000| Complete 
|   2|0x0000000709a00000, 0x0000000709a00000, 0x0000000709c00000|  0%| F|  |TAMS 0x0000000709a00000, 0x0000000709a00000| Untracked 
|   3|0x0000000709c00000, 0x0000000709c00000, 0x0000000709e00000|  0%| F|  |TAMS 0x0000000709c00000, 0x0000000709c00000| Untracked 
|   4|0x0000000709e00000, 0x0000000709e00000, 0x000000070a000000|  0%| F|  |TAMS 0x0000000709e00000, 0x0000000709e00000| Untracked 
|   5|0x000000070a000000, 0x000000070a000000, 0x000000070a200000|  0%| F|  |TAMS 0x000000070a000000, 0x000000070a000000| Untracked 
|   6|0x000000070a200000, 0x000000070a200000, 0x000000070a400000|  0%| F|  |TAMS 0x000000070a200000, 0x000000070a200000| Untracked 
|   7|0x000000070a400000, 0x000000070a400000, 0x000000070a600000|  0%| F|  |TAMS 0x000000070a400000, 0x000000070a400000| Untracked 
|   8|0x000000070a600000, 0x000000070a600000, 0x000000070a800000|  0%| F|  |TAMS 0x000000070a600000, 0x000000070a600000| Untracked 
|   9|0x000000070a800000, 0x000000070a800000, 0x000000070aa00000|  0%| F|  |TAMS 0x000000070a800000, 0x000000070a800000| Untracked 
|  10|0x000000070aa00000, 0x000000070aa00000, 0x000000070ac00000|  0%| F|  |TAMS 0x000000070aa00000, 0x000000070aa00000| Untracked 
|  11|0x000000070ac00000, 0x000000070ac00000, 0x000000070ae00000|  0%| F|  |TAMS 0x000000070ac00000, 0x000000070ac00000| Untracked 
|  12|0x000000070ae00000, 0x000000070ae00000, 0x000000070b000000|  0%| F|  |TAMS 0x000000070ae00000, 0x000000070ae00000| Untracked 
|  13|0x000000070b000000, 0x000000070b000000, 0x000000070b200000|  0%| F|  |TAMS 0x000000070b000000, 0x000000070b000000| Untracked 
|  14|0x000000070b200000, 0x000000070b200000, 0x000000070b400000|  0%| F|  |TAMS 0x000000070b200000, 0x000000070b200000| Untracked 
|  15|0x000000070b400000, 0x000000070b400000, 0x000000070b600000|  0%| F|  |TAMS 0x000000070b400000, 0x000000070b400000| Untracked 
|  16|0x000000070b600000, 0x000000070b600000, 0x000000070b800000|  0%| F|  |TAMS 0x000000070b600000, 0x000000070b600000| Untracked 
|  17|0x000000070b800000, 0x000000070b800000, 0x000000070ba00000|  0%| F|  |TAMS 0x000000070b800000, 0x000000070b800000| Untracked 
|  18|0x000000070ba00000, 0x000000070ba00000, 0x000000070bc00000|  0%| F|  |TAMS 0x000000070ba00000, 0x000000070ba00000| Untracked 
|  19|0x000000070bc00000, 0x000000070bc00000, 0x000000070be00000|  0%| F|  |TAMS 0x000000070bc00000, 0x000000070bc00000| Untracked 
|  20|0x000000070be00000, 0x000000070be00000, 0x000000070c000000|  0%| F|  |TAMS 0x000000070be00000, 0x000000070be00000| Untracked 
|  21|0x000000070c000000, 0x000000070c000000, 0x000000070c200000|  0%| F|  |TAMS 0x000000070c000000, 0x000000070c000000| Untracked 
|  22|0x000000070c200000, 0x000000070c200000, 0x000000070c400000|  0%| F|  |TAMS 0x000000070c200000, 0x000000070c200000| Untracked 
|  23|0x000000070c400000, 0x000000070c400000, 0x000000070c600000|  0%| F|  |TAMS 0x000000070c400000, 0x000000070c400000| Untracked 
|  24|0x000000070c600000, 0x000000070c600000, 0x000000070c800000|  0%| F|  |TAMS 0x000000070c600000, 0x000000070c600000| Untracked 
|  25|0x000000070c800000, 0x000000070c800000, 0x000000070ca00000|  0%| F|  |TAMS 0x000000070c800000, 0x000000070c800000| Untracked 
|  26|0x000000070ca00000, 0x000000070ca00000, 0x000000070cc00000|  0%| F|  |TAMS 0x000000070ca00000, 0x000000070ca00000| Untracked 
|  27|0x000000070cc00000, 0x000000070cc00000, 0x000000070ce00000|  0%| F|  |TAMS 0x000000070cc00000, 0x000000070cc00000| Untracked 
|  28|0x000000070ce00000, 0x000000070ce00000, 0x000000070d000000|  0%| F|  |TAMS 0x000000070ce00000, 0x000000070ce00000| Untracked 
|  29|0x000000070d000000, 0x000000070d000000, 0x000000070d200000|  0%| F|  |TAMS 0x000000070d000000, 0x000000070d000000| Untracked 
|  30|0x000000070d200000, 0x000000070d200000, 0x000000070d400000|  0%| F|  |TAMS 0x000000070d200000, 0x000000070d200000| Untracked 
|  31|0x000000070d400000, 0x000000070d400000, 0x000000070d600000|  0%| F|  |TAMS 0x000000070d400000, 0x000000070d400000| Untracked 
|  32|0x000000070d600000, 0x000000070d600000, 0x000000070d800000|  0%| F|  |TAMS 0x000000070d600000, 0x000000070d600000| Untracked 
|  33|0x000000070d800000, 0x000000070d800000, 0x000000070da00000|  0%| F|  |TAMS 0x000000070d800000, 0x000000070d800000| Untracked 
|  34|0x000000070da00000, 0x000000070da00000, 0x000000070dc00000|  0%| F|  |TAMS 0x000000070da00000, 0x000000070da00000| Untracked 
|  35|0x000000070dc00000, 0x000000070dc00000, 0x000000070de00000|  0%| F|  |TAMS 0x000000070dc00000, 0x000000070dc00000| Untracked 
|  36|0x000000070de00000, 0x000000070de00000, 0x000000070e000000|  0%| F|  |TAMS 0x000000070de00000, 0x000000070de00000| Untracked 
|  37|0x000000070e000000, 0x000000070e000000, 0x000000070e200000|  0%| F|  |TAMS 0x000000070e000000, 0x000000070e000000| Untracked 
|  38|0x000000070e200000, 0x000000070e200000, 0x000000070e400000|  0%| F|  |TAMS 0x000000070e200000, 0x000000070e200000| Untracked 
|  39|0x000000070e400000, 0x000000070e400000, 0x000000070e600000|  0%| F|  |TAMS 0x000000070e400000, 0x000000070e400000| Untracked 
|  40|0x000000070e600000, 0x000000070e600000, 0x000000070e800000|  0%| F|  |TAMS 0x000000070e600000, 0x000000070e600000| Untracked 
|  41|0x000000070e800000, 0x000000070e800000, 0x000000070ea00000|  0%| F|  |TAMS 0x000000070e800000, 0x000000070e800000| Untracked 
|  42|0x000000070ea00000, 0x000000070ea00000, 0x000000070ec00000|  0%| F|  |TAMS 0x000000070ea00000, 0x000000070ea00000| Untracked 
|  43|0x000000070ec00000, 0x000000070ec00000, 0x000000070ee00000|  0%| F|  |TAMS 0x000000070ec00000, 0x000000070ec00000| Untracked 
|  44|0x000000070ee00000, 0x000000070ee00000, 0x000000070f000000|  0%| F|  |TAMS 0x000000070ee00000, 0x000000070ee00000| Untracked 
|  45|0x000000070f000000, 0x000000070f000000, 0x000000070f200000|  0%| F|  |TAMS 0x000000070f000000, 0x000000070f000000| Untracked 
|  46|0x000000070f200000, 0x000000070f200000, 0x000000070f400000|  0%| F|  |TAMS 0x000000070f200000, 0x000000070f200000| Untracked 
|  47|0x000000070f400000, 0x000000070f400000, 0x000000070f600000|  0%| F|  |TAMS 0x000000070f400000, 0x000000070f400000| Untracked 
|  48|0x000000070f600000, 0x000000070f600000, 0x000000070f800000|  0%| F|  |TAMS 0x000000070f600000, 0x000000070f600000| Untracked 
|  49|0x000000070f800000, 0x000000070f800000, 0x000000070fa00000|  0%| F|  |TAMS 0x000000070f800000, 0x000000070f800000| Untracked 
|  50|0x000000070fa00000, 0x000000070fa00000, 0x000000070fc00000|  0%| F|  |TAMS 0x000000070fa00000, 0x000000070fa00000| Untracked 
|  51|0x000000070fc00000, 0x000000070fc00000, 0x000000070fe00000|  0%| F|  |TAMS 0x000000070fc00000, 0x000000070fc00000| Untracked 
|  52|0x000000070fe00000, 0x000000070fe00000, 0x0000000710000000|  0%| F|  |TAMS 0x000000070fe00000, 0x000000070fe00000| Untracked 
|  53|0x0000000710000000, 0x0000000710000000, 0x0000000710200000|  0%| F|  |TAMS 0x0000000710000000, 0x0000000710000000| Untracked 
|  54|0x0000000710200000, 0x0000000710200000, 0x0000000710400000|  0%| F|  |TAMS 0x0000000710200000, 0x0000000710200000| Untracked 
|  55|0x0000000710400000, 0x0000000710400000, 0x0000000710600000|  0%| F|  |TAMS 0x0000000710400000, 0x0000000710400000| Untracked 
|  56|0x0000000710600000, 0x0000000710600000, 0x0000000710800000|  0%| F|  |TAMS 0x0000000710600000, 0x0000000710600000| Untracked 
|  57|0x0000000710800000, 0x0000000710800000, 0x0000000710a00000|  0%| F|  |TAMS 0x0000000710800000, 0x0000000710800000| Untracked 
|  58|0x0000000710a00000, 0x0000000710a00000, 0x0000000710c00000|  0%| F|  |TAMS 0x0000000710a00000, 0x0000000710a00000| Untracked 
|  59|0x0000000710c00000, 0x0000000710c00000, 0x0000000710e00000|  0%| F|  |TAMS 0x0000000710c00000, 0x0000000710c00000| Untracked 
|  60|0x0000000710e00000, 0x0000000710e00000, 0x0000000711000000|  0%| F|  |TAMS 0x0000000710e00000, 0x0000000710e00000| Untracked 
|  61|0x0000000711000000, 0x0000000711000000, 0x0000000711200000|  0%| F|  |TAMS 0x0000000711000000, 0x0000000711000000| Untracked 
|  62|0x0000000711200000, 0x0000000711200000, 0x0000000711400000|  0%| F|  |TAMS 0x0000000711200000, 0x0000000711200000| Untracked 
|  63|0x0000000711400000, 0x0000000711400000, 0x0000000711600000|  0%| F|  |TAMS 0x0000000711400000, 0x0000000711400000| Untracked 
|  64|0x0000000711600000, 0x0000000711600000, 0x0000000711800000|  0%| F|  |TAMS 0x0000000711600000, 0x0000000711600000| Untracked 
|  65|0x0000000711800000, 0x0000000711800000, 0x0000000711a00000|  0%| F|  |TAMS 0x0000000711800000, 0x0000000711800000| Untracked 
|  66|0x0000000711a00000, 0x0000000711a00000, 0x0000000711c00000|  0%| F|  |TAMS 0x0000000711a00000, 0x0000000711a00000| Untracked 
|  67|0x0000000711c00000, 0x0000000711c00000, 0x0000000711e00000|  0%| F|  |TAMS 0x0000000711c00000, 0x0000000711c00000| Untracked 
|  68|0x0000000711e00000, 0x0000000711e00000, 0x0000000712000000|  0%| F|  |TAMS 0x0000000711e00000, 0x0000000711e00000| Untracked 
|  69|0x0000000712000000, 0x0000000712000000, 0x0000000712200000|  0%| F|  |TAMS 0x0000000712000000, 0x0000000712000000| Untracked 
|  70|0x0000000712200000, 0x0000000712200000, 0x0000000712400000|  0%| F|  |TAMS 0x0000000712200000, 0x0000000712200000| Untracked 
|  71|0x0000000712400000, 0x0000000712400000, 0x0000000712600000|  0%| F|  |TAMS 0x0000000712400000, 0x0000000712400000| Untracked 
|  72|0x0000000712600000, 0x0000000712600000, 0x0000000712800000|  0%| F|  |TAMS 0x0000000712600000, 0x0000000712600000| Untracked 
|  73|0x0000000712800000, 0x0000000712800000, 0x0000000712a00000|  0%| F|  |TAMS 0x0000000712800000, 0x0000000712800000| Untracked 
|  74|0x0000000712a00000, 0x0000000712a00000, 0x0000000712c00000|  0%| F|  |TAMS 0x0000000712a00000, 0x0000000712a00000| Untracked 
|  75|0x0000000712c00000, 0x0000000712c00000, 0x0000000712e00000|  0%| F|  |TAMS 0x0000000712c00000, 0x0000000712c00000| Untracked 
|  76|0x0000000712e00000, 0x0000000712e00000, 0x0000000713000000|  0%| F|  |TAMS 0x0000000712e00000, 0x0000000712e00000| Untracked 
|  77|0x0000000713000000, 0x0000000713000000, 0x0000000713200000|  0%| F|  |TAMS 0x0000000713000000, 0x0000000713000000| Untracked 
|  78|0x0000000713200000, 0x0000000713200000, 0x0000000713400000|  0%| F|  |TAMS 0x0000000713200000, 0x0000000713200000| Untracked 
|  79|0x0000000713400000, 0x0000000713400000, 0x0000000713600000|  0%| F|  |TAMS 0x0000000713400000, 0x0000000713400000| Untracked 
|  80|0x0000000713600000, 0x0000000713600000, 0x0000000713800000|  0%| F|  |TAMS 0x0000000713600000, 0x0000000713600000| Untracked 
|  81|0x0000000713800000, 0x0000000713800000, 0x0000000713a00000|  0%| F|  |TAMS 0x0000000713800000, 0x0000000713800000| Untracked 
|  82|0x0000000713a00000, 0x0000000713a00000, 0x0000000713c00000|  0%| F|  |TAMS 0x0000000713a00000, 0x0000000713a00000| Untracked 
|  83|0x0000000713c00000, 0x0000000713c00000, 0x0000000713e00000|  0%| F|  |TAMS 0x0000000713c00000, 0x0000000713c00000| Untracked 
|  84|0x0000000713e00000, 0x0000000713e00000, 0x0000000714000000|  0%| F|  |TAMS 0x0000000713e00000, 0x0000000713e00000| Untracked 
|  85|0x0000000714000000, 0x0000000714000000, 0x0000000714200000|  0%| F|  |TAMS 0x0000000714000000, 0x0000000714000000| Untracked 
|  86|0x0000000714200000, 0x0000000714200000, 0x0000000714400000|  0%| F|  |TAMS 0x0000000714200000, 0x0000000714200000| Untracked 
|  87|0x0000000714400000, 0x0000000714400000, 0x0000000714600000|  0%| F|  |TAMS 0x0000000714400000, 0x0000000714400000| Untracked 
|  88|0x0000000714600000, 0x0000000714600000, 0x0000000714800000|  0%| F|  |TAMS 0x0000000714600000, 0x0000000714600000| Untracked 
|  89|0x0000000714800000, 0x0000000714800000, 0x0000000714a00000|  0%| F|  |TAMS 0x0000000714800000, 0x0000000714800000| Untracked 
|  90|0x0000000714a00000, 0x0000000714a00000, 0x0000000714c00000|  0%| F|  |TAMS 0x0000000714a00000, 0x0000000714a00000| Untracked 
|  91|0x0000000714c00000, 0x0000000714c00000, 0x0000000714e00000|  0%| F|  |TAMS 0x0000000714c00000, 0x0000000714c00000| Untracked 
|  92|0x0000000714e00000, 0x0000000714e00000, 0x0000000715000000|  0%| F|  |TAMS 0x0000000714e00000, 0x0000000714e00000| Untracked 
|  93|0x0000000715000000, 0x0000000715000000, 0x0000000715200000|  0%| F|  |TAMS 0x0000000715000000, 0x0000000715000000| Untracked 
|  94|0x0000000715200000, 0x0000000715200000, 0x0000000715400000|  0%| F|  |TAMS 0x0000000715200000, 0x0000000715200000| Untracked 
|  95|0x0000000715400000, 0x0000000715400000, 0x0000000715600000|  0%| F|  |TAMS 0x0000000715400000, 0x0000000715400000| Untracked 
|  96|0x0000000715600000, 0x0000000715600000, 0x0000000715800000|  0%| F|  |TAMS 0x0000000715600000, 0x0000000715600000| Untracked 
|  97|0x0000000715800000, 0x0000000715800000, 0x0000000715a00000|  0%| F|  |TAMS 0x0000000715800000, 0x0000000715800000| Untracked 
|  98|0x0000000715a00000, 0x0000000715a00000, 0x0000000715c00000|  0%| F|  |TAMS 0x0000000715a00000, 0x0000000715a00000| Untracked 
|  99|0x0000000715c00000, 0x0000000715c00000, 0x0000000715e00000|  0%| F|  |TAMS 0x0000000715c00000, 0x0000000715c00000| Untracked 
| 100|0x0000000715e00000, 0x0000000715e00000, 0x0000000716000000|  0%| F|  |TAMS 0x0000000715e00000, 0x0000000715e00000| Untracked 
| 101|0x0000000716000000, 0x0000000716000000, 0x0000000716200000|  0%| F|  |TAMS 0x0000000716000000, 0x0000000716000000| Untracked 
| 102|0x0000000716200000, 0x0000000716200000, 0x0000000716400000|  0%| F|  |TAMS 0x0000000716200000, 0x0000000716200000| Untracked 
| 103|0x0000000716400000, 0x0000000716400000, 0x0000000716600000|  0%| F|  |TAMS 0x0000000716400000, 0x0000000716400000| Untracked 
| 104|0x0000000716600000, 0x0000000716600000, 0x0000000716800000|  0%| F|  |TAMS 0x0000000716600000, 0x0000000716600000| Untracked 
| 105|0x0000000716800000, 0x0000000716800000, 0x0000000716a00000|  0%| F|  |TAMS 0x0000000716800000, 0x0000000716800000| Untracked 
| 106|0x0000000716a00000, 0x0000000716a00000, 0x0000000716c00000|  0%| F|  |TAMS 0x0000000716a00000, 0x0000000716a00000| Untracked 
| 107|0x0000000716c00000, 0x0000000716c00000, 0x0000000716e00000|  0%| F|  |TAMS 0x0000000716c00000, 0x0000000716c00000| Untracked 
| 108|0x0000000716e00000, 0x0000000716e00000, 0x0000000717000000|  0%| F|  |TAMS 0x0000000716e00000, 0x0000000716e00000| Untracked 
| 109|0x0000000717000000, 0x0000000717000000, 0x0000000717200000|  0%| F|  |TAMS 0x0000000717000000, 0x0000000717000000| Untracked 
| 110|0x0000000717200000, 0x0000000717200000, 0x0000000717400000|  0%| F|  |TAMS 0x0000000717200000, 0x0000000717200000| Untracked 
| 111|0x0000000717400000, 0x0000000717440650, 0x0000000717600000| 12%| S|CS|TAMS 0x0000000717400000, 0x0000000717400000| Complete 
| 112|0x0000000717600000, 0x0000000717800000, 0x0000000717800000|100%| S|CS|TAMS 0x0000000717600000, 0x0000000717600000| Complete 
| 113|0x0000000717800000, 0x0000000717800000, 0x0000000717a00000|  0%| F|  |TAMS 0x0000000717800000, 0x0000000717800000| Untracked 
| 114|0x0000000717a00000, 0x0000000717c00000, 0x0000000717c00000|100%| E|  |TAMS 0x0000000717a00000, 0x0000000717a00000| Complete 
| 115|0x0000000717c00000, 0x0000000717e00000, 0x0000000717e00000|100%| E|CS|TAMS 0x0000000717c00000, 0x0000000717c00000| Complete 
| 116|0x0000000717e00000, 0x0000000718000000, 0x0000000718000000|100%| E|CS|TAMS 0x0000000717e00000, 0x0000000717e00000| Complete 
| 117|0x0000000718000000, 0x0000000718200000, 0x0000000718200000|100%| E|CS|TAMS 0x0000000718000000, 0x0000000718000000| Complete 
| 118|0x0000000718200000, 0x0000000718400000, 0x0000000718400000|100%| E|CS|TAMS 0x0000000718200000, 0x0000000718200000| Complete 
| 119|0x0000000718400000, 0x0000000718600000, 0x0000000718600000|100%| E|CS|TAMS 0x0000000718400000, 0x0000000718400000| Complete 
| 120|0x0000000718600000, 0x0000000718800000, 0x0000000718800000|100%| E|CS|TAMS 0x0000000718600000, 0x0000000718600000| Complete 
| 121|0x0000000718800000, 0x0000000718a00000, 0x0000000718a00000|100%| E|CS|TAMS 0x0000000718800000, 0x0000000718800000| Complete 
| 122|0x0000000718a00000, 0x0000000718c00000, 0x0000000718c00000|100%| E|CS|TAMS 0x0000000718a00000, 0x0000000718a00000| Complete 
| 123|0x0000000718c00000, 0x0000000718e00000, 0x0000000718e00000|100%| E|CS|TAMS 0x0000000718c00000, 0x0000000718c00000| Complete 

Card table byte_map: [0x000001f9f3df0000,0x000001f9f45b0000] _byte_map_base: 0x000001f9f05a5000

Marking Bits (Prev, Next): (CMBitMap*) 0x000001f9dc317570, (CMBitMap*) 0x000001f9dc3175b0
 Prev Bits: [0x000001f9f4d70000, 0x000001f9f8b18000)
 Next Bits: [0x000001f9f8b20000, 0x000001f9fc8c8000)

Polling page: 0x000001f9da0e0000

Metaspace:

Usage:
  Non-class:      6.31 MB used.
      Class:    774.66 KB used.
       Both:      7.06 MB used.

Virtual space:
  Non-class space:        8.00 MB reserved,       6.44 MB ( 80%) committed,  1 nodes.
      Class space:        1.00 GB reserved,     896.00 KB ( <1%) committed,  1 nodes.
             Both:        1.01 GB reserved,       7.31 MB ( <1%) committed. 

Chunk freelists:
   Non-Class:  864.00 KB
       Class:  3.10 MB
        Both:  3.94 MB

MaxMetaspaceSize: unlimited
CompressedClassSpaceSize: 1.00 GB
Initial GC threshold: 21.00 MB
Current GC threshold: 21.00 MB
CDS: on
MetaspaceReclaimPolicy: balanced
 - commit_granule_bytes: 65536.
 - commit_granule_words: 8192.
 - virtual_space_node_default_size: 1048576.
 - enlarge_chunks_in_place: 1.
 - new_chunks_are_fully_committed: 0.
 - uncommit_free_chunks: 1.
 - use_allocation_guard: 0.
 - handle_deallocations: 1.


Internal statistics:

num_allocs_failed_limit: 0.
num_arena_births: 128.
num_arena_deaths: 0.
num_vsnodes_births: 2.
num_vsnodes_deaths: 0.
num_space_committed: 117.
num_space_uncommitted: 0.
num_chunks_returned_to_freelist: 0.
num_chunks_taken_from_freelist: 180.
num_chunk_merges: 0.
num_chunk_splits: 107.
num_chunks_enlarged: 52.
num_purges: 0.
num_inconsistent_stats: 0.

CodeHeap 'non-profiled nmethods': size=119168Kb used=505Kb max_used=505Kb free=118662Kb
 bounds [0x000001f9eb940000, 0x000001f9ebbb0000, 0x000001f9f2da0000]
CodeHeap 'profiled nmethods': size=119104Kb used=2072Kb max_used=2072Kb free=117031Kb
 bounds [0x000001f9e44f0000, 0x000001f9e4760000, 0x000001f9eb940000]
CodeHeap 'non-nmethods': size=7488Kb used=2386Kb max_used=2415Kb free=5101Kb
 bounds [0x000001f9e3da0000, 0x000001f9e4010000, 0x000001f9e44f0000]
 total_blobs=1934 nmethods=1353 adapters=492
 compilation: enabled
              stopped_count=0, restarted_count=0
 full_count=0

Compilation events (20 events):
Event: 3.094 Thread 0x000001f9ffb96c80 nmethod 1342 0x000001f9eb9b8e10 code [0x000001f9eb9b8fa0, 0x000001f9eb9b9078]
Event: 3.094 Thread 0x000001f9ff967490 nmethod 1343 0x000001f9eb9b9110 code [0x000001f9eb9b92a0, 0x000001f9eb9b9378]
Event: 3.097 Thread 0x000001f9ffb96c80 1344       1       summit.game.tile.Tile::getName (5 bytes)
Event: 3.097 Thread 0x000001f9ff967490 1346       1       summit.game.entity.Entity::getDx (5 bytes)
Event: 3.097 Thread 0x000001f9ffb946b0 1345       1       summit.game.entity.Entity::setInWater (6 bytes)
Event: 3.097 Thread 0x000001f9ffb96c80 nmethod 1344 0x000001f9eb9b9410 code [0x000001f9eb9b95a0, 0x000001f9eb9b9678]
Event: 3.097 Thread 0x000001f9ff967490 nmethod 1346 0x000001f9eb9b9710 code [0x000001f9eb9b98a0, 0x000001f9eb9b9978]
Event: 3.097 Thread 0x000001f9ffb96c80 1349       3       summit.game.entity.Entity::moveTo (19 bytes)
Event: 3.097 Thread 0x000001f9ff967490 1347       1       summit.game.entity.Entity::getDy (5 bytes)
Event: 3.097 Thread 0x000001f9ffb946b0 nmethod 1345 0x000001f9eb9b9a10 code [0x000001f9eb9b9ba0, 0x000001f9eb9b9c78]
Event: 3.097 Thread 0x000001f9ffb946b0 1348       1       summit.util.Region::setX (6 bytes)
Event: 3.097 Thread 0x000001f9ff967490 nmethod 1347 0x000001f9eb9b9d10 code [0x000001f9eb9b9ea0, 0x000001f9eb9b9f78]
Event: 3.097 Thread 0x000001f9ffb946b0 nmethod 1348 0x000001f9eb9ba010 code [0x000001f9eb9ba1a0, 0x000001f9eb9ba278]
Event: 3.097 Thread 0x000001f9ff967490 1350       1       summit.util.Region::setY (6 bytes)
Event: 3.097 Thread 0x000001f9ffb946b0 1351       1       summit.gfx.Camera::setX (6 bytes)
Event: 3.097 Thread 0x000001f9ffb946b0 nmethod 1351 0x000001f9eb9ba310 code [0x000001f9eb9ba4a0, 0x000001f9eb9ba578]
Event: 3.097 Thread 0x000001f9ffb946b0 1352       1       summit.gfx.Camera::setY (6 bytes)
Event: 3.097 Thread 0x000001f9ff967490 nmethod 1350 0x000001f9eb9ba610 code [0x000001f9eb9ba7a0, 0x000001f9eb9ba878]
Event: 3.097 Thread 0x000001f9ffb946b0 nmethod 1352 0x000001f9eb9ba910 code [0x000001f9eb9baaa0, 0x000001f9eb9bab78]
Event: 3.098 Thread 0x000001f9ffb96c80 nmethod 1349 0x000001f9e46f5490 code [0x000001f9e46f56a0, 0x000001f9e46f5ec8]

GC Heap History (2 events):
Event: 2.347 GC heap before
{Heap before GC invocations=0 (full 0):
 garbage-first heap   total 253952K, used 26624K [0x0000000709600000, 0x0000000800000000)
  region size 2048K, 11 young (22528K), 0 survivors (0K)
 Metaspace       used 6897K, committed 7040K, reserved 1056768K
  class space    used 726K, committed 832K, reserved 1048576K
}
Event: 2.350 GC heap after
{Heap after GC invocations=1 (full 0):
 garbage-first heap   total 253952K, used 6401K [0x0000000709600000, 0x0000000800000000)
  region size 2048K, 2 young (4096K), 2 survivors (4096K)
 Metaspace       used 6897K, committed 7040K, reserved 1056768K
  class space    used 726K, committed 832K, reserved 1048576K
}

Deoptimization events (20 events):
Event: 3.047 Thread 0x000001f980f33b10 DEOPT PACKING pc=0x000001f9e46edba2 sp=0x0000006af2dff1e0
Event: 3.047 Thread 0x000001f980f33b10 DEOPT UNPACKING pc=0x000001f9e3df2b43 sp=0x0000006af2dfe688 mode 0
Event: 3.048 Thread 0x000001f980f33b10 DEOPT PACKING pc=0x000001f9e46edba2 sp=0x0000006af2dff1e0
Event: 3.048 Thread 0x000001f980f33b10 DEOPT UNPACKING pc=0x000001f9e3df2b43 sp=0x0000006af2dfe688 mode 0
Event: 3.048 Thread 0x000001f980f33b10 DEOPT PACKING pc=0x000001f9e46edba2 sp=0x0000006af2dff1e0
Event: 3.048 Thread 0x000001f980f33b10 DEOPT UNPACKING pc=0x000001f9e3df2b43 sp=0x0000006af2dfe688 mode 0
Event: 3.048 Thread 0x000001f980f33b10 DEOPT PACKING pc=0x000001f9e46edba2 sp=0x0000006af2dff1e0
Event: 3.048 Thread 0x000001f980f33b10 DEOPT UNPACKING pc=0x000001f9e3df2b43 sp=0x0000006af2dfe688 mode 0
Event: 3.053 Thread 0x000001f980f33b10 DEOPT PACKING pc=0x000001f9e46ee61d sp=0x0000006af2dfef10
Event: 3.053 Thread 0x000001f980f33b10 DEOPT UNPACKING pc=0x000001f9e3df2b43 sp=0x0000006af2dfe3a0 mode 0
Event: 3.058 Thread 0x000001f980ee3ca0 Uncommon trap: trap_request=0xffffffde fr.pc=0x000001f9eb996634 relative=0x00000000000004f4
Event: 3.058 Thread 0x000001f980ee3ca0 Uncommon trap: reason=class_check action=maybe_recompile pc=0x000001f9eb996634 method=java.util.HashMap.getNode(Ljava/lang/Object;)Ljava/util/HashMap$Node; @ 63 c2
Event: 3.058 Thread 0x000001f980ee3ca0 DEOPT PACKING pc=0x000001f9eb996634 sp=0x0000006af2cfe5d0
Event: 3.058 Thread 0x000001f980ee3ca0 DEOPT UNPACKING pc=0x000001f9e3df23a3 sp=0x0000006af2cfe558 mode 2
Event: 3.058 Thread 0x000001f980f33b10 DEOPT PACKING pc=0x000001f9e46ee61d sp=0x0000006af2dfee80
Event: 3.058 Thread 0x000001f980f33b10 DEOPT UNPACKING pc=0x000001f9e3df2b43 sp=0x0000006af2dfe310 mode 0
Event: 3.062 Thread 0x000001f980f33b10 DEOPT PACKING pc=0x000001f9e46ee61d sp=0x0000006af2dfef10
Event: 3.062 Thread 0x000001f980f33b10 DEOPT UNPACKING pc=0x000001f9e3df2b43 sp=0x0000006af2dfe3a0 mode 0
Event: 3.084 Thread 0x000001f980f33b10 DEOPT PACKING pc=0x000001f9e46f1c57 sp=0x0000006af2dff2a0
Event: 3.084 Thread 0x000001f980f33b10 DEOPT UNPACKING pc=0x000001f9e3df2b43 sp=0x0000006af2dfe748 mode 0

Classes unloaded (0 events):
No events

Classes redefined (0 events):
No events

Internal exceptions (14 events):
Event: 0.058 Thread 0x000001f9ffbda680 Exception <a 'java/lang/ClassNotFoundException'{0x0000000718a2b0d8}: sun/awt/resources/spi/awtProvider> (0x0000000718a2b0d8) 
thrown [s\src\hotspot\share\classfile\systemDictionary.cpp, line 256]
Event: 0.077 Thread 0x000001f9ffbda680 Exception <a 'java/io/FileNotFoundException'{0x0000000718b65668}> (0x0000000718b65668) 
thrown [s\src\hotspot\share\prims\jni.cpp, line 516]
Event: 0.082 Thread 0x000001f9ffbda680 Exception <a 'java/io/FileNotFoundException'{0x0000000718b925c0}> (0x0000000718b925c0) 
thrown [s\src\hotspot\share\prims\jni.cpp, line 516]
Event: 0.096 Thread 0x000001f9ffbda680 Exception <a 'java/lang/NoSuchMethodError'{0x0000000718bc7e30}: 'java.lang.Object java.lang.invoke.DirectMethodHandle$Holder.invokeStaticInit(java.lang.Object)'> (0x0000000718bc7e30) 
thrown [s\src\hotspot\share\interpreter\linkResolver.cpp, line 759]
Event: 0.525 Thread 0x000001f9ffbda680 Exception <a 'java/lang/NoSuchMethodError'{0x0000000718764418}: 'void java.lang.invoke.DirectMethodHandle$Holder.invokeSpecial(java.lang.Object, java.lang.Object, java.lang.Object)'> (0x0000000718764418) 
thrown [s\src\hotspot\share\interpreter\linkResolver.cpp, line 759]
Event: 0.532 Thread 0x000001f9ffbda680 Exception <a 'java/lang/NoSuchMethodError'{0x000000071878e6b0}: 'java.lang.Object java.lang.invoke.DirectMethodHandle$Holder.newInvokeSpecial(java.lang.Object, java.lang.Object, java.lang.Object, java.lang.Object, java.lang.Object)'> (0x000000071878e6b0) 
thrown [s\src\hotspot\share\interpreter\linkResolver.cpp, line 759]
Event: 0.533 Thread 0x000001f9ffbda680 Exception <a 'java/lang/NoSuchMethodError'{0x000000071879a078}: 'java.lang.Object java.lang.invoke.DirectMethodHandle$Holder.invokeStatic(java.lang.Object, int, java.lang.Object, java.lang.Object, java.lang.Object, java.lang.Object)'> (0x000000071879a078) 
thrown [s\src\hotspot\share\interpreter\linkResolver.cpp, line 759]
Event: 0.536 Thread 0x000001f9ffbda680 Exception <a 'java/lang/NoSuchMethodError'{0x00000007187bf798}: 'java.lang.Object java.lang.invoke.DirectMethodHandle$Holder.invokeStatic(java.lang.Object, int, java.lang.Object)'> (0x00000007187bf798) 
thrown [s\src\hotspot\share\interpreter\linkResolver.cpp, line 759]
Event: 0.555 Thread 0x000001f9ffbda680 Exception <a 'java/lang/ClassNotFoundException'{0x0000000718477be8}: com/sun/swing/internal/plaf/metal/resources/spi/metalProvider> (0x0000000718477be8) 
thrown [s\src\hotspot\share\classfile\systemDictionary.cpp, line 256]
Event: 0.556 Thread 0x000001f9ffbda680 Exception <a 'java/lang/ClassNotFoundException'{0x000000071847ba70}: com/sun/swing/internal/plaf/basic/resources/spi/basicProvider> (0x000000071847ba70) 
thrown [s\src\hotspot\share\classfile\systemDictionary.cpp, line 256]
Event: 0.569 Thread 0x000001f9ffdcaf20 Exception <a 'java/lang/NoSuchMethodError'{0x0000000718680998}: 'void java.lang.invoke.DirectMethodHandle$Holder.invokeVirtual(java.lang.Object, java.lang.Object)'> (0x0000000718680998) 
thrown [s\src\hotspot\share\interpreter\linkResolver.cpp, line 759]
Event: 0.580 Thread 0x000001f9ffbda680 Exception <a 'java/lang/NoSuchMethodError'{0x00000007184b99b8}: 'void java.lang.invoke.DirectMethodHandle$Holder.invokeStaticInit(java.lang.Object)'> (0x00000007184b99b8) 
thrown [s\src\hotspot\share\interpreter\linkResolver.cpp, line 759]
Event: 2.942 Thread 0x000001f980ee3ca0 Implicit null exception at 0x000001f9eb99ee55 to 0x000001f9eb99ef24
Event: 2.948 Thread 0x000001f980ee3ca0 Implicit null exception at 0x000001f9eb9a0af6 to 0x000001f9eb9a0d80

VM Operations (18 events):
Event: 0.044 Executing VM operation: HandshakeAllThreads
Event: 0.044 Executing VM operation: HandshakeAllThreads done
Event: 0.555 Executing VM operation: HandshakeAllThreads
Event: 0.555 Executing VM operation: HandshakeAllThreads done
Event: 0.596 Executing VM operation: HandshakeAllThreads
Event: 0.596 Executing VM operation: HandshakeAllThreads done
Event: 0.622 Executing VM operation: HandshakeAllThreads
Event: 0.622 Executing VM operation: HandshakeAllThreads done
Event: 1.636 Executing VM operation: Cleanup
Event: 1.636 Executing VM operation: Cleanup done
Event: 2.347 Executing VM operation: G1CollectForAllocation
Event: 2.350 Executing VM operation: G1CollectForAllocation done
Event: 2.908 Executing VM operation: HandshakeAllThreads
Event: 2.908 Executing VM operation: HandshakeAllThreads done
Event: 2.974 Executing VM operation: HandshakeAllThreads
Event: 2.974 Executing VM operation: HandshakeAllThreads done
Event: 2.985 Executing VM operation: HandshakeAllThreads
Event: 2.985 Executing VM operation: HandshakeAllThreads done

Events (20 events):
Event: 2.464 loading class java/applet/Applet
Event: 2.464 loading class java/awt/Panel
Event: 2.464 loading class java/awt/Panel done
Event: 2.464 loading class java/applet/Applet done
Event: 2.464 loading class javax/swing/JInternalFrame
Event: 2.464 loading class javax/swing/JInternalFrame done
Event: 2.464 loading class javax/swing/KeyboardManager
Event: 2.465 loading class javax/swing/KeyboardManager done
Event: 2.465 loading class javax/swing/Popup$HeavyWeightWindow
Event: 2.465 loading class sun/awt/ModalExclude
Event: 2.465 loading class sun/awt/ModalExclude done
Event: 2.465 loading class javax/swing/JWindow
Event: 2.465 loading class javax/swing/JWindow done
Event: 2.465 loading class javax/swing/Popup$HeavyWeightWindow done
Event: 2.897 loading class java/lang/Math$RandomNumberGeneratorHolder
Event: 2.897 loading class java/lang/Math$RandomNumberGeneratorHolder done
Event: 2.939 Thread 0x000001f980f46060 Thread added: 0x000001f980f46060
Event: 2.939 Thread 0x000001f980fd6140 Thread added: 0x000001f980fd6140
Event: 2.939 Thread 0x000001f980fd6650 Thread added: 0x000001f980fd6650
Event: 2.993 Thread 0x000001f980f06260 Thread added: 0x000001f980f06260


Dynamic libraries:
0x00007ff796dc0000 - 0x00007ff796dce000 	C:\Users\aadiu\AppData\Local\Programs\Eclipse Adoptium\jdk-17.0.4.101-hotspot\bin\java.exe
0x00007ffb36970000 - 0x00007ffb36b68000 	C:\Windows\SYSTEM32\ntdll.dll
0x00007ffb352a0000 - 0x00007ffb3535f000 	C:\Windows\System32\KERNEL32.DLL
0x00007ffb34310000 - 0x00007ffb345e2000 	C:\Windows\System32\KERNELBASE.dll
0x00007ffb34110000 - 0x00007ffb34210000 	C:\Windows\System32\ucrtbase.dll
0x00007ffb1f2d0000 - 0x00007ffb1f2e8000 	C:\Users\aadiu\AppData\Local\Programs\Eclipse Adoptium\jdk-17.0.4.101-hotspot\bin\jli.dll
0x00007ffb1e3b0000 - 0x00007ffb1e3c9000 	C:\Users\aadiu\AppData\Local\Programs\Eclipse Adoptium\jdk-17.0.4.101-hotspot\bin\VCRUNTIME140.dll
0x00007ffb35530000 - 0x00007ffb356cd000 	C:\Windows\System32\USER32.dll
0x00007ffb34720000 - 0x00007ffb34742000 	C:\Windows\System32\win32u.dll
0x00007ffb20b10000 - 0x00007ffb20daa000 	C:\Windows\WinSxS\amd64_microsoft.windows.common-controls_6595b64144ccf1df_6.0.19041.1110_none_60b5254171f9507e\COMCTL32.dll
0x00007ffb35fa0000 - 0x00007ffb35fcb000 	C:\Windows\System32\GDI32.dll
0x00007ffb35f00000 - 0x00007ffb35f9e000 	C:\Windows\System32\msvcrt.dll
0x00007ffb34750000 - 0x00007ffb3485f000 	C:\Windows\System32\gdi32full.dll
0x00007ffb345f0000 - 0x00007ffb3468d000 	C:\Windows\System32\msvcp_win.dll
0x00007ffb356f0000 - 0x00007ffb35722000 	C:\Windows\System32\IMM32.DLL
0x00007ffb31dd0000 - 0x00007ffb31ddc000 	C:\Users\aadiu\AppData\Local\Programs\Eclipse Adoptium\jdk-17.0.4.101-hotspot\bin\vcruntime140_1.dll
0x00007ffb153c0000 - 0x00007ffb15451000 	C:\Users\aadiu\AppData\Local\Programs\Eclipse Adoptium\jdk-17.0.4.101-hotspot\bin\msvcp140.dll
0x00007ffab8820000 - 0x00007ffab9466000 	C:\Users\aadiu\AppData\Local\Programs\Eclipse Adoptium\jdk-17.0.4.101-hotspot\bin\server\jvm.dll
0x00007ffb34ec0000 - 0x00007ffb34f6e000 	C:\Windows\System32\ADVAPI32.dll
0x00007ffb35e60000 - 0x00007ffb35efc000 	C:\Windows\System32\sechost.dll
0x00007ffb35ba0000 - 0x00007ffb35cc5000 	C:\Windows\System32\RPCRT4.dll
0x00007ffb34eb0000 - 0x00007ffb34eb8000 	C:\Windows\System32\PSAPI.DLL
0x00007ffb1d990000 - 0x00007ffb1d999000 	C:\Windows\SYSTEM32\WSOCK32.dll
0x00007ffb31d40000 - 0x00007ffb31d67000 	C:\Windows\SYSTEM32\WINMM.dll
0x00007ffb2d720000 - 0x00007ffb2d72a000 	C:\Windows\SYSTEM32\VERSION.dll
0x00007ffb35160000 - 0x00007ffb351cb000 	C:\Windows\System32\WS2_32.dll
0x00007ffb31fa0000 - 0x00007ffb31fb2000 	C:\Windows\SYSTEM32\kernel.appcore.dll
0x00007ffb31d70000 - 0x00007ffb31d7a000 	C:\Users\aadiu\AppData\Local\Programs\Eclipse Adoptium\jdk-17.0.4.101-hotspot\bin\jimage.dll
0x00007ffb31b50000 - 0x00007ffb31d34000 	C:\Windows\SYSTEM32\DBGHELP.DLL
0x00007ffb31b20000 - 0x00007ffb31b4c000 	C:\Windows\SYSTEM32\dbgcore.DLL
0x00007ffb34690000 - 0x00007ffb34712000 	C:\Windows\System32\bcryptPrimitives.dll
0x00007ffb1dfd0000 - 0x00007ffb1dff5000 	C:\Users\aadiu\AppData\Local\Programs\Eclipse Adoptium\jdk-17.0.4.101-hotspot\bin\java.dll
0x00007ffaf93a0000 - 0x00007ffaf9476000 	C:\Users\aadiu\AppData\Local\Programs\Eclipse Adoptium\jdk-17.0.4.101-hotspot\bin\jsvml.dll
0x00007ffb35fd0000 - 0x00007ffb36713000 	C:\Windows\System32\SHELL32.dll
0x00007ffb32130000 - 0x00007ffb328c2000 	C:\Windows\SYSTEM32\windows.storage.dll
0x00007ffb34ad0000 - 0x00007ffb34e24000 	C:\Windows\System32\combase.dll
0x00007ffb33a60000 - 0x00007ffb33a90000 	C:\Windows\SYSTEM32\Wldp.dll
0x00007ffb349c0000 - 0x00007ffb34a6d000 	C:\Windows\System32\SHCORE.dll
0x00007ffb35020000 - 0x00007ffb35075000 	C:\Windows\System32\shlwapi.dll
0x00007ffb33fb0000 - 0x00007ffb33fcf000 	C:\Windows\SYSTEM32\profapi.dll
0x00007ffae34c0000 - 0x00007ffae364e000 	C:\Users\aadiu\AppData\Local\Programs\Eclipse Adoptium\jdk-17.0.4.101-hotspot\bin\awt.dll
0x00007ffb351d0000 - 0x00007ffb3529d000 	C:\Windows\System32\OLEAUT32.dll
0x00007ffb31300000 - 0x00007ffb31391000 	C:\Windows\SYSTEM32\apphelp.dll
0x00007ffb1e2d0000 - 0x00007ffb1e2e8000 	C:\Users\aadiu\AppData\Local\Programs\Eclipse Adoptium\jdk-17.0.4.101-hotspot\bin\zip.dll
0x00007ffb31410000 - 0x00007ffb314ae000 	C:\Windows\system32\uxtheme.dll
0x00007ffb353f0000 - 0x00007ffb35505000 	C:\Windows\System32\MSCTF.dll
0x00007ffb35cd0000 - 0x00007ffb35dfa000 	C:\Windows\System32\ole32.dll
0x00007ffb31590000 - 0x00007ffb315bf000 	C:\Windows\system32\DWMAPI.DLL
0x00007ffadadb0000 - 0x00007ffadaed5000 	C:\Windows\system32\opengl32.dll
0x00007ffada100000 - 0x00007ffada12c000 	C:\Windows\SYSTEM32\GLU32.dll
0x00007ffb269b0000 - 0x00007ffb26b7f000 	C:\Windows\system32\d3d9.dll
0x00007ffb28d70000 - 0x00007ffb28f28000 	C:\Windows\System32\DriverStore\FileRepository\u0370468.inf_amd64_5e4260b11257b6e9\B370372\aticfx64.dll
0x00007ffb16030000 - 0x00007ffb16064000 	C:\Windows\System32\DriverStore\FileRepository\u0370468.inf_amd64_5e4260b11257b6e9\B370372\atiu9p64.dll
0x00007ffa97630000 - 0x00007ffa98384000 	C:\Windows\System32\DriverStore\FileRepository\u0370468.inf_amd64_5e4260b11257b6e9\B370372\atiumd64.dll
0x000000006c4b0000 - 0x000000006d324000 	C:\Windows\System32\DriverStore\FileRepository\u0370468.inf_amd64_5e4260b11257b6e9\B370372\atiumd6a.dll
0x00007ffb35730000 - 0x00007ffb35b98000 	C:\Windows\System32\SETUPAPI.dll
0x00007ffb34210000 - 0x00007ffb3425e000 	C:\Windows\System32\cfgmgr32.dll
0x00007ffb33e30000 - 0x00007ffb33e7b000 	C:\Windows\SYSTEM32\POWRPROF.dll
0x00007ffb34070000 - 0x00007ffb34097000 	C:\Windows\System32\bcrypt.dll
0x00007ffb33e10000 - 0x00007ffb33e22000 	C:\Windows\SYSTEM32\UMPDC.dll
0x00007ffb29180000 - 0x00007ffb291b0000 	C:\Windows\SYSTEM32\amdihk64.dll
0x00007ffb29960000 - 0x00007ffb2999b000 	C:\Windows\SYSTEM32\dxcore.dll
0x00007ffb0af40000 - 0x00007ffb0afc6000 	C:\Users\aadiu\AppData\Local\Programs\Eclipse Adoptium\jdk-17.0.4.101-hotspot\bin\freetype.dll
0x00007ffaf9970000 - 0x00007ffaf9a18000 	C:\Users\aadiu\AppData\Local\Programs\Eclipse Adoptium\jdk-17.0.4.101-hotspot\bin\fontmanager.dll
0x00007ffb28f30000 - 0x00007ffb29029000 	C:\Windows\SYSTEM32\textinputframework.dll
0x00007ffb30e70000 - 0x00007ffb311ce000 	C:\Windows\System32\CoreUIComponents.dll
0x00007ffb309d0000 - 0x00007ffb30ac2000 	C:\Windows\System32\CoreMessaging.dll
0x00007ffb33190000 - 0x00007ffb331c3000 	C:\Windows\SYSTEM32\ntmarta.dll
0x00007ffb30200000 - 0x00007ffb30354000 	C:\Windows\SYSTEM32\wintypes.dll

dbghelp: loaded successfully - version: 4.0.5 - missing functions: none
symbol engine: initialized successfully - sym options: 0x614 - pdb path: .;C:\Users\aadiu\AppData\Local\Programs\Eclipse Adoptium\jdk-17.0.4.101-hotspot\bin;C:\Windows\SYSTEM32;C:\Windows\WinSxS\amd64_microsoft.windows.common-controls_6595b64144ccf1df_6.0.19041.1110_none_60b5254171f9507e;C:\Users\aadiu\AppData\Local\Programs\Eclipse Adoptium\jdk-17.0.4.101-hotspot\bin\server;C:\Windows\System32\DriverStore\FileRepository\u0370468.inf_amd64_5e4260b11257b6e9\B370372

VM Arguments:
jvm_args: -XX:+ShowCodeDetailsInExceptionMessages 
java_command: summit.Main
java_class_path (initial): C:\Users\aadiu\AppData\Roaming\Code\User\workspaceStorage\1c2e286de9ea8afffefde57d2c4cc9eb\redhat.java\jdt_ws\Summit_aca78153\bin
Launcher Type: SUN_STANDARD

[Global flags]
     intx CICompilerCount                          = 12                                        {product} {ergonomic}
     uint ConcGCThreads                            = 3                                         {product} {ergonomic}
     uint G1ConcRefinementThreads                  = 13                                        {product} {ergonomic}
   size_t G1HeapRegionSize                         = 2097152                                   {product} {ergonomic}
    uintx GCDrainStackTargetSize                   = 64                                        {product} {ergonomic}
   size_t InitialHeapSize                          = 260046848                                 {product} {ergonomic}
   size_t MarkStackSize                            = 4194304                                   {product} {ergonomic}
   size_t MaxHeapSize                              = 4137680896                                {product} {ergonomic}
   size_t MaxNewSize                               = 2480930816                                {product} {ergonomic}
   size_t MinHeapDeltaBytes                        = 2097152                                   {product} {ergonomic}
   size_t MinHeapSize                              = 8388608                                   {product} {ergonomic}
    uintx NonNMethodCodeHeapSize                   = 7602480                                {pd product} {ergonomic}
    uintx NonProfiledCodeHeapSize                  = 122027880                              {pd product} {ergonomic}
    uintx ProfiledCodeHeapSize                     = 122027880                              {pd product} {ergonomic}
    uintx ReservedCodeCacheSize                    = 251658240                              {pd product} {ergonomic}
     bool SegmentedCodeCache                       = true                                      {product} {ergonomic}
     bool ShowCodeDetailsInExceptionMessages       = true                                   {manageable} {command line}
   size_t SoftMaxHeapSize                          = 4137680896                             {manageable} {ergonomic}
     bool UseCompressedClassPointers               = true                           {product lp64_product} {ergonomic}
     bool UseCompressedOops                        = true                           {product lp64_product} {ergonomic}
     bool UseG1GC                                  = true                                      {product} {ergonomic}
     bool UseLargePagesIndividualAllocation        = false                                  {pd product} {ergonomic}

Logging:
Log output configuration:
 #0: stdout all=warning uptime,level,tags
 #1: stderr all=off uptime,level,tags

Environment Variables:
JAVA_HOME=C:\Users\aadiu\AppData\Local\Programs\Eclipse Adoptium\jdk-17.0.4.101-hotspot\
PATH=C:\Program Files (x86)\Razer Chroma SDK\bin;C:\Program Files\Razer Chroma SDK\bin;C:\Program Files (x86)\Razer\ChromaBroadcast\bin;C:\Program Files\Razer\ChromaBroadcast\bin;C:\Program Files (x86)\Common Files\Oracle\Java\javapath;C:\Program Files\Python38\Scripts\;C:\Program Files\Python38\;C:\Windows\system32;C:\Windows;C:\Windows\System32\Wbem;C:\Windows\System32\WindowsPowerShell\v1.0\;C:\Windows\System32\OpenSSH\;C:\Program Files (x86)\NVIDIA Corporation\PhysX\Common;C:\Program Files\NVIDIA Corporation\NVIDIA NvDLISR;C:\Users\aadiu\AppData\Local\Microsoft\WindowsApps;C:\Users\aadiu\AppData\Local\Programs\Microsoft VS Code\bin;C:\Windows\system32\config\systemprofile\AppData\Local\Microsoft\WindowsApps;C:\Program Files\dotnet\;C:\Program Files\Git\cmd;C:\MinGW\bin\;C:\Program Files (x86)\Windows Kits\10\Windows Performance Toolkit\;C:\Users\aadiu\AppData\Local\Programs\Eclipse Adoptium\jdk-17.0.4.101-hotspot\bin;C:\Users\aadiu\AppData\Local\Microsoft\WindowsApps;C:\Users\aadiu\AppData\Local\Programs\Microsoft VS Code\bin;C:\Users\aadiu\AppData\Local\GitHubDesktop\bin
USERNAME=aadiu
LANG=en_US.UTF-8
OS=Windows_NT
PROCESSOR_IDENTIFIER=AMD64 Family 25 Model 80 Stepping 0, AuthenticAMD
TMP=C:\Users\aadiu\AppData\Local\Temp
TEMP=C:\Users\aadiu\AppData\Local\Temp



---------------  S Y S T E M  ---------------

OS:
 Windows 10 , 64 bit Build 19041 (10.0.19041.2251)
OS uptime: 2 days 7:58 hours

CPU: total 16 (initial active 16) (16 cores per cpu, 2 threads per core) family 25 model 80 stepping 0 microcode 0x0, cx8, cmov, fxsr, ht, mmx, 3dnowpref, sse, sse2, sse3, ssse3, sse4a, sse4.1, sse4.2, popcnt, lzcnt, tsc, tscinvbit, avx, avx2, aes, erms, clmul, bmi1, bmi2, adx, sha, fma, vzeroupper, clflush, clflushopt

Memory: 4k page, system-wide physical 15776M (8282M free)
TotalPageFile size 20128M (AvailPageFile size 9265M)
current process WorkingSet (physical memory assigned to process): 119M, peak: 121M
current process commit charge ("private bytes"): 430M, peak: 431M

vm_info: OpenJDK 64-Bit Server VM (17.0.4.1+1) for windows-amd64 JRE (17.0.4.1+1), built on Aug 17 2022 07:42:43 by "temurin" with MS VC++ 16.7 (VS2019)

END.
