#
# A fatal error has been detected by the Java Runtime Environment:
#
#  EXCEPTION_ACCESS_VIOLATION (0xc0000005) at pc=0x00000163646a9e6d, pid=13568, tid=25124
#
# JRE version: OpenJDK Runtime Environment Temurin-17.0.4.1+1 (17.0.4.1+1) (build 17.0.4.1+1)
# Java VM: OpenJDK 64-Bit Server VM Temurin-17.0.4.1+1 (17.0.4.1+1, mixed mode, sharing, tiered, compressed oops, compressed class ptrs, g1 gc, windows-amd64)
# Problematic frame:
# J 1284 c2 summit.gfx.Renderer.render(Ljava/lang/String;FFILsummit/gfx/ColorFilter;)V (282 bytes) @ 0x00000163646a9e6d [0x00000163646a91a0+0x0000000000000ccd]
#
# No core dump will be written. Minidumps are not enabled by default on client versions of Windows
#
# If you would like to submit a bug report, please visit:
#   https://github.com/adoptium/adoptium-support/issues
#

---------------  S U M M A R Y ------------

Command Line: -XX:+ShowCodeDetailsInExceptionMessages summit.Main

Host: AMD Ryzen 9 5900HS with Radeon Graphics        , 16 cores, 15G,  Windows 10 , 64 bit Build 19041 (10.0.19041.2251)
Time: Tue Nov 15 18:22:17 2022 Central Standard Time elapsed time: 3.142431 seconds (0d 0h 0m 3s)

---------------  T H R E A D  ---------------

Current thread (0x0000016379a9a8b0):  JavaThread "Thread-2" [_thread_in_Java, id=25124, stack(0x0000003b85e00000,0x0000003b85f00000)]

Stack: [0x0000003b85e00000,0x0000003b85f00000],  sp=0x0000003b85eff250,  free space=1020k
Native frames: (J=compiled Java code, j=interpreted, Vv=VM code, C=native code)
C  0x00000163646a9e6d


siginfo: EXCEPTION_ACCESS_VIOLATION (0xc0000005), reading address 0x0000000b1765b5dc


Register to memory mapping:

RIP=0x00000163646a9e6d is at entry_point+3277 in (nmethod*)0x00000163646a8f90
RAX=0x00000000fffffffb is an unknown value
RBX=0x000000000000000e is an unknown value
RCX=0x000000071765b5d0 is an oop: summit.gfx.Renderer 
{0x000000071765b5d0} - klass: 'summit/gfx/Renderer'
 - ---- fields (total size 2 words):
 - private 'frame' '[[I' @12  a {type array int}[144] {0x000000071765b5e0} (e2ecb6bc)
RDX=0x000000071765b5e0 is an oop: [[I 
{0x000000071765b5e0} - klass: {type array int}[]
 - length: 144
RSP=0x0000003b85eff250 is pointing into the stack for thread: 0x0000016379a9a8b0
RBP=0x0000000000000090 is an unknown value
RSI=0x0 is NULL
RDI=3807164092 is a compressed pointer to object: [[I 
{0x000000071765b5e0} - klass: {type array int}[]
 - length: 144
R8 =0x0 is NULL
R9 =0x0000000000000010 is an unknown value
R10=0x000000071765b5e0 is an oop: [[I 
{0x000000071765b5e0} - klass: {type array int}[]
 - length: 144
R11=0x00000000fffffffb is an unknown value
R12=0x0 is NULL
R13=0x0000000000000003 is an unknown value
R14=0x0000000000000010 is an unknown value
R15=0x0000016379a9a8b0 is a thread


Registers:
RAX=0x00000000fffffffb, RBX=0x000000000000000e, RCX=0x000000071765b5d0, RDX=0x000000071765b5e0
RSP=0x0000003b85eff250, RBP=0x0000000000000090, RSI=0x0000000000000000, RDI=0x00000000e2ecb6bc
R8 =0x0000000000000000, R9 =0x0000000000000010, R10=0x000000071765b5e0, R11=0x00000000fffffffb
R12=0x0000000000000000, R13=0x0000000000000003, R14=0x0000000000000010, R15=0x0000016379a9a8b0
RIP=0x00000163646a9e6d, EFLAGS=0x0000000000010287

Top of Stack: (sp=0x0000003b85eff250)
0x0000003b85eff250:   000001000000000b 000000000000001d
0x0000003b85eff260:   fffffffb0000000d 0000000000000000
0x0000003b85eff270:   0000001000000010 0000001000000009
0x0000003b85eff280:   0000003b00000010 000001630000000f
0x0000003b85eff290:   000001635ca99657 0000000717996ab0
0x0000003b85eff2a0:   0000000717980bd0 0000000717996ab0
0x0000003b85eff2b0:   0000003b85eff558 000001635d3b8084
0x0000003b85eff2c0:   0000003b85eff320 000001637882f978
0x0000003b85eff2d0:   0000016378992290 00000007177fa260
0x0000003b85eff2e0:   000001637882c358 0000000000000000
0x0000003b85eff2f0:   0000003b85eff330 000000071765b5d0
0x0000003b85eff300:   000000071851f6d0 0000000000000003
0x0000003b85eff310:   0000000000000000 0000000717996b10
0x0000003b85eff320:   0000003b85eff558 000001635d3b886c
0x0000003b85eff330:   0000000717996b10 00000007176362a0
0x0000003b85eff340:   0000016379a9a8b0 0000003b85eff2b0 

Instructions: (pc=0x00000163646a9e6d)
0x00000163646a9d6d:   00 00 c4 c1 f9 7e c8 e9 5c 01 00 00 0f 1f 80 00
0x00000163646a9d7d:   00 00 00 44 2b 5c 24 10 45 8b f3 41 ff c6 44 8b
0x00000163646a9d8d:   da 45 3b f1 0f 83 11 08 00 00 45 8b 54 fc 10 47
0x00000163646a9d9d:   8b 54 d4 0c 45 3b da 0f 83 67 01 00 00 c4 c1 f9
0x00000163646a9dad:   7e da 41 8b 54 8a 10 45 8b 44 d4 0c 4d 8d 14 d4
0x00000163646a9dbd:   45 3b f0 0f 83 0a 08 00 00 47 8b 54 b2 10 41 83
0x00000163646a9dcd:   fa ff 0f 84 32 01 00 00 45 8b 44 f4 0c 45 3b d8
0x00000163646a9ddd:   0f 83 09 08 00 00 47 89 54 9d 10 45 33 c0 c4 c1
0x00000163646a9ded:   f9 7e da 45 8b 52 10 47 8b 54 d4 0c 44 03 54 24
0x00000163646a9dfd:   10 4d 8b b7 48 03 00 00 41 8b d3 ff c2 41 85 06
0x00000163646a9e0d:   41 3b d2 0f 8c 6a ff ff ff 4d 8b 97 48 03 00 00
0x00000163646a9e1d:   ff c0 41 85 02 3b 04 24 0f 8d 58 01 00 00 c4 e1
0x00000163646a9e2d:   f9 7e c1 c4 e1 f9 7e ce c4 c1 79 7e d0 44 8b 54
0x00000163646a9e3d:   24 10 44 8b 5c 24 14 44 3b 54 24 08 0f 8d 4a 01
0x00000163646a9e4d:   00 00 44 89 5c 24 14 44 89 54 24 10 c4 c1 79 6e
0x00000163646a9e5d:   d0 c4 e1 f9 6e ce c4 e1 f9 6e c1 c4 c1 f9 7e e2
0x00000163646a9e6d:   41 8b 74 82 10 8b c8 41 2b cb 3b c5 0f 83 f0 fe
0x00000163646a9e7d:   ff ff 44 8b 5c 24 10 44 3b 5c 24 04 0f 83 e0 fe
0x00000163646a9e8d:   ff ff c4 c1 f9 7e da 45 8b 5c 8a 10 47 8b 54 dc
0x00000163646a9e9d:   0c 45 85 d2 0f 86 85 08 00 00 47 8b 54 dc 10 41
0x00000163646a9ead:   83 fa ff 0f 84 04 01 00 00 45 8b 44 f4 0c 44 8b
0x00000163646a9ebd:   5c 24 10 45 3b d8 0f 83 28 07 00 00 4d 8d 04 f4
0x00000163646a9ecd:   47 89 54 98 10 45 33 c0 c4 c1 f9 7e da 45 8b 52
0x00000163646a9edd:   10 47 8b 5c d4 0c 44 03 5c 24 10 41 3b db 0f 8d
0x00000163646a9eed:   25 ff ff ff 3b c5 73 26 4d 8d 2c f4 44 8b db 41
0x00000163646a9efd:   be 01 00 00 00 e9 87 fe ff ff c4 c1 f9 7e c8 e9
0x00000163646a9f0d:   da fe ff ff c4 c1 f9 7e c8 e9 d0 fe ff ff 44 8b
0x00000163646a9f1d:   db 41 b8 01 00 00 00 eb 18 66 66 0f 1f 84 00 00
0x00000163646a9f2d:   00 00 00 44 2b 5c 24 10 45 8b c3 41 ff c0 45 8b
0x00000163646a9f3d:   da 45 3b c1 0f 83 61 06 00 00 45 3b 64 fc 10 0f
0x00000163646a9f4d:   84 ca 07 00 00 c4 c1 f9 7e d8 45 8b 50 10 43 8b
0x00000163646a9f5d:   4c d4 0c 03 4c 24 10 4d 8b 87 48 03 00 00 45 8b 


Stack slot to memory mapping:
stack at sp + 0 slots: 0x000001000000000b is an unknown value
stack at sp + 1 slots: 0x000000000000001d is an unknown value
stack at sp + 2 slots: 0xfffffffb0000000d is an unknown value
stack at sp + 3 slots: 0x0 is NULL
stack at sp + 4 slots: 0x0000001000000010 is an unknown value
stack at sp + 5 slots: 0x0000001000000009 is an unknown value
stack at sp + 6 slots: 0x0000003b00000010 is an unknown value
stack at sp + 7 slots: 0x000001630000000f points into unknown readable memory: 00

--------------------------------------------------------------------------------
[Constant Pool (empty)]

--------------------------------------------------------------------------------

[MachCode]
  0x00000163646a91a0: 448b 5208 | 49bb 0000 | 0000 0800 | 0000 4d03 | d349 3bc2 | 0f85 c638 | 43f8 6690 | 0f1f 4000 
  0x00000163646a91c0: 8984 2400 | 90ff ff55 | 4883 ec60 | c4c1 f96e | e048 897c | 2418 c4c1 | 796e d148 | 8914 2449 
  0x00000163646a91e0: ba38 9864 | 1707 0000 | 0041 8b6a | 7045 8b5c | ec08 4181 | fbe0 ad0b | 000f 85a0 | 1500 004d 
  0x00000163646a9200: 8d14 ec45 | 8b5a 2447 | 8b74 dc0c | 4585 f60f | 862d 1600 | 004b 8d0c | dc4d 85c0 | 0f84 7813 
  0x00000163646a9220: 0000 458b | 400c 41ff | ce45 85c0 | 7576 c4c1 | f97e e245 | 0fb6 5211 | 4585 d20f | 8507 1300 
  0x00000163646a9240: 00c4 c1f9 | 7ee2 450f | be52 1045 | 85d2 0f85 | d419 0000 | c4c1 f97e | e241 8b6a | 1441 8b74 
  0x00000163646a9260: ec0c 85f6 | 0f86 fc12 | 0000 448b | c641 ffc8 | 443b c60f | 83b3 1700 | 0045 0fb6 | 54ec 108b 
  0x00000163646a9280: de83 c3fd | 418b d2c1 | e205 412b | d24d 8d1c | ec83 fb01 | 0f8e c617 | 0000 bf01 | 0000 0045 
  0x00000163646a92a0: 33c9 eb3c | 458b d041 | c1ea 1045 | 33d0 4523 | f245 33c0 | e9eb 0000 | 0045 0fb6 | 4c3b 1041 
  0x00000163646a92c0: 03d1 ffc7 | 3bfe 0f8d | ba00 0000 | 448b ca41 | c1e1 0544 | 2bca 418b | d1eb dec4 | c179 7ed9 
  0x00000163646a92e0: 448b c644 | 2bc7 4183 | c0fd 3bdf | 450f 4cc1 | 4181 f8a0 | 0f00 0041 | baa0 0f00 | 0045 0f47 
  0x00000163646a9300: c244 03c7 | c4c1 796e | d90f 1f80 | 0000 0000 | 4863 ef45 | 0fb6 542b | 1041 0fb6 | 442b 1345 
  0x00000163646a9320: 0fb6 4c2b | 1145 0fb6 | 6c2b 1241 | 03d2 448b | d241 c1e2 | 0544 2bd2 | 4503 d141 | 8bd2 c1e2 
  0x00000163646a9340: 0541 2bd2 | 4103 d544 | 8bd2 41c1 | e205 442b | d244 03d0 | 418b d2c1 | e205 412b | d283 c704 
  0x00000163646a9360: 413b f87c | ab49 8b87 | 4803 0000 | 8500 3bfb | 0f8c 65ff | ffff c4c1 | 797e d83b | fe0f 8c36 
  0x00000163646a9380: ffff ff41 | 8bd2 85d2 | 0f84 db11 | 0000 c4c1 | f97e e241 | 8952 0c44 | 8bd2 41c1 | ea10 4433 
  0x00000163646a93a0: d245 23f2 | 468b 5cb1 | 1043 8b4c | dc0c 413b | ca0f 84a5 | 0100 0043 | 8b6c dc18 | 85ed 0f84 
  0x00000163646a93c0: 1416 0000 | 438b 4cdc | 0881 f9e0 | b114 000f | 8427 1600 | 004d 8d1c | ec45 8b4b | 0c45 3bca 
  0x00000163646a93e0: 0f85 e910 | 0000 458b | 4b10 498b | c948 c1e1 | 03c4 e1f9 | 7ee3 483b | cb0f 849c | 0200 000f 
  0x00000163646a9400: be7b 1048 | 3bd9 0f84 | 8f02 0000 | 438b 4ccc | 0881 f970 | e900 000f | 85e7 1800 | 0049 c1e1 
  0x00000163646a9420: 0341 0fbe | 6910 3bfd | 0f85 3618 | 0000 418b | 5114 8b5b | 1445 8b4c | d40c 418b | 4cdc 0c41 
  0x00000163646a9440: 3bc9 0f85 | d800 0000 | 4d8d 0cd4 | 498d 74d4 | 104d 8d0c | dc49 8d7c | dc10 85c9 | 0f84 a500 
  0x00000163646a9460: 0000 8bc1 | 83e0 1f83 | e1e0 0f84 | 4b00 0000 | 488d 3c0f | 488d 340e | 48f7 d9c5 | fe6f 2c0f 
  0x00000163646a9480: c5fe 6f1c | 0ec5 d5ef | ebc4 e27d | 17ed 0f85 | 7a00 0000 | 4883 c120 | 75e1 85c0 | 0f84 6500 
  0x00000163646a94a0: 0000 c5fe | 6f6c 07e0 | c5fe 6f5c | 06e0 c5d5 | efeb c4e2 | 7d17 ed75 | 55eb 4c8b | c883 e1fc 
  0x00000163646a94c0: 7419 488d | 3c0f 488d | 340e 48f7 | d98b 1c0f | 3b1c 0e75 | 3948 83c1 | 0475 f2f7 | c002 0000 
  0x00000163646a94e0: 0074 120f | b71f 0fb7 | 0e3b d975 | 2148 8d7f | 0248 8d76 | 02f7 c001 | 0000 0074 | 0a0f b61f 
  0x00000163646a9500: 0fb6 0e3b | d975 07b8 | 0100 0000 | eb02 33c0 | c5d5 efed | c5e5 efdb | 85c0 0f85 | 7b01 0000 
  0x00000163646a9520: ba45 ffff | ff48 8b2c | 24c5 fa11 | 0424 c5fa | 114c 2404 | c5fa 1154 | 2408 4c8b | 4424 184c 
  0x00000163646a9540: 8944 2410 | c5fb 1164 | 2418 4c89 | 5c24 2044 | 8954 240c | c5f8 77e8 | a48d 43f8 | 438b 4cdc 
  0x00000163646a9560: 104c 8bc9 | 49c1 e103 | c4e1 f97e | e34c 3bcb | 0f84 2101 | 0000 0fbe | 7b10 493b | d90f 8414 
  0x00000163646a9580: 0100 0045 | 8b4c cc08 | 4181 f970 | e900 000f | 852f 1700 | 004d 8d0c | cc41 0fbe | 6910 3bfd 
  0x00000163646a95a0: 0f85 4a16 | 0000 458b | 4914 8b7b | 1443 8b5c | cc0c 418b | 4cfc 0c3b | cb0f 85e5 | 1200 004b 
  0x00000163646a95c0: 8d1c cc4b | 8d74 cc10 | 4d8d 0cfc | 498d 7cfc | 1085 c90f | 84a5 0000 | 008b c183 | e01f 83e1 
  0x00000163646a95e0: e00f 844b | 0000 0048 | 8d3c 0f48 | 8d34 0e48 | f7d9 c5fe | 6f1c 0fc5 | fe6f 2c0e | c5e5 efdd 
  0x00000163646a9600: c4e2 7d17 | db0f 857a | 0000 0048 | 83c1 2075 | e185 c00f | 8465 0000 | 00c5 fe6f | 5c07 e0c5 
  0x00000163646a9620: fe6f 6c06 | e0c5 e5ef | ddc4 e27d | 17db 7555 | eb4c 8bc8 | 83e1 fc74 | 1948 8d3c | 0f48 8d34 
  0x00000163646a9640: 0e48 f7d9 | 8b1c 0f3b | 1c0e 7539 | 4883 c104 | 75f2 f7c0 | 0200 0000 | 7412 0fb7 | 1f0f b70e 
  0x00000163646a9660: 3bd9 7521 | 488d 7f02 | 488d 7602 | f7c0 0100 | 0000 740a | 0fb6 1f0f | b60e 3bd9 | 7507 b801 
  0x00000163646a9680: 0000 00eb | 0233 c0c5 | e5ef dbc5 | d5ef ed85 | c00f 840d | 1200 0049 | c1e3 0341 | 8b6b 1445 
  0x00000163646a96a0: 8b5c ec08 | 4181 fb08 | 6d00 000f | 85f3 1500 | 0049 8d1c | ec8b 7b0c | 85ff 0f86 | 0411 0000 
  0x00000163646a96c0: 448b 5b10 | 478b 5cdc | 0c44 8bd7 | 41d1 fa41 | d1fb c4c1 | 796e e2c5 | f85b e4c5 | f25c ccc4 
  0x00000163646a96e0: c179 6ee3 | c5f8 5be4 | c5fa 5cc4 | c4c1 797e | c1c5 f97e | ce45 8bd1 | 41c1 ea17 | 448b de41 
  0x00000163646a9700: c1eb 1745 | 0fb6 d2b9 | 9500 0000 | 412b ca45 | 0fb6 dbba | 9500 0000 | 412b d3f7 | c1e0 ffff 
  0x00000163646a9720: ff0f 8564 | 0d00 0045 | 8bd1 4181 | e2ff ff7f | 0041 81ca | 0000 8000 | 4585 c90f | 8c15 0e00 
  0x00000163646a9740: 0041 d3fa | 41ff c241 | d1fa f7c2 | e0ff ffff | 0f85 570d | 0000 448b | de41 81e3 | ffff 7f00 
  0x00000163646a9760: 4181 cb00 | 0080 0085 | f60f 8cef | 0d00 008b | ca41 d3fb | 41ff c341 | d1fb c4c1 | 797e d545 
  0x00000163646a9780: 85ed 0f85 | dc00 0000 | 4533 ed48 | 8bc3 eb14 | 448b 4424 | 0c44 8b54 | 2410 448b | 5c24 1444 
  0x00000163646a97a0: 8b6c 2408 | 418b edc1 | fd03 85ed | 0f85 c610 | 0000 448b | 480c 418b | db41 03d9 | 443b db0f 
  0x00000163646a97c0: 8dbe 0700 | 0049 63c9 | 4963 fb41 | 8bd3 f7da | 4863 d248 | 03fa 483b | f90f 8319 | 1000 0048 
  0x00000163646a97e0: 63fb 4803 | fa48 ffcf | 483b f90f | 833f 1000 | 0048 8b0c | 248b 790c | 418b 6cfc | 0c85 ed0f 
  0x00000163646a9800: 8636 1000 | 0041 8b54 | fc10 418b | 54d4 0c48 | 8b74 2418 | 4885 f60f | 85e4 0f00 | 0045 85c9 
  0x00000163646a9820: 0f86 db0f | 0000 448b | 4810 478b | 4ccc 0c45 | 85c9 0f86 | c90f 0000 | 8954 2404 | 891c 24c4 
  0x00000163646a9840: e1f9 6ed8 | 418b d941 | 03da 895c | 2408 418b | daff c349 | 8d14 fcc4 | e1f9 6ee2 | 418b c3e9 
  0x00000163646a9860: e005 0000 | 41f7 c504 | 0000 000f | 8454 0300 | 0044 8b4b | 1047 8b4c | cc0c 4489 | 5c24 2c44 
  0x00000163646a9880: 8954 2428 | 897c 2414 | 4889 5c24 | 2044 8944 | 240c 4489 | 6c24 0848 | ba08 6d00 | 0008 0000 
  0x00000163646a98a0: 0044 8bc7 | c5f8 77e8 | 5470 4ef8 | 4c8b f044 | 8b54 2414 | 41ff ca44 | 3b54 2414 | 0f83 f812 
  0x00000163646a98c0: 0000 418b | 560c 85d2 | 0f86 ec12 | 0000 4863 | c245 33c0 | eb2f c5f9 | 7eda c4e1 | f97e c8c4 
  0x00000163646a98e0: c1f9 7ec1 | 448b 4424 | 3849 8b9f | 4803 0000 | 41ff c085 | 0344 3b44 | 2414 0f8d | 7e0c 0000 
  0x00000163646a9900: 4c89 4c24 | 204c 8b4c | 2420 458b | 5910 478b | 54dc 0c45 | 85d2 76d1 | 418b da44 | 8944 2438 
  0x00000163646a9920: c5fb 1044 | 2420 4d63 | e847 8b54 | a910 c4c1 | 796e d243 | 8b74 d40c | 85d2 0f86 | 3411 0000 
  0x00000163646a9940: 418b 6e10 | 8bfb 412b | f8ff cf85 | f60f 866d | 1100 0043 | 8b4c d410 | 458b 54ec | 0c4d 8d0c 
  0x00000163646a9960: ec41 3bfa | 0f83 0311 | 0000 4c63 | d34d 2bd5 | 4389 4c91 | 0c83 fb01 | 0f8e 61ff | ffff 4c63 
  0x00000163646a9980: d649 3bc2 | 448b d244 | 0f4f d6c4 | c179 7ed0 | 4f8d 1cc4 | 418b eaff | cd44 3bd5 | 41b8 0000 
  0x00000163646a99a0: 0080 410f | 4ce8 83fd | 010f 8e72 | 1100 004c | 8b54 2420 | 458b 4210 | 478b 44c4 | 0cc4 c179 
  0x00000163646a99c0: 7ed2 438b | 4cd4 1441 | 8b5e 1441 | 8bf8 2b7c | 2438 ffcf | 458b 54dc | 0c4d 8d0c | dc41 3bfa 
  0x00000163646a99e0: 0f83 ac11 | 0000 c5f9 | 6ee6 4c89 | 6c24 20c4 | e1f9 6ec8 | c5f9 6eda | 4963 c04c | 8be8 4c2b 
  0x00000163646a9a00: 6c24 2043 | 894c a90c | 4183 f802 | 0f8e c4fe | ffff c4c1 | 797e d243 | 8b4c d418 | 418b 5e18 
  0x00000163646a9a20: 458b 54dc | 0c4d 8d0c | dc41 3bfa | 0f83 6a11 | 0000 4389 | 4ca9 0c41 | 83f8 030f | 8e95 feff 
  0x00000163646a9a40: ff41 b903 | 0000 0044 | 3bcd 0f8d | b810 0000 | c4c1 797e | d243 8b4c | d41c 418b | 5e1c 458b 
  0x00000163646a9a60: 54dc 0c4d | 8d0c dc41 | 3bfa 0f83 | 3611 0000 | 4389 4ca9 | 0c41 83f8 | 040f 8e57 | feff ffc4 
  0x00000163646a9a80: c179 7ed2 | 438b 4cd4 | 2045 8b56 | 2043 8b5c | d40c 4f8d | 0cd4 3bfb | 0f83 1211 | 0000 4389 
  0x00000163646a9aa0: 4ca9 0c41 | 83f8 050f | 8e29 feff | ff4c 8bd0 | 4983 c2fe | 48ff c841 | 8bca 8bd8 | 4c63 cd4c 
  0x00000163646a9ac0: 3bc8 8bd5 | 0f4f d34c | 63ca 4d3b | ca0f 4fd1 | bb05 0000 | 0083 fa05 | 0f8e 7700 | 0000 8bf2 
  0x00000163646a9ae0: 2bf3 3bd3 | 0f4c 7424 | 0c81 fed0 | 0700 0041 | bad0 0700 | 0041 0f47 | f203 f30f | 1f44 0000 
  0x00000163646a9b00: 418b 4c9b | 1045 8b54 | 9e10 438b | 44d4 0c4f | 8d0c d43b | f80f 83d6 | 0900 0043 | 894c a90c 
  0x00000163646a9b20: 458b 549e | 1441 8b4c | 9b14 438b | 44d4 0c4f | 8d0c d43b | f80f 83b4 | 0900 0043 | 894c a90c 
  0x00000163646a9b40: 83c3 023b | de7c b94d | 8b97 4803 | 0000 4185 | 023b da7c | 893b dd0f | 8db0 0f00 | 0066 6690 
  0x00000163646a9b60: 418b 4c9b | 1045 8b4c | 9e10 478b | 54cc 0c49 | c1e1 0341 | 3bfa 0f83 | 7509 0000 | 4389 4ca9 
  0x00000163646a9b80: 0c44 8bd3 | 41ff c245 | 3bd0 0f8d | 46fd ffff | 418b 4c9b | 1441 8b74 | 9e14 418b | 54f4 0c4d 
  0x00000163646a9ba0: 8d0c f43b | fa0f 83f1 | 1000 0043 | 894c a90c | 83c3 0241 | 3bd8 0f8d | 1afd ffff | 3bdd 7ca0 
  0x00000163646a9bc0: e948 0f00 | 0041 f7c5 | 0100 0000 | 0f84 d200 | 0000 448b | 4b0c 4585 | c90f 86c5 | 0d00 008b 
  0x00000163646a9be0: 7b10 418b | 4cfc 0c89 | 4c24 1044 | 894c 2414 | 4489 5c24 | 2c44 8954 | 2428 4889 | 5c24 2044 
  0x00000163646a9c00: 8944 240c | 4489 6c24 | 0848 ba08 | 6d00 0008 | 0000 0045 | 8bc1 448b | c966 6690 | c5f8 77e8 
  0x00000163646a9c20: dc6c 4ef8 | 448b 5424 | 1441 ffca | 443b 5424 | 140f 8339 | 0d00 0044 | 8b40 0c45 | 85c0 0f86 
  0x00000163646a9c40: 2c0d 0000 | 453b d00f | 8323 0d00 | 0044 8b74 | 2410 41ff | ce8b 7424 | 10d1 fe4c | 6344 2410 
  0x00000163646a9c60: 8bee 83c5 | fe3b f541 | ba00 0000 | 8041 0f4c | ea4c 63d6 | 498b d849 | 2bda 448b | de41 ffc3 
  0x00000163646a9c80: 48ff cb45 | 33ed e94e | 0700 0044 | 8b6c 2408 | 448b 4424 | 0cc4 e1f9 | 7ec3 448b | 5424 2844 
  0x00000163646a9ca0: 8b5c 242c | 41f7 c502 | 0000 0075 | 0848 8bc3 | e9ef faff | ff8b 6b0c | 85ed 0f86 | 820c 0000 
  0x00000163646a9cc0: 8b4b 1045 | 8b4c cc0c | 4489 5c24 | 1444 8954 | 2410 4889 | 5c24 2044 | 8944 240c | 4489 6c24 
  0x00000163646a9ce0: 0848 ba08 | 6d00 0008 | 0000 0044 | 8bc5 6690 | c5f8 77e8 | 086c 4ef8 | 448b 400c | 448b dd41 
  0x00000163646a9d00: d1fb 458b | d341 ffc2 | 4585 c00f | 86d4 0b00 | 0045 3bd8 | 0f83 cb0b | 0000 4863 | cd49 63db 
  0x00000163646a9d20: 4c8b c94c | 2bcb 49ff | c94c 3bc9 | 0f83 b30b | 0000 8bdd | ffcb 3bdd | 0f83 a70b | 0000 4489 
  0x00000163646a9d40: 5424 284d | 63d0 4d3b | ca0f 8391 | 0b00 0041 | 3bd8 0f83 | dc0b 0000 | 443b dd0f | 83da 0b00 
  0x00000163646a9d60: 0041 b940 | 1f00 0045 | 33c0 e986 | 0200 00c4 | c1f9 7ec8 | e95c 0100 | 000f 1f80 | 0000 0000 
  0x00000163646a9d80: 442b 5c24 | 1045 8bf3 | 41ff c644 | 8bda 453b | f10f 8311 | 0800 0045 | 8b54 fc10 | 478b 54d4 
  0x00000163646a9da0: 0c45 3bda | 0f83 6701 | 0000 c4c1 | f97e da41 | 8b54 8a10 | 458b 44d4 | 0c4d 8d14 | d445 3bf0 
  0x00000163646a9dc0: 0f83 0a08 | 0000 478b | 54b2 1041 | 83fa ff0f | 8432 0100 | 0045 8b44 | f40c 453b | d80f 8309 
  0x00000163646a9de0: 0800 0047 | 8954 9d10 | 4533 c0c4 | c1f9 7eda | 458b 5210 | 478b 54d4 | 0c44 0354 | 2410 4d8b 
  0x00000163646a9e00: b748 0300 | 0041 8bd3 | ffc2 4185 | 0641 3bd2 | 0f8c 6aff | ffff 4d8b | 9748 0300 | 00ff c041 
  0x00000163646a9e20: 8502 3b04 | 240f 8d58 | 0100 00c4 | e1f9 7ec1 | c4e1 f97e | cec4 c179 | 7ed0 448b | 5424 1044 
  0x00000163646a9e40: 8b5c 2414 | 443b 5424 | 080f 8d4a | 0100 0044 | 895c 2414 | 4489 5424 | 10c4 c179 | 6ed0 c4e1 
  0x00000163646a9e60: f96e cec4 | e1f9 6ec1 | c4c1 f97e | e241 8b74 | 8210 8bc8 | 412b cb3b | c50f 83f0 | feff ff44 
  0x00000163646a9e80: 8b5c 2410 | 443b 5c24 | 040f 83e0 | feff ffc4 | c1f9 7eda | 458b 5c8a | 1047 8b54 | dc0c 4585 
  0x00000163646a9ea0: d20f 8685 | 0800 0047 | 8b54 dc10 | 4183 faff | 0f84 0401 | 0000 458b | 44f4 0c44 | 8b5c 2410 
  0x00000163646a9ec0: 453b d80f | 8328 0700 | 004d 8d04 | f447 8954 | 9810 4533 | c0c4 c1f9 | 7eda 458b | 5210 478b 
  0x00000163646a9ee0: 5cd4 0c44 | 035c 2410 | 413b db0f | 8d25 ffff | ff3b c573 | 264d 8d2c | f444 8bdb | 41be 0100 
  0x00000163646a9f00: 0000 e987 | feff ffc4 | c1f9 7ec8 | e9da feff | ffc4 c1f9 | 7ec8 e9d0 | feff ff44 | 8bdb 41b8 
  0x00000163646a9f20: 0100 0000 | eb18 6666 | 0f1f 8400 | 0000 0000 | 442b 5c24 | 1045 8bc3 | 41ff c045 | 8bda 453b 
  0x00000163646a9f40: c10f 8361 | 0600 0045 | 3b64 fc10 | 0f84 ca07 | 0000 c4c1 | f97e d845 | 8b50 1043 | 8b4c d40c 
  0x00000163646a9f60: 034c 2410 | 4d8b 8748 | 0300 0045 | 8bd3 41ff | c241 8500 | 443b d17c | b7c4 c1f9 | 7ec8 e993 
  0x00000163646a9f80: feff ffc5 | f877 4883 | c460 5d49 | 3ba7 4003 | 0000 0f87 | ec0f 0000 | c344 895c | 2414 4489 
  0x00000163646a9fa0: 5424 10c4 | c179 6ed0 | c4e1 f96e | cec4 e1f9 | 6ec1 4c8b | c6e9 5cfe | ffff c4c1 | f97e c8e9 
  0x00000163646a9fc0: 11ff ffff | c4e1 f97e | c3c4 e1f9 | 7ec8 c4e1 | f97e e9c4 | c179 7ef0 | 4d8b 9748 | 0300 0041 
  0x00000163646a9fe0: ffc0 4185 | 0244 3b44 | 2428 0f8d | a0f7 ffff | 4889 5c24 | 2048 8b5c | 2420 448b | 5b10 478b 
  0x00000163646aa000: 54dc 0c45 | 85d2 76d0 | 418b f2c5 | fb10 4424 | 2049 63d0 | 488b d948 | 2bda 4c8b | 5424 2045 
  0x00000163646aa020: 8b54 9a0c | c4c1 796e | d247 8b5c | d40c 448b | 5490 10c4 | c179 6eda | 438b 7cd4 | 0c4c 8b54 
  0x00000163646aa040: 2420 458b | 5492 10c4 | c179 6ee2 | 478b 54d4 | 0c8b 5c98 | 0c41 8b54 | dc0c 4585 | db0f 862e 
  0x00000163646aa060: 0700 0089 | 5424 30c5 | f96e fb44 | 8954 242c | 897c 2424 | c4c1 796e | f0c4 e1f9 | 6ee9 c4e1 
  0x00000163646aa080: f96e c841 | ba01 0000 | 0045 3bd3 | ba01 0000 | 0041 0f4f | d344 895c | 2420 c4c1 | 797e da4f 
  0x00000163646aa0a0: 8d1c d4c4 | c179 7ed2 | 4f8d 04d4 | 418b dbc4 | c179 7efa | 4b8d 3cd4 | c1eb 02c4 | c179 7ee2 
  0x00000163646aa0c0: 4b8d 34d4 | 83e3 0303 | daf7 db83 | e303 03da | 3b5c 2420 | 448b 5424 | 2041 0f4f | da33 c9eb 
  0x00000163646aa0e0: 11c4 e1f9 | 7ec8 c4c1 | 797e f0e9 | 9401 0000 | 8bc8 3b4c | 2420 73e9 | 418b 4488 | 103b 4c24 
  0x00000163646aa100: 240f 8301 | 0500 0041 | 8944 8b10 | 3b4c 242c | 0f83 4a05 | 0000 448b | 548e 103b | 4c24 300f 
  0x00000163646aa120: 839b 0500 | 0044 8954 | 8f10 c4c1 | f97e c245 | 8b52 1043 | 8b54 d40c | 8bc1 ffc0 | 3bc2 0f8d 
  0x00000163646aa140: 80fe ffff | 3bc3 7ca8 | 4863 5c24 | 204c 6354 | 2430 4863 | 6c24 2c4c | 636c 2424 | 493b dd8b 
  0x00000163646aa160: 5c24 200f | 4f5c 2424 | 4c63 ea4c | 63f3 4c3b | f50f 4f5c | 242c 49ff | cd48 63eb | 493b ea0f 
  0x00000163646aa180: 4f5c 2430 | 458b d548 | 63eb 493b | ed41 0f4f | da8b eb83 | c5f9 3bdd | 41ba 0000 | 0080 410f 
  0x00000163646aa1a0: 4cea 3bc5 | 0f8d ee05 | 0000 ffc1 | 8bdd 2bd9 | 3be9 0f4c | 5c24 0c81 | fb40 1f00 | 0041 0f47 
  0x00000163646aa1c0: d903 d90f | 1f80 0000 | 0000 660f | 1f44 0000 | c441 7a6f | 4488 10c4 | 417a 7f44 | 8b10 c57a 
  0x00000163646aa1e0: 6f44 8e10 | c57a 7f44 | 8f10 c441 | 7a6f 4488 | 20c4 417a | 7f44 8b20 | c57a 6f44 | 8e20 c57a 
  0x00000163646aa200: 7f44 8f20 | 83c1 083b | cb7c c54d | 8b97 4803 | 0000 4185 | 023b cd7c | 933b 4c24 | 207d 5b90 
  0x00000163646aa220: 3b4c 2420 | 0f83 b7fe | ffff 418b | 4488 103b | 4c24 240f | 83cf 0300 | 0041 8944 | 8b10 3b4c 
  0x00000163646aa240: 242c 0f83 | 1804 0000 | 448b 548e | 103b 4c24 | 300f 8369 | 0400 0044 | 8954 8f10 | c4c1 f97e 
  0x00000163646aa260: c245 8b52 | 1043 8b5c | d40c ffc1 | 3bcb 0f8d | 50fd ffff | 3b4c 2420 | 7ca6 c4e1 | f97e c8c4 
  0x00000163646aa280: c179 7ef0 | bae4 ffff | ff48 8b2c | 2444 8b54 | 2408 4489 | 1424 4c8b | 5424 184c | 8954 2408 
  0x00000163646aa2a0: 448b 5424 | 1044 8954 | 2404 448b | 5424 1444 | 8954 2410 | c5fb 1144 | 2418 4889 | 4424 2044 
  0x00000163646aa2c0: 8944 2414 | 894c 242c | 894c 2430 | c5fa 115c | 2434 c5fa | 1154 2438 | c5f8 77e8 | 2080 43f8 
  0x00000163646aa2e0: 8bd7 448b | 5490 0c8b | 7c24 102b | f948 63d9 | 4589 549b | 1044 8b54 | 9810 4589 | 5493 0c49 
  0x00000163646aa300: 8bd0 482b | d344 8b54 | 9008 4589 | 549b 1444 | 8b54 9814 | 4589 5493 | 0844 8b54 | 9004 4589 
  0x00000163646aa320: 549b 1844 | 8b54 9818 | 4589 5493 | 0444 8b14 | 9045 8954 | 9b1c 448b | 5498 1c45 | 8914 9383 
  0x00000163646aa340: c7fc 83c1 | 0441 3bc9 | 7c96 4d8b | 9748 0300 | 0041 8502 | 3bcd 7d28 | 8bd7 448b | cd44 2bc9 
  0x00000163646aa360: 3be9 440f | 4c4c 240c | 4181 f9a0 | 0f00 00bf | a00f 0000 | 440f 47cf | 4403 c9e9 | 62ff ffff 
  0x00000163646aa380: c4e1 f97e | cb3b 4c24 | 307d 2c90 | 448b 54b8 | 0c45 8954 | 8b10 448b | 5488 1045 | 8954 bb0c 
  0x00000163646aa3a0: 448b d141 | ffc2 443b | 5424 307d | 0a41 8bfe | 2bf9 418b | caeb d54d | 8b97 4803 | 0000 41ff 
  0x00000163646aa3c0: c541 8502 | 443b 6c24 | 140f 8dbc | f8ff ffc4 | e1f9 7ec0 | 448b 5c24 | 304c 8b54 | 2420 418b 
  0x00000163646aa3e0: 7a10 85ff | 0f84 4b03 | 0000 478b | 54aa 1043 | 8b54 d40c | 428b 4ca8 | 1045 8b4c | cc0c 4489 
  0x00000163646aa400: 5c24 30c4 | e1f9 6ec0 | 4c63 da49 | 3bdb 0f83 | 3003 0000 | 443b f20f | 8327 0300 | 0045 85c9 
  0x00000163646aa420: 0f86 1e03 | 0000 413b | f10f 8315 | 0300 0085 | d20f 860d | 0300 003b | f20f 8305 | 0300 004d 
  0x00000163646aa440: 63d9 493b | db0f 83f9 | 0200 0045 | 3bf1 0f83 | f002 0000 | 4d8d 1ccc | 4b8d 04d4 | 428b 7c80 
  0x00000163646aa460: 0c41 897c | cc10 478b | 54d4 1047 | 8954 830c | 83fd 010f | 8e0b 0300 | 0041 8bd6 | b901 0000 
  0x00000163646aa480: 00c4 e1f9 | 6ecb e9cf | feff ffc5 | 7a2c d041 | 81fa 0000 | 0080 7510 | 4883 ec08 | c5fa 1104 
  0x00000163646aa4a0: 24e8 4d6c | 3ef8 415a | e99d f2ff | ffc5 7a2c | d941 81fb | 0000 0080 | 7510 4883 | ec08 c5fa 
  0x00000163646aa4c0: 110c 24e8 | 2b6c 3ef8 | 415b e9ab | f2ff ff45 | 8b5b 184d | 8b8f 4803 | 0000 4185 | 0145 85db 
  0x00000163646aa4e0: 0f84 f204 | 0000 49c1 | e303 e9ea | eeff ffff | c3ba e4ff | ffff 488b | 2c24 448b | 5c24 0844 
  0x00000163646aa500: 891c 244c | 8b54 2418 | 4c89 5424 | 0844 8b54 | 2428 4489 | 5424 0444 | 8b5c 242c | 4489 5c24 
  0x00000163646aa520: 10c5 fb11 | 4424 184c | 8974 2420 | 895c 2414 | 4c89 4c24 | 2889 7c24 | 3089 4c24 | 3466 6690 
  0x00000163646aa540: c5f8 77e8 | b87d 43f8 | 4533 f645 | 33c0 4533 | d2e9 4eee | ffff 41f7 | dae9 e3f1 | ffff 41f7 
  0x00000163646aa560: dbe9 09f2 | ffff 4533 | c0c4 c1f9 | 7ee2 41c6 | 4211 0145 | 33f6 4533 | d2e9 26ee | ffff 448b 
  0x00000163646aa580: 6c24 0844 | 8b44 240c | 498b de44 | 8b54 2428 | 448b 5c24 | 2ce9 2bf6 | ffff 4533 | f645 33c0 
  0x00000163646aa5a0: 4533 d2e9 | fced ffff | ba45 ffff | ffc4 e1f9 | 7ec5 c5fb | 110c 24c5 | fb11 5c24 | 0889 4424 
  0x00000163646aa5c0: 1844 895c | 241c 6690 | c5f8 77e8 | 307d 43f8 | c4c1 796e | d6ba e6ff | ffff 498b | eac5 fa11 
  0x00000163646aa5e0: 1424 6690 | c5f8 77e8 | 147d 43f8 | 4489 5c24 | 10ba e6ff | ffff 8bee | 4489 5424 | 0466 6690 
  0x00000163646aa600: c5f8 77e8 | f87c 43f8 | bae4 ffff | ff48 8b2c | 2444 8b5c | 2408 4489 | 1c24 4c8b | 5424 184c 
  0x00000163646aa620: 8954 2408 | 448b 5c24 | 1044 895c | 2404 448b | 5424 1444 | 8954 2410 | c5fb 1144 | 2418 c5fb 
  0x00000163646aa640: 114c 2420 | c5fa 1174 | 2414 894c | 242c 8944 | 2430 c5fa | 115c 2434 | c5f8 77e8 | a07c 43f8 
  0x00000163646aa660: bae4 ffff | ff48 8b2c | 2444 8b5c | 2408 4489 | 1c24 4c8b | 5424 184c | 8954 2408 | 448b 5424 
  0x00000163646aa680: 1044 8954 | 2404 448b | 5c24 1444 | 895c 2410 | c5fb 1144 | 2418 c5fb | 114c 2420 | c5fa 1174 
  0x00000163646aa6a0: 2414 894c | 242c 894c | 2430 c5fa | 1164 2434 | c5fa 117c | 2438 6690 | c5f8 77e8 | 407c 43f8 
  0x00000163646aa6c0: bae4 ffff | ff48 8b2c | 2444 8b5c | 2408 4489 | 1c24 4c8b | 5c24 184c | 895c 2408 | 448b 5c24 
  0x00000163646aa6e0: 1044 895c | 2404 448b | 4424 1444 | 8944 2410 | c5fb 1144 | 2418 c5fb | 114c 2420 | c5fa 1174 
  0x00000163646aa700: 2414 894c | 242c 4489 | 5424 30c5 | fa11 7c24 | 3466 6690 | c5f8 77e8 | e47b 43f8 | baf6 ffff 
  0x00000163646aa720: ff66 6690 | c5f8 77e8 | d47b 43f8 | 4f8d 14dc | e9a0 feff | ffba f6ff | ffff 6690 | c5f8 77e8 
  0x00000163646aa740: bc7b 43f8 | 418b 6cfc | 0cd1 fdff | c5ba 76ff | ffff 4c8b | 5424 184c | 8954 2410 | 448b 5c24 
  0x00000163646aa760: 2844 895c | 240c 448b | 5424 2c44 | 8954 2418 | 4889 4424 | 2844 896c | 241c 6690 | c5f8 77e8 
  0x00000163646aa780: 7c7b 43f8 | 418b feb9 | 0100 0000 | e9f4 fbff | ff33 c9e9 | ecfa ffff | 8bc8 e97a | faff ffba 
  0x00000163646aa7a0: deff ffff | c5fa 1144 | 2408 c5fa | 114c 240c | 4489 4c24 | 104c 8944 | 2420 6690 | c5f8 77e8 
  0x00000163646aa7c0: 3c7b 43f8 | bae4 ffff | ff48 8b2c | 24c5 fa11 | 0c24 c5fa | 1154 2404 | 4c8b 5424 | 184c 8954 
  0x00000163646aa7e0: 2408 c5fa | 1144 2418 | 4889 5c24 | 2066 6690 | c5f8 77e8 | 087b 43f8 | 488b 0c24 | 488b 7424 
  0x00000163646aa800: 18ba beff | ffff 488b | e948 8934 | 2448 8944 | 2408 4489 | 5424 1044 | 895c 2418 | 4489 5c24 
  0x00000163646aa820: 1c89 5c24 | 2066 6690 | c5f8 77e8 | d07a 43f8 | 488b 0c24 | 488b 7424 | 18eb c648 | 8b74 2418 
  0x00000163646aa840: ebbf ba45 | ffff ff48 | 8b2c 24c5 | fa11 0424 | c5fa 114c | 2404 4489 | 4c24 0848 | 897c 2410 
  0x00000163646aa860: 4c89 4424 | 1844 8974 | 2420 4489 | 5c24 2490 | c5f8 77e8 | 887a 43f8 | ba45 ffff | ff4c 8b44 
  0x00000163646aa880: 2418 4c89 | 4424 0848 | 8944 2410 | 4489 5424 | 1844 895c | 241c 4489 | 6c24 2090 | c5f8 77e8 
  0x00000163646aa8a0: 5c7a 43f8 | ba45 ffff | ff48 8b2c | 24c5 fa11 | 0424 c5fa | 114c 2404 | c5fa 1154 | 2408 4c8b 
  0x00000163646aa8c0: 4424 184c | 8944 2410 | c5fb 1164 | 2418 4489 | 5c24 0c44 | 8954 2420 | c5f8 77e8 | 207a 43f8 
  0x00000163646aa8e0: 448b 5424 | 28ba beff | ffff 488b | 2c24 448b | 4424 0844 | 8904 244c | 8b5c 2418 | 4c89 5c24 
  0x00000163646aa900: 0844 8b5c | 2410 4489 | 5c24 0444 | 8b44 2414 | 4489 4424 | 104c 8b5c | 2420 4c89 | 5c24 1848 
  0x00000163646aa920: 8944 2420 | 4489 5424 | 1466 6690 | c5f8 77e8 | cc79 43f8 | 448b 5424 | 28eb aa44 | 8b54 2428 
  0x00000163646aa940: eba3 bae4 | ffff ff44 | 896c 2408 | 4c8b 4424 | 184c 8944 | 2410 4489 | 5424 0c44 | 895c 2418 
  0x00000163646aa960: 4889 5c24 | 2866 6690 | c5f8 77e8 | 9079 43f8 | babe ffff | ff48 8b2c | 2444 8b5c | 2408 4489 
  0x00000163646aa980: 1c24 4c8b | 5424 184c | 8954 2408 | 4c8b 5424 | 204c 8954 | 2418 4889 | 4424 2090 | c5f8 77e8 
  0x00000163646aa9a0: 5c79 43f8 | bae4 ffff | ff48 8b2c | 2444 892c | 244c 8b44 | 2418 4c89 | 4424 0844 | 8954 2404 
  0x00000163646aa9c0: 4489 5c24 | 1048 895c | 2420 4489 | 4c24 1490 | c5f8 77e8 | 2879 43f8 | baf4 ffff | ff48 8b2c 
  0x00000163646aa9e0: 24c5 fa11 | 0424 c5fa | 114c 2404 | c5fa 1154 | 2408 6690 | c5f8 77e8 | 0479 43f8 | ba45 ffff 
  0x00000163646aaa00: ffc5 fa11 | 4424 08c5 | fa11 4c24 | 0cc5 fa11 | 5424 10c5 | fb11 6424 | 2044 895c | 2414 4489 
  0x00000163646aaa20: 5424 2890 | c5f8 77e8 | d478 43f8 | ba76 ffff | ffc5 fa11 | 4424 08c5 | fa11 4c24 | 0c44 894c 
  0x00000163646aaa40: 2410 4489 | 7424 144c | 8954 2428 | 8974 2434 | 4489 5c24 | 3866 6690 | c5f8 77e8 | a078 43f8 
  0x00000163646aaa60: bf01 0000 | 0045 33c0 | e90e e9ff | ff33 dbe9 | 7dfa ffff | 33db bae4 | ffff ff48 | 8b2c 2444 
  0x00000163646aaa80: 8b54 2408 | 4489 1424 | 4c8b 5424 | 184c 8954 | 2408 448b | 5c24 2844 | 895c 2404 | 448b 5424 
  0x00000163646aaaa0: 2c44 8954 | 2410 c5fb | 1144 2418 | 4c89 7424 | 2889 5c24 | 3066 6690 | c5f8 77e8 | 4078 43f8 
  0x00000163646aaac0: 33db bae4 | ffff ff4c | 8b54 2418 | 4c89 5424 | 1044 8b54 | 2428 4489 | 5424 0c44 | 8b5c 242c 
  0x00000163646aaae0: 4489 5c24 | 18c5 fb11 | 4424 204c | 8974 2428 | 897c 2430 | 895c 2434 | c5fa 1154 | 243c 6690 
  0x00000163646aab00: c5f8 77e8 | f877 43f8 | bb03 0000 | 00c5 f97e | dac4 e1f9 | 7ec8 4c8b | 6c24 20c5 | f97e e6eb 
  0x00000163646aab20: 05bb 0100 | 0000 3bda | 0f8d 48ff | ffff 6690 | 3bda 0f83 | 3eff ffff | c4c1 f97e | c245 8b52 
  0x00000163646aab40: 1047 8b54 | d40c 418b | 6c9e 1041 | 8bfa 2b7c | 2438 ffcf | 3bde 0f83 | 66ff ffff | 418b 4c9b 
  0x00000163646aab60: 1045 8b44 | ec0c 4d8d | 0cec 413b | f80f 837e | f9ff ff4d | 63c2 4d2b | c543 894c | 810c ffc3 
  0x00000163646aab80: 413b da0f | 8d56 edff | ff3b da7c | a3e9 e4fe | ffff bb01 | 0000 00e9 | 55f9 ffff | bb02 0000 
  0x00000163646aaba0: 00e9 4bf9 | ffff bb03 | 0000 00e9 | 41f9 ffff | bb04 0000 | 00e9 37f9 | ffff babe | ffff ff48 
  0x00000163646aabc0: 8b2c 2444 | 8b54 2408 | 4489 1424 | 4c8b 5424 | 184c 8954 | 2408 4c8b | 5424 204c | 8954 2418 
  0x00000163646aabe0: 4c89 7424 | 2066 6690 | c5f8 77e8 | 1077 43f8 | ba45 ffff | ffc5 fa11 | 4424 08c5 | fa11 4c24 
  0x00000163646aac00: 0cc5 fa11 | 5424 10c5 | fb11 6424 | 2844 895c | 2414 4489 | 5424 304c | 894c 2438 | 897c 2434 
  0x00000163646aac20: c5f8 77e8 | d876 43f8 | 4585 d240 | 0f95 c540 | 0fb6 ed83 | f501 ba45 | ffff ffc5 | fa11 4424 
  0x00000163646aac40: 08c5 fa11 | 4c24 0c44 | 894c 2410 | 4489 7424 | 14c5 fb11 | 6424 2844 | 895c 2430 | c5f8 77e8 
  0x00000163646aac60: 9c76 43f8 | ba45 ffff | ffc5 fa11 | 4424 08c5 | fa11 4c24 | 0cc5 fa11 | 5424 10c5 | fb11 6424 
  0x00000163646aac80: 284c 895c | 2430 4489 | 5424 144c | 894c 2438 | 897c 2440 | c5f8 77e8 | 6476 43f8 | 418b dae9 
  0x00000163646aaca0: 4df8 ffff | bade ffff | ffc5 fa11 | 4424 08c5 | fa11 4c24 | 0cc5 fa11 | 5424 1090 | c5f8 77e8 
  0x00000163646aacc0: 3c76 43f8 | bade ffff | ff48 8b2c | 24c5 fa11 | 0424 c5fa | 114c 2404 | c5fa 1154 | 2408 4c8b 
  0x00000163646aace0: 4424 184c | 8944 2410 | c5fb 1164 | 2420 4489 | 5c24 0c44 | 8954 2428 | 894c 2430 | c5f8 77e8 
  0x00000163646aad00: fc75 43f8 | bade ffff | ff48 8b2c | 24c5 fa11 | 0424 c5fa | 114c 2404 | c5fa 1154 | 2408 4c8b 
  0x00000163646aad20: 4424 184c | 8944 2410 | c5fb 1164 | 2420 4c89 | 5c24 2844 | 8954 240c | 4489 4c24 | 3466 6690 
  0x00000163646aad40: c5f8 77e8 | b875 43f8 | baf6 ffff | ff8b ef89 | 0c24 6690 | c5f8 77e8 | a475 43f8 | baf6 ffff 
  0x00000163646aad60: ff66 6690 | c5f8 77e8 | 9475 43f8 | c4c1 796e | d6ba f6ff | ffff c5f9 | 7ed5 6690 | c5f8 77e8 
  0x00000163646aad80: 7c75 43f8 | 4489 5c24 | 10ba f6ff | ffff 4489 | 1424 6690 | c5f8 77e8 | 6475 43f8 | baf6 ffff 
  0x00000163646aada0: ff66 6690 | c5f8 77e8 | 5475 43f8 | ba76 ffff | ff48 8b2c | 2444 8b54 | 2408 4489 | 1424 4c8b 
  0x00000163646aadc0: 5424 184c | 8954 2408 | 448b 5424 | 1044 8954 | 2404 448b | 5c24 1444 | 895c 2410 | 48ff 7424 
  0x00000163646aade0: 2048 8f44 | 2418 4889 | 4424 2044 | 8944 2414 | 8974 2428 | c5f8 77e8 | 0475 43f8 | baf6 ffff 
  0x00000163646aae00: ff66 6690 | c5f8 77e8 | f474 43f8 | 488b d0eb | 0848 8bd0 | eb03 488b | d0c5 f877 | 4883 c460 
  0x00000163646aae20: 5de9 da7f | 4ef8 baf6 | ffff ff49 | 8be8 6690 | c5f8 77e8 | c874 43f8 | baf6 ffff | ff66 6690 
  0x00000163646aae40: c5f8 77e8 | b874 43f8 | 488b 7424 | 18e9 aff9 | ffff 488b | 7424 18e9 | a5f9 ffff | baf6 ffff 
  0x00000163646aae60: ff66 6690 | c5f8 77e8 | 9474 43f8 | ba45 ffff | ff48 8b2c | 24c5 fa11 | 0424 c5fa | 114c 2404 
  0x00000163646aae80: c5fa 1154 | 2408 4c8b | 4424 184c | 8944 2410 | c5fb 1164 | 2420 4489 | 5c24 0c44 | 8954 2428 
  0x00000163646aaea0: 894c 242c | c5f8 77e8 | 5474 43f8 | baf6 ffff | ff66 6690 | c5f8 77e8 | 4474 43f8 | baf6 ffff 
  0x00000163646aaec0: ff66 6690 | c5f8 77e8 | 3474 43f8 | baf6 ffff | ff66 6690 | c5f8 77e8 | 2474 43f8 | ba76 ffff 
  0x00000163646aaee0: ff48 8b2c | 2444 8b54 | 2408 4489 | 1424 4c8b | 5424 184c | 8954 2408 | 448b 5c24 | 2844 895c 
  0x00000163646aaf00: 2404 48ff | 7424 2048 | 8f44 2418 | 4c89 7424 | 2089 5c24 | 2866 6690 | c5f8 77e8 | e073 43f8 
  0x00000163646aaf20: baf6 ffff | ff66 6690 | c5f8 77e8 | d073 43f8 | baf6 ffff | ff66 6690 | c5f8 77e8 | c073 43f8 
  0x00000163646aaf40: ba45 ffff | ff48 8b2c | 24c5 fa11 | 0424 c5fa | 114c 2404 | c5fa 1154 | 2408 4c8b | 4424 184c 
  0x00000163646aaf60: 8944 2410 | c5fb 1164 | 2420 4c89 | 5c24 2844 | 8954 240c | 4489 4c24 | 3066 6690 | c5f8 77e8 
  0x00000163646aaf80: 7c73 43f8 | 49ba 8b9f | 6a64 6301 | 0000 4d89 | 9758 0300 | 00e9 6684 | 43f8 f4f4 | f4f4 f4f4 
  0x00000163646aafa0: e9db 9b4d | f8e8 0000 | 0000 4883 | 2c24 05e9 | ec76 43f8 | f4f4 f4f4 
[/MachCode]
--------------------------------------------------------------------------------


---------------  P R O C E S S  ---------------

Threads class SMR info:
_java_thread_list=0x00000163790a57f0, length=24, elements={
0x00000163785888a0, 0x0000016378589510, 0x00000163785a0ec0, 0x00000163785a2880,
0x00000163785a3230, 0x00000163785a3be0, 0x00000163785a7dc0, 0x0000016379008140,
0x00000163790196f0, 0x00000163791176e0, 0x0000016379138bd0, 0x0000016379165520,
0x0000016354f9d720, 0x0000016379340610, 0x000001637938f390, 0x0000016379391fd0,
0x0000016379a178c0, 0x0000016379a9a8b0, 0x0000016379a9ad80, 0x0000016379aa7120,
0x0000016379aaa430, 0x0000016379c0bbe0, 0x0000016379c092e0, 0x0000016379aa6c50
}

Java Threads: ( => current thread )
  0x00000163785888a0 JavaThread "Reference Handler" daemon [_thread_blocked, id=14648, stack(0x0000003b83e00000,0x0000003b83f00000)]
  0x0000016378589510 JavaThread "Finalizer" daemon [_thread_blocked, id=2524, stack(0x0000003b83f00000,0x0000003b84000000)]
  0x00000163785a0ec0 JavaThread "Signal Dispatcher" daemon [_thread_blocked, id=25668, stack(0x0000003b84000000,0x0000003b84100000)]
  0x00000163785a2880 JavaThread "Attach Listener" daemon [_thread_blocked, id=7392, stack(0x0000003b84100000,0x0000003b84200000)]
  0x00000163785a3230 JavaThread "Service Thread" daemon [_thread_blocked, id=26432, stack(0x0000003b84200000,0x0000003b84300000)]
  0x00000163785a3be0 JavaThread "Monitor Deflation Thread" daemon [_thread_blocked, id=12212, stack(0x0000003b84300000,0x0000003b84400000)]
  0x00000163785a7dc0 JavaThread "C2 CompilerThread0" daemon [_thread_blocked, id=13408, stack(0x0000003b84400000,0x0000003b84500000)]
  0x0000016379008140 JavaThread "C1 CompilerThread0" daemon [_thread_blocked, id=18544, stack(0x0000003b84500000,0x0000003b84600000)]
  0x00000163790196f0 JavaThread "Sweeper thread" daemon [_thread_blocked, id=248, stack(0x0000003b84600000,0x0000003b84700000)]
  0x00000163791176e0 JavaThread "C1 CompilerThread1" daemon [_thread_blocked, id=25424, stack(0x0000003b84700000,0x0000003b84800000)]
  0x0000016379138bd0 JavaThread "Notification Thread" daemon [_thread_blocked, id=9856, stack(0x0000003b84900000,0x0000003b84a00000)]
  0x0000016379165520 JavaThread "Common-Cleaner" daemon [_thread_blocked, id=18792, stack(0x0000003b84b00000,0x0000003b84c00000)]
  0x0000016354f9d720 JavaThread "DestroyJavaVM" [_thread_blocked, id=11428, stack(0x0000003b83700000,0x0000003b83800000)]
  0x0000016379340610 JavaThread "Java2D Disposer" daemon [_thread_blocked, id=8472, stack(0x0000003b84d00000,0x0000003b84e00000)]
  0x000001637938f390 JavaThread "AWT-Shutdown" [_thread_blocked, id=22728, stack(0x0000003b84f00000,0x0000003b85000000)]
  0x0000016379391fd0 JavaThread "AWT-Windows" daemon [_thread_in_native, id=10288, stack(0x0000003b85000000,0x0000003b85100000)]
  0x0000016379a178c0 JavaThread "AWT-EventQueue-0" [_thread_blocked, id=2560, stack(0x0000003b85d00000,0x0000003b85e00000)]
=>0x0000016379a9a8b0 JavaThread "Thread-2" [_thread_in_Java, id=25124, stack(0x0000003b85e00000,0x0000003b85f00000)]
  0x0000016379a9ad80 JavaThread "Thread-1" [_thread_in_Java, id=24700, stack(0x0000003b85f00000,0x0000003b86000000)]
  0x0000016379aa7120 JavaThread "D3D Screen Updater" daemon [_thread_blocked, id=6220, stack(0x0000003b84c00000,0x0000003b84d00000)]
  0x0000016379aaa430 JavaThread "C2 CompilerThread1" daemon [_thread_blocked, id=23256, stack(0x0000003b84800000,0x0000003b84900000)]
  0x0000016379c0bbe0 JavaThread "C2 CompilerThread2" daemon [_thread_blocked, id=14432, stack(0x0000003b86800000,0x0000003b86900000)]
  0x0000016379c092e0 JavaThread "C2 CompilerThread3" daemon [_thread_blocked, id=2764, stack(0x0000003b86900000,0x0000003b86a00000)]
  0x0000016379aa6c50 JavaThread "Thread-3" [_thread_in_Java, id=17464, stack(0x0000003b86a00000,0x0000003b86b00000)]

Other Threads:
  0x0000016378582fb0 VMThread "VM Thread" [stack: 0x0000003b83d00000,0x0000003b83e00000] [id=16484]
  0x000001637915d0c0 WatcherThread [stack: 0x0000003b84a00000,0x0000003b84b00000] [id=1964]
  0x0000016355007530 GCTaskThread "GC Thread#0" [stack: 0x0000003b83800000,0x0000003b83900000] [id=3868]
  0x0000016379ab5b40 GCTaskThread "GC Thread#1" [stack: 0x0000003b84e00000,0x0000003b84f00000] [id=1708]
  0x0000016379ab5df0 GCTaskThread "GC Thread#2" [stack: 0x0000003b86000000,0x0000003b86100000] [id=14628]
  0x0000016379ab60a0 GCTaskThread "GC Thread#3" [stack: 0x0000003b86100000,0x0000003b86200000] [id=15604]
  0x0000016379ab6350 GCTaskThread "GC Thread#4" [stack: 0x0000003b86200000,0x0000003b86300000] [id=24812]
  0x0000016379ab6600 GCTaskThread "GC Thread#5" [stack: 0x0000003b86300000,0x0000003b86400000] [id=13972]
  0x0000016379ab6ec0 GCTaskThread "GC Thread#6" [stack: 0x0000003b86400000,0x0000003b86500000] [id=11112]
  0x0000016379af68d0 GCTaskThread "GC Thread#7" [stack: 0x0000003b86500000,0x0000003b86600000] [id=22064]
  0x0000016379af8100 GCTaskThread "GC Thread#8" [stack: 0x0000003b86600000,0x0000003b86700000] [id=23428]
  0x0000016379af6620 GCTaskThread "GC Thread#9" [stack: 0x0000003b86700000,0x0000003b86800000] [id=312]
  0x0000016355018b10 ConcurrentGCThread "G1 Main Marker" [stack: 0x0000003b83900000,0x0000003b83a00000] [id=14740]
  0x000001635501acd0 ConcurrentGCThread "G1 Conc#0" [stack: 0x0000003b83a00000,0x0000003b83b00000] [id=12264]
  0x000001635507ea10 ConcurrentGCThread "G1 Refine#0" [stack: 0x0000003b83b00000,0x0000003b83c00000] [id=20020]
  0x000001637843b510 ConcurrentGCThread "G1 Service" [stack: 0x0000003b83c00000,0x0000003b83d00000] [id=18824]

Threads with active compile tasks:

VM state: not at safepoint (normal execution)

VM Mutex/Monitor currently owned by a thread: None

Heap address: 0x0000000709600000, size: 3946 MB, Compressed Oops mode: Zero based, Oop shift amount: 3

CDS archive(s) mapped at: [0x0000000800000000-0x0000000800bc0000-0x0000000800bc0000), size 12320768, SharedBaseAddress: 0x0000000800000000, ArchiveRelocationMode: 0.
Compressed class space mapped at: 0x0000000800c00000-0x0000000840c00000, reserved size: 1073741824
Narrow klass base: 0x0000000800000000, Narrow klass shift: 0, Narrow klass range: 0x100000000

GC Precious Log:
 CPUs: 16 total, 16 available
 Memory: 15776M
 Large Page Support: Disabled
 NUMA Support: Disabled
 Compressed Oops: Enabled (Zero based)
 Heap Region Size: 2M
 Heap Min Capacity: 8M
 Heap Initial Capacity: 248M
 Heap Max Capacity: 3946M
 Pre-touch: Disabled
 Parallel Workers: 13
 Concurrent Workers: 3
 Concurrent Refinement Workers: 13
 Periodic GC: Disabled

Heap:
 garbage-first heap   total 253952K, used 26831K [0x0000000709600000, 0x0000000800000000)
  region size 2048K, 13 young (26624K), 2 survivors (4096K)
 Metaspace       used 7197K, committed 7424K, reserved 1056768K
  class space    used 774K, committed 896K, reserved 1048576K

Heap Regions: E=young(eden), S=young(survivor), O=old, HS=humongous(starts), HC=humongous(continues), CS=collection set, F=free, OA=open archive, CA=closed archive, TAMS=top-at-mark-start (previous, next)
|   0|0x0000000709600000, 0x0000000709800000, 0x0000000709800000|100%|HS|  |TAMS 0x0000000709600000, 0x0000000709600000| Complete 
|   1|0x0000000709800000, 0x0000000709a00000, 0x0000000709a00000|100%|HC|  |TAMS 0x0000000709800000, 0x0000000709800000| Complete 
|   2|0x0000000709a00000, 0x0000000709a00000, 0x0000000709c00000|  0%| F|  |TAMS 0x0000000709a00000, 0x0000000709a00000| Untracked 
|   3|0x0000000709c00000, 0x0000000709c00000, 0x0000000709e00000|  0%| F|  |TAMS 0x0000000709c00000, 0x0000000709c00000| Untracked 
|   4|0x0000000709e00000, 0x0000000709e00000, 0x000000070a000000|  0%| F|  |TAMS 0x0000000709e00000, 0x0000000709e00000| Untracked 
|   5|0x000000070a000000, 0x000000070a000000, 0x000000070a200000|  0%| F|  |TAMS 0x000000070a000000, 0x000000070a000000| Untracked 
|   6|0x000000070a200000, 0x000000070a200000, 0x000000070a400000|  0%| F|  |TAMS 0x000000070a200000, 0x000000070a200000| Untracked 
|   7|0x000000070a400000, 0x000000070a400000, 0x000000070a600000|  0%| F|  |TAMS 0x000000070a400000, 0x000000070a400000| Untracked 
|   8|0x000000070a600000, 0x000000070a600000, 0x000000070a800000|  0%| F|  |TAMS 0x000000070a600000, 0x000000070a600000| Untracked 
|   9|0x000000070a800000, 0x000000070a800000, 0x000000070aa00000|  0%| F|  |TAMS 0x000000070a800000, 0x000000070a800000| Untracked 
|  10|0x000000070aa00000, 0x000000070aa00000, 0x000000070ac00000|  0%| F|  |TAMS 0x000000070aa00000, 0x000000070aa00000| Untracked 
|  11|0x000000070ac00000, 0x000000070ac00000, 0x000000070ae00000|  0%| F|  |TAMS 0x000000070ac00000, 0x000000070ac00000| Untracked 
|  12|0x000000070ae00000, 0x000000070ae00000, 0x000000070b000000|  0%| F|  |TAMS 0x000000070ae00000, 0x000000070ae00000| Untracked 
|  13|0x000000070b000000, 0x000000070b000000, 0x000000070b200000|  0%| F|  |TAMS 0x000000070b000000, 0x000000070b000000| Untracked 
|  14|0x000000070b200000, 0x000000070b200000, 0x000000070b400000|  0%| F|  |TAMS 0x000000070b200000, 0x000000070b200000| Untracked 
|  15|0x000000070b400000, 0x000000070b400000, 0x000000070b600000|  0%| F|  |TAMS 0x000000070b400000, 0x000000070b400000| Untracked 
|  16|0x000000070b600000, 0x000000070b600000, 0x000000070b800000|  0%| F|  |TAMS 0x000000070b600000, 0x000000070b600000| Untracked 
|  17|0x000000070b800000, 0x000000070b800000, 0x000000070ba00000|  0%| F|  |TAMS 0x000000070b800000, 0x000000070b800000| Untracked 
|  18|0x000000070ba00000, 0x000000070ba00000, 0x000000070bc00000|  0%| F|  |TAMS 0x000000070ba00000, 0x000000070ba00000| Untracked 
|  19|0x000000070bc00000, 0x000000070bc00000, 0x000000070be00000|  0%| F|  |TAMS 0x000000070bc00000, 0x000000070bc00000| Untracked 
|  20|0x000000070be00000, 0x000000070be00000, 0x000000070c000000|  0%| F|  |TAMS 0x000000070be00000, 0x000000070be00000| Untracked 
|  21|0x000000070c000000, 0x000000070c000000, 0x000000070c200000|  0%| F|  |TAMS 0x000000070c000000, 0x000000070c000000| Untracked 
|  22|0x000000070c200000, 0x000000070c200000, 0x000000070c400000|  0%| F|  |TAMS 0x000000070c200000, 0x000000070c200000| Untracked 
|  23|0x000000070c400000, 0x000000070c400000, 0x000000070c600000|  0%| F|  |TAMS 0x000000070c400000, 0x000000070c400000| Untracked 
|  24|0x000000070c600000, 0x000000070c600000, 0x000000070c800000|  0%| F|  |TAMS 0x000000070c600000, 0x000000070c600000| Untracked 
|  25|0x000000070c800000, 0x000000070c800000, 0x000000070ca00000|  0%| F|  |TAMS 0x000000070c800000, 0x000000070c800000| Untracked 
|  26|0x000000070ca00000, 0x000000070ca00000, 0x000000070cc00000|  0%| F|  |TAMS 0x000000070ca00000, 0x000000070ca00000| Untracked 
|  27|0x000000070cc00000, 0x000000070cc00000, 0x000000070ce00000|  0%| F|  |TAMS 0x000000070cc00000, 0x000000070cc00000| Untracked 
|  28|0x000000070ce00000, 0x000000070ce00000, 0x000000070d000000|  0%| F|  |TAMS 0x000000070ce00000, 0x000000070ce00000| Untracked 
|  29|0x000000070d000000, 0x000000070d000000, 0x000000070d200000|  0%| F|  |TAMS 0x000000070d000000, 0x000000070d000000| Untracked 
|  30|0x000000070d200000, 0x000000070d200000, 0x000000070d400000|  0%| F|  |TAMS 0x000000070d200000, 0x000000070d200000| Untracked 
|  31|0x000000070d400000, 0x000000070d400000, 0x000000070d600000|  0%| F|  |TAMS 0x000000070d400000, 0x000000070d400000| Untracked 
|  32|0x000000070d600000, 0x000000070d600000, 0x000000070d800000|  0%| F|  |TAMS 0x000000070d600000, 0x000000070d600000| Untracked 
|  33|0x000000070d800000, 0x000000070d800000, 0x000000070da00000|  0%| F|  |TAMS 0x000000070d800000, 0x000000070d800000| Untracked 
|  34|0x000000070da00000, 0x000000070da00000, 0x000000070dc00000|  0%| F|  |TAMS 0x000000070da00000, 0x000000070da00000| Untracked 
|  35|0x000000070dc00000, 0x000000070dc00000, 0x000000070de00000|  0%| F|  |TAMS 0x000000070dc00000, 0x000000070dc00000| Untracked 
|  36|0x000000070de00000, 0x000000070de00000, 0x000000070e000000|  0%| F|  |TAMS 0x000000070de00000, 0x000000070de00000| Untracked 
|  37|0x000000070e000000, 0x000000070e000000, 0x000000070e200000|  0%| F|  |TAMS 0x000000070e000000, 0x000000070e000000| Untracked 
|  38|0x000000070e200000, 0x000000070e200000, 0x000000070e400000|  0%| F|  |TAMS 0x000000070e200000, 0x000000070e200000| Untracked 
|  39|0x000000070e400000, 0x000000070e400000, 0x000000070e600000|  0%| F|  |TAMS 0x000000070e400000, 0x000000070e400000| Untracked 
|  40|0x000000070e600000, 0x000000070e600000, 0x000000070e800000|  0%| F|  |TAMS 0x000000070e600000, 0x000000070e600000| Untracked 
|  41|0x000000070e800000, 0x000000070e800000, 0x000000070ea00000|  0%| F|  |TAMS 0x000000070e800000, 0x000000070e800000| Untracked 
|  42|0x000000070ea00000, 0x000000070ea00000, 0x000000070ec00000|  0%| F|  |TAMS 0x000000070ea00000, 0x000000070ea00000| Untracked 
|  43|0x000000070ec00000, 0x000000070ec00000, 0x000000070ee00000|  0%| F|  |TAMS 0x000000070ec00000, 0x000000070ec00000| Untracked 
|  44|0x000000070ee00000, 0x000000070ee00000, 0x000000070f000000|  0%| F|  |TAMS 0x000000070ee00000, 0x000000070ee00000| Untracked 
|  45|0x000000070f000000, 0x000000070f000000, 0x000000070f200000|  0%| F|  |TAMS 0x000000070f000000, 0x000000070f000000| Untracked 
|  46|0x000000070f200000, 0x000000070f200000, 0x000000070f400000|  0%| F|  |TAMS 0x000000070f200000, 0x000000070f200000| Untracked 
|  47|0x000000070f400000, 0x000000070f400000, 0x000000070f600000|  0%| F|  |TAMS 0x000000070f400000, 0x000000070f400000| Untracked 
|  48|0x000000070f600000, 0x000000070f600000, 0x000000070f800000|  0%| F|  |TAMS 0x000000070f600000, 0x000000070f600000| Untracked 
|  49|0x000000070f800000, 0x000000070f800000, 0x000000070fa00000|  0%| F|  |TAMS 0x000000070f800000, 0x000000070f800000| Untracked 
|  50|0x000000070fa00000, 0x000000070fa00000, 0x000000070fc00000|  0%| F|  |TAMS 0x000000070fa00000, 0x000000070fa00000| Untracked 
|  51|0x000000070fc00000, 0x000000070fc00000, 0x000000070fe00000|  0%| F|  |TAMS 0x000000070fc00000, 0x000000070fc00000| Untracked 
|  52|0x000000070fe00000, 0x000000070fe00000, 0x0000000710000000|  0%| F|  |TAMS 0x000000070fe00000, 0x000000070fe00000| Untracked 
|  53|0x0000000710000000, 0x0000000710000000, 0x0000000710200000|  0%| F|  |TAMS 0x0000000710000000, 0x0000000710000000| Untracked 
|  54|0x0000000710200000, 0x0000000710200000, 0x0000000710400000|  0%| F|  |TAMS 0x0000000710200000, 0x0000000710200000| Untracked 
|  55|0x0000000710400000, 0x0000000710400000, 0x0000000710600000|  0%| F|  |TAMS 0x0000000710400000, 0x0000000710400000| Untracked 
|  56|0x0000000710600000, 0x0000000710600000, 0x0000000710800000|  0%| F|  |TAMS 0x0000000710600000, 0x0000000710600000| Untracked 
|  57|0x0000000710800000, 0x0000000710800000, 0x0000000710a00000|  0%| F|  |TAMS 0x0000000710800000, 0x0000000710800000| Untracked 
|  58|0x0000000710a00000, 0x0000000710a00000, 0x0000000710c00000|  0%| F|  |TAMS 0x0000000710a00000, 0x0000000710a00000| Untracked 
|  59|0x0000000710c00000, 0x0000000710c00000, 0x0000000710e00000|  0%| F|  |TAMS 0x0000000710c00000, 0x0000000710c00000| Untracked 
|  60|0x0000000710e00000, 0x0000000710e00000, 0x0000000711000000|  0%| F|  |TAMS 0x0000000710e00000, 0x0000000710e00000| Untracked 
|  61|0x0000000711000000, 0x0000000711000000, 0x0000000711200000|  0%| F|  |TAMS 0x0000000711000000, 0x0000000711000000| Untracked 
|  62|0x0000000711200000, 0x0000000711200000, 0x0000000711400000|  0%| F|  |TAMS 0x0000000711200000, 0x0000000711200000| Untracked 
|  63|0x0000000711400000, 0x0000000711400000, 0x0000000711600000|  0%| F|  |TAMS 0x0000000711400000, 0x0000000711400000| Untracked 
|  64|0x0000000711600000, 0x0000000711600000, 0x0000000711800000|  0%| F|  |TAMS 0x0000000711600000, 0x0000000711600000| Untracked 
|  65|0x0000000711800000, 0x0000000711800000, 0x0000000711a00000|  0%| F|  |TAMS 0x0000000711800000, 0x0000000711800000| Untracked 
|  66|0x0000000711a00000, 0x0000000711a00000, 0x0000000711c00000|  0%| F|  |TAMS 0x0000000711a00000, 0x0000000711a00000| Untracked 
|  67|0x0000000711c00000, 0x0000000711c00000, 0x0000000711e00000|  0%| F|  |TAMS 0x0000000711c00000, 0x0000000711c00000| Untracked 
|  68|0x0000000711e00000, 0x0000000711e00000, 0x0000000712000000|  0%| F|  |TAMS 0x0000000711e00000, 0x0000000711e00000| Untracked 
|  69|0x0000000712000000, 0x0000000712000000, 0x0000000712200000|  0%| F|  |TAMS 0x0000000712000000, 0x0000000712000000| Untracked 
|  70|0x0000000712200000, 0x0000000712200000, 0x0000000712400000|  0%| F|  |TAMS 0x0000000712200000, 0x0000000712200000| Untracked 
|  71|0x0000000712400000, 0x0000000712400000, 0x0000000712600000|  0%| F|  |TAMS 0x0000000712400000, 0x0000000712400000| Untracked 
|  72|0x0000000712600000, 0x0000000712600000, 0x0000000712800000|  0%| F|  |TAMS 0x0000000712600000, 0x0000000712600000| Untracked 
|  73|0x0000000712800000, 0x0000000712800000, 0x0000000712a00000|  0%| F|  |TAMS 0x0000000712800000, 0x0000000712800000| Untracked 
|  74|0x0000000712a00000, 0x0000000712a00000, 0x0000000712c00000|  0%| F|  |TAMS 0x0000000712a00000, 0x0000000712a00000| Untracked 
|  75|0x0000000712c00000, 0x0000000712c00000, 0x0000000712e00000|  0%| F|  |TAMS 0x0000000712c00000, 0x0000000712c00000| Untracked 
|  76|0x0000000712e00000, 0x0000000712e00000, 0x0000000713000000|  0%| F|  |TAMS 0x0000000712e00000, 0x0000000712e00000| Untracked 
|  77|0x0000000713000000, 0x0000000713000000, 0x0000000713200000|  0%| F|  |TAMS 0x0000000713000000, 0x0000000713000000| Untracked 
|  78|0x0000000713200000, 0x0000000713200000, 0x0000000713400000|  0%| F|  |TAMS 0x0000000713200000, 0x0000000713200000| Untracked 
|  79|0x0000000713400000, 0x0000000713400000, 0x0000000713600000|  0%| F|  |TAMS 0x0000000713400000, 0x0000000713400000| Untracked 
|  80|0x0000000713600000, 0x0000000713600000, 0x0000000713800000|  0%| F|  |TAMS 0x0000000713600000, 0x0000000713600000| Untracked 
|  81|0x0000000713800000, 0x0000000713800000, 0x0000000713a00000|  0%| F|  |TAMS 0x0000000713800000, 0x0000000713800000| Untracked 
|  82|0x0000000713a00000, 0x0000000713a00000, 0x0000000713c00000|  0%| F|  |TAMS 0x0000000713a00000, 0x0000000713a00000| Untracked 
|  83|0x0000000713c00000, 0x0000000713c00000, 0x0000000713e00000|  0%| F|  |TAMS 0x0000000713c00000, 0x0000000713c00000| Untracked 
|  84|0x0000000713e00000, 0x0000000713e00000, 0x0000000714000000|  0%| F|  |TAMS 0x0000000713e00000, 0x0000000713e00000| Untracked 
|  85|0x0000000714000000, 0x0000000714000000, 0x0000000714200000|  0%| F|  |TAMS 0x0000000714000000, 0x0000000714000000| Untracked 
|  86|0x0000000714200000, 0x0000000714200000, 0x0000000714400000|  0%| F|  |TAMS 0x0000000714200000, 0x0000000714200000| Untracked 
|  87|0x0000000714400000, 0x0000000714400000, 0x0000000714600000|  0%| F|  |TAMS 0x0000000714400000, 0x0000000714400000| Untracked 
|  88|0x0000000714600000, 0x0000000714600000, 0x0000000714800000|  0%| F|  |TAMS 0x0000000714600000, 0x0000000714600000| Untracked 
|  89|0x0000000714800000, 0x0000000714800000, 0x0000000714a00000|  0%| F|  |TAMS 0x0000000714800000, 0x0000000714800000| Untracked 
|  90|0x0000000714a00000, 0x0000000714a00000, 0x0000000714c00000|  0%| F|  |TAMS 0x0000000714a00000, 0x0000000714a00000| Untracked 
|  91|0x0000000714c00000, 0x0000000714c00000, 0x0000000714e00000|  0%| F|  |TAMS 0x0000000714c00000, 0x0000000714c00000| Untracked 
|  92|0x0000000714e00000, 0x0000000714e00000, 0x0000000715000000|  0%| F|  |TAMS 0x0000000714e00000, 0x0000000714e00000| Untracked 
|  93|0x0000000715000000, 0x0000000715000000, 0x0000000715200000|  0%| F|  |TAMS 0x0000000715000000, 0x0000000715000000| Untracked 
|  94|0x0000000715200000, 0x0000000715200000, 0x0000000715400000|  0%| F|  |TAMS 0x0000000715200000, 0x0000000715200000| Untracked 
|  95|0x0000000715400000, 0x0000000715400000, 0x0000000715600000|  0%| F|  |TAMS 0x0000000715400000, 0x0000000715400000| Untracked 
|  96|0x0000000715600000, 0x0000000715600000, 0x0000000715800000|  0%| F|  |TAMS 0x0000000715600000, 0x0000000715600000| Untracked 
|  97|0x0000000715800000, 0x0000000715800000, 0x0000000715a00000|  0%| F|  |TAMS 0x0000000715800000, 0x0000000715800000| Untracked 
|  98|0x0000000715a00000, 0x0000000715a00000, 0x0000000715c00000|  0%| F|  |TAMS 0x0000000715a00000, 0x0000000715a00000| Untracked 
|  99|0x0000000715c00000, 0x0000000715c00000, 0x0000000715e00000|  0%| F|  |TAMS 0x0000000715c00000, 0x0000000715c00000| Untracked 
| 100|0x0000000715e00000, 0x0000000715e00000, 0x0000000716000000|  0%| F|  |TAMS 0x0000000715e00000, 0x0000000715e00000| Untracked 
| 101|0x0000000716000000, 0x0000000716000000, 0x0000000716200000|  0%| F|  |TAMS 0x0000000716000000, 0x0000000716000000| Untracked 
| 102|0x0000000716200000, 0x0000000716200000, 0x0000000716400000|  0%| F|  |TAMS 0x0000000716200000, 0x0000000716200000| Untracked 
| 103|0x0000000716400000, 0x0000000716400000, 0x0000000716600000|  0%| F|  |TAMS 0x0000000716400000, 0x0000000716400000| Untracked 
| 104|0x0000000716600000, 0x0000000716600000, 0x0000000716800000|  0%| F|  |TAMS 0x0000000716600000, 0x0000000716600000| Untracked 
| 105|0x0000000716800000, 0x0000000716800000, 0x0000000716a00000|  0%| F|  |TAMS 0x0000000716800000, 0x0000000716800000| Untracked 
| 106|0x0000000716a00000, 0x0000000716a00000, 0x0000000716c00000|  0%| F|  |TAMS 0x0000000716a00000, 0x0000000716a00000| Untracked 
| 107|0x0000000716c00000, 0x0000000716c00000, 0x0000000716e00000|  0%| F|  |TAMS 0x0000000716c00000, 0x0000000716c00000| Untracked 
| 108|0x0000000716e00000, 0x0000000716e00000, 0x0000000717000000|  0%| F|  |TAMS 0x0000000716e00000, 0x0000000716e00000| Untracked 
| 109|0x0000000717000000, 0x0000000717000000, 0x0000000717200000|  0%| F|  |TAMS 0x0000000717000000, 0x0000000717000000| Untracked 
| 110|0x0000000717200000, 0x0000000717200000, 0x0000000717400000|  0%| F|  |TAMS 0x0000000717200000, 0x0000000717200000| Untracked 
| 111|0x0000000717400000, 0x0000000717433fe0, 0x0000000717600000| 10%| S|CS|TAMS 0x0000000717400000, 0x0000000717400000| Complete 
| 112|0x0000000717600000, 0x0000000717800000, 0x0000000717800000|100%| S|CS|TAMS 0x0000000717600000, 0x0000000717600000| Complete 
| 113|0x0000000717800000, 0x00000007179d2018, 0x0000000717a00000| 91%| E|  |TAMS 0x0000000717800000, 0x0000000717800000| Complete 
| 114|0x0000000717a00000, 0x0000000717c00000, 0x0000000717c00000|100%| E|CS|TAMS 0x0000000717a00000, 0x0000000717a00000| Complete 
| 115|0x0000000717c00000, 0x0000000717e00000, 0x0000000717e00000|100%| E|CS|TAMS 0x0000000717c00000, 0x0000000717c00000| Complete 
| 116|0x0000000717e00000, 0x0000000718000000, 0x0000000718000000|100%| E|CS|TAMS 0x0000000717e00000, 0x0000000717e00000| Complete 
| 117|0x0000000718000000, 0x0000000718200000, 0x0000000718200000|100%| E|CS|TAMS 0x0000000718000000, 0x0000000718000000| Complete 
| 118|0x0000000718200000, 0x0000000718400000, 0x0000000718400000|100%| E|CS|TAMS 0x0000000718200000, 0x0000000718200000| Complete 
| 119|0x0000000718400000, 0x0000000718600000, 0x0000000718600000|100%| E|CS|TAMS 0x0000000718400000, 0x0000000718400000| Complete 
| 120|0x0000000718600000, 0x0000000718800000, 0x0000000718800000|100%| E|CS|TAMS 0x0000000718600000, 0x0000000718600000| Complete 
| 121|0x0000000718800000, 0x0000000718a00000, 0x0000000718a00000|100%| E|CS|TAMS 0x0000000718800000, 0x0000000718800000| Complete 
| 122|0x0000000718a00000, 0x0000000718c00000, 0x0000000718c00000|100%| E|CS|TAMS 0x0000000718a00000, 0x0000000718a00000| Complete 
| 123|0x0000000718c00000, 0x0000000718e00000, 0x0000000718e00000|100%| E|CS|TAMS 0x0000000718c00000, 0x0000000718c00000| Complete 

Card table byte_map: [0x000001636cb00000,0x000001636d2c0000] _byte_map_base: 0x00000163692b5000

Marking Bits (Prev, Next): (CMBitMap*) 0x0000016355008b50, (CMBitMap*) 0x0000016355008b90
 Prev Bits: [0x000001636da80000, 0x0000016371828000)
 Next Bits: [0x0000016371830000, 0x00000163755d8000)

Polling page: 0x0000016352e20000

Metaspace:

Usage:
  Non-class:      6.27 MB used.
      Class:    774.66 KB used.
       Both:      7.03 MB used.

Virtual space:
  Non-class space:        8.00 MB reserved,       6.38 MB ( 80%) committed,  1 nodes.
      Class space:        1.00 GB reserved,     896.00 KB ( <1%) committed,  1 nodes.
             Both:        1.01 GB reserved,       7.25 MB ( <1%) committed. 

Chunk freelists:
   Non-Class:  864.00 KB
       Class:  3.10 MB
        Both:  3.94 MB

MaxMetaspaceSize: unlimited
CompressedClassSpaceSize: 1.00 GB
Initial GC threshold: 21.00 MB
Current GC threshold: 21.00 MB
CDS: on
MetaspaceReclaimPolicy: balanced
 - commit_granule_bytes: 65536.
 - commit_granule_words: 8192.
 - virtual_space_node_default_size: 1048576.
 - enlarge_chunks_in_place: 1.
 - new_chunks_are_fully_committed: 0.
 - uncommit_free_chunks: 1.
 - use_allocation_guard: 0.
 - handle_deallocations: 1.


Internal statistics:

num_allocs_failed_limit: 0.
num_arena_births: 128.
num_arena_deaths: 0.
num_vsnodes_births: 2.
num_vsnodes_deaths: 0.
num_space_committed: 116.
num_space_uncommitted: 0.
num_chunks_returned_to_freelist: 0.
num_chunks_taken_from_freelist: 180.
num_chunk_merges: 0.
num_chunk_splits: 107.
num_chunks_enlarged: 52.
num_purges: 0.
num_inconsistent_stats: 0.

CodeHeap 'non-profiled nmethods': size=119168Kb used=495Kb max_used=495Kb free=118672Kb
 bounds [0x0000016364630000, 0x00000163648a0000, 0x000001636ba90000]
CodeHeap 'profiled nmethods': size=119104Kb used=1961Kb max_used=1961Kb free=117142Kb
 bounds [0x000001635d1e0000, 0x000001635d450000, 0x0000016364630000]
CodeHeap 'non-nmethods': size=7488Kb used=1821Kb max_used=2397Kb free=5666Kb
 bounds [0x000001635ca90000, 0x000001635cd00000, 0x000001635d1e0000]
 total_blobs=1899 nmethods=1319 adapters=492
 compilation: enabled
              stopped_count=0, restarted_count=0
 full_count=0

Compilation events (20 events):
Event: 3.131 Thread 0x0000016379008140 1310       3       summit.game.entity.Entity::moveTo (19 bytes)
Event: 3.131 Thread 0x00000163791176e0 1307       1       summit.game.entity.Entity::getDx (5 bytes)
Event: 3.131 Thread 0x00000163791176e0 nmethod 1307 0x00000163646a7a90 code [0x00000163646a7c20, 0x00000163646a7cf8]
Event: 3.131 Thread 0x00000163791176e0 1308       1       summit.game.entity.Entity::getDy (5 bytes)
Event: 3.131 Thread 0x00000163791176e0 nmethod 1308 0x00000163646a7d90 code [0x00000163646a7f20, 0x00000163646a7ff8]
Event: 3.131 Thread 0x00000163791176e0 1309       1       summit.util.Region::setX (6 bytes)
Event: 3.131 Thread 0x00000163791176e0 nmethod 1309 0x00000163646a8090 code [0x00000163646a8220, 0x00000163646a82f8]
Event: 3.131 Thread 0x00000163791176e0 1311       1       summit.util.Region::setY (6 bytes)
Event: 3.131 Thread 0x00000163791176e0 nmethod 1311 0x00000163646a8390 code [0x00000163646a8520, 0x00000163646a85f8]
Event: 3.131 Thread 0x00000163791176e0 1312       1       summit.gfx.Camera::setX (6 bytes)
Event: 3.131 Thread 0x00000163791176e0 nmethod 1312 0x00000163646a8690 code [0x00000163646a8820, 0x00000163646a88f8]
Event: 3.131 Thread 0x00000163791176e0 1313       1       summit.gfx.Camera::setY (6 bytes)
Event: 3.131 Thread 0x0000016379008140 nmethod 1310 0x000001635d3c6490 code [0x000001635d3c66a0, 0x000001635d3c6ec8]
Event: 3.131 Thread 0x00000163791176e0 nmethod 1313 0x00000163646a8990 code [0x00000163646a8b20, 0x00000163646a8bf8]
Event: 3.132 Thread 0x00000163791176e0 1314       3       java.awt.GraphicsEnvironment::isHeadless (4 bytes)
Event: 3.132 Thread 0x0000016379008140 1315       3       java.awt.GraphicsEnvironment::getHeadlessProperty (22 bytes)
Event: 3.132 Thread 0x0000016379008140 nmethod 1315 0x000001635d3c7210 code [0x000001635d3c7420, 0x000001635d3c7a58]
Event: 3.132 Thread 0x0000016379008140 1316       1       sun.awt.windows.WObjectPeer::isDisposed (5 bytes)
Event: 3.132 Thread 0x00000163791176e0 nmethod 1314 0x000001635d3c7c90 code [0x000001635d3c7ea0, 0x000001635d3c8538]
Event: 3.132 Thread 0x0000016379008140 nmethod 1316 0x00000163646a8c90 code [0x00000163646a8e20, 0x00000163646a8ef8]

GC Heap History (2 events):
Event: 2.077 GC heap before
{Heap before GC invocations=0 (full 0):
 garbage-first heap   total 253952K, used 26624K [0x0000000709600000, 0x0000000800000000)
  region size 2048K, 11 young (22528K), 0 survivors (0K)
 Metaspace       used 6895K, committed 7040K, reserved 1056768K
  class space    used 726K, committed 832K, reserved 1048576K
}
Event: 2.080 GC heap after
{Heap after GC invocations=1 (full 0):
 garbage-first heap   total 253952K, used 6351K [0x0000000709600000, 0x0000000800000000)
  region size 2048K, 2 young (4096K), 2 survivors (4096K)
 Metaspace       used 6895K, committed 7040K, reserved 1056768K
  class space    used 726K, committed 832K, reserved 1048576K
}

Deoptimization events (20 events):
Event: 3.074 Thread 0x0000016379a9a8b0 DEOPT PACKING pc=0x000001635d3bf6a2 sp=0x0000003b85eff470
Event: 3.074 Thread 0x0000016379a9a8b0 DEOPT UNPACKING pc=0x000001635cae2b43 sp=0x0000003b85efe918 mode 0
Event: 3.075 Thread 0x0000016379a9a8b0 DEOPT PACKING pc=0x000001635d3bf6a2 sp=0x0000003b85eff470
Event: 3.075 Thread 0x0000016379a9a8b0 DEOPT UNPACKING pc=0x000001635cae2b43 sp=0x0000003b85efe918 mode 0
Event: 3.075 Thread 0x0000016379a9a8b0 DEOPT PACKING pc=0x000001635d3bf6a2 sp=0x0000003b85eff470
Event: 3.075 Thread 0x0000016379a9a8b0 DEOPT UNPACKING pc=0x000001635cae2b43 sp=0x0000003b85efe918 mode 0
Event: 3.075 Thread 0x0000016379a9a8b0 DEOPT PACKING pc=0x000001635d3bf6a2 sp=0x0000003b85eff470
Event: 3.075 Thread 0x0000016379a9a8b0 DEOPT UNPACKING pc=0x000001635cae2b43 sp=0x0000003b85efe918 mode 0
Event: 3.075 Thread 0x0000016379a9a8b0 DEOPT PACKING pc=0x000001635d3bf6a2 sp=0x0000003b85eff470
Event: 3.075 Thread 0x0000016379a9a8b0 DEOPT UNPACKING pc=0x000001635cae2b43 sp=0x0000003b85efe918 mode 0
Event: 3.075 Thread 0x0000016379a9a8b0 DEOPT PACKING pc=0x000001635d3bf6a2 sp=0x0000003b85eff470
Event: 3.075 Thread 0x0000016379a9a8b0 DEOPT UNPACKING pc=0x000001635cae2b43 sp=0x0000003b85efe918 mode 0
Event: 3.076 Thread 0x0000016379a9a8b0 DEOPT PACKING pc=0x000001635d3bf6a2 sp=0x0000003b85eff470
Event: 3.076 Thread 0x0000016379a9a8b0 DEOPT UNPACKING pc=0x000001635cae2b43 sp=0x0000003b85efe918 mode 0
Event: 3.076 Thread 0x0000016379a9a8b0 DEOPT PACKING pc=0x000001635d3bf6a2 sp=0x0000003b85eff470
Event: 3.076 Thread 0x0000016379a9a8b0 DEOPT UNPACKING pc=0x000001635cae2b43 sp=0x0000003b85efe918 mode 0
Event: 3.089 Thread 0x0000016379a9a8b0 DEOPT PACKING pc=0x000001635d3c0e1d sp=0x0000003b85eff110
Event: 3.089 Thread 0x0000016379a9a8b0 DEOPT UNPACKING pc=0x000001635cae2b43 sp=0x0000003b85efe5a0 mode 0
Event: 3.113 Thread 0x0000016379a9a8b0 DEOPT PACKING pc=0x000001635d3c3757 sp=0x0000003b85eff530
Event: 3.113 Thread 0x0000016379a9a8b0 DEOPT UNPACKING pc=0x000001635cae2b43 sp=0x0000003b85efe9d8 mode 0

Classes unloaded (0 events):
No events

Classes redefined (0 events):
No events

Internal exceptions (14 events):
Event: 0.052 Thread 0x0000016379168010 Exception <a 'java/lang/ClassNotFoundException'{0x0000000718a2b280}: sun/awt/resources/spi/awtProvider> (0x0000000718a2b280) 
thrown [s\src\hotspot\share\classfile\systemDictionary.cpp, line 256]
Event: 0.071 Thread 0x0000016379168010 Exception <a 'java/io/FileNotFoundException'{0x0000000718b657f8}> (0x0000000718b657f8) 
thrown [s\src\hotspot\share\prims\jni.cpp, line 516]
Event: 0.076 Thread 0x0000016379168010 Exception <a 'java/io/FileNotFoundException'{0x0000000718b92750}> (0x0000000718b92750) 
thrown [s\src\hotspot\share\prims\jni.cpp, line 516]
Event: 0.090 Thread 0x0000016379168010 Exception <a 'java/lang/NoSuchMethodError'{0x0000000718bc7f90}: 'java.lang.Object java.lang.invoke.DirectMethodHandle$Holder.invokeStaticInit(java.lang.Object)'> (0x0000000718bc7f90) 
thrown [s\src\hotspot\share\interpreter\linkResolver.cpp, line 759]
Event: 0.249 Thread 0x0000016379168010 Exception <a 'java/lang/NoSuchMethodError'{0x0000000718766788}: 'void java.lang.invoke.DirectMethodHandle$Holder.invokeSpecial(java.lang.Object, java.lang.Object, java.lang.Object)'> (0x0000000718766788) 
thrown [s\src\hotspot\share\interpreter\linkResolver.cpp, line 759]
Event: 0.255 Thread 0x0000016379168010 Exception <a 'java/lang/NoSuchMethodError'{0x0000000718790a20}: 'java.lang.Object java.lang.invoke.DirectMethodHandle$Holder.newInvokeSpecial(java.lang.Object, java.lang.Object, java.lang.Object, java.lang.Object, java.lang.Object)'> (0x0000000718790a20) 
thrown [s\src\hotspot\share\interpreter\linkResolver.cpp, line 759]
Event: 0.256 Thread 0x0000016379168010 Exception <a 'java/lang/NoSuchMethodError'{0x000000071879c3e8}: 'java.lang.Object java.lang.invoke.DirectMethodHandle$Holder.invokeStatic(java.lang.Object, int, java.lang.Object, java.lang.Object, java.lang.Object, java.lang.Object)'> (0x000000071879c3e8) 
thrown [s\src\hotspot\share\interpreter\linkResolver.cpp, line 759]
Event: 0.259 Thread 0x0000016379168010 Exception <a 'java/lang/NoSuchMethodError'{0x00000007187c1b08}: 'java.lang.Object java.lang.invoke.DirectMethodHandle$Holder.invokeStatic(java.lang.Object, int, java.lang.Object)'> (0x00000007187c1b08) 
thrown [s\src\hotspot\share\interpreter\linkResolver.cpp, line 759]
Event: 0.278 Thread 0x0000016379168010 Exception <a 'java/lang/ClassNotFoundException'{0x000000071847a018}: com/sun/swing/internal/plaf/metal/resources/spi/metalProvider> (0x000000071847a018) 
thrown [s\src\hotspot\share\classfile\systemDictionary.cpp, line 256]
Event: 0.279 Thread 0x0000016379168010 Exception <a 'java/lang/ClassNotFoundException'{0x000000071847dea0}: com/sun/swing/internal/plaf/basic/resources/spi/basicProvider> (0x000000071847dea0) 
thrown [s\src\hotspot\share\classfile\systemDictionary.cpp, line 256]
Event: 0.301 Thread 0x0000016379391fd0 Exception <a 'java/lang/NoSuchMethodError'{0x0000000718680998}: 'void java.lang.invoke.DirectMethodHandle$Holder.invokeVirtual(java.lang.Object, java.lang.Object)'> (0x0000000718680998) 
thrown [s\src\hotspot\share\interpreter\linkResolver.cpp, line 759]
Event: 0.313 Thread 0x0000016379168010 Exception <a 'java/lang/NoSuchMethodError'{0x00000007184bbde8}: 'void java.lang.invoke.DirectMethodHandle$Holder.invokeStaticInit(java.lang.Object)'> (0x00000007184bbde8) 
thrown [s\src\hotspot\share\interpreter\linkResolver.cpp, line 759]
Event: 3.007 Thread 0x0000016379a178c0 Implicit null exception at 0x000001636468e6d6 to 0x000001636468e7cc
Event: 3.007 Thread 0x0000016379a178c0 Implicit null exception at 0x000001636468d055 to 0x000001636468d124

VM Operations (18 events):
Event: 0.038 Executing VM operation: HandshakeAllThreads
Event: 0.038 Executing VM operation: HandshakeAllThreads done
Event: 0.278 Executing VM operation: HandshakeAllThreads
Event: 0.278 Executing VM operation: HandshakeAllThreads done
Event: 0.330 Executing VM operation: HandshakeAllThreads
Event: 0.330 Executing VM operation: HandshakeAllThreads done
Event: 0.357 Executing VM operation: HandshakeAllThreads
Event: 0.357 Executing VM operation: HandshakeAllThreads done
Event: 1.362 Executing VM operation: Cleanup
Event: 1.362 Executing VM operation: Cleanup done
Event: 2.077 Executing VM operation: G1CollectForAllocation
Event: 2.080 Executing VM operation: G1CollectForAllocation done
Event: 2.992 Executing VM operation: HandshakeAllThreads
Event: 2.992 Executing VM operation: HandshakeAllThreads done
Event: 3.016 Executing VM operation: HandshakeAllThreads
Event: 3.016 Executing VM operation: HandshakeAllThreads done
Event: 3.018 Executing VM operation: HandshakeAllThreads
Event: 3.018 Executing VM operation: HandshakeAllThreads done

Events (20 events):
Event: 2.366 loading class java/awt/Panel
Event: 2.366 loading class java/awt/Panel done
Event: 2.366 loading class java/applet/Applet done
Event: 2.366 loading class javax/swing/JInternalFrame
Event: 2.367 loading class javax/swing/JInternalFrame done
Event: 2.367 loading class javax/swing/KeyboardManager
Event: 2.367 loading class javax/swing/KeyboardManager done
Event: 2.367 loading class javax/swing/Popup$HeavyWeightWindow
Event: 2.367 loading class sun/awt/ModalExclude
Event: 2.367 loading class sun/awt/ModalExclude done
Event: 2.367 loading class javax/swing/JWindow
Event: 2.367 loading class javax/swing/JWindow done
Event: 2.367 loading class javax/swing/Popup$HeavyWeightWindow done
Event: 2.673 Thread 0x00000163791362a0 Thread exited: 0x00000163791362a0
Event: 2.989 loading class java/lang/Math$RandomNumberGeneratorHolder
Event: 2.989 loading class java/lang/Math$RandomNumberGeneratorHolder done
Event: 3.002 Thread 0x0000016379aaa430 Thread added: 0x0000016379aaa430
Event: 3.003 Thread 0x0000016379c0bbe0 Thread added: 0x0000016379c0bbe0
Event: 3.004 Thread 0x0000016379c092e0 Thread added: 0x0000016379c092e0
Event: 3.020 Thread 0x0000016379aa6c50 Thread added: 0x0000016379aa6c50


Dynamic libraries:
0x00007ff796dc0000 - 0x00007ff796dce000 	C:\Users\aadiu\AppData\Local\Programs\Eclipse Adoptium\jdk-17.0.4.101-hotspot\bin\java.exe
0x00007ffb36970000 - 0x00007ffb36b68000 	C:\Windows\SYSTEM32\ntdll.dll
0x00007ffb352a0000 - 0x00007ffb3535f000 	C:\Windows\System32\KERNEL32.DLL
0x00007ffb34310000 - 0x00007ffb345e2000 	C:\Windows\System32\KERNELBASE.dll
0x00007ffb34110000 - 0x00007ffb34210000 	C:\Windows\System32\ucrtbase.dll
0x00007ffb31af0000 - 0x00007ffb31b08000 	C:\Users\aadiu\AppData\Local\Programs\Eclipse Adoptium\jdk-17.0.4.101-hotspot\bin\jli.dll
0x00007ffb26d60000 - 0x00007ffb26d79000 	C:\Users\aadiu\AppData\Local\Programs\Eclipse Adoptium\jdk-17.0.4.101-hotspot\bin\VCRUNTIME140.dll
0x00007ffb35530000 - 0x00007ffb356cd000 	C:\Windows\System32\USER32.dll
0x00007ffb20b10000 - 0x00007ffb20daa000 	C:\Windows\WinSxS\amd64_microsoft.windows.common-controls_6595b64144ccf1df_6.0.19041.1110_none_60b5254171f9507e\COMCTL32.dll
0x00007ffb34720000 - 0x00007ffb34742000 	C:\Windows\System32\win32u.dll
0x00007ffb35f00000 - 0x00007ffb35f9e000 	C:\Windows\System32\msvcrt.dll
0x00007ffb35fa0000 - 0x00007ffb35fcb000 	C:\Windows\System32\GDI32.dll
0x00007ffb34750000 - 0x00007ffb3485f000 	C:\Windows\System32\gdi32full.dll
0x00007ffb345f0000 - 0x00007ffb3468d000 	C:\Windows\System32\msvcp_win.dll
0x00007ffb356f0000 - 0x00007ffb35722000 	C:\Windows\System32\IMM32.DLL
0x00007ffb31f20000 - 0x00007ffb31f2c000 	C:\Users\aadiu\AppData\Local\Programs\Eclipse Adoptium\jdk-17.0.4.101-hotspot\bin\vcruntime140_1.dll
0x00007ffb153c0000 - 0x00007ffb15451000 	C:\Users\aadiu\AppData\Local\Programs\Eclipse Adoptium\jdk-17.0.4.101-hotspot\bin\msvcp140.dll
0x00007ffabaac0000 - 0x00007ffabb706000 	C:\Users\aadiu\AppData\Local\Programs\Eclipse Adoptium\jdk-17.0.4.101-hotspot\bin\server\jvm.dll
0x00007ffb34ec0000 - 0x00007ffb34f6e000 	C:\Windows\System32\ADVAPI32.dll
0x00007ffb35e60000 - 0x00007ffb35efc000 	C:\Windows\System32\sechost.dll
0x00007ffb35ba0000 - 0x00007ffb35cc5000 	C:\Windows\System32\RPCRT4.dll
0x00007ffb34eb0000 - 0x00007ffb34eb8000 	C:\Windows\System32\PSAPI.DLL
0x00007ffb1d990000 - 0x00007ffb1d999000 	C:\Windows\SYSTEM32\WSOCK32.dll
0x00007ffb2d720000 - 0x00007ffb2d72a000 	C:\Windows\SYSTEM32\VERSION.dll
0x00007ffb31d40000 - 0x00007ffb31d67000 	C:\Windows\SYSTEM32\WINMM.dll
0x00007ffb35160000 - 0x00007ffb351cb000 	C:\Windows\System32\WS2_32.dll
0x00007ffb31fa0000 - 0x00007ffb31fb2000 	C:\Windows\SYSTEM32\kernel.appcore.dll
0x00007ffb31e90000 - 0x00007ffb31e9a000 	C:\Users\aadiu\AppData\Local\Programs\Eclipse Adoptium\jdk-17.0.4.101-hotspot\bin\jimage.dll
0x00007ffb31b50000 - 0x00007ffb31d34000 	C:\Windows\SYSTEM32\DBGHELP.DLL
0x00007ffb31b20000 - 0x00007ffb31b4c000 	C:\Windows\SYSTEM32\dbgcore.DLL
0x00007ffb34690000 - 0x00007ffb34712000 	C:\Windows\System32\bcryptPrimitives.dll
0x00007ffb24f60000 - 0x00007ffb24f85000 	C:\Users\aadiu\AppData\Local\Programs\Eclipse Adoptium\jdk-17.0.4.101-hotspot\bin\java.dll
0x00007ffb0bc50000 - 0x00007ffb0bd26000 	C:\Users\aadiu\AppData\Local\Programs\Eclipse Adoptium\jdk-17.0.4.101-hotspot\bin\jsvml.dll
0x00007ffb35fd0000 - 0x00007ffb36713000 	C:\Windows\System32\SHELL32.dll
0x00007ffb32130000 - 0x00007ffb328c2000 	C:\Windows\SYSTEM32\windows.storage.dll
0x00007ffb34ad0000 - 0x00007ffb34e24000 	C:\Windows\System32\combase.dll
0x00007ffb33a60000 - 0x00007ffb33a90000 	C:\Windows\SYSTEM32\Wldp.dll
0x00007ffb349c0000 - 0x00007ffb34a6d000 	C:\Windows\System32\SHCORE.dll
0x00007ffb35020000 - 0x00007ffb35075000 	C:\Windows\System32\shlwapi.dll
0x00007ffb33fb0000 - 0x00007ffb33fcf000 	C:\Windows\SYSTEM32\profapi.dll
0x00007ffafa310000 - 0x00007ffafa49e000 	C:\Users\aadiu\AppData\Local\Programs\Eclipse Adoptium\jdk-17.0.4.101-hotspot\bin\awt.dll
0x00007ffb351d0000 - 0x00007ffb3529d000 	C:\Windows\System32\OLEAUT32.dll
0x00007ffb31300000 - 0x00007ffb31391000 	C:\Windows\SYSTEM32\apphelp.dll
0x00007ffb1fa70000 - 0x00007ffb1fa88000 	C:\Users\aadiu\AppData\Local\Programs\Eclipse Adoptium\jdk-17.0.4.101-hotspot\bin\zip.dll
0x00007ffb31410000 - 0x00007ffb314ae000 	C:\Windows\system32\uxtheme.dll
0x00007ffb353f0000 - 0x00007ffb35505000 	C:\Windows\System32\MSCTF.dll
0x00007ffb35cd0000 - 0x00007ffb35dfa000 	C:\Windows\System32\ole32.dll
0x00007ffb31590000 - 0x00007ffb315bf000 	C:\Windows\system32\DWMAPI.DLL
0x00007ffadadb0000 - 0x00007ffadaed5000 	C:\Windows\system32\opengl32.dll
0x00007ffada100000 - 0x00007ffada12c000 	C:\Windows\SYSTEM32\GLU32.dll
0x00007ffb269b0000 - 0x00007ffb26b7f000 	C:\Windows\system32\d3d9.dll
0x00007ffb28d70000 - 0x00007ffb28f28000 	C:\Windows\System32\DriverStore\FileRepository\u0370468.inf_amd64_5e4260b11257b6e9\B370372\aticfx64.dll
0x00007ffb1f320000 - 0x00007ffb1f354000 	C:\Windows\System32\DriverStore\FileRepository\u0370468.inf_amd64_5e4260b11257b6e9\B370372\atiu9p64.dll
0x00007ffab93e0000 - 0x00007ffaba134000 	C:\Windows\System32\DriverStore\FileRepository\u0370468.inf_amd64_5e4260b11257b6e9\B370372\atiumd64.dll
0x000000006c4b0000 - 0x000000006d324000 	C:\Windows\System32\DriverStore\FileRepository\u0370468.inf_amd64_5e4260b11257b6e9\B370372\atiumd6a.dll
0x00007ffb35730000 - 0x00007ffb35b98000 	C:\Windows\System32\SETUPAPI.dll
0x00007ffb34210000 - 0x00007ffb3425e000 	C:\Windows\System32\cfgmgr32.dll
0x00007ffb34070000 - 0x00007ffb34097000 	C:\Windows\System32\bcrypt.dll
0x00007ffb33e30000 - 0x00007ffb33e7b000 	C:\Windows\SYSTEM32\POWRPROF.dll
0x00007ffb33e10000 - 0x00007ffb33e22000 	C:\Windows\SYSTEM32\UMPDC.dll
0x00007ffb29180000 - 0x00007ffb291b0000 	C:\Windows\SYSTEM32\amdihk64.dll
0x00007ffb29960000 - 0x00007ffb2999b000 	C:\Windows\SYSTEM32\dxcore.dll
0x00007ffb0bbc0000 - 0x00007ffb0bc46000 	C:\Users\aadiu\AppData\Local\Programs\Eclipse Adoptium\jdk-17.0.4.101-hotspot\bin\freetype.dll
0x00007ffb0b4a0000 - 0x00007ffb0b548000 	C:\Users\aadiu\AppData\Local\Programs\Eclipse Adoptium\jdk-17.0.4.101-hotspot\bin\fontmanager.dll
0x00007ffb28f30000 - 0x00007ffb29029000 	C:\Windows\SYSTEM32\textinputframework.dll
0x00007ffb30e70000 - 0x00007ffb311ce000 	C:\Windows\System32\CoreUIComponents.dll
0x00007ffb309d0000 - 0x00007ffb30ac2000 	C:\Windows\System32\CoreMessaging.dll
0x00007ffb33190000 - 0x00007ffb331c3000 	C:\Windows\SYSTEM32\ntmarta.dll
0x00007ffb30200000 - 0x00007ffb30354000 	C:\Windows\SYSTEM32\wintypes.dll

dbghelp: loaded successfully - version: 4.0.5 - missing functions: none
symbol engine: initialized successfully - sym options: 0x614 - pdb path: .;C:\Users\aadiu\AppData\Local\Programs\Eclipse Adoptium\jdk-17.0.4.101-hotspot\bin;C:\Windows\SYSTEM32;C:\Windows\WinSxS\amd64_microsoft.windows.common-controls_6595b64144ccf1df_6.0.19041.1110_none_60b5254171f9507e;C:\Users\aadiu\AppData\Local\Programs\Eclipse Adoptium\jdk-17.0.4.101-hotspot\bin\server;C:\Windows\System32\DriverStore\FileRepository\u0370468.inf_amd64_5e4260b11257b6e9\B370372

VM Arguments:
jvm_args: -XX:+ShowCodeDetailsInExceptionMessages 
java_command: summit.Main
java_class_path (initial): C:\Users\aadiu\AppData\Roaming\Code\User\workspaceStorage\1c2e286de9ea8afffefde57d2c4cc9eb\redhat.java\jdt_ws\Summit_aca78153\bin
Launcher Type: SUN_STANDARD

[Global flags]
     intx CICompilerCount                          = 12                                        {product} {ergonomic}
     uint ConcGCThreads                            = 3                                         {product} {ergonomic}
     uint G1ConcRefinementThreads                  = 13                                        {product} {ergonomic}
   size_t G1HeapRegionSize                         = 2097152                                   {product} {ergonomic}
    uintx GCDrainStackTargetSize                   = 64                                        {product} {ergonomic}
   size_t InitialHeapSize                          = 260046848                                 {product} {ergonomic}
   size_t MarkStackSize                            = 4194304                                   {product} {ergonomic}
   size_t MaxHeapSize                              = 4137680896                                {product} {ergonomic}
   size_t MaxNewSize                               = 2480930816                                {product} {ergonomic}
   size_t MinHeapDeltaBytes                        = 2097152                                   {product} {ergonomic}
   size_t MinHeapSize                              = 8388608                                   {product} {ergonomic}
    uintx NonNMethodCodeHeapSize                   = 7602480                                {pd product} {ergonomic}
    uintx NonProfiledCodeHeapSize                  = 122027880                              {pd product} {ergonomic}
    uintx ProfiledCodeHeapSize                     = 122027880                              {pd product} {ergonomic}
    uintx ReservedCodeCacheSize                    = 251658240                              {pd product} {ergonomic}
     bool SegmentedCodeCache                       = true                                      {product} {ergonomic}
     bool ShowCodeDetailsInExceptionMessages       = true                                   {manageable} {command line}
   size_t SoftMaxHeapSize                          = 4137680896                             {manageable} {ergonomic}
     bool UseCompressedClassPointers               = true                           {product lp64_product} {ergonomic}
     bool UseCompressedOops                        = true                           {product lp64_product} {ergonomic}
     bool UseG1GC                                  = true                                      {product} {ergonomic}
     bool UseLargePagesIndividualAllocation        = false                                  {pd product} {ergonomic}

Logging:
Log output configuration:
 #0: stdout all=warning uptime,level,tags
 #1: stderr all=off uptime,level,tags

Environment Variables:
JAVA_HOME=C:\Users\aadiu\AppData\Local\Programs\Eclipse Adoptium\jdk-17.0.4.101-hotspot\
PATH=C:\Program Files (x86)\Razer Chroma SDK\bin;C:\Program Files\Razer Chroma SDK\bin;C:\Program Files (x86)\Razer\ChromaBroadcast\bin;C:\Program Files\Razer\ChromaBroadcast\bin;C:\Program Files (x86)\Common Files\Oracle\Java\javapath;C:\Program Files\Python38\Scripts\;C:\Program Files\Python38\;C:\Windows\system32;C:\Windows;C:\Windows\System32\Wbem;C:\Windows\System32\WindowsPowerShell\v1.0\;C:\Windows\System32\OpenSSH\;C:\Program Files (x86)\NVIDIA Corporation\PhysX\Common;C:\Program Files\NVIDIA Corporation\NVIDIA NvDLISR;C:\Users\aadiu\AppData\Local\Microsoft\WindowsApps;C:\Users\aadiu\AppData\Local\Programs\Microsoft VS Code\bin;C:\Windows\system32\config\systemprofile\AppData\Local\Microsoft\WindowsApps;C:\Program Files\dotnet\;C:\Program Files\Git\cmd;C:\MinGW\bin\;C:\Program Files (x86)\Windows Kits\10\Windows Performance Toolkit\;C:\Users\aadiu\AppData\Local\Programs\Eclipse Adoptium\jdk-17.0.4.101-hotspot\bin;C:\Users\aadiu\AppData\Local\Microsoft\WindowsApps;C:\Users\aadiu\AppData\Local\Programs\Microsoft VS Code\bin;C:\Users\aadiu\AppData\Local\GitHubDesktop\bin
USERNAME=aadiu
LANG=en_US.UTF-8
OS=Windows_NT
PROCESSOR_IDENTIFIER=AMD64 Family 25 Model 80 Stepping 0, AuthenticAMD
TMP=C:\Users\aadiu\AppData\Local\Temp
TEMP=C:\Users\aadiu\AppData\Local\Temp



---------------  S Y S T E M  ---------------

OS:
 Windows 10 , 64 bit Build 19041 (10.0.19041.2251)
OS uptime: 2 days 7:48 hours

CPU: total 16 (initial active 16) (16 cores per cpu, 2 threads per core) family 25 model 80 stepping 0 microcode 0x0, cx8, cmov, fxsr, ht, mmx, 3dnowpref, sse, sse2, sse3, ssse3, sse4a, sse4.1, sse4.2, popcnt, lzcnt, tsc, tscinvbit, avx, avx2, aes, erms, clmul, bmi1, bmi2, adx, sha, fma, vzeroupper, clflush, clflushopt

Memory: 4k page, system-wide physical 15776M (8162M free)
TotalPageFile size 20128M (AvailPageFile size 9174M)
current process WorkingSet (physical memory assigned to process): 120M, peak: 121M
current process commit charge ("private bytes"): 430M, peak: 431M

vm_info: OpenJDK 64-Bit Server VM (17.0.4.1+1) for windows-amd64 JRE (17.0.4.1+1), built on Aug 17 2022 07:42:43 by "temurin" with MS VC++ 16.7 (VS2019)

END.
